Scenario - 1-back
Logfile written - 12/19/2014 15:54:23

Subject	Trial	Event Type	Code	Time	TTime	Uncertainty	Duration	Uncertainty	ReqTime	ReqDur	Stim Type	Pair Index

020819881026	1	Pulse	5	103574	113408	2
020819881026	2	Pulse	5	123563	19834	2
020819881026	3	Picture	10	128763	0	1	4144	2	0	4000	other	0
020819881026	3	Pulse	5	143563	14800	2
020819881026	4	Picture	10	146833	0	2	4145	3	0	4000	other	0
020819881026	4	Pulse	5	163562	16729	2
020819881026	5	Picture	11	164904	0	1	4145	2	0	4000	hit	8
020819881026	5	Response	1	167872	2968	2
020819881026	6	Picture	10	182975	0	1	4144	3	0	4000	other	0
020819881026	6	Pulse	5	183552	577	2
020819881026	7	Picture	11	201046	0	1	4144	2	0	4000	hit	13
020819881026	7	Pulse	5	203551	2505	2
020819881026	7	Response	1	204831	3785	2
020819881026	8	Picture	10	219116	0	2	4145	4	0	4000	other	0
020819881026	8	Pulse	5	223551	4435	2
020819881026	9	Picture	10	237187	0	1	4144	4	0	4000	other	0
020819881026	9	Pulse	5	243541	6354	1
020819881026	10	Picture	10	255258	0	1	4144	3	0	4000	other	0
020819881026	10	Pulse	5	263540	8282	2
020819881026	11	Picture	11	273329	0	1	4144	3	0	4000	hit	21
020819881026	11	Response	1	277620	4291	2
020819881026	11	Pulse	5	283540	10211	1
020819881026	12	Picture	10	291399	0	1	4145	2	0	4000	other	0
020819881026	12	Pulse	5	303529	12130	2
020819881026	13	Picture	10	309470	0	1	4145	2	0	4000	other	0
020819881026	13	Pulse	5	323529	14059	2
020819881026	14	Picture	11	327541	0	1	4144	3	0	4000	hit	28
020819881026	14	Response	1	331849	4308	2
020819881026	14	Pulse	5	343518	15977	2
020819881026	15	Picture	10	345611	0	2	4145	3	0	4000	other	0
020819881026	15	Pulse	5	363518	17907	2
020819881026	16	Picture	10	363682	0	1	4145	2	0	4000	other	0
020819881026	17	Picture	10	381753	0	1	4145	2	0	4000	other	0
020819881026	17	Pulse	5	383517	1764	2
020819881026	18	Picture	10	399824	0	1	4144	3	0	4000	other	0
020819881026	18	Pulse	5	403518	3694	1
020819881026	19	Pulse	5	423507	5613	1
020819881026	20	Picture	30	442928	0	2	4145	3	0	4000	other	0
020819881026	20	Pulse	5	443506	578	2
020819881026	21	Picture	30	460999	0	1	4142	9	0	4000	other	0
020819881026	21	Pulse	5	463245	2246	315
020819881026	22	Picture	31	479070	0	1	4144	3	0	4000	hit	44
020819881026	22	Pulse	5	483495	4425	2
020819881026	22	Response	1	484455	5385	2
020819881026	23	Picture	30	497141	0	1	4144	2	0	4000	other	0
020819881026	23	Pulse	5	503495	6354	2
020819881026	24	Picture	30	515211	0	1	4145	2	0	4000	other	0
020819881026	24	Pulse	5	523494	8283	2
020819881026	25	Picture	30	533282	0	1	4145	2	0	4000	other	0
020819881026	25	Pulse	5	543484	10202	2
020819881026	26	Picture	31	551353	0	1	4144	3	0	4000	hit	52
020819881026	26	Response	1	554524	3171	2
020819881026	26	Pulse	5	563483	12130	3
020819881026	27	Picture	31	569423	0	2	4145	3	0	4000	hit	55
020819881026	27	Response	1	574523	5100	3
020819881026	27	Pulse	5	583634	14211	1
020819881026	28	Picture	30	587494	0	1	4145	2	0	4000	false_alarm	58
020819881026	28	Response	1	596114	8620	1
020819881026	28	Pulse	5	603633	16139	1
020819881026	29	Picture	30	605565	0	1	4145	2	0	4000	other	0
020819881026	29	Pulse	5	623632	18067	2
020819881026	30	Picture	30	623636	0	1	4144	3	0	4000	other	0
020819881026	31	Picture	31	641706	0	2	4145	3	0	4000	hit	65
020819881026	31	Pulse	5	643622	1916	2
020819881026	31	Response	1	645382	3676	2
020819881026	32	Picture	30	659777	0	1	4145	2	0	4000	other	0
020819881026	32	Pulse	5	663621	3844	2
020819881026	33	Picture	30	677848	0	1	4145	2	0	4000	other	0
020819881026	33	Pulse	5	683621	5773	2
020819881026	34	Picture	30	695919	0	1	4144	3	0	4000	false_alarm	71
020819881026	34	Response	1	702021	6102	1
020819881026	34	Pulse	5	703610	7691	2
020819881026	35	Picture	30	713989	0	2	4145	3	0	4000	other	0
020819881026	35	Pulse	5	723610	9621	2
020819881026	36	Pulse	5	743610	11550	1
020819881026	37	Picture	10	757094	0	1	4145	2	0	4000	other	0
020819881026	37	Pulse	5	763599	6505	2
020819881026	38	Picture	10	775165	0	1	4144	3	0	4000	other	0
020819881026	38	Pulse	5	783599	8434	2
020819881026	39	Picture	11	793235	0	2	4145	3	0	4000	hit	81
020819881026	39	Response	1	797198	3963	2
020819881026	39	Pulse	5	803598	10363	2
020819881026	40	Picture	10	811306	0	1	4145	2	0	4000	other	0
020819881026	40	Pulse	5	823598	12292	2
020819881026	41	Picture	11	829377	0	1	4145	2	0	4000	hit	86
020819881026	41	Response	1	833988	4611	1
020819881026	41	Pulse	5	843588	14211	1
020819881026	42	Picture	10	847448	0	1	4144	2	0	4000	other	0
020819881026	42	Pulse	5	863587	16139	2
020819881026	43	Picture	10	865518	0	2	4145	3	0	4000	other	0
020819881026	43	Pulse	5	883577	18059	1
020819881026	44	Picture	10	883589	0	1	4145	2	0	4000	false_alarm	93
020819881026	44	Response	1	887256	3667	2
020819881026	45	Picture	11	901660	0	1	4145	2	0	4000	hit	96
020819881026	45	Pulse	5	903576	1916	2
020819881026	45	Response	1	905976	4316	2
020819881026	46	Picture	10	919731	0	1	4144	3	0	4000	other	0
020819881026	46	Pulse	5	923576	3845	1
020819881026	47	Picture	10	937801	0	2	4145	3	0	4000	other	0
020819881026	47	Pulse	5	943566	5765	1
020819881026	48	Picture	11	955872	0	1	4145	2	0	4000	hit	102
020819881026	48	Response	1	960845	4973	2
020819881026	48	Pulse	5	963565	7693	2
020819881026	49	Picture	10	973943	0	1	4145	2	0	4000	other	0
020819881026	49	Pulse	5	983564	9621	2
020819881026	50	Picture	10	992014	0	1	4144	3	0	4000	other	0
020819881026	50	Pulse	5	1003554	11540	3
020819881026	51	Picture	10	1010084	0	2	4145	3	0	4000	other	0
020819881026	51	Pulse	5	1023553	13469	3
020819881026	52	Picture	10	1028155	0	1	4145	2	0	4000	other	0
020819881026	52	Pulse	5	1043553	15398	2
020819881026	53	Pulse	5	1063543	17317	2
020819881026	54	Picture	20	1071260	0	1	4144	3	0	4000	other	0
020819881026	54	Pulse	5	1083542	12282	3
020819881026	55	Picture	20	1089330	0	2	4145	3	0	4000	other	0
020819881026	55	Pulse	5	1103542	14212	2
020819881026	56	Picture	21	1107401	0	1	4145	2	0	4000	hit	118
020819881026	56	Response	1	1114101	6700	2
020819881026	56	Pulse	5	1123531	16130	2
020819881026	57	Picture	20	1125472	0	1	4145	2	0	4000	other	0
020819881026	57	Pulse	5	1143531	18059	2
020819881026	58	Picture	20	1143543	0	1	4144	3	0	4000	other	0
020819881026	59	Picture	20	1161613	0	2	4145	3	0	4000	other	0
020819881026	59	Pulse	5	1163530	1917	3
020819881026	60	Picture	21	1179684	0	1	4145	2	0	4000	hit	126
020819881026	60	Response	1	1183201	3517	1
020819881026	60	Pulse	5	1183520	3836	2
020819881026	61	Picture	20	1197755	0	1	4145	2	0	4000	other	0
020819881026	61	Pulse	5	1203520	5765	1
020819881026	62	Picture	20	1215826	0	1	4144	3	0	4000	other	0
020819881026	62	Pulse	5	1223519	7693	2
020819881026	63	Picture	20	1233896	0	2	4145	3	0	4000	other	0
020819881026	63	Pulse	5	1243519	9623	1
020819881026	64	Picture	20	1251967	0	1	4145	2	0	4000	other	0
020819881026	64	Pulse	5	1263508	11541	2
020819881026	65	Picture	20	1270038	0	1	4145	2	0	4000	other	0
020819881026	65	Pulse	5	1283508	13470	2
020819881026	66	Picture	21	1288109	0	1	4144	2	0	4000	hit	139
020819881026	66	Response	1	1293748	5639	1
020819881026	66	Pulse	5	1303507	15398	2
020819881026	67	Picture	20	1306179	0	2	4145	3	0	4000	other	0
020819881026	67	Pulse	5	1323497	17318	2
020819881026	68	Picture	20	1324250	0	1	4145	2	0	4000	other	0
020819881026	69	Picture	21	1342321	0	1	4144	3	0	4000	hit	146
020819881026	69	Pulse	5	1343496	1175	2
020819881026	69	Response	1	1345736	3415	2
020819881026	70	Pulse	5	1363486	3094	2
020819881026	70	Pulse	5	1383486	23094	1
020819881026	71	Picture	10	1385425	0	2	4145	3	0	4000	other	0
020819881026	71	Pulse	5	1403485	18060	2
020819881026	72	Picture	10	1403496	0	1	4145	2	0	4000	other	0
020819881026	73	Picture	11	1421567	0	1	4144	3	0	4000	hit	154
020819881026	73	Pulse	5	1423475	1908	1
020819881026	73	Response	1	1424595	3028	1
020819881026	74	Picture	10	1439638	0	1	4144	2	0	4000	other	0
020819881026	74	Pulse	5	1443474	3836	2
020819881026	75	Picture	11	1457708	0	2	4145	3	0	4000	hit	158
020819881026	75	Response	1	1461554	3846	2
020819881026	75	Pulse	5	1463475	5767	1
020819881026	76	Picture	10	1475779	0	1	4145	2	0	4000	other	0
020819881026	76	Pulse	5	1483463	7684	3
020819881026	77	Picture	10	1493850	0	1	4145	2	0	4000	other	0
020819881026	77	Pulse	5	1503463	9613	2
020819881026	78	Picture	11	1511921	0	1	4144	2	0	4000	hit	165
020819881026	78	Response	1	1515143	3222	2
020819881026	78	Pulse	5	1523462	11541	3
020819881026	79	Picture	10	1529991	0	2	4145	3	0	4000	other	0
020819881026	79	Pulse	5	1543452	13461	2
020819881026	80	Picture	10	1548062	0	1	4145	2	0	4000	other	0
020819881026	80	Pulse	5	1563452	15390	1
020819881026	81	Picture	10	1566133	0	1	4145	2	0	4000	other	0
020819881026	81	Pulse	5	1583451	17318	2
020819881026	82	Picture	10	1584204	0	1	4144	2	0	4000	other	0
020819881026	83	Picture	10	1602274	0	2	4145	3	0	4000	other	0
020819881026	83	Pulse	5	1603441	1167	2
020819881026	84	Picture	11	1620345	0	1	4145	2	0	4000	hit	178
020819881026	84	Pulse	5	1623600	3255	2
020819881026	84	Response	1	1623920	3575	2
020819881026	85	Picture	10	1638416	0	1	4144	3	0	4000	other	0
020819881026	85	Pulse	5	1643600	5184	2
020819881026	86	Picture	10	1656487	0	1	4144	2	0	4000	other	0
020819881026	86	Pulse	5	1663589	7102	2
020819881026	87	Pulse	5	1683590	9033	1
020819881026	88	Picture	30	1699591	0	1	4145	2	0	4000	other	0
020819881026	88	Pulse	5	1703588	3997	2
020819881026	89	Picture	30	1717662	0	1	4145	2	0	4000	other	0
020819881026	89	Pulse	5	1723578	5916	2
020819881026	90	Picture	30	1735733	0	1	4144	3	0	4000	other	0
020819881026	90	Pulse	5	1743578	7845	1
020819881026	91	Picture	31	1753803	0	2	4145	3	0	4000	hit	191
020819881026	91	Response	1	1759577	5774	2
020819881026	91	Pulse	5	1763577	9774	2
020819881026	92	Picture	31	1771874	0	1	4145	2	0	4000	hit	194
020819881026	92	Response	1	1777497	5623	2
020819881026	92	Pulse	5	1783567	11693	2
020819881026	93	Picture	30	1789945	0	1	4145	2	0	4000	other	0
020819881026	93	Pulse	5	1803566	13621	2
020819881026	94	Picture	30	1808016	0	1	4144	3	0	4000	other	0
020819881026	94	Pulse	5	1823566	15550	2
020819881026	95	Picture	30	1826086	0	2	4145	3	0	4000	other	0
020819881026	95	Pulse	5	1843555	17469	2
020819881026	96	Picture	31	1844157	0	1	4145	2	0	4000	hit	203
020819881026	96	Response	1	1847715	3558	2
020819881026	97	Picture	30	1862228	0	1	4145	2	0	4000	other	0
020819881026	97	Pulse	5	1863555	1327	2
020819881026	98	Picture	30	1880299	0	1	4144	2	0	4000	other	0
020819881026	98	Pulse	5	1883555	3256	1
020819881026	99	Picture	30	1898369	0	2	4145	3	0	4000	other	0
020819881026	99	Pulse	5	1903545	5176	1
020819881026	100	Picture	30	1916440	0	1	4145	2	0	4000	other	0
020819881026	100	Pulse	5	1923544	7104	2
020819881026	101	Picture	31	1934511	0	1	4145	2	0	4000	hit	213
020819881026	101	Response	1	1939223	4712	2
020819881026	101	Pulse	5	1943543	9032	2
020819881026	102	Picture	30	1952582	0	1	4144	3	0	4000	other	0
020819881026	102	Pulse	5	1963533	10951	2
020819881026	103	Picture	30	1970652	0	2	4145	3	0	4000	false_alarm	218
020819881026	103	Response	1	1977452	6800	3
020819881026	103	Pulse	5	1983532	12880	3
020819881026	104	Pulse	5	2003532	14809	2
020819881026	105	Picture	10	2013757	0	1	4145	2	0	4000	other	0
020819881026	105	Pulse	5	2023521	9764	2
020819881026	106	Picture	10	2031828	0	1	4144	3	0	4000	other	0
020819881026	106	Pulse	5	2043521	11693	2
020819881026	107	Picture	11	2049898	0	2	4145	3	0	4000	hit	226
020819881026	107	Response	1	2054561	4663	2
020819881026	107	Pulse	5	2063521	13623	1
020819881026	108	Picture	10	2067969	0	1	4145	2	0	4000	other	0
020819881026	108	Pulse	5	2083510	15541	2
020819881026	109	Picture	11	2086040	0	1	4145	2	0	4000	hit	231
020819881026	109	Response	1	2090870	4830	2
020819881026	109	Pulse	5	2103510	17470	2
020819881026	110	Picture	10	2104111	0	1	4144	3	0	4000	other	0
020819881026	111	Picture	10	2122181	0	2	4145	3	0	4000	other	0
020819881026	111	Pulse	5	2123509	1328	3
020819881026	112	Picture	11	2140252	0	1	4145	2	0	4000	hit	238
020819881026	112	Pulse	5	2143499	3247	2
020819881026	112	Response	1	2143659	3407	2
020819881026	113	Picture	10	2158323	0	1	4145	2	0	4000	other	0
020819881026	113	Pulse	5	2163498	5175	3
020819881026	114	Picture	10	2176394	0	1	4144	3	0	4000	other	0
020819881026	114	Pulse	5	2183498	7104	2
020819881026	115	Picture	10	2194464	0	2	4145	3	0	4000	other	0
020819881026	115	Pulse	5	2203488	9024	1
020819881026	116	Picture	10	2212535	0	1	4145	2	0	4000	other	0
020819881026	116	Pulse	5	2223487	10952	2
020819881026	117	Picture	10	2230606	0	1	4145	2	0	4000	other	0
020819881026	117	Pulse	5	2243487	12881	2
020819881026	118	Picture	11	2248677	0	1	4144	3	0	4000	hit	250
020819881026	118	Response	1	2253086	4409	2
020819881026	118	Pulse	5	2263476	14799	2
020819881026	119	Picture	10	2266747	0	2	4145	3	0	4000	other	0
020819881026	119	Pulse	5	2283476	16729	2
020819881026	120	Picture	10	2284818	0	1	4145	2	0	4000	other	0
020819881026	121	Pulse	5	2303475	586	2
020819881026	121	Pulse	5	2323465	20576	2
020819881026	122	Picture	20	2327923	0	1	4144	2	0	4000	other	0
020819881026	122	Pulse	5	2343464	15541	2
020819881026	123	Picture	20	2345993	0	2	4145	3	0	4000	other	0
020819881026	123	Pulse	5	2363464	17471	2
020819881026	124	Picture	20	2364064	0	1	4145	2	0	4000	other	0
020819881026	125	Picture	21	2382135	0	1	4145	2	0	4000	hit	264
020819881026	125	Pulse	5	2383454	1319	1
020819881026	125	Response	1	2385854	3719	1
020819881026	126	Picture	20	2400206	0	1	4144	3	0	4000	other	0
020819881026	126	Pulse	5	2403453	3247	2
020819881026	127	Picture	20	2418276	0	2	4145	3	0	4000	other	0
020819881026	127	Pulse	5	2423453	5177	2
020819881026	128	Picture	21	2436347	0	1	4145	2	0	4000	hit	270
020819881026	128	Response	1	2440252	3905	2
020819881026	128	Pulse	5	2443442	7095	3
020819881026	129	Picture	20	2454418	0	1	4144	3	0	4000	other	0
020819881026	129	Pulse	5	2463442	9024	2
020819881026	130	Picture	20	2472489	0	1	4144	3	0	4000	other	0
020819881026	130	Pulse	5	2483441	10952	3
020819881026	131	Picture	20	2490559	0	2	4145	3	0	4000	other	0
020819881026	131	Pulse	5	2503431	12872	2
020819881026	132	Picture	21	2508630	0	1	4145	2	0	4000	hit	279
020819881026	132	Response	1	2512071	3441	2
020819881026	132	Pulse	5	2523431	14801	1
020819881026	133	Picture	20	2526701	0	1	4145	2	0	4000	other	0
020819881026	133	Pulse	5	2543430	16729	2
020819881026	134	Picture	20	2544772	0	1	4144	3	0	4000	other	0
020819881026	135	Picture	21	2562842	0	2	4145	3	0	4000	hit	286
020819881026	135	Pulse	5	2563420	578	2
020819881026	135	Response	1	2569020	6178	2
020819881026	136	Picture	20	2580913	0	1	4145	2	0	4000	other	0
020819881026	136	Pulse	5	2583419	2506	2
020819881026	137	Picture	20	2598984	0	1	4145	2	0	4000	other	0
020819881026	137	Pulse	5	2603419	4435	2
