Scenario - 1-back
Logfile written - 12/19/2014 16:04:28

Subject	Trial	Event Type	Code	Time	TTime	Uncertainty	Duration	Uncertainty	ReqTime	ReqDur	Stim Type	Pair Index

020819881026	1	Pulse	5	370340	380174	2
020819881026	2	Pulse	5	390329	19849	2
020819881026	3	Picture	10	395513	0	2	4145	3	0	4000	other	0
020819881026	3	Pulse	5	410329	14816	2
020819881026	4	Picture	10	413584	0	1	4145	2	0	4000	other	0
020819881026	4	Pulse	5	430329	16745	1
020819881026	5	Picture	11	431655	0	1	4145	2	0	4000	hit	8
020819881026	5	Response	1	434648	2993	2
020819881026	6	Picture	10	449726	0	1	4144	3	0	4000	other	0
020819881026	6	Pulse	5	450318	592	2
020819881026	7	Picture	11	467796	0	2	4145	3	0	4000	hit	13
020819881026	7	Pulse	5	470478	2682	2
020819881026	7	Response	1	470798	3002	2
020819881026	8	Picture	10	485867	0	1	4145	2	0	4000	other	0
020819881026	8	Pulse	5	490477	4610	2
020819881026	9	Picture	10	503938	0	1	4145	2	0	4000	other	0
020819881026	9	Pulse	5	510467	6529	2
020819881026	10	Picture	10	522009	0	1	4144	3	0	4000	other	0
020819881026	10	Pulse	5	530466	8457	3
020819881026	11	Picture	11	540079	0	2	4145	3	0	4000	hit	21
020819881026	11	Response	1	543106	3027	2
020819881026	11	Pulse	5	550466	10387	2
020819881026	12	Picture	10	558150	0	1	4145	2	0	4000	other	0
020819881026	12	Pulse	5	570456	12306	1
020819881026	13	Picture	10	576221	0	1	4145	2	0	4000	other	0
020819881026	13	Pulse	5	590455	14234	2
020819881026	14	Picture	11	594292	0	1	4144	3	0	4000	hit	28
020819881026	14	Response	1	597815	3523	2
020819881026	14	Pulse	5	610455	16163	1
020819881026	15	Picture	10	612362	0	2	4145	3	0	4000	other	0
020819881026	16	Picture	10	630433	0	1	4145	2	0	4000	other	0
020819881026	16	Pulse	5	630444	11	2
020819881026	17	Picture	10	648504	0	1	4145	2	0	4000	other	0
020819881026	17	Pulse	5	650444	1940	2
020819881026	18	Picture	10	666575	0	1	4144	2	0	4000	other	0
020819881026	18	Pulse	5	670443	3868	2
020819881026	19	Pulse	5	690433	5788	2
020819881026	20	Picture	30	709679	0	1	4145	2	0	4000	other	0
020819881026	20	Pulse	5	710432	753	2
020819881026	21	Picture	30	727750	0	1	4145	2	0	4000	other	0
020819881026	21	Pulse	5	730432	2682	2
020819881026	22	Picture	31	745821	0	1	4144	3	0	4000	hit	43
020819881026	22	Response	1	750102	4281	1
020819881026	22	Pulse	5	750422	4601	1
020819881026	23	Picture	30	763891	0	2	4145	3	0	4000	other	0
020819881026	23	Pulse	5	770421	6530	2
020819881026	24	Picture	30	781962	0	1	4145	2	0	4000	other	0
020819881026	24	Pulse	5	790421	8459	2
020819881026	25	Picture	30	800033	0	1	4145	2	0	4000	other	0
020819881026	25	Pulse	5	810411	10378	1
020819881026	26	Picture	31	818104	0	1	4144	2	0	4000	hit	52
020819881026	26	Response	1	822410	4306	2
020819881026	26	Pulse	5	830410	12306	2
020819881026	27	Picture	31	836174	0	2	4145	3	0	4000	hit	55
020819881026	27	Response	1	839690	3516	1
020819881026	27	Pulse	5	850399	14225	3
020819881026	28	Picture	30	854245	0	1	4145	2	0	4000	other	0
020819881026	28	Pulse	5	870399	16154	2
020819881026	29	Picture	30	872316	0	1	4145	2	0	4000	other	0
020819881026	30	Picture	30	890387	0	1	4144	2	0	4000	other	0
020819881026	30	Pulse	5	890398	11	3
020819881026	31	Picture	31	908457	0	2	4145	3	0	4000	hit	64
020819881026	31	Pulse	5	910398	1941	2
020819881026	31	Response	1	912318	3861	2
020819881026	32	Picture	30	926528	0	1	4145	2	0	4000	other	0
020819881026	32	Pulse	5	930388	3860	1
020819881026	33	Picture	30	944599	0	1	4145	2	0	4000	other	0
020819881026	33	Pulse	5	950387	5788	2
020819881026	34	Picture	30	962670	0	1	4144	3	0	4000	other	0
020819881026	34	Pulse	5	970387	7717	2
020819881026	35	Picture	30	980740	0	2	4145	3	0	4000	other	0
020819881026	35	Pulse	5	990376	9636	3
020819881026	36	Pulse	5	1010376	11565	2
020819881026	37	Picture	10	1023845	0	1	4145	2	0	4000	other	0
020819881026	37	Pulse	5	1030375	6530	3
020819881026	38	Picture	10	1041915	0	2	4145	4	0	4000	other	0
020819881026	38	Pulse	5	1050365	8450	2
020819881026	39	Picture	11	1059986	0	2	4145	3	0	4000	hit	79
020819881026	39	Response	1	1062845	2859	2
020819881026	39	Pulse	5	1070365	10379	1
020819881026	40	Picture	10	1078057	0	1	4145	2	0	4000	other	0
020819881026	40	Pulse	5	1090364	12307	2
020819881026	41	Picture	11	1096128	0	1	4145	2	0	4000	hit	84
020819881026	41	Response	1	1099154	3026	2
020819881026	41	Pulse	5	1110354	14226	1
020819881026	42	Picture	10	1114199	0	1	4144	3	0	4000	other	0
020819881026	42	Pulse	5	1130353	16154	2
020819881026	43	Picture	10	1132269	0	2	4145	3	0	4000	other	0
020819881026	44	Picture	10	1150340	0	1	4145	2	0	4000	other	0
020819881026	44	Pulse	5	1150353	13	2
020819881026	45	Picture	11	1168411	0	1	4145	2	0	4000	hit	93
020819881026	45	Pulse	5	1170342	1931	2
020819881026	45	Response	1	1172902	4491	2
020819881026	46	Picture	10	1186482	0	1	4144	3	0	4000	other	0
020819881026	46	Pulse	5	1190343	3861	1
020819881026	47	Picture	10	1204552	0	2	4145	3	0	4000	other	0
020819881026	47	Pulse	5	1210342	5790	1
020819881026	48	Picture	11	1222623	0	1	4145	2	0	4000	hit	99
020819881026	48	Response	1	1227451	4828	2
020819881026	48	Pulse	5	1230331	7708	2
020819881026	49	Picture	10	1240694	0	1	4145	2	0	4000	other	0
020819881026	49	Pulse	5	1250331	9637	1
020819881026	50	Picture	10	1258765	0	1	4144	2	0	4000	other	0
020819881026	50	Pulse	5	1270330	11565	2
020819881026	51	Picture	10	1276835	0	2	4145	3	0	4000	other	0
020819881026	51	Pulse	5	1290320	13485	2
020819881026	52	Picture	10	1294906	0	1	4145	2	0	4000	other	0
020819881026	52	Pulse	5	1310319	15413	2
020819881026	53	Pulse	5	1330319	17342	2
020819881026	54	Picture	20	1338011	0	1	4144	3	0	4000	other	0
020819881026	54	Pulse	5	1350308	12297	2
020819881026	55	Picture	20	1356081	0	2	4145	3	0	4000	other	0
020819881026	55	Pulse	5	1370308	14227	2
020819881026	56	Picture	21	1374152	0	1	4145	2	0	4000	hit	115
020819881026	56	Response	1	1378308	4156	2
020819881026	56	Pulse	5	1390308	16156	1
020819881026	57	Picture	20	1392223	0	1	4144	3	0	4000	other	0
020819881026	58	Picture	20	1410294	0	1	4144	3	0	4000	other	0
020819881026	58	Pulse	5	1410297	3	2
020819881026	59	Picture	20	1428364	0	2	4145	3	0	4000	other	0
020819881026	59	Pulse	5	1430297	1933	2
020819881026	60	Picture	21	1446435	0	1	4145	2	0	4000	hit	123
020819881026	60	Response	1	1449176	2741	2
020819881026	60	Pulse	5	1450293	3858	9
020819881026	61	Picture	20	1464506	0	1	4145	2	0	4000	other	0
020819881026	61	Pulse	5	1470286	5780	2
020819881026	62	Picture	20	1482577	0	1	4144	3	0	4000	other	0
020819881026	62	Pulse	5	1490285	7708	3
020819881026	63	Picture	20	1500647	0	2	4145	3	0	4000	other	0
020819881026	63	Pulse	5	1510442	9795	10
020819881026	64	Picture	20	1518718	0	1	4145	2	0	4000	other	0
020819881026	64	Pulse	5	1530434	11716	3
020819881026	65	Picture	20	1536789	0	1	4145	2	0	4000	other	0
020819881026	65	Pulse	5	1550434	13645	2
020819881026	66	Picture	21	1554860	0	1	4144	3	0	4000	hit	136
020819881026	66	Response	1	1559714	4854	2
020819881026	66	Pulse	5	1570434	15574	1
020819881026	67	Picture	20	1572930	0	2	4145	3	0	4000	other	0
020819881026	67	Pulse	5	1590423	17493	2
020819881026	68	Picture	20	1591001	0	1	4145	2	0	4000	other	0
020819881026	69	Picture	21	1609072	0	1	4145	2	0	4000	hit	143
020819881026	69	Pulse	5	1610423	1351	2
020819881026	69	Response	1	1612503	3431	2
020819881026	70	Pulse	5	1630422	3279	2
020819881026	70	Pulse	5	1650412	23269	2
020819881026	71	Picture	10	1652177	0	1	4144	2	0	4000	other	0
020819881026	72	Picture	10	1670247	0	1	4145	2	0	4000	other	0
020819881026	72	Pulse	5	1670411	164	2
020819881026	73	Picture	11	1688318	0	1	4145	2	0	4000	hit	151
020819881026	73	Pulse	5	1690411	2093	2
020819881026	73	Response	1	1691051	2733	2
020819881026	74	Picture	10	1706389	0	1	4144	3	0	4000	other	0
020819881026	74	Pulse	5	1710401	4012	2
020819881026	75	Picture	11	1724459	0	2	4145	3	0	4000	hit	155
020819881026	75	Response	1	1728160	3701	2
020819881026	75	Pulse	5	1730401	5942	1
020819881026	76	Picture	10	1742530	0	2	4145	3	0	4000	other	0
020819881026	76	Pulse	5	1750400	7870	2
020819881026	77	Picture	10	1760601	0	1	4145	2	0	4000	other	0
020819881026	77	Pulse	5	1770389	9788	2
020819881026	78	Picture	11	1778672	0	1	4144	3	0	4000	hit	162
020819881026	78	Response	1	1782389	3717	2
020819881026	78	Pulse	5	1790389	11717	2
020819881026	79	Picture	10	1796742	0	2	4145	3	0	4000	other	0
020819881026	79	Pulse	5	1810388	13646	2
020819881026	80	Picture	10	1814813	0	1	4145	2	0	4000	other	0
020819881026	80	Pulse	5	1830378	15565	2
020819881026	81	Picture	10	1832884	0	1	4145	2	0	4000	other	0
020819881026	81	Pulse	5	1850377	17493	2
020819881026	82	Picture	10	1850955	0	1	4144	3	0	4000	other	0
020819881026	83	Picture	10	1869026	0	1	4144	2	0	4000	other	0
020819881026	83	Pulse	5	1870367	1341	2
020819881026	84	Picture	11	1887096	0	1	4145	2	0	4000	hit	175
020819881026	84	Pulse	5	1890367	3271	1
020819881026	84	Response	1	1891327	4231	2
020819881026	85	Picture	10	1905167	0	1	4145	2	0	4000	other	0
020819881026	85	Pulse	5	1910366	5199	3
020819881026	86	Picture	10	1923238	0	1	4144	3	0	4000	other	0
020819881026	86	Pulse	5	1930356	7118	3
020819881026	87	Pulse	5	1950355	9047	3
020819881026	88	Picture	30	1966342	0	1	4145	2	0	4000	other	0
020819881026	88	Pulse	5	1970355	4013	3
020819881026	89	Picture	30	1984413	0	1	4145	2	0	4000	other	0
020819881026	89	Pulse	5	1990354	5941	3
020819881026	90	Picture	30	2002484	0	1	4144	3	0	4000	other	0
020819881026	90	Pulse	5	2010344	7860	2
020819881026	91	Picture	31	2020554	0	2	4145	3	0	4000	hit	188
020819881026	91	Response	1	2023784	3230	1
020819881026	91	Pulse	5	2030343	9789	2
020819881026	92	Picture	31	2038625	0	1	4145	2	0	4000	hit	191
020819881026	92	Response	1	2042023	3398	2
020819881026	92	Pulse	5	2050343	11718	2
020819881026	93	Picture	30	2056696	0	1	4145	2	0	4000	other	0
020819881026	93	Pulse	5	2070333	13637	1
020819881026	94	Picture	30	2074767	0	1	4144	3	0	4000	other	0
020819881026	94	Pulse	5	2090332	15565	2
020819881026	95	Picture	30	2092838	0	1	4144	2	0	4000	other	0
020819881026	95	Pulse	5	2110332	17494	2
020819881026	96	Picture	31	2110908	0	1	4145	2	0	4000	hit	200
020819881026	96	Response	1	2114162	3254	2
020819881026	97	Picture	30	2128979	0	1	4145	2	0	4000	other	0
020819881026	97	Pulse	5	2130321	1342	2
020819881026	98	Picture	30	2147050	0	1	4144	3	0	4000	other	0
020819881026	98	Pulse	5	2150321	3271	2
020819881026	99	Picture	30	2165120	0	2	4145	3	0	4000	other	0
020819881026	99	Pulse	5	2170320	5200	2
020819881026	100	Picture	30	2183191	0	1	4145	2	0	4000	other	0
020819881026	100	Pulse	5	2190310	7119	2
020819881026	101	Picture	31	2201262	0	1	4145	2	0	4000	hit	210
020819881026	101	Response	1	2204710	3448	2
020819881026	101	Pulse	5	2210310	9048	1
020819881026	102	Picture	30	2219333	0	1	4144	3	0	4000	other	0
020819881026	102	Pulse	5	2230309	10976	2
020819881026	103	Picture	30	2237403	0	2	4145	3	0	4000	other	0
020819881026	103	Pulse	5	2250299	12896	2
020819881026	104	Pulse	5	2270298	14824	2
020819881026	105	Picture	10	2280508	0	2	4145	3	0	4000	other	0
020819881026	105	Pulse	5	2290298	9790	2
020819881026	106	Picture	10	2298579	0	1	4144	3	0	4000	other	0
020819881026	106	Pulse	5	2310287	11708	2
020819881026	107	Picture	11	2316649	0	2	4145	3	0	4000	hit	222
020819881026	107	Response	1	2319727	3078	2
020819881026	107	Pulse	5	2330287	13638	2
020819881026	108	Picture	10	2334720	0	1	4145	2	0	4000	other	0
020819881026	108	Pulse	5	2350287	15567	1
020819881026	109	Picture	11	2352957	0	1	4144	3	0	4000	hit	227
020819881026	109	Response	1	2360516	7559	2
020819881026	109	Pulse	5	2370276	17319	2
020819881026	110	Picture	10	2371028	0	1	4144	2	0	4000	other	0
020819881026	111	Picture	10	2389098	0	1	4145	2	0	4000	other	0
020819881026	111	Pulse	5	2390276	1178	1
020819881026	112	Picture	11	2407169	0	1	4145	2	0	4000	hit	234
020819881026	112	Pulse	5	2410275	3106	2
020819881026	112	Response	1	2411715	4546	2
020819881026	113	Picture	10	2425240	0	1	4144	3	0	4000	other	0
020819881026	113	Pulse	5	2430265	5025	2
020819881026	114	Picture	10	2443311	0	1	4144	2	0	4000	other	0
020819881026	114	Pulse	5	2450264	6953	3
020819881026	115	Picture	10	2461381	0	1	4145	2	0	4000	other	0
020819881026	115	Pulse	5	2470264	8883	2
020819881026	116	Picture	10	2479452	0	1	4145	2	0	4000	other	0
020819881026	116	Pulse	5	2490253	10801	2
020819881026	117	Picture	10	2497523	0	1	4144	3	0	4000	other	0
020819881026	117	Pulse	5	2510253	12730	2
020819881026	118	Picture	11	2515593	0	2	4145	3	0	4000	hit	246
020819881026	118	Response	1	2520173	4580	2
020819881026	118	Pulse	5	2530253	14660	1
020819881026	119	Picture	10	2533664	0	1	4145	2	0	4000	other	0
020819881026	119	Pulse	5	2550402	16738	2
020819881026	120	Picture	10	2551735	0	1	4145	2	0	4000	other	0
020819881026	121	Pulse	5	2570402	596	1
020819881026	121	Pulse	5	2590401	20595	2
020819881026	122	Picture	20	2594840	0	1	4144	2	0	4000	other	0
020819881026	122	Pulse	5	2610391	15551	2
020819881026	123	Picture	20	2612910	0	1	4145	2	0	4000	other	0
020819881026	123	Pulse	5	2630390	17480	2
020819881026	124	Picture	20	2630980	0	3	4146	4	0	4000	other	0
020819881026	125	Picture	21	2649052	0	1	4144	3	0	4000	hit	260
020819881026	125	Pulse	5	2650390	1338	2
020819881026	125	Response	1	2653750	4698	2
020819881026	126	Picture	20	2667123	0	1	4144	2	0	4000	other	0
020819881026	126	Pulse	5	2670379	3256	2
020819881026	127	Picture	20	2685193	0	2	4145	3	0	4000	other	0
020819881026	127	Pulse	5	2690379	5186	2
020819881026	128	Picture	21	2703264	0	1	4145	2	0	4000	hit	266
020819881026	128	Response	1	2706059	2795	2
020819881026	128	Pulse	5	2710379	7115	1
020819881026	129	Picture	20	2721335	0	1	4144	3	0	4000	other	0
020819881026	129	Pulse	5	2730368	9033	2
020819881026	130	Picture	20	2739406	0	1	4144	2	0	4000	false_alarm	271
020819881026	130	Response	1	2744448	5042	2
020819881026	130	Pulse	5	2750368	10962	2
020819881026	131	Picture	20	2757476	0	1	4145	2	0	4000	other	0
020819881026	131	Pulse	5	2770367	12891	2
020819881026	132	Picture	21	2775547	0	1	4145	2	0	4000	hit	276
020819881026	132	Response	1	2779637	4090	2
020819881026	132	Pulse	5	2790357	14810	2
020819881026	133	Picture	20	2793618	0	1	4144	3	0	4000	other	0
020819881026	133	Pulse	5	2810356	16738	2
020819881026	134	Picture	20	2811688	0	2	4145	3	0	4000	other	0
020819881026	135	Picture	21	2829759	0	2	4143	7	0	4000	hit	283
020819881026	135	Pulse	5	2830356	597	2
020819881026	135	Response	1	2835146	5387	2
020819881026	136	Picture	20	2847830	0	1	4145	2	0	4000	other	0
020819881026	136	Pulse	5	2850346	2516	1
020819881026	137	Picture	20	2865901	0	1	4144	3	0	4000	other	0
020819881026	137	Pulse	5	2870345	4444	2
