Scenario - 1-back
Logfile written - 12/19/2014 15:59:08

Subject	Trial	Event Type	Code	Time	TTime	Uncertainty	Duration	Uncertainty	ReqTime	ReqDur	Stim Type	Pair Index

020819881026	1	Pulse	5	93522	103356	2
020819881026	2	Pulse	5	113522	19906	2
020819881026	3	Picture	10	118650	0	1	4144	2	0	4000	other	0
020819881026	3	Pulse	5	133511	14861	2
020819881026	4	Picture	10	136720	0	2	4145	3	0	4000	other	0
020819881026	4	Pulse	5	153511	16791	2
020819881026	5	Picture	11	154791	0	2	4145	3	0	4000	hit	8
020819881026	5	Response	1	157991	3200	2
020819881026	6	Picture	10	172862	0	1	4145	2	0	4000	other	0
020819881026	6	Pulse	5	173510	648	2
020819881026	7	Picture	11	190933	0	1	4144	3	0	4000	hit	13
020819881026	7	Pulse	5	193500	2567	2
020819881026	7	Response	1	194940	4007	2
020819881026	8	Picture	10	209003	0	2	4145	3	0	4000	other	0
020819881026	8	Pulse	5	213500	4497	1
020819881026	9	Picture	10	227074	0	1	4145	2	0	4000	other	0
020819881026	9	Pulse	5	233499	6425	2
020819881026	10	Picture	10	245145	0	1	4145	2	0	4000	other	0
020819881026	10	Pulse	5	253489	8344	2
020819881026	11	Picture	11	263216	0	1	4144	3	0	4000	hit	21
020819881026	11	Response	1	266288	3072	2
020819881026	11	Pulse	5	273488	10272	2
020819881026	12	Picture	10	281286	0	2	4145	3	0	4000	other	0
020819881026	12	Pulse	5	293488	12202	2
020819881026	13	Picture	10	299357	0	1	4145	2	0	4000	other	0
020819881026	13	Pulse	5	313477	14120	2
020819881026	14	Picture	11	317428	0	1	4145	2	0	4000	hit	28
020819881026	14	Response	1	321318	3890	1
020819881026	14	Pulse	5	333477	16049	2
020819881026	15	Picture	10	335499	0	1	4144	3	0	4000	other	0
020819881026	15	Pulse	5	353477	17978	1
020819881026	16	Picture	10	353569	0	2	4145	3	0	4000	other	0
020819881026	17	Picture	10	371640	0	1	4145	2	0	4000	other	0
020819881026	17	Pulse	5	373466	1826	2
020819881026	18	Picture	10	389711	0	2	4145	3	0	4000	other	0
020819881026	18	Pulse	5	393466	3755	1
020819881026	19	Pulse	5	413465	5683	2
020819881026	20	Picture	20	432815	0	2	4145	3	0	4000	other	0
020819881026	20	Pulse	5	433455	640	2
020819881026	21	Picture	20	450886	0	1	4145	2	0	4000	other	0
020819881026	21	Pulse	5	453454	2568	2
020819881026	22	Picture	21	468957	0	1	4145	2	0	4000	hit	43
020819881026	22	Response	1	472014	3057	2
020819881026	22	Pulse	5	473454	4497	2
020819881026	23	Picture	20	487028	0	1	4144	3	0	4000	other	0
020819881026	23	Pulse	5	493443	6415	3
020819881026	24	Picture	20	505098	0	2	4145	3	0	4000	other	0
020819881026	24	Pulse	5	513443	8345	2
020819881026	25	Picture	20	523169	0	1	4145	2	0	4000	other	0
020819881026	25	Pulse	5	533442	10273	3
020819881026	26	Picture	21	541240	0	1	4145	2	0	4000	hit	52
020819881026	26	Response	1	544472	3232	2
020819881026	26	Pulse	5	553432	12192	2
020819881026	27	Picture	20	559311	0	1	4144	3	0	4000	other	0
020819881026	27	Pulse	5	573432	14121	2
020819881026	28	Picture	20	577381	0	2	4145	3	0	4000	other	0
020819881026	28	Pulse	5	593431	16050	2
020819881026	29	Picture	20	595452	0	1	4145	2	0	4000	other	0
020819881026	29	Pulse	5	613421	17969	2
020819881026	30	Picture	20	613523	0	1	4145	2	0	4000	false_alarm	61
020819881026	30	Response	1	616461	2938	2
020819881026	31	Picture	20	631594	0	1	4144	2	0	4000	other	0
020819881026	31	Pulse	5	633420	1826	2
020819881026	32	Picture	21	649664	0	2	4145	3	0	4000	hit	66
020819881026	32	Pulse	5	653420	3756	2
020819881026	32	Response	1	655660	5996	3
020819881026	33	Picture	20	667735	0	1	4145	2	0	4000	other	0
020819881026	33	Pulse	5	673410	5675	1
020819881026	34	Picture	20	685806	0	1	4145	2	0	4000	other	0
020819881026	34	Pulse	5	693409	7603	2
020819881026	35	Picture	21	703877	0	1	4144	2	0	4000	hit	72
020819881026	35	Response	1	709409	5532	2
020819881026	35	Pulse	5	713409	9532	1
020819881026	36	Pulse	5	733398	11451	2
020819881026	37	Picture	10	746981	0	1	4145	2	0	4000	other	0
020819881026	37	Pulse	5	753398	6417	2
020819881026	38	Picture	10	765052	0	1	4145	2	0	4000	other	0
020819881026	38	Pulse	5	773398	8346	1
020819881026	39	Picture	11	783123	0	1	4144	3	0	4000	hit	80
020819881026	39	Response	1	786187	3064	2
020819881026	39	Pulse	5	793387	10264	2
020819881026	40	Picture	10	801193	0	2	4145	3	0	4000	other	0
020819881026	40	Pulse	5	813386	12193	2
020819881026	41	Picture	11	819264	0	1	4145	2	0	4000	hit	85
020819881026	41	Response	1	823307	4043	1
020819881026	41	Pulse	5	833386	14122	2
020819881026	42	Picture	10	837335	0	1	4145	2	0	4000	other	0
020819881026	42	Pulse	5	853376	16041	1
020819881026	43	Picture	10	855406	0	1	4144	3	0	4000	other	0
020819881026	43	Pulse	5	873375	17969	2
020819881026	44	Picture	10	873476	0	2	4145	3	0	4000	other	0
020819881026	45	Picture	11	891547	0	1	4145	2	0	4000	hit	94
020819881026	45	Pulse	5	893375	1828	1
020819881026	45	Response	1	895775	4228	1
020819881026	46	Picture	10	909618	0	1	4145	2	0	4000	other	0
020819881026	46	Pulse	5	913364	3746	2
020819881026	47	Picture	10	927689	0	1	4144	3	0	4000	other	0
020819881026	47	Pulse	5	933364	5675	2
020819881026	48	Picture	11	945759	0	2	4145	3	0	4000	hit	100
020819881026	48	Response	1	948563	2804	3
020819881026	48	Pulse	5	953363	7604	3
020819881026	49	Picture	10	963830	0	1	4145	2	0	4000	other	0
020819881026	49	Pulse	5	973513	9683	3
020819881026	50	Picture	10	981901	0	1	4145	2	0	4000	false_alarm	105
020819881026	50	Response	1	984393	2492	3
020819881026	50	Pulse	5	993512	11611	3
020819881026	51	Picture	10	999972	0	1	4144	3	0	4000	other	0
020819881026	51	Pulse	5	1013512	13540	3
020819881026	52	Picture	10	1018042	0	2	4145	3	0	4000	other	0
020819881026	52	Pulse	5	1033502	15460	1
020819881026	53	Pulse	5	1053501	17388	2
020819881026	54	Picture	30	1061313	0	1	4144	3	0	4000	other	0
020819881026	54	Pulse	5	1073501	12188	2
020819881026	55	Picture	30	1079383	0	2	4145	3	0	4000	other	0
020819881026	55	Pulse	5	1093490	14107	2
020819881026	56	Picture	31	1097454	0	1	4145	2	0	4000	hit	117
020819881026	56	Response	1	1102610	5156	2
020819881026	56	Pulse	5	1113490	16036	2
020819881026	57	Picture	30	1115525	0	1	4145	2	0	4000	other	0
020819881026	57	Pulse	5	1133489	17964	2
020819881026	58	Picture	30	1133596	0	1	4144	3	0	4000	other	0
020819881026	59	Picture	30	1151666	0	2	4145	3	0	4000	other	0
020819881026	59	Pulse	5	1153479	1813	2
020819881026	60	Picture	31	1169737	0	1	4145	2	0	4000	hit	126
020819881026	60	Pulse	5	1173478	3741	2
020819881026	60	Response	1	1173639	3902	1
020819881026	61	Picture	31	1187808	0	1	4145	2	0	4000	hit	128
020819881026	61	Response	1	1192198	4390	2
020819881026	61	Pulse	5	1193478	5670	2
020819881026	62	Picture	30	1205879	0	1	4144	3	0	4000	other	0
020819881026	62	Pulse	5	1213468	7589	1
020819881026	63	Picture	30	1223949	0	2	4145	3	0	4000	other	0
020819881026	63	Pulse	5	1233467	9518	2
020819881026	64	Picture	30	1242020	0	1	4145	2	0	4000	other	0
020819881026	64	Pulse	5	1253467	11447	2
020819881026	65	Picture	31	1260091	0	1	4145	2	0	4000	hit	137
020819881026	65	Response	1	1263537	3446	1
020819881026	65	Pulse	5	1273456	13365	2
020819881026	66	Picture	30	1278162	0	1	4144	3	0	4000	other	0
020819881026	66	Pulse	5	1293456	15294	2
020819881026	67	Picture	30	1296232	0	2	4145	3	0	4000	other	0
020819881026	67	Pulse	5	1313455	17223	2
020819881026	68	Picture	30	1314303	0	2	4145	3	0	4000	false_alarm	144
020819881026	68	Response	1	1318255	3952	2
020819881026	69	Picture	30	1332374	0	1	4145	2	0	4000	other	0
020819881026	69	Pulse	5	1333445	1071	2
020819881026	70	Pulse	5	1353445	3000	1
020819881026	70	Pulse	5	1373444	22999	2
020819881026	71	Picture	10	1375479	0	1	4144	2	0	4000	other	0
020819881026	71	Pulse	5	1393434	17955	1
020819881026	72	Picture	10	1393549	0	1	4145	2	0	4000	other	0
020819881026	73	Picture	11	1411620	0	1	4145	2	0	4000	hit	154
020819881026	73	Pulse	5	1413433	1813	2
020819881026	73	Response	1	1416313	4693	2
020819881026	74	Picture	10	1429691	0	1	4144	3	0	4000	other	0
020819881026	74	Pulse	5	1433433	3742	2
020819881026	75	Picture	11	1447762	0	1	4144	2	0	4000	hit	158
020819881026	75	Response	1	1451662	3900	3
020819881026	75	Pulse	5	1453422	5660	3
020819881026	76	Picture	10	1465832	0	1	4145	2	0	4000	other	0
020819881026	76	Pulse	5	1473422	7590	2
020819881026	77	Picture	10	1483902	0	2	4146	3	0	4000	other	0
020819881026	77	Pulse	5	1493421	9519	4
020819881026	78	Picture	11	1501974	0	1	4144	3	0	4000	hit	165
020819881026	78	Response	1	1505411	3437	2
020819881026	78	Pulse	5	1513411	11437	2
020819881026	79	Picture	10	1520045	0	1	4144	2	0	4000	other	0
020819881026	79	Pulse	5	1533411	13366	1
020819881026	80	Picture	10	1538115	0	2	4145	3	0	4000	other	0
020819881026	80	Pulse	5	1553410	15295	2
020819881026	81	Picture	10	1556186	0	1	4145	2	0	4000	other	0
020819881026	81	Pulse	5	1573400	17214	2
020819881026	82	Picture	10	1574257	0	1	4144	3	0	4000	other	0
020819881026	83	Picture	10	1592328	0	1	4144	2	0	4000	other	0
020819881026	83	Pulse	5	1593399	1071	2
020819881026	84	Picture	11	1610398	0	1	4145	2	0	4000	hit	178
020819881026	84	Pulse	5	1613399	3001	2
020819881026	84	Response	1	1615639	5241	3
020819881026	85	Picture	10	1628469	0	1	4145	2	0	4000	other	0
020819881026	85	Pulse	5	1633388	4919	2
020819881026	86	Picture	10	1646540	0	1	4145	2	0	4000	other	0
020819881026	86	Pulse	5	1653388	6848	2
020819881026	87	Pulse	5	1673388	8777	1
020819881026	88	Picture	20	1689644	0	2	4145	3	0	4000	other	0
020819881026	88	Pulse	5	1693377	3733	2
020819881026	89	Picture	20	1707715	0	1	4145	2	0	4000	other	0
020819881026	89	Pulse	5	1713377	5662	2
020819881026	90	Picture	20	1725786	0	1	4144	3	0	4000	other	0
020819881026	90	Pulse	5	1733376	7590	2
020819881026	91	Picture	21	1743857	0	1	4144	3	0	4000	hit	191
020819881026	91	Response	1	1747447	3590	1
020819881026	91	Pulse	5	1753366	9509	2
020819881026	92	Picture	20	1761927	0	2	4145	3	0	4000	other	0
020819881026	92	Pulse	5	1773365	11438	2
020819881026	93	Picture	20	1779998	0	1	4145	2	0	4000	other	0
020819881026	93	Pulse	5	1793366	13368	1
020819881026	94	Picture	21	1798069	0	1	4144	3	0	4000	hit	198
020819881026	94	Response	1	1801685	3616	2
020819881026	94	Pulse	5	1813354	15285	2
020819881026	95	Picture	20	1816140	0	1	4144	3	0	4000	other	0
020819881026	95	Pulse	5	1833354	17214	2
020819881026	96	Picture	20	1834210	0	2	4145	3	0	4000	other	0
020819881026	97	Picture	20	1852281	0	1	4145	2	0	4000	other	0
020819881026	97	Pulse	5	1853354	1073	1
020819881026	98	Picture	21	1870352	0	1	4144	3	0	4000	hit	207
020819881026	98	Pulse	5	1873343	2991	2
020819881026	98	Response	1	1874463	4111	2
020819881026	99	Picture	20	1888423	0	1	4144	2	0	4000	other	0
020819881026	99	Pulse	5	1893343	4920	2
020819881026	100	Picture	20	1906493	0	2	4145	3	0	4000	other	0
020819881026	100	Pulse	5	1913342	6849	2
020819881026	101	Picture	21	1924564	0	1	4145	2	0	4000	hit	213
020819881026	101	Response	1	1927892	3328	3
020819881026	101	Pulse	5	1933332	8768	3
020819881026	102	Picture	20	1942635	0	1	4144	3	0	4000	other	0
020819881026	102	Pulse	5	1953331	10696	3
020819881026	103	Picture	20	1960706	0	1	4144	2	0	4000	other	0
020819881026	103	Pulse	5	1973331	12625	3
020819881026	104	Pulse	5	1993321	14545	1
020819881026	105	Picture	10	2003810	0	2	4145	3	0	4000	other	0
020819881026	105	Pulse	5	2013480	9670	2
020819881026	106	Picture	10	2021881	0	1	4145	2	0	4000	other	0
020819881026	106	Pulse	5	2033480	11599	2
020819881026	107	Picture	11	2039952	0	1	4144	3	0	4000	hit	225
020819881026	107	Response	1	2044349	4397	3
020819881026	107	Pulse	5	2053470	13518	1
020819881026	108	Picture	10	2058022	0	2	4145	3	0	4000	other	0
020819881026	108	Pulse	5	2073469	15447	2
020819881026	109	Picture	11	2076093	0	1	4145	2	0	4000	hit	230
020819881026	109	Response	1	2079229	3136	1
020819881026	109	Pulse	5	2093468	17375	2
020819881026	110	Picture	10	2094164	0	1	4145	2	0	4000	other	0
020819881026	111	Picture	10	2112235	0	1	4144	3	0	4000	other	0
020819881026	111	Pulse	5	2113458	1223	2
020819881026	112	Picture	11	2130305	0	2	4145	3	0	4000	hit	237
020819881026	112	Pulse	5	2133457	3152	2
020819881026	112	Response	1	2134097	3792	2
020819881026	113	Picture	10	2148376	0	1	4145	2	0	4000	other	0
020819881026	113	Pulse	5	2153457	5081	2
020819881026	114	Picture	10	2166447	0	2	4145	3	0	4000	other	0
020819881026	114	Pulse	5	2173447	7000	1
020819881026	115	Picture	10	2184518	0	1	4144	2	0	4000	other	0
020819881026	115	Pulse	5	2193446	8928	2
020819881026	116	Picture	10	2202588	0	2	4145	3	0	4000	other	0
020819881026	116	Pulse	5	2213446	10858	2
020819881026	117	Picture	10	2220659	0	1	4145	2	0	4000	other	0
020819881026	117	Pulse	5	2233435	12776	2
020819881026	118	Picture	11	2238730	0	1	4145	2	0	4000	hit	249
020819881026	118	Response	1	2243035	4305	2
020819881026	118	Pulse	5	2253435	14705	2
020819881026	119	Picture	10	2256801	0	1	4144	3	0	4000	other	0
020819881026	119	Pulse	5	2273434	16633	2
020819881026	120	Picture	10	2274871	0	2	4145	3	0	4000	other	0
020819881026	121	Pulse	5	2293425	483	1
020819881026	121	Pulse	5	2313424	20482	1
020819881026	122	Picture	30	2317976	0	1	4145	2	0	4000	other	0
020819881026	122	Pulse	5	2333423	15447	2
020819881026	123	Picture	30	2336047	0	1	4144	3	0	4000	other	0
020819881026	123	Pulse	5	2353413	17366	1
020819881026	124	Picture	30	2354117	0	2	4145	3	0	4000	other	0
020819881026	125	Picture	31	2372188	0	1	4145	2	0	4000	hit	263
020819881026	125	Pulse	5	2373412	1224	2
020819881026	125	Response	1	2376612	4424	2
020819881026	126	Picture	31	2390259	0	1	4145	2	0	4000	hit	266
020819881026	126	Pulse	5	2393412	3153	2
020819881026	126	Response	1	2396612	6353	2
020819881026	127	Picture	30	2408330	0	1	4144	3	0	4000	other	0
020819881026	127	Pulse	5	2413401	5071	3
020819881026	128	Picture	30	2426400	0	2	4145	3	0	4000	other	0
020819881026	128	Pulse	5	2433401	7001	2
020819881026	129	Picture	30	2444471	0	1	4145	2	0	4000	other	0
020819881026	129	Pulse	5	2453400	8929	3
020819881026	130	Picture	31	2462542	0	1	4145	2	0	4000	hit	274
020819881026	130	Response	1	2465870	3328	2
020819881026	130	Pulse	5	2473390	10848	2
020819881026	131	Picture	30	2480613	0	1	4144	3	0	4000	other	0
020819881026	131	Pulse	5	2493390	12777	1
020819881026	132	Picture	30	2498683	0	2	4145	3	0	4000	other	0
020819881026	132	Pulse	5	2513389	14706	2
020819881026	133	Picture	30	2516754	0	1	4145	2	0	4000	other	0
020819881026	133	Pulse	5	2533379	16625	1
020819881026	134	Picture	30	2534825	0	1	4145	2	0	4000	other	0
020819881026	135	Picture	31	2552896	0	1	4144	3	0	4000	hit	285
020819881026	135	Pulse	5	2553378	482	2
020819881026	135	Response	1	2558178	5282	2
020819881026	136	Picture	30	2570967	0	1	4144	2	0	4000	other	0
020819881026	136	Pulse	5	2573378	2411	2
020819881026	137	Picture	30	2589037	0	1	4145	2	0	4000	other	0
020819881026	137	Pulse	5	2593367	4330	2
