Scenario - 1-back
Logfile written - 12/19/2014 15:49:20

Subject	Trial	Event Type	Code	Time	TTime	Uncertainty	Duration	Uncertainty	ReqTime	ReqDur	Stim Type	Pair Index

020819881026	1	Response	1	100323	110157	2
020819881026	1	Pulse	5	279009	288843	2
020819881026	2	Pulse	5	299010	19879	1
020819881026	3	Picture	10	304165	0	1	4144	3	0	4000	other	0
020819881026	3	Pulse	5	318999	14834	1
020819881026	4	Picture	10	322235	0	2	4145	3	0	4000	other	0
020819881026	4	Pulse	5	338998	16763	2
020819881026	5	Picture	11	340306	0	1	4145	2	0	4000	hit	9
020819881026	5	Response	1	344278	3972	2
020819881026	6	Picture	10	358377	0	1	4145	2	0	4000	other	0
020819881026	6	Pulse	5	358999	622	1
020819881026	7	Picture	11	376448	0	1	4144	3	0	4000	hit	14
020819881026	7	Pulse	5	378987	2539	2
020819881026	7	Response	1	380267	3819	2
020819881026	8	Picture	10	394518	0	2	4145	3	0	4000	other	0
020819881026	8	Pulse	5	398987	4469	2
020819881026	9	Picture	10	412589	0	1	4145	2	0	4000	other	0
020819881026	9	Pulse	5	418986	6397	2
020819881026	10	Picture	10	430660	0	1	4144	3	0	4000	other	0
020819881026	10	Pulse	5	438976	8316	2
020819881026	11	Picture	11	448731	0	1	4144	2	0	4000	hit	22
020819881026	11	Response	1	451776	3045	2
020819881026	11	Pulse	5	458975	10244	3
020819881026	12	Picture	10	466801	0	1	4145	2	0	4000	other	0
020819881026	12	Pulse	5	478975	12174	2
020819881026	13	Picture	10	484872	0	1	4145	2	0	4000	other	0
020819881026	13	Pulse	5	498965	14093	1
020819881026	14	Picture	11	502943	0	1	4144	3	0	4000	hit	29
020819881026	14	Response	1	506804	3861	2
020819881026	14	Pulse	5	518964	16021	2
020819881026	15	Picture	10	521013	0	2	4145	3	0	4000	other	0
020819881026	15	Pulse	5	538964	17951	2
020819881026	16	Picture	10	539084	0	1	4145	2	0	4000	other	0
020819881026	17	Picture	10	557155	0	1	4145	2	0	4000	other	0
020819881026	17	Pulse	5	558953	1798	2
020819881026	18	Picture	10	575226	0	1	4144	3	0	4000	other	0
020819881026	18	Pulse	5	578953	3727	2
020819881026	19	Pulse	5	598952	5656	2
020819881026	20	Picture	20	618330	0	1	4145	2	0	4000	other	0
020819881026	20	Pulse	5	618942	612	3
020819881026	21	Picture	20	636401	0	1	4145	2	0	4000	other	0
020819881026	21	Pulse	5	638942	2541	2
020819881026	22	Picture	21	654472	0	1	4144	3	0	4000	hit	45
020819881026	22	Pulse	5	658941	4469	2
020819881026	22	Response	1	659101	4629	2
020819881026	23	Picture	20	672542	0	2	4145	3	0	4000	other	0
020819881026	23	Pulse	5	678931	6389	2
020819881026	24	Picture	20	690613	0	1	4145	2	0	4000	other	0
020819881026	24	Pulse	5	698930	8317	2
020819881026	25	Picture	20	708684	0	1	4145	2	0	4000	other	0
020819881026	25	Pulse	5	718930	10246	2
020819881026	26	Picture	21	726755	0	1	4144	3	0	4000	hit	53
020819881026	26	Response	1	732039	5284	3
020819881026	26	Pulse	5	738919	12164	3
020819881026	27	Picture	20	744825	0	2	4145	3	0	4000	other	0
020819881026	27	Pulse	5	759079	14254	2
020819881026	28	Picture	20	762896	0	1	4145	2	0	4000	other	0
020819881026	28	Pulse	5	779078	16182	3
020819881026	29	Picture	20	780967	0	1	4144	3	0	4000	other	0
020819881026	30	Picture	20	799038	0	1	4144	2	0	4000	other	0
020819881026	30	Pulse	5	799068	30	2
020819881026	31	Picture	20	817108	0	2	4145	3	0	4000	other	0
020819881026	31	Pulse	5	819068	1960	1
020819881026	32	Picture	21	835179	0	1	4145	2	0	4000	hit	66
020819881026	32	Pulse	5	839067	3888	2
020819881026	32	Response	1	840027	4848	2
020819881026	33	Picture	20	853250	0	1	4145	2	0	4000	other	0
020819881026	33	Pulse	5	859057	5807	2
020819881026	34	Picture	20	871321	0	1	4144	2	0	4000	other	0
020819881026	34	Pulse	5	879056	7735	2
020819881026	35	Picture	21	889391	0	1	4145	2	0	4000	hit	72
020819881026	35	Response	1	893456	4065	2
020819881026	35	Pulse	5	899056	9665	2
020819881026	36	Pulse	5	919045	11583	3
020819881026	37	Picture	10	932496	0	1	4145	2	0	4000	other	0
020819881026	37	Pulse	5	939045	6549	2
020819881026	38	Picture	10	950567	0	1	4144	2	0	4000	other	0
020819881026	38	Pulse	5	959044	8477	3
020819881026	39	Picture	11	968637	0	2	4145	3	0	4000	hit	80
020819881026	39	Response	1	971514	2877	2
020819881026	39	Pulse	5	979034	10397	2
020819881026	40	Picture	10	986708	0	1	4145	2	0	4000	other	0
020819881026	40	Pulse	5	999034	12326	1
020819881026	41	Picture	11	1004779	0	1	4144	3	0	4000	hit	85
020819881026	41	Response	1	1008474	3695	1
020819881026	41	Pulse	5	1019033	14254	2
020819881026	42	Picture	10	1022850	0	1	4144	2	0	4000	other	0
020819881026	42	Pulse	5	1039023	16173	2
020819881026	43	Picture	10	1040920	0	1	4145	2	0	4000	other	0
020819881026	44	Picture	10	1058991	0	1	4145	2	0	4000	false_alarm	92
020819881026	44	Pulse	5	1059022	31	2
020819881026	44	Response	1	1063182	4191	2
020819881026	45	Picture	11	1077062	0	1	4144	3	0	4000	hit	95
020819881026	45	Pulse	5	1079022	1960	2
020819881026	45	Response	1	1080302	3240	2
020819881026	46	Picture	10	1095132	0	2	4145	3	0	4000	other	0
020819881026	46	Pulse	5	1099011	3879	2
020819881026	47	Picture	10	1113203	0	1	4145	2	0	4000	other	0
020819881026	47	Pulse	5	1119011	5808	2
020819881026	48	Picture	11	1131274	0	1	4145	2	0	4000	hit	101
020819881026	48	Response	1	1134691	3417	2
020819881026	48	Pulse	5	1139011	7737	1
020819881026	49	Picture	10	1149345	0	1	4144	3	0	4000	other	0
020819881026	49	Pulse	5	1159000	9655	2
020819881026	50	Picture	10	1167415	0	2	4145	4	0	4000	other	0
020819881026	50	Pulse	5	1179000	11585	2
020819881026	51	Picture	10	1185486	0	1	4145	2	0	4000	other	0
020819881026	51	Pulse	5	1198999	13513	2
020819881026	52	Picture	10	1203557	0	1	4145	2	0	4000	other	0
020819881026	52	Pulse	5	1218989	15432	2
020819881026	53	Pulse	5	1238988	17360	2
020819881026	54	Picture	30	1246661	0	2	4145	3	0	4000	other	0
020819881026	54	Pulse	5	1258988	12327	2
020819881026	55	Picture	30	1264732	0	1	4145	2	0	4000	other	0
020819881026	55	Pulse	5	1278978	14246	1
020819881026	56	Picture	31	1282803	0	1	4145	2	0	4000	hit	117
020819881026	56	Response	1	1286497	3694	2
020819881026	56	Pulse	5	1298977	16174	2
020819881026	57	Picture	30	1300874	0	1	4144	2	0	4000	other	0
020819881026	58	Picture	30	1318944	0	2	4145	3	0	4000	other	0
020819881026	58	Pulse	5	1318977	33	1
020819881026	59	Picture	30	1337015	0	1	4145	2	0	4000	other	0
020819881026	59	Pulse	5	1338966	1951	2
020819881026	60	Picture	31	1355086	0	1	4145	2	0	4000	miss	0
020819881026	60	Pulse	5	1358966	3880	2
020819881026	61	Picture	31	1373157	0	1	4144	2	0	4000	hit	128
020819881026	61	Pulse	5	1378965	5808	2
020819881026	61	Response	1	1383125	9968	2
020819881026	62	Picture	30	1391227	0	2	4145	3	0	4000	other	0
020819881026	62	Pulse	5	1398955	7728	2
020819881026	63	Picture	30	1409298	0	1	4145	2	0	4000	other	0
020819881026	63	Pulse	5	1418954	9656	3
020819881026	64	Picture	30	1427369	0	1	4144	3	0	4000	other	0
020819881026	64	Pulse	5	1438954	11585	2
020819881026	65	Picture	31	1445440	0	1	4144	2	0	4000	hit	136
020819881026	65	Response	1	1449184	3744	2
020819881026	65	Pulse	5	1458944	13504	1
020819881026	66	Picture	30	1463510	0	1	4145	2	0	4000	false_alarm	139
020819881026	66	Response	1	1468703	5193	2
020819881026	66	Pulse	5	1478943	15433	2
020819881026	67	Picture	30	1481581	0	1	4145	2	0	4000	other	0
020819881026	67	Pulse	5	1498943	17362	2
020819881026	68	Picture	30	1499652	0	1	4144	3	0	4000	other	0
020819881026	69	Picture	30	1517722	0	2	4145	3	0	4000	other	0
020819881026	69	Pulse	5	1518932	1210	2
020819881026	70	Pulse	5	1538932	3139	2
020819881026	70	Pulse	5	1558931	23138	2
020819881026	71	Picture	10	1560827	0	1	4144	3	0	4000	other	0
020819881026	72	Picture	10	1578898	0	1	4144	3	0	4000	other	0
020819881026	72	Pulse	5	1578922	24	1
020819881026	73	Picture	11	1596968	0	2	4145	3	0	4000	hit	153
020819881026	73	Pulse	5	1598920	1952	2
020819881026	73	Response	1	1601000	4032	2
020819881026	74	Picture	10	1615039	0	1	4145	2	0	4000	other	0
020819881026	74	Pulse	5	1618920	3881	2
020819881026	75	Picture	11	1633110	0	2	4145	3	0	4000	hit	157
020819881026	75	Response	1	1637790	4680	1
020819881026	75	Pulse	5	1638910	5800	1
020819881026	76	Picture	10	1651181	0	1	4144	3	0	4000	other	0
020819881026	76	Pulse	5	1658909	7728	2
020819881026	77	Picture	10	1669251	0	2	4145	3	0	4000	other	0
020819881026	77	Pulse	5	1678909	9658	2
020819881026	78	Picture	11	1687322	0	1	4145	2	0	4000	hit	164
020819881026	78	Response	1	1690738	3416	3
020819881026	78	Pulse	5	1698898	11576	3
020819881026	79	Picture	10	1705393	0	1	4145	2	0	4000	other	0
020819881026	79	Pulse	5	1718898	13505	2
020819881026	80	Picture	10	1723464	0	1	4144	3	0	4000	other	0
020819881026	80	Pulse	5	1738897	15433	3
020819881026	81	Picture	10	1741534	0	2	4145	3	0	4000	other	0
020819881026	81	Pulse	5	1758887	17353	2
020819881026	82	Picture	10	1759605	0	1	4145	2	0	4000	other	0
020819881026	83	Picture	10	1777676	0	1	4144	3	0	4000	other	0
020819881026	83	Pulse	5	1778886	1210	3
020819881026	84	Picture	11	1795744	0	4	4147	6	0	4000	hit	177
020819881026	84	Pulse	5	1798886	3142	2
020819881026	84	Response	1	1799046	3302	2
020819881026	85	Picture	10	1813817	0	2	4145	3	0	4000	other	0
020819881026	85	Pulse	5	1819036	5219	1
020819881026	86	Picture	10	1831888	0	1	4145	2	0	4000	other	0
020819881026	86	Pulse	5	1839035	7147	2
020819881026	87	Pulse	5	1859035	9076	2
020819881026	88	Picture	20	1874993	0	1	4144	2	0	4000	other	0
020819881026	88	Pulse	5	1879024	4031	3
020819881026	89	Picture	20	1893063	0	2	4145	3	0	4000	other	0
020819881026	89	Pulse	5	1899024	5961	2
020819881026	90	Picture	20	1911134	0	1	4145	2	0	4000	other	0
020819881026	90	Pulse	5	1919023	7889	3
020819881026	91	Picture	21	1929205	0	1	4145	2	0	4000	hit	190
020819881026	91	Response	1	1932773	3568	2
020819881026	91	Pulse	5	1939013	9808	2
020819881026	92	Picture	20	1947276	0	1	4144	2	0	4000	other	0
020819881026	92	Pulse	5	1959013	11737	1
020819881026	93	Picture	20	1965346	0	2	4145	3	0	4000	other	0
020819881026	93	Pulse	5	1979012	13666	2
020819881026	94	Picture	21	1983417	0	1	4145	2	0	4000	hit	197
020819881026	94	Response	1	1987652	4235	2
020819881026	94	Pulse	5	1999002	15585	2
020819881026	95	Picture	20	2001488	0	1	4144	3	0	4000	other	0
020819881026	95	Pulse	5	2019001	17513	2
020819881026	96	Picture	20	2019559	0	1	4144	2	0	4000	other	0
020819881026	97	Picture	20	2037629	0	1	4145	2	0	4000	other	0
020819881026	97	Pulse	5	2039001	1372	2
020819881026	98	Picture	21	2055700	0	1	4145	2	0	4000	hit	206
020819881026	98	Pulse	5	2058990	3290	2
020819881026	98	Response	1	2060270	4570	2
020819881026	99	Picture	20	2073770	0	2	4145	4	0	4000	other	0
020819881026	99	Pulse	5	2078990	5220	2
020819881026	100	Picture	20	2091842	0	1	4144	2	0	4000	other	0
020819881026	100	Pulse	5	2098990	7148	1
020819881026	101	Picture	21	2109912	0	1	4145	2	0	4000	hit	212
020819881026	101	Response	1	2113699	3787	2
020819881026	101	Pulse	5	2118979	9067	2
020819881026	102	Picture	20	2127983	0	1	4145	2	0	4000	other	0
020819881026	102	Pulse	5	2138979	10996	1
020819881026	103	Picture	20	2146054	0	1	4144	3	0	4000	other	0
020819881026	103	Pulse	5	2158978	12924	2
020819881026	104	Pulse	5	2178968	14843	2
020819881026	105	Picture	10	2189158	0	2	4145	3	0	4000	other	0
020819881026	105	Pulse	5	2198967	9809	2
020819881026	106	Picture	10	2207229	0	1	4145	2	0	4000	other	0
020819881026	106	Pulse	5	2218967	11738	2
020819881026	107	Picture	11	2225300	0	1	4144	3	0	4000	hit	224
020819881026	107	Response	1	2229197	3897	2
020819881026	107	Pulse	5	2238956	13656	2
020819881026	108	Picture	10	2243371	0	1	4144	2	0	4000	other	0
020819881026	108	Pulse	5	2258956	15585	2
020819881026	109	Picture	11	2261441	0	1	4145	2	0	4000	hit	229
020819881026	109	Response	1	2265836	4395	2
020819881026	109	Pulse	5	2278956	17515	1
020819881026	110	Picture	10	2279512	0	1	4145	2	0	4000	other	0
020819881026	111	Picture	10	2297583	0	1	4144	3	0	4000	other	0
020819881026	111	Pulse	5	2298945	1362	2
020819881026	112	Picture	11	2315654	0	1	4144	2	0	4000	hit	235
020819881026	112	Response	1	2318945	3291	2
020819881026	112	Pulse	5	2318945	3291	2
020819881026	113	Picture	10	2333724	0	1	4145	2	0	4000	false_alarm	238
020819881026	113	Response	1	2337985	4261	1
020819881026	113	Pulse	5	2338944	5220	2
020819881026	114	Picture	10	2351795	0	1	4145	2	0	4000	other	0
020819881026	114	Pulse	5	2358934	7139	2
020819881026	115	Picture	10	2369866	0	1	4144	3	0	4000	other	0
020819881026	115	Pulse	5	2378933	9067	3
020819881026	116	Picture	10	2387936	0	2	4145	3	0	4000	other	0
020819881026	116	Pulse	5	2398933	10997	2
020819881026	117	Picture	10	2406007	0	1	4145	2	0	4000	other	0
020819881026	117	Pulse	5	2418923	12916	1
020819881026	118	Picture	11	2424078	0	1	4145	2	0	4000	hit	249
020819881026	118	Response	1	2427402	3324	2
020819881026	118	Pulse	5	2438922	14844	2
020819881026	119	Picture	10	2442149	0	1	4144	3	0	4000	other	0
020819881026	119	Pulse	5	2458922	16773	1
020819881026	120	Picture	10	2460219	0	2	4145	3	0	4000	other	0
020819881026	121	Pulse	5	2478911	621	2
020819881026	121	Pulse	5	2498911	20621	2
020819881026	122	Picture	30	2503324	0	1	4145	2	0	4000	other	0
020819881026	122	Pulse	5	2518911	15587	1
020819881026	123	Picture	30	2521395	0	1	4144	3	0	4000	other	0
020819881026	123	Pulse	5	2538900	17505	2
020819881026	124	Picture	30	2539465	0	2	4145	3	0	4000	other	0
020819881026	125	Picture	31	2557536	0	1	4145	2	0	4000	hit	263
020819881026	125	Pulse	5	2558899	1363	2
020819881026	125	Response	1	2562099	4563	2
020819881026	126	Picture	31	2575607	0	1	4145	2	0	4000	hit	266
020819881026	126	Pulse	5	2578899	3292	2
020819881026	126	Response	1	2580819	5212	2
020819881026	127	Picture	30	2593678	0	1	4144	3	0	4000	other	0
020819881026	127	Pulse	5	2598889	5211	1
020819881026	128	Picture	30	2611748	0	2	4145	3	0	4000	other	0
020819881026	128	Pulse	5	2618888	7140	2
020819881026	129	Picture	30	2629819	0	1	4145	2	0	4000	other	0
020819881026	129	Pulse	5	2638888	9069	2
020819881026	130	Picture	31	2647890	0	1	4145	2	0	4000	hit	274
020819881026	130	Response	1	2650717	2827	2
020819881026	130	Pulse	5	2658877	10987	2
020819881026	131	Picture	30	2665961	0	1	4144	3	0	4000	other	0
020819881026	131	Pulse	5	2678877	12916	2
020819881026	132	Picture	30	2684031	0	2	4145	3	0	4000	other	0
020819881026	132	Pulse	5	2698876	14845	2
020819881026	133	Picture	30	2702102	0	1	4145	2	0	4000	other	0
020819881026	133	Pulse	5	2718866	16764	2
020819881026	134	Picture	30	2720173	0	1	4145	2	0	4000	other	0
020819881026	135	Picture	31	2738244	0	1	4144	3	0	4000	hit	285
020819881026	135	Pulse	5	2738865	621	3
020819881026	135	Response	1	2746865	8621	3
020819881026	136	Picture	30	2756314	0	2	4145	3	0	4000	other	0
020819881026	136	Pulse	5	2758865	2551	2
020819881026	137	Picture	30	2774385	0	1	4145	2	0	4000	false_alarm	289
020819881026	137	Response	1	2778695	4310	2
020819881026	137	Pulse	5	2778855	4470	2
