Scenario - 1-back
Logfile written - 02/28/2014 16:01:14

Subject	Trial	Event Type	Code	Time	TTime	Uncertainty	Duration	Uncertainty	ReqTime	ReqDur	Stim Type	Pair Index

02_01_1962_1_003_nback_3	1	Pulse	5	110012	119846	2
02_01_1962_1_003_nback_3	2	Pulse	5	130012	19816	2
02_01_1962_1_003_nback_3	3	Picture	10	135230	0	1	4145	2	0	4000	other	0
02_01_1962_1_003_nback_3	3	Pulse	5	150012	14782	1
02_01_1962_1_003_nback_3	4	Picture	10	153301	0	1	4145	2	0	4000	other	0
02_01_1962_1_003_nback_3	4	Pulse	5	170001	16700	2
02_01_1962_1_003_nback_3	5	Picture	11	171372	0	1	4145	2	0	4000	hit	8
02_01_1962_1_003_nback_3	5	Response	1	176721	5349	2
02_01_1962_1_003_nback_3	6	Picture	10	189443	0	1	4144	3	0	4000	other	0
02_01_1962_1_003_nback_3	6	Pulse	5	190001	558	2
02_01_1962_1_003_nback_3	7	Picture	11	207514	0	1	4144	3	0	4000	hit	13
02_01_1962_1_003_nback_3	7	Pulse	5	210000	2486	2
02_01_1962_1_003_nback_3	7	Response	1	212240	4726	2
02_01_1962_1_003_nback_3	8	Picture	10	225585	0	1	4144	3	0	4000	other	0
02_01_1962_1_003_nback_3	8	Pulse	5	229990	4405	2
02_01_1962_1_003_nback_3	9	Picture	10	243656	0	1	4144	3	0	4000	other	0
02_01_1962_1_003_nback_3	9	Pulse	5	249990	6334	2
02_01_1962_1_003_nback_3	10	Picture	10	261727	0	1	4144	2	0	4000	other	0
02_01_1962_1_003_nback_3	10	Pulse	5	269989	8262	2
02_01_1962_1_003_nback_3	11	Picture	11	279797	0	2	4145	3	0	4000	hit	21
02_01_1962_1_003_nback_3	11	Response	1	288859	9062	2
02_01_1962_1_003_nback_3	11	Pulse	5	289978	10181	3
02_01_1962_1_003_nback_3	12	Picture	10	297868	0	2	4145	3	0	4000	other	0
02_01_1962_1_003_nback_3	12	Pulse	5	309978	12110	3
02_01_1962_1_003_nback_3	13	Picture	10	315939	0	2	4145	3	0	4000	other	0
02_01_1962_1_003_nback_3	13	Pulse	5	329977	14038	3
02_01_1962_1_003_nback_3	14	Picture	11	334010	0	2	4145	3	0	4000	hit	28
02_01_1962_1_003_nback_3	14	Response	1	341008	6998	2
02_01_1962_1_003_nback_3	14	Pulse	5	349968	15958	2
02_01_1962_1_003_nback_3	15	Picture	10	352081	0	2	4145	3	0	4000	other	0
02_01_1962_1_003_nback_3	15	Pulse	5	370127	18046	3
02_01_1962_1_003_nback_3	16	Picture	10	370152	0	1	4145	2	0	4000	other	0
02_01_1962_1_003_nback_3	17	Picture	10	388223	0	1	4144	3	0	4000	other	0
02_01_1962_1_003_nback_3	17	Pulse	5	390126	1903	3
02_01_1962_1_003_nback_3	18	Picture	10	406294	0	1	4145	2	0	4000	other	0
02_01_1962_1_003_nback_3	18	Pulse	5	410117	3823	2
02_01_1962_1_003_nback_3	19	Pulse	5	430116	5751	2
02_01_1962_1_003_nback_3	20	Picture	20	449399	0	1	4145	2	0	4000	other	0
02_01_1962_1_003_nback_3	20	Pulse	5	450116	717	2
02_01_1962_1_003_nback_3	21	Picture	20	467470	0	1	4145	2	0	4000	other	0
02_01_1962_1_003_nback_3	21	Pulse	5	470106	2636	1
02_01_1962_1_003_nback_3	22	Picture	21	485541	0	1	4145	2	0	4000	hit	44
02_01_1962_1_003_nback_3	22	Pulse	5	490105	4564	2
02_01_1962_1_003_nback_3	22	Response	1	492185	6644	2
02_01_1962_1_003_nback_3	23	Picture	20	503612	0	1	4145	2	0	4000	other	0
02_01_1962_1_003_nback_3	23	Pulse	5	510105	6493	2
02_01_1962_1_003_nback_3	24	Picture	20	521683	0	1	4145	2	0	4000	other	0
02_01_1962_1_003_nback_3	24	Pulse	5	530094	8411	2
02_01_1962_1_003_nback_3	25	Picture	20	539754	0	1	4145	2	0	4000	other	0
02_01_1962_1_003_nback_3	25	Pulse	5	550094	10340	2
02_01_1962_1_003_nback_3	26	Picture	21	557825	0	1	4145	2	0	4000	hit	52
02_01_1962_1_003_nback_3	26	Response	1	566894	9069	2
02_01_1962_1_003_nback_3	26	Pulse	5	570094	12269	1
02_01_1962_1_003_nback_3	27	Picture	20	575896	0	1	4145	2	0	4000	other	0
02_01_1962_1_003_nback_3	27	Pulse	5	590083	14187	2
02_01_1962_1_003_nback_3	28	Picture	20	593967	0	1	4144	3	0	4000	other	0
02_01_1962_1_003_nback_3	28	Pulse	5	610083	16116	2
02_01_1962_1_003_nback_3	29	Picture	20	612038	0	1	4144	3	0	4000	other	0
02_01_1962_1_003_nback_3	29	Pulse	5	630082	18044	2
02_01_1962_1_003_nback_3	30	Picture	20	630109	0	1	4144	3	0	4000	other	0
02_01_1962_1_003_nback_3	31	Picture	20	648180	0	1	4144	3	0	4000	other	0
02_01_1962_1_003_nback_3	31	Pulse	5	650072	1892	2
02_01_1962_1_003_nback_3	32	Picture	21	666251	0	1	4144	2	0	4000	hit	65
02_01_1962_1_003_nback_3	32	Pulse	5	670072	3821	2
02_01_1962_1_003_nback_3	32	Response	1	671352	5101	2
02_01_1962_1_003_nback_3	33	Picture	20	684321	0	2	4145	3	0	4000	other	0
02_01_1962_1_003_nback_3	33	Pulse	5	690071	5750	2
02_01_1962_1_003_nback_3	34	Picture	20	702392	0	2	4145	3	0	4000	other	0
02_01_1962_1_003_nback_3	34	Pulse	5	710061	7669	2
02_01_1962_1_003_nback_3	35	Picture	21	720463	0	2	4145	3	0	4000	hit	72
02_01_1962_1_003_nback_3	35	Pulse	5	730061	9598	2
02_01_1962_1_003_nback_3	35	Response	1	732781	12318	1
02_01_1962_1_003_nback_3	36	Pulse	5	750060	11526	2
02_01_1962_1_003_nback_3	37	Picture	10	763568	0	2	4145	3	0	4000	other	0
02_01_1962_1_003_nback_3	37	Pulse	5	770050	6482	2
02_01_1962_1_003_nback_3	38	Picture	10	781639	0	2	4145	3	0	4000	other	0
02_01_1962_1_003_nback_3	38	Pulse	5	790050	8411	1
02_01_1962_1_003_nback_3	39	Picture	11	799710	0	1	4145	2	0	4000	hit	79
02_01_1962_1_003_nback_3	39	Response	1	808609	8899	2
02_01_1962_1_003_nback_3	39	Pulse	5	810049	10339	2
02_01_1962_1_003_nback_3	40	Picture	10	817781	0	1	4145	2	0	4000	other	0
02_01_1962_1_003_nback_3	40	Pulse	5	830040	12259	1
02_01_1962_1_003_nback_3	41	Picture	11	835852	0	1	4145	2	0	4000	hit	84
02_01_1962_1_003_nback_3	41	Response	1	841719	5867	2
02_01_1962_1_003_nback_3	41	Pulse	5	850038	14186	2
02_01_1962_1_003_nback_3	42	Picture	10	853923	0	1	4145	2	0	4000	other	0
02_01_1962_1_003_nback_3	42	Pulse	5	870038	16115	2
02_01_1962_1_003_nback_3	43	Picture	10	871994	0	1	4145	2	0	4000	other	0
02_01_1962_1_003_nback_3	43	Pulse	5	890028	18034	2
02_01_1962_1_003_nback_3	44	Picture	10	890065	0	1	4145	2	0	4000	other	0
02_01_1962_1_003_nback_3	45	Picture	11	908136	0	1	4145	2	0	4000	hit	93
02_01_1962_1_003_nback_3	45	Pulse	5	910027	1891	2
02_01_1962_1_003_nback_3	45	Response	1	914666	6530	4
02_01_1962_1_003_nback_3	46	Picture	10	926207	0	1	4145	2	0	4000	other	0
02_01_1962_1_003_nback_3	46	Pulse	5	930027	3820	2
02_01_1962_1_003_nback_3	47	Picture	10	944278	0	1	4145	2	0	4000	other	0
02_01_1962_1_003_nback_3	47	Pulse	5	950017	5739	1
02_01_1962_1_003_nback_3	48	Picture	11	962349	0	1	4145	2	0	4000	hit	99
02_01_1962_1_003_nback_3	48	Response	1	969856	7507	2
02_01_1962_1_003_nback_3	48	Pulse	5	970016	7667	2
02_01_1962_1_003_nback_3	49	Picture	10	980420	0	1	4145	2	0	4000	other	0
02_01_1962_1_003_nback_3	49	Pulse	5	990016	9596	2
02_01_1962_1_003_nback_3	50	Picture	10	998491	0	1	4144	3	0	4000	other	0
02_01_1962_1_003_nback_3	50	Pulse	5	1010005	11514	2
02_01_1962_1_003_nback_3	51	Picture	10	1016562	0	1	4144	3	0	4000	other	0
02_01_1962_1_003_nback_3	51	Pulse	5	1030005	13443	2
02_01_1962_1_003_nback_3	52	Picture	10	1034633	0	1	4144	2	0	4000	other	0
02_01_1962_1_003_nback_3	52	Pulse	5	1050005	15372	1
02_01_1962_1_003_nback_3	53	Pulse	5	1069994	17290	2
02_01_1962_1_003_nback_3	54	Picture	30	1077738	0	1	4144	3	0	4000	other	0
02_01_1962_1_003_nback_3	54	Pulse	5	1089994	12256	2
02_01_1962_1_003_nback_3	55	Picture	30	1095809	0	1	4144	2	0	4000	other	0
02_01_1962_1_003_nback_3	55	Pulse	5	1109994	14185	1
02_01_1962_1_003_nback_3	56	Picture	31	1113879	0	2	4145	3	0	4000	hit	115
02_01_1962_1_003_nback_3	56	Response	1	1119584	5705	1
02_01_1962_1_003_nback_3	56	Pulse	5	1129983	16104	2
02_01_1962_1_003_nback_3	57	Picture	30	1131950	0	2	4145	3	0	4000	other	0
02_01_1962_1_003_nback_3	57	Pulse	5	1149983	18033	2
02_01_1962_1_003_nback_3	58	Picture	30	1150021	0	2	4145	3	0	4000	other	0
02_01_1962_1_003_nback_3	59	Picture	30	1168092	0	2	4145	3	0	4000	other	0
02_01_1962_1_003_nback_3	59	Pulse	5	1169982	1890	2
02_01_1962_1_003_nback_3	60	Picture	31	1186163	0	2	4145	3	0	4000	miss	0
02_01_1962_1_003_nback_3	60	Pulse	5	1189972	3809	2
02_01_1962_1_003_nback_3	61	Picture	31	1204234	0	1	4145	2	0	4000	hit	126
02_01_1962_1_003_nback_3	61	Pulse	5	1209972	5738	2
02_01_1962_1_003_nback_3	61	Response	1	1210452	6218	2
02_01_1962_1_003_nback_3	62	Picture	30	1222305	0	1	4145	2	0	4000	other	0
02_01_1962_1_003_nback_3	62	Pulse	5	1229971	7666	2
02_01_1962_1_003_nback_3	63	Picture	30	1240376	0	1	4145	2	0	4000	other	0
02_01_1962_1_003_nback_3	63	Pulse	5	1249961	9585	2
02_01_1962_1_003_nback_3	64	Picture	30	1258447	0	1	4145	2	0	4000	other	0
02_01_1962_1_003_nback_3	64	Pulse	5	1269961	11514	1
02_01_1962_1_003_nback_3	65	Picture	31	1276518	0	1	4145	2	0	4000	miss	0
02_01_1962_1_003_nback_3	65	Pulse	5	1289949	13431	4
02_01_1962_1_003_nback_3	66	Picture	30	1294589	0	1	4145	2	0	4000	other	0
02_01_1962_1_003_nback_3	66	Pulse	5	1309949	15360	3
02_01_1962_1_003_nback_3	67	Picture	30	1312660	0	1	4145	2	0	4000	other	0
02_01_1962_1_003_nback_3	67	Pulse	5	1329948	17288	4
02_01_1962_1_003_nback_3	68	Picture	30	1330731	0	1	4145	2	0	4000	other	0
02_01_1962_1_003_nback_3	69	Picture	30	1348802	0	1	4145	2	0	4000	other	0
02_01_1962_1_003_nback_3	69	Pulse	5	1349948	1146	3
02_01_1962_1_003_nback_3	70	Pulse	5	1369939	3066	2
02_01_1962_1_003_nback_3	70	Pulse	5	1390097	23224	3
02_01_1962_1_003_nback_3	71	Picture	10	1391907	0	1	4144	3	0	4000	other	0
02_01_1962_1_003_nback_3	72	Picture	10	1409978	0	1	4145	2	0	4000	other	0
02_01_1962_1_003_nback_3	72	Pulse	5	1410097	119	3
02_01_1962_1_003_nback_3	73	Picture	11	1428049	0	1	4144	3	0	4000	hit	149
02_01_1962_1_003_nback_3	73	Pulse	5	1430087	2038	3
02_01_1962_1_003_nback_3	73	Response	1	1434407	6358	2
02_01_1962_1_003_nback_3	74	Picture	10	1446120	0	1	4144	3	0	4000	other	0
02_01_1962_1_003_nback_3	74	Pulse	5	1450086	3966	3
02_01_1962_1_003_nback_3	75	Picture	11	1464191	0	1	4144	2	0	4000	hit	154
02_01_1962_1_003_nback_3	75	Pulse	5	1470086	5895	3
02_01_1962_1_003_nback_3	75	Response	1	1471047	6856	2
02_01_1962_1_003_nback_3	76	Picture	10	1482262	0	1	4144	2	0	4000	other	0
02_01_1962_1_003_nback_3	76	Pulse	5	1490076	7814	2
02_01_1962_1_003_nback_3	77	Picture	10	1500332	0	2	4145	3	0	4000	other	0
02_01_1962_1_003_nback_3	77	Pulse	5	1510076	9744	2
02_01_1962_1_003_nback_3	78	Picture	11	1518403	0	2	4145	3	0	4000	hit	160
02_01_1962_1_003_nback_3	78	Response	1	1525116	6713	2
02_01_1962_1_003_nback_3	78	Pulse	5	1530076	11673	1
02_01_1962_1_003_nback_3	79	Picture	10	1536474	0	2	4145	3	0	4000	other	0
02_01_1962_1_003_nback_3	79	Pulse	5	1550066	13592	1
02_01_1962_1_003_nback_3	80	Picture	10	1554545	0	2	4145	3	0	4000	other	0
02_01_1962_1_003_nback_3	80	Pulse	5	1570065	15520	2
02_01_1962_1_003_nback_3	81	Picture	10	1572616	0	1	4145	2	0	4000	other	0
02_01_1962_1_003_nback_3	81	Pulse	5	1590065	17449	1
02_01_1962_1_003_nback_3	82	Picture	10	1590687	0	1	4145	2	0	4000	other	0
02_01_1962_1_003_nback_3	83	Picture	10	1608758	0	1	4145	2	0	4000	other	0
02_01_1962_1_003_nback_3	83	Pulse	5	1610054	1296	2
02_01_1962_1_003_nback_3	84	Picture	11	1626829	0	1	4145	2	0	4000	hit	173
02_01_1962_1_003_nback_3	84	Pulse	5	1630054	3225	2
02_01_1962_1_003_nback_3	84	Response	1	1634693	7864	3
02_01_1962_1_003_nback_3	85	Picture	10	1644900	0	1	4145	2	0	4000	other	0
02_01_1962_1_003_nback_3	85	Pulse	5	1650053	5153	2
02_01_1962_1_003_nback_3	86	Picture	10	1662971	0	1	4145	2	0	4000	other	0
02_01_1962_1_003_nback_3	86	Pulse	5	1670043	7072	2
02_01_1962_1_003_nback_3	87	Pulse	5	1690043	9001	1
02_01_1962_1_003_nback_3	88	Picture	20	1706076	0	1	4145	2	0	4000	other	0
02_01_1962_1_003_nback_3	88	Pulse	5	1710042	3966	2
02_01_1962_1_003_nback_3	89	Picture	20	1724147	0	1	4145	2	0	4000	other	0
02_01_1962_1_003_nback_3	89	Pulse	5	1730032	5885	2
02_01_1962_1_003_nback_3	90	Picture	20	1742218	0	1	4145	2	0	4000	other	0
02_01_1962_1_003_nback_3	90	Pulse	5	1750031	7813	2
02_01_1962_1_003_nback_3	91	Picture	21	1760289	0	1	4145	2	0	4000	miss	0
02_01_1962_1_003_nback_3	91	Pulse	5	1770021	9732	2
02_01_1962_1_003_nback_3	92	Picture	20	1778360	0	1	4145	2	0	4000	other	0
02_01_1962_1_003_nback_3	92	Pulse	5	1790021	11661	2
02_01_1962_1_003_nback_3	93	Picture	20	1796431	0	1	4145	2	0	4000	other	0
02_01_1962_1_003_nback_3	93	Pulse	5	1810020	13589	2
02_01_1962_1_003_nback_3	94	Picture	21	1814502	0	1	4144	3	0	4000	hit	192
02_01_1962_1_003_nback_3	94	Response	1	1818980	4478	2
02_01_1962_1_003_nback_3	94	Pulse	5	1830020	15518	2
02_01_1962_1_003_nback_3	95	Picture	20	1832573	0	1	4144	3	0	4000	other	0
02_01_1962_1_003_nback_3	95	Pulse	5	1850010	17437	2
02_01_1962_1_003_nback_3	96	Picture	20	1850644	0	1	4144	3	0	4000	other	0
02_01_1962_1_003_nback_3	97	Picture	20	1868715	0	1	4144	3	0	4000	other	0
02_01_1962_1_003_nback_3	97	Pulse	5	1870009	1294	2
02_01_1962_1_003_nback_3	98	Picture	21	1886786	0	1	4144	2	0	4000	hit	201
02_01_1962_1_003_nback_3	98	Pulse	5	1890009	3223	2
02_01_1962_1_003_nback_3	98	Response	1	1892089	5303	2
02_01_1962_1_003_nback_3	99	Picture	20	1904857	0	1	4144	2	0	4000	other	0
02_01_1962_1_003_nback_3	99	Pulse	5	1909998	5141	2
02_01_1962_1_003_nback_3	100	Picture	20	1922928	0	1	4144	2	0	4000	other	0
02_01_1962_1_003_nback_3	100	Pulse	5	1929998	7070	2
02_01_1962_1_003_nback_3	101	Picture	21	1940998	0	2	4145	3	0	4000	hit	208
02_01_1962_1_003_nback_3	101	Pulse	5	1949998	9000	2
02_01_1962_1_003_nback_3	101	Response	1	1950798	9800	2
02_01_1962_1_003_nback_3	102	Picture	20	1959069	0	2	4145	3	0	4000	other	0
02_01_1962_1_003_nback_3	102	Pulse	5	1969988	10919	1
02_01_1962_1_003_nback_3	103	Picture	20	1977140	0	1	4145	2	0	4000	other	0
02_01_1962_1_003_nback_3	103	Pulse	5	1989987	12847	2
02_01_1962_1_003_nback_3	104	Pulse	5	2009987	14776	1
02_01_1962_1_003_nback_3	105	Picture	10	2020245	0	2	4145	3	0	4000	other	0
02_01_1962_1_003_nback_3	105	Pulse	5	2029976	9731	2
02_01_1962_1_003_nback_3	106	Picture	10	2038316	0	1	4145	2	0	4000	other	0
02_01_1962_1_003_nback_3	106	Pulse	5	2049976	11660	2
02_01_1962_1_003_nback_3	107	Picture	11	2056387	0	1	4145	2	0	4000	hit	219
02_01_1962_1_003_nback_3	107	Response	1	2061656	5269	2
02_01_1962_1_003_nback_3	107	Pulse	5	2069975	13588	2
02_01_1962_1_003_nback_3	108	Picture	10	2074458	0	1	4145	2	0	4000	other	0
02_01_1962_1_003_nback_3	108	Pulse	5	2089965	15507	2
02_01_1962_1_003_nback_3	109	Picture	11	2092529	0	1	4145	2	0	4000	hit	224
02_01_1962_1_003_nback_3	109	Response	1	2098125	5596	2
02_01_1962_1_003_nback_3	109	Pulse	5	2109965	17436	2
02_01_1962_1_003_nback_3	110	Picture	10	2110600	0	1	4145	2	0	4000	other	0
02_01_1962_1_003_nback_3	111	Picture	10	2128671	0	1	4145	2	0	4000	other	0
02_01_1962_1_003_nback_3	111	Pulse	5	2129964	1293	2
02_01_1962_1_003_nback_3	112	Picture	11	2146742	0	1	4145	2	0	4000	hit	231
02_01_1962_1_003_nback_3	112	Pulse	5	2149954	3212	2
02_01_1962_1_003_nback_3	112	Response	1	2153794	7052	2
02_01_1962_1_003_nback_3	113	Picture	10	2164813	0	1	4145	2	0	4000	other	0
02_01_1962_1_003_nback_3	113	Pulse	5	2169954	5141	1
02_01_1962_1_003_nback_3	114	Picture	10	2182884	0	1	4145	2	0	4000	false_alarm	235
02_01_1962_1_003_nback_3	114	Response	1	2188033	5149	2
02_01_1962_1_003_nback_3	114	Pulse	5	2189954	7070	1
02_01_1962_1_003_nback_3	115	Picture	10	2200955	0	1	4144	3	0	4000	other	0
02_01_1962_1_003_nback_3	115	Pulse	5	2209943	8988	2
02_01_1962_1_003_nback_3	116	Picture	10	2219026	0	1	4144	3	0	4000	other	0
02_01_1962_1_003_nback_3	116	Pulse	5	2229942	10916	2
02_01_1962_1_003_nback_3	117	Picture	10	2237097	0	1	4144	3	0	4000	other	0
02_01_1962_1_003_nback_3	117	Pulse	5	2249932	12835	2
02_01_1962_1_003_nback_3	118	Picture	11	2255168	0	1	4144	3	0	4000	hit	244
02_01_1962_1_003_nback_3	118	Response	1	2261932	6764	2
02_01_1962_1_003_nback_3	118	Pulse	5	2269932	14764	2
02_01_1962_1_003_nback_3	119	Picture	10	2273239	0	1	4144	3	0	4000	other	0
02_01_1962_1_003_nback_3	119	Pulse	5	2289931	16692	2
02_01_1962_1_003_nback_3	120	Picture	10	2291309	0	2	4145	3	0	4000	other	0
02_01_1962_1_003_nback_3	121	Pulse	5	2309931	551	2
02_01_1962_1_003_nback_3	121	Pulse	5	2329920	20540	3
02_01_1962_1_003_nback_3	122	Picture	30	2334415	0	1	4144	3	0	4000	other	0
02_01_1962_1_003_nback_3	122	Pulse	5	2349919	15504	3
02_01_1962_1_003_nback_3	123	Picture	30	2352486	0	1	4144	2	0	4000	other	0
02_01_1962_1_003_nback_3	123	Pulse	5	2369919	17433	3
02_01_1962_1_003_nback_3	124	Picture	30	2370556	0	2	4145	3	0	4000	other	0
02_01_1962_1_003_nback_3	125	Picture	31	2388627	0	2	4145	3	0	4000	hit	258
02_01_1962_1_003_nback_3	125	Pulse	5	2389910	1283	1
02_01_1962_1_003_nback_3	125	Response	1	2394389	5762	2
02_01_1962_1_003_nback_3	126	Picture	31	2406698	0	1	4145	2	0	4000	hit	261
02_01_1962_1_003_nback_3	126	Pulse	5	2409909	3211	2
02_01_1962_1_003_nback_3	126	Response	1	2416309	9611	2
02_01_1962_1_003_nback_3	127	Picture	30	2424769	0	1	4145	2	0	4000	other	0
02_01_1962_1_003_nback_3	127	Pulse	5	2430069	5300	2
02_01_1962_1_003_nback_3	128	Picture	30	2442840	0	1	4145	2	0	4000	other	0
02_01_1962_1_003_nback_3	128	Pulse	5	2450057	7217	3
02_01_1962_1_003_nback_3	129	Picture	30	2460911	0	1	4145	2	0	4000	other	0
02_01_1962_1_003_nback_3	129	Pulse	5	2470057	9146	3
02_01_1962_1_003_nback_3	130	Picture	31	2478982	0	1	4145	2	0	4000	hit	270
02_01_1962_1_003_nback_3	130	Pulse	5	2490058	11076	2
02_01_1962_1_003_nback_3	130	Response	1	2493407	14425	2
02_01_1962_1_003_nback_3	131	Picture	30	2497053	0	1	4145	2	0	4000	other	0
02_01_1962_1_003_nback_3	131	Pulse	5	2510047	12994	2
02_01_1962_1_003_nback_3	132	Picture	30	2515124	0	1	4145	2	0	4000	other	0
02_01_1962_1_003_nback_3	132	Pulse	5	2530047	14923	2
02_01_1962_1_003_nback_3	133	Picture	30	2533195	0	1	4145	2	0	4000	other	0
02_01_1962_1_003_nback_3	133	Pulse	5	2550045	16850	3
02_01_1962_1_003_nback_3	134	Picture	30	2551266	0	1	4145	2	0	4000	other	0
02_01_1962_1_003_nback_3	135	Picture	31	2569337	0	1	4145	2	0	4000	hit	280
02_01_1962_1_003_nback_3	135	Pulse	5	2570036	699	2
02_01_1962_1_003_nback_3	135	Response	1	2578196	8859	2
02_01_1962_1_003_nback_3	136	Picture	30	2587408	0	1	4144	3	0	4000	other	0
02_01_1962_1_003_nback_3	136	Pulse	5	2590036	2628	2
02_01_1962_1_003_nback_3	137	Picture	30	2605479	0	1	4145	2	0	4000	false_alarm	285
02_01_1962_1_003_nback_3	137	Pulse	5	2610035	4556	2
02_01_1962_1_003_nback_3	137	Response	1	2615785	10306	2
