Scenario - 1-back
Logfile written - 02/28/2014 15:56:26

Subject	Trial	Event Type	Code	Time	TTime	Uncertainty	Duration	Uncertainty	ReqTime	ReqDur	Stim Type	Pair Index

02_01_1962_1_003_nback2	1	Pulse	5	585574	595408	2
02_01_1962_1_003_nback2	2	Pulse	5	605565	19888	1
02_01_1962_1_003_nback2	3	Picture	10	610711	0	1	4145	2	0	4000	other	0
02_01_1962_1_003_nback2	3	Pulse	5	625563	14852	2
02_01_1962_1_003_nback2	4	Picture	10	628782	0	1	4145	2	0	4000	other	0
02_01_1962_1_003_nback2	4	Pulse	5	645563	16781	2
02_01_1962_1_003_nback2	5	Picture	11	646853	0	2	4145	3	0	4000	hit	8
02_01_1962_1_003_nback2	5	Response	1	652753	5900	2
02_01_1962_1_003_nback2	6	Picture	10	664924	0	1	4145	2	0	4000	other	0
02_01_1962_1_003_nback2	6	Pulse	5	665552	628	2
02_01_1962_1_003_nback2	7	Picture	11	682995	0	1	4145	2	0	4000	hit	13
02_01_1962_1_003_nback2	7	Pulse	5	685552	2557	2
02_01_1962_1_003_nback2	7	Response	1	688112	5117	2
02_01_1962_1_003_nback2	8	Picture	10	701066	0	1	4145	2	0	4000	other	0
02_01_1962_1_003_nback2	8	Pulse	5	705552	4486	2
02_01_1962_1_003_nback2	9	Picture	10	719137	0	1	4144	3	0	4000	other	0
02_01_1962_1_003_nback2	9	Pulse	5	725541	6404	2
02_01_1962_1_003_nback2	10	Picture	10	737208	0	1	4145	2	0	4000	other	0
02_01_1962_1_003_nback2	10	Pulse	5	745541	8333	2
02_01_1962_1_003_nback2	11	Picture	11	755279	0	1	4144	3	0	4000	hit	21
02_01_1962_1_003_nback2	11	Response	1	763941	8662	1
02_01_1962_1_003_nback2	11	Pulse	5	765541	10262	1
02_01_1962_1_003_nback2	12	Picture	10	773350	0	1	4144	3	0	4000	other	0
02_01_1962_1_003_nback2	12	Pulse	5	785530	12180	2
02_01_1962_1_003_nback2	13	Picture	10	791421	0	1	4144	3	0	4000	other	0
02_01_1962_1_003_nback2	13	Pulse	5	805530	14109	2
02_01_1962_1_003_nback2	14	Picture	11	809492	0	1	4144	2	0	4000	hit	28
02_01_1962_1_003_nback2	14	Response	1	817850	8358	1
02_01_1962_1_003_nback2	14	Pulse	5	825529	16037	2
02_01_1962_1_003_nback2	15	Picture	10	827563	0	1	4144	2	0	4000	other	0
02_01_1962_1_003_nback2	15	Pulse	5	845519	17956	2
02_01_1962_1_003_nback2	16	Picture	10	845633	0	2	4145	3	0	4000	other	0
02_01_1962_1_003_nback2	17	Picture	10	863704	0	2	4145	3	0	4000	other	0
02_01_1962_1_003_nback2	17	Pulse	5	865519	1815	2
02_01_1962_1_003_nback2	18	Picture	10	881775	0	1	4145	2	0	4000	other	0
02_01_1962_1_003_nback2	18	Pulse	5	885518	3743	2
02_01_1962_1_003_nback2	19	Pulse	5	905508	5662	2
02_01_1962_1_003_nback2	20	Picture	30	924880	0	2	4145	3	0	4000	other	0
02_01_1962_1_003_nback2	20	Pulse	5	925508	628	1
02_01_1962_1_003_nback2	21	Picture	30	942951	0	1	4145	2	0	4000	other	0
02_01_1962_1_003_nback2	21	Pulse	5	945507	2556	2
02_01_1962_1_003_nback2	22	Picture	31	961022	0	1	4145	3	0	4000	hit	44
02_01_1962_1_003_nback2	22	Pulse	5	965497	4475	2
02_01_1962_1_003_nback2	22	Response	1	966938	5916	1
02_01_1962_1_003_nback2	23	Picture	30	979093	0	1	4145	2	0	4000	other	0
02_01_1962_1_003_nback2	23	Pulse	5	985496	6403	2
02_01_1962_1_003_nback2	24	Picture	30	997164	0	1	4145	2	0	4000	other	0
02_01_1962_1_003_nback2	24	Pulse	5	1005486	8322	2
02_01_1962_1_003_nback2	25	Picture	30	1015235	0	1	4145	2	0	4000	other	0
02_01_1962_1_003_nback2	25	Pulse	5	1025486	10251	2
02_01_1962_1_003_nback2	26	Picture	31	1033306	0	1	4145	2	0	4000	hit	52
02_01_1962_1_003_nback2	26	Response	1	1041165	7859	2
02_01_1962_1_003_nback2	26	Pulse	5	1045485	12179	2
02_01_1962_1_003_nback2	27	Picture	31	1051377	0	1	4145	2	0	4000	hit	55
02_01_1962_1_003_nback2	27	Response	1	1059885	8508	2
02_01_1962_1_003_nback2	27	Pulse	5	1065475	14098	2
02_01_1962_1_003_nback2	28	Picture	30	1069448	0	1	4145	2	0	4000	other	0
02_01_1962_1_003_nback2	28	Pulse	5	1085475	16027	2
02_01_1962_1_003_nback2	29	Picture	30	1087519	0	1	4145	2	0	4000	other	0
02_01_1962_1_003_nback2	29	Pulse	5	1105474	17955	2
02_01_1962_1_003_nback2	30	Picture	30	1105590	0	1	4144	3	0	4000	other	0
02_01_1962_1_003_nback2	31	Picture	31	1123661	0	1	4144	3	0	4000	hit	64
02_01_1962_1_003_nback2	31	Pulse	5	1125463	1802	3
02_01_1962_1_003_nback2	31	Response	1	1131544	7883	2
02_01_1962_1_003_nback2	32	Picture	30	1141732	0	1	4144	3	0	4000	other	0
02_01_1962_1_003_nback2	32	Pulse	5	1145462	3730	4
02_01_1962_1_003_nback2	33	Picture	30	1159803	0	1	4144	3	0	4000	other	0
02_01_1962_1_003_nback2	33	Pulse	5	1165462	5659	3
02_01_1962_1_003_nback2	34	Picture	30	1177874	0	1	4144	2	0	4000	other	0
02_01_1962_1_003_nback2	34	Pulse	5	1185453	7579	2
02_01_1962_1_003_nback2	35	Picture	30	1195944	0	2	4145	3	0	4000	other	0
02_01_1962_1_003_nback2	35	Pulse	5	1205452	9508	2
02_01_1962_1_003_nback2	36	Pulse	5	1225611	11596	3
02_01_1962_1_003_nback2	37	Picture	10	1239049	0	2	4145	3	0	4000	other	0
02_01_1962_1_003_nback2	37	Pulse	5	1245601	6552	3
02_01_1962_1_003_nback2	38	Picture	10	1257120	0	2	4145	3	0	4000	other	0
02_01_1962_1_003_nback2	38	Pulse	5	1265600	8480	3
02_01_1962_1_003_nback2	39	Picture	11	1275191	0	2	4145	3	0	4000	hit	79
02_01_1962_1_003_nback2	39	Response	1	1280481	5290	2
02_01_1962_1_003_nback2	39	Pulse	5	1285600	10409	3
02_01_1962_1_003_nback2	40	Picture	10	1293262	0	2	4145	3	0	4000	other	0
02_01_1962_1_003_nback2	40	Pulse	5	1305590	12328	2
02_01_1962_1_003_nback2	41	Picture	11	1311333	0	1	4145	2	0	4000	hit	84
02_01_1962_1_003_nback2	41	Response	1	1317110	5777	2
02_01_1962_1_003_nback2	41	Pulse	5	1325590	14257	2
02_01_1962_1_003_nback2	42	Picture	10	1329404	0	1	4145	2	0	4000	other	0
02_01_1962_1_003_nback2	42	Pulse	5	1345590	16186	1
02_01_1962_1_003_nback2	43	Picture	10	1347475	0	1	4145	2	0	4000	other	0
02_01_1962_1_003_nback2	44	Picture	10	1365546	0	1	4145	2	0	4000	other	0
02_01_1962_1_003_nback2	44	Pulse	5	1365579	33	2
02_01_1962_1_003_nback2	45	Picture	11	1383617	0	1	4145	2	0	4000	hit	93
02_01_1962_1_003_nback2	45	Pulse	5	1385579	1962	2
02_01_1962_1_003_nback2	45	Response	1	1390059	6442	2
02_01_1962_1_003_nback2	46	Picture	10	1401688	0	1	4145	2	0	4000	other	0
02_01_1962_1_003_nback2	46	Pulse	5	1405579	3891	1
02_01_1962_1_003_nback2	47	Picture	10	1419759	0	1	4145	2	0	4000	other	0
02_01_1962_1_003_nback2	47	Pulse	5	1425568	5809	2
02_01_1962_1_003_nback2	48	Picture	11	1437830	0	1	4145	2	0	4000	hit	99
02_01_1962_1_003_nback2	48	Response	1	1443328	5498	2
02_01_1962_1_003_nback2	48	Pulse	5	1445568	7738	2
02_01_1962_1_003_nback2	49	Picture	10	1455901	0	1	4145	2	0	4000	other	0
02_01_1962_1_003_nback2	49	Pulse	5	1465567	9666	2
02_01_1962_1_003_nback2	50	Picture	10	1473972	0	1	4144	3	0	4000	other	0
02_01_1962_1_003_nback2	50	Pulse	5	1485557	11585	2
02_01_1962_1_003_nback2	51	Picture	10	1492043	0	1	4144	3	0	4000	other	0
02_01_1962_1_003_nback2	51	Pulse	5	1505557	13514	2
02_01_1962_1_003_nback2	52	Picture	10	1510114	0	1	4144	3	0	4000	other	0
02_01_1962_1_003_nback2	52	Pulse	5	1525556	15442	2
02_01_1962_1_003_nback2	53	Pulse	5	1545546	17361	2
02_01_1962_1_003_nback2	54	Picture	20	1553219	0	1	4144	3	0	4000	other	0
02_01_1962_1_003_nback2	54	Pulse	5	1565546	12327	2
02_01_1962_1_003_nback2	55	Picture	20	1571290	0	1	4144	3	0	4000	other	0
02_01_1962_1_003_nback2	55	Pulse	5	1585545	14255	2
02_01_1962_1_003_nback2	56	Picture	21	1589361	0	1	4144	2	0	4000	hit	115
02_01_1962_1_003_nback2	56	Response	1	1596265	6904	2
02_01_1962_1_003_nback2	56	Pulse	5	1605535	16174	2
02_01_1962_1_003_nback2	57	Picture	20	1607432	0	1	4144	2	0	4000	other	0
02_01_1962_1_003_nback2	58	Picture	20	1625502	0	2	4145	3	0	4000	other	0
02_01_1962_1_003_nback2	58	Pulse	5	1625534	32	2
02_01_1962_1_003_nback2	59	Picture	20	1643573	0	2	4145	3	0	4000	other	0
02_01_1962_1_003_nback2	59	Pulse	5	1645534	1961	2
02_01_1962_1_003_nback2	60	Picture	21	1661644	0	2	4145	3	0	4000	miss	0
02_01_1962_1_003_nback2	60	Pulse	5	1665524	3880	2
02_01_1962_1_003_nback2	61	Picture	20	1679715	0	1	4145	2	0	4000	other	0
02_01_1962_1_003_nback2	61	Pulse	5	1685523	5808	2
02_01_1962_1_003_nback2	62	Picture	20	1697786	0	2	4145	3	0	4000	other	0
02_01_1962_1_003_nback2	62	Pulse	5	1705524	7738	1
02_01_1962_1_003_nback2	63	Picture	20	1715857	0	1	4145	2	0	4000	other	0
02_01_1962_1_003_nback2	63	Pulse	5	1725513	9656	1
02_01_1962_1_003_nback2	64	Picture	20	1733928	0	1	4145	2	0	4000	other	0
02_01_1962_1_003_nback2	64	Pulse	5	1745512	11584	2
02_01_1962_1_003_nback2	65	Picture	20	1751999	0	1	4145	2	0	4000	other	0
02_01_1962_1_003_nback2	65	Pulse	5	1765512	13513	2
02_01_1962_1_003_nback2	66	Picture	21	1770070	0	1	4145	2	0	4000	hit	135
02_01_1962_1_003_nback2	66	Response	1	1780871	10801	2
02_01_1962_1_003_nback2	66	Pulse	5	1785502	15432	1
02_01_1962_1_003_nback2	67	Picture	20	1788141	0	1	4145	2	0	4000	other	0
02_01_1962_1_003_nback2	67	Pulse	5	1805501	17360	2
02_01_1962_1_003_nback2	68	Picture	20	1806212	0	1	4145	2	0	4000	other	0
02_01_1962_1_003_nback2	69	Picture	21	1824283	0	1	4144	3	0	4000	miss	0
02_01_1962_1_003_nback2	69	Pulse	5	1825501	1218	1
02_01_1962_1_003_nback2	70	Pulse	5	1845490	3136	2
02_01_1962_1_003_nback2	70	Pulse	5	1865490	23136	2
02_01_1962_1_003_nback2	71	Picture	10	1867388	0	1	4145	2	0	4000	other	0
02_01_1962_1_003_nback2	72	Picture	10	1885459	0	1	4145	2	0	4000	other	0
02_01_1962_1_003_nback2	72	Pulse	5	1885490	31	1
02_01_1962_1_003_nback2	73	Picture	11	1903530	0	1	4145	2	0	4000	hit	149
02_01_1962_1_003_nback2	73	Pulse	5	1905479	1949	2
02_01_1962_1_003_nback2	73	Response	1	1911879	8349	2
02_01_1962_1_003_nback2	74	Picture	10	1921601	0	1	4144	3	0	4000	other	0
02_01_1962_1_003_nback2	74	Pulse	5	1925479	3878	2
02_01_1962_1_003_nback2	75	Picture	11	1939672	0	1	4144	3	0	4000	hit	154
02_01_1962_1_003_nback2	75	Pulse	5	1945478	5806	2
02_01_1962_1_003_nback2	75	Response	1	1945958	6286	2
02_01_1962_1_003_nback2	76	Picture	10	1957743	0	1	4144	3	0	4000	other	0
02_01_1962_1_003_nback2	76	Pulse	5	1965468	7725	2
02_01_1962_1_003_nback2	77	Picture	10	1975814	0	1	4144	3	0	4000	other	0
02_01_1962_1_003_nback2	77	Pulse	5	1985468	9654	2
02_01_1962_1_003_nback2	78	Picture	11	1993884	0	2	4145	3	0	4000	hit	160
02_01_1962_1_003_nback2	78	Response	1	1999066	5182	4
02_01_1962_1_003_nback2	78	Pulse	5	2005467	11583	2
02_01_1962_1_003_nback2	79	Picture	10	2011955	0	2	4145	3	0	4000	other	0
02_01_1962_1_003_nback2	79	Pulse	5	2025458	13503	1
02_01_1962_1_003_nback2	80	Picture	10	2030026	0	2	4145	3	0	4000	other	0
02_01_1962_1_003_nback2	80	Pulse	5	2045456	15430	3
02_01_1962_1_003_nback2	81	Picture	10	2048097	0	2	4145	3	0	4000	other	0
02_01_1962_1_003_nback2	81	Pulse	5	2065456	17359	2
02_01_1962_1_003_nback2	82	Picture	10	2066168	0	2	4145	3	0	4000	other	0
02_01_1962_1_003_nback2	83	Picture	10	2084239	0	2	4145	3	0	4000	other	0
02_01_1962_1_003_nback2	83	Pulse	5	2085446	1207	2
02_01_1962_1_003_nback2	84	Picture	11	2102310	0	1	4145	2	0	4000	hit	173
02_01_1962_1_003_nback2	84	Pulse	5	2105446	3136	1
02_01_1962_1_003_nback2	84	Response	1	2110085	7775	2
02_01_1962_1_003_nback2	85	Picture	10	2120381	0	1	4145	2	0	4000	other	0
02_01_1962_1_003_nback2	85	Pulse	5	2125446	5065	1
02_01_1962_1_003_nback2	86	Picture	10	2138452	0	1	4145	2	0	4000	other	0
02_01_1962_1_003_nback2	86	Pulse	5	2145434	6982	3
02_01_1962_1_003_nback2	87	Pulse	5	2165433	8910	5
02_01_1962_1_003_nback2	88	Picture	30	2181557	0	1	4145	2	0	4000	other	0
02_01_1962_1_003_nback2	88	Pulse	5	2185435	3878	1
02_01_1962_1_003_nback2	89	Picture	30	2199628	0	1	4145	2	0	4000	other	0
02_01_1962_1_003_nback2	89	Pulse	5	2205424	5796	1
02_01_1962_1_003_nback2	90	Picture	30	2217699	0	1	4144	3	0	4000	other	0
02_01_1962_1_003_nback2	90	Pulse	5	2225423	7724	2
02_01_1962_1_003_nback2	91	Picture	31	2235770	0	1	4145	2	0	4000	hit	186
02_01_1962_1_003_nback2	91	Response	1	2240463	4693	2
02_01_1962_1_003_nback2	91	Pulse	5	2245423	9653	2
02_01_1962_1_003_nback2	92	Picture	31	2253841	0	1	4145	2	0	4000	hit	189
02_01_1962_1_003_nback2	92	Response	1	2259341	5500	4
02_01_1962_1_003_nback2	92	Pulse	5	2265571	11730	3
02_01_1962_1_003_nback2	93	Picture	30	2271912	0	1	4144	3	0	4000	other	0
02_01_1962_1_003_nback2	93	Pulse	5	2285571	13659	3
02_01_1962_1_003_nback2	94	Picture	30	2289983	0	1	4144	3	0	4000	other	0
02_01_1962_1_003_nback2	94	Pulse	5	2305571	15588	3
02_01_1962_1_003_nback2	95	Picture	30	2308054	0	1	4144	3	0	4000	other	0
02_01_1962_1_003_nback2	95	Pulse	5	2325561	17507	2
02_01_1962_1_003_nback2	96	Picture	31	2326125	0	1	4144	3	0	4000	hit	198
02_01_1962_1_003_nback2	96	Response	1	2330521	4396	2
02_01_1962_1_003_nback2	97	Picture	30	2344196	0	1	4144	3	0	4000	other	0
02_01_1962_1_003_nback2	97	Pulse	5	2345560	1364	3
02_01_1962_1_003_nback2	98	Picture	30	2362266	0	2	4145	3	0	4000	other	0
02_01_1962_1_003_nback2	98	Pulse	5	2365559	3293	4
02_01_1962_1_003_nback2	99	Picture	30	2380338	0	1	4144	2	0	4000	other	0
02_01_1962_1_003_nback2	99	Pulse	5	2385550	5212	2
02_01_1962_1_003_nback2	100	Picture	30	2398408	0	2	4145	3	0	4000	other	0
02_01_1962_1_003_nback2	100	Pulse	5	2405550	7142	2
02_01_1962_1_003_nback2	101	Picture	31	2416479	0	2	4145	3	0	4000	hit	208
02_01_1962_1_003_nback2	101	Response	1	2420749	4270	2
02_01_1962_1_003_nback2	101	Pulse	5	2425550	9071	1
02_01_1962_1_003_nback2	102	Picture	30	2434550	0	1	4145	2	0	4000	other	0
02_01_1962_1_003_nback2	102	Pulse	5	2445539	10989	2
02_01_1962_1_003_nback2	103	Picture	30	2452621	0	1	4145	2	0	4000	false_alarm	213
02_01_1962_1_003_nback2	103	Response	1	2458819	6198	2
02_01_1962_1_003_nback2	103	Pulse	5	2465540	12919	1
02_01_1962_1_003_nback2	104	Pulse	5	2485538	14846	2
02_01_1962_1_003_nback2	105	Picture	10	2495726	0	2	4145	3	0	4000	other	0
02_01_1962_1_003_nback2	105	Pulse	5	2505529	9803	1
02_01_1962_1_003_nback2	106	Picture	10	2513797	0	2	4145	3	0	4000	other	0
02_01_1962_1_003_nback2	106	Pulse	5	2525527	11730	3
02_01_1962_1_003_nback2	107	Picture	11	2531868	0	1	4145	2	0	4000	miss	0
02_01_1962_1_003_nback2	107	Pulse	5	2545527	13659	2
02_01_1962_1_003_nback2	108	Picture	10	2549939	0	1	4145	2	0	4000	other	0
02_01_1962_1_003_nback2	108	Pulse	5	2565517	15578	2
02_01_1962_1_003_nback2	109	Picture	11	2568010	0	1	4145	2	0	4000	hit	225
02_01_1962_1_003_nback2	109	Response	1	2571597	3587	1
02_01_1962_1_003_nback2	109	Pulse	5	2585517	17507	1
02_01_1962_1_003_nback2	110	Picture	10	2586081	0	1	4145	2	0	4000	other	0
02_01_1962_1_003_nback2	111	Picture	10	2604152	0	1	4145	2	0	4000	other	0
02_01_1962_1_003_nback2	111	Pulse	5	2605517	1365	1
02_01_1962_1_003_nback2	112	Picture	11	2622223	0	1	4145	2	0	4000	hit	232
02_01_1962_1_003_nback2	112	Pulse	5	2625506	3283	1
02_01_1962_1_003_nback2	112	Response	1	2626786	4563	1
02_01_1962_1_003_nback2	113	Picture	10	2640294	0	1	4145	2	0	4000	other	0
02_01_1962_1_003_nback2	113	Pulse	5	2645505	5211	2
02_01_1962_1_003_nback2	114	Picture	10	2658365	0	1	4144	3	0	4000	other	0
02_01_1962_1_003_nback2	114	Pulse	5	2665505	7140	2
02_01_1962_1_003_nback2	115	Picture	10	2676436	0	1	4144	3	0	4000	other	0
02_01_1962_1_003_nback2	115	Pulse	5	2685495	9059	1
02_01_1962_1_003_nback2	116	Picture	10	2694507	0	1	4144	3	0	4000	other	0
02_01_1962_1_003_nback2	116	Pulse	5	2705494	10987	2
02_01_1962_1_003_nback2	117	Picture	10	2712578	0	1	4144	3	0	4000	other	0
02_01_1962_1_003_nback2	117	Pulse	5	2725494	12916	2
02_01_1962_1_003_nback2	118	Picture	11	2730649	0	1	4144	3	0	4000	hit	244
02_01_1962_1_003_nback2	118	Response	1	2737333	6684	2
02_01_1962_1_003_nback2	118	Pulse	5	2745483	14834	2
02_01_1962_1_003_nback2	119	Picture	10	2748720	0	1	4144	2	0	4000	other	0
02_01_1962_1_003_nback2	119	Pulse	5	2765483	16763	2
02_01_1962_1_003_nback2	120	Picture	10	2766790	0	2	4145	3	0	4000	other	0
02_01_1962_1_003_nback2	121	Pulse	5	2785483	622	1
02_01_1962_1_003_nback2	121	Pulse	5	2805472	20611	2
02_01_1962_1_003_nback2	122	Picture	20	2809896	0	1	4144	2	0	4000	other	0
02_01_1962_1_003_nback2	122	Pulse	5	2825472	15576	2
02_01_1962_1_003_nback2	123	Picture	20	2827967	0	1	4144	2	0	4000	other	0
02_01_1962_1_003_nback2	123	Pulse	5	2845472	17505	1
02_01_1962_1_003_nback2	124	Picture	20	2846037	0	2	4145	3	0	4000	other	0
02_01_1962_1_003_nback2	125	Picture	21	2864108	0	2	4145	3	0	4000	hit	258
02_01_1962_1_003_nback2	125	Pulse	5	2865461	1353	2
02_01_1962_1_003_nback2	125	Response	1	2870581	6473	2
02_01_1962_1_003_nback2	126	Picture	20	2882179	0	2	4145	3	0	4000	other	0
02_01_1962_1_003_nback2	126	Pulse	5	2885461	3282	2
02_01_1962_1_003_nback2	127	Picture	20	2900250	0	2	4145	3	0	4000	other	0
02_01_1962_1_003_nback2	127	Pulse	5	2905460	5210	2
02_01_1962_1_003_nback2	128	Picture	21	2918321	0	1	4145	2	0	4000	hit	264
02_01_1962_1_003_nback2	128	Response	1	2924010	5689	2
02_01_1962_1_003_nback2	128	Pulse	5	2925450	7129	2
02_01_1962_1_003_nback2	129	Picture	20	2936392	0	1	4145	2	0	4000	other	0
02_01_1962_1_003_nback2	129	Pulse	5	2945450	9058	2
02_01_1962_1_003_nback2	130	Picture	20	2954463	0	1	4145	2	0	4000	other	0
02_01_1962_1_003_nback2	130	Pulse	5	2965449	10986	2
02_01_1962_1_003_nback2	131	Picture	20	2972534	0	1	4145	2	0	4000	other	0
02_01_1962_1_003_nback2	131	Pulse	5	2985439	12905	2
02_01_1962_1_003_nback2	132	Picture	21	2990605	0	1	4145	2	0	4000	hit	273
02_01_1962_1_003_nback2	132	Response	1	2994239	3634	2
02_01_1962_1_003_nback2	132	Pulse	5	3005439	14834	2
02_01_1962_1_003_nback2	133	Picture	20	3008676	0	1	4145	2	0	4000	other	0
02_01_1962_1_003_nback2	133	Pulse	5	3025439	16763	1
02_01_1962_1_003_nback2	134	Picture	20	3026747	0	1	4145	2	0	4000	other	0
02_01_1962_1_003_nback2	135	Picture	21	3044818	0	1	4145	2	0	4000	miss	0
02_01_1962_1_003_nback2	135	Pulse	5	3045428	610	2
02_01_1962_1_003_nback2	136	Picture	20	3062889	0	1	4145	2	0	4000	other	0
02_01_1962_1_003_nback2	136	Pulse	5	3065427	2538	2
02_01_1962_1_003_nback2	137	Picture	20	3080960	0	1	4144	3	0	4000	other	0
02_01_1962_1_003_nback2	137	Pulse	5	3085427	4467	2
