Scenario - 1-back
Logfile written - 02/28/2014 16:05:59

Subject	Trial	Event Type	Code	Time	TTime	Uncertainty	Duration	Uncertainty	ReqTime	ReqDur	Stim Type	Pair Index

02_01_1962_1_003_nback4	1	Pulse	5	83544	93378	2
02_01_1962_1_003_nback4	2	Pulse	5	103544	19874	1
02_01_1962_1_003_nback4	3	Picture	10	108703	0	3	4146	4	0	4000	other	0
02_01_1962_1_003_nback4	3	Pulse	5	123533	14830	2
02_01_1962_1_003_nback4	4	Picture	10	126775	0	1	4144	3	0	4000	other	0
02_01_1962_1_003_nback4	4	Pulse	5	143533	16758	2
02_01_1962_1_003_nback4	5	Picture	11	144846	0	1	4144	3	0	4000	hit	8
02_01_1962_1_003_nback4	5	Response	1	149933	5087	2
02_01_1962_1_003_nback4	6	Picture	10	162917	0	1	4144	2	0	4000	other	0
02_01_1962_1_003_nback4	6	Pulse	5	163532	615	2
02_01_1962_1_003_nback4	7	Picture	11	180988	0	1	4144	2	0	4000	hit	13
02_01_1962_1_003_nback4	7	Pulse	5	183522	2534	2
02_01_1962_1_003_nback4	7	Response	1	187202	6214	2
02_01_1962_1_003_nback4	8	Picture	10	199059	0	1	4144	2	0	4000	other	0
02_01_1962_1_003_nback4	8	Pulse	5	203522	4463	2
02_01_1962_1_003_nback4	9	Picture	10	217129	0	2	4145	3	0	4000	other	0
02_01_1962_1_003_nback4	9	Pulse	5	223521	6392	2
02_01_1962_1_003_nback4	10	Picture	10	235200	0	2	4145	3	0	4000	other	0
02_01_1962_1_003_nback4	10	Pulse	5	243511	8311	2
02_01_1962_1_003_nback4	11	Picture	11	253271	0	2	4145	3	0	4000	hit	21
02_01_1962_1_003_nback4	11	Response	1	259671	6400	2
02_01_1962_1_003_nback4	11	Pulse	5	263511	10240	1
02_01_1962_1_003_nback4	12	Picture	10	271342	0	2	4145	3	0	4000	other	0
02_01_1962_1_003_nback4	12	Pulse	5	283500	12158	2
02_01_1962_1_003_nback4	13	Picture	10	289413	0	1	4145	2	0	4000	other	0
02_01_1962_1_003_nback4	13	Pulse	5	303500	14087	2
02_01_1962_1_003_nback4	14	Picture	11	307484	0	1	4145	2	0	4000	hit	28
02_01_1962_1_003_nback4	14	Response	1	315181	7697	1
02_01_1962_1_003_nback4	14	Pulse	5	323499	16015	3
02_01_1962_1_003_nback4	15	Picture	10	325555	0	1	4145	2	0	4000	other	0
02_01_1962_1_003_nback4	15	Pulse	5	343499	17944	2
02_01_1962_1_003_nback4	16	Picture	10	343626	0	1	4145	2	0	4000	other	0
02_01_1962_1_003_nback4	17	Picture	10	361697	0	1	4145	2	0	4000	other	0
02_01_1962_1_003_nback4	17	Pulse	5	363489	1792	2
02_01_1962_1_003_nback4	18	Picture	10	379768	0	1	4145	2	0	4000	other	0
02_01_1962_1_003_nback4	18	Pulse	5	383488	3720	2
02_01_1962_1_003_nback4	19	Pulse	5	403488	5649	2
02_01_1962_1_003_nback4	20	Picture	30	422873	0	1	4144	4	0	4000	other	0
02_01_1962_1_003_nback4	20	Pulse	5	423478	605	1
02_01_1962_1_003_nback4	21	Picture	30	440944	0	1	4145	2	0	4000	other	0
02_01_1962_1_003_nback4	21	Pulse	5	443477	2533	2
02_01_1962_1_003_nback4	22	Picture	31	459015	0	1	4145	2	0	4000	hit	44
02_01_1962_1_003_nback4	22	Pulse	5	463477	4462	2
02_01_1962_1_003_nback4	22	Response	1	464757	5742	2
02_01_1962_1_003_nback4	23	Picture	30	477086	0	1	4144	3	0	4000	other	0
02_01_1962_1_003_nback4	23	Pulse	5	483466	6380	2
02_01_1962_1_003_nback4	24	Picture	30	495157	0	1	4144	3	0	4000	other	0
02_01_1962_1_003_nback4	24	Pulse	5	503466	8309	2
02_01_1962_1_003_nback4	25	Picture	30	513228	0	1	4144	3	0	4000	other	0
02_01_1962_1_003_nback4	25	Pulse	5	523466	10238	2
02_01_1962_1_003_nback4	26	Picture	31	531299	0	1	4144	3	0	4000	hit	52
02_01_1962_1_003_nback4	26	Response	1	536415	5116	2
02_01_1962_1_003_nback4	26	Pulse	5	543455	12156	2
02_01_1962_1_003_nback4	27	Picture	31	549370	0	1	4144	2	0	4000	miss	0
02_01_1962_1_003_nback4	27	Pulse	5	563455	14085	2
02_01_1962_1_003_nback4	28	Picture	30	567440	0	2	4145	4	0	4000	other	0
02_01_1962_1_003_nback4	28	Pulse	5	583455	16015	2
02_01_1962_1_003_nback4	29	Picture	30	585511	0	2	4145	3	0	4000	other	0
02_01_1962_1_003_nback4	29	Pulse	5	603444	17933	2
02_01_1962_1_003_nback4	30	Picture	30	603582	0	2	4145	3	0	4000	other	0
02_01_1962_1_003_nback4	31	Picture	31	621653	0	2	4145	3	0	4000	miss	0
02_01_1962_1_003_nback4	31	Pulse	5	623444	1791	2
02_01_1962_1_003_nback4	32	Picture	30	639724	0	2	4145	3	0	4000	other	0
02_01_1962_1_003_nback4	32	Pulse	5	643443	3719	2
02_01_1962_1_003_nback4	33	Picture	30	657795	0	2	4145	3	0	4000	other	0
02_01_1962_1_003_nback4	33	Pulse	5	663433	5638	2
02_01_1962_1_003_nback4	34	Picture	30	675866	0	1	4145	2	0	4000	false_alarm	69
02_01_1962_1_003_nback4	34	Pulse	5	683433	7567	2
02_01_1962_1_003_nback4	34	Response	1	688233	12367	1
02_01_1962_1_003_nback4	35	Picture	30	693937	0	1	4145	2	0	4000	other	0
02_01_1962_1_003_nback4	35	Pulse	5	703432	9495	2
02_01_1962_1_003_nback4	36	Pulse	5	723423	11415	1
02_01_1962_1_003_nback4	37	Picture	10	737042	0	1	4145	2	0	4000	other	0
02_01_1962_1_003_nback4	37	Pulse	5	743422	6380	1
02_01_1962_1_003_nback4	38	Picture	10	755113	0	1	4145	2	0	4000	other	0
02_01_1962_1_003_nback4	38	Pulse	5	763411	8298	2
02_01_1962_1_003_nback4	39	Picture	11	773184	0	1	4145	2	0	4000	hit	78
02_01_1962_1_003_nback4	39	Response	1	783091	9907	2
02_01_1962_1_003_nback4	39	Pulse	5	783411	10227	2
02_01_1962_1_003_nback4	40	Picture	10	791255	0	1	4145	2	0	4000	other	0
02_01_1962_1_003_nback4	40	Pulse	5	803410	12155	3
02_01_1962_1_003_nback4	41	Picture	11	809326	0	1	4145	2	0	4000	hit	83
02_01_1962_1_003_nback4	41	Response	1	816530	7204	2
02_01_1962_1_003_nback4	41	Pulse	5	823410	14084	2
02_01_1962_1_003_nback4	42	Picture	10	827397	0	1	4145	2	0	4000	other	0
02_01_1962_1_003_nback4	42	Pulse	5	843400	16003	2
02_01_1962_1_003_nback4	43	Picture	10	845468	0	1	4145	2	0	4000	other	0
02_01_1962_1_003_nback4	43	Pulse	5	863399	17931	2
02_01_1962_1_003_nback4	44	Picture	10	863539	0	1	4145	2	0	4000	other	0
02_01_1962_1_003_nback4	45	Picture	11	881610	0	1	4144	3	0	4000	hit	92
02_01_1962_1_003_nback4	45	Pulse	5	883399	1789	2
02_01_1962_1_003_nback4	45	Response	1	890749	9139	2
02_01_1962_1_003_nback4	46	Picture	10	899681	0	1	4144	3	0	4000	other	0
02_01_1962_1_003_nback4	46	Pulse	5	903390	3709	1
02_01_1962_1_003_nback4	47	Picture	10	917752	0	1	4144	3	0	4000	other	0
02_01_1962_1_003_nback4	47	Pulse	5	923388	5636	2
02_01_1962_1_003_nback4	48	Picture	11	935823	0	1	4144	2	0	4000	hit	98
02_01_1962_1_003_nback4	48	Response	1	941468	5645	2
02_01_1962_1_003_nback4	48	Pulse	5	943388	7565	2
02_01_1962_1_003_nback4	49	Picture	10	953894	0	1	4144	2	0	4000	other	0
02_01_1962_1_003_nback4	49	Pulse	5	963376	9482	4
02_01_1962_1_003_nback4	50	Picture	10	971964	0	2	4145	3	0	4000	other	0
02_01_1962_1_003_nback4	50	Pulse	5	983376	11412	4
02_01_1962_1_003_nback4	51	Picture	10	990035	0	2	4145	3	0	4000	other	0
02_01_1962_1_003_nback4	51	Pulse	5	1003376	13341	3
02_01_1962_1_003_nback4	52	Picture	10	1008106	0	2	4145	3	0	4000	other	0
02_01_1962_1_003_nback4	52	Pulse	5	1023527	15421	1
02_01_1962_1_003_nback4	53	Pulse	5	1043526	17349	2
02_01_1962_1_003_nback4	54	Picture	20	1051211	0	2	4145	3	0	4000	other	0
02_01_1962_1_003_nback4	54	Pulse	5	1063515	12304	3
02_01_1962_1_003_nback4	55	Picture	20	1069282	0	1	4145	2	0	4000	other	0
02_01_1962_1_003_nback4	55	Pulse	5	1083514	14232	3
02_01_1962_1_003_nback4	56	Picture	21	1087353	0	2	4145	3	0	4000	hit	114
02_01_1962_1_003_nback4	56	Response	1	1096795	9442	2
02_01_1962_1_003_nback4	56	Pulse	5	1103515	16162	2
02_01_1962_1_003_nback4	57	Picture	20	1105424	0	1	4145	2	0	4000	other	0
02_01_1962_1_003_nback4	58	Picture	20	1123495	0	1	4145	2	0	4000	other	0
02_01_1962_1_003_nback4	58	Pulse	5	1123504	9	2
02_01_1962_1_003_nback4	59	Picture	20	1141566	0	1	4145	2	0	4000	other	0
02_01_1962_1_003_nback4	59	Pulse	5	1143504	1938	2
02_01_1962_1_003_nback4	60	Picture	21	1159637	0	1	4145	2	0	4000	miss	0
02_01_1962_1_003_nback4	60	Pulse	5	1163504	3867	2
02_01_1962_1_003_nback4	61	Picture	20	1177708	0	1	4145	2	0	4000	other	0
02_01_1962_1_003_nback4	61	Pulse	5	1183493	5785	2
02_01_1962_1_003_nback4	62	Picture	20	1195779	0	1	4145	2	0	4000	other	0
02_01_1962_1_003_nback4	62	Pulse	5	1203493	7714	2
02_01_1962_1_003_nback4	63	Picture	20	1213850	0	1	4145	2	0	4000	other	0
02_01_1962_1_003_nback4	63	Pulse	5	1223493	9643	1
02_01_1962_1_003_nback4	64	Picture	20	1231921	0	1	4145	2	0	4000	other	0
02_01_1962_1_003_nback4	64	Pulse	5	1243482	11561	2
02_01_1962_1_003_nback4	65	Picture	20	1249992	0	1	4145	2	0	4000	other	0
02_01_1962_1_003_nback4	65	Pulse	5	1263482	13490	2
02_01_1962_1_003_nback4	66	Picture	21	1268063	0	1	4144	3	0	4000	hit	134
02_01_1962_1_003_nback4	66	Response	1	1276442	8379	2
02_01_1962_1_003_nback4	66	Pulse	5	1283481	15418	2
02_01_1962_1_003_nback4	67	Picture	20	1286134	0	1	4144	3	0	4000	other	0
02_01_1962_1_003_nback4	67	Pulse	5	1303471	17337	2
02_01_1962_1_003_nback4	68	Picture	20	1304205	0	1	4144	3	0	4000	other	0
02_01_1962_1_003_nback4	69	Picture	21	1322276	0	1	4144	3	0	4000	hit	141
02_01_1962_1_003_nback4	69	Pulse	5	1323471	1195	2
02_01_1962_1_003_nback4	69	Response	1	1331311	9035	2
02_01_1962_1_003_nback4	70	Pulse	5	1343470	3124	2
02_01_1962_1_003_nback4	70	Pulse	5	1363460	23114	2
02_01_1962_1_003_nback4	71	Picture	10	1365380	0	2	4145	4	0	4000	other	0
02_01_1962_1_003_nback4	72	Picture	10	1383451	0	2	4145	3	0	4000	other	0
02_01_1962_1_003_nback4	72	Pulse	5	1383460	9	1
02_01_1962_1_003_nback4	73	Picture	11	1401522	0	2	4145	3	0	4000	hit	149
02_01_1962_1_003_nback4	73	Pulse	5	1403459	1937	2
02_01_1962_1_003_nback4	73	Response	1	1408579	7057	2
02_01_1962_1_003_nback4	74	Picture	10	1419593	0	2	4145	3	0	4000	other	0
02_01_1962_1_003_nback4	74	Pulse	5	1423449	3856	2
02_01_1962_1_003_nback4	75	Picture	11	1437664	0	2	4145	3	0	4000	hit	154
02_01_1962_1_003_nback4	75	Pulse	5	1443448	5784	2
02_01_1962_1_003_nback4	75	Response	1	1443608	5944	2
02_01_1962_1_003_nback4	76	Picture	10	1455735	0	1	4145	2	0	4000	other	0
02_01_1962_1_003_nback4	76	Pulse	5	1463448	7713	2
02_01_1962_1_003_nback4	77	Picture	10	1473806	0	1	4145	2	0	4000	other	0
02_01_1962_1_003_nback4	77	Pulse	5	1483438	9632	2
02_01_1962_1_003_nback4	78	Picture	11	1491877	0	1	4145	2	0	4000	hit	160
02_01_1962_1_003_nback4	78	Response	1	1499436	7559	4
02_01_1962_1_003_nback4	78	Pulse	5	1503437	11560	2
02_01_1962_1_003_nback4	79	Picture	10	1509948	0	1	4145	2	0	4000	other	0
02_01_1962_1_003_nback4	79	Pulse	5	1523437	13489	2
02_01_1962_1_003_nback4	80	Picture	10	1528019	0	1	4145	2	0	4000	other	0
02_01_1962_1_003_nback4	80	Pulse	5	1543427	15408	1
02_01_1962_1_003_nback4	81	Picture	10	1546090	0	1	4145	2	0	4000	other	0
02_01_1962_1_003_nback4	81	Pulse	5	1563426	17336	2
02_01_1962_1_003_nback4	82	Picture	10	1564161	0	1	4145	2	0	4000	other	0
02_01_1962_1_003_nback4	83	Picture	10	1582232	0	1	4145	2	0	4000	other	0
02_01_1962_1_003_nback4	83	Pulse	5	1583427	1195	1
02_01_1962_1_003_nback4	84	Picture	11	1600303	0	1	4145	2	0	4000	hit	173
02_01_1962_1_003_nback4	84	Pulse	5	1603415	3112	2
02_01_1962_1_003_nback4	84	Response	1	1609495	9192	2
02_01_1962_1_003_nback4	85	Picture	10	1618373	0	9	4146	10	0	4000	other	0
02_01_1962_1_003_nback4	85	Pulse	5	1623415	5042	2
02_01_1962_1_003_nback4	86	Picture	10	1636445	0	1	4144	3	0	4000	other	0
02_01_1962_1_003_nback4	86	Pulse	5	1643415	6970	2
02_01_1962_1_003_nback4	87	Pulse	5	1663404	8888	2
02_01_1962_1_003_nback4	88	Picture	30	1679550	0	1	4144	3	0	4000	other	0
02_01_1962_1_003_nback4	88	Pulse	5	1683404	3854	2
02_01_1962_1_003_nback4	89	Picture	30	1697621	0	1	4144	3	0	4000	other	0
02_01_1962_1_003_nback4	89	Pulse	5	1703404	5783	1
02_01_1962_1_003_nback4	90	Picture	30	1715692	0	1	4144	3	0	4000	other	0
02_01_1962_1_003_nback4	90	Pulse	5	1723393	7701	2
02_01_1962_1_003_nback4	91	Picture	31	1733763	0	1	4144	3	0	4000	hit	186
02_01_1962_1_003_nback4	91	Response	1	1739553	5790	2
02_01_1962_1_003_nback4	91	Pulse	5	1743393	9630	2
02_01_1962_1_003_nback4	92	Picture	31	1751834	0	1	4144	2	0	4000	hit	189
02_01_1962_1_003_nback4	92	Response	1	1758273	6439	2
02_01_1962_1_003_nback4	92	Pulse	5	1763392	11558	2
02_01_1962_1_003_nback4	93	Picture	30	1769905	0	1	4144	2	0	4000	other	0
02_01_1962_1_003_nback4	93	Pulse	5	1783382	13477	2
02_01_1962_1_003_nback4	94	Picture	30	1787975	0	2	4145	3	0	4000	other	0
02_01_1962_1_003_nback4	94	Pulse	5	1803382	15407	2
02_01_1962_1_003_nback4	95	Picture	30	1806046	0	2	4145	3	0	4000	other	0
02_01_1962_1_003_nback4	95	Pulse	5	1823381	17335	2
02_01_1962_1_003_nback4	96	Picture	31	1824117	0	2	4145	3	0	4000	hit	198
02_01_1962_1_003_nback4	96	Response	1	1828661	4544	2
02_01_1962_1_003_nback4	97	Picture	30	1842188	0	2	4145	3	0	4000	other	0
02_01_1962_1_003_nback4	97	Pulse	5	1843371	1183	2
02_01_1962_1_003_nback4	98	Picture	30	1860259	0	1	4145	2	0	4000	other	0
02_01_1962_1_003_nback4	98	Pulse	5	1863371	3112	1
02_01_1962_1_003_nback4	99	Picture	30	1878330	0	1	4145	2	0	4000	other	0
02_01_1962_1_003_nback4	99	Pulse	5	1883370	5040	2
02_01_1962_1_003_nback4	100	Picture	30	1896401	0	1	4145	2	0	4000	false_alarm	207
02_01_1962_1_003_nback4	100	Pulse	5	1903360	6959	2
02_01_1962_1_003_nback4	100	Response	1	1905440	9039	2
02_01_1962_1_003_nback4	101	Picture	31	1914472	0	1	4145	2	0	4000	hit	210
02_01_1962_1_003_nback4	101	Pulse	5	1923359	8887	2
02_01_1962_1_003_nback4	101	Response	1	1924159	9687	2
02_01_1962_1_003_nback4	102	Picture	30	1932543	0	1	4145	2	0	4000	other	0
02_01_1962_1_003_nback4	102	Pulse	5	1943359	10816	2
02_01_1962_1_003_nback4	103	Picture	30	1950614	0	1	4145	2	0	4000	false_alarm	214
02_01_1962_1_003_nback4	103	Response	1	1956639	6025	2
02_01_1962_1_003_nback4	103	Pulse	5	1963348	12734	3
02_01_1962_1_003_nback4	104	Pulse	5	1983347	14662	3
02_01_1962_1_003_nback4	105	Picture	10	1993719	0	1	4145	2	0	4000	other	0
02_01_1962_1_003_nback4	105	Pulse	5	2003347	9628	3
02_01_1962_1_003_nback4	106	Picture	10	2011790	0	1	4145	2	0	4000	other	0
02_01_1962_1_003_nback4	106	Pulse	5	2023338	11548	1
02_01_1962_1_003_nback4	107	Picture	11	2029861	0	1	4145	2	0	4000	hit	222
02_01_1962_1_003_nback4	107	Response	1	2036137	6276	2
02_01_1962_1_003_nback4	107	Pulse	5	2043337	13476	2
02_01_1962_1_003_nback4	108	Picture	10	2047932	0	1	4145	2	0	4000	other	0
02_01_1962_1_003_nback4	108	Pulse	5	2063496	15564	3
02_01_1962_1_003_nback4	109	Picture	11	2066003	0	1	4144	3	0	4000	hit	227
02_01_1962_1_003_nback4	109	Response	1	2073737	7734	1
02_01_1962_1_003_nback4	109	Pulse	5	2083486	17483	2
02_01_1962_1_003_nback4	110	Picture	10	2084074	0	1	4144	3	0	4000	other	0
02_01_1962_1_003_nback4	111	Picture	10	2102145	0	1	4144	3	0	4000	other	0
02_01_1962_1_003_nback4	111	Pulse	5	2103485	1340	3
02_01_1962_1_003_nback4	112	Picture	11	2120216	0	1	4144	3	0	4000	hit	234
02_01_1962_1_003_nback4	112	Pulse	5	2123485	3269	3
02_01_1962_1_003_nback4	112	Response	1	2126364	6148	4
02_01_1962_1_003_nback4	113	Picture	10	2138287	0	1	4144	2	0	4000	other	0
02_01_1962_1_003_nback4	113	Pulse	5	2143475	5188	2
02_01_1962_1_003_nback4	114	Picture	10	2156357	0	2	4145	3	0	4000	other	0
02_01_1962_1_003_nback4	114	Pulse	5	2163475	7118	2
02_01_1962_1_003_nback4	115	Picture	10	2174428	0	2	4145	3	0	4000	other	0
02_01_1962_1_003_nback4	115	Pulse	5	2183475	9047	1
02_01_1962_1_003_nback4	116	Picture	10	2192499	0	2	4145	3	0	4000	other	0
02_01_1962_1_003_nback4	116	Pulse	5	2203464	10965	2
02_01_1962_1_003_nback4	117	Picture	10	2210570	0	2	4145	3	0	4000	other	0
02_01_1962_1_003_nback4	117	Pulse	5	2223464	12894	2
02_01_1962_1_003_nback4	118	Picture	11	2228641	0	2	4145	3	0	4000	hit	246
02_01_1962_1_003_nback4	118	Response	1	2236903	8262	3
02_01_1962_1_003_nback4	118	Pulse	5	2243463	14822	2
02_01_1962_1_003_nback4	119	Picture	10	2246712	0	1	4145	2	0	4000	other	0
02_01_1962_1_003_nback4	119	Pulse	5	2263453	16741	2
02_01_1962_1_003_nback4	120	Picture	10	2264783	0	1	4145	2	0	4000	other	0
02_01_1962_1_003_nback4	121	Pulse	5	2283453	599	2
02_01_1962_1_003_nback4	121	Pulse	5	2303452	20598	2
02_01_1962_1_003_nback4	122	Picture	20	2307888	0	1	4145	2	0	4000	other	0
02_01_1962_1_003_nback4	122	Pulse	5	2323442	15554	2
02_01_1962_1_003_nback4	123	Picture	20	2325959	0	1	4145	2	0	4000	other	0
02_01_1962_1_003_nback4	123	Pulse	5	2343441	17482	2
02_01_1962_1_003_nback4	124	Picture	20	2344030	0	1	4145	2	0	4000	other	0
02_01_1962_1_003_nback4	125	Picture	21	2362099	0	5	4147	6	0	4000	miss	0
02_01_1962_1_003_nback4	125	Pulse	5	2363441	1342	2
02_01_1962_1_003_nback4	126	Picture	20	2380172	0	1	4145	2	0	4000	other	0
02_01_1962_1_003_nback4	126	Pulse	5	2383431	3259	2
02_01_1962_1_003_nback4	127	Picture	20	2398243	0	1	4145	2	0	4000	other	0
02_01_1962_1_003_nback4	127	Pulse	5	2403430	5187	2
02_01_1962_1_003_nback4	128	Picture	21	2416314	0	1	4145	2	0	4000	miss	0
02_01_1962_1_003_nback4	128	Pulse	5	2423431	7117	1
02_01_1962_1_003_nback4	129	Picture	20	2434385	0	1	4145	2	0	4000	other	0
02_01_1962_1_003_nback4	129	Pulse	5	2443420	9035	1
02_01_1962_1_003_nback4	130	Picture	20	2452456	0	1	4144	3	0	4000	other	0
02_01_1962_1_003_nback4	130	Pulse	5	2463419	10963	2
02_01_1962_1_003_nback4	131	Picture	20	2470527	0	1	4144	3	0	4000	other	0
02_01_1962_1_003_nback4	131	Pulse	5	2483419	12892	2
02_01_1962_1_003_nback4	132	Picture	21	2488598	0	1	4144	3	0	4000	hit	273
02_01_1962_1_003_nback4	132	Response	1	2492219	3621	2
02_01_1962_1_003_nback4	132	Pulse	5	2503409	14811	1
02_01_1962_1_003_nback4	133	Picture	20	2506669	0	1	4144	2	0	4000	other	0
02_01_1962_1_003_nback4	133	Pulse	5	2523408	16739	2
02_01_1962_1_003_nback4	134	Picture	20	2524740	0	1	4144	2	0	4000	other	0
02_01_1962_1_003_nback4	135	Picture	21	2542811	0	1	4144	2	0	4000	miss	0
02_01_1962_1_003_nback4	135	Pulse	5	2543408	597	2
02_01_1962_1_003_nback4	136	Picture	20	2560881	0	2	4145	3	0	4000	other	0
02_01_1962_1_003_nback4	136	Pulse	5	2563397	2516	2
02_01_1962_1_003_nback4	137	Picture	20	2578952	0	2	4145	3	0	4000	other	0
02_01_1962_1_003_nback4	137	Pulse	5	2583397	4445	2
