Scenario - 1-back
Logfile written - 02/28/2014 15:50:46

Subject	Trial	Event Type	Code	Time	TTime	Uncertainty	Duration	Uncertainty	ReqTime	ReqDur	Stim Type	Pair Index

02_01_1962_1_003_nback_11	1	Pulse	5	86993	96827	2
02_01_1962_1_003_nback_11	2	Pulse	5	106982	19831	2
02_01_1962_1_003_nback_11	3	Picture	10	112185	0	1	4145	2	0	4000	other	0
02_01_1962_1_003_nback_11	3	Pulse	5	126982	14797	2
02_01_1962_1_003_nback_11	4	Picture	10	130256	0	1	4145	2	0	4000	other	0
02_01_1962_1_003_nback_11	4	Pulse	5	146982	16726	1
02_01_1962_1_003_nback_11	5	Picture	11	148327	0	1	4145	2	0	4000	hit	8
02_01_1962_1_003_nback_11	5	Response	1	153531	5204	2
02_01_1962_1_003_nback_11	6	Picture	10	166398	0	1	4145	2	0	4000	other	0
02_01_1962_1_003_nback_11	6	Pulse	5	166971	573	2
02_01_1962_1_003_nback_11	7	Picture	11	184469	0	1	4145	2	0	4000	hit	13
02_01_1962_1_003_nback_11	7	Pulse	5	186971	2502	1
02_01_1962_1_003_nback_11	7	Response	1	189851	5382	1
02_01_1962_1_003_nback_11	8	Picture	10	202540	0	1	4145	2	0	4000	other	0
02_01_1962_1_003_nback_11	8	Pulse	5	206970	4430	2
02_01_1962_1_003_nback_11	9	Picture	10	220611	0	1	4144	3	0	4000	other	0
02_01_1962_1_003_nback_11	9	Pulse	5	226960	6349	2
02_01_1962_1_003_nback_11	10	Picture	10	238682	0	1	4144	3	0	4000	other	0
02_01_1962_1_003_nback_11	10	Pulse	5	246959	8277	2
02_01_1962_1_003_nback_11	11	Picture	11	256753	0	1	4144	3	0	4000	hit	21
02_01_1962_1_003_nback_11	11	Response	1	262640	5887	1
02_01_1962_1_003_nback_11	11	Pulse	5	266959	10206	2
02_01_1962_1_003_nback_11	12	Picture	10	274824	0	1	4144	3	0	4000	other	0
02_01_1962_1_003_nback_11	12	Pulse	5	286949	12125	2
02_01_1962_1_003_nback_11	13	Picture	10	292894	0	2	4145	3	0	4000	other	0
02_01_1962_1_003_nback_11	13	Pulse	5	306948	14054	2
02_01_1962_1_003_nback_11	14	Picture	11	310965	0	2	4145	3	0	4000	hit	28
02_01_1962_1_003_nback_11	14	Response	1	316868	5903	2
02_01_1962_1_003_nback_11	14	Pulse	5	326948	15983	2
02_01_1962_1_003_nback_11	15	Picture	10	329036	0	2	4145	3	0	4000	other	0
02_01_1962_1_003_nback_11	15	Pulse	5	346938	17902	1
02_01_1962_1_003_nback_11	16	Picture	10	347107	0	1	4145	2	0	4000	other	0
02_01_1962_1_003_nback_11	17	Picture	10	365178	0	1	4145	2	0	4000	other	0
02_01_1962_1_003_nback_11	17	Pulse	5	366938	1760	1
02_01_1962_1_003_nback_11	18	Picture	10	383249	0	1	4145	2	0	4000	other	0
02_01_1962_1_003_nback_11	18	Pulse	5	386937	3688	2
02_01_1962_1_003_nback_11	19	Pulse	5	406927	5607	1
02_01_1962_1_003_nback_11	20	Picture	20	426354	0	1	4145	2	0	4000	other	0
02_01_1962_1_003_nback_11	20	Pulse	5	426926	572	2
02_01_1962_1_003_nback_11	21	Picture	20	444425	0	1	4145	2	0	4000	other	0
02_01_1962_1_003_nback_11	21	Pulse	5	446916	2491	2
02_01_1962_1_003_nback_11	22	Picture	21	462496	0	1	4145	2	0	4000	hit	43
02_01_1962_1_003_nback_11	22	Response	1	466915	4419	2
02_01_1962_1_003_nback_11	22	Pulse	5	466915	4419	2
02_01_1962_1_003_nback_11	23	Picture	20	480567	0	1	4145	2	0	4000	other	0
02_01_1962_1_003_nback_11	23	Pulse	5	486915	6348	2
02_01_1962_1_003_nback_11	24	Picture	20	498638	0	1	4145	2	0	4000	other	0
02_01_1962_1_003_nback_11	24	Pulse	5	506916	8278	1
02_01_1962_1_003_nback_11	25	Picture	20	516709	0	1	4144	3	0	4000	other	0
02_01_1962_1_003_nback_11	25	Pulse	5	526904	10195	2
02_01_1962_1_003_nback_11	26	Picture	21	534780	0	1	4144	3	0	4000	hit	52
02_01_1962_1_003_nback_11	26	Response	1	538744	3964	2
02_01_1962_1_003_nback_11	26	Pulse	5	546904	12124	2
02_01_1962_1_003_nback_11	27	Picture	20	552851	0	1	4144	3	0	4000	other	0
02_01_1962_1_003_nback_11	27	Pulse	5	566904	14053	2
02_01_1962_1_003_nback_11	28	Picture	20	570922	0	1	4144	2	0	4000	other	0
02_01_1962_1_003_nback_11	28	Pulse	5	586894	15972	1
02_01_1962_1_003_nback_11	29	Picture	20	588993	0	1	4144	2	0	4000	other	0
02_01_1962_1_003_nback_11	29	Pulse	5	606893	17900	2
02_01_1962_1_003_nback_11	30	Picture	20	607063	0	2	4145	3	0	4000	other	0
02_01_1962_1_003_nback_11	31	Picture	20	625134	0	2	4145	3	0	4000	other	0
02_01_1962_1_003_nback_11	31	Pulse	5	626892	1758	2
02_01_1962_1_003_nback_11	32	Picture	21	643205	0	1	4145	2	0	4000	hit	65
02_01_1962_1_003_nback_11	32	Pulse	5	646882	3677	2
02_01_1962_1_003_nback_11	32	Response	1	647202	3997	2
02_01_1962_1_003_nback_11	33	Picture	20	661276	0	2	4145	3	0	4000	other	0
02_01_1962_1_003_nback_11	33	Pulse	5	666882	5606	1
02_01_1962_1_003_nback_11	34	Picture	20	679347	0	1	4145	2	0	4000	other	0
02_01_1962_1_003_nback_11	34	Pulse	5	686881	7534	2
02_01_1962_1_003_nback_11	35	Picture	21	697418	0	1	4145	2	0	4000	hit	72
02_01_1962_1_003_nback_11	35	Pulse	5	706871	9453	2
02_01_1962_1_003_nback_11	35	Response	1	708311	10893	2
02_01_1962_1_003_nback_11	36	Pulse	5	726870	11381	2
02_01_1962_1_003_nback_11	37	Picture	10	740523	0	1	4145	2	0	4000	other	0
02_01_1962_1_003_nback_11	37	Pulse	5	746860	6337	2
02_01_1962_1_003_nback_11	38	Picture	10	758594	0	1	4145	2	0	4000	other	0
02_01_1962_1_003_nback_11	38	Pulse	5	766860	8266	2
02_01_1962_1_003_nback_11	39	Picture	11	776665	0	1	4145	2	0	4000	hit	79
02_01_1962_1_003_nback_11	39	Response	1	782059	5394	2
02_01_1962_1_003_nback_11	39	Pulse	5	786859	10194	2
02_01_1962_1_003_nback_11	40	Picture	10	794736	0	1	4145	2	0	4000	other	0
02_01_1962_1_003_nback_11	40	Pulse	5	806849	12113	2
02_01_1962_1_003_nback_11	41	Picture	11	812807	0	1	4145	2	0	4000	hit	84
02_01_1962_1_003_nback_11	41	Response	1	819009	6202	2
02_01_1962_1_003_nback_11	41	Pulse	5	826849	14042	2
02_01_1962_1_003_nback_11	42	Picture	10	830878	0	1	4145	2	0	4000	other	0
02_01_1962_1_003_nback_11	42	Pulse	5	846848	15970	2
02_01_1962_1_003_nback_11	43	Picture	10	848949	0	1	4144	3	0	4000	other	0
02_01_1962_1_003_nback_11	43	Pulse	5	866838	17889	2
02_01_1962_1_003_nback_11	44	Picture	10	867020	0	1	4144	3	0	4000	other	0
02_01_1962_1_003_nback_11	45	Picture	11	885091	0	1	4144	2	0	4000	hit	93
02_01_1962_1_003_nback_11	45	Pulse	5	886837	1746	2
02_01_1962_1_003_nback_11	45	Response	1	890676	5585	4
02_01_1962_1_003_nback_11	46	Picture	10	903162	0	1	4144	2	0	4000	other	0
02_01_1962_1_003_nback_11	46	Pulse	5	906837	3675	2
02_01_1962_1_003_nback_11	47	Picture	10	921232	0	2	4145	3	0	4000	other	0
02_01_1962_1_003_nback_11	47	Pulse	5	926826	5594	3
02_01_1962_1_003_nback_11	48	Picture	11	939303	0	2	4145	3	0	4000	hit	99
02_01_1962_1_003_nback_11	48	Response	1	944906	5603	2
02_01_1962_1_003_nback_11	48	Pulse	5	946825	7522	4
02_01_1962_1_003_nback_11	49	Picture	10	957374	0	2	4145	3	0	4000	other	0
02_01_1962_1_003_nback_11	49	Pulse	5	966825	9451	3
02_01_1962_1_003_nback_11	50	Picture	10	975445	0	1	4145	2	0	4000	other	0
02_01_1962_1_003_nback_11	50	Pulse	5	986816	11371	2
02_01_1962_1_003_nback_11	51	Picture	10	993516	0	1	4145	2	0	4000	other	0
02_01_1962_1_003_nback_11	51	Pulse	5	1006815	13299	2
02_01_1962_1_003_nback_11	52	Picture	10	1011587	0	1	4145	2	0	4000	other	0
02_01_1962_1_003_nback_11	52	Pulse	5	1026815	15228	2
02_01_1962_1_003_nback_11	53	Pulse	5	1046963	17305	4
02_01_1962_1_003_nback_11	54	Picture	30	1054692	0	1	4145	2	0	4000	other	0
02_01_1962_1_003_nback_11	54	Pulse	5	1066963	12271	3
02_01_1962_1_003_nback_11	55	Picture	30	1072763	0	1	4145	2	0	4000	other	0
02_01_1962_1_003_nback_11	55	Pulse	5	1086963	14200	3
02_01_1962_1_003_nback_11	56	Picture	31	1090834	0	1	4145	2	0	4000	hit	115
02_01_1962_1_003_nback_11	56	Response	1	1095124	4290	1
02_01_1962_1_003_nback_11	56	Pulse	5	1106953	16119	2
02_01_1962_1_003_nback_11	57	Picture	30	1108905	0	1	4145	2	0	4000	other	0
02_01_1962_1_003_nback_11	57	Pulse	5	1126953	18048	2
02_01_1962_1_003_nback_11	58	Picture	30	1126976	0	1	4144	3	0	4000	other	0
02_01_1962_1_003_nback_11	59	Picture	30	1145047	0	1	4144	3	0	4000	other	0
02_01_1962_1_003_nback_11	59	Pulse	5	1146953	1906	1
02_01_1962_1_003_nback_11	60	Picture	31	1163118	0	1	4144	3	0	4000	hit	124
02_01_1962_1_003_nback_11	60	Pulse	5	1166942	3824	2
02_01_1962_1_003_nback_11	60	Response	1	1174302	11184	2
02_01_1962_1_003_nback_11	61	Picture	31	1181189	0	1	4144	3	0	4000	miss	0
02_01_1962_1_003_nback_11	61	Pulse	5	1186942	5753	2
02_01_1962_1_003_nback_11	62	Picture	30	1199260	0	1	4144	3	0	4000	other	0
02_01_1962_1_003_nback_11	62	Pulse	5	1206941	7681	2
02_01_1962_1_003_nback_11	63	Picture	30	1217330	0	2	4145	3	0	4000	other	0
02_01_1962_1_003_nback_11	63	Pulse	5	1226931	9601	2
02_01_1962_1_003_nback_11	64	Picture	30	1235401	0	2	4145	3	0	4000	other	0
02_01_1962_1_003_nback_11	64	Pulse	5	1246931	11530	2
02_01_1962_1_003_nback_11	65	Picture	31	1253472	0	2	4145	3	0	4000	miss	0
02_01_1962_1_003_nback_11	65	Pulse	5	1266930	13458	2
02_01_1962_1_003_nback_11	66	Picture	30	1271543	0	2	4145	3	0	4000	other	0
02_01_1962_1_003_nback_11	66	Pulse	5	1286920	15377	2
02_01_1962_1_003_nback_11	67	Picture	30	1289614	0	1	4145	2	0	4000	other	0
02_01_1962_1_003_nback_11	67	Pulse	5	1306920	17306	1
02_01_1962_1_003_nback_11	68	Picture	30	1307685	0	1	4145	2	0	4000	other	0
02_01_1962_1_003_nback_11	69	Picture	30	1325756	0	1	4145	2	0	4000	other	0
02_01_1962_1_003_nback_11	69	Pulse	5	1326919	1163	2
02_01_1962_1_003_nback_11	70	Pulse	5	1346909	3082	2
02_01_1962_1_003_nback_11	70	Pulse	5	1366908	23081	2
02_01_1962_1_003_nback_11	71	Picture	10	1368861	0	1	4145	2	0	4000	other	0
02_01_1962_1_003_nback_11	71	Pulse	5	1386908	18047	2
02_01_1962_1_003_nback_11	72	Picture	10	1386932	0	1	4145	2	0	4000	other	0
02_01_1962_1_003_nback_11	73	Picture	11	1405003	0	1	4145	2	0	4000	hit	149
02_01_1962_1_003_nback_11	73	Pulse	5	1406898	1895	2
02_01_1962_1_003_nback_11	73	Response	1	1410898	5895	2
02_01_1962_1_003_nback_11	74	Picture	10	1423074	0	1	4145	2	0	4000	other	0
02_01_1962_1_003_nback_11	74	Pulse	5	1426897	3823	2
02_01_1962_1_003_nback_11	75	Picture	11	1441145	0	1	4145	2	0	4000	hit	154
02_01_1962_1_003_nback_11	75	Pulse	5	1446897	5752	2
02_01_1962_1_003_nback_11	75	Response	1	1447377	6232	2
02_01_1962_1_003_nback_11	76	Picture	10	1459216	0	1	4144	3	0	4000	other	0
02_01_1962_1_003_nback_11	76	Pulse	5	1466887	7671	2
02_01_1962_1_003_nback_11	77	Picture	10	1477286	0	3	4145	5	0	4000	other	0
02_01_1962_1_003_nback_11	77	Pulse	5	1486886	9600	2
02_01_1962_1_003_nback_11	78	Picture	11	1495358	0	1	4144	3	0	4000	hit	160
02_01_1962_1_003_nback_11	78	Response	1	1501926	6568	2
02_01_1962_1_003_nback_11	78	Pulse	5	1506886	11528	2
02_01_1962_1_003_nback_11	79	Picture	10	1513429	0	1	4144	3	0	4000	other	0
02_01_1962_1_003_nback_11	79	Pulse	5	1526875	13446	2
02_01_1962_1_003_nback_11	80	Picture	10	1531500	0	1	4144	2	0	4000	other	0
02_01_1962_1_003_nback_11	80	Pulse	5	1546875	15375	2
02_01_1962_1_003_nback_11	81	Picture	10	1549571	0	1	4144	2	0	4000	other	0
02_01_1962_1_003_nback_11	81	Pulse	5	1566875	17304	2
02_01_1962_1_003_nback_11	82	Picture	10	1567642	0	1	4144	2	0	4000	other	0
02_01_1962_1_003_nback_11	83	Picture	10	1585712	0	2	4145	3	0	4000	other	0
02_01_1962_1_003_nback_11	83	Pulse	5	1586864	1152	2
02_01_1962_1_003_nback_11	84	Picture	11	1603783	0	2	4145	3	0	4000	hit	173
02_01_1962_1_003_nback_11	84	Pulse	5	1606865	3082	1
02_01_1962_1_003_nback_11	84	Response	1	1609584	5801	2
02_01_1962_1_003_nback_11	85	Picture	10	1621854	0	2	4145	3	0	4000	other	0
02_01_1962_1_003_nback_11	85	Pulse	5	1626864	5010	1
02_01_1962_1_003_nback_11	86	Picture	10	1639925	0	1	4145	2	0	4000	other	0
02_01_1962_1_003_nback_11	86	Pulse	5	1646853	6928	2
02_01_1962_1_003_nback_11	87	Pulse	5	1666853	8857	2
02_01_1962_1_003_nback_11	88	Picture	20	1683030	0	1	4145	2	0	4000	other	0
02_01_1962_1_003_nback_11	88	Pulse	5	1686852	3822	2
02_01_1962_1_003_nback_11	89	Picture	20	1701101	0	1	4145	2	0	4000	other	0
02_01_1962_1_003_nback_11	89	Pulse	5	1706842	5741	2
02_01_1962_1_003_nback_11	90	Picture	20	1719172	0	1	4145	2	0	4000	other	0
02_01_1962_1_003_nback_11	90	Pulse	5	1726840	7668	7
02_01_1962_1_003_nback_11	91	Picture	21	1737243	0	1	4145	2	0	4000	hit	186
02_01_1962_1_003_nback_11	91	Response	1	1741401	4158	2
02_01_1962_1_003_nback_11	91	Pulse	5	1746841	9598	2
02_01_1962_1_003_nback_11	92	Picture	20	1755314	0	1	4145	2	0	4000	other	0
02_01_1962_1_003_nback_11	92	Pulse	5	1766831	11517	2
02_01_1962_1_003_nback_11	93	Picture	20	1773385	0	1	4145	2	0	4000	other	0
02_01_1962_1_003_nback_11	93	Pulse	5	1786831	13446	1
02_01_1962_1_003_nback_11	94	Picture	21	1791456	0	1	4144	3	0	4000	hit	193
02_01_1962_1_003_nback_11	94	Response	1	1801230	9774	2
02_01_1962_1_003_nback_11	94	Pulse	5	1806830	15374	2
02_01_1962_1_003_nback_11	95	Picture	20	1809527	0	1	4145	2	0	4000	other	0
02_01_1962_1_003_nback_11	95	Pulse	5	1826820	17293	2
02_01_1962_1_003_nback_11	96	Picture	20	1827598	0	1	4144	3	0	4000	other	0
02_01_1962_1_003_nback_11	97	Picture	20	1845669	0	1	4144	3	0	4000	other	0
02_01_1962_1_003_nback_11	97	Pulse	5	1846819	1150	2
02_01_1962_1_003_nback_11	98	Picture	21	1863740	0	1	4144	2	0	4000	hit	202
02_01_1962_1_003_nback_11	98	Pulse	5	1866819	3079	2
02_01_1962_1_003_nback_11	98	Response	1	1867779	4039	2
02_01_1962_1_003_nback_11	99	Picture	20	1881810	0	2	4145	3	0	4000	other	0
02_01_1962_1_003_nback_11	99	Pulse	5	1886809	4999	2
02_01_1962_1_003_nback_11	100	Picture	20	1899881	0	2	4145	3	0	4000	other	0
02_01_1962_1_003_nback_11	100	Pulse	5	1906808	6927	2
02_01_1962_1_003_nback_11	101	Picture	21	1917952	0	2	4145	3	0	4000	hit	208
02_01_1962_1_003_nback_11	101	Response	1	1922328	4376	2
02_01_1962_1_003_nback_11	101	Pulse	5	1926808	8856	2
02_01_1962_1_003_nback_11	102	Picture	20	1936023	0	1	4145	3	0	4000	other	0
02_01_1962_1_003_nback_11	102	Pulse	5	1946798	10775	2
02_01_1962_1_003_nback_11	103	Picture	20	1954094	0	1	4145	2	0	4000	other	0
02_01_1962_1_003_nback_11	103	Pulse	5	1966798	12704	1
02_01_1962_1_003_nback_11	104	Pulse	5	1986798	14633	1
02_01_1962_1_003_nback_11	105	Picture	10	1997199	0	2	4145	3	0	4000	other	0
02_01_1962_1_003_nback_11	105	Pulse	5	2006785	9586	4
02_01_1962_1_003_nback_11	106	Picture	10	2015270	0	1	4145	2	0	4000	other	0
02_01_1962_1_003_nback_11	106	Pulse	5	2026785	11515	4
02_01_1962_1_003_nback_11	107	Picture	11	2033341	0	1	4145	2	0	4000	hit	220
02_01_1962_1_003_nback_11	107	Response	1	2037986	4645	2
02_01_1962_1_003_nback_11	107	Pulse	5	2046785	13444	3
02_01_1962_1_003_nback_11	108	Picture	10	2051412	0	1	4145	2	0	4000	other	0
02_01_1962_1_003_nback_11	108	Pulse	5	2066775	15363	2
02_01_1962_1_003_nback_11	109	Picture	11	2069483	0	1	4145	2	0	4000	hit	225
02_01_1962_1_003_nback_11	109	Response	1	2075575	6092	2
02_01_1962_1_003_nback_11	109	Pulse	5	2086934	17451	3
02_01_1962_1_003_nback_11	110	Picture	10	2087554	0	1	4145	2	0	4000	other	0
02_01_1962_1_003_nback_11	111	Picture	10	2105625	0	1	4145	2	0	4000	other	0
02_01_1962_1_003_nback_11	111	Pulse	5	2106933	1308	4
02_01_1962_1_003_nback_11	112	Picture	11	2123696	0	1	4145	2	0	4000	hit	232
02_01_1962_1_003_nback_11	112	Pulse	5	2126924	3228	2
02_01_1962_1_003_nback_11	112	Response	1	2130445	6749	1
02_01_1962_1_003_nback_11	113	Picture	10	2141767	0	1	4144	3	0	4000	other	0
02_01_1962_1_003_nback_11	113	Pulse	5	2146923	5156	3
02_01_1962_1_003_nback_11	114	Picture	10	2159838	0	1	4144	3	0	4000	other	0
02_01_1962_1_003_nback_11	114	Pulse	5	2166922	7084	4
02_01_1962_1_003_nback_11	115	Picture	10	2177909	0	1	4144	3	0	4000	other	0
02_01_1962_1_003_nback_11	115	Pulse	5	2186913	9004	2
02_01_1962_1_003_nback_11	116	Picture	10	2195980	0	1	4144	3	0	4000	other	0
02_01_1962_1_003_nback_11	116	Pulse	5	2206913	10933	1
02_01_1962_1_003_nback_11	117	Picture	10	2214051	0	1	4144	2	0	4000	other	0
02_01_1962_1_003_nback_11	117	Pulse	5	2226912	12861	2
02_01_1962_1_003_nback_11	118	Picture	11	2232122	0	1	4144	2	0	4000	hit	244
02_01_1962_1_003_nback_11	118	Response	1	2237151	5029	4
02_01_1962_1_003_nback_11	118	Pulse	5	2246902	14780	2
02_01_1962_1_003_nback_11	119	Picture	10	2250192	0	2	4145	3	0	4000	other	0
02_01_1962_1_003_nback_11	119	Pulse	5	2266901	16709	2
02_01_1962_1_003_nback_11	120	Picture	10	2268263	0	2	4145	3	0	4000	other	0
02_01_1962_1_003_nback_11	121	Pulse	5	2286901	567	2
02_01_1962_1_003_nback_11	121	Pulse	5	2306891	20557	2
02_01_1962_1_003_nback_11	122	Picture	30	2311368	0	2	4145	3	0	4000	other	0
02_01_1962_1_003_nback_11	122	Pulse	5	2326890	15522	2
02_01_1962_1_003_nback_11	123	Picture	30	2329439	0	2	4145	3	0	4000	other	0
02_01_1962_1_003_nback_11	123	Pulse	5	2346890	17451	2
02_01_1962_1_003_nback_11	124	Picture	30	2347510	0	2	4145	3	0	4000	other	0
02_01_1962_1_003_nback_11	125	Picture	31	2365581	0	1	4145	2	0	4000	hit	258
02_01_1962_1_003_nback_11	125	Pulse	5	2366880	1299	2
02_01_1962_1_003_nback_11	125	Response	1	2370720	5139	2
02_01_1962_1_003_nback_11	126	Picture	31	2383652	0	1	4145	2	0	4000	hit	261
02_01_1962_1_003_nback_11	126	Pulse	5	2386879	3227	2
02_01_1962_1_003_nback_11	126	Response	1	2388479	4827	2
02_01_1962_1_003_nback_11	127	Picture	30	2401723	0	1	4145	2	0	4000	other	0
02_01_1962_1_003_nback_11	127	Pulse	5	2406879	5156	2
02_01_1962_1_003_nback_11	128	Picture	30	2419794	0	1	4145	2	0	4000	other	0
02_01_1962_1_003_nback_11	128	Pulse	5	2426869	7075	2
02_01_1962_1_003_nback_11	129	Picture	30	2437865	0	1	4145	2	0	4000	other	0
02_01_1962_1_003_nback_11	129	Pulse	5	2446868	9003	2
02_01_1962_1_003_nback_11	130	Picture	31	2455936	0	1	4145	2	0	4000	hit	269
02_01_1962_1_003_nback_11	130	Response	1	2462548	6612	2
02_01_1962_1_003_nback_11	130	Pulse	5	2466868	10932	2
02_01_1962_1_003_nback_11	131	Picture	30	2474007	0	1	4145	2	0	4000	other	0
02_01_1962_1_003_nback_11	131	Pulse	5	2486858	12851	1
02_01_1962_1_003_nback_11	132	Picture	30	2492077	0	2	4146	3	0	4000	other	0
02_01_1962_1_003_nback_11	132	Pulse	5	2506857	14780	2
02_01_1962_1_003_nback_11	133	Picture	30	2510149	0	1	4144	3	0	4000	other	0
02_01_1962_1_003_nback_11	133	Pulse	5	2526857	16708	1
02_01_1962_1_003_nback_11	134	Picture	30	2528220	0	1	4144	3	0	4000	other	0
02_01_1962_1_003_nback_11	135	Picture	31	2546291	0	1	4144	3	0	4000	hit	280
02_01_1962_1_003_nback_11	135	Pulse	5	2546846	555	2
02_01_1962_1_003_nback_11	135	Response	1	2550046	3755	2
02_01_1962_1_003_nback_11	136	Picture	30	2564362	0	1	4144	3	0	4000	other	0
02_01_1962_1_003_nback_11	136	Pulse	5	2566846	2484	2
02_01_1962_1_003_nback_11	137	Picture	30	2582433	0	1	4144	2	0	4000	false_alarm	285
02_01_1962_1_003_nback_11	137	Pulse	5	2586845	4412	2
02_01_1962_1_003_nback_11	137	Response	1	2592446	10013	1
