Scenario - 1-back
Logfile written - 12/22/2014 13:50:38

Subject	Trial	Event Type	Code	Time	TTime	Uncertainty	Duration	Uncertainty	ReqTime	ReqDur	Stim Type	Pair Index

060819891027	1	Pulse	5	354316	364141	16
060819891027	2	Pulse	5	374325	19927	2
060819891027	3	Picture	10	379432	0	1	4145	2	0	4000	other	0
060819891027	3	Pulse	5	394325	14893	2
060819891027	4	Picture	10	397503	0	1	4144	3	0	4000	other	0
060819891027	4	Pulse	5	414315	16812	1
060819891027	5	Picture	11	415574	0	1	4144	2	0	4000	hit	8
060819891027	5	Response	1	419274	3700	2
060819891027	6	Picture	10	433644	0	1	4145	2	0	4000	other	0
060819891027	6	Pulse	5	434314	670	2
060819891027	7	Picture	11	451715	0	1	4145	2	0	4000	hit	13
060819891027	7	Pulse	5	454314	2599	2
060819891027	7	Response	1	457034	5319	2
060819891027	8	Picture	10	469786	0	1	4144	3	0	4000	other	0
060819891027	8	Pulse	5	474303	4517	2
060819891027	9	Picture	10	487856	0	2	4145	3	0	4000	other	0
060819891027	9	Pulse	5	494303	6447	2
060819891027	10	Picture	10	505927	0	1	4145	2	0	4000	other	0
060819891027	10	Pulse	5	514302	8375	2
060819891027	11	Picture	11	523998	0	1	4145	2	0	4000	hit	21
060819891027	11	Response	1	527572	3574	2
060819891027	11	Pulse	5	534292	10294	2
060819891027	12	Picture	10	542069	0	1	4144	3	0	4000	other	0
060819891027	12	Pulse	5	554291	12222	2
060819891027	13	Picture	10	560139	0	2	4145	3	0	4000	other	0
060819891027	13	Pulse	5	574291	14152	2
060819891027	14	Picture	11	578210	0	1	4145	2	0	4000	hit	28
060819891027	14	Response	1	582441	4231	2
060819891027	14	Pulse	5	594281	16071	1
060819891027	15	Picture	10	596281	0	1	4145	2	0	4000	other	0
060819891027	15	Pulse	5	614280	17999	2
060819891027	16	Picture	10	614352	0	1	4144	3	0	4000	other	0
060819891027	17	Picture	10	632423	0	1	4144	2	0	4000	other	0
060819891027	17	Pulse	5	634280	1857	2
060819891027	18	Picture	10	650493	0	2	4145	3	0	4000	other	0
060819891027	18	Pulse	5	654269	3776	2
060819891027	19	Pulse	5	674269	5705	2
060819891027	20	Picture	30	693598	0	1	4144	3	0	4000	other	0
060819891027	20	Pulse	5	694258	660	3
060819891027	21	Picture	30	711669	0	1	4144	2	0	4000	other	0
060819891027	21	Pulse	5	714258	2589	2
060819891027	22	Picture	31	729739	0	1	4145	2	0	4000	hit	44
060819891027	22	Pulse	5	734258	4519	1
060819891027	22	Response	1	735378	5639	1
060819891027	23	Picture	30	747810	0	1	4145	2	0	4000	other	0
060819891027	23	Pulse	5	754257	6447	2
060819891027	24	Picture	30	765881	0	1	4145	2	0	4000	other	0
060819891027	24	Pulse	5	774247	8366	3
060819891027	25	Picture	30	783952	0	1	4144	2	0	4000	other	0
060819891027	25	Pulse	5	794246	10294	3
060819891027	26	Picture	31	802022	0	2	4145	3	0	4000	hit	52
060819891027	26	Response	1	806886	4864	3
060819891027	26	Pulse	5	814246	12224	3
060819891027	27	Picture	31	820093	0	1	4145	2	0	4000	hit	55
060819891027	27	Response	1	828635	8542	2
060819891027	27	Pulse	5	834236	14143	1
060819891027	28	Picture	30	838164	0	1	4144	3	0	4000	other	0
060819891027	28	Pulse	5	854235	16071	2
060819891027	29	Picture	30	856235	0	1	4144	2	0	4000	other	0
060819891027	29	Pulse	5	874234	17999	3
060819891027	30	Picture	30	874305	0	1	4145	2	0	4000	other	0
060819891027	31	Picture	31	892376	0	1	4145	2	0	4000	hit	64
060819891027	31	Pulse	5	894225	1849	1
060819891027	31	Response	1	896464	4088	2
060819891027	32	Picture	30	910447	0	1	4144	3	0	4000	other	0
060819891027	32	Pulse	5	914224	3777	1
060819891027	33	Picture	30	928518	0	1	4144	2	0	4000	other	0
060819891027	33	Pulse	5	934223	5705	2
060819891027	34	Picture	30	946588	0	1	4145	2	0	4000	other	0
060819891027	34	Pulse	5	954213	7625	2
060819891027	35	Picture	30	964659	0	1	4145	2	0	4000	false_alarm	72
060819891027	35	Response	1	970532	5873	2
060819891027	35	Pulse	5	974212	9553	2
060819891027	36	Pulse	5	994212	11482	2
060819891027	37	Picture	10	1007764	0	1	4144	2	0	4000	other	0
060819891027	37	Pulse	5	1014201	6437	2
060819891027	38	Picture	10	1025834	0	1	4145	2	0	4000	other	0
060819891027	38	Pulse	5	1034201	8367	2
060819891027	39	Picture	11	1043905	0	1	4145	2	0	4000	hit	80
060819891027	39	Response	1	1049081	5176	1
060819891027	39	Pulse	5	1054201	10296	2
060819891027	40	Picture	10	1061976	0	1	4145	2	0	4000	other	0
060819891027	40	Pulse	5	1074190	12214	2
060819891027	41	Picture	11	1080047	0	1	4144	2	0	4000	hit	85
060819891027	41	Response	1	1084590	4543	2
060819891027	41	Pulse	5	1094190	14143	1
060819891027	42	Picture	10	1098117	0	1	4145	2	0	4000	other	0
060819891027	42	Pulse	5	1114189	16072	2
060819891027	43	Picture	10	1116188	0	1	4145	2	0	4000	other	0
060819891027	43	Pulse	5	1134179	17991	2
060819891027	44	Picture	10	1134259	0	1	4144	3	0	4000	other	0
060819891027	45	Picture	11	1152330	0	1	4144	2	0	4000	hit	94
060819891027	45	Pulse	5	1154338	2008	2
060819891027	45	Response	1	1155618	3288	2
060819891027	46	Picture	10	1170400	0	2	4145	3	0	4000	other	0
060819891027	46	Pulse	5	1174338	3938	2
060819891027	47	Picture	10	1188471	0	1	4145	2	0	4000	other	0
060819891027	47	Pulse	5	1194327	5856	2
060819891027	48	Picture	11	1206542	0	1	4144	3	0	4000	hit	100
060819891027	48	Response	1	1210167	3625	2
060819891027	48	Pulse	5	1214327	7785	2
060819891027	49	Picture	10	1224613	0	1	4144	2	0	4000	other	0
060819891027	49	Pulse	5	1234327	9714	1
060819891027	50	Picture	10	1242683	0	1	4145	2	0	4000	other	0
060819891027	50	Pulse	5	1254316	11633	3
060819891027	51	Picture	10	1260754	0	1	4145	2	0	4000	other	0
060819891027	51	Pulse	5	1274316	13562	2
060819891027	52	Picture	10	1278825	0	1	4144	3	0	4000	other	0
060819891027	52	Pulse	5	1294315	15490	3
060819891027	53	Pulse	5	1314305	17409	2
060819891027	54	Picture	20	1321929	0	2	4145	3	0	4000	other	0
060819891027	54	Pulse	5	1334305	12376	1
060819891027	55	Picture	20	1340000	0	1	4145	2	0	4000	other	0
060819891027	55	Pulse	5	1354304	14304	2
060819891027	56	Picture	21	1358071	0	1	4144	3	0	4000	hit	116
060819891027	56	Response	1	1361654	3583	2
060819891027	56	Pulse	5	1374294	16223	1
060819891027	57	Picture	20	1376142	0	1	4144	2	0	4000	other	0
060819891027	58	Picture	20	1394212	0	2	4145	3	0	4000	other	0
060819891027	58	Pulse	5	1394293	81	2
060819891027	59	Picture	20	1412283	0	1	4145	2	0	4000	other	0
060819891027	59	Pulse	5	1414293	2010	1
060819891027	60	Picture	21	1430354	0	1	4144	3	0	4000	hit	124
060819891027	60	Response	1	1433802	3448	2
060819891027	60	Pulse	5	1434282	3928	2
060819891027	61	Picture	20	1448425	0	1	4144	3	0	4000	other	0
060819891027	61	Pulse	5	1454282	5857	2
060819891027	62	Picture	20	1466495	0	2	4145	3	0	4000	other	0
060819891027	62	Pulse	5	1474281	7786	2
060819891027	63	Picture	20	1484566	0	1	4145	3	0	4000	other	0
060819891027	63	Pulse	5	1494271	9705	2
060819891027	64	Picture	20	1502637	0	1	4145	2	0	4000	other	0
060819891027	64	Pulse	5	1514270	11633	2
060819891027	65	Picture	20	1520708	0	1	4144	2	0	4000	other	0
060819891027	65	Pulse	5	1534270	13562	2
060819891027	66	Picture	21	1538778	0	2	4145	3	0	4000	hit	137
060819891027	66	Response	1	1543220	4442	2
060819891027	66	Pulse	5	1554260	15482	1
060819891027	67	Picture	20	1556849	0	1	4145	2	0	4000	other	0
060819891027	67	Pulse	5	1574259	17410	2
060819891027	68	Picture	20	1574920	0	1	4144	3	0	4000	other	0
060819891027	69	Picture	21	1592991	0	1	4144	3	0	4000	hit	144
060819891027	69	Pulse	5	1594259	1268	2
060819891027	69	Response	1	1597619	4628	2
060819891027	70	Pulse	5	1614248	3187	2
060819891027	70	Pulse	5	1634248	23187	2
060819891027	71	Picture	10	1636095	0	1	4145	2	0	4000	other	0
060819891027	72	Picture	10	1654166	0	1	4145	2	0	4000	other	0
060819891027	72	Pulse	5	1654247	81	2
060819891027	73	Picture	11	1672237	0	1	4144	3	0	4000	hit	152
060819891027	73	Pulse	5	1674237	2000	2
060819891027	73	Response	1	1675677	3440	2
060819891027	74	Picture	10	1690307	0	2	4145	3	0	4000	other	0
060819891027	74	Pulse	5	1694237	3930	2
060819891027	75	Picture	11	1708378	0	1	4145	2	0	4000	hit	156
060819891027	75	Response	1	1712956	4578	2
060819891027	75	Pulse	5	1714236	5858	2
060819891027	76	Picture	10	1726449	0	1	4145	2	0	4000	other	0
060819891027	76	Pulse	5	1734226	7777	2
060819891027	77	Picture	10	1744520	0	1	4144	3	0	4000	other	0
060819891027	77	Pulse	5	1754225	9705	2
060819891027	78	Picture	11	1762590	0	2	4145	4	0	4000	hit	163
060819891027	78	Response	1	1766385	3795	2
060819891027	78	Pulse	5	1774225	11635	2
060819891027	79	Picture	10	1780661	0	1	4145	2	0	4000	other	0
060819891027	79	Pulse	5	1794214	13553	2
060819891027	80	Picture	10	1798732	0	1	4144	3	0	4000	other	0
060819891027	80	Pulse	5	1814214	15482	2
060819891027	81	Picture	10	1816803	0	1	4144	3	0	4000	other	0
060819891027	81	Pulse	5	1834203	17400	3
060819891027	82	Picture	10	1834873	0	2	4145	3	0	4000	other	0
060819891027	83	Picture	10	1852944	0	1	4145	2	0	4000	other	0
060819891027	83	Pulse	5	1854203	1259	2
060819891027	84	Picture	11	1871015	0	1	4145	2	0	4000	hit	176
060819891027	84	Pulse	5	1874202	3187	3
060819891027	84	Response	1	1875482	4467	3
060819891027	85	Picture	10	1889086	0	1	4144	3	0	4000	other	0
060819891027	85	Pulse	5	1894202	5116	2
060819891027	86	Picture	10	1907156	0	2	4145	3	0	4000	other	0
060819891027	86	Pulse	5	1914192	7036	2
060819891027	87	Pulse	5	1934191	8964	2
060819891027	88	Picture	30	1950261	0	1	4145	2	0	4000	other	0
060819891027	88	Pulse	5	1954191	3930	2
060819891027	89	Picture	30	1968332	0	1	4144	3	0	4000	other	0
060819891027	89	Pulse	5	1974180	5848	2
060819891027	90	Picture	30	1986402	0	2	4145	3	0	4000	other	0
060819891027	90	Pulse	5	1994180	7778	2
060819891027	91	Picture	31	2004473	0	1	4145	2	0	4000	hit	189
060819891027	91	Response	1	2008100	3627	1
060819891027	91	Pulse	5	2014179	9706	2
060819891027	92	Picture	31	2022544	0	1	4145	2	0	4000	hit	192
060819891027	92	Response	1	2031289	8745	2
060819891027	92	Pulse	5	2034169	11625	2
060819891027	93	Picture	30	2040615	0	1	4144	3	0	4000	other	0
060819891027	93	Pulse	5	2054169	13554	1
060819891027	94	Picture	30	2058685	0	2	4145	3	0	4000	other	0
060819891027	94	Pulse	5	2074168	15483	2
060819891027	95	Picture	30	2076756	0	1	4145	2	0	4000	other	0
060819891027	95	Pulse	5	2094158	17402	2
060819891027	96	Picture	31	2094827	0	1	4145	2	0	4000	hit	201
060819891027	96	Response	1	2100078	5251	1
060819891027	97	Picture	30	2112898	0	1	4144	3	0	4000	other	0
060819891027	97	Pulse	5	2114157	1259	2
060819891027	98	Picture	30	2130968	0	2	4145	3	0	4000	other	0
060819891027	98	Pulse	5	2134158	3190	1
060819891027	99	Picture	30	2149039	0	1	4145	2	0	4000	other	0
060819891027	99	Pulse	5	2154146	5107	2
060819891027	100	Picture	30	2167110	0	1	4145	2	0	4000	other	0
060819891027	100	Pulse	5	2174146	7036	2
060819891027	101	Picture	31	2185181	0	1	4144	3	0	4000	hit	211
060819891027	101	Response	1	2190786	5605	1
060819891027	101	Pulse	5	2194306	9125	1
060819891027	102	Picture	30	2203251	0	2	4145	3	0	4000	other	0
060819891027	102	Pulse	5	2214295	11044	2
060819891027	103	Picture	30	2221322	0	1	4145	2	0	4000	other	0
060819891027	103	Pulse	5	2234295	12973	2
060819891027	104	Pulse	5	2254294	14901	3
060819891027	105	Picture	10	2264427	0	1	4144	3	0	4000	other	0
060819891027	105	Pulse	5	2274284	9857	2
060819891027	106	Picture	10	2282497	0	2	4145	3	0	4000	other	0
060819891027	106	Pulse	5	2294283	11786	2
060819891027	107	Picture	11	2300568	0	1	4145	2	0	4000	hit	223
060819891027	107	Response	1	2304683	4115	2
060819891027	107	Pulse	5	2314283	13715	2
060819891027	108	Picture	10	2318639	0	1	4131	31	0	4000	other	0
060819891027	108	Pulse	5	2334272	15633	2
060819891027	109	Picture	11	2336710	0	1	4144	3	0	4000	hit	228
060819891027	109	Response	1	2340832	4122	2
060819891027	109	Pulse	5	2354272	17562	2
060819891027	110	Picture	10	2354781	0	1	4144	2	0	4000	other	0
060819891027	111	Picture	10	2372851	0	1	4145	2	0	4000	other	0
060819891027	111	Pulse	5	2374272	1421	1
060819891027	112	Picture	11	2390922	0	1	4145	2	0	4000	hit	235
060819891027	112	Pulse	5	2394261	3339	2
060819891027	112	Response	1	2394581	3659	2
060819891027	113	Picture	10	2408993	0	1	4144	3	0	4000	other	0
060819891027	113	Pulse	5	2414261	5268	1
060819891027	114	Picture	10	2427063	0	2	4145	3	0	4000	other	0
060819891027	114	Pulse	5	2434260	7197	2
060819891027	115	Picture	10	2445134	0	1	4145	2	0	4000	other	0
060819891027	115	Pulse	5	2454251	9117	1
060819891027	116	Picture	10	2463205	0	1	4145	2	0	4000	other	0
060819891027	116	Pulse	5	2474249	11044	2
060819891027	117	Picture	10	2481276	0	1	4144	3	0	4000	other	0
060819891027	117	Pulse	5	2494249	12973	2
060819891027	118	Picture	11	2499347	0	1	4144	2	0	4000	hit	247
060819891027	118	Response	1	2503679	4332	2
060819891027	118	Pulse	5	2514239	14892	1
060819891027	119	Picture	10	2517417	0	1	4145	2	0	4000	other	0
060819891027	119	Pulse	5	2534239	16822	1
060819891027	120	Picture	10	2535488	0	2	4145	3	0	4000	other	0
060819891027	121	Pulse	5	2554238	679	1
060819891027	121	Pulse	5	2574228	20669	1
060819891027	122	Picture	20	2578592	0	2	4145	3	0	4000	other	0
060819891027	122	Pulse	5	2594227	15635	2
060819891027	123	Picture	20	2596663	0	1	4145	2	0	4000	other	0
060819891027	123	Pulse	5	2614226	17563	2
060819891027	124	Picture	20	2614734	0	1	4145	2	0	4000	other	0
060819891027	125	Picture	21	2632805	0	1	4145	2	0	4000	hit	261
060819891027	125	Pulse	5	2634216	1411	2
060819891027	125	Response	1	2638216	5411	2
060819891027	126	Picture	20	2650876	0	1	4144	2	0	4000	other	0
060819891027	126	Pulse	5	2654215	3339	2
060819891027	127	Picture	20	2668946	0	1	4145	2	0	4000	other	0
060819891027	127	Pulse	5	2674215	5269	2
060819891027	128	Picture	21	2687017	0	1	4145	2	0	4000	hit	267
060819891027	128	Response	1	2693084	6067	3
060819891027	128	Pulse	5	2694204	7187	3
060819891027	129	Picture	20	2705088	0	1	4145	2	0	4000	other	0
060819891027	129	Pulse	5	2714204	9116	2
060819891027	130	Picture	20	2723158	0	2	4145	3	0	4000	false_alarm	272
060819891027	130	Response	1	2731324	8166	2
060819891027	130	Pulse	5	2734204	11046	2
060819891027	131	Picture	20	2741229	0	2	4145	3	0	4000	other	0
060819891027	131	Pulse	5	2754193	12964	2
060819891027	132	Picture	21	2759300	0	1	4145	2	0	4000	hit	277
060819891027	132	Response	1	2765873	6573	2
060819891027	132	Pulse	5	2774193	14893	2
060819891027	133	Picture	20	2777371	0	1	4144	3	0	4000	other	0
060819891027	133	Pulse	5	2794192	16821	2
060819891027	134	Picture	20	2795442	0	1	4144	2	0	4000	other	0
060819891027	135	Picture	21	2813512	0	1	4145	2	0	4000	miss	0
060819891027	135	Pulse	5	2814182	670	2
060819891027	136	Picture	20	2831583	0	1	4145	2	0	4000	other	0
060819891027	136	Pulse	5	2834181	2598	2
060819891027	137	Picture	20	2849654	0	1	4144	3	0	4000	other	0
060819891027	137	Pulse	5	2854171	4517	2
