Scenario - 1-back
Logfile written - 12/22/2014 13:45:45

Subject	Trial	Event Type	Code	Time	TTime	Uncertainty	Duration	Uncertainty	ReqTime	ReqDur	Stim Type	Pair Index

060819891027	1	Pulse	5	208253	217590	2
060819891027	2	Pulse	5	228254	19914	1
060819891027	3	Picture	10	233705	0	2	4145	3	0	4000	other	0
060819891027	3	Pulse	5	248253	14548	1
060819891027	4	Picture	10	251776	0	1	4145	2	0	4000	other	0
060819891027	4	Pulse	5	268242	16466	2
060819891027	5	Picture	11	269847	0	1	4145	2	0	4000	hit	8
060819891027	5	Response	1	273202	3355	2
060819891027	6	Picture	10	287918	0	1	4144	2	0	4000	other	0
060819891027	6	Pulse	5	288242	324	1
060819891027	7	Picture	11	305988	0	2	4145	3	0	4000	hit	13
060819891027	7	Pulse	5	308241	2253	2
060819891027	7	Response	1	309681	3693	2
060819891027	8	Picture	10	324059	0	1	4145	2	0	4000	other	0
060819891027	8	Pulse	5	328231	4172	2
060819891027	9	Picture	10	342130	0	1	4145	2	0	4000	other	0
060819891027	9	Pulse	5	348230	6100	2
060819891027	10	Picture	10	360201	0	1	4144	3	0	4000	other	0
060819891027	10	Pulse	5	368230	8029	2
060819891027	11	Picture	11	378271	0	2	4145	3	0	4000	hit	21
060819891027	11	Response	1	382460	4189	1
060819891027	11	Pulse	5	388219	9948	2
060819891027	12	Picture	10	396342	0	1	4145	2	0	4000	other	0
060819891027	12	Pulse	5	408219	11877	2
060819891027	13	Picture	10	414413	0	1	4145	2	0	4000	other	0
060819891027	13	Pulse	5	428219	13806	1
060819891027	14	Picture	11	432484	0	1	4144	2	0	4000	hit	28
060819891027	14	Response	1	435088	2604	2
060819891027	14	Pulse	5	448208	15724	2
060819891027	15	Picture	10	450554	0	1	4145	2	0	4000	other	0
060819891027	15	Pulse	5	468208	17654	2
060819891027	16	Picture	10	468625	0	1	4145	2	0	4000	other	0
060819891027	17	Picture	10	486696	0	1	4144	3	0	4000	other	0
060819891027	17	Pulse	5	488207	1511	2
060819891027	18	Picture	10	504766	0	2	4145	3	0	4000	other	0
060819891027	18	Pulse	5	508197	3431	2
060819891027	19	Pulse	5	528196	5359	2
060819891027	20	Picture	20	547871	0	1	4145	2	0	4000	other	0
060819891027	20	Pulse	5	548196	325	2
060819891027	21	Picture	20	565942	0	1	4144	3	0	4000	other	0
060819891027	21	Pulse	5	568185	2243	2
060819891027	22	Picture	21	584013	0	1	4144	2	0	4000	hit	44
060819891027	22	Pulse	5	588185	4172	2
060819891027	22	Response	1	590585	6572	2
060819891027	23	Picture	20	602083	0	1	4145	2	0	4000	other	0
060819891027	23	Pulse	5	608185	6102	1
060819891027	24	Picture	20	620154	0	1	4145	2	0	4000	other	0
060819891027	24	Pulse	5	628174	8020	2
060819891027	25	Picture	20	638225	0	1	4144	3	0	4000	other	0
060819891027	25	Pulse	5	648174	9949	2
060819891027	26	Picture	21	656295	0	2	4145	3	0	4000	hit	52
060819891027	26	Response	1	660013	3718	3
060819891027	26	Pulse	5	668173	11878	3
060819891027	27	Picture	20	674366	0	1	4145	2	0	4000	other	0
060819891027	27	Pulse	5	688163	13797	2
060819891027	28	Picture	20	692437	0	1	4145	2	0	4000	other	0
060819891027	28	Pulse	5	708162	15725	2
060819891027	29	Picture	20	710508	0	1	4144	3	0	4000	other	0
060819891027	29	Pulse	5	728162	17654	2
060819891027	30	Picture	20	728578	0	2	4145	3	0	4000	other	0
060819891027	31	Picture	20	746649	0	1	4145	2	0	4000	other	0
060819891027	31	Pulse	5	748152	1503	1
060819891027	32	Picture	21	764720	0	1	4145	2	0	4000	hit	64
060819891027	32	Response	1	767992	3272	1
060819891027	32	Pulse	5	768312	3592	1
060819891027	33	Picture	20	782791	0	1	4144	2	0	4000	other	0
060819891027	33	Pulse	5	788311	5520	2
060819891027	34	Picture	20	800861	0	2	4145	3	0	4000	other	0
060819891027	34	Pulse	5	808300	7439	2
060819891027	35	Picture	21	818932	0	1	4145	2	0	4000	hit	71
060819891027	35	Response	1	823980	5048	2
060819891027	35	Pulse	5	828300	9368	2
060819891027	36	Pulse	5	848289	11286	3
060819891027	37	Picture	10	862037	0	1	4144	2	0	4000	other	0
060819891027	37	Pulse	5	868289	6252	2
060819891027	38	Picture	10	880107	0	2	4145	3	0	4000	other	0
060819891027	38	Pulse	5	888288	8181	2
060819891027	39	Picture	11	898178	0	1	4145	2	0	4000	hit	79
060819891027	39	Response	1	902368	4190	2
060819891027	39	Pulse	5	908288	10110	2
060819891027	40	Picture	10	916249	0	1	4144	3	0	4000	other	0
060819891027	40	Pulse	5	928278	12029	2
060819891027	41	Picture	11	934320	0	1	4144	2	0	4000	hit	84
060819891027	41	Response	1	938837	4517	3
060819891027	41	Pulse	5	948277	13957	2
060819891027	42	Picture	10	952390	0	2	4145	3	0	4000	other	0
060819891027	42	Pulse	5	968277	15887	2
060819891027	43	Picture	10	970461	0	1	4145	2	0	4000	other	0
060819891027	43	Pulse	5	988266	17805	2
060819891027	44	Picture	10	988532	0	1	4144	3	0	4000	other	0
060819891027	45	Picture	11	1006603	0	1	4144	2	0	4000	hit	93
060819891027	45	Pulse	5	1008266	1663	2
060819891027	45	Response	1	1009866	3263	2
060819891027	46	Picture	10	1024673	0	1	4145	2	0	4000	other	0
060819891027	46	Pulse	5	1028265	3592	2
060819891027	47	Picture	10	1042744	0	1	4145	2	0	4000	other	0
060819891027	47	Pulse	5	1048255	5511	2
060819891027	48	Picture	11	1060815	0	1	4144	3	0	4000	hit	99
060819891027	48	Response	1	1064095	3280	1
060819891027	48	Pulse	5	1068255	7440	1
060819891027	49	Picture	10	1078885	0	2	4145	3	0	4000	other	0
060819891027	49	Pulse	5	1088254	9369	2
060819891027	50	Picture	10	1096956	0	1	4145	2	0	4000	other	0
060819891027	50	Pulse	5	1108244	11288	2
060819891027	51	Picture	10	1115027	0	1	4145	2	0	4000	false_alarm	106
060819891027	51	Response	1	1118963	3936	3
060819891027	51	Pulse	5	1128243	13216	3
060819891027	52	Picture	10	1133098	0	1	4144	3	0	4000	other	0
060819891027	52	Pulse	5	1148243	15145	2
060819891027	53	Pulse	5	1168232	17064	2
060819891027	54	Picture	30	1176202	0	1	4145	2	0	4000	other	0
060819891027	54	Pulse	5	1188232	12030	2
060819891027	55	Picture	30	1194273	0	1	4145	2	0	4000	other	0
060819891027	55	Pulse	5	1208231	13958	2
060819891027	56	Picture	31	1212344	0	1	4144	3	0	4000	miss	0
060819891027	56	Pulse	5	1228221	15877	3
060819891027	57	Picture	30	1230414	0	2	4145	3	0	4000	other	0
060819891027	57	Pulse	5	1248221	17807	1
060819891027	58	Picture	30	1248485	0	1	4145	2	0	4000	other	0
060819891027	59	Picture	30	1266556	0	1	4145	2	0	4000	other	0
060819891027	59	Pulse	5	1268220	1664	2
060819891027	60	Picture	31	1284627	0	1	4144	3	0	4000	hit	124
060819891027	60	Pulse	5	1288210	3583	2
060819891027	60	Response	1	1291730	7103	1
060819891027	61	Picture	31	1302697	0	2	4145	3	0	4000	miss	0
060819891027	61	Pulse	5	1308209	5512	2
060819891027	62	Picture	30	1320768	0	1	4145	2	0	4000	false_alarm	129
060819891027	62	Pulse	5	1328209	7441	2
060819891027	62	Response	1	1329329	8561	2
060819891027	63	Picture	30	1338839	0	1	4145	2	0	4000	other	0
060819891027	63	Pulse	5	1348198	9359	2
060819891027	64	Picture	30	1356910	0	1	4144	3	0	4000	other	0
060819891027	64	Pulse	5	1368198	11288	2
060819891027	65	Picture	31	1374980	0	2	4145	3	0	4000	hit	135
060819891027	65	Response	1	1380038	5058	2
060819891027	65	Pulse	5	1388198	13218	1
060819891027	66	Picture	30	1393051	0	1	4145	2	0	4000	other	0
060819891027	66	Pulse	5	1408187	15136	2
060819891027	67	Picture	30	1411122	0	1	4145	2	0	4000	other	0
060819891027	67	Pulse	5	1428187	17065	1
060819891027	68	Picture	30	1429193	0	1	4144	3	0	4000	other	0
060819891027	69	Picture	30	1447263	0	2	4145	3	0	4000	other	0
060819891027	69	Pulse	5	1448187	924	1
060819891027	70	Pulse	5	1468176	2842	2
060819891027	70	Pulse	5	1488175	22841	2
060819891027	71	Picture	10	1490368	0	1	4145	2	0	4000	other	0
060819891027	71	Pulse	5	1508175	17807	2
060819891027	72	Picture	10	1508439	0	1	4144	2	0	4000	other	0
060819891027	73	Picture	11	1526509	0	2	4145	3	0	4000	hit	151
060819891027	73	Pulse	5	1528164	1655	2
060819891027	73	Response	1	1530404	3895	2
060819891027	74	Picture	10	1544580	0	1	4145	2	0	4000	other	0
060819891027	74	Pulse	5	1548164	3584	2
060819891027	75	Picture	11	1562651	0	1	4144	3	0	4000	hit	155
060819891027	75	Response	1	1566564	3913	1
060819891027	75	Pulse	5	1568164	5513	1
060819891027	76	Picture	10	1580722	0	1	4144	3	0	4000	other	0
060819891027	76	Pulse	5	1588153	7431	2
060819891027	77	Picture	10	1598792	0	2	4145	3	0	4000	other	0
060819891027	77	Pulse	5	1608153	9361	2
060819891027	78	Picture	11	1616863	0	1	4145	2	0	4000	hit	162
060819891027	78	Response	1	1620792	3929	3
060819891027	78	Pulse	5	1628152	11289	3
060819891027	79	Picture	10	1634934	0	1	4145	2	0	4000	other	0
060819891027	79	Pulse	5	1648142	13208	2
060819891027	80	Picture	10	1653005	0	1	4144	2	0	4000	other	0
060819891027	80	Pulse	5	1668141	15136	2
060819891027	81	Picture	10	1671075	0	1	4145	2	0	4000	other	0
060819891027	81	Pulse	5	1688141	17066	2
060819891027	82	Picture	10	1689146	0	1	4145	2	0	4000	other	0
060819891027	83	Picture	10	1707217	0	1	4144	3	0	4000	other	0
060819891027	83	Pulse	5	1708130	913	2
060819891027	84	Picture	11	1725288	0	1	4144	2	0	4000	hit	175
060819891027	84	Pulse	5	1728130	2842	2
060819891027	84	Response	1	1729410	4122	2
060819891027	85	Picture	10	1743358	0	1	4145	2	0	4000	other	0
060819891027	85	Pulse	5	1748130	4772	1
060819891027	86	Picture	10	1761429	0	1	4145	2	0	4000	other	0
060819891027	86	Pulse	5	1768120	6691	1
060819891027	87	Pulse	5	1788119	8619	2
060819891027	88	Picture	20	1804534	0	1	4144	2	0	4000	other	0
060819891027	88	Pulse	5	1808278	3744	2
060819891027	89	Picture	20	1822604	0	2	4145	3	0	4000	other	0
060819891027	89	Pulse	5	1828268	5664	2
060819891027	90	Picture	20	1840675	0	1	4145	2	0	4000	other	0
060819891027	90	Pulse	5	1848267	7592	2
060819891027	91	Picture	21	1858746	0	1	4144	3	0	4000	hit	188
060819891027	91	Response	1	1862827	4081	2
060819891027	91	Pulse	5	1868257	9511	2
060819891027	92	Picture	20	1876817	0	1	4144	2	0	4000	other	0
060819891027	92	Pulse	5	1888257	11440	1
060819891027	93	Picture	20	1894887	0	2	4145	3	0	4000	other	0
060819891027	93	Pulse	5	1908256	13369	2
060819891027	94	Picture	21	1912958	0	1	4145	2	0	4000	hit	195
060819891027	94	Response	1	1917376	4418	2
060819891027	94	Pulse	5	1928256	15298	2
060819891027	95	Picture	20	1931029	0	1	4144	3	0	4000	other	0
060819891027	95	Pulse	5	1948245	17216	2
060819891027	96	Picture	20	1949100	0	1	4144	2	0	4000	other	0
060819891027	97	Picture	20	1967170	0	1	4145	2	0	4000	other	0
060819891027	97	Pulse	5	1968245	1075	2
060819891027	98	Picture	21	1985241	0	1	4145	2	0	4000	hit	204
060819891027	98	Pulse	5	1988244	3003	3
060819891027	98	Response	1	1988884	3643	3
060819891027	99	Picture	20	2003312	0	1	4144	3	0	4000	other	0
060819891027	99	Pulse	5	2008234	4922	2
060819891027	100	Picture	20	2021382	0	2	4145	3	0	4000	other	0
060819891027	100	Pulse	5	2028233	6851	3
060819891027	101	Picture	21	2039453	0	1	4145	2	0	4000	hit	210
060819891027	101	Response	1	2044073	4620	2
060819891027	101	Pulse	5	2048233	8780	2
060819891027	102	Picture	20	2057524	0	1	4145	2	0	4000	other	0
060819891027	102	Pulse	5	2068222	10698	4
060819891027	103	Picture	20	2075595	0	1	4144	3	0	4000	other	0
060819891027	103	Pulse	5	2088222	12627	3
060819891027	104	Pulse	5	2108222	14557	3
060819891027	105	Picture	10	2118699	0	2	4145	3	0	4000	other	0
060819891027	105	Pulse	5	2128211	9512	2
060819891027	106	Picture	10	2136770	0	1	4145	2	0	4000	other	0
060819891027	106	Pulse	5	2148211	11441	2
060819891027	107	Picture	11	2154841	0	1	4144	3	0	4000	hit	222
060819891027	107	Response	1	2158771	3930	1
060819891027	107	Pulse	5	2168210	13369	2
060819891027	108	Picture	10	2172911	0	2	4145	3	0	4000	other	0
060819891027	108	Pulse	5	2188200	15289	2
060819891027	109	Picture	11	2190982	0	1	4145	2	0	4000	hit	227
060819891027	109	Response	1	2195880	4898	2
060819891027	109	Pulse	5	2208200	17218	1
060819891027	110	Picture	10	2209053	0	1	4145	2	0	4000	other	0
060819891027	111	Picture	10	2227124	0	1	4144	3	0	4000	other	0
060819891027	111	Pulse	5	2228199	1075	2
060819891027	112	Picture	11	2245194	0	2	4145	3	0	4000	hit	234
060819891027	112	Pulse	5	2248189	2995	2
060819891027	112	Response	1	2249629	4435	1
060819891027	113	Picture	10	2263265	0	1	4145	2	0	4000	other	0
060819891027	113	Pulse	5	2268188	4923	2
060819891027	114	Picture	10	2281336	0	1	4145	2	0	4000	other	0
060819891027	114	Pulse	5	2288188	6852	2
060819891027	115	Picture	10	2299407	0	1	4144	3	0	4000	other	0
060819891027	115	Pulse	5	2308177	8770	2
060819891027	116	Picture	10	2317477	0	2	4145	3	0	4000	other	0
060819891027	116	Pulse	5	2328178	10701	1
060819891027	117	Picture	10	2335548	0	1	4145	2	0	4000	other	0
060819891027	117	Pulse	5	2348176	12628	2
060819891027	118	Picture	11	2353619	0	1	4145	2	0	4000	hit	246
060819891027	118	Response	1	2357766	4147	2
060819891027	118	Pulse	5	2368166	14547	2
060819891027	119	Picture	10	2371690	0	1	4144	3	0	4000	other	0
060819891027	119	Pulse	5	2388166	16476	1
060819891027	120	Picture	10	2389760	0	2	4145	3	0	4000	other	0
060819891027	121	Pulse	5	2408165	334	2
060819891027	121	Pulse	5	2428155	20324	2
060819891027	122	Picture	30	2432864	0	2	4146	3	0	4000	other	0
060819891027	122	Pulse	5	2448154	15290	2
060819891027	123	Picture	30	2450936	0	1	4144	3	0	4000	other	0
060819891027	123	Pulse	5	2468154	17218	2
060819891027	124	Picture	30	2469006	0	2	4145	3	0	4000	other	0
060819891027	125	Picture	31	2487077	0	1	4145	2	0	4000	hit	260
060819891027	125	Pulse	5	2488144	1067	1
060819891027	125	Response	1	2492303	5226	2
060819891027	126	Picture	31	2505148	0	1	4145	2	0	4000	hit	263
060819891027	126	Pulse	5	2508144	2996	1
060819891027	126	Response	1	2517263	12115	2
060819891027	127	Picture	30	2523219	0	1	4144	3	0	4000	other	0
060819891027	127	Pulse	5	2528142	4923	2
060819891027	128	Picture	30	2541289	0	2	4145	3	0	4000	other	0
060819891027	128	Pulse	5	2548132	6843	2
060819891027	129	Picture	30	2559360	0	1	4145	2	0	4000	other	0
060819891027	129	Pulse	5	2568132	8772	2
060819891027	130	Picture	31	2577431	0	1	4145	2	0	4000	hit	271
060819891027	130	Response	1	2581891	4460	3
060819891027	130	Pulse	5	2588131	10700	2
060819891027	131	Picture	30	2595502	0	1	4144	3	0	4000	other	0
060819891027	131	Pulse	5	2608121	12619	2
060819891027	132	Picture	30	2613572	0	2	4145	3	0	4000	other	0
060819891027	132	Pulse	5	2628120	14548	2
060819891027	133	Picture	30	2631643	0	1	4145	2	0	4000	other	0
060819891027	133	Pulse	5	2648121	16478	1
060819891027	134	Picture	30	2649714	0	1	4145	2	0	4000	other	0
060819891027	135	Picture	31	2667785	0	1	4144	3	0	4000	hit	282
060819891027	135	Pulse	5	2668109	324	2
060819891027	135	Response	1	2672589	4804	2
060819891027	136	Picture	30	2685855	0	2	4145	3	0	4000	other	0
060819891027	136	Pulse	5	2688110	2255	1
060819891027	137	Picture	30	2703926	0	1	4145	2	0	4000	false_alarm	287
060819891027	137	Pulse	5	2708109	4183	2
060819891027	137	Response	1	2710668	6742	2
