Scenario - 1-back
Logfile written - 12/22/2014 13:55:15

Subject	Trial	Event Type	Code	Time	TTime	Uncertainty	Duration	Uncertainty	ReqTime	ReqDur	Stim Type	Pair Index

060819891027	1	Pulse	5	229482	239383	2
060819891027	2	Pulse	5	249482	19921	1
060819891027	3	Picture	10	254595	0	1	4144	2	0	4000	other	0
060819891027	3	Pulse	5	269471	14876	2
060819891027	4	Picture	10	272665	0	2	4145	3	0	4000	other	0
060819891027	4	Pulse	5	289471	16806	2
060819891027	5	Picture	11	290736	0	1	4145	2	0	4000	hit	8
060819891027	5	Response	1	296671	5935	1
060819891027	6	Picture	10	308807	0	1	4145	2	0	4000	other	0
060819891027	6	Pulse	5	309630	823	2
060819891027	7	Picture	11	327043	0	2	4145	3	0	4000	hit	13
060819891027	7	Pulse	5	329620	2577	2
060819891027	7	Response	1	331860	4817	2
060819891027	8	Picture	10	345114	0	1	4145	2	0	4000	other	0
060819891027	8	Pulse	5	349619	4505	3
060819891027	9	Picture	10	363185	0	1	4145	2	0	4000	other	0
060819891027	9	Pulse	5	369619	6434	2
060819891027	10	Picture	10	381256	0	1	4144	3	0	4000	other	0
060819891027	10	Pulse	5	389608	8352	2
060819891027	11	Picture	11	399492	0	1	4145	2	0	4000	hit	21
060819891027	11	Response	1	403368	3876	6
060819891027	11	Pulse	5	409608	10116	2
060819891027	12	Picture	10	417563	0	1	4145	2	0	4000	other	0
060819891027	12	Pulse	5	429608	12045	1
060819891027	13	Picture	10	435634	0	1	4144	3	0	4000	other	0
060819891027	13	Pulse	5	449597	13963	2
060819891027	14	Picture	11	453704	0	2	4000	314	0	4000	hit	28
060819891027	14	Response	1	457437	3733	2
060819891027	14	Pulse	5	469597	15893	2
060819891027	15	Picture	10	471775	0	1	4145	2	0	4000	other	0
060819891027	15	Pulse	5	489597	17822	1
060819891027	16	Picture	10	489846	0	1	4145	2	0	4000	other	0
060819891027	17	Picture	10	507917	0	1	4144	3	0	4000	other	0
060819891027	17	Pulse	5	509586	1669	2
060819891027	18	Picture	10	525988	0	1	4144	2	0	4000	other	0
060819891027	18	Pulse	5	529585	3597	2
060819891027	19	Pulse	5	549585	5527	2
060819891027	20	Picture	20	569092	0	1	4145	2	0	4000	other	0
060819891027	20	Pulse	5	569575	483	1
060819891027	21	Picture	20	587163	0	1	4144	3	0	4000	other	0
060819891027	21	Pulse	5	589574	2411	2
060819891027	22	Picture	21	605234	0	1	4144	2	0	4000	miss	0
060819891027	22	Pulse	5	609574	4340	2
060819891027	23	Picture	20	623243	0	228	4040	229	0	4000	other	0
060819891027	23	Pulse	5	629563	6320	2
060819891027	24	Picture	20	641375	0	1	4145	2	0	4000	other	0
060819891027	24	Pulse	5	649563	8188	2
060819891027	25	Picture	20	659446	0	1	4144	3	0	4000	other	0
060819891027	25	Pulse	5	669562	10116	3
060819891027	26	Picture	21	677517	0	1	4144	2	0	4000	hit	51
060819891027	26	Response	1	681403	3886	1
060819891027	26	Pulse	5	689552	12035	2
060819891027	27	Picture	20	695587	0	1	4145	2	0	4000	other	0
060819891027	27	Pulse	5	709551	13964	3
060819891027	28	Picture	20	713658	0	1	4145	2	0	4000	other	0
060819891027	28	Pulse	5	729551	15893	2
060819891027	29	Picture	20	731729	0	1	4144	3	0	4000	other	0
060819891027	29	Pulse	5	749541	17812	2
060819891027	30	Picture	20	749799	0	2	4145	3	0	4000	other	0
060819891027	31	Picture	20	767870	0	1	4145	2	0	4000	other	0
060819891027	31	Pulse	5	769540	1670	2
060819891027	32	Picture	21	785941	0	1	4145	2	0	4000	hit	64
060819891027	32	Pulse	5	789540	3599	2
060819891027	32	Response	1	790180	4239	2
060819891027	33	Picture	20	804012	0	1	4144	3	0	4000	other	0
060819891027	33	Pulse	5	809529	5517	3
060819891027	34	Picture	20	822083	0	1	4144	2	0	4000	other	0
060819891027	34	Pulse	5	829529	7446	2
060819891027	35	Picture	21	840153	0	1	4145	2	0	4000	hit	70
060819891027	35	Response	1	843928	3775	3
060819891027	35	Pulse	5	849528	9375	3
060819891027	36	Pulse	5	869518	11294	2
060819891027	37	Picture	10	883258	0	1	4145	2	0	4000	other	0
060819891027	37	Pulse	5	889517	6259	2
060819891027	38	Picture	10	901329	0	1	4144	2	0	4000	other	0
060819891027	38	Pulse	5	909517	8188	2
060819891027	39	Picture	11	919399	0	1	4145	2	0	4000	hit	78
060819891027	39	Response	1	923277	3878	2
060819891027	39	Pulse	5	929507	10108	1
060819891027	40	Picture	10	937470	0	1	4145	2	0	4000	other	0
060819891027	40	Pulse	5	949506	12036	2
060819891027	41	Picture	11	955541	0	1	4144	3	0	4000	hit	83
060819891027	41	Response	1	959586	4045	2
060819891027	41	Pulse	5	969506	13965	2
060819891027	42	Picture	10	973612	0	1	4144	3	0	4000	other	0
060819891027	42	Pulse	5	989495	15883	2
060819891027	43	Picture	10	991617	0	232	4044	233	0	4000	other	0
060819891027	43	Pulse	5	1009495	17878	2
060819891027	44	Picture	10	1009753	0	2	4145	3	0	4000	other	0
060819891027	45	Picture	11	1027824	0	1	4144	3	0	4000	hit	92
060819891027	45	Pulse	5	1029494	1670	2
060819891027	45	Response	1	1032054	4230	2
060819891027	46	Picture	10	1045895	0	1	4144	2	0	4000	other	0
060819891027	46	Pulse	5	1049485	3590	1
060819891027	47	Picture	10	1063965	0	2	4145	3	0	4000	other	0
060819891027	47	Pulse	5	1069484	5519	1
060819891027	48	Picture	11	1082036	0	1	4145	2	0	4000	hit	98
060819891027	48	Response	1	1085803	3767	2
060819891027	48	Pulse	5	1089483	7447	2
060819891027	49	Picture	10	1100107	0	1	4145	2	0	4000	other	0
060819891027	49	Pulse	5	1109473	9366	2
060819891027	50	Picture	10	1118178	0	1	4144	3	0	4000	other	0
060819891027	50	Pulse	5	1129473	11295	1
060819891027	51	Picture	10	1136248	0	2	4145	3	0	4000	other	0
060819891027	51	Pulse	5	1149472	13224	2
060819891027	52	Picture	10	1154319	0	1	4145	2	0	4000	other	0
060819891027	52	Pulse	5	1169461	15142	2
060819891027	53	Pulse	5	1189461	17071	2
060819891027	54	Picture	30	1197424	0	1	4144	2	0	4000	other	0
060819891027	54	Pulse	5	1209461	12037	1
060819891027	55	Picture	30	1215494	0	2	4145	3	0	4000	other	0
060819891027	55	Pulse	5	1229450	13956	2
060819891027	56	Picture	31	1233565	0	1	4145	2	0	4000	hit	114
060819891027	56	Response	1	1238090	4525	2
060819891027	56	Pulse	5	1249450	15885	1
060819891027	57	Picture	30	1251636	0	1	4145	2	0	4000	other	0
060819891027	57	Pulse	5	1269449	17813	2
060819891027	58	Picture	30	1269707	0	1	4144	3	0	4000	other	0
060819891027	59	Picture	30	1287943	0	1	4145	2	0	4000	other	0
060819891027	59	Pulse	5	1289439	1496	2
060819891027	60	Picture	31	1306014	0	1	4144	3	0	4000	hit	123
060819891027	60	Pulse	5	1309438	3424	3
060819891027	60	Response	1	1312638	6624	3
060819891027	61	Picture	31	1324085	0	1	4144	3	0	4000	hit	126
060819891027	61	Pulse	5	1329438	5353	2
060819891027	61	Response	1	1333438	9353	2
060819891027	62	Picture	30	1342155	0	2	4145	3	0	4000	other	0
060819891027	62	Pulse	5	1349587	7432	2
060819891027	63	Picture	30	1360226	0	1	4145	2	0	4000	other	0
060819891027	63	Pulse	5	1369587	9361	2
060819891027	64	Picture	30	1378297	0	1	4145	2	0	4000	other	0
060819891027	64	Pulse	5	1389587	11290	1
060819891027	65	Picture	31	1396368	0	1	4144	3	0	4000	hit	134
060819891027	65	Response	1	1402386	6018	2
060819891027	65	Pulse	5	1409576	13208	2
060819891027	66	Picture	30	1414438	0	2	4145	3	0	4000	other	0
060819891027	66	Pulse	5	1429576	15138	2
060819891027	67	Picture	30	1432509	0	1	4145	2	0	4000	other	0
060819891027	67	Pulse	5	1449575	17066	2
060819891027	68	Picture	30	1450580	0	1	4145	2	0	4000	other	0
060819891027	69	Picture	30	1468651	0	1	4144	3	0	4000	other	0
060819891027	69	Pulse	5	1469565	914	2
060819891027	70	Pulse	5	1489564	2843	2
060819891027	70	Pulse	5	1509565	22844	1
060819891027	71	Picture	10	1511730	0	192	4170	193	0	4000	other	0
060819891027	71	Pulse	5	1529554	17824	1
060819891027	72	Picture	10	1529826	0	1	4145	2	0	4000	other	0
060819891027	73	Picture	11	1547897	0	1	4144	3	0	4000	hit	150
060819891027	73	Pulse	5	1549553	1656	2
060819891027	73	Response	1	1551314	3417	1
060819891027	74	Picture	10	1565967	0	2	4145	3	0	4000	other	0
060819891027	74	Pulse	5	1569553	3586	1
060819891027	75	Picture	11	1584038	0	1	4145	2	0	4000	hit	154
060819891027	75	Response	1	1587462	3424	2
060819891027	75	Pulse	5	1589542	5504	2
060819891027	76	Picture	10	1602109	0	1	4145	2	0	4000	other	0
060819891027	76	Pulse	5	1609531	7422	19
060819891027	77	Picture	10	1620180	0	1	4144	3	0	4000	other	0
060819891027	77	Pulse	5	1629541	9361	3
060819891027	78	Picture	11	1638251	0	1	4144	2	0	4000	hit	161
060819891027	78	Response	1	1642171	3920	2
060819891027	78	Pulse	5	1649531	11280	2
060819891027	79	Picture	10	1656321	0	2	4145	3	0	4000	other	0
060819891027	79	Pulse	5	1669520	13199	13
060819891027	80	Picture	10	1674392	0	1	4145	2	0	4000	other	0
060819891027	80	Pulse	5	1689530	15138	2
060819891027	81	Picture	10	1692463	0	1	4144	3	0	4000	other	0
060819891027	81	Pulse	5	1709520	17057	2
060819891027	82	Picture	10	1710475	0	226	4037	228	0	4000	other	0
060819891027	83	Picture	10	1728604	0	1	4145	2	0	4000	other	0
060819891027	83	Pulse	5	1729519	915	2
060819891027	84	Picture	11	1746675	0	1	4145	2	0	4000	hit	174
060819891027	84	Pulse	5	1749519	2844	2
060819891027	84	Response	1	1750159	3484	2
060819891027	85	Picture	10	1764746	0	1	4144	3	0	4000	other	0
060819891027	85	Pulse	5	1769508	4762	3
060819891027	86	Picture	10	1782817	0	1	4144	2	0	4000	other	0
060819891027	86	Pulse	5	1789508	6691	2
060819891027	87	Pulse	5	1809507	8620	3
060819891027	88	Picture	20	1825921	0	1	4145	2	0	4000	other	0
060819891027	88	Pulse	5	1829497	3576	2
060819891027	89	Picture	20	1843992	0	1	4145	2	0	4000	other	0
060819891027	89	Pulse	5	1849496	5504	2
060819891027	90	Picture	20	1862063	0	1	4144	2	0	4000	other	0
060819891027	90	Pulse	5	1869496	7433	2
060819891027	91	Picture	21	1880133	0	1	4145	2	0	4000	hit	187
060819891027	91	Response	1	1884536	4403	1
060819891027	91	Pulse	5	1889486	9353	1
060819891027	92	Picture	20	1898204	0	1	4145	2	0	4000	other	0
060819891027	92	Pulse	5	1909485	11281	2
060819891027	93	Picture	20	1916275	0	1	4144	3	0	4000	other	0
060819891027	93	Pulse	5	1929485	13210	2
060819891027	94	Picture	21	1934346	0	1	4144	2	0	4000	hit	194
060819891027	94	Response	1	1937965	3619	1
060819891027	94	Pulse	5	1949474	15128	3
060819891027	95	Picture	20	1952416	0	2	4145	3	0	4000	other	0
060819891027	95	Pulse	5	1969474	17058	2
060819891027	96	Picture	20	1970487	0	1	4145	2	0	4000	other	0
060819891027	97	Picture	20	1988558	0	1	4144	3	0	4000	other	0
060819891027	97	Pulse	5	1989473	915	2
060819891027	98	Picture	21	2006629	0	1	4144	3	0	4000	hit	203
060819891027	98	Pulse	5	2009463	2834	2
060819891027	98	Response	1	2012823	6194	2
060819891027	99	Picture	20	2024699	0	2	4145	3	0	4000	other	0
060819891027	99	Pulse	5	2029463	4764	1
060819891027	100	Picture	20	2042770	0	1	4145	2	0	4000	other	0
060819891027	100	Pulse	5	2049462	6692	2
060819891027	101	Picture	21	2060841	0	1	4144	3	0	4000	hit	209
060819891027	101	Response	1	2068012	7171	1
060819891027	101	Pulse	5	2069452	8611	1
060819891027	102	Picture	20	2078912	0	1	4144	2	0	4000	other	0
060819891027	102	Pulse	5	2089451	10539	2
060819891027	103	Picture	20	2097148	0	1	4145	2	0	4000	other	0
060819891027	103	Pulse	5	2109451	12303	2
060819891027	104	Pulse	5	2129440	14221	2
060819891027	105	Picture	10	2140253	0	1	4144	3	0	4000	other	0
060819891027	105	Pulse	5	2149440	9187	2
060819891027	106	Picture	10	2158323	0	2	4145	3	0	4000	other	0
060819891027	106	Pulse	5	2169439	11116	2
060819891027	107	Picture	11	2176394	0	1	4145	2	0	4000	hit	221
060819891027	107	Response	1	2180159	3765	2
060819891027	107	Pulse	5	2189429	13035	2
060819891027	108	Picture	10	2194465	0	1	4145	2	0	4000	other	0
060819891027	108	Pulse	5	2209429	14964	1
060819891027	109	Picture	11	2212536	0	1	4144	3	0	4000	hit	226
060819891027	109	Response	1	2216308	3772	2
060819891027	109	Pulse	5	2229428	16892	2
060819891027	110	Picture	10	2230606	0	2	4145	3	0	4000	other	0
060819891027	111	Picture	10	2248843	0	1	4145	2	0	4000	other	0
060819891027	111	Pulse	5	2249418	575	2
060819891027	112	Picture	11	2266914	0	1	4144	3	0	4000	hit	233
060819891027	112	Pulse	5	2269417	2503	3
060819891027	112	Response	1	2271017	4103	3
060819891027	113	Picture	10	2284984	0	2	4145	3	0	4000	other	0
060819891027	113	Pulse	5	2289417	4433	2
060819891027	114	Picture	10	2303055	0	1	4145	2	0	4000	other	0
060819891027	114	Pulse	5	2309406	6351	2
060819891027	115	Picture	10	2321126	0	1	4145	2	0	4000	other	0
060819891027	115	Pulse	5	2329406	8280	2
060819891027	116	Picture	10	2339197	0	1	4144	3	0	4000	other	0
060819891027	116	Pulse	5	2349406	10209	1
060819891027	117	Picture	10	2357267	0	2	4145	3	0	4000	other	0
060819891027	117	Pulse	5	2369395	12128	2
060819891027	118	Picture	11	2375338	0	1	4145	2	0	4000	hit	245
060819891027	118	Response	1	2379635	4297	2
060819891027	118	Pulse	5	2389555	14217	1
060819891027	119	Picture	10	2393409	0	1	4145	2	0	4000	other	0
060819891027	119	Pulse	5	2409554	16145	2
060819891027	120	Picture	10	2411480	0	1	4144	3	0	4000	other	0
060819891027	120	Pulse	5	2429544	18064	2
060819891027	121	Pulse	5	2449543	19993	2
060819891027	122	Picture	30	2454584	0	2	4145	3	0	4000	other	0
060819891027	122	Pulse	5	2469543	14959	2
060819891027	123	Picture	30	2472655	0	1	4145	2	0	4000	other	0
060819891027	123	Pulse	5	2489532	16877	2
060819891027	124	Picture	30	2490726	0	1	4144	3	0	4000	other	0
060819891027	125	Picture	31	2508796	0	2	4145	3	0	4000	hit	259
060819891027	125	Pulse	5	2509532	736	2
060819891027	125	Response	1	2513212	4416	2
060819891027	126	Picture	31	2526867	0	1	4144	3	0	4000	hit	262
060819891027	126	Pulse	5	2529532	2665	2
060819891027	126	Response	1	2534171	7304	2
060819891027	127	Picture	30	2544938	0	1	4145	2	0	4000	other	0
060819891027	127	Pulse	5	2549521	4583	2
060819891027	128	Picture	30	2563009	0	1	4144	3	0	4000	other	0
060819891027	128	Pulse	5	2569521	6512	2
060819891027	129	Picture	30	2581079	0	2	4145	3	0	4000	other	0
060819891027	129	Pulse	5	2589520	8441	2
060819891027	130	Picture	31	2599150	0	1	4145	2	0	4000	hit	270
060819891027	130	Response	1	2605510	6360	2
060819891027	130	Pulse	5	2609510	10360	2
060819891027	131	Picture	30	2617387	0	1	4144	3	0	4000	other	0
060819891027	131	Pulse	5	2629509	12122	2
060819891027	132	Picture	30	2635458	0	1	4144	2	0	4000	other	0
060819891027	132	Pulse	5	2649509	14051	2
060819891027	133	Picture	30	2653528	0	2	4145	3	0	4000	other	0
060819891027	133	Pulse	5	2669498	15970	2
060819891027	134	Picture	30	2671599	0	1	4145	2	0	4000	other	0
060819891027	134	Pulse	5	2689498	17899	2
060819891027	135	Picture	31	2689670	0	1	4144	3	0	4000	hit	281
060819891027	135	Response	1	2695418	5748	2
060819891027	136	Picture	30	2707741	0	1	4144	2	0	4000	other	0
060819891027	136	Pulse	5	2709498	1757	1
060819891027	137	Picture	30	2725811	0	2	4145	3	0	4000	other	0
060819891027	137	Pulse	5	2729487	3676	2
