Scenario - 1-back
Logfile written - 12/22/2014 13:59:50

Subject	Trial	Event Type	Code	Time	TTime	Uncertainty	Duration	Uncertainty	ReqTime	ReqDur	Stim Type	Pair Index

060819891027	1	Pulse	5	208848	218682	2
060819891027	2	Pulse	5	228849	19846	1
060819891027	3	Picture	10	234037	0	2	4145	3	0	4000	other	0
060819891027	3	Pulse	5	248847	14810	2
060819891027	4	Picture	10	252108	0	1	4145	2	0	4000	other	0
060819891027	4	Pulse	5	268837	16729	2
060819891027	5	Picture	11	270179	0	1	4144	3	0	4000	hit	8
060819891027	5	Response	1	274596	4417	3
060819891027	6	Picture	10	288249	0	2	4145	3	0	4000	other	0
060819891027	6	Pulse	5	288836	587	3
060819891027	7	Picture	11	306320	0	1	4145	2	0	4000	hit	13
060819891027	7	Pulse	5	308826	2506	2
060819891027	7	Response	1	311226	4906	2
060819891027	8	Picture	10	324391	0	1	4145	2	0	4000	other	0
060819891027	8	Pulse	5	328825	4434	2
060819891027	9	Picture	10	342462	0	1	4144	3	0	4000	other	0
060819891027	9	Pulse	5	348826	6364	1
060819891027	10	Picture	10	360532	0	2	4145	3	0	4000	other	0
060819891027	10	Pulse	5	368824	8292	3
060819891027	11	Picture	11	378603	0	1	4145	2	0	4000	hit	21
060819891027	11	Response	1	382574	3971	2
060819891027	11	Pulse	5	388814	10211	2
060819891027	12	Picture	10	396674	0	2	4145	3	0	4000	other	0
060819891027	12	Pulse	5	408814	12140	2
060819891027	13	Picture	10	414745	0	1	4144	3	0	4000	other	0
060819891027	13	Pulse	5	428814	14069	1
060819891027	14	Picture	11	432815	0	2	4145	3	0	4000	hit	28
060819891027	14	Response	1	437123	4308	2
060819891027	14	Pulse	5	448803	15988	2
060819891027	15	Picture	10	450886	0	1	4145	2	0	4000	other	0
060819891027	15	Pulse	5	468802	17916	3
060819891027	16	Picture	10	468957	0	1	4145	2	0	4000	other	0
060819891027	17	Picture	10	487028	0	1	4144	3	0	4000	other	0
060819891027	17	Pulse	5	488802	1774	2
060819891027	18	Picture	10	505099	0	1	4144	2	0	4000	other	0
060819891027	18	Pulse	5	508791	3692	2
060819891027	19	Pulse	5	528791	5622	2
060819891027	20	Picture	30	548203	0	1	4145	2	0	4000	other	0
060819891027	20	Pulse	5	548791	588	1
060819891027	21	Picture	30	566274	0	1	4144	3	0	4000	other	0
060819891027	21	Pulse	5	568780	2506	2
060819891027	22	Picture	31	584344	0	2	4145	3	0	4000	hit	44
060819891027	22	Pulse	5	588780	4436	2
060819891027	22	Response	1	589100	4756	2
060819891027	23	Picture	30	602415	0	1	4145	2	0	4000	other	0
060819891027	23	Pulse	5	608779	6364	2
060819891027	24	Picture	30	620486	0	1	4145	2	0	4000	other	0
060819891027	24	Pulse	5	628769	8283	2
060819891027	25	Picture	30	638557	0	1	4144	3	0	4000	other	0
060819891027	25	Pulse	5	648768	10211	2
060819891027	26	Picture	31	656628	0	1	4144	2	0	4000	hit	52
060819891027	26	Response	1	661888	5260	2
060819891027	26	Pulse	5	668768	12140	2
060819891027	27	Picture	31	674698	0	2	4145	3	0	4000	hit	55
060819891027	27	Response	1	685878	11180	1
060819891027	27	Pulse	5	688757	14059	2
060819891027	28	Picture	30	692769	0	1	4145	2	0	4000	other	0
060819891027	28	Pulse	5	708757	15988	2
060819891027	29	Picture	30	710840	0	1	4144	3	0	4000	other	0
060819891027	29	Pulse	5	728757	17917	1
060819891027	30	Picture	30	728911	0	1	4144	2	0	4000	other	0
060819891027	31	Picture	31	746981	0	1	4145	2	0	4000	hit	64
060819891027	31	Pulse	5	748746	1765	3
060819891027	31	Response	1	750666	3685	2
060819891027	32	Picture	30	765052	0	1	4145	2	0	4000	other	0
060819891027	32	Pulse	5	768746	3694	2
060819891027	33	Picture	30	783123	0	1	4144	3	0	4000	other	0
060819891027	33	Pulse	5	788745	5622	3
060819891027	34	Picture	30	801193	0	2	4145	3	0	4000	other	0
060819891027	34	Pulse	5	808735	7542	2
060819891027	35	Picture	30	819264	0	1	4145	2	0	4000	other	0
060819891027	35	Pulse	5	828734	9470	2
060819891027	36	Pulse	5	848735	11400	1
060819891027	37	Picture	10	862369	0	1	4144	3	0	4000	other	0
060819891027	37	Pulse	5	868723	6354	2
060819891027	38	Picture	10	880440	0	1	4144	3	0	4000	other	0
060819891027	38	Pulse	5	888723	8283	2
060819891027	39	Picture	11	898510	0	2	4145	3	0	4000	hit	79
060819891027	39	Response	1	903443	4933	2
060819891027	39	Pulse	5	908723	10213	1
060819891027	40	Picture	10	916581	0	1	4143	8	0	4000	other	0
060819891027	40	Pulse	5	928712	12131	2
060819891027	41	Picture	11	934652	0	1	4144	3	0	4000	hit	84
060819891027	41	Response	1	939432	4780	2
060819891027	41	Pulse	5	948712	14060	2
060819891027	42	Picture	10	952723	0	1	4144	2	0	4000	other	0
060819891027	42	Pulse	5	968711	15988	2
060819891027	43	Picture	10	970793	0	2	4145	3	0	4000	other	0
060819891027	43	Pulse	5	988701	17908	2
060819891027	44	Picture	10	988864	0	1	4145	2	0	4000	other	0
060819891027	45	Picture	11	1006935	0	1	4144	3	0	4000	hit	93
060819891027	45	Pulse	5	1008701	1766	1
060819891027	45	Response	1	1011580	4645	2
060819891027	46	Picture	10	1025006	0	1	4144	3	0	4000	other	0
060819891027	46	Pulse	5	1028700	3694	2
060819891027	47	Picture	10	1043076	0	1	4145	2	0	4000	other	0
060819891027	47	Pulse	5	1048850	5774	1
060819891027	48	Picture	11	1061147	0	1	4145	2	0	4000	hit	99
060819891027	48	Response	1	1066290	5143	1
060819891027	48	Pulse	5	1068849	7702	2
060819891027	49	Picture	10	1079218	0	1	4144	3	0	4000	other	0
060819891027	49	Pulse	5	1088849	9631	2
060819891027	50	Picture	10	1097289	0	1	4144	3	0	4000	other	0
060819891027	50	Pulse	5	1108838	11549	2
060819891027	51	Picture	10	1115359	0	2	4145	3	0	4000	other	0
060819891027	51	Pulse	5	1128838	13479	2
060819891027	52	Picture	10	1133430	0	1	4145	2	0	4000	other	0
060819891027	52	Pulse	5	1148837	15407	2
060819891027	53	Pulse	5	1168827	17326	2
060819891027	54	Picture	20	1176535	0	1	4144	3	0	4000	other	0
060819891027	54	Pulse	5	1188826	12291	2
060819891027	55	Picture	20	1194605	0	2	4145	3	0	4000	other	0
060819891027	55	Pulse	5	1208826	14221	2
060819891027	56	Picture	21	1212676	0	1	4145	2	0	4000	hit	115
060819891027	56	Response	1	1217296	4620	2
060819891027	56	Pulse	5	1228816	16140	2
060819891027	57	Picture	20	1230747	0	1	4145	2	0	4000	other	0
060819891027	57	Pulse	5	1248815	18068	3
060819891027	58	Picture	20	1248818	0	1	4144	3	0	4000	other	0
060819891027	59	Picture	20	1266888	0	2	4145	3	0	4000	other	0
060819891027	59	Pulse	5	1268815	1927	2
060819891027	60	Picture	21	1284959	0	1	4145	2	0	4000	hit	123
060819891027	60	Response	1	1288484	3525	2
060819891027	60	Pulse	5	1288804	3845	2
060819891027	61	Picture	20	1303030	0	1	4145	2	0	4000	other	0
060819891027	61	Pulse	5	1308804	5774	2
060819891027	62	Picture	20	1321101	0	1	4144	3	0	4000	other	0
060819891027	62	Pulse	5	1328793	7692	3
060819891027	63	Picture	20	1339171	0	2	4145	3	0	4000	other	0
060819891027	63	Pulse	5	1348793	9622	2
060819891027	64	Picture	20	1357242	0	1	4145	2	0	4000	other	0
060819891027	64	Pulse	5	1368793	11551	1
060819891027	65	Picture	20	1375313	0	1	4145	2	0	4000	other	0
060819891027	65	Pulse	5	1388792	13479	2
060819891027	66	Picture	21	1393384	0	1	4144	3	0	4000	hit	136
060819891027	66	Response	1	1399182	5798	2
060819891027	66	Pulse	5	1408782	15398	2
060819891027	67	Picture	20	1411454	0	2	4145	3	0	4000	other	0
060819891027	67	Pulse	5	1428781	17327	2
060819891027	68	Picture	20	1429525	0	1	4145	2	0	4000	other	0
060819891027	69	Picture	21	1447596	0	1	4145	2	0	4000	miss	0
060819891027	69	Pulse	5	1448781	1185	2
060819891027	70	Pulse	5	1468770	3103	3
060819891027	70	Pulse	5	1488770	23103	2
060819891027	71	Picture	10	1490700	0	2	4145	3	0	4000	other	0
060819891027	71	Pulse	5	1508769	18069	2
060819891027	72	Picture	10	1508771	0	1	4145	2	0	4000	other	0
060819891027	73	Picture	11	1526842	0	1	4145	2	0	4000	hit	150
060819891027	73	Pulse	5	1528759	1917	2
060819891027	73	Response	1	1530839	3997	2
060819891027	74	Picture	10	1544913	0	1	4144	3	0	4000	other	0
060819891027	74	Pulse	5	1548759	3846	1
060819891027	75	Picture	11	1562983	0	2	4145	4	0	4000	hit	154
060819891027	75	Response	1	1566998	4015	2
060819891027	75	Pulse	5	1568759	5776	1
060819891027	76	Picture	10	1581054	0	1	4145	2	0	4000	other	0
060819891027	76	Pulse	5	1588748	7694	2
060819891027	77	Picture	10	1599125	0	1	4145	2	0	4000	other	0
060819891027	77	Pulse	5	1608747	9622	2
060819891027	78	Picture	11	1617196	0	1	4144	3	0	4000	hit	161
060819891027	78	Response	1	1621067	3871	2
060819891027	78	Pulse	5	1628747	11551	2
060819891027	79	Picture	10	1635266	0	2	4145	3	0	4000	other	0
060819891027	79	Pulse	5	1648736	13470	2
060819891027	80	Picture	10	1653337	0	1	4145	2	0	4000	other	0
060819891027	80	Pulse	5	1668736	15399	2
060819891027	81	Picture	10	1671408	0	1	4145	2	0	4000	other	0
060819891027	81	Pulse	5	1688736	17328	1
060819891027	82	Picture	10	1689479	0	1	4144	3	0	4000	other	0
060819891027	83	Picture	10	1707550	0	1	4144	2	0	4000	other	0
060819891027	83	Pulse	5	1708725	1175	2
060819891027	84	Picture	11	1725620	0	1	4145	2	0	4000	hit	174
060819891027	84	Pulse	5	1728725	3105	2
060819891027	84	Response	1	1729365	3745	2
060819891027	85	Picture	10	1743691	0	1	4145	2	0	4000	other	0
060819891027	85	Pulse	5	1748724	5033	3
060819891027	86	Picture	10	1761762	0	1	4144	3	0	4000	other	0
060819891027	86	Pulse	5	1768714	6952	2
060819891027	87	Pulse	5	1788713	8880	2
060819891027	88	Picture	30	1804866	0	1	4145	2	0	4000	other	0
060819891027	88	Pulse	5	1808713	3847	2
060819891027	89	Picture	30	1822937	0	1	4145	2	0	4000	other	0
060819891027	89	Pulse	5	1828702	5765	2
060819891027	90	Picture	30	1841008	0	1	4144	3	0	4000	other	0
060819891027	90	Pulse	5	1848703	7695	1
060819891027	91	Picture	31	1859079	0	1	4144	2	0	4000	hit	187
060819891027	91	Response	1	1868542	9463	1
060819891027	91	Pulse	5	1868702	9623	1
060819891027	92	Picture	31	1877149	0	2	4145	3	0	4000	hit	190
060819891027	92	Response	1	1885811	8662	2
060819891027	92	Pulse	5	1888691	11542	2
060819891027	93	Picture	30	1895220	0	1	4145	2	0	4000	other	0
060819891027	93	Pulse	5	1908691	13471	1
060819891027	94	Picture	30	1913291	0	1	4144	3	0	4000	other	0
060819891027	94	Pulse	5	1928690	15399	2
060819891027	95	Picture	30	1931362	0	1	4144	2	0	4000	other	0
060819891027	95	Pulse	5	1948680	17318	2
060819891027	96	Picture	31	1949432	0	2	4145	3	0	4000	hit	199
060819891027	96	Response	1	1954120	4688	2
060819891027	97	Picture	30	1967503	0	1	4145	2	0	4000	other	0
060819891027	97	Pulse	5	1968679	1176	2
060819891027	98	Picture	30	1985574	0	1	4145	2	0	4000	other	0
060819891027	98	Pulse	5	1988680	3106	1
060819891027	99	Picture	30	2003644	0	2	4145	3	0	4000	other	0
060819891027	99	Pulse	5	2008668	5024	2
060819891027	100	Picture	30	2021715	0	2	4145	3	0	4000	other	0
060819891027	100	Pulse	5	2028668	6953	2
060819891027	101	Picture	31	2039786	0	1	4145	2	0	4000	hit	209
060819891027	101	Response	1	2046588	6802	2
060819891027	101	Pulse	5	2048668	8882	1
060819891027	102	Picture	30	2057857	0	1	4145	2	0	4000	other	0
060819891027	102	Pulse	5	2068657	10800	2
060819891027	103	Picture	30	2075928	0	1	4144	2	0	4000	false_alarm	214
060819891027	103	Response	1	2081137	5209	2
060819891027	103	Pulse	5	2088817	12889	2
060819891027	104	Pulse	5	2108816	14818	2
060819891027	105	Picture	10	2119032	0	1	4145	2	0	4000	other	0
060819891027	105	Pulse	5	2128806	9774	2
060819891027	106	Picture	10	2137103	0	1	4145	2	0	4000	other	0
060819891027	106	Pulse	5	2148806	11703	1
060819891027	107	Picture	11	2155174	0	1	4144	3	0	4000	hit	222
060819891027	107	Response	1	2159205	4031	2
060819891027	107	Pulse	5	2168805	13631	2
060819891027	108	Picture	10	2173244	0	2	4145	3	0	4000	other	0
060819891027	108	Pulse	5	2188794	15550	3
060819891027	109	Picture	11	2191314	0	2	4146	3	0	4000	hit	227
060819891027	109	Response	1	2195994	4680	3
060819891027	109	Pulse	5	2208794	17480	2
060819891027	110	Picture	10	2209386	0	1	4144	3	0	4000	other	0
060819891027	111	Picture	10	2227457	0	1	4144	3	0	4000	other	0
060819891027	111	Pulse	5	2228794	1337	2
060819891027	112	Picture	11	2245527	0	2	4145	3	0	4000	hit	234
060819891027	112	Pulse	5	2248783	3256	2
060819891027	112	Response	1	2250863	5336	2
060819891027	113	Picture	10	2263598	0	1	4145	2	0	4000	other	0
060819891027	113	Pulse	5	2268783	5185	2
060819891027	114	Picture	10	2281669	0	1	4145	2	0	4000	other	0
060819891027	114	Pulse	5	2288782	7113	2
060819891027	115	Picture	10	2299740	0	1	4144	2	0	4000	other	0
060819891027	115	Pulse	5	2308773	9033	1
060819891027	116	Picture	10	2317810	0	2	4145	3	0	4000	other	0
060819891027	116	Pulse	5	2328772	10962	1
060819891027	117	Picture	10	2335881	0	1	4145	2	0	4000	other	0
060819891027	117	Pulse	5	2348771	12890	2
060819891027	118	Picture	11	2353952	0	1	4144	3	0	4000	hit	246
060819891027	118	Response	1	2359321	5369	2
060819891027	118	Pulse	5	2368761	14809	1
060819891027	119	Picture	10	2372023	0	1	4144	2	0	4000	other	0
060819891027	119	Pulse	5	2388760	16737	2
060819891027	120	Picture	10	2390093	0	2	4145	3	0	4000	other	0
060819891027	121	Pulse	5	2408750	586	2
060819891027	121	Pulse	5	2428749	20585	2
060819891027	122	Picture	20	2433198	0	1	4145	2	0	4000	other	0
060819891027	122	Pulse	5	2448749	15551	2
060819891027	123	Picture	20	2451269	0	2	4144	4	0	4000	other	0
060819891027	123	Pulse	5	2468748	17479	3
060819891027	124	Picture	20	2469339	0	2	4145	3	0	4000	other	0
060819891027	125	Picture	21	2487410	0	1	4145	2	0	4000	miss	0
060819891027	125	Pulse	5	2488738	1328	2
060819891027	126	Picture	20	2505481	0	1	4145	2	0	4000	other	0
060819891027	126	Pulse	5	2508737	3256	3
060819891027	127	Picture	20	2523552	0	1	4144	3	0	4000	other	0
060819891027	127	Pulse	5	2528737	5185	2
060819891027	128	Picture	21	2541622	0	2	4145	3	0	4000	hit	265
060819891027	128	Response	1	2546487	4865	2
060819891027	128	Pulse	5	2548727	7105	2
060819891027	129	Picture	20	2559693	0	1	4145	2	0	4000	other	0
060819891027	129	Pulse	5	2568726	9033	2
060819891027	130	Picture	20	2577764	0	1	4145	2	0	4000	other	0
060819891027	130	Pulse	5	2588726	10962	2
060819891027	131	Picture	20	2595835	0	1	4144	3	0	4000	other	0
060819891027	131	Pulse	5	2608715	12880	2
060819891027	132	Picture	21	2613905	0	2	4145	3	0	4000	hit	274
060819891027	132	Response	1	2620555	6650	2
060819891027	132	Pulse	5	2628715	14810	2
060819891027	133	Picture	20	2631976	0	1	4145	2	0	4000	other	0
060819891027	133	Pulse	5	2648714	16738	2
060819891027	134	Picture	20	2650047	0	1	4145	2	0	4000	other	0
060819891027	135	Picture	21	2668118	0	1	4144	3	0	4000	hit	281
060819891027	135	Pulse	5	2668704	586	2
060819891027	135	Response	1	2674944	6826	2
060819891027	136	Picture	20	2686188	0	2	4145	3	0	4000	other	0
060819891027	136	Pulse	5	2688704	2516	2
060819891027	137	Picture	20	2704259	0	1	4145	2	0	4000	other	0
060819891027	137	Pulse	5	2708703	4444	2
