Scenario - 1-back
Logfile written - 01/29/2015 18:07:02

Subject	Trial	Event Type	Code	Time	TTime	Uncertainty	Duration	Uncertainty	ReqTime	ReqDur	Stim Type	Pair Index

1025	1	Pulse	5	291159	300993	1
1025	2	Pulse	5	311148	19917	2
1025	3	Picture	10	316264	0	2	4145	3	0	4000	other	0
1025	3	Pulse	5	331147	14883	3
1025	4	Picture	10	334335	0	1	4145	2	0	4000	other	0
1025	4	Pulse	5	351147	16812	2
1025	5	Picture	11	352405	0	2	4145	3	0	4000	hit	8
1025	5	Response	1	355786	3381	3
1025	6	Picture	10	370476	0	2	4145	3	0	4000	other	0
1025	6	Pulse	5	371136	660	2
1025	7	Picture	11	388547	0	1	4144	3	0	4000	hit	13
1025	7	Pulse	5	391135	2588	2
1025	7	Response	1	392895	4348	2
1025	8	Picture	10	406617	0	1	4145	2	0	4000	other	0
1025	8	Pulse	5	411135	4518	2
1025	9	Picture	10	424688	0	1	4144	3	0	4000	other	0
1025	9	Pulse	5	431124	6436	2
1025	10	Picture	10	442758	0	2	4145	3	0	4000	other	0
1025	10	Pulse	5	451124	8366	1
1025	11	Picture	11	460829	0	1	4145	2	0	4000	hit	21
1025	11	Response	1	464403	3574	2
1025	11	Pulse	5	471124	10295	1
1025	12	Picture	10	478900	0	1	4144	2	0	4000	other	0
1025	12	Pulse	5	491112	12212	2
1025	13	Picture	10	496970	0	1	4145	2	0	4000	other	0
1025	13	Pulse	5	511112	14142	2
1025	14	Picture	11	515041	0	1	4144	3	0	4000	hit	28
1025	14	Response	1	519751	4710	3
1025	14	Pulse	5	531111	16070	2
1025	15	Picture	10	533111	0	1	4145	2	0	4000	other	0
1025	15	Pulse	5	551100	17989	3
1025	16	Picture	10	551182	0	1	4145	2	0	4000	other	0
1025	17	Picture	10	569253	0	1	4144	2	0	4000	other	0
1025	17	Pulse	5	571100	1847	2
1025	18	Picture	10	587323	0	1	4145	2	0	4000	other	0
1025	18	Pulse	5	591099	3776	2
1025	19	Pulse	5	611087	5693	4
1025	20	Picture	30	630427	0	1	4145	2	0	4000	other	0
1025	20	Pulse	5	631087	660	4
1025	21	Picture	30	648497	0	2	4145	4	0	4000	other	0
1025	21	Pulse	5	651086	2589	4
1025	22	Picture	31	666568	0	2	4145	3	0	4000	hit	43
1025	22	Response	1	670437	3869	1
1025	22	Pulse	5	671077	4509	1
1025	23	Picture	30	684639	0	1	4145	2	0	4000	other	0
1025	23	Pulse	5	691076	6437	2
1025	24	Picture	30	702709	0	2	4145	3	0	4000	other	0
1025	24	Pulse	5	711235	8526	2
1025	25	Picture	30	720780	0	1	4145	2	0	4000	other	0
1025	25	Pulse	5	731224	10444	3
1025	26	Picture	31	738851	0	1	4144	3	0	4000	miss	0
1025	26	Pulse	5	751224	12373	2
1025	27	Picture	31	756921	0	2	4145	3	0	4000	hit	54
1025	27	Response	1	762104	5183	2
1025	27	Pulse	5	771224	14303	2
1025	28	Picture	30	774992	0	1	4145	2	0	4000	other	0
1025	28	Pulse	5	791213	16221	2
1025	29	Picture	30	793062	0	2	4145	3	0	4000	other	0
1025	30	Picture	30	811133	0	1	4145	2	0	4000	other	0
1025	30	Pulse	5	811212	79	3
1025	31	Picture	31	829204	0	1	4144	2	0	4000	hit	63
1025	31	Pulse	5	831212	2008	2
1025	31	Response	1	835531	6327	3
1025	32	Picture	30	847274	0	1	4145	2	0	4000	other	0
1025	32	Pulse	5	851202	3928	1
1025	33	Picture	30	865345	0	1	4144	3	0	4000	other	0
1025	33	Pulse	5	871200	5855	2
1025	34	Picture	30	883415	0	2	4145	3	0	4000	other	0
1025	34	Pulse	5	891200	7785	2
1025	35	Picture	30	901486	0	1	4145	2	0	4000	other	0
1025	35	Pulse	5	911189	9703	2
1025	36	Pulse	5	931188	11631	2
1025	37	Picture	10	944590	0	1	4145	2	0	4000	other	0
1025	37	Pulse	5	951188	6598	2
1025	38	Picture	10	962661	0	1	4144	2	0	4000	other	0
1025	38	Pulse	5	971177	8516	2
1025	39	Picture	11	980731	0	1	4145	2	0	4000	hit	78
1025	39	Response	1	984777	4046	2
1025	39	Pulse	5	991177	10446	1
1025	40	Picture	10	998802	0	1	4145	2	0	4000	other	0
1025	40	Pulse	5	1011176	12374	2
1025	41	Picture	11	1016872	0	2	4145	3	0	4000	hit	83
1025	41	Response	1	1020936	4064	2
1025	41	Pulse	5	1031165	14293	2
1025	42	Picture	10	1034943	0	1	4145	2	0	4000	other	0
1025	42	Pulse	5	1051165	16222	2
1025	43	Picture	10	1053014	0	1	4144	2	0	4000	other	0
1025	44	Picture	10	1071084	0	2	4145	3	0	4000	other	0
1025	44	Pulse	5	1071164	80	2
1025	45	Picture	11	1089155	0	1	4144	3	0	4000	hit	92
1025	45	Pulse	5	1091153	1998	2
1025	45	Response	1	1093073	3918	2
1025	46	Picture	10	1107225	0	2	4145	3	0	4000	other	0
1025	46	Pulse	5	1111153	3928	2
1025	47	Picture	10	1125296	0	1	4145	2	0	4000	other	0
1025	47	Pulse	5	1131152	5856	2
1025	48	Picture	11	1143366	0	2	4145	3	0	4000	hit	98
1025	48	Response	1	1148582	5216	2
1025	48	Pulse	5	1151142	7776	1
1025	49	Picture	10	1161437	0	1	4145	2	0	4000	other	0
1025	49	Pulse	5	1171141	9704	2
1025	50	Picture	10	1179508	0	1	4144	2	0	4000	other	0
1025	50	Pulse	5	1191140	11632	2
1025	51	Picture	10	1197578	0	1	4145	2	0	4000	other	0
1025	51	Pulse	5	1211130	13552	2
1025	52	Picture	10	1215649	0	1	4144	3	0	4000	other	0
1025	52	Pulse	5	1231129	15480	2
1025	53	Pulse	5	1251128	17409	2
1025	54	Picture	20	1258753	0	1	4145	2	0	4000	other	0
1025	54	Pulse	5	1271118	12365	2
1025	55	Picture	20	1276824	0	1	4144	2	0	4000	other	0
1025	55	Pulse	5	1291117	14293	3
1025	56	Picture	21	1294894	0	1	4145	2	0	4000	hit	114
1025	56	Response	1	1299437	4543	2
1025	56	Pulse	5	1311117	16223	2
1025	57	Picture	20	1312965	0	1	4144	3	0	4000	other	0
1025	58	Picture	20	1331035	0	1	4145	2	0	4000	other	0
1025	58	Pulse	5	1331106	71	2
1025	59	Picture	20	1349106	0	1	4145	2	0	4000	other	0
1025	59	Pulse	5	1351105	1999	2
1025	60	Picture	21	1367177	0	1	4144	2	0	4000	hit	122
1025	60	Response	1	1370785	3608	2
1025	60	Pulse	5	1371105	3928	2
1025	61	Picture	20	1385247	0	1	4145	2	0	4000	other	0
1025	61	Pulse	5	1391094	5847	2
1025	62	Picture	20	1403318	0	1	4144	2	0	4000	other	0
1025	62	Pulse	5	1411093	7775	2
1025	63	Picture	20	1421388	0	1	4145	2	0	4000	other	0
1025	63	Pulse	5	1431093	9705	2
1025	64	Picture	20	1439459	0	1	4145	2	0	4000	other	0
1025	64	Pulse	5	1451082	11623	2
1025	65	Picture	20	1457529	0	2	4145	3	0	4000	other	0
1025	65	Pulse	5	1471082	13553	1
1025	66	Picture	21	1475600	0	1	4145	2	0	4000	hit	135
1025	66	Response	1	1481481	5881	2
1025	66	Pulse	5	1491081	15481	2
1025	67	Picture	20	1493671	0	1	4144	2	0	4000	other	0
1025	67	Pulse	5	1511070	17399	2
1025	68	Picture	20	1511741	0	1	4145	2	0	4000	other	0
1025	69	Picture	21	1529812	0	1	4144	3	0	4000	hit	142
1025	69	Pulse	5	1531070	1258	2
1025	69	Response	1	1533630	3818	1
1025	70	Pulse	5	1551069	3187	2
1025	70	Pulse	5	1571058	23176	3
1025	71	Picture	10	1572916	0	1	4144	3	0	4000	other	0
1025	72	Picture	10	1590986	0	2	4145	3	0	4000	other	0
1025	72	Pulse	5	1591058	72	2
1025	73	Picture	11	1609057	0	1	4145	2	0	4000	hit	150
1025	73	Pulse	5	1611057	2000	3
1025	73	Response	1	1612977	3920	2
1025	74	Picture	10	1627128	0	1	4144	2	0	4000	other	0
1025	74	Pulse	5	1631045	3917	4
1025	75	Picture	11	1645198	0	1	4145	2	0	4000	hit	154
1025	75	Response	1	1650086	4888	2
1025	75	Pulse	5	1651045	5847	4
1025	76	Picture	10	1663269	0	1	4144	3	0	4000	other	0
1025	76	Pulse	5	1671044	7775	4
1025	77	Picture	10	1681339	0	2	4145	3	0	4000	other	0
1025	77	Pulse	5	1691035	9696	2
1025	78	Picture	11	1699410	0	1	4145	2	0	4000	hit	161
1025	78	Response	1	1703995	4585	1
1025	78	Pulse	5	1711034	11624	2
1025	79	Picture	10	1717481	0	1	4144	2	0	4000	other	0
1025	79	Pulse	5	1731033	13552	2
1025	80	Picture	10	1735551	0	1	4145	2	0	4000	other	0
1025	80	Pulse	5	1751182	15631	4
1025	81	Picture	10	1753622	0	1	4144	3	0	4000	other	0
1025	81	Pulse	5	1771181	17559	4
1025	82	Picture	10	1771692	0	2	4145	3	0	4000	other	0
1025	83	Picture	10	1789763	0	1	4144	3	0	4000	other	0
1025	83	Pulse	5	1791180	1417	4
1025	84	Picture	11	1807833	0	2	4145	3	0	4000	hit	174
1025	84	Pulse	5	1811171	3338	2
1025	84	Response	1	1811651	3818	2
1025	85	Picture	10	1825904	0	1	4145	2	0	4000	other	0
1025	85	Pulse	5	1831170	5266	2
1025	86	Picture	10	1843975	0	1	4144	2	0	4000	other	0
1025	86	Pulse	5	1851170	7195	2
1025	87	Pulse	5	1871159	9114	2
1025	88	Picture	30	1887079	0	1	4144	3	0	4000	other	0
1025	88	Pulse	5	1891158	4079	2
1025	89	Picture	30	1905149	0	2	4145	3	0	4000	other	0
1025	89	Pulse	5	1911158	6009	2
1025	90	Picture	30	1923220	0	1	4145	2	0	4000	other	0
1025	90	Pulse	5	1931147	7927	2
1025	91	Picture	31	1941290	0	2	4145	3	0	4000	hit	187
1025	91	Response	1	1945227	3937	2
1025	91	Pulse	5	1951147	9857	1
1025	92	Picture	31	1959361	0	1	4145	2	0	4000	hit	190
1025	92	Response	1	1963946	4585	3
1025	92	Pulse	5	1971146	11785	2
1025	93	Picture	30	1977432	0	1	4144	3	0	4000	other	0
1025	93	Pulse	5	1991135	13703	2
1025	94	Picture	30	1995502	0	2	4145	3	0	4000	other	0
1025	94	Pulse	5	2011135	15633	2
1025	95	Picture	30	2013573	0	1	4145	2	0	4000	other	0
1025	95	Pulse	5	2031134	17561	2
1025	96	Picture	31	2031643	0	2	4145	3	0	4000	hit	199
1025	96	Response	1	2035454	3811	2
1025	97	Picture	30	2049714	0	1	4145	2	0	4000	other	0
1025	97	Pulse	5	2051124	1410	1
1025	98	Picture	30	2067785	0	1	4144	3	0	4000	other	0
1025	98	Pulse	5	2071123	3338	2
1025	99	Picture	30	2085855	0	1	4145	2	0	4000	other	0
1025	99	Pulse	5	2091122	5267	2
1025	100	Picture	30	2103926	0	1	4144	3	0	4000	other	0
1025	100	Pulse	5	2111112	7186	1
1025	101	Picture	31	2121996	0	2	4145	3	0	4000	hit	209
1025	101	Response	1	2128711	6715	2
1025	101	Pulse	5	2131111	9115	2
1025	102	Picture	30	2140067	0	1	4145	2	0	4000	other	0
1025	102	Pulse	5	2151110	11043	2
1025	103	Picture	30	2158138	0	1	4144	2	0	4000	other	0
1025	103	Pulse	5	2171100	12962	1
1025	104	Pulse	5	2191099	14891	2
1025	105	Picture	10	2201242	0	1	4144	3	0	4000	other	0
1025	105	Pulse	5	2211098	9856	2
1025	106	Picture	10	2219312	0	1	4145	2	0	4000	other	0
1025	106	Pulse	5	2231088	11776	2
1025	107	Picture	11	2237383	0	1	4145	2	0	4000	hit	221
1025	107	Response	1	2241167	3784	3
1025	107	Pulse	5	2251087	13704	3
1025	108	Picture	10	2255453	0	2	4145	3	0	4000	other	0
1025	108	Pulse	5	2271086	15633	3
1025	109	Picture	11	2273524	0	1	4145	2	0	4000	hit	226
1025	109	Response	1	2277966	4442	3
1025	109	Pulse	5	2291076	17552	2
1025	110	Picture	10	2291595	0	1	4144	3	0	4000	other	0
1025	111	Picture	10	2309665	0	1	4145	2	0	4000	other	0
1025	111	Pulse	5	2311075	1410	2
1025	112	Picture	11	2327736	0	1	4144	3	0	4000	hit	233
1025	112	Pulse	5	2331075	3339	1
1025	112	Response	1	2332515	4779	1
1025	113	Picture	10	2345806	0	2	4145	3	0	4000	other	0
1025	113	Pulse	5	2351064	5258	2
1025	114	Picture	10	2363877	0	1	4145	2	0	4000	other	0
1025	114	Pulse	5	2371063	7186	2
1025	115	Picture	10	2381948	0	1	4144	2	0	4000	other	0
1025	115	Pulse	5	2391063	9115	2
1025	116	Picture	10	2400018	0	1	4145	2	0	4000	other	0
1025	116	Pulse	5	2411052	11034	2
1025	117	Picture	10	2418089	0	1	4144	2	0	4000	other	0
1025	117	Pulse	5	2431051	12962	2
1025	118	Picture	11	2436159	0	2	4145	3	0	4000	hit	245
1025	118	Response	1	2440171	4012	2
1025	118	Pulse	5	2451051	14892	2
1025	119	Picture	10	2454230	0	1	4144	3	0	4000	other	0
1025	119	Pulse	5	2471040	16810	2
1025	120	Picture	10	2472300	0	2	4145	3	0	4000	other	0
1025	121	Pulse	5	2491040	669	1
1025	121	Pulse	5	2511039	20668	2
1025	122	Picture	20	2515405	0	1	4144	3	0	4000	other	0
1025	122	Pulse	5	2531028	15623	2
1025	123	Picture	20	2533475	0	1	4145	2	0	4000	other	0
1025	123	Pulse	5	2551028	17553	2
1025	124	Picture	20	2551546	0	1	4144	3	0	4000	other	0
1025	125	Picture	21	2569616	0	2	4145	3	0	4000	hit	259
1025	125	Pulse	5	2571027	1411	2
1025	125	Response	1	2573267	3651	2
1025	126	Picture	20	2587687	0	1	4145	2	0	4000	other	0
1025	126	Pulse	5	2591016	3329	3
1025	127	Picture	20	2605757	0	2	4145	3	0	4000	other	0
1025	127	Pulse	5	2611016	5259	2
1025	128	Picture	21	2623828	0	1	4145	2	0	4000	hit	265
1025	128	Response	1	2627495	3667	3
1025	128	Pulse	5	2631015	7187	2
1025	129	Picture	20	2641899	0	1	4144	3	0	4000	other	0
1025	129	Pulse	5	2651005	9106	1
1025	130	Picture	20	2659969	0	2	4145	3	0	4000	other	0
1025	130	Pulse	5	2671004	11035	2
1025	131	Picture	20	2678040	0	1	4145	2	0	4000	other	0
1025	131	Pulse	5	2691003	12963	2
1025	132	Picture	21	2696111	0	1	4144	2	0	4000	hit	274
1025	132	Response	1	2699803	3692	2
1025	132	Pulse	5	2710992	14881	4
1025	133	Picture	20	2714181	0	1	4145	2	0	4000	other	0
1025	133	Pulse	5	2730991	16810	4
1025	134	Picture	20	2732252	0	1	4144	2	0	4000	other	0
1025	135	Picture	21	2750322	0	1	4145	2	0	4000	hit	281
1025	135	Pulse	5	2750990	668	4
1025	135	Response	1	2754511	4189	3
1025	136	Picture	20	2768393	0	1	4144	3	0	4000	other	0
1025	136	Pulse	5	2770982	2589	1
1025	137	Picture	20	2786463	0	2	4145	3	0	4000	other	0
1025	137	Pulse	5	2791139	4676	3
