Scenario - 1-back
Logfile written - 01/29/2015 18:11:32

Subject	Trial	Event Type	Code	Time	TTime	Uncertainty	Duration	Uncertainty	ReqTime	ReqDur	Stim Type	Pair Index

1025	1	Pulse	5	164029	173863	2
1025	2	Pulse	5	184018	19944	3
1025	3	Picture	10	189107	0	1	4145	2	0	4000	other	0
1025	3	Pulse	5	204018	14911	2
1025	4	Picture	10	207178	0	1	4144	3	0	4000	other	0
1025	4	Pulse	5	224017	16839	3
1025	5	Picture	11	225248	0	2	4145	3	0	4000	hit	8
1025	5	Response	1	229616	4368	4
1025	6	Picture	10	243319	0	1	4145	2	0	4000	other	0
1025	6	Pulse	5	244006	687	2
1025	7	Picture	11	261389	0	2	4145	3	0	4000	hit	13
1025	7	Pulse	5	264006	2617	2
1025	7	Response	1	265926	4537	2
1025	8	Picture	10	279460	0	1	4145	2	0	4000	other	0
1025	8	Pulse	5	284005	4545	2
1025	9	Picture	10	297531	0	1	4144	2	0	4000	other	0
1025	9	Pulse	5	303995	6464	1
1025	10	Picture	10	315601	0	2	4145	3	0	4000	other	0
1025	10	Pulse	5	323994	8393	2
1025	11	Picture	11	333672	0	1	4144	3	0	4000	hit	21
1025	11	Response	1	337753	4081	2
1025	11	Pulse	5	343993	10321	2
1025	12	Picture	10	351742	0	2	4145	3	0	4000	other	0
1025	12	Pulse	5	363982	12240	3
1025	13	Picture	10	369813	0	1	4145	2	0	4000	other	0
1025	13	Pulse	5	383981	14168	3
1025	14	Picture	11	387884	0	1	4144	2	0	4000	hit	28
1025	14	Response	1	391661	3777	3
1025	14	Pulse	5	403980	16096	4
1025	15	Picture	10	405954	0	1	4145	2	0	4000	other	0
1025	16	Picture	10	424025	0	1	4144	3	0	4000	other	0
1025	16	Pulse	5	424130	105	3
1025	17	Picture	10	442095	0	2	4145	3	0	4000	other	0
1025	17	Pulse	5	444130	2035	2
1025	18	Picture	10	460166	0	1	4145	2	0	4000	other	0
1025	18	Pulse	5	464130	3964	1
1025	19	Pulse	5	484118	5881	3
1025	20	Picture	20	503270	0	1	4145	2	0	4000	other	0
1025	20	Pulse	5	504118	848	2
1025	21	Picture	20	521341	0	1	4144	3	0	4000	other	0
1025	21	Pulse	5	524118	2777	1
1025	22	Picture	21	539411	0	1	4145	2	0	4000	hit	43
1025	22	Response	1	543787	4376	2
1025	22	Pulse	5	544107	4696	2
1025	23	Picture	20	557482	0	1	4144	3	0	4000	other	0
1025	23	Pulse	5	564106	6624	2
1025	24	Picture	20	575552	0	2	4145	3	0	4000	other	0
1025	24	Pulse	5	584106	8554	2
1025	25	Picture	20	593623	0	1	4145	2	0	4000	other	0
1025	25	Pulse	5	604095	10472	2
1025	26	Picture	21	611694	0	1	4144	2	0	4000	hit	52
1025	26	Response	1	615615	3921	2
1025	26	Pulse	5	624095	12401	1
1025	27	Picture	20	629764	0	2	4145	3	0	4000	other	0
1025	27	Pulse	5	644094	14330	2
1025	28	Picture	20	647835	0	1	4144	3	0	4000	other	0
1025	28	Pulse	5	664083	16248	3
1025	29	Picture	20	665905	0	2	4145	3	0	4000	other	0
1025	30	Picture	20	683976	0	1	4145	2	0	4000	other	0
1025	30	Pulse	5	684083	107	2
1025	31	Picture	20	702046	0	2	4145	3	0	4000	other	0
1025	31	Pulse	5	704083	2037	2
1025	32	Picture	21	720117	0	1	4145	2	0	4000	hit	64
1025	32	Response	1	723911	3794	2
1025	32	Pulse	5	724071	3954	2
1025	33	Picture	20	738188	0	1	4144	3	0	4000	other	0
1025	33	Pulse	5	744071	5883	2
1025	34	Picture	20	756258	0	2	4145	3	0	4000	other	0
1025	34	Pulse	5	764070	7812	2
1025	35	Picture	21	774329	0	1	4145	2	0	4000	hit	71
1025	35	Response	1	779900	5571	2
1025	35	Pulse	5	784060	9731	1
1025	36	Pulse	5	804059	11660	2
1025	37	Picture	10	817433	0	1	4145	2	0	4000	other	0
1025	37	Pulse	5	824058	6625	2
1025	38	Picture	10	835504	0	1	4144	2	0	4000	other	0
1025	38	Pulse	5	844048	8544	1
1025	39	Picture	11	853574	0	1	4145	2	0	4000	hit	79
1025	39	Response	1	858127	4553	2
1025	39	Pulse	5	864047	10473	2
1025	40	Picture	10	871645	0	1	4144	3	0	4000	other	0
1025	40	Pulse	5	884046	12401	2
1025	41	Picture	11	889715	0	2	4145	3	0	4000	hit	84
1025	41	Response	1	895076	5361	2
1025	41	Pulse	5	904036	14321	2
1025	42	Picture	10	907786	0	1	4145	2	0	4000	other	0
1025	42	Pulse	5	924035	16249	2
1025	43	Picture	10	925857	0	1	4144	2	0	4000	other	0
1025	44	Picture	10	943927	0	1	4145	2	0	4000	other	0
1025	44	Pulse	5	944034	107	2
1025	45	Picture	11	961998	0	1	4144	3	0	4000	hit	93
1025	45	Pulse	5	964024	2026	2
1025	45	Response	1	966584	4586	2
1025	46	Picture	10	980068	0	2	4145	3	0	4000	other	0
1025	46	Pulse	5	984023	3955	2
1025	47	Picture	10	998139	0	1	4145	2	0	4000	other	0
1025	47	Pulse	5	1004023	5884	1
1025	48	Picture	11	1016209	0	2	4145	3	0	4000	hit	99
1025	48	Response	1	1020812	4603	2
1025	48	Pulse	5	1024012	7803	2
1025	49	Picture	10	1034280	0	1	4145	2	0	4000	other	0
1025	49	Pulse	5	1044011	9731	2
1025	50	Picture	10	1052351	0	1	4144	3	0	4000	other	0
1025	50	Pulse	5	1064001	11650	2
1025	51	Picture	10	1070420	0	3	4146	4	0	4000	other	0
1025	51	Pulse	5	1084000	13580	2
1025	52	Picture	10	1088492	0	1	4144	3	0	4000	other	0
1025	52	Pulse	5	1103999	15507	2
1025	53	Pulse	5	1123999	17437	2
1025	54	Picture	30	1131596	0	1	4145	2	0	4000	other	0
1025	54	Pulse	5	1143988	12392	3
1025	55	Picture	30	1149667	0	1	4144	2	0	4000	other	0
1025	55	Pulse	5	1163988	14321	3
1025	56	Picture	31	1167737	0	1	4145	2	0	4000	hit	115
1025	56	Response	1	1171666	3929	5
1025	56	Pulse	5	1183987	16250	3
1025	57	Picture	30	1185808	0	1	4144	3	0	4000	other	0
1025	58	Picture	30	1203878	0	2	4145	3	0	4000	other	0
1025	58	Pulse	5	1203976	98	3
1025	59	Picture	30	1221949	0	1	4145	2	0	4000	other	0
1025	59	Pulse	5	1223976	2027	2
1025	60	Picture	31	1240020	0	1	4144	2	0	4000	hit	123
1025	60	Response	1	1243335	3315	2
1025	60	Pulse	5	1243975	3955	2
1025	61	Picture	31	1258090	0	1	4145	2	0	4000	hit	126
1025	61	Response	1	1262844	4754	2
1025	61	Pulse	5	1263964	5874	2
1025	62	Picture	30	1276161	0	1	4144	3	0	4000	other	0
1025	62	Pulse	5	1283964	7803	2
1025	63	Picture	30	1294231	0	1	4145	2	0	4000	other	0
1025	63	Pulse	5	1303963	9732	2
1025	64	Picture	30	1312302	0	1	4144	3	0	4000	other	0
1025	64	Pulse	5	1323953	11651	1
1025	65	Picture	31	1330372	0	2	4145	3	0	4000	hit	135
1025	65	Response	1	1336752	6380	2
1025	65	Pulse	5	1343952	13580	2
1025	66	Picture	30	1348443	0	1	4145	2	0	4000	other	0
1025	66	Pulse	5	1363951	15508	2
1025	67	Picture	30	1366514	0	1	4144	2	0	4000	other	0
1025	67	Pulse	5	1383940	17426	3
1025	68	Picture	30	1384584	0	1	4145	2	0	4000	other	0
1025	69	Picture	30	1402655	0	1	4144	3	0	4000	other	0
1025	69	Pulse	5	1403939	1284	3
1025	70	Pulse	5	1423938	3213	4
1025	70	Pulse	5	1443929	23204	2
1025	71	Picture	10	1445759	0	1	4144	3	0	4000	other	0
1025	72	Picture	10	1463829	0	2	4145	3	0	4000	other	0
1025	72	Pulse	5	1464087	258	3
1025	73	Picture	11	1481900	0	1	4145	2	0	4000	hit	151
1025	73	Pulse	5	1484087	2187	3
1025	73	Response	1	1485848	3948	1
1025	74	Picture	10	1499971	0	1	4144	2	0	4000	other	0
1025	74	Pulse	5	1504077	4106	2
1025	75	Picture	11	1518041	0	2	4145	3	0	4000	hit	155
1025	75	Response	1	1522316	4275	2
1025	75	Pulse	5	1524076	6035	2
1025	76	Picture	10	1536112	0	1	4144	3	0	4000	other	0
1025	76	Pulse	5	1544075	7963	3
1025	77	Picture	10	1554182	0	2	4145	3	0	4000	other	0
1025	77	Pulse	5	1564065	9883	2
1025	78	Picture	11	1572253	0	1	4145	2	0	4000	hit	162
1025	78	Response	1	1576225	3972	2
1025	78	Pulse	5	1584064	11811	2
1025	79	Picture	10	1590324	0	1	4144	2	0	4000	other	0
1025	79	Pulse	5	1604064	13740	2
1025	80	Picture	10	1608394	0	1	4145	2	0	4000	other	0
1025	80	Pulse	5	1624053	15659	2
1025	81	Picture	10	1626465	0	1	4144	3	0	4000	other	0
1025	81	Pulse	5	1644052	17587	3
1025	82	Picture	10	1644535	0	2	4145	3	0	4000	other	0
1025	83	Picture	10	1662606	0	1	4145	2	0	4000	other	0
1025	83	Pulse	5	1664052	1446	2
1025	84	Picture	11	1680677	0	1	4144	2	0	4000	hit	175
1025	84	Pulse	5	1684041	3364	2
1025	84	Response	1	1684841	4164	2
1025	85	Picture	10	1698747	0	1	4145	2	0	4000	other	0
1025	85	Pulse	5	1704041	5294	2
1025	86	Picture	10	1716818	0	1	4144	3	0	4000	other	0
1025	86	Pulse	5	1724040	7222	2
1025	87	Pulse	5	1744029	9141	2
1025	88	Picture	20	1759922	0	1	4144	3	0	4000	other	0
1025	88	Pulse	5	1764029	4107	2
1025	89	Picture	20	1777992	0	2	4145	3	0	4000	other	0
1025	89	Pulse	5	1784028	6036	2
1025	90	Picture	20	1796063	0	1	4145	2	0	4000	other	0
1025	90	Pulse	5	1804018	7955	1
1025	91	Picture	21	1814134	0	1	4144	2	0	4000	hit	188
1025	91	Response	1	1816977	2843	2
1025	91	Pulse	5	1824017	9883	2
1025	92	Picture	20	1832204	0	1	4145	2	0	4000	other	0
1025	92	Pulse	5	1844016	11812	2
1025	93	Picture	20	1850275	0	1	4144	3	0	4000	other	0
1025	93	Pulse	5	1864006	13731	2
1025	94	Picture	21	1868345	0	1	4145	2	0	4000	hit	195
1025	94	Response	1	1871685	3340	2
1025	94	Pulse	5	1884005	15660	2
1025	95	Picture	20	1886416	0	1	4145	2	0	4000	other	0
1025	95	Pulse	5	1904004	17588	2
1025	96	Picture	20	1904487	0	1	4144	2	0	4000	other	0
1025	97	Picture	20	1922557	0	1	4145	2	0	4000	other	0
1025	97	Pulse	5	1923994	1437	2
1025	98	Picture	21	1940628	0	1	4144	2	0	4000	hit	204
1025	98	Pulse	5	1943993	3365	2
1025	98	Response	1	1944793	4165	2
1025	99	Picture	20	1958698	0	1	4144	3	0	4000	other	0
1025	99	Pulse	5	1963993	5295	1
1025	100	Picture	20	1976769	0	1	4144	3	0	4000	other	0
1025	100	Pulse	5	1983982	7213	2
1025	101	Picture	21	1994839	0	2	4145	3	0	4000	hit	210
1025	101	Response	1	1999021	4182	2
1025	101	Pulse	5	2003981	9142	2
1025	102	Picture	20	2012910	0	1	4145	2	0	4000	other	0
1025	102	Pulse	5	2023981	11071	1
1025	103	Picture	20	2030980	0	2	4145	3	0	4000	other	0
1025	103	Pulse	5	2043970	12990	2
1025	104	Pulse	5	2063969	14918	2
1025	105	Picture	10	2074085	0	1	4144	3	0	4000	other	0
1025	105	Pulse	5	2083969	9884	2
1025	106	Picture	10	2092155	0	2	4145	3	0	4000	other	0
1025	106	Pulse	5	2103958	11803	2
1025	107	Picture	11	2110226	0	1	4145	2	0	4000	hit	222
1025	107	Response	1	2114518	4292	2
1025	107	Pulse	5	2123959	13733	1
1025	108	Picture	10	2128297	0	1	4144	2	0	4000	other	0
1025	108	Pulse	5	2143947	15650	2
1025	109	Picture	11	2146367	0	1	4145	2	0	4000	hit	227
1025	109	Response	1	2151307	4940	1
1025	109	Pulse	5	2163946	17579	3
1025	110	Picture	10	2164438	0	1	4144	3	0	4000	other	0
1025	111	Picture	10	2182508	0	1	4145	2	0	4000	other	0
1025	111	Pulse	5	2183946	1438	3
1025	112	Picture	11	2200579	0	1	4145	2	0	4000	hit	234
1025	112	Pulse	5	2203941	3362	9
1025	112	Response	1	2205385	4806	2
1025	113	Picture	10	2218649	0	2	4145	3	0	4000	other	0
1025	113	Pulse	5	2223934	5285	3
1025	114	Picture	10	2236720	0	1	4145	2	0	4000	other	0
1025	114	Pulse	5	2243934	7214	3
1025	115	Picture	10	2254791	0	1	4144	2	0	4000	other	0
1025	115	Pulse	5	2263919	9128	23
1025	116	Picture	10	2272861	0	1	4145	2	0	4000	other	0
1025	116	Pulse	5	2283920	11059	25
1025	117	Picture	10	2290932	0	1	4144	3	0	4000	other	0
1025	117	Pulse	5	2303922	12990	2
1025	118	Picture	11	2309002	0	2	4145	3	0	4000	hit	246
1025	118	Response	1	2312882	3880	1
1025	118	Pulse	5	2323921	14919	2
1025	119	Picture	10	2327073	0	1	4145	2	0	4000	other	0
1025	119	Pulse	5	2343911	16838	1
1025	120	Picture	10	2345144	0	1	4144	2	0	4000	other	0
1025	121	Pulse	5	2363910	696	2
1025	121	Pulse	5	2383909	20695	2
1025	122	Picture	30	2388248	0	1	4144	2	0	4000	other	0
1025	122	Pulse	5	2403898	15650	3
1025	123	Picture	30	2406318	0	1	4145	2	0	4000	other	0
1025	123	Pulse	5	2423897	17579	3
1025	124	Picture	30	2424389	0	1	4144	3	0	4000	other	0
1025	125	Picture	31	2442459	0	2	4145	3	0	4000	hit	260
1025	125	Pulse	5	2443896	1437	4
1025	125	Response	1	2448537	6078	2
1025	126	Picture	31	2460530	0	1	4145	2	0	4000	hit	263
1025	126	Pulse	5	2463887	3357	2
1025	126	Response	1	2465007	4477	2
1025	127	Picture	30	2478601	0	1	4144	2	0	4000	other	0
1025	127	Pulse	5	2483886	5285	2
1025	128	Picture	30	2496671	0	1	4145	2	0	4000	other	0
1025	128	Pulse	5	2504046	7375	1
1025	129	Picture	30	2514742	0	1	4144	3	0	4000	other	0
1025	129	Pulse	5	2524034	9292	3
1025	130	Picture	31	2532812	0	2	4145	3	0	4000	hit	271
1025	130	Response	1	2538435	5623	1
1025	130	Pulse	5	2544033	11221	3
1025	131	Picture	30	2550883	0	1	4145	2	0	4000	other	0
1025	131	Pulse	5	2564033	13150	3
1025	132	Picture	30	2568954	0	1	4144	2	0	4000	other	0
1025	132	Pulse	5	2584023	15069	2
1025	133	Picture	30	2587024	0	1	4145	2	0	4000	other	0
1025	133	Pulse	5	2604022	16998	3
1025	134	Picture	30	2605095	0	1	4144	3	0	4000	other	0
1025	135	Picture	31	2623165	0	1	4145	2	0	4000	hit	282
1025	135	Pulse	5	2624022	857	2
1025	135	Response	1	2627222	4057	2
1025	136	Picture	30	2641236	0	1	4145	2	0	4000	other	0
1025	136	Pulse	5	2644011	2775	2
1025	137	Picture	30	2659306	0	2	4145	3	0	4000	false_alarm	287
1025	137	Pulse	5	2664011	4705	1
1025	137	Response	1	2667210	7904	2
