Scenario - 1-back
Logfile written - 01/29/2015 18:02:18

Subject	Trial	Event Type	Code	Time	TTime	Uncertainty	Duration	Uncertainty	ReqTime	ReqDur	Stim Type	Pair Index

1025	1	Response	1	101298	111132	2
1025	1	Response	1	232474	242308	2
1025	1	Pulse	5	297262	307096	2
1025	2	Pulse	5	317261	19896	2
1025	3	Picture	10	322398	0	1	4145	2	0	4000	other	0
1025	3	Pulse	5	337251	14853	2
1025	4	Picture	10	340469	0	1	4144	3	0	4000	other	0
1025	4	Pulse	5	357250	16781	2
1025	5	Picture	11	358539	0	2	4145	3	0	4000	hit	10
1025	5	Response	1	362210	3671	2
1025	6	Picture	10	376609	0	2	4146	3	0	4000	other	0
1025	6	Pulse	5	377250	641	1
1025	7	Picture	11	394681	0	1	4144	2	0	4000	hit	15
1025	7	Pulse	5	397239	2558	2
1025	7	Response	1	397719	3038	2
1025	8	Picture	10	412751	0	1	4145	2	0	4000	other	0
1025	8	Pulse	5	417238	4487	2
1025	9	Picture	10	430822	0	1	4144	3	0	4000	other	0
1025	9	Pulse	5	437238	6416	1
1025	10	Picture	10	448892	0	1	4145	2	0	4000	other	0
1025	10	Pulse	5	457227	8335	2
1025	11	Picture	11	466963	0	1	4144	3	0	4000	hit	23
1025	11	Response	1	470347	3384	2
1025	11	Pulse	5	477226	10263	3
1025	12	Picture	10	485033	0	2	4144	5	0	4000	other	0
1025	12	Pulse	5	497226	12193	2
1025	13	Picture	10	503104	0	1	4145	2	0	4000	other	0
1025	13	Pulse	5	517215	14111	3
1025	14	Picture	11	521175	0	1	4144	2	0	4000	hit	30
1025	14	Response	1	524888	3713	25
1025	14	Pulse	5	537214	16039	3
1025	15	Picture	10	539245	0	1	4145	2	0	4000	other	0
1025	15	Pulse	5	557214	17969	2
1025	16	Picture	10	557316	0	1	4144	3	0	4000	other	0
1025	17	Picture	10	575386	0	1	4145	2	0	4000	other	0
1025	17	Pulse	5	577203	1817	2
1025	18	Picture	10	593457	0	1	4145	2	0	4000	other	0
1025	18	Pulse	5	597203	3746	1
1025	19	Pulse	5	617202	5675	2
1025	20	Picture	20	636561	0	1	4145	2	0	4000	other	0
1025	20	Pulse	5	637191	630	2
1025	21	Picture	20	654631	0	2	4145	3	0	4000	other	0
1025	21	Pulse	5	657191	2560	2
1025	22	Picture	21	672702	0	1	4145	2	0	4000	hit	46
1025	22	Pulse	5	677190	4488	2
1025	22	Response	1	679270	6568	2
1025	23	Picture	20	690773	0	1	4144	3	0	4000	other	0
1025	23	Pulse	5	697179	6406	2
1025	24	Picture	20	708843	0	1	4145	2	0	4000	other	0
1025	24	Pulse	5	717180	8337	1
1025	25	Picture	20	726914	0	1	4144	3	0	4000	other	0
1025	25	Pulse	5	737178	10264	2
1025	26	Picture	21	744984	0	2	4145	3	0	4000	hit	54
1025	26	Response	1	748688	3704	2
1025	26	Pulse	5	757168	12184	1
1025	27	Picture	20	763055	0	1	4145	2	0	4000	other	0
1025	27	Pulse	5	777167	14112	2
1025	28	Picture	20	781125	0	2	4145	3	0	4000	other	0
1025	28	Pulse	5	797166	16041	2
1025	29	Picture	20	799196	0	1	4145	2	0	4000	other	0
1025	29	Pulse	5	817156	17960	2
1025	30	Picture	20	817267	0	1	4144	3	0	4000	other	0
1025	31	Picture	20	835337	0	1	4145	2	0	4000	other	0
1025	31	Pulse	5	837155	1818	2
1025	32	Picture	21	853408	0	1	4144	3	0	4000	hit	66
1025	32	Response	1	856994	3586	2
1025	32	Pulse	5	857154	3746	2
1025	33	Picture	20	871478	0	2	4145	3	0	4000	other	0
1025	33	Pulse	5	877144	5666	2
1025	34	Picture	20	889549	0	1	4144	3	0	4000	other	0
1025	34	Pulse	5	897143	7594	2
1025	35	Picture	21	907620	0	1	4144	2	0	4000	hit	73
1025	35	Response	1	911223	3603	2
1025	35	Pulse	5	917143	9523	1
1025	36	Pulse	5	937132	11442	2
1025	37	Picture	10	950724	0	1	4144	3	0	4000	other	0
1025	37	Pulse	5	957131	6407	2
1025	38	Picture	10	968794	0	2	4145	3	0	4000	other	0
1025	38	Pulse	5	977131	8337	2
1025	39	Picture	11	986865	0	1	4144	3	0	4000	hit	81
1025	39	Response	1	990240	3375	3
1025	39	Pulse	5	997120	10255	2
1025	40	Picture	10	1004935	0	2	4145	3	0	4000	other	0
1025	40	Pulse	5	1017119	12184	3
1025	41	Picture	11	1023006	0	1	4145	2	0	4000	hit	86
1025	41	Response	1	1027039	4033	3
1025	41	Pulse	5	1037119	14113	2
1025	42	Picture	10	1041077	0	1	4144	2	0	4000	other	0
1025	42	Pulse	5	1057108	16031	2
1025	43	Picture	10	1059147	0	1	4145	2	0	4000	other	0
1025	43	Pulse	5	1077108	17961	1
1025	44	Picture	10	1077218	0	1	4144	3	0	4000	other	0
1025	45	Picture	11	1095288	0	2	4145	3	0	4000	hit	95
1025	45	Pulse	5	1097107	1819	2
1025	45	Response	1	1099827	4539	2
1025	46	Picture	10	1113359	0	1	4144	3	0	4000	other	0
1025	46	Pulse	5	1117095	3736	4
1025	47	Picture	10	1131429	0	2	4145	3	0	4000	other	0
1025	47	Pulse	5	1137095	5666	3
1025	48	Picture	11	1149500	0	1	4145	2	0	4000	hit	101
1025	48	Response	1	1154055	4555	2
1025	48	Pulse	5	1157094	7594	3
1025	49	Picture	10	1167571	0	1	4144	2	0	4000	other	0
1025	49	Pulse	5	1177243	9672	3
1025	50	Picture	10	1185641	0	1	4145	2	0	4000	other	0
1025	50	Pulse	5	1197243	11602	3
1025	51	Picture	10	1203712	0	1	4144	3	0	4000	other	0
1025	51	Pulse	5	1217242	13530	3
1025	52	Picture	10	1221782	0	1	4145	2	0	4000	other	0
1025	52	Pulse	5	1237231	15449	3
1025	53	Pulse	5	1257231	17378	3
1025	54	Picture	30	1264886	0	2	4145	3	0	4000	other	0
1025	54	Pulse	5	1277230	12344	3
1025	55	Picture	30	1282957	0	1	4145	2	0	4000	other	0
1025	55	Pulse	5	1297221	14264	2
1025	56	Picture	31	1301028	0	1	4144	2	0	4000	hit	117
1025	56	Response	1	1304420	3392	2
1025	56	Pulse	5	1317220	16192	2
1025	57	Picture	30	1319098	0	1	4145	2	0	4000	other	0
1025	58	Picture	30	1337169	0	1	4144	3	0	4000	other	0
1025	58	Pulse	5	1337219	50	2
1025	59	Picture	30	1355239	0	2	4145	3	0	4000	other	0
1025	59	Pulse	5	1357209	1970	2
1025	60	Picture	31	1373310	0	1	4145	2	0	4000	hit	126
1025	60	Pulse	5	1377201	3891	15
1025	60	Response	1	1377528	4218	2
1025	61	Picture	31	1391380	0	2	4145	3	0	4000	hit	129
1025	61	Pulse	5	1397203	5823	7
1025	61	Response	1	1400407	9027	2
1025	62	Picture	30	1409451	0	1	4145	2	0	4000	other	0
1025	62	Pulse	5	1417197	7746	2
1025	63	Picture	30	1427522	0	1	4144	3	0	4000	other	0
1025	63	Pulse	5	1437194	9672	5
1025	64	Picture	30	1445592	0	1	4145	2	0	4000	other	0
1025	64	Pulse	5	1457186	11594	3
1025	65	Picture	31	1463663	0	1	4144	3	0	4000	hit	137
1025	65	Response	1	1467585	3922	3
1025	65	Pulse	5	1477185	13522	3
1025	66	Picture	30	1481733	0	2	4145	3	0	4000	other	0
1025	66	Pulse	5	1497184	15451	3
1025	67	Picture	30	1499804	0	1	4145	2	0	4000	other	0
1025	67	Pulse	5	1517184	17380	3
1025	68	Picture	30	1517875	0	1	4144	2	0	4000	other	0
1025	69	Picture	30	1535945	0	1	4145	2	0	4000	false_alarm	146
1025	69	Pulse	5	1537173	1228	2
1025	69	Response	1	1542773	6828	2
1025	70	Pulse	5	1557173	3157	2
1025	70	Pulse	5	1577172	23156	2
1025	71	Picture	10	1579049	0	1	4145	2	0	4000	other	0
1025	72	Picture	10	1597120	0	1	4145	2	0	4000	other	0
1025	72	Pulse	5	1597161	41	2
1025	73	Picture	11	1615190	0	2	4145	3	0	4000	hit	154
1025	73	Pulse	5	1617161	1971	1
1025	73	Response	1	1619561	4371	1
1025	74	Picture	10	1633261	0	1	4145	2	0	4000	other	0
1025	74	Pulse	5	1637160	3899	2
1025	75	Picture	11	1651332	0	1	4144	2	0	4000	hit	158
1025	75	Response	1	1656030	4698	1
1025	75	Pulse	5	1657149	5817	2
1025	76	Picture	10	1669402	0	1	4145	2	0	4000	other	0
1025	76	Pulse	5	1677149	7747	2
1025	77	Picture	10	1687473	0	1	4144	3	0	4000	other	0
1025	77	Pulse	5	1697148	9675	2
1025	78	Picture	11	1705543	0	1	4145	2	0	4000	hit	165
1025	78	Response	1	1709458	3915	2
1025	78	Pulse	5	1717138	11595	1
1025	79	Picture	10	1723614	0	1	4144	3	0	4000	other	0
1025	79	Pulse	5	1737138	13524	1
1025	80	Picture	10	1741684	0	2	4145	3	0	4000	other	0
1025	80	Pulse	5	1757136	15452	2
1025	81	Picture	10	1759755	0	1	4145	2	0	4000	other	0
1025	81	Pulse	5	1777126	17371	2
1025	82	Picture	10	1777826	0	1	4144	2	0	4000	other	0
1025	83	Picture	10	1795896	0	1	4145	2	0	4000	other	0
1025	83	Pulse	5	1797125	1229	2
1025	84	Picture	11	1813967	0	1	4135	15	0	4000	hit	178
1025	84	Pulse	5	1817124	3157	2
1025	84	Response	1	1817444	3477	2
1025	85	Picture	10	1832037	0	2	4145	3	0	4000	other	0
1025	85	Pulse	5	1837114	5077	2
1025	86	Picture	10	1850108	0	1	4145	2	0	4000	other	0
1025	86	Pulse	5	1857113	7005	2
1025	87	Pulse	5	1877113	8935	1
1025	88	Picture	20	1893212	0	1	4145	2	0	4000	other	0
1025	88	Pulse	5	1897102	3890	2
1025	89	Picture	20	1911283	0	1	4144	2	0	4000	other	0
1025	89	Pulse	5	1917101	5818	2
1025	90	Picture	20	1929353	0	1	4145	2	0	4000	other	0
1025	90	Pulse	5	1937101	7748	1
1025	91	Picture	21	1947424	0	1	4144	3	0	4000	hit	191
1025	91	Response	1	1951330	3906	3
1025	91	Pulse	5	1957090	9666	2
1025	92	Picture	20	1965494	0	2	4145	3	0	4000	other	0
1025	92	Pulse	5	1977089	11595	3
1025	93	Picture	20	1983565	0	1	4145	2	0	4000	other	0
1025	93	Pulse	5	1997089	13524	2
1025	94	Picture	21	2001636	0	1	4144	2	0	4000	hit	198
1025	94	Response	1	2005399	3763	1
1025	94	Pulse	5	2017078	15442	2
1025	95	Picture	20	2019706	0	1	4145	2	0	4000	other	0
1025	95	Pulse	5	2037077	17371	2
1025	96	Picture	20	2037777	0	1	4144	3	0	4000	other	0
1025	97	Picture	20	2055847	0	1	4145	2	0	4000	other	0
1025	97	Pulse	5	2057077	1230	2
1025	98	Picture	21	2073918	0	1	4144	3	0	4000	hit	207
1025	98	Pulse	5	2077066	3148	2
1025	98	Response	1	2077546	3628	2
1025	99	Picture	20	2091988	0	2	4145	3	0	4000	other	0
1025	99	Pulse	5	2097066	5078	1
1025	100	Picture	20	2110059	0	1	4145	2	0	4000	other	0
1025	100	Pulse	5	2117065	7006	2
1025	101	Picture	21	2128130	0	1	4144	2	0	4000	hit	213
1025	101	Response	1	2133694	5564	2
1025	101	Pulse	5	2137053	8923	3
1025	102	Picture	20	2146200	0	1	4145	2	0	4000	other	0
1025	102	Pulse	5	2157053	10853	3
1025	103	Picture	20	2164271	0	1	4144	3	0	4000	other	0
1025	103	Pulse	5	2177052	12781	3
1025	104	Pulse	5	2197043	14702	1
1025	105	Picture	10	2207375	0	1	4144	3	0	4000	other	0
1025	105	Pulse	5	2217042	9667	2
1025	106	Picture	10	2225445	0	2	4145	3	0	4000	other	0
1025	106	Pulse	5	2237201	11756	2
1025	107	Picture	11	2243516	0	1	4145	2	0	4000	hit	225
1025	107	Response	1	2247751	4235	2
1025	107	Pulse	5	2257190	13674	3
1025	108	Picture	10	2261586	0	2	4145	3	0	4000	other	0
1025	108	Pulse	5	2277190	15604	2
1025	109	Picture	11	2279657	0	1	4145	2	0	4000	hit	230
1025	109	Response	1	2284230	4573	2
1025	109	Pulse	5	2297189	17532	2
1025	110	Picture	10	2297728	0	1	4144	3	0	4000	other	0
1025	111	Picture	10	2315798	0	2	4145	3	0	4000	other	0
1025	111	Pulse	5	2317179	1381	2
1025	112	Picture	11	2333869	0	1	4145	2	0	4000	hit	237
1025	112	Pulse	5	2337178	3309	2
1025	112	Response	1	2338458	4589	2
1025	113	Picture	10	2351939	0	2	4145	3	0	4000	other	0
1025	113	Pulse	5	2357177	5238	2
1025	114	Picture	10	2370010	0	1	4145	2	0	4000	other	0
1025	114	Pulse	5	2377167	7157	2
1025	115	Picture	10	2388081	0	1	4144	3	0	4000	other	0
1025	115	Pulse	5	2397166	9085	2
1025	116	Picture	10	2406151	0	1	4145	2	0	4000	other	0
1025	116	Pulse	5	2417166	11015	1
1025	117	Picture	10	2424222	0	1	4144	3	0	4000	other	0
1025	117	Pulse	5	2437155	12933	2
1025	118	Picture	11	2442292	0	2	4145	3	0	4000	hit	249
1025	118	Response	1	2446275	3983	2
1025	118	Pulse	5	2457154	14862	3
1025	119	Picture	10	2460363	0	1	4145	2	0	4000	other	0
1025	119	Pulse	5	2477154	16791	2
1025	120	Picture	10	2478434	0	2	4144	3	0	4000	other	0
1025	121	Pulse	5	2497143	639	2
1025	121	Pulse	5	2517142	20638	2
1025	122	Picture	30	2521538	0	1	4144	3	0	4000	other	0
1025	122	Pulse	5	2537142	15604	2
1025	123	Picture	30	2539608	0	1	4145	2	0	4000	other	0
1025	123	Pulse	5	2557131	17523	2
1025	124	Picture	30	2557679	0	1	4144	3	0	4000	other	0
1025	125	Picture	31	2575749	0	2	4145	3	0	4000	hit	263
1025	125	Pulse	5	2577131	1382	2
1025	125	Response	1	2580171	4422	2
1025	126	Picture	31	2593820	0	1	4145	2	0	4000	hit	266
1025	126	Pulse	5	2597130	3310	2
1025	126	Response	1	2602090	8270	2
1025	127	Picture	30	2611891	0	1	4144	2	0	4000	other	0
1025	127	Pulse	5	2617119	5228	3
1025	128	Picture	30	2629961	0	1	4145	2	0	4000	other	0
1025	128	Pulse	5	2637119	7158	2
1025	129	Picture	30	2648032	0	1	4144	3	0	4000	other	0
1025	129	Pulse	5	2657118	9086	2
1025	130	Picture	31	2666102	0	2	4145	3	0	4000	hit	274
1025	130	Response	1	2670068	3966	1
1025	130	Pulse	5	2677107	11005	2
1025	131	Picture	30	2684173	0	1	4145	2	0	4000	other	0
1025	131	Pulse	5	2697107	12934	2
1025	132	Picture	30	2702243	0	2	4145	3	0	4000	other	0
1025	132	Pulse	5	2717106	14863	2
1025	133	Picture	30	2720314	0	1	4145	2	0	4000	other	0
1025	133	Pulse	5	2737096	16782	1
1025	134	Picture	30	2738385	0	1	4144	2	0	4000	other	0
1025	135	Picture	31	2756455	0	2	4145	3	0	4000	hit	285
1025	135	Pulse	5	2757095	640	2
1025	135	Response	1	2762535	6080	2
1025	136	Picture	30	2774526	0	1	4144	3	0	4000	other	0
1025	136	Pulse	5	2777094	2568	2
1025	137	Picture	30	2792596	0	2	4145	3	0	4000	other	0
1025	137	Pulse	5	2797084	4488	2
