Scenario - 1-back
Logfile written - 01/29/2015 18:16:03

Subject	Trial	Event Type	Code	Time	TTime	Uncertainty	Duration	Uncertainty	ReqTime	ReqDur	Stim Type	Pair Index

1025	1	Pulse	5	166211	176045	1
1025	2	Pulse	5	186209	19980	2
1025	3	Picture	10	191262	0	1	4145	2	0	4000	other	0
1025	3	Pulse	5	206209	14947	1
1025	4	Picture	10	209333	0	1	4144	3	0	4000	other	0
1025	4	Pulse	5	226198	16865	2
1025	5	Picture	11	227403	0	2	4145	3	0	4000	hit	8
1025	5	Response	1	231958	4555	2
1025	6	Picture	10	245474	0	1	4145	2	0	4000	other	0
1025	6	Pulse	5	246197	723	2
1025	7	Picture	11	263545	0	1	4144	2	0	4000	hit	13
1025	7	Pulse	5	266197	2652	1
1025	7	Response	1	267957	4412	1
1025	8	Picture	10	281615	0	1	4145	2	0	4000	other	0
1025	8	Pulse	5	286186	4571	2
1025	9	Picture	10	299686	0	1	4144	3	0	4000	other	0
1025	9	Pulse	5	306185	6499	2
1025	10	Picture	10	317756	0	2	4145	3	0	4000	other	0
1025	10	Pulse	5	326185	8429	2
1025	11	Picture	11	335827	0	1	4145	2	0	4000	hit	21
1025	11	Response	1	340264	4437	2
1025	11	Pulse	5	346174	10347	2
1025	12	Picture	10	353898	0	1	4144	2	0	4000	other	0
1025	12	Pulse	5	366174	12276	1
1025	13	Picture	10	371968	0	1	4145	2	0	4000	other	0
1025	13	Pulse	5	386173	14205	2
1025	14	Picture	11	390039	0	1	4144	3	0	4000	hit	28
1025	14	Response	1	394173	4134	2
1025	14	Pulse	5	406162	16123	2
1025	15	Picture	10	408109	0	2	4145	3	0	4000	other	0
1025	15	Pulse	5	426162	18053	2
1025	16	Picture	10	426180	0	1	4145	2	0	4000	other	0
1025	17	Picture	10	444251	0	1	4144	2	0	4000	other	0
1025	17	Pulse	5	446161	1910	2
1025	18	Picture	10	462321	0	1	4145	2	0	4000	other	0
1025	18	Pulse	5	466150	3829	3
1025	19	Pulse	5	486150	5758	2
1025	20	Picture	30	505425	0	1	4145	2	0	4000	other	0
1025	20	Pulse	5	506149	724	3
1025	21	Picture	30	523496	0	1	4144	3	0	4000	other	0
1025	21	Pulse	5	526138	2642	2
1025	22	Picture	31	541566	0	2	4145	3	0	4000	hit	43
1025	22	Response	1	545177	3611	3
1025	22	Pulse	5	546138	4572	2
1025	23	Picture	30	559637	0	1	4145	2	0	4000	other	0
1025	23	Pulse	5	566137	6500	2
1025	24	Picture	30	577707	0	2	4145	3	0	4000	other	0
1025	24	Pulse	5	586127	8420	1
1025	25	Picture	30	595778	0	1	4145	2	0	4000	other	0
1025	25	Pulse	5	606126	10348	2
1025	26	Picture	31	613849	0	1	4144	3	0	4000	hit	52
1025	26	Response	1	620046	6197	1
1025	26	Pulse	5	626125	12276	2
1025	27	Picture	31	631919	0	2	4145	3	0	4000	hit	55
1025	27	Response	1	638435	6516	2
1025	27	Pulse	5	646115	14196	2
1025	28	Picture	30	649990	0	1	4144	3	0	4000	other	0
1025	28	Pulse	5	666114	16124	2
1025	29	Picture	30	668060	0	2	4145	3	0	4000	other	0
1025	29	Pulse	5	686113	18053	3
1025	30	Picture	30	686131	0	1	4145	2	0	4000	other	0
1025	31	Picture	31	704202	0	1	4144	2	0	4000	hit	64
1025	31	Pulse	5	706103	1901	2
1025	31	Response	1	708983	4781	2
1025	32	Picture	30	722272	0	1	4145	2	0	4000	other	0
1025	32	Pulse	5	726102	3830	2
1025	33	Picture	30	740342	0	2	4145	4	0	4000	other	0
1025	33	Pulse	5	746102	5760	2
1025	34	Picture	30	758413	0	2	4145	3	0	4000	other	0
1025	34	Pulse	5	766091	7678	2
1025	35	Picture	30	776484	0	1	4145	2	0	4000	other	0
1025	35	Pulse	5	786090	9606	3
1025	36	Pulse	5	806090	11535	2
1025	37	Picture	10	819588	0	1	4145	2	0	4000	other	0
1025	37	Pulse	5	826079	6491	2
1025	38	Picture	10	837659	0	2	4144	4	0	4000	other	0
1025	38	Pulse	5	846079	8420	1
1025	39	Picture	11	855729	0	1	4145	2	0	4000	hit	79
1025	39	Response	1	859998	4269	2
1025	39	Pulse	5	866078	10349	2
1025	40	Picture	10	873800	0	1	4144	3	0	4000	other	0
1025	40	Pulse	5	886067	12267	2
1025	41	Picture	11	891870	0	2	4145	3	0	4000	hit	84
1025	41	Response	1	895348	3478	1
1025	41	Pulse	5	906067	14197	1
1025	42	Picture	10	909941	0	1	4145	2	0	4000	other	0
1025	42	Pulse	5	926066	16125	2
1025	43	Picture	10	928012	0	1	4144	2	0	4000	other	0
1025	43	Pulse	5	946054	18042	4
1025	44	Picture	10	946082	0	1	4145	2	0	4000	other	0
1025	45	Picture	11	964153	0	1	4144	3	0	4000	hit	93
1025	45	Pulse	5	966054	1901	3
1025	45	Response	1	969094	4941	3
1025	46	Picture	10	982223	0	2	4145	3	0	4000	other	0
1025	46	Pulse	5	986053	3830	4
1025	47	Picture	10	1000294	0	2	4145	3	0	4000	other	0
1025	47	Pulse	5	1006044	5750	1
1025	48	Picture	11	1018365	0	1	4144	2	0	4000	hit	99
1025	48	Response	1	1022522	4157	3
1025	48	Pulse	5	1026043	7678	2
1025	49	Picture	10	1036435	0	1	4145	2	0	4000	other	0
1025	49	Pulse	5	1046042	9607	2
1025	50	Picture	10	1054506	0	1	4144	3	0	4000	other	0
1025	50	Pulse	5	1066191	11685	2
1025	51	Picture	10	1072576	0	2	4145	3	0	4000	other	0
1025	51	Pulse	5	1086190	13614	3
1025	52	Picture	10	1090647	0	1	4145	2	0	4000	other	0
1025	52	Pulse	5	1106189	15542	4
1025	53	Pulse	5	1126180	17463	2
1025	54	Picture	20	1133751	0	1	4145	2	0	4000	other	0
1025	54	Pulse	5	1146180	12429	1
1025	55	Picture	20	1151822	0	1	4144	2	0	4000	other	0
1025	55	Pulse	5	1166179	14357	1
1025	56	Picture	21	1169892	0	1	4145	2	0	4000	hit	115
1025	56	Response	1	1173858	3966	2
1025	56	Pulse	5	1186168	16276	2
1025	57	Picture	20	1187963	0	1	4144	3	0	4000	other	0
1025	58	Picture	20	1206033	0	2	4145	3	0	4000	other	0
1025	58	Pulse	5	1206167	134	2
1025	59	Picture	20	1224104	0	1	4145	2	0	4000	other	0
1025	59	Pulse	5	1226167	2063	1
1025	60	Picture	21	1242175	0	1	4144	2	0	4000	hit	123
1025	60	Response	1	1246156	3981	2
1025	60	Pulse	5	1246156	3981	2
1025	61	Picture	20	1260245	0	1	4145	2	0	4000	other	0
1025	61	Pulse	5	1266155	5910	2
1025	62	Picture	20	1278315	0	2	4145	4	0	4000	other	0
1025	62	Pulse	5	1286155	7840	2
1025	63	Picture	20	1296386	0	2	4145	3	0	4000	other	0
1025	63	Pulse	5	1306144	9758	2
1025	64	Picture	20	1314457	0	1	4144	3	0	4000	other	0
1025	64	Pulse	5	1326143	11686	2
1025	65	Picture	20	1332527	0	2	4145	3	0	4000	other	0
1025	65	Pulse	5	1346143	13616	2
1025	66	Picture	21	1350598	0	1	4145	2	0	4000	hit	136
1025	66	Response	1	1355103	4505	1
1025	66	Pulse	5	1366132	15534	2
1025	67	Picture	20	1368669	0	1	4144	2	0	4000	other	0
1025	67	Pulse	5	1386132	17463	1
1025	68	Picture	20	1386739	0	1	4145	2	0	4000	other	0
1025	69	Picture	21	1404810	0	1	4144	3	0	4000	hit	143
1025	69	Pulse	5	1406131	1321	2
1025	69	Response	1	1409331	4521	2
1025	70	Pulse	5	1426120	3240	3
1025	70	Pulse	5	1446120	23240	2
1025	71	Picture	10	1447914	0	1	4145	2	0	4000	other	0
1025	72	Picture	10	1465985	0	1	4144	3	0	4000	other	0
1025	72	Pulse	5	1466119	134	2
1025	73	Picture	11	1484055	0	1	4145	2	0	4000	hit	151
1025	73	Pulse	5	1486108	2053	2
1025	73	Response	1	1488188	4133	2
1025	74	Picture	10	1502126	0	1	4144	3	0	4000	other	0
1025	74	Pulse	5	1506108	3982	2
1025	75	Picture	11	1520196	0	1	4145	2	0	4000	hit	155
1025	75	Response	1	1523867	3671	2
1025	75	Pulse	5	1526108	5912	1
1025	76	Picture	10	1538267	0	2	4145	3	0	4000	other	0
1025	76	Pulse	5	1546097	7830	1
1025	77	Picture	10	1556337	0	2	4145	3	0	4000	other	0
1025	77	Pulse	5	1566096	9759	2
1025	78	Picture	11	1574408	0	1	4145	2	0	4000	hit	162
1025	78	Response	1	1577776	3368	1
1025	78	Pulse	5	1586095	11687	2
1025	79	Picture	10	1592479	0	1	4144	2	0	4000	other	0
1025	79	Pulse	5	1606085	13606	2
1025	80	Picture	10	1610549	0	1	4145	2	0	4000	other	0
1025	80	Pulse	5	1626084	15535	2
1025	81	Picture	10	1628620	0	1	4144	3	0	4000	other	0
1025	81	Pulse	5	1646083	17463	2
1025	82	Picture	10	1646690	0	2	4145	3	0	4000	other	0
1025	83	Picture	10	1664761	0	1	4145	2	0	4000	other	0
1025	83	Pulse	5	1666073	1312	2
1025	84	Picture	11	1682832	0	1	4144	2	0	4000	hit	175
1025	84	Pulse	5	1686072	3240	2
1025	84	Response	1	1687193	4361	1
1025	85	Picture	10	1700902	0	1	4145	2	0	4000	other	0
1025	85	Pulse	5	1706072	5170	1
1025	86	Picture	10	1718973	0	1	4144	2	0	4000	other	0
1025	86	Pulse	5	1726061	7088	2
1025	87	Pulse	5	1746060	9017	3
1025	88	Picture	30	1762077	0	1	4144	3	0	4000	other	0
1025	88	Pulse	5	1766060	3983	2
1025	89	Picture	30	1780147	0	2	4145	3	0	4000	other	0
1025	89	Pulse	5	1786049	5902	2
1025	90	Picture	30	1798218	0	1	4145	2	0	4000	other	0
1025	90	Pulse	5	1806048	7830	3
1025	91	Picture	31	1816288	0	2	4145	3	0	4000	hit	188
1025	91	Response	1	1820769	4481	1
1025	91	Pulse	5	1826048	9760	2
1025	92	Picture	31	1834359	0	1	4145	2	0	4000	hit	191
1025	92	Response	1	1838687	4328	2
1025	92	Pulse	5	1846037	11678	2
1025	93	Picture	30	1852430	0	1	4144	3	0	4000	other	0
1025	93	Pulse	5	1866037	13607	1
1025	94	Picture	30	1870500	0	1	4145	2	0	4000	other	0
1025	94	Pulse	5	1886036	15536	2
1025	95	Picture	30	1888571	0	1	4145	2	0	4000	other	0
1025	95	Pulse	5	1906025	17454	3
1025	96	Picture	31	1906641	0	2	4145	3	0	4000	hit	200
1025	96	Response	1	1909865	3224	3
1025	97	Picture	30	1924712	0	1	4145	2	0	4000	other	0
1025	97	Pulse	5	1926025	1313	2
1025	98	Picture	30	1942783	0	1	4144	2	0	4000	other	0
1025	98	Pulse	5	1946024	3241	2
1025	99	Picture	30	1960853	0	1	4145	2	0	4000	other	0
1025	99	Pulse	5	1966013	5160	2
1025	100	Picture	30	1978924	0	1	4144	3	0	4000	other	0
1025	100	Pulse	5	1986013	7089	2
1025	101	Picture	31	1996994	0	2	4145	3	0	4000	hit	210
1025	101	Response	1	2001212	4218	2
1025	101	Pulse	5	2006012	9018	2
1025	102	Picture	30	2015065	0	1	4145	2	0	4000	other	0
1025	102	Pulse	5	2026001	10936	3
1025	103	Picture	30	2033136	0	1	4144	2	0	4000	other	0
1025	103	Pulse	5	2046000	12864	3
1025	104	Pulse	5	2065999	14793	3
1025	105	Picture	10	2076240	0	1	4144	3	0	4000	other	0
1025	105	Pulse	5	2085990	9750	2
1025	106	Picture	10	2094310	0	2	4145	3	0	4000	other	0
1025	106	Pulse	5	2106148	11838	3
1025	107	Picture	11	2112381	0	1	4145	2	0	4000	hit	222
1025	107	Response	1	2117989	5608	1
1025	107	Pulse	5	2126148	13767	2
1025	108	Picture	10	2130451	0	2	4145	3	0	4000	other	0
1025	108	Pulse	5	2146137	15686	3
1025	109	Picture	11	2148522	0	1	4145	2	0	4000	hit	227
1025	109	Response	1	2153018	4496	1
1025	109	Pulse	5	2166136	17614	3
1025	110	Picture	10	2166593	0	1	4144	3	0	4000	other	0
1025	111	Picture	10	2184663	0	1	4145	2	0	4000	other	0
1025	111	Pulse	5	2186135	1472	3
1025	112	Picture	11	2202734	0	1	4144	3	0	4000	hit	234
1025	112	Pulse	5	2206127	3393	1
1025	112	Response	1	2207406	4672	2
1025	113	Picture	10	2220804	0	2	4145	3	0	4000	other	0
1025	113	Pulse	5	2226125	5321	2
1025	114	Picture	10	2238875	0	1	4145	2	0	4000	other	0
1025	114	Pulse	5	2246125	7250	2
1025	115	Picture	10	2256946	0	1	4144	2	0	4000	other	0
1025	115	Pulse	5	2266114	9168	2
1025	116	Picture	10	2275016	0	1	4145	2	0	4000	other	0
1025	116	Pulse	5	2286110	11094	10
1025	117	Picture	10	2293087	0	1	4144	3	0	4000	other	0
1025	117	Pulse	5	2306113	13026	2
1025	118	Picture	11	2311157	0	2	4145	3	0	4000	hit	246
1025	118	Response	1	2316347	5190	9
1025	118	Pulse	5	2326103	14946	1
1025	119	Picture	10	2329228	0	1	4145	2	0	4000	other	0
1025	119	Pulse	5	2346101	16873	2
1025	120	Picture	10	2347298	0	2	4145	3	0	4000	other	0
1025	121	Pulse	5	2366101	732	2
1025	121	Pulse	5	2386090	20721	3
1025	122	Picture	20	2390403	0	1	4144	2	0	4000	other	0
1025	122	Pulse	5	2406090	15687	2
1025	123	Picture	20	2408473	0	1	4145	2	0	4000	other	0
1025	123	Pulse	5	2426089	17616	2
1025	124	Picture	20	2426544	0	1	4144	3	0	4000	other	0
1025	125	Picture	21	2444614	0	2	4145	3	0	4000	hit	260
1025	125	Pulse	5	2446079	1465	1
1025	125	Response	1	2448478	3864	2
1025	126	Picture	20	2462685	0	1	4145	2	0	4000	other	0
1025	126	Pulse	5	2466078	3393	2
1025	127	Picture	20	2480756	0	1	4144	2	0	4000	other	0
1025	127	Pulse	5	2486077	5321	2
1025	128	Picture	21	2498826	0	1	4145	2	0	4000	hit	266
1025	128	Response	1	2502557	3731	1
1025	128	Pulse	5	2506066	7240	2
1025	129	Picture	20	2516897	0	1	4144	3	0	4000	other	0
1025	129	Pulse	5	2526066	9169	2
1025	130	Picture	20	2534967	0	2	4145	3	0	4000	other	0
1025	130	Pulse	5	2546065	11098	2
1025	131	Picture	20	2553038	0	1	4145	2	0	4000	other	0
1025	131	Pulse	5	2566055	13017	1
1025	132	Picture	21	2571108	0	2	4145	3	0	4000	hit	275
1025	132	Response	1	2575654	4546	2
1025	132	Pulse	5	2586054	14946	2
1025	133	Picture	20	2589179	0	1	4145	2	0	4000	other	0
1025	133	Pulse	5	2606053	16874	2
1025	134	Picture	20	2607250	0	1	4144	2	0	4000	other	0
1025	135	Picture	21	2625320	0	1	4145	2	0	4000	hit	282
1025	135	Pulse	5	2626043	723	2
1025	135	Response	1	2629403	4083	2
1025	136	Picture	20	2643391	0	1	4144	3	0	4000	other	0
1025	136	Pulse	5	2646042	2651	2
1025	137	Picture	20	2661461	0	2	4145	3	0	4000	other	0
1025	137	Pulse	5	2666042	4581	1
