Scenario - 1-back
Logfile written - 01/16/2015 17:12:13

Subject	Trial	Event Type	Code	Time	TTime	Uncertainty	Duration	Uncertainty	ReqTime	ReqDur	Stim Type	Pair Index

1028	1	Pulse	5	857063	866898	3
1028	2	Pulse	5	877063	19842	1
1028	3	Picture	10	882255	0	1	4144	2	0	4000	other	0
1028	3	Pulse	5	897052	14797	2
1028	4	Picture	10	900325	0	1	4145	2	0	4000	other	0
1028	4	Pulse	5	917051	16726	3
1028	5	Picture	11	918396	0	1	4144	2	0	4000	hit	8
1028	5	Response	1	921531	3135	2
1028	6	Picture	10	936466	0	1	4145	2	0	4000	other	0
1028	6	Pulse	5	937051	585	2
1028	7	Picture	11	954537	0	1	4144	3	0	4000	hit	13
1028	7	Pulse	5	957040	2503	3
1028	7	Response	1	960720	6183	2
1028	8	Picture	10	972607	0	2	4144	4	0	4000	other	0
1028	8	Pulse	5	977039	4432	3
1028	9	Picture	10	990678	0	1	4145	2	0	4000	other	0
1028	9	Pulse	5	997039	6361	2
1028	10	Picture	10	1008749	0	1	4144	2	0	4000	other	0
1028	10	Pulse	5	1017028	8279	3
1028	11	Picture	11	1026819	0	1	4145	2	0	4000	hit	21
1028	11	Response	1	1030468	3649	2
1028	11	Pulse	5	1037028	10209	1
1028	12	Picture	10	1044890	0	1	4144	2	0	4000	other	0
1028	12	Pulse	5	1057027	12137	2
1028	13	Picture	10	1062960	0	1	4145	2	0	4000	other	0
1028	13	Pulse	5	1077026	14066	2
1028	14	Picture	11	1081031	0	1	4144	3	0	4000	hit	28
1028	14	Response	1	1086136	5105	2
1028	14	Pulse	5	1097016	15985	3
1028	15	Picture	10	1099101	0	2	4145	3	0	4000	other	0
1028	15	Pulse	5	1117015	17914	4
1028	16	Picture	10	1117172	0	1	4145	2	0	4000	false_alarm	33
1028	16	Response	1	1122455	5283	2
1028	17	Picture	10	1135243	0	1	4144	2	0	4000	other	0
1028	17	Pulse	5	1137014	1771	4
1028	18	Picture	10	1153313	0	1	4145	2	0	4000	other	0
1028	18	Pulse	5	1157004	3691	3
1028	19	Pulse	5	1177003	5619	3
1028	20	Picture	30	1196417	0	1	4145	2	0	4000	other	0
1028	20	Pulse	5	1196993	576	2
1028	21	Picture	30	1214488	0	1	4144	3	0	4000	other	0
1028	21	Pulse	5	1216993	2505	1
1028	22	Picture	31	1232558	0	2	4145	3	0	4000	hit	45
1028	22	Pulse	5	1236991	4433	3
1028	22	Response	1	1237151	4593	3
1028	23	Picture	30	1250629	0	1	4145	2	0	4000	other	0
1028	23	Pulse	5	1256991	6362	2
1028	24	Picture	30	1268700	0	1	4144	3	0	4000	other	0
1028	24	Pulse	5	1276979	8279	3
1028	25	Picture	30	1286770	0	2	4145	3	0	4000	other	0
1028	25	Pulse	5	1296978	10208	3
1028	26	Picture	31	1304841	0	1	4144	3	0	4000	hit	53
1028	26	Response	1	1311219	6378	2
1028	26	Pulse	5	1316978	12137	3
1028	27	Picture	31	1322911	0	2	4145	3	0	4000	miss	0
1028	27	Pulse	5	1336968	14057	2
1028	28	Picture	30	1340982	0	1	4145	2	0	4000	other	0
1028	28	Pulse	5	1356968	15986	1
1028	29	Picture	30	1359053	0	1	4144	2	0	4000	other	0
1028	30	Picture	30	1377119	0	9	4149	10	0	4000	other	0
1028	30	Pulse	5	1377119	0	17
1028	31	Picture	31	1395194	0	1	4144	2	0	4000	hit	64
1028	31	Pulse	5	1397115	1921	3
1028	31	Response	1	1401275	6081	3
1028	32	Picture	30	1413264	0	1	4145	2	0	4000	other	0
1028	32	Pulse	5	1417115	3851	3
1028	33	Picture	30	1431335	0	1	4144	3	0	4000	other	0
1028	33	Pulse	5	1437114	5779	3
1028	34	Picture	30	1449405	0	2	4145	3	0	4000	other	0
1028	34	Pulse	5	1457103	7698	3
1028	35	Picture	30	1467476	0	1	4145	2	0	4000	other	0
1028	35	Pulse	5	1477104	9628	2
1028	36	Pulse	5	1497103	11556	2
1028	37	Picture	10	1510580	0	1	4145	2	0	4000	other	0
1028	37	Pulse	5	1517093	6513	1
1028	38	Picture	10	1528650	0	3	4145	4	0	4000	other	0
1028	38	Pulse	5	1537092	8442	2
1028	39	Picture	11	1546721	0	1	4145	2	0	4000	hit	79
1028	39	Response	1	1550211	3490	3
1028	39	Pulse	5	1557092	10371	1
1028	40	Picture	10	1564792	0	1	4144	3	0	4000	other	0
1028	40	Pulse	5	1577081	12289	2
1028	41	Picture	11	1582862	0	2	4145	4	0	4000	hit	84
1028	41	Response	1	1591800	8938	3
1028	41	Pulse	5	1597080	14218	2
1028	42	Picture	10	1600933	0	1	4145	2	0	4000	other	0
1028	42	Pulse	5	1617079	16146	3
1028	43	Picture	10	1619003	0	2	4145	3	0	4000	other	0
1028	43	Pulse	5	1637069	18066	2
1028	44	Picture	10	1637074	0	1	4145	2	0	4000	other	0
1028	45	Picture	11	1655145	0	1	4144	2	0	4000	hit	93
1028	45	Pulse	5	1657068	1923	2
1028	45	Response	1	1663148	8003	2
1028	46	Picture	10	1673215	0	1	4145	2	0	4000	other	0
1028	46	Pulse	5	1677068	3853	1
1028	47	Picture	10	1691286	0	1	4144	3	0	4000	other	0
1028	47	Pulse	5	1697058	5772	1
1028	48	Picture	11	1709356	0	2	4145	3	0	4000	hit	99
1028	48	Response	1	1715776	6420	2
1028	48	Pulse	5	1717056	7700	2
1028	49	Picture	10	1727427	0	1	4145	2	0	4000	other	0
1028	49	Pulse	5	1737056	9629	1
1028	50	Picture	10	1745498	0	1	4144	2	0	4000	other	0
1028	50	Pulse	5	1757045	11547	2
1028	51	Picture	10	1763568	0	1	4144	3	0	4000	other	0
1028	51	Pulse	5	1777044	13476	2
1028	52	Picture	10	1781639	0	1	4144	3	0	4000	other	0
1028	52	Pulse	5	1797044	15405	2
1028	53	Pulse	5	1817033	17324	2
1028	54	Picture	20	1824743	0	1	4144	3	0	4000	other	0
1028	54	Pulse	5	1837032	12289	3
1028	55	Picture	20	1842813	0	2	4145	3	0	4000	other	0
1028	55	Pulse	5	1857032	14219	2
1028	56	Picture	21	1860884	0	1	4145	2	0	4000	hit	115
1028	56	Response	1	1864222	3338	2
1028	56	Pulse	5	1877021	16137	2
1028	57	Picture	20	1878955	0	1	4144	2	0	4000	other	0
1028	57	Pulse	5	1897021	18066	2
1028	58	Picture	20	1897025	0	1	4145	2	0	4000	other	0
1028	59	Picture	20	1915096	0	1	4144	3	0	4000	other	0
1028	59	Pulse	5	1917010	1914	2
1028	60	Picture	21	1933166	0	2	4145	3	0	4000	hit	124
1028	60	Pulse	5	1937009	3843	2
1028	60	Response	1	1937169	4003	2
1028	61	Picture	20	1951237	0	1	4145	2	0	4000	other	0
1028	61	Pulse	5	1957009	5772	2
1028	62	Picture	20	1969307	0	2	4145	3	0	4000	other	0
1028	62	Pulse	5	1977008	7701	3
1028	63	Picture	20	1987378	0	1	4145	2	0	4000	other	0
1028	63	Pulse	5	1996998	9620	1
1028	64	Picture	20	2005449	0	1	4144	3	0	4000	other	0
1028	64	Pulse	5	2016997	11548	2
1028	65	Picture	20	2023519	0	1	4145	2	0	4000	other	0
1028	65	Pulse	5	2036996	13477	3
1028	66	Picture	21	2041590	0	1	4145	2	0	4000	hit	136
1028	66	Response	1	2045626	4036	2
1028	66	Pulse	5	2056986	15396	2
1028	67	Picture	20	2059660	0	2	4145	3	0	4000	other	0
1028	67	Pulse	5	2076985	17325	2
1028	68	Picture	20	2077731	0	1	4145	2	0	4000	other	0
1028	69	Picture	21	2095801	0	2	4145	3	0	4000	hit	143
1028	69	Pulse	5	2096984	1183	3
1028	69	Response	1	2104494	8693	2
1028	70	Pulse	5	2116974	3102	2
1028	70	Pulse	5	2136973	23101	2
1028	71	Picture	10	2138906	0	1	4144	3	0	4000	other	0
1028	71	Pulse	5	2156973	18067	1
1028	72	Picture	10	2156976	0	2	4145	3	0	4000	other	0
1028	73	Picture	11	2175047	0	1	4144	3	0	4000	hit	151
1028	73	Pulse	5	2176962	1915	2
1028	73	Response	1	2180162	5115	2
1028	74	Picture	10	2193117	0	2	4145	3	0	4000	other	0
1028	74	Pulse	5	2196962	3845	1
1028	75	Picture	11	2211188	0	1	4145	2	0	4000	hit	156
1028	75	Pulse	5	2216961	5773	1
1028	75	Response	1	2223510	12322	2
1028	76	Picture	10	2229259	0	1	4144	2	0	4000	other	0
1028	76	Pulse	5	2236950	7691	2
1028	77	Picture	10	2247329	0	1	4145	2	0	4000	other	0
1028	77	Pulse	5	2256948	9619	3
1028	78	Picture	11	2265400	0	1	4144	3	0	4000	hit	162
1028	78	Response	1	2273269	7869	2
1028	78	Pulse	5	2276939	11539	2
1028	79	Picture	10	2283470	0	2	4145	3	0	4000	other	0
1028	79	Pulse	5	2296938	13468	3
1028	80	Picture	10	2301541	0	1	4144	3	0	4000	other	0
1028	80	Pulse	5	2316937	15396	2
1028	81	Picture	10	2319611	0	2	4145	3	0	4000	other	0
1028	81	Pulse	5	2336937	17326	2
1028	82	Picture	10	2337682	0	1	4145	2	0	4000	other	0
1028	83	Picture	10	2355753	0	1	4144	2	0	4000	other	0
1028	83	Pulse	5	2356925	1172	4
1028	84	Picture	11	2373823	0	1	4145	2	0	4000	hit	175
1028	84	Pulse	5	2376925	3102	4
1028	84	Response	1	2377885	4062	2
1028	85	Picture	10	2391894	0	1	4144	3	0	4000	other	0
1028	85	Pulse	5	2396915	5021	3
1028	86	Picture	10	2409964	0	2	4145	3	0	4000	other	0
1028	86	Pulse	5	2417073	7109	4
1028	87	Pulse	5	2437073	9039	3
1028	88	Picture	30	2453069	0	1	4144	4	0	4000	other	0
1028	88	Pulse	5	2457072	4003	3
1028	89	Picture	30	2471139	0	1	4145	2	0	4000	other	0
1028	89	Pulse	5	2477062	5923	2
1028	90	Picture	30	2489210	0	1	4144	3	0	4000	other	0
1028	90	Pulse	5	2497062	7852	2
1028	91	Picture	31	2507280	0	1	4145	2	0	4000	hit	189
1028	91	Pulse	5	2517061	9781	2
1028	91	Response	1	2517861	10581	2
1028	92	Picture	31	2525351	0	1	4144	3	0	4000	hit	191
1028	92	Response	1	2534331	8980	2
1028	92	Pulse	5	2537051	11700	3
1028	93	Picture	30	2543420	0	3	4146	4	0	4000	other	0
1028	93	Pulse	5	2557050	13630	2
1028	94	Picture	30	2561492	0	1	4145	2	0	4000	other	0
1028	94	Pulse	5	2577049	15557	3
1028	95	Picture	30	2579563	0	1	4144	2	0	4000	other	0
1028	95	Pulse	5	2597039	17476	2
1028	96	Picture	31	2597633	0	1	4145	2	0	4000	hit	200
1028	96	Response	1	2603758	6125	2
1028	97	Picture	30	2615704	0	1	4144	3	0	4000	other	0
1028	97	Pulse	5	2617038	1334	2
1028	98	Picture	30	2633774	0	2	4145	3	0	4000	other	0
1028	98	Pulse	5	2637037	3263	3
1028	99	Picture	30	2651845	0	1	4145	2	0	4000	other	0
1028	99	Pulse	5	2657027	5182	2
1028	100	Picture	30	2669916	0	1	4144	2	0	4000	other	0
1028	100	Pulse	5	2677026	7110	2
1028	101	Picture	31	2687986	0	1	4145	2	0	4000	hit	210
1028	101	Response	1	2695906	7920	2
1028	101	Pulse	5	2697026	9040	2
1028	102	Picture	30	2706057	0	1	4144	2	0	4000	other	0
1028	102	Pulse	5	2717015	10958	3
1028	103	Picture	30	2724127	0	1	4145	2	0	4000	false_alarm	215
1028	103	Response	1	2734454	10327	2
1028	103	Pulse	5	2737015	12888	2
1028	104	Pulse	5	2757014	14816	3
1028	105	Picture	10	2767231	0	2	4145	3	0	4000	other	0
1028	105	Pulse	5	2777004	9773	1
1028	106	Picture	10	2785302	0	1	4145	2	0	4000	other	0
1028	106	Pulse	5	2797002	11700	2
1028	107	Picture	11	2803373	0	1	4138	12	0	4000	hit	223
1028	107	Response	1	2808522	5149	2
1028	107	Pulse	5	2817002	13629	2
1028	108	Picture	10	2821443	0	1	4145	2	0	4000	other	0
1028	108	Pulse	5	2836991	15548	2
1028	109	Picture	11	2839514	0	1	4144	2	0	4000	hit	228
1028	109	Response	1	2845151	5637	2
1028	109	Pulse	5	2856991	17477	1
1028	110	Picture	10	2857584	0	1	4145	2	0	4000	other	0
1028	111	Picture	10	2875655	0	1	4144	3	0	4000	other	0
1028	111	Pulse	5	2876990	1335	2
1028	112	Picture	11	2893725	0	2	4145	3	0	4000	hit	235
1028	112	Pulse	5	2896979	3254	2
1028	112	Response	1	2898099	4374	3
1028	113	Picture	10	2911796	0	1	4145	2	0	4000	other	0
1028	113	Pulse	5	2916979	5183	1
1028	114	Picture	10	2929867	0	1	4144	2	0	4000	other	0
1028	114	Pulse	5	2936978	7111	2
1028	115	Picture	10	2947937	0	1	4145	2	0	4000	other	0
1028	115	Pulse	5	2956967	9030	2
1028	116	Picture	10	2966008	0	1	4144	3	0	4000	other	0
1028	116	Pulse	5	2976967	10959	2
1028	117	Picture	10	2984078	0	2	4145	3	0	4000	other	0
1028	117	Pulse	5	2996966	12888	2
1028	118	Picture	11	3002149	0	1	4145	2	0	4000	hit	247
1028	118	Response	1	3007516	5367	2
1028	118	Pulse	5	3016955	14806	3
1028	119	Picture	10	3020219	0	2	4145	3	0	4000	other	0
1028	119	Pulse	5	3036955	16736	2
1028	120	Picture	10	3038290	0	1	4145	2	0	4000	other	0
1028	121	Pulse	5	3056954	593	3
1028	121	Pulse	5	3076944	20583	1
1028	122	Picture	20	3081387	0	29	4152	30	0	4000	other	0
1028	122	Pulse	5	3096943	15556	2
1028	123	Picture	20	3099465	0	1	4144	3	0	4000	other	0
1028	123	Pulse	5	3116943	17478	1
1028	124	Picture	20	3117535	0	2	4145	3	0	4000	other	0
1028	125	Picture	21	3135606	0	1	4145	2	0	4000	hit	261
1028	125	Pulse	5	3136932	1326	2
1028	125	Response	1	3139012	3406	2
1028	126	Picture	20	3153676	0	2	4145	3	0	4000	other	0
1028	126	Pulse	5	3156931	3255	2
1028	127	Picture	20	3171747	0	1	4145	2	0	4000	other	0
1028	127	Pulse	5	3176931	5184	1
1028	128	Picture	21	3189818	0	1	4144	3	0	4000	hit	268
1028	128	Pulse	5	3196920	7102	2
1028	128	Response	1	3197240	7422	2
1028	129	Picture	20	3207888	0	2	4145	3	0	4000	other	0
1028	129	Pulse	5	3216919	9031	2
1028	130	Picture	20	3225959	0	1	4145	2	0	4000	other	0
1028	130	Pulse	5	3236919	10960	2
1028	131	Picture	20	3244029	0	2	4145	3	0	4000	other	0
1028	131	Pulse	5	3256909	12880	1
1028	132	Picture	21	3262100	0	1	4145	2	0	4000	hit	276
1028	132	Response	1	3265868	3768	2
1028	132	Pulse	5	3276907	14807	2
1028	133	Picture	20	3280171	0	1	4144	2	0	4000	other	0
1028	133	Pulse	5	3296907	16736	2
1028	134	Picture	20	3298241	0	1	4145	2	0	4000	other	0
1028	135	Picture	21	3316312	0	1	4144	3	0	4000	hit	283
1028	135	Pulse	5	3316896	584	2
1028	135	Response	1	3327137	10825	1
1028	136	Picture	20	3334381	0	3	4146	4	0	4000	other	0
1028	136	Pulse	5	3336896	2515	1
1028	137	Picture	20	3352453	0	1	4145	2	0	4000	other	0
1028	137	Pulse	5	3356884	4431	4
