Scenario - 1-back
Logfile written - 01/16/2015 17:21:27

Subject	Trial	Event Type	Code	Time	TTime	Uncertainty	Duration	Uncertainty	ReqTime	ReqDur	Stim Type	Pair Index

1028	1	Pulse	5	259694	269528	4
1028	2	Pulse	5	279684	19952	2
1028	3	Picture	10	284765	0	1	4145	2	0	4000	other	0
1028	3	Pulse	5	299684	14919	2
1028	4	Picture	10	302836	0	1	4144	2	0	4000	other	0
1028	4	Pulse	5	319843	17007	3
1028	5	Picture	11	320906	0	1	4145	2	0	4000	hit	8
1028	5	Response	1	324323	3417	2
1028	6	Picture	10	338977	0	1	4144	3	0	4000	other	0
1028	6	Pulse	5	339831	854	4
1028	7	Picture	11	357047	0	2	4145	3	0	4000	hit	13
1028	7	Pulse	5	359832	2785	2
1028	7	Response	1	366391	9344	4
1028	8	Picture	10	375118	0	1	4145	2	0	4000	other	0
1028	8	Pulse	5	379831	4713	2
1028	9	Picture	10	393189	0	1	4144	2	0	4000	other	0
1028	9	Pulse	5	399820	6631	3
1028	10	Picture	10	411259	0	1	4145	2	0	4000	other	0
1028	10	Pulse	5	419820	8561	2
1028	11	Picture	11	429330	0	1	4144	3	0	4000	hit	21
1028	11	Response	1	437259	7929	3
1028	11	Pulse	5	439819	10489	3
1028	12	Picture	10	447400	0	2	4145	3	0	4000	other	0
1028	12	Pulse	5	459809	12409	2
1028	13	Picture	10	465471	0	1	4145	2	0	4000	other	0
1028	13	Pulse	5	479808	14337	2
1028	14	Picture	11	483541	0	2	4145	3	0	4000	hit	28
1028	14	Response	1	488607	5066	3
1028	14	Pulse	5	499808	16267	1
1028	15	Picture	10	501612	0	1	4145	2	0	4000	other	0
1028	16	Picture	10	519683	0	1	4144	2	0	4000	other	0
1028	16	Pulse	5	519797	114	2
1028	17	Picture	10	537753	0	2	4145	3	0	4000	other	0
1028	17	Pulse	5	539796	2043	2
1028	18	Picture	10	555824	0	1	4144	3	0	4000	other	0
1028	18	Pulse	5	559796	3972	2
1028	19	Pulse	5	579785	5891	2
1028	20	Picture	30	598928	0	1	4145	2	0	4000	other	0
1028	20	Pulse	5	599784	856	2
1028	21	Picture	30	616999	0	1	4144	2	0	4000	other	0
1028	21	Pulse	5	619784	2785	2
1028	22	Picture	31	635069	0	1	4145	2	0	4000	hit	44
1028	22	Pulse	5	639773	4704	2
1028	22	Response	1	640253	5184	2
1028	23	Picture	30	653139	0	2	4145	3	0	4000	other	0
1028	23	Pulse	5	659773	6634	1
1028	24	Picture	30	671210	0	2	4145	3	0	4000	other	0
1028	24	Pulse	5	679772	8562	2
1028	25	Picture	30	689281	0	1	4144	3	0	4000	other	0
1028	25	Pulse	5	699761	10480	3
1028	26	Picture	31	707351	0	2	4145	3	0	4000	hit	52
1028	26	Response	1	716561	9210	2
1028	26	Pulse	5	719761	12410	2
1028	27	Picture	31	725422	0	1	4145	2	0	4000	miss	0
1028	27	Pulse	5	739760	14338	2
1028	28	Picture	30	743493	0	1	4144	3	0	4000	other	0
1028	28	Pulse	5	759749	16256	3
1028	29	Picture	30	761563	0	1	4145	2	0	4000	other	0
1028	30	Picture	30	779634	0	1	4144	3	0	4000	other	0
1028	30	Pulse	5	779749	115	2
1028	31	Picture	31	797704	0	2	4145	3	0	4000	hit	63
1028	31	Pulse	5	799748	2044	2
1028	31	Response	1	802948	5244	2
1028	32	Picture	30	815775	0	1	4145	2	0	4000	other	0
1028	32	Pulse	5	819738	3963	2
1028	33	Picture	30	833845	0	2	4145	3	0	4000	other	0
1028	33	Pulse	5	839737	5892	2
1028	34	Picture	30	851916	0	1	4145	2	0	4000	other	0
1028	34	Pulse	5	859736	7820	3
1028	35	Picture	30	869987	0	1	4144	3	0	4000	other	0
1028	35	Pulse	5	879726	9739	2
1028	36	Pulse	5	899725	11668	2
1028	37	Picture	10	913091	0	1	4144	3	0	4000	other	0
1028	37	Pulse	5	919724	6633	3
1028	38	Picture	10	931161	0	2	4145	3	0	4000	other	0
1028	38	Pulse	5	939714	8553	2
1028	39	Picture	11	949232	0	1	4145	2	0	4000	hit	78
1028	39	Response	1	952673	3441	2
1028	39	Pulse	5	959713	10481	2
1028	40	Picture	10	967303	0	1	4144	2	0	4000	other	0
1028	40	Pulse	5	979713	12410	1
1028	41	Picture	11	985373	0	1	4145	2	0	4000	hit	83
1028	41	Response	1	993152	7779	2
1028	41	Pulse	5	999702	14329	2
1028	42	Picture	10	1003444	0	1	4144	3	0	4000	other	0
1028	42	Pulse	5	1019701	16257	2
1028	43	Picture	10	1021514	0	2	4145	3	0	4000	other	0
1028	44	Picture	10	1039585	0	1	4145	2	0	4000	other	0
1028	44	Pulse	5	1039701	116	1
1028	45	Picture	11	1057655	0	2	4145	4	0	4000	hit	92
1028	45	Pulse	5	1059691	2036	1
1028	45	Response	1	1062730	5075	2
1028	46	Picture	10	1075726	0	1	4145	2	0	4000	other	0
1028	46	Pulse	5	1079690	3964	2
1028	47	Picture	10	1093797	0	1	4144	3	0	4000	other	0
1028	47	Pulse	5	1099682	5885	10
1028	48	Picture	11	1111867	0	1	4145	2	0	4000	hit	98
1028	48	Response	1	1117118	5251	2
1028	48	Pulse	5	1119678	7811	2
1028	49	Picture	10	1129938	0	1	4144	3	0	4000	other	0
1028	49	Pulse	5	1139677	9739	2
1028	50	Picture	10	1148008	0	2	4145	3	0	4000	other	0
1028	50	Pulse	5	1159677	11669	2
1028	51	Picture	10	1166079	0	1	4145	2	0	4000	other	0
1028	51	Pulse	5	1179667	13588	1
1028	52	Picture	10	1184149	0	2	4145	3	0	4000	other	0
1028	52	Pulse	5	1199666	15517	1
1028	53	Pulse	5	1219665	17445	2
1028	54	Picture	20	1227254	0	1	4144	3	0	4000	other	0
1028	54	Pulse	5	1239654	12400	2
1028	55	Picture	20	1245324	0	2	4145	3	0	4000	other	0
1028	55	Pulse	5	1259654	14330	2
1028	56	Picture	21	1263395	0	1	4144	3	0	4000	hit	114
1028	56	Response	1	1268773	5378	2
1028	56	Pulse	5	1279653	16258	2
1028	57	Picture	20	1281465	0	2	4145	3	0	4000	other	0
1028	58	Picture	20	1299536	0	1	4145	2	0	4000	other	0
1028	58	Pulse	5	1299641	105	5
1028	59	Picture	20	1317607	0	1	4144	2	0	4000	other	0
1028	59	Pulse	5	1319641	2034	4
1028	60	Picture	21	1335677	0	1	4145	2	0	4000	hit	123
1028	60	Pulse	5	1339640	3963	5
1028	60	Response	1	1341561	5884	2
1028	61	Picture	20	1353748	0	1	4144	3	0	4000	other	0
1028	61	Pulse	5	1359790	6042	3
1028	62	Picture	20	1371818	0	2	4145	3	0	4000	other	0
1028	62	Pulse	5	1379789	7971	4
1028	63	Picture	20	1389889	0	1	4145	2	0	4000	other	0
1028	63	Pulse	5	1399788	9899	4
1028	64	Picture	20	1407959	0	3	4145	4	0	4000	other	0
1028	64	Pulse	5	1419779	11820	2
1028	65	Picture	20	1426030	0	1	4145	2	0	4000	other	0
1028	65	Pulse	5	1439778	13748	2
1028	66	Picture	21	1444101	0	1	4144	3	0	4000	hit	135
1028	66	Response	1	1449378	5277	2
1028	66	Pulse	5	1459777	15676	2
1028	67	Picture	20	1462171	0	1	4145	2	0	4000	other	0
1028	67	Pulse	5	1479767	17596	2
1028	68	Picture	20	1480242	0	1	4144	3	0	4000	other	0
1028	69	Picture	21	1498312	0	2	4145	3	0	4000	hit	142
1028	69	Pulse	5	1499766	1454	2
1028	69	Response	1	1502486	4174	3
1028	70	Pulse	5	1519766	3383	1
1028	70	Pulse	5	1539755	23372	2
1028	71	Picture	10	1541417	0	1	4144	2	0	4000	other	0
1028	72	Picture	10	1559487	0	1	4145	2	0	4000	other	0
1028	72	Pulse	5	1559754	267	2
1028	73	Picture	11	1577558	0	1	4144	3	0	4000	hit	150
1028	73	Pulse	5	1579754	2196	2
1028	73	Response	1	1584234	6676	1
1028	74	Picture	10	1595628	0	2	4145	3	0	4000	other	0
1028	74	Pulse	5	1599743	4115	2
1028	75	Picture	11	1613699	0	1	4144	3	0	4000	hit	154
1028	75	Response	1	1619742	6043	2
1028	75	Pulse	5	1619742	6043	2
1028	76	Picture	10	1631769	0	2	4145	4	0	4000	other	0
1028	76	Pulse	5	1639742	7973	2
1028	77	Picture	10	1649840	0	1	4145	2	0	4000	other	0
1028	77	Pulse	5	1659731	9891	2
1028	78	Picture	11	1667911	0	1	4144	2	0	4000	hit	161
1028	78	Response	1	1673971	6060	2
1028	78	Pulse	5	1679731	11820	1
1028	79	Picture	10	1685981	0	1	4145	2	0	4000	other	0
1028	79	Pulse	5	1699730	13749	2
1028	80	Picture	10	1704052	0	1	4144	3	0	4000	other	0
1028	80	Pulse	5	1719719	15667	2
1028	81	Picture	10	1722122	0	2	4143	5	0	4000	other	0
1028	81	Pulse	5	1739719	17597	2
1028	82	Picture	10	1740193	0	1	4144	3	0	4000	other	0
1028	83	Picture	10	1758264	0	1	4144	2	0	4000	other	0
1028	83	Pulse	5	1759718	1454	2
1028	84	Picture	11	1776334	0	1	4145	2	0	4000	hit	174
1028	84	Pulse	5	1779708	3374	1
1028	84	Response	1	1782907	6573	2
1028	85	Picture	10	1794405	0	1	4144	3	0	4000	other	0
1028	85	Pulse	5	1799695	5290	17
1028	86	Picture	10	1812475	0	1	4145	2	0	4000	other	0
1028	86	Pulse	5	1819706	7231	2
1028	87	Pulse	5	1839695	9149	3
1028	88	Picture	30	1855579	0	2	4145	3	0	4000	other	0
1028	88	Pulse	5	1859695	4116	3
1028	89	Picture	30	1873650	0	1	4145	2	0	4000	other	0
1028	89	Pulse	5	1879694	6044	3
1028	90	Picture	30	1891720	0	2	4145	3	0	4000	other	0
1028	90	Pulse	5	1899684	7964	2
1028	91	Picture	31	1909791	0	1	4145	2	0	4000	hit	187
1028	91	Response	1	1916642	6851	4
1028	91	Pulse	5	1919683	9892	2
1028	92	Picture	31	1927862	0	1	4144	3	0	4000	miss	0
1028	92	Pulse	5	1939683	11821	1
1028	93	Picture	30	1945932	0	2	4145	3	0	4000	other	0
1028	93	Pulse	5	1959672	13740	2
1028	94	Picture	30	1964003	0	1	4145	2	0	4000	other	0
1028	94	Pulse	5	1979671	15668	2
1028	95	Picture	30	1982073	0	2	4145	3	0	4000	other	0
1028	95	Pulse	5	1999671	17598	1
1028	96	Picture	31	2000144	0	1	4145	2	0	4000	hit	198
1028	96	Response	1	2006230	6086	2
1028	97	Picture	30	2018215	0	1	4144	3	0	4000	other	0
1028	97	Pulse	5	2019660	1445	2
1028	98	Picture	30	2036285	0	1	4145	2	0	4000	other	0
1028	98	Pulse	5	2039659	3374	3
1028	99	Picture	30	2054356	0	1	4144	3	0	4000	other	0
1028	99	Pulse	5	2059659	5303	2
1028	100	Picture	30	2072426	0	2	4145	3	0	4000	other	0
1028	100	Pulse	5	2079648	7222	2
1028	101	Picture	31	2090497	0	1	4145	2	0	4000	miss	0
1028	101	Pulse	5	2099647	9150	2
1028	102	Picture	30	2108567	0	2	4145	3	0	4000	other	0
1028	102	Pulse	5	2119647	11080	2
1028	103	Picture	30	2126638	0	1	4145	2	0	4000	other	0
1028	103	Pulse	5	2139636	12998	2
1028	104	Pulse	5	2159635	14926	2
1028	105	Picture	10	2169742	0	1	4145	2	0	4000	other	0
1028	105	Pulse	5	2179635	9893	2
1028	106	Picture	10	2187813	0	1	4144	3	0	4000	other	0
1028	106	Pulse	5	2199624	11811	2
1028	107	Picture	11	2205883	0	2	4145	3	0	4000	hit	219
1028	107	Response	1	2211624	5741	2
1028	107	Pulse	5	2219624	13741	1
1028	108	Picture	10	2223954	0	1	4145	2	0	4000	other	0
1028	108	Pulse	5	2239623	15669	2
1028	109	Picture	11	2242025	0	1	4144	2	0	4000	hit	224
1028	109	Response	1	2247303	5278	2
1028	109	Pulse	5	2259612	17587	2
1028	110	Picture	10	2260095	0	1	4145	2	0	4000	other	0
1028	111	Picture	10	2278166	0	1	4144	3	0	4000	other	0
1028	111	Pulse	5	2279612	1446	2
1028	112	Picture	11	2296236	0	2	4145	3	0	4000	hit	231
1028	112	Pulse	5	2299611	3375	2
1028	112	Response	1	2301851	5615	2
1028	113	Picture	10	2314306	0	3	4146	4	0	4000	other	0
1028	113	Pulse	5	2319599	5293	5
1028	114	Picture	10	2332377	0	2	4145	3	0	4000	other	0
1028	114	Pulse	5	2339599	7222	4
1028	115	Picture	10	2350448	0	1	4145	2	0	4000	other	0
1028	115	Pulse	5	2359598	9150	4
1028	116	Picture	10	2368519	0	1	4144	2	0	4000	other	0
1028	116	Pulse	5	2379589	11070	1
1028	117	Picture	10	2386589	0	1	4145	2	0	4000	other	0
1028	117	Pulse	5	2399748	13159	2
1028	118	Picture	11	2404660	0	1	4144	3	0	4000	hit	243
1028	118	Response	1	2410148	5488	2
1028	118	Pulse	5	2419747	15087	2
1028	119	Picture	10	2422730	0	2	4145	3	0	4000	other	0
1028	119	Pulse	5	2439736	17006	3
1028	120	Picture	10	2440801	0	1	4145	2	0	4000	other	0
1028	121	Pulse	5	2459735	863	4
1028	121	Pulse	5	2479734	20862	3
1028	122	Picture	20	2483905	0	1	4144	4	0	4000	other	0
1028	122	Pulse	5	2499726	15821	1
1028	123	Picture	20	2501976	0	1	4144	3	0	4000	other	0
1028	123	Pulse	5	2519724	17748	2
1028	124	Picture	20	2520046	0	2	4143	5	0	4000	other	0
1028	125	Picture	21	2538117	0	1	4145	2	0	4000	hit	257
1028	125	Pulse	5	2539724	1607	1
1028	125	Response	1	2541644	3527	1
1028	126	Picture	20	2556187	0	2	4145	3	0	4000	other	0
1028	126	Pulse	5	2559713	3526	2
1028	127	Picture	20	2574258	0	1	4145	2	0	4000	other	0
1028	127	Pulse	5	2579712	5454	2
1028	128	Picture	21	2592329	0	1	4144	3	0	4000	hit	263
1028	128	Response	1	2598432	6103	2
1028	128	Pulse	5	2599712	7383	2
1028	129	Picture	20	2610399	0	1	4145	2	0	4000	other	0
1028	129	Pulse	5	2619701	9302	2
1028	130	Picture	20	2628470	0	1	4144	3	0	4000	other	0
1028	130	Pulse	5	2639701	11231	1
1028	131	Picture	20	2646540	0	2	4145	3	0	4000	other	0
1028	131	Pulse	5	2659700	13160	2
1028	132	Picture	21	2664611	0	1	4145	2	0	4000	hit	272
1028	132	Response	1	2668660	4049	2
1028	132	Pulse	5	2679689	15078	2
1028	133	Picture	20	2682682	0	1	4144	2	0	4000	other	0
1028	133	Pulse	5	2699689	17007	2
1028	134	Picture	20	2700752	0	1	4145	2	0	4000	other	0
1028	135	Picture	21	2718823	0	1	4144	3	0	4000	hit	279
1028	135	Pulse	5	2719688	865	3
1028	135	Response	1	2723048	4225	3
1028	136	Picture	20	2736893	0	1	4145	2	0	4000	other	0
1028	136	Pulse	5	2739677	2784	2
1028	137	Picture	20	2754964	0	1	4145	2	0	4000	other	0
1028	137	Pulse	5	2759677	4713	2
