Scenario - 1-back
Logfile written - 01/16/2015 17:06:33

Subject	Trial	Event Type	Code	Time	TTime	Uncertainty	Duration	Uncertainty	ReqTime	ReqDur	Stim Type	Pair Index

1028	1	Pulse	5	227248	237082	2
1028	2	Pulse	5	247247	19844	2
1028	3	Picture	10	252437	0	1	4144	2	0	4000	other	0
1028	3	Pulse	5	267237	14800	1
1028	4	Picture	10	270507	0	1	4145	2	0	4000	other	0
1028	4	Pulse	5	287236	16729	2
1028	5	Picture	11	288578	0	1	4144	3	0	4000	hit	8
1028	5	Response	1	292676	4098	2
1028	6	Picture	10	306648	0	2	4145	3	0	4000	other	0
1028	6	Pulse	5	307235	587	2
1028	7	Picture	11	324719	0	1	4145	2	0	4000	hit	13
1028	7	Pulse	5	327225	2506	2
1028	7	Response	1	329465	4746	1
1028	8	Picture	10	342789	0	2	4145	3	0	4000	other	0
1028	8	Pulse	5	347224	4435	2
1028	9	Picture	10	360860	0	1	4145	2	0	4000	other	0
1028	9	Pulse	5	367213	6353	3
1028	10	Picture	10	378931	0	1	4144	2	0	4000	other	0
1028	10	Pulse	5	387213	8282	2
1028	11	Picture	11	397001	0	1	4145	2	0	4000	hit	21
1028	11	Response	1	400812	3811	3
1028	11	Pulse	5	407212	10211	2
1028	12	Picture	10	415072	0	1	4144	3	0	4000	other	0
1028	12	Pulse	5	427212	12140	1
1028	13	Picture	10	433142	0	1	4145	2	0	4000	other	0
1028	13	Pulse	5	447201	14059	2
1028	14	Picture	11	451213	0	1	4144	3	0	4000	hit	28
1028	14	Response	1	456161	4948	3
1028	14	Pulse	5	467200	15987	3
1028	15	Picture	10	469283	0	1	4144	3	0	4000	other	0
1028	15	Pulse	5	487200	17917	2
1028	16	Picture	10	487354	0	1	4144	3	0	4000	other	0
1028	17	Picture	10	505424	0	2	4145	3	0	4000	other	0
1028	17	Pulse	5	507189	1765	2
1028	18	Picture	10	523495	0	1	4145	2	0	4000	other	0
1028	18	Pulse	5	527188	3693	2
1028	19	Pulse	5	547188	5622	2
1028	20	Picture	20	566599	0	1	4145	2	0	4000	other	0
1028	20	Pulse	5	567176	577	4
1028	21	Picture	20	584670	0	1	4144	3	0	4000	other	0
1028	21	Pulse	5	587175	2505	4
1028	22	Picture	21	602740	0	1	4145	2	0	4000	hit	44
1028	22	Pulse	5	607175	4435	3
1028	22	Response	1	609256	6516	2
1028	23	Picture	20	620811	0	1	4144	3	0	4000	other	0
1028	23	Pulse	5	627165	6354	2
1028	24	Picture	20	638881	0	1	4145	2	0	4000	other	0
1028	24	Pulse	5	647324	8443	4
1028	25	Picture	20	656952	0	1	4144	3	0	4000	other	0
1028	25	Pulse	5	667323	10371	4
1028	26	Picture	21	675022	0	2	4145	3	0	4000	hit	52
1028	26	Response	1	679314	4292	1
1028	26	Pulse	5	687313	12291	2
1028	27	Picture	20	693093	0	1	4145	2	0	4000	other	0
1028	27	Pulse	5	707312	14219	3
1028	28	Picture	20	711163	0	2	4145	3	0	4000	other	0
1028	28	Pulse	5	727302	16139	2
1028	29	Picture	20	729234	0	1	4145	2	0	4000	other	0
1028	29	Pulse	5	747301	18067	2
1028	30	Picture	20	747305	0	1	4144	2	0	4000	other	0
1028	31	Picture	20	765375	0	1	4145	2	0	4000	other	0
1028	31	Pulse	5	767301	1926	2
1028	32	Picture	21	783446	0	1	4144	3	0	4000	hit	65
1028	32	Pulse	5	787300	3854	2
1028	32	Response	1	789540	6094	2
1028	33	Picture	20	801516	0	2	4145	3	0	4000	other	0
1028	33	Pulse	5	807290	5774	2
1028	34	Picture	20	819587	0	1	4144	3	0	4000	other	0
1028	34	Pulse	5	827289	7702	2
1028	35	Picture	21	837657	0	2	4145	3	0	4000	hit	71
1028	35	Response	1	842169	4512	2
1028	35	Pulse	5	847288	9631	2
1028	36	Pulse	5	867278	11550	2
1028	37	Picture	10	880762	0	1	4144	2	0	4000	other	0
1028	37	Pulse	5	887277	6515	2
1028	38	Picture	10	898832	0	1	4145	3	0	4000	other	0
1028	38	Pulse	5	907276	8444	2
1028	39	Picture	11	916903	0	1	4144	2	0	4000	hit	79
1028	39	Response	1	921666	4763	2
1028	39	Pulse	5	927266	10363	2
1028	40	Picture	10	934973	0	1	4145	3	0	4000	other	0
1028	40	Pulse	5	947265	12292	3
1028	41	Picture	11	953044	0	1	4144	3	0	4000	hit	84
1028	41	Response	1	961345	8301	2
1028	41	Pulse	5	967265	14221	2
1028	42	Picture	10	971114	0	1	4145	2	0	4000	other	0
1028	42	Pulse	5	987255	16141	1
1028	43	Picture	10	989185	0	1	4144	3	0	4000	other	0
1028	43	Pulse	5	1007253	18068	2
1028	44	Picture	10	1007255	0	2	4145	3	0	4000	other	0
1028	45	Picture	11	1025326	0	1	4145	2	0	4000	hit	93
1028	45	Pulse	5	1027253	1927	2
1028	45	Response	1	1029654	4328	1
1028	46	Picture	10	1043397	0	1	4144	2	0	4000	other	0
1028	46	Pulse	5	1047242	3845	2
1028	47	Picture	10	1061467	0	1	4145	2	0	4000	other	0
1028	47	Pulse	5	1067241	5774	2
1028	48	Picture	11	1079538	0	1	4144	2	0	4000	hit	99
1028	48	Response	1	1083401	3863	2
1028	48	Pulse	5	1087241	7703	2
1028	49	Picture	10	1097608	0	1	4145	2	0	4000	other	0
1028	49	Pulse	5	1107230	9622	2
1028	50	Picture	10	1115679	0	1	4144	3	0	4000	other	0
1028	50	Pulse	5	1127230	11551	1
1028	51	Picture	10	1133749	0	2	4145	3	0	4000	other	0
1028	51	Pulse	5	1147229	13480	2
1028	52	Picture	10	1151820	0	1	4144	3	0	4000	other	0
1028	52	Pulse	5	1167219	15399	1
1028	53	Pulse	5	1187218	17327	2
1028	54	Picture	30	1194924	0	1	4145	2	0	4000	other	0
1028	54	Pulse	5	1207217	12293	2
1028	55	Picture	30	1212995	0	1	4144	2	0	4000	other	0
1028	55	Pulse	5	1227207	14212	1
1028	56	Picture	31	1231065	0	1	4145	2	0	4000	hit	115
1028	56	Response	1	1236166	5101	2
1028	56	Pulse	5	1247206	16141	2
1028	57	Picture	30	1249136	0	1	4144	3	0	4000	other	0
1028	58	Picture	30	1267205	0	3	4146	4	0	4000	other	0
1028	58	Pulse	5	1267205	0	2
1028	59	Picture	30	1285277	0	1	4144	3	0	4000	other	0
1028	59	Pulse	5	1287195	1918	1
1028	60	Picture	31	1303347	0	2	4145	3	0	4000	hit	123
1028	60	Response	1	1307194	3847	2
1028	60	Pulse	5	1307194	3847	2
1028	61	Picture	31	1321418	0	1	4145	2	0	4000	miss	0
1028	61	Pulse	5	1327193	5775	2
1028	62	Picture	30	1339488	0	2	4145	3	0	4000	other	0
1028	62	Pulse	5	1347183	7695	2
1028	63	Picture	30	1357559	0	1	4145	2	0	4000	other	0
1028	63	Pulse	5	1367182	9623	2
1028	64	Picture	30	1375630	0	1	4144	2	0	4000	other	0
1028	64	Pulse	5	1387181	11551	2
1028	65	Picture	31	1393700	0	1	4145	2	0	4000	hit	134
1028	65	Response	1	1400131	6431	3
1028	65	Pulse	5	1407167	13467	9
1028	66	Picture	30	1411771	0	1	4144	3	0	4000	other	0
1028	66	Pulse	5	1427170	15399	3
1028	67	Picture	30	1429841	0	2	4145	3	0	4000	other	0
1028	67	Pulse	5	1447170	17329	2
1028	68	Picture	30	1447912	0	1	4145	2	0	4000	other	0
1028	69	Picture	30	1465982	0	2	4145	3	0	4000	other	0
1028	69	Pulse	5	1467159	1177	2
1028	70	Pulse	5	1487158	3105	4
1028	70	Pulse	5	1507158	23105	3
1028	71	Picture	10	1509087	0	1	4144	2	0	4000	other	0
1028	71	Pulse	5	1527147	18060	2
1028	72	Picture	10	1527157	0	1	4145	2	0	4000	other	0
1028	73	Picture	11	1545228	0	1	4144	3	0	4000	hit	150
1028	73	Pulse	5	1547146	1918	2
1028	73	Response	1	1550186	4958	2
1028	74	Picture	10	1563298	0	1	4145	2	0	4000	other	0
1028	74	Pulse	5	1567146	3848	2
1028	75	Picture	11	1581369	0	1	4144	3	0	4000	hit	154
1028	75	Response	1	1586815	5446	2
1028	75	Pulse	5	1587134	5765	3
1028	76	Picture	10	1599439	0	2	4145	3	0	4000	other	0
1028	76	Pulse	5	1607134	7695	3
1028	77	Picture	10	1617510	0	1	4145	2	0	4000	other	0
1028	77	Pulse	5	1627133	9623	3
1028	78	Picture	11	1635580	0	2	4145	3	0	4000	hit	161
1028	78	Response	1	1640244	4664	1
1028	78	Pulse	5	1647123	11543	2
1028	79	Picture	10	1653651	0	1	4145	2	0	4000	other	0
1028	79	Pulse	5	1667123	13472	2
1028	80	Picture	10	1671721	0	2	4145	3	0	4000	other	0
1028	80	Pulse	5	1687282	15561	2
1028	81	Picture	10	1689792	0	1	4145	2	0	4000	other	0
1028	81	Pulse	5	1707270	17478	4
1028	82	Picture	10	1707863	0	1	4144	3	0	4000	other	0
1028	83	Picture	10	1725933	0	1	4145	2	0	4000	other	0
1028	83	Pulse	5	1727270	1337	3
1028	84	Picture	11	1744004	0	1	4144	3	0	4000	hit	174
1028	84	Pulse	5	1747269	3265	3
1028	84	Response	1	1749670	5666	2
1028	85	Picture	10	1762074	0	2	4145	3	0	4000	other	0
1028	85	Pulse	5	1767260	5186	1
1028	86	Picture	10	1780145	0	1	4145	2	0	4000	other	0
1028	86	Pulse	5	1787259	7114	2
1028	87	Pulse	5	1807257	9041	3
1028	88	Picture	20	1823249	0	1	4145	2	0	4000	other	0
1028	88	Pulse	5	1827248	3999	1
1028	89	Picture	20	1841320	0	1	4143	4	0	4000	other	0
1028	89	Pulse	5	1847247	5927	2
1028	90	Picture	20	1859390	0	2	4145	3	0	4000	other	0
1028	90	Pulse	5	1867246	7856	2
1028	91	Picture	21	1877461	0	1	4145	2	0	4000	hit	187
1028	91	Response	1	1882116	4655	2
1028	91	Pulse	5	1887236	9775	2
1028	92	Picture	20	1895531	0	2	4145	3	0	4000	other	0
1028	92	Pulse	5	1907235	11704	3
1028	93	Picture	20	1913602	0	1	4145	2	0	4000	other	0
1028	93	Pulse	5	1927234	13632	4
1028	94	Picture	21	1931673	0	1	4144	2	0	4000	hit	194
1028	94	Response	1	1935384	3711	3
1028	94	Pulse	5	1947224	15551	2
1028	95	Picture	20	1949743	0	1	4145	2	0	4000	other	0
1028	95	Pulse	5	1967223	17480	2
1028	96	Picture	20	1967814	0	1	4144	2	0	4000	other	0
1028	97	Picture	20	1985884	0	1	4145	2	0	4000	other	0
1028	97	Pulse	5	1987223	1339	2
1028	98	Picture	21	2003955	0	1	4144	3	0	4000	hit	202
1028	98	Response	1	2007212	3257	2
1028	98	Pulse	5	2007212	3257	2
1028	99	Picture	20	2022025	0	2	4145	3	0	4000	other	0
1028	99	Pulse	5	2027211	5186	2
1028	100	Picture	20	2040096	0	1	4145	2	0	4000	other	0
1028	100	Pulse	5	2047211	7115	2
1028	101	Picture	21	2058166	0	2	4145	3	0	4000	hit	209
1028	101	Response	1	2066720	8554	2
1028	101	Pulse	5	2067200	9034	2
1028	102	Picture	20	2076237	0	1	4145	2	0	4000	other	0
1028	102	Pulse	5	2087200	10963	1
1028	103	Picture	20	2094308	0	1	4144	2	0	4000	other	0
1028	103	Pulse	5	2107197	12889	10
1028	104	Pulse	5	2127188	14810	3
1028	105	Picture	10	2137412	0	1	4144	3	0	4000	other	0
1028	105	Pulse	5	2147188	9776	3
1028	106	Picture	10	2155482	0	2	4145	3	0	4000	other	0
1028	106	Pulse	5	2167187	11705	3
1028	107	Picture	11	2173553	0	1	4145	2	0	4000	hit	221
1028	107	Response	1	2178377	4824	2
1028	107	Pulse	5	2187176	13623	2
1028	108	Picture	10	2191623	0	2	4145	3	0	4000	other	0
1028	108	Pulse	5	2207176	15553	2
1028	109	Picture	11	2209694	0	1	4145	2	0	4000	hit	226
1028	109	Response	1	2214694	5000	4
1028	109	Pulse	5	2227175	17481	2
1028	110	Picture	10	2227765	0	1	4144	2	0	4000	other	0
1028	111	Picture	10	2245835	0	1	4145	2	0	4000	other	0
1028	111	Pulse	5	2247165	1330	1
1028	112	Picture	11	2263906	0	1	4144	3	0	4000	hit	233
1028	112	Pulse	5	2267164	3258	2
1028	112	Response	1	2268124	4218	2
1028	113	Picture	10	2281976	0	2	4145	3	0	4000	other	0
1028	113	Pulse	5	2287163	5187	2
1028	114	Picture	10	2300047	0	1	4145	2	0	4000	other	0
1028	114	Pulse	5	2307153	7106	1
1028	115	Picture	10	2318117	0	2	4145	4	0	4000	other	0
1028	115	Pulse	5	2327152	9035	2
1028	116	Picture	10	2336188	0	1	4145	2	0	4000	other	0
1028	116	Pulse	5	2347151	10963	2
1028	117	Picture	10	2354259	0	1	4144	2	0	4000	other	0
1028	117	Pulse	5	2367141	12882	2
1028	118	Picture	11	2372329	0	1	4145	2	0	4000	hit	245
1028	118	Response	1	2378020	5691	3
1028	118	Pulse	5	2387140	14811	3
1028	119	Picture	10	2390400	0	1	4144	3	0	4000	other	0
1028	119	Pulse	5	2407139	16739	3
1028	120	Picture	10	2408470	0	1	4145	2	0	4000	other	0
1028	121	Pulse	5	2427129	588	2
1028	121	Pulse	5	2447128	20587	2
1028	122	Picture	30	2451574	0	2	4145	3	0	4000	other	0
1028	122	Pulse	5	2467118	15544	2
1028	123	Picture	30	2469644	0	2	4146	3	0	4000	other	0
1028	123	Pulse	5	2487117	17473	2
1028	124	Picture	30	2487716	0	1	4144	2	0	4000	other	0
1028	125	Picture	31	2505786	0	1	4145	2	0	4000	hit	259
1028	125	Pulse	5	2507116	1330	2
1028	125	Response	1	2510636	4850	2
1028	126	Picture	31	2523857	0	1	4144	3	0	4000	miss	0
1028	126	Pulse	5	2527116	3259	2
1028	127	Picture	30	2541927	0	1	4145	2	0	4000	other	0
1028	127	Pulse	5	2547105	5178	2
1028	128	Picture	30	2559998	0	1	4144	3	0	4000	other	0
1028	128	Pulse	5	2567104	7106	2
1028	129	Picture	30	2578068	0	2	4145	3	0	4000	other	0
1028	129	Pulse	5	2587104	9036	2
1028	130	Picture	31	2596139	0	1	4145	2	0	4000	hit	269
1028	130	Response	1	2605013	8874	2
1028	130	Pulse	5	2607093	10954	2
1028	131	Picture	30	2614210	0	1	4144	2	0	4000	other	0
1028	131	Pulse	5	2627093	12883	1
1028	132	Picture	30	2632280	0	1	4145	2	0	4000	other	0
1028	132	Pulse	5	2647092	14812	2
1028	133	Picture	30	2650351	0	1	4144	3	0	4000	other	0
1028	133	Pulse	5	2667080	16729	4
1028	134	Picture	30	2668421	0	1	4145	2	0	4000	other	0
1028	135	Picture	31	2686492	0	1	4144	3	0	4000	hit	280
1028	135	Pulse	5	2687080	588	3
1028	135	Response	1	2696040	9548	2
1028	136	Picture	30	2704562	0	2	4145	3	0	4000	other	0
1028	136	Pulse	5	2707079	2517	4
1028	137	Picture	30	2722633	0	1	4145	2	0	4000	false_alarm	285
1028	137	Pulse	5	2727229	4596	2
1028	137	Response	1	2728669	6036	2
