Scenario - 1-back
Logfile written - 03/06/2015 16:34:15

Subject	Trial	Event Type	Code	Time	TTime	Uncertainty	Duration	Uncertainty	ReqTime	ReqDur	Stim Type	Pair Index

1032	1	Pulse	5	256536	266370	2
1032	2	Pulse	5	276536	19951	2
1032	3	Picture	10	281619	0	1	4144	3	0	4000	other	0
1032	3	Pulse	5	296525	14906	2
1032	4	Picture	10	299690	0	1	4144	2	0	4000	other	0
1032	4	Pulse	5	316525	16835	2
1032	5	Picture	11	317760	0	2	4145	3	0	4000	hit	8
1032	5	Response	1	321805	4045	2
1032	6	Picture	10	335831	0	1	4145	2	0	4000	other	0
1032	6	Pulse	5	336525	694	2
1032	7	Picture	11	353902	0	1	4145	2	0	4000	hit	13
1032	7	Pulse	5	356514	2612	3
1032	7	Response	1	357474	3572	3
1032	8	Picture	10	371973	0	1	4144	3	0	4000	other	0
1032	8	Pulse	5	376514	4541	2
1032	9	Picture	10	390044	0	1	4144	2	0	4000	other	0
1032	9	Pulse	5	396513	6469	3
1032	10	Picture	10	408114	0	2	4145	3	0	4000	other	0
1032	10	Pulse	5	416503	8389	2
1032	11	Picture	11	426185	0	1	4145	2	0	4000	hit	21
1032	11	Response	1	429783	3598	2
1032	11	Pulse	5	436503	10318	2
1032	12	Picture	10	444256	0	1	4145	2	0	4000	other	0
1032	12	Pulse	5	456502	12246	2
1032	13	Picture	10	462327	0	1	4144	3	0	4000	other	0
1032	13	Pulse	5	476492	14165	2
1032	14	Picture	11	480398	0	1	4144	3	0	4000	hit	28
1032	14	Response	1	484492	4094	2
1032	14	Pulse	5	496492	16094	1
1032	15	Picture	10	498468	0	2	4145	3	0	4000	other	0
1032	15	Pulse	5	516491	18023	2
1032	16	Picture	10	516539	0	1	4145	2	0	4000	other	0
1032	17	Picture	10	534610	0	1	4145	2	0	4000	other	0
1032	17	Pulse	5	536481	1871	2
1032	18	Picture	10	552681	0	1	4145	2	0	4000	other	0
1032	18	Pulse	5	556481	3800	1
1032	19	Pulse	5	576480	5728	2
1032	20	Picture	30	595786	0	1	4144	3	0	4000	other	0
1032	20	Pulse	5	596470	684	2
1032	21	Picture	30	613856	0	2	4145	3	0	4000	other	0
1032	21	Pulse	5	616469	2613	2
1032	22	Picture	31	631927	0	1	4145	2	0	4000	hit	43
1032	22	Response	1	635509	3582	2
1032	22	Pulse	5	636469	4542	2
1032	23	Picture	30	649998	0	1	4145	2	0	4000	other	0
1032	23	Pulse	5	656459	6461	1
1032	24	Picture	30	668069	0	1	4145	2	0	4000	other	0
1032	24	Pulse	5	676458	8389	2
1032	25	Picture	30	686140	0	1	4144	2	0	4000	other	0
1032	25	Pulse	5	696458	10318	2
1032	26	Picture	31	704211	0	1	4144	2	0	4000	hit	52
1032	26	Response	1	709258	5047	1
1032	26	Pulse	5	716447	12236	2
1032	27	Picture	31	722281	0	1	4145	2	0	4000	hit	55
1032	27	Response	1	729407	7126	2
1032	27	Pulse	5	736447	14166	2
1032	28	Picture	30	740352	0	1	4145	3	0	4000	other	0
1032	28	Pulse	5	756447	16095	2
1032	29	Picture	30	758423	0	1	4145	2	0	4000	other	0
1032	29	Pulse	5	776436	18013	3
1032	30	Picture	30	776494	0	1	4144	3	0	4000	other	0
1032	31	Picture	31	794565	0	1	4144	2	0	4000	hit	64
1032	31	Pulse	5	796436	1871	2
1032	31	Response	1	802676	8111	2
1032	32	Picture	30	812635	0	2	4145	3	0	4000	other	0
1032	32	Pulse	5	816436	3801	1
1032	33	Picture	30	830706	0	1	4145	2	0	4000	other	0
1032	33	Pulse	5	836425	5719	3
1032	34	Picture	30	848777	0	1	4145	2	0	4000	other	0
1032	34	Pulse	5	856425	7648	2
1032	35	Picture	30	866848	0	1	4144	3	0	4000	other	0
1032	35	Pulse	5	876424	9576	3
1032	36	Pulse	5	896414	11495	2
1032	37	Picture	10	909952	0	2	4145	3	0	4000	other	0
1032	37	Pulse	5	916414	6462	2
1032	38	Picture	10	928023	0	2	4145	3	0	4000	other	0
1032	38	Pulse	5	936414	8391	1
1032	39	Picture	11	946094	0	1	4145	2	0	4000	hit	79
1032	39	Response	1	949693	3599	2
1032	39	Pulse	5	956403	10309	2
1032	40	Picture	10	964165	0	1	4145	2	0	4000	other	0
1032	40	Pulse	5	976403	12238	1
1032	41	Picture	11	982236	0	1	4144	3	0	4000	hit	84
1032	41	Response	1	986002	3766	2
1032	41	Pulse	5	996402	14166	2
1032	42	Picture	10	1000304	0	4	4147	5	0	4000	other	0
1032	42	Pulse	5	1016392	16088	2
1032	43	Picture	10	1018377	0	2	4145	4	0	4000	other	0
1032	43	Pulse	5	1036391	18014	4
1032	44	Picture	10	1036448	0	1	4145	2	0	4000	other	0
1032	45	Picture	11	1054519	0	1	4145	2	0	4000	hit	93
1032	45	Pulse	5	1056391	1872	2
1032	45	Response	1	1058631	4112	2
1032	46	Picture	10	1072590	0	1	4144	3	0	4000	other	0
1032	46	Pulse	5	1076381	3791	2
1032	47	Picture	10	1090660	0	2	4145	3	0	4000	other	0
1032	47	Pulse	5	1096380	5720	2
1032	48	Picture	11	1108731	0	2	4145	3	0	4000	hit	99
1032	48	Response	1	1112380	3649	2
1032	48	Pulse	5	1116380	7649	2
1032	49	Picture	10	1126802	0	1	4145	2	0	4000	other	0
1032	49	Pulse	5	1136370	9568	1
1032	50	Picture	10	1144873	0	1	4145	2	0	4000	other	0
1032	50	Pulse	5	1156529	11656	2
1032	51	Picture	10	1162944	0	1	4144	3	0	4000	other	0
1032	51	Pulse	5	1176529	13585	2
1032	52	Picture	10	1181015	0	1	4144	3	0	4000	other	0
1032	52	Pulse	5	1196518	15503	2
1032	53	Pulse	5	1216518	17432	2
1032	54	Picture	20	1224119	0	2	4145	3	0	4000	other	0
1032	54	Pulse	5	1236518	12399	2
1032	55	Picture	20	1242190	0	1	4145	2	0	4000	other	0
1032	55	Pulse	5	1256507	14317	2
1032	56	Picture	21	1260261	0	1	4145	2	0	4000	hit	115
1032	56	Response	1	1263867	3606	2
1032	56	Pulse	5	1276508	16247	1
1032	57	Picture	20	1278332	0	1	4144	3	0	4000	other	0
1032	58	Picture	20	1296403	0	1	4144	2	0	4000	other	0
1032	58	Pulse	5	1296507	104	1
1032	59	Picture	20	1314473	0	2	4145	3	0	4000	other	0
1032	59	Pulse	5	1316496	2023	3
1032	60	Picture	21	1332544	0	1	4145	2	0	4000	hit	123
1032	60	Response	1	1335856	3312	2
1032	60	Pulse	5	1336496	3952	2
1032	61	Picture	20	1350615	0	1	4145	2	0	4000	other	0
1032	61	Pulse	5	1356495	5880	3
1032	62	Picture	20	1368686	0	1	4144	3	0	4000	other	0
1032	62	Pulse	5	1376485	7799	2
1032	63	Picture	20	1386757	0	1	4144	2	0	4000	other	0
1032	63	Pulse	5	1396485	9728	2
1032	64	Picture	20	1404827	0	2	4145	3	0	4000	other	0
1032	64	Pulse	5	1416485	11658	1
1032	65	Picture	20	1422898	0	1	4145	2	0	4000	other	0
1032	65	Pulse	5	1436475	13577	1
1032	66	Picture	21	1440969	0	1	4145	3	0	4000	hit	136
1032	66	Response	1	1444634	3665	2
1032	66	Pulse	5	1456474	15505	1
1032	67	Picture	20	1459040	0	1	4145	2	0	4000	other	0
1032	67	Pulse	5	1476473	17433	2
1032	68	Picture	20	1477111	0	1	4144	3	0	4000	other	0
1032	69	Picture	21	1495182	0	1	4144	2	0	4000	hit	143
1032	69	Pulse	5	1496463	1281	2
1032	69	Response	1	1498703	3521	2
1032	70	Pulse	5	1516462	3210	2
1032	70	Pulse	5	1536462	23210	2
1032	71	Picture	10	1538286	0	1	4145	2	0	4000	other	0
1032	72	Picture	10	1556357	0	1	4145	2	0	4000	other	0
1032	72	Pulse	5	1556452	95	2
1032	73	Picture	11	1574428	0	1	4145	2	0	4000	hit	151
1032	73	Pulse	5	1576451	2023	2
1032	73	Response	1	1579011	4583	2
1032	74	Picture	10	1592499	0	1	4144	3	0	4000	other	0
1032	74	Pulse	5	1596451	3952	2
1032	75	Picture	11	1610569	0	2	4145	3	0	4000	hit	155
1032	75	Response	1	1614681	4112	2
1032	75	Pulse	5	1616441	5872	1
1032	76	Picture	10	1628640	0	2	4145	3	0	4000	other	0
1032	76	Pulse	5	1636440	7800	2
1032	77	Picture	10	1646711	0	1	4145	2	0	4000	other	0
1032	77	Pulse	5	1656440	9729	2
1032	78	Picture	11	1664782	0	1	4145	2	0	4000	hit	162
1032	78	Response	1	1667800	3018	1
1032	78	Pulse	5	1676429	11647	2
1032	79	Picture	10	1682853	0	1	4144	3	0	4000	other	0
1032	79	Pulse	5	1696429	13576	2
1032	80	Picture	10	1700923	0	2	4145	3	0	4000	other	0
1032	80	Pulse	5	1716429	15506	2
1032	81	Picture	10	1718994	0	2	4145	3	0	4000	other	0
1032	81	Pulse	5	1736418	17424	2
1032	82	Picture	10	1737065	0	1	4145	2	0	4000	other	0
1032	83	Picture	10	1755136	0	1	4145	2	0	4000	other	0
1032	83	Pulse	5	1756418	1282	2
1032	84	Picture	11	1773207	0	1	4145	2	0	4000	hit	175
1032	84	Pulse	5	1776418	3211	1
1032	84	Response	1	1777218	4011	1
1032	85	Picture	10	1791278	0	1	4144	3	0	4000	other	0
1032	85	Pulse	5	1796407	5129	3
1032	86	Picture	10	1809348	0	2	4145	3	0	4000	other	0
1032	86	Pulse	5	1816407	7059	2
1032	87	Pulse	5	1836406	8987	3
1032	88	Picture	30	1852453	0	1	4145	2	0	4000	other	0
1032	88	Pulse	5	1856396	3943	2
1032	89	Picture	30	1870524	0	1	4145	2	0	4000	other	0
1032	89	Pulse	5	1876396	5872	2
1032	90	Picture	30	1888595	0	1	4144	3	0	4000	other	0
1032	90	Pulse	5	1896395	7800	2
1032	91	Picture	31	1906666	0	1	4144	2	0	4000	hit	188
1032	91	Response	1	1912715	6049	2
1032	91	Pulse	5	1916385	9719	2
1032	92	Picture	31	1924736	0	2	4145	3	0	4000	hit	191
1032	92	Response	1	1928545	3809	2
1032	92	Pulse	5	1936385	11649	1
1032	93	Picture	30	1942807	0	1	4145	2	0	4000	other	0
1032	93	Pulse	5	1956384	13577	2
1032	94	Picture	30	1960878	0	1	4145	2	0	4000	other	0
1032	94	Pulse	5	1976374	15496	2
1032	95	Picture	30	1978949	0	1	4145	2	0	4000	other	0
1032	95	Pulse	5	1996373	17424	2
1032	96	Picture	31	1997020	0	1	4144	3	0	4000	hit	200
1032	96	Response	1	2000373	3353	2
1032	97	Picture	30	2015090	0	2	4145	3	0	4000	other	0
1032	97	Pulse	5	2016373	1283	2
1032	98	Picture	30	2033161	0	1	4145	2	0	4000	other	0
1032	98	Pulse	5	2036363	3202	2
1032	99	Picture	30	2051232	0	1	4145	2	0	4000	other	0
1032	99	Pulse	5	2056362	5130	2
1032	100	Picture	30	2069303	0	1	4145	2	0	4000	other	0
1032	100	Pulse	5	2076362	7059	2
1032	101	Picture	31	2087374	0	1	4144	3	0	4000	hit	210
1032	101	Response	1	2090602	3228	2
1032	101	Pulse	5	2096352	8978	1
1032	102	Picture	30	2105444	0	2	4145	3	0	4000	other	0
1032	102	Pulse	5	2116351	10907	2
1032	103	Picture	30	2123515	0	2	4145	3	0	4000	other	0
1032	103	Pulse	5	2136352	12837	1
1032	104	Pulse	5	2156340	14754	2
1032	105	Picture	10	2166620	0	1	4145	2	0	4000	other	0
1032	105	Pulse	5	2176340	9720	2
1032	106	Picture	10	2184691	0	1	4145	2	0	4000	other	0
1032	106	Pulse	5	2196500	11809	1
1032	107	Picture	11	2202762	0	1	4144	2	0	4000	hit	222
1032	107	Response	1	2206419	3657	2
1032	107	Pulse	5	2216489	13727	2
1032	108	Picture	10	2220832	0	2	4145	3	0	4000	other	0
1032	108	Pulse	5	2236489	15657	2
1032	109	Picture	11	2238903	0	1	4145	2	0	4000	hit	227
1032	109	Response	1	2243049	4146	2
1032	109	Pulse	5	2256489	17586	1
1032	110	Picture	10	2256974	0	1	4144	3	0	4000	other	0
1032	111	Picture	10	2275045	0	1	4145	2	0	4000	other	0
1032	111	Pulse	5	2276478	1433	3
1032	112	Picture	11	2293116	0	1	4144	3	0	4000	hit	233
1032	112	Response	1	2296478	3362	2
1032	112	Pulse	5	2296478	3362	2
1032	113	Picture	10	2311187	0	1	4144	2	0	4000	other	0
1032	113	Pulse	5	2316477	5290	3
1032	114	Picture	10	2329257	0	2	4145	3	0	4000	other	0
1032	114	Pulse	5	2336467	7210	2
1032	115	Picture	10	2347328	0	1	4145	2	0	4000	other	0
1032	115	Pulse	5	2356467	9139	2
1032	116	Picture	10	2365399	0	1	4145	2	0	4000	other	0
1032	116	Pulse	5	2376466	11067	2
1032	117	Picture	10	2383470	0	1	4144	3	0	4000	other	0
1032	117	Pulse	5	2396456	12986	2
1032	118	Picture	11	2401541	0	1	4144	2	0	4000	hit	246
1032	118	Response	1	2405096	3555	2
1032	118	Pulse	5	2416456	14915	1
1032	119	Picture	10	2419611	0	2	4145	3	0	4000	other	0
1032	119	Pulse	5	2436455	16844	2
1032	120	Picture	10	2437682	0	1	4145	2	0	4000	other	0
1032	121	Pulse	5	2456445	692	2
1032	121	Pulse	5	2476444	20691	2
1032	122	Picture	20	2480787	0	1	4145	2	0	4000	other	0
1032	122	Pulse	5	2496444	15657	2
1032	123	Picture	20	2498858	0	1	4144	3	0	4000	other	0
1032	123	Pulse	5	2516434	17576	2
1032	124	Picture	20	2516929	0	1	4144	2	0	4000	other	0
1032	125	Picture	21	2534999	0	2	4145	3	0	4000	hit	260
1032	125	Pulse	5	2536433	1434	2
1032	125	Response	1	2539953	4954	2
1032	126	Picture	20	2553070	0	1	4145	2	0	4000	other	0
1032	126	Pulse	5	2556433	3363	2
1032	127	Picture	20	2571141	0	1	4137	18	0	4000	other	0
1032	127	Pulse	5	2576423	5282	1
1032	128	Picture	21	2589212	0	1	4145	2	0	4000	hit	266
1032	128	Response	1	2592902	3690	2
1032	128	Pulse	5	2596422	7210	2
1032	129	Picture	20	2607283	0	1	4144	3	0	4000	other	0
1032	129	Pulse	5	2616423	9140	1
1032	130	Picture	20	2625353	0	2	4145	3	0	4000	other	0
1032	130	Pulse	5	2636411	11058	2
1032	131	Picture	20	2643424	0	2	4145	3	0	4000	other	0
1032	131	Pulse	5	2656411	12987	2
1032	132	Picture	21	2661495	0	1	4145	2	0	4000	hit	275
1032	132	Response	1	2664731	3236	2
1032	132	Pulse	5	2676411	14916	1
1032	133	Picture	20	2679566	0	1	4145	2	0	4000	other	0
1032	133	Pulse	5	2696401	16835	1
1032	134	Picture	20	2697637	0	1	4144	3	0	4000	other	0
1032	135	Picture	21	2715708	0	1	4144	2	0	4000	hit	282
1032	135	Pulse	5	2716400	692	2
1032	135	Response	1	2719280	3572	2
1032	136	Picture	20	2733778	0	2	4145	3	0	4000	other	0
1032	136	Pulse	5	2736400	2622	1
1032	137	Picture	20	2751849	0	1	4145	2	0	4000	other	0
1032	137	Pulse	5	2756389	4540	2
