Scenario - 1-back
Logfile written - 03/06/2015 16:38:49

Subject	Trial	Event Type	Code	Time	TTime	Uncertainty	Duration	Uncertainty	ReqTime	ReqDur	Stim Type	Pair Index

1032	1	Pulse	5	192061	201940	1
1032	2	Pulse	5	212059	19965	2
1032	3	Picture	10	217128	0	1	4144	3	0	4000	other	0
1032	3	Pulse	5	232059	14931	1
1032	4	Picture	10	235198	0	2	4145	3	0	4000	other	0
1032	4	Pulse	5	252050	16852	1
1032	5	Picture	11	253269	0	1	4145	2	0	4000	hit	8
1032	5	Response	1	256689	3420	2
1032	6	Picture	10	271340	0	1	4145	2	0	4000	other	0
1032	6	Pulse	5	272048	708	2
1032	7	Picture	11	289411	0	1	4145	2	0	4000	hit	13
1032	7	Pulse	5	292047	2636	2
1032	7	Response	1	295567	6156	2
1032	8	Picture	10	307482	0	1	4144	3	0	4000	other	0
1032	8	Pulse	5	312039	4557	1
1032	9	Picture	10	325553	0	1	4144	2	0	4000	other	0
1032	9	Pulse	5	332037	6484	2
1032	10	Picture	10	343623	0	2	4145	3	0	4000	other	0
1032	10	Pulse	5	352036	8413	3
1032	11	Picture	11	361694	0	1	4145	2	0	4000	hit	21
1032	11	Response	1	365156	3462	2
1032	11	Pulse	5	372027	10333	1
1032	12	Picture	10	379765	0	1	4145	2	0	4000	other	0
1032	12	Pulse	5	392026	12261	2
1032	13	Picture	10	397836	0	1	4144	3	0	4000	other	0
1032	13	Pulse	5	412025	14189	2
1032	14	Picture	11	415907	0	1	4144	2	0	4000	hit	28
1032	14	Response	1	419865	3958	2
1032	14	Pulse	5	432016	16109	1
1032	15	Picture	10	433977	0	2	4145	3	0	4000	other	0
1032	15	Pulse	5	452014	18037	2
1032	16	Picture	10	452048	0	1	4145	2	0	4000	other	0
1032	17	Picture	10	470119	0	1	4145	2	0	4000	other	0
1032	17	Pulse	5	472014	1895	2
1032	18	Picture	10	488190	0	1	4145	2	0	4000	other	0
1032	18	Pulse	5	492005	3815	1
1032	19	Pulse	5	512004	5743	1
1032	20	Picture	20	531294	0	2	4145	3	0	4000	other	0
1032	20	Pulse	5	532003	709	2
1032	21	Picture	20	549365	0	2	4145	3	0	4000	other	0
1032	21	Pulse	5	551994	2629	1
1032	22	Picture	21	567436	0	1	4145	2	0	4000	hit	43
1032	22	Response	1	570712	3276	2
1032	22	Pulse	5	571992	4556	2
1032	23	Picture	20	585507	0	1	4145	2	0	4000	other	0
1032	23	Pulse	5	591991	6484	12
1032	24	Picture	20	603578	0	1	4145	2	0	4000	other	0
1032	24	Pulse	5	611983	8405	1
1032	25	Picture	20	621649	0	1	4144	2	0	4000	other	0
1032	25	Pulse	5	631981	10332	2
1032	26	Picture	21	639719	0	2	4145	3	0	4000	hit	52
1032	26	Response	1	642702	2983	1
1032	26	Pulse	5	651981	12262	2
1032	27	Picture	20	657790	0	2	4145	3	0	4000	other	0
1032	27	Pulse	5	671972	14182	1
1032	28	Picture	20	675861	0	1	4145	2	0	4000	other	0
1032	28	Pulse	5	691970	16109	2
1032	29	Picture	20	693932	0	1	4145	2	0	4000	other	0
1032	29	Pulse	5	711970	18038	2
1032	30	Picture	20	712003	0	1	4144	3	0	4000	other	0
1032	31	Picture	20	730074	0	1	4144	2	0	4000	other	0
1032	31	Pulse	5	731961	1887	1
1032	32	Picture	21	748144	0	2	4145	3	0	4000	hit	64
1032	32	Response	1	751799	3655	2
1032	32	Pulse	5	751959	3815	2
1032	33	Picture	20	766215	0	1	4145	2	0	4000	other	0
1032	33	Pulse	5	771958	5743	2
1032	34	Picture	20	784286	0	1	4145	2	0	4000	other	0
1032	34	Pulse	5	791950	7664	1
1032	35	Picture	21	802357	0	1	4144	3	0	4000	hit	71
1032	35	Response	1	805548	3191	2
1032	35	Pulse	5	812108	9751	2
1032	36	Pulse	5	832107	11680	3
1032	37	Picture	10	845461	0	2	4145	3	0	4000	other	0
1032	37	Pulse	5	852098	6637	1
1032	38	Picture	10	863532	0	1	4145	2	0	4000	other	0
1032	38	Pulse	5	872097	8565	1
1032	39	Picture	11	881603	0	1	4145	2	0	4000	hit	79
1032	39	Response	1	886176	4573	2
1032	39	Pulse	5	892096	10493	2
1032	40	Picture	10	899674	0	1	4145	2	0	4000	other	0
1032	40	Pulse	5	912087	12413	1
1032	41	Picture	11	917745	0	1	4144	3	0	4000	hit	84
1032	41	Response	1	921526	3781	1
1032	41	Pulse	5	932085	14340	2
1032	42	Picture	10	935816	0	1	4144	2	0	4000	other	0
1032	42	Pulse	5	952085	16269	2
1032	43	Picture	10	953886	0	2	4145	3	0	4000	other	0
1032	44	Picture	10	971957	0	1	4145	2	0	4000	other	0
1032	44	Pulse	5	972076	119	1
1032	45	Picture	11	990028	0	1	4145	2	0	4000	hit	93
1032	45	Pulse	5	992074	2046	2
1032	45	Response	1	994154	4126	2
1032	46	Picture	10	1008099	0	1	4144	3	0	4000	other	0
1032	46	Pulse	5	1012074	3975	2
1032	47	Picture	10	1026170	0	1	4144	3	0	4000	other	0
1032	47	Pulse	5	1032065	5895	1
1032	48	Picture	11	1044241	0	1	4144	2	0	4000	hit	99
1032	48	Response	1	1047583	3342	2
1032	48	Pulse	5	1052063	7822	2
1032	49	Picture	10	1062311	0	1	4145	2	0	4000	other	0
1032	49	Pulse	5	1072063	9752	2
1032	50	Picture	10	1080382	0	1	4145	2	0	4000	other	0
1032	50	Pulse	5	1092054	11672	1
1032	51	Picture	10	1098452	0	2	4146	3	0	4000	other	0
1032	51	Pulse	5	1112052	13600	2
1032	52	Picture	10	1116524	0	1	4144	3	0	4000	other	0
1032	52	Pulse	5	1132052	15528	2
1032	53	Pulse	5	1152043	17449	1
1032	54	Picture	30	1159628	0	2	4145	3	0	4000	other	0
1032	54	Pulse	5	1172042	12414	1
1032	55	Picture	30	1177699	0	1	4145	2	0	4000	other	0
1032	55	Pulse	5	1192041	14342	1
1032	56	Picture	31	1195770	0	1	4145	2	0	4000	hit	115
1032	56	Response	1	1199880	4110	2
1032	56	Pulse	5	1212032	16262	1
1032	57	Picture	30	1213841	0	1	4145	2	0	4000	other	0
1032	58	Picture	30	1231912	0	1	4144	3	0	4000	other	0
1032	58	Pulse	5	1232030	118	2
1032	59	Picture	30	1249983	0	1	4144	2	0	4000	other	0
1032	59	Pulse	5	1252029	2046	2
1032	60	Picture	31	1268053	0	1	4145	2	0	4000	hit	123
1032	60	Response	1	1271381	3328	1
1032	60	Pulse	5	1272021	3968	1
1032	61	Picture	31	1286124	0	2	4145	3	0	4000	hit	126
1032	61	Response	1	1291699	5575	2
1032	61	Pulse	5	1292019	5895	2
1032	62	Picture	30	1304195	0	1	4143	4	0	4000	other	0
1032	62	Pulse	5	1312018	7823	3
1032	63	Picture	30	1322266	0	1	4144	3	0	4000	other	0
1032	63	Pulse	5	1332009	9743	1
1032	64	Picture	30	1340337	0	1	4144	2	0	4000	other	0
1032	64	Pulse	5	1352008	11671	1
1032	65	Picture	31	1358407	0	2	4145	3	0	4000	hit	135
1032	65	Response	1	1362247	3840	2
1032	65	Pulse	5	1372007	13600	2
1032	66	Picture	30	1376478	0	1	4145	2	0	4000	other	0
1032	66	Pulse	5	1391998	15520	1
1032	67	Picture	30	1394549	0	1	4145	2	0	4000	other	0
1032	67	Pulse	5	1411996	17447	2
1032	68	Picture	30	1412620	0	1	4144	3	0	4000	other	0
1032	69	Picture	30	1430691	0	1	4144	3	0	4000	other	0
1032	69	Pulse	5	1431996	1305	2
1032	70	Pulse	5	1451987	3225	1
1032	70	Pulse	5	1471985	23223	2
1032	71	Picture	10	1473795	0	2	4145	3	0	4000	other	0
1032	72	Picture	10	1491866	0	1	4145	2	0	4000	other	0
1032	72	Pulse	5	1491985	119	2
1032	73	Picture	11	1509937	0	1	4145	2	0	4000	hit	151
1032	73	Pulse	5	1511976	2039	1
1032	73	Response	1	1513096	3159	1
1032	74	Picture	10	1528008	0	1	4145	2	0	4000	other	0
1032	74	Pulse	5	1531974	3966	2
1032	75	Picture	11	1546079	0	1	4144	3	0	4000	hit	155
1032	75	Response	1	1550054	3975	2
1032	75	Pulse	5	1551974	5895	2
1032	76	Picture	10	1564149	0	2	4144	4	0	4000	other	0
1032	76	Pulse	5	1571965	7816	1
1032	77	Picture	10	1582220	0	1	4145	2	0	4000	other	0
1032	77	Pulse	5	1591963	9743	2
1032	78	Picture	11	1600291	0	1	4145	2	0	4000	hit	162
1032	78	Response	1	1604123	3832	2
1032	78	Pulse	5	1611963	11672	1
1032	79	Picture	10	1618362	0	1	4145	2	0	4000	other	0
1032	79	Pulse	5	1631954	13592	1
1032	80	Picture	10	1636432	0	2	4145	4	0	4000	other	0
1032	80	Pulse	5	1651952	15520	2
1032	81	Picture	10	1654503	0	2	4145	3	0	4000	other	0
1032	81	Pulse	5	1671952	17449	1
1032	82	Picture	10	1672574	0	2	4145	3	0	4000	other	0
1032	83	Picture	10	1690645	0	1	4145	2	0	4000	other	0
1032	83	Pulse	5	1691942	1297	2
1032	84	Picture	11	1708716	0	1	4145	2	0	4000	hit	174
1032	84	Response	1	1711941	3225	2
1032	84	Pulse	5	1711941	3225	2
1032	85	Picture	10	1726787	0	1	4145	2	0	4000	other	0
1032	85	Pulse	5	1731940	5153	2
1032	86	Picture	10	1744858	0	1	4144	3	0	4000	other	0
1032	86	Pulse	5	1751932	7074	1
1032	87	Pulse	5	1771930	9002	2
1032	88	Picture	20	1787962	0	2	4145	3	0	4000	other	0
1032	88	Pulse	5	1791929	3967	3
1032	89	Picture	20	1806033	0	1	4145	2	0	4000	other	0
1032	89	Pulse	5	1811920	5887	1
1032	90	Picture	20	1824104	0	1	4145	2	0	4000	other	0
1032	90	Pulse	5	1831919	7815	1
1032	91	Picture	21	1842175	0	1	4144	3	0	4000	hit	188
1032	91	Response	1	1845518	3343	2
1032	91	Pulse	5	1852079	9904	1
1032	92	Picture	20	1860246	0	1	4144	2	0	4000	other	0
1032	92	Pulse	5	1872069	11823	1
1032	93	Picture	20	1878316	0	2	4145	3	0	4000	other	0
1032	93	Pulse	5	1892067	13751	2
1032	94	Picture	21	1896387	0	2	4145	3	0	4000	hit	195
1032	94	Response	1	1901027	4640	2
1032	94	Pulse	5	1912067	15680	2
1032	95	Picture	20	1914458	0	1	4145	2	0	4000	other	0
1032	95	Pulse	5	1932058	17600	1
1032	96	Picture	20	1932529	0	1	4145	2	0	4000	other	0
1032	97	Picture	20	1950600	0	1	4144	3	0	4000	other	0
1032	97	Pulse	5	1952056	1456	2
1032	98	Picture	21	1968670	0	2	4145	3	0	4000	hit	203
1032	98	Response	1	1971896	3226	2
1032	98	Pulse	5	1972056	3386	2
1032	99	Picture	20	1986741	0	1	4144	3	0	4000	other	0
1032	99	Pulse	5	1992047	5306	1
1032	100	Picture	20	2004812	0	1	4145	2	0	4000	other	0
1032	100	Pulse	5	2012045	7233	2
1032	101	Picture	21	2022883	0	1	4140	10	0	4000	hit	210
1032	101	Response	1	2027245	4362	2
1032	101	Pulse	5	2032045	9162	2
1032	102	Picture	20	2040954	0	1	4144	3	0	4000	other	0
1032	102	Pulse	5	2052036	11082	1
1032	103	Picture	20	2059025	0	1	4144	2	0	4000	other	0
1032	103	Pulse	5	2072034	13009	2
1032	104	Pulse	5	2092034	14939	1
1032	105	Picture	10	2102129	0	1	4144	3	0	4000	other	0
1032	105	Pulse	5	2112025	9896	1
1032	106	Picture	10	2120200	0	1	4145	2	0	4000	other	0
1032	106	Pulse	5	2132024	11824	1
1032	107	Picture	11	2138271	0	1	4145	2	0	4000	hit	222
1032	107	Response	1	2141463	3192	2
1032	107	Pulse	5	2152023	13752	1
1032	108	Picture	10	2156342	0	1	4144	3	0	4000	other	0
1032	108	Pulse	5	2172013	15671	2
1032	109	Picture	11	2174412	0	2	4145	3	0	4000	hit	227
1032	109	Response	1	2178411	3999	4
1032	109	Pulse	5	2192012	17600	2
1032	110	Picture	10	2192483	0	2	4145	3	0	4000	other	0
1032	111	Picture	10	2210554	0	1	4145	2	0	4000	other	0
1032	111	Pulse	5	2212011	1457	2
1032	112	Picture	11	2228625	0	1	4145	2	0	4000	hit	234
1032	112	Pulse	5	2232003	3378	1
1032	112	Response	1	2233281	4656	4
1032	113	Picture	10	2246696	0	1	4144	3	0	4000	other	0
1032	113	Pulse	5	2252001	5305	2
1032	114	Picture	10	2264767	0	1	4144	2	0	4000	other	0
1032	114	Pulse	5	2272000	7233	3
1032	115	Picture	10	2282837	0	2	4145	3	0	4000	other	0
1032	115	Pulse	5	2291991	9154	1
1032	116	Picture	10	2300908	0	1	4145	2	0	4000	other	0
1032	116	Pulse	5	2311989	11081	2
1032	117	Picture	10	2318979	0	1	4145	2	0	4000	other	0
1032	117	Pulse	5	2331989	13010	2
1032	118	Picture	11	2337050	0	1	4145	2	0	4000	hit	246
1032	118	Response	1	2340789	3739	2
1032	118	Pulse	5	2351980	14930	1
1032	119	Picture	10	2355121	0	1	4144	3	0	4000	other	0
1032	119	Pulse	5	2371978	16857	2
1032	120	Picture	10	2373191	0	2	4145	3	0	4000	other	0
1032	121	Pulse	5	2391979	717	1
1032	121	Pulse	5	2411969	20707	1
1032	122	Picture	30	2416296	0	1	4145	2	0	4000	other	0
1032	122	Pulse	5	2431967	15671	2
1032	123	Picture	30	2434367	0	1	4145	2	0	4000	other	0
1032	123	Pulse	5	2451968	17601	1
1032	124	Picture	30	2452438	0	1	4144	3	0	4000	other	0
1032	125	Picture	31	2470509	0	1	4144	3	0	4000	hit	260
1032	125	Pulse	5	2471958	1449	1
1032	125	Response	1	2476598	6089	1
1032	126	Picture	31	2488579	0	2	4145	3	0	4000	hit	263
1032	126	Pulse	5	2491956	3377	2
1032	126	Response	1	2493076	4497	2
1032	127	Picture	30	2506650	0	1	4145	2	0	4000	other	0
1032	127	Pulse	5	2511956	5306	2
1032	128	Picture	30	2524721	0	1	4145	2	0	4000	other	0
1032	128	Pulse	5	2531947	7226	1
1032	129	Picture	30	2542792	0	1	4145	2	0	4000	other	0
1032	129	Pulse	5	2551945	9153	2
1032	130	Picture	31	2560863	0	1	4144	3	0	4000	hit	271
1032	130	Response	1	2564905	4042	2
1032	130	Pulse	5	2571945	11082	1
1032	131	Picture	30	2578934	0	1	4144	2	0	4000	other	0
1032	131	Pulse	5	2591936	13002	1
1032	132	Picture	30	2597004	0	2	4145	3	0	4000	other	0
1032	132	Pulse	5	2611934	14930	2
1032	133	Picture	30	2615075	0	1	4145	2	0	4000	other	0
1032	133	Pulse	5	2631933	16858	2
1032	134	Picture	30	2633146	0	1	4145	2	0	4000	other	0
1032	135	Picture	31	2651217	0	1	4144	3	0	4000	hit	282
1032	135	Pulse	5	2651924	707	2
1032	135	Response	1	2654484	3267	1
1032	136	Picture	30	2669288	0	1	4144	3	0	4000	other	0
1032	136	Pulse	5	2671923	2635	2
1032	137	Picture	30	2687358	0	2	4145	3	0	4000	false_alarm	286
1032	137	Response	1	2691283	3925	1
1032	137	Pulse	5	2691922	4564	2
