Scenario - 1-back
Logfile written - 03/06/2015 16:29:36

Subject	Trial	Event Type	Code	Time	TTime	Uncertainty	Duration	Uncertainty	ReqTime	ReqDur	Stim Type	Pair Index

1032	1	Response	1	102338	112172	2
1032	1	Pulse	5	283745	293579	2
1032	2	Pulse	5	303735	19961	1
1032	3	Picture	10	308808	0	1	4144	3	0	4000	other	0
1032	3	Pulse	5	323734	14926	2
1032	4	Picture	10	326879	0	1	4144	2	0	4000	other	0
1032	4	Pulse	5	343734	16855	2
1032	5	Picture	11	344949	0	2	4145	3	0	4000	hit	9
1032	5	Response	1	348534	3585	2
1032	6	Picture	10	363020	0	1	4145	2	0	4000	other	0
1032	6	Pulse	5	363723	703	3
1032	7	Picture	11	381091	0	1	4145	2	0	4000	hit	14
1032	7	Pulse	5	383723	2632	2
1032	7	Response	1	384363	3272	2
1032	8	Picture	10	399162	0	1	4144	3	0	4000	other	0
1032	8	Pulse	5	403723	4561	2
1032	9	Picture	10	417233	0	1	4144	2	0	4000	other	0
1032	9	Pulse	5	423712	6479	2
1032	10	Picture	10	435303	0	2	4145	3	0	4000	other	0
1032	10	Pulse	5	443712	8409	2
1032	11	Picture	11	453374	0	1	4145	2	0	4000	hit	22
1032	11	Response	1	456672	3298	2
1032	11	Pulse	5	463712	10338	1
1032	12	Picture	10	471445	0	1	4145	2	0	4000	other	0
1032	12	Pulse	5	483701	12256	2
1032	13	Picture	10	489516	0	1	4144	3	0	4000	other	0
1032	13	Pulse	5	503701	14185	2
1032	14	Picture	11	507587	0	1	4144	2	0	4000	hit	29
1032	14	Response	1	511061	3474	2
1032	14	Pulse	5	523701	16114	1
1032	15	Picture	10	525657	0	2	4145	3	0	4000	other	0
1032	15	Pulse	5	543690	18033	2
1032	16	Picture	10	543728	0	1	4145	2	0	4000	other	0
1032	17	Picture	10	561799	0	1	4145	2	0	4000	other	0
1032	17	Pulse	5	563690	1891	2
1032	18	Picture	10	579870	0	1	4144	3	0	4000	other	0
1032	18	Pulse	5	583689	3819	2
1032	19	Pulse	5	603679	5738	2
1032	20	Picture	20	622974	0	2	4145	3	0	4000	other	0
1032	20	Pulse	5	623839	865	1
1032	21	Picture	20	641045	0	1	4145	2	0	4000	other	0
1032	21	Pulse	5	643838	2793	2
1032	22	Picture	21	659116	0	1	4145	2	0	4000	hit	44
1032	22	Response	1	662868	3752	2
1032	22	Pulse	5	663828	4712	2
1032	23	Picture	20	677187	0	1	4144	3	0	4000	other	0
1032	23	Pulse	5	683827	6640	2
1032	24	Picture	20	695258	0	1	4144	2	0	4000	other	0
1032	24	Pulse	5	703827	8569	2
1032	25	Picture	20	713328	0	2	4145	3	0	4000	other	0
1032	25	Pulse	5	723817	10489	2
1032	26	Picture	21	731399	0	1	4145	2	0	4000	hit	53
1032	26	Response	1	734697	3298	1
1032	26	Pulse	5	743817	12418	1
1032	27	Picture	20	749470	0	1	4145	2	0	4000	other	0
1032	27	Pulse	5	763816	14346	2
1032	28	Picture	20	767541	0	1	4144	3	0	4000	other	0
1032	28	Pulse	5	783806	16265	1
1032	29	Picture	20	785612	0	1	4144	2	0	4000	other	0
1032	30	Picture	20	803682	0	2	4145	3	0	4000	other	0
1032	30	Pulse	5	803805	123	2
1032	31	Picture	20	821753	0	1	4145	2	0	4000	other	0
1032	31	Pulse	5	823805	2052	2
1032	32	Picture	21	839824	0	1	4145	2	0	4000	hit	66
1032	32	Pulse	5	843794	3970	3
1032	32	Response	1	844594	4770	3
1032	33	Picture	20	857895	0	1	4144	3	0	4000	other	0
1032	33	Pulse	5	863794	5899	3
1032	34	Picture	20	875966	0	1	4144	2	0	4000	other	0
1032	34	Pulse	5	883794	7828	2
1032	35	Picture	21	894036	0	2	4145	3	0	4000	hit	72
1032	35	Response	1	897073	3037	3
1032	35	Pulse	5	903783	9747	2
1032	36	Pulse	5	923783	11676	2
1032	37	Picture	10	937141	0	1	4145	2	0	4000	other	0
1032	37	Pulse	5	943783	6642	1
1032	38	Picture	10	955212	0	1	4144	3	0	4000	other	0
1032	38	Pulse	5	963772	8560	3
1032	39	Picture	11	973283	0	1	4144	2	0	4000	hit	80
1032	39	Response	1	976892	3609	2
1032	39	Pulse	5	983772	10489	2
1032	40	Picture	10	991353	0	2	4145	3	0	4000	other	0
1032	40	Pulse	5	1003771	12418	3
1032	41	Picture	11	1009424	0	1	4145	2	0	4000	hit	85
1032	41	Response	1	1013532	4108	1
1032	41	Pulse	5	1023761	14337	3
1032	42	Picture	10	1027495	0	1	4145	2	0	4000	other	0
1032	42	Pulse	5	1043761	16266	2
1032	43	Picture	10	1045566	0	1	4144	3	0	4000	other	0
1032	44	Picture	10	1063637	0	1	4144	3	0	4000	other	0
1032	44	Pulse	5	1063760	123	2
1032	45	Picture	11	1081707	0	2	4145	3	0	4000	hit	94
1032	45	Pulse	5	1083749	2042	4
1032	45	Response	1	1084870	3163	2
1032	46	Picture	10	1099778	0	1	4145	2	0	4000	other	0
1032	46	Pulse	5	1103750	3972	2
1032	47	Picture	10	1117849	0	1	4145	2	0	4000	other	0
1032	47	Pulse	5	1123749	5900	3
1032	48	Picture	11	1135920	0	1	4144	3	0	4000	hit	100
1032	48	Response	1	1139109	3189	2
1032	48	Pulse	5	1143739	7819	2
1032	49	Picture	10	1153991	0	1	4144	3	0	4000	other	0
1032	49	Pulse	5	1163739	9748	1
1032	50	Picture	10	1172061	0	2	4145	3	0	4000	other	0
1032	50	Pulse	5	1183738	11677	2
1032	51	Picture	10	1190132	0	1	4145	2	0	4000	other	0
1032	51	Pulse	5	1203728	13596	2
1032	52	Picture	10	1208203	0	1	4145	2	0	4000	other	0
1032	52	Pulse	5	1223727	15524	2
1032	53	Pulse	5	1243727	17453	2
1032	54	Picture	30	1251308	0	1	4144	3	0	4000	other	0
1032	54	Pulse	5	1263717	12409	1
1032	55	Picture	30	1269378	0	2	4145	3	0	4000	other	0
1032	55	Pulse	5	1283716	14338	2
1032	56	Picture	31	1287449	0	1	4145	2	0	4000	hit	116
1032	56	Response	1	1291236	3787	2
1032	56	Pulse	5	1303716	16267	2
1032	57	Picture	30	1305520	0	1	4145	2	0	4000	other	0
1032	58	Picture	30	1323591	0	1	4145	2	0	4000	other	0
1032	58	Pulse	5	1323705	114	3
1032	59	Picture	30	1341662	0	1	4144	3	0	4000	other	0
1032	59	Pulse	5	1343705	2043	2
1032	60	Picture	31	1359732	0	2	4145	3	0	4000	hit	125
1032	60	Pulse	5	1363705	3973	2
1032	60	Response	1	1365785	6053	2
1032	61	Picture	31	1377803	0	5	4145	6	0	4000	hit	127
1032	61	Response	1	1383054	5251	2
1032	61	Pulse	5	1383694	5891	2
1032	62	Picture	30	1395874	0	1	4145	2	0	4000	other	0
1032	62	Pulse	5	1403694	7820	2
1032	63	Picture	30	1413945	0	1	4144	3	0	4000	other	0
1032	63	Pulse	5	1423694	9749	1
1032	64	Picture	30	1432016	0	1	4144	3	0	4000	other	0
1032	64	Pulse	5	1443683	11667	2
1032	65	Picture	31	1450086	0	2	4145	3	0	4000	miss	0
1032	65	Pulse	5	1463683	13597	2
1032	66	Picture	30	1468157	0	1	4145	2	0	4000	other	0
1032	66	Pulse	5	1483682	15525	2
1032	67	Picture	30	1486228	0	1	4145	2	0	4000	other	0
1032	67	Pulse	5	1503672	17444	2
1032	68	Picture	30	1504299	0	1	4145	2	0	4000	other	0
1032	69	Picture	30	1522370	0	1	4144	3	0	4000	other	0
1032	69	Pulse	5	1523672	1302	2
1032	70	Pulse	5	1543671	3230	2
1032	70	Pulse	5	1563661	23220	2
1032	71	Picture	10	1565474	0	2	4145	3	0	4000	other	0
1032	72	Picture	10	1583545	0	1	4145	2	0	4000	other	0
1032	72	Pulse	5	1583661	116	1
1032	73	Picture	11	1601616	0	1	4145	2	0	4000	hit	151
1032	73	Pulse	5	1603660	2044	2
1032	73	Response	1	1604940	3324	2
1032	74	Picture	10	1619687	0	1	4144	3	0	4000	other	0
1032	74	Pulse	5	1623651	3964	1
1032	75	Picture	11	1637758	0	1	4144	2	0	4000	hit	155
1032	75	Response	1	1642050	4292	2
1032	75	Pulse	5	1643649	5891	2
1032	76	Picture	10	1655828	0	2	4145	3	0	4000	other	0
1032	76	Pulse	5	1663809	7981	2
1032	77	Picture	10	1673899	0	1	4145	2	0	4000	other	0
1032	77	Pulse	5	1683799	9900	2
1032	78	Picture	11	1691970	0	1	4145	2	0	4000	hit	162
1032	78	Response	1	1695479	3509	1
1032	78	Pulse	5	1703798	11828	2
1032	79	Picture	10	1710041	0	1	4145	2	0	4000	other	0
1032	79	Pulse	5	1723798	13757	2
1032	80	Picture	10	1728112	0	1	4144	3	0	4000	other	0
1032	80	Pulse	5	1743788	15676	1
1032	81	Picture	10	1746182	0	2	4145	3	0	4000	other	0
1032	81	Pulse	5	1763787	17605	2
1032	82	Picture	10	1764253	0	1	4145	2	0	4000	other	0
1032	83	Picture	10	1782324	0	1	4145	2	0	4000	other	0
1032	83	Pulse	5	1783787	1463	2
1032	84	Picture	11	1800395	0	1	4145	2	0	4000	hit	175
1032	84	Pulse	5	1803776	3381	3
1032	84	Response	1	1804096	3701	3
1032	85	Picture	10	1818466	0	1	4144	3	0	4000	other	0
1032	85	Pulse	5	1823776	5310	2
1032	86	Picture	10	1836536	0	2	4145	3	0	4000	other	0
1032	86	Pulse	5	1843776	7240	2
1032	87	Pulse	5	1863766	9159	1
1032	88	Picture	20	1879641	0	1	4145	2	0	4000	other	0
1032	88	Pulse	5	1883765	4124	2
1032	89	Picture	20	1897712	0	1	4145	2	0	4000	other	0
1032	89	Pulse	5	1903765	6053	1
1032	90	Picture	20	1915783	0	1	4144	3	0	4000	other	0
1032	90	Pulse	5	1923754	7971	2
1032	91	Picture	21	1933854	0	1	4144	2	0	4000	hit	188
1032	91	Response	1	1936874	3020	2
1032	91	Pulse	5	1943754	9900	2
1032	92	Picture	20	1951924	0	2	4145	3	0	4000	other	0
1032	92	Pulse	5	1963753	11829	2
1032	93	Picture	20	1969995	0	1	4145	2	0	4000	other	0
1032	93	Pulse	5	1983743	13748	2
1032	94	Picture	21	1988066	0	1	4145	2	0	4000	hit	195
1032	94	Response	1	1991263	3197	2
1032	94	Pulse	5	2003743	15677	2
1032	95	Picture	20	2006137	0	1	4145	2	0	4000	other	0
1032	95	Pulse	5	2023742	17605	2
1032	96	Picture	20	2024208	0	1	4144	2	0	4000	other	0
1032	97	Picture	20	2042278	0	2	4145	3	0	4000	other	0
1032	97	Pulse	5	2043732	1454	2
1032	98	Picture	21	2060349	0	1	4145	2	0	4000	hit	203
1032	98	Response	1	2063732	3383	5
1032	98	Pulse	5	2063732	3383	5
1032	99	Picture	20	2078420	0	1	4145	2	0	4000	other	0
1032	99	Pulse	5	2083731	5311	5
1032	100	Picture	20	2096491	0	3	4144	5	0	4000	other	0
1032	100	Pulse	5	2103721	7230	2
1032	101	Picture	21	2114562	0	1	4144	2	0	4000	hit	210
1032	101	Response	1	2122440	7878	2
1032	101	Pulse	5	2123720	9158	5
1032	102	Picture	20	2132632	0	2	4145	3	0	4000	other	0
1032	102	Pulse	5	2143720	11088	4
1032	103	Picture	20	2150703	0	1	4145	2	0	4000	other	0
1032	103	Pulse	5	2163710	13007	2
1032	104	Pulse	5	2183709	14935	5
1032	105	Picture	10	2193808	0	1	4145	2	0	4000	other	0
1032	105	Pulse	5	2203709	9901	5
1032	106	Picture	10	2211879	0	1	4144	3	0	4000	other	0
1032	106	Pulse	5	2223699	11820	1
1032	107	Picture	11	2229949	0	2	4145	3	0	4000	hit	222
1032	107	Response	1	2233618	3669	2
1032	107	Pulse	5	2243698	13749	2
1032	108	Picture	10	2248020	0	2	4145	3	0	4000	other	0
1032	108	Pulse	5	2263698	15678	2
1032	109	Picture	11	2266091	0	1	4145	2	0	4000	hit	227
1032	109	Response	1	2270098	4007	2
1032	109	Pulse	5	2283687	17596	3
1032	110	Picture	10	2284162	0	1	4145	2	0	4000	other	0
1032	111	Picture	10	2302233	0	1	4144	3	0	4000	other	0
1032	111	Pulse	5	2303687	1454	2
1032	112	Picture	11	2320304	0	1	4144	2	0	4000	hit	234
1032	112	Pulse	5	2323687	3383	2
1032	112	Response	1	2324007	3703	2
1032	113	Picture	10	2338374	0	1	4145	2	0	4000	other	0
1032	113	Pulse	5	2343676	5302	2
1032	114	Picture	10	2356445	0	1	4145	2	0	4000	other	0
1032	114	Pulse	5	2363676	7231	2
1032	115	Picture	10	2374516	0	2	4145	3	0	4000	other	0
1032	115	Pulse	5	2383676	9160	1
1032	116	Picture	10	2392587	0	1	4144	3	0	4000	false_alarm	242
1032	116	Response	1	2395995	3408	2
1032	116	Pulse	5	2403665	11078	2
1032	117	Picture	10	2410658	0	1	4144	2	0	4000	other	0
1032	117	Pulse	5	2423665	13007	2
1032	118	Picture	11	2428728	0	2	4145	3	0	4000	hit	247
1032	118	Response	1	2432785	4057	2
1032	118	Pulse	5	2443664	14936	2
1032	119	Picture	10	2446799	0	1	4145	2	0	4000	other	0
1032	119	Pulse	5	2463654	16855	2
1032	120	Picture	10	2464870	0	1	4145	2	0	4000	other	0
1032	121	Pulse	5	2483654	713	2
1032	121	Pulse	5	2503653	20712	2
1032	122	Picture	30	2507975	0	1	4144	3	0	4000	other	0
1032	122	Pulse	5	2523643	15668	2
1032	123	Picture	30	2526046	0	1	4144	2	0	4000	other	0
1032	123	Pulse	5	2543643	17597	1
1032	124	Picture	30	2544116	0	1	4145	2	0	4000	other	0
1032	125	Picture	31	2562187	0	1	4145	2	0	4000	hit	261
1032	125	Pulse	5	2563642	1455	2
1032	125	Response	1	2566042	3855	2
1032	126	Picture	31	2580258	0	1	4145	2	0	4000	hit	264
1032	126	Pulse	5	2583632	3374	2
1032	126	Response	1	2583952	3694	2
1032	127	Picture	30	2598329	0	1	4144	3	0	4000	other	0
1032	127	Pulse	5	2603631	5302	2
1032	128	Picture	30	2616399	0	2	4145	3	0	4000	other	0
1032	128	Pulse	5	2623631	7232	2
1032	129	Picture	30	2634470	0	2	4145	3	0	4000	other	0
1032	129	Pulse	5	2643621	9151	1
1032	130	Picture	31	2652540	0	2	4146	3	0	4000	hit	272
1032	130	Response	1	2658020	5480	2
1032	130	Pulse	5	2663620	11080	2
1032	131	Picture	30	2670612	0	1	4145	2	0	4000	other	0
1032	131	Pulse	5	2683620	13008	2
1032	132	Picture	30	2688683	0	1	4144	3	0	4000	other	0
1032	132	Pulse	5	2703610	14927	1
1032	133	Picture	30	2706754	0	1	4144	3	0	4000	other	0
1032	133	Pulse	5	2723769	17015	2
1032	134	Picture	30	2724824	0	2	4145	3	0	4000	other	0
1032	135	Picture	31	2742895	0	1	4145	2	0	4000	hit	283
1032	135	Pulse	5	2743769	874	2
1032	135	Response	1	2748089	5194	1
1032	136	Picture	30	2760966	0	1	4145	2	0	4000	other	0
1032	136	Pulse	5	2763758	2792	3
1032	137	Picture	30	2779037	0	1	4144	3	0	4000	false_alarm	288
1032	137	Pulse	5	2783758	4721	2
1032	137	Response	1	2785678	6641	2
