Scenario - 1-back
Logfile written - 04/16/2015 18:42:43

Subject	Trial	Event Type	Code	Time	TTime	Uncertainty	Duration	Uncertainty	ReqTime	ReqDur	Stim Type	Pair Index

1035	1	Pulse	5	840545	850367	2
1035	2	Pulse	5	860535	19901	2
1035	3	Picture	10	865699	0	1	4089	2	0	4000	other	0
1035	3	Pulse	5	880534	14835	2
1035	4	Picture	10	883832	0	1	4089	2	0	4000	other	0
1035	4	Pulse	5	900534	16702	1
1035	5	Picture	11	901965	0	1	4088	3	0	4000	miss	0
1035	6	Picture	10	920097	0	1	4089	2	0	4000	other	0
1035	6	Pulse	5	920523	426	2
1035	7	Picture	11	938230	0	1	4089	2	0	4000	miss	0
1035	7	Pulse	5	940522	2292	2
1035	8	Picture	10	956362	0	2	4089	3	0	4000	other	0
1035	8	Pulse	5	960522	4160	2
1035	9	Picture	10	974495	0	1	4089	2	0	4000	other	0
1035	9	Pulse	5	980511	6016	2
1035	10	Picture	10	992628	0	1	4089	2	0	4000	other	0
1035	10	Pulse	5	1000511	7883	2
1035	11	Picture	11	1010760	0	2	4089	3	0	4000	miss	0
1035	11	Pulse	5	1020510	9750	2
1035	12	Picture	10	1028893	0	1	4089	2	0	4000	other	0
1035	12	Pulse	5	1040500	11607	1
1035	13	Picture	10	1047026	0	1	4088	3	0	4000	other	0
1035	13	Pulse	5	1060499	13473	2
1035	14	Picture	11	1065158	0	2	4089	3	0	4000	miss	0
1035	14	Pulse	5	1080498	15340	2
1035	15	Picture	10	1083291	0	1	4089	2	0	4000	other	0
1035	15	Pulse	5	1100488	17197	2
1035	16	Picture	10	1101424	0	1	4088	3	0	4000	other	0
1035	17	Picture	10	1119556	0	1	4089	2	0	4000	other	0
1035	17	Pulse	5	1120487	931	2
1035	18	Picture	10	1137689	0	1	4089	2	0	4000	other	0
1035	18	Pulse	5	1140487	2798	2
1035	19	Pulse	5	1160476	4654	2
1035	19	Pulse	5	1180476	24654	2
1035	20	Picture	30	1180887	0	1	4089	2	0	4000	other	0
1035	21	Picture	30	1199020	0	1	4089	2	0	4000	other	0
1035	21	Pulse	5	1200466	1446	2
1035	22	Picture	31	1217153	0	1	4088	3	0	4000	miss	0
1035	22	Pulse	5	1220465	3312	1
1035	23	Picture	30	1235285	0	1	4089	3	0	4000	other	0
1035	23	Pulse	5	1240464	5179	2
1035	24	Picture	30	1253418	0	1	4089	2	0	4000	other	0
1035	24	Pulse	5	1260465	7047	1
1035	25	Picture	30	1271551	0	1	4088	2	0	4000	other	0
1035	25	Pulse	5	1280454	8903	1
1035	26	Picture	31	1289683	0	1	4089	2	0	4000	miss	0
1035	26	Pulse	5	1300454	10771	1
1035	27	Picture	31	1307816	0	1	4089	2	0	4000	miss	0
1035	27	Pulse	5	1320452	12636	2
1035	28	Picture	30	1325948	0	2	4089	3	0	4000	other	0
1035	28	Pulse	5	1340441	14493	2
1035	29	Picture	30	1344081	0	1	4089	2	0	4000	other	0
1035	29	Pulse	5	1360441	16360	1
1035	30	Picture	30	1362214	0	1	4088	3	0	4000	other	0
1035	31	Picture	31	1380346	0	2	4089	3	0	4000	miss	0
1035	31	Pulse	5	1380440	94	2
1035	32	Picture	30	1398479	0	1	4089	2	0	4000	other	0
1035	32	Pulse	5	1400429	1950	2
1035	33	Picture	30	1416612	0	1	4089	2	0	4000	other	0
1035	33	Pulse	5	1420429	3817	2
1035	34	Picture	30	1434744	0	2	4089	3	0	4000	other	0
1035	34	Pulse	5	1440428	5684	2
1035	35	Picture	30	1452877	0	1	4089	2	0	4000	other	0
1035	35	Pulse	5	1460418	7541	2
1035	36	Pulse	5	1480417	9407	2
1035	37	Picture	10	1496075	0	2	4089	3	0	4000	other	0
1035	37	Pulse	5	1500417	4342	1
1035	38	Picture	10	1514208	0	1	4089	2	0	4000	other	0
1035	38	Pulse	5	1520406	6198	2
1035	39	Picture	11	1532341	0	1	4088	3	0	4000	miss	0
1035	39	Pulse	5	1540406	8065	1
1035	40	Picture	10	1550473	0	2	4089	3	0	4000	other	0
1035	40	Pulse	5	1560405	9932	2
1035	41	Picture	11	1568606	0	1	4089	2	0	4000	miss	0
1035	41	Pulse	5	1580394	11788	2
1035	42	Picture	10	1586739	0	1	4088	3	0	4000	other	0
1035	42	Pulse	5	1600394	13655	2
1035	43	Picture	10	1604871	0	1	4089	2	0	4000	other	0
1035	43	Pulse	5	1620393	15522	2
1035	44	Picture	10	1623004	0	1	4089	2	0	4000	other	0
1035	44	Pulse	5	1640381	17377	4
1035	45	Picture	11	1641137	0	1	4088	3	0	4000	miss	0
1035	46	Picture	10	1659269	0	1	4089	2	0	4000	other	0
1035	46	Pulse	5	1660380	1111	5
1035	47	Picture	10	1677402	0	1	4088	3	0	4000	other	0
1035	47	Pulse	5	1680380	2978	4
1035	48	Picture	11	1695535	0	1	4088	2	0	4000	miss	0
1035	48	Pulse	5	1700371	4836	2
1035	49	Picture	10	1713667	0	1	4089	2	0	4000	other	0
1035	49	Pulse	5	1720370	6703	2
1035	50	Picture	10	1731800	0	1	4089	2	0	4000	other	0
1035	50	Pulse	5	1740530	8730	2
1035	51	Picture	10	1749932	0	2	4089	3	0	4000	other	0
1035	51	Pulse	5	1760519	10587	2
1035	52	Picture	10	1768065	0	1	4089	2	0	4000	other	0
1035	52	Pulse	5	1780519	12454	2
1035	53	Pulse	5	1800518	14320	2
1035	54	Picture	20	1811263	0	2	4089	3	0	4000	other	0
1035	54	Pulse	5	1820508	9245	1
1035	55	Picture	20	1829396	0	1	4089	2	0	4000	other	0
1035	55	Pulse	5	1840508	11112	1
1035	56	Picture	21	1847529	0	1	4088	3	0	4000	miss	0
1035	56	Pulse	5	1860507	12978	1
1035	57	Picture	20	1865661	0	2	4089	3	0	4000	other	0
1035	57	Pulse	5	1880496	14835	2
1035	58	Picture	20	1883794	0	1	4089	2	0	4000	other	0
1035	58	Pulse	5	1900495	16701	2
1035	59	Picture	20	1901927	0	1	4088	3	0	4000	other	0
1035	60	Picture	21	1920059	0	1	4089	2	0	4000	miss	0
1035	60	Pulse	5	1920495	436	2
1035	61	Picture	20	1938192	0	1	4089	2	0	4000	other	0
1035	61	Pulse	5	1940484	2292	2
1035	62	Picture	20	1956325	0	1	4088	2	0	4000	other	0
1035	62	Pulse	5	1960484	4159	2
1035	63	Picture	20	1974457	0	1	4089	2	0	4000	other	0
1035	63	Pulse	5	1980483	6026	2
1035	64	Picture	20	1992590	0	1	4089	2	0	4000	other	0
1035	64	Pulse	5	2000473	7883	1
1035	65	Picture	20	2010722	0	2	4089	3	0	4000	other	0
1035	65	Pulse	5	2020472	9750	2
1035	66	Picture	21	2028855	0	1	4089	2	0	4000	miss	0
1035	66	Pulse	5	2040471	11616	2
1035	67	Picture	20	2046988	0	1	4089	2	0	4000	other	0
1035	67	Pulse	5	2060461	13473	2
1035	68	Picture	20	2065120	0	2	4089	3	0	4000	other	0
1035	68	Pulse	5	2080460	15340	2
1035	69	Picture	21	2083253	0	1	4089	2	0	4000	miss	0
1035	69	Pulse	5	2100460	17207	2
1035	70	Pulse	5	2120449	19063	2
1035	71	Picture	10	2126451	0	2	4089	3	0	4000	other	0
1035	71	Pulse	5	2140449	13998	1
1035	72	Picture	10	2144584	0	1	4089	2	0	4000	other	0
1035	72	Pulse	5	2160448	15864	2
1035	73	Picture	11	2162717	0	1	4088	3	0	4000	miss	0
1035	73	Pulse	5	2180437	17720	2
1035	74	Picture	10	2180849	0	2	4089	3	0	4000	other	0
1035	75	Picture	11	2198982	0	1	4089	2	0	4000	miss	0
1035	75	Pulse	5	2200437	1455	2
1035	76	Picture	10	2217115	0	1	4088	3	0	4000	other	0
1035	76	Pulse	5	2220428	3313	1
1035	77	Picture	10	2235247	0	2	4089	4	0	4000	other	0
1035	77	Pulse	5	2240426	5179	2
1035	78	Picture	11	2253380	0	1	4089	2	0	4000	miss	0
1035	78	Pulse	5	2260425	7045	2
1035	79	Picture	10	2271513	0	1	4088	2	0	4000	other	0
1035	79	Pulse	5	2280426	8913	1
1035	80	Picture	10	2289645	0	1	4089	2	0	4000	other	0
1035	80	Pulse	5	2300415	10770	2
1035	81	Picture	10	2307778	0	1	4089	2	0	4000	other	0
1035	81	Pulse	5	2320415	12637	1
1035	82	Picture	10	2325911	0	1	4088	2	0	4000	other	0
1035	82	Pulse	5	2340413	14502	2
1035	83	Picture	10	2344043	0	1	4089	2	0	4000	other	0
1035	83	Pulse	5	2360402	16359	2
1035	84	Picture	11	2362176	0	1	4089	2	0	4000	miss	0
1035	85	Picture	10	2380309	0	1	4088	2	0	4000	other	0
1035	85	Pulse	5	2380402	93	2
1035	86	Picture	10	2398441	0	1	4089	2	0	4000	other	0
1035	86	Pulse	5	2400401	1960	2
1035	87	Pulse	5	2420391	3817	2
1035	87	Pulse	5	2440390	23816	2
1035	88	Picture	30	2441639	0	2	4089	3	0	4000	other	0
1035	89	Picture	30	2459772	0	1	4089	2	0	4000	other	0
1035	89	Pulse	5	2460390	618	1
1035	90	Picture	30	2477905	0	1	4088	3	0	4000	other	0
1035	90	Pulse	5	2480379	2474	2
1035	91	Picture	31	2496037	0	2	4089	3	0	4000	miss	0
1035	91	Pulse	5	2500378	4341	2
1035	92	Picture	31	2514170	0	1	4089	2	0	4000	miss	0
1035	92	Pulse	5	2520378	6208	2
1035	93	Picture	30	2532303	0	1	4088	3	0	4000	other	0
1035	93	Pulse	5	2540367	8064	2
1035	94	Picture	30	2550435	0	2	4089	3	0	4000	other	0
1035	94	Pulse	5	2560367	9932	2
1035	95	Picture	30	2568568	0	1	4089	2	0	4000	other	0
1035	95	Pulse	5	2580366	11798	2
1035	96	Picture	31	2586701	0	1	4088	3	0	4000	miss	0
1035	96	Pulse	5	2600356	13655	1
1035	97	Picture	30	2604833	0	2	4089	3	0	4000	other	0
1035	97	Pulse	5	2620355	15522	2
1035	98	Picture	30	2622966	0	1	4089	2	0	4000	other	0
1035	98	Pulse	5	2640355	17389	1
1035	99	Picture	30	2641099	0	1	4088	3	0	4000	other	0
1035	100	Picture	30	2659231	0	1	4089	2	0	4000	other	0
1035	100	Pulse	5	2660344	1113	2
1035	101	Picture	31	2677364	0	1	4089	2	0	4000	miss	0
1035	101	Pulse	5	2680343	2979	2
1035	102	Picture	30	2695496	0	2	4089	3	0	4000	other	0
1035	102	Pulse	5	2700343	4847	2
1035	103	Picture	30	2713629	0	1	4089	2	0	4000	other	0
1035	103	Pulse	5	2720332	6703	2
1035	104	Pulse	5	2740332	8570	2
1035	105	Picture	10	2756828	0	1	4088	3	0	4000	other	0
1035	105	Pulse	5	2760331	3503	2
1035	106	Picture	10	2774960	0	1	4089	2	0	4000	other	0
1035	106	Pulse	5	2780481	5521	1
1035	107	Picture	11	2793093	0	1	4089	2	0	4000	miss	0
1035	107	Pulse	5	2800480	7387	2
1035	108	Picture	10	2811225	0	2	4089	3	0	4000	other	0
1035	108	Pulse	5	2820479	9254	2
1035	109	Picture	11	2829358	0	1	4089	2	0	4000	miss	0
1035	109	Pulse	5	2840469	11111	2
1035	110	Picture	10	2847491	0	1	4089	2	0	4000	other	0
1035	110	Pulse	5	2860468	12977	2
1035	111	Picture	10	2865623	0	2	4089	3	0	4000	other	0
1035	111	Pulse	5	2880468	14845	2
1035	112	Picture	11	2883756	0	1	4089	2	0	4000	miss	0
1035	112	Pulse	5	2900457	16701	2
1035	113	Picture	10	2901889	0	1	4088	3	0	4000	other	0
1035	114	Picture	10	2920021	0	2	4089	3	0	4000	other	0
1035	114	Pulse	5	2920457	436	1
1035	115	Picture	10	2938154	0	1	4089	2	0	4000	other	0
1035	115	Pulse	5	2940456	2302	2
1035	116	Picture	10	2956287	0	1	4088	2	0	4000	other	0
1035	116	Pulse	5	2960446	4159	1
1035	117	Picture	10	2974419	0	2	4089	3	0	4000	other	0
1035	117	Pulse	5	2980445	6026	2
1035	118	Picture	11	2992552	0	1	4089	2	0	4000	miss	0
1035	118	Pulse	5	3000444	7892	2
1035	119	Picture	10	3010685	0	1	4088	2	0	4000	other	0
1035	119	Pulse	5	3020434	9749	2
1035	120	Picture	10	3028817	0	1	4089	2	0	4000	other	0
1035	120	Pulse	5	3040433	11616	2
1035	121	Pulse	5	3060433	13483	2
1035	122	Picture	20	3072016	0	1	4088	2	0	4000	other	0
1035	122	Pulse	5	3080422	8406	2
1035	123	Picture	20	3090148	0	1	4089	2	0	4000	other	0
1035	123	Pulse	5	3100422	10274	1
1035	124	Picture	20	3108281	0	1	4088	3	0	4000	other	0
1035	124	Pulse	5	3120421	12140	2
1035	125	Picture	21	3126413	0	2	4089	3	0	4000	miss	0
1035	125	Pulse	5	3140410	13997	2
1035	126	Picture	20	3144546	0	1	4089	2	0	4000	other	0
1035	126	Pulse	5	3160410	15864	2
1035	127	Picture	20	3162679	0	1	4088	3	0	4000	other	0
1035	127	Pulse	5	3180409	17730	2
1035	128	Picture	21	3180811	0	2	4089	3	0	4000	miss	0
1035	129	Picture	20	3198944	0	1	4089	2	0	4000	other	0
1035	129	Pulse	5	3200399	1455	2
1035	130	Picture	20	3217077	0	1	4088	3	0	4000	other	0
1035	130	Pulse	5	3220398	3321	2
1035	131	Picture	20	3235209	0	2	4089	3	0	4000	other	0
1035	131	Pulse	5	3240398	5189	1
1035	132	Picture	21	3253342	0	1	4089	2	0	4000	miss	0
1035	132	Pulse	5	3260387	7045	2
1035	133	Picture	20	3271475	0	1	4088	3	0	4000	other	0
1035	133	Pulse	5	3280386	8911	2
1035	134	Picture	20	3289607	0	2	4089	3	0	4000	other	0
1035	134	Pulse	5	3300377	10770	1
1035	135	Picture	21	3307740	0	1	4089	2	0	4000	miss	0
1035	135	Pulse	5	3320535	12795	2
1035	136	Picture	20	3325873	0	1	4088	2	0	4000	other	0
1035	136	Pulse	5	3340375	14502	2
1035	137	Picture	20	3344005	0	1	4089	2	0	4000	other	0
