Scenario - 1-back
Logfile written - 04/16/2015 17:43:38

Subject	Trial	Event Type	Code	Time	TTime	Uncertainty	Duration	Uncertainty	ReqTime	ReqDur	Stim Type	Pair Index

1035	1	Response	1	787603	797425	2
1035	1	Response	1	792563	802385	1
1035	1	Pulse	5	1046755	1056577	2
1035	2	Pulse	5	1066745	19897	2
1035	3	Picture	10	1071913	0	2	4089	3	0	4000	other	0
1035	3	Pulse	5	1086744	14831	2
1035	4	Picture	10	1090046	0	1	4089	2	0	4000	other	0
1035	4	Pulse	5	1106744	16698	2
1035	5	Picture	11	1108179	0	1	4088	3	0	4000	miss	0
1035	6	Picture	10	1126311	0	2	4089	3	0	4000	other	0
1035	6	Pulse	5	1126733	422	2
1035	7	Picture	11	1144444	0	1	4089	2	0	4000	miss	0
1035	7	Pulse	5	1146733	2289	2
1035	8	Picture	10	1162577	0	1	4088	3	0	4000	other	0
1035	8	Pulse	5	1166732	4155	2
1035	9	Picture	10	1180709	0	1	4089	2	0	4000	other	0
1035	9	Pulse	5	1186721	6012	2
1035	10	Picture	10	1198842	0	1	4089	2	0	4000	other	0
1035	10	Pulse	5	1206722	7880	1
1035	11	Picture	11	1216974	0	2	4089	3	0	4000	miss	0
1035	11	Pulse	5	1226720	9746	2
1035	12	Picture	10	1235107	0	1	4089	2	0	4000	other	0
1035	12	Pulse	5	1246710	11603	2
1035	13	Picture	10	1253240	0	1	4088	3	0	4000	other	0
1035	13	Pulse	5	1266709	13469	2
1035	14	Picture	11	1271372	0	2	4089	3	0	4000	miss	0
1035	14	Pulse	5	1286709	15337	2
1035	15	Picture	10	1289505	0	1	4089	2	0	4000	other	0
1035	15	Pulse	5	1306698	17193	2
1035	16	Picture	10	1307638	0	1	4088	3	0	4000	other	0
1035	17	Picture	10	1325770	0	2	4089	3	0	4000	other	0
1035	17	Pulse	5	1326698	928	1
1035	18	Picture	10	1343903	0	1	4089	2	0	4000	other	0
1035	18	Pulse	5	1346697	2794	2
1035	19	Pulse	5	1366686	4650	2
1035	19	Pulse	5	1386686	24650	2
1035	20	Picture	20	1387101	0	2	4089	3	0	4000	other	0
1035	21	Picture	20	1405234	0	1	4089	2	0	4000	other	0
1035	21	Pulse	5	1406685	1451	2
1035	22	Picture	21	1423367	0	1	4088	3	0	4000	miss	0
1035	22	Pulse	5	1426675	3308	2
1035	23	Picture	20	1441499	0	2	4089	3	0	4000	other	0
1035	23	Pulse	5	1446674	5175	2
1035	24	Picture	20	1459632	0	1	4089	2	0	4000	other	0
1035	24	Pulse	5	1466674	7042	1
1035	25	Picture	20	1477765	0	1	4088	3	0	4000	other	0
1035	25	Pulse	5	1486663	8898	2
1035	26	Picture	21	1495897	0	1	4089	2	0	4000	miss	0
1035	26	Pulse	5	1506662	10765	2
1035	27	Picture	20	1514030	0	1	5089	2	0	4000	other	0
1035	27	Quit		1516093	2063
