Scenario - 1-back
Logfile written - 04/16/2015 17:48:37

Subject	Trial	Event Type	Code	Time	TTime	Uncertainty	Duration	Uncertainty	ReqTime	ReqDur	Stim Type	Pair Index

1035	1	Response	1	87414	97236	2
1035	1	Pulse	5	286098	295920	2
1035	2	Pulse	5	306098	19932	1
1035	3	Picture	10	311231	0	2	4089	3	0	4000	other	0
1035	3	Pulse	5	326087	14856	2
1035	4	Picture	10	329364	0	1	4089	2	0	4000	other	0
1035	4	Pulse	5	346087	16723	2
1035	5	Picture	11	347496	0	2	4089	4	0	4000	miss	0
1035	6	Picture	10	365629	0	2	4089	3	0	4000	other	0
1035	6	Pulse	5	366086	457	2
1035	7	Picture	11	383762	0	1	4089	2	0	4000	hit	13
1035	7	Pulse	5	386076	2314	1
1035	7	Response	1	387675	3913	2
1035	8	Picture	10	401895	0	1	4088	3	0	4000	other	0
1035	8	Pulse	5	406075	4180	2
1035	9	Picture	10	420027	0	2	4089	3	0	4000	other	0
1035	9	Pulse	5	426074	6047	2
1035	10	Picture	10	438160	0	1	4089	2	0	4000	other	0
1035	10	Pulse	5	446064	7904	2
1035	11	Picture	11	456292	0	2	4089	3	0	4000	hit	21
1035	11	Response	1	460143	3851	2
1035	11	Pulse	5	466063	9771	2
1035	12	Picture	10	474425	0	1	4089	2	0	4000	other	0
1035	12	Pulse	5	486063	11638	1
1035	13	Picture	10	492558	0	1	4089	2	0	4000	other	0
1035	13	Pulse	5	506054	13496	1
1035	14	Picture	11	510690	0	2	4089	3	0	4000	hit	28
1035	14	Response	1	514692	4002	2
1035	14	Pulse	5	526053	15363	1
1035	15	Picture	10	528823	0	1	4089	2	0	4000	other	0
1035	15	Pulse	5	546052	17229	1
1035	16	Picture	10	546956	0	1	4088	3	0	4000	other	0
1035	17	Picture	10	565088	0	2	4089	3	0	4000	other	0
1035	17	Pulse	5	566042	954	1
1035	18	Picture	10	583221	0	1	4089	2	0	4000	other	0
1035	18	Pulse	5	586040	2819	2
1035	19	Pulse	5	606039	4685	2
1035	19	Pulse	5	626029	24675	1
1035	20	Picture	20	626419	0	2	4089	3	0	4000	other	0
1035	21	Picture	20	644552	0	1	4089	2	0	4000	other	0
1035	21	Pulse	5	646028	1476	2
1035	22	Picture	21	662685	0	1	4088	3	0	4000	hit	44
1035	22	Pulse	5	666028	3343	1
1035	22	Response	1	668267	5582	2
1035	23	Picture	20	680817	0	2	4089	3	0	4000	other	0
1035	23	Pulse	5	686017	5200	2
1035	24	Picture	20	698950	0	1	4089	2	0	4000	other	0
1035	24	Pulse	5	706016	7066	2
1035	25	Picture	20	717083	0	1	4088	3	0	4000	other	0
1035	25	Pulse	5	726016	8933	2
1035	26	Picture	21	735215	0	1	4089	2	0	4000	hit	52
1035	26	Response	1	738645	3430	2
1035	26	Pulse	5	746005	10790	2
1035	27	Picture	20	753348	0	1	4089	2	0	4000	other	0
1035	27	Pulse	5	766005	12657	1
1035	28	Picture	20	771481	0	1	4088	2	0	4000	other	0
1035	28	Pulse	5	786004	14523	2
1035	29	Picture	20	789613	0	1	4089	2	0	4000	other	0
1035	29	Pulse	5	805994	16381	1
1035	30	Picture	20	807746	0	1	4089	2	0	4000	other	0
1035	31	Picture	20	825878	0	2	4089	3	0	4000	other	0
1035	31	Pulse	5	825994	116	1
1035	32	Picture	21	844011	0	1	4089	2	0	4000	hit	65
1035	32	Pulse	5	845992	1981	2
1035	32	Response	1	849512	5501	2
1035	33	Picture	20	862144	0	1	4089	2	0	4000	other	0
1035	33	Pulse	5	865983	3839	1
1035	34	Picture	20	880276	0	2	4089	3	0	4000	other	0
1035	34	Pulse	5	885981	5705	2
1035	35	Picture	21	898409	0	1	4089	2	0	4000	hit	71
1035	35	Response	1	901821	3412	2
1035	35	Pulse	5	905981	7572	2
1035	36	Pulse	5	925970	9428	2
1035	37	Picture	10	941607	0	2	4089	3	0	4000	other	0
1035	37	Pulse	5	945970	4363	1
1035	38	Picture	10	959740	0	1	4088	3	0	4000	other	0
1035	38	Pulse	5	965969	6229	2
1035	39	Picture	11	977873	0	1	4088	3	0	4000	hit	79
1035	39	Response	1	981799	3926	1
1035	39	Pulse	5	985958	8085	2
1035	40	Picture	10	996005	0	2	4089	3	0	4000	other	0
1035	40	Pulse	5	1005958	9953	2
1035	41	Picture	11	1014138	0	1	4089	3	0	4000	hit	84
1035	41	Response	1	1018278	4140	1
1035	41	Pulse	5	1025957	11819	2
1035	42	Picture	10	1032271	0	1	4088	3	0	4000	other	0
1035	42	Pulse	5	1045947	13676	2
1035	43	Picture	10	1050403	0	1	4089	2	0	4000	other	0
1035	43	Pulse	5	1065946	15543	2
1035	44	Picture	10	1068536	0	1	4089	2	0	4000	other	0
1035	44	Pulse	5	1085946	17410	1
1035	45	Picture	11	1086669	0	1	4088	2	0	4000	hit	93
1035	45	Response	1	1090106	3437	1
1035	46	Picture	10	1104801	0	1	4089	2	0	4000	other	0
1035	46	Pulse	5	1105935	1134	2
1035	47	Picture	10	1122934	0	1	4089	2	0	4000	other	0
1035	47	Pulse	5	1125935	3001	1
1035	48	Picture	11	1141066	0	2	4089	3	0	4000	miss	0
1035	48	Pulse	5	1145934	4868	2
1035	49	Picture	10	1159199	0	1	4089	2	0	4000	other	0
1035	49	Pulse	5	1165923	6724	2
1035	50	Picture	10	1177332	0	1	4089	2	0	4000	other	0
1035	50	Pulse	5	1185923	8591	2
1035	51	Picture	10	1195464	0	2	4089	3	0	4000	other	0
1035	51	Pulse	5	1205922	10458	3
1035	52	Picture	10	1213597	0	1	4089	2	0	4000	other	0
1035	52	Pulse	5	1225912	12315	2
1035	53	Pulse	5	1246071	14341	2
1035	54	Picture	30	1256795	0	2	4089	3	0	4000	other	0
1035	54	Pulse	5	1266071	9276	1
1035	55	Picture	30	1274928	0	1	4089	2	0	4000	other	0
1035	55	Pulse	5	1286058	11130	4
1035	56	Picture	31	1293061	0	1	4088	3	0	4000	hit	114
1035	56	Response	1	1297900	4839	2
1035	56	Pulse	5	1306059	12998	2
1035	57	Picture	30	1311193	0	2	4089	3	0	4000	other	0
1035	57	Pulse	5	1326057	14864	4
1035	58	Picture	30	1329326	0	1	4089	2	0	4000	other	0
1035	58	Pulse	5	1346048	16722	2
1035	59	Picture	30	1347458	0	2	4089	4	0	4000	other	0
1035	60	Picture	31	1365591	0	2	4089	3	0	4000	hit	123
1035	60	Pulse	5	1366048	457	2
1035	60	Response	1	1369088	3497	2
1035	61	Picture	31	1383724	0	1	4089	2	0	4000	miss	0
1035	61	Pulse	5	1386047	2323	2
1035	62	Picture	30	1401857	0	1	4088	2	0	4000	other	0
1035	62	Pulse	5	1406037	4180	1
1035	63	Picture	30	1419989	0	1	4089	2	0	4000	other	0
1035	63	Pulse	5	1426036	6047	2
1035	64	Picture	30	1438122	0	1	4089	2	0	4000	other	0
1035	64	Pulse	5	1446036	7914	1
1035	65	Picture	31	1456255	0	1	4088	2	0	4000	hit	133
1035	65	Response	1	1461225	4970	2
1035	65	Pulse	5	1466025	9770	2
1035	66	Picture	30	1474387	0	1	4089	2	0	4000	other	0
1035	66	Pulse	5	1486024	11637	2
1035	67	Picture	30	1492520	0	1	4089	2	0	4000	other	0
1035	67	Pulse	5	1506025	13505	1
1035	68	Picture	30	1510652	0	2	4089	3	0	4000	other	0
1035	68	Pulse	5	1526015	15363	1
1035	69	Picture	30	1528785	0	1	4089	2	0	4000	other	0
1035	69	Pulse	5	1546014	17229	1
1035	70	Pulse	5	1566013	19095	2
1035	71	Picture	10	1571984	0	1	4088	2	0	4000	other	0
1035	71	Pulse	5	1586002	14018	1
1035	72	Picture	10	1590116	0	1	4089	2	0	4000	other	0
1035	72	Pulse	5	1606001	15885	2
1035	73	Picture	11	1608249	0	1	4088	3	0	4000	hit	149
1035	73	Response	1	1613201	4952	2
1035	73	Pulse	5	1626000	17751	2
1035	74	Picture	10	1626381	0	2	4089	3	0	4000	other	0
1035	75	Picture	11	1644514	0	1	4089	2	0	4000	miss	0
1035	75	Pulse	5	1645990	1476	2
1035	76	Picture	10	1662647	0	1	4088	3	0	4000	other	0
1035	76	Pulse	5	1665989	3342	2
1035	77	Picture	10	1680779	0	2	4089	3	0	4000	other	0
1035	77	Pulse	5	1685989	5210	2
1035	78	Picture	11	1698912	0	1	4089	2	0	4000	hit	159
1035	78	Response	1	1702938	4026	2
1035	78	Pulse	5	1705979	7067	1
1035	79	Picture	10	1717045	0	1	4088	3	0	4000	other	0
1035	79	Pulse	5	1725978	8933	1
1035	80	Picture	10	1735177	0	1	4089	2	0	4000	other	0
1035	80	Pulse	5	1745977	10800	2
1035	81	Picture	10	1753310	0	1	4089	2	0	4000	other	0
1035	81	Pulse	5	1765966	12656	2
1035	82	Picture	10	1771443	0	1	4088	2	0	4000	other	0
1035	82	Pulse	5	1785966	14523	2
1035	83	Picture	10	1789575	0	1	4089	2	0	4000	other	0
1035	83	Pulse	5	1805965	16390	2
1035	84	Picture	11	1807708	0	1	4089	2	0	4000	miss	0
1035	85	Picture	10	1825840	0	2	4089	3	0	4000	other	0
1035	85	Pulse	5	1825955	115	2
1035	86	Picture	10	1843973	0	1	4089	2	0	4000	other	0
1035	86	Pulse	5	1845954	1981	2
1035	87	Pulse	5	1865955	3849	1
1035	87	Pulse	5	1885943	23837	2
1035	88	Picture	20	1887171	0	2	4089	3	0	4000	other	0
1035	89	Picture	20	1905304	0	1	4089	2	0	4000	other	0
1035	89	Pulse	5	1905943	639	1
1035	90	Picture	20	1923437	0	1	4089	2	0	4000	other	0
1035	90	Pulse	5	1925942	2505	2
1035	91	Picture	21	1941569	0	2	4089	3	0	4000	miss	0
1035	91	Pulse	5	1945931	4362	2
1035	92	Picture	20	1959702	0	1	4089	2	0	4000	other	0
1035	92	Pulse	5	1965931	6229	2
1035	93	Picture	20	1977835	0	1	4088	3	0	4000	other	0
1035	93	Pulse	5	1985930	8095	2
1035	94	Picture	21	1995967	0	2	4089	3	0	4000	miss	0
1035	94	Pulse	5	2005920	9953	2
1035	95	Picture	20	2014100	0	1	4089	2	0	4000	other	0
1035	95	Pulse	5	2025919	11819	2
1035	96	Picture	20	2032233	0	1	4088	3	0	4000	other	0
1035	96	Pulse	5	2045919	13686	1
1035	97	Picture	20	2050365	0	1	4089	2	0	4000	other	0
1035	97	Pulse	5	2065908	15543	2
1035	98	Picture	21	2068498	0	1	4089	2	0	4000	miss	0
1035	98	Pulse	5	2085907	17409	2
1035	99	Picture	20	2086631	0	1	4088	2	0	4000	other	0
1035	100	Picture	20	2104763	0	1	4089	2	0	4000	other	0
1035	100	Pulse	5	2105907	1144	2
1035	101	Picture	21	2122896	0	1	4089	2	0	4000	miss	0
1035	101	Pulse	5	2125896	3000	2
1035	102	Picture	20	2141028	0	2	4089	4	0	4000	other	0
1035	102	Pulse	5	2145896	4868	2
1035	103	Picture	20	2159161	0	1	4089	2	0	4000	other	0
1035	103	Pulse	5	2165895	6734	2
1035	104	Pulse	5	2185885	8591	1
1035	105	Picture	10	2202360	0	1	4088	2	0	4000	other	0
1035	105	Pulse	5	2205882	3522	4
1035	106	Picture	10	2220492	0	1	4089	2	0	4000	other	0
1035	106	Pulse	5	2225884	5392	1
1035	107	Picture	11	2238625	0	1	4089	2	0	4000	miss	0
1035	107	Pulse	5	2245873	7248	2
1035	108	Picture	10	2256758	0	1	4088	2	0	4000	other	0
1035	108	Pulse	5	2265872	9114	2
1035	109	Picture	11	2274890	0	1	4089	2	0	4000	miss	0
1035	109	Pulse	5	2285872	10982	2
1035	110	Picture	10	2293023	0	1	4089	2	0	4000	other	0
1035	110	Pulse	5	2306021	12998	2
1035	111	Picture	10	2311155	0	2	4089	3	0	4000	other	0
1035	111	Pulse	5	2326021	14866	2
1035	112	Picture	11	2329288	0	1	4089	2	0	4000	miss	0
1035	112	Pulse	5	2346020	16732	2
1035	113	Picture	10	2347420	0	2	4089	4	0	4000	other	0
1035	114	Picture	10	2365553	0	2	4089	3	0	4000	other	0
1035	114	Pulse	5	2366010	457	1
1035	115	Picture	10	2383686	0	1	4088	3	0	4000	other	0
1035	115	Pulse	5	2386009	2323	2
1035	116	Picture	10	2401818	0	2	4089	4	0	4000	other	0
1035	116	Pulse	5	2406008	4190	2
1035	117	Picture	10	2419951	0	2	4089	3	0	4000	other	0
1035	117	Pulse	5	2425998	6047	2
1035	118	Picture	11	2438084	0	1	4089	2	0	4000	miss	0
1035	118	Pulse	5	2445997	7913	2
1035	119	Picture	10	2456217	0	1	4088	3	0	4000	other	0
1035	119	Pulse	5	2465997	9780	2
1035	120	Picture	10	2474349	0	2	4089	3	0	4000	other	0
1035	120	Pulse	5	2485986	11637	2
1035	121	Pulse	5	2505986	13504	1
1035	122	Picture	30	2517548	0	1	4088	3	0	4000	other	0
1035	122	Pulse	5	2525985	8437	2
1035	123	Picture	30	2535680	0	1	4089	2	0	4000	other	0
1035	123	Pulse	5	2545974	10294	2
1035	124	Picture	30	2553813	0	1	4089	2	0	4000	other	0
1035	124	Pulse	5	2565974	12161	2
1035	125	Picture	31	2571946	0	1	4088	2	0	4000	miss	0
1035	125	Pulse	5	2585973	14027	2
1035	126	Picture	31	2590078	0	1	4089	2	0	4000	miss	0
1035	126	Pulse	5	2605964	15886	1
1035	127	Picture	30	2608211	0	1	4089	2	0	4000	other	0
1035	127	Pulse	5	2625964	17753	1
1035	128	Picture	30	2626343	0	2	4089	3	0	4000	other	0
1035	129	Picture	30	2644476	0	1	4089	2	0	4000	other	0
1035	129	Pulse	5	2645963	1487	1
1035	130	Picture	31	2662609	0	1	4089	2	0	4000	miss	0
1035	130	Pulse	5	2665951	3342	2
1035	131	Picture	30	2680741	0	2	4089	3	0	4000	other	0
1035	131	Pulse	5	2685951	5210	1
1035	132	Picture	30	2698874	0	1	4089	2	0	4000	other	0
1035	132	Pulse	5	2705950	7076	2
1035	133	Picture	30	2717007	0	1	4088	3	0	4000	other	0
1035	133	Pulse	5	2725939	8932	2
1035	134	Picture	30	2735139	0	2	4089	3	0	4000	other	0
1035	134	Pulse	5	2745939	10800	2
1035	135	Picture	31	2753272	0	1	4089	2	0	4000	miss	0
1035	135	Pulse	5	2765938	12666	2
1035	136	Picture	30	2771405	0	1	4088	3	0	4000	other	0
1035	136	Pulse	5	2785928	14523	2
1035	137	Picture	30	2789537	0	2	4089	3	0	4000	other	0
