Scenario - 1-back
Logfile written - 04/16/2015 18:01:54

Subject	Trial	Event Type	Code	Time	TTime	Uncertainty	Duration	Uncertainty	ReqTime	ReqDur	Stim Type	Pair Index

1035	1	Pulse	5	94411	104233	2
1035	2	Pulse	5	114401	19873	1
1035	3	Picture	10	119594	0	1	4089	2	0	4000	other	0
1035	3	Pulse	5	134400	14806	2
1035	4	Picture	10	137727	0	1	4088	3	0	4000	other	0
1035	4	Pulse	5	154399	16672	2
1035	5	Picture	11	155859	0	2	4089	3	0	4000	hit	8
1035	5	Response	1	159039	3180	2
1035	6	Picture	10	173992	0	1	4089	2	0	4000	other	0
1035	6	Pulse	5	174389	397	2
1035	7	Picture	11	192125	0	1	4088	3	0	4000	miss	0
1035	7	Pulse	5	194388	2263	2
1035	8	Picture	10	210257	0	1	4089	3	0	4000	other	0
1035	8	Pulse	5	214388	4131	2
1035	9	Picture	10	228390	0	1	4089	2	0	4000	other	0
1035	9	Pulse	5	234377	5987	2
1035	10	Picture	10	246522	0	2	4089	3	0	4000	other	0
1035	10	Pulse	5	254377	7855	1
1035	11	Picture	11	264655	0	1	4089	2	0	4000	miss	0
1035	11	Pulse	5	274376	9721	2
1035	12	Picture	10	282788	0	1	4088	3	0	4000	other	0
1035	12	Pulse	5	294367	11579	1
1035	13	Picture	10	300920	0	2	4089	3	0	4000	other	0
1035	13	Pulse	5	314366	13446	1
1035	14	Picture	11	319053	0	1	4089	2	0	4000	miss	0
1035	14	Pulse	5	334366	15313	1
1035	15	Picture	10	337186	0	1	4088	3	0	4000	other	0
1035	15	Pulse	5	354355	17169	1
1035	16	Picture	10	355318	0	1	4089	2	0	4000	other	0
1035	17	Picture	10	373451	0	1	4089	2	0	4000	other	0
1035	17	Pulse	5	374353	902	2
1035	18	Picture	10	391583	0	2	4089	3	0	4000	other	0
1035	18	Pulse	5	394353	2770	1
1035	19	Pulse	5	414342	4626	2
1035	19	Pulse	5	434342	24626	1
1035	20	Picture	30	434782	0	1	4089	2	0	4000	other	0
1035	21	Picture	30	452914	0	2	4089	3	0	4000	other	0
1035	21	Pulse	5	454341	1427	2
1035	22	Picture	31	471047	0	1	4089	2	0	4000	hit	41
1035	22	Pulse	5	474330	3283	2
1035	22	Response	1	474810	3763	2
1035	23	Picture	30	489180	0	1	4088	3	0	4000	other	0
1035	23	Pulse	5	494330	5150	2
1035	24	Picture	30	507312	0	2	4089	3	0	4000	other	0
1035	24	Pulse	5	514489	7177	2
1035	25	Picture	30	525445	0	1	4089	2	0	4000	other	0
1035	25	Pulse	5	534479	9034	2
1035	26	Picture	31	543578	0	1	4088	2	0	4000	hit	49
1035	26	Response	1	548078	4500	2
1035	26	Pulse	5	554478	10900	2
1035	27	Picture	31	561710	0	1	4089	2	0	4000	miss	0
1035	27	Pulse	5	574478	12768	1
1035	28	Picture	30	579843	0	1	4089	2	0	4000	other	0
1035	28	Pulse	5	594467	14624	2
1035	29	Picture	30	597975	0	2	4089	3	0	4000	other	0
1035	29	Pulse	5	614466	16491	2
1035	30	Picture	30	616108	0	1	4089	2	0	4000	other	0
1035	31	Picture	31	634241	0	1	4088	3	0	4000	miss	0
1035	31	Pulse	5	634466	225	2
1035	32	Picture	30	652373	0	2	4089	3	0	4000	other	0
1035	32	Pulse	5	654455	2082	2
1035	33	Picture	30	670506	0	1	4089	2	0	4000	other	0
1035	33	Pulse	5	674455	3949	2
1035	34	Picture	30	688639	0	1	4088	2	0	4000	other	0
1035	34	Pulse	5	694454	5815	2
1035	35	Picture	30	706771	0	1	4089	2	0	4000	other	0
1035	35	Pulse	5	714444	7673	1
1035	36	Pulse	5	734443	9540	2
1035	37	Picture	10	749970	0	1	4088	2	0	4000	other	0
1035	37	Pulse	5	754442	4472	2
1035	38	Picture	10	768102	0	2	4089	3	0	4000	other	0
1035	38	Pulse	5	774432	6330	2
1035	39	Picture	11	786235	0	1	4088	3	0	4000	miss	0
1035	39	Pulse	5	794431	8196	2
1035	40	Picture	10	804367	0	2	4089	3	0	4000	other	0
1035	40	Pulse	5	814431	10064	2
1035	41	Picture	11	822500	0	1	4089	2	0	4000	miss	0
1035	41	Pulse	5	834420	11920	2
1035	42	Picture	10	840633	0	1	4088	3	0	4000	other	0
1035	42	Pulse	5	854421	13788	1
1035	43	Picture	10	858765	0	2	4089	3	0	4000	other	0
1035	43	Pulse	5	874419	15654	2
1035	44	Picture	10	876898	0	1	4089	2	0	4000	other	0
1035	44	Pulse	5	894409	17511	1
1035	45	Picture	11	895030	0	2	4089	3	0	4000	miss	0
1035	46	Picture	10	913163	0	1	4089	2	0	4000	other	0
1035	46	Pulse	5	914408	1245	2
1035	47	Picture	10	931296	0	1	4088	3	0	4000	other	0
1035	47	Pulse	5	934407	3111	2
1035	48	Picture	11	949428	0	2	4089	3	0	4000	miss	0
1035	48	Pulse	5	954397	4969	2
1035	49	Picture	10	967561	0	1	4089	2	0	4000	other	0
1035	49	Pulse	5	974396	6835	2
1035	50	Picture	10	985694	0	1	4088	3	0	4000	other	0
1035	50	Pulse	5	994396	8702	2
1035	51	Picture	10	1003826	0	2	4089	3	0	4000	other	0
1035	51	Pulse	5	1014385	10559	2
1035	52	Picture	10	1021959	0	1	4089	2	0	4000	other	0
1035	52	Pulse	5	1034385	12426	1
1035	53	Pulse	5	1054384	14292	2
1035	54	Picture	20	1065157	0	1	4089	2	0	4000	other	0
1035	54	Pulse	5	1074373	9216	2
1035	55	Picture	20	1083290	0	1	4089	2	0	4000	other	0
1035	55	Pulse	5	1094373	11083	2
1035	56	Picture	21	1101423	0	1	4088	2	0	4000	miss	0
1035	56	Pulse	5	1114372	12949	2
1035	57	Picture	20	1119555	0	1	4089	2	0	4000	other	0
1035	57	Pulse	5	1134362	14807	2
1035	58	Picture	20	1137688	0	1	4089	2	0	4000	other	0
1035	58	Pulse	5	1154361	16673	2
1035	59	Picture	20	1155820	0	2	4089	3	0	4000	other	0
1035	60	Picture	21	1173953	0	1	4089	2	0	4000	miss	0
1035	60	Pulse	5	1174361	408	2
1035	61	Picture	20	1192086	0	1	4088	3	0	4000	other	0
1035	61	Pulse	5	1194350	2264	2
1035	62	Picture	20	1210218	0	2	4089	3	0	4000	other	0
1035	62	Pulse	5	1214350	4132	1
1035	63	Picture	20	1228351	0	1	4089	2	0	4000	other	0
1035	63	Pulse	5	1234349	5998	2
1035	64	Picture	20	1246484	0	1	4088	2	0	4000	other	0
1035	64	Pulse	5	1254338	7854	2
1035	65	Picture	20	1264616	0	1	4089	2	0	4000	other	0
1035	65	Pulse	5	1274338	9722	2
1035	66	Picture	21	1282749	0	1	4089	2	0	4000	miss	0
1035	66	Pulse	5	1294337	11588	2
1035	67	Picture	20	1300881	0	2	4089	3	0	4000	other	0
1035	67	Pulse	5	1314327	13446	2
1035	68	Picture	20	1319014	0	1	4089	2	0	4000	other	0
1035	68	Pulse	5	1334326	15312	2
1035	69	Picture	21	1337147	0	1	4088	3	0	4000	miss	0
1035	69	Pulse	5	1354326	17179	2
1035	70	Pulse	5	1374316	19037	1
1035	71	Picture	10	1380345	0	1	4089	2	0	4000	other	0
1035	71	Pulse	5	1394316	13971	1
1035	72	Picture	10	1398478	0	1	4088	3	0	4000	other	0
1035	72	Pulse	5	1414315	15837	1
1035	73	Picture	11	1416610	0	1	4089	2	0	4000	miss	0
1035	73	Pulse	5	1434305	17695	1
1035	74	Picture	10	1434743	0	1	4089	2	0	4000	other	0
1035	75	Picture	11	1452876	0	1	4088	3	0	4000	miss	0
1035	75	Pulse	5	1454303	1427	2
1035	76	Picture	10	1471008	0	1	4089	2	0	4000	other	0
1035	76	Pulse	5	1474302	3294	2
1035	77	Picture	10	1489141	0	1	4089	2	0	4000	other	0
1035	77	Pulse	5	1494292	5151	1
1035	78	Picture	11	1507274	0	1	4088	2	0	4000	miss	0
1035	78	Pulse	5	1514291	7017	2
1035	79	Picture	10	1525406	0	1	4089	2	0	4000	other	0
1035	79	Pulse	5	1534290	8884	2
1035	80	Picture	10	1543539	0	1	4088	3	0	4000	other	0
1035	80	Pulse	5	1554440	10901	2
1035	81	Picture	10	1561671	0	2	4089	4	0	4000	other	0
1035	81	Pulse	5	1574439	12768	2
1035	82	Picture	10	1579804	0	1	4089	2	0	4000	other	0
1035	82	Pulse	5	1594439	14635	2
1035	83	Picture	10	1597937	0	1	4088	3	0	4000	other	0
1035	83	Pulse	5	1614428	16491	2
1035	84	Picture	11	1616069	0	1	4089	2	0	4000	miss	0
1035	85	Picture	10	1634202	0	1	4089	2	0	4000	other	0
1035	85	Pulse	5	1634428	226	2
1035	86	Picture	10	1652334	0	2	4089	3	0	4000	other	0
1035	86	Pulse	5	1654427	2093	2
1035	87	Pulse	5	1674417	3950	1
1035	87	Pulse	5	1694416	23949	2
1035	88	Picture	30	1695533	0	1	4089	2	0	4000	other	0
1035	89	Picture	30	1713665	0	2	4089	3	0	4000	other	0
1035	89	Pulse	5	1714415	750	2
1035	90	Picture	30	1731798	0	1	4089	2	0	4000	other	0
1035	90	Pulse	5	1734405	2607	2
1035	91	Picture	31	1749931	0	1	4089	2	0	4000	miss	0
1035	91	Pulse	5	1754404	4473	2
1035	92	Picture	31	1768063	0	2	4089	3	0	4000	hit	173
1035	92	Response	1	1774404	6341	2
1035	92	Response	1	1774404	6341	2
1035	92	Pulse	5	1774404	6341	2
1035	93	Picture	30	1786196	0	1	4089	2	0	4000	other	0
1035	93	Pulse	5	1794393	8197	2
1035	94	Picture	30	1804329	0	1	4088	3	0	4000	other	0
1035	94	Pulse	5	1814393	10064	1
1035	95	Picture	30	1822461	0	2	4089	3	0	4000	other	0
1035	95	Pulse	5	1834392	11931	2
1035	96	Picture	31	1840594	0	1	4089	2	0	4000	miss	0
1035	96	Pulse	5	1854381	13787	2
1035	97	Picture	30	1858727	0	1	4088	3	0	4000	other	0
1035	97	Pulse	5	1874381	15654	2
1035	98	Picture	30	1876859	0	1	4089	2	0	4000	other	0
1035	98	Pulse	5	1894380	17521	2
1035	99	Picture	30	1894992	0	1	4089	2	0	4000	other	0
1035	100	Picture	30	1913124	0	2	4089	3	0	4000	other	0
1035	100	Pulse	5	1914370	1246	2
1035	101	Picture	31	1931257	0	1	4089	2	0	4000	miss	0
1035	101	Pulse	5	1934369	3112	2
1035	102	Picture	30	1949390	0	1	4088	3	0	4000	other	0
1035	102	Pulse	5	1954369	4979	1
1035	103	Picture	30	1967522	0	2	4089	3	0	4000	other	0
1035	103	Pulse	5	1974358	6836	2
1035	104	Pulse	5	1994358	8703	1
1035	105	Picture	10	2010721	0	1	4088	3	0	4000	other	0
1035	105	Pulse	5	2014357	3636	2
1035	106	Picture	10	2028853	0	2	4089	3	0	4000	other	0
1035	106	Pulse	5	2034346	5493	2
1035	107	Picture	11	2046986	0	2	4089	3	0	4000	miss	0
1035	107	Pulse	5	2054346	7360	2
1035	108	Picture	10	2065119	0	1	4088	3	0	4000	other	0
1035	108	Pulse	5	2074345	9226	2
1035	109	Picture	11	2083251	0	1	4089	2	0	4000	miss	0
1035	109	Pulse	5	2094335	11084	2
1035	110	Picture	10	2101384	0	1	4089	2	0	4000	other	0
1035	110	Pulse	5	2114334	12950	2
1035	111	Picture	10	2119517	0	1	4088	2	0	4000	other	0
1035	111	Pulse	5	2134334	14817	1
1035	112	Picture	11	2137649	0	1	4089	2	0	4000	miss	0
1035	112	Pulse	5	2154323	16674	2
1035	113	Picture	10	2155782	0	1	4089	2	0	4000	other	0
1035	114	Picture	10	2173914	0	2	4089	3	0	4000	other	0
1035	114	Pulse	5	2174322	408	2
1035	115	Picture	10	2192047	0	1	4089	2	0	4000	other	0
1035	115	Pulse	5	2194322	2275	2
1035	116	Picture	10	2210180	0	1	4088	3	0	4000	other	0
1035	116	Pulse	5	2214311	4131	2
1035	117	Picture	10	2228312	0	2	4089	3	0	4000	other	0
1035	117	Pulse	5	2234311	5999	2
1035	118	Picture	11	2246445	0	1	4089	2	0	4000	miss	0
1035	118	Pulse	5	2254310	7865	2
1035	119	Picture	10	2264578	0	1	4088	3	0	4000	other	0
1035	119	Pulse	5	2274300	9722	1
1035	120	Picture	10	2282710	0	1	4089	2	0	4000	other	0
1035	120	Pulse	5	2294299	11589	2
1035	121	Pulse	5	2314298	13455	2
1035	122	Picture	20	2325909	0	1	4088	3	0	4000	other	0
1035	122	Pulse	5	2334288	8379	2
1035	123	Picture	20	2344041	0	2	4089	3	0	4000	other	0
1035	123	Pulse	5	2354287	10246	2
1035	124	Picture	20	2362174	0	1	4089	2	0	4000	other	0
1035	124	Pulse	5	2374287	12113	2
1035	125	Picture	21	2380307	0	1	4088	2	0	4000	miss	0
1035	125	Pulse	5	2394278	13971	1
1035	126	Picture	20	2398439	0	1	4089	2	0	4000	other	0
1035	126	Pulse	5	2414277	15838	1
1035	127	Picture	20	2416572	0	1	4088	3	0	4000	other	0
1035	127	Pulse	5	2434276	17704	2
1035	128	Picture	21	2434704	0	2	4089	3	0	4000	miss	0
1035	129	Picture	20	2452837	0	1	4089	2	0	4000	other	0
1035	129	Pulse	5	2454265	1428	1
1035	130	Picture	20	2470970	0	1	4088	3	0	4000	other	0
1035	130	Pulse	5	2474264	3294	2
1035	131	Picture	20	2489102	0	2	4089	3	0	4000	other	0
1035	131	Pulse	5	2494263	5161	2
1035	132	Picture	21	2507235	0	1	4089	2	0	4000	miss	0
1035	132	Pulse	5	2514253	7018	2
1035	133	Picture	20	2525368	0	1	4088	3	0	4000	other	0
1035	133	Pulse	5	2534252	8884	2
1035	134	Picture	20	2543500	0	1	4089	2	0	4000	other	0
1035	134	Pulse	5	2554252	10752	2
1035	135	Picture	21	2561633	0	1	4089	2	0	4000	miss	0
1035	135	Pulse	5	2574241	12608	2
1035	136	Picture	20	2579766	0	1	4088	2	0	4000	other	0
1035	136	Pulse	5	2594401	14635	1
1035	137	Picture	20	2597898	0	1	4089	2	0	4000	other	0
