Scenario - 1-back
Logfile written - 03/13/2015 15:55:46

Subject	Trial	Event Type	Code	Time	TTime	Uncertainty	Duration	Uncertainty	ReqTime	ReqDur	Stim Type	Pair Index

1038	1	Pulse	5	260850	270684	2
1038	2	Pulse	5	280850	19954	2
1038	3	Picture	10	285929	0	2	4145	3	0	4000	other	0
1038	3	Pulse	5	300839	14910	2
1038	4	Picture	10	304000	0	1	4145	2	0	4000	other	0
1038	4	Pulse	5	320839	16839	2
1038	5	Picture	11	322071	0	1	4145	2	0	4000	hit	8
1038	5	Response	1	326919	4848	2
1038	6	Picture	10	340142	0	1	4145	2	0	4000	other	0
1038	6	Pulse	5	340839	697	2
1038	7	Picture	11	358213	0	1	4144	3	0	4000	hit	13
1038	7	Pulse	5	360988	2775	2
1038	7	Response	1	362748	4535	2
1038	8	Picture	10	376283	0	2	4145	3	0	4000	other	0
1038	8	Pulse	5	380988	4705	2
1038	9	Picture	10	394354	0	1	4145	2	0	4000	other	0
1038	9	Pulse	5	400988	6634	1
1038	10	Picture	10	412425	0	1	4145	2	0	4000	other	0
1038	10	Pulse	5	420977	8552	2
1038	11	Picture	11	430496	0	1	4145	2	0	4000	hit	21
1038	11	Response	1	435057	4561	2
1038	11	Pulse	5	440977	10481	2
1038	12	Picture	10	448567	0	1	4144	3	0	4000	other	0
1038	12	Pulse	5	460976	12409	2
1038	13	Picture	10	466638	0	1	4144	2	0	4000	other	0
1038	13	Pulse	5	480966	14328	2
1038	14	Picture	11	484708	0	2	4145	3	0	4000	hit	28
1038	14	Response	1	489286	4578	2
1038	14	Pulse	5	500966	16258	2
1038	15	Picture	10	502779	0	1	4145	2	0	4000	other	0
1038	16	Picture	10	520850	0	1	4145	2	0	4000	other	0
1038	16	Pulse	5	520965	115	2
1038	17	Picture	10	538921	0	1	4145	2	0	4000	other	0
1038	17	Pulse	5	540955	2034	2
1038	18	Picture	10	556992	0	1	4144	3	0	4000	other	0
1038	18	Pulse	5	560955	3963	1
1038	19	Pulse	5	580954	5892	2
1038	20	Picture	30	600096	0	2	4145	3	0	4000	other	0
1038	20	Pulse	5	600944	848	2
1038	21	Picture	30	618167	0	1	4145	2	0	4000	other	0
1038	21	Pulse	5	620943	2776	2
1038	22	Picture	31	636238	0	1	4144	3	0	4000	hit	43
1038	22	Response	1	640143	3905	2
1038	22	Pulse	5	640943	4705	2
1038	23	Picture	30	654309	0	1	4144	3	0	4000	other	0
1038	23	Pulse	5	660933	6624	1
1038	24	Picture	30	672380	0	1	4144	2	0	4000	other	0
1038	24	Pulse	5	680932	8552	2
1038	25	Picture	30	690450	0	2	4145	3	0	4000	other	0
1038	25	Pulse	5	700932	10482	2
1038	26	Picture	31	708521	0	2	4145	3	0	4000	hit	52
1038	26	Response	1	712122	3601	2
1038	26	Pulse	5	720921	12400	3
1038	27	Picture	31	726592	0	1	4145	2	0	4000	miss	0
1038	27	Pulse	5	740921	14329	2
1038	28	Picture	30	744663	0	1	4145	2	0	4000	other	0
1038	28	Pulse	5	760921	16258	2
1038	29	Picture	30	762734	0	1	4144	3	0	4000	other	0
1038	30	Picture	30	780805	0	1	4144	2	0	4000	other	0
1038	30	Pulse	5	780910	105	2
1038	31	Picture	31	798875	0	2	4145	3	0	4000	hit	63
1038	31	Pulse	5	800910	2035	2
1038	31	Response	1	804750	5875	2
1038	32	Picture	30	816946	0	1	4145	2	0	4000	other	0
1038	32	Pulse	5	820910	3964	1
1038	33	Picture	30	835017	0	1	4145	2	0	4000	other	0
1038	33	Pulse	5	840899	5882	2
1038	34	Picture	30	853088	0	1	4145	2	0	4000	other	0
1038	34	Pulse	5	860899	7811	2
1038	35	Picture	30	871155	0	6	4148	8	0	4000	other	0
1038	35	Pulse	5	880899	9744	1
1038	36	Pulse	5	900888	11658	2
1038	37	Picture	10	914263	0	2	4145	3	0	4000	other	0
1038	37	Pulse	5	920888	6625	2
1038	38	Picture	10	932334	0	1	4145	2	0	4000	other	0
1038	38	Pulse	5	940887	8553	2
1038	39	Picture	11	950405	0	1	4145	2	0	4000	hit	78
1038	39	Response	1	954797	4392	2
1038	39	Pulse	5	960877	10472	2
1038	40	Picture	10	968476	0	1	4145	2	0	4000	other	0
1038	40	Pulse	5	980877	12401	1
1038	41	Picture	11	986547	0	1	4144	2	0	4000	hit	83
1038	41	Response	1	992236	5689	2
1038	41	Pulse	5	1000876	14329	2
1038	42	Picture	10	1004617	0	2	4145	3	0	4000	other	0
1038	42	Pulse	5	1020866	16249	2
1038	43	Picture	10	1022688	0	2	4145	3	0	4000	other	0
1038	44	Picture	10	1040759	0	1	4145	2	0	4000	other	0
1038	44	Pulse	5	1040865	106	2
1038	45	Picture	11	1058830	0	1	4145	2	0	4000	hit	92
1038	45	Pulse	5	1060865	2035	2
1038	45	Response	1	1063105	4275	2
1038	46	Picture	10	1076901	0	1	4144	3	0	4000	other	0
1038	46	Pulse	5	1080855	3954	2
1038	47	Picture	10	1094972	0	1	4144	2	0	4000	other	0
1038	47	Pulse	5	1100854	5882	2
1038	48	Picture	11	1113042	0	2	4145	3	0	4000	hit	98
1038	48	Response	1	1117334	4292	2
1038	48	Pulse	5	1120854	7812	2
1038	49	Picture	10	1131113	0	1	4145	2	0	4000	other	0
1038	49	Pulse	5	1140844	9731	1
1038	50	Picture	10	1149184	0	1	4145	2	0	4000	other	0
1038	50	Pulse	5	1160843	11659	2
1038	51	Picture	10	1167255	0	1	4144	3	0	4000	other	0
1038	51	Pulse	5	1180843	13588	2
1038	52	Picture	10	1185326	0	1	4144	2	0	4000	other	0
1038	52	Pulse	5	1200832	15506	3
1038	53	Pulse	5	1220832	17436	3
1038	54	Picture	20	1228430	0	2	4145	3	0	4000	other	0
1038	54	Pulse	5	1240832	12402	2
1038	55	Picture	20	1246501	0	1	4145	2	0	4000	other	0
1038	55	Pulse	5	1260821	14320	2
1038	56	Picture	21	1264572	0	1	4145	2	0	4000	hit	114
1038	56	Response	1	1268981	4409	2
1038	56	Pulse	5	1280821	16249	2
1038	57	Picture	20	1282643	0	1	4144	3	0	4000	other	0
1038	58	Picture	20	1300714	0	1	4144	2	0	4000	other	0
1038	58	Pulse	5	1300821	107	1
1038	59	Picture	20	1318784	0	2	4145	3	0	4000	other	0
1038	59	Pulse	5	1320810	2026	2
1038	60	Picture	21	1336855	0	1	4145	2	0	4000	hit	122
1038	60	Response	1	1340810	3955	2
1038	60	Pulse	5	1340810	3955	2
1038	61	Picture	20	1354926	0	1	4145	2	0	4000	other	0
1038	61	Pulse	5	1360810	5884	1
1038	62	Picture	20	1372997	0	1	4144	3	0	4000	other	0
1038	62	Pulse	5	1380799	7802	2
1038	63	Picture	20	1391068	0	1	4144	3	0	4000	other	0
1038	63	Pulse	5	1400959	9891	2
1038	64	Picture	20	1409138	0	2	4145	3	0	4000	other	0
1038	64	Pulse	5	1420958	11820	2
1038	65	Picture	20	1427375	0	1	4145	2	0	4000	other	0
1038	65	Pulse	5	1440948	13573	2
1038	66	Picture	21	1445446	0	1	4145	2	0	4000	hit	135
1038	66	Response	1	1451828	6382	2
1038	66	Pulse	5	1460948	15502	1
1038	67	Picture	20	1463517	0	1	4144	3	0	4000	other	0
1038	67	Pulse	5	1480947	17430	2
1038	68	Picture	20	1481587	0	2	4145	3	0	4000	other	0
1038	69	Picture	21	1499658	0	2	4145	3	0	4000	hit	142
1038	69	Pulse	5	1500937	1279	2
1038	69	Response	1	1504457	4799	2
1038	70	Pulse	5	1520936	3207	2
1038	70	Pulse	5	1540936	23207	2
1038	71	Picture	10	1542763	0	1	4145	2	0	4000	other	0
1038	72	Picture	10	1560834	0	1	4145	2	0	4000	other	0
1038	72	Pulse	5	1560926	92	2
1038	73	Picture	11	1578905	0	1	4144	3	0	4000	hit	150
1038	73	Pulse	5	1580925	2020	2
1038	73	Response	1	1583485	4580	2
1038	74	Picture	10	1596975	0	2	4145	3	0	4000	other	0
1038	74	Pulse	5	1600925	3950	2
1038	75	Picture	11	1615046	0	2	4145	3	0	4000	hit	154
1038	75	Response	1	1619635	4589	1
1038	75	Pulse	5	1620915	5869	1
1038	76	Picture	10	1633117	0	1	4145	2	0	4000	other	0
1038	76	Pulse	5	1640914	7797	2
1038	77	Picture	10	1651188	0	1	4145	2	0	4000	other	0
1038	77	Pulse	5	1660914	9726	2
1038	78	Picture	11	1669259	0	1	4144	3	0	4000	hit	161
1038	78	Response	1	1672904	3645	2
1038	78	Pulse	5	1680903	11644	3
1038	79	Picture	10	1687330	0	1	4144	3	0	4000	other	0
1038	79	Pulse	5	1700903	13573	2
1038	80	Picture	10	1705400	0	2	4145	3	0	4000	other	0
1038	80	Pulse	5	1720903	15503	2
1038	81	Picture	10	1723471	0	1	4145	2	0	4000	other	0
1038	81	Pulse	5	1740892	17421	2
1038	82	Picture	10	1741542	0	1	4145	2	0	4000	other	0
1038	83	Picture	10	1759613	0	1	4145	2	0	4000	other	0
1038	83	Pulse	5	1760892	1279	2
1038	84	Picture	11	1777684	0	1	4144	3	0	4000	hit	174
1038	84	Pulse	5	1780892	3208	2
1038	84	Response	1	1782012	4328	1
1038	85	Picture	10	1795754	0	2	4145	3	0	4000	other	0
1038	85	Pulse	5	1800881	5127	2
1038	86	Picture	10	1813825	0	1	4145	2	0	4000	other	0
1038	86	Pulse	5	1820881	7056	2
1038	87	Pulse	5	1840880	8984	2
1038	88	Picture	30	1856930	0	1	4145	2	0	4000	other	0
1038	88	Pulse	5	1860870	3940	2
1038	89	Picture	30	1875001	0	1	4145	2	0	4000	other	0
1038	89	Pulse	5	1880870	5869	2
1038	90	Picture	30	1893072	0	1	4144	3	0	4000	other	0
1038	90	Pulse	5	1900869	7797	2
1038	91	Picture	31	1911143	0	1	4144	2	0	4000	hit	187
1038	91	Response	1	1916379	5236	2
1038	91	Pulse	5	1920859	9716	2
1038	92	Picture	31	1929213	0	2	4145	3	0	4000	miss	0
1038	92	Pulse	5	1940859	11646	1
1038	93	Picture	30	1947284	0	1	4145	2	0	4000	other	0
1038	93	Pulse	5	1960858	13574	2
1038	94	Picture	30	1965355	0	1	4145	2	0	4000	other	0
1038	94	Pulse	5	1980848	15493	2
1038	95	Picture	30	1983426	0	1	4144	3	0	4000	other	0
1038	95	Pulse	5	2000847	17421	2
1038	96	Picture	31	2001497	0	1	4144	3	0	4000	hit	198
1038	96	Response	1	2005487	3990	2
1038	97	Picture	30	2019567	0	2	4145	3	0	4000	other	0
1038	97	Pulse	5	2020847	1280	2
1038	98	Picture	30	2037638	0	1	4145	2	0	4000	other	0
1038	98	Pulse	5	2040837	3199	2
1038	99	Picture	30	2055709	0	1	4145	2	0	4000	other	0
1038	99	Pulse	5	2060836	5127	2
1038	100	Picture	30	2073780	0	1	4145	2	0	4000	other	0
1038	100	Pulse	5	2080836	7056	2
1038	101	Picture	31	2091851	0	1	4144	3	0	4000	hit	208
1038	101	Response	1	2098746	6895	1
1038	101	Pulse	5	2100826	8975	1
1038	102	Picture	30	2109922	0	1	4144	2	0	4000	other	0
1038	102	Pulse	5	2120825	10903	2
1038	103	Picture	30	2127992	0	1	4145	2	0	4000	other	0
1038	103	Pulse	5	2140825	12833	2
1038	104	Pulse	5	2160814	14751	3
1038	105	Picture	10	2171097	0	2	4145	3	0	4000	other	0
1038	105	Pulse	5	2180814	9717	2
1038	106	Picture	10	2189168	0	1	4145	2	0	4000	other	0
1038	106	Pulse	5	2200814	11646	2
1038	107	Picture	11	2207239	0	1	4144	3	0	4000	hit	220
1038	107	Response	1	2212644	5405	1
1038	107	Pulse	5	2220803	13564	2
1038	108	Picture	10	2225309	0	4	4145	5	0	4000	other	0
1038	108	Pulse	5	2240803	15494	2
1038	109	Picture	11	2243380	0	2	4145	3	0	4000	hit	225
1038	109	Response	1	2248003	4623	2
1038	109	Pulse	5	2260803	17423	1
1038	110	Picture	10	2261451	0	1	4145	2	0	4000	other	0
1038	111	Picture	10	2279522	0	1	4145	2	0	4000	other	0
1038	111	Pulse	5	2280792	1270	2
1038	112	Picture	11	2297593	0	1	4144	3	0	4000	hit	232
1038	112	Pulse	5	2300792	3199	2
1038	112	Response	1	2302072	4479	2
1038	113	Picture	10	2315664	0	1	4144	2	0	4000	other	0
1038	113	Pulse	5	2320791	5127	2
1038	114	Picture	10	2333734	0	2	4145	3	0	4000	other	0
1038	114	Pulse	5	2340781	7047	2
1038	115	Picture	10	2351805	0	1	4145	2	0	4000	other	0
1038	115	Pulse	5	2360781	8976	2
1038	116	Picture	10	2369876	0	1	4145	2	0	4000	other	0
1038	116	Pulse	5	2380780	10904	2
1038	117	Picture	10	2387947	0	1	4145	2	0	4000	other	0
1038	117	Pulse	5	2400771	12824	1
1038	118	Picture	11	2406018	0	1	4144	3	0	4000	hit	244
1038	118	Response	1	2409570	3552	2
1038	118	Pulse	5	2420770	14752	1
1038	119	Picture	10	2424088	0	2	4145	3	0	4000	other	0
1038	119	Pulse	5	2440930	16842	1
1038	120	Picture	10	2442159	0	2	4145	3	0	4000	other	0
1038	121	Pulse	5	2460919	689	2
1038	121	Pulse	5	2480918	20688	2
1038	122	Picture	20	2485264	0	1	4145	2	0	4000	other	0
1038	122	Pulse	5	2500919	15655	1
1038	123	Picture	20	2503335	0	1	4144	3	0	4000	other	0
1038	123	Pulse	5	2520908	17573	1
1038	124	Picture	20	2521406	0	1	4144	3	0	4000	other	0
1038	125	Picture	21	2539477	0	1	4144	2	0	4000	hit	258
1038	125	Pulse	5	2540907	1430	2
1038	125	Response	1	2544267	4790	2
1038	126	Picture	20	2557547	0	2	4145	3	0	4000	other	0
1038	126	Pulse	5	2560907	3360	2
1038	127	Picture	20	2575618	0	1	4145	2	0	4000	other	0
1038	127	Pulse	5	2580897	5279	1
1038	128	Picture	21	2593689	0	1	4145	2	0	4000	hit	264
1038	128	Response	1	2598016	4327	2
1038	128	Pulse	5	2600896	7207	2
1038	129	Picture	20	2611760	0	1	4144	3	0	4000	other	0
1038	129	Pulse	5	2620896	9136	2
1038	130	Picture	20	2629831	0	1	4144	2	0	4000	other	0
1038	130	Pulse	5	2640885	11054	3
1038	131	Picture	20	2647901	0	2	4145	3	0	4000	other	0
1038	131	Pulse	5	2660885	12984	2
1038	132	Picture	21	2665972	0	1	4145	2	0	4000	hit	273
1038	132	Response	1	2670965	4993	2
1038	132	Pulse	5	2680885	14913	2
1038	133	Picture	20	2684043	0	1	4145	2	0	4000	other	0
1038	133	Pulse	5	2700874	16831	2
1038	134	Picture	20	2702114	0	1	4144	3	0	4000	other	0
1038	135	Picture	21	2720185	0	1	4144	3	0	4000	hit	280
1038	135	Pulse	5	2720874	689	2
1038	135	Response	1	2724714	4529	2
1038	136	Picture	20	2738255	0	2	4145	3	0	4000	other	0
1038	136	Pulse	5	2740874	2619	1
1038	137	Picture	20	2756326	0	2	4145	3	0	4000	other	0
1038	137	Pulse	5	2760863	4537	2
