Scenario - 1-back
Logfile written - 03/13/2015 15:51:06

Subject	Trial	Event Type	Code	Time	TTime	Uncertainty	Duration	Uncertainty	ReqTime	ReqDur	Stim Type	Pair Index

1038	1	Response	1	108400	118234	1
1038	1	Pulse	5	228538	238372	1
1038	2	Pulse	5	248528	19961	1
1038	3	Picture	10	253601	0	1	4145	2	0	4000	other	0
1038	3	Pulse	5	268527	14926	1
1038	4	Picture	10	271672	0	1	4144	3	0	4000	other	0
1038	4	Pulse	5	288527	16855	1
1038	5	Picture	11	289742	0	2	4145	3	0	4000	hit	9
1038	5	Response	1	293807	4065	1
1038	6	Picture	10	307813	0	1	4145	2	0	4000	other	0
1038	6	Pulse	5	308516	703	2
1038	7	Picture	11	325884	0	1	4145	2	0	4000	hit	14
1038	7	Pulse	5	328516	2632	1
1038	7	Response	1	329476	3592	1
1038	8	Picture	10	343955	0	1	4145	2	0	4000	other	0
1038	8	Pulse	5	348516	4561	1
1038	9	Picture	10	362026	0	1	4144	3	0	4000	other	0
1038	9	Pulse	5	368505	6479	2
1038	10	Picture	10	380096	0	2	4145	3	0	4000	other	0
1038	10	Pulse	5	388505	8409	1
1038	11	Picture	11	398167	0	1	4145	2	0	4000	hit	22
1038	11	Response	1	402265	4098	1
1038	11	Pulse	5	408505	10338	1
1038	12	Picture	10	416238	0	1	4145	2	0	4000	other	0
1038	12	Pulse	5	428494	12256	1
1038	13	Picture	10	434309	0	1	4144	3	0	4000	other	0
1038	13	Pulse	5	448494	14185	1
1038	14	Picture	11	452380	0	1	4144	3	0	4000	hit	29
1038	14	Response	1	457774	5394	1
1038	14	Pulse	5	468493	16113	2
1038	15	Picture	10	470450	0	2	4145	3	0	4000	other	0
1038	15	Pulse	5	488484	18034	1
1038	16	Picture	10	488521	0	1	4145	2	0	4000	other	0
1038	17	Picture	10	506592	0	1	4145	2	0	4000	other	0
1038	17	Pulse	5	508483	1891	1
1038	18	Picture	10	524663	0	1	4145	2	0	4000	other	0
1038	18	Pulse	5	528483	3820	1
1038	19	Pulse	5	548472	5738	1
1038	20	Picture	20	567768	0	1	4144	2	0	4000	other	0
1038	20	Pulse	5	568472	704	1
1038	21	Picture	20	585838	0	2	4145	3	0	4000	other	0
1038	21	Pulse	5	588471	2633	1
1038	22	Picture	21	603909	0	1	4145	2	0	4000	hit	45
1038	22	Pulse	5	608461	4552	1
1038	22	Response	1	613741	9832	1
1038	23	Picture	20	621980	0	1	4145	2	0	4000	other	0
1038	23	Pulse	5	628461	6481	1
1038	24	Picture	20	640051	0	1	4144	3	0	4000	other	0
1038	24	Pulse	5	648460	8409	1
1038	25	Picture	20	658122	0	1	4144	2	0	4000	other	0
1038	25	Pulse	5	668450	10328	1
1038	26	Picture	21	676192	0	2	4145	3	0	4000	miss	0
1038	26	Pulse	5	688450	12258	1
1038	27	Picture	20	694263	0	1	4145	2	0	4000	other	0
1038	27	Pulse	5	708449	14186	1
1038	28	Picture	20	712334	0	1	4145	2	0	4000	other	0
1038	28	Pulse	5	728437	16103	3
1038	29	Picture	20	730405	0	1	4145	2	0	4000	other	0
1038	29	Pulse	5	748438	18033	2
1038	30	Picture	20	748476	0	1	4144	2	0	4000	other	0
1038	31	Picture	20	766546	0	2	4145	3	0	4000	false_alarm	63
1038	31	Pulse	5	768436	1890	3
1038	31	Response	1	770678	4132	1
1038	32	Picture	21	784617	0	1	4145	2	0	4000	miss	0
1038	32	Pulse	5	788427	3810	2
1038	33	Picture	20	802688	0	1	4145	2	0	4000	other	0
1038	33	Pulse	5	808427	5739	4
1038	34	Picture	20	820759	0	1	4144	3	0	4000	other	0
1038	34	Pulse	5	828425	7666	5
1038	35	Picture	21	838830	0	1	4144	3	0	4000	hit	71
1038	35	Response	1	843946	5116	1
1038	35	Pulse	5	848416	9586	1
1038	36	Pulse	5	868416	11515	1
1038	37	Picture	10	881934	0	1	4145	2	0	4000	other	0
1038	37	Pulse	5	888416	6482	1
1038	38	Picture	10	900005	0	1	4145	2	0	4000	other	0
1038	38	Pulse	5	908405	8400	1
1038	39	Picture	11	918076	0	1	4145	2	0	4000	hit	79
1038	39	Response	1	921525	3449	1
1038	39	Pulse	5	928405	10329	1
1038	40	Picture	10	936147	0	1	4144	3	0	4000	other	0
1038	40	Pulse	5	948404	12257	2
1038	41	Picture	11	954218	0	1	4144	2	0	4000	hit	84
1038	41	Response	1	959124	4906	1
1038	41	Pulse	5	968395	14177	1
1038	42	Picture	10	972288	0	2	4145	3	0	4000	other	0
1038	42	Pulse	5	988394	16106	1
1038	43	Picture	10	990359	0	1	4145	2	0	4000	other	0
1038	43	Pulse	5	1008394	18035	1
1038	44	Picture	10	1008430	0	1	4145	2	0	4000	other	0
1038	45	Picture	11	1026501	0	1	4144	3	0	4000	hit	93
1038	45	Pulse	5	1028383	1882	1
1038	45	Response	1	1030463	3962	1
1038	46	Picture	10	1044572	0	1	4144	2	0	4000	other	0
1038	46	Pulse	5	1048383	3811	1
1038	47	Picture	10	1062642	0	2	4145	3	0	4000	other	0
1038	47	Pulse	5	1068542	5900	1
1038	48	Picture	11	1080713	0	1	4145	2	0	4000	hit	99
1038	48	Response	1	1085332	4619	1
1038	48	Pulse	5	1088532	7819	1
1038	49	Picture	10	1098784	0	1	4145	2	0	4000	other	0
1038	49	Pulse	5	1108531	9747	2
1038	50	Picture	10	1116854	0	2	4145	4	0	4000	other	0
1038	50	Pulse	5	1128531	11677	1
1038	51	Picture	10	1134926	0	1	4144	3	0	4000	other	0
1038	51	Pulse	5	1148521	13595	1
1038	52	Picture	10	1152996	0	2	4145	3	0	4000	other	0
1038	52	Pulse	5	1168520	15524	1
1038	53	Pulse	5	1188520	17453	1
1038	54	Picture	30	1196101	0	1	4145	2	0	4000	other	0
1038	54	Pulse	5	1208510	12409	1
1038	55	Picture	30	1214172	0	1	4145	2	0	4000	other	0
1038	55	Pulse	5	1228509	14337	2
1038	56	Picture	31	1232243	0	1	4144	3	0	4000	hit	115
1038	56	Response	1	1236989	4746	1
1038	56	Pulse	5	1248509	16266	1
1038	57	Picture	30	1250314	0	1	4144	3	0	4000	other	0
1038	58	Picture	30	1268384	0	2	4145	3	0	4000	other	0
1038	58	Pulse	5	1268498	114	2
1038	59	Picture	30	1286455	0	1	4145	2	0	4000	other	0
1038	59	Pulse	5	1288498	2043	1
1038	60	Picture	31	1304526	0	1	4145	2	0	4000	miss	0
1038	60	Pulse	5	1308498	3972	1
1038	61	Picture	31	1322597	0	1	4144	3	0	4000	miss	0
1038	61	Pulse	5	1328487	5890	1
1038	62	Picture	30	1340668	0	1	4144	2	0	4000	other	0
1038	62	Pulse	5	1348487	7819	1
1038	63	Picture	30	1358738	0	2	4145	3	0	4000	other	0
1038	63	Pulse	5	1368487	9749	1
1038	64	Picture	30	1376809	0	1	4145	2	0	4000	other	0
1038	64	Pulse	5	1388476	11667	1
1038	65	Picture	31	1394880	0	1	4144	3	0	4000	hit	133
1038	65	Response	1	1399194	4314	3
1038	65	Pulse	5	1408476	13596	1
1038	66	Picture	30	1412951	0	1	4145	2	0	4000	other	0
1038	66	Pulse	5	1428475	15524	2
1038	67	Picture	30	1431022	0	1	4144	3	0	4000	other	0
1038	67	Pulse	5	1448466	17444	1
1038	68	Picture	30	1449092	0	2	4145	3	0	4000	other	0
1038	69	Picture	30	1467163	0	1	4145	2	0	4000	other	0
1038	69	Pulse	5	1468465	1302	1
1038	70	Pulse	5	1488465	3231	1
1038	70	Pulse	5	1508454	23220	1
1038	71	Picture	10	1510268	0	1	4145	2	0	4000	other	0
1038	72	Picture	10	1528339	0	1	4144	3	0	4000	other	0
1038	72	Pulse	5	1528454	115	1
1038	73	Picture	11	1546410	0	1	4144	2	0	4000	hit	149
1038	73	Pulse	5	1548453	2043	1
1038	73	Response	1	1550693	4283	1
1038	74	Picture	10	1564480	0	2	4145	3	0	4000	other	0
1038	74	Pulse	5	1568443	3963	1
1038	75	Picture	11	1582551	0	1	4145	2	0	4000	hit	153
1038	75	Response	1	1587642	5091	1
1038	75	Pulse	5	1588443	5892	1
1038	76	Picture	10	1600622	0	1	4145	2	0	4000	other	0
1038	76	Pulse	5	1608442	7820	1
1038	77	Picture	10	1618693	0	1	4144	3	0	4000	other	0
1038	77	Pulse	5	1628432	9739	1
1038	78	Picture	11	1636764	0	1	4144	2	0	4000	hit	160
1038	78	Response	1	1641551	4787	1
1038	78	Pulse	5	1648431	11667	1
1038	79	Picture	10	1654834	0	2	4145	3	0	4000	other	0
1038	79	Pulse	5	1668431	13597	1
1038	80	Picture	10	1672905	0	1	4145	2	0	4000	other	0
1038	80	Pulse	5	1688421	15516	1
1038	81	Picture	10	1690976	0	1	4145	2	0	4000	other	0
1038	81	Pulse	5	1708420	17444	1
1038	82	Picture	10	1709047	0	1	4145	2	0	4000	other	0
1038	83	Picture	10	1727118	0	1	4144	3	0	4000	other	0
1038	83	Pulse	5	1728420	1302	1
1038	84	Picture	11	1745188	0	2	4145	3	0	4000	hit	173
1038	84	Pulse	5	1748409	3221	2
1038	84	Response	1	1749049	3861	2
1038	85	Picture	10	1763259	0	1	4145	2	0	4000	other	0
1038	85	Pulse	5	1768409	5150	1
1038	86	Picture	10	1781330	0	1	4145	2	0	4000	other	0
1038	86	Pulse	5	1788406	7076	4
1038	87	Pulse	5	1808394	8993	8
1038	88	Picture	20	1824435	0	1	4144	3	0	4000	other	0
1038	88	Pulse	5	1828394	3959	7
1038	89	Picture	20	1842506	0	1	4144	3	0	4000	other	0
1038	89	Pulse	5	1848393	5887	8
1038	90	Picture	20	1860576	0	2	4145	3	0	4000	other	0
1038	90	Pulse	5	1868387	7811	1
1038	91	Picture	21	1878647	0	1	4145	2	0	4000	hit	186
1038	91	Response	1	1883107	4460	1
1038	91	Pulse	5	1888387	9740	1
1038	92	Picture	20	1896718	0	1	4145	2	0	4000	other	0
1038	92	Pulse	5	1908386	11668	1
1038	93	Picture	20	1914789	0	1	4145	2	0	4000	other	0
1038	93	Pulse	5	1928376	13587	2
1038	94	Picture	21	1932860	0	1	4144	2	0	4000	hit	193
1038	94	Response	1	1938136	5276	1
1038	94	Pulse	5	1948376	15516	1
1038	95	Picture	20	1950930	0	2	4145	3	0	4000	other	0
1038	95	Pulse	5	1968376	17446	1
1038	96	Picture	20	1969001	0	1	4145	2	0	4000	other	0
1038	97	Picture	20	1987072	0	1	4145	2	0	4000	other	0
1038	97	Pulse	5	1988365	1293	1
1038	98	Picture	21	2005143	0	1	4145	2	0	4000	hit	202
1038	98	Pulse	5	2008364	3221	2
1038	98	Response	1	2010444	5301	2
1038	99	Picture	20	2023214	0	1	4144	3	0	4000	other	0
1038	99	Pulse	5	2028364	5150	1
1038	100	Picture	20	2041284	0	2	4145	3	0	4000	other	0
1038	100	Pulse	5	2048354	7070	1
1038	101	Picture	21	2059355	0	2	4145	3	0	4000	hit	208
1038	101	Response	1	2063073	3718	2
1038	101	Pulse	5	2068353	8998	1
1038	102	Picture	20	2077426	0	1	4145	2	0	4000	other	0
1038	102	Pulse	5	2088353	10927	1
1038	103	Picture	20	2095497	0	1	4145	2	0	4000	other	0
1038	103	Pulse	5	2108503	13006	1
1038	104	Pulse	5	2128502	14934	1
1038	105	Picture	10	2138602	0	1	4144	3	0	4000	other	0
1038	105	Pulse	5	2148502	9900	1
1038	106	Picture	10	2156672	0	2	4145	3	0	4000	other	0
1038	106	Pulse	5	2168492	11820	1
1038	107	Picture	11	2174743	0	1	4145	2	0	4000	hit	220
1038	107	Response	1	2179851	5108	1
1038	107	Pulse	5	2188491	13748	1
1038	108	Picture	10	2192814	0	1	4145	2	0	4000	other	0
1038	108	Pulse	5	2208491	15677	1
1038	109	Picture	11	2210885	0	1	4145	2	0	4000	hit	225
1038	109	Response	1	2215051	4166	1
1038	109	Pulse	5	2228481	17596	1
1038	110	Picture	10	2228956	0	1	4144	3	0	4000	other	0
1038	111	Picture	10	2247026	0	2	4145	3	0	4000	other	0
1038	111	Pulse	5	2248480	1454	1
1038	112	Picture	11	2265097	0	2	4145	3	0	4000	hit	232
1038	112	Pulse	5	2268480	3383	1
1038	112	Response	1	2271200	6103	1
1038	113	Picture	10	2283168	0	2	4145	3	0	4000	other	0
1038	113	Pulse	5	2288469	5301	1
1038	114	Picture	10	2301239	0	1	4145	2	0	4000	other	0
1038	114	Pulse	5	2308469	7230	1
1038	115	Picture	10	2319310	0	1	4145	2	0	4000	other	0
1038	115	Pulse	5	2328468	9158	2
1038	116	Picture	10	2337381	0	1	4144	2	0	4000	other	0
1038	116	Pulse	5	2348458	11077	1
1038	117	Picture	10	2355451	0	2	4145	3	0	4000	other	0
1038	117	Pulse	5	2368458	13007	1
1038	118	Picture	11	2373522	0	1	4145	2	0	4000	hit	244
1038	118	Response	1	2377898	4376	1
1038	118	Pulse	5	2388457	14935	2
1038	119	Picture	10	2391593	0	1	4145	2	0	4000	other	0
1038	119	Pulse	5	2408448	16855	1
1038	120	Picture	10	2409664	0	1	4144	3	0	4000	other	0
1038	121	Pulse	5	2428447	712	1
1038	121	Pulse	5	2448447	20712	1
1038	122	Picture	30	2452769	0	1	4144	2	0	4000	other	0
1038	122	Pulse	5	2468436	15667	1
1038	123	Picture	30	2470839	0	1	4145	2	0	4000	other	0
1038	123	Pulse	5	2488435	17596	2
1038	124	Picture	30	2488910	0	1	4145	2	0	4000	other	0
1038	125	Picture	31	2506981	0	1	4145	2	0	4000	miss	0
1038	125	Pulse	5	2508435	1454	1
1038	126	Picture	31	2525052	0	1	4144	3	0	4000	hit	260
1038	126	Pulse	5	2528425	3373	1
1038	126	Response	1	2529705	4653	1
1038	127	Picture	30	2543123	0	1	4144	2	0	4000	other	0
1038	127	Pulse	5	2548424	5301	1
1038	128	Picture	30	2561193	0	2	4145	3	0	4000	other	0
1038	128	Pulse	5	2568424	7231	1
1038	129	Picture	30	2579264	0	1	4145	2	0	4000	other	0
1038	129	Pulse	5	2588414	9150	1
1038	130	Picture	31	2597335	0	1	4145	2	0	4000	hit	268
1038	130	Response	1	2601213	3878	1
1038	130	Pulse	5	2608413	11078	1
1038	131	Picture	30	2615406	0	1	4145	2	0	4000	other	0
1038	131	Pulse	5	2628413	13007	1
1038	132	Picture	30	2633477	0	1	4144	3	0	4000	other	0
1038	132	Pulse	5	2648402	14925	2
1038	133	Picture	30	2651548	0	1	4144	2	0	4000	other	0
1038	133	Pulse	5	2668402	16854	1
1038	134	Picture	30	2669618	0	2	4145	3	0	4000	other	0
1038	135	Picture	31	2687689	0	1	4145	2	0	4000	hit	279
1038	135	Pulse	5	2688402	713	1
1038	135	Response	1	2691122	3433	1
1038	136	Picture	30	2705760	0	1	4145	2	0	4000	other	0
1038	136	Pulse	5	2708391	2631	1
1038	137	Picture	30	2723831	0	1	4144	3	0	4000	other	0
1038	137	Pulse	5	2728391	4560	1
