Scenario - 1-back
Logfile written - 03/13/2015 16:00:20

Subject	Trial	Event Type	Code	Time	TTime	Uncertainty	Duration	Uncertainty	ReqTime	ReqDur	Stim Type	Pair Index

1038	1	Pulse	5	194587	204421	2
1038	2	Pulse	5	214587	19840	2
1038	3	Picture	10	219780	0	2	4145	3	0	4000	other	0
1038	3	Pulse	5	234587	14807	2
1038	4	Picture	10	237851	0	1	4145	2	0	4000	other	0
1038	4	Pulse	5	254576	16725	2
1038	5	Picture	11	255922	0	1	4145	2	0	4000	hit	8
1038	5	Response	1	260496	4574	2
1038	6	Picture	10	273993	0	1	4144	3	0	4000	other	0
1038	6	Pulse	5	274576	583	2
1038	7	Picture	11	292064	0	1	4144	3	0	4000	hit	13
1038	7	Pulse	5	294575	2511	2
1038	7	Response	1	296656	4592	1
1038	8	Picture	10	310135	0	1	4144	2	0	4000	other	0
1038	8	Pulse	5	314725	4590	2
1038	9	Picture	10	328205	0	2	4145	3	0	4000	other	0
1038	9	Pulse	5	334725	6520	2
1038	10	Picture	10	346276	0	1	4145	2	0	4000	other	0
1038	10	Pulse	5	354724	8448	2
1038	11	Picture	11	364347	0	1	4145	2	0	4000	hit	21
1038	11	Response	1	367524	3177	2
1038	11	Pulse	5	374715	10368	1
1038	12	Picture	10	382418	0	1	4144	3	0	4000	other	0
1038	12	Pulse	5	394714	12296	1
1038	13	Picture	10	400489	0	1	4144	3	0	4000	other	0
1038	13	Pulse	5	414713	14224	2
1038	14	Picture	11	418559	0	2	4145	3	0	4000	hit	28
1038	14	Response	1	423353	4794	2
1038	14	Pulse	5	434703	16144	2
1038	15	Picture	10	436630	0	1	4145	2	0	4000	other	0
1038	16	Picture	10	454701	0	1	4145	2	0	4000	other	0
1038	16	Pulse	5	454702	1	2
1038	17	Picture	10	472772	0	2	4145	3	0	4000	other	0
1038	17	Pulse	5	474703	1931	1
1038	18	Picture	10	490843	0	1	4144	3	0	4000	other	0
1038	18	Pulse	5	494679	3836	16
1038	19	Pulse	5	514691	5777	3
1038	20	Picture	20	533947	0	2	4145	3	0	4000	other	0
1038	20	Pulse	5	534691	744	2
1038	21	Picture	20	552018	0	1	4145	2	0	4000	other	0
1038	21	Pulse	5	554681	2663	2
1038	22	Picture	21	570089	0	1	4145	2	0	4000	hit	43
1038	22	Response	1	574041	3952	1
1038	22	Pulse	5	574680	4591	2
1038	23	Picture	20	588160	0	1	4145	2	0	4000	other	0
1038	23	Pulse	5	594680	6520	2
1038	24	Picture	20	606231	0	1	4144	3	0	4000	other	0
1038	24	Pulse	5	614669	8438	2
1038	25	Picture	20	624302	0	1	4144	2	0	4000	other	0
1038	25	Pulse	5	634669	10367	2
1038	26	Picture	21	642372	0	2	4145	3	0	4000	hit	52
1038	26	Response	1	645709	3337	2
1038	26	Pulse	5	654669	12297	2
1038	27	Picture	20	660443	0	1	4145	2	0	4000	other	0
1038	27	Pulse	5	674658	14215	2
1038	28	Picture	20	678514	0	1	4144	3	0	4000	other	0
1038	28	Pulse	5	694658	16144	2
1038	29	Picture	20	696585	0	1	4144	3	0	4000	other	0
1038	30	Picture	20	714656	0	1	4144	2	0	4000	other	0
1038	30	Pulse	5	714658	2	1
1038	31	Picture	20	732726	0	2	4145	3	0	4000	other	0
1038	31	Pulse	5	734647	1921	2
1038	32	Picture	21	750797	0	1	4145	2	0	4000	hit	65
1038	32	Pulse	5	754647	3850	2
1038	32	Response	1	759287	8490	2
1038	33	Picture	20	768868	0	1	4145	2	0	4000	other	0
1038	33	Pulse	5	774647	5779	1
1038	34	Picture	20	786939	0	1	4145	2	0	4000	other	0
1038	34	Pulse	5	794636	7697	2
1038	35	Picture	21	805010	0	1	4144	3	0	4000	hit	71
1038	35	Response	1	810476	5466	2
1038	35	Pulse	5	814636	9626	2
1038	36	Pulse	5	834635	11555	2
1038	37	Picture	10	848114	0	2	4145	3	0	4000	other	0
1038	37	Pulse	5	854625	6511	2
1038	38	Picture	10	866185	0	1	4145	2	0	4000	other	0
1038	38	Pulse	5	874625	8440	1
1038	39	Picture	11	884254	0	5	4147	6	0	4000	hit	79
1038	39	Response	1	889344	5090	2
1038	39	Pulse	5	894624	10370	2
1038	40	Picture	10	902327	0	1	4145	2	0	4000	other	0
1038	40	Pulse	5	914614	12287	2
1038	41	Picture	11	920398	0	1	4144	3	0	4000	hit	84
1038	41	Response	1	926294	5896	1
1038	41	Pulse	5	934613	14215	2
1038	42	Picture	10	938469	0	1	4144	3	0	4000	other	0
1038	42	Pulse	5	954613	16144	2
1038	43	Picture	10	956539	0	1	4145	2	0	4000	other	0
1038	43	Pulse	5	974603	18064	2
1038	44	Picture	10	974610	0	1	4145	2	0	4000	other	0
1038	45	Picture	11	992681	0	1	4145	2	0	4000	hit	93
1038	45	Pulse	5	994602	1921	3
1038	45	Response	1	996042	3361	3
1038	46	Picture	10	1010752	0	1	4145	2	0	4000	other	0
1038	46	Pulse	5	1014602	3850	2
1038	47	Picture	10	1028823	0	1	4144	2	0	4000	other	0
1038	47	Pulse	5	1034592	5769	1
1038	48	Picture	11	1046893	0	2	4145	3	0	4000	hit	99
1038	48	Response	1	1051711	4818	2
1038	48	Pulse	5	1054591	7698	2
1038	49	Picture	10	1064964	0	1	4145	2	0	4000	other	0
1038	49	Pulse	5	1074591	9627	2
1038	50	Picture	10	1083035	0	1	4145	2	0	4000	other	0
1038	50	Pulse	5	1094580	11545	2
1038	51	Picture	10	1101106	0	1	4145	2	0	4000	other	0
1038	51	Pulse	5	1114580	13474	2
1038	52	Picture	10	1119177	0	1	4144	3	0	4000	other	0
1038	52	Pulse	5	1134580	15403	1
1038	53	Pulse	5	1154569	17322	2
1038	54	Picture	30	1162281	0	2	4145	3	0	4000	other	0
1038	54	Pulse	5	1174569	12288	2
1038	55	Picture	30	1180352	0	1	4145	2	0	4000	other	0
1038	55	Pulse	5	1194569	14217	1
1038	56	Picture	31	1198423	0	1	4145	2	0	4000	hit	115
1038	56	Response	1	1202728	4305	2
1038	56	Pulse	5	1214558	16135	2
1038	57	Picture	30	1216494	0	1	4144	3	0	4000	other	0
1038	57	Pulse	5	1234558	18064	2
1038	58	Picture	30	1234565	0	1	4144	3	0	4000	other	0
1038	59	Picture	30	1252635	0	2	4145	3	0	4000	other	0
1038	59	Pulse	5	1254557	1922	2
1038	60	Picture	31	1270706	0	2	4145	3	0	4000	miss	0
1038	60	Pulse	5	1274547	3841	2
1038	61	Picture	31	1288777	0	1	4145	2	0	4000	hit	125
1038	61	Response	1	1292627	3850	2
1038	61	Pulse	5	1294547	5770	2
1038	62	Picture	30	1306833	0	20	4160	21	0	4000	other	0
1038	62	Pulse	5	1314546	7713	2
1038	63	Picture	30	1324919	0	1	4144	3	0	4000	other	0
1038	63	Pulse	5	1334536	9617	2
1038	64	Picture	30	1342989	0	2	4145	3	0	4000	other	0
1038	64	Pulse	5	1354696	11707	1
1038	65	Picture	31	1361060	0	2	4145	3	0	4000	hit	134
1038	65	Response	1	1365415	4355	2
1038	65	Pulse	5	1374695	13635	2
1038	66	Picture	30	1379131	0	1	4145	2	0	4000	other	0
1038	66	Pulse	5	1394685	15554	2
1038	67	Picture	30	1397194	0	10	4153	11	0	4000	other	0
1038	67	Pulse	5	1414684	17490	2
1038	68	Picture	30	1415273	0	1	4145	2	0	4000	other	0
1038	69	Picture	30	1433344	0	1	4144	3	0	4000	other	0
1038	69	Pulse	5	1434684	1340	2
1038	70	Pulse	5	1454674	3260	2
1038	70	Pulse	5	1474673	23259	3
1038	71	Picture	10	1476448	0	2	4145	4	0	4000	other	0
1038	72	Picture	10	1494519	0	1	4145	2	0	4000	other	0
1038	72	Pulse	5	1494673	154	2
1038	73	Picture	11	1512590	0	1	4145	2	0	4000	hit	150
1038	73	Pulse	5	1514662	2072	2
1038	73	Response	1	1517382	4792	2
1038	74	Picture	10	1530661	0	1	4144	3	0	4000	other	0
1038	74	Pulse	5	1534662	4001	2
1038	75	Picture	11	1548732	0	1	4144	3	0	4000	hit	154
1038	75	Response	1	1553703	4971	1
1038	75	Pulse	5	1554662	5930	2
1038	76	Picture	10	1566802	0	2	4145	3	0	4000	other	0
1038	76	Pulse	5	1574651	7849	2
1038	77	Picture	10	1584873	0	2	4145	3	0	4000	other	0
1038	77	Pulse	5	1594651	9778	2
1038	78	Picture	11	1602944	0	1	4145	2	0	4000	hit	161
1038	78	Response	1	1607611	4667	2
1038	78	Pulse	5	1614651	11707	1
1038	79	Picture	10	1621015	0	1	4145	2	0	4000	other	0
1038	79	Pulse	5	1634640	13625	2
1038	80	Picture	10	1639086	0	1	4144	3	0	4000	other	0
1038	80	Pulse	5	1654640	15554	2
1038	81	Picture	10	1657157	0	1	4144	3	0	4000	other	0
1038	81	Pulse	5	1674640	17483	1
1038	82	Picture	10	1675227	0	2	4145	3	0	4000	other	0
1038	83	Picture	10	1693298	0	1	4145	2	0	4000	other	0
1038	83	Pulse	5	1694629	1331	2
1038	84	Picture	11	1711369	0	1	4145	2	0	4000	hit	174
1038	84	Pulse	5	1714629	3260	2
1038	84	Response	1	1714949	3580	2
1038	85	Picture	10	1729440	0	1	4145	2	0	4000	other	0
1038	85	Pulse	5	1734628	5188	2
1038	86	Picture	10	1747511	0	1	4144	3	0	4000	other	0
1038	86	Pulse	5	1754618	7107	2
1038	87	Pulse	5	1774618	9036	1
1038	88	Picture	20	1790615	0	2	4145	3	0	4000	other	0
1038	88	Pulse	5	1794618	4003	1
1038	89	Picture	20	1808686	0	1	4145	2	0	4000	other	0
1038	89	Pulse	5	1814607	5921	2
1038	90	Picture	20	1826757	0	1	4145	2	0	4000	other	0
1038	90	Pulse	5	1834606	7849	2
1038	91	Picture	21	1844828	0	1	4145	2	0	4000	hit	187
1038	91	Response	1	1849006	4178	2
1038	91	Pulse	5	1854606	9778	2
1038	92	Picture	20	1862899	0	1	4144	3	0	4000	other	0
1038	92	Pulse	5	1874596	11697	2
1038	93	Picture	20	1880970	0	1	4144	2	0	4000	other	0
1038	93	Pulse	5	1894595	13625	2
1038	94	Picture	21	1899040	0	2	4145	3	0	4000	hit	194
1038	94	Response	1	1903235	4195	2
1038	94	Pulse	5	1914595	15555	2
1038	95	Picture	20	1917111	0	1	4145	2	0	4000	other	0
1038	95	Pulse	5	1934585	17474	2
1038	96	Picture	20	1935182	0	1	4145	2	0	4000	other	0
1038	97	Picture	20	1953253	0	1	4144	3	0	4000	other	0
1038	97	Pulse	5	1954584	1331	3
1038	98	Picture	21	1971324	0	1	4144	2	0	4000	hit	203
1038	98	Pulse	5	1974584	3260	2
1038	98	Response	1	1976824	5500	2
1038	99	Picture	20	1989394	0	2	4145	3	0	4000	other	0
1038	99	Pulse	5	1994574	5180	1
1038	100	Picture	20	2007465	0	1	4145	2	0	4000	other	0
1038	100	Pulse	5	2014573	7108	2
1038	101	Picture	21	2025536	0	1	4145	2	0	4000	hit	209
1038	101	Response	1	2029613	4077	2
1038	101	Pulse	5	2034573	9037	2
1038	102	Picture	20	2043607	0	1	4144	3	0	4000	other	0
1038	102	Pulse	5	2054562	10955	2
1038	103	Picture	20	2061678	0	1	4144	3	0	4000	other	0
1038	103	Pulse	5	2074562	12884	2
1038	104	Pulse	5	2094562	14813	1
1038	105	Picture	10	2104782	0	2	4145	3	0	4000	other	0
1038	105	Pulse	5	2114551	9769	2
1038	106	Picture	10	2122853	0	1	4145	2	0	4000	other	0
1038	106	Pulse	5	2134551	11698	2
1038	107	Picture	11	2140924	0	1	4145	2	0	4000	hit	221
1038	107	Response	1	2144951	4027	2
1038	107	Pulse	5	2154550	13626	2
1038	108	Picture	10	2158995	0	1	4145	2	0	4000	other	0
1038	108	Pulse	5	2174540	15545	2
1038	109	Picture	11	2177066	0	1	4144	3	0	4000	hit	226
1038	109	Response	1	2181419	4353	3
1038	109	Pulse	5	2194540	17474	2
1038	110	Picture	10	2195136	0	2	4145	3	0	4000	other	0
1038	111	Picture	10	2213207	0	1	4145	2	0	4000	other	0
1038	111	Pulse	5	2214539	1332	2
1038	112	Picture	11	2231278	0	1	4145	2	0	4000	hit	233
1038	112	Pulse	5	2234530	3252	1
1038	112	Response	1	2236289	5011	2
1038	113	Picture	10	2249349	0	1	4145	2	0	4000	other	0
1038	113	Pulse	5	2254529	5180	1
1038	114	Picture	10	2267420	0	1	4144	3	0	4000	other	0
1038	114	Pulse	5	2274528	7108	2
1038	115	Picture	10	2285491	0	1	4144	3	0	4000	other	0
1038	115	Pulse	5	2294518	9027	2
1038	116	Picture	10	2303561	0	2	4145	3	0	4000	other	0
1038	116	Pulse	5	2314517	10956	2
1038	117	Picture	10	2321632	0	1	4145	2	0	4000	other	0
1038	117	Pulse	5	2334517	12885	2
1038	118	Picture	11	2339703	0	1	4145	2	0	4000	hit	245
1038	118	Response	1	2343797	4094	2
1038	118	Pulse	5	2354507	14804	2
1038	119	Picture	10	2357774	0	1	4145	2	0	4000	other	0
1038	119	Pulse	5	2374506	16732	2
1038	120	Picture	10	2375845	0	1	4144	3	0	4000	other	0
1038	121	Pulse	5	2394666	750	2
1038	121	Pulse	5	2414656	20740	2
1038	122	Picture	30	2418949	0	2	4145	3	0	4000	other	0
1038	122	Pulse	5	2434655	15706	3
1038	123	Picture	30	2437020	0	1	4145	2	0	4000	other	0
1038	123	Pulse	5	2454655	17635	2
1038	124	Picture	30	2455091	0	1	4145	2	0	4000	other	0
1038	125	Picture	31	2473162	0	1	4145	2	0	4000	hit	259
1038	125	Pulse	5	2474644	1482	2
1038	125	Response	1	2476724	3562	2
1038	126	Picture	31	2491233	0	1	4144	3	0	4000	miss	0
1038	126	Pulse	5	2494644	3411	2
1038	127	Picture	30	2509303	0	2	4145	3	0	4000	other	0
1038	127	Pulse	5	2514644	5341	2
1038	128	Picture	30	2527374	0	2	4145	3	0	4000	other	0
1038	128	Pulse	5	2534633	7259	2
1038	129	Picture	30	2545445	0	1	4145	2	0	4000	other	0
1038	129	Pulse	5	2554633	9188	2
1038	130	Picture	31	2563516	0	1	4145	2	0	4000	hit	269
1038	130	Response	1	2566313	2797	2
1038	130	Pulse	5	2574633	11117	1
1038	131	Picture	30	2581587	0	1	4144	3	0	4000	other	0
1038	131	Pulse	5	2594622	13035	2
1038	132	Picture	30	2599658	0	1	4144	2	0	4000	other	0
1038	132	Pulse	5	2614622	14964	2
1038	133	Picture	30	2617728	0	2	4145	3	0	4000	other	0
1038	133	Pulse	5	2634622	16894	1
1038	134	Picture	30	2635799	0	1	4145	2	0	4000	other	0
1038	135	Picture	31	2653870	0	1	4145	2	0	4000	hit	280
1038	135	Pulse	5	2654611	741	2
1038	135	Response	1	2659891	6021	2
1038	136	Picture	30	2671941	0	1	4145	2	0	4000	other	0
1038	136	Pulse	5	2674611	2670	2
1038	137	Picture	30	2690012	0	1	4144	3	0	4000	false_alarm	285
1038	137	Pulse	5	2694610	4598	2
1038	137	Response	1	2696210	6198	2
