Scenario - 1-back
Logfile written - 03/13/2015 16:04:56

Subject	Trial	Event Type	Code	Time	TTime	Uncertainty	Duration	Uncertainty	ReqTime	ReqDur	Stim Type	Pair Index

1038	1	Pulse	5	227486	237320	1
1038	2	Pulse	5	247485	19913	1
1038	3	Picture	10	252606	0	2	4145	3	0	4000	other	0
1038	3	Pulse	5	267484	14878	1
1038	4	Picture	10	270677	0	1	4145	2	0	4000	other	0
1038	4	Pulse	5	287474	16797	1
1038	5	Picture	11	288748	0	1	4145	2	0	4000	hit	8
1038	5	Response	1	292274	3526	1
1038	6	Picture	10	306819	0	1	4144	3	0	4000	other	0
1038	6	Pulse	5	307474	655	1
1038	7	Picture	11	324890	0	1	4144	3	0	4000	hit	13
1038	7	Pulse	5	327473	2583	1
1038	7	Response	1	329073	4183	1
1038	8	Picture	10	342960	0	2	4145	3	0	4000	other	0
1038	8	Pulse	5	347463	4503	2
1038	9	Picture	10	361031	0	1	4145	2	0	4000	other	0
1038	9	Pulse	5	367463	6432	1
1038	10	Picture	10	379102	0	1	4145	2	0	4000	other	0
1038	10	Pulse	5	387623	8521	1
1038	11	Picture	11	397173	0	1	4145	2	0	4000	hit	21
1038	11	Response	1	401212	4039	1
1038	11	Pulse	5	407612	10439	1
1038	12	Picture	10	415244	0	1	4144	3	0	4000	other	0
1038	12	Pulse	5	427611	12367	2
1038	13	Picture	10	433315	0	1	4144	2	0	4000	other	0
1038	13	Pulse	5	447611	14296	1
1038	14	Picture	11	451385	0	2	4145	3	0	4000	hit	28
1038	14	Response	1	457041	5656	1
1038	14	Pulse	5	467601	16216	1
1038	15	Picture	10	469456	0	1	4145	2	0	4000	other	0
1038	16	Picture	10	487527	0	1	4145	2	0	4000	other	0
1038	16	Pulse	5	487600	73	1
1038	17	Picture	10	505598	0	1	4144	3	0	4000	other	0
1038	17	Pulse	5	507600	2002	1
1038	18	Picture	10	523669	0	1	4144	2	0	4000	other	0
1038	18	Pulse	5	527589	3920	2
1038	19	Pulse	5	547589	5850	1
1038	20	Picture	30	566773	0	2	4145	3	0	4000	other	0
1038	20	Pulse	5	567589	816	1
1038	21	Picture	30	584844	0	1	4145	2	0	4000	other	0
1038	21	Pulse	5	587578	2734	1
1038	22	Picture	31	602915	0	1	4145	2	0	4000	hit	44
1038	22	Pulse	5	607578	4663	1
1038	22	Response	1	608058	5143	1
1038	23	Picture	30	620986	0	1	4144	3	0	4000	other	0
1038	23	Pulse	5	627578	6592	1
1038	24	Picture	30	639056	0	2	4145	3	0	4000	other	0
1038	24	Pulse	5	647567	8511	1
1038	25	Picture	30	657127	0	2	4145	3	0	4000	other	0
1038	25	Pulse	5	667567	10440	1
1038	26	Picture	31	675198	0	1	4145	2	0	4000	hit	52
1038	26	Response	1	678607	3409	1
1038	26	Pulse	5	687566	12368	2
1038	27	Picture	31	693269	0	1	4145	2	0	4000	miss	0
1038	27	Pulse	5	707556	14287	1
1038	28	Picture	30	711340	0	1	4144	3	0	4000	other	0
1038	28	Pulse	5	727556	16216	1
1038	29	Picture	30	729411	0	1	4144	3	0	4000	other	0
1038	30	Picture	30	747481	0	2	4145	3	0	4000	other	0
1038	30	Pulse	5	747555	74	2
1038	31	Picture	31	765552	0	2	4145	3	0	4000	hit	63
1038	31	Pulse	5	767545	1993	1
1038	31	Response	1	770585	5033	1
1038	32	Picture	30	783623	0	1	4145	2	0	4000	other	0
1038	32	Pulse	5	787545	3922	1
1038	33	Picture	30	801694	0	1	4145	2	0	4000	other	0
1038	33	Pulse	5	807543	5849	3
1038	34	Picture	30	819765	0	1	4144	3	0	4000	other	0
1038	34	Pulse	5	827534	7769	1
1038	35	Picture	30	837836	0	1	4144	2	0	4000	other	0
1038	35	Pulse	5	847534	9698	1
1038	36	Pulse	5	867534	11628	1
1038	37	Picture	10	880940	0	1	4145	2	0	4000	other	0
1038	37	Pulse	5	887523	6583	1
1038	38	Picture	10	899011	0	1	4145	2	0	4000	other	0
1038	38	Pulse	5	907522	8511	1
1038	39	Picture	11	917082	0	1	4145	2	0	4000	hit	78
1038	39	Response	1	923362	6280	1
1038	39	Pulse	5	927522	10440	1
1038	40	Picture	10	935153	0	1	4144	3	0	4000	other	0
1038	40	Pulse	5	947512	12359	1
1038	41	Picture	11	953224	0	1	4144	3	0	4000	hit	83
1038	41	Response	1	956951	3727	2
1038	41	Pulse	5	967511	14287	1
1038	42	Picture	10	971294	0	2	4145	3	0	4000	other	0
1038	42	Pulse	5	987511	16217	1
1038	43	Picture	10	989365	0	1	4145	2	0	4000	other	0
1038	44	Picture	10	1007436	0	1	4145	2	0	4000	other	0
1038	44	Pulse	5	1007500	64	2
1038	45	Picture	11	1025507	0	1	4144	3	0	4000	hit	92
1038	45	Pulse	5	1027500	1993	1
1038	45	Response	1	1028620	3113	1
1038	46	Picture	10	1043578	0	1	4144	3	0	4000	other	0
1038	46	Pulse	5	1047500	3922	1
1038	47	Picture	10	1061649	0	1	4144	2	0	4000	other	0
1038	47	Pulse	5	1067489	5840	1
1038	48	Picture	11	1079719	0	2	4145	3	0	4000	hit	98
1038	48	Response	1	1084129	4410	1
1038	48	Pulse	5	1087489	7770	1
1038	49	Picture	10	1097790	0	1	4145	2	0	4000	other	0
1038	49	Pulse	5	1107489	9699	1
1038	50	Picture	10	1115861	0	1	4145	2	0	4000	other	0
1038	50	Pulse	5	1127478	11617	1
1038	51	Picture	10	1133932	0	1	4144	3	0	4000	other	0
1038	51	Pulse	5	1147478	13546	1
1038	52	Picture	10	1152003	0	1	4144	2	0	4000	other	0
1038	52	Pulse	5	1167477	15474	2
1038	53	Pulse	5	1187467	17394	1
1038	54	Picture	20	1195107	0	1	4145	2	0	4000	other	0
1038	54	Pulse	5	1207467	12360	1
1038	55	Picture	20	1213178	0	1	4145	2	0	4000	other	0
1038	55	Pulse	5	1227466	14288	1
1038	56	Picture	21	1231249	0	1	4145	2	0	4000	hit	114
1038	56	Response	1	1235776	4527	1
1038	56	Pulse	5	1247456	16207	1
1038	57	Picture	20	1249320	0	1	4144	3	0	4000	other	0
1038	58	Picture	20	1267391	0	1	4144	2	0	4000	other	0
1038	58	Pulse	5	1267456	65	1
1038	59	Picture	20	1285461	0	2	4145	3	0	4000	other	0
1038	59	Pulse	5	1287455	1994	1
1038	60	Picture	21	1303532	0	1	4145	2	0	4000	hit	122
1038	60	Response	1	1306805	3273	1
1038	60	Pulse	5	1307445	3913	1
1038	61	Picture	20	1321603	0	2	4145	3	0	4000	other	0
1038	61	Pulse	5	1327445	5842	1
1038	62	Picture	20	1339674	0	1	4145	2	0	4000	other	0
1038	62	Pulse	5	1347445	7771	1
1038	63	Picture	20	1357745	0	1	4144	3	0	4000	other	0
1038	63	Pulse	5	1367434	9689	1
1038	64	Picture	20	1375815	0	2	4145	3	0	4000	other	0
1038	64	Pulse	5	1387433	11618	1
1038	65	Picture	20	1393886	0	2	4145	3	0	4000	other	0
1038	65	Pulse	5	1407433	13547	1
1038	66	Picture	21	1411957	0	1	4145	2	0	4000	hit	135
1038	66	Response	1	1417663	5706	1
1038	66	Pulse	5	1427583	15626	1
1038	67	Picture	20	1430028	0	1	4145	2	0	4000	other	0
1038	67	Pulse	5	1447582	17554	1
1038	68	Picture	20	1448099	0	1	4144	3	0	4000	other	0
1038	69	Picture	21	1466170	0	1	4144	2	0	4000	hit	142
1038	69	Pulse	5	1467570	1400	2
1038	69	Response	1	1470452	4282	1
1038	70	Pulse	5	1487571	3331	2
1038	70	Pulse	5	1507571	23331	1
1038	71	Picture	10	1509274	0	1	4145	2	0	4000	other	0
1038	72	Picture	10	1527345	0	1	4145	2	0	4000	other	0
1038	72	Pulse	5	1527571	226	1
1038	73	Picture	11	1545416	0	1	4145	2	0	4000	hit	150
1038	73	Pulse	5	1547560	2144	1
1038	73	Response	1	1549960	4544	1
1038	74	Picture	10	1563487	0	1	4144	3	0	4000	other	0
1038	74	Pulse	5	1567560	4073	1
1038	75	Picture	11	1581558	0	1	4144	2	0	4000	hit	154
1038	75	Response	1	1586440	4882	1
1038	75	Pulse	5	1587550	5992	1
1038	76	Picture	10	1599628	0	2	4145	3	0	4000	other	0
1038	76	Pulse	5	1607549	7921	1
1038	77	Picture	10	1617699	0	1	4145	2	0	4000	other	0
1038	77	Pulse	5	1627549	9850	1
1038	78	Picture	11	1635770	0	1	4145	2	0	4000	hit	161
1038	78	Response	1	1640669	4899	1
1038	78	Pulse	5	1647538	11768	2
1038	79	Picture	10	1653841	0	1	4144	3	0	4000	other	0
1038	79	Pulse	5	1667538	13697	1
1038	80	Picture	10	1671912	0	1	4144	3	0	4000	other	0
1038	80	Pulse	5	1687538	15626	1
1038	81	Picture	10	1689983	0	1	4144	2	0	4000	other	0
1038	81	Pulse	5	1707527	17544	1
1038	82	Picture	10	1708053	0	1	4145	2	0	4000	other	0
1038	83	Picture	10	1726124	0	1	4145	2	0	4000	other	0
1038	83	Pulse	5	1727527	1403	1
1038	84	Picture	11	1744195	0	1	4145	2	0	4000	hit	173
1038	84	Response	1	1747367	3172	1
1038	84	Pulse	5	1747527	3332	1
1038	85	Picture	10	1762266	0	1	4144	3	0	4000	other	0
1038	85	Pulse	5	1767517	5251	1
1038	86	Picture	10	1780337	0	1	4144	2	0	4000	other	0
1038	86	Pulse	5	1787516	7179	1
1038	87	Pulse	5	1807516	9109	1
1038	88	Picture	30	1823441	0	1	4145	2	0	4000	other	0
1038	88	Pulse	5	1827504	4063	2
1038	89	Picture	30	1841512	0	1	4145	2	0	4000	other	0
1038	89	Pulse	5	1847505	5993	1
1038	90	Picture	30	1859583	0	1	4145	2	0	4000	other	0
1038	90	Pulse	5	1867504	7921	1
1038	91	Picture	31	1877654	0	1	4144	3	0	4000	hit	187
1038	91	Response	1	1882064	4410	1
1038	91	Pulse	5	1887494	9840	1
1038	92	Picture	31	1895724	0	2	4145	3	0	4000	hit	190
1038	92	Response	1	1904134	8410	1
1038	92	Pulse	5	1907494	11770	1
1038	93	Picture	30	1913795	0	2	4145	3	0	4000	other	0
1038	93	Pulse	5	1927493	13698	1
1038	94	Picture	30	1931866	0	1	4145	2	0	4000	other	0
1038	94	Pulse	5	1947483	15617	1
1038	95	Picture	30	1949937	0	1	4145	2	0	4000	other	0
1038	95	Pulse	5	1967482	17545	2
1038	96	Picture	31	1968008	0	1	4145	2	0	4000	hit	199
1038	96	Response	1	1971962	3954	1
1038	97	Picture	30	1986079	0	1	4144	3	0	4000	other	0
1038	97	Pulse	5	1987482	1403	1
1038	98	Picture	30	2004149	0	2	4145	3	0	4000	other	0
1038	98	Pulse	5	2007472	3323	1
1038	99	Picture	30	2022220	0	1	4145	2	0	4000	other	0
1038	99	Pulse	5	2027471	5251	1
1038	100	Picture	30	2040291	0	1	4145	2	0	4000	other	0
1038	100	Pulse	5	2047471	7180	1
1038	101	Picture	31	2058362	0	1	4145	2	0	4000	hit	209
1038	101	Response	1	2066981	8619	1
1038	101	Pulse	5	2067460	9098	2
1038	102	Picture	30	2076433	0	1	4144	3	0	4000	other	0
1038	102	Pulse	5	2087460	11027	1
1038	103	Picture	30	2094504	0	1	4144	2	0	4000	false_alarm	214
1038	103	Response	1	2100420	5916	1
1038	103	Pulse	5	2107460	12956	1
1038	104	Pulse	5	2127449	14875	2
1038	105	Picture	10	2137608	0	1	4145	2	0	4000	other	0
1038	105	Pulse	5	2147449	9841	1
1038	106	Picture	10	2155679	0	1	4145	2	0	4000	other	0
1038	106	Pulse	5	2167449	11770	1
1038	107	Picture	11	2173750	0	1	4145	2	0	4000	hit	222
1038	107	Response	1	2178808	5058	2
1038	107	Pulse	5	2187438	13688	1
1038	108	Picture	10	2191821	0	1	4144	3	0	4000	other	0
1038	108	Pulse	5	2207438	15617	1
1038	109	Picture	11	2209892	0	1	4144	2	0	4000	hit	227
1038	109	Response	1	2214638	4746	1
1038	109	Pulse	5	2227437	17545	2
1038	110	Picture	10	2227962	0	2	4145	3	0	4000	other	0
1038	111	Picture	10	2246033	0	1	4145	2	0	4000	other	0
1038	111	Pulse	5	2247428	1395	1
1038	112	Picture	11	2264104	0	1	4145	2	0	4000	hit	234
1038	112	Pulse	5	2267427	3323	1
1038	112	Response	1	2269027	4923	1
1038	113	Picture	10	2282175	0	1	4144	3	0	4000	other	0
1038	113	Pulse	5	2287427	5252	1
1038	114	Picture	10	2300246	0	1	4144	3	0	4000	other	0
1038	114	Pulse	5	2307416	7170	1
1038	115	Picture	10	2318317	0	1	4144	2	0	4000	other	0
1038	115	Pulse	5	2327416	9099	1
1038	116	Picture	10	2336387	0	1	4145	2	0	4000	false_alarm	242
1038	116	Response	1	2339255	2868	2
1038	116	Pulse	5	2347415	11028	1
1038	117	Picture	10	2354458	0	1	4145	2	0	4000	other	0
1038	117	Pulse	5	2367405	12947	1
1038	118	Picture	11	2372529	0	1	4145	2	0	4000	hit	247
1038	118	Response	1	2376685	4156	1
1038	118	Pulse	5	2387405	14876	1
1038	119	Picture	10	2390600	0	1	4144	3	0	4000	other	0
1038	119	Pulse	5	2407404	16804	1
1038	120	Picture	10	2408671	0	1	4144	2	0	4000	other	0
1038	121	Pulse	5	2427394	653	1
1038	121	Pulse	5	2447393	20652	1
1038	122	Picture	20	2451775	0	1	4145	2	0	4000	other	0
1038	122	Pulse	5	2467553	15778	1
1038	123	Picture	20	2469846	0	1	4145	2	0	4000	other	0
1038	123	Pulse	5	2487543	17697	1
1038	124	Picture	20	2487917	0	1	4144	3	0	4000	other	0
1038	125	Picture	21	2505988	0	1	4144	3	0	4000	hit	261
1038	125	Pulse	5	2507542	1554	1
1038	125	Response	1	2512182	6194	1
1038	126	Picture	20	2524059	0	1	4144	2	0	4000	other	0
1038	126	Pulse	5	2527542	3483	1
1038	127	Picture	20	2542129	0	2	4145	3	0	4000	other	0
1038	127	Pulse	5	2547531	5402	2
1038	128	Picture	21	2560200	0	1	4145	2	0	4000	hit	267
1038	128	Response	1	2563851	3651	1
1038	128	Pulse	5	2567531	7331	1
1038	129	Picture	20	2578271	0	1	4145	2	0	4000	other	0
1038	129	Pulse	5	2587531	9260	1
1038	130	Picture	20	2596342	0	1	4144	3	0	4000	other	0
1038	130	Pulse	5	2607520	11178	1
1038	131	Picture	20	2614413	0	1	4144	2	0	4000	other	0
1038	131	Pulse	5	2627520	13107	1
1038	132	Picture	21	2632483	0	2	4145	3	0	4000	hit	276
1038	132	Response	1	2637280	4797	1
1038	132	Pulse	5	2647520	15037	1
1038	133	Picture	20	2650554	0	1	4145	2	0	4000	other	0
1038	133	Pulse	5	2667509	16955	1
1038	134	Picture	20	2668625	0	1	4145	2	0	4000	other	0
1038	135	Picture	21	2686696	0	1	4145	2	0	4000	hit	283
1038	135	Pulse	5	2687509	813	1
1038	135	Response	1	2690229	3533	1
1038	136	Picture	20	2704767	0	1	4144	3	0	4000	other	0
1038	136	Pulse	5	2707508	2741	2
1038	137	Picture	20	2722838	0	1	4144	2	0	4000	other	0
1038	137	Pulse	5	2727499	4661	1
