Scenario - 1-back
Logfile written - 01/22/2015 16:53:54

Subject	Trial	Event Type	Code	Time	TTime	Uncertainty	Duration	Uncertainty	ReqTime	ReqDur	Stim Type	Pair Index

1101	1	Pulse	5	188038	197873	3
1101	2	Pulse	5	208038	19926	2
1101	3	Picture	10	213146	0	1	4145	2	0	4000	other	0
1101	3	Pulse	5	228037	14891	2
1101	4	Picture	10	231217	0	1	4144	2	0	4000	other	0
1101	4	Pulse	5	248026	16809	3
1101	5	Picture	11	249287	0	1	4145	2	0	4000	hit	8
1101	5	Response	1	252186	2899	3
1101	6	Picture	10	267358	0	1	4144	3	0	4000	other	0
1101	6	Pulse	5	268026	668	2
1101	7	Picture	11	285428	0	1	4145	2	0	4000	hit	13
1101	7	Pulse	5	288025	2597	2
1101	7	Response	1	289145	3717	2
1101	8	Picture	10	303499	0	1	4145	2	0	4000	other	0
1101	8	Pulse	5	308015	4516	1
1101	9	Picture	10	321569	0	2	4145	3	0	4000	other	0
1101	9	Pulse	5	328014	6445	2
1101	10	Picture	10	339640	0	1	4145	2	0	4000	other	0
1101	10	Pulse	5	348013	8373	2
1101	11	Picture	11	357711	0	1	4144	2	0	4000	hit	21
1101	11	Response	1	361443	3732	2
1101	11	Pulse	5	368003	10292	2
1101	12	Picture	10	375781	0	1	4145	2	0	4000	other	0
1101	12	Pulse	5	388002	12221	2
1101	13	Picture	10	393852	0	1	4144	3	0	4000	other	0
1101	13	Pulse	5	408001	14149	2
1101	14	Picture	11	411922	0	2	4145	3	0	4000	hit	28
1101	14	Response	1	415991	4069	3
1101	14	Pulse	5	427991	16069	2
1101	15	Picture	10	429993	0	1	4145	2	0	4000	other	0
1101	15	Pulse	5	447990	17997	3
1101	16	Picture	10	448064	0	1	4144	2	0	4000	other	0
1101	17	Picture	10	466134	0	1	4145	2	0	4000	other	0
1101	17	Pulse	5	467990	1856	2
1101	18	Picture	10	484205	0	1	4144	3	0	4000	other	0
1101	18	Pulse	5	488139	3934	2
1101	19	Pulse	5	508138	5863	2
1101	20	Picture	30	527309	0	1	4144	3	0	4000	other	0
1101	20	Pulse	5	528138	829	2
1101	21	Picture	30	545379	0	2	4145	3	0	4000	other	0
1101	21	Pulse	5	548127	2748	2
1101	22	Picture	31	563450	0	1	4145	2	0	4000	hit	44
1101	22	Pulse	5	568126	4676	2
1101	22	Response	1	569247	5797	1
1101	23	Picture	30	581521	0	1	4144	2	0	4000	other	0
1101	23	Pulse	5	588126	6605	2
1101	24	Picture	30	599591	0	1	4145	2	0	4000	other	0
1101	24	Pulse	5	608115	8524	3
1101	25	Picture	30	617662	0	1	4144	3	0	4000	other	0
1101	25	Pulse	5	628115	10453	1
1101	26	Picture	31	635732	0	2	4145	3	0	4000	miss	0
1101	26	Pulse	5	648114	12382	2
1101	27	Picture	31	653803	0	1	4145	2	0	4000	miss	0
1101	27	Pulse	5	668103	14300	2
1101	28	Picture	30	671873	0	2	4145	3	0	4000	other	0
1101	28	Pulse	5	688103	16230	1
1101	29	Picture	30	689944	0	1	4145	2	0	4000	other	0
1101	30	Picture	30	708015	0	1	4144	2	0	4000	other	0
1101	30	Pulse	5	708102	87	2
1101	31	Picture	31	726085	0	1	4145	2	0	4000	miss	0
1101	31	Pulse	5	728091	2006	2
1101	32	Picture	30	744156	0	1	4144	3	0	4000	other	0
1101	32	Pulse	5	748091	3935	2
1101	33	Picture	30	762226	0	2	4145	3	0	4000	other	0
1101	33	Pulse	5	768090	5864	2
1101	34	Picture	30	780297	0	1	4145	2	0	4000	other	0
1101	34	Pulse	5	788080	7783	1
1101	35	Picture	30	798368	0	1	4144	2	0	4000	other	0
1101	35	Pulse	5	808079	9711	2
1101	36	Pulse	5	828078	11640	2
1101	37	Picture	10	841472	0	1	4144	3	0	4000	other	0
1101	37	Pulse	5	848068	6596	1
1101	38	Picture	10	859542	0	2	4144	4	0	4000	other	0
1101	38	Pulse	5	868067	8525	2
1101	39	Picture	11	877613	0	1	4145	2	0	4000	hit	76
1101	39	Response	1	882627	5014	1
1101	39	Pulse	5	888066	10453	2
1101	40	Picture	10	895684	0	1	4144	2	0	4000	other	0
1101	40	Pulse	5	908056	12372	2
1101	41	Picture	11	913754	0	1	4145	2	0	4000	hit	81
1101	41	Response	1	917335	3581	3
1101	41	Pulse	5	928055	14301	2
1101	42	Picture	10	931825	0	1	4144	3	0	4000	other	0
1101	42	Pulse	5	948054	16229	3
1101	43	Picture	10	949895	0	1	4145	2	0	4000	other	0
1101	44	Picture	10	967966	0	1	4144	3	0	4000	other	0
1101	44	Pulse	5	968044	78	2
1101	45	Picture	11	986036	0	2	4145	3	0	4000	hit	90
1101	45	Pulse	5	988043	2007	2
1101	45	Response	1	989483	3447	2
1101	46	Picture	10	1004107	0	1	4145	2	0	4000	other	0
1101	46	Pulse	5	1008043	3936	1
1101	47	Picture	10	1022178	0	1	4144	2	0	4000	other	0
1101	47	Pulse	5	1028032	5854	2
1101	48	Picture	11	1040248	0	1	4145	2	0	4000	hit	96
1101	48	Response	1	1044831	4583	2
1101	48	Pulse	5	1048031	7783	2
1101	49	Picture	10	1058319	0	1	4144	3	0	4000	other	0
1101	49	Pulse	5	1068031	9712	2
1101	50	Picture	10	1076389	0	2	4145	3	0	4000	other	0
1101	50	Pulse	5	1088020	11631	2
1101	51	Picture	10	1094460	0	2	4145	3	0	4000	other	0
1101	51	Pulse	5	1108019	13559	2
1101	52	Picture	10	1112530	0	2	4145	3	0	4000	other	0
1101	52	Pulse	5	1128019	15489	2
1101	53	Pulse	5	1148008	17407	2
1101	54	Picture	20	1155635	0	1	4144	2	0	4000	other	0
1101	54	Pulse	5	1168008	12373	1
1101	55	Picture	20	1173705	0	1	4145	2	0	4000	other	0
1101	55	Pulse	5	1187997	14292	2
1101	56	Picture	21	1191776	0	1	4144	3	0	4000	hit	112
1101	56	Response	1	1196637	4861	2
1101	56	Pulse	5	1207996	16220	3
1101	57	Picture	20	1209846	0	2	4145	3	0	4000	other	0
1101	58	Picture	20	1227917	0	1	4145	2	0	4000	other	0
1101	58	Pulse	5	1227996	79	2
1101	59	Picture	20	1245988	0	1	4144	2	0	4000	other	0
1101	59	Pulse	5	1247995	2007	2
1101	60	Picture	21	1264058	0	1	4145	2	0	4000	hit	120
1101	60	Response	1	1267344	3286	3
1101	60	Pulse	5	1267984	3926	3
1101	61	Picture	20	1282129	0	1	4144	3	0	4000	other	0
1101	61	Pulse	5	1287984	5855	2
1101	62	Picture	20	1300199	0	1	4145	2	0	4000	other	0
1101	62	Pulse	5	1307983	7784	2
1101	63	Picture	20	1318270	0	1	4144	3	0	4000	other	0
1101	63	Pulse	5	1327973	9703	1
1101	64	Picture	20	1336340	0	2	4145	3	0	4000	other	0
1101	64	Pulse	5	1347972	11632	2
1101	65	Picture	20	1354411	0	1	4145	2	0	4000	other	0
1101	65	Pulse	5	1367971	13560	2
1101	66	Picture	21	1372482	0	1	4144	2	0	4000	hit	133
1101	66	Response	1	1380601	8119	2
1101	66	Pulse	5	1387961	15479	2
1101	67	Picture	20	1390552	0	1	4145	2	0	4000	other	0
1101	67	Pulse	5	1407960	17408	2
1101	68	Picture	20	1408623	0	1	4144	3	0	4000	other	0
1101	69	Picture	21	1426693	0	2	4145	3	0	4000	hit	140
1101	69	Pulse	5	1427959	1266	3
1101	69	Response	1	1430519	3826	3
1101	70	Pulse	5	1447949	3185	2
1101	70	Pulse	5	1467948	23184	2
1101	71	Picture	10	1469797	0	2	4145	3	0	4000	other	0
1101	72	Picture	10	1487868	0	1	4145	2	0	4000	other	0
1101	72	Pulse	5	1487948	80	1
1101	73	Picture	11	1505939	0	1	4144	2	0	4000	hit	148
1101	73	Pulse	5	1507937	1998	2
1101	73	Response	1	1515777	9838	2
1101	74	Picture	10	1524009	0	1	4145	2	0	4000	other	0
1101	74	Pulse	5	1528096	4087	2
1101	75	Picture	11	1542080	0	1	4144	3	0	4000	hit	152
1101	75	Response	1	1546176	4096	2
1101	75	Pulse	5	1548096	6016	2
1101	76	Picture	10	1560150	0	2	4145	4	0	4000	other	0
1101	76	Pulse	5	1568085	7935	2
1101	77	Picture	10	1578221	0	1	4145	2	0	4000	other	0
1101	77	Pulse	5	1588084	9863	2
1101	78	Picture	11	1596292	0	1	4144	2	0	4000	hit	159
1101	78	Response	1	1599444	3152	2
1101	78	Pulse	5	1608084	11792	2
1101	79	Picture	10	1614362	0	1	4145	2	0	4000	other	0
1101	79	Pulse	5	1628073	13711	2
1101	80	Picture	10	1632433	0	1	4144	3	0	4000	other	0
1101	80	Pulse	5	1648073	15640	1
1101	81	Picture	10	1650503	0	2	4145	3	0	4000	other	0
1101	81	Pulse	5	1668072	17569	2
1101	82	Picture	10	1668574	0	1	4145	2	0	4000	other	0
1101	83	Picture	10	1686645	0	1	4144	2	0	4000	other	0
1101	83	Pulse	5	1688061	1416	2
1101	84	Picture	11	1704715	0	1	4145	2	0	4000	hit	172
1101	84	Pulse	5	1708061	3346	2
1101	84	Response	1	1708381	3666	2
1101	85	Picture	10	1722786	0	1	4144	2	0	4000	other	0
1101	85	Pulse	5	1728060	5274	2
1101	86	Picture	10	1740856	0	2	4145	3	0	4000	other	0
1101	86	Pulse	5	1748049	7193	2
1101	87	Pulse	5	1768049	9122	2
1101	88	Picture	30	1783960	0	2	4145	3	0	4000	other	0
1101	88	Pulse	5	1788048	4088	2
1101	89	Picture	30	1802031	0	1	4145	2	0	4000	other	0
1101	89	Pulse	5	1808038	6007	1
1101	90	Picture	30	1820102	0	1	4144	2	0	4000	other	0
1101	90	Pulse	5	1828037	7935	2
1101	91	Picture	31	1838172	0	1	4145	2	0	4000	hit	185
1101	91	Response	1	1845316	7144	2
1101	91	Pulse	5	1848036	9864	2
1101	92	Picture	31	1856243	0	1	4144	3	0	4000	hit	188
1101	92	Response	1	1864026	7783	2
1101	92	Pulse	5	1868026	11783	2
1101	93	Picture	30	1874313	0	2	4145	3	0	4000	other	0
1101	93	Pulse	5	1888025	13712	2
1101	94	Picture	30	1892384	0	1	4144	3	0	4000	other	0
1101	94	Pulse	5	1908024	15640	3
1101	95	Picture	30	1910454	0	2	4145	3	0	4000	other	0
1101	95	Pulse	5	1928014	17560	2
1101	96	Picture	31	1928525	0	1	4145	2	0	4000	hit	197
1101	96	Response	1	1932014	3489	1
1101	97	Picture	30	1946596	0	1	4144	2	0	4000	other	0
1101	97	Pulse	5	1948014	1418	1
1101	98	Picture	30	1964666	0	1	4145	2	0	4000	other	0
1101	98	Pulse	5	1968012	3346	3
1101	99	Picture	30	1982737	0	1	4144	3	0	4000	other	0
1101	99	Pulse	5	1988002	5265	2
1101	100	Picture	30	2000807	0	2	4145	3	0	4000	other	0
1101	100	Pulse	5	2008001	7194	2
1101	101	Picture	31	2018878	0	1	4145	2	0	4000	hit	207
1101	101	Response	1	2022081	3203	2
1101	101	Pulse	5	2028001	9123	2
1101	102	Picture	30	2036949	0	1	4144	2	0	4000	other	0
1101	102	Pulse	5	2047990	11041	2
1101	103	Picture	30	2055019	0	1	4145	2	0	4000	other	0
1101	103	Pulse	5	2067989	12970	2
1101	104	Pulse	5	2087989	14899	2
1101	105	Picture	10	2098123	0	2	4145	3	0	4000	other	0
1101	105	Pulse	5	2107978	9855	2
1101	106	Picture	10	2116194	0	1	4144	3	0	4000	other	0
1101	106	Pulse	5	2127978	11784	1
1101	107	Picture	11	2134264	0	2	4145	3	0	4000	hit	219
1101	107	Response	1	2137577	3313	3
1101	107	Pulse	5	2147977	13713	2
1101	108	Picture	10	2152335	0	1	4145	2	0	4000	other	0
1101	108	Pulse	5	2167966	15631	2
1101	109	Picture	11	2170406	0	1	4144	2	0	4000	hit	224
1101	109	Response	1	2174846	4440	2
1101	109	Pulse	5	2187966	17560	1
1101	110	Picture	10	2188476	0	1	4145	2	0	4000	other	0
1101	111	Picture	10	2206547	0	1	4144	3	0	4000	other	0
1101	111	Pulse	5	2207955	1408	2
1101	112	Picture	11	2224617	0	2	4145	3	0	4000	hit	231
1101	112	Pulse	5	2227954	3337	3
1101	112	Response	1	2228434	3817	3
1101	113	Picture	10	2242688	0	1	4145	2	0	4000	other	0
1101	113	Pulse	5	2247954	5266	2
1101	114	Picture	10	2260759	0	1	4144	3	0	4000	other	0
1101	114	Pulse	5	2267943	7184	2
1101	115	Picture	10	2278829	0	1	4145	2	0	4000	other	0
1101	115	Pulse	5	2287942	9113	3
1101	116	Picture	10	2296900	0	1	4144	3	0	4000	other	0
1101	116	Pulse	5	2307942	11042	2
1101	117	Picture	10	2314970	0	1	4145	2	0	4000	other	0
1101	117	Pulse	5	2327941	12971	3
1101	118	Picture	11	2333041	0	1	4144	3	0	4000	hit	243
1101	118	Response	1	2338331	5290	3
1101	118	Pulse	5	2347931	14890	3
1101	119	Picture	10	2351111	0	2	4145	3	0	4000	other	0
1101	119	Pulse	5	2367930	16819	2
1101	120	Picture	10	2369182	0	1	4145	2	0	4000	other	0
1101	121	Pulse	5	2387929	676	3
1101	121	Pulse	5	2407919	20666	2
1101	122	Picture	20	2412286	0	1	4145	2	0	4000	other	0
1101	122	Pulse	5	2427918	15632	2
1101	123	Picture	20	2430357	0	1	4144	3	0	4000	other	0
1101	123	Pulse	5	2447918	17561	1
1101	124	Picture	20	2448427	0	2	4145	3	0	4000	other	0
1101	125	Picture	21	2466498	0	1	4145	2	0	4000	hit	257
1101	125	Pulse	5	2467907	1409	2
1101	125	Response	1	2469988	3490	1
1101	126	Picture	20	2484569	0	1	4144	2	0	4000	other	0
1101	126	Pulse	5	2487906	3337	2
1101	127	Picture	20	2502639	0	1	4145	2	0	4000	other	0
1101	127	Pulse	5	2507906	5267	1
1101	128	Picture	21	2520710	0	1	4144	2	0	4000	hit	263
1101	128	Response	1	2524055	3345	2
1101	128	Pulse	5	2527895	7185	2
1101	129	Picture	20	2538780	0	1	4145	2	0	4000	other	0
1101	129	Pulse	5	2547895	9115	1
1101	130	Picture	20	2556851	0	1	4144	3	0	4000	other	0
1101	130	Pulse	5	2568054	11203	2
1101	131	Picture	20	2574921	0	2	4145	3	0	4000	other	0
1101	131	Pulse	5	2588043	13122	2
1101	132	Picture	21	2592992	0	1	4145	2	0	4000	hit	272
1101	132	Response	1	2596043	3051	2
1101	132	Pulse	5	2608043	15051	1
1101	133	Picture	20	2611063	0	1	4144	2	0	4000	other	0
1101	133	Pulse	5	2628042	16979	2
1101	134	Picture	20	2629133	0	1	4145	2	0	4000	other	0
1101	135	Picture	21	2647204	0	1	4144	3	0	4000	hit	279
1101	135	Pulse	5	2648031	827	2
1101	135	Response	1	2651072	3868	1
1101	136	Picture	20	2665274	0	1	4145	2	0	4000	other	0
1101	136	Pulse	5	2668031	2757	1
1101	137	Picture	20	2683345	0	1	4145	2	0	4000	other	0
1101	137	Pulse	5	2688030	4685	2
