Scenario - 1-back
Logfile written - 01/22/2015 16:40:01

Subject	Trial	Event Type	Code	Time	TTime	Uncertainty	Duration	Uncertainty	ReqTime	ReqDur	Stim Type	Pair Index

1101	1	Response	1	902223	912057	2
1101	1	Pulse	5	1045719	1055553	1
1101	2	Pulse	5	1065717	19833	2
1101	3	Picture	10	1070918	0	1	4144	3	0	4000	other	0
1101	3	Pulse	5	1085707	14789	2
1101	4	Picture	10	1088988	0	2	4145	3	0	4000	other	0
1101	4	Pulse	5	1105706	16718	3
1101	5	Picture	11	1107059	0	1	4145	2	0	4000	hit	9
1101	5	Response	1	1112106	5047	2
1101	6	Picture	10	1125129	0	2	4145	3	0	4000	other	0
1101	6	Pulse	5	1125706	577	2
1101	7	Picture	11	1143200	0	1	4145	2	0	4000	hit	14
1101	7	Pulse	5	1145695	2495	2
1101	7	Response	1	1147455	4255	2
1101	8	Picture	10	1161271	0	1	4144	3	0	4000	other	0
1101	8	Pulse	5	1165694	4423	3
1101	9	Picture	10	1179341	0	1	4145	2	0	4000	other	0
1101	9	Pulse	5	1185694	6353	2
1101	10	Picture	10	1197412	0	1	4144	3	0	4000	other	0
1101	10	Pulse	5	1205683	8271	2
1101	11	Picture	11	1215482	0	2	4145	3	0	4000	hit	22
1101	11	Response	1	1219763	4281	2
1101	11	Pulse	5	1225682	10200	3
1101	12	Picture	10	1233553	0	1	4145	2	0	4000	other	0
1101	12	Pulse	5	1245682	12129	2
1101	13	Picture	10	1251623	0	2	4145	3	0	4000	other	0
1101	13	Pulse	5	1265671	14048	2
1101	14	Picture	11	1269694	0	1	4145	2	0	4000	hit	29
1101	14	Response	1	1273511	3817	2
1101	14	Pulse	5	1285671	15977	1
1101	15	Picture	10	1287765	0	1	4144	3	0	4000	other	0
1101	15	Pulse	5	1305670	17905	2
1101	16	Picture	10	1305835	0	1	4145	2	0	4000	other	0
1101	17	Picture	10	1323906	0	1	4144	3	0	4000	other	0
1101	17	Pulse	5	1325659	1753	2
1101	18	Picture	10	1341976	0	2	4145	3	0	4000	other	0
1101	18	Pulse	5	1345659	3683	1
1101	19	Pulse	5	1365658	5611	2
1101	20	Picture	20	1385081	0	1	4144	2	0	4000	other	0
1101	20	Pulse	5	1385647	566	2
1101	21	Picture	20	1403151	0	1	4145	2	0	4000	other	0
1101	21	Pulse	5	1405647	2496	2
1101	22	Picture	21	1421222	0	1	4144	3	0	4000	hit	45
1101	22	Pulse	5	1425646	4424	2
1101	22	Response	1	1425966	4744	2
1101	23	Picture	20	1439292	0	1	4145	2	0	4000	other	0
1101	23	Pulse	5	1445636	6344	1
1101	24	Picture	20	1457363	0	1	4144	3	0	4000	other	0
1101	24	Pulse	5	1465635	8272	2
1101	25	Picture	20	1475433	0	2	4145	3	0	4000	other	0
1101	25	Pulse	5	1485634	10201	2
1101	26	Picture	21	1493504	0	1	4145	2	0	4000	hit	53
1101	26	Response	1	1497634	4130	2
1101	26	Pulse	5	1505624	12120	1
1101	27	Picture	20	1511575	0	1	4144	2	0	4000	other	0
1101	27	Pulse	5	1525623	14048	2
1101	28	Picture	20	1529645	0	1	4145	2	0	4000	other	0
1101	28	Pulse	5	1545622	15977	2
1101	29	Picture	20	1547716	0	1	4144	3	0	4000	other	0
1101	29	Pulse	5	1565612	17896	2
1101	30	Picture	20	1565786	0	2	4145	3	0	4000	other	0
1101	31	Picture	20	1583857	0	1	4144	3	0	4000	other	0
1101	31	Pulse	5	1585611	1754	3
1101	32	Picture	21	1601927	0	2	4145	3	0	4000	hit	66
1101	32	Pulse	5	1605611	3684	2
1101	32	Response	1	1606730	4803	3
1101	33	Picture	20	1619998	0	1	4145	2	0	4000	other	0
1101	33	Pulse	5	1625600	5602	2
1101	34	Picture	20	1638069	0	1	4144	2	0	4000	other	0
1101	34	Pulse	5	1645599	7530	2
1101	35	Picture	21	1656139	0	1	4145	2	0	4000	hit	72
1101	35	Response	1	1660160	4021	1
1101	35	Pulse	5	1665599	9460	1
1101	36	Pulse	5	1685588	11378	2
1101	37	Picture	10	1699243	0	2	4145	3	0	4000	other	0
1101	37	Pulse	5	1705587	6344	2
1101	38	Picture	10	1717314	0	1	4145	2	0	4000	other	0
1101	38	Pulse	5	1725587	8273	2
1101	39	Picture	11	1735384	0	2	4145	3	0	4000	hit	80
1101	39	Response	1	1739506	4122	2
1101	39	Pulse	5	1745736	10352	2
1101	40	Picture	10	1753455	0	1	4145	2	0	4000	other	0
1101	40	Pulse	5	1765735	12280	2
1101	41	Picture	11	1771525	0	2	4145	3	0	4000	hit	85
1101	41	Response	1	1775655	4130	2
1101	41	Pulse	5	1785735	14210	2
1101	42	Picture	10	1789596	0	1	4145	2	0	4000	other	0
1101	42	Pulse	5	1805724	16128	2
1101	43	Picture	10	1807667	0	1	4144	3	0	4000	other	0
1101	43	Pulse	5	1825724	18057	2
1101	44	Picture	10	1825737	0	2	4145	3	0	4000	other	0
1101	45	Picture	11	1843808	0	1	4145	2	0	4000	hit	94
1101	45	Pulse	5	1845723	1915	2
1101	45	Response	1	1847323	3515	2
1101	46	Picture	10	1861879	0	1	4144	2	0	4000	other	0
1101	46	Pulse	5	1865712	3833	2
1101	47	Picture	10	1879949	0	1	4145	2	0	4000	other	0
1101	47	Pulse	5	1885712	5763	2
1101	48	Picture	11	1898020	0	1	4144	2	0	4000	hit	100
1101	48	Response	1	1901871	3851	2
1101	48	Pulse	5	1905711	7691	2
1101	49	Picture	10	1916090	0	1	4145	2	0	4000	other	0
1101	49	Pulse	5	1925700	9610	2
1101	50	Picture	10	1934160	0	2	4145	4	0	4000	other	0
1101	50	Pulse	5	1945700	11540	2
1101	51	Picture	10	1952231	0	2	4145	3	0	4000	other	0
1101	51	Pulse	5	1965699	13468	2
1101	52	Picture	10	1970302	0	1	4145	2	0	4000	other	0
1101	52	Pulse	5	1985689	15387	1
1101	53	Pulse	5	2005688	17315	2
1101	54	Picture	30	2013406	0	1	4145	2	0	4000	other	0
1101	54	Pulse	5	2025687	12281	2
1101	55	Picture	30	2031477	0	1	4144	2	0	4000	other	0
1101	55	Pulse	5	2045677	14200	2
1101	56	Picture	31	2049547	0	1	4145	2	0	4000	miss	0
1101	56	Pulse	5	2065676	16129	2
1101	57	Picture	30	2067618	0	1	4144	3	0	4000	other	0
1101	57	Pulse	5	2085675	18057	3
1101	58	Picture	30	2085688	0	2	4145	3	0	4000	other	0
1101	59	Picture	30	2103759	0	1	4145	2	0	4000	other	0
1101	59	Pulse	5	2105665	1906	2
1101	60	Picture	31	2121829	0	2	4145	4	0	4000	hit	124
1101	60	Pulse	5	2125664	3835	2
1101	60	Response	1	2127424	5595	2
1101	61	Picture	31	2139897	0	6	4148	7	0	4000	hit	126
1101	61	Response	1	2144384	4487	1
1101	61	Pulse	5	2145664	5767	1
1101	62	Picture	30	2157971	0	1	4144	3	0	4000	other	0
1101	62	Pulse	5	2165653	7682	2
1101	63	Picture	30	2176041	0	1	4145	2	0	4000	other	0
1101	63	Pulse	5	2185652	9611	3
1101	64	Picture	30	2194112	0	1	4144	3	0	4000	other	0
1101	64	Pulse	5	2205652	11540	2
1101	65	Picture	31	2212182	0	2	4145	3	0	4000	hit	135
1101	65	Response	1	2215571	3389	2
1101	65	Pulse	5	2225641	13459	2
1101	66	Picture	30	2230253	0	1	4145	2	0	4000	other	0
1101	66	Pulse	5	2245641	15388	1
1101	67	Picture	30	2248324	0	1	4144	2	0	4000	other	0
1101	67	Pulse	5	2265640	17316	2
1101	68	Picture	30	2266394	0	1	4145	2	0	4000	other	0
1101	69	Picture	30	2284465	0	1	4144	3	0	4000	other	0
1101	69	Pulse	5	2285629	1164	2
1101	70	Pulse	5	2305629	3094	1
1101	70	Pulse	5	2325628	23093	2
1101	71	Picture	10	2327569	0	1	4144	3	0	4000	other	0
1101	71	Pulse	5	2345617	18048	2
1101	72	Picture	10	2345639	0	2	4145	3	0	4000	other	0
1101	73	Picture	11	2363710	0	1	4145	2	0	4000	hit	151
1101	73	Pulse	5	2365617	1907	2
1101	73	Response	1	2367377	3667	1
1101	74	Picture	10	2381781	0	1	4144	2	0	4000	other	0
1101	74	Pulse	5	2385616	3835	2
1101	75	Picture	11	2399851	0	1	4145	2	0	4000	hit	155
1101	75	Response	1	2403526	3675	1
1101	75	Pulse	5	2405606	5755	1
1101	76	Picture	10	2417922	0	1	4144	3	0	4000	other	0
1101	76	Pulse	5	2425605	7683	2
1101	77	Picture	10	2435992	0	1	4145	2	0	4000	other	0
1101	77	Pulse	5	2445604	9612	2
1101	78	Picture	11	2454063	0	1	4144	3	0	4000	hit	162
1101	78	Response	1	2458564	4501	2
1101	78	Pulse	5	2465594	11531	1
1101	79	Picture	10	2472133	0	2	4145	3	0	4000	other	0
1101	79	Pulse	5	2485593	13460	2
1101	80	Picture	10	2490204	0	1	4145	2	0	4000	other	0
1101	80	Pulse	5	2505592	15388	2
1101	81	Picture	10	2508275	0	1	4144	2	0	4000	other	0
1101	81	Pulse	5	2525582	17307	2
1101	82	Picture	10	2526345	0	1	4145	2	0	4000	other	0
1101	83	Picture	10	2544416	0	1	4144	3	0	4000	other	0
1101	83	Pulse	5	2545581	1165	4
1101	84	Picture	11	2562486	0	2	4145	3	0	4000	hit	175
1101	84	Pulse	5	2565580	3094	3
1101	84	Response	1	2566220	3734	3
1101	85	Picture	10	2580557	0	1	4145	2	0	4000	other	0
1101	85	Pulse	5	2585570	5013	2
1101	86	Picture	10	2598628	0	1	4144	2	0	4000	other	0
1101	86	Pulse	5	2605569	6941	2
1101	87	Pulse	5	2625570	8872	1
1101	88	Picture	20	2641732	0	1	4144	2	0	4000	other	0
1101	88	Pulse	5	2645558	3826	2
1101	89	Picture	20	2659802	0	2	4145	3	0	4000	other	0
1101	89	Pulse	5	2665557	5755	2
1101	90	Picture	20	2677873	0	1	4144	3	0	4000	other	0
1101	90	Pulse	5	2685557	7684	2
1101	91	Picture	21	2695943	0	2	4145	3	0	4000	hit	188
1101	91	Response	1	2699946	4003	3
1101	91	Pulse	5	2705546	9603	2
1101	92	Picture	20	2714014	0	1	4145	2	0	4000	other	0
1101	92	Pulse	5	2725545	11531	2
1101	93	Picture	20	2732085	0	1	4144	2	0	4000	other	0
1101	93	Pulse	5	2745545	13460	2
1101	94	Picture	21	2750155	0	1	4145	2	0	4000	hit	195
1101	94	Response	1	2754665	4510	1
1101	94	Pulse	5	2765534	15379	2
1101	95	Picture	20	2768226	0	1	4144	3	0	4000	other	0
1101	95	Pulse	5	2785694	17468	1
1101	96	Picture	20	2786296	0	1	4145	2	0	4000	other	0
1101	97	Picture	20	2804367	0	1	4145	2	0	4000	other	0
1101	97	Pulse	5	2805693	1326	2
1101	98	Picture	21	2822437	0	2	4145	3	0	4000	hit	203
1101	98	Response	1	2825682	3245	2
1101	98	Pulse	5	2825682	3245	2
1101	99	Picture	20	2840508	0	1	4145	2	0	4000	other	0
1101	99	Pulse	5	2845682	5174	2
1101	100	Picture	20	2858579	0	1	4144	2	0	4000	other	0
1101	100	Pulse	5	2865681	7102	2
1101	101	Picture	21	2876649	0	1	4145	2	0	4000	hit	210
1101	101	Response	1	2880871	4222	1
1101	101	Pulse	5	2885670	9021	2
1101	102	Picture	20	2894720	0	1	4144	3	0	4000	other	0
1101	102	Pulse	5	2905670	10950	2
1101	103	Picture	20	2912790	0	2	4145	3	0	4000	other	0
1101	103	Pulse	5	2925669	12879	2
1101	104	Pulse	5	2945659	14798	1
1101	105	Picture	10	2955894	0	2	4145	3	0	4000	other	0
1101	105	Pulse	5	2965659	9765	1
1101	106	Picture	10	2973965	0	1	4145	2	0	4000	other	0
1101	106	Pulse	5	2985657	11692	2
1101	107	Picture	11	2992036	0	1	4144	2	0	4000	hit	222
1101	107	Response	1	2996377	4341	2
1101	107	Pulse	5	3005647	13611	2
1101	108	Picture	10	3010106	0	1	4145	2	0	4000	other	0
1101	108	Pulse	5	3025646	15540	2
1101	109	Picture	11	3028177	0	1	4144	3	0	4000	hit	227
1101	109	Response	1	3032846	4669	2
1101	109	Pulse	5	3045645	17468	3
1101	110	Picture	10	3046247	0	2	4145	3	0	4000	other	0
1101	111	Picture	10	3064318	0	1	4145	2	0	4000	other	0
1101	111	Pulse	5	3065635	1317	2
1101	112	Picture	11	3082554	0	2	4145	3	0	4000	hit	234
1101	112	Pulse	5	3085634	3080	2
1101	112	Response	1	3085954	3400	2
1101	113	Picture	10	3100625	0	1	4145	2	0	4000	other	0
1101	113	Pulse	5	3105634	5009	1
1101	114	Picture	10	3118696	0	1	4144	2	0	4000	other	0
1101	114	Pulse	5	3125623	6927	2
1101	115	Picture	10	3136766	0	1	4145	2	0	4000	other	0
1101	115	Pulse	5	3145622	8856	2
1101	116	Picture	10	3154837	0	1	4144	2	0	4000	other	0
1101	116	Pulse	5	3165622	10785	1
1101	117	Picture	10	3172907	0	1	4145	2	0	4000	other	0
1101	117	Pulse	5	3185611	12704	2
1101	118	Picture	11	3190978	0	1	4145	2	0	4000	hit	246
1101	118	Response	1	3194411	3433	2
1101	118	Pulse	5	3205610	14632	3
1101	119	Picture	10	3209048	0	2	4145	3	0	4000	other	0
1101	119	Pulse	5	3225610	16562	2
1101	120	Picture	10	3227119	0	1	4145	2	0	4000	other	0
1101	121	Pulse	5	3245599	409	2
1101	121	Pulse	5	3265599	20409	2
1101	122	Picture	30	3270223	0	1	4145	2	0	4000	other	0
1101	122	Pulse	5	3285598	15375	2
1101	123	Picture	30	3288294	0	1	4144	3	0	4000	other	0
1101	123	Pulse	5	3305587	17293	2
1101	124	Picture	30	3306364	0	1	4145	2	0	4000	other	0
1101	125	Picture	31	3324435	0	1	4145	2	0	4000	hit	260
1101	125	Pulse	5	3325587	1152	2
1101	125	Response	1	3332786	8351	3
1101	126	Picture	31	3342505	0	2	4145	3	0	4000	hit	263
1101	126	Pulse	5	3345586	3081	2
1101	126	Response	1	3351986	9481	2
1101	127	Picture	30	3360576	0	1	4145	2	0	4000	other	0
1101	127	Pulse	5	3365575	4999	2
1101	128	Picture	30	3378647	0	1	4144	2	0	4000	other	0
1101	128	Pulse	5	3385575	6928	2
1101	129	Picture	30	3396717	0	1	4145	2	0	4000	other	0
1101	129	Pulse	5	3405574	8857	2
1101	130	Picture	31	3414788	0	1	4144	3	0	4000	hit	271
1101	130	Response	1	3419804	5016	2
1101	130	Pulse	5	3425564	10776	1
1101	131	Picture	30	3432858	0	2	4145	3	0	4000	other	0
1101	131	Pulse	5	3445563	12705	2
1101	132	Picture	30	3450929	0	1	4144	3	0	4000	other	0
1101	132	Pulse	5	3465562	14633	2
1101	133	Picture	30	3469000	0	1	4144	2	0	4000	other	0
1101	133	Pulse	5	3485552	16552	2
1101	134	Picture	30	3487070	0	1	4145	2	0	4000	other	0
1101	135	Picture	31	3505141	0	1	4144	2	0	4000	hit	282
1101	135	Pulse	5	3505551	410	2
1101	135	Response	1	3508591	3450	2
1101	136	Picture	30	3523211	0	1	4145	2	0	4000	other	0
1101	136	Pulse	5	3525550	2339	3
1101	137	Picture	30	3541282	0	1	4144	3	0	4000	other	0
1101	137	Pulse	5	3545540	4258	2
