Scenario - 1-back
Logfile written - 01/22/2015 16:44:50

Subject	Trial	Event Type	Code	Time	TTime	Uncertainty	Duration	Uncertainty	ReqTime	ReqDur	Stim Type	Pair Index

1101	1	Pulse	5	342530	352364	1
1101	2	Pulse	5	362529	19905	2
1101	3	Picture	10	367658	0	1	4144	2	0	4000	other	0
1101	3	Pulse	5	382518	14860	3
1101	4	Picture	10	385728	0	1	4145	2	0	4000	other	0
1101	4	Pulse	5	402518	16790	2
1101	5	Picture	11	403798	0	2	4145	4	0	4000	hit	8
1101	5	Response	1	407157	3359	3
1101	6	Picture	10	421869	0	2	4145	3	0	4000	other	0
1101	6	Pulse	5	422517	648	2
1101	7	Picture	11	439940	0	1	4145	2	0	4000	hit	13
1101	7	Pulse	5	442506	2566	2
1101	7	Response	1	444586	4646	2
1101	8	Picture	10	458011	0	1	4144	2	0	4000	other	0
1101	8	Pulse	5	462506	4495	2
1101	9	Picture	10	476081	0	1	4144	3	0	4000	other	0
1101	9	Pulse	5	482505	6424	2
1101	10	Picture	10	494152	0	1	4144	3	0	4000	other	0
1101	10	Pulse	5	502495	8343	1
1101	11	Picture	11	512222	0	1	4145	2	0	4000	hit	21
1101	11	Response	1	515454	3232	2
1101	11	Pulse	5	522494	10272	2
1101	12	Picture	10	530293	0	1	4145	2	0	4000	other	0
1101	12	Pulse	5	542493	12200	2
1101	13	Picture	10	548363	0	2	4145	3	0	4000	other	0
1101	13	Pulse	5	562483	14120	2
1101	14	Picture	11	566434	0	1	4145	2	0	4000	hit	28
1101	14	Response	1	570002	3568	2
1101	14	Pulse	5	582482	16048	2
1101	15	Picture	10	584505	0	1	4144	3	0	4000	other	0
1101	15	Pulse	5	602481	17976	2
1101	16	Picture	10	602575	0	1	4145	2	0	4000	other	0
1101	17	Picture	10	620646	0	1	4144	3	0	4000	other	0
1101	17	Pulse	5	622471	1825	2
1101	18	Picture	10	638716	0	2	4145	3	0	4000	other	0
1101	18	Pulse	5	642470	3754	2
1101	19	Pulse	5	662470	5683	1
1101	20	Picture	30	681821	0	1	4144	2	0	4000	other	0
1101	20	Pulse	5	682459	638	2
1101	21	Picture	30	699891	0	1	4145	2	0	4000	other	0
1101	21	Pulse	5	702458	2567	3
1101	22	Picture	31	717962	0	1	4144	3	0	4000	hit	44
1101	22	Pulse	5	722458	4496	2
1101	22	Response	1	723898	5936	2
1101	23	Picture	30	736032	0	2	4145	3	0	4000	other	0
1101	23	Pulse	5	742447	6415	3
1101	24	Picture	30	754103	0	1	4144	3	0	4000	other	0
1101	24	Pulse	5	762446	8343	3
1101	25	Picture	30	772173	0	2	4145	3	0	4000	other	0
1101	25	Pulse	5	782447	10274	1
1101	26	Picture	31	790244	0	1	4145	2	0	4000	hit	52
1101	26	Response	1	798435	8191	2
1101	26	Pulse	5	802435	12191	2
1101	27	Picture	31	808315	0	1	4144	2	0	4000	hit	55
1101	27	Response	1	816035	7720	2
1101	27	Pulse	5	822435	14120	1
1101	28	Picture	30	826385	0	1	4145	2	0	4000	other	0
1101	28	Pulse	5	842434	16049	2
1101	29	Picture	30	844456	0	1	4144	3	0	4000	other	0
1101	29	Pulse	5	862423	17967	3
1101	30	Picture	30	862526	0	2	4145	3	0	4000	other	0
1101	31	Picture	31	880597	0	1	4145	2	0	4000	hit	64
1101	31	Pulse	5	882423	1826	2
1101	31	Response	1	886263	5666	2
1101	32	Picture	30	898668	0	1	4144	2	0	4000	other	0
1101	32	Pulse	5	902422	3754	2
1101	33	Picture	30	916738	0	1	4145	2	0	4000	other	0
1101	33	Pulse	5	922411	5673	2
1101	34	Picture	30	934809	0	1	4144	2	0	4000	other	0
1101	34	Pulse	5	942411	7602	2
1101	35	Picture	30	952879	0	2	4145	3	0	4000	other	0
1101	35	Pulse	5	962410	9531	2
1101	36	Pulse	5	982400	11450	1
1101	37	Picture	10	995983	0	2	4145	3	0	4000	other	0
1101	37	Pulse	5	1002399	6416	2
1101	38	Picture	10	1014054	0	1	4145	2	0	4000	other	0
1101	38	Pulse	5	1022398	8344	2
1101	39	Picture	11	1032125	0	1	4144	2	0	4000	hit	79
1101	39	Response	1	1035828	3703	2
1101	39	Pulse	5	1042388	10263	1
1101	40	Picture	10	1050195	0	1	4145	2	0	4000	other	0
1101	40	Pulse	5	1062387	12192	2
1101	41	Picture	11	1068266	0	1	4144	3	0	4000	hit	84
1101	41	Response	1	1071987	3721	2
1101	41	Pulse	5	1082386	14120	2
1101	42	Picture	10	1086336	0	2	4145	3	0	4000	other	0
1101	42	Pulse	5	1102376	16040	2
1101	43	Picture	10	1104407	0	1	4145	2	0	4000	other	0
1101	43	Pulse	5	1122375	17968	2
1101	44	Picture	10	1122477	0	2	4145	3	0	4000	other	0
1101	45	Picture	11	1140548	0	1	4145	2	0	4000	hit	93
1101	45	Pulse	5	1142375	1827	1
1101	45	Response	1	1143815	3267	1
1101	46	Picture	10	1158619	0	1	4144	3	0	4000	other	0
1101	46	Pulse	5	1162364	3745	2
1101	47	Picture	10	1176689	0	1	4144	3	0	4000	other	0
1101	47	Pulse	5	1182363	5674	2
1101	48	Picture	11	1194760	0	1	4144	3	0	4000	hit	99
1101	48	Response	1	1198523	3763	2
1101	48	Pulse	5	1202363	7603	1
1101	49	Picture	10	1212830	0	2	4145	3	0	4000	other	0
1101	49	Pulse	5	1222352	9522	2
1101	50	Picture	10	1230901	0	1	4145	2	0	4000	other	0
1101	50	Pulse	5	1242351	11450	2
1101	51	Picture	10	1248971	0	2	4145	3	0	4000	other	0
1101	51	Pulse	5	1262511	13540	2
1101	52	Picture	10	1267042	0	1	4145	2	0	4000	other	0
1101	52	Pulse	5	1282500	15458	2
1101	53	Pulse	5	1302500	17387	1
1101	54	Picture	20	1310146	0	1	4145	2	0	4000	other	0
1101	54	Pulse	5	1322499	12353	2
1101	55	Picture	20	1328217	0	1	4145	2	0	4000	other	0
1101	55	Pulse	5	1342488	14271	3
1101	56	Picture	21	1346287	0	2	4145	3	0	4000	hit	115
1101	56	Response	1	1349848	3561	2
1101	56	Pulse	5	1362488	16201	2
1101	57	Picture	20	1364358	0	1	4145	2	0	4000	other	0
1101	58	Picture	20	1382429	0	1	4144	3	0	4000	other	0
1101	58	Pulse	5	1382487	58	2
1101	59	Picture	20	1400499	0	1	4145	2	0	4000	other	0
1101	59	Pulse	5	1402476	1977	2
1101	60	Picture	21	1418570	0	1	4144	3	0	4000	hit	123
1101	60	Response	1	1421996	3426	2
1101	60	Pulse	5	1422476	3906	2
1101	61	Picture	20	1436640	0	2	4145	3	0	4000	other	0
1101	61	Pulse	5	1442475	5835	2
1101	62	Picture	20	1454711	0	1	4145	2	0	4000	other	0
1101	62	Pulse	5	1462464	7753	3
1101	63	Picture	20	1472782	0	1	4144	2	0	4000	other	0
1101	63	Pulse	5	1482464	9682	2
1101	64	Picture	20	1490852	0	1	4145	2	0	4000	other	0
1101	64	Pulse	5	1502463	11611	2
1101	65	Picture	20	1508923	0	1	4144	2	0	4000	other	0
1101	65	Pulse	5	1522453	13530	1
1101	66	Picture	21	1526993	0	1	4145	2	0	4000	hit	136
1101	66	Response	1	1532212	5219	2
1101	66	Pulse	5	1542452	15459	2
1101	67	Picture	20	1545064	0	1	4144	3	0	4000	other	0
1101	67	Pulse	5	1562451	17387	2
1101	68	Picture	20	1563134	0	2	4145	3	0	4000	other	0
1101	69	Picture	21	1581205	0	1	4145	2	0	4000	hit	143
1101	69	Pulse	5	1582441	1236	2
1101	69	Response	1	1584681	3476	2
1101	70	Pulse	5	1602440	3164	2
1101	70	Pulse	5	1622440	23164	1
1101	71	Picture	10	1624309	0	1	4145	2	0	4000	other	0
1101	72	Picture	10	1642380	0	1	4144	3	0	4000	other	0
1101	72	Pulse	5	1642429	49	2
1101	73	Picture	11	1660450	0	2	4145	3	0	4000	hit	151
1101	73	Pulse	5	1662428	1978	2
1101	73	Response	1	1664828	4378	2
1101	74	Picture	10	1678521	0	1	4144	3	0	4000	other	0
1101	74	Pulse	5	1682428	3907	1
1101	75	Picture	11	1696591	0	2	4145	3	0	4000	hit	155
1101	75	Response	1	1700657	4066	2
1101	75	Pulse	5	1702417	5826	2
1101	76	Picture	10	1714662	0	1	4145	2	0	4000	other	0
1101	76	Pulse	5	1722416	7754	2
1101	77	Picture	10	1732733	0	1	4144	3	0	4000	other	0
1101	77	Pulse	5	1742416	9683	2
1101	78	Picture	11	1750803	0	1	4145	2	0	4000	hit	162
1101	78	Response	1	1755365	4562	3
1101	78	Pulse	5	1762405	11602	2
1101	79	Picture	10	1768874	0	1	4144	3	0	4000	other	0
1101	79	Pulse	5	1782404	13530	3
1101	80	Picture	10	1786944	0	2	4145	3	0	4000	other	0
1101	80	Pulse	5	1802404	15460	2
1101	81	Picture	10	1805015	0	1	4145	2	0	4000	other	0
1101	81	Pulse	5	1822393	17378	3
1101	82	Picture	10	1823086	0	1	4144	2	0	4000	other	0
1101	83	Picture	10	1841156	0	1	4145	2	0	4000	other	0
1101	83	Pulse	5	1842393	1237	2
1101	84	Picture	11	1859227	0	1	4144	3	0	4000	hit	175
1101	84	Pulse	5	1862392	3165	3
1101	84	Response	1	1863832	4605	3
1101	85	Picture	10	1877297	0	2	4145	3	0	4000	other	0
1101	85	Pulse	5	1882382	5085	1
1101	86	Picture	10	1895368	0	1	4145	2	0	4000	other	0
1101	86	Pulse	5	1902381	7013	2
1101	87	Pulse	5	1922381	8942	1
1101	88	Picture	30	1938472	0	1	4145	2	0	4000	other	0
1101	88	Pulse	5	1942370	3898	1
1101	89	Picture	30	1956543	0	1	4144	2	0	4000	other	0
1101	89	Pulse	5	1962369	5826	2
1101	90	Picture	30	1974613	0	1	4145	2	0	4000	other	0
1101	90	Pulse	5	1982364	7751	13
1101	91	Picture	31	1992684	0	1	4144	3	0	4000	hit	188
1101	91	Response	1	1999318	6634	1
1101	91	Pulse	5	2002358	9674	1
1101	92	Picture	31	2010754	0	2	4145	3	0	4000	hit	191
1101	92	Response	1	2017717	6963	2
1101	92	Pulse	5	2022357	11603	2
1101	93	Picture	30	2028825	0	1	4145	2	0	4000	other	0
1101	93	Pulse	5	2042356	13531	2
1101	94	Picture	30	2046896	0	1	4144	2	0	4000	other	0
1101	94	Pulse	5	2062346	15450	2
1101	95	Picture	30	2064966	0	1	4145	2	0	4000	other	0
1101	95	Pulse	5	2082345	17379	2
1101	96	Picture	31	2083037	0	1	4144	3	0	4000	hit	200
1101	96	Response	1	2086825	3788	2
1101	97	Picture	30	2101107	0	2	4145	3	0	4000	other	0
1101	97	Pulse	5	2102344	1237	2
1101	98	Picture	30	2119178	0	1	4145	2	0	4000	other	0
1101	98	Pulse	5	2122334	3156	2
1101	99	Picture	30	2137248	0	2	4145	3	0	4000	other	0
1101	99	Pulse	5	2142333	5085	2
1101	100	Picture	30	2155319	0	1	4145	2	0	4000	other	0
1101	100	Pulse	5	2162333	7014	1
1101	101	Picture	31	2173390	0	1	4144	3	0	4000	hit	210
1101	101	Response	1	2176722	3332	2
1101	101	Pulse	5	2182322	8932	2
1101	102	Picture	30	2191460	0	1	4145	2	0	4000	other	0
1101	102	Pulse	5	2202321	10861	2
1101	103	Picture	30	2209531	0	1	4144	3	0	4000	false_alarm	215
1101	103	Response	1	2216081	6550	2
1101	103	Pulse	5	2222321	12790	2
1101	104	Pulse	5	2242310	14709	2
1101	105	Picture	10	2252635	0	1	4145	2	0	4000	other	0
1101	105	Pulse	5	2262309	9674	2
1101	106	Picture	10	2270706	0	1	4144	2	0	4000	other	0
1101	106	Pulse	5	2282309	11603	2
1101	107	Picture	11	2288776	0	1	4145	2	0	4000	hit	223
1101	107	Response	1	2293978	5202	3
1101	107	Pulse	5	2302458	13682	3
1101	108	Picture	10	2306847	0	1	4144	3	0	4000	other	0
1101	108	Pulse	5	2322458	15611	2
1101	109	Picture	11	2324917	0	2	4145	3	0	4000	hit	228
1101	109	Response	1	2328697	3780	3
1101	109	Pulse	5	2342457	17540	2
1101	110	Picture	10	2342988	0	1	4144	3	0	4000	other	0
1101	111	Picture	10	2361059	0	1	4144	2	0	4000	other	0
1101	111	Pulse	5	2362446	1387	2
1101	112	Picture	11	2379129	0	1	4145	2	0	4000	hit	235
1101	112	Pulse	5	2382446	3317	2
1101	112	Response	1	2383566	4437	2
1101	113	Picture	10	2397200	0	1	4144	2	0	4000	other	0
1101	113	Pulse	5	2402445	5245	2
1101	114	Picture	10	2415270	0	1	4144	3	0	4000	other	0
1101	114	Pulse	5	2422434	7164	2
1101	115	Picture	10	2433341	0	1	4144	3	0	4000	other	0
1101	115	Pulse	5	2442434	9093	2
1101	116	Picture	10	2451411	0	2	4145	3	0	4000	other	0
1101	116	Pulse	5	2462433	11022	2
1101	117	Picture	10	2469482	0	1	4145	2	0	4000	other	0
1101	117	Pulse	5	2482423	12941	1
1101	118	Picture	11	2487553	0	1	4144	2	0	4000	hit	247
1101	118	Response	1	2491062	3509	2
1101	118	Pulse	5	2502422	14869	2
1101	119	Picture	10	2505623	0	1	4145	2	0	4000	other	0
1101	119	Pulse	5	2522421	16798	2
1101	120	Picture	10	2523692	0	11	4146	13	0	4000	other	0
1101	121	Pulse	5	2542411	647	1
1101	121	Pulse	5	2562410	20646	2
1101	122	Picture	20	2566798	0	1	4144	3	0	4000	other	0
1101	122	Pulse	5	2582409	15611	2
1101	123	Picture	20	2584869	0	1	4144	2	0	4000	other	0
1101	123	Pulse	5	2602399	17530	2
1101	124	Picture	20	2602939	0	1	4145	2	0	4000	other	0
1101	125	Picture	21	2621010	0	1	4144	2	0	4000	hit	261
1101	125	Pulse	5	2622398	1388	2
1101	125	Response	1	2624798	3788	2
1101	126	Picture	20	2639080	0	1	4145	2	0	4000	other	0
1101	126	Pulse	5	2642398	3318	1
1101	127	Picture	20	2657151	0	1	4144	3	0	4000	other	0
1101	127	Pulse	5	2662387	5236	2
1101	128	Picture	21	2675221	0	2	4145	3	0	4000	hit	267
1101	128	Response	1	2678706	3485	2
1101	128	Pulse	5	2682386	7165	2
1101	129	Picture	20	2693292	0	1	4145	2	0	4000	other	0
1101	129	Pulse	5	2702386	9094	2
1101	130	Picture	20	2711362	0	2	4145	3	0	4000	other	0
1101	130	Pulse	5	2722375	11013	2
1101	131	Picture	20	2729433	0	1	4145	2	0	4000	other	0
1101	131	Pulse	5	2742374	12941	2
1101	132	Picture	21	2747504	0	1	4144	3	0	4000	hit	276
1101	132	Response	1	2751334	3830	2
1101	132	Pulse	5	2762364	14860	3
1101	133	Picture	20	2765574	0	2	4144	4	0	4000	other	0
1101	133	Pulse	5	2782363	16789	3
1101	134	Picture	20	2783643	0	3	4146	5	0	4000	other	0
1101	135	Picture	21	2801716	0	1	4144	2	0	4000	hit	283
1101	135	Pulse	5	2802362	646	4
1101	135	Response	1	2805722	4006	3
1101	136	Picture	20	2819786	0	1	4145	2	0	4000	other	0
1101	136	Pulse	5	2822362	2576	3
1101	137	Picture	20	2837857	0	1	4144	2	0	4000	other	0
1101	137	Pulse	5	2842351	4494	3
