Scenario - 1-back
Logfile written - 01/22/2015 16:49:21

Subject	Trial	Event Type	Code	Time	TTime	Uncertainty	Duration	Uncertainty	ReqTime	ReqDur	Stim Type	Pair Index

1101	1	Pulse	5	170345	180179	3
1101	2	Pulse	5	190335	19962	2
1101	3	Picture	10	195407	0	1	4145	2	0	4000	other	0
1101	3	Pulse	5	210334	14927	2
1101	4	Picture	10	213478	0	1	4144	2	0	4000	other	0
1101	4	Pulse	5	230334	16856	1
1101	5	Picture	11	231548	0	1	4145	2	0	4000	hit	8
1101	5	Response	1	235933	4385	2
1101	6	Picture	10	249619	0	1	4144	3	0	4000	other	0
1101	6	Pulse	5	250323	704	2
1101	7	Picture	11	267689	0	1	4145	2	0	4000	hit	13
1101	7	Pulse	5	270322	2633	2
1101	7	Response	1	270962	3273	2
1101	8	Picture	10	285760	0	1	4145	2	0	4000	other	0
1101	8	Pulse	5	290322	4562	2
1101	9	Picture	10	303830	0	2	4145	3	0	4000	other	0
1101	9	Pulse	5	310311	6481	2
1101	10	Picture	10	321901	0	1	4145	2	0	4000	other	0
1101	10	Pulse	5	330310	8409	2
1101	11	Picture	11	339972	0	1	4144	2	0	4000	hit	21
1101	11	Response	1	343590	3618	2
1101	11	Pulse	5	350310	10338	2
1101	12	Picture	10	358042	0	1	4145	2	0	4000	other	0
1101	12	Pulse	5	370299	12257	2
1101	13	Picture	10	376113	0	1	4144	3	0	4000	other	0
1101	13	Pulse	5	390299	14186	1
1101	14	Picture	11	394183	0	2	4145	3	0	4000	hit	28
1101	14	Response	1	397178	2995	2
1101	14	Pulse	5	410298	16115	2
1101	15	Picture	10	412254	0	1	4145	2	0	4000	other	0
1101	15	Pulse	5	430287	18033	2
1101	16	Picture	10	430325	0	1	4144	2	0	4000	other	0
1101	17	Picture	10	448395	0	1	4145	2	0	4000	other	0
1101	17	Pulse	5	450287	1892	2
1101	18	Picture	10	466466	0	1	4144	3	0	4000	other	0
1101	18	Pulse	5	470286	3820	2
1101	19	Pulse	5	490275	5739	2
1101	20	Picture	20	509570	0	1	4145	2	0	4000	other	0
1101	20	Pulse	5	510275	705	2
1101	21	Picture	20	527640	0	2	4145	3	0	4000	other	0
1101	21	Pulse	5	530274	2634	2
1101	22	Picture	21	545711	0	1	4145	2	0	4000	hit	43
1101	22	Response	1	550104	4393	2
1101	22	Pulse	5	550264	4553	1
1101	23	Picture	20	563782	0	1	4144	2	0	4000	other	0
1101	23	Pulse	5	570263	6481	2
1101	24	Picture	20	581852	0	1	4145	2	0	4000	other	0
1101	24	Pulse	5	590262	8410	2
1101	25	Picture	20	599923	0	1	4144	3	0	4000	other	0
1101	25	Pulse	5	610252	10329	2
1101	26	Picture	21	617993	0	1	4145	2	0	4000	hit	52
1101	26	Response	1	622091	4098	3
1101	26	Pulse	5	630251	12258	2
1101	27	Picture	20	636064	0	1	4145	2	0	4000	other	0
1101	27	Pulse	5	650252	14188	1
1101	28	Picture	20	654134	0	2	4145	3	0	4000	other	0
1101	28	Pulse	5	670240	16106	2
1101	29	Picture	20	672205	0	1	4145	2	0	4000	other	0
1101	29	Pulse	5	690239	18034	3
1101	30	Picture	20	690276	0	1	4144	3	0	4000	other	0
1101	31	Picture	20	708346	0	1	4145	2	0	4000	other	0
1101	31	Pulse	5	710239	1893	2
1101	32	Picture	21	726417	0	1	4144	3	0	4000	hit	65
1101	32	Pulse	5	730228	3811	2
1101	32	Response	1	731348	4931	2
1101	33	Picture	20	744487	0	2	4145	3	0	4000	other	0
1101	33	Pulse	5	750227	5740	2
1101	34	Picture	20	762558	0	1	4145	2	0	4000	other	0
1101	34	Pulse	5	770227	7669	2
1101	35	Picture	21	780629	0	1	4144	2	0	4000	hit	71
1101	35	Response	1	784307	3678	1
1101	35	Pulse	5	790216	9587	2
1101	36	Pulse	5	810215	11516	2
1101	37	Picture	10	823733	0	1	4144	3	0	4000	other	0
1101	37	Pulse	5	830216	6483	1
1101	38	Picture	10	841803	0	2	4145	3	0	4000	other	0
1101	38	Pulse	5	850204	8401	2
1101	39	Picture	11	859874	0	1	4145	2	0	4000	hit	79
1101	39	Response	1	863484	3610	2
1101	39	Pulse	5	870204	10330	1
1101	40	Picture	10	877944	0	2	4145	3	0	4000	other	0
1101	40	Pulse	5	890204	12260	1
1101	41	Picture	11	896015	0	1	4145	2	0	4000	hit	84
1101	41	Response	1	899963	3948	1
1101	41	Pulse	5	910352	14337	2
1101	42	Picture	10	914086	0	1	4144	3	0	4000	other	0
1101	42	Pulse	5	930352	16266	2
1101	43	Picture	10	932156	0	1	4145	2	0	4000	other	0
1101	44	Picture	10	950227	0	1	4144	3	0	4000	other	0
1101	44	Pulse	5	950351	124	2
1101	45	Picture	11	968297	0	2	4145	3	0	4000	hit	93
1101	45	Pulse	5	970340	2043	2
1101	45	Response	1	972420	4123	2
1101	46	Picture	10	986368	0	1	4145	2	0	4000	other	0
1101	46	Pulse	5	990340	3972	2
1101	47	Picture	10	1004439	0	1	4144	2	0	4000	other	0
1101	47	Pulse	5	1010339	5900	2
1101	48	Picture	11	1022509	0	1	4145	2	0	4000	hit	99
1101	48	Response	1	1026179	3670	2
1101	48	Pulse	5	1030329	7820	1
1101	49	Picture	10	1040580	0	1	4144	3	0	4000	other	0
1101	49	Pulse	5	1050328	9748	2
1101	50	Picture	10	1058650	0	2	4145	3	0	4000	other	0
1101	50	Pulse	5	1070327	11677	2
1101	51	Picture	10	1076721	0	1	4145	2	0	4000	other	0
1101	51	Pulse	5	1090317	13596	2
1101	52	Picture	10	1094791	0	2	4145	3	0	4000	other	0
1101	52	Pulse	5	1110316	15525	2
1101	53	Pulse	5	1130315	17453	3
1101	54	Picture	30	1137895	0	2	4145	3	0	4000	other	0
1101	54	Pulse	5	1150305	12410	2
1101	55	Picture	30	1155966	0	1	4145	2	0	4000	other	0
1101	55	Pulse	5	1170304	14338	2
1101	56	Picture	31	1174037	0	1	4144	3	0	4000	hit	115
1101	56	Response	1	1177504	3467	2
1101	56	Pulse	5	1190304	16267	1
1101	57	Picture	30	1192107	0	2	4145	3	0	4000	other	0
1101	58	Picture	30	1210178	0	1	4145	2	0	4000	other	0
1101	58	Pulse	5	1210293	115	2
1101	59	Picture	30	1228249	0	1	4144	2	0	4000	other	0
1101	59	Pulse	5	1230292	2043	2
1101	60	Picture	31	1246319	0	1	4145	2	0	4000	hit	123
1101	60	Response	1	1249332	3013	2
1101	60	Pulse	5	1250292	3973	2
1101	61	Picture	31	1264390	0	1	4144	3	0	4000	hit	127
1101	61	Pulse	5	1270282	5892	1
1101	61	Response	1	1271401	7011	2
1101	62	Picture	30	1282460	0	2	4145	3	0	4000	other	0
1101	62	Pulse	5	1290280	7820	2
1101	63	Picture	30	1300531	0	1	4145	2	0	4000	other	0
1101	63	Pulse	5	1310280	9749	2
1101	64	Picture	30	1318602	0	1	4144	2	0	4000	other	0
1101	64	Pulse	5	1330269	11667	2
1101	65	Picture	31	1336672	0	1	4145	2	0	4000	miss	0
1101	65	Pulse	5	1350269	13597	1
1101	66	Picture	30	1354743	0	1	4144	3	0	4000	other	0
1101	66	Pulse	5	1370268	15525	2
1101	67	Picture	30	1372813	0	1	4145	2	0	4000	other	0
1101	67	Pulse	5	1390257	17444	2
1101	68	Picture	30	1390884	0	1	4144	3	0	4000	other	0
1101	69	Picture	30	1408954	0	2	4145	3	0	4000	other	0
1101	69	Pulse	5	1410257	1303	1
1101	70	Pulse	5	1430256	3231	2
1101	70	Pulse	5	1450245	23220	2
1101	71	Picture	10	1452059	0	1	4144	2	0	4000	other	0
1101	72	Picture	10	1470129	0	1	4145	2	0	4000	other	0
1101	72	Pulse	5	1470245	116	2
1101	73	Picture	11	1488200	0	1	4144	3	0	4000	hit	150
1101	73	Pulse	5	1490244	2044	2
1101	73	Response	1	1492804	4604	2
1101	74	Picture	10	1506270	0	1	4145	2	0	4000	other	0
1101	74	Pulse	5	1510233	3963	2
1101	75	Picture	11	1524341	0	1	4144	3	0	4000	hit	154
1101	75	Response	1	1528153	3812	2
1101	75	Pulse	5	1530233	5892	2
1101	76	Picture	10	1542411	0	2	4145	3	0	4000	other	0
1101	76	Pulse	5	1550232	7821	2
1101	77	Picture	10	1560482	0	1	4145	2	0	4000	other	0
1101	77	Pulse	5	1570222	9740	2
1101	78	Picture	11	1578553	0	1	4144	2	0	4000	hit	161
1101	78	Response	1	1582061	3508	3
1101	78	Pulse	5	1590221	11668	2
1101	79	Picture	10	1596623	0	1	4145	2	0	4000	other	0
1101	79	Pulse	5	1610220	13597	3
1101	80	Picture	10	1614694	0	1	4144	3	0	4000	other	0
1101	80	Pulse	5	1630210	15516	2
1101	81	Picture	10	1632764	0	2	4145	3	0	4000	other	0
1101	81	Pulse	5	1650209	17445	2
1101	82	Picture	10	1650835	0	1	4145	2	0	4000	other	0
1101	83	Picture	10	1668906	0	1	4144	2	0	4000	other	0
1101	83	Pulse	5	1670208	1302	2
1101	84	Picture	11	1686976	0	1	4145	2	0	4000	hit	174
1101	84	Pulse	5	1690198	3222	2
1101	84	Response	1	1690998	4022	2
1101	85	Picture	10	1705047	0	1	4144	3	0	4000	other	0
1101	85	Pulse	5	1710197	5150	3
1101	86	Picture	10	1723117	0	2	4145	3	0	4000	other	0
1101	86	Pulse	5	1730197	7080	2
1101	87	Pulse	5	1750186	8998	2
1101	88	Picture	20	1766221	0	2	4145	3	0	4000	other	0
1101	88	Pulse	5	1770185	3964	3
1101	89	Picture	20	1784292	0	1	4145	2	0	4000	other	0
1101	89	Pulse	5	1790185	5893	2
1101	90	Picture	20	1802363	0	1	4144	2	0	4000	other	0
1101	90	Pulse	5	1810174	7811	2
1101	91	Picture	21	1820433	0	1	4145	2	0	4000	hit	187
1101	91	Response	1	1824254	3821	2
1101	91	Pulse	5	1830174	9741	1
1101	92	Picture	20	1838504	0	1	4144	3	0	4000	other	0
1101	92	Pulse	5	1850173	11669	2
1101	93	Picture	20	1856574	0	2	4145	3	0	4000	other	0
1101	93	Pulse	5	1870162	13588	2
1101	94	Picture	21	1874645	0	1	4145	2	0	4000	hit	194
1101	94	Response	1	1879282	4637	2
1101	94	Pulse	5	1890162	15517	1
1101	95	Picture	20	1892716	0	1	4144	2	0	4000	other	0
1101	95	Pulse	5	1910161	17445	2
1101	96	Picture	20	1910786	0	1	4145	2	0	4000	other	0
1101	97	Picture	20	1928857	0	1	4144	3	0	4000	other	0
1101	97	Pulse	5	1930150	1293	2
1101	98	Picture	21	1946927	0	1	4145	2	0	4000	hit	203
1101	98	Pulse	5	1950310	3383	2
1101	98	Response	1	1950790	3863	2
1101	99	Picture	20	1964998	0	1	4144	3	0	4000	other	0
1101	99	Pulse	5	1970310	5312	1
1101	100	Picture	20	1983068	0	2	4145	3	0	4000	other	0
1101	100	Pulse	5	1990298	7230	2
1101	101	Picture	21	2001139	0	1	4145	2	0	4000	hit	209
1101	101	Response	1	2004858	3719	2
1101	101	Pulse	5	2010298	9159	2
1101	102	Picture	20	2019210	0	1	4144	2	0	4000	other	0
1101	102	Pulse	5	2030297	11087	2
1101	103	Picture	20	2037280	0	1	4145	2	0	4000	other	0
1101	103	Pulse	5	2050287	13007	2
1101	104	Pulse	5	2070286	14935	2
1101	105	Picture	10	2080384	0	1	4145	2	0	4000	other	0
1101	105	Pulse	5	2090285	9901	3
1101	106	Picture	10	2098455	0	1	4144	3	0	4000	other	0
1101	106	Pulse	5	2110275	11820	2
1101	107	Picture	11	2116526	0	1	4144	2	0	4000	hit	221
1101	107	Response	1	2119394	2868	2
1101	107	Pulse	5	2130274	13748	2
1101	108	Picture	10	2134596	0	1	4133	25	0	4000	other	0
1101	108	Pulse	5	2150274	15678	1
1101	109	Picture	11	2152667	0	1	4144	2	0	4000	hit	226
1101	109	Response	1	2156193	3526	2
1101	109	Pulse	5	2170263	17596	2
1101	110	Picture	10	2170737	0	1	4145	2	0	4000	other	0
1101	111	Picture	10	2188808	0	1	4144	3	0	4000	other	0
1101	111	Pulse	5	2190262	1454	2
1101	112	Picture	11	2206878	0	2	4145	3	0	4000	hit	233
1101	112	Pulse	5	2210262	3384	1
1101	112	Response	1	2210742	3864	1
1101	113	Picture	10	2224949	0	1	4145	2	0	4000	other	0
1101	113	Pulse	5	2230251	5302	2
1101	114	Picture	10	2243020	0	1	4144	2	0	4000	other	0
1101	114	Pulse	5	2250250	7230	2
1101	115	Picture	10	2261090	0	1	4145	2	0	4000	other	0
1101	115	Pulse	5	2270250	9160	2
1101	116	Picture	10	2279161	0	1	4144	3	0	4000	other	0
1101	116	Pulse	5	2290239	11078	2
1101	117	Picture	10	2297231	0	1	4145	2	0	4000	other	0
1101	117	Pulse	5	2310238	13007	2
1101	118	Picture	11	2315302	0	1	4144	3	0	4000	hit	245
1101	118	Response	1	2319358	4056	2
1101	118	Pulse	5	2330238	14936	2
1101	119	Picture	10	2333373	0	1	4144	2	0	4000	other	0
1101	119	Pulse	5	2350227	16854	2
1101	120	Picture	10	2351443	0	1	4145	2	0	4000	other	0
1101	121	Pulse	5	2370227	713	1
1101	121	Pulse	5	2390226	20712	2
1101	122	Picture	30	2394547	0	1	4145	2	0	4000	other	0
1101	122	Pulse	5	2410215	15668	2
1101	123	Picture	30	2412618	0	1	4144	3	0	4000	other	0
1101	123	Pulse	5	2430215	17597	1
1101	124	Picture	30	2430688	0	2	4145	3	0	4000	other	0
1101	125	Picture	31	2448759	0	1	4145	2	0	4000	hit	259
1101	125	Pulse	5	2450214	1455	2
1101	125	Response	1	2453894	5135	2
1101	126	Picture	31	2466830	0	1	4144	2	0	4000	hit	262
1101	126	Pulse	5	2470203	3373	2
1101	126	Response	1	2472284	5454	1
1101	127	Picture	30	2484900	0	1	4145	2	0	4000	other	0
1101	127	Pulse	5	2490203	5303	2
1101	128	Picture	30	2502971	0	1	4144	2	0	4000	other	0
1101	128	Pulse	5	2510202	7231	2
1101	129	Picture	30	2521041	0	1	4145	2	0	4000	other	0
1101	129	Pulse	5	2530191	9150	3
1101	130	Picture	31	2539112	0	1	4144	3	0	4000	hit	270
1101	130	Response	1	2542511	3399	3
1101	130	Pulse	5	2550191	11079	2
1101	131	Picture	30	2557182	0	2	4145	3	0	4000	other	0
1101	131	Pulse	5	2570190	13008	3
1101	132	Picture	30	2575253	0	1	4145	2	0	4000	other	0
1101	132	Pulse	5	2590180	14927	1
1101	133	Picture	30	2593324	0	1	4144	2	0	4000	other	0
1101	133	Pulse	5	2610179	16855	2
1101	134	Picture	30	2611394	0	1	4145	2	0	4000	other	0
1101	135	Picture	31	2629465	0	1	4144	3	0	4000	hit	281
1101	135	Pulse	5	2630179	714	1
1101	135	Response	1	2633058	3593	2
1101	136	Picture	30	2647535	0	2	4145	3	0	4000	other	0
1101	136	Pulse	5	2650168	2633	2
1101	137	Picture	30	2665606	0	1	4145	2	0	4000	other	0
1101	137	Pulse	5	2670167	4561	2
