Scenario - 1-back
Logfile written - 03/05/2015 12:06:28

Subject	Trial	Event Type	Code	Time	TTime	Uncertainty	Duration	Uncertainty	ReqTime	ReqDur	Stim Type	Pair Index

1103	1	Pulse	5	184330	194164	3
1103	2	Pulse	5	204329	19861	4
1103	3	Picture	10	209501	0	2	4145	3	0	4000	other	0
1103	3	Pulse	5	224329	14828	3
1103	4	Picture	10	227572	0	1	4145	2	0	4000	other	0
1103	4	Pulse	5	244320	16748	1
1103	5	Picture	11	245643	0	1	4145	2	0	4000	hit	8
1103	5	Response	1	249439	3796	2
1103	6	Picture	10	263714	0	1	4145	2	0	4000	other	0
1103	6	Pulse	5	264319	605	2
1103	7	Picture	11	281785	0	1	4144	4	0	4000	hit	13
1103	7	Pulse	5	284318	2533	3
1103	7	Response	1	285599	3814	2
1103	8	Picture	10	299856	0	1	4144	3	0	4000	other	0
1103	8	Pulse	5	304467	4611	4
1103	9	Picture	10	317926	0	2	4145	3	0	4000	other	0
1103	9	Pulse	5	324467	6541	3
1103	10	Picture	10	335997	0	1	4145	2	0	4000	other	0
1103	10	Pulse	5	344467	8470	3
1103	11	Picture	11	354067	0	2	4146	3	0	4000	hit	21
1103	11	Response	1	358057	3990	3
1103	11	Pulse	5	364456	10389	4
1103	12	Picture	10	372139	0	1	4144	3	0	4000	other	0
1103	12	Pulse	5	384456	12317	3
1103	13	Picture	10	390210	0	1	4144	3	0	4000	other	0
1103	13	Pulse	5	404456	14246	3
1103	14	Picture	11	408280	0	2	4145	3	0	4000	hit	28
1103	14	Response	1	412455	4175	4
1103	14	Pulse	5	424446	16166	2
1103	15	Picture	10	426351	0	1	4145	2	0	4000	other	0
1103	16	Picture	10	444422	0	1	4145	2	0	4000	other	0
1103	16	Pulse	5	444446	24	2
1103	17	Picture	10	462493	0	1	4145	2	0	4000	other	0
1103	17	Pulse	5	464445	1952	2
1103	18	Picture	10	480564	0	1	4144	3	0	4000	other	0
1103	18	Pulse	5	484435	3871	2
1103	19	Pulse	5	504435	5800	1
1103	20	Picture	30	523668	0	2	4145	3	0	4000	other	0
1103	20	Pulse	5	524434	766	2
1103	21	Picture	30	541739	0	1	4145	2	0	4000	other	0
1103	21	Pulse	5	544424	2685	2
1103	22	Picture	31	559810	0	1	4145	2	0	4000	hit	44
1103	22	Pulse	5	564424	4614	1
1103	22	Response	1	566183	6373	2
1103	23	Picture	30	577881	0	1	4145	2	0	4000	other	0
1103	23	Pulse	5	584423	6542	2
1103	24	Picture	30	595952	0	1	4144	2	0	4000	other	0
1103	24	Pulse	5	604413	8461	2
1103	25	Picture	30	614022	0	2	4145	3	0	4000	other	0
1103	25	Pulse	5	624412	10390	2
1103	26	Picture	31	632093	0	2	4145	3	0	4000	hit	52
1103	26	Response	1	639452	7359	2
1103	26	Pulse	5	644412	12319	2
1103	27	Picture	31	650164	0	1	4145	2	0	4000	miss	0
1103	27	Pulse	5	664403	14239	1
1103	28	Picture	30	668235	0	1	4145	2	0	4000	other	0
1103	28	Pulse	5	684403	16168	1
1103	29	Picture	30	686306	0	1	4144	3	0	4000	other	0
1103	30	Picture	30	704376	0	2	4145	3	0	4000	other	0
1103	30	Pulse	5	704402	26	1
1103	31	Picture	31	722447	0	2	4145	3	0	4000	hit	63
1103	31	Pulse	5	724390	1943	2
1103	31	Response	1	726310	3863	2
1103	32	Picture	30	740518	0	1	4145	2	0	4000	other	0
1103	32	Pulse	5	744391	3873	2
1103	33	Picture	30	758589	0	1	4145	2	0	4000	other	0
1103	33	Pulse	5	764391	5802	1
1103	34	Picture	30	776660	0	1	4145	2	0	4000	other	0
1103	34	Pulse	5	784379	7719	2
1103	35	Picture	30	794731	0	1	4144	2	0	4000	other	0
1103	35	Pulse	5	804379	9648	2
1103	36	Pulse	5	824379	11578	1
1103	37	Picture	10	837835	0	2	4145	3	0	4000	other	0
1103	37	Pulse	5	844368	6533	3
1103	38	Picture	10	855906	0	1	4145	2	0	4000	other	0
1103	38	Pulse	5	864368	8462	2
1103	39	Picture	11	873977	0	1	4145	2	0	4000	hit	78
1103	39	Response	1	877648	3671	2
1103	39	Pulse	5	884367	10390	3
1103	40	Picture	10	892047	0	3	4145	5	0	4000	other	0
1103	40	Pulse	5	904357	12310	2
1103	41	Picture	11	910119	0	1	4144	2	0	4000	hit	83
1103	41	Response	1	915237	5118	2
1103	41	Pulse	5	924357	14238	2
1103	42	Picture	10	928189	0	2	4145	3	0	4000	other	0
1103	42	Pulse	5	944356	16167	2
1103	43	Picture	10	946260	0	1	4145	2	0	4000	other	0
1103	44	Picture	10	964331	0	1	4145	2	0	4000	other	0
1103	44	Pulse	5	964346	15	2
1103	45	Picture	11	982402	0	1	4144	3	0	4000	hit	92
1103	45	Pulse	5	984346	1944	1
1103	45	Response	1	986746	4344	1
1103	46	Picture	10	1000473	0	1	4144	3	0	4000	other	0
1103	46	Pulse	5	1004346	3873	1
1103	47	Picture	10	1018543	0	2	4145	3	0	4000	other	0
1103	47	Pulse	5	1024334	5791	8
1103	48	Picture	11	1036614	0	2	4145	3	0	4000	hit	98
1103	48	Response	1	1041295	4681	1
1103	48	Pulse	5	1044334	7720	2
1103	49	Picture	10	1054685	0	1	4145	2	0	4000	other	0
1103	49	Pulse	5	1064334	9649	2
1103	50	Picture	10	1072756	0	1	4145	2	0	4000	other	0
1103	50	Pulse	5	1084324	11568	2
1103	51	Picture	10	1090827	0	1	4144	3	0	4000	other	0
1103	51	Pulse	5	1104323	13496	2
1103	52	Picture	10	1108898	0	1	4144	2	0	4000	other	0
1103	52	Pulse	5	1124323	15425	2
1103	53	Pulse	5	1144313	17345	1
1103	54	Picture	20	1152002	0	1	4145	2	0	4000	other	0
1103	54	Pulse	5	1164312	12310	2
1103	55	Picture	20	1170073	0	1	4145	2	0	4000	other	0
1103	55	Pulse	5	1184312	14239	2
1103	56	Picture	21	1188144	0	1	4145	2	0	4000	hit	114
1103	56	Response	1	1192792	4648	2
1103	56	Pulse	5	1204301	16157	2
1103	57	Picture	20	1206215	0	1	4144	3	0	4000	other	0
1103	58	Picture	20	1224285	0	2	4145	3	0	4000	other	0
1103	58	Pulse	5	1224301	16	2
1103	59	Picture	20	1242356	0	2	4145	3	0	4000	other	0
1103	59	Pulse	5	1244301	1945	2
1103	60	Picture	21	1260427	0	1	4145	2	0	4000	hit	123
1103	60	Pulse	5	1264289	3862	4
1103	60	Response	1	1265570	5143	2
1103	61	Picture	20	1278498	0	1	4145	2	0	4000	other	0
1103	61	Pulse	5	1284289	5791	3
1103	62	Picture	20	1296569	0	1	4145	2	0	4000	other	0
1103	62	Pulse	5	1304288	7719	4
1103	63	Picture	20	1314640	0	1	4144	2	0	4000	other	0
1103	63	Pulse	5	1324279	9639	3
1103	64	Picture	20	1332710	0	2	4145	3	0	4000	other	0
1103	64	Pulse	5	1344438	11728	3
1103	65	Picture	20	1350781	0	1	4145	2	0	4000	false_alarm	133
1103	65	Response	1	1355479	4698	2
1103	65	Pulse	5	1364437	13656	4
1103	66	Picture	21	1368852	0	1	4145	2	0	4000	miss	0
1103	66	Pulse	5	1384428	15576	2
1103	67	Picture	20	1386923	0	1	4145	2	0	4000	other	0
1103	67	Pulse	5	1404428	17505	2
1103	68	Picture	20	1404994	0	1	4144	3	0	4000	other	0
1103	69	Picture	21	1423064	0	2	4145	3	0	4000	hit	142
1103	69	Pulse	5	1424427	1363	2
1103	69	Response	1	1428269	5205	1
1103	70	Pulse	5	1444417	3282	2
1103	70	Pulse	5	1464417	23282	1
1103	71	Picture	10	1466169	0	1	4145	2	0	4000	other	0
1103	72	Picture	10	1484240	0	1	4145	2	0	4000	other	0
1103	72	Pulse	5	1484416	176	2
1103	73	Picture	11	1502311	0	1	4144	3	0	4000	hit	150
1103	73	Pulse	5	1504406	2095	2
1103	73	Response	1	1506326	4015	2
1103	74	Picture	10	1520382	0	1	4144	3	0	4000	other	0
1103	74	Pulse	5	1524405	4023	2
1103	75	Picture	11	1538452	0	2	4145	3	0	4000	hit	154
1103	75	Response	1	1542645	4193	2
1103	75	Pulse	5	1544405	5953	2
1103	76	Picture	10	1556523	0	1	4145	2	0	4000	other	0
1103	76	Pulse	5	1564395	7872	1
1103	77	Picture	10	1574594	0	1	4145	2	0	4000	other	0
1103	77	Pulse	5	1584394	9800	2
1103	78	Picture	11	1592665	0	1	4145	2	0	4000	hit	161
1103	78	Response	1	1596553	3888	3
1103	78	Pulse	5	1604394	11729	2
1103	79	Picture	10	1610736	0	1	4144	3	0	4000	other	0
1103	79	Pulse	5	1624384	13648	1
1103	80	Picture	10	1628807	0	1	4144	2	0	4000	other	0
1103	80	Pulse	5	1644383	15576	2
1103	81	Picture	10	1646877	0	1	4145	2	0	4000	other	0
1103	81	Pulse	5	1664383	17506	2
1103	82	Picture	10	1664948	0	1	4145	2	0	4000	other	0
1103	83	Picture	10	1683019	0	1	4145	2	0	4000	other	0
1103	83	Pulse	5	1684372	1353	2
1103	84	Picture	11	1701090	0	1	4144	3	0	4000	hit	174
1103	84	Pulse	5	1704372	3282	2
1103	84	Response	1	1704692	3602	2
1103	85	Picture	10	1719161	0	1	4144	2	0	4000	other	0
1103	85	Pulse	5	1724372	5211	2
1103	86	Picture	10	1737231	0	2	4145	3	0	4000	other	0
1103	86	Pulse	5	1744363	7132	1
1103	87	Pulse	5	1764362	9060	1
1103	88	Picture	30	1780336	0	1	4145	2	0	4000	other	0
1103	88	Pulse	5	1784362	4026	1
1103	89	Picture	30	1798407	0	1	4145	2	0	4000	other	0
1103	89	Pulse	5	1804350	5943	3
1103	90	Picture	30	1816478	0	1	4144	3	0	4000	other	0
1103	90	Pulse	5	1824350	7872	2
1103	91	Picture	31	1834549	0	1	4144	2	0	4000	hit	187
1103	91	Response	1	1839549	5000	3
1103	91	Pulse	5	1844349	9800	3
1103	92	Picture	31	1852619	0	2	4145	3	0	4000	miss	0
1103	92	Pulse	5	1864339	11720	2
1103	93	Picture	30	1870690	0	1	4145	2	0	4000	other	0
1103	93	Pulse	5	1884339	13649	2
1103	94	Picture	30	1888927	0	1	4144	3	0	4000	other	0
1103	94	Pulse	5	1904338	15411	2
1103	95	Picture	30	1906998	0	1	4144	3	0	4000	other	0
1103	95	Pulse	5	1924326	17328	5
1103	96	Picture	31	1925068	0	2	4145	3	0	4000	hit	198
1103	96	Response	1	1930089	5021	1
1103	97	Picture	30	1943139	0	1	4145	2	0	4000	other	0
1103	97	Pulse	5	1944328	1189	1
1103	98	Picture	30	1961210	0	1	4145	2	0	4000	other	0
1103	98	Pulse	5	1964327	3117	2
1103	99	Picture	30	1979281	0	1	4145	2	0	4000	other	0
1103	99	Pulse	5	1984317	5036	2
1103	100	Picture	30	1997352	0	1	4144	3	0	4000	other	0
1103	100	Pulse	5	2004316	6964	2
1103	101	Picture	31	2015423	0	1	4144	2	0	4000	hit	208
1103	101	Response	1	2019356	3933	2
1103	101	Pulse	5	2024316	8893	2
1103	102	Picture	30	2033493	0	1	4145	2	0	4000	other	0
1103	102	Pulse	5	2044306	10813	1
1103	103	Picture	30	2051564	0	1	4145	2	0	4000	other	0
1103	103	Pulse	5	2064306	12742	1
1103	104	Pulse	5	2084305	14671	2
1103	105	Picture	10	2094669	0	1	4145	2	0	4000	other	0
1103	105	Pulse	5	2104295	9626	1
1103	106	Picture	10	2112740	0	1	4144	3	0	4000	other	0
1103	106	Pulse	5	2124294	11554	2
1103	107	Picture	11	2130810	0	2	4145	3	0	4000	hit	220
1103	107	Response	1	2135174	4364	2
1103	107	Pulse	5	2144295	13485	1
1103	108	Picture	10	2148881	0	2	4145	3	0	4000	other	0
1103	108	Pulse	5	2164283	15402	2
1103	109	Picture	11	2166952	0	2	4145	3	0	4000	hit	225
1103	109	Response	1	2171483	4531	2
1103	109	Pulse	5	2184283	17331	2
1103	110	Picture	10	2185023	0	1	4145	2	0	4000	other	0
1103	111	Picture	10	2203094	0	1	4144	3	0	4000	other	0
1103	111	Pulse	5	2204283	1189	1
1103	112	Picture	11	2221165	0	1	4144	2	0	4000	hit	232
1103	112	Pulse	5	2224272	3107	2
1103	112	Response	1	2224911	3746	3
1103	113	Picture	10	2239235	0	2	4145	3	0	4000	other	0
1103	113	Pulse	5	2244272	5037	2
1103	114	Picture	10	2257306	0	1	4145	2	0	4000	other	0
1103	114	Pulse	5	2264272	6966	1
1103	115	Picture	10	2275377	0	1	4145	2	0	4000	other	0
1103	115	Pulse	5	2284260	8883	4
1103	116	Picture	10	2293448	0	1	4145	2	0	4000	other	0
1103	116	Pulse	5	2304260	10812	4
1103	117	Picture	10	2311519	0	1	4144	3	0	4000	other	0
1103	117	Pulse	5	2324259	12740	4
1103	118	Picture	11	2329589	0	2	4145	3	0	4000	hit	244
1103	118	Response	1	2333540	3951	3
1103	118	Pulse	5	2344250	14661	2
1103	119	Picture	10	2347660	0	2	4145	3	0	4000	other	0
1103	119	Pulse	5	2364250	16590	2
1103	120	Picture	10	2365731	0	1	4145	2	0	4000	other	0
1103	121	Pulse	5	2384409	607	2
1103	121	Pulse	5	2404398	20596	3
1103	122	Picture	20	2408836	0	1	4144	3	0	4000	other	0
1103	122	Pulse	5	2424397	15561	3
1103	123	Picture	20	2426907	0	1	4144	3	0	4000	other	0
1103	123	Pulse	5	2444397	17490	3
1103	124	Picture	20	2444977	0	2	4145	3	0	4000	other	0
1103	125	Picture	21	2463048	0	1	4145	2	0	4000	hit	258
1103	125	Pulse	5	2464388	1340	2
1103	125	Response	1	2466947	3899	3
1103	126	Picture	20	2481119	0	1	4145	2	0	4000	other	0
1103	126	Pulse	5	2484387	3268	2
1103	127	Picture	20	2499190	0	1	4145	2	0	4000	other	0
1103	127	Pulse	5	2504387	5197	2
1103	128	Picture	21	2517261	0	1	4144	3	0	4000	hit	264
1103	128	Response	1	2524377	7116	2
1103	128	Pulse	5	2524377	7116	2
1103	129	Picture	20	2535331	0	2	4145	3	0	4000	other	0
1103	129	Pulse	5	2544376	9045	2
1103	130	Picture	20	2553402	0	2	4145	3	0	4000	other	0
1103	130	Pulse	5	2564377	10975	1
1103	131	Picture	20	2571473	0	1	4145	2	0	4000	other	0
1103	131	Pulse	5	2584366	12893	1
1103	132	Picture	21	2589544	0	1	4145	2	0	4000	hit	273
1103	132	Response	1	2594605	5061	2
1103	132	Pulse	5	2604365	14821	2
1103	133	Picture	20	2607615	0	1	4145	2	0	4000	other	0
1103	133	Pulse	5	2624365	16750	2
1103	134	Picture	20	2625686	0	1	4144	3	0	4000	other	0
1103	135	Picture	21	2643756	0	2	4145	3	0	4000	hit	280
1103	135	Pulse	5	2644354	598	2
1103	135	Response	1	2649153	5397	4
1103	136	Picture	20	2661827	0	1	4145	2	0	4000	other	0
1103	136	Pulse	5	2664354	2527	2
1103	137	Picture	20	2679898	0	1	4145	2	0	4000	other	0
1103	137	Pulse	5	2684354	4456	1
