Scenario - 1-back
Logfile written - 03/05/2015 12:11:00

Subject	Trial	Event Type	Code	Time	TTime	Uncertainty	Duration	Uncertainty	ReqTime	ReqDur	Stim Type	Pair Index

1103	1	Pulse	5	178193	188175	2
1103	2	Pulse	5	198193	19867	2
1103	3	Picture	10	203360	0	2	4145	3	0	4000	other	0
1103	3	Pulse	5	218183	14823	2
1103	4	Picture	10	221431	0	1	4145	2	0	4000	other	0
1103	4	Pulse	5	238182	16751	2
1103	5	Picture	11	239502	0	1	4145	2	0	4000	hit	8
1103	5	Response	1	243143	3641	1
1103	6	Picture	10	257573	0	1	4144	3	0	4000	other	0
1103	6	Pulse	5	258182	609	2
1103	7	Picture	11	275644	0	1	4144	2	0	4000	hit	13
1103	7	Pulse	5	278172	2528	1
1103	7	Response	1	279771	4127	2
1103	8	Picture	10	293714	0	2	4145	3	0	4000	other	0
1103	8	Pulse	5	298171	4457	2
1103	9	Picture	10	311785	0	1	4145	2	0	4000	other	0
1103	9	Pulse	5	318171	6386	2
1103	10	Picture	10	329856	0	1	4144	4	0	4000	other	0
1103	10	Pulse	5	338160	8304	3
1103	11	Picture	11	347927	0	1	4145	2	0	4000	hit	21
1103	11	Response	1	351760	3833	3
1103	11	Pulse	5	358160	10233	2
1103	12	Picture	10	365998	0	1	4144	3	0	4000	other	0
1103	12	Pulse	5	378160	12162	2
1103	13	Picture	10	384068	0	2	4145	3	0	4000	other	0
1103	13	Pulse	5	398148	14080	4
1103	14	Picture	11	402139	0	1	4145	2	0	4000	hit	28
1103	14	Response	1	405509	3370	2
1103	14	Pulse	5	418149	16010	2
1103	15	Picture	10	420210	0	1	4145	2	0	4000	other	0
1103	15	Pulse	5	438149	17939	1
1103	16	Picture	10	438281	0	1	4145	2	0	4000	other	0
1103	17	Picture	10	456352	0	1	4144	3	0	4000	other	0
1103	17	Pulse	5	458137	1785	4
1103	18	Picture	10	474423	0	1	4144	2	0	4000	other	0
1103	18	Pulse	5	478137	3714	3
1103	19	Pulse	5	498136	5643	4
1103	20	Picture	20	517527	0	1	4145	2	0	4000	other	0
1103	20	Pulse	5	518287	760	2
1103	21	Picture	20	535598	0	2	4145	3	0	4000	other	0
1103	21	Pulse	5	538287	2689	1
1103	22	Picture	21	553669	0	1	4145	2	0	4000	hit	43
1103	22	Response	1	558286	4617	2
1103	22	Pulse	5	558286	4617	2
1103	23	Picture	20	571740	0	1	4144	3	0	4000	other	0
1103	23	Pulse	5	578276	6536	2
1103	24	Picture	20	589811	0	1	4144	2	0	4000	other	0
1103	24	Pulse	5	598276	8465	1
1103	25	Picture	20	607881	0	2	4145	3	0	4000	other	0
1103	25	Pulse	5	618275	10394	2
1103	26	Picture	21	625952	0	1	4145	2	0	4000	hit	52
1103	26	Response	1	630595	4643	2
1103	26	Pulse	5	638265	12313	2
1103	27	Picture	20	644023	0	1	4145	2	0	4000	other	0
1103	27	Pulse	5	658265	14242	1
1103	28	Picture	20	662094	0	1	4144	3	0	4000	other	0
1103	28	Pulse	5	678264	16170	2
1103	29	Picture	20	680165	0	1	4144	3	0	4000	other	0
1103	30	Picture	20	698235	0	2	4145	3	0	4000	other	0
1103	30	Pulse	5	698254	19	2
1103	31	Picture	20	716306	0	1	4145	2	0	4000	false_alarm	63
1103	31	Pulse	5	718253	1947	2
1103	31	Response	1	720813	4507	2
1103	32	Picture	21	734377	0	1	4145	2	0	4000	hit	66
1103	32	Pulse	5	738253	3876	2
1103	32	Response	1	744173	9796	2
1103	33	Picture	20	752448	0	1	4145	2	0	4000	other	0
1103	33	Pulse	5	758243	5795	1
1103	34	Picture	20	770519	0	1	4144	3	0	4000	other	0
1103	34	Pulse	5	778242	7723	2
1103	35	Picture	21	788589	0	2	4145	3	0	4000	hit	72
1103	35	Response	1	793762	5173	2
1103	35	Pulse	5	798243	9654	1
1103	36	Pulse	5	818231	11571	3
1103	37	Picture	10	831694	0	1	4145	2	0	4000	other	0
1103	37	Pulse	5	838231	6537	2
1103	38	Picture	10	849765	0	1	4145	2	0	4000	other	0
1103	38	Pulse	5	858231	8466	2
1103	39	Picture	11	867836	0	1	4144	3	0	4000	hit	80
1103	39	Response	1	871500	3664	2
1103	39	Pulse	5	878220	10384	2
1103	40	Picture	10	885907	0	1	4144	3	0	4000	other	0
1103	40	Pulse	5	898220	12313	2
1103	41	Picture	11	903977	0	2	4145	3	0	4000	hit	85
1103	41	Response	1	907660	3683	2
1103	41	Pulse	5	918220	14243	1
1103	42	Picture	10	922048	0	2	4145	3	0	4000	other	0
1103	42	Pulse	5	938209	16161	2
1103	43	Picture	10	940119	0	2	4145	3	0	4000	other	0
1103	44	Picture	10	958190	0	1	4145	2	0	4000	other	0
1103	44	Pulse	5	958209	19	2
1103	45	Picture	11	976261	0	1	4144	3	0	4000	hit	94
1103	45	Pulse	5	978209	1948	1
1103	45	Response	1	980288	4027	2
1103	46	Picture	10	994332	0	1	4144	2	0	4000	other	0
1103	46	Pulse	5	998199	3867	2
1103	47	Picture	10	1012402	0	2	4145	3	0	4000	other	0
1103	47	Pulse	5	1018199	5797	1
1103	48	Picture	11	1030473	0	1	4145	2	0	4000	hit	100
1103	48	Response	1	1034199	3726	1
1103	48	Pulse	5	1038199	7726	1
1103	49	Picture	10	1048544	0	1	4145	2	0	4000	other	0
1103	49	Pulse	5	1058187	9643	2
1103	50	Picture	10	1066615	0	1	4145	2	0	4000	other	0
1103	50	Pulse	5	1078187	11572	1
1103	51	Picture	10	1084686	0	1	4144	3	0	4000	other	0
1103	51	Pulse	5	1098186	13500	2
1103	52	Picture	10	1102756	0	2	4145	3	0	4000	other	0
1103	52	Pulse	5	1118176	15420	2
1103	53	Pulse	5	1138175	17348	2
1103	54	Picture	30	1145861	0	1	4145	2	0	4000	other	0
1103	54	Pulse	5	1158175	12314	2
1103	55	Picture	30	1163932	0	1	4145	2	0	4000	other	0
1103	55	Pulse	5	1178165	14233	1
1103	56	Picture	31	1182003	0	1	4144	3	0	4000	hit	116
1103	56	Response	1	1186324	4321	2
1103	56	Pulse	5	1198164	16161	2
1103	57	Picture	30	1200074	0	1	4144	2	0	4000	other	0
1103	58	Picture	30	1218144	0	2	4145	3	0	4000	other	0
1103	58	Pulse	5	1218164	20	2
1103	59	Picture	30	1236215	0	1	4145	2	0	4000	other	0
1103	59	Pulse	5	1238154	1939	1
1103	60	Picture	31	1254286	0	1	4145	2	0	4000	hit	124
1103	60	Response	1	1257993	3707	2
1103	60	Pulse	5	1258153	3867	2
1103	61	Picture	31	1272357	0	1	4145	2	0	4000	miss	0
1103	61	Pulse	5	1278153	5796	2
1103	62	Picture	30	1290428	0	1	4144	3	0	4000	other	0
1103	62	Pulse	5	1298142	7714	3
1103	63	Picture	30	1308499	0	1	4144	2	0	4000	other	0
1103	63	Pulse	5	1318142	9643	2
1103	64	Picture	30	1326569	0	2	4145	3	0	4000	other	0
1103	64	Pulse	5	1338142	11573	2
1103	65	Picture	31	1344640	0	1	4145	2	0	4000	hit	135
1103	65	Response	1	1349341	4701	3
1103	65	Pulse	5	1358131	13491	2
1103	66	Picture	30	1362711	0	1	4145	2	0	4000	other	0
1103	66	Pulse	5	1378131	15420	2
1103	67	Picture	30	1380782	0	1	4144	3	0	4000	other	0
1103	67	Pulse	5	1398130	17348	2
1103	68	Picture	30	1398853	0	1	4144	2	0	4000	other	0
1103	69	Picture	30	1416923	0	2	4145	3	0	4000	other	0
1103	69	Pulse	5	1418121	1198	1
1103	70	Pulse	5	1438120	3126	2
1103	70	Pulse	5	1458119	23125	2
1103	71	Picture	10	1460028	0	1	4145	2	0	4000	other	0
1103	72	Picture	10	1478099	0	1	4145	2	0	4000	other	0
1103	72	Pulse	5	1478108	9	14
1103	73	Picture	11	1496170	0	1	4144	3	0	4000	hit	151
1103	73	Pulse	5	1498108	1938	3
1103	73	Response	1	1499869	3699	1
1103	74	Picture	10	1514241	0	1	4144	2	0	4000	other	0
1103	74	Pulse	5	1518107	3866	4
1103	75	Picture	11	1532311	0	2	4145	3	0	4000	hit	155
1103	75	Response	1	1536178	3867	2
1103	75	Pulse	5	1538099	5788	1
1103	76	Picture	10	1550382	0	1	4145	2	0	4000	other	0
1103	76	Pulse	5	1558256	7874	3
1103	77	Picture	10	1568453	0	1	4145	2	0	4000	other	0
1103	77	Pulse	5	1578256	9803	3
1103	78	Picture	11	1586524	0	1	4145	2	0	4000	hit	162
1103	78	Response	1	1590567	4043	2
1103	78	Pulse	5	1598247	11723	2
1103	79	Picture	10	1604595	0	1	4144	3	0	4000	other	0
1103	79	Pulse	5	1618246	13651	2
1103	80	Picture	10	1622665	0	2	4145	3	0	4000	other	0
1103	80	Pulse	5	1638245	15580	3
1103	81	Picture	10	1640736	0	2	4145	3	0	4000	other	0
1103	81	Pulse	5	1658236	17500	1
1103	82	Picture	10	1658807	0	1	4145	2	0	4000	other	0
1103	83	Picture	10	1676878	0	1	4145	2	0	4000	other	0
1103	83	Pulse	5	1678235	1357	2
1103	84	Picture	11	1694949	0	1	4144	3	0	4000	hit	175
1103	84	Pulse	5	1698235	3286	2
1103	84	Response	1	1698875	3926	2
1103	85	Picture	10	1713019	0	2	4145	3	0	4000	other	0
1103	85	Pulse	5	1718225	5206	1
1103	86	Picture	10	1731090	0	2	4145	3	0	4000	other	0
1103	86	Pulse	5	1738224	7134	2
1103	87	Pulse	5	1758224	9063	2
1103	88	Picture	20	1774195	0	1	4145	2	0	4000	other	0
1103	88	Pulse	5	1778213	4018	3
1103	89	Picture	20	1792266	0	1	4145	2	0	4000	other	0
1103	89	Pulse	5	1798213	5947	3
1103	90	Picture	20	1810337	0	1	4144	3	0	4000	other	0
1103	90	Pulse	5	1818213	7876	2
1103	91	Picture	21	1828407	0	2	4145	3	0	4000	hit	188
1103	91	Response	1	1833402	4995	2
1103	91	Pulse	5	1838202	9795	2
1103	92	Picture	20	1846478	0	2	4145	3	0	4000	other	0
1103	92	Pulse	5	1858202	11724	2
1103	93	Picture	20	1864549	0	1	4145	2	0	4000	other	0
1103	93	Pulse	5	1878201	13652	2
1103	94	Picture	21	1882620	0	1	4145	2	0	4000	hit	195
1103	94	Response	1	1889081	6461	2
1103	94	Pulse	5	1898192	15572	1
1103	95	Picture	20	1900691	0	1	4144	3	0	4000	other	0
1103	95	Pulse	5	1918191	17500	2
1103	96	Picture	20	1918762	0	1	4144	3	0	4000	other	0
1103	97	Picture	20	1936832	0	2	4145	3	0	4000	other	0
1103	97	Pulse	5	1938190	1358	2
1103	98	Picture	21	1954903	0	1	4145	2	0	4000	hit	204
1103	98	Pulse	5	1958181	3278	1
1103	98	Response	1	1961220	6317	2
1103	99	Picture	20	1972974	0	1	4145	2	0	4000	other	0
1103	99	Pulse	5	1978180	5206	1
1103	100	Picture	20	1991045	0	1	4145	2	0	4000	other	0
1103	100	Pulse	5	1998179	7134	2
1103	101	Picture	21	2009116	0	1	4144	3	0	4000	hit	210
1103	101	Response	1	2015608	6492	4
1103	101	Pulse	5	2018170	9054	1
1103	102	Picture	20	2027187	0	1	4144	2	0	4000	other	0
1103	102	Pulse	5	2038170	10983	1
1103	103	Picture	20	2045257	0	1	4145	2	0	4000	other	0
1103	103	Pulse	5	2058169	12912	2
1103	104	Pulse	5	2078158	14830	2
1103	105	Picture	10	2088362	0	1	4145	2	0	4000	other	0
1103	105	Pulse	5	2098157	9795	2
1103	106	Picture	10	2106433	0	1	4144	3	0	4000	other	0
1103	106	Pulse	5	2118157	11724	2
1103	107	Picture	11	2124504	0	1	4144	3	0	4000	hit	222
1103	107	Response	1	2127917	3413	2
1103	107	Pulse	5	2138147	13643	2
1103	108	Picture	10	2142574	0	2	4145	3	0	4000	other	0
1103	108	Pulse	5	2158146	15572	2
1103	109	Picture	11	2160645	0	1	4145	2	0	4000	hit	227
1103	109	Response	1	2165026	4381	2
1103	109	Pulse	5	2178146	17501	2
1103	110	Picture	10	2178716	0	1	4145	2	0	4000	other	0
1103	111	Picture	10	2196787	0	1	4145	2	0	4000	other	0
1103	111	Pulse	5	2198136	1349	1
1103	112	Picture	11	2214858	0	1	4144	3	0	4000	hit	234
1103	112	Pulse	5	2218135	3277	2
1103	112	Response	1	2218775	3917	2
1103	113	Picture	10	2232929	0	1	4144	2	0	4000	other	0
1103	113	Pulse	5	2238135	5206	2
1103	114	Picture	10	2250999	0	2	4145	3	0	4000	other	0
1103	114	Pulse	5	2258124	7125	3
1103	115	Picture	10	2269070	0	1	4145	2	0	4000	other	0
1103	115	Pulse	5	2278124	9054	2
1103	116	Picture	10	2287141	0	1	4145	2	0	4000	other	0
1103	116	Pulse	5	2298124	10983	2
1103	117	Picture	10	2305212	0	1	4144	3	0	4000	other	0
1103	117	Pulse	5	2318113	12901	2
1103	118	Picture	11	2323283	0	1	4144	2	0	4000	hit	246
1103	118	Response	1	2327074	3791	1
1103	118	Pulse	5	2338113	14830	2
1103	119	Picture	10	2341353	0	2	4145	3	0	4000	other	0
1103	119	Pulse	5	2358112	16759	2
1103	120	Picture	10	2359424	0	2	4145	3	0	4000	other	0
1103	121	Pulse	5	2378102	607	2
1103	121	Pulse	5	2398102	20607	2
1103	122	Picture	30	2402529	0	1	4145	2	0	4000	other	0
1103	122	Pulse	5	2418101	15572	2
1103	123	Picture	30	2420600	0	1	4144	3	0	4000	other	0
1103	123	Pulse	5	2438091	17491	2
1103	124	Picture	30	2438671	0	1	4144	2	0	4000	other	0
1103	125	Picture	31	2456741	0	2	4145	3	0	4000	hit	260
1103	125	Pulse	5	2458091	1350	1
1103	125	Response	1	2465450	8709	2
1103	126	Picture	31	2474812	0	1	4145	2	0	4000	miss	0
1103	126	Pulse	5	2478090	3278	2
1103	127	Picture	30	2492883	0	1	4145	2	0	4000	other	0
1103	127	Pulse	5	2498079	5196	3
1103	128	Picture	30	2510954	0	1	4145	2	0	4000	other	0
1103	128	Pulse	5	2518078	7124	4
1103	129	Picture	30	2529025	0	1	4144	3	0	4000	other	0
1103	129	Pulse	5	2538078	9053	3
1103	130	Picture	31	2547095	0	2	4145	3	0	4000	hit	270
1103	130	Response	1	2550709	3614	2
1103	130	Pulse	5	2558069	10974	2
1103	131	Picture	30	2565166	0	1	4145	2	0	4000	other	0
1103	131	Pulse	5	2578068	12902	2
1103	132	Picture	30	2583237	0	1	4145	2	0	4000	other	0
1103	132	Pulse	5	2598068	14831	2
1103	133	Picture	30	2601308	0	1	4145	2	0	4000	other	0
1103	133	Pulse	5	2618216	16908	4
1103	134	Picture	30	2619379	0	1	4144	3	0	4000	other	0
1103	135	Picture	31	2637450	0	1	4144	2	0	4000	hit	281
1103	135	Pulse	5	2638216	766	3
1103	135	Response	1	2642377	4927	2
1103	136	Picture	30	2655520	0	2	4145	3	0	4000	other	0
1103	136	Pulse	5	2658216	2696	3
1103	137	Picture	30	2673591	0	1	4145	2	0	4000	other	0
1103	137	Pulse	5	2678206	4615	2
