Scenario - 1-back
Logfile written - 03/05/2015 12:15:32

Subject	Trial	Event Type	Code	Time	TTime	Uncertainty	Duration	Uncertainty	ReqTime	ReqDur	Stim Type	Pair Index

1103	1	Pulse	5	188429	198263	2
1103	2	Pulse	5	208419	19807	2
1103	3	Picture	10	213646	0	1	4145	2	0	4000	other	0
1103	3	Pulse	5	228419	14773	2
1103	4	Picture	10	231717	0	1	4145	2	0	4000	other	0
1103	4	Pulse	5	248418	16701	2
1103	5	Picture	11	249788	0	1	4145	2	0	4000	hit	8
1103	5	Response	1	253210	3422	1
1103	6	Picture	10	267859	0	1	4144	2	0	4000	other	0
1103	6	Pulse	5	268408	549	2
1103	7	Picture	11	285929	0	2	4145	3	0	4000	hit	13
1103	7	Pulse	5	288408	2479	1
1103	7	Response	1	289688	3759	1
1103	8	Picture	10	304000	0	2	4145	3	0	4000	other	0
1103	8	Pulse	5	308407	4407	2
1103	9	Picture	10	322071	0	1	4145	2	0	4000	other	0
1103	9	Pulse	5	328397	6326	2
1103	10	Picture	10	340142	0	1	4145	2	0	4000	other	0
1103	10	Pulse	5	348396	8254	2
1103	11	Picture	11	358213	0	1	4144	3	0	4000	hit	21
1103	11	Response	1	362315	4102	3
1103	11	Pulse	5	368396	10183	2
1103	12	Picture	10	376284	0	1	4144	2	0	4000	other	0
1103	12	Pulse	5	388386	12102	2
1103	13	Picture	10	394354	0	2	4145	3	0	4000	other	0
1103	13	Pulse	5	408385	14031	2
1103	14	Picture	11	412425	0	1	4145	2	0	4000	hit	28
1103	14	Response	1	416385	3960	2
1103	14	Pulse	5	428385	15960	2
1103	15	Picture	10	430496	0	1	4145	2	0	4000	other	0
1103	15	Pulse	5	448375	17879	2
1103	16	Picture	10	448567	0	1	4145	2	0	4000	other	0
1103	17	Picture	10	466638	0	1	4144	3	0	4000	other	0
1103	17	Pulse	5	468374	1736	3
1103	18	Picture	10	484708	0	2	4145	3	0	4000	other	0
1103	18	Pulse	5	488374	3666	2
1103	19	Pulse	5	508363	5584	3
1103	20	Picture	30	527813	0	2	4145	3	0	4000	other	0
1103	20	Pulse	5	528363	550	2
1103	21	Picture	30	545884	0	1	4145	2	0	4000	other	0
1103	21	Pulse	5	548363	2479	2
1103	22	Picture	31	563955	0	1	4144	3	0	4000	hit	43
1103	22	Response	1	568032	4077	2
1103	22	Pulse	5	568352	4397	2
1103	23	Picture	30	582026	0	1	4144	2	0	4000	other	0
1103	23	Pulse	5	588352	6326	2
1103	24	Picture	30	600096	0	2	4145	3	0	4000	other	0
1103	24	Pulse	5	608352	8256	1
1103	25	Picture	30	618167	0	2	4144	4	0	4000	other	0
1103	25	Pulse	5	628341	10174	2
1103	26	Picture	31	636238	0	1	4145	2	0	4000	hit	52
1103	26	Response	1	641301	5063	2
1103	26	Pulse	5	648341	12103	2
1103	27	Picture	31	654309	0	1	4145	2	0	4000	miss	0
1103	27	Pulse	5	668340	14031	2
1103	28	Picture	30	672380	0	1	4144	3	0	4000	other	0
1103	28	Pulse	5	688330	15950	2
1103	29	Picture	30	690450	0	2	4145	3	0	4000	other	0
1103	29	Pulse	5	708330	17880	2
1103	30	Picture	30	708521	0	2	4145	3	0	4000	other	0
1103	31	Picture	31	726592	0	1	4145	2	0	4000	hit	63
1103	31	Pulse	5	728329	1737	2
1103	31	Response	1	731369	4777	2
1103	32	Picture	30	744663	0	1	4145	2	0	4000	other	0
1103	32	Pulse	5	748319	3656	2
1103	33	Picture	30	762734	0	1	4144	3	0	4000	other	0
1103	33	Pulse	5	768319	5585	1
1103	34	Picture	30	780805	0	1	4144	3	0	4000	other	0
1103	34	Pulse	5	788318	7513	2
1103	35	Picture	30	798875	0	2	4145	3	0	4000	other	0
1103	35	Pulse	5	808308	9433	2
1103	36	Pulse	5	828307	11361	2
1103	37	Picture	10	841980	0	1	4145	2	0	4000	other	0
1103	37	Pulse	5	848307	6327	2
1103	38	Picture	10	860051	0	1	4145	2	0	4000	other	0
1103	38	Pulse	5	868297	8246	2
1103	39	Picture	11	878122	0	1	4144	3	0	4000	hit	78
1103	39	Response	1	881576	3454	2
1103	39	Pulse	5	888296	10174	2
1103	40	Picture	10	896193	0	1	4144	3	0	4000	other	0
1103	40	Pulse	5	908296	12103	2
1103	41	Picture	11	914263	0	2	4145	3	0	4000	hit	83
1103	41	Response	1	919006	4743	2
1103	41	Pulse	5	928286	14023	2
1103	42	Picture	10	932334	0	1	4145	2	0	4000	other	0
1103	42	Pulse	5	948285	15951	3
1103	43	Picture	10	950405	0	1	4145	2	0	4000	other	0
1103	43	Pulse	5	968274	17869	4
1103	44	Picture	10	968476	0	1	4145	2	0	4000	other	0
1103	45	Picture	11	986547	0	1	4144	3	0	4000	hit	92
1103	45	Pulse	5	988273	1726	4
1103	45	Response	1	990674	4127	2
1103	46	Picture	10	1004617	0	2	4145	3	0	4000	other	0
1103	46	Pulse	5	1008273	3656	3
1103	47	Picture	10	1022688	0	2	4145	3	0	4000	other	0
1103	47	Pulse	5	1028273	5585	4
1103	48	Picture	11	1040759	0	1	4144	3	0	4000	hit	98
1103	48	Response	1	1044263	3504	2
1103	48	Pulse	5	1048265	7506	1
1103	49	Picture	10	1058830	0	1	4145	2	0	4000	other	0
1103	49	Pulse	5	1068264	9434	1
1103	50	Picture	10	1076901	0	1	4144	3	0	4000	other	0
1103	50	Pulse	5	1088421	11520	4
1103	51	Picture	10	1094972	0	1	4144	2	0	4000	other	0
1103	51	Pulse	5	1108412	13440	2
1103	52	Picture	10	1113042	0	2	4145	3	0	4000	other	0
1103	52	Pulse	5	1128411	15369	3
1103	53	Pulse	5	1148411	17298	3
1103	54	Picture	20	1156147	0	1	4145	2	0	4000	other	0
1103	54	Pulse	5	1168401	12254	2
1103	55	Picture	20	1174218	0	1	4144	3	0	4000	other	0
1103	55	Pulse	5	1188401	14183	2
1103	56	Picture	21	1192289	0	1	4144	3	0	4000	hit	114
1103	56	Response	1	1196559	4270	4
1103	56	Pulse	5	1208400	16111	2
1103	57	Picture	20	1210360	0	1	4144	2	0	4000	other	0
1103	57	Pulse	5	1228390	18030	5
1103	58	Picture	20	1228430	0	2	4145	3	0	4000	other	0
1103	59	Picture	20	1246501	0	1	4145	2	0	4000	other	0
1103	59	Pulse	5	1248389	1888	5
1103	60	Picture	21	1264572	0	1	4145	2	0	4000	hit	123
1103	60	Pulse	5	1268388	3816	6
1103	60	Response	1	1269189	4617	2
1103	61	Picture	20	1282643	0	1	4144	3	0	4000	other	0
1103	61	Pulse	5	1288380	5737	1
1103	62	Picture	20	1300714	0	1	4144	2	0	4000	other	0
1103	62	Pulse	5	1308378	7664	2
1103	63	Picture	20	1318784	0	2	4145	3	0	4000	other	0
1103	63	Pulse	5	1328378	9594	2
1103	64	Picture	20	1336855	0	1	4145	2	0	4000	other	0
1103	64	Pulse	5	1348368	11513	2
1103	65	Picture	20	1354926	0	1	4145	2	0	4000	other	0
1103	65	Pulse	5	1368367	13441	2
1103	66	Picture	21	1372997	0	1	4145	2	0	4000	hit	135
1103	66	Response	1	1377648	4651	2
1103	66	Pulse	5	1388367	15370	2
1103	67	Picture	20	1391068	0	1	4144	3	0	4000	other	0
1103	67	Pulse	5	1408357	17289	2
1103	68	Picture	20	1409138	0	2	4145	3	0	4000	other	0
1103	69	Picture	21	1427209	0	1	4145	2	0	4000	hit	142
1103	69	Pulse	5	1428356	1147	3
1103	69	Response	1	1434756	7547	2
1103	70	Pulse	5	1448356	3076	2
1103	70	Pulse	5	1468346	23066	1
1103	71	Picture	10	1470314	0	1	4145	2	0	4000	other	0
1103	71	Pulse	5	1488345	18031	2
1103	72	Picture	10	1488385	0	1	4145	2	0	4000	other	0
1103	73	Picture	11	1506456	0	1	4144	3	0	4000	hit	150
1103	73	Pulse	5	1508345	1889	1
1103	73	Response	1	1509945	3489	1
1103	74	Picture	10	1524527	0	1	4144	2	0	4000	other	0
1103	74	Pulse	5	1528334	3807	2
1103	75	Picture	11	1542597	0	1	4145	2	0	4000	hit	154
1103	75	Response	1	1546894	4297	2
1103	75	Pulse	5	1548334	5737	2
1103	76	Picture	10	1560668	0	1	4145	2	0	4000	other	0
1103	76	Pulse	5	1568334	7666	1
1103	77	Picture	10	1578739	0	1	4144	3	0	4000	other	0
1103	77	Pulse	5	1588323	9584	2
1103	78	Picture	11	1596810	0	1	4144	3	0	4000	hit	161
1103	78	Response	1	1600963	4153	2
1103	78	Pulse	5	1608323	11513	2
1103	79	Picture	10	1614881	0	1	4144	2	0	4000	other	0
1103	79	Pulse	5	1628322	13441	2
1103	80	Picture	10	1632951	0	2	4145	3	0	4000	other	0
1103	80	Pulse	5	1648312	15361	2
1103	81	Picture	10	1651022	0	1	4145	2	0	4000	other	0
1103	81	Pulse	5	1668312	17290	2
1103	82	Picture	10	1669093	0	1	4145	2	0	4000	other	0
1103	83	Picture	10	1687164	0	1	4145	2	0	4000	other	0
1103	83	Pulse	5	1688312	1148	1
1103	84	Picture	11	1705235	0	1	4144	2	0	4000	hit	174
1103	84	Pulse	5	1708301	3066	2
1103	84	Response	1	1708941	3706	2
1103	85	Picture	10	1723305	0	2	4145	3	0	4000	other	0
1103	85	Pulse	5	1728301	4996	1
1103	86	Picture	10	1741376	0	2	4145	3	0	4000	other	0
1103	86	Pulse	5	1748300	6924	2
1103	87	Pulse	5	1768290	8843	2
1103	88	Picture	30	1784481	0	1	4145	2	0	4000	other	0
1103	88	Pulse	5	1788289	3808	2
1103	89	Picture	30	1802552	0	1	4145	2	0	4000	other	0
1103	89	Pulse	5	1808289	5737	2
1103	90	Picture	30	1820623	0	1	4144	3	0	4000	other	0
1103	90	Pulse	5	1828279	7656	1
1103	91	Picture	31	1838693	0	2	4145	3	0	4000	hit	187
1103	91	Response	1	1842038	3345	2
1103	91	Pulse	5	1848278	9585	2
1103	92	Picture	31	1856764	0	1	4145	2	0	4000	miss	0
1103	92	Pulse	5	1868279	11515	1
1103	93	Picture	30	1874835	0	1	4145	2	0	4000	other	0
1103	93	Pulse	5	1888267	13432	3
1103	94	Picture	30	1892906	0	1	4145	2	0	4000	other	0
1103	94	Pulse	5	1908267	15361	3
1103	95	Picture	30	1910977	0	1	4144	3	0	4000	other	0
1103	95	Pulse	5	1928267	17290	2
1103	96	Picture	31	1929047	0	2	4145	3	0	4000	hit	198
1103	96	Response	1	1932897	3850	2
1103	97	Picture	30	1947118	0	2	4145	3	0	4000	other	0
1103	97	Pulse	5	1948240	1122	29
1103	98	Picture	30	1965189	0	1	4145	2	0	4000	other	0
1103	98	Pulse	5	1968256	3067	2
1103	99	Picture	30	1983260	0	1	4145	2	0	4000	other	0
1103	99	Pulse	5	1988257	4997	1
1103	100	Picture	30	2001331	0	1	4144	3	0	4000	other	0
1103	100	Pulse	5	2008245	6914	2
1103	101	Picture	31	2019402	0	1	4144	3	0	4000	hit	208
1103	101	Response	1	2023285	3883	2
1103	101	Pulse	5	2028246	8844	1
1103	102	Picture	30	2037472	0	2	4145	3	0	4000	other	0
1103	102	Pulse	5	2048233	10761	5
1103	103	Picture	30	2055543	0	1	4145	2	0	4000	other	0
1103	103	Pulse	5	2068233	12690	3
1103	104	Pulse	5	2088233	14619	3
1103	105	Picture	10	2098648	0	1	4145	2	0	4000	other	0
1103	105	Pulse	5	2108232	9584	5
1103	106	Picture	10	2116719	0	1	4144	3	0	4000	other	0
1103	106	Pulse	5	2128382	11663	4
1103	107	Picture	11	2134790	0	1	4144	2	0	4000	hit	220
1103	107	Response	1	2138464	3674	1
1103	107	Pulse	5	2148382	13592	3
1103	108	Picture	10	2152860	0	2	4145	3	0	4000	other	0
1103	108	Pulse	5	2168381	15521	4
1103	109	Picture	11	2170931	0	1	4145	2	0	4000	hit	225
1103	109	Response	1	2175892	4961	2
1103	109	Pulse	5	2188372	17441	2
1103	110	Picture	10	2189002	0	1	4145	2	0	4000	other	0
1103	111	Picture	10	2207073	0	1	4145	2	0	4000	other	0
1103	111	Pulse	5	2208371	1298	2
1103	112	Picture	11	2225144	0	1	4144	3	0	4000	hit	232
1103	112	Pulse	5	2228372	3228	1
1103	112	Response	1	2228851	3707	2
1103	113	Picture	10	2243214	0	2	4145	3	0	4000	other	0
1103	113	Pulse	5	2248361	5147	2
1103	114	Picture	10	2261285	0	1	4145	2	0	4000	other	0
1103	114	Pulse	5	2268361	7076	1
1103	115	Picture	10	2279356	0	1	4145	2	0	4000	other	0
1103	115	Pulse	5	2288360	9004	2
1103	116	Picture	10	2297427	0	1	4145	2	0	4000	other	0
1103	116	Pulse	5	2308350	10923	1
1103	117	Picture	10	2315498	0	1	4144	3	0	4000	other	0
1103	117	Pulse	5	2328349	12851	2
1103	118	Picture	11	2333569	0	1	4144	2	0	4000	hit	244
1103	118	Response	1	2337149	3580	2
1103	118	Pulse	5	2348349	14780	2
1103	119	Picture	10	2351639	0	2	4145	3	0	4000	other	0
1103	119	Pulse	5	2368338	16699	3
1103	120	Picture	10	2369710	0	1	4145	2	0	4000	other	0
1103	121	Pulse	5	2388338	557	2
1103	121	Pulse	5	2408338	20557	2
1103	122	Picture	20	2412815	0	1	4145	2	0	4000	other	0
1103	122	Pulse	5	2428327	15512	2
1103	123	Picture	20	2430886	0	1	4144	3	0	4000	other	0
1103	123	Pulse	5	2448327	17441	2
1103	124	Picture	20	2448956	0	2	4145	3	0	4000	other	0
1103	125	Picture	21	2467027	0	1	4145	2	0	4000	hit	258
1103	125	Pulse	5	2468327	1300	1
1103	125	Response	1	2471048	4021	1
1103	126	Picture	20	2485098	0	1	4145	2	0	4000	other	0
1103	126	Pulse	5	2488316	3218	2
1103	127	Picture	20	2503169	0	1	4145	2	0	4000	other	0
1103	127	Pulse	5	2508316	5147	2
1103	128	Picture	21	2521240	0	1	4144	3	0	4000	hit	264
1103	128	Response	1	2525756	4516	1
1103	128	Pulse	5	2528316	7076	1
1103	129	Picture	20	2539311	0	1	4144	3	0	4000	other	0
1103	129	Pulse	5	2548305	8994	2
1103	130	Picture	20	2557381	0	2	4145	3	0	4000	other	0
1103	130	Pulse	5	2568305	10924	2
1103	131	Picture	20	2575452	0	1	4145	2	0	4000	other	0
1103	131	Pulse	5	2588304	12852	2
1103	132	Picture	21	2593523	0	1	4145	2	0	4000	hit	273
1103	132	Response	1	2597254	3731	2
1103	132	Pulse	5	2608294	14771	2
1103	133	Picture	20	2611594	0	1	4145	2	0	4000	other	0
1103	133	Pulse	5	2628294	16700	1
1103	134	Picture	20	2629665	0	1	4144	3	0	4000	other	0
1103	135	Picture	21	2647736	0	1	4144	2	0	4000	hit	280
1103	135	Pulse	5	2648293	557	2
1103	135	Response	1	2651963	4227	2
1103	136	Picture	20	2665806	0	2	4145	3	0	4000	other	0
1103	136	Pulse	5	2668283	2477	2
1103	137	Picture	20	2683877	0	1	4145	2	0	4000	other	0
1103	137	Pulse	5	2688283	4406	1
