Scenario - 1-back
Logfile written - 03/05/2015 12:01:56

Subject	Trial	Event Type	Code	Time	TTime	Uncertainty	Duration	Uncertainty	ReqTime	ReqDur	Stim Type	Pair Index

1103	1	Response	1	86410	96244	2
1103	1	Pulse	5	204787	214621	2
1103	2	Pulse	5	224777	19918	3
1103	3	Picture	10	229893	0	1	4145	2	0	4000	other	0
1103	3	Pulse	5	244777	14884	2
1103	4	Picture	10	247964	0	1	4145	2	0	4000	other	0
1103	4	Pulse	5	264776	16812	3
1103	5	Picture	11	266035	0	1	4144	3	0	4000	hit	9
1103	5	Response	1	269416	3381	3
1103	6	Picture	10	284106	0	1	4144	3	0	4000	other	0
1103	6	Pulse	5	284766	660	2
1103	7	Picture	11	302176	0	2	4145	3	0	4000	hit	14
1103	7	Pulse	5	304766	2590	1
1103	7	Response	1	305726	3550	1
1103	8	Picture	10	320247	0	2	4145	3	0	4000	other	0
1103	8	Pulse	5	324765	4518	2
1103	9	Picture	10	338318	0	1	4145	2	0	4000	other	0
1103	9	Pulse	5	344755	6437	2
1103	10	Picture	10	356389	0	1	4145	2	0	4000	other	0
1103	10	Pulse	5	364754	8365	2
1103	11	Picture	11	374460	0	1	4144	3	0	4000	hit	22
1103	11	Response	1	378034	3574	2
1103	11	Pulse	5	384754	10294	2
1103	12	Picture	10	392531	0	1	4144	2	0	4000	other	0
1103	12	Pulse	5	404744	12213	2
1103	13	Picture	10	410601	0	1	4145	2	0	4000	other	0
1103	13	Pulse	5	424743	14142	2
1103	14	Picture	11	428672	0	1	4145	2	0	4000	hit	29
1103	14	Response	1	432263	3591	2
1103	14	Pulse	5	444743	16071	2
1103	15	Picture	10	446743	0	1	4145	2	0	4000	other	0
1103	15	Pulse	5	464733	17990	1
1103	16	Picture	10	464814	0	1	4144	3	0	4000	other	0
1103	17	Picture	10	482885	0	1	4144	2	0	4000	other	0
1103	17	Pulse	5	484732	1847	2
1103	18	Picture	10	500955	0	2	4145	3	0	4000	other	0
1103	18	Pulse	5	504732	3777	2
1103	19	Pulse	5	524721	5695	2
1103	20	Picture	20	544060	0	1	4145	2	0	4000	other	0
1103	20	Pulse	5	544722	662	1
1103	21	Picture	20	562131	0	2	4145	3	0	4000	other	0
1103	21	Pulse	5	564721	2590	2
1103	22	Picture	21	580202	0	1	4144	3	0	4000	hit	45
1103	22	Pulse	5	584710	4508	2
1103	22	Response	1	585190	4988	2
1103	23	Picture	20	598272	0	2	4145	3	0	4000	other	0
1103	23	Pulse	5	604698	6426	21
1103	24	Picture	20	616343	0	1	4145	2	0	4000	other	0
1103	24	Pulse	5	624710	8367	1
1103	25	Picture	20	634414	0	1	4145	2	0	4000	other	0
1103	25	Pulse	5	644699	10285	2
1103	26	Picture	21	652485	0	1	4145	2	0	4000	hit	53
1103	26	Response	1	660059	7574	2
1103	26	Pulse	5	664700	12215	1
1103	27	Picture	20	670556	0	1	4144	3	0	4000	other	0
1103	27	Pulse	5	684699	14143	1
1103	28	Picture	20	688627	0	1	4144	2	0	4000	other	0
1103	28	Pulse	5	704687	16060	4
1103	29	Picture	20	706697	0	2	4145	3	0	4000	other	0
1103	29	Pulse	5	724687	17990	3
1103	30	Picture	20	724768	0	2	4145	3	0	4000	other	0
1103	31	Picture	20	742839	0	1	4145	2	0	4000	false_alarm	64
1103	31	Pulse	5	744686	1847	4
1103	31	Response	1	746927	4088	3
1103	32	Picture	21	760910	0	1	4144	3	0	4000	hit	67
1103	32	Pulse	5	764677	3767	2
1103	32	Response	1	768677	7767	2
1103	33	Picture	20	778980	0	2	4145	3	0	4000	other	0
1103	33	Pulse	5	784836	5856	2
1103	34	Picture	20	797051	0	1	4145	2	0	4000	other	0
1103	34	Pulse	5	804835	7784	3
1103	35	Picture	21	815122	0	1	4145	2	0	4000	hit	73
1103	35	Response	1	822277	7155	1
1103	35	Pulse	5	824827	9705	1
1103	36	Pulse	5	844827	11634	1
1103	37	Picture	10	858227	0	1	4145	2	0	4000	other	0
1103	37	Pulse	5	864826	6599	2
1103	38	Picture	10	876463	0	2	4145	3	0	4000	other	0
1103	38	Pulse	5	884815	8352	2
1103	39	Picture	11	894534	0	1	4145	2	0	4000	hit	81
1103	39	Response	1	898254	3720	2
1103	39	Pulse	5	904814	10280	2
1103	40	Picture	10	912605	0	1	4145	2	0	4000	other	0
1103	40	Pulse	5	924815	12210	1
1103	41	Picture	11	930676	0	1	4145	2	0	4000	hit	86
1103	41	Response	1	934414	3738	2
1103	41	Pulse	5	944804	14128	1
1103	42	Picture	10	948747	0	1	4144	2	0	4000	other	0
1103	42	Pulse	5	964803	16056	2
1103	43	Picture	10	966817	0	2	4145	3	0	4000	other	0
1103	43	Pulse	5	984803	17986	2
1103	44	Picture	10	984888	0	1	4145	2	0	4000	other	0
1103	45	Picture	11	1002959	0	1	4145	2	0	4000	hit	95
1103	45	Pulse	5	1004792	1833	2
1103	45	Response	1	1006872	3913	2
1103	46	Picture	10	1021030	0	1	4144	3	0	4000	other	0
1103	46	Pulse	5	1024792	3762	2
1103	47	Picture	10	1039101	0	1	4144	3	0	4000	other	0
1103	47	Pulse	5	1044792	5691	2
1103	48	Picture	11	1057172	0	1	4144	2	0	4000	hit	101
1103	48	Response	1	1061271	4099	2
1103	48	Pulse	5	1064781	7609	2
1103	49	Picture	10	1075242	0	2	4145	3	0	4000	other	0
1103	49	Pulse	5	1084781	9539	2
1103	50	Picture	10	1093313	0	1	4145	2	0	4000	other	0
1103	50	Pulse	5	1104781	11468	1
1103	51	Picture	10	1111384	0	1	4145	2	0	4000	other	0
1103	51	Pulse	5	1124771	13387	1
1103	52	Picture	10	1129455	0	1	4144	3	0	4000	other	0
1103	52	Pulse	5	1144770	15315	2
1103	53	Pulse	5	1164769	17243	2
1103	54	Picture	30	1172559	0	2	4145	3	0	4000	other	0
1103	54	Pulse	5	1184759	12200	3
1103	55	Picture	30	1190630	0	1	4145	2	0	4000	other	0
1103	55	Pulse	5	1204759	14129	2
1103	56	Picture	31	1208701	0	1	4145	2	0	4000	hit	117
1103	56	Response	1	1213239	4538	2
1103	56	Pulse	5	1224758	16057	3
1103	57	Picture	30	1226772	0	1	4144	3	0	4000	other	0
1103	57	Pulse	5	1244748	17976	2
1103	58	Picture	30	1244843	0	1	4144	3	0	4000	other	0
1103	59	Picture	30	1262913	0	2	4144	4	0	4000	other	0
1103	59	Pulse	5	1264748	1835	1
1103	60	Picture	31	1280984	0	1	4145	2	0	4000	hit	126
1103	60	Pulse	5	1284747	3763	2
1103	60	Response	1	1288587	7603	2
1103	61	Picture	31	1299055	0	1	4145	2	0	4000	miss	0
1103	61	Pulse	5	1304737	5682	2
1103	62	Picture	30	1317126	0	1	4144	3	0	4000	other	0
1103	62	Pulse	5	1324736	7610	2
1103	63	Picture	30	1335197	0	1	4144	3	0	4000	other	0
1103	63	Pulse	5	1344736	9539	2
1103	64	Picture	30	1353267	0	2	4145	3	0	4000	other	0
1103	64	Pulse	5	1364726	11459	2
1103	65	Picture	31	1371338	0	2	4145	3	0	4000	hit	136
1103	65	Response	1	1375605	4267	2
1103	65	Pulse	5	1384725	13387	2
1103	66	Picture	30	1389409	0	1	4145	2	0	4000	other	0
1103	66	Pulse	5	1404726	15317	1
1103	67	Picture	30	1407480	0	1	4145	2	0	4000	other	0
1103	67	Pulse	5	1424715	17235	1
1103	68	Picture	30	1425551	0	1	4144	3	0	4000	other	0
1103	69	Picture	30	1443622	0	1	4144	2	0	4000	other	0
1103	69	Pulse	5	1444714	1092	2
1103	70	Pulse	5	1464714	3022	2
1103	70	Pulse	5	1484703	23011	2
1103	71	Picture	10	1486726	0	1	4145	2	0	4000	other	0
1103	71	Pulse	5	1504703	17977	2
1103	72	Picture	10	1504797	0	1	4145	2	0	4000	other	0
1103	73	Picture	11	1522868	0	1	4144	3	0	4000	hit	152
1103	73	Pulse	5	1524703	1835	2
1103	73	Response	1	1526463	3595	2
1103	74	Picture	10	1540939	0	1	4144	3	0	4000	other	0
1103	74	Pulse	5	1544692	3753	2
1103	75	Picture	11	1559009	0	2	4145	3	0	4000	hit	156
1103	75	Response	1	1563092	4083	2
1103	75	Pulse	5	1564692	5683	2
1103	76	Picture	10	1577080	0	1	4145	2	0	4000	other	0
1103	76	Pulse	5	1584692	7612	1
1103	77	Picture	10	1595151	0	1	4145	2	0	4000	other	0
1103	77	Pulse	5	1604681	9530	2
1103	78	Picture	11	1613222	0	1	4145	2	0	4000	hit	163
1103	78	Response	1	1617801	4579	2
1103	78	Pulse	5	1624681	11459	2
1103	79	Picture	10	1631293	0	1	4144	3	0	4000	other	0
1103	79	Pulse	5	1644680	13387	2
1103	80	Picture	10	1649363	0	2	4145	3	0	4000	other	0
1103	80	Pulse	5	1664670	15307	2
1103	81	Picture	10	1667434	0	2	4145	3	0	4000	other	0
1103	81	Pulse	5	1684670	17236	2
1103	82	Picture	10	1685505	0	1	4145	2	0	4000	other	0
1103	83	Picture	10	1703576	0	1	4145	2	0	4000	other	0
1103	83	Pulse	5	1704669	1093	3
1103	84	Picture	11	1721647	0	1	4144	3	0	4000	hit	176
1103	84	Pulse	5	1724658	3011	3
1103	84	Response	1	1725779	4132	2
1103	85	Picture	10	1739718	0	1	4144	2	0	4000	other	0
1103	85	Pulse	5	1744657	4939	4
1103	86	Picture	10	1757788	0	2	4145	3	0	4000	other	0
1103	86	Pulse	5	1764657	6869	3
1103	87	Pulse	5	1784648	8789	2
1103	88	Picture	20	1800893	0	1	4145	2	0	4000	other	0
1103	88	Pulse	5	1804647	3754	2
1103	89	Picture	20	1818964	0	1	4145	2	0	4000	other	0
1103	89	Pulse	5	1824808	5844	1
1103	90	Picture	20	1837035	0	1	4144	3	0	4000	other	0
1103	90	Pulse	5	1844798	7763	1
1103	91	Picture	21	1855105	0	2	4145	3	0	4000	hit	189
1103	91	Response	1	1863198	8093	1
1103	91	Pulse	5	1864798	9693	1
1103	92	Picture	20	1873176	0	1	4145	2	0	4000	other	0
1103	92	Pulse	5	1884797	11621	1
1103	93	Picture	20	1891247	0	1	4145	2	0	4000	other	0
1103	93	Pulse	5	1904786	13539	1
1103	94	Picture	21	1909318	0	1	4145	2	0	4000	hit	196
1103	94	Response	1	1914225	4907	2
1103	94	Pulse	5	1924786	15468	1
1103	95	Picture	20	1927389	0	1	4144	3	0	4000	other	0
1103	95	Pulse	5	1944785	17396	2
1103	96	Picture	20	1945460	0	1	4144	2	0	4000	other	0
1103	97	Picture	20	1963530	0	1	4144	3	0	4000	other	0
1103	97	Pulse	5	1964774	1244	2
1103	98	Picture	21	1981601	0	1	4145	2	0	4000	hit	205
1103	98	Pulse	5	1984775	3174	1
1103	98	Response	1	1987494	5893	2
1103	99	Picture	20	1999672	0	1	4145	2	0	4000	other	0
1103	99	Pulse	5	2004774	5102	2
1103	100	Picture	20	2017743	0	1	4144	3	0	4000	other	0
1103	100	Pulse	5	2024763	7020	2
1103	101	Picture	21	2035814	0	1	4144	2	0	4000	hit	211
1103	101	Response	1	2040763	4949	2
1103	101	Pulse	5	2044763	8949	2
1103	102	Picture	20	2053884	0	2	4145	3	0	4000	other	0
1103	102	Pulse	5	2064763	10879	1
1103	103	Picture	20	2071955	0	1	4145	2	0	4000	other	0
1103	103	Pulse	5	2084752	12797	2
1103	104	Pulse	5	2104752	14726	2
1103	105	Picture	10	2115060	0	1	4145	2	0	4000	other	0
1103	105	Pulse	5	2124751	9691	2
1103	106	Picture	10	2133131	0	1	4144	3	0	4000	other	0
1103	106	Pulse	5	2144741	11610	2
1103	107	Picture	11	2151201	0	2	4145	3	0	4000	hit	223
1103	107	Response	1	2155621	4420	2
1103	107	Pulse	5	2164741	13540	2
1103	108	Picture	10	2169272	0	2	4145	3	0	4000	other	0
1103	108	Pulse	5	2184740	15468	3
1103	109	Picture	11	2187343	0	1	4145	2	0	4000	hit	228
1103	109	Response	1	2192260	4917	2
1103	109	Pulse	5	2204730	17387	2
1103	110	Picture	10	2205414	0	1	4145	2	0	4000	other	0
1103	111	Picture	10	2223485	0	1	4144	3	0	4000	other	0
1103	111	Pulse	5	2224730	1245	1
1103	112	Picture	11	2241555	0	2	4145	3	0	4000	hit	235
1103	112	Pulse	5	2244729	3174	2
1103	112	Response	1	2245049	3494	2
1103	113	Picture	10	2259626	0	2	4145	3	0	4000	other	0
1103	113	Pulse	5	2264719	5093	2
1103	114	Picture	10	2277697	0	1	4145	2	0	4000	other	0
1103	114	Pulse	5	2284718	7021	2
1103	115	Picture	10	2295768	0	1	4145	2	0	4000	other	0
1103	115	Pulse	5	2304718	8950	2
1103	116	Picture	10	2313839	0	1	4144	3	0	4000	other	0
1103	116	Pulse	5	2324708	10869	2
1103	117	Picture	10	2331910	0	1	4144	3	0	4000	other	0
1103	117	Pulse	5	2344707	12797	2
1103	118	Picture	11	2349980	0	2	4145	3	0	4000	hit	247
1103	118	Response	1	2354467	4487	2
1103	118	Pulse	5	2364707	14727	2
1103	119	Picture	10	2368051	0	1	4145	2	0	4000	other	0
1103	119	Pulse	5	2384696	16645	2
1103	120	Picture	10	2386122	0	1	4145	2	0	4000	other	0
1103	121	Pulse	5	2404696	503	2
1103	121	Pulse	5	2424696	20503	2
1103	122	Picture	30	2429227	0	1	4144	3	0	4000	other	0
1103	122	Pulse	5	2444685	15458	2
1103	123	Picture	30	2447298	0	1	4144	2	0	4000	other	0
1103	123	Pulse	5	2464685	17387	2
1103	124	Picture	30	2465368	0	2	4145	3	0	4000	other	0
1103	125	Picture	31	2483439	0	1	4145	2	0	4000	hit	261
1103	125	Pulse	5	2484685	1246	1
1103	125	Response	1	2489645	6206	1
1103	126	Picture	31	2501510	0	1	4145	2	0	4000	miss	0
1103	126	Pulse	5	2504674	3164	2
1103	127	Picture	30	2519581	0	1	4145	2	0	4000	other	0
1103	127	Pulse	5	2524674	5093	2
1103	128	Picture	30	2537652	0	1	4144	3	0	4000	other	0
1103	128	Pulse	5	2544674	7022	1
1103	129	Picture	30	2555722	0	2	4145	3	0	4000	other	0
1103	129	Pulse	5	2564663	8941	2
1103	130	Picture	31	2573793	0	2	4145	3	0	4000	hit	271
1103	130	Response	1	2579063	5270	2
1103	130	Pulse	5	2584663	10870	2
1103	131	Picture	30	2591864	0	1	4145	2	0	4000	other	0
1103	131	Pulse	5	2604662	12798	2
1103	132	Picture	30	2609935	0	1	4145	2	0	4000	other	0
1103	132	Pulse	5	2624652	14717	2
1103	133	Picture	30	2628006	0	1	4144	3	0	4000	other	0
1103	133	Pulse	5	2644652	16646	2
1103	134	Picture	30	2646076	0	2	4145	3	0	4000	other	0
1103	135	Picture	31	2664147	0	1	4144	3	0	4000	hit	282
1103	135	Pulse	5	2664651	504	3
1103	135	Response	1	2669131	4984	3
1103	136	Picture	30	2682218	0	1	4145	2	0	4000	other	0
1103	136	Pulse	5	2684641	2423	2
1103	137	Picture	30	2700289	0	1	4145	2	0	4000	other	0
1103	137	Pulse	5	2704641	4352	1
