Scenario - 1-back
Logfile written - 04/18/2015 12:51:45

Subject	Trial	Event Type	Code	Time	TTime	Uncertainty	Duration	Uncertainty	ReqTime	ReqDur	Stim Type	Pair Index

1105	1	Pulse	5	176503	186325	2
1105	2	Pulse	5	196504	19845	1
1105	3	Picture	10	201724	0	2	4089	3	0	4000	other	0
1105	3	Pulse	5	216494	14770	1
1105	4	Picture	10	219857	0	1	4089	2	0	4000	other	0
1105	4	Pulse	5	236493	16636	1
1105	5	Picture	11	237990	0	1	4088	3	0	4000	hit	8
1105	5	Response	1	242413	4423	1
1105	6	Picture	10	256122	0	2	4089	3	0	4000	other	0
1105	6	Pulse	5	256491	369	2
1105	7	Picture	11	274255	0	1	4089	2	0	4000	hit	13
1105	7	Pulse	5	276482	2227	1
1105	7	Response	1	278402	4147	1
1105	8	Picture	10	292388	0	1	4088	3	0	4000	other	0
1105	8	Pulse	5	296482	4094	1
1105	9	Picture	10	310520	0	2	4089	3	0	4000	other	0
1105	9	Pulse	5	316479	5959	2
1105	10	Picture	10	328653	0	1	4089	2	0	4000	other	0
1105	10	Pulse	5	336469	7816	2
1105	11	Picture	11	346786	0	1	4088	3	0	4000	hit	21
1105	11	Response	1	350228	3442	2
1105	11	Pulse	5	356468	9682	2
1105	12	Picture	10	364918	0	1	4089	2	0	4000	other	0
1105	12	Pulse	5	376468	11550	2
1105	13	Picture	10	383051	0	1	4089	2	0	4000	other	0
1105	13	Pulse	5	396457	13406	2
1105	14	Picture	11	401184	0	1	4088	3	0	4000	hit	28
1105	14	Response	1	404777	3593	2
1105	14	Pulse	5	416457	15273	1
1105	15	Picture	10	419316	0	1	4089	2	0	4000	other	0
1105	15	Pulse	5	436456	17140	2
1105	16	Picture	10	437449	0	1	4089	2	0	4000	other	0
1105	17	Picture	10	455581	0	2	4089	3	0	4000	other	0
1105	17	Pulse	5	456446	865	1
1105	18	Picture	10	473714	0	1	4089	2	0	4000	other	0
1105	18	Pulse	5	476445	2731	2
1105	19	Pulse	5	496444	4597	2
1105	19	Pulse	5	516434	24587	2
1105	20	Picture	30	516912	0	2	4089	3	0	4000	other	0
1105	21	Picture	30	535045	0	1	4089	2	0	4000	other	0
1105	21	Pulse	5	536433	1388	2
1105	22	Picture	31	553178	0	1	4088	3	0	4000	hit	44
1105	22	Pulse	5	556433	3255	1
1105	22	Response	1	560273	7095	1
1105	23	Picture	30	571310	0	2	4089	3	0	4000	other	0
1105	23	Pulse	5	576422	5112	2
1105	24	Picture	30	589443	0	1	4089	2	0	4000	other	0
1105	24	Pulse	5	596422	6979	1
1105	25	Picture	30	607576	0	1	4088	3	0	4000	other	0
1105	25	Pulse	5	616421	8845	2
1105	26	Picture	31	625708	0	2	4089	3	0	4000	hit	52
1105	26	Response	1	631451	5743	1
1105	26	Pulse	5	636411	10703	1
1105	27	Picture	31	643841	0	1	4089	2	0	4000	hit	55
1105	27	Response	1	650010	6169	2
1105	27	Pulse	5	656410	12569	2
1105	28	Picture	30	661974	0	1	4088	3	0	4000	other	0
1105	28	Pulse	5	676409	14435	2
1105	29	Picture	30	680106	0	1	4089	2	0	4000	other	0
1105	29	Pulse	5	696399	16293	2
1105	30	Picture	30	698239	0	1	4089	2	0	4000	other	0
1105	31	Picture	31	716372	0	1	4088	2	0	4000	hit	64
1105	31	Pulse	5	716398	26	2
1105	31	Response	1	727598	11226	2
1105	32	Picture	30	734504	0	1	4089	2	0	4000	other	0
1105	32	Pulse	5	736398	1894	1
1105	33	Picture	30	752637	0	1	4089	2	0	4000	other	0
1105	33	Pulse	5	756387	3750	2
1105	34	Picture	30	770769	0	2	4089	3	0	4000	other	0
1105	34	Pulse	5	776387	5618	1
1105	35	Picture	30	788902	0	1	4089	2	0	4000	other	0
1105	35	Pulse	5	796386	7484	2
1105	36	Pulse	5	816375	9340	2
1105	37	Picture	10	832100	0	2	4089	3	0	4000	other	0
1105	37	Pulse	5	836375	4275	2
1105	38	Picture	10	850233	0	1	4089	2	0	4000	other	0
1105	38	Pulse	5	856374	6141	2
1105	39	Picture	11	868366	0	1	4089	2	0	4000	hit	79
1105	39	Response	1	872844	4478	2
1105	39	Pulse	5	876364	7998	2
1105	40	Picture	10	886498	0	2	4089	3	0	4000	other	0
1105	40	Pulse	5	896363	9865	2
1105	41	Picture	11	904631	0	1	4089	2	0	4000	hit	84
1105	41	Response	1	909803	5172	2
1105	41	Pulse	5	916362	11731	2
1105	42	Picture	10	922764	0	1	4089	2	0	4000	other	0
1105	42	Pulse	5	936513	13749	1
1105	43	Picture	10	940896	0	2	4089	3	0	4000	other	0
1105	43	Pulse	5	956511	15615	2
1105	44	Picture	10	959029	0	1	4089	2	0	4000	other	0
1105	44	Pulse	5	976511	17482	2
1105	45	Picture	11	977162	0	1	4088	3	0	4000	hit	93
1105	45	Response	1	981311	4149	1
1105	46	Picture	10	995294	0	1	4089	2	0	4000	other	0
1105	46	Pulse	5	996500	1206	2
1105	47	Picture	10	1013427	0	1	4089	2	0	4000	other	0
1105	47	Pulse	5	1016500	3073	2
1105	48	Picture	11	1031560	0	1	4088	3	0	4000	hit	99
1105	48	Response	1	1035539	3979	2
1105	48	Pulse	5	1036499	4939	2
1105	49	Picture	10	1049692	0	1	4089	2	0	4000	other	0
1105	49	Pulse	5	1056489	6797	1
1105	50	Picture	10	1067825	0	1	4089	2	0	4000	other	0
1105	50	Pulse	5	1076488	8663	2
1105	51	Picture	10	1085958	0	1	4088	3	0	4000	other	0
1105	51	Pulse	5	1096487	10529	2
1105	52	Picture	10	1104090	0	1	4089	2	0	4000	other	0
1105	52	Pulse	5	1116477	12387	2
1105	53	Pulse	5	1136477	14254	1
1105	54	Picture	20	1147289	0	1	4088	2	0	4000	other	0
1105	54	Pulse	5	1156476	9187	2
1105	55	Picture	20	1165421	0	1	4089	2	0	4000	other	0
1105	55	Pulse	5	1176465	11044	2
1105	56	Picture	21	1183554	0	1	4089	2	0	4000	hit	115
1105	56	Response	1	1187185	3631	2
1105	56	Pulse	5	1196465	12911	1
1105	57	Picture	20	1201687	0	1	4088	2	0	4000	other	0
1105	57	Pulse	5	1216464	14777	2
1105	58	Picture	20	1219819	0	1	4089	2	0	4000	other	0
1105	58	Pulse	5	1236453	16634	2
1105	59	Picture	20	1237952	0	1	4089	2	0	4000	other	0
1105	60	Picture	21	1256084	0	2	4089	3	0	4000	hit	124
1105	60	Pulse	5	1256453	369	2
1105	60	Response	1	1261413	5329	2
1105	61	Picture	20	1274217	0	1	4089	2	0	4000	other	0
1105	61	Pulse	5	1276454	2237	1
1105	62	Picture	20	1292350	0	1	4088	3	0	4000	other	0
1105	62	Pulse	5	1296443	4093	1
1105	63	Picture	20	1310482	0	2	4089	3	0	4000	other	0
1105	63	Pulse	5	1316443	5961	1
1105	64	Picture	20	1328615	0	1	4089	2	0	4000	other	0
1105	64	Pulse	5	1336441	7826	2
1105	65	Picture	20	1346748	0	1	4088	3	0	4000	other	0
1105	65	Pulse	5	1356430	9682	2
1105	66	Picture	21	1364880	0	2	4089	3	0	4000	hit	136
1105	66	Response	1	1369550	4670	2
1105	66	Pulse	5	1376430	11550	1
1105	67	Picture	20	1383013	0	1	4089	2	0	4000	other	0
1105	67	Pulse	5	1396429	13416	2
1105	68	Picture	20	1401146	0	1	4088	2	0	4000	other	0
1105	68	Pulse	5	1416418	15272	2
1105	69	Picture	21	1419278	0	1	4089	2	0	4000	hit	143
1105	69	Response	1	1426018	6740	2
1105	69	Pulse	5	1436418	17140	2
1105	70	Pulse	5	1456417	19006	2
1105	71	Picture	10	1462477	0	1	4088	3	0	4000	other	0
1105	71	Pulse	5	1476407	13930	2
1105	72	Picture	10	1480609	0	2	4089	3	0	4000	other	0
1105	72	Pulse	5	1496406	15797	2
1105	73	Picture	11	1498742	0	1	4089	2	0	4000	hit	151
1105	73	Response	1	1502646	3904	2
1105	73	Pulse	5	1516406	17664	1
1105	74	Picture	10	1516874	0	2	4089	3	0	4000	other	0
1105	75	Picture	11	1535007	0	1	4089	2	0	4000	hit	156
1105	75	Pulse	5	1536395	1388	2
1105	75	Response	1	1538955	3948	2
1105	76	Picture	10	1553140	0	1	4089	2	0	4000	other	0
1105	76	Pulse	5	1556394	3254	2
1105	77	Picture	10	1571272	0	2	4089	3	0	4000	other	0
1105	77	Pulse	5	1576394	5122	2
1105	78	Picture	11	1589405	0	1	4089	2	0	4000	hit	162
1105	78	Response	1	1593665	4260	1
1105	78	Pulse	5	1596383	6978	2
1105	79	Picture	10	1607538	0	1	4088	3	0	4000	other	0
1105	79	Pulse	5	1616383	8845	2
1105	80	Picture	10	1625670	0	2	4089	3	0	4000	other	0
1105	80	Pulse	5	1636382	10712	2
1105	81	Picture	10	1643803	0	1	4089	3	0	4000	other	0
1105	81	Pulse	5	1656372	12569	1
1105	82	Picture	10	1661936	0	1	4088	3	0	4000	other	0
1105	82	Pulse	5	1676371	14435	2
1105	83	Picture	10	1680068	0	2	4089	3	0	4000	other	0
1105	83	Pulse	5	1696371	16303	1
1105	84	Picture	11	1698200	0	2	4090	3	0	4000	hit	175
1105	84	Response	1	1702130	3930	2
1105	85	Picture	10	1716334	0	1	4088	3	0	4000	other	0
1105	85	Pulse	5	1716360	26	2
1105	86	Picture	10	1734466	0	2	4089	3	0	4000	other	0
1105	86	Pulse	5	1736359	1893	2
1105	87	Pulse	5	1756359	3761	2
1105	87	Pulse	5	1776348	23750	2
1105	88	Picture	30	1777665	0	1	4088	3	0	4000	other	0
1105	89	Picture	30	1795797	0	2	4089	3	0	4000	other	0
1105	89	Pulse	5	1796348	551	2
1105	90	Picture	30	1813930	0	1	4089	2	0	4000	other	0
1105	90	Pulse	5	1816347	2417	2
1105	91	Picture	31	1832063	0	1	4088	2	0	4000	hit	189
1105	91	Pulse	5	1836337	4274	1
1105	91	Response	1	1841456	9393	2
1105	92	Picture	31	1850195	0	2	4089	3	0	4000	hit	191
1105	92	Response	1	1854896	4701	2
1105	92	Pulse	5	1856336	6141	2
1105	93	Picture	30	1868328	0	1	4089	2	0	4000	other	0
1105	93	Pulse	5	1876335	8007	2
1105	94	Picture	30	1886461	0	1	4088	2	0	4000	other	0
1105	94	Pulse	5	1896326	9865	1
1105	95	Picture	30	1904593	0	1	4089	2	0	4000	other	0
1105	95	Pulse	5	1916324	11731	2
1105	96	Picture	31	1922726	0	1	4088	3	0	4000	hit	200
1105	96	Response	1	1925924	3198	2
1105	96	Pulse	5	1936324	13598	2
1105	97	Picture	30	1940858	0	2	4089	3	0	4000	other	0
1105	97	Pulse	5	1956313	15455	2
1105	98	Picture	30	1958991	0	1	4089	2	0	4000	other	0
1105	98	Pulse	5	1976473	17482	1
1105	99	Picture	30	1977124	0	1	4088	3	0	4000	other	0
1105	100	Picture	30	1995256	0	2	4089	3	0	4000	other	0
1105	100	Pulse	5	1996472	1216	2
1105	101	Picture	31	2013389	0	1	4089	2	0	4000	hit	211
1105	101	Pulse	5	2016461	3072	2
1105	101	Response	1	2016941	3552	2
1105	102	Picture	30	2031522	0	1	4088	3	0	4000	other	0
1105	102	Pulse	5	2036461	4939	2
1105	103	Picture	30	2049654	0	1	4089	2	0	4000	false_alarm	215
1105	103	Response	1	2056140	6486	2
1105	103	Pulse	5	2056460	6806	2
1105	104	Pulse	5	2076451	8664	1
1105	105	Picture	10	2092853	0	1	4088	3	0	4000	other	0
1105	105	Pulse	5	2096449	3596	2
1105	106	Picture	10	2110985	0	2	4089	3	0	4000	other	0
1105	106	Pulse	5	2116449	5464	2
1105	107	Picture	11	2129118	0	1	4089	2	0	4000	hit	223
1105	107	Response	1	2134038	4920	2
1105	107	Pulse	5	2136438	7320	2
1105	108	Picture	10	2147251	0	1	4088	3	0	4000	other	0
1105	108	Pulse	5	2156438	9187	1
1105	109	Picture	11	2165383	0	1	4089	2	0	4000	hit	228
1105	109	Response	1	2170837	5454	2
1105	109	Pulse	5	2176437	11054	2
1105	110	Picture	10	2183516	0	1	4089	2	0	4000	other	0
1105	110	Pulse	5	2196426	12910	2
1105	111	Picture	10	2201649	0	1	4088	2	0	4000	other	0
1105	111	Pulse	5	2216426	14777	2
1105	112	Picture	11	2219781	0	1	4089	2	0	4000	hit	235
1105	112	Response	1	2224906	5125	1
1105	112	Pulse	5	2236417	16636	1
1105	113	Picture	10	2237914	0	1	4089	2	0	4000	other	0
1105	114	Picture	10	2256046	0	2	4089	4	0	4000	other	0
1105	114	Pulse	5	2256415	369	2
1105	115	Picture	10	2274179	0	1	4089	2	0	4000	other	0
1105	115	Pulse	5	2276414	2235	2
1105	116	Picture	10	2292312	0	1	4089	2	0	4000	other	0
1105	116	Pulse	5	2296415	4103	1
1105	117	Picture	10	2310444	0	2	4089	3	0	4000	other	0
1105	117	Pulse	5	2316404	5960	2
1105	118	Picture	11	2328577	0	1	4089	2	0	4000	hit	247
1105	118	Response	1	2331444	2867	1
1105	118	Pulse	5	2336404	7827	1
1105	119	Picture	10	2346710	0	1	4088	3	0	4000	other	0
1105	119	Pulse	5	2356402	9692	2
1105	120	Picture	10	2364842	0	2	4089	3	0	4000	other	0
1105	120	Pulse	5	2376392	11550	1
1105	121	Pulse	5	2396391	13416	2
1105	122	Picture	20	2408041	0	1	4089	2	0	4000	other	0
1105	122	Pulse	5	2416390	8349	2
1105	123	Picture	20	2426173	0	2	4089	3	0	4000	other	0
1105	123	Pulse	5	2436380	10207	2
1105	124	Picture	20	2444306	0	1	4089	2	0	4000	other	0
1105	124	Pulse	5	2456379	12073	2
1105	125	Picture	21	2462439	0	1	4088	3	0	4000	hit	261
1105	125	Response	1	2465659	3220	2
1105	125	Pulse	5	2476379	13940	1
1105	126	Picture	20	2480571	0	2	4089	3	0	4000	other	0
1105	126	Pulse	5	2496368	15797	2
1105	127	Picture	20	2498704	0	1	4089	2	0	4000	other	0
1105	127	Pulse	5	2516367	17663	2
1105	128	Picture	21	2516837	0	1	4088	3	0	4000	hit	268
1105	128	Response	1	2522767	5930	2
1105	129	Picture	20	2534969	0	1	4089	2	0	4000	other	0
1105	129	Pulse	5	2536367	1398	2
1105	130	Picture	20	2553102	0	1	4089	2	0	4000	other	0
1105	130	Pulse	5	2556356	3254	2
1105	131	Picture	20	2571235	0	1	4088	3	0	4000	other	0
1105	131	Pulse	5	2576356	5121	2
1105	132	Picture	21	2589367	0	1	4089	2	0	4000	hit	276
1105	132	Response	1	2594915	5548	2
1105	132	Pulse	5	2596355	6988	2
1105	133	Picture	20	2607500	0	1	4089	2	0	4000	other	0
1105	133	Pulse	5	2616345	8845	1
1105	134	Picture	20	2625632	0	2	4089	3	0	4000	other	0
1105	134	Pulse	5	2636344	10712	2
1105	135	Picture	21	2643765	0	1	4089	2	0	4000	hit	283
1105	135	Response	1	2651704	7939	1
1105	135	Pulse	5	2656343	12578	2
1105	136	Picture	20	2661898	0	1	4089	2	0	4000	other	0
1105	136	Pulse	5	2676333	14435	2
1105	137	Picture	20	2680030	0	2	4089	3	0	4000	other	0
