Scenario - 1-back
Logfile written - 04/18/2015 12:36:52

Subject	Trial	Event Type	Code	Time	TTime	Uncertainty	Duration	Uncertainty	ReqTime	ReqDur	Stim Type	Pair Index

1105	1	Response	1	482365	492351	1
1105	1	Pulse	5	604421	614407	2
1105	2	Pulse	5	624420	19867	2
1105	3	Picture	10	629619	0	1	4089	2	0	4000	other	0
1105	3	Pulse	5	644410	14791	2
1105	4	Picture	10	647752	0	1	4088	3	0	4000	other	0
1105	4	Pulse	5	664409	16657	2
1105	5	Picture	11	665884	0	1	4089	2	0	4000	hit	9
1105	5	Response	1	669209	3325	2
1105	6	Picture	10	684017	0	1	4089	2	0	4000	other	0
1105	6	Pulse	5	684409	392	2
1105	7	Picture	11	702150	0	1	4088	2	0	4000	hit	14
1105	7	Pulse	5	704398	2248	2
1105	7	Response	1	705838	3688	2
1105	8	Picture	10	720282	0	1	4089	2	0	4000	other	0
1105	8	Pulse	5	724398	4116	2
1105	9	Picture	10	738415	0	1	4089	2	0	4000	other	0
1105	9	Pulse	5	744397	5982	2
1105	10	Picture	10	756547	0	2	4089	3	0	4000	other	0
1105	10	Pulse	5	764387	7840	1
1105	11	Picture	11	774680	0	1	4089	2	0	4000	hit	22
1105	11	Response	1	777986	3306	2
1105	11	Pulse	5	784386	9706	2
1105	12	Picture	10	792813	0	1	4088	3	0	4000	other	0
1105	12	Pulse	5	804385	11572	2
1105	13	Picture	10	810945	0	2	4089	3	0	4000	other	0
1105	13	Pulse	5	824375	13430	2
1105	14	Picture	11	829078	0	1	4089	2	0	4000	hit	29
1105	14	Response	1	832375	3297	1
1105	14	Pulse	5	844374	15296	2
1105	15	Picture	10	847211	0	1	4088	2	0	4000	other	0
1105	15	Pulse	5	864374	17163	2
1105	16	Picture	10	865343	0	1	4089	2	0	4000	other	0
1105	17	Picture	10	883476	0	1	4089	2	0	4000	other	0
1105	17	Pulse	5	884363	887	2
1105	18	Picture	10	901608	0	2	4089	3	0	4000	other	0
1105	18	Pulse	5	904363	2755	1
1105	19	Pulse	5	924362	4621	2
1105	19	Pulse	5	944351	24610	2
1105	20	Picture	20	944807	0	1	4089	2	0	4000	other	0
1105	21	Picture	20	962939	0	2	4089	3	0	4000	other	0
1105	21	Pulse	5	964351	1412	2
1105	22	Picture	21	981072	0	1	4089	2	0	4000	hit	45
1105	22	Pulse	5	984350	3278	2
1105	22	Response	1	984510	3438	2
1105	23	Picture	20	999205	0	1	4088	3	0	4000	other	0
1105	23	Pulse	5	1004340	5135	2
1105	24	Picture	20	1017337	0	2	4089	3	0	4000	other	0
1105	24	Pulse	5	1024339	7002	2
1105	25	Picture	20	1035470	0	1	4089	2	0	4000	other	0
1105	25	Pulse	5	1044339	8869	2
1105	26	Picture	21	1053603	0	1	4088	3	0	4000	hit	53
1105	26	Response	1	1059048	5445	2
1105	26	Pulse	5	1064328	10725	2
1105	27	Picture	20	1071735	0	2	4089	3	0	4000	other	0
1105	27	Pulse	5	1084328	12593	1
1105	28	Picture	20	1089867	0	2	4090	3	0	4000	other	0
1105	28	Pulse	5	1104318	14451	1
1105	29	Picture	20	1108001	0	1	4088	3	0	4000	other	0
1105	29	Pulse	5	1124318	16317	1
1105	30	Picture	20	1126133	0	1	4089	2	0	4000	other	0
1105	31	Picture	20	1144266	0	1	4089	2	0	4000	other	0
1105	31	Pulse	5	1144317	51	1
1105	32	Picture	21	1162398	0	2	4089	3	0	4000	hit	66
1105	32	Pulse	5	1164317	1919	1
1105	32	Response	1	1166227	3829	1
1105	33	Picture	20	1180531	0	1	4089	2	0	4000	other	0
1105	33	Pulse	5	1184305	3774	2
1105	34	Picture	20	1198663	0	2	4090	3	0	4000	other	0
1105	34	Pulse	5	1204464	5801	2
1105	35	Picture	21	1216796	0	2	4089	3	0	4000	hit	72
1105	35	Response	1	1220944	4148	1
1105	35	Pulse	5	1224465	7669	1
1105	36	Pulse	5	1244453	9524	2
1105	37	Picture	10	1259995	0	1	4088	3	0	4000	other	0
1105	37	Pulse	5	1264452	4457	2
1105	38	Picture	10	1278127	0	2	4089	3	0	4000	other	0
1105	38	Pulse	5	1284452	6325	2
1105	39	Picture	11	1296260	0	1	4089	2	0	4000	hit	80
1105	39	Response	1	1299961	3701	2
1105	39	Pulse	5	1304441	8181	2
1105	40	Picture	10	1314393	0	1	4088	3	0	4000	other	0
1105	40	Pulse	5	1324441	10048	2
1105	41	Picture	11	1332525	0	2	4089	3	0	4000	hit	85
1105	41	Response	1	1336600	4075	2
1105	41	Pulse	5	1344440	11915	2
1105	42	Picture	10	1350658	0	1	4089	2	0	4000	other	0
1105	42	Pulse	5	1364430	13772	1
1105	43	Picture	10	1368791	0	1	4088	3	0	4000	other	0
1105	43	Pulse	5	1384429	15638	2
1105	44	Picture	10	1386923	0	1	4089	2	0	4000	other	0
1105	44	Pulse	5	1404429	17506	1
1105	45	Picture	11	1405056	0	1	4089	2	0	4000	hit	94
1105	45	Response	1	1407778	2722	2
1105	46	Picture	10	1423189	0	1	4088	3	0	4000	other	0
1105	46	Pulse	5	1424418	1229	2
1105	47	Picture	10	1441321	0	1	4089	2	0	4000	other	0
1105	47	Pulse	5	1444417	3096	2
1105	48	Picture	11	1459454	0	1	4089	2	0	4000	hit	100
1105	48	Response	1	1463777	4323	2
1105	48	Pulse	5	1464417	4963	2
1105	49	Picture	10	1477587	0	1	4088	2	0	4000	other	0
1105	49	Pulse	5	1484406	6819	2
1105	50	Picture	10	1495719	0	1	4089	2	0	4000	other	0
1105	50	Pulse	5	1504406	8687	2
1105	51	Picture	10	1513852	0	1	4088	3	0	4000	other	0
1105	51	Pulse	5	1524405	10553	2
1105	52	Picture	10	1531984	0	2	4089	3	0	4000	other	0
1105	52	Pulse	5	1544395	12411	1
1105	53	Pulse	5	1564395	14278	1
1105	54	Picture	30	1575183	0	1	4088	3	0	4000	other	0
1105	54	Pulse	5	1584393	9210	2
1105	55	Picture	30	1593315	0	2	4089	3	0	4000	other	0
1105	55	Pulse	5	1604383	11068	2
1105	56	Picture	31	1611448	0	1	4089	2	0	4000	hit	116
1105	56	Response	1	1616703	5255	1
1105	56	Pulse	5	1624383	12935	1
1105	57	Picture	30	1629581	0	1	4088	3	0	4000	other	0
1105	57	Pulse	5	1644382	14801	2
1105	58	Picture	30	1647713	0	2	4089	3	0	4000	other	0
1105	58	Pulse	5	1664371	16658	2
1105	59	Picture	30	1665846	0	1	4089	2	0	4000	other	0
1105	60	Picture	31	1683979	0	1	4088	2	0	4000	hit	125
1105	60	Pulse	5	1684371	392	1
1105	60	Response	1	1689171	5192	1
1105	61	Picture	31	1702111	0	1	4089	3	0	4000	hit	128
1105	61	Pulse	5	1704370	2259	2
1105	61	Response	1	1709481	7370	1
1105	62	Picture	30	1720244	0	1	4089	2	0	4000	other	0
1105	62	Pulse	5	1724359	4115	2
1105	63	Picture	30	1738376	0	2	4089	3	0	4000	other	0
1105	63	Pulse	5	1744359	5983	2
1105	64	Picture	30	1756509	0	1	4089	2	0	4000	other	0
1105	64	Pulse	5	1764358	7849	2
1105	65	Picture	31	1774642	0	1	4088	3	0	4000	hit	136
1105	65	Response	1	1780508	5866	2
1105	65	Pulse	5	1784348	9706	2
1105	66	Picture	30	1792774	0	2	4089	3	0	4000	other	0
1105	66	Pulse	5	1804348	11574	1
1105	67	Picture	30	1810907	0	2	4089	3	0	4000	other	0
1105	67	Pulse	5	1824347	13440	2
1105	68	Picture	30	1829040	0	1	4088	3	0	4000	other	0
1105	68	Pulse	5	1844336	15296	2
1105	69	Picture	30	1847172	0	2	4089	3	0	4000	false_alarm	145
1105	69	Response	1	1855856	8684	2
1105	69	Pulse	5	1864336	17164	1
1105	70	Pulse	5	1884335	19030	2
1105	71	Picture	10	1890371	0	1	4088	3	0	4000	other	0
1105	71	Pulse	5	1904324	13953	2
1105	72	Picture	10	1908503	0	2	4089	3	0	4000	other	0
1105	72	Pulse	5	1924324	15821	2
1105	73	Picture	11	1926636	0	1	4089	2	0	4000	hit	153
1105	73	Response	1	1930885	4249	1
1105	73	Pulse	5	1944323	17687	2
1105	74	Picture	10	1944769	0	1	4088	3	0	4000	other	0
1105	75	Picture	11	1962901	0	1	4089	2	0	4000	hit	158
1105	75	Pulse	5	1964313	1412	2
1105	75	Response	1	1966713	3812	2
1105	76	Picture	10	1981034	0	1	4089	2	0	4000	other	0
1105	76	Pulse	5	1984312	3278	2
1105	77	Picture	10	1999166	0	2	4089	4	0	4000	other	0
1105	77	Pulse	5	2004312	5146	1
1105	78	Picture	11	2017299	0	1	4089	2	0	4000	hit	164
1105	78	Response	1	2021261	3962	2
1105	78	Pulse	5	2024301	7002	2
1105	79	Picture	10	2035432	0	1	4089	2	0	4000	other	0
1105	79	Pulse	5	2044300	8868	2
1105	80	Picture	10	2053564	0	2	4089	3	0	4000	other	0
1105	80	Pulse	5	2064300	10736	2
1105	81	Picture	10	2071697	0	1	4089	2	0	4000	false_alarm	171
1105	81	Response	1	2075010	3313	1
1105	81	Pulse	5	2084289	12592	2
1105	82	Picture	10	2089829	0	2	4089	4	0	4000	other	0
1105	82	Pulse	5	2104289	14460	2
1105	83	Picture	10	2107962	0	2	4089	3	0	4000	other	0
1105	83	Pulse	5	2124288	16326	2
1105	84	Picture	11	2126095	0	1	4089	2	0	4000	hit	178
1105	84	Response	1	2130358	4263	2
1105	85	Picture	10	2144228	0	1	4088	3	0	4000	other	0
1105	85	Pulse	5	2144278	50	1
1105	86	Picture	10	2162360	0	2	4089	3	0	4000	other	0
1105	86	Pulse	5	2164277	1917	2
1105	87	Pulse	5	2184268	3775	1
1105	87	Pulse	5	2204267	23774	1
1105	88	Picture	20	2205559	0	1	4088	3	0	4000	other	0
1105	89	Picture	20	2223691	0	1	4089	2	0	4000	other	0
1105	89	Pulse	5	2224267	576	1
1105	90	Picture	20	2241824	0	1	4089	2	0	4000	other	0
1105	90	Pulse	5	2244426	2602	1
1105	91	Picture	21	2259957	0	1	4088	3	0	4000	hit	191
1105	91	Response	1	2264414	4457	2
1105	91	Pulse	5	2264414	4457	2
1105	92	Picture	20	2278089	0	1	4089	2	0	4000	other	0
1105	92	Pulse	5	2284414	6325	2
1105	93	Picture	20	2296222	0	1	4089	2	0	4000	other	0
1105	93	Pulse	5	2304414	8192	2
1105	94	Picture	21	2314355	0	1	4088	2	0	4000	hit	198
1105	94	Response	1	2318323	3968	2
1105	94	Pulse	5	2324403	10048	1
1105	95	Picture	20	2332487	0	1	4089	2	0	4000	other	0
1105	95	Pulse	5	2344403	11916	1
1105	96	Picture	20	2350620	0	1	4089	2	0	4000	other	0
1105	96	Pulse	5	2364401	13781	2
1105	97	Picture	20	2368752	0	2	4089	3	0	4000	other	0
1105	97	Pulse	5	2384391	15639	2
1105	98	Picture	21	2386885	0	1	4089	2	0	4000	hit	207
1105	98	Response	1	2390471	3586	2
1105	98	Pulse	5	2404390	17505	2
1105	99	Picture	20	2405018	0	1	4088	3	0	4000	other	0
1105	100	Picture	20	2423150	0	2	4089	3	0	4000	other	0
1105	100	Pulse	5	2424390	1240	2
1105	101	Picture	21	2441283	0	1	4089	2	0	4000	hit	214
1105	101	Pulse	5	2444379	3096	2
1105	101	Response	1	2447419	6136	2
1105	102	Picture	20	2459416	0	1	4088	3	0	4000	other	0
1105	102	Pulse	5	2464379	4963	1
1105	103	Picture	20	2477548	0	1	4089	2	0	4000	other	0
1105	103	Pulse	5	2484378	6830	2
1105	104	Pulse	5	2504368	8687	1
1105	105	Picture	10	2520747	0	1	4088	3	0	4000	other	0
1105	105	Pulse	5	2524367	3620	2
1105	106	Picture	10	2539057	0	1	4089	2	0	4000	other	0
1105	106	Pulse	5	2544366	5309	2
1105	107	Picture	11	2557190	0	1	4088	3	0	4000	hit	225
1105	107	Response	1	2561796	4606	2
1105	107	Pulse	5	2564356	7166	2
1105	108	Picture	10	2575322	0	2	4089	3	0	4000	other	0
1105	108	Pulse	5	2584355	9033	2
1105	109	Picture	11	2593455	0	1	4089	2	0	4000	hit	230
1105	109	Response	1	2597955	4500	2
1105	109	Pulse	5	2604355	10900	1
1105	110	Picture	10	2611588	0	1	4088	3	0	4000	other	0
1105	110	Pulse	5	2624344	12756	2
1105	111	Picture	10	2629720	0	1	4089	2	0	4000	other	0
1105	111	Pulse	5	2644344	14624	1
1105	112	Picture	11	2647853	0	1	4089	2	0	4000	hit	237
1105	112	Response	1	2651863	4010	2
1105	112	Pulse	5	2664343	16490	2
1105	113	Picture	10	2665986	0	1	4088	2	0	4000	other	0
1105	114	Picture	10	2684118	0	1	4089	2	0	4000	other	0
1105	114	Pulse	5	2684332	214	2
1105	115	Picture	10	2702251	0	1	4089	2	0	4000	other	0
1105	115	Pulse	5	2704332	2081	2
1105	116	Picture	10	2720384	0	1	4088	2	0	4000	other	0
1105	116	Pulse	5	2724331	3947	2
1105	117	Picture	10	2738516	0	1	4089	2	0	4000	other	0
1105	117	Pulse	5	2744321	5805	2
1105	118	Picture	11	2756649	0	1	4088	3	0	4000	hit	249
1105	118	Response	1	2760001	3352	1
1105	118	Pulse	5	2764320	7671	2
1105	119	Picture	10	2774781	0	2	4089	3	0	4000	other	0
1105	119	Pulse	5	2784320	9539	1
1105	120	Picture	10	2792914	0	1	4089	2	0	4000	other	0
1105	120	Pulse	5	2804309	11395	2
1105	121	Pulse	5	2824308	13261	2
1105	122	Picture	30	2836112	0	2	4089	3	0	4000	other	0
1105	122	Pulse	5	2844308	8196	2
1105	123	Picture	30	2854245	0	1	4089	2	0	4000	other	0
1105	123	Pulse	5	2864297	10052	2
1105	124	Picture	30	2872378	0	1	4088	3	0	4000	other	0
1105	124	Pulse	5	2884297	11919	2
1105	125	Picture	31	2890510	0	1	4089	2	0	4000	hit	263
1105	125	Response	1	2894057	3547	1
1105	125	Pulse	5	2904296	13786	2
1105	126	Picture	31	2908643	0	1	4089	2	0	4000	hit	266
1105	126	Response	1	2915006	6363	2
1105	126	Pulse	5	2924286	15643	2
1105	127	Picture	30	2926776	0	1	4088	2	0	4000	other	0
1105	127	Pulse	5	2944285	17509	2
1105	128	Picture	30	2944908	0	2	4089	3	0	4000	other	0
1105	129	Picture	30	2963041	0	1	4089	2	0	4000	other	0
1105	129	Pulse	5	2964285	1244	1
1105	130	Picture	31	2981173	0	2	4089	3	0	4000	hit	275
1105	130	Pulse	5	2984274	3101	2
1105	130	Response	1	2985714	4541	2
1105	131	Picture	30	2999306	0	1	4089	2	0	4000	other	0
1105	131	Pulse	5	3004273	4967	2
1105	132	Picture	30	3017439	0	1	4089	2	0	4000	other	0
1105	132	Pulse	5	3024273	6834	2
1105	133	Picture	30	3035571	0	2	4089	3	0	4000	other	0
1105	133	Pulse	5	3044262	8691	2
1105	134	Picture	30	3053704	0	1	4089	2	0	4000	other	0
1105	134	Pulse	5	3064262	10558	2
1105	135	Picture	31	3071837	0	1	4089	2	0	4000	hit	285
1105	135	Response	1	3076741	4904	2
1105	135	Pulse	5	3084261	12424	2
1105	136	Picture	30	3089969	0	2	4089	3	0	4000	other	0
1105	136	Pulse	5	3104251	14282	1
1105	137	Picture	30	3108102	0	1	4089	2	0	4000	other	0
