Scenario - 1-back
Logfile written - 04/18/2015 12:42:33

Subject	Trial	Event Type	Code	Time	TTime	Uncertainty	Duration	Uncertainty	ReqTime	ReqDur	Stim Type	Pair Index

1105	1	Pulse	5	862306	872128	1
1105	2	Pulse	5	882305	19806	2
1105	3	Picture	10	887565	0	1	4089	2	0	4000	other	0
1105	3	Pulse	5	902294	14729	2
1105	4	Picture	10	905698	0	1	4088	3	0	4000	other	0
1105	4	Pulse	5	922294	16596	2
1105	5	Picture	11	923830	0	1	4089	2	0	4000	hit	8
1105	5	Response	1	927414	3584	2
1105	6	Picture	10	941963	0	1	4089	2	0	4000	other	0
1105	6	Pulse	5	942293	330	2
1105	7	Picture	11	960096	0	1	4088	2	0	4000	hit	13
1105	7	Pulse	5	962283	2187	2
1105	7	Response	1	964363	4267	1
1105	8	Picture	10	978228	0	1	4089	2	0	4000	other	0
1105	8	Pulse	5	982282	4054	2
1105	9	Picture	10	996361	0	1	4089	2	0	4000	other	0
1105	9	Pulse	5	1002282	5921	1
1105	10	Picture	10	1014493	0	2	4089	3	0	4000	other	0
1105	10	Pulse	5	1022271	7778	2
1105	11	Picture	11	1032626	0	1	4089	2	0	4000	hit	21
1105	11	Response	1	1036672	4046	1
1105	11	Pulse	5	1042270	9644	2
1105	12	Picture	10	1050759	0	1	4088	3	0	4000	other	0
1105	12	Pulse	5	1062270	11511	2
1105	13	Picture	10	1068891	0	2	4088	4	0	4000	other	0
1105	13	Pulse	5	1082259	13368	2
1105	14	Picture	11	1087024	0	1	4089	2	0	4000	hit	28
1105	14	Response	1	1091059	4035	2
1105	14	Pulse	5	1102419	15395	2
1105	15	Picture	10	1105157	0	1	4088	3	0	4000	other	0
1105	15	Pulse	5	1122418	17261	2
1105	16	Picture	10	1123289	0	1	4089	3	0	4000	other	0
1105	17	Picture	10	1141422	0	1	4089	2	0	4000	other	0
1105	17	Pulse	5	1142408	986	1
1105	18	Picture	10	1159555	0	1	4088	3	0	4000	other	0
1105	18	Pulse	5	1162407	2852	2
1105	19	Pulse	5	1182406	4719	2
1105	19	Pulse	5	1202396	24709	2
1105	20	Picture	30	1202753	0	1	4089	2	0	4000	other	0
1105	21	Picture	30	1220886	0	1	4088	3	0	4000	other	0
1105	21	Pulse	5	1222395	1509	2
1105	22	Picture	31	1239018	0	1	4089	2	0	4000	hit	43
1105	22	Response	1	1242395	3377	2
1105	22	Pulse	5	1242395	3377	2
1105	23	Picture	30	1257151	0	1	4089	2	0	4000	other	0
1105	23	Pulse	5	1262384	5233	2
1105	24	Picture	30	1275284	0	1	4088	2	0	4000	other	0
1105	24	Pulse	5	1282384	7100	2
1105	25	Picture	30	1293416	0	1	4089	2	0	4000	other	0
1105	25	Pulse	5	1302384	8968	2
1105	26	Picture	31	1311549	0	1	4089	2	0	4000	hit	52
1105	26	Response	1	1317413	5864	2
1105	26	Pulse	5	1322374	10825	1
1105	27	Picture	31	1329682	0	1	4088	2	0	4000	hit	55
1105	27	Response	1	1333254	3572	1
1105	27	Pulse	5	1342373	12691	1
1105	28	Picture	30	1347814	0	1	4089	2	0	4000	other	0
1105	28	Pulse	5	1362371	14557	2
1105	29	Picture	30	1365947	0	1	4088	3	0	4000	other	0
1105	29	Pulse	5	1382361	16414	2
1105	30	Picture	30	1384079	0	2	4089	3	0	4000	other	0
1105	31	Picture	31	1402212	0	1	4089	2	0	4000	hit	64
1105	31	Pulse	5	1402360	148	2
1105	31	Response	1	1407000	4788	2
1105	32	Picture	30	1420345	0	1	4088	3	0	4000	other	0
1105	32	Pulse	5	1422360	2015	2
1105	33	Picture	30	1438477	0	2	4089	3	0	4000	other	0
1105	33	Pulse	5	1442349	3872	2
1105	34	Picture	30	1456610	0	1	4089	2	0	4000	other	0
1105	34	Pulse	5	1462349	5739	1
1105	35	Picture	30	1474743	0	1	4088	3	0	4000	other	0
1105	35	Pulse	5	1482348	7605	2
1105	36	Pulse	5	1502337	9462	2
1105	37	Picture	10	1517941	0	1	4089	2	0	4000	other	0
1105	37	Pulse	5	1522337	4396	2
1105	38	Picture	10	1536074	0	1	4088	3	0	4000	other	0
1105	38	Pulse	5	1542336	6262	2
1105	39	Picture	11	1554206	0	2	4089	3	0	4000	hit	79
1105	39	Response	1	1559606	5400	2
1105	39	Pulse	5	1562326	8120	2
1105	40	Picture	10	1572339	0	1	4089	2	0	4000	other	0
1105	40	Pulse	5	1582325	9986	2
1105	41	Picture	11	1590472	0	1	4088	3	0	4000	hit	84
1105	41	Response	1	1594805	4333	2
1105	41	Pulse	5	1602325	11853	1
1105	42	Picture	10	1608604	0	1	4089	2	0	4000	other	0
1105	42	Pulse	5	1622314	13710	2
1105	43	Picture	10	1626737	0	1	4089	2	0	4000	other	0
1105	43	Pulse	5	1642314	15577	1
1105	44	Picture	10	1644869	0	2	4089	3	0	4000	other	0
1105	44	Pulse	5	1662313	17444	2
1105	45	Picture	11	1663002	0	2	4089	3	0	4000	hit	93
1105	45	Response	1	1666793	3791	2
1105	46	Picture	10	1681135	0	1	4089	2	0	4000	other	0
1105	46	Pulse	5	1682302	1167	2
1105	47	Picture	10	1699267	0	2	4089	3	0	4000	other	0
1105	47	Pulse	5	1702302	3035	2
1105	48	Picture	11	1717400	0	1	4089	2	0	4000	hit	99
1105	48	Response	1	1721021	3621	2
1105	48	Pulse	5	1722301	4901	2
1105	49	Picture	10	1735533	0	1	4088	3	0	4000	other	0
1105	49	Pulse	5	1742291	6758	2
1105	50	Picture	10	1753665	0	2	4089	3	0	4000	other	0
1105	50	Pulse	5	1762290	8625	2
1105	51	Picture	10	1771798	0	1	4089	2	0	4000	other	0
1105	51	Pulse	5	1782290	10492	1
1105	52	Picture	10	1789931	0	1	4088	3	0	4000	other	0
1105	52	Pulse	5	1802279	12348	2
1105	53	Pulse	5	1822278	14215	2
1105	54	Picture	20	1833129	0	1	4089	2	0	4000	other	0
1105	54	Pulse	5	1842278	9149	2
1105	55	Picture	20	1851262	0	1	4088	3	0	4000	other	0
1105	55	Pulse	5	1862267	11005	2
1105	56	Picture	21	1869394	0	1	4089	2	0	4000	hit	115
1105	56	Response	1	1873467	4073	2
1105	56	Pulse	5	1882267	12873	2
1105	57	Picture	20	1887527	0	1	4089	2	0	4000	other	0
1105	57	Pulse	5	1902266	14739	2
1105	58	Picture	20	1905660	0	1	4088	3	0	4000	other	0
1105	58	Pulse	5	1922256	16596	1
1105	59	Picture	20	1923792	0	1	4089	2	0	4000	other	0
1105	60	Picture	21	1941925	0	1	4089	2	0	4000	hit	124
1105	60	Pulse	5	1942255	330	2
1105	60	Response	1	1944815	2890	2
1105	61	Picture	20	1960057	0	2	4089	3	0	4000	other	0
1105	61	Pulse	5	1962254	2197	2
1105	62	Picture	20	1978190	0	1	4089	2	0	4000	other	0
1105	62	Pulse	5	1982244	4054	2
1105	63	Picture	20	1996323	0	1	4088	3	0	4000	other	0
1105	63	Pulse	5	2002243	5920	2
1105	64	Picture	20	2014455	0	2	4089	3	0	4000	other	0
1105	64	Pulse	5	2022243	7788	2
1105	65	Picture	20	2032588	0	1	4089	2	0	4000	other	0
1105	65	Pulse	5	2042232	9644	2
1105	66	Picture	21	2050721	0	1	4088	3	0	4000	hit	136
1105	66	Response	1	2055513	4792	1
1105	66	Pulse	5	2062232	11511	2
1105	67	Picture	20	2068853	0	2	4089	3	0	4000	other	0
1105	67	Pulse	5	2082231	13378	2
1105	68	Picture	20	2086986	0	1	4089	2	0	4000	other	0
1105	68	Pulse	5	2102221	15235	1
1105	69	Picture	21	2105119	0	1	4088	3	0	4000	hit	143
1105	69	Response	1	2108460	3341	2
1105	69	Pulse	5	2122220	17101	2
1105	70	Pulse	5	2142379	19128	2
1105	71	Picture	10	2148317	0	1	4089	2	0	4000	other	0
1105	71	Pulse	5	2162369	14052	2
1105	72	Picture	10	2166450	0	1	4088	3	0	4000	other	0
1105	72	Pulse	5	2182368	15918	2
1105	73	Picture	11	2184582	0	2	4089	3	0	4000	hit	151
1105	73	Response	1	2188608	4026	2
1105	73	Pulse	5	2202368	17786	2
1105	74	Picture	10	2202715	0	1	4089	2	0	4000	other	0
1105	75	Picture	11	2220848	0	1	4088	2	0	4000	hit	156
1105	75	Pulse	5	2222357	1509	2
1105	75	Response	1	2225397	4549	2
1105	76	Picture	10	2238980	0	1	4089	2	0	4000	other	0
1105	76	Pulse	5	2242357	3377	1
1105	77	Picture	10	2257113	0	1	4089	2	0	4000	other	0
1105	77	Pulse	5	2262347	5234	2
1105	78	Picture	11	2275246	0	1	4088	2	0	4000	hit	162
1105	78	Response	1	2279146	3900	1
1105	78	Pulse	5	2282345	7099	2
1105	79	Picture	10	2293378	0	1	4089	2	0	4000	other	0
1105	79	Pulse	5	2302344	8966	3
1105	80	Picture	10	2311511	0	1	4088	3	0	4000	other	0
1105	80	Pulse	5	2322346	10835	1
1105	81	Picture	10	2329643	0	2	4089	3	0	4000	other	0
1105	81	Pulse	5	2342335	12692	1
1105	82	Picture	10	2347776	0	1	4089	2	0	4000	other	0
1105	82	Pulse	5	2362335	14559	1
1105	83	Picture	10	2365909	0	1	4088	3	0	4000	other	0
1105	83	Pulse	5	2382333	16424	1
1105	84	Picture	11	2384041	0	2	4089	3	0	4000	hit	175
1105	84	Response	1	2388894	4853	1
1105	85	Picture	10	2402174	0	1	4089	2	0	4000	other	0
1105	85	Pulse	5	2402322	148	2
1105	86	Picture	10	2420307	0	1	4088	3	0	4000	other	0
1105	86	Pulse	5	2422322	2015	1
1105	87	Pulse	5	2442321	3882	2
1105	87	Pulse	5	2462310	23871	2
1105	88	Picture	30	2463505	0	1	4089	2	0	4000	other	0
1105	89	Picture	30	2481638	0	1	4088	3	0	4000	other	0
1105	89	Pulse	5	2482310	672	2
1105	90	Picture	30	2499770	0	2	4089	3	0	4000	other	0
1105	90	Pulse	5	2502309	2539	2
1105	91	Picture	31	2517903	0	1	4089	2	0	4000	hit	189
1105	91	Pulse	5	2522299	4396	2
1105	91	Response	1	2524059	6156	1
1105	92	Picture	31	2536036	0	1	4088	3	0	4000	hit	191
1105	92	Response	1	2539738	3702	2
1105	92	Pulse	5	2542298	6262	2
1105	93	Picture	30	2554168	0	1	4089	3	0	4000	other	0
1105	93	Pulse	5	2562298	8130	1
1105	94	Picture	30	2572301	0	1	4089	2	0	4000	other	0
1105	94	Pulse	5	2582287	9986	2
1105	95	Picture	30	2590434	0	1	4088	3	0	4000	other	0
1105	95	Pulse	5	2602286	11852	2
1105	96	Picture	31	2608566	0	2	4089	3	0	4000	hit	200
1105	96	Response	1	2613966	5400	2
1105	96	Pulse	5	2622287	13721	1
1105	97	Picture	30	2626699	0	1	4089	2	0	4000	other	0
1105	97	Pulse	5	2642275	15576	2
1105	98	Picture	30	2644832	0	1	4088	2	0	4000	other	0
1105	98	Pulse	5	2662275	17443	2
1105	99	Picture	30	2662964	0	1	4089	2	0	4000	other	0
1105	100	Picture	30	2681097	0	1	4089	2	0	4000	other	0
1105	100	Pulse	5	2682274	1177	2
1105	101	Picture	31	2699229	0	2	4089	3	0	4000	hit	211
1105	101	Pulse	5	2702264	3035	1
1105	101	Response	1	2704664	5435	1
1105	102	Picture	30	2717362	0	1	4089	2	0	4000	other	0
1105	102	Pulse	5	2722263	4901	2
1105	103	Picture	30	2735495	0	1	4088	3	0	4000	false_alarm	215
1105	103	Response	1	2741942	6447	2
1105	103	Pulse	5	2742262	6767	2
1105	104	Pulse	5	2762252	8625	2
1105	105	Picture	10	2778693	0	1	4089	2	0	4000	other	0
1105	105	Pulse	5	2782251	3558	2
1105	106	Picture	10	2796826	0	1	4088	3	0	4000	other	0
1105	106	Pulse	5	2802251	5425	2
1105	107	Picture	11	2814958	0	2	4089	3	0	4000	hit	223
1105	107	Response	1	2820320	5362	2
1105	107	Pulse	5	2822240	7282	2
1105	108	Picture	10	2833091	0	1	4089	2	0	4000	other	0
1105	108	Pulse	5	2842240	9149	1
1105	109	Picture	11	2851224	0	1	4088	3	0	4000	hit	228
1105	109	Response	1	2855679	4455	2
1105	109	Pulse	5	2862239	11015	2
1105	110	Picture	10	2869356	0	2	4089	3	0	4000	other	0
1105	110	Pulse	5	2882229	12873	1
1105	111	Picture	10	2887489	0	1	4089	2	0	4000	other	0
1105	111	Pulse	5	2902228	14739	2
1105	112	Picture	11	2905622	0	1	4088	2	0	4000	hit	235
1105	112	Response	1	2910388	4766	2
1105	112	Pulse	5	2922227	16605	2
1105	113	Picture	10	2923754	0	1	4089	2	0	4000	other	0
1105	114	Picture	10	2941887	0	1	4089	2	0	4000	other	0
1105	114	Pulse	5	2942217	330	2
1105	115	Picture	10	2960020	0	1	4088	2	0	4000	other	0
1105	115	Pulse	5	2962216	2196	2
1105	116	Picture	10	2978152	0	1	4089	2	0	4000	other	0
1105	116	Pulse	5	2982216	4064	2
1105	117	Picture	10	2996285	0	1	4089	2	0	4000	other	0
1105	117	Pulse	5	3002205	5920	2
1105	118	Picture	11	3014418	0	1	4000	268	0	4000	hit	247
1105	118	Response	1	3019005	4587	2
1105	118	Pulse	5	3022205	7787	1
1105	119	Picture	10	3032550	0	1	4089	2	0	4000	other	0
1105	119	Pulse	5	3042204	9654	2
1105	120	Picture	10	3050683	0	1	4088	3	0	4000	other	0
1105	120	Pulse	5	3062192	11509	3
1105	121	Pulse	5	3082193	13378	2
1105	122	Picture	20	3093881	0	1	4089	2	0	4000	other	0
1105	122	Pulse	5	3102192	8311	2
1105	123	Picture	20	3112014	0	1	4088	3	0	4000	other	0
1105	123	Pulse	5	3122182	10168	2
1105	124	Picture	20	3130146	0	2	4089	3	0	4000	other	0
1105	124	Pulse	5	3142181	12035	2
1105	125	Picture	21	3148279	0	1	4089	2	0	4000	hit	261
1105	125	Response	1	3153061	4782	2
1105	125	Pulse	5	3162181	13902	1
1105	126	Picture	20	3166412	0	1	4088	3	0	4000	other	0
1105	126	Pulse	5	3182330	15918	2
1105	127	Picture	20	3184544	0	2	4089	3	0	4000	other	0
1105	127	Pulse	5	3202330	17786	1
1105	128	Picture	21	3202677	0	1	4089	2	0	4000	hit	268
1105	128	Response	1	3206009	3332	2
1105	129	Picture	20	3220810	0	1	4088	3	0	4000	other	0
1105	129	Pulse	5	3222329	1519	2
1105	130	Picture	20	3238942	0	1	4089	2	0	4000	other	0
1105	130	Pulse	5	3242318	3376	2
1105	131	Picture	20	3257075	0	1	4089	2	0	4000	other	0
1105	131	Pulse	5	3262318	5243	2
1105	132	Picture	21	3275207	0	2	4089	3	0	4000	hit	276
1105	132	Response	1	3278797	3590	2
1105	132	Pulse	5	3282309	7102	1
1105	133	Picture	20	3293340	0	1	4089	2	0	4000	other	0
1105	133	Pulse	5	3302307	8967	2
1105	134	Picture	20	3311473	0	1	4089	2	0	4000	other	0
1105	134	Pulse	5	3322306	10833	2
1105	135	Picture	21	3329606	0	1	4088	3	0	4000	hit	283
1105	135	Response	1	3333826	4220	2
1105	135	Pulse	5	3342297	12691	1
1105	136	Picture	20	3347738	0	1	4089	2	0	4000	other	0
1105	136	Pulse	5	3362295	14557	2
1105	137	Picture	20	3365871	0	1	4089	2	0	4000	other	0
