Scenario - 1-back
Logfile written - 04/18/2015 12:47:12

Subject	Trial	Event Type	Code	Time	TTime	Uncertainty	Duration	Uncertainty	ReqTime	ReqDur	Stim Type	Pair Index

1105	1	Pulse	5	239583	249405	2
1105	2	Pulse	5	259583	19816	2
1105	3	Picture	10	264833	0	1	4089	2	0	4000	other	0
1105	3	Pulse	5	279582	14749	2
1105	4	Picture	10	282966	0	1	4089	2	0	4000	other	0
1105	4	Pulse	5	299572	16606	1
1105	5	Picture	11	301098	0	2	4089	3	0	4000	hit	8
1105	5	Response	1	305171	4073	2
1105	6	Picture	10	319231	0	1	4089	2	0	4000	other	0
1105	6	Pulse	5	319571	340	2
1105	7	Picture	11	337364	0	1	4088	3	0	4000	hit	13
1105	7	Pulse	5	339570	2206	2
1105	7	Response	1	342450	5086	2
1105	8	Picture	10	355496	0	2	4089	3	0	4000	other	0
1105	8	Pulse	5	359560	4064	2
1105	9	Picture	10	373629	0	1	4089	2	0	4000	other	0
1105	9	Pulse	5	379559	5930	2
1105	10	Picture	10	391762	0	1	4088	3	0	4000	other	0
1105	10	Pulse	5	399559	7797	2
1105	11	Picture	11	409894	0	1	4089	2	0	4000	hit	21
1105	11	Response	1	414919	5025	1
1105	11	Pulse	5	419548	9654	2
1105	12	Picture	10	428027	0	1	4089	2	0	4000	other	0
1105	12	Pulse	5	439548	11521	1
1105	13	Picture	10	446160	0	1	4088	3	0	4000	other	0
1105	13	Pulse	5	459547	13387	2
1105	14	Picture	11	464292	0	1	4089	2	0	4000	hit	28
1105	14	Response	1	467547	3255	2
1105	14	Pulse	5	479537	15245	1
1105	15	Picture	10	482425	0	1	4089	2	0	4000	other	0
1105	15	Pulse	5	499536	17111	2
1105	16	Picture	10	500558	0	1	4088	2	0	4000	other	0
1105	17	Picture	10	518690	0	1	4089	2	0	4000	other	0
1105	17	Pulse	5	519535	845	2
1105	18	Picture	10	536823	0	1	4089	2	0	4000	other	0
1105	18	Pulse	5	539526	2703	1
1105	19	Pulse	5	559524	4569	2
1105	19	Pulse	5	579524	24569	1
1105	20	Picture	20	580021	0	1	4089	2	0	4000	other	0
1105	21	Picture	20	598154	0	1	4089	2	0	4000	other	0
1105	21	Pulse	5	599513	1359	2
1105	22	Picture	21	616286	0	2	4089	3	0	4000	hit	44
1105	22	Pulse	5	619513	3227	1
1105	22	Response	1	621752	5466	2
1105	23	Picture	20	634419	0	1	4089	2	0	4000	other	0
1105	23	Pulse	5	639512	5093	2
1105	24	Picture	20	652552	0	1	4089	2	0	4000	other	0
1105	24	Pulse	5	659501	6949	2
1105	25	Picture	20	670684	0	2	4089	3	0	4000	other	0
1105	25	Pulse	5	679501	8817	2
1105	26	Picture	21	688817	0	1	4089	2	0	4000	hit	52
1105	26	Response	1	691980	3163	2
1105	26	Pulse	5	699500	10683	2
1105	27	Picture	20	706950	0	1	4088	3	0	4000	other	0
1105	27	Pulse	5	719490	12540	2
1105	28	Picture	20	725082	0	1	4089	2	0	4000	other	0
1105	28	Pulse	5	739489	14407	2
1105	29	Picture	20	743215	0	1	4089	2	0	4000	other	0
1105	29	Pulse	5	759489	16274	1
1105	30	Picture	20	761348	0	1	4088	3	0	4000	other	0
1105	30	Pulse	5	779478	18130	2
1105	31	Picture	20	779480	0	1	4089	2	0	4000	other	0
1105	32	Picture	21	797613	0	1	4089	2	0	4000	hit	65
1105	32	Pulse	5	799478	1865	1
1105	32	Response	1	801397	3784	2
1105	33	Picture	20	815746	0	1	4088	2	0	4000	other	0
1105	33	Pulse	5	819477	3731	2
1105	34	Picture	20	833878	0	1	4089	2	0	4000	other	0
1105	34	Pulse	5	839467	5589	1
1105	35	Picture	21	852011	0	1	4089	2	0	4000	hit	71
1105	35	Response	1	856586	4575	2
1105	35	Pulse	5	859466	7455	2
1105	36	Pulse	5	879465	9322	2
1105	37	Picture	10	895209	0	1	4089	2	0	4000	other	0
1105	37	Pulse	5	899455	4246	1
1105	38	Picture	10	913342	0	1	4089	2	0	4000	other	0
1105	38	Pulse	5	919454	6112	2
1105	39	Picture	11	931475	0	1	4088	3	0	4000	hit	80
1105	39	Pulse	5	939454	7979	1
1105	39	Response	1	941213	9738	2
1105	40	Picture	10	949607	0	1	4089	2	0	4000	other	0
1105	40	Pulse	5	959444	9837	1
1105	41	Picture	11	967740	0	1	4089	2	0	4000	hit	84
1105	41	Response	1	971604	3864	1
1105	41	Pulse	5	979444	11704	1
1105	42	Picture	10	985872	0	2	4089	4	0	4000	other	0
1105	42	Pulse	5	999443	13571	1
1105	43	Picture	10	1004005	0	1	4089	2	0	4000	other	0
1105	43	Pulse	5	1019431	15426	2
1105	44	Picture	10	1022138	0	1	4088	3	0	4000	other	0
1105	44	Pulse	5	1039431	17293	2
1105	45	Picture	11	1040270	0	2	4089	3	0	4000	hit	93
1105	45	Response	1	1044071	3801	1
1105	46	Picture	10	1058403	0	1	4089	2	0	4000	other	0
1105	46	Pulse	5	1059430	1027	2
1105	47	Picture	10	1076536	0	1	4088	3	0	4000	other	0
1105	47	Pulse	5	1079420	2884	1
1105	48	Picture	11	1094668	0	2	4089	3	0	4000	hit	99
1105	48	Response	1	1099259	4591	2
1105	48	Pulse	5	1099419	4751	2
1105	49	Picture	10	1112801	0	1	4089	2	0	4000	other	0
1105	49	Pulse	5	1119418	6617	2
1105	50	Picture	10	1130934	0	1	4088	3	0	4000	other	0
1105	50	Pulse	5	1139408	8474	2
1105	51	Picture	10	1149066	0	1	4089	2	0	4000	other	0
1105	51	Pulse	5	1159407	10341	2
1105	52	Picture	10	1167199	0	1	4089	2	0	4000	other	0
1105	52	Pulse	5	1179407	12208	2
1105	53	Pulse	5	1199396	14064	2
1105	54	Picture	30	1210397	0	2	4089	3	0	4000	other	0
1105	54	Pulse	5	1219556	9159	1
1105	55	Picture	30	1228530	0	1	4089	2	0	4000	other	0
1105	55	Pulse	5	1239553	11023	4
1105	56	Picture	31	1246663	0	1	4088	2	0	4000	hit	115
1105	56	Response	1	1249955	3292	2
1105	56	Pulse	5	1259544	12881	2
1105	57	Picture	30	1264795	0	1	4089	2	0	4000	other	0
1105	57	Pulse	5	1279544	14749	2
1105	58	Picture	30	1282928	0	1	4089	2	0	4000	other	0
1105	58	Pulse	5	1299543	16615	2
1105	59	Picture	30	1301060	0	2	4089	3	0	4000	other	0
1105	60	Picture	31	1319193	0	1	4089	2	0	4000	hit	124
1105	60	Pulse	5	1319533	340	2
1105	60	Response	1	1327213	8020	1
1105	61	Picture	31	1337326	0	1	4089	2	0	4000	hit	127
1105	61	Pulse	5	1339532	2206	2
1105	61	Response	1	1340492	3166	2
1105	62	Picture	30	1355458	0	2	4089	3	0	4000	other	0
1105	62	Pulse	5	1359532	4074	2
1105	63	Picture	30	1373591	0	1	4089	2	0	4000	other	0
1105	63	Pulse	5	1379521	5930	2
1105	64	Picture	30	1391724	0	1	4088	3	0	4000	other	0
1105	64	Pulse	5	1399521	7797	1
1105	65	Picture	31	1409856	0	2	4089	3	0	4000	hit	135
1105	65	Response	1	1416320	6464	2
1105	65	Pulse	5	1419520	9664	2
1105	66	Picture	30	1427989	0	1	4089	2	0	4000	other	0
1105	66	Pulse	5	1439509	11520	2
1105	67	Picture	30	1446122	0	1	4088	3	0	4000	other	0
1105	67	Pulse	5	1459509	13387	2
1105	68	Picture	30	1464254	0	2	4089	3	0	4000	other	0
1105	68	Pulse	5	1479508	15254	2
1105	69	Picture	30	1482387	0	1	4089	2	0	4000	other	0
1105	69	Pulse	5	1499498	17111	2
1105	70	Pulse	5	1519497	18977	2
1105	71	Picture	10	1525585	0	1	4089	2	0	4000	other	0
1105	71	Pulse	5	1539497	13912	1
1105	72	Picture	10	1543718	0	1	4089	2	0	4000	other	0
1105	72	Pulse	5	1559486	15768	2
1105	73	Picture	11	1561851	0	1	4088	3	0	4000	hit	151
1105	73	Response	1	1564766	2915	2
1105	73	Pulse	5	1579485	17634	2
1105	74	Picture	10	1579983	0	1	4089	2	0	4000	other	0
1105	75	Picture	11	1598116	0	1	4089	2	0	4000	hit	156
1105	75	Pulse	5	1599486	1370	1
1105	75	Response	1	1601726	3610	1
1105	76	Picture	10	1616249	0	1	4088	2	0	4000	other	0
1105	76	Pulse	5	1619474	3225	2
1105	77	Picture	10	1634381	0	1	4089	2	0	4000	other	0
1105	77	Pulse	5	1639474	5093	2
1105	78	Picture	11	1652514	0	1	4089	2	0	4000	hit	162
1105	78	Response	1	1655473	2959	2
1105	78	Pulse	5	1659473	6959	2
1105	79	Picture	10	1670646	0	2	4089	3	0	4000	other	0
1105	79	Pulse	5	1679463	8817	2
1105	80	Picture	10	1688779	0	1	4089	2	0	4000	other	0
1105	80	Pulse	5	1699462	10683	2
1105	81	Picture	10	1706912	0	1	4088	3	0	4000	other	0
1105	81	Pulse	5	1719462	12550	1
1105	82	Picture	10	1725044	0	2	4089	3	0	4000	false_alarm	171
1105	82	Response	1	1728419	3375	5
1105	82	Pulse	5	1739451	14407	2
1105	83	Picture	10	1743177	0	1	4089	2	0	4000	other	0
1105	83	Pulse	5	1759450	16273	2
1105	84	Picture	11	1761310	0	1	4088	3	0	4000	hit	176
1105	84	Response	1	1765050	3740	2
1105	85	Picture	10	1779442	0	1	4089	2	0	4000	other	0
1105	85	Pulse	5	1779451	9	1
1105	86	Picture	10	1797575	0	1	4089	2	0	4000	other	0
1105	86	Pulse	5	1799439	1864	2
1105	87	Pulse	5	1819439	3731	2
1105	87	Pulse	5	1839439	23731	1
1105	88	Picture	20	1840773	0	2	4089	3	0	4000	other	0
1105	89	Picture	20	1858906	0	1	4089	2	0	4000	other	0
1105	89	Pulse	5	1859428	522	1
1105	90	Picture	20	1877039	0	1	4088	3	0	4000	other	0
1105	90	Pulse	5	1879427	2388	2
1105	91	Picture	21	1895171	0	1	4089	2	0	4000	hit	190
1105	91	Pulse	5	1899426	4255	2
1105	91	Response	1	1900066	4895	2
1105	92	Picture	20	1913304	0	1	4089	2	0	4000	other	0
1105	92	Pulse	5	1919417	6113	1
1105	93	Picture	20	1931437	0	1	4088	2	0	4000	other	0
1105	93	Pulse	5	1939415	7978	2
1105	94	Picture	21	1949569	0	1	4089	2	0	4000	hit	196
1105	94	Response	1	1952535	2966	2
1105	94	Pulse	5	1959415	9846	2
1105	95	Picture	20	1967702	0	1	4089	2	0	4000	other	0
1105	95	Pulse	5	1979406	11704	1
1105	96	Picture	20	1985834	0	2	4089	3	0	4000	other	0
1105	96	Pulse	5	1999405	13571	1
1105	97	Picture	20	2003967	0	1	4089	2	0	4000	other	0
1105	97	Pulse	5	2019404	15437	2
1105	98	Picture	21	2022100	0	1	4088	3	0	4000	hit	205
1105	98	Response	1	2025483	3383	2
1105	98	Pulse	5	2039393	17293	1
1105	99	Picture	20	2040232	0	2	4089	3	0	4000	other	0
1105	100	Picture	20	2058365	0	1	4089	2	0	4000	other	0
1105	100	Pulse	5	2059392	1027	2
1105	101	Picture	21	2076498	0	1	4088	3	0	4000	hit	212
1105	101	Pulse	5	2079392	2894	1
1105	101	Response	1	2079871	3373	2
1105	102	Picture	20	2094630	0	2	4089	3	0	4000	other	0
1105	102	Pulse	5	2099382	4752	1
1105	103	Picture	20	2112763	0	1	4089	2	0	4000	other	0
1105	103	Pulse	5	2119380	6617	2
1105	104	Pulse	5	2139380	8484	2
1105	105	Picture	10	2155961	0	2	4089	3	0	4000	other	0
1105	105	Pulse	5	2159367	3406	5
1105	106	Picture	10	2174094	0	1	4089	2	0	4000	other	0
1105	106	Pulse	5	2179367	5273	4
1105	107	Picture	11	2192227	0	1	4088	3	0	4000	hit	223
1105	107	Response	1	2196648	4421	2
1105	107	Pulse	5	2199368	7141	2
1105	108	Picture	10	2210359	0	2	4089	3	0	4000	other	0
1105	108	Pulse	5	2219357	8998	2
1105	109	Picture	11	2228492	0	1	4089	2	0	4000	hit	228
1105	109	Response	1	2232797	4305	2
1105	109	Pulse	5	2239357	10865	2
1105	110	Picture	10	2246625	0	1	4088	2	0	4000	other	0
1105	110	Pulse	5	2259516	12891	2
1105	111	Picture	10	2264757	0	1	4089	2	0	4000	other	0
1105	111	Pulse	5	2279506	14749	2
1105	112	Picture	11	2282890	0	1	4089	2	0	4000	hit	235
1105	112	Response	1	2287185	4295	2
1105	112	Pulse	5	2299505	16615	2
1105	113	Picture	10	2301023	0	1	4088	2	0	4000	other	0
1105	114	Picture	10	2319155	0	1	4089	2	0	4000	other	0
1105	114	Pulse	5	2319505	350	1
1105	115	Picture	10	2337288	0	1	4089	2	0	4000	other	0
1105	115	Pulse	5	2339494	2206	2
1105	116	Picture	10	2355420	0	2	4089	3	0	4000	other	0
1105	116	Pulse	5	2359493	4073	2
1105	117	Picture	10	2373553	0	1	4089	2	0	4000	other	0
1105	117	Pulse	5	2379493	5940	2
1105	118	Picture	11	2391686	0	1	4088	3	0	4000	hit	247
1105	118	Response	1	2395482	3796	2
1105	118	Pulse	5	2399482	7796	2
1105	119	Picture	10	2409818	0	2	4089	3	0	4000	other	0
1105	119	Pulse	5	2419482	9664	2
1105	120	Picture	10	2427951	0	1	4089	2	0	4000	other	0
1105	120	Pulse	5	2439481	11530	2
1105	121	Pulse	5	2459471	13387	1
1105	122	Picture	30	2471149	0	2	4089	3	0	4000	other	0
1105	122	Pulse	5	2479470	8321	2
1105	123	Picture	30	2489282	0	1	4089	2	0	4000	other	0
1105	123	Pulse	5	2499470	10188	1
1105	124	Picture	30	2507415	0	1	4088	3	0	4000	other	0
1105	124	Pulse	5	2519459	12044	2
1105	125	Picture	31	2525547	0	2	4089	3	0	4000	hit	261
1105	125	Response	1	2528259	2712	2
1105	125	Pulse	5	2539458	13911	2
1105	126	Picture	31	2543680	0	1	4089	2	0	4000	hit	264
1105	126	Response	1	2549058	5378	2
1105	126	Pulse	5	2559458	15778	2
1105	127	Picture	30	2561813	0	1	4088	3	0	4000	other	0
1105	127	Pulse	5	2579447	17634	2
1105	128	Picture	30	2579945	0	1	4089	2	0	4000	other	0
1105	129	Picture	30	2598078	0	1	4089	2	0	4000	other	0
1105	129	Pulse	5	2599447	1369	2
1105	130	Picture	31	2616211	0	1	4088	2	0	4000	hit	272
1105	130	Response	1	2619286	3075	2
1105	130	Pulse	5	2619446	3235	2
1105	131	Picture	30	2634343	0	1	4089	2	0	4000	other	0
1105	131	Pulse	5	2639436	5093	1
1105	132	Picture	30	2652476	0	1	4089	2	0	4000	other	0
1105	132	Pulse	5	2659435	6959	2
1105	133	Picture	30	2670608	0	2	4089	4	0	4000	other	0
1105	133	Pulse	5	2679435	8827	1
1105	134	Picture	30	2688741	0	1	4089	2	0	4000	other	0
1105	134	Pulse	5	2699424	10683	2
1105	135	Picture	31	2706874	0	1	4089	2	0	4000	hit	283
1105	135	Response	1	2713824	6950	1
1105	135	Pulse	5	2719424	12550	1
1105	136	Picture	30	2725006	0	2	4089	3	0	4000	other	0
1105	136	Pulse	5	2739423	14417	2
1105	137	Picture	30	2743139	0	1	4089	2	0	4000	other	0
