Scenario - 1-back
Logfile written - 05/07/2015 18:15:12

Subject	Trial	Event Type	Code	Time	TTime	Uncertainty	Duration	Uncertainty	ReqTime	ReqDur	Stim Type	Pair Index

1107	1	Pulse	5	163550	173372	2
1107	2	Pulse	5	183540	19857	2
1107	3	Picture	10	188749	0	1	4089	2	0	4000	other	0
1107	3	Pulse	5	203539	14790	2
1107	4	Picture	10	206882	0	1	4089	2	0	4000	other	0
1107	4	Pulse	5	223539	16657	2
1107	5	Picture	11	225015	0	1	4089	2	0	4000	hit	8
1107	5	Response	1	228169	3154	2
1107	6	Picture	10	243148	0	1	4088	3	0	4000	other	0
1107	6	Pulse	5	243529	381	1
1107	7	Picture	11	261280	0	2	4089	3	0	4000	hit	13
1107	7	Pulse	5	263528	2248	2
1107	7	Response	1	265448	4168	2
1107	8	Picture	10	279413	0	1	4089	2	0	4000	other	0
1107	8	Pulse	5	283528	4115	2
1107	9	Picture	10	297546	0	1	4089	2	0	4000	other	0
1107	9	Pulse	5	303678	6132	1
1107	10	Picture	10	315679	0	1	4089	2	0	4000	other	0
1107	10	Pulse	5	323677	7998	2
1107	11	Picture	11	333812	0	1	4088	3	0	4000	hit	21
1107	11	Response	1	338397	4585	2
1107	11	Pulse	5	343677	9865	2
1107	12	Picture	10	351944	0	2	4089	3	0	4000	other	0
1107	12	Pulse	5	363666	11722	3
1107	13	Picture	10	370077	0	2	4089	3	0	4000	other	0
1107	13	Pulse	5	383666	13589	2
1107	14	Picture	11	388210	0	1	4089	2	0	4000	hit	28
1107	14	Response	1	392146	3936	2
1107	14	Pulse	5	403666	15456	2
1107	15	Picture	10	406343	0	1	4089	2	0	4000	other	0
1107	15	Pulse	5	423655	17312	2
1107	16	Picture	10	424476	0	1	4089	2	0	4000	other	0
1107	17	Picture	10	442609	0	1	4088	3	0	4000	other	0
1107	17	Pulse	5	443655	1046	2
1107	18	Picture	10	460741	0	2	4089	3	0	4000	other	0
1107	18	Pulse	5	463646	2905	1
1107	19	Pulse	5	483645	4771	2
1107	19	Pulse	5	503645	24771	1
1107	20	Picture	30	503940	0	1	4089	2	0	4000	other	0
1107	21	Picture	30	522073	0	1	4089	2	0	4000	other	0
1107	21	Pulse	5	523645	1572	1
1107	22	Picture	31	540206	0	1	4089	2	0	4000	miss	0
1107	22	Pulse	5	543633	3427	2
1107	23	Picture	30	558339	0	1	4088	3	0	4000	other	0
1107	23	Pulse	5	563633	5294	1
1107	24	Picture	30	576471	0	2	4089	4	0	4000	other	0
1107	24	Pulse	5	583632	7161	2
1107	25	Picture	30	594604	0	2	4089	4	0	4000	other	0
1107	25	Pulse	5	603622	9018	2
1107	26	Picture	31	612737	0	1	4089	2	0	4000	miss	0
1107	26	Pulse	5	623622	10885	1
1107	27	Picture	31	630870	0	1	4089	2	0	4000	miss	0
1107	27	Pulse	5	643621	12751	2
1107	28	Picture	30	649003	0	1	4089	2	0	4000	false_alarm	55
1107	28	Response	1	654011	5008	2
1107	28	Pulse	5	663611	14608	2
1107	29	Picture	30	667136	0	1	4088	3	0	4000	other	0
1107	29	Pulse	5	683610	16474	2
1107	30	Picture	30	685268	0	2	4089	3	0	4000	other	0
1107	31	Picture	31	703401	0	1	4089	2	0	4000	hit	62
1107	31	Pulse	5	703610	209	2
1107	31	Response	1	710320	6919	2
1107	32	Picture	30	721534	0	1	4089	2	0	4000	other	0
1107	32	Pulse	5	723600	2066	1
1107	33	Picture	30	739667	0	1	4089	2	0	4000	other	0
1107	33	Pulse	5	743599	3932	2
1107	34	Picture	30	757800	0	1	4089	2	0	4000	other	0
1107	34	Pulse	5	763599	5799	2
1107	35	Picture	30	775933	0	1	4088	3	0	4000	other	0
1107	35	Pulse	5	783588	7655	2
1107	36	Pulse	5	803588	9523	2
1107	37	Picture	10	819131	0	1	4089	2	0	4000	other	0
1107	37	Pulse	5	823588	4457	2
1107	38	Picture	10	837264	0	1	4089	2	0	4000	other	0
1107	38	Pulse	5	843577	6313	3
1107	39	Picture	11	855397	0	1	4089	2	0	4000	hit	77
1107	39	Response	1	858297	2900	2
1107	39	Pulse	5	863577	8180	2
1107	40	Picture	10	873530	0	1	4088	3	0	4000	other	0
1107	40	Pulse	5	883577	10047	2
1107	41	Picture	11	891663	0	1	4088	3	0	4000	hit	82
1107	41	Response	1	898286	6623	2
1107	41	Pulse	5	903566	11903	2
1107	42	Picture	10	909795	0	2	4089	3	0	4000	other	0
1107	42	Pulse	5	923566	13771	2
1107	43	Picture	10	927928	0	1	4089	2	0	4000	other	0
1107	43	Pulse	5	943565	15637	2
1107	44	Picture	10	946061	0	1	4089	2	0	4000	other	0
1107	44	Pulse	5	963555	17494	2
1107	45	Picture	11	964194	0	1	4089	2	0	4000	hit	91
1107	45	Response	1	968675	4481	2
1107	46	Picture	10	982327	0	1	4088	3	0	4000	other	0
1107	46	Pulse	5	983555	1228	2
1107	47	Picture	10	1000459	0	2	4089	3	0	4000	other	0
1107	47	Pulse	5	1003554	3095	2
1107	48	Picture	11	1018592	0	2	4089	3	0	4000	hit	97
1107	48	Response	1	1022584	3992	2
1107	48	Pulse	5	1023544	4952	2
1107	49	Picture	10	1036725	0	1	4089	2	0	4000	other	0
1107	49	Pulse	5	1043544	6819	1
1107	50	Picture	10	1054858	0	1	4089	2	0	4000	other	0
1107	50	Pulse	5	1063543	8685	2
1107	51	Picture	10	1072991	0	1	4089	2	0	4000	other	0
1107	51	Pulse	5	1083533	10542	2
1107	52	Picture	10	1091124	0	1	4088	3	0	4000	other	0
1107	52	Pulse	5	1103532	12408	2
1107	53	Pulse	5	1123532	14276	2
1107	54	Picture	20	1134322	0	2	4089	3	0	4000	other	0
1107	54	Pulse	5	1143522	9200	2
1107	55	Picture	20	1152455	0	1	4089	2	0	4000	other	0
1107	55	Pulse	5	1163521	11066	2
1107	56	Picture	21	1170588	0	1	4089	2	0	4000	hit	113
1107	56	Response	1	1174722	4134	1
1107	56	Pulse	5	1183521	12933	2
1107	57	Picture	20	1188721	0	1	4089	2	0	4000	other	0
1107	57	Pulse	5	1203511	14790	1
1107	58	Picture	20	1206854	0	1	4088	3	0	4000	other	0
1107	58	Pulse	5	1223510	16656	2
1107	59	Picture	20	1224986	0	2	4089	3	0	4000	other	0
1107	60	Picture	21	1243119	0	2	4089	3	0	4000	hit	122
1107	60	Pulse	5	1243510	391	2
1107	60	Response	1	1246870	3751	2
1107	61	Picture	20	1261252	0	1	4089	2	0	4000	other	0
1107	61	Pulse	5	1263499	2247	2
1107	62	Picture	20	1279385	0	1	4089	2	0	4000	other	0
1107	62	Pulse	5	1283499	4114	2
1107	63	Picture	20	1297518	0	1	4089	2	0	4000	other	0
1107	63	Pulse	5	1303499	5981	2
1107	64	Picture	20	1315651	0	1	4088	3	0	4000	other	0
1107	64	Pulse	5	1323488	7837	3
1107	65	Picture	20	1333783	0	2	4089	3	0	4000	other	0
1107	65	Pulse	5	1343488	9705	2
1107	66	Picture	21	1351916	0	1	4089	2	0	4000	hit	134
1107	66	Response	1	1358368	6452	2
1107	66	Pulse	5	1363648	11732	2
1107	67	Picture	20	1370049	0	1	4089	2	0	4000	other	0
1107	67	Pulse	5	1383637	13588	2
1107	68	Picture	20	1388182	0	1	4089	2	0	4000	other	0
1107	68	Pulse	5	1403637	15455	2
1107	69	Picture	21	1406315	0	1	4089	2	0	4000	miss	0
1107	69	Pulse	5	1423636	17321	2
1107	70	Pulse	5	1443626	19179	2
1107	71	Picture	10	1449513	0	2	4089	3	0	4000	other	0
1107	71	Pulse	5	1463626	14113	2
1107	72	Picture	10	1467646	0	2	4089	3	0	4000	other	0
1107	72	Pulse	5	1483625	15979	2
1107	73	Picture	11	1485779	0	1	4089	2	0	4000	hit	148
1107	73	Response	1	1490175	4396	2
1107	73	Pulse	5	1503615	17836	2
1107	74	Picture	10	1503912	0	1	4089	2	0	4000	other	0
1107	75	Picture	11	1522045	0	1	4089	2	0	4000	hit	153
1107	75	Pulse	5	1523615	1570	1
1107	75	Response	1	1526815	4770	1
1107	76	Picture	10	1540178	0	1	4088	3	0	4000	other	0
1107	76	Pulse	5	1543605	3427	2
1107	77	Picture	10	1558310	0	2	4089	3	0	4000	other	0
1107	77	Pulse	5	1563605	5295	1
1107	78	Picture	11	1576443	0	1	4089	2	0	4000	hit	159
1107	78	Response	1	1581045	4602	1
1107	78	Pulse	5	1583605	7162	1
1107	79	Picture	10	1594576	0	1	4089	2	0	4000	other	0
1107	79	Pulse	5	1603604	9028	2
1107	80	Picture	10	1612709	0	1	4089	2	0	4000	other	0
1107	80	Pulse	5	1623593	10884	2
1107	81	Picture	10	1630842	0	1	4088	3	0	4000	other	0
1107	81	Pulse	5	1643592	12750	2
1107	82	Picture	10	1648974	0	2	4089	3	0	4000	other	0
1107	82	Pulse	5	1663592	14618	2
1107	83	Picture	10	1667107	0	1	4089	2	0	4000	other	0
1107	83	Pulse	5	1683582	16475	1
1107	84	Picture	11	1685240	0	1	4089	2	0	4000	hit	172
1107	84	Response	1	1689501	4261	2
1107	85	Picture	10	1703373	0	1	4089	2	0	4000	other	0
1107	85	Pulse	5	1703582	209	1
1107	86	Picture	10	1721506	0	1	4089	2	0	4000	other	0
1107	86	Pulse	5	1723581	2075	2
1107	87	Pulse	5	1743571	3932	1
1107	87	Response	1	1744850	5211	2
1107	87	Pulse	5	1763570	23931	2
1107	88	Picture	30	1764705	0	1	4088	3	0	4000	other	0
1107	89	Picture	30	1782837	0	2	4089	3	0	4000	other	0
1107	89	Pulse	5	1783570	733	2
1107	90	Picture	30	1800970	0	1	4089	2	0	4000	other	0
1107	90	Pulse	5	1803559	2589	3
1107	91	Picture	31	1819103	0	1	4089	2	0	4000	miss	0
1107	91	Pulse	5	1823559	4456	2
1107	92	Picture	31	1837236	0	1	4089	2	0	4000	miss	0
1107	92	Pulse	5	1843559	6323	2
1107	93	Picture	30	1855369	0	1	4088	3	0	4000	other	0
1107	93	Pulse	5	1863548	8179	2
1107	94	Picture	30	1873502	0	1	4088	3	0	4000	other	0
1107	94	Pulse	5	1883548	10046	2
1107	95	Picture	30	1891634	0	1	4089	2	0	4000	other	0
1107	95	Pulse	5	1903547	11913	2
1107	96	Picture	31	1909767	0	1	4089	2	0	4000	miss	0
1107	96	Pulse	5	1923537	13770	2
1107	97	Picture	30	1927900	0	1	4089	2	0	4000	other	0
1107	97	Pulse	5	1943537	15637	2
1107	98	Picture	30	1946033	0	1	4089	2	0	4000	other	0
1107	98	Pulse	5	1963536	17503	2
1107	99	Picture	30	1964166	0	1	4088	2	0	4000	other	0
1107	100	Picture	30	1982298	0	2	4089	3	0	4000	other	0
1107	100	Pulse	5	1983526	1228	2
1107	101	Picture	31	2000431	0	1	4089	2	0	4000	miss	0
1107	101	Pulse	5	2003526	3095	1
1107	102	Picture	30	2018564	0	1	4089	2	0	4000	other	0
1107	102	Pulse	5	2023525	4961	2
1107	103	Picture	30	2036697	0	1	4089	2	0	4000	false_alarm	210
1107	103	Pulse	5	2043515	6818	2
1107	103	Response	1	2045275	8578	2
1107	104	Pulse	5	2063514	8684	2
1107	105	Picture	10	2079895	0	2	4089	4	0	4000	other	0
1107	105	Pulse	5	2083514	3619	2
1107	106	Picture	10	2098029	0	1	4088	2	0	4000	other	0
1107	106	Pulse	5	2103504	5475	2
1107	107	Picture	11	2116161	0	1	4089	2	0	4000	hit	217
1107	107	Response	1	2119343	3182	2
1107	107	Pulse	5	2123503	7342	2
1107	108	Picture	10	2134294	0	1	4089	3	0	4000	other	0
1107	108	Pulse	5	2143503	9209	2
1107	109	Picture	11	2152427	0	1	4089	2	0	4000	hit	222
1107	109	Response	1	2157413	4986	2
1107	109	Pulse	5	2163493	11066	1
1107	110	Picture	10	2170560	0	1	4088	3	0	4000	other	0
1107	110	Pulse	5	2183492	12932	2
1107	111	Picture	10	2188693	0	1	4088	3	0	4000	other	0
1107	111	Pulse	5	2203492	14799	2
1107	112	Picture	11	2206825	0	2	4089	3	0	4000	hit	229
1107	112	Response	1	2213402	6577	1
1107	112	Pulse	5	2223481	16656	2
1107	113	Picture	10	2224958	0	1	4089	2	0	4000	other	0
1107	114	Picture	10	2243091	0	1	4089	2	0	4000	other	0
1107	114	Pulse	5	2243481	390	2
1107	115	Picture	10	2261224	0	1	4089	2	0	4000	other	0
1107	115	Pulse	5	2263481	2257	1
1107	116	Picture	10	2279357	0	1	4088	3	0	4000	other	0
1107	116	Pulse	5	2283470	4113	3
1107	117	Picture	10	2297489	0	2	4089	3	0	4000	other	0
1107	117	Pulse	5	2303470	5981	2
1107	118	Picture	11	2315622	0	1	4089	2	0	4000	hit	241
1107	118	Response	1	2320110	4488	2
1107	118	Pulse	5	2323470	7848	2
1107	119	Picture	10	2333755	0	1	4089	2	0	4000	other	0
1107	119	Pulse	5	2343459	9704	2
1107	120	Picture	10	2351888	0	1	4089	2	0	4000	other	0
1107	120	Pulse	5	2363459	11571	2
1107	121	Pulse	5	2383458	13437	2
1107	122	Picture	20	2395087	0	1	4088	3	0	4000	other	0
1107	122	Pulse	5	2403608	8521	2
1107	123	Picture	20	2413219	0	2	4089	4	0	4000	other	0
1107	123	Pulse	5	2423608	10389	2
1107	124	Picture	20	2431352	0	2	4089	3	0	4000	other	0
1107	124	Pulse	5	2443607	12255	2
1107	125	Picture	21	2449485	0	1	4089	2	0	4000	hit	255
1107	125	Response	1	2453358	3873	2
1107	125	Pulse	5	2463597	14112	2
1107	126	Picture	20	2467618	0	1	4089	3	0	4000	other	0
1107	126	Pulse	5	2483597	15979	1
1107	127	Picture	20	2485751	0	1	4089	2	0	4000	other	0
1107	127	Pulse	5	2503596	17845	2
1107	128	Picture	21	2503884	0	1	4088	3	0	4000	hit	262
1107	128	Response	1	2507906	4022	2
1107	129	Picture	20	2522016	0	2	4089	3	0	4000	other	0
1107	129	Pulse	5	2523586	1570	2
1107	130	Picture	20	2540149	0	2	4089	3	0	4000	other	0
1107	130	Pulse	5	2543585	3436	2
1107	131	Picture	20	2558282	0	1	4089	2	0	4000	other	0
1107	131	Pulse	5	2563576	5294	1
1107	132	Picture	21	2576415	0	1	4089	2	0	4000	hit	270
1107	132	Response	1	2581815	5400	1
1107	132	Pulse	5	2583575	7160	2
1107	133	Picture	20	2594548	0	1	4088	3	0	4000	other	0
1107	133	Pulse	5	2603576	9028	1
1107	134	Picture	20	2612681	0	1	4088	2	0	4000	other	0
1107	134	Pulse	5	2623575	10894	1
1107	135	Picture	21	2630813	0	1	4089	2	0	4000	hit	277
1107	135	Response	1	2634124	3311	2
1107	135	Pulse	5	2643564	12751	1
1107	136	Picture	20	2648946	0	1	4089	2	0	4000	other	0
1107	136	Pulse	5	2663563	14617	2
1107	137	Picture	20	2667079	0	1	4089	2	0	4000	other	0
