Scenario - 1-back
Logfile written - 05/07/2015 18:06:09

Subject	Trial	Event Type	Code	Time	TTime	Uncertainty	Duration	Uncertainty	ReqTime	ReqDur	Stim Type	Pair Index

1107	1	Pulse	5	166937	176759	1
1107	2	Pulse	5	186936	19875	2
1107	3	Picture	10	192127	0	1	4088	3	0	4000	other	0
1107	3	Pulse	5	206936	14809	2
1107	4	Picture	10	210260	0	1	4088	2	0	4000	other	0
1107	4	Pulse	5	226925	16665	2
1107	5	Picture	11	228392	0	2	4089	3	0	4000	hit	8
1107	5	Response	1	232525	4133	2
1107	6	Picture	10	246525	0	1	4089	2	0	4000	other	0
1107	6	Pulse	5	246925	400	2
1107	7	Picture	11	264658	0	1	4089	2	0	4000	hit	13
1107	7	Pulse	5	266925	2267	1
1107	7	Response	1	268685	4027	2
1107	8	Picture	10	282791	0	1	4089	2	0	4000	other	0
1107	8	Pulse	5	286914	4123	3
1107	9	Picture	10	300924	0	1	4088	3	0	4000	other	0
1107	9	Pulse	5	306914	5990	2
1107	10	Picture	10	319057	0	1	4088	2	0	4000	other	0
1107	10	Pulse	5	326913	7856	3
1107	11	Picture	11	337189	0	2	4089	3	0	4000	hit	21
1107	11	Response	1	341624	4435	1
1107	11	Pulse	5	346903	9714	2
1107	12	Picture	10	355322	0	1	4089	2	0	4000	other	0
1107	12	Pulse	5	366903	11581	2
1107	13	Picture	10	373455	0	1	4089	2	0	4000	other	0
1107	13	Pulse	5	386902	13447	2
1107	14	Picture	11	391588	0	1	4089	2	0	4000	hit	28
1107	14	Response	1	395372	3784	2
1107	14	Pulse	5	406892	15304	2
1107	15	Picture	10	409721	0	1	4088	3	0	4000	other	0
1107	15	Pulse	5	426892	17171	1
1107	16	Picture	10	427853	0	2	4089	3	0	4000	other	0
1107	17	Picture	10	445986	0	1	4089	2	0	4000	other	0
1107	17	Pulse	5	446883	897	1
1107	18	Picture	10	464119	0	1	4089	2	0	4000	other	0
1107	18	Pulse	5	466882	2763	1
1107	19	Pulse	5	486882	4630	1
1107	19	Pulse	5	506881	24629	2
1107	20	Picture	30	507318	0	1	4089	2	0	4000	other	0
1107	21	Picture	30	525451	0	1	4088	3	0	4000	other	0
1107	21	Pulse	5	526870	1419	2
1107	22	Picture	31	543583	0	2	4089	3	0	4000	hit	44
1107	22	Pulse	5	546869	3286	2
1107	22	Response	1	548629	5046	2
1107	23	Picture	30	561716	0	1	4089	2	0	4000	other	0
1107	23	Pulse	5	566870	5154	1
1107	24	Picture	30	579849	0	1	4089	2	0	4000	other	0
1107	24	Pulse	5	586859	7010	1
1107	25	Picture	30	597982	0	1	4089	2	0	4000	other	0
1107	25	Pulse	5	606858	8876	2
1107	26	Picture	31	616115	0	1	4088	3	0	4000	hit	52
1107	26	Response	1	622378	6263	2
1107	26	Pulse	5	626858	10743	2
1107	27	Picture	31	634247	0	2	4089	4	0	4000	miss	0
1107	27	Pulse	5	646847	12600	2
1107	28	Picture	30	652380	0	1	4089	2	0	4000	false_alarm	57
1107	28	Response	1	659327	6947	2
1107	28	Pulse	5	666847	14467	2
1107	29	Picture	30	670513	0	1	4089	2	0	4000	other	0
1107	29	Pulse	5	686847	16334	2
1107	30	Picture	30	688646	0	1	4089	2	0	4000	other	0
1107	31	Picture	31	706779	0	1	4088	3	0	4000	hit	64
1107	31	Pulse	5	706836	57	2
1107	31	Response	1	712276	5497	2
1107	32	Picture	30	724912	0	1	4088	3	0	4000	other	0
1107	32	Pulse	5	726836	1924	2
1107	33	Picture	30	743044	0	2	4089	3	0	4000	other	0
1107	33	Pulse	5	746836	3792	1
1107	34	Picture	30	761177	0	1	4089	2	0	4000	other	0
1107	34	Pulse	5	766825	5648	3
1107	35	Picture	30	779310	0	1	4089	2	0	4000	other	0
1107	35	Pulse	5	786825	7515	2
1107	36	Pulse	5	806824	9381	3
1107	37	Picture	10	822509	0	1	4089	2	0	4000	other	0
1107	37	Pulse	5	826814	4305	2
1107	38	Picture	10	840642	0	1	4088	3	0	4000	other	0
1107	38	Pulse	5	846814	6172	2
1107	39	Picture	11	858774	0	2	4089	3	0	4000	hit	79
1107	39	Response	1	863133	4359	2
1107	39	Pulse	5	866813	8039	2
1107	40	Picture	10	876907	0	1	4089	2	0	4000	other	0
1107	40	Pulse	5	886963	10056	2
1107	41	Picture	11	895040	0	1	4089	2	0	4000	hit	84
1107	41	Response	1	898323	3283	2
1107	41	Pulse	5	906963	11923	1
1107	42	Picture	10	913173	0	1	4089	2	0	4000	other	0
1107	42	Pulse	5	926962	13789	2
1107	43	Picture	10	931306	0	1	4088	3	0	4000	other	0
1107	43	Pulse	5	946952	15646	2
1107	44	Picture	10	949438	0	2	4089	3	0	4000	other	0
1107	44	Pulse	5	966952	17514	1
1107	45	Picture	11	967571	0	2	4089	3	0	4000	hit	93
1107	45	Response	1	970791	3220	2
1107	46	Picture	10	985704	0	1	4089	2	0	4000	other	0
1107	46	Pulse	5	986951	1247	2
1107	47	Picture	10	1003837	0	1	4089	2	0	4000	other	0
1107	47	Pulse	5	1006941	3104	2
1107	48	Picture	11	1021970	0	1	4089	2	0	4000	hit	99
1107	48	Response	1	1026140	4170	2
1107	48	Pulse	5	1026940	4970	2
1107	49	Picture	10	1040103	0	1	4088	3	0	4000	other	0
1107	49	Pulse	5	1046940	6837	2
1107	50	Picture	10	1058235	0	2	4089	3	0	4000	other	0
1107	50	Pulse	5	1066930	8695	1
1107	51	Picture	10	1076368	0	1	4089	2	0	4000	other	0
1107	51	Pulse	5	1086929	10561	2
1107	52	Picture	10	1094501	0	1	4089	2	0	4000	other	0
1107	52	Pulse	5	1106929	12428	2
1107	53	Pulse	5	1126918	14284	2
1107	54	Picture	20	1137700	0	1	4089	2	0	4000	other	0
1107	54	Pulse	5	1146918	9218	2
1107	55	Picture	20	1155833	0	1	4088	3	0	4000	other	0
1107	55	Pulse	5	1166918	11085	2
1107	56	Picture	21	1173966	0	1	4088	3	0	4000	hit	115
1107	56	Response	1	1179547	5581	2
1107	56	Pulse	5	1186907	12941	2
1107	57	Picture	20	1192098	0	2	4089	4	0	4000	other	0
1107	57	Pulse	5	1206907	14809	2
1107	58	Picture	20	1210231	0	1	4089	2	0	4000	other	0
1107	58	Pulse	5	1226907	16676	1
1107	59	Picture	20	1228364	0	1	4089	2	0	4000	other	0
1107	60	Picture	21	1246496	0	2	4090	3	0	4000	miss	0
1107	60	Pulse	5	1246896	400	3
1107	61	Picture	20	1264630	0	1	4088	3	0	4000	other	0
1107	61	Pulse	5	1266896	2266	2
1107	62	Picture	20	1282762	0	2	4089	3	0	4000	other	0
1107	62	Pulse	5	1286895	4133	3
1107	63	Picture	20	1300895	0	2	4089	3	0	4000	other	0
1107	63	Pulse	5	1306885	5990	2
1107	64	Picture	20	1319028	0	1	4089	2	0	4000	other	0
1107	64	Pulse	5	1326885	7857	2
1107	65	Picture	20	1337161	0	1	4089	2	0	4000	false_alarm	133
1107	65	Response	1	1344964	7803	2
1107	65	Pulse	5	1346884	9723	2
1107	66	Picture	21	1355294	0	1	4088	3	0	4000	hit	136
1107	66	Response	1	1360474	5180	2
1107	66	Pulse	5	1366874	11580	2
1107	67	Picture	20	1373426	0	2	4089	4	0	4000	other	0
1107	67	Pulse	5	1386874	13448	1
1107	68	Picture	20	1391559	0	2	4089	3	0	4000	other	0
1107	68	Pulse	5	1406873	15314	2
1107	69	Picture	21	1409692	0	1	4089	2	0	4000	hit	143
1107	69	Response	1	1414544	4852	2
1107	69	Pulse	5	1426864	17172	1
1107	70	Pulse	5	1446862	19037	2
1107	71	Picture	10	1452891	0	1	4089	2	0	4000	other	0
1107	71	Pulse	5	1466853	13962	2
1107	72	Picture	10	1471024	0	1	4089	2	0	4000	other	0
1107	72	Pulse	5	1486853	15829	1
1107	73	Picture	11	1489157	0	1	4088	3	0	4000	hit	151
1107	73	Response	1	1492453	3296	1
1107	73	Pulse	5	1506853	17696	1
1107	74	Picture	10	1507289	0	2	4089	3	0	4000	other	0
1107	75	Picture	11	1525422	0	1	4089	3	0	4000	hit	156
1107	75	Pulse	5	1526852	1430	1
1107	75	Response	1	1529721	4299	2
1107	76	Picture	10	1543555	0	1	4089	2	0	4000	other	0
1107	76	Pulse	5	1546841	3286	2
1107	77	Picture	10	1561688	0	1	4089	2	0	4000	other	0
1107	77	Pulse	5	1566840	5152	2
1107	78	Picture	11	1579821	0	1	4089	2	0	4000	hit	162
1107	78	Response	1	1583480	3659	2
1107	78	Pulse	5	1586840	7019	2
1107	79	Picture	10	1597954	0	1	4088	2	0	4000	other	0
1107	79	Pulse	5	1606829	8875	2
1107	80	Picture	10	1616086	0	2	4089	3	0	4000	other	0
1107	80	Pulse	5	1626829	10743	2
1107	81	Picture	10	1634219	0	1	4089	2	0	4000	other	0
1107	81	Pulse	5	1646829	12610	1
1107	82	Picture	10	1652352	0	1	4089	2	0	4000	other	0
1107	82	Pulse	5	1666818	14466	2
1107	83	Picture	10	1670485	0	1	4089	2	0	4000	other	0
1107	83	Pulse	5	1686819	16334	1
1107	84	Picture	11	1688618	0	1	4088	3	0	4000	hit	175
1107	84	Response	1	1695138	6520	2
1107	85	Picture	10	1706750	0	2	4089	3	0	4000	other	0
1107	85	Pulse	5	1706818	68	1
1107	86	Picture	10	1724883	0	1	4089	2	0	4000	other	0
1107	86	Pulse	5	1726807	1924	3
1107	87	Pulse	5	1746807	3791	2
1107	87	Pulse	5	1766806	23790	3
1107	88	Picture	30	1768082	0	1	4089	2	0	4000	other	0
1107	89	Picture	30	1786215	0	1	4089	2	0	4000	other	0
1107	89	Pulse	5	1786796	581	2
1107	90	Picture	30	1804348	0	1	4088	3	0	4000	other	0
1107	90	Pulse	5	1806796	2448	2
1107	91	Picture	31	1822481	0	1	4088	2	0	4000	miss	0
1107	91	Pulse	5	1826795	4314	2
1107	92	Picture	31	1840613	0	2	4089	3	0	4000	miss	0
1107	92	Pulse	5	1846785	6172	2
1107	93	Picture	30	1858746	0	1	4089	2	0	4000	other	0
1107	93	Pulse	5	1866785	8039	1
1107	94	Picture	30	1876879	0	1	4089	2	0	4000	other	0
1107	94	Pulse	5	1886784	9905	2
1107	95	Picture	30	1895012	0	1	4089	2	0	4000	other	0
1107	95	Pulse	5	1906774	11762	2
1107	96	Picture	31	1913145	0	1	4088	3	0	4000	miss	0
1107	96	Pulse	5	1926933	13788	2
1107	97	Picture	30	1931277	0	2	4089	3	0	4000	other	0
1107	97	Pulse	5	1946933	15656	2
1107	98	Picture	30	1949410	0	2	4089	4	0	4000	other	0
1107	98	Pulse	5	1966923	17513	2
1107	99	Picture	30	1967543	0	1	4089	2	0	4000	other	0
1107	100	Picture	30	1985676	0	1	4089	2	0	4000	other	0
1107	100	Pulse	5	1986922	1246	2
1107	101	Picture	31	2003809	0	1	4089	2	0	4000	miss	0
1107	101	Pulse	5	2006922	3113	2
1107	102	Picture	30	2021941	0	2	4089	4	0	4000	false_alarm	210
1107	102	Pulse	5	2026912	4971	1
1107	102	Response	1	2030113	8172	1
1107	103	Picture	30	2040074	0	2	4089	3	0	4000	false_alarm	212
1107	103	Response	1	2046751	6677	2
1107	103	Pulse	5	2046911	6837	2
1107	104	Pulse	5	2066911	8704	2
1107	105	Picture	10	2083273	0	1	4089	2	0	4000	other	0
1107	105	Pulse	5	2086900	3627	2
1107	106	Picture	10	2101406	0	1	4089	2	0	4000	other	0
1107	106	Pulse	5	2106900	5494	2
1107	107	Picture	11	2119539	0	1	4089	2	0	4000	hit	220
1107	107	Response	1	2122260	2721	2
1107	107	Pulse	5	2126900	7361	1
1107	108	Picture	10	2137672	0	1	4088	3	0	4000	other	0
1107	108	Pulse	5	2146889	9217	2
1107	109	Picture	11	2155804	0	2	4089	3	0	4000	hit	225
1107	109	Response	1	2159689	3885	2
1107	109	Pulse	5	2166890	11086	1
1107	110	Picture	10	2173937	0	1	4089	2	0	4000	other	0
1107	110	Pulse	5	2186889	12952	1
1107	111	Picture	10	2192070	0	1	4088	4	0	4000	other	0
1107	111	Pulse	5	2206878	14808	3
1107	112	Picture	11	2210203	0	1	4089	2	0	4000	hit	232
1107	112	Response	1	2213598	3395	2
1107	112	Pulse	5	2226878	16675	2
1107	113	Picture	10	2228336	0	1	4088	3	0	4000	other	0
1107	114	Picture	10	2246469	0	1	4088	3	0	4000	other	0
1107	114	Pulse	5	2246877	408	3
1107	115	Picture	10	2264601	0	2	4089	3	0	4000	other	0
1107	115	Pulse	5	2266867	2266	2
1107	116	Picture	10	2282734	0	1	4089	2	0	4000	other	0
1107	116	Pulse	5	2286867	4133	1
1107	117	Picture	10	2300867	0	1	4089	2	0	4000	other	0
1107	117	Pulse	5	2306866	5999	2
1107	118	Picture	11	2319000	0	1	4089	2	0	4000	hit	244
1107	118	Response	1	2323336	4336	2
1107	118	Pulse	5	2326856	7856	2
1107	119	Picture	10	2337133	0	1	4088	3	0	4000	other	0
1107	119	Pulse	5	2346856	9723	1
1107	120	Picture	10	2355265	0	2	4089	3	0	4000	other	0
1107	120	Pulse	5	2366855	11590	2
1107	121	Pulse	5	2386845	13447	2
1107	122	Picture	20	2398464	0	2	4089	3	0	4000	other	0
1107	122	Pulse	5	2406844	8380	2
1107	123	Picture	20	2416597	0	1	4089	2	0	4000	other	0
1107	123	Pulse	5	2426844	10247	2
1107	124	Picture	20	2434730	0	1	4089	2	0	4000	other	0
1107	124	Pulse	5	2446834	12104	1
1107	125	Picture	21	2452863	0	1	4089	2	0	4000	hit	258
1107	125	Response	1	2458673	5810	2
1107	125	Pulse	5	2466833	13970	2
1107	126	Picture	20	2470996	0	1	4088	3	0	4000	other	0
1107	126	Pulse	5	2486833	15837	2
1107	127	Picture	20	2489128	0	2	4089	3	0	4000	other	0
1107	127	Pulse	5	2506823	17695	1
1107	128	Picture	21	2507261	0	1	4089	2	0	4000	hit	265
1107	128	Response	1	2513222	5961	2
1107	129	Picture	20	2525394	0	1	4088	3	0	4000	other	0
1107	129	Pulse	5	2526822	1428	2
1107	130	Picture	20	2543527	0	1	4089	2	0	4000	other	0
1107	130	Pulse	5	2546813	3286	1
1107	131	Picture	20	2561660	0	1	4088	3	0	4000	false_alarm	271
1107	131	Response	1	2565693	4033	1
1107	131	Pulse	5	2566813	5153	1
1107	132	Picture	21	2579792	0	2	4089	3	0	4000	hit	274
1107	132	Response	1	2583772	3980	2
1107	132	Pulse	5	2586812	7020	1
1107	133	Picture	20	2597925	0	2	4089	3	0	4000	other	0
1107	133	Pulse	5	2606812	8887	1
1107	134	Picture	20	2616058	0	1	4089	2	0	4000	other	0
1107	134	Pulse	5	2626800	10742	2
1107	135	Picture	21	2634191	0	1	4089	2	0	4000	miss	0
1107	135	Pulse	5	2646800	12609	2
1107	136	Picture	20	2652324	0	1	4088	3	0	4000	other	0
1107	136	Pulse	5	2666800	14476	1
1107	137	Picture	20	2670457	0	1	4088	3	0	4000	other	0
