Scenario - 1-back
Logfile written - 05/07/2015 18:01:37

Subject	Trial	Event Type	Code	Time	TTime	Uncertainty	Duration	Uncertainty	ReqTime	ReqDur	Stim Type	Pair Index

1107	1	Response	1	81772	91594	2
1107	1	Pulse	5	214229	224051	2
1107	2	Pulse	5	234219	19871	2
1107	3	Picture	10	239414	0	1	4089	2	0	4000	other	0
1107	3	Pulse	5	254219	14805	1
1107	4	Picture	10	257547	0	1	4089	2	0	4000	other	0
1107	4	Pulse	5	274218	16671	2
1107	5	Picture	11	275680	0	1	4088	3	0	4000	hit	9
1107	5	Response	1	279488	3808	2
1107	6	Picture	10	293813	0	1	4088	2	0	4000	other	0
1107	6	Pulse	5	294209	396	1
1107	7	Picture	11	311945	0	2	4089	3	0	4000	hit	14
1107	7	Pulse	5	314207	2262	2
1107	7	Response	1	315487	3542	2
1107	8	Picture	10	330078	0	1	4089	3	0	4000	other	0
1107	8	Pulse	5	334207	4129	2
1107	9	Picture	10	348211	0	1	4089	2	0	4000	other	0
1107	9	Pulse	5	354197	5986	1
1107	10	Picture	10	366344	0	1	4089	2	0	4000	other	0
1107	10	Pulse	5	374196	7852	2
1107	11	Picture	11	384476	0	2	4089	4	0	4000	hit	22
1107	11	Response	1	389556	5080	2
1107	11	Pulse	5	394196	9720	2
1107	12	Picture	10	402609	0	2	4089	3	0	4000	other	0
1107	12	Pulse	5	414185	11576	2
1107	13	Picture	10	420742	0	1	4089	2	0	4000	other	0
1107	13	Pulse	5	434185	13443	2
1107	14	Picture	11	438875	0	2	4089	3	0	4000	hit	29
1107	14	Response	1	442985	4110	2
1107	14	Pulse	5	454345	15470	2
1107	15	Picture	10	457008	0	1	4089	2	0	4000	other	0
1107	15	Pulse	5	474334	17326	2
1107	16	Picture	10	475141	0	1	4088	3	0	4000	other	0
1107	17	Picture	10	493273	0	2	4089	3	0	4000	other	0
1107	17	Pulse	5	494334	1061	2
1107	18	Picture	10	511406	0	1	4089	2	0	4000	other	0
1107	18	Pulse	5	514325	2919	1
1107	19	Pulse	5	534325	4786	1
1107	19	Pulse	5	554324	24785	1
1107	20	Picture	20	554605	0	1	4089	2	0	4000	other	0
1107	21	Picture	20	572738	0	1	4089	2	0	4000	other	0
1107	21	Pulse	5	574324	1586	1
1107	22	Picture	21	590871	0	1	4088	3	0	4000	miss	0
1107	22	Pulse	5	594312	3441	2
1107	23	Picture	20	609003	0	2	4089	3	0	4000	other	0
1107	23	Pulse	5	614312	5309	2
1107	24	Picture	20	627136	0	2	4089	3	0	4000	other	0
1107	24	Pulse	5	634313	7177	1
1107	25	Picture	20	645269	0	1	4089	2	0	4000	other	0
1107	25	Pulse	5	654301	9032	2
1107	26	Picture	21	663402	0	1	4089	2	0	4000	hit	52
1107	26	Response	1	670941	7539	2
1107	26	Pulse	5	674301	10899	1
1107	27	Picture	20	681535	0	1	4088	3	0	4000	other	0
1107	27	Pulse	5	694300	12765	2
1107	28	Picture	20	699668	0	1	4088	2	0	4000	other	0
1107	28	Pulse	5	714290	14622	2
1107	29	Picture	20	717800	0	2	4089	3	0	4000	other	0
1107	29	Pulse	5	734289	16489	2
1107	30	Picture	20	735933	0	1	4089	2	0	4000	false_alarm	61
1107	30	Response	1	740849	4916	2
1107	31	Picture	20	754066	0	1	4089	2	0	4000	false_alarm	64
1107	31	Pulse	5	754289	223	2
1107	31	Response	1	761959	7893	2
1107	32	Picture	21	772199	0	2	4088	4	0	4000	hit	67
1107	32	Pulse	5	774279	2080	2
1107	32	Response	1	778759	6560	1
1107	33	Picture	20	790332	0	1	4088	3	0	4000	other	0
1107	33	Pulse	5	794279	3947	1
1107	34	Picture	20	808464	0	2	4089	3	0	4000	other	0
1107	34	Pulse	5	814278	5814	2
1107	35	Picture	21	826597	0	1	4089	2	0	4000	miss	0
1107	35	Pulse	5	834268	7671	1
1107	36	Pulse	5	854267	9537	2
1107	37	Picture	10	869796	0	1	4089	2	0	4000	other	0
1107	37	Pulse	5	874267	4471	2
1107	38	Picture	10	887929	0	1	4089	2	0	4000	other	0
1107	38	Pulse	5	894256	6327	2
1107	39	Picture	11	906062	0	1	4087	7	0	4000	hit	80
1107	39	Response	1	909936	3874	2
1107	39	Pulse	5	914256	8194	2
1107	40	Picture	10	924194	0	2	4089	3	0	4000	other	0
1107	40	Pulse	5	934256	10062	2
1107	41	Picture	11	942327	0	1	4089	2	0	4000	hit	85
1107	41	Response	1	946245	3918	2
1107	41	Pulse	5	954245	11918	2
1107	42	Picture	10	960460	0	1	4089	2	0	4000	other	0
1107	42	Pulse	5	974245	13785	2
1107	43	Picture	10	978593	0	1	4089	2	0	4000	other	0
1107	43	Pulse	5	994245	15652	1
1107	44	Picture	10	996726	0	1	4088	3	0	4000	other	0
1107	44	Pulse	5	1014234	17508	2
1107	45	Picture	11	1014858	0	2	4089	3	0	4000	hit	94
1107	45	Response	1	1018394	3536	2
1107	46	Picture	10	1032991	0	1	4089	2	0	4000	other	0
1107	46	Pulse	5	1034234	1243	2
1107	47	Picture	10	1051124	0	1	4089	2	0	4000	other	0
1107	47	Pulse	5	1054233	3109	2
1107	48	Picture	11	1069257	0	1	4089	2	0	4000	hit	100
1107	48	Response	1	1073423	4166	2
1107	48	Pulse	5	1074223	4966	2
1107	49	Picture	10	1087390	0	1	4088	3	0	4000	other	0
1107	49	Pulse	5	1094223	6833	2
1107	50	Picture	10	1105522	0	2	4089	3	0	4000	other	0
1107	50	Pulse	5	1114222	8700	3
1107	51	Picture	10	1123655	0	1	4089	2	0	4000	other	0
1107	51	Pulse	5	1134212	10557	2
1107	52	Picture	10	1141788	0	1	4089	2	0	4000	other	0
1107	52	Pulse	5	1154212	12424	1
1107	53	Pulse	5	1174212	14291	1
1107	54	Picture	30	1184987	0	1	4089	2	0	4000	other	0
1107	54	Pulse	5	1194201	9214	2
1107	55	Picture	30	1203120	0	1	4088	3	0	4000	other	0
1107	55	Pulse	5	1214200	11080	2
1107	56	Picture	31	1221252	0	2	4088	5	0	4000	hit	116
1107	56	Response	1	1227000	5748	2
1107	56	Pulse	5	1234200	12948	2
1107	57	Picture	30	1239385	0	1	4089	2	0	4000	other	0
1107	57	Pulse	5	1254190	14805	2
1107	58	Picture	30	1257518	0	1	4089	2	0	4000	other	0
1107	58	Pulse	5	1274189	16671	2
1107	59	Picture	30	1275651	0	1	4088	4	0	4000	other	0
1107	60	Picture	31	1293784	0	1	4088	3	0	4000	hit	125
1107	60	Pulse	5	1294189	405	2
1107	60	Response	1	1301859	8075	2
1107	61	Picture	31	1311917	0	1	4088	2	0	4000	miss	0
1107	61	Pulse	5	1314179	2262	1
1107	62	Picture	30	1330049	0	2	4089	5	0	4000	false_alarm	130
1107	62	Pulse	5	1334178	4129	2
1107	62	Response	1	1337698	7649	2
1107	63	Picture	30	1348182	0	1	4089	2	0	4000	other	0
1107	63	Pulse	5	1354178	5996	2
1107	64	Picture	30	1366315	0	1	4089	2	0	4000	other	0
1107	64	Pulse	5	1374167	7852	2
1107	65	Picture	31	1384448	0	1	4089	2	0	4000	hit	136
1107	65	Response	1	1390647	6199	2
1107	65	Pulse	5	1394168	9720	1
1107	66	Picture	30	1402581	0	1	4088	3	0	4000	other	0
1107	66	Pulse	5	1414167	11586	2
1107	67	Picture	30	1420713	0	2	4089	3	0	4000	other	0
1107	67	Pulse	5	1434156	13443	2
1107	68	Picture	30	1438846	0	1	4089	2	0	4000	other	0
1107	68	Pulse	5	1454156	15310	2
1107	69	Picture	30	1456979	0	1	4089	2	0	4000	false_alarm	145
1107	69	Response	1	1461356	4377	2
1107	69	Pulse	5	1474156	17177	1
1107	70	Pulse	5	1494145	19033	2
1107	71	Picture	10	1500178	0	1	4089	2	0	4000	other	0
1107	71	Pulse	5	1514305	14127	2
1107	72	Picture	10	1518311	0	1	4088	3	0	4000	other	0
1107	72	Pulse	5	1534305	15994	1
1107	73	Picture	11	1536443	0	2	4089	3	0	4000	hit	153
1107	73	Response	1	1539894	3451	3
1107	73	Pulse	5	1554294	17851	3
1107	74	Picture	10	1554576	0	1	4089	2	0	4000	other	0
1107	75	Picture	11	1572709	0	1	4089	2	0	4000	hit	158
1107	75	Pulse	5	1574294	1585	2
1107	75	Response	1	1578134	5425	2
1107	76	Picture	10	1590842	0	1	4089	2	0	4000	other	0
1107	76	Pulse	5	1594285	3443	1
1107	77	Picture	10	1608975	0	1	4088	3	0	4000	other	0
1107	77	Pulse	5	1614284	5309	1
1107	78	Picture	11	1627108	0	1	4088	2	0	4000	hit	164
1107	78	Response	1	1631084	3976	1
1107	78	Pulse	5	1634284	7176	1
1107	79	Picture	10	1645240	0	1	4089	2	0	4000	other	0
1107	79	Pulse	5	1654284	9044	1
1107	80	Picture	10	1663373	0	1	4089	2	0	4000	other	0
1107	80	Pulse	5	1674272	10899	2
1107	81	Picture	10	1681506	0	1	4089	2	0	4000	other	0
1107	81	Pulse	5	1694271	12765	2
1107	82	Picture	10	1699639	0	1	4089	2	0	4000	other	0
1107	82	Pulse	5	1714271	14632	2
1107	83	Picture	10	1717771	0	2	4089	4	0	4000	other	0
1107	83	Pulse	5	1734261	16490	1
1107	84	Picture	11	1735904	0	2	4089	3	0	4000	hit	177
1107	84	Response	1	1740341	4437	1
1107	85	Picture	10	1754037	0	1	4089	2	0	4000	other	0
1107	85	Pulse	5	1754260	223	2
1107	86	Picture	10	1772170	0	1	4089	2	0	4000	other	0
1107	86	Pulse	5	1774260	2090	2
1107	87	Pulse	5	1794250	3947	1
1107	87	Pulse	5	1814249	23946	2
1107	88	Picture	20	1815369	0	1	4089	2	0	4000	other	0
1107	89	Picture	20	1833502	0	1	4088	2	0	4000	other	0
1107	89	Pulse	5	1834249	747	2
1107	90	Picture	20	1851634	0	2	4089	3	0	4000	other	0
1107	90	Pulse	5	1854238	2604	2
1107	91	Picture	21	1869767	0	1	4089	2	0	4000	hit	191
1107	91	Pulse	5	1874238	4471	2
1107	91	Response	1	1875998	6231	2
1107	92	Picture	20	1887900	0	1	4089	2	0	4000	other	0
1107	92	Pulse	5	1894238	6338	2
1107	93	Picture	20	1906033	0	1	4089	2	0	4000	other	0
1107	93	Pulse	5	1914227	8194	2
1107	94	Picture	21	1924166	0	1	4088	3	0	4000	hit	197
1107	94	Response	1	1930547	6381	2
1107	94	Pulse	5	1934227	10061	2
1107	95	Picture	20	1942298	0	2	4089	3	0	4000	other	0
1107	95	Pulse	5	1954227	11929	1
1107	96	Picture	20	1960431	0	1	4089	2	0	4000	other	0
1107	96	Pulse	5	1974216	13785	2
1107	97	Picture	20	1978564	0	1	4089	2	0	4000	other	0
1107	97	Pulse	5	1994216	15652	2
1107	98	Picture	21	1996697	0	1	4089	2	0	4000	hit	206
1107	98	Response	1	2003336	6639	1
1107	98	Pulse	5	2014215	17518	2
1107	99	Picture	20	2014830	0	1	4088	3	0	4000	other	0
1107	100	Picture	20	2032962	0	2	4089	3	0	4000	other	0
1107	100	Pulse	5	2034205	1243	2
1107	101	Picture	21	2051095	0	2	4089	3	0	4000	hit	213
1107	101	Pulse	5	2054205	3110	2
1107	101	Response	1	2057725	6630	2
1107	102	Picture	20	2069228	0	1	4089	2	0	4000	other	0
1107	102	Pulse	5	2074204	4976	3
1107	103	Picture	20	2087361	0	1	4089	2	0	4000	other	0
1107	103	Pulse	5	2094194	6833	2
1107	104	Pulse	5	2114194	8700	1
1107	105	Picture	10	2130560	0	1	4088	3	0	4000	other	0
1107	105	Pulse	5	2134193	3633	2
1107	106	Picture	10	2148693	0	1	4088	3	0	4000	other	0
1107	106	Pulse	5	2154183	5490	2
1107	107	Picture	11	2166825	0	2	4089	3	0	4000	hit	224
1107	107	Response	1	2170822	3997	2
1107	107	Pulse	5	2174182	7357	2
1107	108	Picture	10	2184958	0	1	4089	2	0	4000	other	0
1107	108	Pulse	5	2194182	9224	2
1107	109	Picture	11	2203091	0	1	4089	2	0	4000	hit	229
1107	109	Response	1	2207612	4521	2
1107	109	Pulse	5	2214172	11081	1
1107	110	Picture	10	2221224	0	1	4089	2	0	4000	other	0
1107	110	Pulse	5	2234171	12947	2
1107	111	Picture	10	2239357	0	1	4088	3	0	4000	other	0
1107	111	Pulse	5	2254171	14814	2
1107	112	Picture	11	2257489	0	2	4089	3	0	4000	hit	236
1107	112	Response	1	2261041	3552	2
1107	112	Pulse	5	2274160	16671	2
1107	113	Picture	10	2275622	0	1	4089	2	0	4000	other	0
1107	114	Picture	10	2293755	0	1	4089	2	0	4000	other	0
1107	114	Pulse	5	2294160	405	2
1107	115	Picture	10	2311888	0	1	4089	2	0	4000	other	0
1107	115	Pulse	5	2314160	2272	2
1107	116	Picture	10	2330021	0	1	4088	3	0	4000	other	0
1107	116	Pulse	5	2334149	4128	2
1107	117	Picture	10	2348154	0	1	4088	2	0	4000	other	0
1107	117	Pulse	5	2354149	5995	2
1107	118	Picture	11	2366286	0	2	4089	3	0	4000	hit	248
1107	118	Response	1	2370629	4343	2
1107	118	Pulse	5	2374149	7863	1
1107	119	Picture	10	2384419	0	1	4089	2	0	4000	other	0
1107	119	Pulse	5	2394138	9719	2
1107	120	Picture	10	2402552	0	1	4089	2	0	4000	other	0
1107	120	Pulse	5	2414138	11586	2
1107	121	Pulse	5	2434138	13453	1
1107	122	Picture	30	2445751	0	1	4088	3	0	4000	other	0
1107	122	Pulse	5	2454127	8376	2
1107	123	Picture	30	2463884	0	1	4088	2	0	4000	other	0
1107	123	Pulse	5	2474127	10243	2
1107	124	Picture	30	2482016	0	2	4089	3	0	4000	other	0
1107	124	Pulse	5	2494126	12110	2
1107	125	Picture	31	2500149	0	1	4089	2	0	4000	hit	262
1107	125	Response	1	2511076	10927	2
1107	125	Pulse	5	2514116	13967	2
1107	126	Picture	31	2518282	0	1	4089	2	0	4000	miss	0
1107	126	Pulse	5	2534116	15834	2
1107	127	Picture	30	2536415	0	1	4088	3	0	4000	other	0
1107	127	Pulse	5	2554275	17860	3
1107	128	Picture	30	2554548	0	1	4088	3	0	4000	other	0
1107	129	Picture	30	2572680	0	2	4089	3	0	4000	other	0
1107	129	Pulse	5	2574265	1585	2
1107	130	Picture	31	2590813	0	1	4089	2	0	4000	hit	273
1107	130	Pulse	5	2594264	3451	2
1107	130	Response	1	2596344	5531	2
1107	131	Picture	30	2608946	0	1	4089	2	0	4000	false_alarm	276
1107	131	Pulse	5	2614255	5309	2
1107	131	Response	1	2617134	8188	2
1107	132	Picture	30	2627079	0	1	4089	2	0	4000	other	0
1107	132	Pulse	5	2634255	7176	1
1107	133	Picture	30	2645212	0	1	4088	3	0	4000	false_alarm	280
1107	133	Response	1	2654095	8883	1
1107	133	Pulse	5	2654255	9043	1
1107	134	Picture	30	2663345	0	1	4088	2	0	4000	other	0
1107	134	Pulse	5	2674254	10909	1
1107	135	Picture	31	2681477	0	2	4089	3	0	4000	hit	285
1107	135	Response	1	2688163	6686	2
1107	135	Pulse	5	2694243	12766	1
1107	136	Picture	30	2699610	0	1	4089	2	0	4000	other	0
1107	136	Pulse	5	2714242	14632	2
1107	137	Picture	30	2717743	0	1	4089	2	0	4000	false_alarm	290
1107	137	Response	1	2722562	4819	2
