Scenario - 1-back
Logfile written - 03/27/2015 19:27:19

Subject	Trial	Event Type	Code	Time	TTime	Uncertainty	Duration	Uncertainty	ReqTime	ReqDur	Stim Type	Pair Index

1110	1	Pulse	5	109206	119040	1
1110	2	Pulse	5	129194	19828	2
1110	3	Picture	10	134400	0	1	4145	2	0	4000	other	0
1110	3	Pulse	5	149194	14794	2
1110	4	Picture	10	152471	0	1	4145	2	0	4000	other	0
1110	4	Pulse	5	169195	16724	1
1110	5	Picture	11	170542	0	1	4144	2	0	4000	hit	8
1110	5	Response	1	174794	4252	1
1110	6	Picture	10	188612	0	2	4145	3	0	4000	other	0
1110	6	Pulse	5	189183	571	2
1110	7	Picture	11	206683	0	1	4145	2	0	4000	hit	13
1110	7	Pulse	5	209183	2500	2
1110	7	Response	1	211423	4740	2
1110	8	Picture	10	224754	0	1	4145	2	0	4000	other	0
1110	8	Pulse	5	229183	4429	1
1110	9	Picture	10	242825	0	1	4145	2	0	4000	other	0
1110	9	Pulse	5	249172	6347	2
1110	10	Picture	10	260896	0	1	4144	3	0	4000	other	0
1110	10	Pulse	5	269173	8277	1
1110	11	Picture	11	278967	0	1	4144	3	0	4000	miss	0
1110	11	Pulse	5	289172	10205	1
1110	12	Picture	10	297037	0	2	4145	3	0	4000	other	0
1110	12	Pulse	5	309162	12125	1
1110	13	Picture	10	315108	0	1	4145	2	0	4000	other	0
1110	13	Pulse	5	329161	14053	2
1110	14	Picture	11	333179	0	1	4145	2	0	4000	hit	27
1110	14	Response	1	337641	4462	1
1110	14	Pulse	5	349161	15982	1
1110	15	Picture	10	351250	0	1	4145	2	0	4000	other	0
1110	15	Pulse	5	369150	17900	2
1110	16	Picture	10	369321	0	1	4144	3	0	4000	other	0
1110	17	Picture	10	387392	0	1	4144	2	0	4000	other	0
1110	17	Pulse	5	389150	1758	1
1110	18	Picture	10	405462	0	2	4145	3	0	4000	other	0
1110	18	Pulse	5	409150	3688	1
1110	19	Pulse	5	429139	5606	2
1110	20	Picture	20	448567	0	1	4145	2	0	4000	other	0
1110	20	Pulse	5	449138	571	3
1110	21	Picture	20	466638	0	1	4145	2	0	4000	other	0
1110	21	Pulse	5	469138	2500	2
1110	22	Picture	21	484709	0	1	4144	3	0	4000	hit	42
1110	22	Response	1	488808	4099	2
1110	22	Pulse	5	489128	4419	3
1110	23	Picture	20	502779	0	2	4145	3	0	4000	other	0
1110	23	Pulse	5	509127	6348	3
1110	24	Picture	20	520850	0	2	4145	3	0	4000	other	0
1110	24	Pulse	5	529127	8277	3
1110	25	Picture	20	538921	0	1	4145	2	0	4000	other	0
1110	25	Pulse	5	549117	10196	2
1110	26	Picture	21	556992	0	1	4145	2	0	4000	hit	51
1110	26	Response	1	560796	3804	2
1110	26	Pulse	5	569116	12124	3
1110	27	Picture	20	575063	0	1	4144	3	0	4000	other	0
1110	27	Pulse	5	589116	14053	2
1110	28	Picture	20	593134	0	1	4144	2	0	4000	other	0
1110	28	Pulse	5	609105	15971	3
1110	29	Picture	20	611204	0	2	4145	3	0	4000	other	0
1110	29	Pulse	5	629105	17901	2
1110	30	Picture	20	629275	0	2	4145	3	0	4000	other	0
1110	31	Picture	20	647346	0	1	4145	2	0	4000	other	0
1110	31	Pulse	5	649105	1759	2
1110	32	Picture	21	665417	0	1	4145	2	0	4000	hit	64
1110	32	Pulse	5	669094	3677	4
1110	32	Response	1	670054	4637	2
1110	33	Picture	20	683488	0	1	4144	3	0	4000	other	0
1110	33	Pulse	5	689094	5606	2
1110	34	Picture	20	701559	0	1	4144	2	0	4000	other	0
1110	34	Pulse	5	709094	7535	2
1110	35	Picture	21	719629	0	2	4145	3	0	4000	hit	70
1110	35	Response	1	723493	3864	2
1110	35	Pulse	5	729083	9454	2
1110	36	Pulse	5	749083	11383	2
1110	37	Picture	10	762734	0	1	4145	2	0	4000	other	0
1110	37	Pulse	5	769083	6349	1
1110	38	Picture	10	780805	0	1	4145	2	0	4000	other	0
1110	38	Pulse	5	789072	8267	2
1110	39	Picture	11	798876	0	1	4144	3	0	4000	hit	78
1110	39	Response	1	802672	3796	2
1110	39	Pulse	5	809072	10196	2
1110	40	Picture	10	816947	0	1	4144	2	0	4000	other	0
1110	40	Pulse	5	829071	12124	2
1110	41	Picture	11	835017	0	2	4145	3	0	4000	hit	83
1110	41	Response	1	840111	5094	2
1110	41	Pulse	5	849061	14044	2
1110	42	Picture	10	853088	0	1	4145	2	0	4000	other	0
1110	42	Pulse	5	869061	15973	1
1110	43	Picture	10	871159	0	1	4145	2	0	4000	other	0
1110	43	Pulse	5	889060	17901	2
1110	44	Picture	10	889230	0	1	4145	2	0	4000	other	0
1110	45	Picture	11	907301	0	1	4144	3	0	4000	hit	92
1110	45	Pulse	5	909050	1749	2
1110	45	Response	1	911930	4629	2
1110	46	Picture	10	925371	0	2	4145	3	0	4000	other	0
1110	46	Pulse	5	929049	3678	2
1110	47	Picture	10	943442	0	2	4145	3	0	4000	other	0
1110	47	Pulse	5	949050	5608	1
1110	48	Picture	11	961513	0	1	4145	2	0	4000	hit	98
1110	48	Response	1	965679	4166	2
1110	48	Pulse	5	969039	7526	2
1110	49	Picture	10	979584	0	1	4145	2	0	4000	other	0
1110	49	Pulse	5	989198	9614	3
1110	50	Picture	10	997655	0	1	4144	3	0	4000	other	0
1110	50	Pulse	5	1009198	11543	2
1110	51	Picture	10	1015726	0	1	4144	2	0	4000	other	0
1110	51	Pulse	5	1029188	13462	1
1110	52	Picture	10	1033796	0	2	4145	3	0	4000	other	0
1110	52	Pulse	5	1049187	15391	2
1110	53	Pulse	5	1069187	17320	2
1110	54	Picture	30	1076901	0	1	4145	2	0	4000	other	0
1110	54	Pulse	5	1089176	12275	2
1110	55	Picture	30	1094972	0	1	4144	3	0	4000	other	0
1110	55	Pulse	5	1109176	14204	2
1110	56	Picture	31	1113043	0	1	4145	2	0	4000	hit	114
1110	56	Response	1	1117656	4613	2
1110	56	Pulse	5	1129176	16133	2
1110	57	Picture	30	1131113	0	2	4145	3	0	4000	other	0
1110	57	Pulse	5	1149165	18052	2
1110	58	Picture	30	1149184	0	2	4145	3	0	4000	other	0
1110	59	Picture	30	1167255	0	1	4145	2	0	4000	other	0
1110	59	Pulse	5	1169165	1910	2
1110	60	Picture	31	1185326	0	1	4145	2	0	4000	hit	123
1110	60	Pulse	5	1189165	3839	1
1110	60	Response	1	1189325	3999	1
1110	61	Picture	31	1203397	0	1	4145	2	0	4000	hit	126
1110	61	Pulse	5	1209154	5757	2
1110	61	Response	1	1209634	6237	2
1110	62	Picture	30	1221468	0	1	4144	3	0	4000	other	0
1110	62	Pulse	5	1229154	7686	2
1110	63	Picture	30	1239539	0	1	4144	3	0	4000	other	0
1110	63	Pulse	5	1249153	9614	2
1110	64	Picture	30	1257609	0	2	4145	3	0	4000	other	0
1110	64	Pulse	5	1269144	11535	1
1110	65	Picture	31	1275680	0	1	4145	2	0	4000	hit	134
1110	65	Response	1	1279703	4023	2
1110	65	Pulse	5	1289143	13463	1
1110	66	Picture	30	1293751	0	1	4145	2	0	4000	other	0
1110	66	Pulse	5	1309143	15392	1
1110	67	Picture	30	1311822	0	1	4145	2	0	4000	other	0
1110	67	Pulse	5	1329132	17310	2
1110	68	Picture	30	1329893	0	1	4144	3	0	4000	other	0
1110	69	Picture	30	1347963	0	2	4145	3	0	4000	other	0
1110	69	Pulse	5	1349132	1169	1
1110	70	Pulse	5	1369131	3097	2
1110	70	Pulse	5	1389121	23087	2
1110	71	Picture	10	1391068	0	1	4145	2	0	4000	other	0
1110	71	Pulse	5	1409120	18052	2
1110	72	Picture	10	1409139	0	1	4145	2	0	4000	other	0
1110	73	Picture	11	1427210	0	1	4145	2	0	4000	hit	150
1110	73	Pulse	5	1429121	1911	1
1110	73	Response	1	1430720	3510	2
1110	74	Picture	10	1445281	0	1	4144	3	0	4000	other	0
1110	74	Pulse	5	1449110	3829	2
1110	75	Picture	11	1463351	0	2	4145	3	0	4000	hit	154
1110	75	Response	1	1469109	5758	3
1110	75	Pulse	5	1469109	5758	3
1110	76	Picture	10	1481422	0	2	4145	3	0	4000	other	0
1110	76	Pulse	5	1489109	7687	2
1110	77	Picture	10	1499493	0	1	4145	2	0	4000	other	0
1110	77	Pulse	5	1509098	9605	3
1110	78	Picture	11	1517564	0	1	4145	2	0	4000	hit	161
1110	78	Response	1	1522058	4494	2
1110	78	Pulse	5	1529098	11534	3
1110	79	Picture	10	1535635	0	1	4144	3	0	4000	other	0
1110	79	Pulse	5	1549098	13463	2
1110	80	Picture	10	1553706	0	1	4144	3	0	4000	other	0
1110	80	Pulse	5	1569087	15381	3
1110	81	Picture	10	1571776	0	2	4145	3	0	4000	other	0
1110	81	Pulse	5	1589087	17311	2
1110	82	Picture	10	1589847	0	1	4145	2	0	4000	other	0
1110	83	Picture	10	1607918	0	1	4145	2	0	4000	other	0
1110	83	Pulse	5	1609087	1169	2
1110	84	Picture	11	1625989	0	1	4145	2	0	4000	hit	174
1110	84	Pulse	5	1629076	3087	3
1110	84	Response	1	1630196	4207	2
1110	85	Picture	10	1644060	0	1	4144	3	0	4000	other	0
1110	85	Pulse	5	1649076	5016	2
1110	86	Picture	10	1662131	0	1	4144	3	0	4000	other	0
1110	86	Pulse	5	1669076	6945	2
1110	87	Pulse	5	1689065	8864	2
1110	88	Picture	20	1705235	0	1	4145	2	0	4000	other	0
1110	88	Pulse	5	1709065	3830	2
1110	89	Picture	20	1723306	0	1	4145	2	0	4000	other	0
1110	89	Pulse	5	1729064	5758	3
1110	90	Picture	20	1741377	0	1	4145	2	0	4000	other	0
1110	90	Pulse	5	1749054	7677	2
1110	91	Picture	21	1759448	0	1	4144	3	0	4000	hit	187
1110	91	Response	1	1762974	3526	2
1110	91	Pulse	5	1769054	9606	1
1110	92	Picture	20	1777519	0	1	4144	3	0	4000	other	0
1110	92	Pulse	5	1789053	11534	2
1110	93	Picture	20	1795589	0	2	4145	3	0	4000	other	0
1110	93	Pulse	5	1809043	13454	2
1110	94	Picture	21	1813660	0	1	4145	2	0	4000	hit	194
1110	94	Response	1	1817523	3863	2
1110	94	Pulse	5	1829042	15382	2
1110	95	Picture	20	1831731	0	1	4145	2	0	4000	other	0
1110	95	Pulse	5	1849042	17311	2
1110	96	Picture	20	1849802	0	1	4145	2	0	4000	other	0
1110	97	Picture	20	1867873	0	1	4144	3	0	4000	other	0
1110	97	Pulse	5	1869032	1159	2
1110	98	Picture	21	1885944	0	1	4144	2	0	4000	hit	203
1110	98	Pulse	5	1889031	3087	2
1110	98	Response	1	1889512	3568	1
1110	99	Picture	20	1904014	0	2	4145	3	0	4000	other	0
1110	99	Pulse	5	1909032	5018	1
1110	100	Picture	20	1922085	0	1	4145	2	0	4000	other	0
1110	100	Pulse	5	1929021	6936	2
1110	101	Picture	21	1940156	0	1	4144	3	0	4000	hit	209
1110	101	Response	1	1944220	4064	3
1110	101	Pulse	5	1949020	8864	3
1110	102	Picture	20	1958227	0	1	4145	2	0	4000	other	0
1110	102	Pulse	5	1969020	10793	2
1110	103	Picture	20	1976298	0	1	4144	3	0	4000	other	0
1110	103	Pulse	5	1989010	12712	1
1110	104	Pulse	5	2009010	14642	1
1110	105	Picture	10	2019402	0	2	4145	3	0	4000	other	0
1110	105	Pulse	5	2029169	9767	2
1110	106	Picture	10	2037473	0	1	4145	2	0	4000	other	0
1110	106	Pulse	5	2049158	11685	2
1110	107	Picture	11	2055544	0	1	4145	2	0	4000	hit	221
1110	107	Response	1	2059399	3855	1
1110	107	Pulse	5	2069158	13614	2
1110	108	Picture	10	2073615	0	1	4144	3	0	4000	other	0
1110	108	Pulse	5	2089158	15543	1
1110	109	Picture	11	2091686	0	1	4144	3	0	4000	hit	226
1110	109	Response	1	2095557	3871	2
1110	109	Pulse	5	2109147	17461	2
1110	110	Picture	10	2109757	0	1	4144	2	0	4000	other	0
1110	111	Picture	10	2127827	0	2	4145	3	0	4000	other	0
1110	111	Pulse	5	2129147	1320	2
1110	112	Picture	11	2145898	0	1	4145	2	0	4000	hit	233
1110	112	Pulse	5	2149147	3249	1
1110	112	Response	1	2150426	4528	2
1110	113	Picture	10	2163969	0	1	4145	2	0	4000	other	0
1110	113	Pulse	5	2169137	5168	1
1110	114	Picture	10	2182040	0	1	4145	2	0	4000	other	0
1110	114	Pulse	5	2189136	7096	2
1110	115	Picture	10	2200111	0	1	4144	3	0	4000	other	0
1110	115	Pulse	5	2209135	9024	2
1110	116	Picture	10	2218182	0	1	4144	2	0	4000	other	0
1110	116	Pulse	5	2229125	10943	2
1110	117	Picture	10	2236252	0	1	4145	2	0	4000	other	0
1110	117	Pulse	5	2249125	12873	1
1110	118	Picture	11	2254323	0	1	4145	2	0	4000	hit	245
1110	118	Response	1	2258564	4241	2
1110	118	Pulse	5	2269125	14802	1
1110	119	Picture	10	2272394	0	1	4145	2	0	4000	other	0
1110	119	Pulse	5	2289114	16720	2
1110	120	Picture	10	2290465	0	1	4144	3	0	4000	other	0
1110	121	Pulse	5	2309113	577	2
1110	121	Pulse	5	2329114	20578	1
1110	122	Picture	30	2333569	0	2	4145	3	0	4000	other	0
1110	122	Pulse	5	2349103	15534	2
1110	123	Picture	30	2351640	0	1	4145	2	0	4000	other	0
1110	123	Pulse	5	2369102	17462	2
1110	124	Picture	30	2369711	0	1	4145	2	0	4000	other	0
1110	125	Picture	31	2387782	0	1	4145	2	0	4000	hit	259
1110	125	Pulse	5	2389103	1321	1
1110	125	Response	1	2391662	3880	2
1110	126	Picture	31	2405853	0	1	4144	3	0	4000	hit	262
1110	126	Pulse	5	2409092	3239	2
1110	126	Response	1	2410052	4199	2
1110	127	Picture	30	2423924	0	1	4144	2	0	4000	other	0
1110	127	Pulse	5	2429091	5167	3
1110	128	Picture	30	2441994	0	2	4145	3	0	4000	other	0
1110	128	Pulse	5	2449091	7097	3
1110	129	Picture	30	2460065	0	1	4145	2	0	4000	other	0
1110	129	Pulse	5	2469081	9016	1
1110	130	Picture	31	2478136	0	1	4145	2	0	4000	hit	270
1110	130	Response	1	2482200	4064	2
1110	130	Pulse	5	2489080	10944	2
1110	131	Picture	30	2496207	0	1	4145	2	0	4000	other	0
1110	131	Pulse	5	2509080	12873	2
1110	132	Picture	30	2514278	0	1	4144	3	0	4000	other	0
1110	132	Pulse	5	2529069	14791	3
1110	133	Picture	30	2532349	0	1	4144	2	0	4000	false_alarm	277
1110	133	Response	1	2538829	6480	2
1110	133	Pulse	5	2549069	16720	2
1110	134	Picture	30	2550419	0	2	4145	3	0	4000	other	0
1110	135	Picture	31	2568490	0	1	4145	2	0	4000	hit	282
1110	135	Pulse	5	2569069	579	2
1110	135	Response	1	2574508	6018	2
1110	136	Picture	30	2586561	0	1	4145	2	0	4000	other	0
1110	136	Pulse	5	2589058	2497	3
1110	137	Picture	30	2604632	0	1	4145	2	0	4000	false_alarm	287
1110	137	Pulse	5	2609058	4426	2
1110	137	Response	1	2610498	5866	2
