Scenario - 1-back
Logfile written - 03/27/2015 19:16:51

Subject	Trial	Event Type	Code	Time	TTime	Uncertainty	Duration	Uncertainty	ReqTime	ReqDur	Stim Type	Pair Index

1110	1	Response	1	140012	149847	1
1110	1	Pulse	5	275990	285825	1
1110	2	Pulse	5	295979	19831	2
1110	3	Picture	10	301679	0	2	4145	3	0	4000	other	0
1110	3	Pulse	5	315978	14299	3
1110	4	Picture	10	319750	0	1	4145	2	0	4000	other	0
1110	4	Pulse	5	335978	16228	6
1110	5	Picture	11	337821	0	1	4145	2	0	4000	hit	9
1110	5	Response	1	341578	3757	2
1110	6	Picture	10	355892	0	1	4145	2	0	4000	other	0
1110	6	Pulse	5	355968	76	1
1110	7	Picture	11	373963	0	1	4144	3	0	4000	hit	14
1110	7	Pulse	5	375967	2004	2
1110	7	Response	1	378367	4404	2
1110	8	Picture	10	392033	0	2	4145	3	0	4000	other	0
1110	8	Pulse	5	395967	3934	2
1110	9	Picture	10	410104	0	1	4145	2	0	4000	other	0
1110	9	Pulse	5	415957	5853	1
1110	10	Picture	10	428175	0	1	4145	2	0	4000	other	0
1110	10	Pulse	5	435956	7781	2
1110	11	Picture	11	446245	0	7	4146	8	0	4000	hit	22
1110	11	Response	1	450356	4111	2
1110	11	Pulse	5	455956	9711	2
1110	12	Picture	10	464317	0	1	4144	3	0	4000	other	0
1110	12	Pulse	5	475945	11628	2
1110	13	Picture	10	482388	0	1	4144	2	0	4000	other	0
1110	13	Pulse	5	495945	13557	2
1110	14	Picture	11	500458	0	1	4145	2	0	4000	hit	29
1110	14	Response	1	504425	3967	2
1110	14	Pulse	5	515945	15487	1
1110	15	Picture	10	518529	0	1	4145	2	0	4000	other	0
1110	15	Pulse	5	535934	17405	2
1110	16	Picture	10	536600	0	1	4145	2	0	4000	other	0
1110	17	Picture	10	554671	0	1	4144	3	0	4000	other	0
1110	17	Pulse	5	555934	1263	2
1110	18	Picture	10	572742	0	1	4144	2	0	4000	other	0
1110	18	Pulse	5	575933	3191	2
1110	19	Pulse	5	595923	5111	2
1110	20	Picture	20	615846	0	2	4145	3	0	4000	other	0
1110	20	Pulse	5	616083	237	2
1110	21	Picture	20	633917	0	1	4145	2	0	4000	other	0
1110	21	Pulse	5	636082	2165	2
1110	22	Picture	21	651988	0	1	4145	2	0	4000	hit	44
1110	22	Response	1	655592	3604	2
1110	22	Pulse	5	656072	4084	3
1110	23	Picture	20	670059	0	1	4144	3	0	4000	other	0
1110	23	Pulse	5	676072	6013	2
1110	24	Picture	20	688130	0	1	4144	2	0	4000	other	0
1110	24	Pulse	5	696071	7941	3
1110	25	Picture	20	706200	0	2	4145	3	0	4000	other	0
1110	25	Pulse	5	716061	9861	2
1110	26	Picture	21	724271	0	1	4145	2	0	4000	hit	53
1110	26	Response	1	728061	3790	1
1110	26	Pulse	5	736060	11789	2
1110	27	Picture	20	742342	0	1	4145	2	0	4000	other	0
1110	27	Pulse	5	756060	13718	2
1110	28	Picture	20	760413	0	1	4144	3	0	4000	other	0
1110	28	Pulse	5	776050	15637	2
1110	29	Picture	20	778484	0	1	4144	3	0	4000	other	0
1110	29	Pulse	5	796049	17565	2
1110	30	Picture	20	796555	0	1	4144	2	0	4000	other	0
1110	31	Picture	20	814625	0	2	4145	3	0	4000	other	0
1110	31	Pulse	5	816050	1425	1
1110	32	Picture	21	832696	0	1	4145	2	0	4000	hit	66
1110	32	Pulse	5	836039	3343	1
1110	32	Response	1	837159	4463	1
1110	33	Picture	20	850767	0	1	4145	2	0	4000	other	0
1110	33	Pulse	5	856038	5271	2
1110	34	Picture	20	868838	0	1	4144	3	0	4000	other	0
1110	34	Pulse	5	876038	7200	2
1110	35	Picture	21	886909	0	1	4144	2	0	4000	hit	72
1110	35	Response	1	891548	4639	1
1110	35	Pulse	5	896027	9118	2
1110	36	Pulse	5	916027	11048	2
1110	37	Picture	10	930013	0	1	4145	2	0	4000	other	0
1110	37	Pulse	5	936027	6014	2
1110	38	Picture	10	948084	0	1	4145	2	0	4000	other	0
1110	38	Pulse	5	956016	7932	2
1110	39	Picture	11	966155	0	1	4145	2	0	4000	hit	80
1110	39	Response	1	970096	3941	2
1110	39	Pulse	5	976016	9861	2
1110	40	Picture	10	984226	0	2	4144	4	0	4000	other	0
1110	40	Pulse	5	996016	11790	1
1110	41	Picture	11	1002297	0	1	4144	2	0	4000	hit	85
1110	41	Response	1	1008495	6198	2
1110	41	Pulse	5	1016005	13708	2
1110	42	Picture	10	1020367	0	1	4145	2	0	4000	other	0
1110	42	Pulse	5	1036005	15638	2
1110	43	Picture	10	1038438	0	1	4145	2	0	4000	other	0
1110	43	Pulse	5	1056004	17566	2
1110	44	Picture	10	1056509	0	1	4145	2	0	4000	other	0
1110	45	Picture	11	1074580	0	1	4145	2	0	4000	hit	94
1110	45	Pulse	5	1075994	1414	2
1110	45	Response	1	1078714	4134	2
1110	46	Picture	10	1092651	0	1	4144	3	0	4000	other	0
1110	46	Pulse	5	1095994	3343	2
1110	47	Picture	10	1110722	0	1	4144	2	0	4000	other	0
1110	47	Pulse	5	1115993	5271	2
1110	48	Picture	11	1128792	0	2	4145	3	0	4000	hit	100
1110	48	Response	1	1132943	4151	2
1110	48	Pulse	5	1135983	7191	2
1110	49	Picture	10	1146863	0	2	4145	3	0	4000	other	0
1110	49	Pulse	5	1155983	9120	2
1110	50	Picture	10	1164934	0	1	4145	2	0	4000	other	0
1110	50	Pulse	5	1175982	11048	3
1110	51	Picture	10	1183005	0	1	4144	3	0	4000	other	0
1110	51	Pulse	5	1195972	12967	2
1110	52	Picture	10	1201076	0	1	4144	2	0	4000	other	0
1110	52	Pulse	5	1215971	14895	2
1110	53	Pulse	5	1235971	16825	2
1110	54	Picture	30	1244180	0	1	4145	2	0	4000	other	0
1110	54	Pulse	5	1255961	11781	2
1110	55	Picture	30	1262251	0	1	4145	2	0	4000	other	0
1110	55	Pulse	5	1275960	13709	2
1110	56	Picture	31	1280322	0	1	4145	2	0	4000	hit	116
1110	56	Response	1	1284440	4118	2
1110	56	Pulse	5	1295960	15638	2
1110	57	Picture	30	1298393	0	1	4144	3	0	4000	other	0
1110	57	Pulse	5	1315950	17557	1
1110	58	Picture	30	1316463	0	2	4145	3	0	4000	other	0
1110	59	Picture	30	1334534	0	2	4145	3	0	4000	other	0
1110	59	Pulse	5	1335949	1415	2
1110	60	Picture	31	1352605	0	1	4145	2	0	4000	hit	125
1110	60	Pulse	5	1355949	3344	2
1110	60	Response	1	1356589	3984	2
1110	61	Picture	31	1370676	0	1	4145	2	0	4000	hit	128
1110	61	Pulse	5	1375938	5262	2
1110	61	Response	1	1380578	9902	2
1110	62	Picture	30	1388747	0	1	4145	2	0	4000	other	0
1110	62	Pulse	5	1395938	7191	2
1110	63	Picture	30	1406818	0	1	4144	3	0	4000	other	0
1110	63	Pulse	5	1415938	9120	2
1110	64	Picture	30	1424888	0	2	4145	3	0	4000	other	0
1110	64	Pulse	5	1435927	11039	2
1110	65	Picture	31	1442959	0	1	4145	2	0	4000	hit	136
1110	65	Response	1	1446647	3688	2
1110	65	Pulse	5	1455927	12968	2
1110	66	Picture	30	1461030	0	1	4145	2	0	4000	other	0
1110	66	Pulse	5	1475927	14897	1
1110	67	Picture	30	1479101	0	1	4145	2	0	4000	other	0
1110	67	Pulse	5	1495916	16815	2
1110	68	Picture	30	1497172	0	1	4144	3	0	4000	other	0
1110	69	Picture	30	1515243	0	1	4144	2	0	4000	false_alarm	145
1110	69	Pulse	5	1515916	673	2
1110	69	Response	1	1519596	4353	2
1110	70	Pulse	5	1535915	2602	2
1110	70	Pulse	5	1555905	22592	2
1110	71	Picture	10	1558347	0	1	4145	2	0	4000	other	0
1110	71	Pulse	5	1575905	17558	2
1110	72	Picture	10	1576418	0	1	4145	2	0	4000	other	0
1110	73	Picture	11	1594489	0	1	4145	2	0	4000	hit	153
1110	73	Pulse	5	1595904	1415	2
1110	73	Response	1	1599264	4775	3
1110	74	Picture	10	1612560	0	1	4144	3	0	4000	other	0
1110	74	Pulse	5	1615894	3334	2
1110	75	Picture	11	1630631	0	1	4144	2	0	4000	hit	157
1110	75	Response	1	1635094	4463	2
1110	75	Pulse	5	1635894	5263	2
1110	76	Picture	10	1648701	0	2	4145	3	0	4000	other	0
1110	76	Pulse	5	1655893	7192	3
1110	77	Picture	10	1666772	0	1	4145	2	0	4000	other	0
1110	77	Pulse	5	1676043	9271	2
1110	78	Picture	11	1684843	0	2	4145	3	0	4000	hit	164
1110	78	Response	1	1689163	4320	1
1110	78	Pulse	5	1696042	11199	2
1110	79	Picture	10	1702914	0	1	4145	2	0	4000	other	0
1110	79	Pulse	5	1716042	13128	2
1110	80	Picture	10	1720985	0	1	4144	2	0	4000	other	0
1110	80	Pulse	5	1736032	15047	2
1110	81	Picture	10	1739055	0	2	4145	3	0	4000	other	0
1110	81	Pulse	5	1756031	16976	2
1110	82	Picture	10	1757126	0	1	4145	2	0	4000	other	0
1110	83	Picture	10	1775197	0	1	4145	2	0	4000	other	0
1110	83	Pulse	5	1776031	834	2
1110	84	Picture	11	1793268	0	1	4145	2	0	4000	hit	177
1110	84	Pulse	5	1796021	2753	1
1110	84	Response	1	1797141	3873	1
1110	85	Picture	10	1811339	0	1	4144	3	0	4000	other	0
1110	85	Pulse	5	1816020	4681	2
1110	86	Picture	10	1829410	0	1	4144	2	0	4000	other	0
1110	86	Pulse	5	1836020	6610	2
1110	87	Pulse	5	1856009	8529	2
1110	88	Picture	20	1872514	0	1	4145	2	0	4000	other	0
1110	88	Pulse	5	1876009	3495	2
1110	89	Picture	20	1890585	0	1	4145	2	0	4000	other	0
1110	89	Pulse	5	1896009	5424	2
1110	90	Picture	20	1908656	0	1	4145	2	0	4000	other	0
1110	90	Pulse	5	1915998	7342	2
1110	91	Picture	21	1926727	0	1	4144	3	0	4000	hit	190
1110	91	Response	1	1930718	3991	2
1110	91	Pulse	5	1935998	9271	2
1110	92	Picture	20	1944798	0	1	4144	2	0	4000	other	0
1110	92	Pulse	5	1955998	11200	1
1110	93	Picture	20	1962868	0	1	4145	2	0	4000	other	0
1110	93	Pulse	5	1975987	13119	2
1110	94	Picture	21	1980939	0	1	4145	2	0	4000	hit	197
1110	94	Response	1	1984947	4008	2
1110	94	Pulse	5	1995988	15049	1
1110	95	Picture	20	1999010	0	1	4145	2	0	4000	other	0
1110	95	Pulse	5	2015986	16976	2
1110	96	Picture	20	2017081	0	1	4144	3	0	4000	other	0
1110	97	Picture	20	2035152	0	1	4144	3	0	4000	other	0
1110	97	Pulse	5	2035977	825	1
1110	98	Picture	21	2053222	0	2	4145	3	0	4000	hit	206
1110	98	Pulse	5	2055976	2754	1
1110	98	Response	1	2056776	3554	2
1110	99	Picture	20	2071293	0	1	4145	2	0	4000	other	0
1110	99	Pulse	5	2075975	4682	2
1110	100	Picture	20	2089364	0	1	4145	2	0	4000	other	0
1110	100	Pulse	5	2095965	6601	2
1110	101	Picture	21	2107435	0	1	4145	2	0	4000	hit	212
1110	101	Response	1	2111165	3730	2
1110	101	Pulse	5	2115965	8530	2
1110	102	Picture	20	2125506	0	1	4144	3	0	4000	other	0
1110	102	Pulse	5	2135964	10458	3
1110	103	Picture	20	2143577	0	1	4144	2	0	4000	other	0
1110	103	Pulse	5	2155954	12377	2
1110	104	Pulse	5	2175953	14306	2
1110	105	Picture	10	2186681	0	1	4145	2	0	4000	other	0
1110	105	Pulse	5	2195953	9272	2
1110	106	Picture	10	2204752	0	1	4145	2	0	4000	other	0
1110	106	Pulse	5	2215943	11191	1
1110	107	Picture	11	2222822	0	2	4146	3	0	4000	hit	224
1110	107	Response	1	2227142	4320	2
1110	107	Pulse	5	2235942	13120	2
1110	108	Picture	10	2240894	0	1	4144	3	0	4000	other	0
1110	108	Pulse	5	2255942	15048	2
1110	109	Picture	11	2258965	0	1	4144	2	0	4000	hit	229
1110	109	Response	1	2263462	4497	2
1110	109	Pulse	5	2275932	16967	1
1110	110	Picture	10	2277035	0	2	4131	28	0	4000	other	0
1110	111	Picture	10	2295106	0	1	4145	2	0	4000	other	0
1110	111	Pulse	5	2295931	825	2
1110	112	Picture	11	2313177	0	1	4144	3	0	4000	hit	236
1110	112	Pulse	5	2315931	2754	2
1110	112	Response	1	2316731	3554	2
1110	113	Picture	10	2331248	0	1	4144	3	0	4000	other	0
1110	113	Pulse	5	2335920	4672	2
1110	114	Picture	10	2349319	0	1	4144	3	0	4000	other	0
1110	114	Pulse	5	2355920	6601	2
1110	115	Picture	10	2367389	0	2	4145	3	0	4000	other	0
1110	115	Pulse	5	2375920	8531	1
1110	116	Picture	10	2385460	0	1	4145	2	0	4000	other	0
1110	116	Pulse	5	2395909	10449	2
1110	117	Picture	10	2403531	0	1	4145	2	0	4000	other	0
1110	117	Pulse	5	2415909	12378	2
1110	118	Picture	11	2421588	0	16	4159	17	0	4000	hit	248
1110	118	Response	1	2425189	3601	2
1110	118	Pulse	5	2435909	14321	1
1110	119	Picture	10	2439673	0	1	4145	2	0	4000	other	0
1110	119	Pulse	5	2455898	16225	2
1110	120	Picture	10	2457744	0	1	4144	2	0	4000	other	0
1110	121	Pulse	5	2475898	84	2
1110	121	Pulse	5	2495897	20083	2
1110	122	Picture	30	2500848	0	1	4145	2	0	4000	other	0
1110	122	Pulse	5	2515887	15039	2
1110	123	Picture	30	2518919	0	1	4145	2	0	4000	other	0
1110	123	Pulse	5	2535887	16968	1
1110	124	Picture	30	2536990	0	1	4145	2	0	4000	other	0
1110	125	Picture	31	2555061	0	1	4144	3	0	4000	hit	262
1110	125	Pulse	5	2555886	825	2
1110	125	Response	1	2558926	3865	2
1110	126	Picture	31	2573132	0	1	4144	2	0	4000	hit	265
1110	126	Pulse	5	2575876	2744	2
1110	126	Response	1	2578116	4984	2
1110	127	Picture	30	2591202	0	2	4145	3	0	4000	other	0
1110	127	Pulse	5	2595875	4673	3
1110	128	Picture	30	2609273	0	1	4145	2	0	4000	other	0
1110	128	Pulse	5	2615875	6602	3
1110	129	Picture	30	2627344	0	1	4145	2	0	4000	other	0
1110	129	Pulse	5	2635865	8521	2
1110	130	Picture	31	2645414	0	2	4146	3	0	4000	hit	273
1110	130	Response	1	2649625	4211	1
1110	130	Pulse	5	2655864	10450	2
1110	131	Picture	30	2663486	0	1	4144	3	0	4000	other	0
1110	131	Pulse	5	2675864	12378	2
1110	132	Picture	30	2681556	0	2	4145	3	0	4000	other	0
1110	132	Pulse	5	2695854	14298	1
1110	133	Picture	30	2699627	0	2	4145	3	0	4000	false_alarm	280
1110	133	Response	1	2703534	3907	1
1110	133	Pulse	5	2716013	16386	2
1110	134	Picture	30	2717698	0	1	4145	2	0	4000	other	0
1110	135	Picture	31	2735769	0	1	4145	2	0	4000	hit	285
1110	135	Pulse	5	2736013	244	2
1110	135	Response	1	2740173	4404	2
1110	136	Picture	30	2753840	0	1	4144	3	0	4000	false_alarm	288
1110	136	Pulse	5	2756003	2163	1
1110	136	Response	1	2763202	9362	2
1110	137	Picture	30	2771911	0	1	4144	3	0	4000	false_alarm	291
1110	137	Pulse	5	2776002	4091	2
1110	137	Response	1	2778402	6491	2
