Scenario - 1-back
Logfile written - 03/27/2015 19:31:50

Subject	Trial	Event Type	Code	Time	TTime	Uncertainty	Duration	Uncertainty	ReqTime	ReqDur	Stim Type	Pair Index

1110	1	Pulse	5	169566	179419	2
1110	2	Pulse	5	189555	19862	2
1110	3	Picture	10	194728	0	1	4145	2	0	4000	other	0
1110	3	Pulse	5	209555	14827	2
1110	4	Picture	10	212799	0	1	4144	3	0	4000	other	0
1110	4	Pulse	5	229555	16756	2
1110	5	Picture	11	230870	0	1	4144	2	0	4000	hit	8
1110	5	Response	1	234984	4114	3
1110	6	Picture	10	248940	0	2	4145	3	0	4000	other	0
1110	6	Pulse	5	249544	604	2
1110	7	Picture	11	267011	0	1	4145	2	0	4000	hit	13
1110	7	Pulse	5	269544	2533	2
1110	7	Response	1	270984	3973	2
1110	8	Picture	10	285082	0	1	4145	2	0	4000	other	0
1110	8	Pulse	5	289543	4461	3
1110	9	Picture	10	303153	0	1	4144	3	0	4000	other	0
1110	9	Pulse	5	309533	6380	3
1110	10	Picture	10	321224	0	1	4144	3	0	4000	other	0
1110	10	Pulse	5	329533	8309	2
1110	11	Picture	11	339294	0	2	4145	3	0	4000	hit	21
1110	11	Response	1	342972	3678	3
1110	11	Pulse	5	349532	10238	2
1110	12	Picture	10	357365	0	2	4145	3	0	4000	other	0
1110	12	Pulse	5	369522	12157	3
1110	13	Picture	10	375436	0	1	4145	2	0	4000	other	0
1110	13	Pulse	5	389521	14085	3
1110	14	Picture	11	393507	0	1	4145	2	0	4000	hit	28
1110	14	Response	1	397841	4334	3
1110	14	Pulse	5	409521	16014	3
1110	15	Picture	10	411578	0	1	4145	2	0	4000	other	0
1110	15	Pulse	5	429511	17933	2
1110	16	Picture	10	429649	0	1	4144	3	0	4000	other	0
1110	17	Picture	10	447719	0	2	4145	3	0	4000	other	0
1110	17	Pulse	5	449510	1791	3
1110	18	Picture	10	465790	0	2	4145	3	0	4000	other	0
1110	18	Pulse	5	469510	3720	2
1110	19	Pulse	5	489500	5639	2
1110	20	Picture	30	508895	0	1	4144	3	0	4000	other	0
1110	20	Pulse	5	509499	604	3
1110	21	Picture	30	526966	0	1	4145	2	0	4000	other	0
1110	21	Pulse	5	529499	2533	2
1110	22	Picture	31	545037	0	1	4144	3	0	4000	hit	43
1110	22	Response	1	549008	3971	3
1110	22	Pulse	5	549488	4451	3
1110	23	Picture	30	563107	0	2	4145	3	0	4000	other	0
1110	23	Pulse	5	569488	6381	2
1110	24	Picture	30	581178	0	1	4145	2	0	4000	other	0
1110	24	Pulse	5	589488	8310	2
1110	25	Picture	30	599249	0	1	4145	2	0	4000	other	0
1110	25	Pulse	5	609477	10228	3
1110	26	Picture	31	617320	0	1	4145	2	0	4000	hit	52
1110	26	Response	1	620997	3677	2
1110	26	Pulse	5	629477	12157	2
1110	27	Picture	31	635391	0	1	4144	3	0	4000	hit	55
1110	27	Response	1	642437	7046	2
1110	27	Pulse	5	649477	14086	2
1110	28	Picture	30	653462	0	1	4144	3	0	4000	other	0
1110	28	Pulse	5	669626	16164	3
1110	29	Picture	30	671532	0	2	4145	3	0	4000	other	0
1110	30	Picture	30	689603	0	1	4145	2	0	4000	other	0
1110	30	Pulse	5	689626	23	2
1110	31	Picture	31	707674	0	1	4145	2	0	4000	hit	64
1110	31	Pulse	5	709625	1951	3
1110	31	Response	1	711375	3701	3
1110	32	Picture	30	725745	0	1	4145	2	0	4000	other	0
1110	32	Pulse	5	729615	3870	2
1110	33	Picture	30	743816	0	1	4144	3	0	4000	other	0
1110	33	Pulse	5	749615	5799	2
1110	34	Picture	30	761887	0	1	4144	2	0	4000	other	0
1110	34	Pulse	5	769614	7727	3
1110	35	Picture	30	779957	0	2	4145	3	0	4000	other	0
1110	35	Pulse	5	789604	9647	2
1110	36	Pulse	5	809604	11576	2
1110	37	Picture	10	823062	0	1	4145	2	0	4000	other	0
1110	37	Pulse	5	829603	6541	2
1110	38	Picture	10	841133	0	1	4145	2	0	4000	other	0
1110	38	Pulse	5	849593	8460	3
1110	39	Picture	11	859204	0	1	4144	3	0	4000	hit	79
1110	39	Response	1	863033	3829	3
1110	39	Pulse	5	869592	10388	4
1110	40	Picture	10	877275	0	1	4144	2	0	4000	other	0
1110	40	Pulse	5	889582	12307	2
1110	41	Picture	11	895345	0	2	4145	3	0	4000	hit	84
1110	41	Response	1	901742	6397	2
1110	41	Pulse	5	909582	14237	2
1110	42	Picture	10	913416	0	1	4145	2	0	4000	other	0
1110	42	Pulse	5	929581	16165	3
1110	43	Picture	10	931487	0	1	4145	2	0	4000	other	0
1110	44	Picture	10	949558	0	1	4144	3	0	4000	other	0
1110	44	Pulse	5	949571	13	3
1110	45	Picture	11	967629	0	1	4144	3	0	4000	hit	93
1110	45	Pulse	5	969571	1942	2
1110	45	Response	1	971651	4022	2
1110	46	Picture	10	985700	0	1	4144	2	0	4000	other	0
1110	46	Pulse	5	989570	3870	2
1110	47	Picture	10	1003770	0	2	4145	3	0	4000	other	0
1110	47	Pulse	5	1009560	5790	2
1110	48	Picture	11	1021841	0	1	4145	2	0	4000	hit	99
1110	48	Response	1	1026359	4518	3
1110	48	Pulse	5	1029559	7718	3
1110	49	Picture	10	1039912	0	1	4145	2	0	4000	other	0
1110	49	Pulse	5	1049559	9647	2
1110	50	Picture	10	1057983	0	1	4144	3	0	4000	other	0
1110	50	Pulse	5	1069549	11566	2
1110	51	Picture	10	1076054	0	1	4144	3	0	4000	other	0
1110	51	Pulse	5	1089548	13494	3
1110	52	Picture	10	1094124	0	2	4145	3	0	4000	other	0
1110	52	Pulse	5	1109548	15424	2
1110	53	Pulse	5	1129538	17343	2
1110	54	Picture	20	1137229	0	1	4145	2	0	4000	other	0
1110	54	Pulse	5	1149537	12308	3
1110	55	Picture	20	1155300	0	1	4145	2	0	4000	other	0
1110	55	Pulse	5	1169537	14237	2
1110	56	Picture	21	1173371	0	1	4145	2	0	4000	hit	115
1110	56	Response	1	1177377	4006	2
1110	56	Pulse	5	1189526	16155	3
1110	57	Picture	20	1191442	0	1	4144	3	0	4000	other	0
1110	58	Picture	20	1209512	0	2	4145	3	0	4000	other	0
1110	58	Pulse	5	1209526	14	3
1110	59	Picture	20	1227583	0	2	4145	3	0	4000	other	0
1110	59	Pulse	5	1229526	1943	2
1110	60	Picture	21	1245654	0	1	4145	2	0	4000	hit	124
1110	60	Pulse	5	1249515	3861	3
1110	60	Response	1	1249675	4021	3
1110	61	Picture	20	1263725	0	1	4145	2	0	4000	other	0
1110	61	Pulse	5	1269515	5790	2
1110	62	Picture	20	1281796	0	1	4145	2	0	4000	other	0
1110	62	Pulse	5	1289515	7719	2
1110	63	Picture	20	1299867	0	1	4144	2	0	4000	other	0
1110	63	Pulse	5	1309504	9637	3
1110	64	Picture	20	1317937	0	2	4145	3	0	4000	false_alarm	132
1110	64	Response	1	1321824	3887	3
1110	64	Pulse	5	1329504	11567	3
1110	65	Picture	20	1336008	0	2	4145	3	0	4000	false_alarm	135
1110	65	Response	1	1341024	5016	3
1110	65	Pulse	5	1349503	13495	3
1110	66	Picture	21	1354079	0	1	4144	3	0	4000	miss	0
1110	66	Pulse	5	1369493	15414	2
1110	67	Picture	20	1372150	0	1	4145	2	0	4000	other	0
1110	67	Pulse	5	1389493	17343	2
1110	68	Picture	20	1390221	0	1	4144	3	0	4000	other	0
1110	69	Picture	21	1408292	0	1	4144	3	0	4000	hit	144
1110	69	Pulse	5	1409492	1200	3
1110	69	Response	1	1412692	4400	2
1110	70	Pulse	5	1429482	3120	2
1110	70	Pulse	5	1449482	23120	2
1110	71	Picture	10	1451396	0	2	4145	3	0	4000	other	0
1110	72	Picture	10	1469467	0	1	4145	2	0	4000	other	0
1110	72	Pulse	5	1469481	14	3
1110	73	Picture	11	1487538	0	1	4145	2	0	4000	hit	152
1110	73	Pulse	5	1489471	1933	2
1110	73	Response	1	1491711	4173	2
1110	74	Picture	10	1505609	0	1	4144	3	0	4000	other	0
1110	74	Pulse	5	1509470	3861	3
1110	75	Picture	11	1523680	0	1	4144	3	0	4000	hit	156
1110	75	Response	1	1527870	4190	2
1110	75	Pulse	5	1529470	5790	2
1110	76	Picture	10	1541750	0	2	4145	3	0	4000	other	0
1110	76	Pulse	5	1549460	7710	2
1110	77	Picture	10	1559821	0	1	4145	2	0	4000	other	0
1110	77	Pulse	5	1569459	9638	3
1110	78	Picture	11	1577892	0	1	4145	2	0	4000	hit	163
1110	78	Response	1	1581779	3887	2
1110	78	Pulse	5	1589459	11567	2
1110	79	Picture	10	1595963	0	1	4145	2	0	4000	other	0
1110	79	Pulse	5	1609449	13486	2
1110	80	Picture	10	1614034	0	1	4144	3	0	4000	other	0
1110	80	Pulse	5	1629448	15414	2
1110	81	Picture	10	1632104	0	2	4145	3	0	4000	other	0
1110	81	Pulse	5	1649448	17344	2
1110	82	Picture	10	1650175	0	2	4145	3	0	4000	other	0
1110	83	Picture	10	1668246	0	1	4145	2	0	4000	other	0
1110	83	Pulse	5	1669437	1191	3
1110	84	Picture	11	1686317	0	1	4145	2	0	4000	hit	176
1110	84	Pulse	5	1689437	3120	2
1110	84	Response	1	1690237	3920	2
1110	85	Picture	10	1704388	0	1	4145	2	0	4000	other	0
1110	85	Pulse	5	1709597	5209	2
1110	86	Picture	10	1722459	0	1	4144	3	0	4000	other	0
1110	86	Pulse	5	1729586	7127	3
1110	87	Pulse	5	1749586	9057	2
1110	88	Picture	30	1765563	0	2	4145	3	0	4000	other	0
1110	88	Pulse	5	1769586	4023	2
1110	89	Picture	30	1783634	0	1	4145	2	0	4000	other	0
1110	89	Pulse	5	1789575	5941	3
1110	90	Picture	30	1801705	0	1	4145	2	0	4000	other	0
1110	90	Pulse	5	1809575	7870	3
1110	91	Picture	31	1819776	0	1	4145	2	0	4000	hit	189
1110	91	Response	1	1823495	3719	3
1110	91	Pulse	5	1829574	9798	3
1110	92	Picture	31	1837847	0	1	4144	3	0	4000	hit	192
1110	92	Response	1	1841734	3887	3
1110	92	Pulse	5	1849564	11717	2
1110	93	Picture	30	1855917	0	2	4145	3	0	4000	other	0
1110	93	Pulse	5	1869564	13647	2
1110	94	Picture	30	1873988	0	2	4145	3	0	4000	other	0
1110	94	Pulse	5	1889563	15575	3
1110	95	Picture	30	1892059	0	1	4145	2	0	4000	other	0
1110	95	Pulse	5	1909553	17494	2
1110	96	Picture	31	1910130	0	1	4145	2	0	4000	hit	201
1110	96	Response	1	1914033	3903	2
1110	97	Picture	30	1928201	0	1	4144	3	0	4000	other	0
1110	97	Pulse	5	1929553	1352	2
1110	98	Picture	30	1946272	0	1	4144	2	0	4000	other	0
1110	98	Pulse	5	1949552	3280	2
1110	99	Picture	30	1964342	0	2	4145	3	0	4000	other	0
1110	99	Pulse	5	1969542	5200	2
1110	100	Picture	30	1982413	0	1	4145	2	0	4000	other	0
1110	100	Pulse	5	1989541	7128	3
1110	101	Picture	31	2000484	0	1	4145	2	0	4000	hit	211
1110	101	Response	1	2004101	3617	2
1110	101	Pulse	5	2009541	9057	2
1110	102	Picture	30	2018555	0	1	4145	2	0	4000	other	0
1110	102	Pulse	5	2029531	10976	2
1110	103	Picture	30	2036626	0	1	4144	3	0	4000	other	0
1110	103	Pulse	5	2049530	12904	3
1110	104	Pulse	5	2069530	14833	2
1110	105	Picture	10	2079730	0	2	4145	3	0	4000	other	0
1110	105	Pulse	5	2089520	9790	2
1110	106	Picture	10	2097801	0	2	4145	3	0	4000	other	0
1110	106	Pulse	5	2109519	11718	2
1110	107	Picture	11	2115872	0	1	4145	2	0	4000	hit	223
1110	107	Response	1	2119439	3567	2
1110	107	Pulse	5	2129519	13647	2
1110	108	Picture	10	2133943	0	1	4145	2	0	4000	other	0
1110	108	Pulse	5	2149508	15565	3
1110	109	Picture	11	2152014	0	1	4144	3	0	4000	hit	228
1110	109	Response	1	2156708	4694	3
1110	109	Pulse	5	2169508	17494	2
1110	110	Picture	10	2170085	0	1	4144	3	0	4000	other	0
1110	111	Picture	10	2188155	0	2	4145	3	0	4000	other	0
1110	111	Pulse	5	2189508	1353	2
1110	112	Picture	11	2206226	0	1	4145	2	0	4000	hit	235
1110	112	Pulse	5	2209497	3271	3
1110	112	Response	1	2210457	4231	3
1110	113	Picture	10	2224297	0	1	4145	2	0	4000	other	0
1110	113	Pulse	5	2229497	5200	2
1110	114	Picture	10	2242368	0	1	4145	2	0	4000	other	0
1110	114	Pulse	5	2249497	7129	2
1110	115	Picture	10	2260439	0	1	4144	3	0	4000	other	0
1110	115	Pulse	5	2269486	9047	3
1110	116	Picture	10	2278510	0	1	4144	2	0	4000	other	0
1110	116	Pulse	5	2289486	10976	3
1110	117	Picture	10	2296580	0	2	4145	3	0	4000	other	0
1110	117	Pulse	5	2309485	12905	3
1110	118	Picture	11	2314651	0	1	4145	2	0	4000	hit	247
1110	118	Response	1	2318925	4274	3
1110	118	Pulse	5	2329475	14824	2
1110	119	Picture	10	2332722	0	1	4145	2	0	4000	other	0
1110	119	Pulse	5	2349475	16753	2
1110	120	Picture	10	2350793	0	1	4144	3	0	4000	other	0
1110	121	Pulse	5	2369474	610	2
1110	121	Pulse	5	2389464	20600	2
1110	122	Picture	20	2393898	0	1	4144	2	0	4000	other	0
1110	122	Pulse	5	2409464	15566	2
1110	123	Picture	20	2411968	0	2	4145	3	0	4000	other	0
1110	123	Pulse	5	2429463	17495	2
1110	124	Picture	20	2430039	0	1	4145	2	0	4000	other	0
1110	125	Picture	21	2448110	0	1	4145	2	0	4000	hit	261
1110	125	Pulse	5	2449453	1343	2
1110	125	Response	1	2451693	3583	2
1110	126	Picture	20	2466181	0	1	4145	2	0	4000	other	0
1110	126	Pulse	5	2469452	3271	3
1110	127	Picture	20	2484252	0	1	4144	3	0	4000	other	0
1110	127	Pulse	5	2489452	5200	2
1110	128	Picture	21	2502322	0	2	4145	3	0	4000	hit	267
1110	128	Response	1	2506722	4400	2
1110	128	Pulse	5	2509442	7120	2
1110	129	Picture	20	2520393	0	2	4145	3	0	4000	other	0
1110	129	Pulse	5	2529441	9048	3
1110	130	Picture	20	2538464	0	1	4145	2	0	4000	other	0
1110	130	Pulse	5	2549441	10977	2
1110	131	Picture	20	2556535	0	1	4145	2	0	4000	other	0
1110	131	Pulse	5	2569430	12895	3
1110	132	Picture	21	2574606	0	1	4144	3	0	4000	hit	276
1110	132	Response	1	2578870	4264	3
1110	132	Pulse	5	2589430	14824	2
1110	133	Picture	20	2592677	0	1	4144	3	0	4000	other	0
1110	133	Pulse	5	2609430	16753	2
1110	134	Picture	20	2610747	0	2	4145	3	0	4000	other	0
1110	135	Picture	21	2628818	0	2	4145	3	0	4000	miss	0
1110	135	Pulse	5	2629419	601	3
1110	136	Picture	20	2646889	0	1	4145	2	0	4000	other	0
1110	136	Pulse	5	2649419	2530	3
1110	137	Picture	20	2664960	0	1	4145	2	0	4000	other	0
1110	137	Pulse	5	2669419	4459	2
