Scenario - 1-back
Logfile written - 04/02/2015 14:18:18

Subject	Trial	Event Type	Code	Time	TTime	Uncertainty	Duration	Uncertainty	ReqTime	ReqDur	Stim Type	Pair Index

1111	1	Pulse	5	233780	243614	2
1111	2	Pulse	5	253780	19910	1
1111	3	Picture	10	258904	0	1	4144	3	0	4000	other	0
1111	3	Pulse	5	273779	14875	2
1111	4	Picture	10	276974	0	2	4145	3	0	4000	other	0
1111	4	Pulse	5	293768	16794	2
1111	5	Picture	11	295045	0	1	4145	2	0	4000	hit	8
1111	5	Response	1	298568	3523	2
1111	6	Picture	10	313116	0	1	4144	3	0	4000	other	0
1111	6	Pulse	5	313768	652	2
1111	7	Picture	11	331186	0	2	4145	3	0	4000	hit	13
1111	7	Pulse	5	333767	2581	2
1111	7	Response	1	334887	3701	2
1111	8	Picture	10	349257	0	1	4145	2	0	4000	other	0
1111	8	Pulse	5	353757	4500	2
1111	9	Picture	10	367328	0	1	4144	3	0	4000	other	0
1111	9	Pulse	5	373756	6428	2
1111	10	Picture	10	385398	0	2	4145	3	0	4000	other	0
1111	10	Pulse	5	393756	8358	1
1111	11	Picture	11	403469	0	1	4145	2	0	4000	hit	21
1111	11	Response	1	407025	3556	2
1111	11	Pulse	5	413745	10276	2
1111	12	Picture	10	421540	0	1	4144	3	0	4000	other	0
1111	12	Pulse	5	433744	12204	2
1111	13	Picture	10	439610	0	1	4145	2	0	4000	other	0
1111	13	Pulse	5	453744	14134	2
1111	14	Picture	11	457681	0	1	4145	2	0	4000	hit	28
1111	14	Response	1	461424	3743	1
1111	14	Pulse	5	473733	16052	2
1111	15	Picture	10	475752	0	1	4144	2	0	4000	other	0
1111	15	Pulse	5	493733	17981	2
1111	16	Picture	10	493822	0	2	4145	3	0	4000	other	0
1111	17	Picture	10	511893	0	1	4145	2	0	4000	other	0
1111	17	Pulse	5	513732	1839	2
1111	18	Picture	10	529964	0	1	4144	2	0	4000	other	0
1111	18	Pulse	5	533722	3758	1
1111	19	Pulse	5	553721	5687	2
1111	20	Picture	30	573068	0	1	4145	2	0	4000	other	0
1111	20	Pulse	5	573720	652	3
1111	21	Picture	30	591139	0	1	4144	2	0	4000	other	0
1111	21	Pulse	5	593710	2571	2
1111	22	Picture	31	609209	0	1	4145	2	0	4000	hit	44
1111	22	Pulse	5	613709	4500	2
1111	22	Response	1	615629	6420	2
1111	23	Picture	30	627280	0	1	4145	2	0	4000	other	0
1111	23	Pulse	5	633709	6429	2
1111	24	Picture	30	645351	0	1	4144	2	0	4000	other	0
1111	24	Pulse	5	653698	8347	2
1111	25	Picture	30	663421	0	1	4145	2	0	4000	other	0
1111	25	Pulse	5	673698	10277	2
1111	26	Picture	31	681492	0	1	4144	3	0	4000	hit	52
1111	26	Response	1	684897	3405	3
1111	26	Pulse	5	693697	12205	2
1111	27	Picture	31	699562	0	2	4145	3	0	4000	hit	55
1111	27	Response	1	703927	4365	2
1111	27	Pulse	5	713687	14125	1
1111	28	Picture	30	717633	0	7	4145	8	0	4000	other	0
1111	28	Pulse	5	733686	16053	2
1111	29	Picture	30	735704	0	1	4144	3	0	4000	other	0
1111	29	Pulse	5	753685	17981	2
1111	30	Picture	30	753775	0	1	4144	2	0	4000	other	0
1111	31	Picture	31	771845	0	1	4145	2	0	4000	hit	64
1111	31	Pulse	5	773675	1830	2
1111	31	Response	1	775435	3590	2
1111	32	Picture	30	789916	0	1	4144	3	0	4000	other	0
1111	32	Pulse	5	793674	3758	3
1111	33	Picture	30	807986	0	2	4145	3	0	4000	other	0
1111	33	Pulse	5	813674	5688	2
1111	34	Picture	30	826057	0	1	4145	2	0	4000	other	0
1111	34	Pulse	5	833663	7606	2
1111	35	Picture	30	844128	0	1	4144	3	0	4000	false_alarm	72
1111	35	Response	1	848703	4575	2
1111	35	Pulse	5	853663	9535	2
1111	36	Pulse	5	873662	11464	2
1111	37	Picture	10	887232	0	1	4145	2	0	4000	other	0
1111	37	Pulse	5	893651	6419	2
1111	38	Picture	10	905303	0	1	4144	3	0	4000	other	0
1111	38	Pulse	5	913651	8348	2
1111	39	Picture	11	923373	0	2	4145	3	0	4000	hit	80
1111	39	Response	1	927251	3878	1
1111	39	Pulse	5	933650	10277	2
1111	40	Picture	10	941444	0	1	4145	2	0	4000	other	0
1111	40	Pulse	5	953640	12196	2
1111	41	Picture	11	959515	0	1	4144	3	0	4000	hit	85
1111	41	Response	1	963720	4205	1
1111	41	Pulse	5	973639	14124	2
1111	42	Picture	10	977585	0	2	4145	3	0	4000	other	0
1111	42	Pulse	5	993639	16054	1
1111	43	Picture	10	995656	0	1	4145	2	0	4000	other	0
1111	44	Picture	10	1013727	0	1	4144	3	0	4000	other	0
1111	44	Pulse	5	1013788	61	2
1111	45	Picture	11	1031797	0	2	4145	3	0	4000	hit	94
1111	45	Pulse	5	1033787	1990	2
1111	45	Response	1	1036188	4391	1
1111	46	Picture	10	1049868	0	1	4145	2	0	4000	other	0
1111	46	Pulse	5	1053787	3919	2
1111	47	Picture	10	1067939	0	1	4144	3	0	4000	other	0
1111	47	Pulse	5	1073776	5837	2
1111	48	Picture	11	1086009	0	2	4145	3	0	4000	hit	100
1111	48	Response	1	1090256	4247	2
1111	48	Pulse	5	1093776	7767	2
1111	49	Picture	10	1104080	0	1	4145	2	0	4000	other	0
1111	49	Pulse	5	1113775	9695	2
1111	50	Picture	10	1122151	0	1	4144	2	0	4000	other	0
1111	50	Pulse	5	1133765	11614	2
1111	51	Picture	10	1140221	0	2	4145	3	0	4000	other	0
1111	51	Pulse	5	1153764	13543	2
1111	52	Picture	10	1158292	0	1	4145	2	0	4000	other	0
1111	52	Pulse	5	1173764	15472	1
1111	53	Pulse	5	1193753	17390	2
1111	54	Picture	20	1201396	0	1	4145	2	0	4000	other	0
1111	54	Pulse	5	1213752	12356	2
1111	55	Picture	20	1219467	0	1	4145	2	0	4000	other	0
1111	55	Pulse	5	1233752	14285	2
1111	56	Picture	21	1237538	0	1	4144	2	0	4000	hit	116
1111	56	Response	1	1240952	3414	2
1111	56	Pulse	5	1253741	16203	2
1111	57	Picture	20	1255608	0	1	4145	2	0	4000	other	0
1111	58	Picture	20	1273679	0	1	4144	3	0	4000	other	0
1111	58	Pulse	5	1273741	62	2
1111	59	Picture	20	1291750	0	1	4144	2	0	4000	other	0
1111	59	Pulse	5	1293740	1990	2
1111	60	Picture	21	1309820	0	1	4145	2	0	4000	hit	124
1111	60	Response	1	1313250	3430	1
1111	60	Pulse	5	1313730	3910	1
1111	61	Picture	20	1327891	0	1	4144	3	0	4000	other	0
1111	61	Pulse	5	1333729	5838	2
1111	62	Picture	20	1345962	0	1	4144	2	0	4000	other	0
1111	62	Pulse	5	1353728	7766	2
1111	63	Picture	20	1364032	0	1	4145	2	0	4000	other	0
1111	63	Pulse	5	1373718	9686	2
1111	64	Picture	20	1382103	0	1	4144	3	0	4000	other	0
1111	64	Pulse	5	1393717	11614	2
1111	65	Picture	20	1400173	0	2	4145	3	0	4000	other	0
1111	65	Pulse	5	1413718	13545	1
1111	66	Picture	21	1418244	0	1	4145	2	0	4000	hit	137
1111	66	Response	1	1422027	3783	1
1111	66	Pulse	5	1433706	15462	2
1111	67	Picture	20	1436315	0	1	4144	3	0	4000	other	0
1111	67	Pulse	5	1453706	17391	1
1111	68	Picture	20	1454385	0	2	4145	3	0	4000	other	0
1111	69	Picture	21	1472456	0	1	4145	2	0	4000	hit	144
1111	69	Pulse	5	1473705	1249	2
1111	69	Response	1	1475625	3169	2
1111	70	Pulse	5	1493695	3168	2
1111	70	Pulse	5	1513694	23167	2
1111	71	Picture	10	1515560	0	2	4145	3	0	4000	other	0
1111	72	Picture	10	1533631	0	1	4145	2	0	4000	other	0
1111	72	Pulse	5	1533693	62	2
1111	73	Picture	11	1551702	0	1	4144	3	0	4000	hit	152
1111	73	Pulse	5	1553683	1981	2
1111	73	Response	1	1555923	4221	2
1111	74	Picture	10	1569772	0	2	4145	3	0	4000	other	0
1111	74	Pulse	5	1573682	3910	2
1111	75	Picture	11	1587843	0	1	4145	2	0	4000	hit	156
1111	75	Response	1	1591762	3919	2
1111	75	Pulse	5	1593682	5839	2
1111	76	Picture	10	1605914	0	1	4144	3	0	4000	other	0
1111	76	Pulse	5	1613671	7757	3
1111	77	Picture	10	1623984	0	2	4145	3	0	4000	other	0
1111	77	Pulse	5	1633671	9687	2
1111	78	Picture	11	1642055	0	1	4145	2	0	4000	hit	163
1111	78	Response	1	1645990	3935	3
1111	78	Pulse	5	1653670	11615	3
1111	79	Picture	10	1660126	0	1	4144	3	0	4000	other	0
1111	79	Pulse	5	1673659	13533	2
1111	80	Picture	10	1678196	0	2	4145	3	0	4000	other	0
1111	80	Pulse	5	1693659	15463	2
1111	81	Picture	10	1696267	0	1	4145	2	0	4000	other	0
1111	81	Pulse	5	1713658	17391	2
1111	82	Picture	10	1714338	0	1	4144	2	0	4000	other	0
1111	83	Picture	10	1732408	0	2	4145	3	0	4000	other	0
1111	83	Pulse	5	1733648	1240	2
1111	84	Picture	11	1750479	0	1	4145	2	0	4000	hit	176
1111	84	Pulse	5	1753647	3168	2
1111	84	Response	1	1754607	4128	2
1111	85	Picture	10	1768550	0	1	4144	2	0	4000	other	0
1111	85	Pulse	5	1773647	5097	1
1111	86	Picture	10	1786620	0	1	4145	2	0	4000	other	0
1111	86	Pulse	5	1793636	7016	2
1111	87	Pulse	5	1813636	8945	1
1111	88	Picture	30	1829725	0	1	4144	2	0	4000	other	0
1111	88	Pulse	5	1833635	3910	2
1111	89	Picture	30	1847795	0	1	4145	2	0	4000	other	0
1111	89	Pulse	5	1853624	5829	3
1111	90	Picture	30	1865866	0	1	4144	3	0	4000	other	0
1111	90	Pulse	5	1873624	7758	2
1111	91	Picture	31	1883936	0	2	4145	3	0	4000	hit	189
1111	91	Response	1	1887223	3287	2
1111	91	Pulse	5	1893623	9687	2
1111	92	Picture	31	1902007	0	1	4145	2	0	4000	hit	192
1111	92	Response	1	1905773	3766	2
1111	92	Pulse	5	1913613	11606	2
1111	93	Picture	30	1920078	0	1	4144	3	0	4000	other	0
1111	93	Pulse	5	1933612	13534	2
1111	94	Picture	30	1938148	0	2	4145	3	0	4000	other	0
1111	94	Pulse	5	1953612	15464	1
1111	95	Picture	30	1956219	0	1	4145	2	0	4000	other	0
1111	95	Pulse	5	1973601	17382	2
1111	96	Picture	31	1974290	0	1	4144	3	0	4000	hit	201
1111	96	Response	1	1977601	3311	3
1111	97	Picture	30	1992360	0	2	4145	3	0	4000	other	0
1111	97	Pulse	5	1993600	1240	2
1111	98	Picture	30	2010431	0	1	4145	2	0	4000	other	0
1111	98	Pulse	5	2013600	3169	2
1111	99	Picture	30	2028502	0	1	4144	3	0	4000	other	0
1111	99	Pulse	5	2033589	5087	2
1111	100	Picture	30	2046572	0	2	4145	3	0	4000	other	0
1111	100	Pulse	5	2053749	7177	2
1111	101	Picture	31	2064643	0	1	4145	2	0	4000	hit	211
1111	101	Response	1	2067988	3345	3
1111	101	Pulse	5	2073748	9105	2
1111	102	Picture	30	2082714	0	1	4144	3	0	4000	other	0
1111	102	Pulse	5	2093738	11024	1
1111	103	Picture	30	2100784	0	2	4145	3	0	4000	other	0
1111	103	Pulse	5	2113737	12953	2
1111	104	Pulse	5	2133736	14881	2
1111	105	Picture	10	2143889	0	1	4144	3	0	4000	other	0
1111	105	Pulse	5	2153726	9837	2
1111	106	Picture	10	2161959	0	2	4145	3	0	4000	other	0
1111	106	Pulse	5	2173725	11766	2
1111	107	Picture	11	2180030	0	1	4144	3	0	4000	hit	223
1111	107	Response	1	2183645	3615	2
1111	107	Pulse	5	2193725	13695	2
1111	108	Picture	10	2198101	0	1	4144	3	0	4000	other	0
1111	108	Pulse	5	2213714	15613	2
1111	109	Picture	11	2216171	0	2	4145	3	0	4000	hit	228
1111	109	Response	1	2220274	4103	2
1111	109	Pulse	5	2233714	17543	2
1111	110	Picture	10	2234242	0	1	4145	2	0	4000	other	0
1111	111	Picture	10	2252313	0	1	4144	3	0	4000	other	0
1111	111	Pulse	5	2253713	1400	3
1111	112	Picture	11	2270383	0	2	4145	3	0	4000	hit	235
1111	112	Pulse	5	2273703	3320	2
1111	112	Response	1	2274023	3640	1
1111	113	Picture	10	2288454	0	1	4144	3	0	4000	other	0
1111	113	Pulse	5	2293702	5248	2
1111	114	Picture	10	2306525	0	1	4144	2	0	4000	other	0
1111	114	Pulse	5	2313701	7176	2
1111	115	Picture	10	2324595	0	1	4145	2	0	4000	other	0
1111	115	Pulse	5	2333691	9096	2
1111	116	Picture	10	2342666	0	1	4144	3	0	4000	other	0
1111	116	Pulse	5	2353690	11024	2
1111	117	Picture	10	2360737	0	1	4144	2	0	4000	other	0
1111	117	Pulse	5	2373690	12953	2
1111	118	Picture	11	2378807	0	1	4145	2	0	4000	hit	247
1111	118	Response	1	2383919	5112	2
1111	118	Pulse	5	2393679	14872	2
1111	119	Picture	10	2396878	0	1	4145	2	0	4000	other	0
1111	119	Pulse	5	2413679	16801	2
1111	120	Picture	10	2414949	0	1	4144	2	0	4000	other	0
1111	121	Pulse	5	2433678	659	2
1111	121	Pulse	5	2453667	20648	2
1111	122	Picture	20	2458053	0	1	4144	3	0	4000	other	0
1111	122	Pulse	5	2473667	15614	2
1111	123	Picture	20	2476123	0	2	4145	3	0	4000	other	0
1111	123	Pulse	5	2493666	17543	2
1111	124	Picture	20	2494194	0	1	4145	2	0	4000	other	0
1111	125	Picture	21	2512265	0	1	4145	2	0	4000	hit	261
1111	125	Pulse	5	2513656	1391	2
1111	125	Response	1	2515576	3311	2
1111	126	Picture	20	2530336	0	1	4144	2	0	4000	other	0
1111	126	Pulse	5	2533655	3319	2
1111	127	Picture	20	2548406	0	1	4145	2	0	4000	other	0
1111	127	Pulse	5	2553655	5249	1
1111	128	Picture	21	2566477	0	1	4145	2	0	4000	hit	267
1111	128	Response	1	2570444	3967	2
1111	128	Pulse	5	2573644	7167	2
1111	129	Picture	20	2584547	0	2	4145	3	0	4000	other	0
1111	129	Pulse	5	2593644	9097	1
1111	130	Picture	20	2602618	0	1	4145	2	0	4000	other	0
1111	130	Pulse	5	2613643	11025	2
1111	131	Picture	20	2620689	0	1	4144	3	0	4000	other	0
1111	131	Pulse	5	2633632	12943	2
1111	132	Picture	21	2638759	0	2	4145	3	0	4000	hit	276
1111	132	Response	1	2642112	3353	2
1111	132	Pulse	5	2653632	14873	2
1111	133	Picture	20	2656830	0	1	4145	2	0	4000	other	0
1111	133	Pulse	5	2673631	16801	2
1111	134	Picture	20	2674901	0	1	4144	3	0	4000	other	0
1111	135	Picture	21	2692971	0	2	4145	3	0	4000	hit	283
1111	135	Pulse	5	2693621	650	2
1111	135	Response	1	2696820	3849	3
1111	136	Picture	20	2711042	0	1	4145	2	0	4000	other	0
1111	136	Pulse	5	2713620	2578	2
1111	137	Picture	20	2729113	0	1	4144	3	0	4000	other	0
1111	137	Pulse	5	2733620	4507	1
