Scenario - 1-back
Logfile written - 04/02/2015 14:03:28

Subject	Trial	Event Type	Code	Time	TTime	Uncertainty	Duration	Uncertainty	ReqTime	ReqDur	Stim Type	Pair Index

1111	1	Response	1	149371	159205	2
1111	1	Pulse	5	287587	297421	2
1111	2	Pulse	5	307586	19836	2
1111	3	Picture	10	312784	0	1	4144	3	0	4000	other	0
1111	3	Pulse	5	327576	14792	2
1111	4	Picture	10	330854	0	2	4145	3	0	4000	other	0
1111	4	Pulse	5	347575	16721	3
1111	5	Picture	11	348924	0	2	4146	3	0	4000	hit	9
1111	5	Response	1	352375	3451	2
1111	6	Picture	10	366996	0	1	4144	2	0	4000	other	0
1111	6	Pulse	5	367575	579	2
1111	7	Picture	11	385066	0	1	4145	2	0	4000	hit	14
1111	7	Pulse	5	387563	2497	3
1111	7	Response	1	388044	2978	2
1111	8	Picture	10	403137	0	1	4144	3	0	4000	other	0
1111	8	Pulse	5	407724	4587	1
1111	9	Picture	10	421207	0	2	4145	3	0	4000	other	0
1111	9	Pulse	5	427713	6506	2
1111	10	Picture	10	439278	0	1	4145	2	0	4000	other	0
1111	10	Pulse	5	447713	8435	2
1111	11	Picture	11	457349	0	1	4144	3	0	4000	hit	22
1111	11	Response	1	460832	3483	2
1111	11	Pulse	5	467712	10363	2
1111	12	Picture	10	475419	0	1	4145	2	0	4000	other	0
1111	12	Pulse	5	487701	12282	2
1111	13	Picture	10	493490	0	1	4145	2	0	4000	other	0
1111	13	Pulse	5	507701	14211	2
1111	14	Picture	11	511561	0	1	4144	2	0	4000	hit	29
1111	14	Response	1	515221	3660	1
1111	14	Pulse	5	527700	16139	3
1111	15	Picture	10	529631	0	1	4145	2	0	4000	other	0
1111	15	Pulse	5	547690	18059	2
1111	16	Picture	10	547702	0	1	4145	2	0	4000	other	0
1111	17	Picture	10	565772	0	2	4145	3	0	4000	other	0
1111	17	Pulse	5	567689	1917	2
1111	18	Picture	10	583843	0	1	4145	2	0	4000	other	0
1111	18	Pulse	5	587689	3846	3
1111	19	Pulse	5	607678	5764	2
1111	20	Picture	20	626947	0	2	4145	3	0	4000	other	0
1111	20	Pulse	5	627677	730	2
1111	21	Picture	20	645018	0	1	4145	2	0	4000	other	0
1111	21	Pulse	5	647678	2660	1
1111	22	Picture	21	663089	0	1	4144	2	0	4000	hit	44
1111	22	Response	1	667036	3947	2
1111	22	Pulse	5	667666	4577	2
1111	23	Picture	20	681159	0	1	4145	2	0	4000	other	0
1111	23	Pulse	5	687666	6507	3
1111	24	Picture	20	699230	0	1	4145	2	0	4000	other	0
1111	24	Pulse	5	707665	8435	2
1111	25	Picture	20	717301	0	1	4144	2	0	4000	other	0
1111	25	Pulse	5	727655	10354	1
1111	26	Picture	21	735371	0	1	4145	2	0	4000	hit	53
1111	26	Response	1	738694	3323	2
1111	26	Pulse	5	747654	12283	3
1111	27	Picture	20	753442	0	1	4144	3	0	4000	other	0
1111	27	Pulse	5	767654	14212	1
1111	28	Picture	20	771512	0	2	4145	3	0	4000	other	0
1111	28	Pulse	5	787643	16131	2
1111	29	Picture	20	789583	0	1	4145	2	0	4000	other	0
1111	29	Pulse	5	807642	18059	2
1111	30	Picture	20	807654	0	1	4144	3	0	4000	other	0
1111	31	Picture	20	825724	0	2	4145	3	0	4000	other	0
1111	31	Pulse	5	827642	1918	2
1111	32	Picture	21	843795	0	1	4145	2	0	4000	hit	66
1111	32	Pulse	5	847631	3836	2
1111	32	Response	1	849551	5756	2
1111	33	Picture	20	861866	0	1	4144	2	0	4000	other	0
1111	33	Pulse	5	867631	5765	2
1111	34	Picture	20	879936	0	1	4145	2	0	4000	other	0
1111	34	Pulse	5	887630	7694	2
1111	35	Picture	21	898007	0	1	4145	2	0	4000	hit	72
1111	35	Response	1	901550	3543	2
1111	35	Pulse	5	907620	9613	2
1111	36	Pulse	5	927619	11542	3
1111	37	Picture	10	941111	0	1	4145	2	0	4000	other	0
1111	37	Pulse	5	947618	6507	2
1111	38	Picture	10	959182	0	1	4144	3	0	4000	other	0
1111	38	Pulse	5	967608	8426	2
1111	39	Picture	11	977252	0	2	4145	3	0	4000	hit	80
1111	39	Response	1	980888	3636	2
1111	39	Pulse	5	987607	10355	2
1111	40	Picture	10	995323	0	1	4145	2	0	4000	other	0
1111	40	Pulse	5	1007607	12284	2
1111	41	Picture	11	1013394	0	1	4144	2	0	4000	hit	85
1111	41	Response	1	1016566	3172	2
1111	41	Pulse	5	1027596	14202	2
1111	42	Picture	10	1031464	0	2	4145	3	0	4000	other	0
1111	42	Pulse	5	1047596	16132	1
1111	43	Picture	10	1049535	0	1	4145	2	0	4000	other	0
1111	43	Pulse	5	1067595	18060	3
1111	44	Picture	10	1067605	0	2	4145	3	0	4000	other	0
1111	45	Picture	11	1085676	0	1	4145	2	0	4000	hit	94
1111	45	Pulse	5	1087585	1909	1
1111	45	Response	1	1089185	3509	1
1111	46	Picture	10	1103747	0	1	4145	2	0	4000	other	0
1111	46	Pulse	5	1107584	3837	2
1111	47	Picture	10	1121817	0	2	4145	3	0	4000	other	0
1111	47	Pulse	5	1127583	5766	2
1111	48	Picture	11	1139888	0	1	4145	2	0	4000	hit	100
1111	48	Response	1	1143903	4015	2
1111	48	Pulse	5	1147573	7685	2
1111	49	Picture	10	1157959	0	1	4144	3	0	4000	other	0
1111	49	Pulse	5	1167572	9613	2
1111	50	Picture	10	1176029	0	2	4145	3	0	4000	other	0
1111	50	Pulse	5	1187572	11543	2
1111	51	Picture	10	1194100	0	1	4145	2	0	4000	other	0
1111	51	Pulse	5	1207561	13461	2
1111	52	Picture	10	1212171	0	1	4144	2	0	4000	other	0
1111	52	Pulse	5	1227561	15390	1
1111	53	Pulse	5	1247560	17319	2
1111	54	Picture	30	1255275	0	1	4145	2	0	4000	other	0
1111	54	Pulse	5	1267549	12274	2
1111	55	Picture	30	1273346	0	1	4144	2	0	4000	other	0
1111	55	Pulse	5	1287549	14203	2
1111	56	Picture	31	1291416	0	1	4145	2	0	4000	hit	116
1111	56	Response	1	1294429	3013	1
1111	56	Pulse	5	1307549	16133	1
1111	57	Picture	30	1309487	0	1	4144	3	0	4000	other	0
1111	57	Pulse	5	1327538	18051	2
1111	58	Picture	30	1327557	0	2	4145	3	0	4000	other	0
1111	59	Picture	30	1345628	0	1	4145	2	0	4000	other	0
1111	59	Pulse	5	1347537	1909	2
1111	60	Picture	31	1363699	0	1	4144	3	0	4000	hit	124
1111	60	Response	1	1367057	3358	2
1111	60	Pulse	5	1367537	3838	1
1111	61	Picture	31	1381769	0	2	4145	3	0	4000	miss	0
1111	61	Pulse	5	1387526	5757	2
1111	62	Picture	30	1399840	0	1	4145	2	0	4000	other	0
1111	62	Pulse	5	1407525	7685	3
1111	63	Picture	30	1417911	0	1	4144	2	0	4000	other	0
1111	63	Pulse	5	1427525	9614	2
1111	64	Picture	30	1435981	0	2	4145	3	0	4000	other	0
1111	64	Pulse	5	1447514	11533	2
1111	65	Picture	31	1454052	0	1	4145	2	0	4000	hit	135
1111	65	Response	1	1459034	4982	2
1111	65	Pulse	5	1467674	13622	2
1111	66	Picture	30	1472123	0	1	4144	2	0	4000	other	0
1111	66	Pulse	5	1487673	15550	2
1111	67	Picture	30	1490193	0	1	4145	2	0	4000	other	0
1111	67	Pulse	5	1507663	17470	3
1111	68	Picture	30	1508264	0	1	4145	2	0	4000	other	0
1111	69	Picture	30	1526335	0	1	4144	2	0	4000	other	0
1111	69	Pulse	5	1527662	1327	2
1111	70	Pulse	5	1547661	3256	3
1111	70	Pulse	5	1567651	23246	3
1111	71	Picture	10	1569439	0	1	4144	3	0	4000	other	0
1111	72	Picture	10	1587509	0	2	4145	3	0	4000	other	0
1111	72	Pulse	5	1587650	141	3
1111	73	Picture	11	1605580	0	1	4145	2	0	4000	hit	151
1111	73	Pulse	5	1607650	2070	2
1111	73	Response	1	1609090	3510	2
1111	74	Picture	10	1623651	0	1	4144	2	0	4000	other	0
1111	74	Pulse	5	1627639	3988	3
1111	75	Picture	11	1641721	0	2	4145	3	0	4000	hit	155
1111	75	Response	1	1645399	3678	2
1111	75	Pulse	5	1647639	5918	2
1111	76	Picture	10	1659792	0	1	4145	2	0	4000	other	0
1111	76	Pulse	5	1667638	7846	2
1111	77	Picture	10	1677863	0	1	4144	3	0	4000	other	0
1111	77	Pulse	5	1687628	9765	1
1111	78	Picture	11	1695933	0	1	4145	2	0	4000	hit	162
1111	78	Response	1	1699627	3694	2
1111	78	Pulse	5	1707628	11695	1
1111	79	Picture	10	1714004	0	1	4144	3	0	4000	other	0
1111	79	Pulse	5	1727626	13622	3
1111	80	Picture	10	1732074	0	2	4145	3	0	4000	other	0
1111	80	Pulse	5	1747616	15542	2
1111	81	Picture	10	1750145	0	1	4145	2	0	4000	other	0
1111	81	Pulse	5	1767615	17470	3
1111	82	Picture	10	1768216	0	1	4144	3	0	4000	other	0
1111	83	Picture	10	1786286	0	2	4145	3	0	4000	other	0
1111	83	Pulse	5	1787615	1329	2
1111	84	Picture	11	1804357	0	1	4145	2	0	4000	hit	175
1111	84	Pulse	5	1807603	3246	4
1111	84	Response	1	1808244	3887	2
1111	85	Picture	10	1822428	0	1	4144	3	0	4000	other	0
1111	85	Pulse	5	1827604	5176	2
1111	86	Picture	10	1840498	0	2	4145	3	0	4000	other	0
1111	86	Pulse	5	1847603	7105	2
1111	87	Pulse	5	1867593	9024	1
1111	88	Picture	20	1883603	0	1	4144	2	0	4000	other	0
1111	88	Pulse	5	1887592	3989	2
1111	89	Picture	20	1901673	0	2	4145	3	0	4000	other	0
1111	89	Pulse	5	1907591	5918	2
1111	90	Picture	20	1919744	0	1	4145	2	0	4000	other	0
1111	90	Pulse	5	1927581	7837	2
1111	91	Picture	21	1937814	0	2	4145	3	0	4000	hit	188
1111	91	Response	1	1942780	4966	2
1111	91	Pulse	5	1947580	9766	3
1111	92	Picture	20	1955885	0	1	4145	2	0	4000	other	0
1111	92	Pulse	5	1967580	11695	2
1111	93	Picture	20	1973956	0	1	4145	2	0	4000	other	0
1111	93	Pulse	5	1987569	13613	2
1111	94	Picture	21	1992026	0	2	4145	3	0	4000	hit	195
1111	94	Response	1	1995249	3223	2
1111	94	Pulse	5	2007569	15543	1
1111	95	Picture	20	2010097	0	1	4145	2	0	4000	other	0
1111	95	Pulse	5	2027568	17471	2
1111	96	Picture	20	2028168	0	1	4144	3	0	4000	other	0
1111	97	Picture	20	2046238	0	2	4145	3	0	4000	other	0
1111	97	Pulse	5	2047557	1319	3
1111	98	Picture	21	2064309	0	1	4145	2	0	4000	hit	204
1111	98	Pulse	5	2067558	3249	1
1111	98	Response	1	2067717	3408	2
1111	99	Picture	20	2082380	0	1	4144	3	0	4000	other	0
1111	99	Pulse	5	2087556	5176	2
1111	100	Picture	20	2100450	0	1	4145	2	0	4000	other	0
1111	100	Pulse	5	2107546	7096	2
1111	101	Picture	21	2118521	0	1	4145	2	0	4000	hit	210
1111	101	Response	1	2122905	4384	2
1111	101	Pulse	5	2127545	9024	2
1111	102	Picture	20	2136592	0	1	4144	2	0	4000	other	0
1111	102	Pulse	5	2147545	10953	1
1111	103	Picture	20	2154662	0	2	4145	3	0	4000	other	0
1111	103	Pulse	5	2167534	12872	2
1111	104	Pulse	5	2187534	14801	1
1111	105	Picture	10	2197767	0	1	4144	2	0	4000	other	0
1111	105	Pulse	5	2207533	9766	2
1111	106	Picture	10	2215837	0	1	4145	2	0	4000	other	0
1111	106	Pulse	5	2227522	11685	2
1111	107	Picture	11	2233908	0	1	4144	3	0	4000	hit	222
1111	107	Response	1	2237122	3214	2
1111	107	Pulse	5	2247522	13614	2
1111	108	Picture	10	2251979	0	1	4144	2	0	4000	other	0
1111	108	Pulse	5	2267521	15542	2
1111	109	Picture	11	2270049	0	1	4145	2	0	4000	hit	227
1111	109	Response	1	2272961	2912	2
1111	109	Pulse	5	2287511	17462	2
1111	110	Picture	10	2288120	0	1	4144	3	0	4000	other	0
1111	111	Picture	10	2306190	0	2	4145	3	0	4000	other	0
1111	111	Pulse	5	2307511	1321	1
1111	112	Picture	11	2324261	0	1	4145	2	0	4000	hit	234
1111	112	Pulse	5	2327510	3249	1
1111	112	Response	1	2327989	3728	3
1111	113	Picture	10	2342332	0	1	4144	3	0	4000	other	0
1111	113	Pulse	5	2347500	5168	1
1111	114	Picture	10	2360402	0	2	4145	3	0	4000	other	0
1111	114	Pulse	5	2367498	7096	2
1111	115	Picture	10	2378473	0	1	4145	2	0	4000	other	0
1111	115	Pulse	5	2387498	9025	2
1111	116	Picture	10	2396544	0	1	4144	2	0	4000	other	0
1111	116	Pulse	5	2407487	10943	2
1111	117	Picture	10	2414614	0	1	4145	2	0	4000	other	0
1111	117	Pulse	5	2427487	12873	2
1111	118	Picture	11	2432685	0	1	4144	3	0	4000	hit	246
1111	118	Response	1	2436446	3761	2
1111	118	Pulse	5	2447486	14801	3
1111	119	Picture	10	2450755	0	2	4145	3	0	4000	other	0
1111	119	Pulse	5	2467476	16721	1
1111	120	Picture	10	2468826	0	1	4145	2	0	4000	other	0
1111	121	Pulse	5	2487475	578	2
1111	121	Pulse	5	2507634	20737	2
1111	122	Picture	30	2511931	0	1	4144	2	0	4000	other	0
1111	122	Pulse	5	2527624	15693	2
1111	123	Picture	30	2530001	0	1	4145	2	0	4000	other	0
1111	123	Pulse	5	2547623	17622	3
1111	124	Picture	30	2548072	0	1	4144	3	0	4000	other	0
1111	125	Picture	31	2566142	0	2	4145	3	0	4000	hit	260
1111	125	Pulse	5	2567623	1481	2
1111	125	Response	1	2569063	2921	2
1111	126	Picture	31	2584213	0	1	4145	2	0	4000	hit	263
1111	126	Pulse	5	2587612	3399	3
1111	126	Response	1	2593052	8839	2
1111	127	Picture	30	2602284	0	1	4144	3	0	4000	other	0
1111	127	Pulse	5	2607612	5328	1
1111	128	Picture	30	2620354	0	2	4145	3	0	4000	other	0
1111	128	Pulse	5	2627611	7257	3
1111	129	Picture	30	2638425	0	1	4145	2	0	4000	other	0
1111	129	Pulse	5	2647600	9175	2
1111	130	Picture	31	2656496	0	1	4144	2	0	4000	hit	271
1111	130	Response	1	2660240	3744	2
1111	130	Pulse	5	2667600	11104	2
1111	131	Picture	30	2674566	0	2	4145	3	0	4000	other	0
1111	131	Pulse	5	2687599	13033	3
1111	132	Picture	30	2692637	0	1	4145	2	0	4000	false_alarm	276
1111	132	Response	1	2698799	6162	2
1111	132	Pulse	5	2707589	14952	2
1111	133	Picture	30	2710708	0	1	4144	2	0	4000	other	0
1111	133	Pulse	5	2727588	16880	2
1111	134	Picture	30	2728778	0	2	4145	3	0	4000	other	0
1111	135	Picture	31	2746849	0	1	4145	2	0	4000	hit	283
1111	135	Pulse	5	2747588	739	2
1111	135	Response	1	2750148	3299	1
1111	136	Picture	30	2764920	0	1	4144	2	0	4000	other	0
1111	136	Pulse	5	2767577	2657	2
1111	137	Picture	30	2782990	0	1	4145	2	0	4000	false_alarm	288
1111	137	Pulse	5	2787577	4587	2
1111	137	Response	1	2788537	5547	1
