Scenario - 1-back
Logfile written - 03/26/2015 16:47:53

Subject	Trial	Event Type	Code	Time	TTime	Uncertainty	Duration	Uncertainty	ReqTime	ReqDur	Stim Type	Pair Index

1112	1	Pulse	5	133891	143725	2
1112	2	Pulse	5	153892	19824	1
1112	3	Picture	10	159102	0	2	4145	3	0	4000	other	0
1112	3	Pulse	5	173891	14789	1
1112	4	Picture	10	177173	0	1	4145	2	0	4000	other	0
1112	4	Pulse	5	193880	16707	2
1112	5	Picture	11	195244	0	1	4145	2	0	4000	hit	8
1112	5	Response	1	198520	3276	2
1112	6	Picture	10	213315	0	1	4144	3	0	4000	other	0
1112	6	Pulse	5	213880	565	2
1112	7	Picture	11	231386	0	1	4144	3	0	4000	hit	13
1112	7	Pulse	5	233879	2493	3
1112	7	Response	1	235639	4253	2
1112	8	Picture	10	249456	0	2	4145	3	0	4000	other	0
1112	8	Pulse	5	253869	4413	2
1112	9	Picture	10	267527	0	2	4145	3	0	4000	other	0
1112	9	Pulse	5	273869	6342	2
1112	10	Picture	10	285598	0	1	4145	2	0	4000	other	0
1112	10	Pulse	5	293868	8270	3
1112	11	Picture	11	303669	0	1	4145	2	0	4000	hit	21
1112	11	Response	1	307298	3629	2
1112	11	Pulse	5	313858	10189	2
1112	12	Picture	10	321740	0	1	4144	3	0	4000	other	0
1112	12	Pulse	5	333857	12117	2
1112	13	Picture	10	339811	0	1	4144	3	0	4000	other	0
1112	13	Pulse	5	353857	14046	2
1112	14	Picture	11	357881	0	2	4145	3	0	4000	hit	28
1112	14	Response	1	362337	4456	2
1112	14	Pulse	5	373847	15966	2
1112	15	Picture	10	375952	0	2	4145	3	0	4000	other	0
1112	15	Pulse	5	393846	17894	2
1112	16	Picture	10	394023	0	1	4145	2	0	4000	other	0
1112	17	Picture	10	412094	0	1	4145	2	0	4000	other	0
1112	17	Pulse	5	413846	1752	2
1112	18	Picture	10	430165	0	1	4144	3	0	4000	other	0
1112	18	Pulse	5	433836	3671	1
1112	19	Pulse	5	453835	5600	2
1112	20	Picture	30	473270	0	1	4144	2	0	4000	other	0
1112	20	Pulse	5	473835	565	2
1112	21	Picture	30	491340	0	2	4145	3	0	4000	other	0
1112	21	Pulse	5	493824	2484	2
1112	22	Picture	31	509411	0	1	4145	2	0	4000	miss	0
1112	22	Pulse	5	513824	4413	2
1112	23	Picture	30	527482	0	1	4145	2	0	4000	other	0
1112	23	Pulse	5	533824	6342	2
1112	24	Picture	30	545553	0	1	4144	3	0	4000	other	0
1112	24	Pulse	5	553813	8260	3
1112	25	Picture	30	563624	0	1	4144	2	0	4000	other	0
1112	25	Pulse	5	573813	10189	2
1112	26	Picture	31	581694	0	2	4145	3	0	4000	hit	51
1112	26	Response	1	588533	6839	2
1112	26	Pulse	5	593813	12119	2
1112	27	Picture	31	599765	0	1	4145	2	0	4000	hit	54
1112	27	Response	1	608362	8597	2
1112	27	Pulse	5	613802	14037	2
1112	28	Picture	30	617836	0	1	4145	2	0	4000	false_alarm	57
1112	28	Response	1	627242	9406	2
1112	28	Pulse	5	633802	15966	2
1112	29	Picture	30	635907	0	1	4145	3	0	4000	other	0
1112	29	Pulse	5	653801	17894	2
1112	30	Picture	30	653978	0	1	4144	3	0	4000	other	0
1112	31	Picture	31	672049	0	1	4144	3	0	4000	hit	64
1112	31	Pulse	5	673791	1742	2
1112	31	Response	1	675871	3822	2
1112	32	Picture	30	690119	0	2	4145	3	0	4000	other	0
1112	32	Pulse	5	693791	3672	2
1112	33	Picture	30	708190	0	2	4145	3	0	4000	other	0
1112	33	Pulse	5	713790	5600	2
1112	34	Picture	30	726261	0	1	4145	2	0	4000	other	0
1112	34	Pulse	5	733780	7519	2
1112	35	Picture	30	744332	0	1	4144	3	0	4000	other	0
1112	35	Pulse	5	753780	9448	1
1112	36	Pulse	5	773779	11376	2
1112	37	Picture	10	787437	0	1	4144	2	0	4000	other	0
1112	37	Pulse	5	793769	6332	2
1112	38	Picture	10	805507	0	2	4145	3	0	4000	other	0
1112	38	Pulse	5	813768	8261	2
1112	39	Picture	11	823578	0	1	4145	2	0	4000	hit	79
1112	39	Response	1	828168	4590	2
1112	39	Pulse	5	833768	10190	2
1112	40	Picture	10	841649	0	1	4145	2	0	4000	other	0
1112	40	Pulse	5	853758	12109	2
1112	41	Picture	11	859720	0	1	4145	2	0	4000	hit	84
1112	41	Response	1	863998	4278	1
1112	41	Pulse	5	873757	14037	2
1112	42	Picture	10	877791	0	1	4144	3	0	4000	other	0
1112	42	Pulse	5	893757	15966	2
1112	43	Picture	10	895862	0	1	4144	3	0	4000	other	0
1112	43	Pulse	5	913907	18045	2
1112	44	Picture	10	913932	0	2	4145	3	0	4000	other	0
1112	45	Picture	11	932003	0	1	4145	2	0	4000	hit	93
1112	45	Pulse	5	933906	1903	2
1112	45	Response	1	938066	6063	2
1112	46	Picture	10	950074	0	1	4145	2	0	4000	other	0
1112	46	Pulse	5	953906	3832	2
1112	47	Picture	10	968145	0	1	4145	2	0	4000	other	0
1112	47	Pulse	5	973895	5750	2
1112	48	Picture	11	986215	0	2	4145	4	0	4000	hit	99
1112	48	Response	1	991015	4800	2
1112	48	Pulse	5	993895	7680	2
1112	49	Picture	10	1004287	0	1	4144	2	0	4000	other	0
1112	49	Pulse	5	1013895	9608	2
1112	50	Picture	10	1022357	0	2	4145	3	0	4000	other	0
1112	50	Pulse	5	1033884	11527	3
1112	51	Picture	10	1040428	0	1	4145	2	0	4000	other	0
1112	51	Pulse	5	1053884	13456	2
1112	52	Picture	10	1058499	0	1	4145	2	0	4000	other	0
1112	52	Pulse	5	1073884	15385	2
1112	53	Pulse	5	1093873	17303	2
1112	54	Picture	20	1101604	0	1	4144	3	0	4000	other	0
1112	54	Pulse	5	1113873	12269	2
1112	55	Picture	20	1119675	0	1	4144	2	0	4000	other	0
1112	55	Pulse	5	1133872	14197	2
1112	56	Picture	21	1137745	0	2	4145	3	0	4000	hit	115
1112	56	Response	1	1148742	10997	2
1112	56	Pulse	5	1153863	16118	1
1112	57	Picture	20	1155816	0	1	4145	2	0	4000	other	0
1112	57	Pulse	5	1173862	18046	2
1112	58	Picture	20	1173887	0	1	4145	2	0	4000	false_alarm	120
1112	58	Response	1	1180422	6535	1
1112	59	Picture	20	1191958	0	1	4145	2	0	4000	other	0
1112	59	Pulse	5	1193861	1903	2
1112	60	Picture	21	1210029	0	1	4144	3	0	4000	hit	125
1112	60	Pulse	5	1213851	3822	2
1112	60	Response	1	1216731	6702	2
1112	61	Picture	20	1228100	0	1	4144	2	0	4000	other	0
1112	61	Pulse	5	1233851	5751	1
1112	62	Picture	20	1246170	0	2	4145	3	0	4000	other	0
1112	62	Pulse	5	1253850	7680	2
1112	63	Picture	20	1264241	0	1	4145	2	0	4000	other	0
1112	63	Pulse	5	1273840	9599	2
1112	64	Picture	20	1282312	0	1	4134	32	0	4000	other	0
1112	64	Pulse	5	1293839	11527	2
1112	65	Picture	20	1300383	0	1	4145	2	0	4000	other	0
1112	65	Pulse	5	1313839	13456	2
1112	66	Picture	21	1318454	0	1	4144	3	0	4000	hit	138
1112	66	Pulse	5	1333829	15375	1
1112	66	Response	1	1336229	17775	1
1112	67	Picture	20	1336524	0	2	4145	3	0	4000	other	0
1112	67	Pulse	5	1353828	17304	2
1112	68	Picture	20	1354595	0	2	4145	3	0	4000	other	0
1112	69	Picture	21	1372666	0	1	4145	2	0	4000	hit	144
1112	69	Pulse	5	1373828	1162	2
1112	69	Response	1	1377828	5162	2
1112	70	Pulse	5	1393818	3081	1
1112	70	Pulse	5	1413817	23080	2
1112	71	Picture	10	1415771	0	1	4145	2	0	4000	other	0
1112	71	Pulse	5	1433817	18046	2
1112	72	Picture	10	1433842	0	1	4144	3	0	4000	other	0
1112	73	Picture	11	1451913	0	1	4144	2	0	4000	hit	152
1112	73	Pulse	5	1453806	1893	2
1112	73	Response	1	1456046	4133	2
1112	74	Picture	10	1469983	0	2	4145	3	0	4000	other	0
1112	74	Pulse	5	1473806	3823	2
1112	75	Picture	11	1488054	0	1	4145	2	0	4000	hit	156
1112	75	Response	1	1492206	4152	2
1112	75	Pulse	5	1493806	5752	2
1112	76	Picture	10	1506125	0	1	4145	2	0	4000	other	0
1112	76	Pulse	5	1513795	7670	3
1112	77	Picture	10	1524195	0	3	4146	4	0	4000	other	0
1112	77	Pulse	5	1533795	9600	2
1112	78	Picture	11	1542267	0	1	4144	3	0	4000	hit	163
1112	78	Response	1	1546755	4488	2
1112	78	Pulse	5	1553795	11528	2
1112	79	Picture	10	1560338	0	1	4144	2	0	4000	other	0
1112	79	Pulse	5	1573784	13446	2
1112	80	Picture	10	1578408	0	2	4145	3	0	4000	other	0
1112	80	Pulse	5	1593784	15376	2
1112	81	Picture	10	1596479	0	1	4145	2	0	4000	other	0
1112	81	Pulse	5	1613784	17305	1
1112	82	Picture	10	1614550	0	1	4145	2	0	4000	other	0
1112	83	Picture	10	1632621	0	1	4145	2	0	4000	other	0
1112	83	Pulse	5	1633773	1152	2
1112	84	Picture	11	1650692	0	1	4144	3	0	4000	hit	176
1112	84	Pulse	5	1653773	3081	1
1112	84	Response	1	1656973	6281	1
1112	85	Picture	10	1668762	0	2	4145	3	0	4000	other	0
1112	85	Pulse	5	1673773	5011	1
1112	86	Picture	10	1686833	0	2	4145	3	0	4000	other	0
1112	86	Pulse	5	1693762	6929	2
1112	87	Pulse	5	1713762	8858	1
1112	88	Picture	30	1729938	0	1	4145	2	0	4000	other	0
1112	88	Pulse	5	1733761	3823	2
1112	89	Picture	30	1748009	0	1	4144	3	0	4000	other	0
1112	89	Pulse	5	1753751	5742	2
1112	90	Picture	30	1766080	0	1	4144	3	0	4000	other	0
1112	90	Pulse	5	1773750	7670	2
1112	91	Picture	31	1784150	0	2	4145	3	0	4000	miss	0
1112	91	Pulse	5	1793750	9600	2
1112	92	Picture	31	1802221	0	2	4145	3	0	4000	hit	191
1112	92	Response	1	1806380	4159	2
1112	92	Pulse	5	1813740	11519	1
1112	93	Picture	30	1820292	0	1	4145	2	0	4000	other	0
1112	93	Pulse	5	1833739	13447	2
1112	94	Picture	30	1838363	0	1	4145	2	0	4000	other	0
1112	94	Pulse	5	1853739	15376	2
1112	95	Picture	30	1856434	0	1	4145	2	0	4000	other	0
1112	95	Pulse	5	1873729	17295	1
1112	96	Picture	31	1874505	0	1	4144	3	0	4000	hit	200
1112	96	Response	1	1879488	4983	2
1112	97	Picture	30	1892575	0	2	4145	3	0	4000	other	0
1112	97	Pulse	5	1893728	1153	2
1112	98	Picture	30	1910646	0	2	4145	3	0	4000	other	0
1112	98	Pulse	5	1913728	3082	2
1112	99	Picture	30	1928717	0	1	4145	2	0	4000	other	0
1112	99	Pulse	5	1933717	5000	2
1112	100	Picture	30	1946788	0	1	4145	2	0	4000	other	0
1112	100	Pulse	5	1953877	7089	2
1112	101	Picture	31	1964859	0	1	4144	3	0	4000	hit	210
1112	101	Response	1	1970357	5498	2
1112	101	Pulse	5	1973877	9018	2
1112	102	Picture	30	1982930	0	1	4144	3	0	4000	false_alarm	213
1112	102	Response	1	1990506	7576	3
1112	102	Pulse	5	1993866	10936	3
1112	103	Picture	30	2001000	0	2	4145	3	0	4000	false_alarm	216
1112	103	Response	1	2009066	8066	2
1112	103	Pulse	5	2013866	12866	2
1112	104	Pulse	5	2033865	14794	3
1112	105	Picture	10	2044105	0	3	4145	4	0	4000	other	0
1112	105	Pulse	5	2053855	9750	2
1112	106	Picture	10	2062176	0	1	4145	2	0	4000	other	0
1112	106	Pulse	5	2073855	11679	2
1112	107	Picture	11	2080247	0	1	4145	2	0	4000	hit	224
1112	107	Response	1	2084255	4008	2
1112	107	Pulse	5	2093854	13607	2
1112	108	Picture	10	2098318	0	1	4144	3	0	4000	other	0
1112	108	Pulse	5	2113844	15526	2
1112	109	Picture	11	2116389	0	1	4144	2	0	4000	hit	229
1112	109	Response	1	2121684	5295	2
1112	109	Pulse	5	2133844	17455	2
1112	110	Picture	10	2134459	0	2	4145	3	0	4000	other	0
1112	111	Picture	10	2152530	0	1	4145	2	0	4000	other	0
1112	111	Pulse	5	2153843	1313	2
1112	112	Picture	11	2170601	0	1	4145	2	0	4000	hit	236
1112	112	Pulse	5	2173833	3232	2
1112	112	Response	1	2174473	3872	2
1112	113	Picture	10	2188672	0	1	4144	3	0	4000	other	0
1112	113	Pulse	5	2193833	5161	1
1112	114	Picture	10	2206742	0	2	4145	4	0	4000	other	0
1112	114	Pulse	5	2213832	7090	2
1112	115	Picture	10	2224813	0	2	4145	3	0	4000	other	0
1112	115	Pulse	5	2233822	9009	2
1112	116	Picture	10	2242884	0	1	4145	2	0	4000	other	0
1112	116	Pulse	5	2253821	10937	2
1112	117	Picture	10	2260955	0	1	4145	2	0	4000	other	0
1112	117	Pulse	5	2273821	12866	2
1112	118	Picture	11	2279026	0	1	4145	2	0	4000	hit	248
1112	118	Response	1	2282621	3595	2
1112	118	Pulse	5	2293811	14785	1
1112	119	Picture	10	2297097	0	1	4144	3	0	4000	other	0
1112	119	Pulse	5	2313810	16713	2
1112	120	Picture	10	2315168	0	1	4144	3	0	4000	other	0
1112	121	Pulse	5	2333810	572	2
1112	121	Pulse	5	2353800	20562	1
1112	122	Picture	20	2358272	0	2	4145	3	0	4000	other	0
1112	122	Pulse	5	2373799	15527	2
1112	123	Picture	20	2376343	0	1	4145	2	0	4000	other	0
1112	123	Pulse	5	2393799	17456	2
1112	124	Picture	20	2394414	0	1	4145	2	0	4000	other	0
1112	125	Picture	21	2412485	0	1	4144	3	0	4000	hit	262
1112	125	Pulse	5	2413788	1303	2
1112	125	Response	1	2418908	6423	2
1112	126	Picture	20	2430556	0	1	4144	3	0	4000	other	0
1112	126	Pulse	5	2433788	3232	2
1112	127	Picture	20	2448626	0	2	4145	3	0	4000	other	0
1112	127	Pulse	5	2453788	5162	2
1112	128	Picture	21	2466697	0	2	4145	3	0	4000	hit	268
1112	128	Response	1	2472817	6120	3
1112	128	Pulse	5	2473777	7080	3
1112	129	Picture	20	2484768	0	1	4145	2	0	4000	other	0
1112	129	Pulse	5	2493777	9009	2
1112	130	Picture	20	2502839	0	1	4145	2	0	4000	other	0
1112	130	Pulse	5	2513776	10937	3
1112	131	Picture	20	2520910	0	1	4144	3	0	4000	false_alarm	275
1112	131	Response	1	2530566	9656	2
1112	131	Pulse	5	2533766	12856	2
1112	132	Picture	21	2538981	0	1	4144	2	0	4000	hit	278
1112	132	Response	1	2547366	8385	2
1112	132	Pulse	5	2553766	14785	2
1112	133	Picture	20	2557051	0	2	4145	3	0	4000	other	0
1112	133	Pulse	5	2573765	16714	2
1112	134	Picture	20	2575122	0	1	4145	2	0	4000	other	0
1112	135	Picture	21	2593193	0	1	4145	2	0	4000	hit	285
1112	135	Pulse	5	2593755	562	2
1112	135	Response	1	2597115	3922	2
1112	136	Picture	20	2611264	0	1	4145	2	0	4000	other	0
1112	136	Pulse	5	2613755	2491	1
1112	137	Picture	20	2629335	0	1	4144	3	0	4000	other	0
1112	137	Pulse	5	2633754	4419	2
