Scenario - 1-back
Logfile written - 03/26/2015 16:38:25

Subject	Trial	Event Type	Code	Time	TTime	Uncertainty	Duration	Uncertainty	ReqTime	ReqDur	Stim Type	Pair Index

1112	1	Pulse	5	261694	271421	1
1112	2	Pulse	5	281693	19861	2
1112	3	Picture	10	286865	0	2	4145	3	0	4000	other	0
1112	3	Pulse	5	301683	14818	2
1112	4	Picture	10	304936	0	2	4145	3	0	4000	other	0
1112	4	Pulse	5	321683	16747	1
1112	5	Picture	11	323007	0	1	4145	2	0	4000	hit	8
1112	5	Response	1	326642	3635	2
1112	6	Picture	10	341078	0	1	4144	3	0	4000	other	0
1112	6	Pulse	5	341682	604	2
1112	7	Picture	11	359149	0	1	4144	3	0	4000	hit	13
1112	7	Pulse	5	361672	2523	2
1112	7	Response	1	363272	4123	2
1112	8	Picture	10	377220	0	1	4144	2	0	4000	other	0
1112	8	Pulse	5	381671	4451	2
1112	9	Picture	10	395290	0	2	4145	3	0	4000	other	0
1112	9	Pulse	5	401671	6381	2
1112	10	Picture	10	413361	0	1	4145	2	0	4000	other	0
1112	10	Pulse	5	421661	8300	1
1112	11	Picture	11	431432	0	1	4145	2	0	4000	hit	21
1112	11	Response	1	436060	4628	2
1112	11	Pulse	5	441660	10228	2
1112	12	Picture	10	449503	0	1	4145	2	0	4000	other	0
1112	12	Pulse	5	461660	12157	2
1112	13	Picture	10	467574	0	1	4144	3	0	4000	other	0
1112	13	Pulse	5	481649	14075	3
1112	14	Picture	11	485645	0	1	4144	2	0	4000	hit	28
1112	14	Response	1	489969	4324	3
1112	14	Pulse	5	501649	16004	3
1112	15	Picture	10	503715	0	2	4145	3	0	4000	other	0
1112	15	Pulse	5	521649	17934	2
1112	16	Picture	10	521786	0	1	4145	2	0	4000	other	0
1112	17	Picture	10	539857	0	1	4145	2	0	4000	other	0
1112	17	Pulse	5	541638	1781	2
1112	18	Picture	10	557928	0	1	4144	3	0	4000	other	0
1112	18	Pulse	5	561638	3710	2
1112	19	Pulse	5	581638	5639	2
1112	20	Picture	30	601033	0	1	4144	2	0	4000	other	0
1112	20	Pulse	5	601628	595	1
1112	21	Picture	30	619103	0	1	4144	3	0	4000	other	0
1112	21	Pulse	5	621627	2524	7
1112	22	Picture	31	637174	0	1	4145	2	0	4000	hit	43
1112	22	Response	1	640507	3333	1
1112	22	Pulse	5	641626	4452	3
1112	23	Picture	30	655245	0	1	4145	2	0	4000	other	0
1112	23	Pulse	5	661616	6371	2
1112	24	Picture	30	673316	0	2	4145	3	0	4000	other	0
1112	24	Pulse	5	681616	8300	2
1112	25	Picture	30	691387	0	1	4144	3	0	4000	other	0
1112	25	Pulse	5	701615	10228	2
1112	26	Picture	31	709457	0	2	4145	3	0	4000	hit	52
1112	26	Response	1	716485	7028	2
1112	26	Pulse	5	721605	12148	2
1112	27	Picture	31	727528	0	2	4145	3	0	4000	hit	55
1112	27	Response	1	735365	7837	2
1112	27	Pulse	5	741605	14077	1
1112	28	Picture	30	745599	0	1	4145	2	0	4000	other	0
1112	28	Pulse	5	761604	16005	2
1112	29	Picture	30	763670	0	1	4145	2	0	4000	other	0
1112	29	Pulse	5	781594	17924	2
1112	30	Picture	30	781741	0	1	4144	3	0	4000	other	0
1112	31	Picture	31	799812	0	1	4144	3	0	4000	hit	64
1112	31	Pulse	5	801594	1782	1
1112	31	Response	1	803833	4021	2
1112	32	Picture	30	817882	0	2	4145	3	0	4000	other	0
1112	32	Pulse	5	821753	3871	2
1112	33	Picture	30	835953	0	1	4145	2	0	4000	other	0
1112	33	Pulse	5	841743	5790	2
1112	34	Picture	30	854024	0	1	4145	2	0	4000	other	0
1112	34	Pulse	5	861742	7718	2
1112	35	Picture	30	872095	0	1	4145	2	0	4000	false_alarm	72
1112	35	Response	1	877262	5167	2
1112	35	Pulse	5	881742	9647	2
1112	36	Pulse	5	901732	11566	1
1112	37	Picture	10	915200	0	1	4144	2	0	4000	other	0
1112	37	Pulse	5	921731	6531	2
1112	38	Picture	10	933270	0	2	4145	3	0	4000	other	0
1112	38	Pulse	5	941732	8462	1
1112	39	Picture	11	951341	0	2	4145	3	0	4000	hit	80
1112	39	Response	1	955801	4460	2
1112	39	Pulse	5	961720	10379	3
1112	40	Picture	10	969412	0	1	4145	2	0	4000	other	0
1112	40	Pulse	5	981720	12308	2
1112	41	Picture	11	987483	0	1	4145	2	0	4000	hit	85
1112	41	Response	1	991480	3997	2
1112	41	Pulse	5	1001720	14237	2
1112	42	Picture	10	1005554	0	1	4145	2	0	4000	other	0
1112	42	Pulse	5	1021709	16155	2
1112	43	Picture	10	1023625	0	1	4144	3	0	4000	other	0
1112	44	Picture	10	1041695	0	2	4145	3	0	4000	other	0
1112	44	Pulse	5	1041709	14	2
1112	45	Picture	11	1059766	0	2	4145	3	0	4000	hit	94
1112	45	Pulse	5	1061709	1943	1
1112	45	Response	1	1063149	3383	1
1112	46	Picture	10	1077837	0	1	4145	2	0	4000	other	0
1112	46	Pulse	5	1081698	3861	2
1112	47	Picture	10	1095908	0	1	4145	2	0	4000	other	0
1112	47	Pulse	5	1101698	5790	2
1112	48	Picture	11	1113979	0	1	4144	3	0	4000	hit	100
1112	48	Response	1	1117858	3879	2
1112	48	Pulse	5	1121697	7718	2
1112	49	Picture	10	1132050	0	1	4144	2	0	4000	other	0
1112	49	Pulse	5	1141687	9637	2
1112	50	Picture	10	1150120	0	2	4145	3	0	4000	other	0
1112	50	Pulse	5	1161687	11567	2
1112	51	Picture	10	1168191	0	1	4145	2	0	4000	other	0
1112	51	Pulse	5	1181686	13495	2
1112	52	Picture	10	1186262	0	1	4145	2	0	4000	other	0
1112	52	Pulse	5	1201676	15414	2
1112	53	Pulse	5	1221676	17343	1
1112	54	Picture	20	1229367	0	1	4144	3	0	4000	other	0
1112	54	Pulse	5	1241675	12308	2
1112	55	Picture	20	1247438	0	1	4144	2	0	4000	other	0
1112	55	Pulse	5	1261665	14227	2
1112	56	Picture	21	1265508	0	2	4145	3	0	4000	hit	116
1112	56	Response	1	1272545	7037	2
1112	56	Pulse	5	1281664	16156	2
1112	57	Picture	20	1283579	0	1	4145	2	0	4000	other	0
1112	58	Picture	20	1301650	0	1	4145	2	0	4000	other	0
1112	58	Pulse	5	1301664	14	2
1112	59	Picture	20	1319721	0	1	4145	2	0	4000	false_alarm	123
1112	59	Pulse	5	1321654	1933	2
1112	59	Response	1	1330614	10893	1
1112	60	Picture	21	1337792	0	1	4144	3	0	4000	hit	126
1112	60	Pulse	5	1341653	3861	2
1112	60	Response	1	1350773	12981	2
1112	61	Picture	20	1355863	0	1	4144	2	0	4000	other	0
1112	61	Pulse	5	1361653	5790	2
1112	62	Picture	20	1373933	0	2	4145	3	0	4000	other	0
1112	62	Pulse	5	1381643	7710	1
1112	63	Picture	20	1392004	0	1	4145	2	0	4000	false_alarm	132
1112	63	Response	1	1397002	4998	2
1112	63	Pulse	5	1401642	9638	2
1112	64	Picture	20	1410075	0	1	4145	2	0	4000	other	0
1112	64	Pulse	5	1421642	11567	2
1112	65	Picture	20	1428146	0	1	4145	2	0	4000	false_alarm	137
1112	65	Response	1	1437152	9006	2
1112	65	Pulse	5	1441631	13485	3
1112	66	Picture	21	1446217	0	1	4144	3	0	4000	hit	140
1112	66	Response	1	1455871	9654	3
1112	66	Pulse	5	1461631	15414	2
1112	67	Picture	20	1464288	0	1	4144	2	0	4000	other	0
1112	67	Pulse	5	1481631	17343	2
1112	68	Picture	20	1482358	0	1	4145	2	0	4000	other	0
1112	69	Picture	21	1500429	0	1	4145	2	0	4000	hit	147
1112	69	Pulse	5	1501620	1191	2
1112	69	Response	1	1505140	4711	2
1112	70	Pulse	5	1521620	3120	2
1112	70	Pulse	5	1541620	23120	1
1112	71	Picture	10	1543534	0	1	4145	2	0	4000	other	0
1112	72	Picture	10	1561605	0	1	4144	3	0	4000	other	0
1112	72	Pulse	5	1561609	4	2
1112	73	Picture	11	1579675	0	2	4145	3	0	4000	hit	155
1112	73	Pulse	5	1581609	1934	2
1112	73	Response	1	1584649	4974	2
1112	74	Picture	10	1597746	0	2	4145	3	0	4000	other	0
1112	74	Pulse	5	1601608	3862	2
1112	75	Picture	11	1615817	0	1	4145	2	0	4000	hit	159
1112	75	Response	1	1619358	3541	2
1112	75	Pulse	5	1621598	5781	2
1112	76	Picture	10	1633888	0	1	4145	2	0	4000	other	0
1112	76	Pulse	5	1641598	7710	2
1112	77	Picture	10	1651959	0	1	4144	3	0	4000	other	0
1112	77	Pulse	5	1661598	9639	1
1112	78	Picture	11	1670030	0	1	4144	3	0	4000	hit	166
1112	78	Response	1	1673437	3407	2
1112	78	Pulse	5	1681587	11557	2
1112	79	Picture	10	1688100	0	2	4145	3	0	4000	other	0
1112	79	Pulse	5	1701587	13487	1
1112	80	Picture	10	1706171	0	1	4145	2	0	4000	other	0
1112	80	Pulse	5	1721586	15415	2
1112	81	Picture	10	1724242	0	1	4145	2	0	4000	other	0
1112	81	Pulse	5	1741576	17334	2
1112	82	Picture	10	1742313	0	1	4145	2	0	4000	other	0
1112	83	Picture	10	1760384	0	1	4144	3	0	4000	other	0
1112	83	Pulse	5	1761575	1191	2
1112	84	Picture	11	1778455	0	1	4144	3	0	4000	hit	179
1112	84	Pulse	5	1781575	3120	2
1112	84	Response	1	1783015	4560	2
1112	85	Picture	10	1796525	0	2	4145	3	0	4000	other	0
1112	85	Pulse	5	1801565	5040	2
1112	86	Picture	10	1814596	0	2	4145	3	0	4000	other	0
1112	86	Pulse	5	1821565	6969	1
1112	87	Pulse	5	1841565	8898	1
1112	88	Picture	30	1857701	0	1	4145	2	0	4000	other	0
1112	88	Pulse	5	1861714	4013	2
1112	89	Picture	30	1875772	0	1	4144	3	0	4000	other	0
1112	89	Pulse	5	1881713	5941	2
1112	90	Picture	30	1893843	0	1	4144	3	0	4000	other	0
1112	90	Pulse	5	1901713	7870	2
1112	91	Picture	31	1911913	0	2	4145	3	0	4000	hit	192
1112	91	Response	1	1919622	7709	3
1112	91	Pulse	5	1921702	9789	3
1112	92	Picture	31	1929984	0	1	4145	2	0	4000	hit	195
1112	92	Response	1	1940742	10758	2
1112	92	Pulse	5	1941702	11718	2
1112	93	Picture	30	1948055	0	1	4145	2	0	4000	other	0
1112	93	Pulse	5	1961702	13647	2
1112	94	Picture	30	1966126	0	1	4145	2	0	4000	other	0
1112	94	Pulse	5	1981691	15565	2
1112	95	Picture	30	1984197	0	1	4144	3	0	4000	other	0
1112	95	Pulse	5	2001691	17494	2
1112	96	Picture	31	2002268	0	1	4144	3	0	4000	hit	204
1112	96	Response	1	2008412	6144	1
1112	97	Picture	30	2020339	0	1	4144	2	0	4000	other	0
1112	97	Pulse	5	2021691	1352	1
1112	98	Picture	30	2038409	0	1	4145	2	0	4000	false_alarm	209
1112	98	Pulse	5	2041680	3271	2
1112	98	Response	1	2044560	6151	2
1112	99	Picture	30	2056480	0	1	4145	2	0	4000	other	0
1112	99	Pulse	5	2061680	5200	2
1112	100	Picture	30	2074551	0	1	4145	2	0	4000	false_alarm	213
1112	100	Response	1	2080079	5528	2
1112	100	Pulse	5	2081679	7128	2
1112	101	Picture	31	2092622	0	1	4144	3	0	4000	hit	217
1112	101	Pulse	5	2101669	9047	2
1112	101	Response	1	2104229	11607	2
1112	102	Picture	30	2110693	0	1	4144	2	0	4000	other	0
1112	102	Pulse	5	2121669	10976	2
1112	103	Picture	30	2128763	0	2	4145	3	0	4000	false_alarm	221
1112	103	Response	1	2133188	4425	2
1112	103	Pulse	5	2141668	12905	2
1112	104	Pulse	5	2161658	14824	2
1112	105	Picture	10	2171868	0	1	4145	2	0	4000	other	0
1112	105	Pulse	5	2181658	9790	1
1112	106	Picture	10	2189939	0	1	4145	2	0	4000	other	0
1112	106	Pulse	5	2201657	11718	2
1112	107	Picture	11	2208010	0	1	4144	3	0	4000	hit	229
1112	107	Response	1	2211257	3247	2
1112	107	Pulse	5	2221647	13637	2
1112	108	Picture	10	2226081	0	1	4144	2	0	4000	other	0
1112	108	Pulse	5	2241646	15565	2
1112	109	Picture	11	2244151	0	2	4145	3	0	4000	hit	234
1112	109	Response	1	2249806	5655	2
1112	109	Pulse	5	2261646	17495	2
1112	110	Picture	10	2262222	0	1	4145	2	0	4000	other	0
1112	111	Picture	10	2280293	0	1	4145	2	0	4000	other	0
1112	111	Pulse	5	2281637	1344	1
1112	112	Picture	11	2298364	0	1	4144	3	0	4000	hit	241
1112	112	Pulse	5	2301635	3271	2
1112	112	Response	1	2303395	5031	2
1112	113	Picture	10	2316435	0	1	4144	3	0	4000	other	0
1112	113	Pulse	5	2321635	5200	2
1112	114	Picture	10	2334506	0	1	4144	3	0	4000	other	0
1112	114	Pulse	5	2341625	7119	1
1112	115	Picture	10	2352576	0	2	4145	3	0	4000	false_alarm	247
1112	115	Response	1	2356185	3609	1
1112	115	Pulse	5	2361624	9048	2
1112	116	Picture	10	2370647	0	2	4145	3	0	4000	other	0
1112	116	Pulse	5	2381624	10977	2
1112	117	Picture	10	2388718	0	1	4145	2	0	4000	other	0
1112	117	Pulse	5	2401613	12895	3
1112	118	Picture	11	2406789	0	1	4145	2	0	4000	hit	254
1112	118	Response	1	2411213	4424	3
1112	118	Pulse	5	2421613	14824	3
1112	119	Picture	10	2424860	0	1	4144	3	0	4000	other	0
1112	119	Pulse	5	2441613	16753	2
1112	120	Picture	10	2442930	0	2	4145	3	0	4000	other	0
1112	121	Pulse	5	2461602	601	2
1112	121	Pulse	5	2481602	20601	2
1112	122	Picture	20	2486035	0	2	4145	3	0	4000	other	0
1112	122	Pulse	5	2501602	15567	1
1112	123	Picture	20	2504106	0	1	4145	2	0	4000	other	0
1112	123	Pulse	5	2521592	17486	1
1112	124	Picture	20	2522177	0	1	4145	2	0	4000	other	0
1112	125	Picture	21	2540248	0	1	4144	3	0	4000	hit	268
1112	125	Pulse	5	2541592	1344	1
1112	125	Response	1	2546551	6303	1
1112	126	Picture	20	2558319	0	1	4144	3	0	4000	other	0
1112	126	Pulse	5	2561590	3271	2
1112	127	Picture	20	2576389	0	2	4145	3	0	4000	other	0
1112	127	Pulse	5	2581580	5191	2
1112	128	Picture	21	2594460	0	1	4145	2	0	4000	hit	274
1112	128	Response	1	2598220	3760	2
1112	128	Pulse	5	2601580	7120	1
1112	129	Picture	20	2612531	0	1	4145	2	0	4000	other	0
1112	129	Pulse	5	2621579	9048	2
1112	130	Picture	20	2630602	0	1	4145	2	0	4000	other	0
1112	130	Pulse	5	2641569	10967	2
1112	131	Picture	20	2648673	0	1	4144	3	0	4000	false_alarm	281
1112	131	Response	1	2655329	6656	1
1112	131	Pulse	5	2661569	12896	1
1112	132	Picture	21	2666743	0	2	4145	4	0	4000	miss	0
1112	132	Pulse	5	2681568	14825	2
1112	133	Picture	20	2684814	0	2	4145	3	0	4000	other	0
1112	133	Pulse	5	2701558	16744	2
1112	134	Picture	20	2702885	0	1	4145	2	0	4000	other	0
1112	135	Picture	21	2720956	0	1	4145	2	0	4000	hit	290
1112	135	Pulse	5	2721557	601	2
1112	135	Response	1	2724437	3481	2
1112	136	Picture	20	2739027	0	1	4145	2	0	4000	other	0
1112	136	Pulse	5	2741557	2530	2
1112	137	Picture	20	2757098	0	1	4144	3	0	4000	other	0
1112	137	Pulse	5	2761547	4449	1
