Scenario - 1-back
Logfile written - 03/26/2015 16:33:45

Subject	Trial	Event Type	Code	Time	TTime	Uncertainty	Duration	Uncertainty	ReqTime	ReqDur	Stim Type	Pair Index

1112	1	Response	1	182757	192591	2
1112	1	Pulse	5	358084	367918	1
1112	2	Pulse	5	378073	19861	2
1112	3	Picture	10	383246	0	2	4145	3	0	4000	other	0
1112	3	Pulse	5	398073	14827	2
1112	4	Picture	10	401317	0	1	4145	2	0	4000	other	0
1112	4	Pulse	5	418072	16755	2
1112	5	Picture	11	419388	0	1	4144	3	0	4000	hit	9
1112	5	Response	1	423032	3644	2
1112	6	Picture	10	437459	0	1	4144	3	0	4000	other	0
1112	6	Pulse	5	438063	604	1
1112	7	Picture	11	455530	0	1	4144	2	0	4000	hit	14
1112	7	Pulse	5	458062	2532	1
1112	7	Response	1	459022	3492	2
1112	8	Picture	10	473600	0	2	4145	3	0	4000	other	0
1112	8	Pulse	5	478221	4621	2
1112	9	Picture	10	491671	0	1	4145	2	0	4000	other	0
1112	9	Pulse	5	498212	6541	1
1112	10	Picture	10	509742	0	1	4145	2	0	4000	other	0
1112	10	Pulse	5	518211	8469	1
1112	11	Picture	11	527813	0	1	4144	3	0	4000	hit	22
1112	11	Response	1	531970	4157	2
1112	11	Pulse	5	538210	10397	2
1112	12	Picture	10	545884	0	1	4144	2	0	4000	other	0
1112	12	Pulse	5	558200	12316	2
1112	13	Picture	10	563954	0	2	4145	3	0	4000	other	0
1112	13	Pulse	5	578199	14245	2
1112	14	Picture	11	582025	0	1	4144	3	0	4000	hit	29
1112	14	Response	1	585879	3854	2
1112	14	Pulse	5	598199	16174	2
1112	15	Picture	10	600096	0	1	4145	2	0	4000	other	0
1112	16	Picture	10	618167	0	1	4144	3	0	4000	other	0
1112	16	Pulse	5	618189	22	1
1112	17	Picture	10	636238	0	1	4144	3	0	4000	other	0
1112	17	Pulse	5	638188	1950	2
1112	18	Picture	10	654308	0	2	4145	3	0	4000	false_alarm	38
1112	18	Pulse	5	658188	3880	2
1112	18	Response	1	658348	4040	2
1112	19	Pulse	5	678178	5799	1
1112	20	Picture	20	697413	0	1	4145	2	0	4000	other	0
1112	20	Pulse	5	698177	764	2
1112	21	Picture	20	715484	0	1	4145	2	0	4000	other	0
1112	21	Pulse	5	718177	2693	2
1112	22	Picture	21	733555	0	1	4145	2	0	4000	hit	46
1112	22	Pulse	5	738166	4611	3
1112	22	Response	1	743286	9731	3
1112	23	Picture	20	751626	0	1	4144	2	0	4000	other	0
1112	23	Pulse	5	758166	6540	2
1112	24	Picture	20	769696	0	2	4145	3	0	4000	other	0
1112	24	Pulse	5	778166	8470	2
1112	25	Picture	20	787767	0	2	4145	3	0	4000	other	0
1112	25	Pulse	5	798155	10388	2
1112	26	Picture	21	805838	0	1	4145	2	0	4000	hit	54
1112	26	Response	1	809195	3357	2
1112	26	Pulse	5	818155	12317	2
1112	27	Picture	20	823909	0	1	4145	2	0	4000	other	0
1112	27	Pulse	5	838155	14246	1
1112	28	Picture	20	841980	0	1	4144	3	0	4000	other	0
1112	28	Pulse	5	858144	16164	2
1112	29	Picture	20	860051	0	1	4144	2	0	4000	other	0
1112	30	Picture	20	878121	0	2	4145	3	0	4000	other	0
1112	30	Pulse	5	878144	23	2
1112	31	Picture	20	896192	0	1	4145	2	0	4000	false_alarm	65
1112	31	Pulse	5	898143	1951	2
1112	31	Response	1	901983	5791	2
1112	32	Picture	21	914263	0	1	4145	2	0	4000	hit	68
1112	32	Pulse	5	918133	3870	2
1112	32	Response	1	918773	4510	2
1112	33	Picture	20	932334	0	1	4144	3	0	4000	other	0
1112	33	Pulse	5	938133	5799	1
1112	34	Picture	20	950405	0	1	4144	2	0	4000	other	0
1112	34	Pulse	5	958132	7727	2
1112	35	Picture	21	968475	0	2	4145	3	0	4000	hit	74
1112	35	Response	1	973332	4857	2
1112	35	Pulse	5	978122	9647	2
1112	36	Pulse	5	998122	11576	1
1112	37	Picture	10	1011580	0	1	4145	2	0	4000	other	0
1112	37	Pulse	5	1018121	6541	2
1112	38	Picture	10	1029651	0	1	4145	2	0	4000	other	0
1112	38	Pulse	5	1038111	8460	2
1112	39	Picture	11	1047722	0	1	4144	3	0	4000	hit	82
1112	39	Response	1	1051391	3669	1
1112	39	Pulse	5	1058111	10389	1
1112	40	Picture	10	1065793	0	1	4144	2	0	4000	other	0
1112	40	Pulse	5	1078111	12318	1
1112	41	Picture	11	1083863	0	2	4145	3	0	4000	hit	87
1112	41	Response	1	1087870	4007	2
1112	41	Pulse	5	1098100	14237	1
1112	42	Picture	10	1101934	0	1	4145	2	0	4000	other	0
1112	42	Pulse	5	1118099	16165	2
1112	43	Picture	10	1120005	0	1	4145	2	0	4000	other	0
1112	44	Picture	10	1138076	0	1	4144	3	0	4000	other	0
1112	44	Pulse	5	1138099	23	2
1112	45	Picture	11	1156147	0	1	4144	2	0	4000	hit	96
1112	45	Pulse	5	1158088	1941	2
1112	45	Response	1	1160168	4021	3
1112	46	Picture	10	1174217	0	2	4145	3	0	4000	other	0
1112	46	Pulse	5	1178088	3871	2
1112	47	Picture	10	1192288	0	1	4145	2	0	4000	other	0
1112	47	Pulse	5	1198087	5799	3
1112	48	Picture	11	1210359	0	1	4145	2	0	4000	hit	102
1112	48	Response	1	1214727	4368	2
1112	48	Pulse	5	1218079	7720	1
1112	49	Picture	10	1228430	0	1	4144	3	0	4000	other	0
1112	49	Pulse	5	1238077	9647	2
1112	50	Picture	10	1246501	0	1	4144	3	0	4000	other	0
1112	50	Pulse	5	1258077	11576	2
1112	51	Picture	10	1264572	0	1	4144	2	0	4000	other	0
1112	51	Pulse	5	1278067	13495	1
1112	52	Picture	10	1282642	0	2	4145	3	0	4000	other	0
1112	52	Pulse	5	1298066	15424	2
1112	53	Pulse	5	1318065	17352	2
1112	54	Picture	30	1325747	0	1	4145	2	0	4000	other	0
1112	54	Pulse	5	1338055	12308	2
1112	55	Picture	30	1343818	0	1	4144	3	0	4000	other	0
1112	55	Pulse	5	1358055	14237	2
1112	56	Picture	31	1361889	0	1	4144	3	0	4000	hit	118
1112	56	Response	1	1366055	4166	1
1112	56	Pulse	5	1378055	16166	1
1112	57	Picture	30	1379959	0	2	4145	3	0	4000	other	0
1112	58	Picture	30	1398030	0	2	4145	3	0	4000	other	0
1112	58	Pulse	5	1398044	14	2
1112	59	Picture	30	1416101	0	1	4145	2	0	4000	other	0
1112	59	Pulse	5	1418044	1943	1
1112	60	Picture	31	1434172	0	1	4145	2	0	4000	hit	127
1112	60	Pulse	5	1438043	3871	2
1112	60	Response	1	1439483	5311	2
1112	61	Picture	31	1452243	0	1	4144	3	0	4000	hit	130
1112	61	Pulse	5	1458033	5790	2
1112	61	Response	1	1459313	7070	2
1112	62	Picture	30	1470314	0	1	4144	2	0	4000	other	0
1112	62	Pulse	5	1478033	7719	1
1112	63	Picture	30	1488384	0	2	4145	3	0	4000	other	0
1112	63	Pulse	5	1498032	9648	2
1112	64	Picture	30	1506455	0	1	4145	2	0	4000	other	0
1112	64	Pulse	5	1518022	11567	2
1112	65	Picture	31	1524526	0	1	4145	2	0	4000	hit	138
1112	65	Response	1	1529061	4535	2
1112	65	Pulse	5	1538181	13655	2
1112	66	Picture	30	1542597	0	1	4145	2	0	4000	false_alarm	141
1112	66	Response	1	1552101	9504	2
1112	66	Pulse	5	1558181	15584	2
1112	67	Picture	30	1560668	0	1	4144	2	0	4000	false_alarm	144
1112	67	Response	1	1568101	7433	2
1112	67	Pulse	5	1578171	17503	1
1112	68	Picture	30	1578739	0	1	4144	2	0	4000	other	0
1112	69	Picture	30	1596809	0	1	4145	2	0	4000	false_alarm	149
1112	69	Pulse	5	1598171	1362	1
1112	69	Response	1	1604730	7921	2
1112	70	Pulse	5	1618170	3290	2
1112	70	Pulse	5	1638160	23280	1
1112	71	Picture	10	1639914	0	1	4145	2	0	4000	other	0
1112	72	Picture	10	1657985	0	1	4144	3	0	4000	other	0
1112	72	Pulse	5	1658159	174	2
1112	73	Picture	11	1676056	0	1	4144	2	0	4000	hit	157
1112	73	Pulse	5	1678159	2103	2
1112	73	Response	1	1679599	3543	2
1112	74	Picture	10	1694126	0	2	4145	3	0	4000	other	0
1112	74	Pulse	5	1698148	4022	3
1112	75	Picture	11	1712197	0	1	4145	2	0	4000	hit	161
1112	75	Response	1	1715908	3711	3
1112	75	Pulse	5	1718148	5951	2
1112	76	Picture	10	1730268	0	1	4145	2	0	4000	other	0
1112	76	Pulse	5	1738148	7880	2
1112	77	Picture	10	1748339	0	1	4145	2	0	4000	other	0
1112	77	Pulse	5	1758137	9798	2
1112	78	Picture	11	1766410	0	1	4144	3	0	4000	hit	168
1112	78	Response	1	1770617	4207	2
1112	78	Pulse	5	1778137	11727	2
1112	79	Picture	10	1784481	0	1	4144	2	0	4000	other	0
1112	79	Pulse	5	1798137	13656	1
1112	80	Picture	10	1802551	0	2	4145	3	0	4000	other	0
1112	80	Pulse	5	1818126	15575	2
1112	81	Picture	10	1820622	0	1	4145	2	0	4000	other	0
1112	81	Pulse	5	1838126	17504	2
1112	82	Picture	10	1838693	0	1	4145	2	0	4000	false_alarm	177
1112	82	Response	1	1842126	3433	1
1112	83	Picture	10	1856764	0	1	4144	3	0	4000	other	0
1112	83	Pulse	5	1858125	1361	2
1112	84	Picture	11	1874835	0	1	4144	3	0	4000	hit	182
1112	84	Pulse	5	1878115	3280	2
1112	84	Response	1	1879235	4400	2
1112	85	Picture	10	1892905	0	2	4145	3	0	4000	other	0
1112	85	Pulse	5	1898115	5210	1
1112	86	Picture	10	1910976	0	1	4145	2	0	4000	other	0
1112	86	Pulse	5	1918114	7138	2
1112	87	Pulse	5	1938104	9057	2
1112	88	Picture	20	1954081	0	1	4145	2	0	4000	other	0
1112	88	Pulse	5	1958103	4022	2
1112	89	Picture	20	1972152	0	1	4145	2	0	4000	other	0
1112	89	Pulse	5	1978103	5951	2
1112	90	Picture	20	1990223	0	1	4144	3	0	4000	other	0
1112	90	Pulse	5	1998093	7870	2
1112	91	Picture	21	2008293	0	2	4145	3	0	4000	hit	195
1112	91	Response	1	2013132	4839	2
1112	91	Pulse	5	2018092	9799	2
1112	92	Picture	20	2026364	0	1	4145	2	0	4000	other	0
1112	92	Pulse	5	2038092	11728	2
1112	93	Picture	20	2044435	0	1	4145	2	0	4000	other	0
1112	93	Pulse	5	2058082	13647	1
1112	94	Picture	21	2062506	0	1	4145	2	0	4000	hit	202
1112	94	Response	1	2068162	5656	1
1112	94	Pulse	5	2078081	15575	2
1112	95	Picture	20	2080577	0	1	4144	3	0	4000	other	0
1112	95	Pulse	5	2098081	17504	2
1112	96	Picture	20	2098648	0	1	4144	3	0	4000	false_alarm	207
1112	96	Response	1	2106401	7753	1
1112	97	Picture	20	2116718	0	2	4145	3	0	4000	false_alarm	210
1112	97	Pulse	5	2118070	1352	2
1112	97	Response	1	2129270	12552	2
1112	98	Picture	21	2134789	0	1	4145	2	0	4000	hit	213
1112	98	Pulse	5	2138070	3281	2
1112	98	Response	1	2144790	10001	2
1112	99	Picture	20	2152860	0	2	4145	3	0	4000	other	0
1112	99	Pulse	5	2158070	5210	2
1112	100	Picture	20	2170931	0	1	4145	2	0	4000	other	0
1112	100	Pulse	5	2178059	7128	3
1112	101	Picture	21	2189002	0	1	4144	3	0	4000	hit	219
1112	101	Response	1	2195339	6337	2
1112	101	Pulse	5	2198059	9057	2
1112	102	Picture	20	2207072	0	2	4145	3	0	4000	other	0
1112	102	Pulse	5	2218059	10987	2
1112	103	Picture	20	2225143	0	2	4145	3	0	4000	other	0
1112	103	Pulse	5	2238048	12905	2
1112	104	Pulse	5	2258048	14834	2
1112	105	Picture	10	2268248	0	1	4145	2	0	4000	other	0
1112	105	Pulse	5	2278047	9799	2
1112	106	Picture	10	2286319	0	1	4145	2	0	4000	other	0
1112	106	Pulse	5	2298037	11718	2
1112	107	Picture	11	2304390	0	1	4144	3	0	4000	hit	231
1112	107	Response	1	2308757	4367	2
1112	107	Pulse	5	2318037	13647	2
1112	108	Picture	10	2322461	0	1	4144	2	0	4000	other	0
1112	108	Pulse	5	2338036	15575	3
1112	109	Picture	11	2340531	0	2	4145	3	0	4000	hit	236
1112	109	Response	1	2345076	4545	2
1112	109	Pulse	5	2358027	17496	1
1112	110	Picture	10	2358602	0	1	4145	2	0	4000	other	0
1112	111	Picture	10	2376673	0	1	4145	2	0	4000	other	0
1112	111	Pulse	5	2378026	1353	1
1112	112	Picture	11	2394744	0	1	4144	3	0	4000	hit	243
1112	112	Pulse	5	2398025	3281	2
1112	112	Response	1	2398825	4081	2
1112	113	Picture	10	2412815	0	1	4144	2	0	4000	other	0
1112	113	Pulse	5	2418016	5201	1
1112	114	Picture	10	2430885	0	2	4145	3	0	4000	other	0
1112	114	Pulse	5	2438014	7129	2
1112	115	Picture	10	2448956	0	1	4145	2	0	4000	other	0
1112	115	Pulse	5	2458014	9058	2
1112	116	Picture	10	2467027	0	1	4145	2	0	4000	other	0
1112	116	Pulse	5	2478004	10977	1
1112	117	Picture	10	2485098	0	1	4145	2	0	4000	other	0
1112	117	Pulse	5	2498003	12905	2
1112	118	Picture	11	2503169	0	1	4144	3	0	4000	hit	255
1112	118	Response	1	2507123	3954	2
1112	118	Pulse	5	2518003	14834	2
1112	119	Picture	10	2521240	0	1	4144	2	0	4000	other	0
1112	119	Pulse	5	2537993	16753	1
1112	120	Picture	10	2539310	0	2	4145	3	0	4000	other	0
1112	121	Pulse	5	2557992	611	2
1112	121	Pulse	5	2578152	20771	2
1112	122	Picture	30	2582415	0	1	4145	2	0	4000	other	0
1112	122	Pulse	5	2598141	15726	2
1112	123	Picture	30	2600486	0	1	4144	3	0	4000	other	0
1112	123	Pulse	5	2618141	17655	2
1112	124	Picture	30	2618557	0	1	4144	3	0	4000	other	0
1112	125	Picture	31	2636628	0	1	4144	2	0	4000	miss	0
1112	125	Pulse	5	2638141	1513	2
1112	126	Picture	31	2654698	0	2	4145	3	0	4000	hit	271
1112	126	Pulse	5	2658130	3432	3
1112	126	Response	1	2662770	8072	3
1112	127	Picture	30	2672769	0	1	4145	2	0	4000	other	0
1112	127	Pulse	5	2678130	5361	2
1112	128	Picture	30	2690840	0	1	4145	2	0	4000	other	0
1112	128	Pulse	5	2698130	7290	2
1112	129	Picture	30	2708911	0	1	4144	3	0	4000	other	0
1112	129	Pulse	5	2718119	9208	2
1112	130	Picture	31	2726982	0	1	4144	3	0	4000	hit	279
1112	130	Response	1	2732359	5377	2
1112	130	Pulse	5	2738119	11137	2
1112	131	Picture	30	2745052	0	2	4145	3	0	4000	other	0
1112	131	Pulse	5	2758118	13066	2
1112	132	Picture	30	2763123	0	1	4145	2	0	4000	other	0
1112	132	Pulse	5	2778108	14985	2
1112	133	Picture	30	2781194	0	1	4145	2	0	4000	other	0
1112	133	Pulse	5	2798108	16914	2
1112	134	Picture	30	2799265	0	1	4145	2	0	4000	other	0
1112	135	Picture	31	2817336	0	1	4144	3	0	4000	hit	290
1112	135	Pulse	5	2818107	771	2
1112	135	Response	1	2822747	5411	2
1112	136	Picture	30	2835407	0	1	4144	2	0	4000	other	0
1112	136	Pulse	5	2838098	2691	1
1112	137	Picture	30	2853477	0	2	4145	3	0	4000	false_alarm	294
1112	137	Response	1	2858097	4620	1
1112	137	Pulse	5	2858097	4620	1
