Scenario - 1-back
Logfile written - 03/26/2015 16:42:56

Subject	Trial	Event Type	Code	Time	TTime	Uncertainty	Duration	Uncertainty	ReqTime	ReqDur	Stim Type	Pair Index

1112	1	Pulse	5	169863	179726	2
1112	2	Pulse	5	189853	19809	2
1112	3	Picture	10	195078	0	1	4145	2	0	4000	other	0
1112	3	Pulse	5	209852	14774	2
1112	4	Picture	10	213149	0	1	4145	2	0	4000	other	0
1112	4	Pulse	5	229852	16703	2
1112	5	Picture	11	231220	0	1	4144	3	0	4000	hit	8
1112	5	Response	1	235772	4552	2
1112	6	Picture	10	249291	0	1	4144	3	0	4000	other	0
1112	6	Pulse	5	249841	550	4
1112	7	Picture	11	267361	0	2	4145	3	0	4000	hit	13
1112	7	Pulse	5	269841	2480	3
1112	7	Response	1	273841	6480	2
1112	8	Picture	10	285432	0	2	4145	3	0	4000	other	0
1112	8	Pulse	5	289841	4409	2
1112	9	Picture	10	303503	0	1	4145	2	0	4000	other	0
1112	9	Pulse	5	309830	6327	3
1112	10	Picture	10	321574	0	1	4145	2	0	4000	other	0
1112	10	Pulse	5	329830	8256	2
1112	11	Picture	11	339645	0	1	4144	3	0	4000	hit	21
1112	11	Response	1	344550	4905	2
1112	11	Pulse	5	349830	10185	1
1112	12	Picture	10	357716	0	1	4144	2	0	4000	other	0
1112	12	Pulse	5	369819	12103	2
1112	13	Picture	10	375786	0	2	4145	3	0	4000	other	0
1112	13	Pulse	5	389819	14033	2
1112	14	Picture	11	393857	0	1	4145	2	0	4000	hit	28
1112	14	Response	1	398619	4762	2
1112	14	Pulse	5	409818	15961	2
1112	15	Picture	10	411928	0	1	4145	2	0	4000	other	0
1112	15	Pulse	5	429808	17880	2
1112	16	Picture	10	429999	0	1	4145	2	0	4000	other	0
1112	17	Picture	10	448070	0	1	4144	3	0	4000	other	0
1112	17	Pulse	5	449808	1738	2
1112	18	Picture	10	466141	0	1	4144	2	0	4000	other	0
1112	18	Pulse	5	469807	3666	2
1112	19	Pulse	5	489797	5586	2
1112	20	Picture	20	509245	0	2	4145	3	0	4000	other	0
1112	20	Pulse	5	509797	552	1
1112	21	Picture	20	527316	0	1	4145	2	0	4000	other	0
1112	21	Pulse	5	529796	2480	2
1112	22	Picture	21	545387	0	1	4145	2	0	4000	hit	43
1112	22	Response	1	549306	3919	2
1112	22	Pulse	5	549786	4399	2
1112	23	Picture	20	563458	0	1	4144	3	0	4000	other	0
1112	23	Pulse	5	569785	6327	2
1112	24	Picture	20	581529	0	1	4144	2	0	4000	other	0
1112	24	Pulse	5	589785	8256	2
1112	25	Picture	20	599599	0	2	4145	3	0	4000	other	0
1112	25	Pulse	5	609775	10176	2
1112	26	Picture	21	617670	0	2	4145	3	0	4000	hit	52
1112	26	Response	1	620975	3305	1
1112	26	Pulse	5	629774	12104	2
1112	27	Picture	20	635741	0	1	4145	2	0	4000	other	0
1112	27	Pulse	5	649774	14033	2
1112	28	Picture	20	653812	0	1	4145	2	0	4000	other	0
1112	28	Pulse	5	669764	15952	3
1112	29	Picture	20	671883	0	1	4144	3	0	4000	other	0
1112	29	Pulse	5	689763	17880	2
1112	30	Picture	20	689954	0	1	4144	2	0	4000	other	0
1112	31	Picture	20	708024	0	2	4145	3	0	4000	false_alarm	63
1112	31	Pulse	5	709763	1739	3
1112	31	Response	1	712483	4459	2
1112	32	Picture	21	726095	0	2	4145	3	0	4000	hit	66
1112	32	Pulse	5	729752	3657	4
1112	32	Response	1	731672	5577	3
1112	33	Picture	20	744166	0	1	4145	2	0	4000	other	0
1112	33	Pulse	5	749752	5586	2
1112	34	Picture	20	762237	0	1	4145	2	0	4000	other	0
1112	34	Pulse	5	769752	7515	2
1112	35	Picture	21	780308	0	1	4144	3	0	4000	hit	72
1112	35	Response	1	783831	3523	3
1112	35	Pulse	5	789741	9433	3
1112	36	Pulse	5	809741	11362	2
1112	37	Picture	10	823412	0	2	4145	3	0	4000	other	0
1112	37	Pulse	5	829741	6329	1
1112	38	Picture	10	841483	0	2	4145	3	0	4000	other	0
1112	38	Pulse	5	849730	8247	2
1112	39	Picture	11	859554	0	1	4145	2	0	4000	hit	80
1112	39	Response	1	863170	3616	2
1112	39	Pulse	5	869890	10336	2
1112	40	Picture	10	877625	0	1	4145	2	0	4000	other	0
1112	40	Pulse	5	889889	12264	2
1112	41	Picture	11	895696	0	1	4144	3	0	4000	hit	85
1112	41	Response	1	900609	4913	2
1112	41	Pulse	5	909879	14183	2
1112	42	Picture	10	913767	0	1	4144	3	0	4000	other	0
1112	42	Pulse	5	929879	16112	2
1112	43	Picture	10	931837	0	2	4145	3	0	4000	other	0
1112	43	Pulse	5	949878	18041	2
1112	44	Picture	10	949908	0	2	4145	3	0	4000	other	0
1112	45	Picture	11	967979	0	1	4145	2	0	4000	hit	94
1112	45	Pulse	5	969868	1889	2
1112	45	Response	1	972908	4929	2
1112	46	Picture	10	986050	0	1	4145	2	0	4000	other	0
1112	46	Pulse	5	989868	3818	1
1112	47	Picture	10	1004121	0	1	4144	3	0	4000	other	0
1112	47	Pulse	5	1009867	5746	2
1112	48	Picture	11	1022192	0	1	4144	2	0	4000	hit	100
1112	48	Response	1	1026017	3825	2
1112	48	Pulse	5	1029857	7665	2
1112	49	Picture	10	1040262	0	2	4145	3	0	4000	false_alarm	104
1112	49	Pulse	5	1049856	9594	2
1112	49	Response	1	1054976	14714	2
1112	50	Picture	10	1058333	0	1	4145	2	0	4000	other	0
1112	50	Pulse	5	1069856	11523	2
1112	51	Picture	10	1076404	0	1	4145	2	0	4000	other	0
1112	51	Pulse	5	1089846	13442	2
1112	52	Picture	10	1094475	0	1	4145	2	0	4000	other	0
1112	52	Pulse	5	1109845	15370	2
1112	53	Pulse	5	1129845	17300	2
1112	54	Picture	30	1137580	0	1	4144	2	0	4000	other	0
1112	54	Pulse	5	1149835	12255	2
1112	55	Picture	30	1155650	0	2	4145	3	0	4000	other	0
1112	55	Pulse	5	1169834	14184	2
1112	56	Picture	31	1173721	0	1	4145	2	0	4000	hit	117
1112	56	Response	1	1178314	4593	2
1112	56	Pulse	5	1189834	16113	2
1112	57	Picture	30	1191792	0	1	4145	2	0	4000	other	0
1112	57	Pulse	5	1209823	18031	4
1112	58	Picture	30	1209863	0	1	4145	2	0	4000	other	0
1112	59	Picture	30	1227934	0	1	4144	3	0	4000	other	0
1112	59	Pulse	5	1229823	1889	2
1112	60	Picture	31	1246005	0	1	4144	3	0	4000	miss	0
1112	60	Pulse	5	1249823	3818	3
1112	61	Picture	31	1264075	0	2	4145	3	0	4000	miss	0
1112	61	Pulse	5	1269812	5737	3
1112	62	Picture	30	1282146	0	1	4145	2	0	4000	other	0
1112	62	Pulse	5	1289812	7666	2
1112	63	Picture	30	1300217	0	1	4145	3	0	4000	other	0
1112	63	Pulse	5	1309812	9595	1
1112	64	Picture	30	1318288	0	1	4145	2	0	4000	other	0
1112	64	Pulse	5	1329801	11513	2
1112	65	Picture	31	1336359	0	1	4144	3	0	4000	hit	135
1112	65	Response	1	1342601	6242	2
1112	65	Pulse	5	1349801	13442	2
1112	66	Picture	30	1354430	0	1	4144	2	0	4000	other	0
1112	66	Pulse	5	1369800	15370	2
1112	67	Picture	30	1372500	0	2	4145	3	0	4000	other	0
1112	67	Pulse	5	1389790	17290	3
1112	68	Picture	30	1390571	0	1	4145	2	0	4000	other	0
1112	69	Picture	30	1408642	0	1	4145	2	0	4000	other	0
1112	69	Pulse	5	1409790	1148	2
1112	70	Pulse	5	1429789	3076	2
1112	70	Pulse	5	1449779	23066	2
1112	71	Picture	10	1451747	0	1	4144	3	0	4000	other	0
1112	71	Pulse	5	1469779	18032	1
1112	72	Picture	10	1469818	0	1	4144	3	0	4000	other	0
1112	73	Picture	11	1487888	0	2	4145	3	0	4000	hit	151
1112	73	Pulse	5	1489778	1890	2
1112	73	Response	1	1492818	4930	2
1112	74	Picture	10	1505959	0	2	4145	3	0	4000	other	0
1112	74	Pulse	5	1509768	3809	2
1112	75	Picture	11	1524030	0	1	4145	2	0	4000	hit	155
1112	75	Response	1	1528007	3977	2
1112	75	Pulse	5	1529767	5737	2
1112	76	Picture	10	1542101	0	1	4145	2	0	4000	other	0
1112	76	Pulse	5	1549767	7666	2
1112	77	Picture	10	1560172	0	1	4144	3	0	4000	other	0
1112	77	Pulse	5	1569757	9585	2
1112	78	Picture	11	1578243	0	1	4144	2	0	4000	hit	162
1112	78	Response	1	1582716	4473	2
1112	78	Pulse	5	1589756	11513	2
1112	79	Picture	10	1596313	0	2	4145	3	0	4000	other	0
1112	79	Pulse	5	1609756	13443	2
1112	80	Picture	10	1614384	0	1	4145	2	0	4000	other	0
1112	80	Pulse	5	1629746	15362	2
1112	81	Picture	10	1632455	0	1	4145	2	0	4000	other	0
1112	81	Pulse	5	1649746	17291	1
1112	82	Picture	10	1650526	0	1	4145	2	0	4000	other	0
1112	83	Picture	10	1668597	0	1	4144	3	0	4000	other	0
1112	83	Pulse	5	1669745	1148	2
1112	84	Picture	11	1686668	0	1	4144	2	0	4000	hit	175
1112	84	Pulse	5	1689734	3066	4
1112	84	Response	1	1690854	4186	4
1112	85	Picture	10	1704738	0	2	4145	3	0	4000	other	0
1112	85	Pulse	5	1709734	4996	2
1112	86	Picture	10	1722809	0	1	4145	2	0	4000	other	0
1112	86	Pulse	5	1729734	6925	2
1112	87	Pulse	5	1749723	8843	3
1112	88	Picture	20	1765914	0	1	4145	2	0	4000	other	0
1112	88	Pulse	5	1769723	3809	2
1112	89	Picture	20	1783985	0	1	4145	2	0	4000	other	0
1112	89	Pulse	5	1789723	5738	1
1112	90	Picture	20	1802056	0	1	4144	3	0	4000	other	0
1112	90	Pulse	5	1809712	7656	2
1112	91	Picture	21	1820126	0	2	4145	3	0	4000	hit	188
1112	91	Response	1	1823952	3826	2
1112	91	Pulse	5	1829712	9586	2
1112	92	Picture	20	1838197	0	1	4145	2	0	4000	other	0
1112	92	Pulse	5	1849711	11514	2
1112	93	Picture	20	1856268	0	1	4145	2	0	4000	other	0
1112	93	Pulse	5	1869701	13433	2
1112	94	Picture	21	1874339	0	1	4145	2	0	4000	hit	195
1112	94	Response	1	1879141	4802	2
1112	94	Pulse	5	1889701	15362	1
1112	95	Picture	20	1892410	0	1	4144	3	0	4000	other	0
1112	95	Pulse	5	1909861	17451	1
1112	96	Picture	20	1910481	0	1	4144	2	0	4000	other	0
1112	97	Picture	20	1928551	0	2	4145	3	0	4000	other	0
1112	97	Pulse	5	1929850	1299	2
1112	98	Picture	21	1946622	0	1	4145	2	0	4000	hit	204
1112	98	Pulse	5	1949850	3228	1
1112	98	Response	1	1951130	4508	1
1112	99	Picture	20	1964693	0	1	4145	2	0	4000	other	0
1112	99	Pulse	5	1969849	5156	2
1112	100	Picture	20	1982764	0	1	4145	2	0	4000	other	0
1112	100	Pulse	5	1989839	7075	2
1112	101	Picture	21	2000835	0	1	4144	3	0	4000	hit	210
1112	101	Response	1	2006158	5323	2
1112	101	Pulse	5	2009838	9003	2
1112	102	Picture	20	2018906	0	1	4144	3	0	4000	other	0
1112	102	Pulse	5	2029838	10932	2
1112	103	Picture	20	2036976	0	2	4145	3	0	4000	other	0
1112	103	Pulse	5	2049828	12852	2
1112	104	Pulse	5	2069827	14780	2
1112	105	Picture	10	2080081	0	1	4145	2	0	4000	other	0
1112	105	Pulse	5	2089827	9746	2
1112	106	Picture	10	2098152	0	1	4145	3	0	4000	other	0
1112	106	Pulse	5	2109817	11665	2
1112	107	Picture	11	2116223	0	1	4143	4	0	4000	hit	222
1112	107	Response	1	2120856	4633	2
1112	107	Pulse	5	2129816	13593	2
1112	108	Picture	10	2134294	0	1	4144	2	0	4000	other	0
1112	108	Pulse	5	2149816	15522	2
1112	109	Picture	11	2152365	0	1	4144	2	0	4000	hit	227
1112	109	Response	1	2156376	4011	2
1112	109	Pulse	5	2169805	17440	3
1112	110	Picture	10	2170435	0	1	4145	2	0	4000	other	0
1112	111	Picture	10	2188506	0	1	4145	2	0	4000	other	0
1112	111	Pulse	5	2189805	1299	2
1112	112	Picture	11	2206577	0	1	4145	2	0	4000	hit	234
1112	112	Pulse	5	2209805	3228	2
1112	112	Response	1	2211245	4668	2
1112	113	Picture	10	2224648	0	1	4144	3	0	4000	other	0
1112	113	Pulse	5	2229794	5146	2
1112	114	Picture	10	2242719	0	1	4144	2	0	4000	other	0
1112	114	Pulse	5	2249794	7075	2
1112	115	Picture	10	2260789	0	2	4145	3	0	4000	other	0
1112	115	Pulse	5	2269794	9005	1
1112	116	Picture	10	2278860	0	1	4145	2	0	4000	other	0
1112	116	Pulse	5	2289783	10923	2
1112	117	Picture	10	2296931	0	1	4145	2	0	4000	other	0
1112	117	Pulse	5	2309783	12852	2
1112	118	Picture	11	2315002	0	1	4145	2	0	4000	hit	246
1112	118	Response	1	2319863	4861	1
1112	118	Pulse	5	2329782	14780	2
1112	119	Picture	10	2333073	0	1	4144	3	0	4000	other	0
1112	119	Pulse	5	2349772	16699	2
1112	120	Picture	10	2351144	0	1	4144	2	0	4000	other	0
1112	121	Pulse	5	2369772	558	1
1112	121	Pulse	5	2389771	20557	2
1112	122	Picture	30	2394248	0	2	4145	3	0	4000	other	0
1112	122	Pulse	5	2409761	15513	2
1112	123	Picture	30	2412319	0	1	4145	2	0	4000	other	0
1112	123	Pulse	5	2429761	17442	1
1112	124	Picture	30	2430390	0	1	4145	2	0	4000	other	0
1112	125	Picture	31	2448461	0	1	4144	3	0	4000	miss	0
1112	125	Pulse	5	2449760	1299	2
1112	126	Picture	31	2466532	0	1	4144	2	0	4000	hit	262
1112	126	Pulse	5	2469750	3218	2
1112	126	Response	1	2475351	8819	1
1112	127	Picture	30	2484602	0	2	4145	3	0	4000	other	0
1112	127	Pulse	5	2489749	5147	2
1112	128	Picture	30	2502673	0	2	4145	3	0	4000	other	0
1112	128	Pulse	5	2509749	7076	2
1112	129	Picture	30	2520744	0	1	4145	2	0	4000	other	0
1112	129	Pulse	5	2529739	8995	2
1112	130	Picture	31	2538815	0	1	4145	2	0	4000	hit	270
1112	130	Response	1	2546218	7403	2
1112	130	Pulse	5	2549738	10923	2
1112	131	Picture	30	2556886	0	1	4144	3	0	4000	other	0
1112	131	Pulse	5	2569738	12852	2
1112	132	Picture	30	2574957	0	1	4144	2	0	4000	other	0
1112	132	Pulse	5	2589727	14770	3
1112	133	Picture	30	2593027	0	2	4145	3	0	4000	other	0
1112	133	Pulse	5	2609727	16700	2
1112	134	Picture	30	2611098	0	1	4145	2	0	4000	other	0
1112	135	Picture	31	2629169	0	1	4145	2	0	4000	hit	281
1112	135	Pulse	5	2629727	558	2
1112	135	Response	1	2634527	5358	2
1112	136	Picture	30	2647240	0	1	4145	2	0	4000	other	0
1112	136	Pulse	5	2649716	2476	3
1112	137	Picture	30	2665311	0	1	4144	3	0	4000	false_alarm	286
1112	137	Pulse	5	2669716	4405	2
1112	137	Response	1	2671796	6485	2
