Scenario - 1-back
Logfile written - 03/27/2015 18:28:40

Subject	Trial	Event Type	Code	Time	TTime	Uncertainty	Duration	Uncertainty	ReqTime	ReqDur	Stim Type	Pair Index

1113	1	Pulse	5	829508	839346	3
1113	2	Pulse	5	849508	19965	2
1113	3	Picture	10	854576	0	2	4145	3	0	4000	other	0
1113	3	Pulse	5	869507	14931	3
1113	4	Picture	10	872647	0	1	4145	2	0	4000	other	0
1113	4	Pulse	5	889497	16850	2
1113	5	Picture	11	890718	0	1	4145	2	0	4000	hit	8
1113	5	Response	1	894297	3579	2
1113	6	Picture	10	908789	0	1	4145	2	0	4000	other	0
1113	6	Pulse	5	909497	708	2
1113	7	Picture	11	926860	0	1	4144	3	0	4000	hit	13
1113	7	Pulse	5	929496	2636	2
1113	7	Response	1	931097	4237	1
1113	8	Picture	10	944931	0	1	4144	2	0	4000	other	0
1113	8	Pulse	5	949486	4555	2
1113	9	Picture	10	963001	0	2	4145	3	0	4000	other	0
1113	9	Pulse	5	969486	6485	1
1113	10	Picture	10	981072	0	1	4145	2	0	4000	other	0
1113	10	Pulse	5	989485	8413	2
1113	11	Picture	11	999143	0	1	4145	2	0	4000	hit	21
1113	11	Response	1	1002595	3452	2
1113	11	Pulse	5	1009475	10332	2
1113	12	Picture	10	1017214	0	1	4145	2	0	4000	other	0
1113	12	Pulse	5	1029474	12260	2
1113	13	Picture	10	1035285	0	1	4144	3	0	4000	other	0
1113	13	Pulse	5	1049474	14189	2
1113	14	Picture	11	1053356	0	1	4144	2	0	4000	hit	28
1113	14	Response	1	1056984	3628	2
1113	14	Pulse	5	1069464	16108	2
1113	15	Picture	10	1071426	0	1	4145	2	0	4000	other	0
1113	15	Pulse	5	1089463	18037	2
1113	16	Picture	10	1089497	0	1	4145	2	0	4000	other	0
1113	17	Picture	10	1107568	0	1	4145	2	0	4000	other	0
1113	17	Pulse	5	1109463	1895	2
1113	18	Picture	10	1125639	0	1	4144	3	0	4000	other	0
1113	18	Pulse	5	1129453	3814	1
1113	19	Pulse	5	1149452	5742	2
1113	20	Picture	30	1168743	0	2	4145	3	0	4000	other	0
1113	20	Pulse	5	1169452	709	2
1113	21	Picture	30	1186814	0	1	4145	2	0	4000	other	0
1113	21	Pulse	5	1189441	2627	2
1113	22	Picture	31	1204885	0	1	4145	2	0	4000	hit	43
1113	22	Response	1	1208641	3756	2
1113	22	Pulse	5	1209441	4556	2
1113	23	Picture	30	1222956	0	1	4145	3	0	4000	other	0
1113	23	Pulse	5	1229441	6485	1
1113	24	Picture	30	1241027	0	1	4144	3	0	4000	false_alarm	48
1113	24	Response	1	1244950	3923	2
1113	24	Pulse	5	1249430	8403	2
1113	25	Picture	30	1259098	0	1	4144	3	0	4000	other	0
1113	25	Pulse	5	1269430	10332	2
1113	26	Picture	31	1277168	0	2	4145	3	0	4000	miss	0
1113	26	Pulse	5	1289430	12262	1
1113	27	Picture	31	1295239	0	1	4145	2	0	4000	hit	55
1113	27	Response	1	1299979	4740	3
1113	27	Pulse	5	1309419	14180	3
1113	28	Picture	30	1313310	0	1	4145	2	0	4000	other	0
1113	28	Pulse	5	1329419	16109	2
1113	29	Picture	30	1331381	0	1	4145	2	0	4000	other	0
1113	29	Pulse	5	1349418	18037	3
1113	30	Picture	30	1349452	0	1	4144	3	0	4000	other	0
1113	31	Picture	31	1367523	0	1	4144	2	0	4000	hit	64
1113	31	Pulse	5	1369408	1885	2
1113	31	Response	1	1371968	4445	2
1113	32	Picture	30	1385593	0	2	4145	3	0	4000	other	0
1113	32	Pulse	5	1389408	3815	1
1113	33	Picture	30	1403664	0	1	4145	2	0	4000	other	0
1113	33	Pulse	5	1409407	5743	2
1113	34	Picture	30	1421735	0	1	4145	2	0	4000	false_alarm	71
1113	34	Pulse	5	1429398	7663	1
1113	34	Response	1	1429717	7982	2
1113	35	Picture	30	1439806	0	1	4144	3	0	4000	other	0
1113	35	Pulse	5	1449397	9591	1
1113	36	Pulse	5	1469396	11520	2
1113	37	Picture	10	1482911	0	1	4144	3	0	4000	other	0
1113	37	Pulse	5	1489386	6475	2
1113	38	Picture	10	1500981	0	2	4145	3	0	4000	other	0
1113	38	Pulse	5	1509385	8404	2
1113	39	Picture	11	1519052	0	1	4145	2	0	4000	hit	80
1113	39	Response	1	1523306	4254	1
1113	39	Pulse	5	1529386	10334	1
1113	40	Picture	10	1537123	0	1	4145	2	0	4000	other	0
1113	40	Pulse	5	1549375	12252	1
1113	41	Picture	11	1555194	0	1	4144	3	0	4000	hit	85
1113	41	Response	1	1558334	3140	2
1113	41	Pulse	5	1569375	14181	1
1113	42	Picture	10	1573265	0	1	4144	3	0	4000	other	0
1113	42	Pulse	5	1589375	16110	1
1113	43	Picture	10	1591335	0	2	4145	3	0	4000	other	0
1113	43	Pulse	5	1609363	18028	2
1113	44	Picture	10	1609406	0	2	4145	3	0	4000	other	0
1113	45	Picture	11	1627477	0	1	4145	2	0	4000	hit	94
1113	45	Pulse	5	1629363	1886	2
1113	45	Response	1	1630963	3486	2
1113	46	Picture	10	1645548	0	1	4145	2	0	4000	other	0
1113	46	Pulse	5	1649356	3808	9
1113	47	Picture	10	1663619	0	1	4144	3	0	4000	other	0
1113	47	Pulse	5	1669352	5733	3
1113	48	Picture	11	1681690	0	1	4144	2	0	4000	hit	100
1113	48	Response	1	1685512	3822	2
1113	48	Pulse	5	1689352	7662	3
1113	49	Picture	10	1699760	0	2	4145	3	0	4000	other	0
1113	49	Pulse	5	1709512	9752	1
1113	50	Picture	10	1717831	0	2	4145	3	0	4000	other	0
1113	50	Pulse	5	1729501	11670	2
1113	51	Picture	10	1735902	0	1	4145	2	0	4000	other	0
1113	51	Pulse	5	1749501	13599	2
1113	52	Picture	10	1753973	0	1	4145	2	0	4000	other	0
1113	52	Pulse	5	1769501	15528	1
1113	53	Pulse	5	1789490	17446	3
1113	54	Picture	20	1797078	0	1	4144	3	0	4000	other	0
1113	54	Pulse	5	1809490	12412	2
1113	55	Picture	20	1815148	0	2	4145	3	0	4000	other	0
1113	55	Pulse	5	1829489	14341	3
1113	56	Picture	21	1833219	0	1	4145	2	0	4000	hit	116
1113	56	Response	1	1837159	3940	2
1113	56	Pulse	5	1849479	16260	2
1113	57	Picture	20	1851290	0	1	4145	2	0	4000	other	0
1113	58	Picture	20	1869361	0	1	4145	2	0	4000	other	0
1113	58	Pulse	5	1869479	118	1
1113	59	Picture	20	1887432	0	1	4144	3	0	4000	other	0
1113	59	Pulse	5	1889478	2046	2
1113	60	Picture	21	1905503	0	1	4144	2	0	4000	hit	124
1113	60	Response	1	1908348	2845	2
1113	60	Pulse	5	1909468	3965	2
1113	61	Picture	20	1923573	0	2	4145	3	0	4000	other	0
1113	61	Pulse	5	1929467	5894	2
1113	62	Picture	20	1941644	0	1	4145	2	0	4000	other	0
1113	62	Pulse	5	1949467	7823	2
1113	63	Picture	20	1959715	0	1	4145	2	0	4000	other	0
1113	63	Pulse	5	1969457	9742	2
1113	64	Picture	20	1977786	0	1	4145	2	0	4000	other	0
1113	64	Pulse	5	1989456	11670	2
1113	65	Picture	20	1995856	0	2	4145	4	0	4000	other	0
1113	65	Pulse	5	2009456	13600	2
1113	66	Picture	21	2013928	0	1	4144	2	0	4000	hit	137
1113	66	Response	1	2023526	9598	2
1113	66	Pulse	5	2029446	15518	2
1113	67	Picture	20	2031998	0	2	4145	3	0	4000	other	0
1113	67	Pulse	5	2049445	17447	2
1113	68	Picture	20	2050069	0	1	4145	2	0	4000	other	0
1113	69	Picture	21	2068140	0	1	4145	2	0	4000	hit	144
1113	69	Pulse	5	2069445	1305	2
1113	69	Response	1	2072955	4815	2
1113	70	Pulse	5	2089435	3224	2
1113	70	Pulse	5	2109434	23223	2
1113	71	Picture	10	2111244	0	2	4145	4	0	4000	other	0
1113	72	Picture	10	2129316	0	1	4144	2	0	4000	other	0
1113	72	Pulse	5	2129434	118	2
1113	73	Picture	11	2147386	0	2	4145	3	0	4000	hit	152
1113	73	Pulse	5	2149423	2037	2
1113	73	Response	1	2151503	4117	2
1113	74	Picture	10	2165457	0	1	4145	2	0	4000	other	0
1113	74	Pulse	5	2169424	3967	1
1113	75	Picture	11	2183528	0	1	4145	2	0	4000	hit	156
1113	75	Response	1	2187503	3975	1
1113	75	Pulse	5	2189423	5895	1
1113	76	Picture	10	2201599	0	1	4144	3	0	4000	other	0
1113	76	Pulse	5	2209412	7813	2
1113	77	Picture	10	2219670	0	1	4144	3	0	4000	other	0
1113	77	Pulse	5	2229412	9742	2
1113	78	Picture	11	2237741	0	1	4144	2	0	4000	hit	163
1113	78	Response	1	2241412	3671	2
1113	78	Pulse	5	2249411	11670	2
1113	79	Picture	10	2255811	0	1	4145	2	0	4000	other	0
1113	79	Pulse	5	2269401	13590	3
1113	80	Picture	10	2273881	0	3	4146	4	0	4000	other	0
1113	80	Pulse	5	2289401	15520	2
1113	81	Picture	10	2291953	0	1	4145	2	0	4000	other	0
1113	81	Pulse	5	2309400	17447	3
1113	82	Picture	10	2310024	0	1	4144	3	0	4000	other	0
1113	83	Picture	10	2328095	0	1	4144	2	0	4000	other	0
1113	83	Pulse	5	2329390	1295	2
1113	84	Picture	11	2346165	0	2	4145	3	0	4000	hit	175
1113	84	Response	1	2349230	3065	1
1113	84	Pulse	5	2349390	3225	1
1113	85	Picture	10	2364236	0	1	4145	2	0	4000	other	0
1113	85	Pulse	5	2369389	5153	2
1113	86	Picture	10	2382307	0	1	4145	2	0	4000	other	0
1113	86	Pulse	5	2389379	7072	2
1113	87	Pulse	5	2409378	9000	2
1113	88	Picture	30	2425412	0	1	4145	2	0	4000	other	0
1113	88	Pulse	5	2429378	3966	2
1113	89	Picture	30	2443483	0	1	4144	3	0	4000	other	0
1113	89	Pulse	5	2449368	5885	2
1113	90	Picture	30	2461553	0	2	4145	3	0	4000	other	0
1113	90	Pulse	5	2469367	7814	2
1113	91	Picture	31	2479624	0	2	4145	3	0	4000	hit	189
1113	91	Response	1	2483127	3503	2
1113	91	Pulse	5	2489367	9743	2
1113	92	Picture	31	2497695	0	1	4145	2	0	4000	miss	0
1113	92	Pulse	5	2509357	11662	1
1113	93	Picture	30	2515766	0	1	4145	2	0	4000	other	0
1113	93	Pulse	5	2529356	13590	2
1113	94	Picture	30	2533836	0	3	4145	5	0	4000	other	0
1113	94	Pulse	5	2549356	15520	2
1113	95	Picture	30	2551908	0	1	4144	3	0	4000	other	0
1113	95	Pulse	5	2569345	17437	2
1113	96	Picture	31	2569978	0	2	4145	3	0	4000	hit	200
1113	96	Response	1	2574145	4167	2
1113	97	Picture	30	2588049	0	1	4145	2	0	4000	other	0
1113	97	Pulse	5	2589345	1296	2
1113	98	Picture	30	2606120	0	1	4145	2	0	4000	other	0
1113	98	Pulse	5	2609345	3225	2
1113	99	Picture	30	2624191	0	1	4145	2	0	4000	false_alarm	206
1113	99	Response	1	2627414	3223	2
1113	99	Pulse	5	2629334	5143	2
1113	100	Picture	30	2642262	0	1	4144	3	0	4000	other	0
1113	100	Pulse	5	2649334	7072	2
1113	101	Picture	31	2660333	0	1	4144	3	0	4000	miss	0
1113	101	Pulse	5	2669334	9001	1
1113	102	Picture	30	2678403	0	2	4145	3	0	4000	other	0
1113	102	Pulse	5	2689323	10920	2
1113	103	Picture	30	2696474	0	1	4145	2	0	4000	other	0
1113	103	Pulse	5	2709323	12849	2
1113	104	Pulse	5	2729322	14777	2
1113	105	Picture	10	2739579	0	1	4145	2	0	4000	other	0
1113	105	Pulse	5	2749312	9733	3
1113	106	Picture	10	2757650	0	1	4144	3	0	4000	other	0
1113	106	Pulse	5	2769472	11822	2
1113	107	Picture	11	2775720	0	2	4145	3	0	4000	miss	0
1113	107	Pulse	5	2789471	13751	3
1113	108	Picture	10	2793791	0	2	4145	3	0	4000	other	0
1113	108	Pulse	5	2809461	15670	2
1113	109	Picture	11	2811862	0	1	4145	2	0	4000	hit	226
1113	109	Response	1	2815541	3679	2
1113	109	Pulse	5	2829461	17599	1
1113	110	Picture	10	2829933	0	1	4145	2	0	4000	other	0
1113	111	Picture	10	2848004	0	1	4145	2	0	4000	other	0
1113	111	Pulse	5	2849460	1456	2
1113	112	Picture	11	2866075	0	1	4144	3	0	4000	hit	233
1113	112	Pulse	5	2869450	3375	2
1113	112	Response	1	2870090	4015	2
1113	113	Picture	10	2884145	0	2	4145	3	0	4000	other	0
1113	113	Pulse	5	2889449	5304	2
1113	114	Picture	10	2902216	0	1	4145	2	0	4000	other	0
1113	114	Pulse	5	2909449	7233	2
1113	115	Picture	10	2920287	0	1	4145	2	0	4000	other	0
1113	115	Pulse	5	2929439	9152	1
1113	116	Picture	10	2938358	0	1	4145	2	0	4000	other	0
1113	116	Pulse	5	2949438	11080	2
1113	117	Picture	10	2956428	0	2	4145	4	0	4000	other	0
1113	117	Pulse	5	2969438	13010	2
1113	118	Picture	11	2974500	0	1	4144	2	0	4000	hit	245
1113	118	Response	1	2978388	3888	2
1113	118	Pulse	5	2989428	14928	1
1113	119	Picture	10	2992570	0	2	4145	3	0	4000	other	0
1113	119	Pulse	5	3009427	16857	2
1113	120	Picture	10	3010641	0	1	4145	2	0	4000	other	0
1113	121	Pulse	5	3029427	715	2
1113	121	Pulse	5	3049416	20704	2
1113	122	Picture	20	3053746	0	1	4145	2	0	4000	other	0
1113	122	Pulse	5	3069416	15670	2
1113	123	Picture	20	3071817	0	1	4145	2	0	4000	other	0
1113	123	Pulse	5	3089416	17599	2
1113	124	Picture	20	3089888	0	1	4144	3	0	4000	other	0
1113	125	Picture	21	3107958	0	2	4145	3	0	4000	hit	259
1113	125	Pulse	5	3109405	1447	2
1113	125	Response	1	3111485	3527	2
1113	126	Picture	20	3126029	0	2	4145	3	0	4000	other	0
1113	126	Pulse	5	3129405	3376	2
1113	127	Picture	20	3144100	0	1	4145	2	0	4000	other	0
1113	127	Pulse	5	3149405	5305	1
1113	128	Picture	21	3162171	0	1	4145	2	0	4000	hit	265
1113	128	Response	1	3165234	3063	2
1113	128	Pulse	5	3169394	7223	2
1113	129	Picture	20	3180242	0	1	4144	3	0	4000	other	0
1113	129	Pulse	5	3189394	9152	2
1113	130	Picture	20	3198313	0	1	4144	2	0	4000	other	0
1113	130	Pulse	5	3209393	11080	2
1113	131	Picture	20	3216383	0	2	4145	3	0	4000	other	0
1113	131	Pulse	5	3229383	13000	2
1113	132	Picture	21	3234454	0	1	4145	2	0	4000	hit	274
1113	132	Response	1	3237383	2929	2
1113	132	Pulse	5	3249383	14929	2
1113	133	Picture	20	3252525	0	1	4145	2	0	4000	other	0
1113	133	Pulse	5	3269382	16857	3
1113	134	Picture	20	3270596	0	1	4145	2	0	4000	other	0
1113	135	Picture	21	3288667	0	1	4144	3	0	4000	hit	281
1113	135	Pulse	5	3289372	705	2
1113	135	Response	1	3291932	3265	2
1113	136	Picture	20	3306738	0	1	4144	3	0	4000	other	0
1113	136	Pulse	5	3309372	2634	1
1113	137	Picture	20	3324808	0	2	4145	3	0	4000	other	0
1113	137	Pulse	5	3329371	4563	2
