Scenario - 1-back
Logfile written - 03/27/2015 18:37:41

Subject	Trial	Event Type	Code	Time	TTime	Uncertainty	Duration	Uncertainty	ReqTime	ReqDur	Stim Type	Pair Index

1113	1	Pulse	5	158498	168369	3
1113	2	Pulse	5	178498	19893	2
1113	3	Picture	10	183639	0	1	4144	3	0	4000	other	0
1113	3	Pulse	5	198488	14849	2
1113	4	Picture	10	201709	0	2	4145	3	0	4000	other	0
1113	4	Pulse	5	218487	16778	2
1113	5	Picture	11	219780	0	2	4145	3	0	4000	hit	8
1113	5	Response	1	223447	3667	2
1113	6	Picture	10	237851	0	1	4145	2	0	4000	other	0
1113	6	Pulse	5	238487	636	2
1113	7	Picture	11	255922	0	1	4144	3	0	4000	hit	13
1113	7	Pulse	5	258476	2554	3
1113	7	Response	1	262156	6234	3
1113	8	Picture	10	273993	0	1	4144	3	0	4000	other	0
1113	8	Pulse	5	278476	4483	2
1113	9	Picture	10	292064	0	1	4144	2	0	4000	other	0
1113	9	Pulse	5	298476	6412	2
1113	10	Picture	10	310134	0	2	4145	3	0	4000	other	0
1113	10	Pulse	5	318465	8331	3
1113	11	Picture	11	328205	0	1	4145	2	0	4000	hit	21
1113	11	Response	1	331265	3060	3
1113	11	Pulse	5	338465	10260	3
1113	12	Picture	10	346276	0	1	4145	2	0	4000	other	0
1113	12	Pulse	5	358465	12189	3
1113	13	Picture	10	364347	0	1	4145	2	0	4000	other	0
1113	13	Pulse	5	378454	14107	2
1113	14	Picture	11	382418	0	1	4144	3	0	4000	hit	28
1113	14	Response	1	386454	4036	2
1113	14	Pulse	5	398454	16036	2
1113	15	Picture	10	400489	0	1	4144	2	0	4000	other	0
1113	15	Pulse	5	418453	17964	3
1113	16	Picture	10	418559	0	2	4145	3	0	4000	other	0
1113	17	Picture	10	436630	0	1	4145	2	0	4000	other	0
1113	17	Pulse	5	438443	1813	2
1113	18	Picture	10	454701	0	1	4145	2	0	4000	other	0
1113	18	Pulse	5	458443	3742	2
1113	19	Pulse	5	478442	5670	3
1113	20	Picture	30	497806	0	1	4144	3	0	4000	other	0
1113	20	Pulse	5	498592	786	2
1113	21	Picture	30	515877	0	1	4144	2	0	4000	other	0
1113	21	Pulse	5	518592	2715	2
1113	22	Picture	31	533947	0	2	4145	3	0	4000	miss	0
1113	22	Pulse	5	538581	4634	2
1113	23	Picture	30	552018	0	1	4145	2	0	4000	other	0
1113	23	Pulse	5	558581	6563	2
1113	24	Picture	30	570089	0	1	4145	2	0	4000	other	0
1113	24	Pulse	5	578580	8491	3
1113	25	Picture	30	588160	0	1	4144	3	0	4000	other	0
1113	25	Pulse	5	598570	10410	2
1113	26	Picture	31	606231	0	1	4144	3	0	4000	miss	0
1113	26	Pulse	5	618570	12339	2
1113	27	Picture	31	624302	0	1	4144	2	0	4000	miss	0
1113	27	Pulse	5	638569	14267	3
1113	28	Picture	30	642372	0	2	4145	3	0	4000	other	0
1113	28	Pulse	5	658559	16187	2
1113	29	Picture	30	660443	0	1	4145	2	0	4000	other	0
1113	30	Picture	30	678514	0	1	4145	2	0	4000	false_alarm	59
1113	30	Pulse	5	678559	45	2
1113	30	Response	1	685118	6604	3
1113	31	Picture	31	696585	0	1	4144	3	0	4000	miss	0
1113	31	Pulse	5	698558	1973	2
1113	32	Picture	30	714656	0	1	4144	3	0	4000	other	0
1113	32	Pulse	5	718548	3892	2
1113	33	Picture	30	732726	0	2	4145	3	0	4000	false_alarm	66
1113	33	Pulse	5	738547	5821	3
1113	33	Response	1	742547	9821	3
1113	34	Picture	30	750797	0	2	4145	3	0	4000	other	0
1113	34	Pulse	5	758547	7750	2
1113	35	Picture	30	768868	0	1	4145	2	0	4000	other	0
1113	35	Pulse	5	778537	9669	3
1113	36	Pulse	5	798536	11597	3
1113	37	Picture	10	811973	0	1	4145	2	0	4000	other	0
1113	37	Pulse	5	818536	6563	3
1113	38	Picture	10	830044	0	1	4144	3	0	4000	other	0
1113	38	Pulse	5	838525	8481	3
1113	39	Picture	11	848114	0	2	4145	3	0	4000	hit	77
1113	39	Response	1	852285	4171	3
1113	39	Pulse	5	858525	10411	2
1113	40	Picture	10	866185	0	1	4145	2	0	4000	other	0
1113	40	Pulse	5	878525	12340	2
1113	41	Picture	11	884256	0	1	4145	2	0	4000	hit	82
1113	41	Response	1	888445	4189	2
1113	41	Pulse	5	898514	14258	3
1113	42	Picture	10	902327	0	1	4145	2	0	4000	other	0
1113	42	Pulse	5	918514	16187	2
1113	43	Picture	10	920398	0	1	4144	3	0	4000	other	0
1113	44	Picture	10	938469	0	1	4144	2	0	4000	other	0
1113	44	Pulse	5	938514	45	2
1113	45	Picture	11	956539	0	2	4145	3	0	4000	hit	91
1113	45	Pulse	5	958503	1964	3
1113	45	Response	1	960743	4204	3
1113	46	Picture	10	974610	0	2	4145	3	0	4000	other	0
1113	46	Pulse	5	978503	3893	2
1113	47	Picture	10	992681	0	1	4145	2	0	4000	other	0
1113	47	Pulse	5	998503	5822	2
1113	48	Picture	11	1010752	0	1	4145	2	0	4000	hit	97
1113	48	Response	1	1014662	3910	2
1113	48	Pulse	5	1018492	7740	2
1113	49	Picture	10	1028823	0	1	4144	8	0	4000	other	0
1113	49	Pulse	5	1038492	9669	2
1113	50	Picture	10	1046894	0	1	4144	3	0	4000	other	0
1113	50	Pulse	5	1058491	11597	3
1113	51	Picture	10	1064964	0	2	4145	3	0	4000	other	0
1113	51	Pulse	5	1078481	13517	2
1113	52	Picture	10	1083035	0	1	4145	2	0	4000	other	0
1113	52	Pulse	5	1098481	15446	2
1113	53	Pulse	5	1118480	17374	3
1113	54	Picture	20	1126140	0	1	4145	2	0	4000	other	0
1113	54	Pulse	5	1138470	12330	2
1113	55	Picture	20	1144211	0	1	4144	3	0	4000	other	0
1113	55	Pulse	5	1158470	14259	2
1113	56	Picture	21	1162282	0	1	4144	3	0	4000	hit	113
1113	56	Response	1	1165829	3547	3
1113	56	Pulse	5	1178469	16187	2
1113	57	Picture	20	1180352	0	2	4145	3	0	4000	other	0
1113	58	Picture	20	1198423	0	2	4145	3	0	4000	other	0
1113	58	Pulse	5	1198459	36	2
1113	59	Picture	20	1216494	0	1	4145	2	0	4000	other	0
1113	59	Pulse	5	1218458	1964	3
1113	60	Picture	21	1234565	0	1	4145	2	0	4000	hit	121
1113	60	Response	1	1237338	2773	2
1113	60	Pulse	5	1238458	3893	2
1113	61	Picture	20	1252636	0	1	4144	3	0	4000	other	0
1113	61	Pulse	5	1258448	5812	3
1113	62	Picture	20	1270706	0	2	4145	3	0	4000	other	0
1113	62	Pulse	5	1278447	7741	4
1113	63	Picture	20	1288777	0	2	4145	3	0	4000	other	0
1113	63	Pulse	5	1298447	9670	3
1113	64	Picture	20	1306848	0	1	4145	2	0	4000	other	0
1113	64	Pulse	5	1318437	11589	2
1113	65	Picture	20	1324919	0	1	4145	2	0	4000	other	0
1113	65	Pulse	5	1338436	13517	2
1113	66	Picture	21	1342990	0	1	4145	2	0	4000	hit	134
1113	66	Response	1	1348036	5046	2
1113	66	Pulse	5	1358436	15446	2
1113	67	Picture	20	1361061	0	1	4144	3	0	4000	other	0
1113	67	Pulse	5	1378425	17364	3
1113	68	Picture	20	1379131	0	2	4145	3	0	4000	other	0
1113	69	Picture	21	1397202	0	1	4145	2	0	4000	hit	141
1113	69	Pulse	5	1398425	1223	2
1113	69	Response	1	1402105	4903	2
1113	70	Pulse	5	1418425	3152	2
1113	70	Pulse	5	1438414	23141	3
1113	71	Picture	10	1440307	0	1	4145	2	0	4000	other	0
1113	72	Picture	10	1458378	0	1	4145	2	0	4000	other	0
1113	72	Pulse	5	1458414	36	2
1113	73	Picture	11	1476449	0	1	4144	3	0	4000	hit	149
1113	73	Pulse	5	1478414	1965	2
1113	73	Response	1	1481933	5484	3
1113	74	Picture	10	1494519	0	2	4145	3	0	4000	other	0
1113	74	Pulse	5	1498403	3884	2
1113	75	Picture	11	1512590	0	2	4145	3	0	4000	hit	153
1113	75	Response	1	1516803	4213	2
1113	75	Pulse	5	1518403	5813	2
1113	76	Picture	10	1530661	0	1	4145	2	0	4000	other	0
1113	76	Pulse	5	1538562	7901	3
1113	77	Picture	10	1548732	0	1	4145	2	0	4000	other	0
1113	77	Pulse	5	1558552	9820	2
1113	78	Picture	11	1566803	0	1	4145	2	0	4000	hit	160
1113	78	Response	1	1572312	5509	2
1113	78	Pulse	5	1578552	11749	2
1113	79	Picture	10	1584874	0	1	4144	2	0	4000	other	0
1113	79	Pulse	5	1598551	13677	3
1113	80	Picture	10	1602944	0	2	4145	3	0	4000	other	0
1113	80	Pulse	5	1618541	15597	2
1113	81	Picture	10	1621015	0	1	4145	2	0	4000	other	0
1113	81	Pulse	5	1638541	17526	2
1113	82	Picture	10	1639086	0	1	4145	2	0	4000	other	0
1113	83	Picture	10	1657157	0	1	4145	2	0	4000	other	0
1113	83	Pulse	5	1658538	1381	7
1113	84	Picture	11	1675228	0	1	4144	3	0	4000	hit	173
1113	84	Pulse	5	1678530	3302	3
1113	84	Response	1	1680290	5062	3
1113	85	Picture	10	1693299	0	1	4144	2	0	4000	other	0
1113	85	Pulse	5	1698529	5230	3
1113	86	Picture	10	1711369	0	2	4145	3	0	4000	other	0
1113	86	Pulse	5	1718529	7160	2
1113	87	Pulse	5	1738519	9079	3
1113	88	Picture	30	1754474	0	1	4145	2	0	4000	other	0
1113	88	Pulse	5	1758518	4044	3
1113	89	Picture	30	1772545	0	1	4145	2	0	4000	other	0
1113	89	Pulse	5	1778518	5973	3
1113	90	Picture	30	1790616	0	1	4144	3	0	4000	other	0
1113	90	Pulse	5	1798507	7891	3
1113	91	Picture	31	1808687	0	1	4144	3	0	4000	hit	186
1113	91	Response	1	1811787	3100	2
1113	91	Pulse	5	1818507	9820	2
1113	92	Picture	31	1826757	0	2	4145	3	0	4000	miss	0
1113	92	Pulse	5	1838507	11750	2
1113	93	Picture	30	1844828	0	1	4141	13	0	4000	other	0
1113	93	Pulse	5	1858496	13668	3
1113	94	Picture	30	1862899	0	1	4145	2	0	4000	other	0
1113	94	Pulse	5	1878496	15597	2
1113	95	Picture	30	1880970	0	1	4145	2	0	4000	other	0
1113	95	Pulse	5	1898496	17526	2
1113	96	Picture	31	1899041	0	1	4144	3	0	4000	hit	197
1113	96	Response	1	1902655	3614	3
1113	97	Picture	30	1917112	0	1	4144	3	0	4000	other	0
1113	97	Pulse	5	1918485	1373	3
1113	98	Picture	30	1935182	0	2	4145	3	0	4000	other	0
1113	98	Pulse	5	1938485	3303	2
1113	99	Picture	30	1953253	0	1	4145	2	0	4000	other	0
1113	99	Pulse	5	1958484	5231	3
1113	100	Picture	30	1971324	0	1	4145	2	0	4000	false_alarm	205
1113	100	Response	1	1975274	3950	2
1113	100	Pulse	5	1978474	7150	2
1113	101	Picture	31	1989395	0	1	4145	2	0	4000	miss	0
1113	101	Pulse	5	1998474	9079	2
1113	102	Picture	30	2007466	0	1	4144	3	0	4000	other	0
1113	102	Pulse	5	2018473	11007	3
1113	103	Picture	30	2025537	0	1	4144	2	0	4000	other	0
1113	103	Pulse	5	2038463	12926	2
1113	104	Pulse	5	2058463	14856	2
1113	105	Picture	10	2068641	0	1	4145	2	0	4000	other	0
1113	105	Pulse	5	2078462	9821	2
1113	106	Picture	10	2086712	0	1	4145	2	0	4000	other	0
1113	106	Pulse	5	2098452	11740	2
1113	107	Picture	11	2104783	0	1	4145	2	0	4000	hit	219
1113	107	Response	1	2110132	5349	2
1113	107	Pulse	5	2118451	13668	3
1113	108	Picture	10	2122854	0	1	4144	3	0	4000	other	0
1113	108	Pulse	5	2138451	15597	2
1113	109	Picture	11	2140925	0	1	4144	2	0	4000	hit	224
1113	109	Response	1	2145331	4406	2
1113	109	Pulse	5	2158441	17516	2
1113	110	Picture	10	2158995	0	2	4145	3	0	4000	other	0
1113	111	Picture	10	2177066	0	1	4145	2	0	4000	other	0
1113	111	Pulse	5	2178440	1374	3
1113	112	Picture	11	2195137	0	1	4145	2	0	4000	hit	231
1113	112	Pulse	5	2198440	3303	2
1113	112	Response	1	2199240	4103	2
1113	113	Picture	10	2213208	0	1	4145	2	0	4000	other	0
1113	113	Pulse	5	2218430	5222	3
1113	114	Picture	10	2231279	0	1	4144	3	0	4000	other	0
1113	114	Pulse	5	2238429	7150	3
1113	115	Picture	10	2249350	0	1	4144	2	0	4000	false_alarm	237
1113	115	Response	1	2252189	2839	3
1113	115	Pulse	5	2258429	9079	3
1113	116	Picture	10	2267420	0	2	4145	3	0	4000	other	0
1113	116	Pulse	5	2278418	10998	3
1113	117	Picture	10	2285491	0	1	4145	2	0	4000	other	0
1113	117	Pulse	5	2298418	12927	2
1113	118	Picture	11	2303562	0	1	4145	2	0	4000	miss	0
1113	118	Pulse	5	2318418	14856	2
1113	119	Picture	10	2321633	0	1	4145	3	0	4000	other	0
1113	119	Pulse	5	2338407	16774	3
1113	120	Picture	10	2339704	0	1	4143	4	0	4000	other	0
1113	121	Pulse	5	2358407	632	2
1113	121	Pulse	5	2378407	20632	2
1113	122	Picture	20	2382808	0	2	4145	3	0	4000	other	0
1113	122	Pulse	5	2398396	15588	2
1113	123	Picture	20	2400879	0	1	4145	2	0	4000	other	0
1113	123	Pulse	5	2418396	17517	2
1113	124	Picture	20	2418950	0	1	4145	2	0	4000	other	0
1113	125	Picture	21	2437021	0	1	4145	2	0	4000	hit	257
1113	125	Pulse	5	2438395	1374	3
1113	125	Response	1	2440475	3454	4
1113	126	Picture	20	2455092	0	1	4144	3	0	4000	other	0
1113	126	Pulse	5	2458385	3293	2
1113	127	Picture	20	2473162	0	2	4145	3	0	4000	other	0
1113	127	Pulse	5	2478385	5223	2
1113	128	Picture	21	2491233	0	2	4145	3	0	4000	hit	263
1113	128	Response	1	2494384	3151	3
1113	128	Pulse	5	2498384	7151	3
1113	129	Picture	20	2509304	0	2	4145	3	0	4000	other	0
1113	129	Pulse	5	2518374	9070	2
1113	130	Picture	20	2527375	0	1	4145	2	0	4000	other	0
1113	130	Pulse	5	2538374	10999	2
1113	131	Picture	20	2545446	0	1	4144	3	0	4000	other	0
1113	131	Pulse	5	2558373	12927	2
1113	132	Picture	21	2563517	0	1	4144	2	0	4000	hit	272
1113	132	Response	1	2567173	3656	2
1113	132	Pulse	5	2578523	15006	2
1113	133	Picture	20	2581587	0	2	4145	3	0	4000	other	0
1113	133	Pulse	5	2598522	16935	3
1113	134	Picture	20	2599658	0	2	4144	5	0	4000	other	0
1113	135	Picture	21	2617729	0	1	4145	2	0	4000	miss	0
1113	135	Pulse	5	2618522	793	2
1113	136	Picture	20	2635800	0	1	4145	2	0	4000	other	0
1113	136	Pulse	5	2638512	2712	2
1113	137	Picture	20	2653871	0	1	4144	3	0	4000	other	0
1113	137	Pulse	5	2658511	4640	3
