Scenario - 1-back
Logfile written - 03/27/2015 18:33:11

Subject	Trial	Event Type	Code	Time	TTime	Uncertainty	Duration	Uncertainty	ReqTime	ReqDur	Stim Type	Pair Index

1113	1	Pulse	5	178234	188068	2
1113	2	Pulse	5	198234	19900	2
1113	3	Picture	10	203367	0	2	4145	3	0	4000	other	0
1113	3	Pulse	5	218223	14856	2
1113	4	Picture	10	221438	0	2	4145	3	0	4000	other	0
1113	4	Pulse	5	238223	16785	2
1113	5	Picture	11	239509	0	1	4145	2	0	4000	hit	8
1113	5	Response	1	243503	3994	2
1113	6	Picture	10	257580	0	1	4145	2	0	4000	other	0
1113	6	Pulse	5	258223	643	1
1113	7	Picture	11	275651	0	1	4144	3	0	4000	hit	13
1113	7	Pulse	5	278212	2561	2
1113	7	Response	1	279812	4161	2
1113	8	Picture	10	293722	0	1	4144	3	0	4000	other	0
1113	8	Pulse	5	298212	4490	2
1113	9	Picture	10	311727	0	232	4044	234	0	4000	other	0
1113	9	Pulse	5	318211	6484	2
1113	10	Picture	10	329863	0	2	4145	3	0	4000	other	0
1113	10	Pulse	5	338201	8338	2
1113	11	Picture	11	347934	0	1	4145	2	0	4000	hit	21
1113	11	Response	1	351481	3547	2
1113	11	Pulse	5	358201	10267	2
1113	12	Picture	10	366005	0	1	4145	2	0	4000	other	0
1113	12	Pulse	5	378201	12196	1
1113	13	Picture	10	384076	0	1	4144	3	0	4000	other	0
1113	13	Pulse	5	398190	14114	2
1113	14	Picture	11	402147	0	1	4144	2	0	4000	hit	28
1113	14	Response	1	405710	3563	2
1113	14	Pulse	5	418190	16043	1
1113	15	Picture	10	420217	0	2	4145	3	0	4000	other	0
1113	15	Pulse	5	438189	17972	2
1113	16	Picture	10	438288	0	1	4145	2	0	4000	other	0
1113	17	Picture	10	456359	0	1	4145	2	0	4000	other	0
1113	17	Pulse	5	458179	1820	2
1113	18	Picture	10	474430	0	1	4145	2	0	4000	other	0
1113	18	Pulse	5	478178	3748	2
1113	19	Pulse	5	498178	5677	2
1113	20	Picture	20	517535	0	1	4144	3	0	4000	other	0
1113	20	Pulse	5	518168	633	1
1113	21	Picture	20	535605	0	2	4145	3	0	4000	other	0
1113	21	Pulse	5	538167	2562	2
1113	22	Picture	21	553676	0	1	4145	2	0	4000	hit	43
1113	22	Response	1	558167	4491	2
1113	22	Pulse	5	558167	4491	2
1113	23	Picture	20	571747	0	1	4145	2	0	4000	other	0
1113	23	Pulse	5	578157	6410	2
1113	24	Picture	20	589818	0	1	4145	2	0	4000	other	0
1113	24	Pulse	5	598156	8338	3
1113	25	Picture	20	607889	0	1	4144	3	0	4000	other	0
1113	25	Pulse	5	618156	10267	3
1113	26	Picture	21	625960	0	1	4144	2	0	4000	hit	52
1113	26	Response	1	628866	2906	1
1113	26	Pulse	5	638146	12186	1
1113	27	Picture	20	644030	0	2	4145	3	0	4000	other	0
1113	27	Pulse	5	658145	14115	2
1113	28	Picture	20	662101	0	1	4145	2	0	4000	other	0
1113	28	Pulse	5	678145	16044	2
1113	29	Picture	20	680172	0	1	4145	2	0	4000	other	0
1113	29	Pulse	5	698134	17962	2
1113	30	Picture	20	698243	0	1	4145	2	0	4000	other	0
1113	31	Picture	20	716314	0	1	4144	3	0	4000	false_alarm	63
1113	31	Pulse	5	718134	1820	2
1113	31	Response	1	725974	9660	2
1113	32	Picture	21	734384	0	2	4145	3	0	4000	miss	0
1113	32	Pulse	5	738134	3750	1
1113	33	Picture	20	752455	0	2	4145	3	0	4000	other	0
1113	33	Pulse	5	758124	5669	1
1113	34	Picture	20	770526	0	1	4145	2	0	4000	other	0
1113	34	Pulse	5	778123	7597	2
1113	35	Picture	21	788597	0	1	4145	2	0	4000	hit	71
1113	35	Response	1	791723	3126	1
1113	35	Pulse	5	798123	9526	1
1113	36	Pulse	5	818112	11444	2
1113	37	Picture	10	831702	0	1	4144	3	0	4000	other	0
1113	37	Pulse	5	838272	6570	2
1113	38	Picture	10	849772	0	2	4145	3	0	4000	other	0
1113	38	Pulse	5	858271	8499	3
1113	39	Picture	11	867843	0	2	4145	3	0	4000	hit	79
1113	39	Response	1	871061	3218	2
1113	39	Pulse	5	878261	10418	2
1113	40	Picture	10	885914	0	1	4145	2	0	4000	other	0
1113	40	Pulse	5	898259	12345	9
1113	41	Picture	11	903985	0	1	4145	2	0	4000	hit	84
1113	41	Response	1	907700	3715	2
1113	41	Pulse	5	918259	14274	9
1113	42	Picture	10	922056	0	1	4144	3	0	4000	other	0
1113	42	Pulse	5	938250	16194	2
1113	43	Picture	10	940127	0	1	4144	3	0	4000	other	0
1113	44	Picture	10	958198	0	1	4144	2	0	4000	other	0
1113	44	Pulse	5	958249	51	2
1113	45	Picture	11	976268	0	2	4145	3	0	4000	hit	93
1113	45	Pulse	5	978250	1982	1
1113	45	Response	1	979209	2941	2
1113	46	Picture	10	994339	0	1	4145	2	0	4000	other	0
1113	46	Pulse	5	998239	3900	1
1113	47	Picture	10	1012410	0	1	4145	2	0	4000	other	0
1113	47	Pulse	5	1018238	5828	2
1113	48	Picture	11	1030481	0	1	4144	3	0	4000	hit	99
1113	48	Response	1	1034238	3757	2
1113	48	Pulse	5	1038238	7757	2
1113	49	Picture	10	1048552	0	1	4144	3	0	4000	other	0
1113	49	Pulse	5	1058227	9675	3
1113	50	Picture	10	1066622	0	2	4145	3	0	4000	other	0
1113	50	Pulse	5	1078227	11605	3
1113	51	Picture	10	1084693	0	1	4145	2	0	4000	other	0
1113	51	Pulse	5	1098227	13534	3
1113	52	Picture	10	1102764	0	1	4145	2	0	4000	other	0
1113	52	Pulse	5	1118216	15452	2
1113	53	Pulse	5	1138216	17381	2
1113	54	Picture	30	1145869	0	1	4145	2	0	4000	other	0
1113	54	Pulse	5	1158216	12347	1
1113	55	Picture	30	1163940	0	1	4144	3	0	4000	other	0
1113	55	Pulse	5	1178205	14265	2
1113	56	Picture	31	1182010	0	2	4145	3	0	4000	hit	115
1113	56	Response	1	1186045	4035	2
1113	56	Pulse	5	1198205	16195	2
1113	57	Picture	30	1200081	0	2	4145	3	0	4000	other	0
1113	58	Picture	30	1218152	0	1	4145	2	0	4000	other	0
1113	58	Pulse	5	1218205	53	1
1113	59	Picture	30	1236223	0	1	4145	2	0	4000	other	0
1113	59	Pulse	5	1238194	1971	2
1113	60	Picture	31	1254294	0	1	4144	3	0	4000	hit	123
1113	60	Response	1	1257554	3260	2
1113	60	Pulse	5	1258194	3900	2
1113	61	Picture	31	1272365	0	1	4144	2	0	4000	miss	0
1113	61	Pulse	5	1278193	5828	2
1113	62	Picture	30	1290435	0	2	4145	3	0	4000	other	0
1113	62	Pulse	5	1298183	7748	2
1113	63	Picture	30	1308506	0	1	4145	2	0	4000	other	0
1113	63	Pulse	5	1318183	9677	1
1113	64	Picture	30	1326577	0	1	4145	2	0	4000	other	0
1113	64	Pulse	5	1338182	11605	2
1113	65	Picture	31	1344648	0	1	4145	2	0	4000	hit	134
1113	65	Response	1	1350652	6004	2
1113	65	Pulse	5	1358172	13524	2
1113	66	Picture	30	1362719	0	1	4144	3	0	4000	other	0
1113	66	Pulse	5	1378172	15453	1
1113	67	Picture	30	1380790	0	1	4144	2	0	4000	other	0
1113	67	Pulse	5	1398172	17382	1
1113	68	Picture	30	1398860	0	2	4145	3	0	4000	other	0
1113	69	Picture	30	1416931	0	1	4145	2	0	4000	other	0
1113	69	Pulse	5	1418161	1230	2
1113	70	Pulse	5	1438160	3158	2
1113	70	Pulse	5	1458160	23158	2
1113	71	Picture	10	1460036	0	1	4145	2	0	4000	other	0
1113	72	Picture	10	1478107	0	1	4144	3	0	4000	other	0
1113	72	Pulse	5	1478150	43	2
1113	73	Picture	11	1496178	0	1	4144	2	0	4000	hit	150
1113	73	Pulse	5	1498149	1971	2
1113	73	Response	1	1499909	3731	3
1113	74	Picture	10	1514248	0	2	4145	3	0	4000	other	0
1113	74	Pulse	5	1518149	3901	2
1113	75	Picture	11	1532319	0	1	4145	2	0	4000	hit	154
1113	75	Response	1	1536379	4060	2
1113	75	Pulse	5	1538138	5819	3
1113	76	Picture	10	1550390	0	1	4145	2	0	4000	other	0
1113	76	Pulse	5	1558138	7748	3
1113	77	Picture	10	1568461	0	1	4145	2	0	4000	other	0
1113	77	Pulse	5	1578138	9677	3
1113	78	Picture	11	1586532	0	1	4144	3	0	4000	hit	161
1113	78	Response	1	1590928	4396	1
1113	78	Pulse	5	1598127	11595	2
1113	79	Picture	10	1604603	0	1	4144	2	0	4000	other	0
1113	79	Pulse	5	1618127	13524	2
1113	80	Picture	10	1622673	0	2	4145	3	0	4000	other	0
1113	80	Pulse	5	1638127	15454	1
1113	81	Picture	10	1640744	0	1	4145	2	0	4000	other	0
1113	81	Pulse	5	1658116	17372	2
1113	82	Picture	10	1658815	0	1	4145	2	0	4000	other	0
1113	83	Picture	10	1676886	0	1	4145	2	0	4000	other	0
1113	83	Pulse	5	1678116	1230	2
1113	84	Picture	11	1694957	0	1	4144	3	0	4000	hit	174
1113	84	Pulse	5	1698116	3159	1
1113	84	Response	1	1699235	4278	2
1113	85	Picture	10	1713027	0	2	4145	3	0	4000	other	0
1113	85	Pulse	5	1718105	5078	2
1113	86	Picture	10	1731098	0	1	4145	2	0	4000	other	0
1113	86	Pulse	5	1738105	7007	2
1113	87	Pulse	5	1758105	8936	1
1113	88	Picture	20	1774203	0	1	4145	2	0	4000	other	0
1113	88	Pulse	5	1778094	3891	2
1113	89	Picture	20	1792273	0	7	4146	8	0	4000	other	0
1113	89	Pulse	5	1798094	5821	1
1113	90	Picture	20	1810345	0	1	4144	3	0	4000	other	0
1113	90	Pulse	5	1818093	7748	2
1113	91	Picture	21	1828415	0	2	4145	3	0	4000	hit	187
1113	91	Response	1	1831363	2948	2
1113	91	Pulse	5	1838083	9668	2
1113	92	Picture	20	1846486	0	2	4145	3	0	4000	other	0
1113	92	Pulse	5	1858082	11596	2
1113	93	Picture	20	1864557	0	1	4145	2	0	4000	other	0
1113	93	Pulse	5	1878242	13685	3
1113	94	Picture	21	1882628	0	1	4145	2	0	4000	hit	194
1113	94	Response	1	1886232	3604	2
1113	94	Pulse	5	1898232	15604	2
1113	95	Picture	20	1900699	0	1	4144	3	0	4000	other	0
1113	95	Pulse	5	1918231	17532	2
1113	96	Picture	20	1918770	0	1	4144	3	0	4000	other	0
1113	97	Picture	20	1936840	0	2	4145	3	0	4000	other	0
1113	97	Pulse	5	1938231	1391	2
1113	98	Picture	21	1954911	0	1	4145	2	0	4000	hit	202
1113	98	Response	1	1958221	3310	1
1113	98	Pulse	5	1958221	3310	1
1113	99	Picture	20	1972982	0	1	4145	2	0	4000	other	0
1113	99	Pulse	5	1978220	5238	2
1113	100	Picture	20	1991053	0	1	4145	2	0	4000	other	0
1113	100	Pulse	5	1998220	7167	2
1113	101	Picture	21	2009124	0	1	4144	3	0	4000	hit	209
1113	101	Response	1	2012290	3166	2
1113	101	Pulse	5	2018209	9085	3
1113	102	Picture	20	2027195	0	1	4144	3	0	4000	other	0
1113	102	Pulse	5	2038209	11014	2
1113	103	Picture	20	2045265	0	2	4144	4	0	4000	other	0
1113	103	Pulse	5	2058209	12944	3
1113	104	Pulse	5	2078198	14862	2
1113	105	Picture	10	2088370	0	1	4145	2	0	4000	other	0
1113	105	Pulse	5	2098198	9828	2
1113	106	Picture	10	2106441	0	1	4145	2	0	4000	other	0
1113	106	Pulse	5	2118198	11757	1
1113	107	Picture	11	2124512	0	1	4144	3	0	4000	hit	221
1113	107	Response	1	2127467	2955	2
1113	107	Pulse	5	2138187	13675	2
1113	108	Picture	10	2142583	0	1	4144	3	0	4000	other	0
1113	108	Pulse	5	2158187	15604	2
1113	109	Picture	11	2160653	0	2	4145	3	0	4000	hit	226
1113	109	Response	1	2164587	3934	2
1113	109	Pulse	5	2178187	17534	1
1113	110	Picture	10	2178724	0	1	4145	2	0	4000	other	0
1113	111	Picture	10	2196795	0	1	4145	2	0	4000	other	0
1113	111	Pulse	5	2198176	1381	2
1113	112	Picture	11	2214866	0	1	4145	2	0	4000	hit	233
1113	112	Pulse	5	2218176	3310	2
1113	112	Response	1	2218816	3950	2
1113	113	Picture	10	2232937	0	1	4144	3	0	4000	other	0
1113	113	Pulse	5	2238176	5239	1
1113	114	Picture	10	2251008	0	1	4144	2	0	4000	other	0
1113	114	Pulse	5	2258165	7157	2
1113	115	Picture	10	2269078	0	2	4145	3	0	4000	false_alarm	239
1113	115	Response	1	2273365	4287	2
1113	115	Pulse	5	2278165	9087	1
1113	116	Picture	10	2287149	0	1	4145	2	0	4000	other	0
1113	116	Pulse	5	2298164	11015	2
1113	117	Picture	10	2305220	0	1	4145	2	0	4000	other	0
1113	117	Pulse	5	2318154	12934	2
1113	118	Picture	11	2323291	0	1	4145	2	0	4000	hit	246
1113	118	Response	1	2327754	4463	1
1113	118	Pulse	5	2338153	14862	2
1113	119	Picture	10	2341362	0	1	4144	3	0	4000	other	0
1113	119	Pulse	5	2358154	16792	1
1113	120	Picture	10	2359432	0	2	4145	3	0	4000	other	0
1113	121	Pulse	5	2378143	640	2
1113	121	Pulse	5	2398142	20639	2
1113	122	Picture	30	2402703	0	1	4145	2	0	4000	other	0
1113	122	Pulse	5	2418142	15439	2
1113	123	Picture	30	2420774	0	1	4145	2	0	4000	other	0
1113	123	Pulse	5	2438132	17358	1
1113	124	Picture	30	2438845	0	1	4144	3	0	4000	other	0
1113	125	Picture	31	2456916	0	1	4144	2	0	4000	hit	260
1113	125	Pulse	5	2458131	1215	2
1113	125	Response	1	2464051	7135	2
1113	126	Picture	31	2474986	0	2	4145	3	0	4000	miss	0
1113	126	Pulse	5	2478132	3146	1
1113	127	Picture	30	2493057	0	1	4145	2	0	4000	other	0
1113	127	Pulse	5	2498120	5063	3
1113	128	Picture	30	2511128	0	1	4145	2	0	4000	other	0
1113	128	Pulse	5	2518120	6992	3
1113	129	Picture	30	2529199	0	1	4145	2	0	4000	other	0
1113	129	Pulse	5	2538120	8921	3
1113	130	Picture	31	2547270	0	1	4144	3	0	4000	hit	270
1113	130	Response	1	2552029	4759	2
1113	130	Pulse	5	2558109	10839	2
1113	131	Picture	30	2565340	0	2	4145	3	0	4000	other	0
1113	131	Pulse	5	2578109	12769	2
1113	132	Picture	30	2583411	0	2	4145	3	0	4000	other	0
1113	132	Pulse	5	2598109	14698	1
1113	133	Picture	30	2601482	0	1	4145	2	0	4000	other	0
1113	133	Pulse	5	2618098	16616	2
1113	134	Picture	30	2619553	0	1	4145	2	0	4000	other	0
1113	135	Picture	31	2637624	0	1	4145	2	0	4000	hit	281
1113	135	Pulse	5	2638098	474	2
1113	135	Response	1	2641458	3834	2
1113	136	Picture	30	2655695	0	1	4144	3	0	4000	other	0
1113	136	Pulse	5	2658097	2402	2
1113	137	Picture	30	2673765	0	2	4145	3	0	4000	other	0
1113	137	Pulse	5	2678087	4322	2
