Scenario - 1-back
Logfile written - 03/27/2015 18:23:02

Subject	Trial	Event Type	Code	Time	TTime	Uncertainty	Duration	Uncertainty	ReqTime	ReqDur	Stim Type	Pair Index

1113	1	Pulse	5	194624	204458	3
1113	2	Pulse	5	214614	19868	2
1113	3	Picture	10	219780	0	2	4145	3	0	4000	other	0
1113	3	Pulse	5	234614	14834	2
1113	4	Picture	10	237851	0	1	4145	2	0	4000	other	0
1113	4	Pulse	5	254613	16762	3
1113	5	Picture	11	255922	0	1	4145	2	0	4000	hit	8
1113	5	Response	1	263083	7161	2
1113	6	Picture	10	273993	0	1	4145	2	0	4000	other	0
1113	6	Pulse	5	274603	610	3
1113	7	Picture	11	292064	0	1	4144	2	0	4000	hit	13
1113	7	Pulse	5	294603	2539	2
1113	7	Response	1	295882	3818	3
1113	8	Picture	10	310134	0	2	4145	3	0	4000	other	0
1113	8	Pulse	5	314602	4468	10
1113	9	Picture	10	328205	0	1	4145	2	0	4000	other	0
1113	9	Pulse	5	334592	6387	5
1113	10	Picture	10	346276	0	1	4145	2	0	4000	other	0
1113	10	Pulse	5	354591	8315	3
1113	11	Picture	11	364347	0	1	4145	2	0	4000	hit	21
1113	11	Response	1	367391	3044	2
1113	11	Pulse	5	374591	10244	2
1113	12	Picture	10	382418	0	1	4144	3	0	4000	other	0
1113	12	Pulse	5	394581	12163	3
1113	13	Picture	10	400489	0	1	4144	2	0	4000	other	0
1113	13	Pulse	5	414580	14091	3
1113	14	Picture	11	418559	0	2	4145	3	0	4000	hit	28
1113	14	Response	1	422740	4181	2
1113	14	Pulse	5	434579	16020	4
1113	15	Picture	10	436630	0	1	4145	2	0	4000	other	0
1113	15	Pulse	5	454570	17940	2
1113	16	Picture	10	454701	0	1	4145	2	0	4000	other	0
1113	17	Picture	10	472772	0	1	4145	2	0	4000	other	0
1113	17	Pulse	5	474569	1797	2
1113	18	Picture	10	490843	0	1	4144	3	0	4000	other	0
1113	18	Pulse	5	494569	3726	2
1113	19	Pulse	5	514558	5645	3
1113	20	Picture	20	533947	0	2	4145	3	0	4000	other	0
1113	20	Pulse	5	534558	611	3
1113	21	Picture	20	552018	0	1	4145	2	0	4000	other	0
1113	21	Pulse	5	554558	2540	3
1113	22	Picture	21	570089	0	1	4145	2	0	4000	hit	44
1113	22	Pulse	5	574707	4618	3
1113	22	Response	1	576307	6218	3
1113	23	Picture	20	588160	0	1	4145	2	0	4000	other	0
1113	23	Pulse	5	594707	6547	2
1113	24	Picture	20	606231	0	1	4144	2	0	4000	other	0
1113	24	Pulse	5	614707	8476	2
1113	25	Picture	20	624301	0	2	4145	3	0	4000	other	0
1113	25	Pulse	5	634696	10395	2
1113	26	Picture	21	642372	0	2	4145	3	0	4000	hit	52
1113	26	Response	1	645736	3364	3
1113	26	Pulse	5	654696	12324	2
1113	27	Picture	20	660443	0	1	4145	2	0	4000	other	0
1113	27	Pulse	5	674695	14252	3
1113	28	Picture	20	678514	0	1	4145	2	0	4000	other	0
1113	28	Pulse	5	694685	16171	2
1113	29	Picture	20	696585	0	1	4144	3	0	4000	other	0
1113	30	Picture	20	714655	0	2	4145	3	0	4000	other	0
1113	30	Pulse	5	714685	30	2
1113	31	Picture	20	732726	0	2	4145	3	0	4000	other	0
1113	31	Pulse	5	734684	1958	3
1113	32	Picture	21	750797	0	1	4145	2	0	4000	hit	65
1113	32	Pulse	5	754674	3877	2
1113	32	Response	1	757234	6437	2
1113	33	Picture	20	768868	0	1	4145	2	0	4000	other	0
1113	33	Pulse	5	774674	5806	2
1113	34	Picture	20	786939	0	1	4145	2	0	4000	other	0
1113	34	Pulse	5	794673	7734	2
1113	35	Picture	21	805010	0	1	4144	3	0	4000	hit	71
1113	35	Response	1	808583	3573	2
1113	35	Pulse	5	814663	9653	2
1113	36	Pulse	5	834662	11582	3
1113	37	Picture	10	848114	0	2	4145	3	0	4000	other	0
1113	37	Pulse	5	854662	6548	2
1113	38	Picture	10	866185	0	1	4145	2	0	4000	other	0
1113	38	Pulse	5	874652	8467	2
1113	39	Picture	11	884256	0	1	4145	2	0	4000	hit	79
1113	39	Response	1	887291	3035	3
1113	39	Pulse	5	894651	10395	2
1113	40	Picture	10	902327	0	1	4144	3	0	4000	other	0
1113	40	Pulse	5	914651	12324	2
1113	41	Picture	11	920398	0	1	4144	2	0	4000	hit	84
1113	41	Response	1	923921	3523	2
1113	41	Pulse	5	934641	14243	2
1113	42	Picture	10	938468	0	2	4145	3	0	4000	other	0
1113	42	Pulse	5	954640	16172	2
1113	43	Picture	10	956539	0	1	4145	2	0	4000	other	0
1113	44	Picture	10	974610	0	1	4145	2	0	4000	other	0
1113	44	Pulse	5	974640	30	2
1113	45	Picture	11	992681	0	1	4145	2	0	4000	hit	93
1113	45	Pulse	5	994629	1948	3
1113	45	Response	1	995429	2748	3
1113	46	Picture	10	1010752	0	1	4144	3	0	4000	other	0
1113	46	Pulse	5	1014629	3877	3
1113	47	Picture	10	1028822	0	2	4145	3	0	4000	other	0
1113	47	Pulse	5	1034629	5807	3
1113	48	Picture	11	1046893	0	2	4145	3	0	4000	hit	99
1113	48	Response	1	1051258	4365	3
1113	48	Pulse	5	1054618	7725	3
1113	49	Picture	10	1064964	0	1	4145	2	0	4000	other	0
1113	49	Pulse	5	1074618	9654	2
1113	50	Picture	10	1083035	0	1	4145	2	0	4000	other	0
1113	50	Pulse	5	1094617	11582	3
1113	51	Picture	10	1101106	0	1	4144	3	0	4000	other	0
1113	51	Pulse	5	1114607	13501	3
1113	52	Picture	10	1119177	0	1	4144	3	0	4000	other	0
1113	52	Pulse	5	1134607	15430	2
1113	53	Response	1	1139567	2320	2
1113	53	Pulse	5	1154606	17359	3
1113	54	Picture	30	1162281	0	2	4145	3	0	4000	other	0
1113	54	Pulse	5	1174596	12315	2
1113	55	Picture	30	1180352	0	1	4145	2	0	4000	other	0
1113	55	Pulse	5	1194596	14244	2
1113	56	Picture	31	1198423	0	1	4145	2	0	4000	hit	116
1113	56	Response	1	1202435	4012	3
1113	56	Pulse	5	1214595	16172	3
1113	57	Picture	30	1216494	0	1	4145	2	0	4000	other	0
1113	58	Picture	30	1234565	0	1	4144	3	0	4000	other	0
1113	58	Pulse	5	1234585	20	2
1113	59	Picture	30	1252635	0	2	4145	3	0	4000	other	0
1113	59	Pulse	5	1254585	1950	2
1113	60	Picture	31	1270706	0	1	4145	2	0	4000	hit	125
1113	60	Pulse	5	1274584	3878	2
1113	60	Response	1	1276654	5948	2
1113	61	Picture	31	1288777	0	1	4145	2	0	4000	miss	0
1113	61	Pulse	5	1294574	5797	2
1113	62	Picture	30	1306848	0	1	4145	2	0	4000	other	0
1113	62	Pulse	5	1314573	7725	3
1113	63	Picture	30	1324919	0	1	4144	3	0	4000	other	0
1113	63	Pulse	5	1334573	9654	2
1113	64	Picture	30	1342989	0	2	4145	3	0	4000	other	0
1113	64	Pulse	5	1354563	11574	2
1113	65	Picture	31	1361060	0	2	4145	3	0	4000	hit	135
1113	65	Response	1	1365282	4222	3
1113	65	Pulse	5	1374562	13502	2
1113	66	Picture	30	1379131	0	1	4145	2	0	4000	other	0
1113	66	Pulse	5	1394562	15431	2
1113	67	Picture	30	1397202	0	1	4145	2	0	4000	other	0
1113	67	Pulse	5	1414552	17350	2
1113	68	Picture	30	1415273	0	1	4144	3	0	4000	other	0
1113	69	Picture	30	1433344	0	1	4144	2	0	4000	false_alarm	144
1113	69	Pulse	5	1434551	1207	2
1113	69	Response	1	1439351	6007	2
1113	70	Pulse	5	1454541	3127	3
1113	70	Pulse	5	1474540	23126	3
1113	71	Picture	10	1476448	0	2	4145	3	0	4000	other	0
1113	72	Picture	10	1494519	0	1	4145	2	0	4000	false_alarm	150
1113	72	Pulse	5	1494540	21	3
1113	72	Response	1	1499020	4501	3
1113	73	Picture	11	1512590	0	1	4143	10	0	4000	hit	153
1113	73	Pulse	5	1514530	1940	2
1113	73	Response	1	1516610	4020	2
1113	74	Picture	10	1530661	0	1	4145	2	0	4000	other	0
1113	74	Pulse	5	1534529	3868	2
1113	75	Picture	11	1548732	0	1	4144	2	0	4000	hit	157
1113	75	Response	1	1552289	3557	2
1113	75	Pulse	5	1554529	5797	2
1113	76	Picture	10	1566802	0	2	4145	3	0	4000	other	0
1113	76	Pulse	5	1574518	7716	3
1113	77	Picture	10	1584873	0	1	4145	2	0	4000	other	0
1113	77	Pulse	5	1594518	9645	2
1113	78	Picture	11	1602944	0	1	4145	2	0	4000	hit	164
1113	78	Response	1	1606518	3574	2
1113	78	Pulse	5	1614678	11734	2
1113	79	Picture	10	1621015	0	1	4145	2	0	4000	other	0
1113	79	Pulse	5	1634667	13652	3
1113	80	Picture	10	1639086	0	1	4144	3	0	4000	other	0
1113	80	Pulse	5	1654667	15581	2
1113	81	Picture	10	1657156	0	2	4145	3	0	4000	other	0
1113	81	Pulse	5	1674667	17511	2
1113	82	Picture	10	1675227	0	2	4145	3	0	4000	other	0
1113	83	Picture	10	1693298	0	1	4145	2	0	4000	other	0
1113	83	Pulse	5	1694656	1358	3
1113	84	Picture	11	1711369	0	1	4145	2	0	4000	hit	177
1113	84	Pulse	5	1714656	3287	2
1113	84	Response	1	1715296	3927	2
1113	85	Picture	10	1729440	0	1	4144	3	0	4000	other	0
1113	85	Pulse	5	1734655	5215	3
1113	86	Picture	10	1747511	0	1	4144	3	0	4000	other	0
1113	86	Pulse	5	1754645	7134	2
1113	87	Pulse	5	1774645	9064	2
1113	88	Picture	20	1790615	0	2	4145	3	0	4000	other	0
1113	88	Pulse	5	1794644	4029	3
1113	89	Picture	20	1808686	0	1	4145	2	0	4000	other	0
1113	89	Pulse	5	1814634	5948	2
1113	90	Picture	20	1826757	0	1	4145	2	0	4000	other	0
1113	90	Pulse	5	1834634	7877	2
1113	91	Picture	21	1844828	0	1	4145	2	0	4000	hit	190
1113	91	Response	1	1847913	3085	3
1113	91	Pulse	5	1854633	9805	2
1113	92	Picture	20	1862899	0	1	4144	3	0	4000	other	0
1113	92	Pulse	5	1874623	11724	2
1113	93	Picture	20	1880969	0	2	4145	3	0	4000	other	0
1113	93	Pulse	5	1894622	13653	3
1113	94	Picture	21	1899040	0	1	4145	2	0	4000	hit	197
1113	94	Response	1	1905182	6142	3
1113	94	Pulse	5	1914622	15582	2
1113	95	Picture	20	1917111	0	1	4145	2	0	4000	other	0
1113	95	Pulse	5	1934612	17501	3
1113	96	Picture	20	1935182	0	1	4145	2	0	4000	other	0
1113	97	Picture	20	1953253	0	1	4144	3	0	4000	other	0
1113	97	Pulse	5	1954611	1358	3
1113	98	Picture	21	1971324	0	1	4144	2	0	4000	hit	205
1113	98	Response	1	1974451	3127	3
1113	98	Pulse	5	1974611	3287	3
1113	99	Picture	20	1989394	0	2	4145	3	0	4000	other	0
1113	99	Pulse	5	1994601	5207	2
1113	100	Picture	20	2007465	0	1	4145	2	0	4000	other	0
1113	100	Pulse	5	2014600	7135	2
1113	101	Picture	21	2025536	0	1	4145	2	0	4000	hit	212
1113	101	Response	1	2033000	7464	2
1113	101	Pulse	5	2034600	9064	2
1113	102	Picture	20	2043607	0	1	4145	2	0	4000	other	0
1113	102	Pulse	5	2054589	10982	3
1113	103	Picture	20	2061678	0	1	4144	3	0	4000	other	0
1113	103	Pulse	5	2074589	12911	2
1113	104	Pulse	5	2094589	14840	2
1113	105	Picture	10	2104782	0	2	4145	3	0	4000	other	0
1113	105	Pulse	5	2114578	9796	3
1113	106	Picture	10	2122853	0	1	4145	2	0	4000	other	0
1113	106	Pulse	5	2134578	11725	2
1113	107	Picture	11	2140924	0	1	4145	2	0	4000	hit	224
1113	107	Response	1	2145138	4214	2
1113	107	Pulse	5	2154578	13654	2
1113	108	Picture	10	2158995	0	1	4145	2	0	4000	other	0
1113	108	Pulse	5	2174567	15572	3
1113	109	Picture	11	2177066	0	1	4144	3	0	4000	hit	229
1113	109	Response	1	2180967	3901	2
1113	109	Pulse	5	2194567	17501	2
1113	110	Picture	10	2195137	0	1	4144	2	0	4000	other	0
1113	111	Picture	10	2213207	0	2	4145	3	0	4000	other	0
1113	111	Pulse	5	2214566	1359	3
1113	112	Picture	11	2231278	0	1	4145	2	0	4000	hit	235
1113	112	Response	1	2233916	2638	2
1113	112	Pulse	5	2234556	3278	2
1113	113	Picture	10	2249349	0	1	4145	2	0	4000	other	0
1113	113	Pulse	5	2254556	5207	2
1113	114	Picture	10	2267420	0	1	4144	3	0	4000	other	0
1113	114	Pulse	5	2274555	7135	3
1113	115	Picture	10	2285491	0	1	4144	3	0	4000	other	0
1113	115	Pulse	5	2294545	9054	2
1113	116	Picture	10	2303561	0	2	4145	3	0	4000	other	0
1113	116	Pulse	5	2314545	10984	2
1113	117	Picture	10	2321632	0	1	4145	2	0	4000	other	0
1113	117	Pulse	5	2334544	12912	3
1113	118	Picture	11	2339703	0	1	4145	2	0	4000	hit	248
1113	118	Response	1	2343024	3321	2
1113	118	Pulse	5	2354534	14831	2
1113	119	Picture	10	2357774	0	1	4145	2	0	4000	other	0
1113	119	Pulse	5	2374533	16759	3
1113	120	Picture	10	2375845	0	1	4144	3	0	4000	other	0
1113	121	Pulse	5	2394533	617	2
1113	121	Pulse	5	2414523	20607	3
1113	122	Picture	30	2418949	0	2	4145	3	0	4000	other	0
1113	122	Pulse	5	2434522	15573	3
1113	123	Picture	30	2437020	0	1	4145	2	0	4000	other	0
1113	123	Pulse	5	2454522	17502	3
1113	124	Picture	30	2455091	0	1	4145	2	0	4000	other	0
1113	125	Picture	31	2473162	0	1	4144	3	0	4000	hit	262
1113	125	Pulse	5	2474512	1350	2
1113	125	Response	1	2478192	5030	2
1113	126	Picture	31	2491233	0	1	4144	3	0	4000	miss	0
1113	126	Pulse	5	2494511	3278	2
1113	127	Picture	30	2509304	0	1	4144	2	0	4000	other	0
1113	127	Pulse	5	2514511	5207	2
1113	128	Picture	30	2527374	0	2	4145	3	0	4000	other	0
1113	128	Pulse	5	2534500	7126	3
1113	129	Picture	30	2545445	0	1	4145	2	0	4000	other	0
1113	129	Pulse	5	2554500	9055	2
1113	130	Picture	31	2563516	0	1	4145	2	0	4000	miss	0
1113	130	Pulse	5	2574500	10984	2
1113	131	Picture	30	2581587	0	1	4144	3	0	4000	other	0
1113	131	Pulse	5	2594489	12902	3
1113	132	Picture	30	2599658	0	1	4144	3	0	4000	other	0
1113	132	Pulse	5	2614489	14831	2
1113	133	Picture	30	2617729	0	1	4144	2	0	4000	other	0
1113	133	Pulse	5	2634489	16760	2
1113	134	Picture	30	2635799	0	2	4145	3	0	4000	other	0
1113	135	Picture	31	2653870	0	1	4145	2	0	4000	miss	0
1113	135	Pulse	5	2654638	768	2
1113	136	Picture	30	2671941	0	1	4145	2	0	4000	other	0
1113	136	Pulse	5	2674638	2697	2
1113	137	Picture	30	2690012	0	1	4144	3	0	4000	other	0
1113	137	Pulse	5	2694637	4625	3
