Scenario - 1-back
Logfile written - 05/07/2015 14:20:38

Subject	Trial	Event Type	Code	Time	TTime	Uncertainty	Duration	Uncertainty	ReqTime	ReqDur	Stim Type	Pair Index

1114	1	Pulse	5	193984	203806	2
1114	2	Pulse	5	213973	19891	3
1114	3	Picture	10	219148	0	2	4089	3	0	4000	other	0
1114	3	Pulse	5	233973	14825	2
1114	4	Picture	10	237281	0	1	4089	2	0	4000	other	0
1114	4	Pulse	5	253972	16691	3
1114	5	Picture	11	255414	0	1	4089	2	0	4000	hit	8
1114	5	Response	1	258452	3038	3
1114	6	Picture	10	273547	0	1	4088	3	0	4000	other	0
1114	6	Pulse	5	273962	415	2
1114	7	Picture	11	291680	0	1	4088	3	0	4000	hit	13
1114	7	Pulse	5	293962	2282	1
1114	7	Response	1	295242	3562	1
1114	8	Picture	10	309812	0	2	4089	3	0	4000	other	0
1114	8	Pulse	5	313961	4149	2
1114	9	Picture	10	327945	0	2	4089	3	0	4000	other	0
1114	9	Pulse	5	333951	6006	2
1114	10	Picture	10	346078	0	1	4089	2	0	4000	other	0
1114	10	Pulse	5	353951	7873	1
1114	11	Picture	11	364210	0	2	4090	3	0	4000	hit	21
1114	11	Response	1	369630	5420	2
1114	11	Pulse	5	373950	9740	2
1114	12	Picture	10	382344	0	1	4089	2	0	4000	other	0
1114	12	Pulse	5	393940	11596	2
1114	13	Picture	10	400477	0	1	4088	3	0	4000	other	0
1114	13	Pulse	5	413939	13462	2
1114	14	Picture	11	418609	0	2	4089	3	0	4000	hit	28
1114	14	Response	1	424979	6370	2
1114	14	Pulse	5	433939	15330	2
1114	15	Picture	10	436742	0	1	4089	2	0	4000	other	0
1114	15	Pulse	5	453929	17187	1
1114	16	Picture	10	454875	0	1	4089	2	0	4000	other	0
1114	17	Picture	10	473008	0	1	4089	2	0	4000	other	0
1114	17	Pulse	5	473928	920	2
1114	18	Picture	10	491141	0	1	4088	3	0	4000	other	0
1114	18	Pulse	5	493928	2787	2
1114	19	Pulse	5	513918	4644	1
1114	19	Pulse	5	533917	24643	2
1114	20	Picture	30	534339	0	2	4089	3	0	4000	other	0
1114	21	Picture	30	552472	0	2	4089	3	0	4000	other	0
1114	21	Pulse	5	553917	1445	2
1114	22	Picture	31	570605	0	1	4089	2	0	4000	hit	44
1114	22	Pulse	5	573906	3301	2
1114	22	Response	1	580626	10021	2
1114	23	Picture	30	588738	0	1	4089	2	0	4000	other	0
1114	23	Pulse	5	593906	5168	2
1114	24	Picture	30	606871	0	1	4088	3	0	4000	other	0
1114	24	Pulse	5	613906	7035	1
1114	25	Picture	30	625004	0	1	4088	3	0	4000	other	0
1114	25	Pulse	5	633895	8891	2
1114	26	Picture	31	643136	0	2	4089	3	0	4000	hit	53
1114	26	Pulse	5	654055	10919	2
1114	26	Response	1	660615	17479	2
1114	27	Picture	31	661269	0	1	4089	2	0	4000	miss	0
1114	27	Pulse	5	674055	12786	1
1114	28	Picture	30	679402	0	1	4089	2	0	4000	other	0
1114	28	Pulse	5	694044	14642	3
1114	29	Picture	30	697535	0	1	4089	2	0	4000	other	0
1114	29	Pulse	5	714044	16509	2
1114	30	Picture	30	715668	0	1	4088	3	0	4000	other	0
1114	31	Picture	31	733800	0	2	4089	4	0	4000	miss	0
1114	31	Pulse	5	734035	235	1
1114	32	Picture	30	751933	0	2	4089	3	0	4000	other	0
1114	32	Pulse	5	754034	2101	2
1114	33	Picture	30	770066	0	1	4089	2	0	4000	other	0
1114	33	Pulse	5	774034	3968	1
1114	34	Picture	30	788199	0	1	4089	2	0	4000	other	0
1114	34	Pulse	5	794034	5835	1
1114	35	Picture	30	806332	0	1	4089	2	0	4000	other	0
1114	35	Pulse	5	814022	7690	2
1114	36	Pulse	5	834022	9557	1
1114	37	Picture	10	849531	0	1	4088	3	0	4000	other	0
1114	37	Pulse	5	854021	4490	2
1114	38	Picture	10	867663	0	2	4089	3	0	4000	other	0
1114	38	Pulse	5	874011	6348	2
1114	39	Picture	11	885796	0	1	4089	2	0	4000	hit	77
1114	39	Response	1	890010	4214	2
1114	39	Pulse	5	894010	8214	2
1114	40	Picture	10	903929	0	1	4089	2	0	4000	other	0
1114	40	Pulse	5	914010	10081	2
1114	41	Picture	11	922062	0	1	4089	2	0	4000	hit	82
1114	41	Response	1	929040	6978	2
1114	41	Pulse	5	934000	11938	1
1114	42	Picture	10	940195	0	1	4088	3	0	4000	other	0
1114	42	Pulse	5	954000	13805	1
1114	43	Picture	10	958328	0	1	4088	2	0	4000	other	0
1114	43	Pulse	5	974000	15672	1
1114	44	Picture	10	976460	0	2	4089	3	0	4000	other	0
1114	44	Pulse	5	993989	17529	1
1114	45	Picture	11	994593	0	1	4089	2	0	4000	hit	91
1114	45	Response	1	1000068	5475	2
1114	46	Picture	10	1012726	0	1	4089	2	0	4000	other	0
1114	46	Pulse	5	1013988	1262	2
1114	47	Picture	10	1030859	0	1	4089	2	0	4000	other	0
1114	47	Pulse	5	1033988	3129	2
1114	48	Picture	11	1048992	0	1	4088	3	0	4000	hit	97
1114	48	Response	1	1053978	4986	1
1114	48	Pulse	5	1053978	4986	1
1114	49	Picture	10	1067124	0	2	4089	3	0	4000	other	0
1114	49	Pulse	5	1073977	6853	2
1114	50	Picture	10	1085257	0	2	4089	3	0	4000	other	0
1114	50	Pulse	5	1093977	8720	1
1114	51	Picture	10	1103390	0	1	4089	2	0	4000	other	0
1114	51	Pulse	5	1113966	10576	2
1114	52	Picture	10	1121523	0	1	4089	2	0	4000	other	0
1114	52	Pulse	5	1133966	12443	2
1114	53	Pulse	5	1153966	14310	1
1114	54	Picture	20	1164722	0	1	4088	3	0	4000	other	0
1114	54	Pulse	5	1173955	9233	3
1114	55	Picture	20	1182855	0	1	4088	3	0	4000	other	0
1114	55	Pulse	5	1193955	11100	2
1114	56	Picture	21	1200987	0	2	4089	3	0	4000	hit	113
1114	56	Response	1	1209474	8487	3
1114	56	Pulse	5	1213954	12967	3
1114	57	Picture	20	1219120	0	1	4089	2	0	4000	other	0
1114	57	Pulse	5	1233944	14824	2
1114	58	Picture	20	1237253	0	1	4089	2	0	4000	other	0
1114	58	Pulse	5	1253944	16691	1
1114	59	Picture	20	1255386	0	1	4089	2	0	4000	other	0
1114	60	Picture	21	1273519	0	1	4088	3	0	4000	hit	122
1114	60	Pulse	5	1273943	424	2
1114	60	Response	1	1282573	9054	2
1114	61	Picture	20	1291652	0	1	4088	2	0	4000	other	0
1114	61	Pulse	5	1293934	2282	1
1114	62	Picture	20	1309784	0	2	4088	4	0	4000	other	0
1114	62	Pulse	5	1313932	4148	2
1114	63	Picture	20	1327917	0	1	4089	2	0	4000	other	0
1114	63	Pulse	5	1333932	6015	2
1114	64	Picture	20	1346050	0	1	4089	2	0	4000	other	0
1114	64	Pulse	5	1353922	7872	2
1114	65	Picture	20	1364183	0	1	4088	3	0	4000	other	0
1114	65	Pulse	5	1373921	9738	2
1114	66	Picture	21	1382316	0	1	4088	3	0	4000	hit	135
1114	66	Pulse	5	1393921	11605	2
1114	66	Response	1	1395361	13045	2
1114	67	Picture	20	1400448	0	2	4089	3	0	4000	other	0
1114	67	Pulse	5	1413911	13463	1
1114	68	Picture	20	1418581	0	2	4089	3	0	4000	other	0
1114	68	Pulse	5	1433910	15329	2
1114	69	Picture	21	1436714	0	1	4089	2	0	4000	hit	141
1114	69	Response	1	1447350	10636	2
1114	69	Pulse	5	1453910	17196	2
1114	70	Pulse	5	1473900	19053	1
1114	71	Picture	10	1479913	0	1	4089	2	0	4000	other	0
1114	71	Pulse	5	1493899	13986	2
1114	72	Picture	10	1498046	0	1	4089	2	0	4000	other	0
1114	72	Pulse	5	1513899	15853	2
1114	73	Picture	11	1516179	0	1	4088	2	0	4000	hit	149
1114	73	Response	1	1521249	5070	1
1114	73	Pulse	5	1533888	17709	2
1114	74	Picture	10	1534311	0	2	4089	3	0	4000	other	0
1114	75	Picture	11	1552444	0	1	4089	2	0	4000	hit	154
1114	75	Pulse	5	1553888	1444	2
1114	75	Response	1	1558208	5764	2
1114	76	Picture	10	1570577	0	1	4089	2	0	4000	other	0
1114	76	Pulse	5	1573888	3311	1
1114	77	Picture	10	1588710	0	1	4089	2	0	4000	other	0
1114	77	Pulse	5	1593877	5167	2
1114	78	Picture	11	1606843	0	1	4088	3	0	4000	hit	161
1114	78	Pulse	5	1613877	7034	2
1114	78	Response	1	1614837	7994	2
1114	79	Picture	10	1624975	0	2	4089	3	0	4000	other	0
1114	79	Pulse	5	1633877	8902	1
1114	80	Picture	10	1643108	0	2	4089	3	0	4000	other	0
1114	80	Pulse	5	1653868	10760	1
1114	81	Picture	10	1661241	0	1	4089	2	0	4000	other	0
1114	81	Pulse	5	1673866	12625	2
1114	82	Picture	10	1679374	0	1	4089	2	0	4000	other	0
1114	82	Pulse	5	1694025	14651	3
1114	83	Picture	10	1697507	0	1	4089	2	0	4000	other	0
1114	83	Pulse	5	1714015	16508	2
1114	84	Picture	11	1715640	0	1	4088	3	0	4000	hit	173
1114	84	Response	1	1721855	6215	2
1114	85	Picture	10	1733772	0	2	4089	3	0	4000	other	0
1114	85	Pulse	5	1734015	243	1
1114	86	Picture	10	1751905	0	1	4089	2	0	4000	other	0
1114	86	Pulse	5	1754006	2101	1
1114	87	Pulse	5	1774005	3967	1
1114	87	Pulse	5	1794005	23967	1
1114	88	Picture	30	1795104	0	1	4089	2	0	4000	other	0
1114	89	Picture	30	1813237	0	1	4089	2	0	4000	other	0
1114	89	Pulse	5	1814004	767	2
1114	90	Picture	30	1831370	0	1	4088	3	0	4000	other	0
1114	90	Pulse	5	1833993	2623	2
1114	91	Picture	31	1849503	0	1	4088	2	0	4000	hit	187
1114	91	Pulse	5	1853992	4489	2
1114	91	Response	1	1856872	7369	2
1114	92	Picture	31	1867635	0	2	4089	3	0	4000	hit	190
1114	92	Pulse	5	1873992	6357	2
1114	92	Response	1	1876712	9077	2
1114	93	Picture	30	1885768	0	1	4089	2	0	4000	other	0
1114	93	Pulse	5	1893983	8215	1
1114	94	Picture	30	1903901	0	1	4089	2	0	4000	other	0
1114	94	Pulse	5	1913982	10081	1
1114	95	Picture	30	1922034	0	1	4089	2	0	4000	other	0
1114	95	Pulse	5	1933981	11947	2
1114	96	Picture	31	1940167	0	1	4088	3	0	4000	hit	198
1114	96	Response	1	1944531	4364	2
1114	96	Pulse	5	1953970	13803	2
1114	97	Picture	30	1958299	0	2	4089	4	0	4000	other	0
1114	97	Pulse	5	1973970	15671	2
1114	98	Picture	30	1976432	0	1	4089	2	0	4000	other	0
1114	98	Pulse	5	1993970	17538	2
1114	99	Picture	30	1994565	0	1	4089	2	0	4000	other	0
1114	100	Picture	30	2012698	0	1	4089	2	0	4000	other	0
1114	100	Pulse	5	2013959	1261	2
1114	101	Picture	31	2030831	0	1	4088	3	0	4000	hit	209
1114	101	Pulse	5	2033959	3128	2
1114	101	Response	1	2039079	8248	2
1114	102	Picture	30	2048964	0	1	4088	3	0	4000	other	0
1114	102	Pulse	5	2053959	4995	1
1114	103	Picture	30	2067096	0	2	4089	3	0	4000	other	0
1114	103	Pulse	5	2073948	6852	2
1114	104	Pulse	5	2093948	8719	2
1114	105	Picture	10	2110295	0	1	4089	2	0	4000	other	0
1114	105	Pulse	5	2113947	3652	2
1114	106	Picture	10	2128428	0	1	4089	2	0	4000	other	0
1114	106	Pulse	5	2133937	5509	2
1114	107	Picture	11	2146561	0	1	4089	2	0	4000	hit	220
1114	107	Response	1	2152817	6256	2
1114	107	Pulse	5	2153937	7376	2
1114	108	Picture	10	2164694	0	1	4088	3	0	4000	other	0
1114	108	Pulse	5	2173936	9242	3
1114	109	Picture	11	2182826	0	2	4089	3	0	4000	hit	225
1114	109	Response	1	2186886	4060	2
1114	109	Pulse	5	2193926	11100	2
1114	110	Picture	10	2200959	0	2	4089	3	0	4000	other	0
1114	110	Pulse	5	2213926	12967	1
1114	111	Picture	10	2219092	0	1	4089	2	0	4000	other	0
1114	111	Pulse	5	2233925	14833	2
1114	112	Picture	11	2237225	0	1	4089	2	0	4000	hit	232
1114	112	Response	1	2243035	5810	2
1114	112	Pulse	5	2253915	16690	2
1114	113	Picture	10	2255358	0	1	4089	2	0	4000	other	0
1114	114	Picture	10	2273491	0	1	4088	3	0	4000	other	0
1114	114	Pulse	5	2273914	423	2
1114	115	Picture	10	2291623	0	2	4089	3	0	4000	other	0
1114	115	Pulse	5	2293914	2291	2
1114	116	Picture	10	2309756	0	1	4089	2	0	4000	other	0
1114	116	Pulse	5	2313904	4148	2
1114	117	Picture	10	2327889	0	1	4089	2	0	4000	other	0
1114	117	Pulse	5	2333903	6014	2
1114	118	Picture	11	2346022	0	1	4089	2	0	4000	hit	244
1114	118	Response	1	2351343	5321	2
1114	118	Pulse	5	2353903	7881	2
1114	119	Picture	10	2364155	0	1	4088	3	0	4000	other	0
1114	119	Pulse	5	2373893	9738	1
1114	120	Picture	10	2382288	0	1	4088	3	0	4000	other	0
1114	120	Pulse	5	2393892	11604	2
1114	121	Pulse	5	2413892	13472	2
1114	122	Picture	20	2425486	0	2	4089	3	0	4000	other	0
1114	122	Pulse	5	2433881	8395	2
1114	123	Picture	20	2443619	0	1	4089	2	0	4000	other	0
1114	123	Pulse	5	2453881	10262	2
1114	124	Picture	20	2461752	0	1	4089	2	0	4000	other	0
1114	124	Pulse	5	2473881	12129	2
1114	125	Picture	21	2479885	0	1	4089	2	0	4000	hit	258
1114	125	Response	1	2487630	7745	2
1114	125	Pulse	5	2493870	13985	2
1114	126	Picture	20	2498018	0	1	4088	3	0	4000	other	0
1114	126	Pulse	5	2513870	15852	2
1114	127	Picture	20	2516150	0	2	4089	3	0	4000	other	0
1114	127	Pulse	5	2533870	17720	1
1114	128	Picture	21	2534283	0	1	4089	2	0	4000	hit	265
1114	128	Response	1	2542499	8216	2
1114	129	Picture	20	2552416	0	1	4089	2	0	4000	other	0
1114	129	Pulse	5	2553859	1443	2
1114	130	Picture	20	2570549	0	1	4089	2	0	4000	other	0
1114	130	Pulse	5	2573860	3311	1
1114	131	Picture	20	2588682	0	1	4089	2	0	4000	other	0
1114	131	Pulse	5	2593858	5176	2
1114	132	Picture	21	2606815	0	1	4088	3	0	4000	hit	273
1114	132	Response	1	2611768	4953	2
1114	132	Pulse	5	2613848	7033	2
1114	133	Picture	20	2624947	0	2	4089	3	0	4000	other	0
1114	133	Pulse	5	2633848	8901	2
1114	134	Picture	20	2643080	0	1	4089	2	0	4000	other	0
1114	134	Pulse	5	2653847	10767	3
1114	135	Picture	21	2661213	0	1	4089	2	0	4000	hit	280
1114	135	Response	1	2669517	8304	2
1114	135	Pulse	5	2673837	12624	2
1114	136	Picture	20	2679346	0	1	4089	2	0	4000	other	0
1114	136	Pulse	5	2693837	14491	1
1114	137	Picture	20	2697479	0	1	4088	3	0	4000	other	0
