Scenario - 1-back
Logfile written - 05/07/2015 14:16:03

Subject	Trial	Event Type	Code	Time	TTime	Uncertainty	Duration	Uncertainty	ReqTime	ReqDur	Stim Type	Pair Index

1114	1	Pulse	5	340611	350433	2
1114	2	Pulse	5	360611	19866	2
1114	3	Picture	10	365811	0	1	4088	3	0	4000	other	0
1114	3	Pulse	5	380611	14800	2
1114	4	Picture	10	383944	0	1	4088	3	0	4000	other	0
1114	4	Pulse	5	400600	16656	3
1114	5	Picture	11	402076	0	2	4089	3	0	4000	hit	8
1114	5	Response	1	405880	3804	3
1114	6	Picture	10	420209	0	1	4089	2	0	4000	other	0
1114	6	Pulse	5	420600	391	2
1114	7	Picture	11	438342	0	1	4089	2	0	4000	hit	13
1114	7	Pulse	5	440600	2258	2
1114	7	Response	1	442039	3697	3
1114	8	Picture	10	456475	0	1	4089	2	0	4000	other	0
1114	8	Pulse	5	460589	4114	2
1114	9	Picture	10	474608	0	1	4088	3	0	4000	other	0
1114	9	Pulse	5	480589	5981	2
1114	10	Picture	10	492741	0	1	4088	2	0	4000	other	0
1114	10	Pulse	5	500589	7848	1
1114	11	Picture	11	510873	0	2	4089	3	0	4000	hit	21
1114	11	Response	1	515458	4585	2
1114	11	Pulse	5	520578	9705	2
1114	12	Picture	10	529006	0	1	4089	2	0	4000	other	0
1114	12	Pulse	5	540578	11572	2
1114	13	Picture	10	547139	0	1	4089	2	0	4000	other	0
1114	13	Pulse	5	560577	13438	2
1114	14	Picture	11	565272	0	1	4089	2	0	4000	hit	28
1114	14	Response	1	569377	4105	2
1114	14	Pulse	5	580567	15295	2
1114	15	Picture	10	583405	0	1	4088	3	0	4000	other	0
1114	15	Pulse	5	600567	17162	1
1114	16	Picture	10	601537	0	2	4089	3	0	4000	other	0
1114	17	Picture	10	619670	0	1	4089	2	0	4000	other	0
1114	17	Pulse	5	620566	896	2
1114	18	Picture	10	637803	0	1	4089	2	0	4000	other	0
1114	18	Pulse	5	640556	2753	2
1114	19	Pulse	5	660555	4619	2
1114	19	Pulse	5	680555	24619	2
1114	20	Picture	20	681002	0	1	4089	2	0	4000	other	0
1114	21	Picture	20	699135	0	1	4088	3	0	4000	other	0
1114	21	Pulse	5	700545	1410	1
1114	22	Picture	21	717267	0	2	4089	3	0	4000	hit	44
1114	22	Pulse	5	720545	3278	1
1114	22	Response	1	725024	7757	2
1114	23	Picture	20	735400	0	2	4089	3	0	4000	other	0
1114	23	Pulse	5	740544	5144	2
1114	24	Picture	20	753533	0	1	4089	2	0	4000	other	0
1114	24	Pulse	5	760534	7001	1
1114	25	Picture	20	771666	0	1	4089	2	0	4000	other	0
1114	25	Pulse	5	780533	8867	2
1114	26	Picture	21	789799	0	1	4089	2	0	4000	hit	52
1114	26	Response	1	798133	8334	2
1114	26	Pulse	5	800533	10734	2
1114	27	Picture	20	807932	0	1	4088	3	0	4000	other	0
1114	27	Pulse	5	820522	12590	2
1114	28	Picture	20	826064	0	2	4089	3	0	4000	other	0
1114	28	Pulse	5	840522	14458	2
1114	29	Picture	20	844197	0	1	4089	2	0	4000	other	0
1114	29	Pulse	5	860522	16325	2
1114	30	Picture	20	862330	0	1	4089	2	0	4000	other	0
1114	31	Picture	20	880463	0	1	4089	2	0	4000	other	0
1114	31	Pulse	5	880511	48	3
1114	32	Picture	21	898596	0	1	4089	2	0	4000	hit	65
1114	32	Pulse	5	900511	1915	2
1114	32	Response	1	907551	8955	2
1114	33	Picture	20	916729	0	1	4088	3	0	4000	other	0
1114	33	Pulse	5	920511	3782	2
1114	34	Picture	20	934861	0	2	4089	3	0	4000	other	0
1114	34	Pulse	5	940500	5639	2
1114	35	Picture	21	952994	0	1	4089	2	0	4000	hit	71
1114	35	Response	1	960500	7506	2
1114	35	Pulse	5	960500	7506	2
1114	36	Pulse	5	980499	9372	2
1114	37	Picture	10	996193	0	1	4089	2	0	4000	other	0
1114	37	Pulse	5	1000489	4296	2
1114	38	Picture	10	1014326	0	1	4089	2	0	4000	other	0
1114	38	Pulse	5	1020489	6163	1
1114	39	Picture	11	1032459	0	1	4088	3	0	4000	hit	79
1114	39	Response	1	1035528	3069	2
1114	39	Pulse	5	1040488	8029	2
1114	40	Picture	10	1050591	0	2	4089	3	0	4000	other	0
1114	40	Pulse	5	1060478	9887	2
1114	41	Picture	11	1068724	0	2	4089	3	0	4000	hit	84
1114	41	Response	1	1071838	3114	2
1114	41	Pulse	5	1080478	11754	1
1114	42	Picture	10	1086857	0	1	4089	2	0	4000	other	0
1114	42	Pulse	5	1100477	13620	2
1114	43	Picture	10	1104990	0	1	4089	2	0	4000	other	0
1114	43	Pulse	5	1120468	15478	1
1114	44	Picture	10	1123123	0	1	4089	2	0	4000	other	0
1114	44	Pulse	5	1140466	17343	2
1114	45	Picture	11	1141256	0	1	4088	3	0	4000	hit	93
1114	45	Response	1	1150546	9290	2
1114	46	Picture	10	1159388	0	2	4089	3	0	4000	other	0
1114	46	Pulse	5	1160466	1078	2
1114	47	Picture	10	1177521	0	1	4089	2	0	4000	other	0
1114	47	Pulse	5	1180457	2936	1
1114	48	Picture	11	1195654	0	1	4089	2	0	4000	hit	100
1114	48	Pulse	5	1200457	4803	1
1114	48	Response	1	1200937	5283	1
1114	49	Picture	10	1213787	0	1	4089	2	0	4000	other	0
1114	49	Pulse	5	1220616	6829	1
1114	50	Picture	10	1231920	0	1	4088	3	0	4000	other	0
1114	50	Pulse	5	1240605	8685	1
1114	51	Picture	10	1250052	0	2	4089	3	0	4000	other	0
1114	51	Pulse	5	1260604	10552	2
1114	52	Picture	10	1268185	0	1	4089	2	0	4000	other	0
1114	52	Pulse	5	1280604	12419	2
1114	53	Pulse	5	1300593	14275	2
1114	54	Picture	30	1311384	0	1	4089	2	0	4000	other	0
1114	54	Pulse	5	1320593	9209	2
1114	55	Picture	30	1329517	0	1	4089	2	0	4000	other	0
1114	55	Pulse	5	1340593	11076	2
1114	56	Picture	31	1347650	0	1	4089	2	0	4000	miss	0
1114	56	Pulse	5	1360582	12932	3
1114	57	Picture	30	1365782	0	2	4089	4	0	4000	other	0
1114	57	Pulse	5	1380582	14800	2
1114	58	Picture	30	1383915	0	2	4089	3	0	4000	other	0
1114	58	Pulse	5	1400581	16666	3
1114	59	Picture	30	1402048	0	1	4089	2	0	4000	other	0
1114	60	Picture	31	1420181	0	2	4089	3	0	4000	hit	123
1114	60	Pulse	5	1420571	390	2
1114	60	Response	1	1429051	8870	2
1114	61	Picture	31	1438314	0	1	4089	2	0	4000	hit	126
1114	61	Pulse	5	1440571	2257	2
1114	61	Response	1	1450011	11697	1
1114	62	Picture	30	1456447	0	1	4088	3	0	4000	other	0
1114	62	Pulse	5	1460570	4123	2
1114	63	Picture	30	1474580	0	1	4088	2	0	4000	other	0
1114	63	Pulse	5	1480560	5980	2
1114	64	Picture	30	1492712	0	1	4089	2	0	4000	other	0
1114	64	Pulse	5	1500561	7849	1
1114	65	Picture	31	1510845	0	1	4089	2	0	4000	hit	134
1114	65	Response	1	1518319	7474	2
1114	65	Pulse	5	1520559	9714	2
1114	66	Picture	30	1528978	0	1	4089	2	0	4000	other	0
1114	66	Pulse	5	1540549	11571	2
1114	67	Picture	30	1547111	0	1	4089	2	0	4000	other	0
1114	67	Pulse	5	1560549	13438	1
1114	68	Picture	30	1565244	0	1	4088	3	0	4000	other	0
1114	68	Pulse	5	1580548	15304	2
1114	69	Picture	30	1583376	0	2	4089	3	0	4000	other	0
1114	69	Pulse	5	1600538	17162	2
1114	70	Pulse	5	1620537	19028	2
1114	71	Picture	10	1626575	0	1	4089	2	0	4000	other	0
1114	71	Pulse	5	1640537	13962	2
1114	72	Picture	10	1644708	0	1	4089	2	0	4000	other	0
1114	72	Pulse	5	1660527	15819	1
1114	73	Picture	11	1662841	0	1	4089	2	0	4000	hit	150
1114	73	Response	1	1666767	3926	1
1114	73	Pulse	5	1680526	17685	2
1114	74	Picture	10	1680974	0	1	4088	3	0	4000	other	0
1114	75	Picture	11	1699106	0	2	4089	3	0	4000	hit	155
1114	75	Pulse	5	1700527	1421	1
1114	75	Response	1	1706126	7020	2
1114	76	Picture	10	1717239	0	2	4089	3	0	4000	other	0
1114	76	Pulse	5	1720516	3277	1
1114	77	Picture	10	1735372	0	1	4089	2	0	4000	other	0
1114	77	Pulse	5	1740515	5143	2
1114	78	Picture	11	1753505	0	1	4089	2	0	4000	hit	161
1114	78	Response	1	1758436	4931	1
1114	78	Pulse	5	1760515	7010	2
1114	79	Picture	10	1771638	0	1	4089	2	0	4000	other	0
1114	79	Pulse	5	1780504	8866	2
1114	80	Picture	10	1789771	0	1	4088	3	0	4000	other	0
1114	80	Pulse	5	1800504	10733	2
1114	81	Picture	10	1807903	0	2	4089	3	0	4000	other	0
1114	81	Pulse	5	1820504	12601	1
1114	82	Picture	10	1826036	0	1	4089	2	0	4000	other	0
1114	82	Pulse	5	1840493	14457	3
1114	83	Picture	10	1844169	0	1	4089	2	0	4000	other	0
1114	83	Pulse	5	1860493	16324	2
1114	84	Picture	11	1862302	0	1	4089	2	0	4000	hit	174
1114	84	Response	1	1869133	6831	2
1114	85	Picture	10	1880435	0	1	4089	2	0	4000	other	0
1114	85	Pulse	5	1880492	57	3
1114	86	Picture	10	1898568	0	1	4088	3	0	4000	other	0
1114	86	Pulse	5	1900482	1914	2
1114	87	Pulse	5	1920482	3782	2
1114	87	Pulse	5	1940481	23781	2
1114	88	Picture	20	1941766	0	2	4089	3	0	4000	other	0
1114	89	Picture	20	1959899	0	1	4089	2	0	4000	other	0
1114	89	Pulse	5	1960471	572	2
1114	90	Picture	20	1978032	0	1	4089	2	0	4000	other	0
1114	90	Pulse	5	1980471	2439	1
1114	91	Picture	21	1996165	0	1	4089	2	0	4000	hit	188
1114	91	Pulse	5	2000470	4305	2
1114	91	Response	1	2006230	10065	2
1114	92	Picture	20	2014298	0	1	4088	3	0	4000	other	0
1114	92	Pulse	5	2020460	6162	2
1114	93	Picture	20	2032430	0	2	4089	3	0	4000	other	0
1114	93	Pulse	5	2040460	8030	2
1114	94	Picture	21	2050563	0	1	4089	2	0	4000	hit	195
1114	94	Pulse	5	2060459	9896	2
1114	94	Response	1	2061259	10696	2
1114	95	Picture	20	2068696	0	1	4089	2	0	4000	other	0
1114	95	Pulse	5	2080449	11753	2
1114	96	Picture	20	2086829	0	2	4089	3	0	4000	other	0
1114	96	Pulse	5	2100448	13619	2
1114	97	Picture	20	2104962	0	1	4088	3	0	4000	other	0
1114	97	Pulse	5	2120448	15486	2
1114	98	Picture	21	2123095	0	1	4088	3	0	4000	hit	203
1114	98	Response	1	2131168	8073	2
1114	98	Pulse	5	2140438	17343	1
1114	99	Picture	20	2141227	0	2	4089	3	0	4000	other	0
1114	100	Picture	20	2159360	0	1	4089	2	0	4000	other	0
1114	100	Pulse	5	2160437	1077	2
1114	101	Picture	21	2177493	0	1	4089	2	0	4000	hit	210
1114	101	Pulse	5	2180437	2944	2
1114	101	Response	1	2185548	8055	1
1114	102	Picture	20	2195626	0	1	4089	2	0	4000	other	0
1114	102	Pulse	5	2200428	4802	1
1114	103	Picture	20	2213759	0	1	4088	3	0	4000	other	0
1114	103	Pulse	5	2220427	6668	2
1114	104	Pulse	5	2240427	8536	1
1114	105	Picture	10	2256957	0	2	4089	4	0	4000	other	0
1114	105	Pulse	5	2260415	3458	2
1114	106	Picture	10	2275090	0	2	4089	3	0	4000	other	0
1114	106	Pulse	5	2280575	5485	2
1114	107	Picture	11	2293223	0	1	4089	2	0	4000	hit	221
1114	107	Response	1	2296415	3192	2
1114	107	Pulse	5	2300575	7352	1
1114	108	Picture	10	2311356	0	1	4088	4	0	4000	other	0
1114	108	Pulse	5	2320564	9208	3
1114	109	Picture	11	2329489	0	1	4089	2	0	4000	hit	226
1114	109	Response	1	2334804	5315	2
1114	109	Pulse	5	2340564	11075	2
1114	110	Picture	10	2347622	0	1	4088	3	0	4000	other	0
1114	110	Pulse	5	2360563	12941	3
1114	111	Picture	10	2365754	0	2	4089	5	0	4000	other	0
1114	111	Pulse	5	2380553	14799	2
1114	112	Picture	11	2383887	0	1	4089	2	0	4000	hit	233
1114	112	Response	1	2388553	4666	2
1114	112	Pulse	5	2400553	16666	2
1114	113	Picture	10	2402020	0	1	4089	2	0	4000	other	0
1114	114	Picture	10	2420153	0	1	4089	2	0	4000	other	0
1114	114	Pulse	5	2420552	399	2
1114	115	Picture	10	2438286	0	1	4088	3	0	4000	other	0
1114	115	Pulse	5	2440542	2256	2
1114	116	Picture	10	2456419	0	1	4088	2	0	4000	other	0
1114	116	Pulse	5	2460542	4123	1
1114	117	Picture	10	2474551	0	2	4089	3	0	4000	other	0
1114	117	Pulse	5	2480541	5990	2
1114	118	Picture	11	2492684	0	1	4089	2	0	4000	hit	245
1114	118	Response	1	2498611	5927	2
1114	118	Pulse	5	2500531	7847	2
1114	119	Picture	10	2510817	0	1	4089	2	0	4000	other	0
1114	119	Pulse	5	2520530	9713	2
1114	120	Picture	10	2528950	0	1	4089	2	0	4000	other	0
1114	120	Pulse	5	2540530	11580	2
1114	121	Pulse	5	2560521	13438	1
1114	122	Picture	30	2572149	0	1	4088	3	0	4000	other	0
1114	122	Pulse	5	2580519	8370	2
1114	123	Picture	30	2590281	0	2	4089	3	0	4000	other	0
1114	123	Pulse	5	2600519	10238	2
1114	124	Picture	30	2608414	0	2	4089	3	0	4000	other	0
1114	124	Pulse	5	2620509	12095	1
1114	125	Picture	31	2626547	0	1	4089	2	0	4000	miss	0
1114	125	Pulse	5	2640508	13961	2
1114	126	Picture	31	2644680	0	1	4089	2	0	4000	hit	261
1114	126	Response	1	2657788	13108	2
1114	126	Pulse	5	2660508	15828	2
1114	127	Picture	30	2662813	0	1	4089	2	0	4000	other	0
1114	127	Pulse	5	2680497	17684	2
1114	128	Picture	30	2680946	0	1	4088	3	0	4000	other	0
1114	129	Picture	30	2699078	0	2	4089	3	0	4000	other	0
1114	129	Pulse	5	2700497	1419	2
1114	130	Picture	31	2717211	0	1	4089	2	0	4000	hit	270
1114	130	Pulse	5	2720497	3286	2
1114	130	Response	1	2723057	5846	2
1114	131	Picture	30	2735344	0	1	4089	2	0	4000	other	0
1114	131	Pulse	5	2740486	5142	2
1114	132	Picture	30	2753476	0	2	4090	3	0	4000	other	0
1114	132	Pulse	5	2760486	7010	2
1114	133	Picture	30	2771610	0	1	4088	3	0	4000	other	0
1114	133	Pulse	5	2780486	8876	1
1114	134	Picture	30	2789742	0	2	4089	3	0	4000	other	0
1114	134	Pulse	5	2800477	10735	1
1114	135	Picture	31	2807875	0	2	4089	3	0	4000	hit	280
1114	135	Response	1	2816475	8600	2
1114	135	Pulse	5	2820475	12600	2
1114	136	Picture	30	2826008	0	1	4089	2	0	4000	other	0
1114	136	Pulse	5	2840474	14466	3
1114	137	Picture	30	2844141	0	1	4089	2	0	4000	other	0
