Scenario - 1-back
Logfile written - 02/20/2015 18:17:06

Subject	Trial	Event Type	Code	Time	TTime	Uncertainty	Duration	Uncertainty	ReqTime	ReqDur	Stim Type	Pair Index

1202	1	Pulse	5	855654	865488	2
1202	2	Pulse	5	875644	19904	2
1202	3	Picture	10	880773	0	2	4146	3	0	4000	other	0
1202	3	Pulse	5	895643	14870	2
1202	4	Picture	10	898845	0	1	4145	2	0	4000	other	0
1202	4	Pulse	5	915643	16798	2
1202	5	Picture	11	916916	0	1	4144	3	0	4000	hit	8
1202	5	Response	1	920123	3207	2
1202	6	Picture	10	934987	0	1	4144	2	0	4000	other	0
1202	6	Pulse	5	935633	646	2
1202	7	Picture	11	953057	0	2	4145	3	0	4000	hit	13
1202	7	Pulse	5	955632	2575	3
1202	7	Response	1	956432	3375	2
1202	8	Picture	10	971128	0	1	4145	2	0	4000	other	0
1202	8	Pulse	5	975632	4504	2
1202	9	Picture	10	989199	0	1	4145	2	0	4000	other	0
1202	9	Pulse	5	995621	6422	2
1202	10	Picture	10	1007270	0	1	4145	2	0	4000	other	0
1202	10	Pulse	5	1015621	8351	2
1202	11	Picture	11	1025341	0	1	4144	2	0	4000	hit	21
1202	11	Response	1	1028421	3080	2
1202	11	Pulse	5	1035621	10280	1
1202	12	Picture	10	1043411	0	2	4145	3	0	4000	other	0
1202	12	Pulse	5	1055611	12200	1
1202	13	Picture	10	1061482	0	1	4145	2	0	4000	other	0
1202	13	Pulse	5	1075610	14128	2
1202	14	Picture	11	1079553	0	1	4145	2	0	4000	hit	28
1202	14	Response	1	1082970	3417	2
1202	14	Pulse	5	1095610	16057	1
1202	15	Picture	10	1097624	0	1	4145	2	0	4000	other	0
1202	15	Pulse	5	1115599	17975	2
1202	16	Picture	10	1115695	0	1	4144	3	0	4000	other	0
1202	17	Picture	10	1133766	0	1	4144	2	0	4000	other	0
1202	17	Pulse	5	1135599	1833	2
1202	18	Picture	10	1151836	0	2	4145	3	0	4000	other	0
1202	18	Pulse	5	1155598	3762	2
1202	19	Pulse	5	1175588	5681	2
1202	20	Picture	30	1194941	0	1	4145	2	0	4000	other	0
1202	20	Pulse	5	1195588	647	1
1202	21	Picture	30	1213012	0	1	4145	2	0	4000	other	0
1202	21	Pulse	5	1215587	2575	2
1202	22	Picture	31	1231083	0	1	4144	2	0	4000	hit	43
1202	22	Response	1	1234937	3854	2
1202	22	Pulse	5	1235577	4494	2
1202	23	Picture	30	1249153	0	2	4145	3	0	4000	other	0
1202	23	Pulse	5	1255577	6424	2
1202	24	Picture	30	1267224	0	1	4145	2	0	4000	other	0
1202	24	Pulse	5	1275576	8352	2
1202	25	Picture	30	1285295	0	1	4145	2	0	4000	other	0
1202	25	Pulse	5	1295566	10271	2
1202	26	Picture	31	1303366	0	1	4145	2	0	4000	hit	52
1202	26	Response	1	1313805	10439	3
1202	26	Pulse	5	1315567	12201	1
1202	27	Picture	31	1321437	0	1	4144	3	0	4000	miss	0
1202	27	Pulse	5	1335565	14128	2
1202	28	Picture	30	1339507	0	2	4145	3	0	4000	other	0
1202	28	Pulse	5	1355555	16048	1
1202	29	Picture	30	1357578	0	1	4145	2	0	4000	other	0
1202	29	Pulse	5	1375554	17976	2
1202	30	Picture	30	1375649	0	1	4145	2	0	4000	other	0
1202	31	Picture	31	1393720	0	1	4145	2	0	4000	hit	63
1202	31	Pulse	5	1395555	1835	1
1202	31	Response	1	1399394	5674	2
1202	32	Picture	30	1411791	0	1	4144	3	0	4000	other	0
1202	32	Pulse	5	1415544	3753	1
1202	33	Picture	30	1429861	0	2	4145	3	0	4000	other	0
1202	33	Pulse	5	1435543	5682	2
1202	34	Picture	30	1447932	0	2	4145	3	0	4000	other	0
1202	34	Pulse	5	1455543	7611	2
1202	35	Picture	30	1466003	0	1	4145	2	0	4000	other	0
1202	35	Pulse	5	1475532	9529	2
1202	36	Pulse	5	1495532	11458	2
1202	37	Picture	10	1509108	0	1	4145	2	0	4000	other	0
1202	37	Pulse	5	1515532	6424	1
1202	38	Picture	10	1527179	0	1	4144	3	0	4000	other	0
1202	38	Pulse	5	1535521	8342	2
1202	39	Picture	11	1545249	0	2	4145	3	0	4000	hit	78
1202	39	Response	1	1550881	5632	2
1202	39	Pulse	5	1555521	10272	2
1202	40	Picture	10	1563320	0	2	4145	3	0	4000	other	0
1202	40	Pulse	5	1575521	12201	1
1202	41	Picture	11	1581391	0	1	4145	2	0	4000	hit	83
1202	41	Response	1	1587670	6279	2
1202	41	Pulse	5	1595510	14119	2
1202	42	Picture	10	1599462	0	1	4145	2	0	4000	other	0
1202	42	Pulse	5	1615510	16048	2
1202	43	Picture	10	1617533	0	1	4145	2	0	4000	other	0
1202	43	Pulse	5	1635509	17976	2
1202	44	Picture	10	1635604	0	1	4144	2	0	4000	other	0
1202	45	Picture	11	1653672	0	11	4147	12	0	4000	hit	92
1202	45	Pulse	5	1655499	1827	2
1202	45	Response	1	1658699	5027	2
1202	46	Picture	10	1671745	0	1	4145	2	0	4000	other	0
1202	46	Pulse	5	1675499	3754	1
1202	47	Picture	10	1689816	0	1	4145	2	0	4000	other	0
1202	47	Pulse	5	1695498	5682	2
1202	48	Picture	11	1707887	0	1	4145	2	0	4000	hit	98
1202	48	Response	1	1711328	3441	2
1202	48	Pulse	5	1715489	7602	1
1202	49	Picture	10	1725958	0	2	4144	4	0	4000	other	0
1202	49	Pulse	5	1735488	9530	1
1202	50	Picture	10	1744028	0	2	4145	3	0	4000	other	0
1202	50	Pulse	5	1755487	11459	2
1202	51	Picture	10	1762099	0	1	4145	2	0	4000	other	0
1202	51	Pulse	5	1775477	13378	2
1202	52	Picture	10	1780170	0	1	4145	2	0	4000	other	0
1202	52	Pulse	5	1795476	15306	3
1202	53	Pulse	5	1815476	17235	2
1202	54	Picture	20	1823275	0	1	4144	3	0	4000	other	0
1202	54	Pulse	5	1835466	12191	1
1202	55	Picture	20	1841346	0	1	4144	2	0	4000	other	0
1202	55	Pulse	5	1855465	14119	2
1202	56	Picture	21	1859416	0	2	4145	3	0	4000	hit	114
1202	56	Response	1	1863145	3729	2
1202	56	Pulse	5	1875625	16209	2
1202	57	Picture	20	1877487	0	1	4145	2	0	4000	other	0
1202	58	Picture	20	1895558	0	1	4145	2	0	4000	other	0
1202	58	Pulse	5	1895615	57	1
1202	59	Picture	20	1913629	0	1	4145	2	0	4000	other	0
1202	59	Pulse	5	1915615	1986	1
1202	60	Picture	21	1931700	0	1	4144	3	0	4000	hit	122
1202	60	Response	1	1935134	3434	2
1202	60	Pulse	5	1935614	3914	2
1202	61	Picture	20	1949770	0	2	4145	3	0	4000	other	0
1202	61	Pulse	5	1955604	5834	1
1202	62	Picture	20	1967841	0	2	4145	3	0	4000	other	0
1202	62	Pulse	5	1975603	7762	2
1202	63	Picture	20	1985912	0	1	4145	2	0	4000	other	0
1202	63	Pulse	5	1995603	9691	1
1202	64	Picture	20	2003983	0	1	4145	2	0	4000	other	0
1202	64	Pulse	5	2015592	11609	2
1202	65	Picture	20	2022054	0	1	4144	3	0	4000	other	0
1202	65	Pulse	5	2035592	13538	2
1202	66	Picture	21	2040125	0	1	4144	3	0	4000	hit	135
1202	66	Response	1	2046312	6187	1
1202	66	Pulse	5	2055592	15467	1
1202	67	Picture	20	2058195	0	2	4145	3	0	4000	other	0
1202	67	Pulse	5	2075581	17386	2
1202	68	Picture	20	2076266	0	1	4145	2	0	4000	other	0
1202	69	Picture	21	2094337	0	1	4145	2	0	4000	hit	142
1202	69	Pulse	5	2095581	1244	2
1202	69	Response	1	2097981	3644	2
1202	70	Pulse	5	2115580	3172	2
1202	70	Pulse	5	2135570	23162	2
1202	71	Picture	10	2137442	0	1	4144	3	0	4000	other	0
1202	72	Picture	10	2155513	0	1	4144	2	0	4000	other	0
1202	72	Pulse	5	2155570	57	1
1202	73	Picture	11	2173583	0	2	4145	3	0	4000	hit	150
1202	73	Pulse	5	2175569	1986	2
1202	73	Response	1	2177969	4386	2
1202	74	Picture	10	2191654	0	1	4145	2	0	4000	other	0
1202	74	Pulse	5	2195559	3905	2
1202	75	Picture	11	2209725	0	1	4145	2	0	4000	hit	154
1202	75	Response	1	2214119	4394	1
1202	75	Pulse	5	2215559	5834	1
1202	76	Picture	10	2227796	0	1	4145	2	0	4000	other	0
1202	76	Pulse	5	2235558	7762	2
1202	77	Picture	10	2245867	0	1	4144	3	0	4000	other	0
1202	77	Pulse	5	2255548	9681	2
1202	78	Picture	11	2263937	0	2	4145	3	0	4000	hit	161
1202	78	Response	1	2267388	3451	2
1202	78	Pulse	5	2275547	11610	3
1202	79	Picture	10	2282008	0	1	4145	2	0	4000	other	0
1202	79	Pulse	5	2295547	13539	2
1202	80	Picture	10	2300079	0	1	4145	2	0	4000	other	0
1202	80	Pulse	5	2315537	15458	1
1202	81	Picture	10	2318150	0	1	4145	2	0	4000	false_alarm	168
1202	81	Response	1	2321937	3787	1
1202	81	Pulse	5	2335537	17387	1
1202	82	Picture	10	2336221	0	1	4144	3	0	4000	other	0
1202	83	Picture	10	2354291	0	2	4145	3	0	4000	other	0
1202	83	Pulse	5	2355537	1246	1
1202	84	Picture	11	2372362	0	2	4145	3	0	4000	hit	175
1202	84	Pulse	5	2375526	3164	1
1202	84	Response	1	2377445	5083	2
1202	85	Picture	10	2390433	0	1	4145	2	0	4000	other	0
1202	85	Pulse	5	2395525	5092	2
1202	86	Picture	10	2408504	0	1	4145	2	0	4000	other	0
1202	86	Pulse	5	2415525	7021	2
1202	87	Pulse	5	2435514	8939	8
1202	88	Picture	30	2451609	0	1	4144	3	0	4000	other	0
1202	88	Pulse	5	2455507	3898	10
1202	89	Picture	30	2469679	0	2	4145	3	0	4000	other	0
1202	89	Pulse	5	2475514	5835	2
1202	90	Picture	30	2487750	0	1	4145	2	0	4000	other	0
1202	90	Pulse	5	2495503	7753	2
1202	91	Picture	31	2505821	0	1	4145	2	0	4000	hit	188
1202	91	Response	1	2513904	8083	1
1202	91	Pulse	5	2515503	9682	2
1202	92	Picture	31	2523892	0	1	4145	2	0	4000	miss	0
1202	92	Pulse	5	2535503	11611	1
1202	93	Picture	30	2541963	0	1	4144	3	0	4000	other	0
1202	93	Pulse	5	2555493	13530	1
1202	94	Picture	30	2560034	0	1	4144	2	0	4000	other	0
1202	94	Pulse	5	2575492	15458	2
1202	95	Picture	30	2578104	0	2	4145	3	0	4000	other	0
1202	95	Pulse	5	2595491	17387	2
1202	96	Picture	31	2596175	0	1	4145	2	0	4000	hit	199
1202	96	Response	1	2608281	12106	2
1202	97	Picture	30	2614246	0	1	4145	2	0	4000	other	0
1202	97	Pulse	5	2615481	1235	2
1202	98	Picture	30	2632317	0	1	4145	2	0	4000	other	0
1202	98	Pulse	5	2635481	3164	1
1202	99	Picture	30	2650388	0	1	4144	2	0	4000	other	0
1202	99	Pulse	5	2655480	5092	2
1202	100	Picture	30	2668458	0	2	4145	3	0	4000	other	0
1202	100	Pulse	5	2675470	7012	2
1202	101	Picture	31	2686529	0	1	4145	2	0	4000	hit	209
1202	101	Response	1	2692430	5901	1
1202	101	Pulse	5	2695470	8941	1
1202	102	Picture	30	2704600	0	1	4145	2	0	4000	other	0
1202	102	Pulse	5	2715469	10869	2
1202	103	Picture	30	2722671	0	1	4144	3	0	4000	other	0
1202	103	Pulse	5	2735459	12788	2
1202	104	Pulse	5	2755458	14716	3
1202	105	Picture	10	2765776	0	1	4144	2	0	4000	other	0
1202	105	Pulse	5	2775458	9682	2
1202	106	Picture	10	2783846	0	2	4145	3	0	4000	other	0
1202	106	Pulse	5	2795448	11602	1
1202	107	Picture	11	2801917	0	1	4145	2	0	4000	hit	221
1202	107	Response	1	2806647	4730	2
1202	107	Pulse	5	2815447	13530	2
1202	108	Picture	10	2819988	0	1	4145	2	0	4000	other	0
1202	108	Pulse	5	2835448	15460	1
1202	109	Picture	11	2838059	0	1	4144	3	0	4000	hit	226
1202	109	Response	1	2841517	3458	2
1202	109	Pulse	5	2855436	17377	2
1202	110	Picture	10	2856130	0	1	4144	2	0	4000	other	0
1202	111	Picture	10	2874200	0	2	4145	3	0	4000	other	0
1202	111	Pulse	5	2875436	1236	2
1202	112	Picture	11	2892271	0	1	4145	2	0	4000	hit	233
1202	112	Pulse	5	2895436	3165	2
1202	112	Response	1	2895916	3645	1
1202	113	Picture	10	2910342	0	1	4145	2	0	4000	other	0
1202	113	Pulse	5	2915585	5243	2
1202	114	Picture	10	2928413	0	1	4145	2	0	4000	other	0
1202	114	Pulse	5	2935585	7172	2
1202	115	Picture	10	2946484	0	1	4144	3	0	4000	other	0
1202	115	Pulse	5	2955585	9101	1
1202	116	Picture	10	2964555	0	1	4144	2	0	4000	other	0
1202	116	Pulse	5	2975574	11019	2
1202	117	Picture	10	2982625	0	1	4145	2	0	4000	other	0
1202	117	Pulse	5	2995574	12949	2
1202	118	Picture	11	3000696	0	1	4145	2	0	4000	hit	245
1202	118	Response	1	3004854	4158	1
1202	118	Pulse	5	3015574	14878	1
1202	119	Picture	10	3018767	0	1	4145	2	0	4000	other	0
1202	119	Pulse	5	3035563	16796	2
1202	120	Picture	10	3036838	0	1	4144	3	0	4000	other	0
1202	121	Pulse	5	3055563	654	2
1202	121	Pulse	5	3075563	20654	1
1202	122	Picture	20	3079942	0	2	4145	3	0	4000	other	0
1202	122	Pulse	5	3095553	15611	1
1202	123	Picture	20	3098013	0	1	4145	2	0	4000	other	0
1202	123	Pulse	5	3115552	17539	1
1202	124	Picture	20	3116084	0	1	4145	2	0	4000	other	0
1202	125	Picture	21	3134155	0	1	4145	2	0	4000	hit	259
1202	125	Pulse	5	3135551	1396	2
1202	125	Response	1	3137461	3306	3
1202	126	Picture	20	3152226	0	1	4144	3	0	4000	other	0
1202	126	Pulse	5	3155541	3315	2
1202	127	Picture	20	3170297	0	1	4144	2	0	4000	other	0
1202	127	Pulse	5	3175540	5243	2
1202	128	Picture	21	3188367	0	2	4145	3	0	4000	hit	265
1202	128	Response	1	3192980	4613	2
1202	128	Pulse	5	3195540	7173	2
1202	129	Picture	20	3206438	0	1	4145	2	0	4000	other	0
1202	129	Pulse	5	3215530	9092	2
1202	130	Picture	20	3224509	0	1	4145	2	0	4000	other	0
1202	130	Pulse	5	3235529	11020	3
1202	131	Picture	20	3242580	0	1	4144	3	0	4000	other	0
1202	131	Pulse	5	3255529	12949	2
1202	132	Picture	21	3260651	0	1	4144	3	0	4000	hit	274
1202	132	Response	1	3264159	3508	2
1202	132	Pulse	5	3275519	14868	1
1202	133	Picture	20	3278721	0	2	4145	3	0	4000	other	0
1202	133	Pulse	5	3295518	16797	2
1202	134	Picture	20	3296792	0	1	4145	2	0	4000	other	0
1202	135	Picture	21	3314863	0	1	4145	2	0	4000	hit	281
1202	135	Pulse	5	3315508	645	2
1202	135	Response	1	3322068	7205	1
1202	136	Picture	20	3332934	0	1	4145	2	0	4000	other	0
1202	136	Pulse	5	3335508	2574	1
1202	137	Picture	20	3351005	0	1	4144	3	0	4000	other	0
1202	137	Pulse	5	3355507	4502	2
