Scenario - 1-back
Logfile written - 02/20/2015 18:26:05

Subject	Trial	Event Type	Code	Time	TTime	Uncertainty	Duration	Uncertainty	ReqTime	ReqDur	Stim Type	Pair Index

1202	1	Pulse	5	161702	171536	2
1202	2	Pulse	5	181702	19947	2
1202	3	Picture	10	186789	0	1	4144	3	0	4000	other	0
1202	3	Pulse	5	201702	14913	1
1202	4	Picture	10	204859	0	2	4145	3	0	4000	other	0
1202	4	Pulse	5	221691	16832	2
1202	5	Picture	11	222930	0	1	4145	2	0	4000	hit	8
1202	5	Response	1	226011	3081	2
1202	6	Picture	10	241001	0	1	4145	2	0	4000	other	0
1202	6	Pulse	5	241691	690	2
1202	7	Picture	11	259072	0	1	4145	2	0	4000	hit	13
1202	7	Pulse	5	261690	2618	2
1202	7	Response	1	263930	4858	2
1202	8	Picture	10	277143	0	1	4144	3	0	4000	other	0
1202	8	Pulse	5	281680	4537	2
1202	9	Picture	10	295214	0	1	4144	3	0	4000	other	0
1202	9	Pulse	5	301680	6466	1
1202	10	Picture	10	313284	0	2	4145	3	0	4000	other	0
1202	10	Pulse	5	321679	8395	2
1202	11	Picture	11	331355	0	1	4145	2	0	4000	hit	21
1202	11	Response	1	335909	4554	2
1202	11	Pulse	5	341669	10314	2
1202	12	Picture	10	349426	0	1	4132	24	0	4000	other	0
1202	12	Pulse	5	361668	12242	2
1202	13	Picture	10	367497	0	1	4144	3	0	4000	other	0
1202	13	Pulse	5	381669	14172	1
1202	14	Picture	11	385568	0	1	4144	3	0	4000	hit	28
1202	14	Response	1	388858	3290	2
1202	14	Pulse	5	401658	16090	1
1202	15	Picture	10	403639	0	1	4144	2	0	4000	other	0
1202	15	Pulse	5	421657	18018	2
1202	16	Picture	10	421709	0	1	4145	2	0	4000	other	0
1202	17	Picture	10	439780	0	1	4145	2	0	4000	other	0
1202	17	Pulse	5	441657	1877	2
1202	18	Picture	10	457851	0	1	4145	2	0	4000	other	0
1202	18	Pulse	5	461647	3796	2
1202	19	Pulse	5	481646	5724	3
1202	20	Picture	30	500956	0	1	4144	3	0	4000	other	0
1202	20	Pulse	5	501646	690	2
1202	21	Picture	30	519026	0	2	4145	3	0	4000	other	0
1202	21	Pulse	5	521636	2610	1
1202	22	Picture	31	537097	0	2	4145	3	0	4000	hit	43
1202	22	Response	1	541155	4058	2
1202	22	Pulse	5	541635	4538	2
1202	23	Picture	30	555168	0	1	4145	2	0	4000	other	0
1202	23	Pulse	5	561635	6467	1
1202	24	Picture	30	573239	0	1	4144	3	0	4000	other	0
1202	24	Pulse	5	581624	8385	2
1202	25	Picture	30	591310	0	1	4144	3	0	4000	other	0
1202	25	Pulse	5	601625	10315	1
1202	26	Picture	31	609380	0	2	4145	3	0	4000	hit	52
1202	26	Response	1	613144	3764	1
1202	26	Pulse	5	621624	12244	1
1202	27	Picture	31	627451	0	2	4145	3	0	4000	miss	0
1202	27	Pulse	5	641613	14162	2
1202	28	Picture	30	645522	0	1	4145	2	0	4000	other	0
1202	28	Pulse	5	661613	16091	2
1202	29	Picture	30	663593	0	1	4145	2	0	4000	other	0
1202	29	Pulse	5	681612	18019	2
1202	30	Picture	30	681664	0	1	4144	3	0	4000	other	0
1202	31	Picture	31	699735	0	1	4144	3	0	4000	hit	63
1202	31	Pulse	5	701602	1867	2
1202	31	Response	1	703042	3307	2
1202	32	Picture	30	717805	0	2	4145	3	0	4000	other	0
1202	32	Pulse	5	721602	3797	2
1202	33	Picture	30	735876	0	1	4145	2	0	4000	other	0
1202	33	Pulse	5	741601	5725	2
1202	34	Picture	30	753947	0	1	4145	2	0	4000	other	0
1202	34	Pulse	5	761591	7644	2
1202	35	Picture	30	772018	0	1	4144	3	0	4000	other	0
1202	35	Pulse	5	781591	9573	1
1202	36	Pulse	5	801590	11501	2
1202	37	Picture	10	815123	0	1	4144	2	0	4000	other	0
1202	37	Pulse	5	821580	6457	2
1202	38	Picture	10	833193	0	2	4145	3	0	4000	other	0
1202	38	Pulse	5	841580	8387	1
1202	39	Picture	11	851264	0	1	4145	2	0	4000	hit	78
1202	39	Response	1	855339	4075	2
1202	39	Pulse	5	861579	10315	2
1202	40	Picture	10	869335	0	1	4145	2	0	4000	other	0
1202	40	Pulse	5	881569	12234	1
1202	41	Picture	11	887406	0	1	4144	3	0	4000	hit	83
1202	41	Response	1	894688	7282	2
1202	41	Pulse	5	901728	14322	2
1202	42	Picture	10	905477	0	1	4144	2	0	4000	other	0
1202	42	Pulse	5	921728	16251	2
1202	43	Picture	10	923547	0	2	4145	3	0	4000	other	0
1202	44	Picture	10	941618	0	2	4145	3	0	4000	other	0
1202	44	Pulse	5	941717	99	3
1202	45	Picture	11	959689	0	1	4145	2	0	4000	hit	92
1202	45	Pulse	5	961717	2028	3
1202	45	Response	1	963317	3628	3
1202	46	Picture	10	977760	0	1	4145	2	0	4000	other	0
1202	46	Pulse	5	981717	3957	2
1202	47	Picture	10	995831	0	1	4144	3	0	4000	other	0
1202	47	Pulse	5	1001707	5876	1
1202	48	Picture	11	1013902	0	1	4144	2	0	4000	hit	98
1202	48	Response	1	1017386	3484	2
1202	48	Pulse	5	1021706	7804	2
1202	49	Picture	10	1031972	0	2	4145	3	0	4000	other	0
1202	49	Pulse	5	1041706	9734	1
1202	50	Picture	10	1050043	0	1	4145	2	0	4000	other	0
1202	50	Pulse	5	1061695	11652	2
1202	51	Picture	10	1068114	0	1	4145	2	0	4000	other	0
1202	51	Pulse	5	1081695	13581	2
1202	52	Picture	10	1086185	0	1	4144	3	0	4000	other	0
1202	52	Pulse	5	1101695	15510	1
1202	53	Pulse	5	1121684	17428	2
1202	54	Picture	20	1129289	0	2	4145	3	0	4000	other	0
1202	54	Pulse	5	1141684	12395	2
1202	55	Picture	20	1147360	0	2	4145	3	0	4000	other	0
1202	55	Pulse	5	1161673	14313	2
1202	56	Picture	21	1165431	0	1	4145	2	0	4000	hit	114
1202	56	Response	1	1170153	4722	2
1202	56	Pulse	5	1181673	16242	2
1202	57	Picture	20	1183502	0	1	4145	2	0	4000	other	0
1202	58	Picture	20	1201573	0	1	4144	3	0	4000	other	0
1202	58	Pulse	5	1201673	100	1
1202	59	Picture	20	1219644	0	1	4144	2	0	4000	other	0
1202	59	Pulse	5	1221662	2018	2
1202	60	Picture	21	1237714	0	2	4145	3	0	4000	hit	122
1202	60	Response	1	1241022	3308	2
1202	60	Pulse	5	1241662	3948	2
1202	61	Picture	20	1255785	0	1	4145	2	0	4000	other	0
1202	61	Pulse	5	1261662	5877	1
1202	62	Picture	20	1273856	0	1	4145	2	0	4000	other	0
1202	62	Pulse	5	1281651	7795	2
1202	63	Picture	20	1291927	0	1	4144	3	0	4000	other	0
1202	63	Pulse	5	1301651	9724	2
1202	64	Picture	20	1309998	0	1	4144	2	0	4000	other	0
1202	64	Pulse	5	1321650	11652	2
1202	65	Picture	20	1328068	0	2	4145	3	0	4000	other	0
1202	65	Pulse	5	1341640	13572	2
1202	66	Picture	21	1346137	0	9	4147	10	0	4000	hit	135
1202	66	Response	1	1350120	3983	2
1202	66	Pulse	5	1361640	15503	1
1202	67	Picture	20	1364210	0	1	4145	2	0	4000	other	0
1202	67	Pulse	5	1381639	17429	2
1202	68	Picture	20	1382281	0	1	4145	2	0	4000	other	0
1202	69	Picture	21	1400352	0	1	4144	3	0	4000	hit	142
1202	69	Pulse	5	1401629	1277	2
1202	69	Response	1	1403869	3517	2
1202	70	Pulse	5	1421628	3205	3
1202	70	Pulse	5	1441628	23205	2
1202	71	Picture	10	1443456	0	2	4145	3	0	4000	other	0
1202	72	Picture	10	1461527	0	1	4145	2	0	4000	other	0
1202	72	Pulse	5	1461618	91	2
1202	73	Picture	11	1479598	0	1	4145	2	0	4000	hit	150
1202	73	Pulse	5	1481617	2019	2
1202	73	Response	1	1483857	4259	2
1202	74	Picture	10	1497669	0	1	4145	2	0	4000	other	0
1202	74	Pulse	5	1501617	3948	2
1202	75	Picture	11	1515740	0	1	4144	3	0	4000	hit	155
1202	75	Pulse	5	1521607	5867	1
1202	75	Response	1	1522727	6987	1
1202	76	Picture	10	1533810	0	2	4145	3	0	4000	other	0
1202	76	Pulse	5	1541606	7796	2
1202	77	Picture	10	1551881	0	2	4145	4	0	4000	other	0
1202	77	Pulse	5	1561606	9725	2
1202	78	Picture	11	1569952	0	1	4145	2	0	4000	hit	161
1202	78	Response	1	1574246	4294	1
1202	78	Pulse	5	1581596	11644	1
1202	79	Picture	10	1588023	0	1	4145	2	0	4000	other	0
1202	79	Pulse	5	1601595	13572	2
1202	80	Picture	10	1606094	0	1	4144	3	0	4000	other	0
1202	80	Pulse	5	1621595	15501	2
1202	81	Picture	10	1624165	0	1	4144	3	0	4000	other	0
1202	81	Pulse	5	1641584	17419	2
1202	82	Picture	10	1642235	0	2	4145	3	0	4000	other	0
1202	83	Picture	10	1660306	0	1	4145	2	0	4000	other	0
1202	83	Pulse	5	1661584	1278	2
1202	84	Picture	11	1678377	0	1	4145	2	0	4000	hit	174
1202	84	Pulse	5	1681584	3207	1
1202	84	Response	1	1682384	4007	1
1202	85	Picture	10	1696448	0	1	4145	2	0	4000	other	0
1202	85	Pulse	5	1701573	5125	2
1202	86	Picture	10	1714519	0	1	4144	3	0	4000	other	0
1202	86	Pulse	5	1721573	7054	2
1202	87	Pulse	5	1741573	8983	1
1202	88	Picture	30	1757623	0	2	4145	3	0	4000	other	0
1202	88	Pulse	5	1761562	3939	2
1202	89	Picture	30	1775694	0	1	4145	2	0	4000	other	0
1202	89	Pulse	5	1781562	5868	2
1202	90	Picture	30	1793765	0	1	4145	2	0	4000	other	0
1202	90	Pulse	5	1801561	7796	2
1202	91	Picture	31	1811836	0	1	4145	2	0	4000	hit	187
1202	91	Response	1	1815321	3485	2
1202	91	Pulse	5	1821552	9716	1
1202	92	Picture	31	1829907	0	1	4144	3	0	4000	miss	0
1202	92	Pulse	5	1841551	11644	1
1202	93	Picture	30	1847977	0	2	4145	3	0	4000	other	0
1202	93	Pulse	5	1861550	13573	2
1202	94	Picture	30	1866048	0	2	4145	3	0	4000	other	0
1202	94	Pulse	5	1881540	15492	2
1202	95	Picture	30	1884119	0	1	4145	2	0	4000	other	0
1202	95	Pulse	5	1901540	17421	2
1202	96	Picture	31	1902190	0	1	4145	2	0	4000	hit	198
1202	96	Response	1	1905379	3189	3
1202	97	Picture	30	1920261	0	1	4144	3	0	4000	other	0
1202	97	Pulse	5	1921699	1438	3
1202	98	Picture	30	1938331	0	2	4145	3	0	4000	other	0
1202	98	Pulse	5	1941689	3358	2
1202	99	Picture	30	1956402	0	2	4145	3	0	4000	other	0
1202	99	Pulse	5	1961688	5286	2
1202	100	Picture	30	1974473	0	1	4145	2	0	4000	other	0
1202	100	Pulse	5	1981688	7215	2
1202	101	Picture	31	1992544	0	1	4145	2	0	4000	hit	208
1202	101	Response	1	1996728	4184	2
1202	101	Pulse	5	2001678	9134	1
1202	102	Picture	30	2010615	0	1	4144	3	0	4000	other	0
1202	102	Pulse	5	2021677	11062	2
1202	103	Picture	30	2028686	0	1	4144	3	0	4000	other	0
1202	103	Pulse	5	2041677	12991	2
1202	104	Pulse	5	2061667	14910	2
1202	105	Picture	10	2071790	0	2	4145	3	0	4000	other	0
1202	105	Pulse	5	2081666	9876	2
1202	106	Picture	10	2089861	0	1	4145	2	0	4000	other	0
1202	106	Pulse	5	2101666	11805	2
1202	107	Picture	11	2108098	0	1	4145	2	0	4000	hit	220
1202	107	Response	1	2111426	3328	1
1202	107	Pulse	5	2121655	13557	2
1202	108	Picture	10	2126169	0	1	4144	2	0	4000	other	0
1202	108	Pulse	5	2141655	15486	2
1202	109	Picture	11	2144239	0	2	4145	3	0	4000	hit	225
1202	109	Response	1	2148055	3816	2
1202	109	Pulse	5	2161655	17416	1
1202	110	Picture	10	2162310	0	1	4145	2	0	4000	other	0
1202	111	Picture	10	2180381	0	1	4145	2	0	4000	other	0
1202	111	Pulse	5	2181644	1263	2
1202	112	Picture	11	2198452	0	1	4144	3	0	4000	hit	232
1202	112	Pulse	5	2201645	3193	1
1202	112	Response	1	2201964	3512	2
1202	113	Picture	10	2216523	0	1	4144	3	0	4000	other	0
1202	113	Pulse	5	2221644	5121	1
1202	114	Picture	10	2234593	0	2	4145	3	0	4000	other	0
1202	114	Pulse	5	2241633	7040	2
1202	115	Picture	10	2252664	0	2	4145	3	0	4000	other	0
1202	115	Pulse	5	2261633	8969	2
1202	116	Picture	10	2270735	0	1	4145	2	0	4000	other	0
1202	116	Pulse	5	2281632	10897	2
1202	117	Picture	10	2288806	0	1	4145	2	0	4000	other	0
1202	117	Pulse	5	2301622	12816	2
1202	118	Picture	11	2306877	0	1	4144	3	0	4000	hit	244
1202	118	Response	1	2310262	3385	2
1202	118	Pulse	5	2321622	14745	1
1202	119	Picture	10	2324947	0	2	4145	4	0	4000	other	0
1202	119	Pulse	5	2341621	16674	2
1202	120	Picture	10	2343018	0	2	4145	3	0	4000	other	0
1202	121	Pulse	5	2361611	522	2
1202	121	Pulse	5	2381610	20521	3
1202	122	Picture	20	2386123	0	1	4145	2	0	4000	other	0
1202	122	Pulse	5	2401610	15487	2
1202	123	Picture	20	2404194	0	1	4145	2	0	4000	other	0
1202	123	Pulse	5	2421600	17406	2
1202	124	Picture	20	2422265	0	1	4144	3	0	4000	other	0
1202	125	Picture	21	2440335	0	2	4145	3	0	4000	hit	258
1202	125	Pulse	5	2441599	1264	2
1202	125	Response	1	2444159	3824	2
1202	126	Picture	20	2458406	0	2	4145	3	0	4000	other	0
1202	126	Pulse	5	2461599	3193	2
1202	127	Picture	20	2476477	0	1	4145	2	0	4000	other	0
1202	127	Pulse	5	2481589	5112	1
1202	128	Picture	21	2494548	0	1	4145	2	0	4000	hit	264
1202	128	Response	1	2498547	3999	4
1202	128	Pulse	5	2501588	7040	2
1202	129	Picture	20	2512619	0	1	4144	3	0	4000	other	0
1202	129	Pulse	5	2521588	8969	2
1202	130	Picture	20	2530690	0	1	4144	3	0	4000	other	0
1202	130	Pulse	5	2541578	10888	1
1202	131	Picture	20	2548760	0	2	4145	3	0	4000	other	0
1202	131	Pulse	5	2561577	12817	2
1202	132	Picture	21	2566831	0	2	4145	3	0	4000	hit	273
1202	132	Response	1	2570537	3706	2
1202	132	Pulse	5	2581577	14746	2
1202	133	Picture	20	2584902	0	1	4145	2	0	4000	other	0
1202	133	Pulse	5	2601567	16665	1
1202	134	Picture	20	2602973	0	1	4145	2	0	4000	other	0
1202	135	Picture	21	2621044	0	1	4144	3	0	4000	hit	280
1202	135	Pulse	5	2621566	522	2
1202	135	Response	1	2624926	3882	2
1202	136	Picture	20	2639115	0	1	4144	2	0	4000	other	0
1202	136	Pulse	5	2641566	2451	1
1202	137	Picture	20	2657185	0	2	4145	3	0	4000	other	0
1202	137	Pulse	5	2661555	4370	2
