Scenario - 1-back
Logfile written - 02/20/2015 18:21:35

Subject	Trial	Event Type	Code	Time	TTime	Uncertainty	Duration	Uncertainty	ReqTime	ReqDur	Stim Type	Pair Index

1202	1	Pulse	5	159364	169198	2
1202	2	Pulse	5	179364	19930	2
1202	3	Picture	10	184468	0	1	4144	3	0	4000	other	0
1202	3	Pulse	5	199363	14895	2
1202	4	Picture	10	202538	0	2	4145	3	0	4000	other	0
1202	4	Pulse	5	219353	16815	2
1202	5	Picture	11	220609	0	1	4145	2	0	4000	hit	8
1202	5	Response	1	224633	4024	2
1202	6	Picture	10	238680	0	1	4145	2	0	4000	other	0
1202	6	Pulse	5	239353	673	1
1202	7	Picture	11	256751	0	1	4145	2	0	4000	hit	13
1202	7	Pulse	5	259352	2601	2
1202	7	Response	1	261112	4361	2
1202	8	Picture	10	274822	0	1	4144	3	0	4000	other	0
1202	8	Pulse	5	279342	4520	2
1202	9	Picture	10	292893	0	1	4144	3	0	4000	other	0
1202	9	Pulse	5	299341	6448	2
1202	10	Picture	10	310963	0	2	4145	3	0	4000	other	0
1202	10	Pulse	5	319341	8378	2
1202	11	Picture	11	329034	0	1	4145	2	0	4000	hit	21
1202	11	Response	1	333101	4067	2
1202	11	Pulse	5	339331	10297	1
1202	12	Picture	10	347105	0	1	4145	2	0	4000	other	0
1202	12	Pulse	5	359330	12225	2
1202	13	Picture	10	365176	0	1	4144	3	0	4000	other	0
1202	13	Pulse	5	379330	14154	2
1202	14	Picture	11	383247	0	1	4144	2	0	4000	hit	28
1202	14	Response	1	387650	4403	2
1202	14	Pulse	5	399320	16073	1
1202	15	Picture	10	401318	0	1	4144	2	0	4000	other	0
1202	15	Pulse	5	419318	18000	14
1202	16	Picture	10	419388	0	2	4145	3	0	4000	other	0
1202	17	Picture	10	437459	0	1	4145	2	0	4000	other	0
1202	17	Pulse	5	439319	1860	2
1202	18	Picture	10	455530	0	1	4145	2	0	4000	other	0
1202	18	Pulse	5	459308	3778	3
1202	19	Pulse	5	479308	5707	2
1202	20	Picture	20	498635	0	1	4144	2	0	4000	other	0
1202	20	Pulse	5	499308	673	2
1202	21	Picture	20	516705	0	2	4145	3	0	4000	other	0
1202	21	Pulse	5	519297	2592	2
1202	22	Picture	21	534776	0	1	4145	2	0	4000	hit	44
1202	22	Pulse	5	539297	4521	2
1202	22	Response	1	539937	5161	2
1202	23	Picture	20	552847	0	1	4145	2	0	4000	other	0
1202	23	Pulse	5	559297	6450	1
1202	24	Picture	20	570918	0	1	4145	2	0	4000	other	0
1202	24	Pulse	5	579286	8368	2
1202	25	Picture	20	588989	0	1	4144	3	0	4000	other	0
1202	25	Pulse	5	599286	10297	2
1202	26	Picture	21	607059	0	2	4145	3	0	4000	hit	52
1202	26	Response	1	610326	3267	1
1202	26	Pulse	5	619286	12227	1
1202	27	Picture	20	625130	0	2	4145	3	0	4000	other	0
1202	27	Pulse	5	639275	14145	2
1202	28	Picture	20	643201	0	1	4145	2	0	4000	other	0
1202	28	Pulse	5	659275	16074	1
1202	29	Picture	20	661272	0	1	4145	2	0	4000	other	0
1202	29	Pulse	5	679272	18000	9
1202	30	Picture	20	679343	0	1	4144	3	0	4000	other	0
1202	31	Picture	20	697414	0	1	4144	2	0	4000	other	0
1202	31	Pulse	5	699264	1850	2
1202	32	Picture	21	715484	0	2	4145	3	0	4000	hit	65
1202	32	Pulse	5	719264	3780	1
1202	32	Response	1	722943	7459	2
1202	33	Picture	20	733555	0	1	4145	2	0	4000	other	0
1202	33	Pulse	5	739263	5708	2
1202	34	Picture	20	751626	0	1	4145	2	0	4000	other	0
1202	34	Pulse	5	759253	7627	2
1202	35	Picture	21	769697	0	1	4144	3	0	4000	hit	71
1202	35	Response	1	773813	4116	1
1202	35	Pulse	5	779252	9555	2
1202	36	Pulse	5	799252	11484	2
1202	37	Picture	10	812802	0	1	4144	2	0	4000	other	0
1202	37	Pulse	5	819242	6440	1
1202	38	Picture	10	830872	0	2	4145	3	0	4000	other	0
1202	38	Pulse	5	839241	8369	2
1202	39	Picture	11	848943	0	1	4145	2	0	4000	hit	79
1202	39	Response	1	852361	3418	2
1202	39	Pulse	5	859241	10298	2
1202	40	Picture	10	867014	0	1	4145	2	0	4000	other	0
1202	40	Pulse	5	879231	12217	1
1202	41	Picture	11	885085	0	1	4144	3	0	4000	hit	84
1202	41	Response	1	890110	5025	2
1202	41	Pulse	5	899230	14145	2
1202	42	Picture	10	903156	0	1	4144	3	0	4000	other	0
1202	42	Pulse	5	919230	16074	2
1202	43	Picture	10	921226	0	2	4145	3	0	4000	other	0
1202	43	Pulse	5	939219	17993	3
1202	44	Picture	10	939297	0	1	4145	2	0	4000	other	0
1202	45	Picture	11	957368	0	1	4145	2	0	4000	hit	93
1202	45	Pulse	5	959219	1851	2
1202	45	Response	1	960819	3451	2
1202	46	Picture	10	975439	0	1	4145	2	0	4000	other	0
1202	46	Pulse	5	979219	3780	2
1202	47	Picture	10	993510	0	1	4144	3	0	4000	other	0
1202	47	Pulse	5	999208	5698	2
1202	48	Picture	11	1011581	0	1	4144	2	0	4000	hit	99
1202	48	Response	1	1015208	3627	2
1202	48	Pulse	5	1019208	7627	2
1202	49	Picture	10	1029651	0	1	4145	2	0	4000	other	0
1202	49	Pulse	5	1039208	9557	1
1202	50	Picture	10	1047722	0	1	4145	2	0	4000	other	0
1202	50	Pulse	5	1059197	11475	2
1202	51	Picture	10	1065793	0	1	4145	2	0	4000	other	0
1202	51	Pulse	5	1079197	13404	2
1202	52	Picture	10	1083864	0	1	4145	2	0	4000	other	0
1202	52	Pulse	5	1099197	15333	1
1202	53	Pulse	5	1119186	17251	2
1202	54	Picture	30	1126968	0	2	4145	3	0	4000	other	0
1202	54	Pulse	5	1139346	12378	1
1202	55	Picture	30	1145039	0	1	4145	2	0	4000	other	0
1202	55	Pulse	5	1159345	14306	2
1202	56	Picture	31	1163110	0	1	4145	2	0	4000	hit	115
1202	56	Response	1	1173095	9985	2
1202	56	Pulse	5	1179335	16225	2
1202	57	Picture	30	1181181	0	1	4145	2	0	4000	other	0
1202	58	Picture	30	1199252	0	1	4144	3	0	4000	other	0
1202	58	Pulse	5	1199335	83	1
1202	59	Picture	30	1217323	0	1	4144	2	0	4000	other	0
1202	59	Pulse	5	1219334	2011	2
1202	60	Picture	31	1235393	0	2	4145	3	0	4000	hit	124
1202	60	Pulse	5	1239324	3931	2
1202	60	Response	1	1239804	4411	2
1202	61	Picture	31	1253464	0	2	4145	3	0	4000	miss	0
1202	61	Pulse	5	1259323	5859	2
1202	62	Picture	30	1271535	0	1	4145	2	0	4000	other	0
1202	62	Pulse	5	1279324	7789	1
1202	63	Picture	30	1289606	0	1	4145	2	0	4000	other	0
1202	63	Pulse	5	1299313	9707	1
1202	64	Picture	30	1307677	0	1	4144	2	0	4000	other	0
1202	64	Pulse	5	1319312	11635	2
1202	65	Picture	31	1325747	0	2	4145	3	0	4000	hit	134
1202	65	Response	1	1331952	6205	2
1202	65	Pulse	5	1339312	13565	2
1202	66	Picture	30	1343818	0	1	4145	2	0	4000	other	0
1202	66	Pulse	5	1359301	15483	2
1202	67	Picture	30	1361889	0	1	4145	2	0	4000	other	0
1202	67	Pulse	5	1379301	17412	2
1202	68	Picture	30	1379960	0	1	4145	2	0	4000	other	0
1202	69	Picture	30	1398031	0	1	4144	3	0	4000	other	0
1202	69	Pulse	5	1399301	1270	2
1202	70	Pulse	5	1419290	3188	3
1202	70	Pulse	5	1439290	23188	2
1202	71	Picture	10	1441135	0	2	4145	3	0	4000	other	0
1202	72	Picture	10	1459206	0	1	4145	2	0	4000	other	0
1202	72	Pulse	5	1459290	84	2
1202	73	Picture	11	1477277	0	1	4145	2	0	4000	hit	150
1202	73	Pulse	5	1479280	2003	1
1202	73	Response	1	1481199	3922	2
1202	74	Picture	10	1495348	0	1	4145	2	0	4000	other	0
1202	74	Pulse	5	1499279	3931	2
1202	75	Picture	11	1513419	0	1	4144	3	0	4000	hit	154
1202	75	Response	1	1518319	4900	1
1202	75	Pulse	5	1519279	5860	1
1202	76	Picture	10	1531489	0	2	4145	3	0	4000	other	0
1202	76	Pulse	5	1539268	7779	2
1202	77	Picture	10	1549560	0	2	4145	3	0	4000	other	0
1202	77	Pulse	5	1559268	9708	2
1202	78	Picture	11	1567631	0	1	4145	2	0	4000	hit	161
1202	78	Response	1	1572548	4917	1
1202	78	Pulse	5	1579267	11636	2
1202	79	Picture	10	1585702	0	1	4145	2	0	4000	other	0
1202	79	Pulse	5	1599257	13555	2
1202	80	Picture	10	1603773	0	1	4144	3	0	4000	other	0
1202	80	Pulse	5	1619257	15484	1
1202	81	Picture	10	1621844	0	1	4144	3	0	4000	other	0
1202	81	Pulse	5	1639256	17412	2
1202	82	Picture	10	1639914	0	2	4145	3	0	4000	other	0
1202	83	Picture	10	1657985	0	2	4145	3	0	4000	other	0
1202	83	Pulse	5	1659246	1261	2
1202	84	Picture	11	1676056	0	1	4145	2	0	4000	hit	174
1202	84	Pulse	5	1679246	3190	1
1202	84	Response	1	1679885	3829	2
1202	85	Picture	10	1694127	0	1	4145	2	0	4000	other	0
1202	85	Pulse	5	1699245	5118	2
1202	86	Picture	10	1712198	0	1	4144	3	0	4000	other	0
1202	86	Pulse	5	1719235	7037	2
1202	87	Pulse	5	1739234	8965	2
1202	88	Picture	20	1755302	0	2	4145	3	0	4000	other	0
1202	88	Pulse	5	1759234	3932	2
1202	89	Picture	20	1773373	0	1	4145	2	0	4000	other	0
1202	89	Pulse	5	1779224	5851	1
1202	90	Picture	20	1791443	0	2	4146	3	0	4000	other	0
1202	90	Pulse	5	1799223	7780	2
1202	91	Picture	21	1809515	0	1	4145	2	0	4000	hit	187
1202	91	Response	1	1812983	3468	2
1202	91	Pulse	5	1819223	9708	2
1202	92	Picture	20	1827586	0	1	4144	3	0	4000	other	0
1202	92	Pulse	5	1839212	11626	2
1202	93	Picture	20	1845656	0	2	4145	3	0	4000	other	0
1202	93	Pulse	5	1859212	13556	2
1202	94	Picture	21	1863727	0	1	4145	2	0	4000	hit	194
1202	94	Response	1	1868172	4445	2
1202	94	Pulse	5	1879212	15485	2
1202	95	Picture	20	1881798	0	1	4145	2	0	4000	other	0
1202	95	Pulse	5	1899201	17403	3
1202	96	Picture	20	1899869	0	1	4145	2	0	4000	other	0
1202	97	Picture	20	1917940	0	1	4144	3	0	4000	other	0
1202	97	Pulse	5	1919201	1261	2
1202	98	Picture	21	1936010	0	2	4145	3	0	4000	hit	203
1202	98	Pulse	5	1939201	3191	2
1202	98	Response	1	1941760	5750	3
1202	99	Picture	20	1954081	0	2	4145	3	0	4000	other	0
1202	99	Pulse	5	1959191	5110	1
1202	100	Picture	20	1972152	0	1	4145	2	0	4000	other	0
1202	100	Pulse	5	1979190	7038	2
1202	101	Picture	21	1990223	0	1	4145	2	0	4000	hit	209
1202	101	Response	1	1994550	4327	1
1202	101	Pulse	5	1999190	8967	1
1202	102	Picture	20	2008294	0	1	4144	3	0	4000	other	0
1202	102	Pulse	5	2019179	10885	2
1202	103	Picture	20	2026365	0	1	4144	2	0	4000	other	0
1202	103	Pulse	5	2039179	12814	2
1202	104	Pulse	5	2059178	14743	2
1202	105	Picture	10	2069469	0	2	4145	3	0	4000	other	0
1202	105	Pulse	5	2079168	9699	2
1202	106	Picture	10	2087540	0	1	4145	2	0	4000	other	0
1202	106	Pulse	5	2099168	11628	1
1202	107	Picture	11	2105611	0	1	4145	2	0	4000	hit	221
1202	107	Response	1	2109407	3796	2
1202	107	Pulse	5	2119167	13556	2
1202	108	Picture	10	2123682	0	1	4144	3	0	4000	other	0
1202	108	Pulse	5	2139157	15475	2
1202	109	Picture	11	2141753	0	1	4144	2	0	4000	hit	226
1202	109	Response	1	2147317	5564	1
1202	109	Pulse	5	2159156	17403	2
1202	110	Picture	10	2159823	0	2	4145	3	0	4000	other	0
1202	111	Picture	10	2177894	0	1	4145	2	0	4000	other	0
1202	111	Pulse	5	2179316	1422	2
1202	112	Picture	11	2195965	0	1	4145	2	0	4000	hit	233
1202	112	Pulse	5	2199306	3341	2
1202	112	Response	1	2200266	4301	2
1202	113	Picture	10	2214036	0	1	4144	3	0	4000	other	0
1202	113	Pulse	5	2219305	5269	2
1202	114	Picture	10	2232107	0	1	4144	3	0	4000	other	0
1202	114	Pulse	5	2239305	7198	2
1202	115	Picture	10	2250178	0	1	4144	2	0	4000	other	0
1202	115	Pulse	5	2259295	9117	2
1202	116	Picture	10	2268248	0	2	4145	3	0	4000	other	0
1202	116	Pulse	5	2279294	11046	2
1202	117	Picture	10	2286319	0	1	4145	2	0	4000	other	0
1202	117	Pulse	5	2299294	12975	2
1202	118	Picture	11	2304390	0	1	4145	2	0	4000	hit	245
1202	118	Response	1	2308084	3694	1
1202	118	Pulse	5	2319283	14893	2
1202	119	Picture	10	2322461	0	1	4144	3	0	4000	other	0
1202	119	Pulse	5	2339283	16822	2
1202	120	Picture	10	2340532	0	1	4144	2	0	4000	other	0
1202	121	Pulse	5	2359283	682	2
1202	121	Pulse	5	2379274	20673	1
1202	122	Picture	30	2383636	0	1	4145	2	0	4000	other	0
1202	122	Pulse	5	2399273	15637	1
1202	123	Picture	30	2401707	0	1	4145	2	0	4000	other	0
1202	123	Pulse	5	2419272	17565	2
1202	124	Picture	30	2419778	0	1	4145	2	0	4000	other	0
1202	125	Picture	31	2437849	0	1	4144	3	0	4000	hit	259
1202	125	Pulse	5	2439261	1412	2
1202	125	Response	1	2442461	4612	2
1202	126	Picture	31	2455919	0	2	4145	3	0	4000	miss	0
1202	126	Pulse	5	2459261	3342	2
1202	127	Picture	30	2473990	0	2	4145	3	0	4000	other	0
1202	127	Pulse	5	2479260	5270	2
1202	128	Picture	30	2492061	0	1	4145	2	0	4000	other	0
1202	128	Pulse	5	2499250	7189	2
1202	129	Picture	30	2510132	0	1	4145	2	0	4000	other	0
1202	129	Pulse	5	2519250	9118	2
1202	130	Picture	31	2528203	0	1	4145	2	0	4000	hit	269
1202	130	Response	1	2531570	3367	1
1202	130	Pulse	5	2539249	11046	2
1202	131	Picture	30	2546274	0	1	4144	2	0	4000	other	0
1202	131	Pulse	5	2559239	12965	2
1202	132	Picture	30	2564344	0	2	4145	3	0	4000	other	0
1202	132	Pulse	5	2579239	14895	1
1202	133	Picture	30	2582415	0	2	4145	3	0	4000	other	0
1202	133	Pulse	5	2599238	16823	2
1202	134	Picture	30	2600486	0	1	4145	2	0	4000	other	0
1202	135	Picture	31	2618557	0	1	4145	2	0	4000	hit	280
1202	135	Pulse	5	2619228	671	2
1202	135	Response	1	2621948	3391	2
1202	136	Picture	30	2636627	0	2	4145	4	0	4000	other	0
1202	136	Pulse	5	2639227	2600	2
1202	137	Picture	30	2654699	0	1	4144	2	0	4000	other	0
1202	137	Pulse	5	2659227	4528	2
