Scenario - 1-back
Logfile written - 02/20/2015 18:11:26

Subject	Trial	Event Type	Code	Time	TTime	Uncertainty	Duration	Uncertainty	ReqTime	ReqDur	Stim Type	Pair Index

1202	1	Pulse	5	180334	190168	2
1202	2	Pulse	5	200324	19835	2
1202	3	Picture	10	205522	0	2	4145	3	0	4000	other	0
1202	3	Pulse	5	220323	14801	2
1202	4	Picture	10	223593	0	1	4145	2	0	4000	other	0
1202	4	Pulse	5	240324	16731	1
1202	5	Picture	11	241664	0	1	4145	2	0	4000	hit	8
1202	5	Response	1	245593	3929	2
1202	6	Picture	10	259735	0	1	4145	2	0	4000	other	0
1202	6	Pulse	5	260313	578	1
1202	7	Picture	11	277806	0	1	4144	3	0	4000	hit	13
1202	7	Pulse	5	280312	2506	2
1202	7	Response	1	281272	3466	2
1202	8	Picture	10	295876	0	2	4145	3	0	4000	other	0
1202	8	Pulse	5	300312	4436	2
1202	9	Picture	10	313947	0	1	4145	2	0	4000	other	0
1202	9	Pulse	5	320302	6355	1
1202	10	Picture	10	332018	0	1	4145	2	0	4000	other	0
1202	10	Pulse	5	340301	8283	2
1202	11	Picture	11	350089	0	1	4144	3	0	4000	hit	21
1202	11	Response	1	353741	3652	2
1202	11	Pulse	5	360301	10212	2
1202	12	Picture	10	368160	0	1	4144	2	0	4000	other	0
1202	12	Pulse	5	380290	12130	2
1202	13	Picture	10	386230	0	2	4145	3	0	4000	other	0
1202	13	Pulse	5	400290	14060	2
1202	14	Picture	11	404301	0	1	4145	2	0	4000	hit	28
1202	14	Response	1	407810	3509	2
1202	14	Pulse	5	420290	15989	1
1202	15	Picture	10	422372	0	1	4145	2	0	4000	other	0
1202	15	Pulse	5	440279	17907	2
1202	16	Picture	10	440443	0	1	4145	2	0	4000	other	0
1202	17	Picture	10	458514	0	1	4144	3	0	4000	other	0
1202	17	Pulse	5	460279	1765	2
1202	18	Picture	10	476584	0	2	4145	3	0	4000	other	0
1202	18	Pulse	5	480279	3695	1
1202	19	Pulse	5	500268	5613	2
1202	20	Picture	20	519689	0	1	4145	2	0	4000	other	0
1202	20	Pulse	5	520268	579	2
1202	21	Picture	20	537760	0	1	4145	2	0	4000	other	0
1202	21	Pulse	5	540267	2507	3
1202	22	Picture	21	555831	0	1	4144	3	0	4000	hit	44
1202	22	Pulse	5	560257	4426	2
1202	22	Response	1	566497	10666	2
1202	23	Picture	20	573901	0	2	4145	3	0	4000	other	0
1202	23	Pulse	5	580257	6356	1
1202	24	Picture	20	591972	0	1	4145	2	0	4000	other	0
1202	24	Pulse	5	600256	8284	2
1202	25	Picture	20	610043	0	1	4145	2	0	4000	other	0
1202	25	Pulse	5	620406	10363	2
1202	26	Picture	21	628114	0	1	4145	2	0	4000	hit	52
1202	26	Response	1	634807	6693	1
1202	26	Pulse	5	640406	12292	1
1202	27	Picture	20	646185	0	1	4144	3	0	4000	other	0
1202	27	Pulse	5	660405	14220	2
1202	28	Picture	20	664256	0	1	4144	2	0	4000	other	0
1202	28	Pulse	5	680395	16139	1
1202	29	Picture	20	682326	0	1	4145	2	0	4000	other	0
1202	29	Pulse	5	700394	18068	2
1202	30	Picture	20	700397	0	1	4145	2	0	4000	other	0
1202	31	Picture	20	718468	0	1	4145	2	0	4000	false_alarm	63
1202	31	Pulse	5	720394	1926	2
1202	31	Response	1	727904	9436	2
1202	32	Picture	21	736539	0	1	4144	3	0	4000	miss	0
1202	32	Pulse	5	740384	3845	1
1202	33	Picture	20	754609	0	2	4145	3	0	4000	other	0
1202	33	Pulse	5	760383	5774	2
1202	34	Picture	20	772680	0	2	4145	3	0	4000	other	0
1202	34	Pulse	5	780383	7703	2
1202	35	Picture	21	790751	0	1	4145	2	0	4000	hit	71
1202	35	Response	1	798613	7862	1
1202	35	Pulse	5	800373	9622	1
1202	36	Pulse	5	820372	11550	2
1202	37	Picture	10	833856	0	1	4144	3	0	4000	other	0
1202	37	Pulse	5	840372	6516	2
1202	38	Picture	10	851927	0	1	4144	2	0	4000	other	0
1202	38	Pulse	5	860361	8434	2
1202	39	Picture	11	869997	0	2	4145	3	0	4000	hit	79
1202	39	Response	1	874921	4924	2
1202	39	Pulse	5	880361	10364	2
1202	40	Picture	10	888068	0	1	4145	2	0	4000	other	0
1202	40	Pulse	5	900361	12293	1
1202	41	Picture	11	906139	0	1	4145	2	0	4000	hit	84
1202	41	Response	1	909790	3651	2
1202	41	Pulse	5	920350	14211	2
1202	42	Picture	10	924210	0	1	4144	3	0	4000	other	0
1202	42	Pulse	5	940350	16140	2
1202	43	Picture	10	942281	0	1	4144	2	0	4000	other	0
1202	43	Pulse	5	960350	18069	1
1202	44	Picture	10	960351	0	2	4134	20	0	4000	other	0
1202	45	Picture	11	978422	0	1	4145	2	0	4000	hit	93
1202	45	Pulse	5	980339	1917	2
1202	45	Response	1	982099	3677	2
1202	46	Picture	10	996493	0	1	4145	2	0	4000	other	0
1202	46	Pulse	5	1000339	3846	2
1202	47	Picture	10	1014564	0	1	4144	3	0	4000	other	0
1202	47	Pulse	5	1020338	5774	3
1202	48	Picture	11	1032635	0	1	4144	2	0	4000	hit	99
1202	48	Response	1	1036488	3853	2
1202	48	Pulse	5	1040328	7693	2
1202	49	Picture	10	1050705	0	2	4145	3	0	4000	other	0
1202	49	Pulse	5	1060328	9623	2
1202	50	Picture	10	1068776	0	1	4145	2	0	4000	other	0
1202	50	Pulse	5	1080327	11551	3
1202	51	Picture	10	1086847	0	1	4145	2	0	4000	other	0
1202	51	Pulse	5	1100317	13470	2
1202	52	Picture	10	1104918	0	1	4144	3	0	4000	other	0
1202	52	Pulse	5	1120316	15398	2
1202	53	Pulse	5	1140316	17327	2
1202	54	Picture	30	1148022	0	2	4145	3	0	4000	other	0
1202	54	Pulse	5	1160306	12284	2
1202	55	Picture	30	1166093	0	1	4145	2	0	4000	other	0
1202	55	Pulse	5	1180305	14212	2
1202	56	Picture	31	1184164	0	1	4145	2	0	4000	hit	115
1202	56	Response	1	1188305	4141	2
1202	56	Pulse	5	1200295	16131	2
1202	57	Picture	30	1202235	0	1	4144	3	0	4000	other	0
1202	57	Pulse	5	1220295	18060	2
1202	58	Picture	30	1220306	0	1	4144	3	0	4000	other	0
1202	59	Picture	30	1238377	0	1	4144	2	0	4000	other	0
1202	59	Pulse	5	1240294	1917	2
1202	60	Picture	31	1256447	0	2	4145	3	0	4000	hit	124
1202	60	Pulse	5	1260284	3837	2
1202	60	Response	1	1262204	5757	2
1202	61	Picture	31	1274518	0	1	4145	2	0	4000	miss	0
1202	61	Pulse	5	1280284	5766	1
1202	62	Picture	30	1292589	0	1	4144	3	0	4000	other	0
1202	62	Pulse	5	1300283	7694	2
1202	63	Picture	30	1310660	0	1	4144	3	0	4000	other	0
1202	63	Pulse	5	1320273	9613	2
1202	64	Picture	30	1328731	0	1	4144	2	0	4000	other	0
1202	64	Pulse	5	1340272	11541	2
1202	65	Picture	31	1346801	0	1	4145	2	0	4000	hit	134
1202	65	Response	1	1352112	5311	2
1202	65	Pulse	5	1360272	13471	2
1202	66	Picture	30	1364872	0	1	4145	2	0	4000	other	0
1202	66	Pulse	5	1380262	15390	1
1202	67	Picture	30	1382943	0	1	4145	2	0	4000	other	0
1202	67	Pulse	5	1400262	17319	1
1202	68	Picture	30	1401014	0	1	4144	3	0	4000	other	0
1202	69	Picture	30	1419084	0	2	4145	3	0	4000	other	0
1202	69	Pulse	5	1420261	1177	2
1202	70	Pulse	5	1440250	3095	3
1202	70	Pulse	5	1460250	23095	2
1202	71	Picture	10	1462189	0	1	4145	2	0	4000	other	0
1202	71	Pulse	5	1480250	18061	2
1202	72	Picture	10	1480260	0	1	4145	2	0	4000	other	0
1202	73	Picture	11	1498329	0	3	4146	5	0	4000	hit	150
1202	73	Pulse	5	1500239	1910	2
1202	73	Response	1	1502799	4470	2
1202	74	Picture	10	1516402	0	1	4144	2	0	4000	other	0
1202	74	Pulse	5	1520239	3837	2
1202	75	Picture	11	1534472	0	2	4145	3	0	4000	hit	154
1202	75	Response	1	1539439	4967	1
1202	75	Pulse	5	1540239	5767	1
1202	76	Picture	10	1552543	0	1	4145	2	0	4000	other	0
1202	76	Pulse	5	1560228	7685	2
1202	77	Picture	10	1570614	0	1	4145	2	0	4000	other	0
1202	77	Pulse	5	1580228	9614	2
1202	78	Picture	11	1588685	0	1	4144	3	0	4000	hit	161
1202	78	Response	1	1592708	4023	1
1202	78	Pulse	5	1600228	11543	1
1202	79	Picture	10	1606756	0	1	4144	2	0	4000	other	0
1202	79	Pulse	5	1620217	13461	2
1202	80	Picture	10	1624826	0	2	4145	3	0	4000	other	0
1202	80	Pulse	5	1640217	15391	1
1202	81	Picture	10	1642897	0	1	4145	2	0	4000	other	0
1202	81	Pulse	5	1660376	17479	2
1202	82	Picture	10	1660968	0	1	4145	2	0	4000	other	0
1202	83	Picture	10	1679039	0	1	4144	3	0	4000	other	0
1202	83	Pulse	5	1680366	1327	2
1202	84	Picture	11	1697110	0	1	4144	2	0	4000	hit	173
1202	84	Response	1	1700206	3096	1
1202	84	Pulse	5	1700366	3256	1
1202	85	Picture	10	1715180	0	2	4145	3	0	4000	other	0
1202	85	Pulse	5	1720365	5185	2
1202	86	Picture	10	1733251	0	1	4145	2	0	4000	other	0
1202	86	Pulse	5	1740355	7104	2
1202	87	Pulse	5	1760354	9032	2
1202	88	Picture	20	1776356	0	1	4145	2	0	4000	other	0
1202	88	Pulse	5	1780354	3998	2
1202	89	Picture	20	1794427	0	1	4144	3	0	4000	other	0
1202	89	Pulse	5	1800344	5917	1
1202	90	Picture	20	1812498	0	1	4144	2	0	4000	other	0
1202	90	Pulse	5	1820343	7845	2
1202	91	Picture	21	1830568	0	2	4145	3	0	4000	hit	187
1202	91	Response	1	1835863	5295	2
1202	91	Pulse	5	1840343	9775	2
1202	92	Picture	20	1848639	0	1	4145	2	0	4000	other	0
1202	92	Pulse	5	1860333	11694	1
1202	93	Picture	20	1866708	0	3	4147	4	0	4000	other	0
1202	93	Pulse	5	1880332	13624	2
1202	94	Picture	21	1884776	0	27	4149	29	0	4000	hit	194
1202	94	Response	1	1889932	5156	2
1202	94	Pulse	5	1900332	15556	2
1202	95	Picture	20	1902852	0	1	4144	2	0	4000	other	0
1202	95	Pulse	5	1920321	17469	3
1202	96	Picture	20	1920922	0	2	4145	3	0	4000	other	0
1202	97	Picture	20	1938993	0	1	4145	2	0	4000	other	0
1202	97	Pulse	5	1940321	1328	2
1202	98	Picture	21	1957064	0	1	4145	2	0	4000	hit	203
1202	98	Pulse	5	1960321	3257	2
1202	98	Response	1	1960801	3737	2
1202	99	Picture	20	1975135	0	1	4144	3	0	4000	other	0
1202	99	Pulse	5	1980310	5175	2
1202	100	Picture	20	1993206	0	1	4144	2	0	4000	other	0
1202	100	Pulse	5	2000310	7104	2
1202	101	Picture	21	2011276	0	2	4145	3	0	4000	hit	209
1202	101	Response	1	2014870	3594	1
1202	101	Pulse	5	2020310	9034	1
1202	102	Picture	20	2029347	0	1	4145	2	0	4000	other	0
1202	102	Pulse	5	2040299	10952	3
1202	103	Picture	20	2047584	0	1	4144	3	0	4000	other	0
1202	103	Pulse	5	2060299	12715	2
1202	104	Pulse	5	2080298	14643	2
1202	105	Picture	10	2090689	0	1	4144	2	0	4000	other	0
1202	105	Pulse	5	2100288	9599	2
1202	106	Picture	10	2108759	0	2	4145	3	0	4000	other	0
1202	106	Pulse	5	2120288	11529	1
1202	107	Picture	11	2126830	0	1	4145	2	0	4000	hit	221
1202	107	Response	1	2130048	3218	1
1202	107	Pulse	5	2140287	13457	2
1202	108	Picture	10	2144901	0	1	4145	2	0	4000	other	0
1202	108	Pulse	5	2160277	15376	2
1202	109	Picture	11	2162972	0	1	4144	3	0	4000	hit	226
1202	109	Response	1	2167638	4666	1
1202	109	Pulse	5	2180277	17305	1
1202	110	Picture	10	2181042	0	2	4145	3	0	4000	other	0
1202	111	Picture	10	2199113	0	2	4145	3	0	4000	other	0
1202	111	Pulse	5	2200276	1163	2
1202	112	Picture	11	2217184	0	1	4145	2	0	4000	hit	233
1202	112	Pulse	5	2220266	3082	2
1202	112	Response	1	2221386	4202	2
1202	113	Picture	10	2235255	0	1	4145	2	0	4000	other	0
1202	113	Pulse	5	2240265	5010	2
1202	114	Picture	10	2253326	0	1	4144	3	0	4000	other	0
1202	114	Pulse	5	2260265	6939	2
1202	115	Picture	10	2271397	0	1	4144	2	0	4000	other	0
1202	115	Pulse	5	2280255	8858	1
1202	116	Picture	10	2289467	0	2	4145	3	0	4000	other	0
1202	116	Pulse	5	2300254	10787	2
1202	117	Picture	10	2307538	0	1	4145	2	0	4000	other	0
1202	117	Pulse	5	2320254	12716	2
1202	118	Picture	11	2325609	0	1	4145	2	0	4000	hit	245
1202	118	Response	1	2329694	4085	2
1202	118	Pulse	5	2340244	14635	1
1202	119	Picture	10	2343680	0	1	4144	3	0	4000	other	0
1202	119	Pulse	5	2360243	16563	2
1202	120	Picture	10	2361751	0	1	4144	2	0	4000	other	0
1202	121	Pulse	5	2380243	422	2
1202	121	Pulse	5	2400232	20411	3
1202	122	Picture	30	2404855	0	1	4145	2	0	4000	other	0
1202	122	Pulse	5	2420232	15377	3
1202	123	Picture	30	2422926	0	1	4145	2	0	4000	other	0
1202	123	Pulse	5	2440232	17306	2
1202	124	Picture	30	2440997	0	1	4145	2	0	4000	other	0
1202	125	Picture	31	2459068	0	1	4144	3	0	4000	hit	259
1202	125	Pulse	5	2460221	1153	2
1202	125	Response	1	2467742	8674	1
1202	126	Picture	31	2477138	0	2	4145	3	0	4000	miss	0
1202	126	Pulse	5	2480221	3083	2
1202	127	Picture	30	2495209	0	1	4145	2	0	4000	other	0
1202	127	Pulse	5	2500221	5012	1
1202	128	Picture	30	2513280	0	1	4145	2	0	4000	other	0
1202	128	Pulse	5	2520210	6930	2
1202	129	Picture	30	2531351	0	1	4145	2	0	4000	other	0
1202	129	Pulse	5	2540210	8859	2
1202	130	Picture	31	2549422	0	1	4144	3	0	4000	hit	269
1202	130	Response	1	2553170	3748	1
1202	130	Pulse	5	2560209	10787	2
1202	131	Picture	30	2567492	0	2	4145	3	0	4000	other	0
1202	131	Pulse	5	2580199	12707	2
1202	132	Picture	30	2585563	0	2	4145	3	0	4000	other	0
1202	132	Pulse	5	2600199	14636	1
1202	133	Picture	30	2603634	0	1	4145	2	0	4000	other	0
1202	133	Pulse	5	2620198	16564	2
1202	134	Picture	30	2621705	0	1	4145	2	0	4000	other	0
1202	135	Picture	31	2639776	0	1	4144	3	0	4000	hit	280
1202	135	Pulse	5	2640188	412	2
1202	135	Response	1	2643548	3772	2
1202	136	Picture	30	2657847	0	1	4144	3	0	4000	other	0
1202	136	Pulse	5	2660188	2341	1
1202	137	Picture	30	2675917	0	2	4145	3	0	4000	other	0
1202	137	Pulse	5	2680347	4430	2
