Scenario - 1-back
Logfile written - 02/27/2015 16:53:26

Subject	Trial	Event Type	Code	Time	TTime	Uncertainty	Duration	Uncertainty	ReqTime	ReqDur	Stim Type	Pair Index

1203	1	Pulse	5	172392	182233	1
1203	2	Pulse	5	192391	19867	1
1203	3	Picture	10	197558	0	1	4145	2	0	4000	other	0
1203	3	Pulse	5	212390	14832	3
1203	4	Picture	10	215629	0	1	4144	3	0	4000	other	0
1203	4	Pulse	5	232380	16751	2
1203	5	Picture	11	233699	0	2	4145	3	0	4000	hit	8
1203	5	Response	1	237660	3961	2
1203	6	Picture	10	251770	0	2	4145	3	0	4000	other	0
1203	6	Pulse	5	252379	609	3
1203	7	Picture	11	269841	0	1	4145	2	0	4000	hit	13
1203	7	Pulse	5	272358	2517	28
1203	7	Response	1	274779	4938	2
1203	8	Picture	10	287912	0	1	4145	2	0	4000	other	0
1203	8	Pulse	5	292369	4457	2
1203	9	Picture	10	305983	0	1	4144	3	0	4000	other	0
1203	9	Pulse	5	312368	6385	3
1203	10	Picture	10	324054	0	1	4144	3	0	4000	other	0
1203	10	Pulse	5	332368	8314	2
1203	11	Picture	11	342124	0	2	4145	3	0	4000	hit	21
1203	11	Response	1	346438	4314	2
1203	11	Pulse	5	352358	10234	1
1203	12	Picture	10	360195	0	1	4145	2	0	4000	other	0
1203	12	Pulse	5	372357	12162	2
1203	13	Picture	10	378266	0	1	4145	2	0	4000	other	0
1203	13	Pulse	5	392357	14091	2
1203	14	Picture	11	396337	0	1	4145	2	0	4000	hit	28
1203	14	Response	1	400507	4170	2
1203	14	Pulse	5	412347	16010	1
1203	15	Picture	10	414408	0	1	4144	3	0	4000	other	0
1203	15	Pulse	5	432346	17938	2
1203	16	Picture	10	432478	0	2	4145	3	0	4000	other	0
1203	17	Picture	10	450549	0	1	4145	2	0	4000	other	0
1203	17	Pulse	5	452346	1797	1
1203	18	Picture	10	468620	0	1	4145	2	0	4000	other	0
1203	18	Pulse	5	472335	3715	2
1203	19	Pulse	5	492335	5644	2
1203	20	Picture	20	511725	0	1	4145	2	0	4000	other	0
1203	20	Pulse	5	512335	610	1
1203	21	Picture	20	529796	0	1	4144	2	0	4000	other	0
1203	21	Pulse	5	532325	2529	1
1203	22	Picture	21	547866	0	2	4145	3	0	4000	hit	43
1203	22	Response	1	551524	3658	2
1203	22	Pulse	5	552324	4458	2
1203	23	Picture	20	565937	0	1	4145	2	0	4000	other	0
1203	23	Pulse	5	572323	6386	2
1203	24	Picture	20	584008	0	1	4145	2	0	4000	other	0
1203	24	Pulse	5	592313	8305	2
1203	25	Picture	20	602079	0	1	4145	2	0	4000	other	0
1203	25	Pulse	5	612313	10234	2
1203	26	Picture	21	620150	0	1	4144	2	0	4000	hit	52
1203	26	Response	1	625912	5762	2
1203	26	Pulse	5	632312	12162	2
1203	27	Picture	20	638220	0	2	4145	3	0	4000	other	0
1203	27	Pulse	5	652303	14083	1
1203	28	Picture	20	656291	0	2	4145	3	0	4000	other	0
1203	28	Pulse	5	672302	16011	1
1203	29	Picture	20	674362	0	1	4145	2	0	4000	other	0
1203	29	Pulse	5	692301	17939	2
1203	30	Picture	20	692433	0	1	4145	2	0	4000	other	0
1203	31	Picture	20	710504	0	1	4144	3	0	4000	other	0
1203	31	Pulse	5	712291	1787	2
1203	32	Picture	21	728575	0	1	4144	2	0	4000	hit	65
1203	32	Pulse	5	732290	3715	2
1203	32	Response	1	732450	3875	2
1203	33	Picture	20	746645	0	2	4145	3	0	4000	other	0
1203	33	Pulse	5	752290	5645	2
1203	34	Picture	20	764716	0	1	4145	2	0	4000	other	0
1203	34	Pulse	5	772281	7565	1
1203	35	Picture	21	782787	0	1	4145	2	0	4000	hit	71
1203	35	Response	1	787319	4532	3
1203	35	Pulse	5	792279	9492	3
1203	36	Pulse	5	812439	11581	2
1203	37	Picture	10	825892	0	1	4144	3	0	4000	other	0
1203	37	Pulse	5	832429	6537	2
1203	38	Picture	10	843962	0	2	4145	3	0	4000	other	0
1203	38	Pulse	5	852428	8466	2
1203	39	Picture	11	862033	0	1	4145	2	0	4000	hit	79
1203	39	Response	1	865549	3516	1
1203	39	Pulse	5	872428	10395	2
1203	40	Picture	10	880104	0	1	4145	2	0	4000	other	0
1203	40	Pulse	5	892417	12313	2
1203	41	Picture	11	898174	0	2	4146	3	0	4000	hit	84
1203	41	Response	1	903777	5603	2
1203	41	Pulse	5	912417	14243	2
1203	42	Picture	10	916246	0	1	4144	3	0	4000	other	0
1203	42	Pulse	5	932417	16171	1
1203	43	Picture	10	934317	0	1	4144	2	0	4000	other	0
1203	44	Picture	10	952387	0	2	4145	3	0	4000	other	0
1203	44	Pulse	5	952407	20	1
1203	45	Picture	11	970458	0	1	4145	2	0	4000	hit	93
1203	45	Pulse	5	972406	1948	2
1203	45	Response	1	974006	3548	2
1203	46	Picture	10	988529	0	1	4145	2	0	4000	other	0
1203	46	Pulse	5	992406	3877	1
1203	47	Picture	10	1006600	0	1	4145	2	0	4000	other	0
1203	47	Pulse	5	1012395	5795	2
1203	48	Picture	11	1024671	0	1	4144	3	0	4000	hit	99
1203	48	Response	1	1028875	4204	2
1203	48	Pulse	5	1032395	7724	2
1203	49	Picture	10	1042741	0	2	4145	3	0	4000	other	0
1203	49	Pulse	5	1052394	9653	2
1203	50	Picture	10	1060812	0	1	4145	2	0	4000	other	0
1203	50	Pulse	5	1072384	11572	2
1203	51	Picture	10	1078883	0	1	4145	2	0	4000	other	0
1203	51	Pulse	5	1092384	13501	1
1203	52	Picture	10	1096954	0	1	4145	2	0	4000	other	0
1203	52	Pulse	5	1112383	15429	2
1203	53	Pulse	5	1132373	17348	2
1203	54	Picture	30	1140059	0	1	4144	2	0	4000	other	0
1203	54	Pulse	5	1152373	12314	1
1203	55	Picture	30	1158129	0	2	4145	3	0	4000	other	0
1203	55	Pulse	5	1172362	14233	2
1203	56	Picture	31	1176200	0	1	4145	2	0	4000	hit	115
1203	56	Response	1	1179722	3522	2
1203	56	Pulse	5	1192362	16162	2
1203	57	Picture	30	1194271	0	1	4145	2	0	4000	other	0
1203	58	Picture	30	1212342	0	1	4145	2	0	4000	other	0
1203	58	Pulse	5	1212361	19	2
1203	59	Picture	30	1230413	0	1	4144	2	0	4000	other	0
1203	59	Pulse	5	1232351	1938	2
1203	60	Picture	31	1248483	0	2	4145	3	0	4000	hit	123
1203	60	Response	1	1252031	3548	2
1203	60	Pulse	5	1252351	3868	2
1203	61	Picture	31	1266554	0	1	4145	2	0	4000	hit	126
1203	61	Response	1	1270590	4036	3
1203	61	Pulse	5	1272350	5796	3
1203	62	Picture	30	1284625	0	1	4145	2	0	4000	other	0
1203	62	Pulse	5	1292340	7715	2
1203	63	Picture	30	1302696	0	1	4145	2	0	4000	other	0
1203	63	Pulse	5	1312340	9644	1
1203	64	Picture	30	1320767	0	1	4144	3	0	4000	other	0
1203	64	Pulse	5	1332339	11572	2
1203	65	Picture	31	1338837	0	2	4145	3	0	4000	hit	135
1203	65	Response	1	1341939	3102	2
1203	65	Pulse	5	1352329	13492	2
1203	66	Picture	30	1356908	0	2	4145	3	0	4000	other	0
1203	66	Pulse	5	1372328	15420	2
1203	67	Picture	30	1374979	0	1	4145	2	0	4000	other	0
1203	67	Pulse	5	1392329	17350	1
1203	68	Picture	30	1393050	0	1	4145	2	0	4000	other	0
1203	69	Picture	30	1411121	0	1	4144	3	0	4000	other	0
1203	69	Pulse	5	1412318	1197	1
1203	70	Pulse	5	1432317	3125	2
1203	70	Pulse	5	1452317	23125	2
1203	71	Picture	10	1454226	0	1	4144	2	0	4000	other	0
1203	72	Picture	10	1472296	0	2	4145	3	0	4000	other	0
1203	72	Pulse	5	1472307	11	1
1203	73	Picture	11	1490367	0	1	4145	2	0	4000	hit	151
1203	73	Pulse	5	1492306	1939	2
1203	73	Response	1	1495827	5460	1
1203	74	Picture	10	1508438	0	1	4145	2	0	4000	other	0
1203	74	Pulse	5	1512306	3868	2
1203	75	Picture	11	1526509	0	1	4144	3	0	4000	hit	155
1203	75	Response	1	1530065	3556	2
1203	75	Pulse	5	1532296	5787	1
1203	76	Picture	10	1544580	0	1	4144	2	0	4000	other	0
1203	76	Pulse	5	1552295	7715	2
1203	77	Picture	10	1562650	0	2	4145	3	0	4000	other	0
1203	77	Pulse	5	1572295	9645	1
1203	78	Picture	11	1580721	0	1	4145	2	0	4000	hit	162
1203	78	Response	1	1585894	5173	2
1203	78	Pulse	5	1592284	11563	2
1203	79	Picture	10	1598792	0	1	4145	2	0	4000	other	0
1203	79	Pulse	5	1612284	13492	2
1203	80	Picture	10	1616863	0	1	4145	2	0	4000	other	0
1203	80	Pulse	5	1632284	15421	1
1203	81	Picture	10	1634934	0	1	4144	3	0	4000	other	0
1203	81	Pulse	5	1652273	17339	2
1203	82	Picture	10	1653004	0	2	4145	3	0	4000	other	0
1203	83	Picture	10	1671075	0	1	4145	2	0	4000	other	0
1203	83	Pulse	5	1672273	1198	2
1203	84	Picture	11	1689146	0	1	4145	2	0	4000	hit	175
1203	84	Pulse	5	1692272	3126	2
1203	84	Response	1	1692912	3766	2
1203	85	Picture	10	1707217	0	1	4145	2	0	4000	other	0
1203	85	Pulse	5	1712262	5045	2
1203	86	Picture	10	1725288	0	1	4144	3	0	4000	other	0
1203	86	Pulse	5	1732262	6974	2
1203	87	Pulse	5	1752261	8902	3
1203	88	Picture	20	1768392	0	2	4145	3	0	4000	other	0
1203	88	Pulse	5	1772251	3859	2
1203	89	Picture	20	1786463	0	1	4145	2	0	4000	other	0
1203	89	Pulse	5	1792251	5788	1
1203	90	Picture	20	1804534	0	1	4145	2	0	4000	other	0
1203	90	Pulse	5	1812250	7716	2
1203	91	Picture	21	1822605	0	1	4145	2	0	4000	hit	188
1203	91	Response	1	1826010	3405	2
1203	91	Pulse	5	1832240	9635	2
1203	92	Picture	20	1840676	0	1	4144	3	0	4000	other	0
1203	92	Pulse	5	1852399	11723	2
1203	93	Picture	20	1858746	0	2	4145	3	0	4000	other	0
1203	93	Pulse	5	1872399	13653	2
1203	94	Picture	21	1876817	0	2	4145	3	0	4000	hit	195
1203	94	Response	1	1880399	3582	2
1203	94	Pulse	5	1892389	15572	1
1203	95	Picture	20	1894888	0	1	4145	2	0	4000	other	0
1203	95	Pulse	5	1912388	17500	2
1203	96	Picture	20	1912959	0	1	4145	2	0	4000	other	0
1203	97	Picture	20	1931030	0	1	4144	3	0	4000	other	0
1203	97	Pulse	5	1932388	1358	2
1203	98	Picture	21	1949100	0	2	4145	3	0	4000	hit	204
1203	98	Pulse	5	1952378	3278	1
1203	98	Response	1	1952538	3438	1
1203	99	Picture	20	1967171	0	1	4145	2	0	4000	other	0
1203	99	Pulse	5	1972377	5206	2
1203	100	Picture	20	1985242	0	1	4145	2	0	4000	other	0
1203	100	Pulse	5	1992378	7136	1
1203	101	Picture	21	2003313	0	1	4145	2	0	4000	hit	210
1203	101	Response	1	2007097	3784	1
1203	101	Pulse	5	2012366	9053	2
1203	102	Picture	20	2021384	0	1	4144	3	0	4000	other	0
1203	102	Pulse	5	2032366	10982	2
1203	103	Picture	20	2039455	0	1	4144	2	0	4000	other	0
1203	103	Pulse	5	2052366	12911	1
1203	104	Pulse	5	2072355	14830	2
1203	105	Picture	10	2082559	0	1	4145	2	0	4000	other	0
1203	105	Pulse	5	2092355	9796	2
1203	106	Picture	10	2100630	0	1	4145	2	0	4000	other	0
1203	106	Pulse	5	2112355	11725	2
1203	107	Picture	11	2118701	0	1	4145	2	0	4000	hit	222
1203	107	Response	1	2125314	6613	2
1203	107	Pulse	5	2132344	13643	2
1203	108	Picture	10	2136772	0	1	4144	3	0	4000	other	0
1203	108	Pulse	5	2152344	15572	2
1203	109	Picture	11	2154842	0	2	4145	3	0	4000	hit	227
1203	109	Response	1	2158904	4062	2
1203	109	Pulse	5	2172343	17501	2
1203	110	Picture	10	2172913	0	2	4145	3	0	4000	other	0
1203	111	Picture	10	2190984	0	1	4145	2	0	4000	other	0
1203	111	Pulse	5	2192333	1349	2
1203	112	Picture	11	2209055	0	1	4145	2	0	4000	hit	234
1203	112	Pulse	5	2212333	3278	2
1203	112	Response	1	2213613	4558	2
1203	113	Picture	10	2227126	0	1	4144	3	0	4000	other	0
1203	113	Pulse	5	2232332	5206	3
1203	114	Picture	10	2245197	0	1	4144	2	0	4000	other	0
1203	114	Pulse	5	2252322	7125	2
1203	115	Picture	10	2263267	0	2	4145	3	0	4000	other	0
1203	115	Pulse	5	2272322	9055	1
1203	116	Picture	10	2281338	0	1	4145	2	0	4000	other	0
1203	116	Pulse	5	2292322	10984	1
1203	117	Picture	10	2299409	0	1	4145	2	0	4000	other	0
1203	117	Pulse	5	2312311	12902	2
1203	118	Picture	11	2317480	0	1	4145	2	0	4000	hit	246
1203	118	Response	1	2323351	5871	1
1203	118	Pulse	5	2332310	14830	2
1203	119	Picture	10	2335551	0	1	4144	3	0	4000	other	0
1203	119	Pulse	5	2352310	16759	2
1203	120	Picture	10	2353621	0	2	4145	3	0	4000	other	0
1203	121	Pulse	5	2372300	608	1
1203	121	Pulse	5	2392299	20607	2
1203	122	Picture	30	2396726	0	1	4145	2	0	4000	other	0
1203	122	Pulse	5	2412299	15573	2
1203	123	Picture	30	2414797	0	1	4145	2	0	4000	other	0
1203	123	Pulse	5	2432289	17492	1
1203	124	Picture	30	2432868	0	1	4144	3	0	4000	other	0
1203	125	Picture	31	2450939	0	1	4144	2	0	4000	hit	260
1203	125	Pulse	5	2452288	1349	2
1203	125	Response	1	2455808	4869	2
1203	126	Picture	31	2469009	0	2	4145	3	0	4000	hit	263
1203	126	Pulse	5	2472288	3279	2
1203	126	Response	1	2479648	10639	1
1203	127	Picture	30	2487080	0	1	4145	2	0	4000	other	0
1203	127	Pulse	5	2492277	5197	2
1203	128	Picture	30	2505151	0	1	4145	2	0	4000	other	0
1203	128	Pulse	5	2512277	7126	2
1203	129	Picture	30	2523222	0	1	4145	2	0	4000	other	0
1203	129	Pulse	5	2532277	9055	1
1203	130	Picture	31	2541293	0	1	4144	3	0	4000	hit	271
1203	130	Response	1	2548266	6973	2
1203	130	Pulse	5	2552267	10974	1
1203	131	Picture	30	2559363	0	2	4145	3	0	4000	other	0
1203	131	Pulse	5	2572267	12904	1
1203	132	Picture	30	2577434	0	1	4145	2	0	4000	other	0
1203	132	Pulse	5	2592266	14832	1
1203	133	Picture	30	2595505	0	1	4145	2	0	4000	other	0
1203	133	Pulse	5	2612256	16751	1
1203	134	Picture	30	2613510	0	233	4045	234	0	4000	other	0
1203	135	Picture	31	2631647	0	1	4144	3	0	4000	hit	282
1203	135	Pulse	5	2632255	608	2
1203	135	Response	1	2635135	3488	2
1203	136	Picture	30	2649717	0	2	4145	3	0	4000	other	0
1203	136	Pulse	5	2652254	2537	2
1203	137	Picture	30	2667788	0	1	4145	2	0	4000	false_alarm	287
1203	137	Pulse	5	2672244	4456	2
1203	137	Response	1	2676564	8776	2
