Scenario - 1-back
Logfile written - 02/27/2015 16:43:17

Subject	Trial	Event Type	Code	Time	TTime	Uncertainty	Duration	Uncertainty	ReqTime	ReqDur	Stim Type	Pair Index

1203	1	Response	1	96599	106433	1
1203	1	Response	1	105078	114912	2
1203	1	Pulse	5	260086	269920	1
1203	2	Pulse	5	280086	19854	1
1203	3	Picture	10	285266	0	1	4144	3	0	4000	other	0
1203	3	Pulse	5	300085	14819	2
1203	4	Picture	10	303337	0	1	4144	2	0	4000	other	0
1203	4	Pulse	5	320074	16737	2
1203	5	Picture	11	321407	0	2	4145	3	0	4000	hit	10
1203	5	Response	1	325194	3787	2
1203	6	Picture	10	339478	0	1	4145	2	0	4000	other	0
1203	6	Pulse	5	340074	596	2
1203	7	Picture	11	357549	0	1	4145	2	0	4000	hit	15
1203	7	Pulse	5	360074	2525	1
1203	7	Response	1	362154	4605	2
1203	8	Picture	10	375620	0	1	4144	3	0	4000	other	0
1203	8	Pulse	5	380063	4443	2
1203	9	Picture	10	393691	0	1	4144	2	0	4000	other	0
1203	9	Pulse	5	400063	6372	2
1203	10	Picture	10	411761	0	2	4145	3	0	4000	other	0
1203	10	Pulse	5	420063	8302	1
1203	11	Picture	11	429832	0	1	4145	2	0	4000	hit	23
1203	11	Response	1	433972	4140	2
1203	11	Pulse	5	440052	10220	2
1203	12	Picture	10	447903	0	1	4145	2	0	4000	other	0
1203	12	Pulse	5	460052	12149	2
1203	13	Picture	10	465974	0	1	4143	4	0	4000	other	0
1203	13	Pulse	5	480051	14077	2
1203	14	Picture	11	484045	0	1	4144	2	0	4000	hit	30
1203	14	Response	1	487731	3686	2
1203	14	Pulse	5	500041	15996	2
1203	15	Picture	10	502115	0	1	4145	2	0	4000	other	0
1203	15	Pulse	5	520041	17926	2
1203	16	Picture	10	520186	0	1	4145	2	0	4000	other	0
1203	17	Picture	10	538257	0	1	4145	2	0	4000	other	0
1203	17	Pulse	5	540040	1783	3
1203	18	Picture	10	556328	0	1	4144	3	0	4000	other	0
1203	18	Pulse	5	560030	3702	2
1203	19	Pulse	5	580030	5631	1
1203	20	Picture	20	599432	0	2	4145	3	0	4000	other	0
1203	20	Pulse	5	600029	597	2
1203	21	Picture	20	617503	0	1	4145	2	0	4000	other	0
1203	21	Pulse	5	620019	2516	2
1203	22	Picture	21	635574	0	1	4144	3	0	4000	hit	45
1203	22	Response	1	639698	4124	2
1203	22	Pulse	5	640018	4444	2
1203	23	Picture	20	653645	0	1	4144	3	0	4000	other	0
1203	23	Pulse	5	660019	6374	1
1203	24	Picture	20	671715	0	2	4145	3	0	4000	other	0
1203	24	Pulse	5	680008	8293	1
1203	25	Picture	20	689786	0	1	4145	2	0	4000	other	0
1203	25	Pulse	5	700007	10221	2
1203	26	Picture	21	707857	0	1	4145	2	0	4000	hit	54
1203	26	Response	1	713767	5910	2
1203	26	Pulse	5	720007	12150	2
1203	27	Picture	20	725928	0	1	4144	3	0	4000	other	0
1203	27	Pulse	5	739996	14068	2
1203	28	Picture	20	743999	0	1	4144	3	0	4000	other	0
1203	28	Pulse	5	759996	15997	2
1203	29	Picture	20	762069	0	2	4145	3	0	4000	other	0
1203	29	Pulse	5	779996	17927	2
1203	30	Picture	20	780140	0	1	4145	2	0	4000	other	0
1203	31	Picture	20	798211	0	1	4144	3	0	4000	other	0
1203	31	Pulse	5	799985	1774	2
1203	32	Picture	21	816282	0	1	4144	3	0	4000	hit	67
1203	32	Pulse	5	819985	3703	2
1203	32	Response	1	820465	4183	2
1203	33	Picture	20	834353	0	1	4144	2	0	4000	other	0
1203	33	Pulse	5	839985	5632	1
1203	34	Picture	20	852423	0	2	4145	3	0	4000	other	0
1203	34	Pulse	5	859974	7551	2
1203	35	Picture	21	870494	0	1	4145	2	0	4000	hit	73
1203	35	Response	1	875014	4520	2
1203	35	Pulse	5	880134	9640	2
1203	36	Pulse	5	900133	11568	3
1203	37	Picture	10	913599	0	1	4145	2	0	4000	other	0
1203	37	Pulse	5	920123	6524	2
1203	38	Picture	10	931670	0	1	4144	3	0	4000	other	0
1203	38	Pulse	5	940123	8453	2
1203	39	Picture	11	949741	0	1	4144	2	0	4000	hit	81
1203	39	Response	1	954842	5101	2
1203	39	Pulse	5	960122	10381	3
1203	40	Picture	10	967756	0	222	4034	223	0	4000	other	0
1203	40	Pulse	5	980111	12355	3
1203	41	Picture	11	985882	0	1	4145	2	0	4000	hit	86
1203	41	Response	1	993552	7670	2
1203	41	Pulse	5	1000111	14229	3
1203	42	Picture	10	1003952	0	2	4146	3	0	4000	other	0
1203	42	Pulse	5	1020110	16158	4
1203	43	Picture	10	1022024	0	1	4144	2	0	4000	other	0
1203	44	Picture	10	1040094	0	2	4145	3	0	4000	other	0
1203	44	Pulse	5	1040101	7	2
1203	45	Picture	11	1058165	0	1	4145	2	0	4000	hit	95
1203	45	Pulse	5	1060101	1936	1
1203	45	Response	1	1061860	3695	2
1203	46	Picture	10	1076236	0	1	4145	2	0	4000	other	0
1203	46	Pulse	5	1080100	3864	2
1203	47	Picture	10	1094307	0	1	4145	2	0	4000	other	0
1203	47	Pulse	5	1100090	5783	2
1203	48	Picture	11	1112378	0	1	4144	3	0	4000	hit	101
1203	48	Response	1	1116249	3871	2
1203	48	Pulse	5	1120089	7711	2
1203	49	Picture	10	1130448	0	2	4145	3	0	4000	other	0
1203	49	Pulse	5	1140089	9641	2
1203	50	Picture	10	1148519	0	1	4145	2	0	4000	other	0
1203	50	Pulse	5	1160079	11560	1
1203	51	Picture	10	1166590	0	1	4145	2	0	4000	other	0
1203	51	Pulse	5	1180079	13489	1
1203	52	Picture	10	1184661	0	1	4144	3	0	4000	other	0
1203	52	Pulse	5	1200078	15417	2
1203	53	Pulse	5	1220068	17336	1
1203	54	Picture	30	1227765	0	2	4145	3	0	4000	other	0
1203	54	Pulse	5	1240067	12302	2
1203	55	Picture	30	1245836	0	1	4145	2	0	4000	other	0
1203	55	Pulse	5	1260067	14231	2
1203	56	Picture	31	1263907	0	2	4145	3	0	4000	hit	117
1203	56	Response	1	1269497	5590	1
1203	56	Pulse	5	1280056	16149	2
1203	57	Picture	30	1281978	0	1	4145	2	0	4000	other	0
1203	58	Picture	30	1300049	0	1	4144	2	0	4000	other	0
1203	58	Pulse	5	1300056	7	2
1203	59	Picture	30	1318119	0	2	4145	3	0	4000	other	0
1203	59	Pulse	5	1320056	1937	1
1203	60	Picture	31	1336190	0	1	4145	2	0	4000	hit	125
1203	60	Response	1	1340045	3855	2
1203	60	Pulse	5	1340045	3855	2
1203	61	Picture	31	1354261	0	1	4145	2	0	4000	miss	0
1203	61	Pulse	5	1360046	5785	1
1203	62	Picture	30	1372332	0	1	4145	2	0	4000	other	0
1203	62	Pulse	5	1380044	7712	2
1203	63	Picture	30	1390403	0	1	4143	5	0	4000	other	0
1203	63	Pulse	5	1400034	9631	2
1203	64	Picture	30	1408473	0	2	4145	3	0	4000	other	0
1203	64	Pulse	5	1420034	11561	1
1203	65	Picture	31	1426544	0	1	4145	2	0	4000	hit	136
1203	65	Response	1	1433794	7250	1
1203	65	Pulse	5	1440033	13489	2
1203	66	Picture	30	1444615	0	1	4145	2	0	4000	other	0
1203	66	Pulse	5	1460023	15408	2
1203	67	Picture	30	1462686	0	1	4145	2	0	4000	other	0
1203	67	Pulse	5	1480023	17337	2
1203	68	Picture	30	1480757	0	1	4144	3	0	4000	other	0
1203	69	Picture	30	1498827	0	2	4145	3	0	4000	other	0
1203	69	Pulse	5	1500022	1195	3
1203	70	Pulse	5	1520012	3114	2
1203	70	Pulse	5	1540011	23113	2
1203	71	Picture	10	1541931	0	2	4146	3	0	4000	other	0
1203	72	Picture	10	1560003	0	1	4145	2	0	4000	other	0
1203	72	Pulse	5	1560012	9	1
1203	73	Picture	11	1578074	0	1	4144	3	0	4000	hit	152
1203	73	Pulse	5	1580001	1927	2
1203	73	Response	1	1581921	3847	1
1203	74	Picture	10	1596144	0	2	4145	3	0	4000	other	0
1203	74	Pulse	5	1600000	3856	2
1203	75	Picture	11	1614215	0	1	4145	2	0	4000	hit	156
1203	75	Response	1	1618400	4185	2
1203	75	Pulse	5	1620000	5785	2
1203	76	Picture	10	1632286	0	1	4145	2	0	4000	other	0
1203	76	Pulse	5	1639990	7704	1
1203	77	Picture	10	1650357	0	1	4145	2	0	4000	other	0
1203	77	Pulse	5	1659989	9632	2
1203	78	Picture	11	1668428	0	1	4144	3	0	4000	hit	163
1203	78	Response	1	1672789	4361	2
1203	78	Pulse	5	1679989	11561	2
1203	79	Picture	10	1686498	0	2	4145	3	0	4000	other	0
1203	79	Pulse	5	1699978	13480	2
1203	80	Picture	10	1704569	0	2	4145	3	0	4000	other	0
1203	80	Pulse	5	1719978	15409	2
1203	81	Picture	10	1722640	0	1	4145	2	0	4000	other	0
1203	81	Pulse	5	1739978	17338	1
1203	82	Picture	10	1740711	0	1	4145	2	0	4000	other	0
1203	83	Picture	10	1758782	0	1	4144	3	0	4000	other	0
1203	83	Pulse	5	1759967	1185	2
1203	84	Picture	11	1776853	0	1	4144	2	0	4000	hit	176
1203	84	Pulse	5	1779967	3114	2
1203	84	Response	1	1781087	4234	2
1203	85	Picture	10	1794923	0	2	4145	3	0	4000	other	0
1203	85	Pulse	5	1799967	5044	1
1203	86	Picture	10	1812994	0	1	4145	2	0	4000	other	0
1203	86	Pulse	5	1819956	6962	2
1203	87	Pulse	5	1839957	8892	1
1203	88	Picture	20	1856099	0	1	4144	3	0	4000	other	0
1203	88	Pulse	5	1859955	3856	2
1203	89	Picture	20	1874170	0	1	4144	2	0	4000	other	0
1203	89	Pulse	5	1879945	5775	2
1203	90	Picture	20	1892240	0	2	4145	3	0	4000	other	0
1203	90	Pulse	5	1900105	7865	1
1203	91	Picture	21	1910311	0	1	4145	2	0	4000	hit	189
1203	91	Response	1	1916424	6113	2
1203	91	Pulse	5	1920104	9793	2
1203	92	Picture	20	1928382	0	1	4145	2	0	4000	other	0
1203	92	Pulse	5	1940094	11712	2
1203	93	Picture	20	1946453	0	1	4144	3	0	4000	other	0
1203	93	Pulse	5	1960094	13641	2
1203	94	Picture	21	1964524	0	1	4144	2	0	4000	hit	196
1203	94	Response	1	1967773	3249	3
1203	94	Pulse	5	1980093	15569	3
1203	95	Picture	20	1982594	0	2	4145	3	0	4000	other	0
1203	95	Pulse	5	2000082	17488	3
1203	96	Picture	20	2000665	0	1	4145	2	0	4000	false_alarm	201
1203	96	Response	1	2006163	5498	2
1203	97	Picture	20	2018736	0	1	4145	2	0	4000	other	0
1203	97	Pulse	5	2020081	1345	3
1203	98	Picture	21	2036807	0	1	4144	3	0	4000	hit	206
1203	98	Pulse	5	2040081	3274	3
1203	98	Response	1	2042002	5195	2
1203	99	Picture	20	2054878	0	1	4144	2	0	4000	other	0
1203	99	Pulse	5	2060072	5194	1
1203	100	Picture	20	2072948	0	2	4145	3	0	4000	other	0
1203	100	Pulse	5	2080071	7123	2
1203	101	Picture	21	2091019	0	1	4145	2	0	4000	hit	212
1203	101	Response	1	2095751	4732	2
1203	101	Pulse	5	2100071	9052	2
1203	102	Picture	20	2109090	0	1	4145	2	0	4000	other	0
1203	102	Pulse	5	2120059	10969	6
1203	103	Picture	20	2127161	0	1	4144	3	0	4000	other	0
1203	103	Pulse	5	2140058	12897	6
1203	104	Pulse	5	2160057	14825	7
1203	105	Picture	10	2170265	0	2	4144	4	0	4000	other	0
1203	105	Pulse	5	2180049	9784	2
1203	106	Picture	10	2188336	0	1	4145	2	0	4000	other	0
1203	106	Pulse	5	2200050	11714	1
1203	107	Picture	11	2206407	0	1	4145	2	0	4000	hit	224
1203	107	Response	1	2213009	6602	2
1203	107	Pulse	5	2220049	13642	1
1203	108	Picture	10	2224478	0	1	4145	2	0	4000	other	0
1203	108	Pulse	5	2240038	15560	2
1203	109	Picture	11	2242549	0	1	4144	3	0	4000	hit	229
1203	109	Response	1	2246119	3570	1
1203	109	Pulse	5	2260038	17489	2
1203	110	Picture	10	2260619	0	2	4145	3	0	4000	other	0
1203	111	Picture	10	2278690	0	1	4145	2	0	4000	other	0
1203	111	Pulse	5	2280038	1348	1
1203	112	Picture	11	2296761	0	1	4145	2	0	4000	hit	236
1203	112	Pulse	5	2300027	3266	2
1203	112	Response	1	2300347	3586	2
1203	113	Picture	10	2314832	0	1	4145	2	0	4000	other	0
1203	113	Pulse	5	2320027	5195	2
1203	114	Picture	10	2332903	0	1	4144	3	0	4000	other	0
1203	114	Pulse	5	2340027	7124	1
1203	115	Picture	10	2350974	0	1	4144	2	0	4000	other	0
1203	115	Pulse	5	2360016	9042	2
1203	116	Picture	10	2369044	0	1	4145	2	0	4000	other	0
1203	116	Pulse	5	2380016	10972	1
1203	117	Picture	10	2387115	0	1	4145	2	0	4000	other	0
1203	117	Pulse	5	2400015	12900	2
1203	118	Picture	11	2405186	0	1	4145	2	0	4000	hit	248
1203	118	Response	1	2409445	4259	2
1203	118	Pulse	5	2420005	14819	2
1203	119	Picture	10	2423257	0	1	4144	3	0	4000	other	0
1203	119	Pulse	5	2440005	16748	2
1203	120	Picture	10	2441328	0	1	4144	2	0	4000	other	0
1203	121	Pulse	5	2460004	606	2
1203	121	Pulse	5	2479994	20596	2
1203	122	Picture	30	2484432	0	1	4145	2	0	4000	other	0
1203	122	Pulse	5	2499993	15561	2
1203	123	Picture	30	2502503	0	1	4145	2	0	4000	other	0
1203	123	Pulse	5	2519993	17490	2
1203	124	Picture	30	2520574	0	1	4144	3	0	4000	other	0
1203	125	Picture	31	2538645	0	1	4144	3	0	4000	hit	262
1203	125	Pulse	5	2539983	1338	1
1203	125	Response	1	2544143	5498	1
1203	126	Picture	31	2556715	0	2	4145	3	0	4000	hit	265
1203	126	Pulse	5	2559982	3267	2
1203	126	Response	1	2561582	4867	2
1203	127	Picture	30	2574786	0	1	4145	2	0	4000	other	0
1203	127	Pulse	5	2579982	5196	2
1203	128	Picture	30	2592857	0	1	4145	2	0	4000	other	0
1203	128	Pulse	5	2599972	7115	1
1203	129	Picture	30	2610928	0	1	4145	2	0	4000	other	0
1203	129	Pulse	5	2619971	9043	2
1203	130	Picture	31	2628999	0	1	4144	3	0	4000	hit	273
1203	130	Response	1	2632131	3132	2
1203	130	Pulse	5	2639971	10972	2
1203	131	Picture	30	2647069	0	2	4145	3	0	4000	other	0
1203	131	Pulse	5	2659960	12891	2
1203	132	Picture	30	2665140	0	1	4145	2	0	4000	false_alarm	278
1203	132	Response	1	2669240	4100	2
1203	132	Pulse	5	2679960	14820	2
1203	133	Picture	30	2683211	0	1	4145	2	0	4000	other	0
1203	133	Pulse	5	2699950	16739	1
1203	134	Picture	30	2701282	0	1	4145	2	0	4000	other	0
1203	135	Picture	31	2719353	0	1	4144	3	0	4000	hit	285
1203	135	Pulse	5	2719949	596	2
1203	135	Response	1	2724429	5076	2
1203	136	Picture	30	2737423	0	2	4145	3	0	4000	other	0
1203	136	Pulse	5	2739950	2527	1
1203	137	Picture	30	2755494	0	1	4145	2	0	4000	false_alarm	290
1203	137	Pulse	5	2759939	4445	1
1203	137	Response	1	2761059	5565	1
