Scenario - 1-back
Logfile written - 02/27/2015 16:57:58

Subject	Trial	Event Type	Code	Time	TTime	Uncertainty	Duration	Uncertainty	ReqTime	ReqDur	Stim Type	Pair Index

1203	1	Pulse	5	172464	182298	2
1203	2	Pulse	5	192454	19923	1
1203	3	Picture	10	197565	0	1	4145	2	0	4000	false_alarm	4
1203	3	Response	1	205093	7528	2
1203	3	Pulse	5	212453	14888	2
1203	4	Picture	10	215636	0	1	4144	3	0	4000	other	0
1203	4	Pulse	5	232453	16817	2
1203	5	Picture	11	233706	0	2	4145	3	0	4000	hit	9
1203	5	Response	1	249412	15706	2
1203	6	Picture	10	251777	0	1	4145	2	0	4000	other	0
1203	6	Pulse	5	252442	665	2
1203	7	Picture	11	269848	0	1	4145	2	0	4000	hit	14
1203	7	Pulse	5	272442	2594	2
1203	7	Response	1	273242	3394	2
1203	8	Picture	10	287919	0	1	4145	2	0	4000	other	0
1203	8	Pulse	5	292442	4523	1
1203	9	Picture	10	305990	0	1	4144	3	0	4000	other	0
1203	9	Pulse	5	312431	6441	2
1203	10	Picture	10	324061	0	1	4144	2	0	4000	other	0
1203	10	Pulse	5	332431	8370	2
1203	11	Picture	11	342131	0	2	4145	3	0	4000	hit	22
1203	11	Response	1	345231	3100	1
1203	11	Pulse	5	352431	10300	1
1203	12	Picture	10	360202	0	1	4145	2	0	4000	other	0
1203	12	Pulse	5	372420	12218	2
1203	13	Picture	10	378273	0	1	4145	2	0	4000	other	0
1203	13	Pulse	5	392420	14147	2
1203	14	Picture	11	396344	0	1	4144	3	0	4000	hit	29
1203	14	Response	1	400580	4236	2
1203	14	Pulse	5	412419	16075	3
1203	15	Picture	10	414415	0	1	4144	2	0	4000	other	0
1203	15	Pulse	5	432409	17994	2
1203	16	Picture	10	432485	0	2	4145	3	0	4000	other	0
1203	17	Picture	10	450556	0	1	4145	2	0	4000	other	0
1203	17	Pulse	5	452409	1853	2
1203	18	Picture	10	468627	0	1	4145	2	0	4000	other	0
1203	18	Pulse	5	472408	3781	3
1203	19	Pulse	5	492398	5700	2
1203	20	Picture	30	511732	0	1	4144	3	0	4000	other	0
1203	20	Pulse	5	512398	666	1
1203	21	Picture	30	529803	0	1	4144	2	0	4000	other	0
1203	21	Pulse	5	532397	2594	2
1203	22	Picture	31	547873	0	2	4145	3	0	4000	miss	0
1203	22	Pulse	5	552547	4674	2
1203	23	Picture	30	565944	0	1	4145	2	0	4000	other	0
1203	23	Pulse	5	572546	6602	2
1203	24	Picture	30	584015	0	1	4145	2	0	4000	other	0
1203	24	Pulse	5	592546	8531	2
1203	25	Picture	30	602086	0	1	4145	2	0	4000	other	0
1203	25	Pulse	5	612536	10450	1
1203	26	Picture	31	620157	0	1	4144	2	0	4000	hit	53
1203	26	Pulse	5	632535	12378	2
1203	26	Response	1	634135	13978	2
1203	27	Picture	31	638227	0	2	4145	3	0	4000	hit	55
1203	27	Response	1	645014	6787	3
1203	27	Pulse	5	652535	14308	2
1203	28	Picture	30	656298	0	1	4145	2	0	4000	other	0
1203	28	Pulse	5	672525	16227	1
1203	29	Picture	30	674369	0	1	4145	2	0	4000	other	0
1203	30	Picture	30	692440	0	1	4145	2	0	4000	other	0
1203	30	Pulse	5	692524	84	2
1203	31	Picture	31	710511	0	1	4144	3	0	4000	hit	64
1203	31	Pulse	5	712524	2013	2
1203	31	Response	1	717644	7133	1
1203	32	Picture	30	728581	0	2	4145	3	0	4000	other	0
1203	32	Pulse	5	732513	3932	2
1203	33	Picture	30	746652	0	2	4145	3	0	4000	other	0
1203	33	Pulse	5	752513	5861	2
1203	34	Picture	30	764723	0	1	4145	2	0	4000	other	0
1203	34	Pulse	5	772513	7790	1
1203	35	Picture	30	782794	0	1	4145	2	0	4000	other	0
1203	35	Pulse	5	792502	9708	2
1203	36	Pulse	5	812502	11637	2
1203	37	Picture	10	825899	0	1	4144	2	0	4000	other	0
1203	37	Pulse	5	832502	6603	1
1203	38	Picture	10	843969	0	2	4145	3	0	4000	other	0
1203	38	Pulse	5	852491	8522	2
1203	39	Picture	11	862040	0	1	4145	2	0	4000	hit	79
1203	39	Response	1	869611	7571	2
1203	39	Pulse	5	872491	10451	2
1203	40	Picture	10	880111	0	1	4145	2	0	4000	other	0
1203	40	Pulse	5	892490	12379	3
1203	41	Picture	11	898182	0	1	4145	2	0	4000	hit	84
1203	41	Response	1	901290	3108	3
1203	41	Pulse	5	912480	14298	2
1203	42	Picture	10	916253	0	1	4144	3	0	4000	other	0
1203	42	Pulse	5	932480	16227	1
1203	43	Picture	10	934323	0	2	4145	3	0	4000	other	0
1203	44	Picture	10	952394	0	2	4145	3	0	4000	other	0
1203	44	Pulse	5	952479	85	2
1203	45	Picture	11	970465	0	1	4145	2	0	4000	hit	93
1203	45	Pulse	5	972469	2004	2
1203	45	Response	1	975029	4564	2
1203	46	Picture	10	988536	0	1	4145	2	0	4000	other	0
1203	46	Pulse	5	992469	3933	1
1203	47	Picture	10	1006607	0	1	4144	3	0	4000	other	0
1203	47	Pulse	5	1012468	5861	2
1203	48	Picture	11	1024678	0	1	4144	2	0	4000	hit	99
1203	48	Response	1	1028458	3780	2
1203	48	Pulse	5	1032458	7780	2
1203	49	Picture	10	1042748	0	2	4145	3	0	4000	other	0
1203	49	Pulse	5	1052457	9709	2
1203	50	Picture	10	1060819	0	1	4145	2	0	4000	other	0
1203	50	Pulse	5	1072458	11639	1
1203	51	Picture	10	1078890	0	1	4145	2	0	4000	other	0
1203	51	Pulse	5	1092447	13557	1
1203	52	Picture	10	1096961	0	1	4144	3	0	4000	other	0
1203	52	Pulse	5	1112446	15485	2
1203	53	Pulse	5	1132447	17415	1
1203	54	Picture	20	1140065	0	2	4145	3	0	4000	other	0
1203	54	Pulse	5	1152435	12370	2
1203	55	Picture	20	1158136	0	1	4145	2	0	4000	other	0
1203	55	Pulse	5	1172435	14299	2
1203	56	Picture	21	1176207	0	1	4145	2	0	4000	hit	115
1203	56	Response	1	1181395	5188	2
1203	56	Pulse	5	1192435	16228	2
1203	57	Picture	20	1194278	0	1	4145	2	0	4000	other	0
1203	58	Picture	20	1212349	0	1	4144	3	0	4000	other	0
1203	58	Pulse	5	1212424	75	2
1203	59	Picture	20	1230420	0	1	4144	3	0	4000	other	0
1203	59	Pulse	5	1232424	2004	2
1203	60	Picture	21	1248490	0	2	4145	3	0	4000	hit	124
1203	60	Pulse	5	1252424	3934	1
1203	60	Response	1	1256104	7614	1
1203	61	Picture	20	1266561	0	1	4145	2	0	4000	other	0
1203	61	Pulse	5	1272413	5852	2
1203	62	Picture	20	1284632	0	1	4145	2	0	4000	other	0
1203	62	Pulse	5	1292413	7781	2
1203	63	Picture	20	1302703	0	1	4144	3	0	4000	other	0
1203	63	Pulse	5	1312413	9710	1
1203	64	Picture	20	1320774	0	1	4144	3	0	4000	other	0
1203	64	Pulse	5	1332402	11628	2
1203	65	Picture	20	1338844	0	2	4145	3	0	4000	false_alarm	134
1203	65	Response	1	1345042	6198	2
1203	65	Pulse	5	1352402	13558	2
1203	66	Picture	21	1356915	0	1	4145	2	0	4000	miss	0
1203	66	Pulse	5	1372401	15486	3
1203	67	Picture	20	1374986	0	2	4145	3	0	4000	other	0
1203	67	Pulse	5	1392391	17405	2
1203	68	Picture	20	1393057	0	1	4144	3	0	4000	other	0
1203	69	Picture	21	1411128	0	1	4144	3	0	4000	miss	0
1203	69	Pulse	5	1412391	1263	1
1203	70	Pulse	5	1432391	3193	1
1203	70	Pulse	5	1452380	23182	2
1203	71	Picture	10	1454232	0	2	4145	3	0	4000	other	0
1203	72	Picture	10	1472303	0	1	4145	2	0	4000	other	0
1203	72	Pulse	5	1472379	76	2
1203	73	Picture	11	1490374	0	1	4145	2	0	4000	hit	150
1203	73	Pulse	5	1492379	2005	2
1203	73	Response	1	1494619	4245	2
1203	74	Picture	10	1508445	0	1	4144	3	0	4000	other	0
1203	74	Pulse	5	1512369	3924	2
1203	75	Picture	11	1526516	0	1	4144	2	0	4000	hit	154
1203	75	Response	1	1530608	4092	2
1203	75	Pulse	5	1532368	5852	2
1203	76	Picture	10	1544586	0	2	4145	3	0	4000	other	0
1203	76	Pulse	5	1552368	7782	2
1203	77	Picture	10	1562657	0	1	4145	2	0	4000	other	0
1203	77	Pulse	5	1572358	9701	1
1203	78	Picture	11	1580728	0	1	4145	2	0	4000	hit	161
1203	78	Response	1	1586437	5709	3
1203	78	Pulse	5	1592517	11789	2
1203	79	Picture	10	1598799	0	1	4145	2	0	4000	other	0
1203	79	Pulse	5	1612517	13718	2
1203	80	Picture	10	1616870	0	1	4144	3	0	4000	other	0
1203	80	Pulse	5	1632507	15637	1
1203	81	Picture	10	1634941	0	1	4144	2	0	4000	other	0
1203	81	Pulse	5	1652506	17565	2
1203	82	Picture	10	1653011	0	1	4145	2	0	4000	other	0
1203	83	Picture	10	1671082	0	1	4145	2	0	4000	other	0
1203	83	Pulse	5	1672506	1424	1
1203	84	Picture	11	1689153	0	1	4145	2	0	4000	hit	174
1203	84	Pulse	5	1692496	3343	1
1203	84	Response	1	1694255	5102	2
1203	85	Picture	10	1707224	0	1	4144	3	0	4000	other	0
1203	85	Pulse	5	1712495	5271	2
1203	86	Picture	10	1725295	0	1	4144	2	0	4000	other	0
1203	86	Pulse	5	1732495	7200	1
1203	87	Pulse	5	1752484	9119	2
1203	88	Picture	30	1768399	0	1	4145	2	0	4000	other	0
1203	88	Pulse	5	1772484	4085	2
1203	89	Picture	30	1786470	0	1	4145	2	0	4000	other	0
1203	89	Pulse	5	1792483	6013	2
1203	90	Picture	30	1804541	0	1	4145	2	0	4000	other	0
1203	90	Pulse	5	1812473	7932	2
1203	91	Picture	31	1822612	0	1	4144	3	0	4000	hit	187
1203	91	Response	1	1830713	8101	2
1203	91	Pulse	5	1832473	9861	2
1203	92	Picture	31	1840683	0	1	4144	2	0	4000	hit	190
1203	92	Response	1	1847832	7149	3
1203	92	Pulse	5	1852472	11789	3
1203	93	Picture	30	1858753	0	2	4145	3	0	4000	other	0
1203	93	Pulse	5	1872462	13709	2
1203	94	Picture	30	1876824	0	1	4145	2	0	4000	other	0
1203	94	Pulse	5	1892462	15638	1
1203	95	Picture	30	1894895	0	1	4145	2	0	4000	other	0
1203	95	Pulse	5	1912461	17566	2
1203	96	Picture	31	1912966	0	1	4144	3	0	4000	hit	199
1203	96	Response	1	1916141	3175	2
1203	97	Picture	30	1931037	0	1	4144	2	0	4000	other	0
1203	97	Pulse	5	1932451	1414	2
1203	98	Picture	30	1949107	0	2	4145	3	0	4000	other	0
1203	98	Pulse	5	1952450	3343	2
1203	99	Picture	30	1967178	0	1	4145	2	0	4000	other	0
1203	99	Pulse	5	1972450	5272	2
1203	100	Picture	30	1985249	0	1	4145	2	0	4000	other	0
1203	100	Pulse	5	1992440	7191	2
1203	101	Picture	31	2003319	0	2	4146	3	0	4000	hit	209
1203	101	Response	1	2009400	6081	1
1203	101	Pulse	5	2012439	9120	2
1203	102	Picture	30	2021391	0	1	4144	2	0	4000	other	0
1203	102	Pulse	5	2032439	11048	2
1203	103	Picture	30	2039461	0	2	4145	3	0	4000	other	0
1203	103	Pulse	5	2052429	12968	1
1203	104	Pulse	5	2072428	14896	2
1203	105	Picture	10	2082566	0	1	4145	2	0	4000	other	0
1203	105	Pulse	5	2092428	9862	2
1203	106	Picture	10	2100637	0	1	4145	2	0	4000	other	0
1203	106	Pulse	5	2112417	11780	2
1203	107	Picture	11	2118707	0	2	4145	4	0	4000	hit	221
1203	107	Response	1	2123457	4750	2
1203	107	Pulse	5	2132417	13710	2
1203	108	Picture	10	2136779	0	1	4144	2	0	4000	other	0
1203	108	Pulse	5	2152417	15638	1
1203	109	Picture	11	2154849	0	2	4145	3	0	4000	hit	226
1203	109	Response	1	2159137	4288	1
1203	109	Pulse	5	2172406	17557	2
1203	110	Picture	10	2172920	0	1	4145	2	0	4000	other	0
1203	111	Picture	10	2190991	0	1	4145	2	0	4000	other	0
1203	111	Pulse	5	2192406	1415	2
1203	112	Picture	11	2209062	0	1	4145	2	0	4000	hit	233
1203	112	Pulse	5	2212406	3344	1
1203	112	Response	1	2214166	5104	1
1203	113	Picture	10	2227133	0	1	4144	3	0	4000	other	0
1203	113	Pulse	5	2232395	5262	2
1203	114	Picture	10	2245203	0	2	4145	3	0	4000	other	0
1203	114	Pulse	5	2252395	7192	2
1203	115	Picture	10	2263274	0	2	4145	3	0	4000	other	0
1203	115	Pulse	5	2272394	9120	2
1203	116	Picture	10	2281344	0	3	4146	4	0	4000	other	0
1203	116	Pulse	5	2292384	11040	2
1203	117	Picture	10	2299416	0	1	4145	2	0	4000	other	0
1203	117	Pulse	5	2312384	12968	2
1203	118	Picture	11	2317487	0	1	4144	3	0	4000	hit	245
1203	118	Response	1	2321663	4176	3
1203	118	Pulse	5	2332383	14896	3
1203	119	Picture	10	2335558	0	1	4144	2	0	4000	other	0
1203	119	Pulse	5	2352373	16815	2
1203	120	Picture	10	2353628	0	2	4145	3	0	4000	other	0
1203	121	Pulse	5	2372373	674	1
1203	121	Pulse	5	2392372	20673	2
1203	122	Picture	20	2396733	0	1	4145	2	0	4000	other	0
1203	122	Pulse	5	2412362	15629	2
1203	123	Picture	20	2414804	0	1	4145	2	0	4000	other	0
1203	123	Pulse	5	2432361	17557	2
1203	124	Picture	20	2432875	0	1	4144	3	0	4000	other	0
1203	125	Picture	21	2450945	0	2	4145	3	0	4000	hit	259
1203	125	Pulse	5	2452361	1416	2
1203	125	Response	1	2454441	3496	2
1203	126	Picture	20	2469016	0	1	4145	2	0	4000	other	0
1203	126	Pulse	5	2472351	3335	1
1203	127	Picture	20	2487087	0	1	4145	2	0	4000	other	0
1203	127	Pulse	5	2492350	5263	2
1203	128	Picture	21	2505158	0	1	4145	2	0	4000	hit	265
1203	128	Response	1	2508350	3192	2
1203	128	Pulse	5	2512350	7192	2
1203	129	Picture	20	2523229	0	1	4144	3	0	4000	other	0
1203	129	Pulse	5	2532340	9111	1
1203	130	Picture	20	2541299	0	2	4145	3	0	4000	other	0
1203	130	Pulse	5	2552339	11040	2
1203	131	Picture	20	2559370	0	2	4145	3	0	4000	other	0
1203	131	Pulse	5	2572339	12969	2
1203	132	Picture	21	2577441	0	1	4145	2	0	4000	hit	274
1203	132	Response	1	2585929	8488	2
1203	132	Pulse	5	2592328	14887	2
1203	133	Picture	20	2595512	0	1	4145	2	0	4000	other	0
1203	133	Pulse	5	2612328	16816	2
1203	134	Picture	20	2613583	0	1	4144	3	0	4000	other	0
1203	135	Picture	21	2631654	0	1	4144	3	0	4000	miss	0
1203	135	Pulse	5	2632488	834	1
1203	136	Picture	20	2649724	0	2	4145	3	0	4000	other	0
1203	136	Pulse	5	2652477	2753	2
1203	137	Picture	20	2667795	0	1	4145	2	0	4000	other	0
1203	137	Pulse	5	2672477	4682	2
