Scenario - 1-back
Logfile written - 02/27/2015 16:48:55

Subject	Trial	Event Type	Code	Time	TTime	Uncertainty	Duration	Uncertainty	ReqTime	ReqDur	Stim Type	Pair Index

1203	1	Pulse	5	841483	851317	2
1203	2	Pulse	5	861473	19825	1
1203	3	Picture	10	866682	0	1	4145	2	0	4000	other	0
1203	3	Pulse	5	881472	14790	2
1203	4	Picture	10	884753	0	1	4145	2	0	4000	other	0
1203	4	Pulse	5	901472	16719	2
1203	5	Picture	11	902824	0	1	4144	3	0	4000	hit	8
1203	5	Response	1	907712	4888	2
1203	6	Picture	10	920894	0	2	4145	3	0	4000	other	0
1203	6	Pulse	5	921462	568	1
1203	7	Picture	11	938965	0	1	4145	2	0	4000	hit	13
1203	7	Pulse	5	941461	2496	2
1203	7	Response	1	942901	3936	2
1203	8	Picture	10	957036	0	1	4145	2	0	4000	other	0
1203	8	Pulse	5	961461	4425	2
1203	9	Picture	10	975107	0	1	4145	2	0	4000	other	0
1203	9	Pulse	5	981450	6343	2
1203	10	Picture	10	993178	0	1	4144	3	0	4000	other	0
1203	10	Pulse	5	1001610	8432	2
1203	11	Picture	11	1011249	0	1	4144	2	0	4000	hit	21
1203	11	Response	1	1016650	5401	2
1203	11	Pulse	5	1021610	10361	2
1203	12	Picture	10	1029319	0	2	4145	3	0	4000	other	0
1203	12	Pulse	5	1041599	12280	3
1203	13	Picture	10	1047390	0	1	4145	2	0	4000	other	0
1203	13	Pulse	5	1061599	14209	2
1203	14	Picture	11	1065461	0	1	4145	2	0	4000	hit	28
1203	14	Response	1	1069919	4458	2
1203	14	Pulse	5	1081599	16138	2
1203	15	Picture	10	1083532	0	1	4144	3	0	4000	other	0
1203	15	Pulse	5	1101588	18056	2
1203	16	Picture	10	1101603	0	1	4144	2	0	4000	other	0
1203	17	Picture	10	1119673	0	2	4145	3	0	4000	other	0
1203	17	Pulse	5	1121588	1915	2
1203	18	Picture	10	1137744	0	1	4145	2	0	4000	other	0
1203	18	Pulse	5	1141587	3843	2
1203	19	Pulse	5	1161578	5763	1
1203	20	Picture	30	1180849	0	1	4145	2	0	4000	other	0
1203	20	Pulse	5	1181577	728	2
1203	21	Picture	30	1198920	0	1	4144	3	0	4000	other	0
1203	21	Pulse	5	1201577	2657	1
1203	22	Picture	31	1216991	0	1	4144	2	0	4000	miss	0
1203	22	Pulse	5	1221566	4575	2
1203	23	Picture	30	1235061	0	2	4145	3	0	4000	other	0
1203	23	Pulse	5	1241566	6505	1
1203	24	Picture	30	1253132	0	1	4145	2	0	4000	other	0
1203	24	Pulse	5	1261565	8433	2
1203	25	Picture	30	1271203	0	1	4145	2	0	4000	other	0
1203	25	Pulse	5	1281555	10352	2
1203	26	Picture	31	1289274	0	1	4144	3	0	4000	miss	0
1203	26	Pulse	5	1301554	12280	2
1203	27	Picture	31	1307345	0	1	4144	2	0	4000	miss	0
1203	27	Pulse	5	1321554	14209	2
1203	28	Picture	30	1325415	0	2	4145	3	0	4000	other	0
1203	28	Pulse	5	1341544	16129	2
1203	29	Picture	30	1343486	0	1	4145	2	0	4000	other	0
1203	29	Pulse	5	1361543	18057	2
1203	30	Picture	30	1361557	0	1	4145	2	0	4000	other	0
1203	31	Picture	31	1379628	0	1	4144	3	0	4000	hit	61
1203	31	Pulse	5	1381543	1915	2
1203	31	Response	1	1383943	4315	2
1203	32	Picture	30	1397699	0	1	4144	2	0	4000	other	0
1203	32	Pulse	5	1401533	3834	1
1203	33	Picture	30	1415769	0	2	4145	3	0	4000	other	0
1203	33	Pulse	5	1421532	5763	2
1203	34	Picture	30	1433840	0	1	4145	2	0	4000	other	0
1203	34	Pulse	5	1441532	7692	2
1203	35	Picture	30	1451911	0	1	4145	2	0	4000	other	0
1203	35	Pulse	5	1461522	9611	1
1203	36	Pulse	5	1481522	11540	1
1203	37	Picture	10	1495016	0	1	4144	3	0	4000	other	0
1203	37	Pulse	5	1501521	6505	1
1203	38	Picture	10	1513087	0	1	4144	2	0	4000	other	0
1203	38	Pulse	5	1521510	8423	3
1203	39	Picture	11	1531157	0	1	4145	2	0	4000	hit	76
1203	39	Response	1	1534630	3473	2
1203	39	Pulse	5	1541510	10353	2
1203	40	Picture	10	1549228	0	1	4145	2	0	4000	other	0
1203	40	Pulse	5	1561510	12282	2
1203	41	Picture	11	1567299	0	1	4145	2	0	4000	hit	81
1203	41	Response	1	1570939	3640	2
1203	41	Pulse	5	1581499	14200	2
1203	42	Picture	10	1585370	0	1	4144	3	0	4000	other	0
1203	42	Pulse	5	1601499	16129	2
1203	43	Picture	10	1603441	0	1	4144	2	0	4000	other	0
1203	43	Pulse	5	1621498	18057	2
1203	44	Picture	10	1621511	0	2	4145	3	0	4000	other	0
1203	45	Picture	11	1639582	0	1	4145	2	0	4000	hit	90
1203	45	Pulse	5	1641488	1906	2
1203	45	Response	1	1644368	4786	2
1203	46	Picture	10	1657653	0	1	4145	2	0	4000	other	0
1203	46	Pulse	5	1661488	3835	1
1203	47	Picture	10	1675724	0	1	4145	2	0	4000	other	0
1203	47	Pulse	5	1681487	5763	2
1203	48	Picture	11	1693795	0	1	4144	3	0	4000	hit	96
1203	48	Response	1	1697637	3842	2
1203	48	Pulse	5	1701477	7682	2
1203	49	Picture	10	1711865	0	2	4145	3	0	4000	other	0
1203	49	Pulse	5	1721477	9612	1
1203	50	Picture	10	1729936	0	1	4145	2	0	4000	other	0
1203	50	Pulse	5	1741476	11540	2
1203	51	Picture	10	1748007	0	1	4145	2	0	4000	other	0
1203	51	Pulse	5	1761466	13459	2
1203	52	Picture	10	1766078	0	1	4145	2	0	4000	other	0
1203	52	Pulse	5	1781465	15387	2
1203	53	Pulse	5	1801465	17316	2
1203	54	Picture	20	1809183	0	1	4144	2	0	4000	other	0
1203	54	Pulse	5	1821455	12272	1
1203	55	Picture	20	1827253	0	2	4145	3	0	4000	other	0
1203	55	Pulse	5	1841455	14202	1
1203	56	Picture	21	1845324	0	1	4145	2	0	4000	hit	112
1203	56	Response	1	1849934	4610	2
1203	56	Pulse	5	1861454	16130	2
1203	57	Picture	20	1863395	0	1	4145	2	0	4000	other	0
1203	57	Pulse	5	1881444	18049	1
1203	58	Picture	20	1881466	0	1	4144	3	0	4000	other	0
1203	59	Picture	20	1899535	0	3	4146	5	0	4000	other	0
1203	59	Pulse	5	1901444	1909	1
1203	60	Picture	21	1917607	0	2	4145	3	0	4000	miss	0
1203	60	Pulse	5	1921443	3836	2
1203	61	Picture	20	1935678	0	1	4144	3	0	4000	other	0
1203	61	Pulse	5	1941432	5754	2
1203	62	Picture	20	1953749	0	1	4145	2	0	4000	other	0
1203	62	Pulse	5	1961432	7683	2
1203	63	Picture	20	1971820	0	1	4145	2	0	4000	other	0
1203	63	Pulse	5	1981432	9612	2
1203	64	Picture	20	1989891	0	1	4144	3	0	4000	other	0
1203	64	Pulse	5	2001421	11530	3
1203	65	Picture	20	2007961	0	2	4145	3	0	4000	false_alarm	130
1203	65	Response	1	2013741	5780	2
1203	65	Pulse	5	2021421	13460	2
1203	66	Picture	21	2026032	0	2	4145	3	0	4000	hit	133
1203	66	Response	1	2030861	4829	2
1203	66	Pulse	5	2041581	15549	2
1203	67	Picture	20	2044103	0	1	4145	2	0	4000	other	0
1203	67	Pulse	5	2061570	17467	2
1203	68	Picture	20	2062174	0	1	4145	2	0	4000	other	0
1203	69	Picture	21	2080245	0	1	4144	3	0	4000	miss	0
1203	69	Pulse	5	2081570	1325	2
1203	70	Pulse	5	2101569	3253	2
1203	70	Pulse	5	2121560	23244	1
1203	71	Picture	10	2123515	0	1	4145	2	0	4000	other	0
1203	71	Pulse	5	2141559	18044	2
1203	72	Picture	10	2141586	0	1	4145	2	0	4000	other	0
1203	73	Picture	11	2159657	0	1	4145	2	0	4000	hit	147
1203	73	Pulse	5	2161558	1901	2
1203	73	Response	1	2163639	3982	1
1203	74	Picture	10	2177728	0	1	4144	3	0	4000	other	0
1203	74	Pulse	5	2181548	3820	2
1203	75	Picture	11	2195798	0	2	4145	3	0	4000	hit	152
1203	75	Pulse	5	2201548	5750	3
1203	75	Response	1	2202828	7030	1
1203	76	Picture	10	2213869	0	1	4145	2	0	4000	other	0
1203	76	Pulse	5	2221547	7678	2
1203	77	Picture	10	2231940	0	1	4145	2	0	4000	other	0
1203	77	Pulse	5	2241537	9597	2
1203	78	Picture	11	2250011	0	1	4145	2	0	4000	miss	0
1203	78	Pulse	5	2261536	11525	2
1203	79	Picture	10	2268082	0	1	4144	3	0	4000	other	0
1203	79	Pulse	5	2281536	13454	2
1203	80	Picture	10	2286153	0	1	4144	2	0	4000	other	0
1203	80	Pulse	5	2301526	15373	1
1203	81	Picture	10	2304223	0	2	4145	3	0	4000	other	0
1203	81	Pulse	5	2321525	17302	2
1203	82	Picture	10	2322294	0	1	4145	2	0	4000	other	0
1203	83	Picture	10	2340365	0	1	4145	2	0	4000	other	0
1203	83	Pulse	5	2341525	1160	2
1203	84	Picture	11	2358436	0	1	4144	3	0	4000	miss	0
1203	84	Pulse	5	2361515	3079	1
1203	85	Picture	10	2376507	0	1	4144	2	0	4000	other	0
1203	85	Pulse	5	2381514	5007	2
1203	86	Picture	10	2394577	0	2	4145	3	0	4000	other	0
1203	86	Pulse	5	2401514	6937	2
1203	87	Pulse	5	2421503	8855	2
1203	88	Picture	30	2437682	0	1	4145	2	0	4000	other	0
1203	88	Pulse	5	2441503	3821	2
1203	89	Picture	30	2455753	0	1	4145	2	0	4000	other	0
1203	89	Pulse	5	2461503	5750	1
1203	90	Picture	30	2473824	0	1	4144	3	0	4000	other	0
1203	90	Pulse	5	2481492	7668	3
1203	91	Picture	31	2491895	0	1	4144	2	0	4000	hit	182
1203	91	Response	1	2499892	7997	2
1203	91	Pulse	5	2501492	9597	2
1203	92	Picture	31	2509965	0	2	4145	3	0	4000	hit	185
1203	92	Response	1	2517492	7527	2
1203	92	Pulse	5	2521491	11526	3
1203	93	Picture	30	2528036	0	1	4145	2	0	4000	other	0
1203	93	Pulse	5	2541482	13446	1
1203	94	Picture	30	2546107	0	1	4145	2	0	4000	other	0
1203	94	Pulse	5	2561481	15374	2
1203	95	Picture	30	2564178	0	1	4144	3	0	4000	other	0
1203	95	Pulse	5	2581480	17302	2
1203	96	Picture	31	2582249	0	1	4144	2	0	4000	hit	194
1203	96	Response	1	2585310	3061	2
1203	97	Picture	30	2600319	0	2	4145	3	0	4000	other	0
1203	97	Pulse	5	2601470	1151	2
1203	98	Picture	30	2618390	0	1	4145	2	0	4000	false_alarm	199
1203	98	Pulse	5	2621470	3080	1
1203	98	Response	1	2626270	7880	1
1203	99	Picture	30	2636461	0	1	4145	2	0	4000	other	0
1203	99	Pulse	5	2641470	5009	1
1203	100	Picture	30	2654532	0	1	4144	3	0	4000	other	0
1203	100	Pulse	5	2661459	6927	2
1203	101	Picture	31	2672603	0	1	4144	3	0	4000	miss	0
1203	101	Pulse	5	2681459	8856	1
1203	102	Picture	30	2690673	0	2	4145	3	0	4000	false_alarm	207
1203	102	Response	1	2696818	6145	2
1203	102	Pulse	5	2701458	10785	2
1203	103	Picture	30	2708744	0	1	4145	2	0	4000	other	0
1203	103	Pulse	5	2721448	12704	2
1203	104	Pulse	5	2741447	14632	2
1203	105	Picture	10	2751849	0	1	4145	2	0	4000	other	0
1203	105	Pulse	5	2761448	9599	1
1203	106	Picture	10	2769920	0	1	4144	3	0	4000	other	0
1203	106	Pulse	5	2781437	11517	2
1203	107	Picture	11	2787991	0	1	4144	2	0	4000	hit	217
1203	107	Response	1	2791196	3205	2
1203	107	Pulse	5	2801437	13446	1
1203	108	Picture	10	2806061	0	2	4145	4	0	4000	other	0
1203	108	Pulse	5	2821436	15375	2
1203	109	Picture	11	2824132	0	1	4145	2	0	4000	hit	222
1203	109	Response	1	2829266	5134	2
1203	109	Pulse	5	2841425	17293	3
1203	110	Picture	10	2842203	0	1	4145	2	0	4000	other	0
1203	111	Picture	10	2860274	0	1	4144	3	0	4000	other	0
1203	111	Pulse	5	2861425	1151	2
1203	112	Picture	11	2878345	0	1	4144	3	0	4000	hit	229
1203	112	Pulse	5	2881425	3080	2
1203	112	Response	1	2881745	3400	2
1203	113	Picture	10	2896415	0	2	4145	3	0	4000	other	0
1203	113	Pulse	5	2901414	4999	2
1203	114	Picture	10	2914486	0	1	4145	2	0	4000	other	0
1203	114	Pulse	5	2921414	6928	2
1203	115	Picture	10	2932557	0	1	4145	2	0	4000	other	0
1203	115	Pulse	5	2941414	8857	1
1203	116	Picture	10	2950628	0	1	4145	2	0	4000	other	0
1203	116	Pulse	5	2961403	10775	3
1203	117	Picture	10	2968699	0	1	4144	3	0	4000	other	0
1203	117	Pulse	5	2981403	12704	2
1203	118	Picture	11	2986769	0	2	4145	3	0	4000	hit	241
1203	118	Response	1	2990843	4074	2
1203	118	Pulse	5	3001402	14633	3
1203	119	Picture	10	3004840	0	2	4145	3	0	4000	other	0
1203	119	Pulse	5	3021392	16552	2
1203	120	Picture	10	3022911	0	1	4145	2	0	4000	other	0
1203	121	Pulse	5	3041393	411	1
1203	121	Pulse	5	3061391	20409	2
1203	122	Picture	20	3066016	0	1	4145	2	0	4000	other	0
1203	122	Pulse	5	3081542	15526	1
1203	123	Picture	20	3084087	0	1	4144	2	0	4000	other	0
1203	123	Pulse	5	3101541	17454	1
1203	124	Picture	20	3102157	0	2	4145	3	0	4000	other	0
1203	125	Picture	21	3120228	0	1	4145	2	0	4000	hit	255
1203	125	Pulse	5	3121540	1312	2
1203	125	Response	1	3123930	3702	2
1203	126	Picture	20	3138299	0	1	4145	2	0	4000	other	0
1203	126	Pulse	5	3141530	3231	2
1203	127	Picture	20	3156370	0	1	4145	2	0	4000	other	0
1203	127	Pulse	5	3161530	5160	1
1203	128	Picture	21	3174441	0	1	4144	3	0	4000	hit	261
1203	128	Response	1	3177689	3248	2
1203	128	Pulse	5	3181529	7088	2
1203	129	Picture	20	3192511	0	2	4145	3	0	4000	other	0
1203	129	Pulse	5	3201519	9008	2
1203	130	Picture	20	3210582	0	2	4145	3	0	4000	other	0
1203	130	Pulse	5	3221518	10936	2
1203	131	Picture	20	3228653	0	1	4145	2	0	4000	other	0
1203	131	Pulse	5	3241518	12865	2
1203	132	Picture	21	3246724	0	1	4145	2	0	4000	hit	270
1203	132	Response	1	3250468	3744	2
1203	132	Pulse	5	3261508	14784	1
1203	133	Picture	20	3264795	0	1	4144	3	0	4000	other	0
1203	133	Pulse	5	3281507	16712	2
1203	134	Picture	20	3282866	0	1	4144	2	0	4000	other	0
1203	135	Picture	21	3300936	0	2	4145	3	0	4000	hit	277
1203	135	Pulse	5	3301497	561	2
1203	135	Response	1	3305657	4721	2
1203	136	Picture	20	3319007	0	1	4145	2	0	4000	other	0
1203	136	Pulse	5	3321497	2490	1
1203	137	Picture	20	3337078	0	1	4145	2	0	4000	other	0
1203	137	Pulse	5	3341497	4419	1
