Scenario - 1-back
Logfile written - 02/20/2015 13:23:24

Subject	Trial	Event Type	Code	Time	TTime	Uncertainty	Duration	Uncertainty	ReqTime	ReqDur	Stim Type	Pair Index

1204_2	1	Pulse	5	231251	241085	2
1204_2	2	Pulse	5	251241	19856	2
1204_2	3	Picture	10	256419	0	2	4145	3	0	4000	other	0
1204_2	3	Pulse	5	271241	14822	1
1204_2	4	Picture	10	274490	0	1	4145	2	0	4000	other	0
1204_2	4	Pulse	5	291240	16750	2
1204_2	5	Picture	11	292561	0	1	4145	2	0	4000	hit	8
1204_2	5	Response	1	297310	4749	2
1204_2	6	Picture	10	310632	0	1	4145	2	0	4000	other	0
1204_2	6	Pulse	5	311230	598	2
1204_2	7	Picture	11	328703	0	1	4144	2	0	4000	hit	13
1204_2	7	Pulse	5	331229	2526	2
1204_2	7	Response	1	333309	4606	2
1204_2	8	Picture	10	346774	0	1	4144	2	0	4000	other	0
1204_2	8	Pulse	5	351229	4455	2
1204_2	9	Picture	10	364844	0	2	4145	3	0	4000	other	0
1204_2	9	Pulse	5	371219	6375	1
1204_2	10	Picture	10	382915	0	1	4145	2	0	4000	other	0
1204_2	10	Pulse	5	391218	8303	2
1204_2	11	Picture	11	400986	0	1	4145	2	0	4000	hit	21
1204_2	11	Response	1	405298	4312	2
1204_2	11	Pulse	5	411219	10233	1
1204_2	12	Picture	10	419057	0	1	4144	3	0	4000	other	0
1204_2	12	Pulse	5	431207	12150	3
1204_2	13	Picture	10	437127	0	3	4145	4	0	4000	other	0
1204_2	13	Pulse	5	451207	14080	3
1204_2	14	Picture	11	455198	0	2	4145	3	0	4000	hit	28
1204_2	14	Response	1	460007	4809	2
1204_2	14	Pulse	5	471207	16009	2
1204_2	15	Picture	10	473269	0	1	4145	2	0	4000	other	0
1204_2	15	Pulse	5	491196	17927	2
1204_2	16	Picture	10	491340	0	1	4145	2	0	4000	other	0
1204_2	17	Picture	10	509411	0	1	4144	3	0	4000	other	0
1204_2	17	Pulse	5	511196	1785	2
1204_2	18	Picture	10	527482	0	1	4144	3	0	4000	other	0
1204_2	18	Pulse	5	531196	3714	2
1204_2	19	Pulse	5	551185	5633	2
1204_2	20	Picture	20	570586	0	2	4145	3	0	4000	other	0
1204_2	20	Pulse	5	571185	599	2
1204_2	21	Picture	20	588657	0	1	4145	2	0	4000	other	0
1204_2	21	Pulse	5	591175	2518	1
1204_2	22	Picture	21	606728	0	1	4145	2	0	4000	hit	43
1204_2	22	Response	1	610854	4126	2
1204_2	22	Pulse	5	611175	4447	1
1204_2	23	Picture	20	624799	0	1	4144	3	0	4000	other	0
1204_2	23	Pulse	5	631174	6375	2
1204_2	24	Picture	20	642870	0	1	4144	3	0	4000	other	0
1204_2	24	Pulse	5	651163	8293	2
1204_2	25	Picture	20	660940	0	2	4145	3	0	4000	other	0
1204_2	25	Pulse	5	671163	10223	2
1204_2	26	Picture	21	679011	0	1	4145	2	0	4000	hit	52
1204_2	26	Response	1	683803	4792	2
1204_2	26	Pulse	5	691163	12152	1
1204_2	27	Picture	20	697082	0	1	4145	2	0	4000	other	0
1204_2	27	Pulse	5	711152	14070	2
1204_2	28	Picture	20	715152	0	2	4146	3	0	4000	other	0
1204_2	28	Pulse	5	731152	16000	2
1204_2	29	Picture	20	733224	0	1	4144	3	0	4000	other	0
1204_2	29	Pulse	5	751152	17928	1
1204_2	30	Picture	20	751295	0	1	4144	2	0	4000	other	0
1204_2	31	Picture	20	769365	0	2	4144	4	0	4000	other	0
1204_2	31	Pulse	5	771141	1776	2
1204_2	32	Picture	21	787436	0	1	4145	2	0	4000	hit	65
1204_2	32	Pulse	5	791301	3865	2
1204_2	32	Response	1	793221	5785	2
1204_2	33	Picture	20	805507	0	1	4145	2	0	4000	other	0
1204_2	33	Pulse	5	811300	5793	2
1204_2	34	Picture	20	823578	0	1	4144	3	0	4000	other	0
1204_2	34	Pulse	5	831290	7712	3
1204_2	35	Picture	21	841649	0	1	4144	2	0	4000	hit	71
1204_2	35	Response	1	848730	7081	1
1204_2	35	Pulse	5	851290	9641	2
1204_2	36	Pulse	5	871289	11570	3
1204_2	37	Picture	10	884753	0	1	4145	2	0	4000	other	0
1204_2	37	Pulse	5	891279	6526	2
1204_2	38	Picture	10	902824	0	1	4145	2	0	4000	other	0
1204_2	38	Pulse	5	911279	8455	2
1204_2	39	Picture	11	920895	0	1	4145	2	0	4000	hit	79
1204_2	39	Response	1	924558	3663	3
1204_2	39	Pulse	5	931278	10383	2
1204_2	40	Picture	10	938966	0	1	4144	3	0	4000	other	0
1204_2	40	Pulse	5	951269	12303	1
1204_2	41	Picture	11	957037	0	1	4144	2	0	4000	hit	84
1204_2	41	Response	1	961508	4471	1
1204_2	41	Pulse	5	971267	14230	2
1204_2	42	Picture	10	975107	0	2	4145	3	0	4000	other	0
1204_2	42	Pulse	5	991267	16160	2
1204_2	43	Picture	10	993178	0	1	4145	2	0	4000	other	0
1204_2	44	Picture	10	1011249	0	1	4145	2	0	4000	other	0
1204_2	44	Pulse	5	1011257	8	1
1204_2	45	Picture	11	1029320	0	1	4145	2	0	4000	hit	93
1204_2	45	Pulse	5	1031256	1936	2
1204_2	45	Response	1	1033656	4336	2
1204_2	46	Picture	10	1047391	0	1	4144	3	0	4000	other	0
1204_2	46	Pulse	5	1051256	3865	2
1204_2	47	Picture	10	1065462	0	1	4144	2	0	4000	other	0
1204_2	47	Pulse	5	1071246	5784	2
1204_2	48	Picture	11	1083532	0	2	4145	3	0	4000	hit	99
1204_2	48	Response	1	1088685	5153	2
1204_2	48	Pulse	5	1091246	7714	1
1204_2	49	Picture	10	1101603	0	1	4145	2	0	4000	other	0
1204_2	49	Pulse	5	1111245	9642	2
1204_2	50	Picture	10	1119674	0	1	4145	2	0	4000	other	0
1204_2	50	Pulse	5	1131234	11560	2
1204_2	51	Picture	10	1137745	0	1	4144	3	0	4000	other	0
1204_2	51	Pulse	5	1151234	13489	2
1204_2	52	Picture	10	1155816	0	1	4144	2	0	4000	other	0
1204_2	52	Pulse	5	1171234	15418	1
1204_2	53	Pulse	5	1191223	17337	2
1204_2	54	Picture	30	1198920	0	2	4145	3	0	4000	other	0
1204_2	54	Pulse	5	1211223	12303	2
1204_2	55	Picture	30	1216991	0	1	4145	2	0	4000	other	0
1204_2	55	Pulse	5	1231223	14232	1
1204_2	56	Picture	31	1235062	0	1	4145	2	0	4000	hit	115
1204_2	56	Response	1	1239061	3999	4
1204_2	56	Pulse	5	1251212	16150	2
1204_2	57	Picture	30	1253132	0	3	4145	5	0	4000	other	0
1204_2	58	Picture	30	1271204	0	1	4144	2	0	4000	other	0
1204_2	58	Pulse	5	1271212	8	2
1204_2	59	Picture	30	1289274	0	2	4145	3	0	4000	other	0
1204_2	59	Pulse	5	1291211	1937	2
1204_2	60	Picture	31	1307345	0	1	4145	2	0	4000	hit	124
1204_2	60	Pulse	5	1311201	3856	2
1204_2	60	Response	1	1313441	6096	2
1204_2	61	Picture	31	1325416	0	1	4145	2	0	4000	hit	127
1204_2	61	Pulse	5	1331201	5785	1
1204_2	61	Response	1	1332961	7545	1
1204_2	62	Picture	30	1343487	0	1	4145	2	0	4000	other	0
1204_2	62	Pulse	5	1351200	7713	2
1204_2	63	Picture	30	1361558	0	1	4144	3	0	4000	other	0
1204_2	63	Pulse	5	1371190	9632	2
1204_2	64	Picture	30	1379628	0	2	4145	3	0	4000	other	0
1204_2	64	Pulse	5	1391190	11562	2
1204_2	65	Picture	31	1397699	0	2	4145	3	0	4000	hit	135
1204_2	65	Response	1	1403669	5970	3
1204_2	65	Pulse	5	1411189	13490	2
1204_2	66	Picture	30	1415770	0	1	4145	2	0	4000	other	0
1204_2	66	Pulse	5	1431179	15409	2
1204_2	67	Picture	30	1433841	0	1	4145	2	0	4000	other	0
1204_2	67	Pulse	5	1451178	17337	2
1204_2	68	Picture	30	1451912	0	1	4145	2	0	4000	other	0
1204_2	69	Picture	30	1469983	0	1	4144	2	0	4000	other	0
1204_2	69	Pulse	5	1471178	1195	2
1204_2	70	Pulse	5	1491168	3115	1
1204_2	70	Pulse	5	1511167	23114	2
1204_2	71	Picture	10	1513087	0	2	4145	3	0	4000	other	0
1204_2	72	Picture	10	1531158	0	1	4145	2	0	4000	other	0
1204_2	72	Pulse	5	1531167	9	2
1204_2	73	Picture	11	1549229	0	1	4145	2	0	4000	hit	151
1204_2	73	Pulse	5	1551157	1928	1
1204_2	73	Response	1	1552917	3688	1
1204_2	74	Picture	10	1567300	0	1	4144	3	0	4000	other	0
1204_2	74	Pulse	5	1571156	3856	2
1204_2	75	Picture	11	1585371	0	1	4144	2	0	4000	hit	155
1204_2	75	Response	1	1590516	5145	2
1204_2	75	Pulse	5	1591156	5785	2
1204_2	76	Picture	10	1603441	0	2	4144	4	0	4000	other	0
1204_2	76	Pulse	5	1611145	7704	2
1204_2	77	Picture	10	1621512	0	2	4145	3	0	4000	other	0
1204_2	77	Pulse	5	1631145	9633	2
1204_2	78	Picture	11	1639583	0	1	4145	2	0	4000	hit	162
1204_2	78	Response	1	1644265	4682	2
1204_2	78	Pulse	5	1651145	11562	1
1204_2	79	Picture	10	1657654	0	1	4145	2	0	4000	other	0
1204_2	79	Pulse	5	1671134	13480	2
1204_2	80	Picture	10	1675725	0	1	4144	3	0	4000	other	0
1204_2	80	Pulse	5	1691134	15409	2
1204_2	81	Picture	10	1693796	0	1	4144	2	0	4000	other	0
1204_2	81	Pulse	5	1711134	17338	1
1204_2	82	Picture	10	1711866	0	1	4145	2	0	4000	other	0
1204_2	83	Picture	10	1729937	0	1	4145	2	0	4000	other	0
1204_2	83	Pulse	5	1731123	1186	2
1204_2	84	Picture	11	1748008	0	1	4145	2	0	4000	hit	175
1204_2	84	Pulse	5	1751123	3115	2
1204_2	84	Response	1	1753203	5195	2
1204_2	85	Picture	10	1766079	0	1	4144	3	0	4000	other	0
1204_2	85	Pulse	5	1771122	5043	2
1204_2	86	Picture	10	1784150	0	1	4144	3	0	4000	other	0
1204_2	86	Pulse	5	1791112	6962	2
1204_2	87	Pulse	5	1811112	8892	1
1204_2	88	Picture	20	1827254	0	1	4145	2	0	4000	other	0
1204_2	88	Pulse	5	1831271	4017	2
1204_2	89	Picture	20	1845325	0	1	4145	2	0	4000	other	0
1204_2	89	Pulse	5	1851261	5936	2
1204_2	90	Picture	20	1863396	0	1	4145	2	0	4000	other	0
1204_2	90	Pulse	5	1871260	7864	3
1204_2	91	Picture	21	1881467	0	1	4144	3	0	4000	hit	188
1204_2	91	Response	1	1886300	4833	3
1204_2	91	Pulse	5	1891260	9793	2
1204_2	92	Picture	20	1899538	0	1	4144	2	0	4000	other	0
1204_2	92	Pulse	5	1911250	11712	2
1204_2	93	Picture	20	1917608	0	2	4145	3	0	4000	other	0
1204_2	93	Pulse	5	1931249	13641	2
1204_2	94	Picture	21	1935679	0	2	4145	3	0	4000	hit	195
1204_2	94	Response	1	1940209	4530	2
1204_2	94	Pulse	5	1951250	15571	1
1204_2	95	Picture	20	1953750	0	1	4145	2	0	4000	other	0
1204_2	95	Pulse	5	1971239	17489	1
1204_2	96	Picture	20	1971821	0	1	4145	2	0	4000	other	0
1204_2	97	Picture	20	1989892	0	1	4144	3	0	4000	other	0
1204_2	97	Pulse	5	1991238	1346	2
1204_2	98	Picture	21	2007962	0	2	4145	3	0	4000	hit	204
1204_2	98	Pulse	5	2011238	3276	2
1204_2	98	Response	1	2014438	6476	2
1204_2	99	Picture	20	2026033	0	2	4145	3	0	4000	other	0
1204_2	99	Pulse	5	2031228	5195	1
1204_2	100	Picture	20	2044104	0	1	4145	2	0	4000	other	0
1204_2	100	Pulse	5	2051227	7123	2
1204_2	101	Picture	21	2062175	0	1	4145	2	0	4000	hit	210
1204_2	101	Response	1	2067867	5692	2
1204_2	101	Pulse	5	2071227	9052	1
1204_2	102	Picture	20	2080246	0	1	4144	3	0	4000	other	0
1204_2	102	Pulse	5	2091216	10970	2
1204_2	103	Picture	20	2098317	0	1	4144	2	0	4000	other	0
1204_2	103	Pulse	5	2111216	12899	2
1204_2	104	Pulse	5	2131216	14829	1
1204_2	105	Picture	10	2141421	0	2	4145	3	0	4000	other	0
1204_2	105	Pulse	5	2151205	9784	2
1204_2	106	Picture	10	2159492	0	1	4145	2	0	4000	other	0
1204_2	106	Pulse	5	2171205	11713	2
1204_2	107	Picture	11	2177563	0	1	4145	2	0	4000	hit	222
1204_2	107	Response	1	2180805	3242	1
1204_2	107	Pulse	5	2191204	13641	2
1204_2	108	Picture	10	2195634	0	1	4144	3	0	4000	other	0
1204_2	108	Pulse	5	2211194	15560	2
1204_2	109	Picture	11	2213705	0	1	4144	2	0	4000	hit	227
1204_2	109	Response	1	2219834	6129	3
1204_2	109	Pulse	5	2231194	17489	2
1204_2	110	Picture	10	2231775	0	2	4145	3	0	4000	other	0
1204_2	111	Picture	10	2249846	0	1	4145	2	0	4000	other	0
1204_2	111	Pulse	5	2251193	1347	2
1204_2	112	Picture	11	2267917	0	1	4145	2	0	4000	hit	234
1204_2	112	Pulse	5	2271183	3266	2
1204_2	112	Response	1	2272303	4386	2
1204_2	113	Picture	10	2285988	0	1	4145	2	0	4000	other	0
1204_2	113	Pulse	5	2291183	5195	1
1204_2	114	Picture	10	2304059	0	1	4144	3	0	4000	other	0
1204_2	114	Pulse	5	2311183	7124	1
1204_2	115	Picture	10	2322130	0	1	4144	2	0	4000	other	0
1204_2	115	Pulse	5	2331172	9042	2
1204_2	116	Picture	10	2340200	0	1	4145	2	0	4000	other	0
1204_2	116	Pulse	5	2351171	10971	3
1204_2	117	Picture	10	2358271	0	1	4145	2	0	4000	other	0
1204_2	117	Pulse	5	2371171	12900	2
1204_2	118	Picture	11	2376342	0	1	4145	2	0	4000	hit	246
1204_2	118	Response	1	2380611	4269	2
1204_2	118	Pulse	5	2391161	14819	2
1204_2	119	Picture	10	2394413	0	1	4144	3	0	4000	other	0
1204_2	119	Pulse	5	2411160	16747	2
1204_2	120	Picture	10	2412484	0	1	4144	2	0	4000	other	0
1204_2	121	Pulse	5	2431160	606	2
1204_2	121	Pulse	5	2451150	20596	1
1204_2	122	Picture	30	2455588	0	1	4145	2	0	4000	other	0
1204_2	122	Pulse	5	2471149	15561	2
1204_2	123	Picture	30	2473659	0	1	4145	2	0	4000	other	0
1204_2	123	Pulse	5	2491149	17490	2
1204_2	124	Picture	30	2491730	0	1	4145	2	0	4000	other	0
1204_2	125	Picture	31	2509801	0	1	4144	3	0	4000	hit	260
1204_2	125	Pulse	5	2511138	1337	2
1204_2	125	Response	1	2516258	6457	2
1204_2	126	Picture	31	2527872	0	1	4144	2	0	4000	hit	263
1204_2	126	Pulse	5	2531138	3266	2
1204_2	126	Response	1	2534978	7106	2
1204_2	127	Picture	30	2545942	0	2	4145	3	0	4000	other	0
1204_2	127	Pulse	5	2551138	5196	1
1204_2	128	Picture	30	2564013	0	1	4145	2	0	4000	other	0
1204_2	128	Pulse	5	2571127	7114	2
1204_2	129	Picture	30	2582084	0	1	4145	2	0	4000	other	0
1204_2	129	Pulse	5	2591127	9043	2
1204_2	130	Picture	31	2600155	0	1	4145	2	0	4000	hit	271
1204_2	130	Response	1	2605847	5692	1
1204_2	130	Pulse	5	2611127	10972	1
1204_2	131	Picture	30	2618226	0	1	4144	3	0	4000	other	0
1204_2	131	Pulse	5	2631116	12890	3
1204_2	132	Picture	30	2636296	0	2	4145	3	0	4000	other	0
1204_2	132	Pulse	5	2651116	14820	2
1204_2	133	Picture	30	2654367	0	2	4145	3	0	4000	other	0
1204_2	133	Pulse	5	2671115	16748	3
1204_2	134	Picture	30	2672438	0	1	4145	2	0	4000	other	0
1204_2	135	Picture	31	2690509	0	1	4145	2	0	4000	hit	282
1204_2	135	Pulse	5	2691105	596	2
1204_2	135	Response	1	2696866	6357	1
1204_2	136	Picture	30	2708580	0	1	4144	3	0	4000	other	0
1204_2	136	Pulse	5	2711105	2525	1
1204_2	137	Picture	30	2726651	0	1	4144	2	0	4000	other	0
1204_2	137	Pulse	5	2731104	4453	2
