Scenario - 1-back
Logfile written - 02/20/2015 13:28:02

Subject	Trial	Event Type	Code	Time	TTime	Uncertainty	Duration	Uncertainty	ReqTime	ReqDur	Stim Type	Pair Index

1204_2	1	Pulse	5	234741	244575	1
1204_2	2	Pulse	5	254740	19873	2
1204_2	3	Picture	10	259901	0	1	4144	3	0	4000	other	0
1204_2	3	Pulse	5	274730	14829	2
1204_2	4	Picture	10	277972	0	1	4144	3	0	4000	other	0
1204_2	4	Pulse	5	294730	16758	1
1204_2	5	Picture	11	296042	0	2	4145	3	0	4000	hit	8
1204_2	5	Response	1	300009	3967	2
1204_2	6	Picture	10	314113	0	1	4145	2	0	4000	other	0
1204_2	6	Pulse	5	314729	616	2
1204_2	7	Picture	11	332184	0	1	4145	2	0	4000	hit	13
1204_2	7	Pulse	5	334719	2535	2
1204_2	7	Response	1	335519	3335	2
1204_2	8	Picture	10	350255	0	1	4143	4	0	4000	other	0
1204_2	8	Pulse	5	354718	4463	3
1204_2	9	Picture	10	368325	0	2	4145	4	0	4000	other	0
1204_2	9	Pulse	5	374718	6393	2
1204_2	10	Picture	10	386397	0	1	4144	2	0	4000	other	0
1204_2	10	Pulse	5	394708	8311	1
1204_2	11	Picture	11	404467	0	2	4145	3	0	4000	hit	21
1204_2	11	Response	1	409747	5280	2
1204_2	11	Pulse	5	414707	10240	2
1204_2	12	Picture	10	422538	0	1	4145	2	0	4000	other	0
1204_2	12	Pulse	5	434707	12169	2
1204_2	13	Picture	10	440609	0	1	4145	2	0	4000	other	0
1204_2	13	Pulse	5	454696	14087	3
1204_2	14	Picture	11	458680	0	1	4144	3	0	4000	hit	28
1204_2	14	Response	1	463336	4656	2
1204_2	14	Pulse	5	474696	16016	2
1204_2	15	Picture	10	476750	0	2	4145	3	0	4000	other	0
1204_2	15	Pulse	5	494696	17946	2
1204_2	16	Picture	10	494821	0	2	4145	3	0	4000	other	0
1204_2	17	Picture	10	512892	0	2	4145	3	0	4000	other	0
1204_2	17	Pulse	5	514685	1793	2
1204_2	18	Picture	10	530963	0	1	4145	2	0	4000	other	0
1204_2	18	Pulse	5	534685	3722	2
1204_2	19	Pulse	5	554685	5651	1
1204_2	20	Picture	30	574068	0	1	4144	3	0	4000	other	0
1204_2	20	Pulse	5	574673	605	5
1204_2	21	Picture	30	592139	0	1	4144	3	0	4000	other	0
1204_2	21	Pulse	5	594674	2535	2
1204_2	22	Picture	31	610209	0	2	4144	4	0	4000	hit	44
1204_2	22	Pulse	5	614674	4465	1
1204_2	22	Response	1	614833	4624	2
1204_2	23	Picture	30	628280	0	1	4145	2	0	4000	other	0
1204_2	23	Pulse	5	634663	6383	2
1204_2	24	Picture	30	646351	0	1	4145	2	0	4000	other	0
1204_2	24	Pulse	5	654663	8312	2
1204_2	25	Picture	30	664422	0	1	4145	2	0	4000	other	0
1204_2	25	Pulse	5	674662	10240	2
1204_2	26	Picture	31	682493	0	1	4144	3	0	4000	hit	52
1204_2	26	Response	1	688252	5759	2
1204_2	26	Pulse	5	694652	12159	2
1204_2	27	Picture	31	700564	0	1	4144	2	0	4000	hit	55
1204_2	27	Response	1	707292	6728	2
1204_2	27	Pulse	5	714652	14088	2
1204_2	28	Picture	30	718634	0	2	4145	3	0	4000	other	0
1204_2	28	Pulse	5	734651	16017	2
1204_2	29	Picture	30	736705	0	1	4145	2	0	4000	other	0
1204_2	29	Pulse	5	754641	17936	2
1204_2	30	Picture	30	754776	0	1	4145	2	0	4000	other	0
1204_2	31	Picture	31	772847	0	1	4144	3	0	4000	hit	64
1204_2	31	Pulse	5	774641	1794	1
1204_2	31	Response	1	779440	6593	2
1204_2	32	Picture	30	790918	0	1	4144	3	0	4000	other	0
1204_2	32	Pulse	5	794640	3722	2
1204_2	33	Picture	30	808989	0	1	4144	2	0	4000	other	0
1204_2	33	Pulse	5	814630	5641	3
1204_2	34	Picture	30	827059	0	1	4145	2	0	4000	other	0
1204_2	34	Pulse	5	834629	7570	3
1204_2	35	Picture	30	845130	0	1	4145	2	0	4000	other	0
1204_2	35	Pulse	5	854628	9498	4
1204_2	36	Pulse	5	874619	11418	1
1204_2	37	Picture	10	888235	0	1	4145	2	0	4000	other	0
1204_2	37	Pulse	5	894618	6383	2
1204_2	38	Picture	10	906306	0	1	4144	2	0	4000	other	0
1204_2	38	Pulse	5	914619	8313	1
1204_2	39	Picture	11	924376	0	2	4145	3	0	4000	hit	79
1204_2	39	Response	1	928048	3672	1
1204_2	39	Pulse	5	934608	10232	1
1204_2	40	Picture	10	942447	0	2	4145	3	0	4000	other	0
1204_2	40	Pulse	5	954607	12160	2
1204_2	41	Picture	11	960518	0	1	4145	2	0	4000	hit	84
1204_2	41	Response	1	964207	3689	2
1204_2	41	Pulse	5	974607	14089	2
1204_2	42	Picture	10	978589	0	1	4145	2	0	4000	other	0
1204_2	42	Pulse	5	994596	16007	2
1204_2	43	Picture	10	996660	0	1	4144	3	0	4000	other	0
1204_2	43	Pulse	5	1014596	17936	2
1204_2	44	Picture	10	1014731	0	1	4144	2	0	4000	other	0
1204_2	45	Picture	11	1032801	0	2	4145	3	0	4000	hit	93
1204_2	45	Pulse	5	1034596	1795	1
1204_2	45	Response	1	1038436	5635	1
1204_2	46	Picture	10	1050872	0	2	4145	3	0	4000	other	0
1204_2	46	Pulse	5	1054585	3713	2
1204_2	47	Picture	10	1068943	0	1	4145	2	0	4000	other	0
1204_2	47	Pulse	5	1074585	5642	2
1204_2	48	Picture	11	1087014	0	1	4144	3	0	4000	hit	99
1204_2	48	Response	1	1092345	5331	3
1204_2	48	Pulse	5	1094584	7570	2
1204_2	49	Picture	10	1105085	0	1	4144	3	0	4000	other	0
1204_2	49	Pulse	5	1114575	9490	1
1204_2	50	Picture	10	1123155	0	2	4145	3	0	4000	other	0
1204_2	50	Pulse	5	1134574	11419	2
1204_2	51	Picture	10	1141226	0	1	4145	2	0	4000	other	0
1204_2	51	Pulse	5	1154733	13507	2
1204_2	52	Picture	10	1159297	0	1	4145	2	0	4000	other	0
1204_2	52	Pulse	5	1174723	15426	2
1204_2	53	Pulse	5	1194723	17355	1
1204_2	54	Picture	20	1202402	0	1	4145	2	0	4000	other	0
1204_2	54	Pulse	5	1214722	12320	2
1204_2	55	Picture	20	1220473	0	1	4144	3	0	4000	other	0
1204_2	55	Pulse	5	1234712	14239	2
1204_2	56	Picture	21	1238543	0	2	4145	3	0	4000	hit	115
1204_2	56	Response	1	1243192	4649	1
1204_2	56	Pulse	5	1254705	16162	16
1204_2	57	Picture	20	1256614	0	1	4145	2	0	4000	other	0
1204_2	58	Picture	20	1274685	0	1	4145	2	0	4000	other	0
1204_2	58	Pulse	5	1274711	26	2
1204_2	59	Picture	20	1292756	0	1	4145	2	0	4000	other	0
1204_2	59	Pulse	5	1294701	1945	2
1204_2	60	Picture	21	1310827	0	1	4144	3	0	4000	hit	124
1204_2	60	Pulse	5	1314700	3873	3
1204_2	60	Response	1	1316460	5633	3
1204_2	61	Picture	20	1328897	0	2	4145	3	0	4000	other	0
1204_2	61	Pulse	5	1334700	5803	2
1204_2	62	Picture	20	1346968	0	2	4145	3	0	4000	other	0
1204_2	62	Pulse	5	1354690	7722	1
1204_2	63	Picture	20	1365039	0	1	4145	2	0	4000	other	0
1204_2	63	Pulse	5	1374689	9650	2
1204_2	64	Picture	20	1383110	0	1	4145	2	0	4000	other	0
1204_2	64	Pulse	5	1394689	11579	2
1204_2	65	Picture	20	1401181	0	1	4145	2	0	4000	false_alarm	134
1204_2	65	Response	1	1407319	6138	1
1204_2	65	Pulse	5	1414679	13498	1
1204_2	66	Picture	21	1419252	0	1	4144	3	0	4000	miss	0
1204_2	66	Pulse	5	1434678	15426	2
1204_2	67	Picture	20	1437299	0	38	4168	39	0	4000	other	0
1204_2	67	Pulse	5	1454678	17379	2
1204_2	68	Picture	20	1455393	0	2	4145	3	0	4000	other	0
1204_2	69	Picture	21	1473464	0	1	4145	2	0	4000	hit	143
1204_2	69	Pulse	5	1474667	1203	3
1204_2	69	Response	1	1478667	5203	2
1204_2	70	Pulse	5	1494667	3132	2
1204_2	70	Pulse	5	1514667	23132	2
1204_2	71	Picture	10	1516569	0	1	4145	2	0	4000	other	0
1204_2	72	Picture	10	1534640	0	1	4139	32	0	4000	other	0
1204_2	72	Pulse	5	1534656	16	2
1204_2	73	Picture	11	1552710	0	2	4145	3	0	4000	hit	151
1204_2	73	Pulse	5	1554656	1946	2
1204_2	73	Response	1	1556256	3546	2
1204_2	74	Picture	10	1570781	0	1	4145	2	0	4000	other	0
1204_2	74	Pulse	5	1574656	3875	1
1204_2	75	Picture	11	1588852	0	1	4145	2	0	4000	hit	155
1204_2	75	Response	1	1592245	3393	2
1204_2	75	Pulse	5	1594646	5794	1
1204_2	76	Picture	10	1606923	0	1	4145	2	0	4000	other	0
1204_2	76	Pulse	5	1614645	7722	2
1204_2	77	Picture	10	1624994	0	1	4144	3	0	4000	other	0
1204_2	77	Pulse	5	1634644	9650	2
1204_2	78	Picture	11	1643065	0	1	4144	2	0	4000	hit	162
1204_2	78	Response	1	1648714	5649	2
1204_2	78	Pulse	5	1654634	11569	2
1204_2	79	Picture	10	1661135	0	2	4145	3	0	4000	other	0
1204_2	79	Pulse	5	1674634	13499	1
1204_2	80	Picture	10	1679206	0	1	4145	2	0	4000	other	0
1204_2	80	Pulse	5	1694633	15427	2
1204_2	81	Picture	10	1697277	0	1	4145	2	0	4000	other	0
1204_2	81	Pulse	5	1714623	17346	2
1204_2	82	Picture	10	1715348	0	1	4144	3	0	4000	other	0
1204_2	83	Picture	10	1733419	0	1	4144	3	0	4000	other	0
1204_2	83	Pulse	5	1734622	1203	2
1204_2	84	Picture	11	1751489	0	2	4145	3	0	4000	hit	175
1204_2	84	Pulse	5	1754622	3133	2
1204_2	84	Response	1	1756703	5214	1
1204_2	85	Picture	10	1769560	0	2	4145	3	0	4000	other	0
1204_2	85	Pulse	5	1774612	5052	2
1204_2	86	Picture	10	1787631	0	1	4145	2	0	4000	other	0
1204_2	86	Pulse	5	1794611	6980	3
1204_2	87	Pulse	5	1814611	8909	2
1204_2	88	Picture	30	1830736	0	1	4145	2	0	4000	other	0
1204_2	88	Pulse	5	1834601	3865	1
1204_2	89	Picture	30	1848807	0	1	4144	3	0	4000	other	0
1204_2	89	Pulse	5	1854600	5793	2
1204_2	90	Picture	30	1866877	0	2	4145	3	0	4000	other	0
1204_2	90	Pulse	5	1874600	7723	2
1204_2	91	Picture	31	1884948	0	2	4145	3	0	4000	hit	188
1204_2	91	Response	1	1889470	4522	1
1204_2	91	Pulse	5	1894590	9642	1
1204_2	92	Picture	31	1903019	0	1	4145	2	0	4000	hit	191
1204_2	92	Response	1	1908029	5010	2
1204_2	92	Pulse	5	1914590	11571	1
1204_2	93	Picture	30	1921090	0	1	4145	2	0	4000	other	0
1204_2	93	Pulse	5	1934589	13499	3
1204_2	94	Picture	30	1939161	0	1	4145	2	0	4000	other	0
1204_2	94	Pulse	5	1954578	15417	2
1204_2	95	Picture	30	1957232	0	1	4144	2	0	4000	other	0
1204_2	95	Pulse	5	1974578	17346	2
1204_2	96	Picture	31	1975302	0	2	4145	3	0	4000	hit	200
1204_2	96	Response	1	1979858	4556	2
1204_2	97	Picture	30	1993373	0	1	4145	2	0	4000	other	0
1204_2	97	Pulse	5	1994578	1205	1
1204_2	98	Picture	30	2011444	0	1	4145	2	0	4000	other	0
1204_2	98	Pulse	5	2014567	3123	2
1204_2	99	Picture	30	2029515	0	1	4145	2	0	4000	other	0
1204_2	99	Pulse	5	2034567	5052	2
1204_2	100	Picture	30	2047586	0	1	4144	3	0	4000	other	0
1204_2	100	Pulse	5	2054566	6980	2
1204_2	101	Picture	31	2065656	0	2	4145	3	0	4000	hit	210
1204_2	101	Response	1	2072636	6980	2
1204_2	101	Pulse	5	2074556	8900	2
1204_2	102	Picture	30	2083727	0	2	4145	3	0	4000	other	0
1204_2	102	Pulse	5	2094556	10829	1
1204_2	103	Picture	30	2101798	0	1	4145	2	0	4000	other	0
1204_2	103	Pulse	5	2114555	12757	2
1204_2	104	Pulse	5	2134545	14676	2
1204_2	105	Picture	10	2144903	0	1	4145	2	0	4000	other	0
1204_2	105	Pulse	5	2154545	9642	1
1204_2	106	Picture	10	2162974	0	1	4144	3	0	4000	other	0
1204_2	106	Pulse	5	2174545	11571	1
1204_2	107	Picture	11	2181044	0	2	4145	3	0	4000	hit	222
1204_2	107	Response	1	2184454	3410	2
1204_2	107	Pulse	5	2194694	13650	2
1204_2	108	Picture	10	2199115	0	1	4145	2	0	4000	other	0
1204_2	108	Pulse	5	2214694	15579	1
1204_2	109	Picture	11	2217186	0	1	4145	2	0	4000	hit	227
1204_2	109	Response	1	2221253	4067	2
1204_2	109	Pulse	5	2234694	17508	1
1204_2	110	Picture	10	2235257	0	1	4145	2	0	4000	other	0
1204_2	111	Picture	10	2253328	0	1	4144	3	0	4000	other	0
1204_2	111	Pulse	5	2254683	1355	3
1204_2	112	Picture	11	2271399	0	1	4144	2	0	4000	hit	234
1204_2	112	Pulse	5	2274682	3283	3
1204_2	112	Response	1	2276762	5363	3
1204_2	113	Picture	10	2289469	0	2	4145	3	0	4000	other	0
1204_2	113	Pulse	5	2294682	5213	2
1204_2	114	Picture	10	2307540	0	2	4145	3	0	4000	other	0
1204_2	114	Pulse	5	2314672	7132	1
1204_2	115	Picture	10	2325611	0	1	4145	2	0	4000	other	0
1204_2	115	Pulse	5	2334671	9060	2
1204_2	116	Picture	10	2343682	0	1	4144	3	0	4000	other	0
1204_2	116	Pulse	5	2354671	10989	2
1204_2	117	Picture	10	2361753	0	1	4144	3	0	4000	other	0
1204_2	117	Pulse	5	2374661	12908	1
1204_2	118	Picture	11	2379824	0	1	4144	2	0	4000	hit	246
1204_2	118	Response	1	2384580	4756	2
1204_2	118	Pulse	5	2394660	14836	2
1204_2	119	Picture	10	2397894	0	2	4145	3	0	4000	other	0
1204_2	119	Pulse	5	2414660	16766	1
1204_2	120	Picture	10	2415965	0	1	4145	2	0	4000	other	0
1204_2	121	Pulse	5	2434649	613	2
1204_2	121	Pulse	5	2454649	20613	2
1204_2	122	Picture	20	2459070	0	1	4145	2	0	4000	other	0
1204_2	122	Pulse	5	2474649	15579	1
1204_2	123	Picture	20	2477141	0	1	4144	3	0	4000	other	0
1204_2	123	Pulse	5	2494638	17497	2
1204_2	124	Picture	20	2495212	0	1	4144	2	0	4000	other	0
1204_2	125	Picture	21	2513282	0	2	4145	3	0	4000	hit	260
1204_2	125	Pulse	5	2514638	1356	2
1204_2	125	Response	1	2517838	4556	2
1204_2	126	Picture	20	2531353	0	1	4145	2	0	4000	other	0
1204_2	126	Pulse	5	2534637	3284	2
1204_2	127	Picture	20	2549424	0	1	4145	2	0	4000	other	0
1204_2	127	Pulse	5	2554627	5203	2
1204_2	128	Picture	21	2567495	0	1	4144	3	0	4000	hit	266
1204_2	128	Response	1	2573507	6012	2
1204_2	128	Pulse	5	2574627	7132	1
1204_2	129	Picture	20	2585566	0	1	4144	2	0	4000	other	0
1204_2	129	Pulse	5	2594626	9060	2
1204_2	130	Picture	20	2603636	0	2	4145	3	0	4000	other	0
1204_2	130	Pulse	5	2614616	10980	2
1204_2	131	Picture	20	2621707	0	1	4145	2	0	4000	other	0
1204_2	131	Pulse	5	2634616	12909	1
1204_2	132	Picture	21	2639778	0	1	4145	2	0	4000	miss	0
1204_2	132	Pulse	5	2654615	14837	2
1204_2	133	Picture	20	2657849	0	1	4144	3	0	4000	other	0
1204_2	133	Pulse	5	2674605	16756	2
1204_2	134	Picture	20	2675920	0	1	4144	3	0	4000	other	0
1204_2	135	Picture	21	2693990	0	2	4145	3	0	4000	hit	281
1204_2	135	Pulse	5	2694604	614	2
1204_2	135	Response	1	2699564	5574	2
1204_2	136	Picture	20	2712061	0	2	4145	3	0	4000	other	0
1204_2	136	Pulse	5	2714594	2533	2
1204_2	137	Picture	20	2730132	0	1	4145	2	0	4000	other	0
1204_2	137	Pulse	5	2734594	4462	2
