Scenario - 1-back
Logfile written - 02/20/2015 13:05:49

Subject	Trial	Event Type	Code	Time	TTime	Uncertainty	Duration	Uncertainty	ReqTime	ReqDur	Stim Type	Pair Index

1204	1	Pulse	5	413340	423174	2
1204	2	Pulse	5	433330	19745	1
1204	3	Picture	10	438619	0	1	4145	2	0	4000	other	0
1204	3	Pulse	5	453330	14711	1
1204	4	Picture	10	456690	0	1	4145	2	0	4000	other	0
1204	4	Pulse	5	473329	16639	2
1204	5	Picture	11	474761	0	1	4145	2	0	4000	miss	0
1204	6	Picture	10	492832	0	1	4144	3	0	4000	other	0
1204	6	Pulse	5	493318	486	3
1204	7	Picture	11	510902	0	2	4145	3	0	4000	miss	0
1204	7	Pulse	5	513318	2416	2
1204	8	Picture	10	528973	0	1	4145	2	0	4000	other	0
1204	8	Pulse	5	533318	4345	2
1204	9	Picture	10	547044	0	1	4145	2	0	4000	other	0
1204	9	Pulse	5	553307	6263	2
1204	10	Picture	10	565115	0	1	4145	2	0	4000	other	0
1204	10	Pulse	5	573307	8192	2
1204	11	Picture	11	583186	0	1	4144	2	0	4000	miss	0
1204	11	Pulse	5	593307	10121	1
1204	12	Picture	10	601257	0	1	4144	2	0	4000	other	0
1204	12	Pulse	5	613296	12039	2
1204	13	Picture	10	619327	0	2	4145	3	0	4000	other	0
1204	13	Pulse	5	633296	13969	2
1204	14	Picture	11	637398	0	1	4145	2	0	4000	miss	0
1204	14	Pulse	5	653295	15897	2
1204	15	Picture	10	655469	0	1	4145	2	0	4000	other	0
1204	15	Pulse	5	673286	17817	1
1204	16	Picture	10	673540	0	1	4144	3	0	4000	other	0
1204	17	Picture	10	691611	0	1	4144	2	0	4000	other	0
1204	17	Pulse	5	693285	1674	1
1204	18	Picture	10	709681	0	1	4145	2	0	4000	other	0
1204	18	Pulse	5	713284	3603	2
1204	19	Pulse	5	733274	5522	2
1204	20	Picture	20	752786	0	1	4145	2	0	4000	other	0
1204	20	Pulse	5	753274	488	1
1204	21	Picture	20	770857	0	1	4144	3	0	4000	other	0
1204	21	Pulse	5	773273	2416	2
1204	22	Picture	21	788927	0	2	4145	3	0	4000	miss	0
1204	22	Pulse	5	793263	4336	2
1204	23	Picture	20	806998	0	2	4145	3	0	4000	other	0
1204	23	Pulse	5	813263	6265	1
1204	24	Picture	20	825069	0	1	4145	2	0	4000	other	0
1204	24	Pulse	5	833262	8193	2
1204	25	Picture	20	843140	0	1	4145	2	0	4000	other	0
1204	25	Pulse	5	853252	10112	1
1204	26	Picture	21	861211	0	1	4144	3	0	4000	miss	0
1204	26	Pulse	5	873411	12200	2
1204	27	Picture	20	879282	0	1	4144	2	0	4000	other	0
1204	27	Pulse	5	893411	14129	2
1204	28	Picture	20	897352	0	2	4145	3	0	4000	other	0
1204	28	Pulse	5	913401	16049	1
1204	29	Picture	20	915423	0	1	4145	2	0	4000	other	0
1204	29	Pulse	5	933400	17977	2
1204	30	Picture	20	933494	0	1	4145	2	0	4000	other	0
1204	31	Picture	20	951565	0	1	4144	3	0	4000	other	0
1204	31	Pulse	5	953400	1835	2
1204	32	Picture	21	969635	0	2	4145	3	0	4000	miss	0
1204	32	Pulse	5	973389	3754	3
1204	33	Picture	20	987706	0	2	4145	3	0	4000	other	0
1204	33	Pulse	5	993389	5683	2
1204	34	Picture	20	1005777	0	1	4145	2	0	4000	other	0
1204	34	Pulse	5	1013389	7612	2
1204	35	Picture	21	1023848	0	1	4145	2	0	4000	miss	0
1204	35	Pulse	5	1033378	9530	2
1204	36	Pulse	5	1053378	11459	2
1204	37	Picture	10	1066953	0	1	4144	3	0	4000	other	0
1204	37	Pulse	5	1073378	6425	1
1204	38	Picture	10	1085023	0	2	4145	3	0	4000	other	0
1204	38	Pulse	5	1093367	8344	2
1204	39	Picture	11	1103094	0	1	4145	2	0	4000	miss	0
1204	39	Pulse	5	1113367	10273	2
1204	40	Picture	10	1121165	0	1	4145	2	0	4000	other	0
1204	40	Pulse	5	1133367	12202	1
1204	41	Picture	11	1139236	0	1	4144	3	0	4000	miss	0
1204	42	Picture	10	1157306	0	2	4145	4	0	4000	other	0
1204	43	Picture	10	1175377	0	2	4145	3	0	4000	other	0
1204	43	Quit		1189487	14110
