Scenario - 1-back
Logfile written - 02/20/2015 13:18:47

Subject	Trial	Event Type	Code	Time	TTime	Uncertainty	Duration	Uncertainty	ReqTime	ReqDur	Stim Type	Pair Index

1204_2	1	Pulse	5	277415	287249	2
1204_2	2	Pulse	5	297414	19959	2
1204_2	3	Picture	10	302508	0	1	4145	2	0	4000	other	0
1204_2	3	Pulse	5	317404	14896	2
1204_2	4	Picture	10	320579	0	1	4145	2	0	4000	other	0
1204_2	4	Pulse	5	337403	16824	2
1204_2	5	Picture	11	338650	0	1	4144	3	0	4000	hit	8
1204_2	5	Response	1	342843	4193	2
1204_2	6	Picture	10	356721	0	1	4144	2	0	4000	other	0
1204_2	6	Pulse	5	357404	683	1
1204_2	7	Picture	11	374791	0	2	4145	3	0	4000	hit	13
1204_2	7	Pulse	5	377393	2602	1
1204_2	7	Response	1	379473	4682	2
1204_2	8	Picture	10	392862	0	1	4145	2	0	4000	other	0
1204_2	8	Pulse	5	397392	4530	2
1204_2	9	Picture	10	410933	0	1	4145	2	0	4000	other	0
1204_2	9	Pulse	5	417392	6459	2
1204_2	10	Picture	10	429004	0	1	4145	2	0	4000	other	0
1204_2	10	Pulse	5	437381	8377	3
1204_2	11	Picture	11	447075	0	1	4144	3	0	4000	hit	21
1204_2	11	Response	1	451141	4066	3
1204_2	11	Pulse	5	457381	10306	3
1204_2	12	Picture	10	465145	0	2	4145	3	0	4000	other	0
1204_2	12	Pulse	5	477381	12236	2
1204_2	13	Picture	10	483216	0	2	4145	3	0	4000	other	0
1204_2	13	Pulse	5	497370	14154	2
1204_2	14	Picture	11	501287	0	1	4145	2	0	4000	hit	28
1204_2	14	Response	1	505690	4403	2
1204_2	14	Pulse	5	517370	16083	2
1204_2	15	Picture	10	519358	0	1	4145	2	0	4000	other	0
1204_2	15	Pulse	5	537368	18010	4
1204_2	16	Picture	10	537429	0	1	4144	3	0	4000	other	0
1204_2	17	Picture	10	555500	0	1	4144	2	0	4000	other	0
1204_2	17	Pulse	5	557359	1859	2
1204_2	18	Picture	10	573570	0	2	4145	3	0	4000	other	0
1204_2	18	Pulse	5	577359	3789	2
1204_2	19	Pulse	5	597359	5718	1
1204_2	20	Picture	30	616675	0	1	4145	2	0	4000	other	0
1204_2	20	Pulse	5	617348	673	2
1204_2	21	Picture	30	634746	0	1	4145	2	0	4000	other	0
1204_2	21	Pulse	5	637348	2602	2
1204_2	22	Picture	31	652817	0	1	4144	3	0	4000	hit	43
1204_2	22	Response	1	656067	3250	2
1204_2	22	Pulse	5	657347	4530	2
1204_2	23	Picture	30	670888	0	1	4144	2	0	4000	other	0
1204_2	23	Pulse	5	677337	6449	2
1204_2	24	Picture	30	688958	0	2	4145	3	0	4000	other	0
1204_2	24	Pulse	5	697337	8379	2
1204_2	25	Picture	30	707029	0	1	4145	2	0	4000	other	0
1204_2	25	Pulse	5	717336	10307	3
1204_2	26	Picture	31	725100	0	1	4145	2	0	4000	hit	52
1204_2	26	Response	1	731086	5986	2
1204_2	26	Pulse	5	737326	12226	2
1204_2	27	Picture	31	743170	0	2	4145	4	0	4000	hit	55
1204_2	27	Response	1	753006	9836	1
1204_2	27	Pulse	5	757325	14155	2
1204_2	28	Picture	30	761242	0	1	4144	3	0	4000	other	0
1204_2	28	Pulse	5	777325	16083	2
1204_2	29	Picture	30	779312	0	2	4145	3	0	4000	other	0
1204_2	29	Pulse	5	797312	18000	12
1204_2	30	Picture	30	797383	0	1	4145	2	0	4000	other	0
1204_2	31	Picture	31	815620	0	1	4145	2	0	4000	hit	64
1204_2	31	Pulse	5	817474	1854	2
1204_2	31	Response	1	820995	5375	1
1204_2	32	Picture	30	833691	0	1	4144	3	0	4000	false_alarm	67
1204_2	32	Pulse	5	837474	3783	2
1204_2	32	Response	1	845304	11613	2
1204_2	33	Picture	30	851762	0	1	4144	2	0	4000	other	0
1204_2	33	Pulse	5	857464	5702	1
1204_2	34	Picture	30	869832	0	2	4145	3	0	4000	other	0
1204_2	34	Pulse	5	877463	7631	2
1204_2	35	Picture	30	887903	0	1	4145	2	0	4000	other	0
1204_2	35	Pulse	5	897463	9560	2
1204_2	36	Pulse	5	917452	11478	3
1204_2	37	Picture	10	931008	0	1	4145	2	0	4000	other	0
1204_2	37	Pulse	5	937452	6444	2
1204_2	38	Picture	10	949079	0	1	4144	3	0	4000	other	0
1204_2	38	Pulse	5	957452	8373	3
1204_2	39	Picture	11	967149	0	2	4145	3	0	4000	hit	80
1204_2	39	Response	1	970722	3573	1
1204_2	39	Pulse	5	977441	10292	2
1204_2	40	Picture	10	985220	0	2	4145	3	0	4000	other	0
1204_2	40	Pulse	5	997442	12222	1
1204_2	41	Picture	11	1003291	0	2	4145	3	0	4000	hit	85
1204_2	41	Response	1	1008161	4870	2
1204_2	41	Pulse	5	1017441	14150	1
1204_2	42	Picture	10	1021362	0	1	4145	2	0	4000	other	0
1204_2	42	Pulse	5	1037430	16068	2
1204_2	43	Picture	10	1039433	0	1	4144	3	0	4000	other	0
1204_2	43	Pulse	5	1057431	17998	1
1204_2	44	Picture	10	1057504	0	1	4144	2	0	4000	other	0
1204_2	45	Picture	11	1075574	0	2	4145	3	0	4000	hit	94
1204_2	45	Pulse	5	1077430	1856	1
1204_2	45	Response	1	1080469	4895	2
1204_2	46	Picture	10	1093645	0	1	4145	2	0	4000	other	0
1204_2	46	Pulse	5	1097419	3774	2
1204_2	47	Picture	10	1111716	0	1	4145	2	0	4000	other	0
1204_2	47	Pulse	5	1117419	5703	2
1204_2	48	Picture	11	1129787	0	1	4145	2	0	4000	hit	100
1204_2	48	Response	1	1134378	4591	2
1204_2	48	Pulse	5	1137418	7631	2
1204_2	49	Picture	10	1147858	0	1	4144	3	0	4000	other	0
1204_2	49	Pulse	5	1157408	9550	2
1204_2	50	Picture	10	1165928	0	2	4145	3	0	4000	other	0
1204_2	50	Pulse	5	1177408	11480	1
1204_2	51	Picture	10	1183999	0	1	4145	2	0	4000	other	0
1204_2	51	Pulse	5	1197408	13409	1
1204_2	52	Picture	10	1202070	0	1	4145	2	0	4000	other	0
1204_2	52	Pulse	5	1217397	15327	2
1204_2	53	Pulse	5	1237396	17255	2
1204_2	54	Picture	20	1245175	0	1	4144	3	0	4000	other	0
1204_2	54	Pulse	5	1257396	12221	2
1204_2	55	Picture	20	1263246	0	1	4144	2	0	4000	other	0
1204_2	55	Pulse	5	1277386	14140	1
1204_2	56	Picture	21	1281316	0	2	4145	3	0	4000	hit	116
1204_2	56	Response	1	1285066	3750	1
1204_2	56	Pulse	5	1297385	16069	2
1204_2	57	Picture	20	1299387	0	1	4145	2	0	4000	other	0
1204_2	57	Pulse	5	1317385	17998	2
1204_2	58	Picture	20	1317458	0	1	4145	2	0	4000	other	0
1204_2	59	Picture	20	1335529	0	1	4145	2	0	4000	other	0
1204_2	59	Pulse	5	1337375	1846	1
1204_2	60	Picture	21	1353600	0	1	4144	3	0	4000	hit	125
1204_2	60	Pulse	5	1357374	3774	2
1204_2	60	Response	1	1358174	4574	2
1204_2	61	Picture	20	1371670	0	2	4145	3	0	4000	other	0
1204_2	61	Pulse	5	1377374	5704	2
1204_2	62	Picture	20	1389741	0	1	4145	2	0	4000	other	0
1204_2	62	Pulse	5	1397363	7622	3
1204_2	63	Picture	20	1407812	0	1	4145	2	0	4000	other	0
1204_2	63	Pulse	5	1417363	9551	3
1204_2	64	Picture	20	1425883	0	1	4145	2	0	4000	other	0
1204_2	64	Pulse	5	1437362	11479	3
1204_2	65	Picture	20	1443954	0	1	4144	3	0	4000	other	0
1204_2	65	Pulse	5	1457352	13398	2
1204_2	66	Picture	21	1462025	0	1	4144	3	0	4000	hit	137
1204_2	66	Response	1	1468712	6687	2
1204_2	66	Pulse	5	1477352	15327	2
1204_2	67	Picture	20	1480095	0	2	4145	3	0	4000	other	0
1204_2	67	Pulse	5	1497352	17257	1
1204_2	68	Picture	20	1498166	0	1	4145	2	0	4000	other	0
1204_2	69	Picture	21	1516237	0	1	4144	3	0	4000	hit	144
1204_2	69	Pulse	5	1517342	1105	1
1204_2	69	Response	1	1521662	5425	1
1204_2	70	Pulse	5	1537342	3034	1
1204_2	70	Pulse	5	1557341	23033	1
1204_2	71	Picture	10	1559342	0	1	4144	3	0	4000	other	0
1204_2	71	Pulse	5	1577330	17988	2
1204_2	72	Picture	10	1577413	0	1	4144	2	0	4000	other	0
1204_2	73	Picture	11	1595483	0	2	4145	3	0	4000	hit	152
1204_2	73	Pulse	5	1597330	1847	2
1204_2	73	Response	1	1598930	3447	2
1204_2	74	Picture	10	1613554	0	1	4145	2	0	4000	other	0
1204_2	74	Pulse	5	1617329	3775	2
1204_2	75	Picture	11	1631625	0	1	4145	2	0	4000	hit	156
1204_2	75	Response	1	1635879	4254	2
1204_2	75	Pulse	5	1637319	5694	2
1204_2	76	Picture	10	1649696	0	1	4145	2	0	4000	other	0
1204_2	76	Pulse	5	1657319	7623	1
1204_2	77	Picture	10	1667767	0	1	4144	3	0	4000	other	0
1204_2	77	Pulse	5	1677318	9551	2
1204_2	78	Picture	11	1685837	0	2	4145	3	0	4000	hit	163
1204_2	78	Response	1	1690268	4431	2
1204_2	78	Pulse	5	1697308	11471	2
1204_2	79	Picture	10	1703908	0	1	4145	2	0	4000	other	0
1204_2	79	Pulse	5	1717307	13399	2
1204_2	80	Picture	10	1721979	0	1	4145	2	0	4000	other	0
1204_2	80	Pulse	5	1737307	15328	2
1204_2	81	Picture	10	1740050	0	1	4145	2	0	4000	false_alarm	170
1204_2	81	Response	1	1744017	3967	2
1204_2	81	Pulse	5	1757297	17247	3
1204_2	82	Picture	10	1758121	0	1	4144	3	0	4000	other	0
1204_2	83	Picture	10	1776192	0	1	4144	3	0	4000	other	0
1204_2	83	Pulse	5	1777296	1104	3
1204_2	84	Picture	11	1794262	0	2	4145	3	0	4000	hit	177
1204_2	84	Pulse	5	1797296	3034	3
1204_2	84	Response	1	1799686	5424	2
1204_2	85	Picture	10	1812333	0	1	4145	2	0	4000	other	0
1204_2	85	Pulse	5	1817286	4953	1
1204_2	86	Picture	10	1830404	0	1	4145	2	0	4000	other	0
1204_2	86	Pulse	5	1837286	6882	1
1204_2	87	Pulse	5	1857445	8970	2
1204_2	88	Picture	30	1873509	0	1	4144	3	0	4000	other	0
1204_2	88	Pulse	5	1877436	3927	1
1204_2	89	Picture	30	1891580	0	1	4144	2	0	4000	other	0
1204_2	89	Pulse	5	1897434	5854	3
1204_2	90	Picture	30	1909650	0	2	4145	3	0	4000	other	0
1204_2	90	Pulse	5	1917424	7774	2
1204_2	91	Picture	31	1927721	0	1	4145	2	0	4000	hit	190
1204_2	91	Response	1	1935983	8262	2
1204_2	91	Pulse	5	1937423	9702	2
1204_2	92	Picture	31	1945792	0	1	4145	2	0	4000	hit	193
1204_2	92	Response	1	1953743	7951	3
1204_2	92	Pulse	5	1957423	11631	2
1204_2	93	Picture	30	1963863	0	1	4144	3	0	4000	other	0
1204_2	93	Pulse	5	1977413	13550	1
1204_2	94	Picture	30	1981934	0	1	4144	3	0	4000	other	0
1204_2	94	Pulse	5	1997412	15478	2
1204_2	95	Picture	30	2000004	0	2	4145	3	0	4000	other	0
1204_2	95	Pulse	5	2017412	17408	3
1204_2	96	Picture	31	2018075	0	1	4145	2	0	4000	hit	202
1204_2	96	Response	1	2023652	5577	1
1204_2	97	Picture	30	2036146	0	1	4145	2	0	4000	other	0
1204_2	97	Pulse	5	2037401	1255	2
1204_2	98	Picture	30	2054217	0	1	4144	3	0	4000	other	0
1204_2	98	Pulse	5	2057401	3184	2
1204_2	99	Picture	30	2072288	0	1	4144	3	0	4000	other	0
1204_2	99	Pulse	5	2077401	5113	2
1204_2	100	Picture	30	2090359	0	1	4144	2	0	4000	other	0
1204_2	100	Pulse	5	2097390	7031	3
1204_2	101	Picture	31	2108429	0	2	4145	3	0	4000	hit	212
1204_2	101	Response	1	2114030	5601	3
1204_2	101	Pulse	5	2117390	8961	2
1204_2	102	Picture	30	2126500	0	1	4145	2	0	4000	other	0
1204_2	102	Pulse	5	2137390	10890	2
1204_2	103	Picture	30	2144571	0	1	4145	2	0	4000	false_alarm	217
1204_2	103	Response	1	2150989	6418	2
1204_2	103	Pulse	5	2157379	12808	2
1204_2	104	Pulse	5	2177379	14737	2
1204_2	105	Picture	10	2187676	0	1	4144	3	0	4000	other	0
1204_2	105	Pulse	5	2197378	9702	2
1204_2	106	Picture	10	2205746	0	2	4145	3	0	4000	other	0
1204_2	106	Pulse	5	2217368	11622	2
1204_2	107	Picture	11	2223817	0	2	4145	3	0	4000	hit	225
1204_2	107	Response	1	2227608	3791	2
1204_2	107	Pulse	5	2237369	13552	1
1204_2	108	Picture	10	2241888	0	1	4145	2	0	4000	other	0
1204_2	108	Pulse	5	2257368	15480	1
1204_2	109	Picture	11	2259959	0	1	4145	2	0	4000	hit	230
1204_2	109	Response	1	2266327	6368	2
1204_2	109	Pulse	5	2277357	17398	2
1204_2	110	Picture	10	2278030	0	1	4144	3	0	4000	other	0
1204_2	111	Picture	10	2296101	0	1	4144	3	0	4000	other	0
1204_2	111	Pulse	5	2297357	1256	1
1204_2	112	Picture	11	2314171	0	2	4145	4	0	4000	hit	237
1204_2	112	Pulse	5	2317353	3182	24
1204_2	112	Response	1	2318956	4785	3
1204_2	113	Picture	10	2332242	0	1	4144	3	0	4000	other	0
1204_2	113	Pulse	5	2337346	5104	2
1204_2	114	Picture	10	2350313	0	1	4145	2	0	4000	other	0
1204_2	114	Pulse	5	2357345	7032	3
1204_2	115	Picture	10	2368384	0	1	4145	2	0	4000	other	0
1204_2	115	Pulse	5	2377345	8961	2
1204_2	116	Picture	10	2386455	0	1	4144	3	0	4000	other	0
1204_2	116	Pulse	5	2397335	10880	1
1204_2	117	Picture	10	2404525	0	2	4144	5	0	4000	other	0
1204_2	117	Pulse	5	2417334	12809	2
1204_2	118	Picture	11	2422596	0	1	4145	2	0	4000	hit	249
1204_2	118	Response	1	2426774	4178	2
1204_2	118	Pulse	5	2437334	14738	2
1204_2	119	Picture	10	2440667	0	1	4145	2	0	4000	other	0
1204_2	119	Pulse	5	2457324	16657	1
1204_2	120	Picture	10	2458738	0	1	4145	2	0	4000	other	0
1204_2	121	Pulse	5	2477323	514	2
1204_2	121	Pulse	5	2497323	20514	2
1204_2	122	Picture	20	2501843	0	1	4144	3	0	4000	other	0
1204_2	122	Pulse	5	2517312	15469	3
1204_2	123	Picture	20	2519914	0	1	4144	2	0	4000	other	0
1204_2	123	Pulse	5	2537312	17398	3
1204_2	124	Picture	20	2537984	0	2	4145	3	0	4000	other	0
1204_2	125	Picture	21	2556055	0	1	4145	2	0	4000	hit	263
1204_2	125	Pulse	5	2557312	1257	2
1204_2	125	Response	1	2562112	6057	1
1204_2	126	Picture	20	2574126	0	1	4145	2	0	4000	other	0
1204_2	126	Pulse	5	2577301	3175	2
1204_2	127	Picture	20	2592197	0	1	4144	3	0	4000	other	0
1204_2	127	Pulse	5	2597301	5104	2
1204_2	128	Picture	21	2610268	0	1	4144	2	0	4000	hit	269
1204_2	128	Response	1	2616981	6713	1
1204_2	128	Pulse	5	2617301	7033	1
1204_2	129	Picture	20	2628338	0	2	4145	3	0	4000	other	0
1204_2	129	Pulse	5	2637290	8952	2
1204_2	130	Picture	20	2646409	0	1	4145	2	0	4000	other	0
1204_2	130	Pulse	5	2657290	10881	2
1204_2	131	Picture	20	2664480	0	1	4145	2	0	4000	other	0
1204_2	131	Pulse	5	2677289	12809	2
1204_2	132	Picture	21	2682551	0	1	4145	2	0	4000	hit	278
1204_2	132	Response	1	2689929	7378	2
1204_2	132	Pulse	5	2697279	14728	2
1204_2	133	Picture	20	2700622	0	1	4144	3	0	4000	other	0
1204_2	133	Pulse	5	2717279	16657	1
1204_2	134	Picture	20	2718693	0	1	4144	2	0	4000	other	0
1204_2	135	Picture	21	2736763	0	1	4145	2	0	4000	hit	285
1204_2	135	Pulse	5	2737278	515	2
1204_2	135	Response	1	2741598	4835	2
1204_2	136	Picture	20	2754834	0	1	4145	2	0	4000	other	0
1204_2	136	Pulse	5	2757268	2434	2
1204_2	137	Picture	20	2772905	0	1	4145	2	0	4000	other	0
1204_2	137	Pulse	5	2777268	4363	1
