Scenario - 1-back
Logfile written - 02/20/2015 13:14:05

Subject	Trial	Event Type	Code	Time	TTime	Uncertainty	Duration	Uncertainty	ReqTime	ReqDur	Stim Type	Pair Index

1204_2	1	Pulse	5	278617	288451	2
1204_2	2	Pulse	5	298617	19817	2
1204_2	3	Picture	10	303834	0	2	4145	3	0	4000	other	0
1204_2	3	Pulse	5	318776	14942	2
1204_2	4	Picture	10	321905	0	1	4145	2	0	4000	other	0
1204_2	4	Pulse	5	338766	16861	2
1204_2	5	Picture	11	339976	0	1	4145	2	0	4000	hit	8
1204_2	5	Response	1	343726	3750	2
1204_2	6	Picture	10	358047	0	1	4144	3	0	4000	other	0
1204_2	6	Pulse	5	358766	719	2
1204_2	7	Picture	11	376118	0	1	4144	2	0	4000	hit	13
1204_2	7	Pulse	5	378765	2647	2
1204_2	7	Response	1	380205	4087	2
1204_2	8	Picture	10	394188	0	1	4145	2	0	4000	other	0
1204_2	8	Pulse	5	398755	4567	2
1204_2	9	Picture	10	412259	0	1	4145	2	0	4000	other	0
1204_2	9	Pulse	5	418755	6496	1
1204_2	10	Picture	10	430330	0	1	4145	2	0	4000	other	0
1204_2	10	Pulse	5	438754	8424	2
1204_2	11	Picture	11	448401	0	1	4144	3	0	4000	hit	21
1204_2	11	Response	1	452344	3943	2
1204_2	11	Pulse	5	458744	10343	2
1204_2	12	Picture	10	466471	0	2	4145	3	0	4000	other	0
1204_2	12	Pulse	5	478743	12272	2
1204_2	13	Picture	10	484542	0	2	4145	3	0	4000	other	0
1204_2	13	Pulse	5	498743	14201	2
1204_2	14	Picture	11	502613	0	1	4145	2	0	4000	hit	28
1204_2	14	Response	1	506253	3640	2
1204_2	14	Pulse	5	518733	16120	2
1204_2	15	Picture	10	520684	0	1	4145	2	0	4000	other	0
1204_2	15	Pulse	5	538732	18048	3
1204_2	16	Picture	10	538755	0	1	4144	3	0	4000	other	0
1204_2	17	Picture	10	556825	0	2	4145	3	0	4000	other	0
1204_2	17	Pulse	5	558732	1907	2
1204_2	18	Picture	10	574896	0	1	4145	2	0	4000	other	0
1204_2	18	Pulse	5	578722	3826	1
1204_2	19	Pulse	5	598721	5754	2
1204_2	20	Picture	20	618001	0	1	4145	2	0	4000	other	0
1204_2	20	Pulse	5	618721	720	2
1204_2	21	Picture	20	636072	0	1	4144	3	0	4000	other	0
1204_2	21	Pulse	5	638711	2639	1
1204_2	22	Picture	21	654143	0	1	4144	2	0	4000	hit	43
1204_2	22	Response	1	657910	3767	2
1204_2	22	Pulse	5	658710	4567	2
1204_2	23	Picture	20	672213	0	2	4145	3	0	4000	other	0
1204_2	23	Pulse	5	678710	6497	1
1204_2	24	Picture	20	690284	0	1	4145	2	0	4000	other	0
1204_2	24	Pulse	5	698699	8415	2
1204_2	25	Picture	20	708355	0	1	4145	2	0	4000	other	0
1204_2	25	Pulse	5	718699	10344	2
1204_2	26	Picture	21	726426	0	1	4144	3	0	4000	hit	52
1204_2	26	Response	1	730219	3793	2
1204_2	26	Pulse	5	738699	12273	1
1204_2	27	Picture	20	744497	0	1	4144	3	0	4000	other	0
1204_2	27	Pulse	5	758688	14191	2
1204_2	28	Picture	20	762567	0	2	4145	3	0	4000	other	0
1204_2	28	Pulse	5	778688	16121	2
1204_2	29	Picture	20	780638	0	1	4145	2	0	4000	other	0
1204_2	29	Pulse	5	798687	18049	2
1204_2	30	Picture	20	798709	0	1	4145	2	0	4000	other	0
1204_2	31	Picture	20	816780	0	1	4144	3	0	4000	other	0
1204_2	31	Pulse	5	818677	1897	2
1204_2	32	Picture	21	834851	0	1	4144	2	0	4000	hit	65
1204_2	32	Pulse	5	838677	3826	1
1204_2	32	Response	1	839957	5106	1
1204_2	33	Picture	20	852921	0	2	4145	3	0	4000	other	0
1204_2	33	Pulse	5	858676	5755	2
1204_2	34	Picture	20	870992	0	1	4145	2	0	4000	other	0
1204_2	34	Pulse	5	878666	7674	2
1204_2	35	Picture	21	889063	0	1	4145	2	0	4000	hit	71
1204_2	35	Response	1	893386	4323	1
1204_2	35	Pulse	5	898666	9603	1
1204_2	36	Pulse	5	918665	11531	2
1204_2	37	Picture	10	932168	0	1	4144	3	0	4000	other	0
1204_2	37	Pulse	5	938655	6487	2
1204_2	38	Picture	10	950238	0	2	4145	3	0	4000	other	0
1204_2	38	Pulse	5	958654	8416	2
1204_2	39	Picture	11	968309	0	1	4145	2	0	4000	hit	79
1204_2	39	Response	1	972734	4425	2
1204_2	39	Pulse	5	978654	10345	2
1204_2	40	Picture	10	986380	0	1	4137	17	0	4000	other	0
1204_2	40	Pulse	5	998644	12264	2
1204_2	41	Picture	11	1004451	0	1	4145	2	0	4000	hit	84
1204_2	41	Response	1	1009363	4912	3
1204_2	41	Pulse	5	1018643	14192	3
1204_2	42	Picture	10	1022522	0	1	4144	3	0	4000	other	0
1204_2	42	Pulse	5	1038643	16121	2
1204_2	43	Picture	10	1040592	0	2	4145	4	0	4000	other	0
1204_2	43	Pulse	5	1058633	18041	2
1204_2	44	Picture	10	1058663	0	2	4145	3	0	4000	other	0
1204_2	45	Picture	11	1076734	0	1	4145	2	0	4000	hit	93
1204_2	45	Pulse	5	1078632	1898	2
1204_2	45	Response	1	1081512	4778	2
1204_2	46	Picture	10	1094805	0	1	4145	2	0	4000	other	0
1204_2	46	Pulse	5	1098632	3827	2
1204_2	47	Picture	10	1112876	0	1	4144	3	0	4000	other	0
1204_2	47	Pulse	5	1118621	5745	3
1204_2	48	Picture	11	1130947	0	1	4144	2	0	4000	hit	99
1204_2	48	Response	1	1135261	4314	3
1204_2	48	Pulse	5	1138621	7674	2
1204_2	49	Picture	10	1149017	0	2	4145	3	0	4000	other	0
1204_2	49	Pulse	5	1158621	9604	2
1204_2	50	Picture	10	1167088	0	1	4145	2	0	4000	other	0
1204_2	50	Pulse	5	1178611	11523	1
1204_2	51	Picture	10	1185159	0	1	4145	2	0	4000	other	0
1204_2	51	Pulse	5	1198611	13452	1
1204_2	52	Picture	10	1203230	0	1	4144	3	0	4000	other	0
1204_2	52	Pulse	5	1218610	15380	1
1204_2	53	Pulse	5	1238599	17298	2
1204_2	54	Picture	30	1246335	0	1	4144	3	0	4000	other	0
1204_2	54	Pulse	5	1258599	12264	2
1204_2	55	Picture	30	1264405	0	1	4145	2	0	4000	other	0
1204_2	55	Pulse	5	1278598	14193	2
1204_2	56	Picture	31	1282476	0	1	4145	2	0	4000	hit	115
1204_2	56	Response	1	1286428	3952	3
1204_2	56	Pulse	5	1298588	16112	2
1204_2	57	Picture	30	1300547	0	1	4145	2	0	4000	other	0
1204_2	57	Pulse	5	1318588	18041	2
1204_2	58	Picture	30	1318618	0	1	4144	3	0	4000	other	0
1204_2	59	Picture	30	1336688	0	2	4145	3	0	4000	other	0
1204_2	59	Pulse	5	1338587	1899	2
1204_2	60	Picture	31	1354759	0	2	4145	3	0	4000	hit	124
1204_2	60	Pulse	5	1358737	3978	2
1204_2	60	Response	1	1362738	7979	1
1204_2	61	Picture	31	1372830	0	1	4145	2	0	4000	hit	127
1204_2	61	Pulse	5	1378737	5907	1
1204_2	61	Response	1	1379057	6227	1
1204_2	62	Picture	30	1390901	0	1	4145	2	0	4000	other	0
1204_2	62	Pulse	5	1398736	7835	2
1204_2	63	Picture	30	1408972	0	1	4144	3	0	4000	other	0
1204_2	63	Pulse	5	1418726	9754	2
1204_2	64	Picture	30	1427043	0	1	4144	2	0	4000	other	0
1204_2	64	Pulse	5	1438725	11682	2
1204_2	65	Picture	31	1445113	0	2	4145	3	0	4000	hit	135
1204_2	65	Response	1	1451205	6092	2
1204_2	65	Pulse	5	1458725	13612	2
1204_2	66	Picture	30	1463184	0	1	4145	2	0	4000	other	0
1204_2	66	Pulse	5	1478715	15531	2
1204_2	67	Picture	30	1481255	0	1	4145	2	0	4000	other	0
1204_2	67	Pulse	5	1498714	17459	3
1204_2	68	Picture	30	1499326	0	1	4144	3	0	4000	other	0
1204_2	69	Picture	30	1517397	0	1	4144	3	0	4000	other	0
1204_2	69	Pulse	5	1518714	1317	2
1204_2	70	Pulse	5	1538704	3237	1
1204_2	70	Pulse	5	1558703	23236	2
1204_2	71	Picture	10	1560501	0	2	4145	3	0	4000	other	0
1204_2	72	Picture	10	1578572	0	1	4145	2	0	4000	other	0
1204_2	72	Pulse	5	1578703	131	2
1204_2	73	Picture	11	1596643	0	1	4145	2	0	4000	hit	151
1204_2	73	Pulse	5	1598692	2049	2
1204_2	73	Response	1	1599972	3329	2
1204_2	74	Picture	10	1614714	0	1	4144	3	0	4000	other	0
1204_2	74	Pulse	5	1618692	3978	2
1204_2	75	Picture	11	1632784	0	2	4145	3	0	4000	hit	155
1204_2	75	Response	1	1637412	4628	1
1204_2	75	Pulse	5	1638692	5908	1
1204_2	76	Picture	10	1650855	0	1	4145	2	0	4000	other	0
1204_2	76	Pulse	5	1658681	7826	2
1204_2	77	Picture	10	1668926	0	1	4145	2	0	4000	other	0
1204_2	77	Pulse	5	1678681	9755	2
1204_2	78	Picture	11	1686997	0	1	4145	2	0	4000	hit	162
1204_2	78	Response	1	1691961	4964	1
1204_2	78	Pulse	5	1698671	11674	2
1204_2	79	Picture	10	1705068	0	1	4145	2	0	4000	other	0
1204_2	79	Pulse	5	1718670	13602	3
1204_2	80	Picture	10	1723139	0	1	4144	3	0	4000	other	0
1204_2	80	Pulse	5	1738670	15531	2
1204_2	81	Picture	10	1741209	0	2	4145	3	0	4000	other	0
1204_2	81	Pulse	5	1758659	17450	2
1204_2	82	Picture	10	1759280	0	1	4145	2	0	4000	other	0
1204_2	83	Picture	10	1777351	0	1	4145	2	0	4000	other	0
1204_2	83	Pulse	5	1778659	1308	2
1204_2	84	Picture	11	1795422	0	1	4144	3	0	4000	hit	175
1204_2	84	Pulse	5	1798659	3237	1
1204_2	84	Response	1	1799459	4037	2
1204_2	85	Picture	10	1813493	0	1	4144	2	0	4000	other	0
1204_2	85	Pulse	5	1818648	5155	2
1204_2	86	Picture	10	1831563	0	2	4145	3	0	4000	other	0
1204_2	86	Pulse	5	1838648	7085	2
1204_2	87	Pulse	5	1858648	9014	2
1204_2	88	Picture	20	1874668	0	1	4145	2	0	4000	other	0
1204_2	88	Pulse	5	1878637	3969	2
1204_2	89	Picture	20	1892739	0	1	4145	2	0	4000	other	0
1204_2	89	Pulse	5	1898637	5898	2
1204_2	90	Picture	20	1910810	0	1	4144	3	0	4000	other	0
1204_2	90	Pulse	5	1918636	7826	2
1204_2	91	Picture	21	1928880	0	2	4145	3	0	4000	hit	188
1204_2	91	Response	1	1933356	4476	2
1204_2	91	Pulse	5	1938626	9746	2
1204_2	92	Picture	20	1946951	0	2	4145	3	0	4000	other	0
1204_2	92	Pulse	5	1958626	11675	2
1204_2	93	Picture	20	1965022	0	1	4145	2	0	4000	other	0
1204_2	93	Pulse	5	1978625	13603	3
1204_2	94	Picture	21	1983093	0	1	4145	2	0	4000	hit	195
1204_2	94	Response	1	1987745	4652	2
1204_2	94	Pulse	5	1998615	15522	2
1204_2	95	Picture	20	2001164	0	1	4130	34	0	4000	other	0
1204_2	95	Pulse	5	2018615	17451	1
1204_2	96	Picture	20	2019235	0	1	4144	2	0	4000	other	0
1204_2	97	Picture	20	2037305	0	2	4145	3	0	4000	other	0
1204_2	97	Pulse	5	2038614	1309	2
1204_2	98	Picture	21	2055376	0	1	4145	2	0	4000	hit	204
1204_2	98	Pulse	5	2058604	3228	2
1204_2	98	Response	1	2060684	5308	2
1204_2	99	Picture	20	2073447	0	1	4145	2	0	4000	other	0
1204_2	99	Pulse	5	2078604	5157	1
1204_2	100	Picture	20	2091518	0	1	4145	2	0	4000	other	0
1204_2	100	Pulse	5	2098603	7085	2
1204_2	101	Picture	21	2109589	0	1	4144	3	0	4000	hit	210
1204_2	101	Response	1	2113323	3734	2
1204_2	101	Pulse	5	2118593	9004	1
1204_2	102	Picture	20	2127660	0	1	4144	2	0	4000	other	0
1204_2	102	Pulse	5	2138592	10932	2
1204_2	103	Picture	20	2145730	0	1	4145	2	0	4000	other	0
1204_2	103	Pulse	5	2158592	12862	2
1204_2	104	Pulse	5	2178582	14781	1
1204_2	105	Picture	10	2188835	0	1	4145	2	0	4000	other	0
1204_2	105	Pulse	5	2198581	9746	2
1204_2	106	Picture	10	2206906	0	1	4145	2	0	4000	other	0
1204_2	106	Pulse	5	2218581	11675	2
1204_2	107	Picture	11	2224977	0	1	4144	3	0	4000	hit	222
1204_2	107	Response	1	2228981	4004	2
1204_2	107	Pulse	5	2238570	13593	2
1204_2	108	Picture	10	2243047	0	2	4145	3	0	4000	other	0
1204_2	108	Pulse	5	2258571	15524	1
1204_2	109	Picture	11	2261118	0	1	4145	2	0	4000	hit	227
1204_2	109	Response	1	2266410	5292	2
1204_2	109	Pulse	5	2278570	17452	1
1204_2	110	Picture	10	2279189	0	1	4145	2	0	4000	other	0
1204_2	111	Picture	10	2297259	0	2	4146	3	0	4000	other	0
1204_2	111	Pulse	5	2298560	1301	1
1204_2	112	Picture	11	2315331	0	1	4144	2	0	4000	hit	234
1204_2	112	Pulse	5	2318559	3228	2
1204_2	112	Response	1	2319039	3708	2
1204_2	113	Picture	10	2333401	0	2	4145	3	0	4000	other	0
1204_2	113	Pulse	5	2338559	5158	1
1204_2	114	Picture	10	2351472	0	1	4145	2	0	4000	other	0
1204_2	114	Pulse	5	2358548	7076	2
1204_2	115	Picture	10	2369543	0	1	4145	2	0	4000	other	0
1204_2	115	Pulse	5	2378548	9005	2
1204_2	116	Picture	10	2387614	0	1	4145	2	0	4000	other	0
1204_2	116	Pulse	5	2398707	11093	3
1204_2	117	Picture	10	2405685	0	1	4144	3	0	4000	other	0
1204_2	117	Pulse	5	2418697	13012	2
1204_2	118	Picture	11	2423756	0	1	4144	2	0	4000	hit	246
1204_2	118	Response	1	2428777	5021	2
1204_2	118	Pulse	5	2438697	14941	2
1204_2	119	Picture	10	2441826	0	2	4145	3	0	4000	other	0
1204_2	119	Pulse	5	2458696	16870	3
1204_2	120	Picture	10	2459897	0	1	4145	2	0	4000	other	0
1204_2	121	Pulse	5	2478686	718	2
1204_2	121	Pulse	5	2498686	20718	1
1204_2	122	Picture	30	2503002	0	1	4145	2	0	4000	other	0
1204_2	122	Pulse	5	2518685	15683	2
1204_2	123	Picture	30	2521073	0	1	4144	3	0	4000	other	0
1204_2	123	Pulse	5	2538675	17602	2
1204_2	124	Picture	30	2539143	0	2	4143	8	0	4000	other	0
1204_2	125	Picture	31	2557214	0	1	4145	2	0	4000	hit	260
1204_2	125	Pulse	5	2558674	1460	2
1204_2	125	Response	1	2561714	4500	2
1204_2	126	Picture	31	2575285	0	1	4145	2	0	4000	hit	263
1204_2	126	Pulse	5	2578674	3389	2
1204_2	126	Response	1	2580274	4989	2
1204_2	127	Picture	30	2593356	0	1	4145	2	0	4000	other	0
1204_2	127	Pulse	5	2598664	5308	1
1204_2	128	Picture	30	2611427	0	1	4144	3	0	4000	other	0
1204_2	128	Pulse	5	2618663	7236	2
1204_2	129	Picture	30	2629498	0	1	4144	2	0	4000	other	0
1204_2	129	Pulse	5	2638663	9165	2
1204_2	130	Picture	31	2647568	0	2	4145	3	0	4000	hit	271
1204_2	130	Response	1	2651623	4055	2
1204_2	130	Pulse	5	2658653	11085	1
1204_2	131	Picture	30	2665639	0	1	4145	2	0	4000	other	0
1204_2	131	Pulse	5	2678653	13014	1
1204_2	132	Picture	30	2683710	0	1	4145	2	0	4000	other	0
1204_2	132	Pulse	5	2698652	14942	2
1204_2	133	Picture	30	2701781	0	1	4145	2	0	4000	other	0
1204_2	133	Pulse	5	2718641	16860	2
1204_2	134	Picture	30	2719852	0	1	4144	2	0	4000	other	0
1204_2	135	Picture	31	2737922	0	2	4145	3	0	4000	hit	282
1204_2	135	Pulse	5	2738641	719	2
1204_2	135	Response	1	2743281	5359	2
1204_2	136	Picture	30	2755993	0	1	4145	2	0	4000	other	0
1204_2	136	Pulse	5	2758641	2648	1
1204_2	137	Picture	30	2774064	0	1	4145	2	0	4000	false_alarm	287
1204_2	137	Pulse	5	2778630	4566	2
1204_2	137	Response	1	2779270	5206	2
