Scenario - 1-back
Logfile written - 02/19/2015 17:48:07

Subject	Trial	Event Type	Code	Time	TTime	Uncertainty	Duration	Uncertainty	ReqTime	ReqDur	Stim Type	Pair Index

1205	1	Pulse	5	329585	339419	2
1205	2	Pulse	5	349575	19881	2
1205	3	Picture	10	354728	0	1	4144	3	0	4000	other	0
1205	3	Pulse	5	369574	14846	2
1205	4	Picture	10	372798	0	2	4145	3	0	4000	other	0
1205	4	Pulse	5	389574	16776	1
1205	5	Picture	11	390869	0	1	4144	3	0	4000	hit	8
1205	5	Response	1	394214	3345	1
1205	6	Picture	10	408940	0	1	4144	3	0	4000	other	0
1205	6	Pulse	5	409563	623	2
1205	7	Picture	11	427010	0	2	4145	3	0	4000	hit	13
1205	7	Pulse	5	429563	2553	1
1205	7	Response	1	431323	4313	1
1205	8	Picture	10	445081	0	1	4145	2	0	4000	other	0
1205	8	Pulse	5	449562	4481	2
1205	9	Picture	10	463151	0	2	4145	3	0	4000	other	0
1205	9	Pulse	5	469551	6400	2
1205	10	Picture	10	481222	0	1	4145	2	0	4000	other	0
1205	10	Pulse	5	489551	8329	2
1205	11	Picture	11	499293	0	1	4145	2	0	4000	hit	21
1205	11	Response	1	503630	4337	2
1205	11	Pulse	5	509550	10257	2
1205	12	Picture	10	517364	0	1	4144	2	0	4000	other	0
1205	12	Pulse	5	529540	12176	1
1205	13	Picture	10	535434	0	1	4145	2	0	4000	other	0
1205	13	Pulse	5	549539	14105	2
1205	14	Picture	11	553505	0	1	4145	2	0	4000	hit	28
1205	14	Response	1	558019	4514	2
1205	14	Pulse	5	569539	16034	1
1205	15	Picture	10	571575	0	2	4145	3	0	4000	other	0
1205	15	Pulse	5	589528	17953	2
1205	16	Picture	10	589646	0	1	4145	2	0	4000	other	0
1205	17	Picture	10	607717	0	1	4144	3	0	4000	other	0
1205	17	Pulse	5	609527	1810	2
1205	18	Picture	10	625787	0	2	4145	3	0	4000	other	0
1205	18	Pulse	5	629527	3740	2
1205	19	Pulse	5	649516	5658	3
1205	20	Picture	20	668892	0	1	4143	4	0	4000	other	0
1205	20	Pulse	5	669516	624	2
1205	21	Picture	20	686962	0	2	4145	3	0	4000	other	0
1205	21	Pulse	5	689515	2553	2
1205	22	Picture	21	705033	0	1	4145	2	0	4000	hit	43
1205	22	Response	1	709345	4312	1
1205	22	Pulse	5	709505	4472	1
1205	23	Picture	20	723104	0	1	4144	2	0	4000	other	0
1205	23	Pulse	5	729504	6400	2
1205	24	Picture	20	741174	0	2	4145	3	0	4000	other	0
1205	24	Pulse	5	749504	8330	2
1205	25	Picture	20	759245	0	1	4145	2	0	4000	other	0
1205	25	Pulse	5	769493	10248	2
1205	26	Picture	21	777315	0	2	4145	3	0	4000	hit	52
1205	26	Response	1	781173	3858	1
1205	26	Pulse	5	789492	12177	2
1205	27	Picture	20	795386	0	1	4145	2	0	4000	other	0
1205	27	Pulse	5	809492	14106	2
1205	28	Picture	20	813457	0	1	4145	2	0	4000	other	0
1205	28	Pulse	5	829481	16024	2
1205	29	Picture	20	831528	0	1	4144	2	0	4000	other	0
1205	29	Pulse	5	849481	17953	1
1205	30	Picture	20	849598	0	1	4145	2	0	4000	other	0
1205	31	Picture	20	867669	0	1	4144	3	0	4000	other	0
1205	31	Pulse	5	869640	1971	2
1205	32	Picture	21	885739	0	2	4145	3	0	4000	hit	65
1205	32	Pulse	5	889629	3890	2
1205	32	Response	1	890589	4850	2
1205	33	Picture	20	903810	0	1	4145	2	0	4000	other	0
1205	33	Pulse	5	909629	5819	2
1205	34	Picture	20	921881	0	1	4144	3	0	4000	other	0
1205	34	Pulse	5	929628	7747	2
1205	35	Picture	21	939951	0	2	4145	3	0	4000	hit	71
1205	35	Response	1	943058	3107	2
1205	35	Pulse	5	949618	9667	2
1205	36	Pulse	5	969617	11595	2
1205	37	Picture	10	983056	0	1	4144	3	0	4000	other	0
1205	37	Pulse	5	989617	6561	2
1205	38	Picture	10	1001126	0	2	4145	3	0	4000	other	0
1205	38	Pulse	5	1009606	8480	2
1205	39	Picture	11	1019197	0	1	4145	2	0	4000	hit	79
1205	39	Response	1	1024166	4969	1
1205	39	Pulse	5	1029606	10409	1
1205	40	Picture	10	1037268	0	1	4144	2	0	4000	other	0
1205	40	Pulse	5	1049605	12337	2
1205	41	Picture	11	1055338	0	1	4145	2	0	4000	hit	84
1205	41	Response	1	1059526	4188	1
1205	41	Pulse	5	1069594	14256	2
1205	42	Picture	10	1073409	0	1	4145	2	0	4000	other	0
1205	42	Pulse	5	1089594	16185	2
1205	43	Picture	10	1091480	0	1	4144	2	0	4000	other	0
1205	44	Picture	10	1109550	0	1	4145	2	0	4000	other	0
1205	44	Pulse	5	1109593	43	2
1205	45	Picture	11	1127621	0	1	4145	2	0	4000	hit	93
1205	45	Pulse	5	1129583	1962	2
1205	45	Response	1	1131983	4362	2
1205	46	Picture	10	1145691	0	2	4145	3	0	4000	other	0
1205	46	Pulse	5	1149582	3891	3
1205	47	Picture	10	1163762	0	1	4145	2	0	4000	other	0
1205	47	Pulse	5	1169582	5820	2
1205	48	Picture	11	1181833	0	1	4144	3	0	4000	hit	99
1205	48	Response	1	1186211	4378	2
1205	48	Pulse	5	1189571	7738	2
1205	49	Picture	10	1199903	0	2	4145	3	0	4000	other	0
1205	49	Pulse	5	1209570	9667	2
1205	50	Picture	10	1217974	0	1	4145	2	0	4000	other	0
1205	50	Pulse	5	1229570	11596	2
1205	51	Picture	10	1236045	0	1	4144	3	0	4000	other	0
1205	51	Pulse	5	1249559	13514	2
1205	52	Picture	10	1254115	0	2	4145	3	0	4000	other	0
1205	52	Pulse	5	1269559	15444	2
1205	53	Pulse	5	1289558	17372	2
1205	54	Picture	30	1297220	0	1	4144	3	0	4000	other	0
1205	54	Pulse	5	1309548	12328	1
1205	55	Picture	30	1315290	0	2	4145	3	0	4000	other	0
1205	55	Pulse	5	1329547	14257	2
1205	56	Picture	31	1333361	0	1	4145	2	0	4000	hit	115
1205	56	Response	1	1338667	5306	2
1205	56	Pulse	5	1349547	16186	1
1205	57	Picture	30	1351432	0	1	4144	3	0	4000	other	0
1205	58	Picture	30	1369502	0	1	4145	2	0	4000	other	0
1205	58	Pulse	5	1369536	34	2
1205	59	Picture	30	1387573	0	1	4145	2	0	4000	other	0
1205	59	Pulse	5	1389535	1962	2
1205	60	Picture	31	1405644	0	1	4144	2	0	4000	hit	124
1205	60	Pulse	5	1409535	3891	2
1205	60	Response	1	1409855	4211	2
1205	61	Picture	31	1423714	0	1	4145	2	0	4000	hit	126
1205	61	Response	1	1427604	3890	2
1205	61	Pulse	5	1429524	5810	2
1205	62	Picture	30	1441785	0	1	4144	3	0	4000	other	0
1205	62	Pulse	5	1449524	7739	2
1205	63	Picture	30	1459855	0	2	4145	3	0	4000	other	0
1205	63	Pulse	5	1469523	9668	2
1205	64	Picture	30	1477926	0	1	4145	2	0	4000	other	0
1205	64	Pulse	5	1489513	11587	1
1205	65	Picture	31	1495997	0	1	4144	3	0	4000	miss	0
1205	65	Pulse	5	1509513	13516	1
1205	66	Picture	30	1514067	0	2	4145	4	0	4000	other	0
1205	66	Pulse	5	1529511	15444	2
1205	67	Picture	30	1532138	0	1	4145	2	0	4000	other	0
1205	67	Pulse	5	1549501	17363	2
1205	68	Picture	30	1550209	0	1	4144	3	0	4000	other	0
1205	69	Picture	30	1568279	0	2	4145	3	0	4000	other	0
1205	69	Pulse	5	1569500	1221	2
1205	70	Pulse	5	1589500	3150	2
1205	70	Pulse	5	1609489	23139	3
1205	71	Picture	10	1611384	0	1	4144	3	0	4000	other	0
1205	72	Picture	10	1629454	0	2	4145	3	0	4000	other	0
1205	72	Pulse	5	1629489	35	2
1205	73	Picture	11	1647525	0	1	4145	2	0	4000	hit	150
1205	73	Pulse	5	1649488	1963	2
1205	73	Response	1	1652368	4843	2
1205	74	Picture	10	1665596	0	1	4144	2	0	4000	other	0
1205	74	Pulse	5	1669478	3882	1
1205	75	Picture	11	1683666	0	1	4145	2	0	4000	hit	154
1205	75	Response	1	1687877	4211	2
1205	75	Pulse	5	1689477	5811	2
1205	76	Picture	10	1701737	0	1	4145	2	0	4000	other	0
1205	76	Pulse	5	1709476	7739	2
1205	77	Picture	10	1719807	0	2	4145	3	0	4000	other	0
1205	77	Pulse	5	1729466	9659	2
1205	78	Picture	11	1737878	0	1	4145	2	0	4000	hit	161
1205	78	Response	1	1742425	4547	2
1205	78	Pulse	5	1749465	11587	2
1205	79	Picture	10	1755949	0	1	4144	3	0	4000	other	0
1205	79	Pulse	5	1769465	13516	1
1205	80	Picture	10	1774019	0	2	4145	3	0	4000	other	0
1205	80	Pulse	5	1789454	15435	2
1205	81	Picture	10	1792090	0	1	4145	2	0	4000	other	0
1205	81	Pulse	5	1809454	17364	1
1205	82	Picture	10	1810161	0	1	4144	3	0	4000	other	0
1205	83	Picture	10	1828231	0	2	4145	3	0	4000	other	0
1205	83	Pulse	5	1829453	1222	2
1205	84	Picture	11	1846302	0	1	4145	2	0	4000	hit	174
1205	84	Pulse	5	1849442	3140	2
1205	84	Response	1	1850562	4260	2
1205	85	Picture	10	1864373	0	1	4144	3	0	4000	other	0
1205	85	Pulse	5	1869443	5070	1
1205	86	Picture	10	1882443	0	2	4145	3	0	4000	other	0
1205	86	Pulse	5	1889601	7158	2
1205	87	Pulse	5	1909591	9077	2
1205	88	Picture	20	1925548	0	1	4144	3	0	4000	other	0
1205	88	Pulse	5	1929591	4043	1
1205	89	Picture	20	1943618	0	1	4145	2	0	4000	other	0
1205	89	Pulse	5	1949590	5972	1
1205	90	Picture	20	1961689	0	1	4145	2	0	4000	other	0
1205	90	Pulse	5	1969580	7891	1
1205	91	Picture	21	1979760	0	1	4144	2	0	4000	hit	187
1205	91	Response	1	1983659	3899	1
1205	91	Pulse	5	1989579	9819	1
1205	92	Picture	20	1997830	0	1	4145	2	0	4000	other	0
1205	92	Pulse	5	2009578	11748	2
1205	93	Picture	20	2015901	0	1	4145	2	0	4000	other	0
1205	93	Pulse	5	2029568	13667	1
1205	94	Picture	21	2033971	0	2	4145	3	0	4000	hit	194
1205	94	Response	1	2040767	6796	2
1205	94	Pulse	5	2049567	15596	2
1205	95	Picture	20	2052042	0	1	4145	2	0	4000	other	0
1205	95	Pulse	5	2069566	17524	2
1205	96	Picture	20	2070113	0	1	4144	3	0	4000	other	0
1205	97	Picture	20	2088183	0	2	4145	3	0	4000	other	0
1205	97	Pulse	5	2089556	1373	2
1205	98	Picture	21	2106254	0	1	4144	3	0	4000	hit	203
1205	98	Pulse	5	2109555	3301	2
1205	98	Response	1	2112115	5861	2
1205	99	Picture	20	2124325	0	1	4144	3	0	4000	other	0
1205	99	Pulse	5	2129555	5230	2
1205	100	Picture	20	2142395	0	2	4145	3	0	4000	other	0
1205	100	Pulse	5	2149544	7149	2
1205	101	Picture	21	2160466	0	1	4145	2	0	4000	miss	0
1205	101	Pulse	5	2169543	9077	2
1205	102	Picture	20	2178537	0	1	4144	3	0	4000	other	0
1205	102	Pulse	5	2189543	11006	2
1205	103	Picture	20	2196607	0	2	4145	3	0	4000	other	0
1205	103	Pulse	5	2209532	12925	2
1205	104	Pulse	5	2229532	14854	2
1205	105	Picture	10	2239711	0	2	4145	3	0	4000	other	0
1205	105	Pulse	5	2249532	9821	1
1205	106	Picture	10	2257782	0	2	4145	3	0	4000	other	0
1205	106	Pulse	5	2269521	11739	1
1205	107	Picture	11	2275853	0	1	4144	3	0	4000	miss	0
1205	107	Pulse	5	2289520	13667	2
1205	108	Picture	10	2293924	0	1	4144	2	0	4000	other	0
1205	108	Pulse	5	2309520	15596	1
1205	109	Picture	11	2311994	0	1	4145	2	0	4000	hit	224
1205	109	Response	1	2315909	3915	2
1205	109	Pulse	5	2329509	17515	2
1205	110	Picture	10	2330065	0	1	4145	2	0	4000	other	0
1205	111	Picture	10	2348135	0	2	4145	3	0	4000	other	0
1205	111	Pulse	5	2349508	1373	2
1205	112	Picture	11	2366206	0	1	4145	2	0	4000	hit	231
1205	112	Pulse	5	2369508	3302	2
1205	112	Response	1	2369988	3782	2
1205	113	Picture	10	2384277	0	1	4144	3	0	4000	other	0
1205	113	Pulse	5	2389497	5220	2
1205	114	Picture	10	2402347	0	2	4145	3	0	4000	other	0
1205	114	Pulse	5	2409497	7150	1
1205	115	Picture	10	2420418	0	1	4145	2	0	4000	other	0
1205	115	Pulse	5	2429496	9078	2
1205	116	Picture	10	2438489	0	1	4144	3	0	4000	other	0
1205	116	Pulse	5	2449486	10997	1
1205	117	Picture	10	2456559	0	2	4145	3	0	4000	other	0
1205	117	Pulse	5	2469485	12926	2
1205	118	Picture	11	2474630	0	1	4145	2	0	4000	hit	243
1205	118	Response	1	2478445	3815	1
1205	118	Pulse	5	2489485	14855	1
1205	119	Picture	10	2492701	0	1	4144	2	0	4000	other	0
1205	119	Pulse	5	2509474	16773	2
1205	120	Picture	10	2510771	0	2	4145	3	0	4000	other	0
1205	121	Pulse	5	2529474	632	1
1205	121	Pulse	5	2549473	20631	2
1205	122	Picture	30	2553876	0	1	4144	2	0	4000	other	0
1205	122	Pulse	5	2569462	15586	2
1205	123	Picture	30	2571946	0	1	4145	2	0	4000	other	0
1205	123	Pulse	5	2589462	17516	2
1205	124	Picture	30	2590017	0	1	4145	2	0	4000	other	0
1205	125	Picture	31	2608088	0	1	4144	2	0	4000	hit	257
1205	125	Pulse	5	2609461	1373	2
1205	125	Response	1	2612661	4573	2
1205	126	Picture	31	2626158	0	1	4145	2	0	4000	hit	260
1205	126	Pulse	5	2629450	3292	2
1205	126	Response	1	2629610	3452	2
1205	127	Picture	30	2644229	0	1	4144	3	0	4000	other	0
1205	127	Pulse	5	2649450	5221	2
1205	128	Picture	30	2662299	0	2	4145	3	0	4000	other	0
1205	128	Pulse	5	2669449	7150	2
1205	129	Picture	30	2680370	0	1	4145	2	0	4000	other	0
1205	129	Pulse	5	2689439	9069	2
1205	130	Picture	31	2698441	0	1	4144	3	0	4000	hit	268
1205	130	Response	1	2701598	3157	2
1205	130	Pulse	5	2709438	10997	2
1205	131	Picture	30	2716511	0	2	4145	3	0	4000	other	0
1205	131	Pulse	5	2729438	12927	1
1205	132	Picture	30	2734582	0	1	4145	2	0	4000	other	0
1205	132	Pulse	5	2749427	14845	2
1205	133	Picture	30	2752653	0	1	4144	3	0	4000	other	0
1205	133	Pulse	5	2769427	16774	1
1205	134	Picture	30	2770723	0	1	4145	2	0	4000	other	0
1205	135	Picture	31	2788794	0	1	4145	2	0	4000	miss	0
1205	135	Pulse	5	2789426	632	2
1205	136	Picture	30	2806865	0	1	4144	2	0	4000	other	0
1205	136	Pulse	5	2809415	2550	2
1205	137	Picture	30	2824935	0	2	4145	3	0	4000	false_alarm	283
1205	137	Pulse	5	2829415	4480	2
1205	137	Response	1	2830375	5440	2
