Scenario - 1-back
Logfile written - 02/19/2015 17:43:20

Subject	Trial	Event Type	Code	Time	TTime	Uncertainty	Duration	Uncertainty	ReqTime	ReqDur	Stim Type	Pair Index

1205	1	Pulse	5	833496	843330	1
1205	2	Pulse	5	853485	19968	2
1205	3	Picture	10	858551	0	1	4144	2	0	4000	other	0
1205	3	Pulse	5	873485	14934	1
1205	4	Picture	10	876621	0	1	4145	2	0	4000	other	0
1205	4	Pulse	5	893484	16863	2
1205	5	Picture	11	894692	0	1	4144	3	0	4000	hit	8
1205	5	Response	1	899724	5032	2
1205	6	Picture	10	912762	0	2	4145	3	0	4000	other	0
1205	6	Pulse	5	913473	711	2
1205	7	Picture	11	930833	0	1	4145	2	0	4000	hit	13
1205	7	Pulse	5	933473	2640	2
1205	7	Response	1	934753	3920	2
1205	8	Picture	10	948904	0	1	4144	3	0	4000	other	0
1205	8	Pulse	5	953472	4568	2
1205	9	Picture	10	966974	0	1	4145	2	0	4000	other	0
1205	9	Pulse	5	973462	6488	2
1205	10	Picture	10	985045	0	1	4145	2	0	4000	other	0
1205	10	Pulse	5	993461	8416	2
1205	11	Picture	11	1003116	0	1	4144	2	0	4000	hit	21
1205	11	Response	1	1007701	4585	2
1205	11	Pulse	5	1013461	10345	1
1205	12	Picture	10	1021186	0	2	4145	3	0	4000	other	0
1205	12	Pulse	5	1033450	12264	2
1205	13	Picture	10	1039257	0	1	4144	3	0	4000	other	0
1205	13	Pulse	5	1053449	14192	2
1205	14	Picture	11	1057327	0	2	4145	3	0	4000	hit	28
1205	14	Response	1	1061449	4122	2
1205	14	Pulse	5	1073449	16122	2
1205	15	Picture	10	1075398	0	1	4145	2	0	4000	other	0
1205	15	Pulse	5	1093438	18040	2
1205	16	Picture	10	1093469	0	1	4144	3	0	4000	other	0
1205	17	Picture	10	1111539	0	2	4145	3	0	4000	other	0
1205	17	Pulse	5	1113438	1899	2
1205	18	Picture	10	1129610	0	1	4145	2	0	4000	other	0
1205	18	Pulse	5	1133437	3827	2
1205	19	Pulse	5	1153427	5746	1
1205	20	Picture	30	1172714	0	2	4145	3	0	4000	other	0
1205	20	Pulse	5	1173426	712	2
1205	21	Picture	30	1190785	0	1	4145	2	0	4000	other	0
1205	21	Pulse	5	1193426	2641	1
1205	22	Picture	31	1208855	0	2	4145	4	0	4000	hit	43
1205	22	Response	1	1212775	3920	2
1205	22	Pulse	5	1213415	4560	2
1205	23	Picture	30	1226926	0	2	4145	3	0	4000	other	0
1205	23	Pulse	5	1233414	6488	3
1205	24	Picture	30	1244997	0	1	4145	2	0	4000	other	0
1205	24	Pulse	5	1253414	8417	2
1205	25	Picture	30	1263068	0	1	4144	2	0	4000	other	0
1205	25	Pulse	5	1273403	10335	2
1205	26	Picture	31	1281138	0	1	4145	2	0	4000	hit	52
1205	26	Response	1	1285083	3945	2
1205	26	Pulse	5	1293404	12266	1
1205	27	Picture	31	1299209	0	1	4144	3	0	4000	miss	0
1205	27	Pulse	5	1313402	14193	2
1205	28	Picture	30	1317280	0	1	4144	2	0	4000	other	0
1205	28	Pulse	5	1333392	16112	1
1205	29	Picture	30	1335350	0	1	4145	2	0	4000	other	0
1205	29	Pulse	5	1353391	18041	2
1205	30	Picture	30	1353421	0	1	4144	3	0	4000	other	0
1205	31	Picture	31	1371491	0	2	4145	3	0	4000	hit	63
1205	31	Pulse	5	1373390	1899	2
1205	31	Response	1	1376750	5259	2
1205	32	Picture	30	1389562	0	1	4145	2	0	4000	other	0
1205	32	Pulse	5	1393380	3818	2
1205	33	Picture	30	1407633	0	1	4144	3	0	4000	other	0
1205	33	Pulse	5	1413380	5747	1
1205	34	Picture	30	1425703	0	2	4145	3	0	4000	other	0
1205	34	Pulse	5	1433379	7676	2
1205	35	Picture	30	1443774	0	1	4145	2	0	4000	other	0
1205	35	Pulse	5	1453368	9594	2
1205	36	Pulse	5	1473368	11523	1
1205	37	Picture	10	1486878	0	2	4145	3	0	4000	other	0
1205	37	Pulse	5	1493367	6489	2
1205	38	Picture	10	1504949	0	1	4145	2	0	4000	other	0
1205	38	Pulse	5	1513356	8407	2
1205	39	Picture	11	1523020	0	1	4144	2	0	4000	hit	78
1205	39	Response	1	1527276	4256	2
1205	39	Pulse	5	1533357	10337	1
1205	40	Picture	10	1541090	0	1	4145	2	0	4000	other	0
1205	40	Pulse	5	1553355	12265	2
1205	41	Picture	11	1559158	0	28	4148	29	0	4000	hit	83
1205	41	Response	1	1564235	5077	2
1205	41	Pulse	5	1573345	14187	2
1205	42	Picture	10	1577232	0	1	4144	2	0	4000	other	0
1205	42	Pulse	5	1593344	16112	2
1205	43	Picture	10	1595302	0	1	4145	2	0	4000	other	0
1205	43	Pulse	5	1613344	18042	2
1205	44	Picture	10	1613373	0	1	4144	3	0	4000	other	0
1205	45	Picture	11	1631443	0	2	4145	3	0	4000	hit	92
1205	45	Pulse	5	1633333	1890	2
1205	45	Response	1	1635093	3650	2
1205	46	Picture	10	1649514	0	1	4145	2	0	4000	other	0
1205	46	Pulse	5	1653333	3819	1
1205	47	Picture	10	1667585	0	1	4144	3	0	4000	other	0
1205	47	Pulse	5	1673332	5747	2
1205	48	Picture	11	1685655	0	2	4145	3	0	4000	hit	98
1205	48	Response	1	1690921	5266	3
1205	48	Pulse	5	1693321	7666	3
1205	49	Picture	10	1703726	0	1	4145	2	0	4000	other	0
1205	49	Pulse	5	1713321	9595	2
1205	50	Picture	10	1721797	0	1	4144	3	0	4000	other	0
1205	50	Pulse	5	1733320	11523	3
1205	51	Picture	10	1739867	0	2	4145	3	0	4000	other	0
1205	51	Pulse	5	1753471	13604	1
1205	52	Picture	10	1757938	0	1	4145	2	0	4000	other	0
1205	52	Pulse	5	1773470	15532	1
1205	53	Pulse	5	1793469	17460	1
1205	54	Picture	20	1801042	0	2	4145	3	0	4000	other	0
1205	54	Pulse	5	1813458	12416	2
1205	55	Picture	20	1819113	0	1	4145	2	0	4000	other	0
1205	55	Pulse	5	1833457	14344	2
1205	56	Picture	21	1837184	0	1	4144	2	0	4000	hit	114
1205	56	Response	1	1841457	4273	2
1205	56	Pulse	5	1853457	16273	2
1205	57	Picture	20	1855254	0	1	4145	2	0	4000	other	0
1205	58	Picture	20	1873325	0	1	4144	3	0	4000	other	0
1205	58	Pulse	5	1873446	121	2
1205	59	Picture	20	1891395	0	2	4145	3	0	4000	other	0
1205	59	Pulse	5	1893446	2051	2
1205	60	Picture	21	1909466	0	1	4145	2	0	4000	hit	123
1205	60	Pulse	5	1913445	3979	2
1205	60	Response	1	1913765	4299	2
1205	61	Picture	20	1927537	0	1	4144	3	0	4000	other	0
1205	61	Pulse	5	1933435	5898	1
1205	62	Picture	20	1945607	0	2	4145	3	0	4000	other	0
1205	62	Pulse	5	1953434	7827	2
1205	63	Picture	20	1963678	0	1	4145	2	0	4000	other	0
1205	63	Pulse	5	1973434	9756	1
1205	64	Picture	20	1981749	0	1	4144	3	0	4000	other	0
1205	64	Pulse	5	1993423	11674	2
1205	65	Picture	20	1999819	0	1	4145	2	0	4000	false_alarm	133
1205	65	Response	1	2003663	3844	1
1205	65	Pulse	5	2013422	13603	2
1205	66	Picture	21	2017890	0	1	4145	2	0	4000	hit	136
1205	66	Response	1	2022222	4332	2
1205	66	Pulse	5	2033422	15532	2
1205	67	Picture	20	2035961	0	1	4144	2	0	4000	other	0
1205	67	Pulse	5	2053411	17450	2
1205	68	Picture	20	2054031	0	2	4145	3	0	4000	other	0
1205	69	Picture	21	2072102	0	1	4145	2	0	4000	hit	143
1205	69	Pulse	5	2073411	1309	2
1205	69	Response	1	2076131	4029	2
1205	70	Pulse	5	2093410	3237	2
1205	70	Pulse	5	2113400	23227	1
1205	71	Picture	10	2115206	0	1	4145	2	0	4000	other	0
1205	72	Picture	10	2133277	0	1	4145	2	0	4000	other	0
1205	72	Pulse	5	2133399	122	2
1205	73	Picture	11	2151348	0	1	4144	2	0	4000	hit	151
1205	73	Pulse	5	2153398	2050	2
1205	73	Response	1	2155478	4130	2
1205	74	Picture	10	2169418	0	1	4145	2	0	4000	other	0
1205	74	Pulse	5	2173388	3970	2
1205	75	Picture	11	2187489	0	1	4144	3	0	4000	hit	155
1205	75	Response	1	2191627	4138	3
1205	75	Pulse	5	2193387	5898	3
1205	76	Picture	10	2205559	0	2	4145	3	0	4000	other	0
1205	76	Pulse	5	2213387	7828	2
1205	77	Picture	10	2223630	0	1	4145	2	0	4000	other	0
1205	77	Pulse	5	2233377	9747	1
1205	78	Picture	11	2241701	0	1	4144	3	0	4000	hit	162
1205	78	Response	1	2245536	3835	2
1205	78	Pulse	5	2253376	11675	1
1205	79	Picture	10	2259771	0	2	4145	3	0	4000	false_alarm	165
1205	79	Response	1	2265215	5444	2
1205	79	Pulse	5	2273375	13604	2
1205	80	Picture	10	2277842	0	1	4145	2	0	4000	other	0
1205	80	Pulse	5	2293364	15522	2
1205	81	Picture	10	2295913	0	1	4144	2	0	4000	other	0
1205	81	Pulse	5	2313364	17451	2
1205	82	Picture	10	2313983	0	1	4145	2	0	4000	other	0
1205	83	Picture	10	2332054	0	1	4145	2	0	4000	other	0
1205	83	Pulse	5	2333363	1309	2
1205	84	Picture	11	2350125	0	1	4144	2	0	4000	hit	176
1205	84	Pulse	5	2353353	3228	2
1205	84	Response	1	2353673	3548	2
1205	85	Picture	10	2368195	0	1	4145	2	0	4000	other	0
1205	85	Pulse	5	2373352	5157	2
1205	86	Picture	10	2386266	0	1	4145	2	0	4000	other	0
1205	86	Pulse	5	2393352	7086	1
1205	87	Pulse	5	2413341	9004	2
1205	88	Picture	30	2429370	0	1	4145	2	0	4000	other	0
1205	88	Pulse	5	2433341	3971	1
1205	89	Picture	30	2447441	0	1	4145	2	0	4000	other	0
1205	89	Pulse	5	2453340	5899	2
1205	90	Picture	30	2465511	0	2	4145	3	0	4000	other	0
1205	90	Pulse	5	2473329	7818	2
1205	91	Picture	31	2483582	0	1	4145	2	0	4000	hit	189
1205	91	Response	1	2488689	5107	2
1205	91	Pulse	5	2493329	9747	2
1205	92	Picture	31	2501653	0	1	4144	3	0	4000	hit	192
1205	92	Response	1	2507249	5596	1
1205	92	Pulse	5	2513328	11675	2
1205	93	Picture	30	2519723	0	2	4145	3	0	4000	other	0
1205	93	Pulse	5	2533319	13596	1
1205	94	Picture	30	2537794	0	1	4145	2	0	4000	other	0
1205	94	Pulse	5	2553317	15523	2
1205	95	Picture	30	2555865	0	1	4144	3	0	4000	other	0
1205	95	Pulse	5	2573317	17452	1
1205	96	Picture	31	2573935	0	2	4145	3	0	4000	miss	0
1205	97	Picture	30	2592172	0	1	4144	3	0	4000	other	0
1205	97	Pulse	5	2593306	1134	2
1205	98	Picture	30	2610242	0	2	4145	3	0	4000	other	0
1205	98	Pulse	5	2613305	3063	2
1205	99	Picture	30	2628313	0	1	4145	2	0	4000	other	0
1205	99	Pulse	5	2633305	4992	2
1205	100	Picture	30	2646384	0	1	4144	2	0	4000	other	0
1205	100	Pulse	5	2653294	6910	3
1205	101	Picture	31	2664454	0	2	4145	3	0	4000	hit	210
1205	101	Response	1	2668174	3720	2
1205	101	Pulse	5	2673294	8840	2
1205	102	Picture	30	2682525	0	1	4145	2	0	4000	other	0
1205	102	Pulse	5	2693293	10768	3
1205	103	Picture	30	2700596	0	1	4144	2	0	4000	other	0
1205	103	Pulse	5	2713283	12687	1
1205	104	Pulse	5	2733282	14616	2
1205	105	Picture	10	2743700	0	1	4145	2	0	4000	other	0
1205	105	Pulse	5	2753282	9582	1
1205	106	Picture	10	2761771	0	1	4144	2	0	4000	other	0
1205	106	Pulse	5	2773271	11500	2
1205	107	Picture	11	2779841	0	1	4145	2	0	4000	hit	222
1205	107	Response	1	2785431	5590	1
1205	107	Pulse	5	2793430	13589	2
1205	108	Picture	10	2797912	0	1	4144	3	0	4000	other	0
1205	108	Pulse	5	2813430	15518	2
1205	109	Picture	11	2815983	0	1	4144	2	0	4000	hit	227
1205	109	Response	1	2819510	3527	1
1205	109	Pulse	5	2833419	17436	2
1205	110	Picture	10	2834053	0	1	4145	2	0	4000	other	0
1205	111	Picture	10	2852124	0	1	4144	3	0	4000	other	0
1205	111	Pulse	5	2853419	1295	1
1205	112	Picture	11	2870194	0	2	4145	3	0	4000	hit	234
1205	112	Pulse	5	2873418	3224	2
1205	112	Response	1	2875018	4824	2
1205	113	Picture	10	2888265	0	1	4145	2	0	4000	other	0
1205	113	Pulse	5	2893408	5143	1
1205	114	Picture	10	2906336	0	1	4144	3	0	4000	other	0
1205	114	Pulse	5	2913407	7071	2
1205	115	Picture	10	2924406	0	1	4145	2	0	4000	other	0
1205	115	Pulse	5	2933406	9000	2
1205	116	Picture	10	2942477	0	1	4145	2	0	4000	other	0
1205	116	Pulse	5	2953396	10919	2
1205	117	Picture	10	2960548	0	1	4144	3	0	4000	other	0
1205	117	Pulse	5	2973395	12847	2
1205	118	Picture	11	2978618	0	2	4145	3	0	4000	hit	246
1205	118	Response	1	2982355	3737	2
1205	118	Pulse	5	2993395	14777	2
1205	119	Picture	10	2996689	0	1	4145	2	0	4000	other	0
1205	119	Pulse	5	3013384	16695	2
1205	120	Picture	10	3014760	0	1	4144	2	0	4000	other	0
1205	121	Pulse	5	3033384	554	1
1205	121	Pulse	5	3053383	20553	2
1205	122	Picture	20	3057864	0	1	4145	2	0	4000	other	0
1205	122	Pulse	5	3073373	15509	1
1205	123	Picture	20	3075935	0	1	4144	2	0	4000	other	0
1205	123	Pulse	5	3093373	17438	1
1205	124	Picture	20	3094005	0	1	4145	2	0	4000	other	0
1205	125	Picture	21	3112076	0	1	4144	3	0	4000	hit	260
1205	125	Pulse	5	3113372	1296	1
1205	125	Response	1	3115931	3855	2
1205	126	Picture	20	3130146	0	2	4145	3	0	4000	other	0
1205	126	Pulse	5	3133361	3215	2
1205	127	Picture	20	3148217	0	1	4145	2	0	4000	other	0
1205	127	Pulse	5	3153360	5143	3
1205	128	Picture	21	3166288	0	1	4144	3	0	4000	hit	266
1205	128	Response	1	3170160	3872	2
1205	128	Pulse	5	3173360	7072	2
1205	129	Picture	20	3184358	0	2	4145	3	0	4000	other	0
1205	129	Pulse	5	3193349	8991	2
1205	130	Picture	20	3202429	0	1	4145	2	0	4000	other	0
1205	130	Pulse	5	3213349	10920	1
1205	131	Picture	20	3220500	0	1	4144	3	0	4000	other	0
1205	131	Pulse	5	3233348	12848	2
1205	132	Picture	21	3238570	0	1	4145	2	0	4000	hit	275
1205	132	Response	1	3242458	3888	2
1205	132	Pulse	5	3253337	14767	2
1205	133	Picture	20	3256641	0	1	4145	2	0	4000	other	0
1205	133	Pulse	5	3273337	16696	2
1205	134	Picture	20	3274712	0	1	4144	2	0	4000	other	0
1205	135	Picture	21	3292782	0	1	4145	2	0	4000	hit	282
1205	135	Pulse	5	3293336	554	2
1205	135	Response	1	3296376	3594	2
1205	136	Picture	20	3310853	0	1	4145	2	0	4000	other	0
1205	136	Pulse	5	3313326	2473	2
1205	137	Picture	20	3328924	0	1	4144	2	0	4000	other	0
1205	137	Pulse	5	3333326	4402	1
