Scenario - 1-back
Logfile written - 02/19/2015 17:52:41

Subject	Trial	Event Type	Code	Time	TTime	Uncertainty	Duration	Uncertainty	ReqTime	ReqDur	Stim Type	Pair Index

1205	1	Pulse	5	197080	206980	2
1205	2	Pulse	5	217080	19889	2
1205	3	Picture	10	222224	0	1	4145	2	0	4000	other	0
1205	3	Pulse	5	237069	14845	2
1205	4	Picture	10	240295	0	1	4145	2	0	4000	other	0
1205	4	Pulse	5	257069	16774	2
1205	5	Picture	11	258362	0	5	4148	6	0	4000	hit	8
1205	5	Response	1	263149	4787	1
1205	6	Picture	10	276436	0	1	4145	2	0	4000	other	0
1205	6	Pulse	5	277068	632	2
1205	7	Picture	11	294507	0	1	4145	2	0	4000	hit	13
1205	7	Pulse	5	297218	2711	1
1205	7	Response	1	298978	4471	1
1205	8	Picture	10	312577	0	2	4145	3	0	4000	other	0
1205	8	Pulse	5	317218	4641	1
1205	9	Picture	10	330648	0	1	4145	2	0	4000	other	0
1205	9	Pulse	5	337217	6569	1
1205	10	Picture	10	348719	0	1	4144	3	0	4000	other	0
1205	10	Pulse	5	357206	8487	2
1205	11	Picture	11	366789	0	2	4145	3	0	4000	hit	21
1205	11	Response	1	372246	5457	1
1205	11	Pulse	5	377205	10416	2
1205	12	Picture	10	384860	0	1	4145	2	0	4000	other	0
1205	12	Pulse	5	397205	12345	2
1205	13	Picture	10	402931	0	1	4144	3	0	4000	other	0
1205	13	Pulse	5	417194	14263	2
1205	14	Picture	11	421001	0	2	4145	3	0	4000	hit	28
1205	14	Response	1	425514	4513	2
1205	14	Pulse	5	437194	16193	2
1205	15	Picture	10	439072	0	1	4145	2	0	4000	other	0
1205	16	Picture	10	457143	0	1	4144	2	0	4000	other	0
1205	16	Pulse	5	457194	51	1
1205	17	Picture	10	475213	0	2	4145	3	0	4000	other	0
1205	17	Pulse	5	477183	1970	1
1205	18	Picture	10	493284	0	1	4145	2	0	4000	other	0
1205	18	Pulse	5	497182	3898	2
1205	19	Pulse	5	517182	5827	1
1205	20	Picture	30	536388	0	1	4145	2	0	4000	other	0
1205	20	Pulse	5	537171	783	2
1205	21	Picture	30	554459	0	1	4144	3	0	4000	other	0
1205	21	Pulse	5	557170	2711	2
1205	22	Picture	31	572530	0	1	4144	2	0	4000	hit	44
1205	22	Pulse	5	577170	4640	2
1205	22	Response	1	577490	4960	2
1205	23	Picture	30	590599	0	3	4146	4	0	4000	other	0
1205	23	Pulse	5	597159	6560	3
1205	24	Picture	30	608671	0	1	4144	3	0	4000	other	0
1205	24	Pulse	5	617159	8488	2
1205	25	Picture	30	626741	0	2	4145	3	0	4000	other	0
1205	25	Pulse	5	637158	10417	2
1205	26	Picture	31	644812	0	1	4145	2	0	4000	hit	52
1205	26	Response	1	648668	3856	2
1205	26	Pulse	5	657148	12336	1
1205	27	Picture	31	662883	0	1	4144	3	0	4000	hit	55
1205	27	Response	1	666587	3704	2
1205	27	Pulse	5	677147	14264	2
1205	28	Picture	30	680953	0	2	4145	3	0	4000	other	0
1205	28	Pulse	5	697146	16193	2
1205	29	Picture	30	699024	0	1	4145	2	0	4000	other	0
1205	30	Picture	30	717095	0	1	4144	3	0	4000	other	0
1205	30	Pulse	5	717136	41	2
1205	31	Picture	31	735165	0	2	4145	3	0	4000	hit	64
1205	31	Pulse	5	737135	1970	2
1205	31	Response	1	738575	3410	2
1205	32	Picture	30	753236	0	1	4145	2	0	4000	other	0
1205	32	Pulse	5	757135	3899	2
1205	33	Picture	30	771307	0	1	4144	2	0	4000	other	0
1205	33	Pulse	5	777124	5817	2
1205	34	Picture	30	789377	0	1	4145	2	0	4000	other	0
1205	34	Pulse	5	797124	7747	1
1205	35	Picture	30	807448	0	1	4145	2	0	4000	other	0
1205	35	Pulse	5	817113	9665	2
1205	36	Pulse	5	837112	11593	2
1205	37	Picture	10	850552	0	2	4145	3	0	4000	other	0
1205	37	Pulse	5	857112	6560	2
1205	38	Picture	10	868623	0	1	4145	2	0	4000	other	0
1205	38	Pulse	5	877101	8478	3
1205	39	Picture	11	886694	0	1	4144	2	0	4000	hit	79
1205	39	Response	1	891021	4327	2
1205	39	Pulse	5	897101	10407	2
1205	40	Picture	10	904764	0	1	4145	2	0	4000	other	0
1205	40	Pulse	5	917100	12336	2
1205	41	Picture	11	922835	0	1	4144	3	0	4000	hit	84
1205	41	Response	1	926860	4025	2
1205	41	Pulse	5	937090	14255	1
1205	42	Picture	10	940905	0	2	4145	3	0	4000	other	0
1205	42	Pulse	5	957089	16184	2
1205	43	Picture	10	958976	0	1	4145	2	0	4000	other	0
1205	44	Picture	10	977047	0	1	4144	3	0	4000	other	0
1205	44	Pulse	5	977089	42	1
1205	45	Picture	11	995117	0	2	4145	3	0	4000	hit	93
1205	45	Pulse	5	997078	1961	2
1205	45	Response	1	999958	4841	2
1205	46	Picture	10	1013188	0	1	4145	2	0	4000	other	0
1205	46	Pulse	5	1017077	3889	2
1205	47	Picture	10	1031259	0	1	4144	3	0	4000	other	0
1205	47	Pulse	5	1037077	5818	2
1205	48	Picture	11	1049329	0	2	4145	3	0	4000	hit	99
1205	48	Response	1	1053876	4547	2
1205	48	Pulse	5	1057066	7737	3
1205	49	Picture	10	1067400	0	1	4145	2	0	4000	other	0
1205	49	Pulse	5	1077066	9666	2
1205	50	Picture	10	1085471	0	1	4144	3	0	4000	other	0
1205	50	Pulse	5	1097065	11594	2
1205	51	Picture	10	1103541	0	1	4145	2	0	4000	other	0
1205	51	Pulse	5	1117055	13514	2
1205	52	Picture	10	1121612	0	1	4145	2	0	4000	other	0
1205	52	Pulse	5	1137054	15442	2
1205	53	Pulse	5	1157053	17370	2
1205	54	Picture	20	1164716	0	1	4145	2	0	4000	other	0
1205	54	Pulse	5	1177043	12327	2
1205	55	Picture	20	1182787	0	1	4144	3	0	4000	other	0
1205	55	Pulse	5	1197043	14256	1
1205	56	Picture	21	1200857	0	2	4145	3	0	4000	miss	0
1205	56	Pulse	5	1217042	16185	2
1205	57	Picture	20	1218928	0	1	4145	2	0	4000	other	0
1205	58	Picture	20	1236999	0	1	4144	3	0	4000	other	0
1205	58	Pulse	5	1237031	32	2
1205	59	Picture	20	1255069	0	2	4145	3	0	4000	other	0
1205	59	Pulse	5	1257031	1962	1
1205	60	Picture	21	1273140	0	2	4145	3	0	4000	miss	0
1205	60	Pulse	5	1277030	3890	2
1205	61	Picture	20	1291211	0	1	4144	3	0	4000	other	0
1205	61	Pulse	5	1297020	5809	1
1205	62	Picture	20	1309281	0	2	4145	3	0	4000	other	0
1205	62	Pulse	5	1317179	7898	2
1205	63	Picture	20	1327352	0	1	4145	2	0	4000	other	0
1205	63	Pulse	5	1337178	9826	2
1205	64	Picture	20	1345423	0	1	4144	3	0	4000	other	0
1205	64	Pulse	5	1357168	11745	2
1205	65	Picture	20	1363493	0	1	4145	2	0	4000	other	0
1205	65	Pulse	5	1377167	13674	2
1205	66	Picture	21	1381564	0	1	4145	2	0	4000	miss	0
1205	66	Pulse	5	1397167	15603	1
1205	67	Picture	20	1399635	0	1	4144	2	0	4000	other	0
1205	67	Pulse	5	1417156	17521	2
1205	68	Picture	20	1417705	0	1	4145	2	0	4000	other	0
1205	69	Picture	21	1435775	0	2	4145	4	0	4000	miss	0
1205	69	Pulse	5	1437156	1381	1
1205	70	Pulse	5	1457156	3309	1
1205	70	Pulse	5	1477144	23297	2
1205	71	Picture	10	1478880	0	1	4145	2	0	4000	other	0
1205	72	Picture	10	1496951	0	1	4144	3	0	4000	other	0
1205	72	Pulse	5	1497144	193	2
1205	73	Picture	11	1515021	0	2	4145	3	0	4000	hit	147
1205	73	Pulse	5	1517143	2122	2
1205	73	Response	1	1519223	4202	2
1205	74	Picture	10	1533092	0	1	4145	2	0	4000	other	0
1205	74	Pulse	5	1537133	4041	2
1205	75	Picture	11	1551163	0	1	4144	3	0	4000	hit	151
1205	75	Response	1	1555052	3889	3
1205	75	Pulse	5	1557132	5969	2
1205	76	Picture	10	1569233	0	2	4145	3	0	4000	other	0
1205	76	Pulse	5	1577132	7899	2
1205	77	Picture	10	1587304	0	1	4145	2	0	4000	other	0
1205	77	Pulse	5	1597121	9817	2
1205	78	Picture	11	1605375	0	1	4144	3	0	4000	hit	158
1205	78	Response	1	1611521	6146	1
1205	78	Pulse	5	1617120	11745	2
1205	79	Picture	10	1623445	0	1	4145	2	0	4000	other	0
1205	79	Pulse	5	1637120	13675	2
1205	80	Picture	10	1641516	0	1	4145	2	0	4000	other	0
1205	80	Pulse	5	1657109	15593	2
1205	81	Picture	10	1659587	0	1	4144	2	0	4000	other	0
1205	81	Pulse	5	1677109	17522	2
1205	82	Picture	10	1677657	0	1	4145	2	0	4000	other	0
1205	83	Picture	10	1695728	0	1	4144	3	0	4000	other	0
1205	83	Pulse	5	1697108	1380	2
1205	84	Picture	11	1713799	0	1	4144	2	0	4000	hit	171
1205	84	Pulse	5	1717098	3299	1
1205	84	Response	1	1717738	3939	1
1205	85	Picture	10	1731869	0	1	4145	2	0	4000	other	0
1205	85	Pulse	5	1737097	5228	2
1205	86	Picture	10	1749940	0	1	4144	3	0	4000	other	0
1205	86	Pulse	5	1757097	7157	1
1205	87	Pulse	5	1777086	9076	2
1205	88	Picture	30	1793044	0	1	4145	2	0	4000	other	0
1205	88	Pulse	5	1797085	4041	2
1205	89	Picture	30	1811115	0	1	4144	3	0	4000	other	0
1205	89	Pulse	5	1817085	5970	2
1205	90	Picture	30	1829185	0	2	4145	3	0	4000	other	0
1205	90	Pulse	5	1837074	7889	2
1205	91	Picture	31	1847256	0	1	4145	2	0	4000	hit	184
1205	91	Response	1	1850994	3738	2
1205	91	Pulse	5	1857074	9818	1
1205	92	Picture	31	1865327	0	1	4144	2	0	4000	hit	187
1205	92	Response	1	1868913	3586	2
1205	92	Pulse	5	1877073	11746	2
1205	93	Picture	30	1883397	0	2	4145	3	0	4000	other	0
1205	93	Pulse	5	1897063	13666	1
1205	94	Picture	30	1901468	0	1	4145	2	0	4000	other	0
1205	94	Pulse	5	1917062	15594	2
1205	95	Picture	30	1919539	0	1	4144	3	0	4000	other	0
1205	95	Pulse	5	1937061	17522	2
1205	96	Picture	31	1937609	0	2	4145	3	0	4000	hit	196
1205	96	Response	1	1941221	3612	2
1205	97	Picture	30	1955680	0	1	4145	2	0	4000	other	0
1205	97	Pulse	5	1957051	1371	2
1205	98	Picture	30	1973751	0	1	4144	2	0	4000	other	0
1205	98	Pulse	5	1977050	3299	2
1205	99	Picture	30	1991821	0	1	4145	2	0	4000	other	0
1205	99	Pulse	5	1997050	5229	2
1205	100	Picture	30	2009892	0	1	4144	3	0	4000	other	0
1205	100	Pulse	5	2017039	7147	3
1205	101	Picture	31	2027963	0	1	4144	2	0	4000	hit	206
1205	101	Response	1	2032079	4116	2
1205	101	Pulse	5	2037039	9076	2
1205	102	Picture	30	2046033	0	1	4145	2	0	4000	other	0
1205	102	Pulse	5	2057038	11005	2
1205	103	Picture	30	2064104	0	1	4144	3	0	4000	other	0
1205	103	Pulse	5	2077028	12924	1
1205	104	Pulse	5	2097027	14853	2
1205	105	Picture	10	2107208	0	1	4145	2	0	4000	other	0
1205	105	Pulse	5	2117026	9818	2
1205	106	Picture	10	2125279	0	1	4144	3	0	4000	other	0
1205	106	Pulse	5	2137016	11737	2
1205	107	Picture	11	2143349	0	2	4145	3	0	4000	hit	218
1205	107	Response	1	2150615	7266	2
1205	107	Pulse	5	2157015	13666	2
1205	108	Picture	10	2161420	0	1	4145	2	0	4000	other	0
1205	108	Pulse	5	2177015	15595	1
1205	109	Picture	11	2179491	0	1	4144	2	0	4000	hit	223
1205	109	Response	1	2182935	3444	1
1205	109	Pulse	5	2197004	17513	2
1205	110	Picture	10	2197561	0	2	4145	3	0	4000	other	0
1205	111	Picture	10	2215632	0	1	4145	2	0	4000	other	0
1205	111	Pulse	5	2217004	1372	1
1205	112	Picture	11	2233703	0	1	4144	2	0	4000	hit	230
1205	112	Pulse	5	2237003	3300	2
1205	112	Response	1	2237643	3940	2
1205	113	Picture	10	2251773	0	2	4145	3	0	4000	other	0
1205	113	Pulse	5	2256992	5219	2
1205	114	Picture	10	2269844	0	1	4144	3	0	4000	other	0
1205	114	Pulse	5	2276992	7148	2
1205	115	Picture	10	2287915	0	1	4144	2	0	4000	other	0
1205	115	Pulse	5	2296991	9076	2
1205	116	Picture	10	2305985	0	1	4145	2	0	4000	other	0
1205	116	Pulse	5	2316981	10996	2
1205	117	Picture	10	2324056	0	1	4144	3	0	4000	other	0
1205	117	Pulse	5	2336980	12924	2
1205	118	Picture	11	2342126	0	2	4145	3	0	4000	hit	242
1205	118	Response	1	2347060	4934	2
1205	118	Pulse	5	2357140	15014	1
1205	119	Picture	10	2360197	0	1	4145	2	0	4000	other	0
1205	119	Pulse	5	2377129	16932	2
1205	120	Picture	10	2378268	0	1	4144	3	0	4000	other	0
1205	121	Pulse	5	2397128	790	2
1205	121	Pulse	5	2417128	20790	2
1205	122	Picture	20	2421372	0	1	4145	2	0	4000	other	0
1205	122	Pulse	5	2437117	15745	2
1205	123	Picture	20	2439443	0	1	4144	3	0	4000	other	0
1205	123	Pulse	5	2457117	17674	2
1205	124	Picture	20	2457513	0	2	4145	3	0	4000	other	0
1205	125	Picture	21	2475584	0	1	4145	2	0	4000	hit	256
1205	125	Pulse	5	2477116	1532	2
1205	125	Response	1	2480476	4892	2
1205	126	Picture	20	2493655	0	1	4140	9	0	4000	other	0
1205	126	Pulse	5	2497106	3451	2
1205	127	Picture	20	2511725	0	2	4145	3	0	4000	other	0
1205	127	Pulse	5	2517105	5380	2
1205	128	Picture	21	2529796	0	1	4145	2	0	4000	hit	262
1205	128	Response	1	2534064	4268	28
1205	128	Pulse	5	2537104	7308	3
1205	129	Picture	20	2547867	0	1	4144	2	0	4000	other	0
1205	129	Pulse	5	2557094	9227	2
1205	130	Picture	20	2565937	0	2	4145	3	0	4000	other	0
1205	130	Pulse	5	2577093	11156	2
1205	131	Picture	20	2584008	0	1	4145	2	0	4000	other	0
1205	131	Pulse	5	2597093	13085	2
1205	132	Picture	21	2602079	0	1	4144	2	0	4000	hit	271
1205	132	Response	1	2606693	4614	1
1205	132	Pulse	5	2617082	15003	2
1205	133	Picture	20	2620149	0	1	4140	16	0	4000	other	0
1205	133	Pulse	5	2637082	16933	2
1205	134	Picture	20	2638220	0	1	4144	3	0	4000	other	0
1205	135	Picture	21	2656291	0	1	4144	2	0	4000	hit	278
1205	135	Pulse	5	2657081	790	2
1205	135	Response	1	2661081	4790	2
1205	136	Picture	20	2674361	0	1	4145	2	0	4000	other	0
1205	136	Pulse	5	2677071	2710	1
1205	137	Picture	20	2692432	0	1	4144	3	0	4000	other	0
1205	137	Pulse	5	2697070	4638	2
