Scenario - 1-back
Logfile written - 02/19/2015 17:37:43

Subject	Trial	Event Type	Code	Time	TTime	Uncertainty	Duration	Uncertainty	ReqTime	ReqDur	Stim Type	Pair Index

1205	1	Pulse	5	924732	934566	2
1205	2	Pulse	5	944732	19868	1
1205	3	Picture	10	949898	0	1	4144	3	0	4000	other	0
1205	3	Pulse	5	964731	14833	2
1205	4	Picture	10	967968	0	1	4145	2	0	4000	other	0
1205	4	Pulse	5	984721	16753	1
1205	5	Picture	11	986039	0	1	4145	2	0	4000	hit	8
1205	5	Response	1	989040	3001	2
1205	6	Picture	10	1004110	0	1	4144	2	0	4000	other	0
1205	6	Pulse	5	1004720	610	2
1205	7	Picture	11	1022180	0	1	4145	2	0	4000	hit	13
1205	7	Pulse	5	1024719	2539	2
1205	7	Response	1	1025359	3179	2
1205	8	Picture	10	1040251	0	1	4144	3	0	4000	other	0
1205	8	Pulse	5	1044710	4459	1
1205	9	Picture	10	1058321	0	2	4145	3	0	4000	other	0
1205	9	Pulse	5	1064708	6387	2
1205	10	Picture	10	1076392	0	1	4145	2	0	4000	other	0
1205	10	Pulse	5	1084708	8316	1
1205	11	Picture	11	1094463	0	1	4144	3	0	4000	hit	21
1205	11	Response	1	1098297	3834	2
1205	11	Pulse	5	1104697	10234	2
1205	12	Picture	10	1112533	0	2	4145	3	0	4000	other	0
1205	12	Pulse	5	1124857	12324	1
1205	13	Picture	10	1130604	0	1	4145	2	0	4000	other	0
1205	13	Pulse	5	1144856	14252	2
1205	14	Picture	11	1148675	0	1	4144	3	0	4000	hit	28
1205	14	Response	1	1152696	4021	2
1205	14	Pulse	5	1164845	16170	3
1205	15	Picture	10	1166745	0	1	4145	2	0	4000	other	0
1205	16	Picture	10	1184816	0	1	4145	2	0	4000	other	0
1205	16	Pulse	5	1184845	29	2
1205	17	Picture	10	1202887	0	1	4144	2	0	4000	other	0
1205	17	Pulse	5	1204844	1957	3
1205	18	Picture	10	1220957	0	1	4145	2	0	4000	other	0
1205	18	Pulse	5	1224834	3877	2
1205	19	Pulse	5	1244833	5805	2
1205	20	Picture	20	1264061	0	2	4145	3	0	4000	other	0
1205	20	Pulse	5	1264833	772	1
1205	21	Picture	20	1282132	0	1	4145	2	0	4000	other	0
1205	21	Pulse	5	1284822	2690	2
1205	22	Picture	21	1300203	0	1	4144	3	0	4000	hit	44
1205	22	Pulse	5	1304821	4618	2
1205	22	Response	1	1305461	5258	2
1205	23	Picture	20	1318273	0	1	4145	2	0	4000	other	0
1205	23	Pulse	5	1324821	6548	2
1205	24	Picture	20	1336344	0	1	4145	2	0	4000	other	0
1205	24	Pulse	5	1344810	8466	2
1205	25	Picture	20	1354415	0	1	4144	2	0	4000	other	0
1205	25	Pulse	5	1364810	10395	2
1205	26	Picture	21	1372485	0	1	4145	2	0	4000	hit	52
1205	26	Response	1	1376809	4324	2
1205	26	Pulse	5	1384809	12324	2
1205	27	Picture	20	1390556	0	1	4145	2	0	4000	other	0
1205	27	Pulse	5	1404799	14243	1
1205	28	Picture	20	1408627	0	1	4144	2	0	4000	other	0
1205	28	Pulse	5	1424798	16171	2
1205	29	Picture	20	1426697	0	1	4145	2	0	4000	other	0
1205	30	Picture	20	1444768	0	1	4144	3	0	4000	other	0
1205	30	Pulse	5	1444798	30	1
1205	31	Picture	20	1462838	0	2	4145	3	0	4000	other	0
1205	31	Pulse	5	1464788	1950	1
1205	32	Picture	21	1480909	0	1	4145	2	0	4000	hit	65
1205	32	Pulse	5	1484786	3877	2
1205	32	Response	1	1486067	5158	1
1205	33	Picture	20	1498980	0	1	4144	3	0	4000	other	0
1205	33	Pulse	5	1504786	5806	2
1205	34	Picture	20	1517050	0	2	4145	3	0	4000	other	0
1205	34	Pulse	5	1524775	7725	2
1205	35	Picture	21	1535121	0	1	4145	2	0	4000	hit	71
1205	35	Response	1	1539495	4374	2
1205	35	Pulse	5	1544775	9654	2
1205	36	Pulse	5	1564774	11582	2
1205	37	Picture	10	1578225	0	1	4145	2	0	4000	other	0
1205	37	Pulse	5	1584764	6539	1
1205	38	Picture	10	1596296	0	1	4144	3	0	4000	other	0
1205	38	Pulse	5	1604763	8467	2
1205	39	Picture	11	1614366	0	2	4145	3	0	4000	hit	79
1205	39	Response	1	1623003	8637	1
1205	39	Pulse	5	1624762	10396	2
1205	40	Picture	10	1632437	0	1	4145	2	0	4000	other	0
1205	40	Pulse	5	1644752	12315	2
1205	41	Picture	11	1650508	0	1	4144	3	0	4000	hit	84
1205	41	Response	1	1653844	3336	37
1205	41	Pulse	5	1664751	14243	3
1205	42	Picture	10	1668578	0	2	4145	3	0	4000	other	0
1205	42	Pulse	5	1684751	16173	2
1205	43	Picture	10	1686649	0	1	4145	2	0	4000	other	0
1205	44	Picture	10	1704720	0	1	4144	2	0	4000	other	0
1205	44	Pulse	5	1704740	20	2
1205	45	Picture	11	1722790	0	1	4145	2	0	4000	hit	93
1205	45	Pulse	5	1724740	1950	1
1205	45	Response	1	1726820	4030	1
1205	46	Picture	10	1740861	0	1	4145	2	0	4000	other	0
1205	46	Pulse	5	1744737	3876	12
1205	47	Picture	10	1758932	0	1	4144	2	0	4000	other	0
1205	47	Pulse	5	1764728	5796	9
1205	48	Picture	11	1777002	0	1	4145	2	0	4000	hit	99
1205	48	Response	1	1780888	3886	2
1205	48	Pulse	5	1784728	7726	2
1205	49	Picture	10	1795073	0	1	4144	3	0	4000	other	0
1205	49	Pulse	5	1804728	9655	1
1205	50	Picture	10	1813144	0	1	4144	2	0	4000	other	0
1205	50	Pulse	5	1824717	11573	2
1205	51	Picture	10	1831214	0	1	4145	2	0	4000	other	0
1205	51	Pulse	5	1844716	13502	2
1205	52	Picture	10	1849285	0	1	4144	3	0	4000	other	0
1205	52	Pulse	5	1864716	15431	1
1205	53	Pulse	5	1884705	17350	2
1205	54	Picture	30	1892389	0	1	4145	2	0	4000	other	0
1205	54	Pulse	5	1904705	12316	1
1205	55	Picture	30	1910460	0	1	4144	2	0	4000	other	0
1205	55	Pulse	5	1924704	14244	2
1205	56	Picture	31	1928530	0	1	4145	2	0	4000	hit	115
1205	56	Response	1	1932054	3524	2
1205	56	Pulse	5	1944693	16163	2
1205	57	Picture	30	1946601	0	1	4144	3	0	4000	other	0
1205	58	Picture	30	1964672	0	1	4144	2	0	4000	other	0
1205	58	Pulse	5	1964693	21	2
1205	59	Picture	30	1982742	0	1	4145	2	0	4000	other	0
1205	59	Pulse	5	1984692	1950	2
1205	60	Picture	31	2000813	0	1	4144	3	0	4000	hit	124
1205	60	Pulse	5	2004682	3869	2
1205	60	Response	1	2005322	4509	2
1205	61	Picture	31	2018883	0	2	4145	3	0	4000	miss	0
1205	61	Pulse	5	2024681	5798	2
1205	62	Picture	30	2036954	0	1	4145	2	0	4000	false_alarm	128
1205	62	Response	1	2043081	6127	2
1205	62	Pulse	5	2044681	7727	1
1205	63	Picture	30	2055025	0	1	4144	3	0	4000	other	0
1205	63	Pulse	5	2064670	9645	2
1205	64	Picture	30	2073095	0	2	4145	3	0	4000	other	0
1205	64	Pulse	5	2084670	11575	1
1205	65	Picture	31	2091166	0	1	4145	2	0	4000	hit	135
1205	65	Response	1	2097149	5983	2
1205	65	Pulse	5	2104669	13503	2
1205	66	Picture	30	2109237	0	1	4144	3	0	4000	false_alarm	138
1205	66	Response	1	2116659	7422	2
1205	66	Pulse	5	2124658	15421	3
1205	67	Picture	30	2127307	0	2	4145	3	0	4000	other	0
1205	67	Pulse	5	2144658	17351	2
1205	68	Picture	30	2145378	0	2	4145	3	0	4000	other	0
1205	69	Picture	30	2163449	0	1	4144	2	0	4000	other	0
1205	69	Pulse	5	2164817	1368	3
1205	70	Pulse	5	2184807	3288	1
1205	70	Pulse	5	2204806	23287	2
1205	71	Picture	10	2206553	0	1	4145	2	0	4000	other	0
1205	72	Picture	10	2224623	0	2	4145	3	0	4000	other	0
1205	72	Pulse	5	2224806	183	1
1205	73	Picture	11	2242694	0	1	4145	2	0	4000	hit	152
1205	73	Pulse	5	2244795	2101	2
1205	73	Response	1	2246075	3381	2
1205	74	Picture	10	2260765	0	1	4144	3	0	4000	other	0
1205	74	Pulse	5	2264794	4029	2
1205	75	Picture	11	2278835	0	2	4145	3	0	4000	hit	156
1205	75	Response	1	2282554	3719	2
1205	75	Pulse	5	2284794	5959	2
1205	76	Picture	10	2296906	0	1	4145	2	0	4000	other	0
1205	76	Pulse	5	2304783	7877	2
1205	77	Picture	10	2314977	0	1	4144	2	0	4000	other	0
1205	77	Pulse	5	2324783	9806	2
1205	78	Picture	11	2333047	0	2	4145	3	0	4000	hit	163
1205	78	Response	1	2338062	5015	2
1205	78	Pulse	5	2344782	11735	2
1205	79	Picture	10	2351118	0	1	4145	2	0	4000	other	0
1205	79	Pulse	5	2364772	13654	1
1205	80	Picture	10	2369189	0	1	4144	2	0	4000	other	0
1205	80	Pulse	5	2384771	15582	2
1205	81	Picture	10	2387259	0	1	4145	2	0	4000	other	0
1205	81	Pulse	5	2404770	17511	2
1205	82	Picture	10	2405330	0	1	4144	3	0	4000	other	0
1205	83	Picture	10	2423400	0	2	4145	3	0	4000	other	0
1205	83	Pulse	5	2424760	1360	2
1205	84	Picture	11	2441471	0	1	4145	2	0	4000	hit	176
1205	84	Pulse	5	2444759	3288	2
1205	84	Response	1	2445719	4248	2
1205	85	Picture	10	2459542	0	1	4144	3	0	4000	other	0
1205	85	Pulse	5	2464759	5217	2
1205	86	Picture	10	2477612	0	2	4145	3	0	4000	other	0
1205	86	Pulse	5	2484748	7136	2
1205	87	Pulse	5	2504748	9065	1
1205	88	Picture	20	2520717	0	1	4144	3	0	4000	other	0
1205	88	Pulse	5	2524747	4030	2
1205	89	Picture	20	2538787	0	2	4145	3	0	4000	other	0
1205	89	Pulse	5	2544737	5950	1
1205	90	Picture	20	2556858	0	1	4145	2	0	4000	other	0
1205	90	Pulse	5	2564737	7879	1
1205	91	Picture	21	2574929	0	1	4144	2	0	4000	hit	189
1205	91	Response	1	2579136	4207	1
1205	91	Pulse	5	2584735	9806	2
1205	92	Picture	20	2592999	0	1	4145	2	0	4000	other	0
1205	92	Pulse	5	2604725	11726	2
1205	93	Picture	20	2611070	0	1	4144	3	0	4000	other	0
1205	93	Pulse	5	2624724	13654	3
1205	94	Picture	21	2629140	0	2	4145	3	0	4000	hit	196
1205	94	Response	1	2634164	5024	2
1205	94	Pulse	5	2644724	15584	2
1205	95	Picture	20	2647211	0	1	4145	2	0	4000	other	0
1205	95	Pulse	5	2664713	17502	2
1205	96	Picture	20	2665282	0	1	4144	3	0	4000	other	0
1205	97	Picture	20	2683352	0	2	4145	3	0	4000	other	0
1205	97	Pulse	5	2684713	1361	1
1205	98	Picture	21	2701423	0	1	4145	2	0	4000	hit	205
1205	98	Pulse	5	2704712	3289	2
1205	98	Response	1	2705352	3929	2
1205	99	Picture	20	2719494	0	1	4144	3	0	4000	other	0
1205	99	Pulse	5	2724701	5207	2
1205	100	Picture	20	2737564	0	2	4145	3	0	4000	other	0
1205	100	Pulse	5	2744701	7137	2
1205	101	Picture	21	2755635	0	1	4145	2	0	4000	miss	0
1205	101	Pulse	5	2764700	9065	2
1205	102	Picture	20	2773706	0	1	4144	2	0	4000	other	0
1205	102	Pulse	5	2784690	10984	2
1205	103	Picture	20	2791776	0	1	4145	2	0	4000	other	0
1205	103	Pulse	5	2804689	12913	2
1205	104	Pulse	5	2824689	14842	1
1205	105	Picture	10	2834880	0	2	4145	3	0	4000	other	0
1205	105	Pulse	5	2844678	9798	2
1205	106	Picture	10	2852951	0	1	4145	2	0	4000	other	0
1205	106	Pulse	5	2864678	11727	1
1205	107	Picture	11	2871022	0	1	4144	3	0	4000	hit	222
1205	107	Response	1	2876197	5175	2
1205	107	Pulse	5	2884677	13655	2
1205	108	Picture	10	2889092	0	2	4145	3	0	4000	other	0
1205	108	Pulse	5	2904666	15574	2
1205	109	Picture	11	2907163	0	1	4145	2	0	4000	hit	227
1205	109	Response	1	2911226	4063	2
1205	109	Pulse	5	2924666	17503	2
1205	110	Picture	10	2925234	0	1	4144	3	0	4000	other	0
1205	111	Picture	10	2943304	0	2	4145	3	0	4000	other	0
1205	111	Pulse	5	2944665	1361	2
1205	112	Picture	11	2961375	0	1	4145	2	0	4000	hit	234
1205	112	Pulse	5	2964655	3280	1
1205	112	Response	1	2964975	3600	1
1205	113	Picture	10	2979446	0	1	4144	3	0	4000	other	0
1205	113	Pulse	5	2984654	5208	2
1205	114	Picture	10	2997516	0	2	4145	3	0	4000	other	0
1205	114	Pulse	5	3004644	7128	1
1205	115	Picture	10	3015587	0	1	4145	2	0	4000	other	0
1205	115	Pulse	5	3024643	9056	2
1205	116	Picture	10	3033658	0	1	4144	2	0	4000	other	0
1205	116	Pulse	5	3044642	10984	2
1205	117	Picture	10	3051728	0	1	4145	2	0	4000	other	0
1205	117	Pulse	5	3064632	12904	2
1205	118	Picture	11	3069799	0	1	4145	2	0	4000	hit	246
1205	118	Response	1	3073432	3633	2
1205	118	Pulse	5	3084631	14832	3
1205	119	Picture	10	3087870	0	1	4144	2	0	4000	other	0
1205	119	Pulse	5	3104631	16761	2
1205	120	Picture	10	3105940	0	1	4145	2	0	4000	other	0
1205	121	Pulse	5	3124620	609	2
1205	121	Pulse	5	3144620	20609	1
1205	122	Picture	30	3149044	0	2	4145	3	0	4000	other	0
1205	122	Pulse	5	3164619	15575	2
1205	123	Picture	30	3167115	0	1	4145	2	0	4000	other	0
1205	123	Pulse	5	3184608	17493	2
1205	124	Picture	30	3185186	0	1	4144	3	0	4000	other	0
1205	125	Picture	31	3203256	0	2	4145	3	0	4000	hit	260
1205	125	Pulse	5	3204768	1512	2
1205	125	Response	1	3208128	4872	2
1205	126	Picture	31	3221327	0	1	4145	2	0	4000	hit	263
1205	126	Pulse	5	3224767	3440	3
1205	126	Response	1	3225706	4379	317
1205	127	Picture	30	3239398	0	1	4144	2	0	4000	other	0
1205	127	Pulse	5	3244757	5359	2
1205	128	Picture	30	3257468	0	1	4145	2	0	4000	other	0
1205	128	Pulse	5	3264756	7288	2
1205	129	Picture	30	3275539	0	1	4145	2	0	4000	other	0
1205	129	Pulse	5	3284756	9217	1
1205	130	Picture	31	3293609	0	2	4145	3	0	4000	hit	271
1205	130	Response	1	3298355	4746	2
1205	130	Pulse	5	3304746	11137	1
1205	131	Picture	30	3311680	0	1	4145	3	0	4000	other	0
1205	131	Pulse	5	3324745	13065	1
1205	132	Picture	30	3329751	0	1	4144	3	0	4000	other	0
1205	132	Pulse	5	3344744	14993	2
1205	133	Picture	30	3347821	0	2	4145	3	0	4000	other	0
1205	133	Pulse	5	3364733	16912	2
1205	134	Picture	30	3365892	0	1	4145	2	0	4000	other	0
1205	135	Picture	31	3383963	0	1	4144	3	0	4000	hit	282
1205	135	Pulse	5	3384733	770	2
1205	135	Response	1	3388413	4450	2
1205	136	Picture	30	3402033	0	2	4145	3	0	4000	other	0
1205	136	Pulse	5	3404732	2699	2
1205	137	Picture	30	3420104	0	1	4145	2	0	4000	other	0
1205	137	Pulse	5	3424722	4618	1
