Scenario - 1-back
Logfile written - 02/20/2015 16:05:31

Subject	Trial	Event Type	Code	Time	TTime	Uncertainty	Duration	Uncertainty	ReqTime	ReqDur	Stim Type	Pair Index

1208	1	Pulse	5	209780	219614	1
1208	2	Pulse	5	229779	19946	2
1208	3	Picture	10	234867	0	1	4145	2	0	4000	other	0
1208	3	Pulse	5	249769	14902	2
1208	4	Picture	10	252938	0	1	4144	3	0	4000	other	0
1208	4	Pulse	5	269769	16831	1
1208	5	Picture	11	271008	0	2	4145	4	0	4000	hit	8
1208	5	Response	1	273608	2600	2
1208	6	Picture	10	289079	0	2	4145	3	0	4000	other	0
1208	6	Pulse	5	289768	689	2
1208	7	Picture	11	307150	0	2	4145	3	0	4000	hit	13
1208	7	Pulse	5	309758	2608	2
1208	7	Response	1	310878	3728	2
1208	8	Picture	10	325221	0	1	4145	2	0	4000	other	0
1208	8	Pulse	5	329757	4536	2
1208	9	Picture	10	343292	0	1	4145	2	0	4000	other	0
1208	9	Pulse	5	349757	6465	2
1208	10	Picture	10	361363	0	1	4144	3	0	4000	other	0
1208	10	Pulse	5	369747	8384	1
1208	11	Picture	11	379434	0	1	4144	2	0	4000	hit	21
1208	11	Response	1	382546	3112	2
1208	11	Pulse	5	389746	10312	2
1208	12	Picture	10	397504	0	2	4145	3	0	4000	other	0
1208	12	Pulse	5	409736	12232	2
1208	13	Picture	10	415575	0	1	4145	2	0	4000	other	0
1208	13	Pulse	5	429736	14161	1
1208	14	Picture	11	433645	0	2	4146	3	0	4000	hit	28
1208	14	Response	1	436295	2650	2
1208	14	Pulse	5	449736	16091	1
1208	15	Picture	10	451717	0	1	4145	2	0	4000	other	0
1208	15	Pulse	5	469725	18008	2
1208	16	Picture	10	469788	0	1	4144	3	0	4000	other	0
1208	17	Picture	10	487858	0	2	4145	3	0	4000	other	0
1208	17	Pulse	5	489724	1866	3
1208	18	Picture	10	505929	0	1	4145	2	0	4000	other	0
1208	18	Pulse	5	509724	3795	2
1208	19	Pulse	5	529714	5714	1
1208	20	Picture	30	549034	0	1	4145	2	0	4000	other	0
1208	20	Pulse	5	549713	679	2
1208	21	Picture	30	567105	0	1	4144	3	0	4000	other	0
1208	21	Pulse	5	569713	2608	2
1208	22	Picture	31	585176	0	1	4144	3	0	4000	hit	43
1208	22	Response	1	589063	3887	1
1208	22	Pulse	5	589703	4527	1
1208	23	Picture	30	603246	0	2	4145	3	0	4000	other	0
1208	23	Pulse	5	609702	6456	2
1208	24	Picture	30	621317	0	1	4145	2	0	4000	other	0
1208	24	Pulse	5	629702	8385	2
1208	25	Picture	30	639388	0	1	4145	2	0	4000	other	0
1208	25	Pulse	5	649691	10303	2
1208	26	Picture	31	657459	0	1	4145	2	0	4000	hit	52
1208	26	Response	1	660571	3112	2
1208	26	Pulse	5	669692	12233	1
1208	27	Picture	31	675530	0	1	4144	3	0	4000	hit	55
1208	27	Response	1	678971	3441	2
1208	27	Pulse	5	689691	14161	1
1208	28	Picture	30	693601	0	1	4144	2	0	4000	other	0
1208	28	Pulse	5	709680	16079	2
1208	29	Picture	30	711671	0	2	4145	3	0	4000	other	0
1208	29	Pulse	5	729679	18008	4
1208	30	Picture	30	729742	0	1	4145	2	0	4000	other	0
1208	31	Picture	31	747813	0	1	4145	2	0	4000	hit	64
1208	31	Pulse	5	749680	1867	1
1208	31	Response	1	750959	3146	2
1208	32	Picture	30	765884	0	1	4144	3	0	4000	other	0
1208	32	Pulse	5	769669	3785	2
1208	33	Picture	30	783955	0	1	4144	3	0	4000	other	0
1208	33	Pulse	5	789669	5714	2
1208	34	Picture	30	802025	0	2	4145	3	0	4000	other	0
1208	34	Pulse	5	809668	7643	2
1208	35	Picture	30	820096	0	2	4145	3	0	4000	other	0
1208	35	Pulse	5	829658	9562	2
1208	36	Pulse	5	849658	11491	1
1208	37	Picture	10	863201	0	1	4145	2	0	4000	other	0
1208	37	Pulse	5	869657	6456	2
1208	38	Picture	10	881272	0	1	4144	3	0	4000	other	0
1208	38	Pulse	5	889647	8375	2
1208	39	Picture	11	899343	0	1	4144	2	0	4000	hit	79
1208	39	Response	1	901967	2624	1
1208	39	Pulse	5	909647	10304	1
1208	40	Picture	10	917413	0	2	4145	3	0	4000	other	0
1208	40	Pulse	5	929646	12233	2
1208	41	Picture	11	935484	0	2	4145	3	0	4000	hit	84
1208	41	Response	1	939727	4243	1
1208	41	Pulse	5	949636	14152	2
1208	42	Picture	10	953555	0	1	4145	2	0	4000	other	0
1208	42	Pulse	5	969635	16080	3
1208	43	Picture	10	971626	0	1	4145	2	0	4000	other	0
1208	43	Pulse	5	989626	18000	13
1208	44	Picture	10	989697	0	1	4144	3	0	4000	other	0
1208	45	Picture	11	1007767	0	2	4145	3	0	4000	hit	93
1208	45	Pulse	5	1009625	1858	1
1208	45	Response	1	1010745	2978	1
1208	46	Picture	10	1025838	0	2	4145	3	0	4000	other	0
1208	46	Pulse	5	1029624	3786	2
1208	47	Picture	10	1043909	0	1	4145	2	0	4000	other	0
1208	47	Pulse	5	1049624	5715	2
1208	48	Picture	11	1061980	0	1	4145	2	0	4000	hit	99
1208	48	Response	1	1065944	3964	2
1208	48	Pulse	5	1069613	7633	2
1208	49	Picture	10	1080051	0	1	4144	3	0	4000	other	0
1208	49	Pulse	5	1089613	9562	2
1208	50	Picture	10	1098122	0	1	4144	2	0	4000	other	0
1208	50	Pulse	5	1109613	11491	2
1208	51	Picture	10	1116192	0	2	4145	3	0	4000	other	0
1208	51	Pulse	5	1129602	13410	2
1208	52	Picture	10	1134263	0	1	4145	2	0	4000	other	0
1208	52	Pulse	5	1149762	15499	2
1208	53	Pulse	5	1169762	17428	1
1208	54	Picture	20	1177368	0	1	4145	2	0	4000	other	0
1208	54	Pulse	5	1189751	12383	2
1208	55	Picture	20	1195439	0	1	4144	3	0	4000	other	0
1208	55	Pulse	5	1209751	14312	2
1208	56	Picture	21	1213510	0	1	4144	2	0	4000	hit	115
1208	56	Response	1	1216791	3281	2
1208	56	Pulse	5	1229751	16241	1
1208	57	Picture	20	1231580	0	2	4145	3	0	4000	other	0
1208	58	Picture	20	1249651	0	1	4145	2	0	4000	other	0
1208	58	Pulse	5	1249740	89	2
1208	59	Picture	20	1267722	0	1	4145	2	0	4000	other	0
1208	59	Pulse	5	1269740	2018	2
1208	60	Picture	21	1285793	0	1	4144	3	0	4000	hit	123
1208	60	Response	1	1289099	3306	2
1208	60	Pulse	5	1289739	3946	2
1208	61	Picture	20	1303864	0	1	4144	3	0	4000	other	0
1208	61	Pulse	5	1309729	5865	2
1208	62	Picture	20	1321935	0	1	4144	2	0	4000	other	0
1208	62	Pulse	5	1329729	7794	1
1208	63	Picture	20	1340005	0	1	4145	2	0	4000	other	0
1208	63	Pulse	5	1349728	9723	2
1208	64	Picture	20	1358076	0	1	4145	2	0	4000	other	0
1208	64	Pulse	5	1369718	11642	2
1208	65	Picture	20	1376147	0	1	4145	2	0	4000	other	0
1208	65	Pulse	5	1389717	13570	2
1208	66	Picture	21	1394218	0	1	4144	3	0	4000	hit	136
1208	66	Response	1	1398037	3819	2
1208	66	Pulse	5	1409717	15499	2
1208	67	Picture	20	1412288	0	2	4145	3	0	4000	other	0
1208	67	Pulse	5	1429707	17419	2
1208	68	Picture	20	1430359	0	2	4145	3	0	4000	other	0
1208	69	Picture	21	1448430	0	1	4145	2	0	4000	hit	143
1208	69	Pulse	5	1449706	1276	3
1208	69	Response	1	1452426	3996	3
1208	70	Pulse	5	1469706	3205	3
1208	70	Pulse	5	1489696	23195	1
1208	71	Picture	10	1491535	0	1	4145	2	0	4000	other	0
1208	72	Picture	10	1509606	0	1	4144	3	0	4000	other	0
1208	72	Pulse	5	1509695	89	2
1208	73	Picture	11	1527677	0	1	4144	2	0	4000	hit	151
1208	73	Pulse	5	1529695	2018	2
1208	73	Response	1	1530655	2978	2
1208	74	Picture	10	1545747	0	1	4145	2	0	4000	other	0
1208	74	Pulse	5	1549684	3937	2
1208	75	Picture	11	1563818	0	1	4145	2	0	4000	hit	155
1208	75	Response	1	1567924	4106	3
1208	75	Pulse	5	1569684	5866	2
1208	76	Picture	10	1581889	0	1	4145	2	0	4000	other	0
1208	76	Pulse	5	1589684	7795	1
1208	77	Picture	10	1599960	0	1	4144	3	0	4000	other	0
1208	77	Pulse	5	1609673	9713	2
1208	78	Picture	11	1618028	0	11	4147	13	0	4000	hit	162
1208	78	Response	1	1621833	3805	2
1208	78	Pulse	5	1629673	11645	2
1208	79	Picture	10	1636101	0	2	4145	3	0	4000	other	0
1208	79	Pulse	5	1649673	13572	1
1208	80	Picture	10	1654172	0	1	4145	2	0	4000	other	0
1208	80	Pulse	5	1669662	15490	2
1208	81	Picture	10	1672243	0	1	4145	2	0	4000	other	0
1208	81	Pulse	5	1689662	17419	2
1208	82	Picture	10	1690314	0	1	4145	2	0	4000	other	0
1208	83	Picture	10	1708385	0	1	4144	3	0	4000	other	0
1208	83	Pulse	5	1709661	1276	2
1208	84	Picture	11	1726456	0	1	4144	2	0	4000	hit	175
1208	84	Pulse	5	1729652	3196	1
1208	84	Response	1	1729971	3515	2
1208	85	Picture	10	1744526	0	2	4145	3	0	4000	other	0
1208	85	Pulse	5	1749651	5125	2
1208	86	Picture	10	1762597	0	1	4145	2	0	4000	other	0
1208	86	Pulse	5	1769650	7053	2
1208	87	Pulse	5	1789640	8972	2
1208	88	Picture	30	1805702	0	1	4144	3	0	4000	other	0
1208	88	Pulse	5	1809640	3938	1
1208	89	Picture	30	1823773	0	1	4144	3	0	4000	other	0
1208	89	Pulse	5	1829639	5866	2
1208	90	Picture	30	1841844	0	1	4144	2	0	4000	other	0
1208	90	Pulse	5	1849629	7785	2
1208	91	Picture	31	1859914	0	2	4145	3	0	4000	hit	188
1208	91	Response	1	1863069	3155	1
1208	91	Pulse	5	1869628	9714	2
1208	92	Picture	31	1877985	0	1	4145	2	0	4000	hit	191
1208	92	Response	1	1881308	3323	2
1208	92	Pulse	5	1889628	11643	2
1208	93	Picture	30	1896056	0	1	4145	2	0	4000	other	0
1208	93	Pulse	5	1909618	13562	2
1208	94	Picture	30	1914127	0	1	4144	3	0	4000	other	0
1208	94	Pulse	5	1929617	15490	3
1208	95	Picture	30	1932198	0	1	4144	3	0	4000	other	0
1208	95	Pulse	5	1949617	17419	2
1208	96	Picture	31	1950268	0	2	4145	3	0	4000	hit	200
1208	96	Response	1	1953137	2869	2
1208	97	Picture	30	1968339	0	1	4145	2	0	4000	other	0
1208	97	Pulse	5	1969607	1268	1
1208	98	Picture	30	1986410	0	1	4145	2	0	4000	other	0
1208	98	Pulse	5	1989606	3196	2
1208	99	Picture	30	2004481	0	1	4145	2	0	4000	other	0
1208	99	Pulse	5	2009606	5125	2
1208	100	Picture	30	2022552	0	1	4144	3	0	4000	other	0
1208	100	Pulse	5	2029595	7043	2
1208	101	Picture	31	2040623	0	1	4144	2	0	4000	hit	210
1208	101	Response	1	2043675	3052	2
1208	101	Pulse	5	2049595	8972	2
1208	102	Picture	30	2058693	0	1	4145	2	0	4000	other	0
1208	102	Pulse	5	2069595	10902	2
1208	103	Picture	30	2076764	0	1	4145	2	0	4000	other	0
1208	103	Pulse	5	2089584	12820	2
1208	104	Pulse	5	2109584	14749	2
1208	105	Picture	10	2119869	0	1	4145	2	0	4000	other	0
1208	105	Pulse	5	2129584	9715	1
1208	106	Picture	10	2137940	0	1	4144	3	0	4000	other	0
1208	106	Pulse	5	2149573	11633	2
1208	107	Picture	11	2156010	0	2	4145	3	0	4000	hit	222
1208	107	Response	1	2159173	3163	2
1208	107	Pulse	5	2169573	13563	2
1208	108	Picture	10	2174081	0	2	4145	3	0	4000	other	0
1208	108	Pulse	5	2189732	15651	2
1208	109	Picture	11	2192152	0	1	4145	2	0	4000	hit	227
1208	109	Response	1	2195812	3660	2
1208	109	Pulse	5	2209722	17570	2
1208	110	Picture	10	2210223	0	1	4145	2	0	4000	other	0
1208	111	Picture	10	2228294	0	1	4144	3	0	4000	other	0
1208	111	Pulse	5	2229722	1428	1
1208	112	Picture	11	2246365	0	1	4144	2	0	4000	hit	234
1208	112	Pulse	5	2249721	3356	2
1208	112	Response	1	2250041	3676	2
1208	113	Picture	10	2264435	0	2	4145	3	0	4000	other	0
1208	113	Pulse	5	2269711	5276	2
1208	114	Picture	10	2282506	0	1	4145	2	0	4000	other	0
1208	114	Pulse	5	2289711	7205	1
1208	115	Picture	10	2300577	0	1	4145	2	0	4000	other	0
1208	115	Pulse	5	2309710	9133	2
1208	116	Picture	10	2318648	0	1	4144	3	0	4000	other	0
1208	116	Pulse	5	2329700	11052	2
1208	117	Picture	10	2336719	0	1	4144	2	0	4000	other	0
1208	117	Pulse	5	2349699	12980	2
1208	118	Picture	11	2354789	0	2	4145	3	0	4000	hit	246
1208	118	Response	1	2357539	2750	2
1208	118	Pulse	5	2369699	14910	2
1208	119	Picture	10	2372860	0	1	4145	2	0	4000	other	0
1208	119	Pulse	5	2389689	16829	2
1208	120	Picture	10	2390931	0	1	4145	2	0	4000	other	0
1208	121	Pulse	5	2409688	686	3
1208	121	Pulse	5	2429688	20686	3
1208	122	Picture	20	2434036	0	1	4145	2	0	4000	other	0
1208	122	Pulse	5	2449678	15642	2
1208	123	Picture	20	2452107	0	1	4144	3	0	4000	other	0
1208	123	Pulse	5	2469677	17570	3
1208	124	Picture	20	2470177	0	2	4145	3	0	4000	other	0
1208	125	Picture	21	2488248	0	1	4145	2	0	4000	hit	260
1208	125	Pulse	5	2489675	1427	9
1208	125	Response	1	2491437	3189	2
1208	126	Picture	20	2506319	0	1	4145	2	0	4000	other	0
1208	126	Pulse	5	2509666	3347	2
1208	127	Picture	20	2524390	0	1	4145	2	0	4000	other	0
1208	127	Pulse	5	2529666	5276	2
1208	128	Picture	21	2542461	0	1	4144	3	0	4000	hit	266
1208	128	Response	1	2548226	5765	2
1208	128	Pulse	5	2549666	7205	1
1208	129	Picture	20	2560531	0	2	4145	3	0	4000	other	0
1208	129	Pulse	5	2569655	9124	2
1208	130	Picture	20	2578602	0	2	4145	3	0	4000	other	0
1208	130	Pulse	5	2589655	11053	2
1208	131	Picture	20	2596673	0	1	4145	2	0	4000	other	0
1208	131	Pulse	5	2609655	12982	1
1208	132	Picture	21	2614744	0	1	4145	2	0	4000	hit	275
1208	132	Response	1	2618295	3551	1
1208	132	Pulse	5	2629644	14900	2
1208	133	Picture	20	2632815	0	1	4145	2	0	4000	other	0
1208	133	Pulse	5	2649644	16829	2
1208	134	Picture	20	2650886	0	1	4144	2	0	4000	other	0
1208	135	Picture	21	2668956	0	2	4145	3	0	4000	hit	282
1208	135	Pulse	5	2669643	687	2
1208	135	Response	1	2672043	3087	2
1208	136	Picture	20	2687027	0	1	4145	2	0	4000	other	0
1208	136	Pulse	5	2689633	2606	2
1208	137	Picture	20	2705098	0	1	4145	2	0	4000	other	0
1208	137	Pulse	5	2709633	4535	1
