Scenario - 1-back
Logfile written - 02/20/2015 15:56:21

Subject	Trial	Event Type	Code	Time	TTime	Uncertainty	Duration	Uncertainty	ReqTime	ReqDur	Stim Type	Pair Index

1208	1	Pulse	5	1043103	1052937	2
1208	2	Pulse	5	1063103	19857	2
1208	3	Picture	10	1068280	0	1	4143	8	0	4000	other	0
1208	3	Pulse	5	1083093	14813	1
1208	4	Picture	10	1086350	0	2	4145	3	0	4000	other	0
1208	4	Pulse	5	1103092	16742	2
1208	5	Picture	11	1104421	0	1	4145	2	0	4000	hit	8
1208	5	Response	1	1107572	3151	2
1208	6	Picture	10	1122492	0	1	4145	2	0	4000	other	0
1208	6	Pulse	5	1123092	600	2
1208	7	Picture	11	1140563	0	1	4145	2	0	4000	hit	13
1208	7	Pulse	5	1143081	2518	3
1208	7	Response	1	1145641	5078	3
1208	8	Picture	10	1158634	0	1	4144	3	0	4000	other	0
1208	8	Pulse	5	1163081	4447	2
1208	9	Picture	10	1176705	0	1	4144	2	0	4000	other	0
1208	9	Pulse	5	1183081	6376	2
1208	10	Picture	10	1194775	0	2	4145	3	0	4000	other	0
1208	10	Pulse	5	1203070	8295	2
1208	11	Picture	11	1212846	0	1	4145	2	0	4000	hit	21
1208	11	Response	1	1215710	2864	2
1208	11	Pulse	5	1223070	10224	2
1208	12	Picture	10	1230917	0	1	4145	2	0	4000	other	0
1208	12	Pulse	5	1243070	12153	1
1208	13	Picture	10	1248988	0	1	4144	3	0	4000	other	0
1208	13	Pulse	5	1263059	14071	2
1208	14	Picture	11	1267059	0	1	4144	3	0	4000	hit	28
1208	14	Response	1	1272019	4960	2
1208	14	Pulse	5	1283060	16001	1
1208	15	Picture	10	1285129	0	2	4145	3	0	4000	other	0
1208	15	Pulse	5	1303058	17929	2
1208	16	Picture	10	1303200	0	1	4145	2	0	4000	other	0
1208	17	Picture	10	1321271	0	1	4145	2	0	4000	other	0
1208	17	Pulse	5	1323048	1777	2
1208	18	Picture	10	1339342	0	1	4145	2	0	4000	other	0
1208	18	Pulse	5	1343048	3706	2
1208	19	Pulse	5	1363048	5635	1
1208	20	Picture	30	1382612	0	2	4145	4	0	4000	other	0
1208	20	Pulse	5	1383037	425	2
1208	21	Picture	30	1400683	0	1	4145	2	0	4000	other	0
1208	21	Pulse	5	1403037	2354	1
1208	22	Picture	31	1418754	0	1	4145	2	0	4000	hit	43
1208	22	Response	1	1422236	3482	2
1208	22	Pulse	5	1423036	4282	2
1208	23	Picture	30	1436825	0	1	4144	3	0	4000	other	0
1208	23	Pulse	5	1443026	6201	2
1208	24	Picture	30	1454896	0	1	4144	3	0	4000	other	0
1208	24	Pulse	5	1463026	8130	1
1208	25	Picture	30	1472966	0	2	4145	3	0	4000	other	0
1208	25	Pulse	5	1483025	10059	2
1208	26	Picture	31	1491037	0	1	4145	2	0	4000	hit	52
1208	26	Response	1	1494375	3338	2
1208	26	Pulse	5	1503015	11978	1
1208	27	Picture	31	1509108	0	1	4145	2	0	4000	hit	55
1208	27	Response	1	1518854	9746	2
1208	27	Pulse	5	1523014	13906	3
1208	28	Picture	30	1527179	0	1	4144	3	0	4000	other	0
1208	28	Pulse	5	1543014	15835	2
1208	29	Picture	30	1545250	0	1	4144	3	0	4000	other	0
1208	29	Pulse	5	1563004	17754	2
1208	30	Picture	30	1563320	0	2	4145	3	0	4000	other	0
1208	31	Picture	31	1581391	0	1	4145	2	0	4000	hit	64
1208	31	Pulse	5	1583003	1612	5
1208	31	Response	1	1585403	4012	2
1208	32	Picture	30	1599462	0	1	4145	2	0	4000	other	0
1208	32	Pulse	5	1603003	3541	3
1208	33	Picture	30	1617533	0	1	4145	2	0	4000	other	0
1208	33	Pulse	5	1622992	5459	3
1208	34	Picture	30	1635604	0	1	4144	3	0	4000	other	0
1208	34	Pulse	5	1642992	7388	2
1208	35	Picture	30	1653675	0	1	4144	2	0	4000	other	0
1208	35	Pulse	5	1662992	9317	2
1208	36	Pulse	5	1682981	11236	2
1208	37	Picture	10	1696779	0	2	4145	3	0	4000	other	0
1208	37	Pulse	5	1702981	6202	2
1208	38	Picture	10	1714850	0	1	4145	2	0	4000	other	0
1208	38	Pulse	5	1722981	8131	1
1208	39	Picture	11	1732921	0	1	4145	2	0	4000	hit	79
1208	39	Response	1	1735450	2529	2
1208	39	Pulse	5	1742970	10049	2
1208	40	Picture	10	1750992	0	1	4144	3	0	4000	other	0
1208	40	Pulse	5	1762970	11978	2
1208	41	Picture	11	1769062	0	2	4145	3	0	4000	hit	84
1208	41	Response	1	1773530	4468	1
1208	41	Pulse	5	1782969	13907	2
1208	42	Picture	10	1787133	0	2	4145	3	0	4000	other	0
1208	42	Pulse	5	1802959	15826	2
1208	43	Picture	10	1805204	0	1	4145	2	0	4000	other	0
1208	43	Pulse	5	1822959	17755	1
1208	44	Picture	10	1823275	0	1	4145	2	0	4000	other	0
1208	45	Picture	11	1841346	0	1	4144	3	0	4000	hit	93
1208	45	Pulse	5	1842959	1613	1
1208	45	Response	1	1844238	2892	2
1208	46	Picture	10	1859417	0	1	4144	3	0	4000	other	0
1208	46	Pulse	5	1862948	3531	2
1208	47	Picture	10	1877487	0	2	4145	3	0	4000	other	0
1208	47	Pulse	5	1882948	5461	1
1208	48	Picture	11	1895558	0	1	4145	2	0	4000	hit	99
1208	48	Response	1	1900067	4509	2
1208	48	Pulse	5	1902947	7389	2
1208	49	Picture	10	1913795	0	1	4145	2	0	4000	other	0
1208	49	Pulse	5	1922937	9142	2
1208	50	Picture	10	1931866	0	1	4144	3	0	4000	other	0
1208	50	Pulse	5	1942936	11070	2
1208	51	Picture	10	1949937	0	1	4144	2	0	4000	other	0
1208	51	Pulse	5	1962936	12999	2
1208	52	Picture	10	1968007	0	2	4145	3	0	4000	other	0
1208	52	Pulse	5	1982926	14919	1
1208	53	Pulse	5	2003085	17007	2
1208	54	Picture	20	2011112	0	1	4145	2	0	4000	other	0
1208	54	Pulse	5	2023085	11973	2
1208	55	Picture	20	2029183	0	1	4145	2	0	4000	other	0
1208	55	Pulse	5	2043075	13892	1
1208	56	Picture	21	2047254	0	1	4144	3	0	4000	hit	115
1208	56	Response	1	2050434	3180	2
1208	56	Pulse	5	2063074	15820	2
1208	57	Picture	20	2065325	0	1	4144	2	0	4000	other	0
1208	57	Pulse	5	2083074	17749	2
1208	58	Picture	20	2083395	0	1	4145	2	0	4000	other	0
1208	59	Picture	20	2101466	0	1	4145	2	0	4000	other	0
1208	59	Pulse	5	2103063	1597	3
1208	60	Picture	21	2119537	0	1	4145	2	0	4000	hit	123
1208	60	Response	1	2122743	3206	2
1208	60	Pulse	5	2123063	3526	2
1208	61	Picture	20	2137608	0	1	4144	3	0	4000	other	0
1208	61	Pulse	5	2143063	5455	2
1208	62	Picture	20	2155679	0	1	4144	2	0	4000	other	0
1208	62	Pulse	5	2163052	7373	2
1208	63	Picture	20	2173749	0	2	4145	3	0	4000	other	0
1208	63	Pulse	5	2183052	9303	2
1208	64	Picture	20	2191820	0	1	4145	2	0	4000	other	0
1208	64	Pulse	5	2203052	11232	1
1208	65	Picture	20	2209891	0	1	4145	2	0	4000	other	0
1208	65	Pulse	5	2223041	13150	2
1208	66	Picture	21	2227962	0	1	4145	2	0	4000	hit	136
1208	66	Response	1	2231681	3719	2
1208	66	Pulse	5	2243041	15079	2
1208	67	Picture	20	2246033	0	1	4144	2	0	4000	other	0
1208	67	Pulse	5	2263030	16997	2
1208	68	Picture	20	2264103	0	2	4145	3	0	4000	other	0
1208	69	Picture	21	2282174	0	1	4145	2	0	4000	hit	143
1208	69	Pulse	5	2283030	856	2
1208	69	Response	1	2285110	2936	2
1208	70	Pulse	5	2303030	2785	1
1208	70	Pulse	5	2323019	22774	2
1208	71	Picture	10	2325279	0	1	4145	2	0	4000	other	0
1208	71	Pulse	5	2343019	17740	2
1208	72	Picture	10	2343350	0	1	4145	2	0	4000	other	0
1208	73	Picture	11	2361421	0	1	4144	3	0	4000	hit	151
1208	73	Pulse	5	2363019	1598	1
1208	73	Response	1	2364458	3037	3
1208	74	Picture	10	2379491	0	2	4145	3	0	4000	other	0
1208	74	Pulse	5	2383008	3517	2
1208	75	Picture	11	2397562	0	1	4145	2	0	4000	hit	155
1208	75	Response	1	2401888	4326	2
1208	75	Pulse	5	2403008	5446	2
1208	76	Picture	10	2415633	0	1	4144	3	0	4000	other	0
1208	76	Pulse	5	2423007	7374	2
1208	77	Picture	10	2433704	0	1	4144	3	0	4000	other	0
1208	77	Pulse	5	2442997	9293	2
1208	78	Picture	11	2451775	0	1	4144	3	0	4000	hit	162
1208	78	Response	1	2454829	3054	10
1208	78	Pulse	5	2462997	11222	1
1208	79	Picture	10	2469846	0	1	4144	2	0	4000	other	0
1208	79	Pulse	5	2482996	13150	2
1208	80	Picture	10	2487916	0	2	4145	3	0	4000	other	0
1208	80	Pulse	5	2502986	15070	2
1208	81	Picture	10	2505987	0	1	4145	2	0	4000	other	0
1208	81	Pulse	5	2522986	16999	1
1208	82	Picture	10	2524058	0	1	4145	2	0	4000	other	0
1208	83	Picture	10	2542129	0	1	4144	3	0	4000	other	0
1208	83	Pulse	5	2542985	856	2
1208	84	Picture	11	2560200	0	1	4144	2	0	4000	hit	175
1208	84	Pulse	5	2562975	2775	2
1208	84	Response	1	2563135	2935	2
1208	85	Picture	10	2578270	0	2	4145	3	0	4000	other	0
1208	85	Pulse	5	2582974	4704	3
1208	86	Picture	10	2596341	0	1	4145	2	0	4000	other	0
1208	86	Pulse	5	2602974	6633	2
1208	87	Pulse	5	2622964	8552	1
1208	88	Picture	30	2639446	0	1	4145	2	0	4000	other	0
1208	88	Pulse	5	2642963	3517	2
1208	89	Picture	30	2657517	0	1	4144	3	0	4000	other	0
1208	89	Pulse	5	2662963	5446	2
1208	90	Picture	30	2675588	0	1	4144	2	0	4000	other	0
1208	90	Pulse	5	2682953	7365	1
1208	91	Picture	31	2693658	0	2	4145	3	0	4000	hit	188
1208	91	Response	1	2698792	5134	2
1208	91	Pulse	5	2702952	9294	2
1208	92	Picture	31	2711729	0	1	4145	2	0	4000	hit	191
1208	92	Response	1	2714792	3063	2
1208	92	Pulse	5	2722952	11223	2
1208	93	Picture	30	2729800	0	1	4145	2	0	4000	other	0
1208	93	Pulse	5	2742941	13141	2
1208	94	Picture	30	2747871	0	1	4145	2	0	4000	other	0
1208	94	Pulse	5	2762941	15070	2
1208	95	Picture	30	2765942	0	1	4144	3	0	4000	other	0
1208	95	Pulse	5	2782941	16999	1
1208	96	Picture	31	2784012	0	2	4145	3	0	4000	hit	200
1208	96	Response	1	2786781	2769	1
1208	97	Picture	30	2802083	0	1	4145	2	0	4000	other	0
1208	97	Pulse	5	2802930	847	2
1208	98	Picture	30	2820154	0	1	4145	2	0	4000	other	0
1208	98	Pulse	5	2822930	2776	2
1208	99	Picture	30	2838225	0	1	4142	8	0	4000	other	0
1208	99	Pulse	5	2842930	4705	1
1208	100	Picture	30	2856296	0	1	4144	3	0	4000	other	0
1208	100	Pulse	5	2862919	6623	2
1208	101	Picture	31	2874367	0	1	4144	2	0	4000	hit	210
1208	101	Response	1	2877159	2792	2
1208	101	Pulse	5	2882919	8552	2
1208	102	Picture	30	2892437	0	2	4145	3	0	4000	other	0
1208	102	Pulse	5	2902918	10481	2
1208	103	Picture	30	2910508	0	1	4145	2	0	4000	other	0
1208	103	Pulse	5	2922908	12400	2
1208	104	Pulse	5	2942908	14329	1
1208	105	Picture	10	2953613	0	1	4145	2	0	4000	other	0
1208	105	Pulse	5	2962907	9294	2
1208	106	Picture	10	2971684	0	1	4144	3	0	4000	other	0
1208	106	Pulse	5	2982898	11214	1
1208	107	Picture	11	2989755	0	1	4144	2	0	4000	hit	222
1208	107	Response	1	2993937	4182	1
1208	107	Pulse	5	3002897	13142	1
1208	108	Picture	10	3007825	0	2	4145	3	0	4000	other	0
1208	108	Pulse	5	3023056	15231	2
1208	109	Picture	11	3025896	0	1	4145	2	0	4000	hit	227
1208	109	Response	1	3030097	4201	1
1208	109	Pulse	5	3043046	17150	2
1208	110	Picture	10	3043967	0	1	4145	2	0	4000	other	0
1208	111	Picture	10	3062038	0	1	4144	3	0	4000	other	0
1208	111	Pulse	5	3063047	1009	1
1208	112	Picture	11	3080109	0	1	4144	2	0	4000	hit	234
1208	112	Pulse	5	3083045	2936	2
1208	112	Response	1	3084165	4056	2
1208	113	Picture	10	3098179	0	2	4145	3	0	4000	other	0
1208	113	Pulse	5	3103035	4856	1
1208	114	Picture	10	3116250	0	1	4145	2	0	4000	other	0
1208	114	Pulse	5	3123034	6784	2
1208	115	Picture	10	3134321	0	1	4145	2	0	4000	other	0
1208	115	Pulse	5	3143034	8713	2
1208	116	Picture	10	3152392	0	1	4144	3	0	4000	other	0
1208	116	Pulse	5	3163024	10632	1
1208	117	Picture	10	3170463	0	1	4144	3	0	4000	other	0
1208	117	Pulse	5	3183023	12560	2
1208	118	Picture	11	3188533	0	2	4145	3	0	4000	hit	246
1208	118	Response	1	3191823	3290	2
1208	118	Pulse	5	3203023	14490	2
1208	119	Picture	10	3206604	0	1	4145	2	0	4000	other	0
1208	119	Pulse	5	3223012	16408	2
1208	120	Picture	10	3224675	0	1	4145	2	0	4000	other	0
1208	121	Pulse	5	3243012	266	2
1208	121	Pulse	5	3263012	20266	1
1208	122	Picture	20	3267780	0	1	4145	2	0	4000	other	0
1208	122	Pulse	5	3283001	15221	2
1208	123	Picture	20	3285851	0	1	4144	2	0	4000	other	0
1208	123	Pulse	5	3303001	17150	2
1208	124	Picture	20	3303921	0	2	4145	3	0	4000	other	0
1208	125	Picture	21	3321992	0	1	4145	2	0	4000	hit	260
1208	125	Pulse	5	3323001	1009	1
1208	125	Response	1	3324921	2929	1
1208	126	Picture	20	3340063	0	1	4145	2	0	4000	other	0
1208	126	Pulse	5	3342990	2927	2
1208	127	Picture	20	3358134	0	1	4145	2	0	4000	other	0
1208	127	Pulse	5	3362990	4856	1
1208	128	Picture	21	3376205	0	1	4144	3	0	4000	hit	266
1208	128	Response	1	3380269	4064	2
1208	128	Pulse	5	3382989	6784	2
1208	129	Picture	20	3394276	0	1	4144	2	0	4000	other	0
1208	129	Pulse	5	3402979	8703	2
1208	130	Picture	20	3412346	0	2	4145	3	0	4000	other	0
1208	130	Pulse	5	3422979	10633	2
1208	131	Picture	20	3430417	0	1	4145	2	0	4000	other	0
1208	131	Pulse	5	3442978	12561	2
1208	132	Picture	21	3448488	0	1	4145	2	0	4000	hit	275
1208	132	Response	1	3451618	3130	2
1208	132	Pulse	5	3462968	14480	2
1208	133	Picture	20	3466559	0	1	4145	2	0	4000	other	0
1208	133	Pulse	5	3482967	16408	2
1208	134	Picture	20	3484630	0	1	4144	3	0	4000	other	0
1208	135	Picture	21	3502700	0	2	4145	3	0	4000	hit	282
1208	135	Pulse	5	3502967	267	2
1208	135	Response	1	3505847	3147	2
1208	136	Picture	20	3520771	0	2	4145	3	0	4000	other	0
1208	136	Pulse	5	3522957	2186	2
1208	137	Picture	20	3538842	0	1	4145	2	0	4000	other	0
1208	137	Pulse	5	3542956	4114	3
