Scenario - 1-back
Logfile written - 02/20/2015 16:00:56

Subject	Trial	Event Type	Code	Time	TTime	Uncertainty	Duration	Uncertainty	ReqTime	ReqDur	Stim Type	Pair Index

1208	1	Pulse	5	206337	216171	1
1208	2	Pulse	5	226336	19819	2
1208	3	Picture	10	231551	0	1	4145	2	0	4000	other	0
1208	3	Pulse	5	246326	14775	2
1208	4	Picture	10	249622	0	1	4145	2	0	4000	other	0
1208	4	Pulse	5	266326	16704	1
1208	5	Picture	11	267693	0	1	4145	2	0	4000	hit	8
1208	5	Response	1	271125	3432	2
1208	6	Picture	10	285764	0	1	4144	3	0	4000	other	0
1208	6	Pulse	5	286326	562	1
1208	7	Picture	11	303835	0	1	4144	2	0	4000	hit	13
1208	7	Pulse	5	306315	2480	2
1208	7	Response	1	309035	5200	1
1208	8	Picture	10	321905	0	1	4145	2	0	4000	other	0
1208	8	Pulse	5	326314	4409	2
1208	9	Picture	10	339976	0	1	4145	2	0	4000	other	0
1208	9	Pulse	5	346314	6338	2
1208	10	Picture	10	358047	0	1	4145	2	0	4000	other	0
1208	10	Pulse	5	366304	8257	1
1208	11	Picture	11	376118	0	1	4144	3	0	4000	hit	21
1208	11	Response	1	380383	4265	2
1208	11	Pulse	5	386303	10185	2
1208	12	Picture	10	394189	0	1	4144	3	0	4000	other	0
1208	12	Pulse	5	406304	12115	1
1208	13	Picture	10	412259	0	2	4145	3	0	4000	other	0
1208	13	Pulse	5	426292	14033	2
1208	14	Picture	11	430330	0	1	4145	2	0	4000	hit	28
1208	14	Response	1	434612	4282	2
1208	14	Pulse	5	446292	15962	2
1208	15	Picture	10	448401	0	1	4145	2	0	4000	other	0
1208	15	Pulse	5	466292	17891	2
1208	16	Picture	10	466472	0	1	4145	2	0	4000	other	0
1208	17	Picture	10	484543	0	1	4144	3	0	4000	other	0
1208	17	Pulse	5	486281	1738	2
1208	18	Picture	10	502613	0	2	4145	3	0	4000	other	0
1208	18	Pulse	5	506281	3668	2
1208	19	Pulse	5	526281	5597	1
1208	20	Picture	20	545884	0	1	4145	2	0	4000	other	0
1208	20	Pulse	5	546270	386	3
1208	21	Picture	20	563955	0	1	4144	3	0	4000	other	0
1208	21	Pulse	5	566270	2315	2
1208	22	Picture	21	582026	0	1	4144	2	0	4000	hit	43
1208	22	Response	1	585629	3603	3
1208	22	Pulse	5	586269	4243	3
1208	23	Picture	20	600096	0	2	4145	3	0	4000	other	0
1208	23	Pulse	5	606259	6163	2
1208	24	Picture	20	618167	0	1	4145	2	0	4000	other	0
1208	24	Pulse	5	626259	8092	2
1208	25	Picture	20	636238	0	1	4145	2	0	4000	other	0
1208	25	Pulse	5	646258	10020	2
1208	26	Picture	21	654309	0	1	4145	2	0	4000	hit	52
1208	26	Response	1	657448	3139	2
1208	26	Pulse	5	666248	11939	2
1208	27	Picture	20	672380	0	1	4144	3	0	4000	other	0
1208	27	Pulse	5	686248	13868	1
1208	28	Picture	20	690451	0	1	4144	2	0	4000	other	0
1208	28	Pulse	5	706247	15796	2
1208	29	Picture	20	708521	0	2	4145	3	0	4000	other	0
1208	29	Pulse	5	726237	17716	2
1208	30	Picture	20	726592	0	1	4145	2	0	4000	other	0
1208	31	Picture	20	744663	0	1	4145	2	0	4000	other	0
1208	31	Pulse	5	746237	1574	1
1208	32	Picture	21	762734	0	1	4144	3	0	4000	hit	64
1208	32	Response	1	765916	3182	2
1208	32	Pulse	5	766237	3503	1
1208	33	Picture	20	780805	0	1	4144	3	0	4000	other	0
1208	33	Pulse	5	786226	5421	2
1208	34	Picture	20	798875	0	2	4145	3	0	4000	other	0
1208	34	Pulse	5	806226	7351	1
1208	35	Picture	21	816946	0	1	4145	2	0	4000	hit	71
1208	35	Response	1	819826	2880	1
1208	35	Pulse	5	826226	9280	1
1208	36	Pulse	5	846215	11198	2
1208	37	Picture	10	860051	0	1	4145	2	0	4000	other	0
1208	37	Pulse	5	866214	6163	3
1208	38	Picture	10	878122	0	1	4144	3	0	4000	other	0
1208	38	Pulse	5	886213	8091	4
1208	39	Picture	11	896193	0	1	4144	2	0	4000	hit	79
1208	39	Response	1	899644	3451	1
1208	39	Pulse	5	906203	10010	3
1208	40	Picture	10	914263	0	2	4145	3	0	4000	other	0
1208	40	Pulse	5	926203	11940	3
1208	41	Picture	11	932334	0	1	4145	2	0	4000	hit	84
1208	41	Response	1	936763	4429	2
1208	41	Pulse	5	946203	13869	2
1208	42	Picture	10	950405	0	1	4145	2	0	4000	other	0
1208	42	Pulse	5	966192	15787	3
1208	43	Picture	10	968476	0	1	4145	2	0	4000	other	0
1208	43	Pulse	5	986192	17716	2
1208	44	Picture	10	986547	0	1	4144	3	0	4000	other	0
1208	45	Picture	11	1004618	0	1	4144	2	0	4000	hit	93
1208	45	Pulse	5	1006192	1574	2
1208	45	Response	1	1008102	3484	2
1208	46	Picture	10	1022688	0	2	4145	3	0	4000	other	0
1208	46	Pulse	5	1026181	3493	3
1208	47	Picture	10	1040759	0	1	4145	2	0	4000	other	0
1208	47	Pulse	5	1046181	5422	2
1208	48	Picture	11	1058830	0	1	4145	2	0	4000	hit	99
1208	48	Response	1	1062500	3670	3
1208	48	Pulse	5	1066180	7350	3
1208	49	Picture	10	1076900	0	2	4145	4	0	4000	other	0
1208	49	Pulse	5	1086170	9270	2
1208	50	Picture	10	1094972	0	1	4144	3	0	4000	other	0
1208	50	Pulse	5	1106170	11198	2
1208	51	Picture	10	1113042	0	2	4145	3	0	4000	other	0
1208	51	Pulse	5	1126169	13127	2
1208	52	Picture	10	1131113	0	1	4145	2	0	4000	other	0
1208	52	Pulse	5	1146319	15206	2
1208	53	Pulse	5	1166319	17135	1
1208	54	Picture	30	1174218	0	1	4145	2	0	4000	other	0
1208	54	Pulse	5	1186318	12100	2
1208	55	Picture	30	1192289	0	1	4144	3	0	4000	other	0
1208	55	Pulse	5	1206308	14019	2
1208	56	Picture	31	1210360	0	1	4144	2	0	4000	hit	115
1208	56	Response	1	1213348	2988	1
1208	56	Pulse	5	1226307	15947	2
1208	57	Picture	30	1228430	0	2	4145	3	0	4000	other	0
1208	57	Pulse	5	1246297	17867	2
1208	58	Picture	30	1246501	0	1	4145	2	0	4000	other	0
1208	59	Picture	30	1264572	0	1	4145	2	0	4000	other	0
1208	59	Pulse	5	1266297	1725	2
1208	60	Picture	31	1282643	0	1	4145	2	0	4000	hit	124
1208	60	Pulse	5	1286296	3653	2
1208	60	Response	1	1286936	4293	2
1208	61	Picture	31	1300714	0	1	4144	3	0	4000	hit	126
1208	61	Response	1	1303736	3022	2
1208	61	Pulse	5	1306286	5572	2
1208	62	Picture	30	1318784	0	2	4145	3	0	4000	other	0
1208	62	Pulse	5	1326286	7502	1
1208	63	Picture	30	1336855	0	1	4145	2	0	4000	other	0
1208	63	Pulse	5	1346285	9430	2
1208	64	Picture	30	1354926	0	1	4145	2	0	4000	other	0
1208	64	Pulse	5	1366275	11349	2
1208	65	Picture	31	1372997	0	1	4145	2	0	4000	hit	135
1208	65	Response	1	1376035	3038	1
1208	65	Pulse	5	1386274	13277	2
1208	66	Picture	30	1391068	0	1	4144	3	0	4000	other	0
1208	66	Pulse	5	1406274	15206	2
1208	67	Picture	30	1409138	0	2	4145	3	0	4000	other	0
1208	67	Pulse	5	1426264	17126	1
1208	68	Picture	30	1427209	0	2	4145	3	0	4000	other	0
1208	69	Picture	30	1445280	0	1	4145	2	0	4000	other	0
1208	69	Pulse	5	1446263	983	2
1208	70	Pulse	5	1466264	2913	1
1208	70	Pulse	5	1486252	22901	3
1208	71	Picture	10	1488385	0	1	4145	2	0	4000	other	0
1208	71	Pulse	5	1506252	17867	3
1208	72	Picture	10	1506456	0	1	4144	3	0	4000	other	0
1208	73	Picture	11	1524527	0	1	4144	2	0	4000	hit	151
1208	73	Pulse	5	1526252	1725	2
1208	73	Response	1	1529132	4605	2
1208	74	Picture	10	1542597	0	2	4145	3	0	4000	other	0
1208	74	Pulse	5	1546242	3645	1
1208	75	Picture	11	1560668	0	1	4145	2	0	4000	hit	155
1208	75	Response	1	1564161	3493	2
1208	75	Pulse	5	1566241	5573	2
1208	76	Picture	10	1578739	0	1	4145	2	0	4000	other	0
1208	76	Pulse	5	1586241	7502	1
1208	77	Picture	10	1596810	0	1	4144	3	0	4000	other	0
1208	77	Pulse	5	1606230	9420	2
1208	78	Picture	11	1614881	0	1	4144	3	0	4000	hit	162
1208	78	Response	1	1618550	3669	2
1208	78	Pulse	5	1626230	11349	2
1208	79	Picture	10	1632951	0	2	4145	3	0	4000	other	0
1208	79	Pulse	5	1646230	13279	1
1208	80	Picture	10	1651022	0	1	4145	2	0	4000	other	0
1208	80	Pulse	5	1666219	15197	2
1208	81	Picture	10	1669093	0	1	4145	2	0	4000	other	0
1208	81	Pulse	5	1686220	17127	1
1208	82	Picture	10	1687164	0	1	4145	2	0	4000	other	0
1208	83	Picture	10	1705235	0	1	4144	3	0	4000	other	0
1208	83	Pulse	5	1706219	984	1
1208	84	Picture	11	1723306	0	1	4144	2	0	4000	hit	175
1208	84	Pulse	5	1726209	2903	1
1208	84	Response	1	1727008	3702	2
1208	85	Picture	10	1741376	0	2	4145	3	0	4000	other	0
1208	85	Pulse	5	1746208	4832	1
1208	86	Picture	10	1759447	0	1	4145	2	0	4000	other	0
1208	86	Pulse	5	1766207	6760	2
1208	87	Pulse	5	1786197	8679	2
1208	88	Picture	20	1802552	0	1	4144	3	0	4000	other	0
1208	88	Pulse	5	1806197	3645	1
1208	89	Picture	20	1820623	0	1	4144	3	0	4000	other	0
1208	89	Pulse	5	1826197	5574	1
1208	90	Picture	20	1838693	0	2	4145	3	0	4000	other	0
1208	90	Pulse	5	1846186	7493	2
1208	91	Picture	21	1856764	0	1	4145	2	0	4000	hit	188
1208	91	Response	1	1859786	3022	1
1208	91	Pulse	5	1866185	9421	2
1208	92	Picture	20	1874835	0	1	4145	2	0	4000	other	0
1208	92	Pulse	5	1886185	11350	2
1208	93	Picture	20	1892906	0	1	4145	2	0	4000	other	0
1208	93	Pulse	5	1906175	13269	1
1208	94	Picture	21	1910977	0	1	4144	3	0	4000	hit	195
1208	94	Response	1	1914335	3358	1
1208	94	Pulse	5	1926175	15198	1
1208	95	Picture	20	1929048	0	1	4144	2	0	4000	other	0
1208	95	Pulse	5	1946174	17126	2
1208	96	Picture	20	1947118	0	2	4145	3	0	4000	false_alarm	200
1208	96	Response	1	1951454	4336	2
1208	97	Picture	20	1965189	0	1	4145	2	0	4000	other	0
1208	97	Pulse	5	1966163	974	3
1208	98	Picture	21	1983260	0	1	4145	2	0	4000	hit	205
1208	98	Pulse	5	1986163	2903	2
1208	98	Response	1	1986803	3543	2
1208	99	Picture	20	2001331	0	1	4145	2	0	4000	other	0
1208	99	Pulse	5	2006163	4832	2
1208	100	Picture	20	2019402	0	1	4144	3	0	4000	other	0
1208	100	Pulse	5	2026152	6750	2
1208	101	Picture	21	2037472	0	2	4145	3	0	4000	hit	211
1208	101	Response	1	2041992	4520	2
1208	101	Pulse	5	2046152	8680	2
1208	102	Picture	20	2055543	0	1	4145	2	0	4000	other	0
1208	102	Pulse	5	2066152	10609	1
1208	103	Picture	20	2073614	0	1	4145	2	0	4000	other	0
1208	103	Pulse	5	2086141	12527	2
1208	104	Pulse	5	2106141	14456	2
1208	105	Picture	10	2116719	0	1	4144	3	0	4000	other	0
1208	105	Pulse	5	2126141	9422	1
1208	106	Picture	10	2134790	0	1	4144	2	0	4000	other	0
1208	106	Pulse	5	2146130	11340	2
1208	107	Picture	11	2152860	0	2	4145	3	0	4000	hit	223
1208	107	Response	1	2156211	3351	1
1208	107	Pulse	5	2166130	13270	2
1208	108	Picture	10	2170931	0	1	4145	2	0	4000	other	0
1208	108	Pulse	5	2186290	15359	1
1208	109	Picture	11	2189002	0	1	4145	2	0	4000	hit	228
1208	109	Response	1	2193170	4168	1
1208	109	Pulse	5	2206279	17277	2
1208	110	Picture	10	2207073	0	1	4145	2	0	4000	other	0
1208	111	Picture	10	2225144	0	1	4144	3	0	4000	other	0
1208	111	Pulse	5	2226279	1135	1
1208	112	Picture	11	2243215	0	1	4144	2	0	4000	hit	235
1208	112	Pulse	5	2246278	3063	2
1208	112	Response	1	2246758	3543	2
1208	113	Picture	10	2261285	0	2	4145	3	0	4000	other	0
1208	113	Pulse	5	2266268	4983	2
1208	114	Picture	10	2279356	0	1	4145	2	0	4000	other	0
1208	114	Pulse	5	2286268	6912	1
1208	115	Picture	10	2297427	0	1	4145	2	0	4000	other	0
1208	115	Pulse	5	2306267	8840	2
1208	116	Picture	10	2315498	0	1	4144	3	0	4000	other	0
1208	116	Pulse	5	2326257	10759	2
1208	117	Picture	10	2333569	0	1	4144	3	0	4000	other	0
1208	117	Pulse	5	2346256	12687	2
1208	118	Picture	11	2351639	0	2	4145	3	0	4000	hit	247
1208	118	Response	1	2357456	5817	2
1208	118	Pulse	5	2366256	14617	2
1208	119	Picture	10	2369710	0	1	4145	2	0	4000	other	0
1208	119	Pulse	5	2386246	16536	2
1208	120	Picture	10	2387781	0	1	4145	2	0	4000	other	0
1208	121	Pulse	5	2406245	393	2
1208	121	Pulse	5	2426245	20393	2
1208	122	Picture	30	2430886	0	1	4144	3	0	4000	other	0
1208	122	Pulse	5	2446234	15348	3
1208	123	Picture	30	2448957	0	1	4144	2	0	4000	other	0
1208	123	Pulse	5	2466234	17277	2
1208	124	Picture	30	2467027	0	2	4145	3	0	4000	other	0
1208	125	Picture	31	2485098	0	1	4145	2	0	4000	hit	261
1208	125	Pulse	5	2486234	1136	2
1208	125	Response	1	2488314	3216	2
1208	126	Picture	31	2503169	0	1	4145	2	0	4000	hit	264
1208	126	Pulse	5	2506223	3054	2
1208	126	Response	1	2507183	4014	2
1208	127	Picture	30	2521240	0	1	4145	2	0	4000	other	0
1208	127	Pulse	5	2526223	4983	2
1208	128	Picture	30	2539311	0	1	4144	3	0	4000	other	0
1208	128	Pulse	5	2546223	6912	1
1208	129	Picture	30	2557381	0	2	4145	3	0	4000	other	0
1208	129	Pulse	5	2566212	8831	2
1208	130	Picture	31	2575452	0	2	4145	3	0	4000	hit	272
1208	130	Response	1	2578372	2920	2
1208	130	Pulse	5	2586213	10761	1
1208	131	Picture	30	2593523	0	1	4145	2	0	4000	other	0
1208	131	Pulse	5	2606211	12688	2
1208	132	Picture	30	2611594	0	1	4145	2	0	4000	other	0
1208	132	Pulse	5	2626201	14607	2
1208	133	Picture	30	2629665	0	1	4144	3	0	4000	other	0
1208	133	Pulse	5	2646201	16536	2
1208	134	Picture	30	2647736	0	1	4144	2	0	4000	other	0
1208	135	Picture	31	2665806	0	2	4145	3	0	4000	hit	283
1208	135	Pulse	5	2666201	395	1
1208	135	Response	1	2668760	2954	2
1208	136	Picture	30	2683877	0	1	4145	2	0	4000	other	0
1208	136	Pulse	5	2686191	2314	1
1208	137	Picture	30	2701948	0	1	4145	2	0	4000	other	0
1208	137	Pulse	5	2706190	4242	1
