Scenario - 1-back
Logfile written - 02/20/2015 15:50:23

Subject	Trial	Event Type	Code	Time	TTime	Uncertainty	Duration	Uncertainty	ReqTime	ReqDur	Stim Type	Pair Index

1208	1	Pulse	5	144307	154141	2
1208	2	Pulse	5	164307	19960	2
1208	3	Picture	10	169381	0	1	4145	2	0	4000	other	0
1208	3	Pulse	5	184297	14916	2
1208	4	Picture	10	187452	0	1	4144	3	0	4000	other	0
1208	4	Pulse	5	204296	16844	3
1208	5	Picture	11	205523	0	1	4144	2	0	4000	hit	8
1208	5	Response	1	209576	4053	2
1208	6	Picture	10	223593	0	1	4145	2	0	4000	other	0
1208	6	Pulse	5	224296	703	2
1208	7	Picture	11	241664	0	1	4145	2	0	4000	hit	13
1208	7	Pulse	5	244286	2622	1
1208	7	Response	1	247325	5661	2
1208	8	Picture	10	259735	0	1	4145	2	0	4000	other	0
1208	8	Pulse	5	264285	4550	2
1208	9	Picture	10	277806	0	1	4144	3	0	4000	other	0
1208	9	Pulse	5	284285	6479	2
1208	10	Picture	10	295877	0	1	4144	2	0	4000	other	0
1208	10	Pulse	5	304274	8397	2
1208	11	Picture	11	313947	0	2	4145	3	0	4000	hit	21
1208	11	Response	1	318034	4087	2
1208	11	Response	1	321714	7767	2
1208	11	Pulse	5	324274	10327	2
1208	12	Picture	10	332018	0	1	4145	2	0	4000	other	0
1208	12	Pulse	5	344274	12256	1
1208	13	Picture	10	350089	0	1	4145	2	0	4000	other	0
1208	13	Pulse	5	364263	14174	2
1208	14	Picture	11	368160	0	1	4144	3	0	4000	hit	29
1208	14	Response	1	371304	3144	1
1208	14	Pulse	5	384263	16103	2
1208	15	Picture	10	386231	0	1	4144	2	0	4000	other	0
1208	15	Pulse	5	404262	18031	2
1208	16	Picture	10	404301	0	2	4145	3	0	4000	other	0
1208	17	Picture	10	422372	0	2	4145	3	0	4000	other	0
1208	17	Pulse	5	424252	1880	2
1208	18	Picture	10	440443	0	1	4145	2	0	4000	other	0
1208	18	Pulse	5	444253	3810	1
1208	19	Pulse	5	464251	5737	2
1208	20	Picture	20	483548	0	1	4144	3	0	4000	other	0
1208	20	Pulse	5	484241	693	2
1208	21	Picture	20	501618	0	2	4145	3	0	4000	other	0
1208	21	Pulse	5	504241	2623	1
1208	22	Picture	21	519689	0	1	4145	2	0	4000	hit	45
1208	22	Pulse	5	524240	4551	2
1208	22	Response	1	527120	7431	2
1208	23	Picture	20	537760	0	2	4145	3	0	4000	other	0
1208	23	Pulse	5	544230	6470	2
1208	24	Picture	20	555831	0	1	4144	3	0	4000	other	0
1208	24	Pulse	5	564390	8559	1
1208	25	Picture	20	573902	0	1	4144	2	0	4000	other	0
1208	25	Pulse	5	584389	10487	2
1208	26	Picture	21	591972	0	2	4145	3	0	4000	hit	53
1208	26	Response	1	595419	3447	2
1208	26	Pulse	5	604379	12407	2
1208	27	Picture	20	610043	0	1	4145	2	0	4000	other	0
1208	27	Pulse	5	624378	14335	2
1208	28	Picture	20	628114	0	1	4145	2	0	4000	other	0
1208	28	Pulse	5	644378	16264	2
1208	29	Picture	20	646185	0	1	4144	3	0	4000	other	0
1208	30	Picture	20	664256	0	1	4144	3	0	4000	other	0
1208	30	Pulse	5	664368	112	2
1208	31	Picture	20	682326	0	2	4145	3	0	4000	other	0
1208	31	Pulse	5	684367	2041	3
1208	32	Picture	21	700397	0	1	4145	2	0	4000	hit	65
1208	32	Response	1	703727	3330	2
1208	32	Pulse	5	704367	3970	2
1208	33	Picture	20	718468	0	1	4145	2	0	4000	other	0
1208	33	Pulse	5	724357	5889	1
1208	34	Picture	20	736539	0	1	4145	2	0	4000	other	0
1208	34	Pulse	5	744356	7817	2
1208	35	Picture	21	754610	0	1	4144	3	0	4000	hit	72
1208	35	Response	1	760036	5426	2
1208	35	Pulse	5	764356	9746	2
1208	36	Pulse	5	784346	11666	1
1208	37	Picture	10	797714	0	2	4145	3	0	4000	other	0
1208	37	Pulse	5	804345	6631	2
1208	38	Picture	10	815785	0	1	4145	2	0	4000	other	0
1208	38	Pulse	5	824345	8560	1
1208	39	Picture	11	833856	0	1	4145	2	0	4000	hit	80
1208	39	Response	1	837134	3278	2
1208	39	Pulse	5	844334	10478	2
1208	40	Picture	10	851927	0	1	4144	3	0	4000	other	0
1208	40	Pulse	5	864334	12407	2
1208	41	Picture	11	869998	0	1	4144	2	0	4000	hit	85
1208	41	Response	1	873934	3936	1
1208	41	Pulse	5	884333	14335	2
1208	42	Picture	10	888068	0	2	4145	3	0	4000	other	0
1208	42	Pulse	5	904323	16255	2
1208	43	Picture	10	906139	0	1	4145	2	0	4000	other	0
1208	44	Picture	10	924210	0	1	4145	2	0	4000	other	0
1208	44	Pulse	5	924323	113	1
1208	45	Picture	11	942281	0	1	4144	3	0	4000	hit	94
1208	45	Pulse	5	944322	2041	2
1208	45	Response	1	946562	4281	2
1208	46	Picture	10	960350	0	5	4146	7	0	4000	other	0
1208	46	Pulse	5	964312	3962	2
1208	47	Picture	10	978422	0	2	4145	3	0	4000	other	0
1208	47	Pulse	5	984312	5890	1
1208	48	Picture	11	996493	0	1	4145	2	0	4000	hit	100
1208	48	Response	1	1001591	5098	2
1208	48	Pulse	5	1004311	7818	2
1208	49	Picture	10	1014564	0	1	4145	2	0	4000	other	0
1208	49	Pulse	5	1024301	9737	2
1208	50	Picture	10	1032635	0	1	4144	3	0	4000	other	0
1208	50	Pulse	5	1044301	11666	1
1208	51	Picture	10	1050706	0	1	4144	2	0	4000	other	0
1208	51	Pulse	5	1064300	13594	2
1208	52	Picture	10	1068776	0	2	4145	3	0	4000	other	0
1208	52	Pulse	5	1084290	15514	2
1208	53	Pulse	5	1104289	17442	2
1208	54	Picture	30	1111881	0	1	4145	2	0	4000	other	0
1208	54	Pulse	5	1124289	12408	2
1208	55	Picture	30	1129952	0	1	4145	2	0	4000	other	0
1208	55	Pulse	5	1144279	14327	2
1208	56	Picture	31	1148023	0	1	4144	3	0	4000	hit	116
1208	56	Response	1	1151638	3615	3
1208	56	Pulse	5	1164278	16255	3
1208	57	Picture	30	1166093	0	2	4145	3	0	4000	other	0
1208	58	Picture	30	1184164	0	2	4145	3	0	4000	other	0
1208	58	Pulse	5	1184278	114	2
1208	59	Picture	30	1202235	0	1	4145	2	0	4000	other	0
1208	59	Pulse	5	1204267	2032	2
1208	60	Picture	31	1220306	0	1	4145	2	0	4000	hit	125
1208	60	Pulse	5	1224267	3961	2
1208	60	Response	1	1225387	5081	2
1208	61	Picture	31	1238377	0	1	4144	3	0	4000	hit	127
1208	61	Response	1	1244107	5730	2
1208	61	Pulse	5	1244267	5890	1
1208	62	Picture	30	1256448	0	1	4144	2	0	4000	other	0
1208	62	Pulse	5	1264256	7808	2
1208	63	Picture	30	1274518	0	2	4145	3	0	4000	other	0
1208	63	Pulse	5	1284257	9739	1
1208	64	Picture	30	1292589	0	1	4145	2	0	4000	other	0
1208	64	Pulse	5	1304256	11667	1
1208	65	Picture	31	1310660	0	1	4145	2	0	4000	hit	136
1208	65	Response	1	1315925	5265	2
1208	65	Pulse	5	1324245	13585	2
1208	66	Picture	30	1328731	0	1	4144	3	0	4000	other	0
1208	66	Pulse	5	1344245	15514	2
1208	67	Picture	30	1346802	0	1	4144	2	0	4000	other	0
1208	67	Pulse	5	1364244	17442	2
1208	68	Picture	30	1364872	0	2	4145	3	0	4000	other	0
1208	69	Picture	30	1382943	0	1	4145	2	0	4000	other	0
1208	69	Pulse	5	1384234	1291	2
1208	70	Pulse	5	1404234	3220	1
1208	70	Pulse	5	1424233	23219	2
1208	71	Picture	10	1426048	0	1	4145	2	0	4000	other	0
1208	72	Picture	10	1444119	0	1	4144	3	0	4000	other	0
1208	72	Pulse	5	1444223	104	2
1208	73	Picture	11	1462189	0	2	4145	3	0	4000	hit	152
1208	73	Pulse	5	1464223	2034	1
1208	73	Response	1	1466303	4114	1
1208	74	Picture	10	1480260	0	1	4145	2	0	4000	other	0
1208	74	Pulse	5	1484222	3962	2
1208	75	Picture	11	1498331	0	1	4145	2	0	4000	hit	156
1208	75	Response	1	1502452	4121	2
1208	75	Pulse	5	1504212	5881	2
1208	76	Picture	10	1516402	0	1	4145	2	0	4000	other	0
1208	76	Pulse	5	1524211	7809	2
1208	77	Picture	10	1534473	0	1	4144	3	0	4000	other	0
1208	77	Pulse	5	1544212	9739	1
1208	78	Picture	11	1552544	0	1	4144	2	0	4000	hit	163
1208	78	Response	1	1555882	3338	1
1208	78	Pulse	5	1564201	11657	1
1208	79	Picture	10	1570614	0	2	4145	3	0	4000	other	0
1208	79	Pulse	5	1584200	13586	2
1208	80	Picture	10	1588685	0	1	4145	2	0	4000	other	0
1208	80	Pulse	5	1604360	15675	2
1208	81	Picture	10	1606756	0	1	4145	2	0	4000	other	0
1208	81	Pulse	5	1624349	17593	3
1208	82	Picture	10	1624827	0	1	4144	3	0	4000	other	0
1208	83	Picture	10	1642898	0	1	4144	2	0	4000	other	0
1208	83	Pulse	5	1644349	1451	2
1208	84	Picture	11	1660968	0	2	4145	3	0	4000	hit	176
1208	84	Pulse	5	1664349	3381	2
1208	84	Response	1	1664829	3861	2
1208	85	Picture	10	1679039	0	1	4145	2	0	4000	other	0
1208	85	Pulse	5	1684338	5299	2
1208	86	Picture	10	1697110	0	1	4145	2	0	4000	other	0
1208	86	Pulse	5	1704338	7228	2
1208	87	Pulse	5	1724338	9157	1
1208	88	Picture	20	1740215	0	1	4144	2	0	4000	other	0
1208	88	Pulse	5	1744327	4112	2
1208	89	Picture	20	1758285	0	2	4145	3	0	4000	other	0
1208	89	Pulse	5	1764327	6042	2
1208	90	Picture	20	1776356	0	1	4145	2	0	4000	other	0
1208	90	Pulse	5	1784327	7971	1
1208	91	Picture	21	1794427	0	1	4145	2	0	4000	hit	189
1208	91	Response	1	1797756	3329	2
1208	91	Pulse	5	1804316	9889	2
1208	92	Picture	20	1812498	0	1	4145	2	0	4000	other	0
1208	92	Pulse	5	1824316	11818	2
1208	93	Picture	20	1830569	0	1	4144	3	0	4000	other	0
1208	93	Pulse	5	1844305	13736	2
1208	94	Picture	21	1848639	0	2	4145	3	0	4000	hit	196
1208	94	Response	1	1852306	3667	1
1208	94	Pulse	5	1864305	15666	2
1208	95	Picture	20	1866710	0	2	4145	3	0	4000	other	0
1208	95	Pulse	5	1884305	17595	1
1208	96	Picture	20	1884781	0	1	4145	2	0	4000	other	0
1208	97	Picture	20	1902852	0	1	4145	2	0	4000	other	0
1208	97	Pulse	5	1904294	1442	2
1208	98	Picture	21	1920923	0	1	4144	3	0	4000	hit	205
1208	98	Pulse	5	1924294	3371	2
1208	98	Response	1	1924454	3531	2
1208	99	Picture	20	1938993	0	2	4145	3	0	4000	other	0
1208	99	Pulse	5	1944294	5301	1
1208	100	Picture	20	1957063	0	3	4146	4	0	4000	other	0
1208	100	Pulse	5	1964283	7220	2
1208	101	Picture	21	1975135	0	1	4145	2	0	4000	hit	211
1208	101	Response	1	1978683	3548	2
1208	101	Pulse	5	1984283	9148	2
1208	102	Picture	20	1993206	0	1	4145	2	0	4000	other	0
1208	102	Pulse	5	2004283	11077	1
1208	103	Picture	20	2011277	0	1	4144	3	0	4000	other	0
1208	103	Pulse	5	2024272	12995	2
1208	104	Pulse	5	2044272	14924	1
1208	105	Picture	10	2054381	0	2	4145	3	0	4000	other	0
1208	105	Pulse	5	2064271	9890	2
1208	106	Picture	10	2072618	0	1	4145	2	0	4000	other	0
1208	106	Pulse	5	2084261	11643	2
1208	107	Picture	11	2090689	0	1	4145	2	0	4000	hit	223
1208	107	Response	1	2093701	3012	2
1208	107	Pulse	5	2104261	13572	2
1208	108	Picture	10	2108760	0	1	4144	3	0	4000	other	0
1208	108	Pulse	5	2124260	15500	2
1208	109	Picture	11	2126830	0	2	4145	3	0	4000	hit	228
1208	109	Response	1	2130340	3510	2
1208	109	Pulse	5	2144250	17420	2
1208	110	Picture	10	2144901	0	2	4145	3	0	4000	other	0
1208	111	Picture	10	2162972	0	1	4145	2	0	4000	other	0
1208	111	Pulse	5	2164249	1277	2
1208	112	Picture	11	2181043	0	1	4145	2	0	4000	hit	235
1208	112	Pulse	5	2184249	3206	2
1208	112	Response	1	2184569	3526	2
1208	113	Picture	10	2199114	0	1	4144	3	0	4000	other	0
1208	113	Pulse	5	2204239	5125	1
1208	114	Picture	10	2217185	0	1	4144	2	0	4000	other	0
1208	114	Pulse	5	2224238	7053	2
1208	115	Picture	10	2235255	0	2	4145	3	0	4000	other	0
1208	115	Pulse	5	2244238	8983	2
1208	116	Picture	10	2253326	0	1	4145	2	0	4000	other	0
1208	116	Pulse	5	2264228	10902	1
1208	117	Picture	10	2271397	0	1	4145	2	0	4000	other	0
1208	117	Pulse	5	2284227	12830	2
1208	118	Picture	11	2289468	0	1	4145	2	0	4000	hit	247
1208	118	Response	1	2292707	3239	2
1208	118	Pulse	5	2304227	14759	2
1208	119	Picture	10	2307539	0	1	4144	3	0	4000	other	0
1208	119	Pulse	5	2324217	16678	1
1208	120	Picture	10	2325609	0	2	4145	3	0	4000	other	0
1208	121	Pulse	5	2344216	536	2
1208	121	Pulse	5	2364216	20536	1
1208	122	Picture	30	2368714	0	1	4145	2	0	4000	other	0
1208	122	Pulse	5	2384205	15491	2
1208	123	Picture	30	2386785	0	1	4145	2	0	4000	other	0
1208	123	Pulse	5	2404205	17420	2
1208	124	Picture	30	2404856	0	1	4144	3	0	4000	other	0
1208	125	Picture	31	2422927	0	1	4144	2	0	4000	hit	261
1208	125	Pulse	5	2424205	1278	1
1208	125	Response	1	2428204	5277	2
1208	126	Picture	31	2440997	0	2	4145	3	0	4000	hit	264
1208	126	Pulse	5	2444194	3197	2
1208	126	Response	1	2444834	3837	2
1208	127	Picture	30	2459068	0	1	4145	2	0	4000	other	0
1208	127	Pulse	5	2464194	5126	2
1208	128	Picture	30	2477139	0	1	4145	2	0	4000	other	0
1208	128	Pulse	5	2484193	7054	2
1208	129	Picture	30	2495210	0	1	4144	3	0	4000	other	0
1208	129	Pulse	5	2504184	8974	1
1208	130	Picture	31	2513281	0	1	4144	2	0	4000	hit	272
1208	130	Response	1	2517143	3862	2
1208	130	Pulse	5	2524183	10902	1
1208	131	Picture	30	2531351	0	2	4145	3	0	4000	other	0
1208	131	Pulse	5	2544182	12831	2
1208	132	Picture	30	2549422	0	1	4136	13	0	4000	other	0
1208	132	Pulse	5	2564172	14750	2
1208	133	Picture	30	2567493	0	1	4145	2	0	4000	other	0
1208	133	Pulse	5	2584171	16678	3
1208	134	Picture	30	2585564	0	1	4145	2	0	4000	other	0
1208	135	Picture	31	2603635	0	1	4144	3	0	4000	hit	283
1208	135	Pulse	5	2604171	536	2
1208	135	Response	1	2606411	2776	2
1208	136	Picture	30	2621705	0	2	4145	3	0	4000	other	0
1208	136	Pulse	5	2624161	2456	2
1208	137	Picture	30	2639776	0	1	4145	2	0	4000	false_alarm	288
1208	137	Pulse	5	2644320	4544	2
1208	137	Response	1	2645600	5824	2
