Scenario - 1-back
Logfile written - 02/19/2015 12:46:33

Subject	Trial	Event Type	Code	Time	TTime	Uncertainty	Duration	Uncertainty	ReqTime	ReqDur	Stim Type	Pair Index

1209	1	Response	1	105832	115819	2
1209	1	Pulse	5	283560	293547	1
1209	2	Pulse	5	303559	19950	2
1209	3	Picture	10	308643	0	1	4145	2	0	4000	other	0
1209	3	Pulse	5	323549	14906	2
1209	4	Picture	10	326714	0	1	4144	3	0	4000	other	0
1209	4	Pulse	5	343549	16835	1
1209	5	Picture	11	344785	0	1	4144	3	0	4000	hit	9
1209	5	Response	1	348189	3404	1
1209	6	Picture	10	362856	0	1	4144	2	0	4000	other	0
1209	6	Pulse	5	363549	693	1
1209	7	Picture	11	380926	0	2	4145	3	0	4000	hit	14
1209	7	Pulse	5	383539	2613	1
1209	7	Response	1	384179	3253	1
1209	8	Picture	10	398997	0	1	4145	2	0	4000	other	0
1209	8	Pulse	5	403538	4541	1
1209	9	Picture	10	417068	0	1	4145	2	0	4000	other	0
1209	9	Pulse	5	423537	6469	2
1209	10	Picture	10	435139	0	1	4145	2	0	4000	other	0
1209	10	Pulse	5	443527	8388	2
1209	11	Picture	11	453210	0	1	4144	3	0	4000	hit	22
1209	11	Response	1	456647	3437	2
1209	11	Pulse	5	463687	10477	2
1209	12	Picture	10	471281	0	1	4144	3	0	4000	other	0
1209	12	Pulse	5	483686	12405	2
1209	13	Picture	10	489352	0	1	4144	2	0	4000	other	0
1209	13	Pulse	5	503676	14324	2
1209	14	Picture	11	507422	0	2	4145	3	0	4000	hit	29
1209	14	Response	1	512636	5214	2
1209	14	Pulse	5	523676	16254	2
1209	15	Picture	10	525493	0	1	4145	2	0	4000	other	0
1209	16	Picture	10	543564	0	1	4145	2	0	4000	other	0
1209	16	Pulse	5	543675	111	2
1209	17	Picture	10	561633	0	8	4147	9	0	4000	other	0
1209	17	Pulse	5	563665	2032	2
1209	18	Picture	10	579706	0	1	4144	3	0	4000	other	0
1209	18	Pulse	5	583665	3959	2
1209	19	Pulse	5	603665	5888	1
1209	20	Picture	30	622811	0	1	4144	2	0	4000	other	0
1209	20	Pulse	5	623654	843	2
1209	21	Picture	30	640881	0	2	4145	3	0	4000	other	0
1209	21	Pulse	5	643654	2773	2
1209	22	Picture	31	658952	0	1	4145	2	0	4000	hit	44
1209	22	Response	1	662374	3422	1
1209	22	Pulse	5	663654	4702	1
1209	23	Picture	30	677022	0	3	4146	4	0	4000	other	0
1209	23	Pulse	5	683643	6621	2
1209	24	Picture	30	695094	0	1	4145	2	0	4000	other	0
1209	24	Pulse	5	703643	8549	2
1209	25	Picture	30	713165	0	1	4145	2	0	4000	other	0
1209	25	Pulse	5	723643	10478	1
1209	26	Picture	31	731236	0	1	4144	3	0	4000	hit	53
1209	26	Response	1	734353	3117	1
1209	26	Pulse	5	743632	12396	2
1209	27	Picture	31	749307	0	1	4144	3	0	4000	miss	0
1209	27	Pulse	5	763632	14325	2
1209	28	Picture	30	767377	0	2	4114	43	0	4000	other	0
1209	28	Pulse	5	783633	16256	1
1209	29	Picture	30	785448	0	2	4145	3	0	4000	other	0
1209	30	Picture	30	803519	0	1	4145	2	0	4000	other	0
1209	30	Pulse	5	803621	102	2
1209	31	Picture	31	821590	0	1	4145	2	0	4000	hit	64
1209	31	Pulse	5	823621	2031	2
1209	31	Response	1	830181	8591	2
1209	32	Picture	30	839661	0	1	4145	2	0	4000	false_alarm	67
1209	32	Pulse	5	843621	3960	2
1209	32	Response	1	847621	7960	2
1209	33	Picture	30	857732	0	1	4144	3	0	4000	other	0
1209	33	Pulse	5	863611	5879	2
1209	34	Picture	30	875802	0	2	4145	3	0	4000	other	0
1209	34	Pulse	5	883610	7808	2
1209	35	Picture	30	893873	0	2	4145	3	0	4000	other	0
1209	35	Pulse	5	903610	9737	2
1209	36	Pulse	5	923600	11656	1
1209	37	Picture	10	936978	0	1	4145	2	0	4000	other	0
1209	37	Pulse	5	943599	6621	2
1209	38	Picture	10	955049	0	1	4145	2	0	4000	other	0
1209	38	Pulse	5	963599	8550	2
1209	39	Picture	11	973120	0	1	4145	2	0	4000	hit	80
1209	39	Response	1	976549	3429	2
1209	39	Pulse	5	983589	10469	1
1209	40	Picture	10	991191	0	1	4144	3	0	4000	other	0
1209	40	Pulse	5	1003589	12398	1
1209	41	Picture	11	1009262	0	1	4144	2	0	4000	hit	85
1209	41	Response	1	1013989	4727	1
1209	41	Pulse	5	1023588	14326	2
1209	42	Picture	10	1027333	0	1	4144	2	0	4000	other	0
1209	42	Pulse	5	1043578	16245	1
1209	43	Picture	10	1045403	0	1	4145	2	0	4000	other	0
1209	44	Picture	10	1063474	0	1	4145	2	0	4000	other	0
1209	44	Pulse	5	1063577	103	2
1209	45	Picture	11	1081545	0	1	4145	2	0	4000	hit	94
1209	45	Pulse	5	1083577	2032	2
1209	45	Response	1	1085497	3952	2
1209	46	Picture	10	1099616	0	1	4145	2	0	4000	other	0
1209	46	Pulse	5	1103567	3951	2
1209	47	Picture	10	1117687	0	1	4145	2	0	4000	other	0
1209	47	Pulse	5	1123566	5879	2
1209	48	Picture	11	1135758	0	1	4144	3	0	4000	hit	100
1209	48	Response	1	1139886	4128	2
1209	48	Pulse	5	1143566	7808	2
1209	49	Picture	10	1153828	0	2	4145	3	0	4000	other	0
1209	49	Pulse	5	1163556	9728	2
1209	50	Picture	10	1171899	0	2	4145	3	0	4000	other	0
1209	50	Pulse	5	1183555	11656	2
1209	51	Picture	10	1189970	0	1	4145	2	0	4000	other	0
1209	51	Pulse	5	1203555	13585	2
1209	52	Picture	10	1208041	0	1	4145	2	0	4000	other	0
1209	52	Pulse	5	1223545	15504	2
1209	53	Pulse	5	1243545	17433	2
1209	54	Picture	20	1251146	0	1	4145	2	0	4000	other	0
1209	54	Pulse	5	1263544	12398	2
1209	55	Picture	20	1269217	0	1	4144	3	0	4000	other	0
1209	55	Pulse	5	1283534	14317	2
1209	56	Picture	21	1287288	0	1	4144	3	0	4000	hit	116
1209	56	Response	1	1291534	4246	2
1209	56	Pulse	5	1303534	16246	1
1209	57	Picture	20	1305358	0	2	4145	3	0	4000	other	0
1209	58	Picture	20	1323429	0	2	4145	3	0	4000	other	0
1209	58	Pulse	5	1323533	104	2
1209	59	Picture	20	1341500	0	1	4145	2	0	4000	other	0
1209	59	Pulse	5	1343523	2023	2
1209	60	Picture	21	1359571	0	1	4145	2	0	4000	hit	124
1209	60	Response	1	1363523	3952	1
1209	60	Pulse	5	1363523	3952	1
1209	61	Picture	20	1377642	0	1	4144	3	0	4000	other	0
1209	61	Pulse	5	1383523	5881	1
1209	62	Picture	20	1395713	0	1	4144	3	0	4000	other	0
1209	62	Pulse	5	1403512	7799	2
1209	63	Picture	20	1413784	0	1	4144	2	0	4000	other	0
1209	63	Pulse	5	1423512	9728	1
1209	64	Picture	20	1431854	0	2	4145	4	0	4000	other	0
1209	64	Pulse	5	1443512	11658	1
1209	65	Picture	20	1449925	0	2	4145	3	0	4000	other	0
1209	65	Pulse	5	1463501	13576	2
1209	66	Picture	21	1467996	0	1	4145	3	0	4000	hit	137
1209	66	Response	1	1472461	4465	2
1209	66	Pulse	5	1483501	15505	2
1209	67	Picture	20	1486067	0	1	4145	2	0	4000	other	0
1209	67	Pulse	5	1503500	17433	2
1209	68	Picture	20	1504138	0	1	4145	2	0	4000	other	0
1209	69	Picture	21	1522209	0	1	4144	3	0	4000	hit	144
1209	69	Pulse	5	1523650	1441	2
1209	69	Response	1	1526530	4321	2
1209	70	Pulse	5	1543651	3371	1
1209	70	Pulse	5	1563650	23370	1
1209	71	Picture	10	1565313	0	2	4145	3	0	4000	other	0
1209	72	Picture	10	1583384	0	2	4145	3	0	4000	other	0
1209	72	Pulse	5	1583640	256	1
1209	73	Picture	11	1601455	0	1	4145	2	0	4000	hit	152
1209	73	Pulse	5	1603639	2184	2
1209	73	Response	1	1605559	4104	2
1209	74	Picture	10	1619526	0	1	4145	2	0	4000	other	0
1209	74	Pulse	5	1623638	4112	7
1209	75	Picture	11	1637597	0	1	4145	2	0	4000	hit	156
1209	75	Response	1	1641068	3471	2
1209	75	Pulse	5	1643628	6031	2
1209	76	Picture	10	1655668	0	1	4145	2	0	4000	other	0
1209	76	Pulse	5	1663628	7960	2
1209	77	Picture	10	1673739	0	1	4144	3	0	4000	other	0
1209	77	Pulse	5	1683628	9889	1
1209	78	Picture	11	1691810	0	1	4144	3	0	4000	hit	163
1209	78	Response	1	1695777	3967	2
1209	78	Pulse	5	1703617	11807	2
1209	79	Picture	10	1709880	0	2	4145	3	0	4000	other	0
1209	79	Pulse	5	1723617	13737	2
1209	80	Picture	10	1727951	0	1	4145	2	0	4000	other	0
1209	80	Pulse	5	1743617	15666	1
1209	81	Picture	10	1746022	0	1	4145	2	0	4000	other	0
1209	81	Pulse	5	1763607	17585	1
1209	82	Picture	10	1764093	0	1	4145	2	0	4000	other	0
1209	83	Picture	10	1782164	0	1	4145	2	0	4000	other	0
1209	83	Pulse	5	1783606	1442	2
1209	84	Picture	11	1800235	0	1	4144	3	0	4000	hit	176
1209	84	Pulse	5	1803606	3371	2
1209	84	Response	1	1804566	4331	2
1209	85	Picture	10	1818306	0	1	4144	2	0	4000	other	0
1209	85	Pulse	5	1823595	5289	2
1209	86	Picture	10	1836376	0	2	4145	3	0	4000	other	0
1209	86	Pulse	5	1843595	7219	2
1209	87	Pulse	5	1863595	9148	2
1209	88	Picture	30	1879481	0	1	4145	2	0	4000	other	0
1209	88	Pulse	5	1883585	4104	1
1209	89	Picture	30	1897552	0	1	4145	2	0	4000	other	0
1209	89	Pulse	5	1903584	6032	2
1209	90	Picture	30	1915623	0	1	4145	2	0	4000	other	0
1209	90	Pulse	5	1923584	7961	2
1209	91	Picture	31	1933694	0	1	4144	3	0	4000	hit	189
1209	91	Response	1	1938294	4600	1
1209	91	Pulse	5	1943574	9880	1
1209	92	Picture	31	1951765	0	1	4144	3	0	4000	hit	192
1209	92	Response	1	1960373	8608	2
1209	92	Pulse	5	1963573	11808	2
1209	93	Picture	30	1969836	0	1	4144	2	0	4000	other	0
1209	93	Pulse	5	1983573	13737	2
1209	94	Picture	30	1987906	0	2	4145	3	0	4000	other	0
1209	94	Pulse	5	2003563	15657	1
1209	95	Picture	30	2005977	0	1	4144	3	0	4000	other	0
1209	95	Pulse	5	2023562	17585	2
1209	96	Picture	31	2024048	0	1	4145	2	0	4000	hit	201
1209	96	Response	1	2030442	6394	2
1209	97	Picture	30	2042119	0	1	4145	2	0	4000	other	0
1209	97	Pulse	5	2043562	1443	2
1209	98	Picture	30	2060190	0	1	4145	2	0	4000	other	0
1209	98	Pulse	5	2063552	3362	2
1209	99	Picture	30	2078261	0	1	4144	3	0	4000	other	0
1209	99	Pulse	5	2083551	5290	2
1209	100	Picture	30	2096332	0	1	4144	2	0	4000	other	0
1209	100	Pulse	5	2103551	7219	2
1209	101	Picture	31	2114402	0	2	4145	3	0	4000	hit	211
1209	101	Response	1	2122261	7859	2
1209	101	Pulse	5	2123541	9139	2
1209	102	Picture	30	2132473	0	2	4145	3	0	4000	other	0
1209	102	Pulse	5	2143540	11067	2
1209	103	Picture	30	2150544	0	1	4145	2	0	4000	false_alarm	216
1209	103	Response	1	2159700	9156	2
1209	103	Pulse	5	2163540	12996	2
1209	104	Pulse	5	2183530	14915	2
1209	105	Picture	10	2193649	0	1	4145	2	0	4000	other	0
1209	105	Pulse	5	2203529	9880	2
1209	106	Picture	10	2211720	0	1	4145	2	0	4000	other	0
1209	106	Pulse	5	2223529	11809	2
1209	107	Picture	11	2229791	0	1	4144	3	0	4000	hit	224
1209	107	Response	1	2234719	4928	2
1209	107	Pulse	5	2243519	13728	2
1209	108	Picture	10	2247862	0	1	4144	3	0	4000	other	0
1209	108	Pulse	5	2263519	15657	1
1209	109	Picture	11	2265932	0	2	4145	3	0	4000	hit	229
1209	109	Response	1	2271358	5426	2
1209	109	Pulse	5	2283518	17586	2
1209	110	Picture	10	2284003	0	1	4145	2	0	4000	other	0
1209	111	Picture	10	2302074	0	1	4145	2	0	4000	other	0
1209	111	Pulse	5	2303508	1434	2
1209	112	Picture	11	2320145	0	1	4145	2	0	4000	hit	236
1209	112	Pulse	5	2323508	3363	1
1209	112	Response	1	2325748	5603	1
1209	113	Picture	10	2338216	0	1	4145	2	0	4000	other	0
1209	113	Pulse	5	2343507	5291	2
1209	114	Picture	10	2356287	0	1	4144	3	0	4000	other	0
1209	114	Pulse	5	2363497	7210	2
1209	115	Picture	10	2374358	0	1	4144	3	0	4000	other	0
1209	115	Pulse	5	2383497	9139	1
1209	116	Picture	10	2392428	0	2	4145	3	0	4000	other	0
1209	116	Pulse	5	2403496	11068	2
1209	117	Picture	10	2410499	0	2	4145	3	0	4000	other	0
1209	117	Pulse	5	2423486	12987	2
1209	118	Picture	11	2428570	0	1	4145	2	0	4000	hit	248
1209	118	Response	1	2433406	4836	2
1209	118	Pulse	5	2443486	14916	2
1209	119	Picture	10	2446641	0	1	4145	2	0	4000	other	0
1209	119	Pulse	5	2463485	16844	2
1209	120	Picture	10	2464712	0	1	4145	2	0	4000	other	0
1209	121	Pulse	5	2483476	693	1
1209	121	Pulse	5	2503475	20692	2
1209	122	Picture	20	2507817	0	1	4144	3	0	4000	other	0
1209	122	Pulse	5	2523474	15657	2
1209	123	Picture	20	2525888	0	1	4144	2	0	4000	other	0
1209	123	Pulse	5	2543465	17577	1
1209	124	Picture	20	2543959	0	1	4144	2	0	4000	other	0
1209	125	Picture	21	2562029	0	2	4145	3	0	4000	hit	262
1209	125	Pulse	5	2563624	1595	2
1209	125	Response	1	2566024	3995	2
1209	126	Picture	20	2580100	0	1	4145	2	0	4000	other	0
1209	126	Pulse	5	2583624	3524	1
1209	127	Picture	20	2598171	0	1	4145	2	0	4000	other	0
1209	127	Pulse	5	2603613	5442	2
1209	128	Picture	21	2616242	0	1	4145	2	0	4000	hit	268
1209	128	Response	1	2621693	5451	2
1209	128	Pulse	5	2623613	7371	2
1209	129	Picture	20	2634313	0	1	4145	2	0	4000	other	0
1209	129	Pulse	5	2643613	9300	1
1209	130	Picture	20	2652384	0	1	4144	2	0	4000	other	0
1209	130	Pulse	5	2663602	11218	2
1209	131	Picture	20	2670455	0	1	4144	2	0	4000	other	0
1209	131	Pulse	5	2683602	13147	2
1209	132	Picture	21	2688525	0	2	4145	3	0	4000	hit	277
1209	132	Response	1	2692402	3877	2
1209	132	Pulse	5	2703602	15077	1
1209	133	Picture	20	2706596	0	1	4145	2	0	4000	other	0
1209	133	Pulse	5	2723591	16995	2
1209	134	Picture	20	2724667	0	1	4145	2	0	4000	other	0
1209	135	Picture	21	2742738	0	1	4145	2	0	4000	hit	284
1209	135	Pulse	5	2743591	853	2
1209	135	Response	1	2746151	3413	2
1209	136	Picture	20	2760809	0	1	4145	2	0	4000	other	0
1209	136	Pulse	5	2763591	2782	1
1209	137	Picture	20	2778880	0	1	4144	3	0	4000	other	0
1209	137	Pulse	5	2783580	4700	2
