Scenario - 1-back
Logfile written - 02/19/2015 12:52:16

Subject	Trial	Event Type	Code	Time	TTime	Uncertainty	Duration	Uncertainty	ReqTime	ReqDur	Stim Type	Pair Index

1209	1	Pulse	5	881386	891220	2
1209	2	Pulse	5	901385	19945	2
1209	3	Picture	10	906474	0	1	4145	2	0	4000	other	0
1209	3	Pulse	5	921375	14901	2
1209	4	Picture	10	924545	0	1	4144	3	0	4000	other	0
1209	4	Pulse	5	941375	16830	2
1209	5	Picture	11	942616	0	1	4144	2	0	4000	hit	8
1209	5	Response	1	946655	4039	2
1209	6	Picture	10	960686	0	2	4145	3	0	4000	other	0
1209	6	Pulse	5	961374	688	2
1209	7	Picture	11	978757	0	1	4145	2	0	4000	hit	13
1209	7	Pulse	5	981364	2607	2
1209	7	Response	1	983444	4687	2
1209	8	Picture	10	996828	0	1	4145	2	0	4000	other	0
1209	8	Pulse	5	1001364	4536	2
1209	9	Picture	10	1014899	0	1	4145	2	0	4000	other	0
1209	9	Pulse	5	1021363	6464	2
1209	10	Picture	10	1032970	0	1	4145	2	0	4000	other	0
1209	10	Pulse	5	1041353	8383	2
1209	11	Picture	11	1051041	0	1	4144	3	0	4000	hit	21
1209	11	Response	1	1055593	4552	2
1209	11	Pulse	5	1061354	10313	1
1209	12	Picture	10	1069112	0	1	4144	2	0	4000	other	0
1209	12	Pulse	5	1081353	12241	1
1209	13	Picture	10	1087182	0	2	4145	3	0	4000	other	0
1209	13	Pulse	5	1101342	14160	2
1209	14	Picture	11	1105253	0	2	4145	3	0	4000	hit	28
1209	14	Response	1	1109502	4249	2
1209	14	Pulse	5	1121342	16089	2
1209	15	Picture	10	1123324	0	1	4145	2	0	4000	other	0
1209	15	Pulse	5	1141342	18018	1
1209	16	Picture	10	1141395	0	1	4145	2	0	4000	other	0
1209	17	Picture	10	1159466	0	1	4145	2	0	4000	other	0
1209	17	Pulse	5	1161331	1865	2
1209	18	Picture	10	1177537	0	1	4145	2	0	4000	other	0
1209	18	Pulse	5	1181331	3794	2
1209	19	Pulse	5	1201331	5723	1
1209	20	Picture	20	1220642	0	1	4144	3	0	4000	other	0
1209	20	Pulse	5	1221320	678	2
1209	21	Picture	20	1238712	0	2	4145	3	0	4000	other	0
1209	21	Pulse	5	1241320	2608	2
1209	22	Picture	21	1256783	0	2	4145	3	0	4000	hit	43
1209	22	Response	1	1261001	4218	1
1209	22	Pulse	5	1261320	4537	1
1209	23	Picture	20	1274849	0	9	4150	10	0	4000	other	0
1209	23	Pulse	5	1281309	6460	2
1209	24	Picture	20	1292925	0	1	4145	2	0	4000	other	0
1209	24	Pulse	5	1301310	8385	1
1209	25	Picture	20	1310996	0	1	4145	2	0	4000	other	0
1209	25	Pulse	5	1321309	10313	2
1209	26	Picture	21	1329067	0	1	4145	2	0	4000	hit	52
1209	26	Response	1	1332339	3272	1
1209	26	Pulse	5	1341298	12231	2
1209	27	Picture	20	1347138	0	1	4144	3	0	4000	other	0
1209	27	Pulse	5	1361298	14160	2
1209	28	Picture	20	1365209	0	1	4144	3	0	4000	other	0
1209	28	Pulse	5	1381299	16090	1
1209	29	Picture	20	1383280	0	1	4144	2	0	4000	other	0
1209	29	Pulse	5	1401287	18007	4
1209	30	Picture	20	1401350	0	2	4145	3	0	4000	other	0
1209	31	Picture	20	1419421	0	1	4145	2	0	4000	other	0
1209	31	Pulse	5	1421287	1866	2
1209	32	Picture	21	1437492	0	1	4145	2	0	4000	hit	64
1209	32	Response	1	1440647	3155	2
1209	32	Pulse	5	1441288	3796	2
1209	33	Picture	20	1455563	0	1	4145	2	0	4000	other	0
1209	33	Pulse	5	1461277	5714	1
1209	34	Picture	20	1473634	0	1	4145	2	0	4000	other	0
1209	34	Pulse	5	1481276	7642	2
1209	35	Picture	21	1491705	0	1	4144	3	0	4000	hit	71
1209	35	Response	1	1496156	4451	2
1209	35	Pulse	5	1501276	9571	2
1209	36	Pulse	5	1521266	11490	1
1209	37	Picture	10	1534975	0	1	4145	2	0	4000	other	0
1209	37	Pulse	5	1541265	6290	2
1209	38	Picture	10	1553046	0	1	4145	2	0	4000	other	0
1209	38	Pulse	5	1561265	8219	2
1209	39	Picture	11	1571117	0	1	4145	2	0	4000	hit	79
1209	39	Response	1	1575815	4698	2
1209	39	Pulse	5	1581255	10138	2
1209	40	Picture	10	1589188	0	1	4145	2	0	4000	other	0
1209	40	Pulse	5	1601254	12066	2
1209	41	Picture	11	1607259	0	1	4144	3	0	4000	hit	84
1209	41	Response	1	1612774	5515	2
1209	41	Pulse	5	1621254	13995	2
1209	42	Picture	10	1625330	0	1	4144	3	0	4000	other	0
1209	42	Pulse	5	1641244	15914	2
1209	43	Picture	10	1643400	0	2	4145	3	0	4000	other	0
1209	43	Pulse	5	1661243	17843	3
1209	44	Picture	10	1661471	0	2	4145	3	0	4000	other	0
1209	45	Picture	11	1679542	0	1	4145	2	0	4000	hit	93
1209	45	Pulse	5	1681243	1701	2
1209	45	Response	1	1684283	4741	2
1209	46	Picture	10	1697613	0	1	4145	2	0	4000	other	0
1209	46	Pulse	5	1701234	3621	1
1209	47	Picture	10	1715684	0	1	4145	2	0	4000	other	0
1209	47	Pulse	5	1721232	5548	2
1209	48	Picture	11	1733755	0	1	4144	3	0	4000	hit	99
1209	48	Response	1	1738832	5077	2
1209	48	Pulse	5	1741232	7477	2
1209	49	Picture	10	1751826	0	1	4144	3	0	4000	other	0
1209	49	Pulse	5	1761222	9396	2
1209	50	Picture	10	1769897	0	1	4144	2	0	4000	other	0
1209	50	Pulse	5	1781222	11325	1
1209	51	Picture	10	1787968	0	1	4144	2	0	4000	other	0
1209	51	Pulse	5	1801221	13253	2
1209	52	Picture	10	1806038	0	2	4145	3	0	4000	other	0
1209	52	Pulse	5	1821211	15173	2
1209	53	Pulse	5	1841211	17102	1
1209	54	Picture	30	1849143	0	1	4145	2	0	4000	other	0
1209	54	Pulse	5	1861372	12229	1
1209	55	Picture	30	1867214	0	1	4145	2	0	4000	other	0
1209	55	Pulse	5	1881360	14146	2
1209	56	Picture	31	1885285	0	1	4145	2	0	4000	hit	115
1209	56	Response	1	1888560	3275	2
1209	56	Pulse	5	1901360	16075	1
1209	57	Picture	30	1903356	0	1	4144	3	0	4000	other	0
1209	57	Pulse	5	1921356	18000	9
1209	58	Picture	30	1921427	0	1	4144	3	0	4000	other	0
1209	59	Picture	30	1939498	0	1	4144	2	0	4000	other	0
1209	59	Pulse	5	1941349	1851	2
1209	60	Picture	31	1957568	0	2	4145	3	0	4000	hit	124
1209	60	Pulse	5	1961349	3781	2
1209	60	Response	1	1962949	5381	2
1209	61	Picture	31	1975639	0	1	4145	2	0	4000	miss	0
1209	61	Pulse	5	1981348	5709	2
1209	62	Picture	30	1993710	0	1	4145	2	0	4000	other	0
1209	62	Pulse	5	2001338	7628	2
1209	63	Picture	30	2011781	0	1	4145	2	0	4000	other	0
1209	63	Pulse	5	2021338	9557	2
1209	64	Picture	30	2029852	0	1	4145	2	0	4000	other	0
1209	64	Pulse	5	2041337	11485	2
1209	65	Picture	31	2047923	0	1	4144	3	0	4000	hit	134
1209	65	Response	1	2057327	9404	2
1209	65	Pulse	5	2061327	13404	2
1209	66	Picture	30	2065994	0	1	4144	2	0	4000	other	0
1209	66	Pulse	5	2081327	15333	2
1209	67	Picture	30	2084064	0	2	4145	3	0	4000	other	0
1209	67	Pulse	5	2101326	17262	2
1209	68	Picture	30	2102135	0	2	4145	3	0	4000	other	0
1209	69	Picture	30	2120206	0	2	4145	3	0	4000	other	0
1209	69	Pulse	5	2121316	1110	2
1209	70	Pulse	5	2141317	3040	1
1209	70	Pulse	5	2161316	23039	1
1209	71	Picture	10	2163311	0	1	4145	2	0	4000	other	0
1209	71	Pulse	5	2181306	17995	1
1209	72	Picture	10	2181382	0	1	4145	2	0	4000	other	0
1209	73	Picture	11	2199453	0	1	4144	3	0	4000	hit	150
1209	73	Pulse	5	2201305	1852	2
1209	73	Response	1	2204025	4572	2
1209	74	Picture	10	2217524	0	1	4144	3	0	4000	other	0
1209	74	Pulse	5	2221305	3781	1
1209	75	Picture	11	2235595	0	1	4144	2	0	4000	hit	154
1209	75	Response	1	2240014	4419	2
1209	75	Pulse	5	2241294	5699	2
1209	76	Picture	10	2253665	0	2	4145	3	0	4000	other	0
1209	76	Pulse	5	2261295	7630	1
1209	77	Picture	10	2271736	0	2	4145	3	0	4000	other	0
1209	77	Pulse	5	2281294	9558	1
1209	78	Picture	11	2289807	0	1	4145	2	0	4000	hit	161
1209	78	Response	1	2294403	4596	2
1209	78	Pulse	5	2301283	11476	2
1209	79	Picture	10	2307878	0	1	4145	2	0	4000	other	0
1209	79	Pulse	5	2321283	13405	2
1209	80	Picture	10	2325949	0	1	4144	3	0	4000	other	0
1209	80	Pulse	5	2341283	15334	2
1209	81	Picture	10	2344020	0	1	4144	3	0	4000	other	0
1209	81	Pulse	5	2361272	17252	2
1209	82	Picture	10	2362091	0	1	4144	3	0	4000	other	0
1209	83	Picture	10	2380161	0	2	4145	3	0	4000	other	0
1209	83	Pulse	5	2381272	1111	2
1209	84	Picture	11	2398232	0	2	4145	3	0	4000	hit	174
1209	84	Pulse	5	2401272	3040	2
1209	84	Response	1	2403352	5120	2
1209	85	Picture	10	2416303	0	1	4145	2	0	4000	other	0
1209	85	Pulse	5	2421261	4958	2
1209	86	Picture	10	2434374	0	1	4145	2	0	4000	other	0
1209	86	Pulse	5	2441261	6887	2
1209	87	Pulse	5	2461261	8816	2
1209	88	Picture	20	2477479	0	1	4145	2	0	4000	other	0
1209	88	Pulse	5	2481251	3772	1
1209	89	Picture	20	2495549	0	2	4145	4	0	4000	other	0
1209	89	Pulse	5	2501250	5701	2
1209	90	Picture	20	2513621	0	1	4144	2	0	4000	other	0
1209	90	Pulse	5	2521250	7629	2
1209	91	Picture	21	2531692	0	1	4144	2	0	4000	hit	187
1209	91	Response	1	2535480	3788	2
1209	91	Pulse	5	2541240	9548	1
1209	92	Picture	20	2549762	0	2	4145	3	0	4000	other	0
1209	92	Pulse	5	2561239	11477	2
1209	93	Picture	20	2567833	0	1	4145	2	0	4000	other	0
1209	93	Pulse	5	2581239	13406	2
1209	94	Picture	21	2585904	0	1	4145	2	0	4000	hit	194
1209	94	Response	1	2589709	3805	2
1209	94	Pulse	5	2601229	15325	2
1209	95	Picture	20	2603975	0	1	4145	2	0	4000	other	0
1209	95	Pulse	5	2621229	17254	1
1209	96	Picture	20	2622046	0	1	4145	2	0	4000	other	0
1209	97	Picture	20	2640117	0	1	4144	3	0	4000	other	0
1209	97	Pulse	5	2641228	1111	2
1209	98	Picture	21	2658188	0	2	4144	3	0	4000	hit	203
1209	98	Pulse	5	2661218	3030	2
1209	98	Response	1	2662018	3830	2
1209	99	Picture	20	2676258	0	2	4145	3	0	4000	other	0
1209	99	Pulse	5	2681217	4959	2
1209	100	Picture	20	2694329	0	2	4145	3	0	4000	other	0
1209	100	Pulse	5	2701217	6888	2
1209	101	Picture	21	2712400	0	1	4145	2	0	4000	hit	209
1209	101	Response	1	2717207	4807	2
1209	101	Pulse	5	2721207	8807	2
1209	102	Picture	20	2730471	0	1	4145	2	0	4000	other	0
1209	102	Pulse	5	2741207	10736	1
1209	103	Picture	20	2748542	0	1	4145	2	0	4000	other	0
1209	103	Pulse	5	2761206	12664	2
1209	104	Pulse	5	2781196	14583	2
1209	105	Picture	10	2791647	0	1	4145	2	0	4000	other	0
1209	105	Pulse	5	2801196	9549	1
1209	106	Picture	10	2809718	0	1	4144	3	0	4000	other	0
1209	106	Pulse	5	2821195	11477	2
1209	107	Picture	11	2827788	0	2	4145	3	0	4000	hit	221
1209	107	Response	1	2832225	4437	2
1209	107	Pulse	5	2841185	13397	2
1209	108	Picture	10	2845859	0	2	4145	3	0	4000	other	0
1209	108	Pulse	5	2861185	15326	1
1209	109	Picture	11	2863930	0	1	4145	2	0	4000	hit	226
1209	109	Response	1	2868545	4615	1
1209	109	Pulse	5	2881184	17254	2
1209	110	Picture	10	2882001	0	1	4145	2	0	4000	other	0
1209	111	Picture	10	2900072	0	1	4145	2	0	4000	other	0
1209	111	Pulse	5	2901334	1262	2
1209	112	Picture	11	2918143	0	1	4145	2	0	4000	hit	233
1209	112	Pulse	5	2921334	3191	2
1209	112	Response	1	2922614	4471	3
1209	113	Picture	10	2936213	0	2	4145	4	0	4000	other	0
1209	113	Pulse	5	2941335	5122	1
1209	114	Picture	10	2954285	0	1	4144	2	0	4000	other	0
1209	114	Pulse	5	2961323	7038	2
1209	115	Picture	10	2972355	0	2	4145	3	0	4000	other	0
1209	115	Pulse	5	2981323	8968	2
1209	116	Picture	10	2990426	0	2	4145	3	0	4000	other	0
1209	116	Pulse	5	3001322	10896	2
1209	117	Picture	10	3008497	0	1	4145	2	0	4000	other	0
1209	117	Pulse	5	3021312	12815	2
1209	118	Picture	11	3026568	0	1	4145	2	0	4000	hit	245
1209	118	Response	1	3031072	4504	2
1209	118	Pulse	5	3041312	14744	2
1209	119	Picture	10	3044639	0	1	4145	2	0	4000	other	0
1209	119	Pulse	5	3061312	16673	1
1209	120	Picture	10	3062710	0	1	4144	3	0	4000	other	0
1209	121	Pulse	5	3081301	520	2
1209	121	Pulse	5	3101301	20520	2
1209	122	Picture	30	3105815	0	1	4144	3	0	4000	other	0
1209	122	Pulse	5	3121301	15486	1
1209	123	Picture	30	3123886	0	1	4144	2	0	4000	other	0
1209	123	Pulse	5	3141290	17404	2
1209	124	Picture	30	3141956	0	2	4145	3	0	4000	other	0
1209	125	Picture	31	3160027	0	1	4145	2	0	4000	hit	259
1209	125	Pulse	5	3161290	1263	2
1209	125	Response	1	3164490	4463	2
1209	126	Picture	31	3178098	0	1	4145	2	0	4000	hit	262
1209	126	Pulse	5	3181290	3192	1
1209	126	Response	1	3190079	11981	2
1209	127	Picture	30	3196169	0	1	4145	2	0	4000	other	0
1209	127	Pulse	5	3201279	5110	2
1209	128	Picture	30	3214239	0	2	4146	3	0	4000	other	0
1209	128	Pulse	5	3221279	7040	2
1209	129	Picture	30	3232311	0	1	4144	3	0	4000	other	0
1209	129	Pulse	5	3241279	8968	1
1209	130	Picture	31	3250382	0	1	4144	2	0	4000	hit	270
1209	130	Response	1	3259188	8806	2
1209	130	Pulse	5	3261268	10886	2
1209	131	Picture	30	3268452	0	2	4145	3	0	4000	other	0
1209	131	Pulse	5	3281268	12816	2
1209	132	Picture	30	3286523	0	2	4145	3	0	4000	other	0
1209	132	Pulse	5	3301268	14745	2
1209	133	Picture	30	3304594	0	1	4145	2	0	4000	other	0
1209	133	Pulse	5	3321257	16663	2
1209	134	Picture	30	3322665	0	1	4145	2	0	4000	other	0
1209	135	Picture	31	3340736	0	1	4145	2	0	4000	miss	0
1209	135	Pulse	5	3341257	521	2
1209	136	Picture	30	3358807	0	1	4145	2	0	4000	other	0
1209	136	Pulse	5	3361257	2450	2
1209	137	Picture	30	3376878	0	1	4144	3	0	4000	other	0
1209	137	Pulse	5	3381246	4368	2
