Scenario - 1-back
Logfile written - 02/19/2015 13:02:37

Subject	Trial	Event Type	Code	Time	TTime	Uncertainty	Duration	Uncertainty	ReqTime	ReqDur	Stim Type	Pair Index

1209_nback_4	1	Pulse	5	202435	212269	2
1209_nback_4	2	Pulse	5	222435	19896	1
1209_nback_4	3	Picture	10	227573	0	1	4145	2	0	4000	other	0
1209_nback_4	3	Pulse	5	242434	14861	2
1209_nback_4	4	Picture	10	245644	0	1	4145	2	0	4000	other	0
1209_nback_4	4	Pulse	5	262424	16780	2
1209_nback_4	5	Picture	11	263715	0	1	4145	2	0	4000	hit	8
1209_nback_4	5	Response	1	267544	3829	2
1209_nback_4	6	Picture	10	281786	0	1	4144	3	0	4000	other	0
1209_nback_4	6	Pulse	5	282424	638	2
1209_nback_4	7	Picture	11	299857	0	1	4144	2	0	4000	hit	13
1209_nback_4	7	Pulse	5	302423	2566	2
1209_nback_4	7	Response	1	304983	5126	2
1209_nback_4	8	Picture	10	317927	0	2	4145	4	0	4000	other	0
1209_nback_4	8	Pulse	5	322413	4486	2
1209_nback_4	9	Picture	10	335998	0	1	4145	2	0	4000	other	0
1209_nback_4	9	Pulse	5	342413	6415	2
1209_nback_4	10	Picture	10	354069	0	1	4145	2	0	4000	other	0
1209_nback_4	10	Pulse	5	362412	8343	2
1209_nback_4	11	Picture	11	372140	0	1	4145	2	0	4000	hit	21
1209_nback_4	11	Response	1	378082	5942	2
1209_nback_4	11	Pulse	5	382402	10262	2
1209_nback_4	12	Picture	10	390211	0	1	4145	2	0	4000	other	0
1209_nback_4	12	Pulse	5	402402	12191	2
1209_nback_4	13	Picture	10	408282	0	1	4144	3	0	4000	other	0
1209_nback_4	13	Pulse	5	422401	14119	2
1209_nback_4	14	Picture	11	426353	0	1	4144	3	0	4000	hit	28
1209_nback_4	14	Response	1	431841	5488	2
1209_nback_4	14	Pulse	5	442391	16038	2
1209_nback_4	15	Picture	10	444423	0	2	4145	3	0	4000	other	0
1209_nback_4	15	Pulse	5	462391	17968	2
1209_nback_4	16	Picture	10	462494	0	2	4145	3	0	4000	other	0
1209_nback_4	17	Picture	10	480565	0	1	4144	3	0	4000	other	0
1209_nback_4	17	Pulse	5	482391	1826	1
1209_nback_4	18	Picture	10	498636	0	1	4145	2	0	4000	other	0
1209_nback_4	18	Pulse	5	502380	3744	2
1209_nback_4	19	Pulse	5	522380	5673	2
1209_nback_4	20	Picture	30	541741	0	1	4145	2	0	4000	other	0
1209_nback_4	20	Pulse	5	542380	639	1
1209_nback_4	21	Picture	30	559805	0	10	4151	12	0	4000	other	0
1209_nback_4	21	Pulse	5	562369	2564	2
1209_nback_4	22	Picture	31	577883	0	1	4144	3	0	4000	hit	44
1209_nback_4	22	Pulse	5	582369	4486	2
1209_nback_4	22	Response	1	583809	5926	2
1209_nback_4	23	Picture	30	595953	0	2	4145	3	0	4000	other	0
1209_nback_4	23	Pulse	5	602369	6416	1
1209_nback_4	24	Picture	30	614024	0	2	4145	3	0	4000	other	0
1209_nback_4	24	Pulse	5	622358	8334	2
1209_nback_4	25	Picture	30	632095	0	1	4145	2	0	4000	other	0
1209_nback_4	25	Pulse	5	642358	10263	2
1209_nback_4	26	Picture	31	650166	0	1	4145	2	0	4000	hit	52
1209_nback_4	26	Response	1	654358	4192	2
1209_nback_4	26	Pulse	5	662518	12352	2
1209_nback_4	27	Picture	31	668237	0	1	4145	2	0	4000	hit	55
1209_nback_4	27	Response	1	682347	14110	2
1209_nback_4	27	Pulse	5	682507	14270	2
1209_nback_4	28	Picture	30	686308	0	1	4145	2	0	4000	other	0
1209_nback_4	28	Pulse	5	702507	16199	2
1209_nback_4	29	Picture	30	704379	0	1	4144	3	0	4000	other	0
1209_nback_4	30	Picture	30	722450	0	1	4144	3	0	4000	other	0
1209_nback_4	30	Pulse	5	722508	58	1
1209_nback_4	31	Picture	31	740520	0	2	4145	3	0	4000	hit	64
1209_nback_4	31	Pulse	5	742496	1976	2
1209_nback_4	31	Response	1	746656	6136	2
1209_nback_4	32	Picture	30	758591	0	1	4145	2	0	4000	other	0
1209_nback_4	32	Pulse	5	762496	3905	2
1209_nback_4	33	Picture	30	776662	0	1	4145	2	0	4000	other	0
1209_nback_4	33	Pulse	5	782496	5834	2
1209_nback_4	34	Picture	30	794733	0	1	4145	2	0	4000	other	0
1209_nback_4	34	Pulse	5	802485	7752	2
1209_nback_4	35	Picture	30	812804	0	1	4145	2	0	4000	other	0
1209_nback_4	35	Pulse	5	822485	9681	2
1209_nback_4	36	Pulse	5	842485	11610	2
1209_nback_4	37	Picture	10	855909	0	1	4144	3	0	4000	other	0
1209_nback_4	37	Pulse	5	862475	6566	1
1209_nback_4	38	Picture	10	873980	0	1	4144	3	0	4000	other	0
1209_nback_4	38	Pulse	5	882474	8494	2
1209_nback_4	39	Picture	11	892050	0	2	4145	3	0	4000	hit	79
1209_nback_4	39	Response	1	897514	5464	2
1209_nback_4	39	Pulse	5	902474	10424	2
1209_nback_4	40	Picture	10	910121	0	2	4145	3	0	4000	other	0
1209_nback_4	40	Pulse	5	922464	12343	2
1209_nback_4	41	Picture	11	928192	0	1	4145	2	0	4000	hit	84
1209_nback_4	41	Response	1	933184	4992	1
1209_nback_4	41	Pulse	5	942463	14271	2
1209_nback_4	42	Picture	10	946263	0	1	4145	2	0	4000	other	0
1209_nback_4	42	Pulse	5	962463	16200	2
1209_nback_4	43	Picture	10	964334	0	1	4145	2	0	4000	other	0
1209_nback_4	44	Picture	10	982405	0	1	4144	3	0	4000	other	0
1209_nback_4	44	Pulse	5	982453	48	2
1209_nback_4	45	Picture	11	1000476	0	1	4144	3	0	4000	hit	93
1209_nback_4	45	Pulse	5	1002452	1976	2
1209_nback_4	45	Response	1	1005493	5017	1
1209_nback_4	46	Picture	10	1018546	0	2	4145	3	0	4000	other	0
1209_nback_4	46	Pulse	5	1022452	3906	2
1209_nback_4	47	Picture	10	1036617	0	2	4136	14	0	4000	other	0
1209_nback_4	47	Pulse	5	1042442	5825	2
1209_nback_4	48	Picture	11	1054688	0	1	4145	2	0	4000	hit	99
1209_nback_4	48	Response	1	1059402	4714	1
1209_nback_4	48	Pulse	5	1062441	7753	2
1209_nback_4	49	Picture	10	1072759	0	1	4145	2	0	4000	other	0
1209_nback_4	49	Pulse	5	1082441	9682	2
1209_nback_4	50	Picture	10	1090830	0	1	4145	2	0	4000	other	0
1209_nback_4	50	Pulse	5	1102431	11601	2
1209_nback_4	51	Picture	10	1108901	0	1	4145	2	0	4000	other	0
1209_nback_4	51	Pulse	5	1122431	13530	1
1209_nback_4	52	Picture	10	1126972	0	1	4144	3	0	4000	other	0
1209_nback_4	52	Pulse	5	1142430	15458	2
1209_nback_4	53	Pulse	5	1162421	17378	1
1209_nback_4	54	Picture	20	1170076	0	2	4145	4	0	4000	other	0
1209_nback_4	54	Pulse	5	1182420	12344	1
1209_nback_4	55	Picture	20	1188147	0	2	4145	3	0	4000	other	0
1209_nback_4	55	Pulse	5	1202419	14272	2
1209_nback_4	56	Picture	21	1206218	0	2	4145	3	0	4000	hit	115
1209_nback_4	56	Response	1	1210419	4201	2
1209_nback_4	56	Pulse	5	1222409	16191	2
1209_nback_4	57	Picture	20	1224289	0	1	4145	2	0	4000	other	0
1209_nback_4	58	Picture	20	1242360	0	1	4145	2	0	4000	other	0
1209_nback_4	58	Pulse	5	1242409	49	2
1209_nback_4	59	Picture	20	1260431	0	1	4145	2	0	4000	other	0
1209_nback_4	59	Pulse	5	1262409	1978	1
1209_nback_4	60	Picture	21	1278502	0	1	4144	3	0	4000	hit	124
1209_nback_4	60	Pulse	5	1282398	3896	2
1209_nback_4	60	Response	1	1283358	4856	2
1209_nback_4	61	Picture	20	1296573	0	1	4144	3	0	4000	other	0
1209_nback_4	61	Pulse	5	1302398	5825	2
1209_nback_4	62	Picture	20	1314644	0	1	4144	2	0	4000	other	0
1209_nback_4	62	Pulse	5	1322398	7754	1
1209_nback_4	63	Picture	20	1332714	0	2	4145	3	0	4000	other	0
1209_nback_4	63	Pulse	5	1342387	9673	2
1209_nback_4	64	Picture	20	1350785	0	1	4145	2	0	4000	other	0
1209_nback_4	64	Pulse	5	1362387	11602	2
1209_nback_4	65	Picture	20	1368856	0	2	4145	3	0	4000	other	0
1209_nback_4	65	Pulse	5	1382386	13530	2
1209_nback_4	66	Picture	21	1386927	0	1	4145	2	0	4000	hit	136
1209_nback_4	66	Response	1	1393736	6809	2
1209_nback_4	66	Pulse	5	1402376	15449	2
1209_nback_4	67	Picture	20	1404998	0	1	4144	3	0	4000	other	0
1209_nback_4	67	Pulse	5	1422376	17378	2
1209_nback_4	68	Picture	20	1423069	0	1	4144	3	0	4000	other	0
1209_nback_4	69	Picture	21	1441140	0	1	4144	2	0	4000	hit	143
1209_nback_4	69	Pulse	5	1442376	1236	1
1209_nback_4	69	Response	1	1449575	8435	2
1209_nback_4	70	Pulse	5	1462365	3155	2
1209_nback_4	70	Pulse	5	1482365	23155	2
1209_nback_4	71	Picture	10	1484244	0	2	4145	3	0	4000	other	0
1209_nback_4	72	Picture	10	1502315	0	1	4145	2	0	4000	other	0
1209_nback_4	72	Pulse	5	1502365	50	1
1209_nback_4	73	Picture	11	1520386	0	1	4145	2	0	4000	hit	151
1209_nback_4	73	Pulse	5	1522354	1968	2
1209_nback_4	73	Response	1	1524914	4528	2
1209_nback_4	74	Picture	10	1538457	0	1	4145	2	0	4000	other	0
1209_nback_4	74	Pulse	5	1542355	3898	1
1209_nback_4	75	Picture	11	1556528	0	1	4145	2	0	4000	hit	155
1209_nback_4	75	Response	1	1560594	4066	2
1209_nback_4	75	Pulse	5	1562353	5825	5
1209_nback_4	76	Picture	10	1574599	0	1	4144	3	0	4000	other	0
1209_nback_4	76	Pulse	5	1582343	7744	4
1209_nback_4	77	Picture	10	1592670	0	1	4144	3	0	4000	other	0
1209_nback_4	77	Pulse	5	1602343	9673	3
1209_nback_4	78	Picture	11	1610740	0	2	4145	3	0	4000	hit	162
1209_nback_4	78	Response	1	1614023	3283	2
1209_nback_4	78	Pulse	5	1622343	11603	3
1209_nback_4	79	Picture	10	1628811	0	2	4145	3	0	4000	other	0
1209_nback_4	79	Pulse	5	1642333	13522	1
1209_nback_4	80	Picture	10	1646882	0	1	4145	2	0	4000	other	0
1209_nback_4	80	Pulse	5	1662332	15450	2
1209_nback_4	81	Picture	10	1664953	0	1	4145	2	0	4000	other	0
1209_nback_4	81	Pulse	5	1682332	17379	2
1209_nback_4	82	Picture	10	1683024	0	1	4145	2	0	4000	other	0
1209_nback_4	83	Picture	10	1701095	0	1	4144	3	0	4000	other	0
1209_nback_4	83	Pulse	5	1702481	1386	2
1209_nback_4	84	Picture	11	1719166	0	1	4144	3	0	4000	hit	175
1209_nback_4	84	Pulse	5	1722481	3315	2
1209_nback_4	84	Response	1	1723601	4435	2
1209_nback_4	85	Picture	10	1737236	0	2	4145	4	0	4000	other	0
1209_nback_4	85	Pulse	5	1742481	5245	2
1209_nback_4	86	Picture	10	1755307	0	2	4145	3	0	4000	other	0
1209_nback_4	86	Pulse	5	1762471	7164	1
1209_nback_4	87	Pulse	5	1782470	9092	2
1209_nback_4	88	Picture	30	1798412	0	1	4145	2	0	4000	other	0
1209_nback_4	88	Pulse	5	1802470	4058	2
1209_nback_4	89	Picture	30	1816483	0	1	4145	2	0	4000	other	0
1209_nback_4	89	Pulse	5	1822460	5977	1
1209_nback_4	90	Picture	30	1834554	0	1	4145	2	0	4000	other	0
1209_nback_4	90	Pulse	5	1842459	7905	2
1209_nback_4	91	Picture	31	1852625	0	1	4144	3	0	4000	hit	188
1209_nback_4	91	Response	1	1857499	4874	2
1209_nback_4	91	Pulse	5	1862459	9834	2
1209_nback_4	92	Picture	31	1870696	0	1	4144	3	0	4000	hit	191
1209_nback_4	92	Response	1	1880049	9353	1
1209_nback_4	92	Pulse	5	1882449	11753	1
1209_nback_4	93	Picture	30	1888766	0	2	4145	4	0	4000	other	0
1209_nback_4	93	Pulse	5	1902448	13682	2
1209_nback_4	94	Picture	30	1906837	0	2	4145	3	0	4000	other	0
1209_nback_4	94	Pulse	5	1922448	15611	2
1209_nback_4	95	Picture	30	1924908	0	2	4145	3	0	4000	other	0
1209_nback_4	95	Pulse	5	1942438	17530	2
1209_nback_4	96	Picture	31	1942979	0	1	4145	2	0	4000	hit	200
1209_nback_4	96	Response	1	1951078	8099	1
1209_nback_4	97	Picture	30	1961050	0	1	4145	2	0	4000	other	0
1209_nback_4	97	Pulse	5	1962437	1387	2
1209_nback_4	98	Picture	30	1979121	0	1	4145	2	0	4000	other	0
1209_nback_4	98	Pulse	5	1982437	3316	2
1209_nback_4	99	Picture	30	1997192	0	1	4144	3	0	4000	other	0
1209_nback_4	99	Pulse	5	2002427	5235	2
1209_nback_4	100	Picture	30	2015263	0	1	4144	2	0	4000	other	0
1209_nback_4	100	Pulse	5	2022426	7163	2
1209_nback_4	101	Picture	31	2033333	0	2	4145	3	0	4000	miss	0
1209_nback_4	101	Pulse	5	2042426	9093	2
1209_nback_4	102	Picture	30	2051404	0	2	4145	3	0	4000	other	0
1209_nback_4	102	Pulse	5	2062417	11013	1
1209_nback_4	103	Picture	30	2069475	0	1	4145	2	0	4000	other	0
1209_nback_4	103	Pulse	5	2082416	12941	1
1209_nback_4	104	Pulse	5	2102416	14870	1
1209_nback_4	105	Picture	10	2112580	0	1	4145	2	0	4000	other	0
1209_nback_4	105	Pulse	5	2122405	9825	2
1209_nback_4	106	Picture	10	2130651	0	1	4145	2	0	4000	other	0
1209_nback_4	106	Pulse	5	2142405	11754	1
1209_nback_4	107	Picture	11	2148722	0	1	4144	3	0	4000	hit	221
1209_nback_4	107	Response	1	2152964	4242	2
1209_nback_4	107	Pulse	5	2162404	13682	2
1209_nback_4	108	Picture	10	2166793	0	1	4144	3	0	4000	other	0
1209_nback_4	108	Pulse	5	2182394	15601	2
1209_nback_4	109	Picture	11	2184863	0	2	4145	3	0	4000	hit	226
1209_nback_4	109	Response	1	2189755	4892	1
1209_nback_4	109	Pulse	5	2202394	17531	1
1209_nback_4	110	Picture	10	2202934	0	2	4145	3	0	4000	other	0
1209_nback_4	111	Picture	10	2221005	0	1	4145	2	0	4000	other	0
1209_nback_4	111	Pulse	5	2222393	1388	2
1209_nback_4	112	Picture	11	2239076	0	1	4145	2	0	4000	hit	233
1209_nback_4	112	Pulse	5	2242383	3307	2
1209_nback_4	112	Response	1	2244943	5867	2
1209_nback_4	113	Picture	10	2257147	0	1	4145	2	0	4000	other	0
1209_nback_4	113	Pulse	5	2262383	5236	1
1209_nback_4	114	Picture	10	2275218	0	1	4144	3	0	4000	other	0
1209_nback_4	114	Pulse	5	2282382	7164	2
1209_nback_4	115	Picture	10	2293289	0	1	4144	3	0	4000	other	0
1209_nback_4	115	Pulse	5	2302372	9083	2
1209_nback_4	116	Picture	10	2311360	0	1	4144	3	0	4000	other	0
1209_nback_4	116	Pulse	5	2322372	11012	2
1209_nback_4	117	Picture	10	2329431	0	1	4144	2	0	4000	other	0
1209_nback_4	117	Pulse	5	2342371	12940	2
1209_nback_4	118	Picture	11	2347501	0	2	4145	3	0	4000	hit	245
1209_nback_4	118	Response	1	2351971	4470	2
1209_nback_4	118	Pulse	5	2362361	14860	2
1209_nback_4	119	Picture	10	2365572	0	1	4145	2	0	4000	other	0
1209_nback_4	119	Pulse	5	2382361	16789	2
1209_nback_4	120	Picture	10	2383643	0	1	4145	2	0	4000	other	0
1209_nback_4	121	Pulse	5	2402360	646	2
1209_nback_4	121	Pulse	5	2422350	20636	2
1209_nback_4	122	Picture	20	2426748	0	1	4145	2	0	4000	other	0
1209_nback_4	122	Pulse	5	2442350	15602	2
1209_nback_4	123	Picture	20	2444819	0	1	4144	3	0	4000	other	0
1209_nback_4	123	Pulse	5	2462350	17531	1
1209_nback_4	124	Picture	20	2462890	0	1	4144	3	0	4000	other	0
1209_nback_4	125	Picture	21	2480960	0	2	4145	3	0	4000	hit	259
1209_nback_4	125	Pulse	5	2482339	1379	2
1209_nback_4	125	Response	1	2487939	6979	2
1209_nback_4	126	Picture	20	2499031	0	2	4145	3	0	4000	other	0
1209_nback_4	126	Pulse	5	2502339	3308	2
1209_nback_4	127	Picture	20	2517102	0	1	4145	2	0	4000	other	0
1209_nback_4	127	Pulse	5	2522339	5237	1
1209_nback_4	128	Picture	21	2535173	0	1	4144	3	0	4000	hit	265
1209_nback_4	128	Response	1	2539928	4755	2
1209_nback_4	128	Pulse	5	2542328	7155	2
1209_nback_4	129	Picture	20	2553244	0	1	4144	3	0	4000	other	0
1209_nback_4	129	Pulse	5	2562328	9084	2
1209_nback_4	130	Picture	20	2571315	0	1	4145	2	0	4000	other	0
1209_nback_4	130	Pulse	5	2582328	11013	2
1209_nback_4	131	Picture	20	2589386	0	1	4144	3	0	4000	other	0
1209_nback_4	131	Pulse	5	2602317	12931	2
1209_nback_4	132	Picture	21	2607457	0	1	4144	2	0	4000	hit	274
1209_nback_4	132	Response	1	2611117	3660	2
1209_nback_4	132	Pulse	5	2622317	14860	2
1209_nback_4	133	Picture	20	2625527	0	2	4145	3	0	4000	other	0
1209_nback_4	133	Pulse	5	2642317	16790	2
1209_nback_4	134	Picture	20	2643598	0	2	4145	3	0	4000	other	0
1209_nback_4	135	Picture	21	2661669	0	1	4145	2	0	4000	hit	281
1209_nback_4	135	Pulse	5	2662306	637	2
1209_nback_4	135	Response	1	2666786	5117	2
1209_nback_4	136	Picture	20	2679740	0	1	4145	2	0	4000	other	0
1209_nback_4	136	Pulse	5	2682306	2566	2
1209_nback_4	137	Picture	20	2697811	0	1	4145	2	0	4000	other	0
1209_nback_4	137	Pulse	5	2702306	4495	2
