Scenario - 1-back
Logfile written - 04/02/2015 16:36:59

Subject	Trial	Event Type	Code	Time	TTime	Uncertainty	Duration	Uncertainty	ReqTime	ReqDur	Stim Type	Pair Index

1210	1	Pulse	5	173420	183254	2
1210	2	Pulse	5	193419	19895	2
1210	3	Picture	10	198558	0	1	4144	3	0	4000	other	0
1210	3	Pulse	5	213409	14851	2
1210	4	Picture	10	216628	0	2	4145	3	0	4000	other	0
1210	4	Pulse	5	233409	16781	1
1210	5	Picture	11	234699	0	1	4145	2	0	4000	hit	8
1210	5	Response	1	238528	3829	2
1210	6	Picture	10	252770	0	1	4144	3	0	4000	other	0
1210	6	Pulse	5	253408	638	2
1210	7	Picture	11	270840	0	2	4145	3	0	4000	hit	13
1210	7	Pulse	5	273397	2557	2
1210	7	Response	1	275157	4317	2
1210	8	Picture	10	288911	0	1	4145	2	0	4000	other	0
1210	8	Pulse	5	293397	4486	1
1210	9	Picture	10	306982	0	1	4144	3	0	4000	other	0
1210	9	Pulse	5	313396	6414	2
1210	10	Picture	10	325052	0	1	4145	2	0	4000	other	0
1210	10	Pulse	5	333386	8334	1
1210	11	Picture	11	343123	0	1	4145	2	0	4000	hit	21
1210	11	Response	1	347145	4022	2
1210	11	Pulse	5	353385	10262	2
1210	12	Picture	10	361194	0	1	4144	2	0	4000	other	0
1210	12	Pulse	5	373384	12190	2
1210	13	Picture	10	379264	0	1	4145	2	0	4000	other	0
1210	13	Pulse	5	393375	14111	1
1210	14	Picture	11	397335	0	1	4145	2	0	4000	hit	28
1210	14	Response	1	402334	4999	1
1210	14	Pulse	5	413373	16038	2
1210	15	Picture	10	415406	0	1	4144	2	0	4000	other	0
1210	15	Pulse	5	433374	17968	1
1210	16	Picture	10	433476	0	1	4145	2	0	4000	other	0
1210	17	Picture	10	451547	0	1	4144	3	0	4000	other	0
1210	17	Pulse	5	453362	1815	2
1210	18	Picture	10	469618	0	1	4144	2	0	4000	other	0
1210	18	Pulse	5	473522	3904	1
1210	19	Pulse	5	493522	5834	1
1210	20	Picture	20	512722	0	1	4145	2	0	4000	other	0
1210	20	Pulse	5	513512	790	1
1210	21	Picture	20	530793	0	1	4144	2	0	4000	other	0
1210	21	Pulse	5	533510	2717	2
1210	22	Picture	21	548863	0	1	4145	2	0	4000	hit	44
1210	22	Pulse	5	553509	4646	2
1210	22	Response	1	553829	4966	2
1210	23	Picture	20	566934	0	1	4144	3	0	4000	other	0
1210	23	Pulse	5	573499	6565	2
1210	24	Picture	20	585004	0	2	4145	3	0	4000	other	0
1210	24	Pulse	5	593498	8494	2
1210	25	Picture	20	603075	0	1	4145	2	0	4000	other	0
1210	25	Pulse	5	613498	10423	1
1210	26	Picture	21	621146	0	1	4144	3	0	4000	hit	52
1210	26	Response	1	625167	4021	2
1210	26	Pulse	5	633487	12341	2
1210	27	Picture	20	639216	0	2	4145	3	0	4000	other	0
1210	27	Pulse	5	653486	14270	2
1210	28	Picture	20	657287	0	1	4145	2	0	4000	other	0
1210	28	Pulse	5	673486	16199	2
1210	29	Picture	20	675358	0	1	4144	3	0	4000	other	0
1210	30	Picture	20	693428	0	2	4145	3	0	4000	other	0
1210	30	Pulse	5	693475	47	2
1210	31	Picture	20	711499	0	1	4145	2	0	4000	other	0
1210	31	Pulse	5	713475	1976	2
1210	32	Picture	21	729570	0	1	4144	3	0	4000	hit	65
1210	32	Pulse	5	733474	3904	2
1210	32	Response	1	734914	5344	2
1210	33	Picture	20	747640	0	2	4145	3	0	4000	other	0
1210	33	Pulse	5	753464	5824	1
1210	34	Picture	20	765711	0	1	4145	2	0	4000	other	0
1210	34	Pulse	5	773463	7752	2
1210	35	Picture	21	783782	0	1	4144	2	0	4000	hit	71
1210	35	Response	1	787703	3921	2
1210	35	Pulse	5	793463	9681	1
1210	36	Pulse	5	813452	11600	2
1210	37	Picture	10	826886	0	1	4145	2	0	4000	other	0
1210	37	Pulse	5	833451	6565	2
1210	38	Picture	10	844957	0	1	4144	3	0	4000	other	0
1210	38	Pulse	5	853451	8494	2
1210	39	Picture	11	863027	0	1	4145	2	0	4000	hit	79
1210	39	Response	1	866880	3853	2
1210	39	Pulse	5	873440	10413	2
1210	40	Picture	10	881098	0	1	4145	2	0	4000	other	0
1210	40	Pulse	5	893440	12342	2
1210	41	Picture	11	899169	0	1	4144	2	0	4000	hit	84
1210	41	Response	1	904159	4990	2
1210	41	Pulse	5	913439	14270	2
1210	42	Picture	10	917239	0	1	4145	2	0	4000	other	0
1210	42	Pulse	5	933429	16190	1
1210	43	Picture	10	935310	0	1	4145	2	0	4000	other	0
1210	44	Picture	10	953381	0	1	4144	2	0	4000	other	0
1210	44	Pulse	5	953428	47	2
1210	45	Picture	11	971451	0	1	4145	2	0	4000	hit	93
1210	45	Pulse	5	973427	1976	2
1210	45	Response	1	976629	5178	1
1210	46	Picture	10	989522	0	1	4145	2	0	4000	other	0
1210	46	Pulse	5	993417	3895	2
1210	47	Picture	10	1007593	0	1	4144	2	0	4000	other	0
1210	47	Pulse	5	1013416	5823	2
1210	48	Picture	11	1025663	0	1	4145	2	0	4000	hit	99
1210	48	Response	1	1030376	4713	2
1210	48	Pulse	5	1033416	7753	2
1210	49	Picture	10	1043734	0	1	4144	3	0	4000	other	0
1210	49	Pulse	5	1053405	9671	2
1210	50	Picture	10	1061804	0	2	4145	3	0	4000	other	0
1210	50	Pulse	5	1073405	11601	1
1210	51	Picture	10	1079875	0	1	4145	2	0	4000	other	0
1210	51	Pulse	5	1093404	13529	2
1210	52	Picture	10	1097946	0	1	4144	3	0	4000	other	0
1210	52	Pulse	5	1113394	15448	1
1210	53	Pulse	5	1133394	17378	1
1210	54	Picture	30	1141050	0	1	4145	2	0	4000	other	0
1210	54	Pulse	5	1153392	12342	2
1210	55	Picture	30	1159121	0	1	4144	3	0	4000	other	0
1210	55	Pulse	5	1173382	14261	2
1210	56	Picture	31	1177191	0	2	4145	3	0	4000	hit	115
1210	56	Response	1	1181222	4031	1
1210	56	Pulse	5	1193381	16190	2
1210	57	Picture	30	1195262	0	1	4145	2	0	4000	other	0
1210	58	Picture	30	1213333	0	1	4144	3	0	4000	other	0
1210	58	Pulse	5	1213381	48	2
1210	59	Picture	30	1231403	0	2	4145	3	0	4000	other	0
1210	59	Pulse	5	1233370	1967	2
1210	60	Picture	31	1249474	0	1	4145	2	0	4000	miss	0
1210	60	Pulse	5	1253370	3896	1
1210	61	Picture	31	1267545	0	1	4144	3	0	4000	hit	125
1210	61	Response	1	1272889	5344	2
1210	61	Pulse	5	1273369	5824	2
1210	62	Picture	30	1285615	0	2	4145	3	0	4000	other	0
1210	62	Pulse	5	1293358	7743	2
1210	63	Picture	30	1303686	0	1	4145	2	0	4000	other	0
1210	63	Pulse	5	1313358	9672	2
1210	64	Picture	30	1321757	0	1	4144	3	0	4000	other	0
1210	64	Pulse	5	1333358	11601	1
1210	65	Picture	31	1339827	0	1	4145	2	0	4000	hit	134
1210	65	Response	1	1345027	5200	2
1210	65	Pulse	5	1353347	13520	2
1210	66	Picture	30	1357898	0	1	4145	2	0	4000	other	0
1210	66	Pulse	5	1373346	15448	2
1210	67	Picture	30	1375969	0	1	4144	2	0	4000	other	0
1210	67	Pulse	5	1393346	17377	1
1210	68	Picture	30	1394039	0	2	4145	3	0	4000	other	0
1210	69	Picture	30	1412110	0	1	4144	3	0	4000	other	0
1210	69	Pulse	5	1413335	1225	2
1210	70	Pulse	5	1433335	3154	2
1210	70	Pulse	5	1453334	23153	2
1210	71	Picture	10	1455214	0	2	4145	3	0	4000	other	0
1210	72	Picture	10	1473285	0	1	4145	2	0	4000	other	0
1210	72	Pulse	5	1473323	38	2
1210	73	Picture	11	1491356	0	1	4144	2	0	4000	hit	150
1210	73	Pulse	5	1493323	1967	2
1210	73	Response	1	1495243	3887	2
1210	74	Picture	10	1509426	0	1	4145	2	0	4000	other	0
1210	74	Pulse	5	1513482	4056	2
1210	75	Picture	11	1527497	0	1	4145	2	0	4000	hit	154
1210	75	Response	1	1531232	3735	2
1210	75	Pulse	5	1533472	5975	1
1210	76	Picture	10	1545568	0	1	4144	2	0	4000	other	0
1210	76	Pulse	5	1553471	7903	2
1210	77	Picture	10	1563638	0	1	4145	2	0	4000	other	0
1210	77	Pulse	5	1573471	9833	1
1210	78	Picture	11	1581709	0	1	4145	2	0	4000	hit	161
1210	78	Response	1	1587060	5351	2
1210	78	Pulse	5	1593460	11751	2
1210	79	Picture	10	1599780	0	1	4144	2	0	4000	other	0
1210	79	Pulse	5	1613459	13679	2
1210	80	Picture	10	1617850	0	1	4145	2	0	4000	other	0
1210	80	Pulse	5	1633460	15610	1
1210	81	Picture	10	1635921	0	1	4144	3	0	4000	other	0
1210	81	Pulse	5	1653448	17527	2
1210	82	Picture	10	1653991	0	2	4145	3	0	4000	other	0
1210	83	Picture	10	1672062	0	1	4145	2	0	4000	other	0
1210	83	Pulse	5	1673449	1387	1
1210	84	Picture	11	1690133	0	1	4144	3	0	4000	hit	174
1210	84	Pulse	5	1693447	3314	2
1210	84	Response	1	1694727	4594	2
1210	85	Picture	10	1708203	0	2	4145	3	0	4000	other	0
1210	85	Pulse	5	1713437	5234	1
1210	86	Picture	10	1726274	0	1	4145	2	0	4000	other	0
1210	86	Pulse	5	1733436	7162	2
1210	87	Pulse	5	1753435	9090	2
1210	88	Picture	20	1769378	0	2	4145	3	0	4000	other	0
1210	88	Pulse	5	1773425	4047	2
1210	89	Picture	20	1787449	0	1	4145	2	0	4000	other	0
1210	89	Pulse	5	1793424	5975	2
1210	90	Picture	20	1805520	0	1	4144	3	0	4000	other	0
1210	90	Pulse	5	1813424	7904	2
1210	91	Picture	21	1823590	0	2	4145	3	0	4000	hit	187
1210	91	Response	1	1826373	2783	2
1210	91	Pulse	5	1833413	9823	2
1210	92	Picture	20	1841661	0	1	4145	2	0	4000	other	0
1210	92	Pulse	5	1853413	11752	1
1210	93	Picture	20	1859732	0	1	4144	3	0	4000	other	0
1210	93	Pulse	5	1873412	13680	2
1210	94	Picture	21	1877802	0	2	4145	3	0	4000	hit	194
1210	94	Response	1	1881092	3290	2
1210	94	Pulse	5	1893402	15600	1
1210	95	Picture	20	1895873	0	1	4145	2	0	4000	other	0
1210	95	Pulse	5	1913401	17528	2
1210	96	Picture	20	1913944	0	1	4144	2	0	4000	other	0
1210	97	Picture	20	1932014	0	2	4145	3	0	4000	other	0
1210	97	Pulse	5	1933400	1386	2
1210	98	Picture	21	1950085	0	1	4145	2	0	4000	hit	203
1210	98	Pulse	5	1953390	3305	2
1210	98	Response	1	1957070	6985	2
1210	99	Picture	20	1968156	0	1	4144	2	0	4000	other	0
1210	99	Pulse	5	1973389	5233	2
1210	100	Picture	20	1986226	0	1	4145	2	0	4000	other	0
1210	100	Pulse	5	1993389	7163	2
1210	101	Picture	21	2004297	0	1	4145	2	0	4000	hit	209
1210	101	Response	1	2009378	5081	2
1210	101	Pulse	5	2013378	9081	2
1210	102	Picture	20	2022368	0	1	4144	2	0	4000	other	0
1210	102	Pulse	5	2033378	11010	1
1210	103	Picture	20	2040438	0	1	4145	2	0	4000	other	0
1210	103	Pulse	5	2053377	12939	2
1210	104	Pulse	5	2073366	14857	2
1210	105	Picture	10	2083543	0	1	4144	2	0	4000	other	0
1210	105	Pulse	5	2093366	9823	2
1210	106	Picture	10	2101613	0	1	4145	2	0	4000	other	0
1210	106	Pulse	5	2113365	11752	2
1210	107	Picture	11	2119684	0	1	4144	3	0	4000	hit	221
1210	107	Response	1	2122965	3281	2
1210	107	Pulse	5	2133355	13671	2
1210	108	Picture	10	2137754	0	2	4145	3	0	4000	other	0
1210	108	Pulse	5	2153354	15600	2
1210	109	Picture	11	2155825	0	1	4145	2	0	4000	hit	226
1210	109	Response	1	2161834	6009	2
1210	109	Pulse	5	2173354	17529	2
1210	110	Picture	10	2173896	0	1	4144	3	0	4000	other	0
1210	111	Picture	10	2191967	0	1	4144	2	0	4000	other	0
1210	111	Pulse	5	2193343	1376	2
1210	112	Picture	11	2210037	0	1	4145	2	0	4000	hit	233
1210	112	Pulse	5	2213343	3306	2
1210	112	Response	1	2214942	4905	2
1210	113	Picture	10	2228108	0	1	4144	3	0	4000	other	0
1210	113	Pulse	5	2233342	5234	2
1210	114	Picture	10	2246178	0	2	4145	3	0	4000	other	0
1210	114	Pulse	5	2253331	7153	3
1210	115	Picture	10	2264249	0	1	4145	2	0	4000	other	0
1210	115	Pulse	5	2273331	9082	2
1210	116	Picture	10	2282320	0	1	4144	3	0	4000	other	0
1210	116	Pulse	5	2293330	11010	3
1210	117	Picture	10	2300390	0	2	4145	3	0	4000	other	0
1210	117	Pulse	5	2313320	12930	2
1210	118	Picture	11	2318461	0	1	4145	2	0	4000	hit	245
1210	118	Response	1	2323079	4618	2
1210	118	Pulse	5	2333319	14858	2
1210	119	Picture	10	2336532	0	1	4144	3	0	4000	other	0
1210	119	Pulse	5	2353319	16787	1
1210	120	Picture	10	2354602	0	2	4145	3	0	4000	other	0
1210	121	Pulse	5	2373308	635	2
1210	121	Pulse	5	2393307	20634	2
1210	122	Picture	30	2397707	0	1	4144	3	0	4000	other	0
1210	122	Pulse	5	2413307	15600	2
1210	123	Picture	30	2415777	0	2	4145	3	0	4000	other	0
1210	123	Pulse	5	2433296	17519	2
1210	124	Picture	30	2433848	0	1	4145	2	0	4000	other	0
1210	125	Picture	31	2451919	0	1	4144	3	0	4000	hit	259
1210	125	Pulse	5	2453296	1377	2
1210	125	Response	1	2456817	4898	1
1210	126	Picture	31	2469989	0	2	4145	3	0	4000	hit	262
1210	126	Pulse	5	2473295	3306	2
1210	126	Response	1	2483376	13387	1
1210	127	Picture	30	2488060	0	1	4145	2	0	4000	other	0
1210	127	Pulse	5	2493286	5226	1
1210	128	Picture	30	2506131	0	1	4144	3	0	4000	other	0
1210	128	Pulse	5	2513284	7153	2
1210	129	Picture	30	2524201	0	1	4145	2	0	4000	other	0
1210	129	Pulse	5	2533285	9084	1
1210	130	Picture	31	2542272	0	1	4145	2	0	4000	hit	270
1210	130	Response	1	2545753	3481	2
1210	130	Pulse	5	2553433	11161	2
1210	131	Picture	30	2560343	0	1	4144	2	0	4000	other	0
1210	131	Pulse	5	2573432	13089	2
1210	132	Picture	30	2578413	0	1	4145	2	0	4000	other	0
1210	132	Pulse	5	2593432	15019	2
1210	133	Picture	30	2596484	0	1	4145	2	0	4000	other	0
1210	133	Pulse	5	2613423	16939	1
1210	134	Picture	30	2614555	0	1	4144	2	0	4000	other	0
1210	135	Picture	31	2632625	0	1	4145	2	0	4000	hit	281
1210	135	Pulse	5	2633421	796	1
1210	135	Response	1	2640620	7995	2
1210	136	Picture	30	2650696	0	1	4145	2	0	4000	other	0
1210	136	Pulse	5	2653421	2725	1
1210	137	Picture	30	2668767	0	1	4144	2	0	4000	false_alarm	286
1210	137	Pulse	5	2673410	4643	1
1210	137	Response	1	2678689	9922	2
