Scenario - 1-back
Logfile written - 04/02/2015 16:41:32

Subject	Trial	Event Type	Code	Time	TTime	Uncertainty	Duration	Uncertainty	ReqTime	ReqDur	Stim Type	Pair Index

1210	1	Pulse	5	192475	202309	2
1210	2	Pulse	5	212474	19885	2
1210	3	Picture	10	217623	0	1	4145	2	0	4000	other	0
1210	3	Pulse	5	232474	14851	1
1210	4	Picture	10	235694	0	1	4144	3	0	4000	other	0
1210	4	Pulse	5	252463	16769	2
1210	5	Picture	11	253764	0	2	4145	3	0	4000	hit	8
1210	5	Response	1	256943	3179	2
1210	6	Picture	10	271835	0	1	4145	2	0	4000	other	0
1210	6	Pulse	5	272462	627	2
1210	7	Picture	11	289906	0	1	4144	3	0	4000	hit	13
1210	7	Pulse	5	292462	2556	2
1210	7	Response	1	293262	3356	2
1210	8	Picture	10	307976	0	2	4145	3	0	4000	other	0
1210	8	Pulse	5	312451	4475	2
1210	9	Picture	10	326047	0	1	4145	2	0	4000	other	0
1210	9	Pulse	5	332451	6404	2
1210	10	Picture	10	344118	0	1	4144	3	0	4000	other	0
1210	10	Pulse	5	352450	8332	2
1210	11	Picture	11	362188	0	1	4145	2	0	4000	hit	21
1210	11	Response	1	366050	3862	2
1210	11	Pulse	5	372440	10252	1
1210	12	Picture	10	380259	0	1	4145	2	0	4000	other	0
1210	12	Pulse	5	392439	12180	2
1210	13	Picture	10	398330	0	1	4144	2	0	4000	other	0
1210	13	Pulse	5	412439	14109	1
1210	14	Picture	11	416400	0	1	4145	2	0	4000	hit	28
1210	14	Response	1	420598	4198	2
1210	14	Pulse	5	432429	16029	1
1210	15	Picture	10	434471	0	1	4144	3	0	4000	other	0
1210	15	Pulse	5	452427	17956	2
1210	16	Picture	10	452542	0	1	4144	2	0	4000	other	0
1210	17	Picture	10	470612	0	1	4145	2	0	4000	other	0
1210	17	Pulse	5	472427	1815	2
1210	18	Picture	10	488683	0	1	4144	3	0	4000	other	0
1210	18	Pulse	5	492416	3733	2
1210	19	Pulse	5	512416	5662	2
1210	20	Picture	30	531787	0	1	4145	2	0	4000	other	0
1210	20	Pulse	5	532415	628	2
1210	21	Picture	30	549858	0	1	4145	2	0	4000	other	0
1210	21	Pulse	5	552405	2547	1
1210	22	Picture	31	567929	0	1	4144	2	0	4000	hit	43
1210	22	Response	1	571604	3675	2
1210	22	Pulse	5	572404	4475	2
1210	23	Picture	30	585999	0	1	4145	2	0	4000	other	0
1210	23	Pulse	5	592403	6404	2
1210	24	Picture	30	604070	0	1	4144	3	0	4000	other	0
1210	24	Pulse	5	612393	8323	2
1210	25	Picture	30	622140	0	2	4145	3	0	4000	other	0
1210	25	Pulse	5	632392	10252	2
1210	26	Picture	31	640211	0	1	4145	2	0	4000	hit	52
1210	26	Response	1	644552	4341	2
1210	26	Pulse	5	652392	12181	2
1210	27	Picture	31	658282	0	1	4144	3	0	4000	hit	55
1210	27	Response	1	669501	11219	2
1210	27	Pulse	5	672381	14099	2
1210	28	Picture	30	676352	0	2	4145	3	0	4000	other	0
1210	28	Pulse	5	692381	16029	1
1210	29	Picture	30	694423	0	1	4145	2	0	4000	other	0
1210	29	Pulse	5	712380	17957	2
1210	30	Picture	30	712494	0	1	4144	3	0	4000	other	0
1210	31	Picture	31	730564	0	2	4145	3	0	4000	hit	64
1210	31	Pulse	5	732369	1805	2
1210	31	Response	1	737009	6445	2
1210	32	Picture	30	748635	0	1	4145	2	0	4000	other	0
1210	32	Pulse	5	752369	3734	2
1210	33	Picture	30	766706	0	1	4144	3	0	4000	other	0
1210	33	Pulse	5	772368	5662	2
1210	34	Picture	30	784776	0	2	4145	3	0	4000	other	0
1210	34	Pulse	5	792358	7582	2
1210	35	Picture	30	802847	0	1	4145	2	0	4000	other	0
1210	35	Pulse	5	812357	9510	2
1210	36	Pulse	5	832357	11439	3
1210	37	Picture	10	845951	0	2	4145	3	0	4000	other	0
1210	37	Pulse	5	852346	6395	2
1210	38	Picture	10	864022	0	1	4130	29	0	4000	other	0
1210	38	Pulse	5	872346	8324	1
1210	39	Picture	11	882093	0	1	4144	3	0	4000	hit	79
1210	39	Response	1	885145	3052	2
1210	39	Pulse	5	892345	10252	2
1210	40	Picture	10	900163	0	2	4145	3	0	4000	other	0
1210	40	Pulse	5	912332	12169	6
1210	41	Picture	11	918234	0	1	4145	2	0	4000	hit	84
1210	41	Response	1	921294	3060	2
1210	41	Pulse	5	932332	14098	4
1210	42	Picture	10	936305	0	1	4144	2	0	4000	other	0
1210	42	Pulse	5	952331	16026	4
1210	43	Picture	10	954375	0	1	4145	2	0	4000	other	0
1210	43	Pulse	5	972323	17948	2
1210	44	Picture	10	972446	0	1	4145	2	0	4000	other	0
1210	45	Picture	11	990517	0	1	4144	2	0	4000	hit	93
1210	45	Pulse	5	992322	1805	2
1210	45	Response	1	995042	4525	2
1210	46	Picture	10	1008587	0	1	4145	2	0	4000	other	0
1210	46	Pulse	5	1012322	3735	1
1210	47	Picture	10	1026658	0	1	4145	2	0	4000	other	0
1210	47	Pulse	5	1032471	5813	2
1210	48	Picture	11	1044728	0	2	4145	3	0	4000	hit	99
1210	48	Response	1	1049432	4704	1
1210	48	Pulse	5	1052472	7744	1
1210	49	Picture	10	1062799	0	1	4145	2	0	4000	other	0
1210	49	Pulse	5	1072470	9671	2
1210	50	Picture	10	1080870	0	1	4145	2	0	4000	other	0
1210	50	Pulse	5	1092461	11591	1
1210	51	Picture	10	1098941	0	1	4144	2	0	4000	other	0
1210	51	Pulse	5	1112459	13518	2
1210	52	Picture	10	1117011	0	1	4145	2	0	4000	other	0
1210	52	Pulse	5	1132460	15449	1
1210	53	Pulse	5	1152448	17366	1
1210	54	Picture	20	1160116	0	1	4144	2	0	4000	other	0
1210	54	Pulse	5	1172447	12331	2
1210	55	Picture	20	1178186	0	1	4145	2	0	4000	other	0
1210	55	Pulse	5	1192446	14260	2
1210	56	Picture	21	1196257	0	1	4144	3	0	4000	hit	115
1210	56	Response	1	1199806	3549	2
1210	56	Pulse	5	1212436	16179	2
1210	57	Picture	20	1214327	0	2	4145	3	0	4000	other	0
1210	58	Picture	20	1232398	0	1	4145	2	0	4000	other	0
1210	58	Pulse	5	1232436	38	1
1210	59	Picture	20	1250469	0	1	4144	3	0	4000	other	0
1210	59	Pulse	5	1252436	1967	1
1210	60	Picture	21	1268539	0	2	4145	3	0	4000	hit	123
1210	60	Response	1	1272104	3565	2
1210	60	Pulse	5	1272424	3885	2
1210	61	Picture	20	1286610	0	1	4145	2	0	4000	other	0
1210	61	Pulse	5	1292424	5814	2
1210	62	Picture	20	1304681	0	1	4144	3	0	4000	other	0
1210	62	Pulse	5	1312423	7742	2
1210	63	Picture	20	1322751	0	2	4145	3	0	4000	other	0
1210	63	Pulse	5	1332413	9662	1
1210	64	Picture	20	1340822	0	1	4145	2	0	4000	other	0
1210	64	Pulse	5	1352413	11591	1
1210	65	Picture	20	1358893	0	1	4144	3	0	4000	other	0
1210	65	Pulse	5	1372411	13518	2
1210	66	Picture	21	1376963	0	1	4145	2	0	4000	hit	136
1210	66	Response	1	1381212	4249	1
1210	66	Pulse	5	1392401	15438	2
1210	67	Picture	20	1395034	0	1	4145	2	0	4000	other	0
1210	67	Pulse	5	1412400	17366	2
1210	68	Picture	20	1413105	0	1	4144	3	0	4000	other	0
1210	69	Picture	21	1431175	0	2	4145	3	0	4000	hit	143
1210	69	Pulse	5	1432399	1224	3
1210	69	Response	1	1434480	3305	2
1210	70	Pulse	5	1452389	3143	2
1210	70	Pulse	5	1472389	23143	1
1210	71	Picture	10	1474280	0	1	4144	2	0	4000	other	0
1210	72	Picture	10	1492350	0	2	4145	3	0	4000	other	0
1210	72	Pulse	5	1492388	38	2
1210	73	Picture	11	1510421	0	1	4145	2	0	4000	hit	151
1210	73	Pulse	5	1512377	1956	2
1210	73	Response	1	1514617	4196	2
1210	74	Picture	10	1528492	0	1	4144	3	0	4000	other	0
1210	74	Pulse	5	1532377	3885	2
1210	75	Picture	11	1546562	0	1	4145	2	0	4000	hit	155
1210	75	Response	1	1550936	4374	2
1210	75	Pulse	5	1552376	5814	2
1210	76	Picture	10	1564633	0	1	4145	2	0	4000	other	0
1210	76	Pulse	5	1572366	7733	2
1210	77	Picture	10	1582704	0	1	4144	2	0	4000	other	0
1210	77	Pulse	5	1592365	9661	3
1210	78	Picture	11	1600774	0	1	4145	2	0	4000	hit	162
1210	78	Response	1	1605645	4871	2
1210	78	Pulse	5	1612365	11591	2
1210	79	Picture	10	1618845	0	1	4144	3	0	4000	other	0
1210	79	Pulse	5	1632354	13509	2
1210	80	Picture	10	1636916	0	1	4144	2	0	4000	other	0
1210	80	Pulse	5	1652354	15438	1
1210	81	Picture	10	1654986	0	1	4145	2	0	4000	other	0
1210	81	Pulse	5	1672353	17367	2
1210	82	Picture	10	1673057	0	1	4144	3	0	4000	other	0
1210	83	Picture	10	1691128	0	1	4143	3	0	4000	other	0
1210	83	Pulse	5	1692342	1214	3
1210	84	Picture	11	1709198	0	1	4145	2	0	4000	hit	175
1210	84	Pulse	5	1712342	3144	2
1210	84	Response	1	1713783	4585	1
1210	85	Picture	10	1727269	0	1	4144	3	0	4000	other	0
1210	85	Pulse	5	1732341	5072	2
1210	86	Picture	10	1745339	0	2	4145	3	0	4000	other	0
1210	86	Pulse	5	1752331	6992	2
1210	87	Pulse	5	1772330	8920	2
1210	88	Picture	30	1788444	0	1	4144	3	0	4000	other	0
1210	88	Pulse	5	1792330	3886	1
1210	89	Picture	30	1806514	0	2	4145	3	0	4000	other	0
1210	89	Pulse	5	1812319	5805	2
1210	90	Picture	30	1824585	0	1	4145	2	0	4000	other	0
1210	90	Pulse	5	1832319	7734	1
1210	91	Picture	31	1842656	0	1	4144	3	0	4000	hit	188
1210	91	Response	1	1847519	4863	1
1210	91	Pulse	5	1852318	9662	2
1210	92	Picture	31	1860726	0	2	4145	3	0	4000	hit	191
1210	92	Response	1	1866387	5661	3
1210	92	Pulse	5	1872307	11581	2
1210	93	Picture	30	1878797	0	1	4145	2	0	4000	other	0
1210	93	Pulse	5	1892307	13510	2
1210	94	Picture	30	1896868	0	1	4144	3	0	4000	other	0
1210	94	Pulse	5	1912306	15438	2
1210	95	Picture	30	1914938	0	2	4145	3	0	4000	other	0
1210	95	Pulse	5	1932296	17358	1
1210	96	Picture	31	1933009	0	1	4145	2	0	4000	hit	200
1210	96	Response	1	1943495	10486	2
1210	97	Picture	30	1951080	0	1	4144	3	0	4000	other	0
1210	97	Pulse	5	1952296	1216	1
1210	98	Picture	30	1969150	0	2	4145	3	0	4000	other	0
1210	98	Pulse	5	1972295	3145	1
1210	99	Picture	30	1987221	0	1	4145	2	0	4000	other	0
1210	99	Pulse	5	1992284	5063	2
1210	100	Picture	30	2005292	0	1	4144	2	0	4000	other	0
1210	100	Pulse	5	2012283	6991	2
1210	101	Picture	31	2023362	0	2	4145	3	0	4000	hit	211
1210	101	Pulse	5	2032283	8921	2
1210	101	Response	1	2032763	9401	2
1210	102	Picture	30	2041433	0	1	4145	2	0	4000	other	0
1210	102	Pulse	5	2052272	10839	2
1210	103	Picture	30	2059504	0	1	4144	2	0	4000	other	0
1210	103	Pulse	5	2072273	12769	1
1210	104	Pulse	5	2092431	14857	2
1210	105	Picture	10	2102608	0	1	4145	2	0	4000	other	0
1210	105	Pulse	5	2112422	9814	1
1210	106	Picture	10	2120679	0	1	4144	2	0	4000	other	0
1210	106	Pulse	5	2132420	11741	2
1210	107	Picture	11	2138749	0	1	4145	2	0	4000	hit	222
1210	107	Response	1	2141540	2791	2
1210	107	Pulse	5	2152419	13670	2
1210	108	Picture	10	2156820	0	1	4145	2	0	4000	other	0
1210	108	Pulse	5	2172409	15589	2
1210	109	Picture	11	2174891	0	1	4144	2	0	4000	hit	227
1210	109	Response	1	2181369	6478	1
1210	109	Pulse	5	2192408	17517	2
1210	110	Picture	10	2192961	0	1	4145	2	0	4000	other	0
1210	111	Picture	10	2211032	0	1	4144	3	0	4000	other	0
1210	111	Pulse	5	2212409	1377	1
1210	112	Picture	11	2229102	0	2	4145	3	0	4000	hit	234
1210	112	Pulse	5	2232397	3295	2
1210	112	Response	1	2234957	5855	2
1210	113	Picture	10	2247173	0	1	4145	2	0	4000	other	0
1210	113	Pulse	5	2252397	5224	1
1210	114	Picture	10	2265244	0	1	4144	3	0	4000	other	0
1210	114	Pulse	5	2272396	7152	3
1210	115	Picture	10	2283314	0	2	4145	3	0	4000	other	0
1210	115	Pulse	5	2292385	9071	3
1210	116	Picture	10	2301385	0	1	4145	2	0	4000	other	0
1210	116	Pulse	5	2312385	11000	2
1210	117	Picture	10	2319456	0	1	4144	3	0	4000	other	0
1210	117	Pulse	5	2332384	12928	2
1210	118	Picture	11	2337527	0	1	4144	2	0	4000	hit	246
1210	118	Response	1	2341184	3657	2
1210	118	Pulse	5	2352374	14847	2
1210	119	Picture	10	2355597	0	1	4145	2	0	4000	other	0
1210	119	Pulse	5	2372372	16775	3
1210	120	Picture	10	2373668	0	1	4144	3	0	4000	other	0
1210	121	Pulse	5	2392373	635	1
1210	121	Pulse	5	2412363	20625	2
1210	122	Picture	20	2416771	0	2	4146	3	0	4000	other	0
1210	122	Pulse	5	2432363	15592	1
1210	123	Picture	20	2434843	0	1	4144	3	0	4000	other	0
1210	123	Pulse	5	2452362	17519	1
1210	124	Picture	20	2452913	0	2	4145	3	0	4000	other	0
1210	125	Picture	21	2470984	0	1	4145	2	0	4000	hit	260
1210	125	Pulse	5	2472350	1366	2
1210	125	Response	1	2474750	3766	2
1210	126	Picture	20	2489055	0	1	4144	3	0	4000	other	0
1210	126	Pulse	5	2492350	3295	2
1210	127	Picture	20	2507125	0	2	4145	3	0	4000	other	0
1210	127	Pulse	5	2512349	5224	2
1210	128	Picture	21	2525196	0	1	4145	2	0	4000	hit	266
1210	128	Response	1	2529299	4103	2
1210	128	Pulse	5	2532339	7143	2
1210	129	Picture	20	2543267	0	1	4144	3	0	4000	other	0
1210	129	Pulse	5	2552338	9071	2
1210	130	Picture	20	2561337	0	2	4145	3	0	4000	false_alarm	271
1210	130	Response	1	2566418	5081	2
1210	130	Pulse	5	2572338	11001	1
1210	131	Picture	20	2579408	0	1	4145	2	0	4000	other	0
1210	131	Pulse	5	2592327	12919	2
1210	132	Picture	21	2597479	0	1	4144	2	0	4000	hit	276
1210	132	Response	1	2609287	11808	1
1210	132	Pulse	5	2612326	14847	2
1210	133	Picture	20	2615549	0	1	4145	2	0	4000	other	0
1210	133	Pulse	5	2632326	16777	2
1210	134	Picture	20	2633620	0	1	4145	2	0	4000	other	0
1210	135	Picture	21	2651691	0	1	4144	3	0	4000	hit	283
1210	135	Pulse	5	2652315	624	2
1210	135	Response	1	2658075	6384	2
1210	136	Picture	20	2669761	0	1	4145	2	0	4000	other	0
1210	136	Pulse	5	2672315	2554	2
1210	137	Picture	20	2687832	0	1	4144	3	0	4000	other	0
1210	137	Pulse	5	2692315	4483	1
