Scenario - 1-back
Logfile written - 04/02/2015 16:32:27

Subject	Trial	Event Type	Code	Time	TTime	Uncertainty	Duration	Uncertainty	ReqTime	ReqDur	Stim Type	Pair Index

1210	1	Pulse	5	842744	852578	2
1210	2	Pulse	5	862744	19943	2
1210	3	Picture	10	867835	0	1	4145	2	0	4000	other	0
1210	3	Pulse	5	882743	14908	2
1210	4	Picture	10	885906	0	1	4144	2	0	4000	other	0
1210	4	Pulse	5	902733	16827	2
1210	5	Picture	11	903976	0	2	4145	3	0	4000	hit	8
1210	5	Response	1	907533	3557	1
1210	6	Picture	10	922047	0	1	4145	2	0	4000	other	0
1210	6	Pulse	5	922732	685	2
1210	7	Picture	11	940118	0	1	4144	2	0	4000	hit	13
1210	7	Pulse	5	942732	2614	1
1210	7	Response	1	943692	3574	2
1210	8	Picture	10	958188	0	1	4145	2	0	4000	other	0
1210	8	Pulse	5	962721	4533	2
1210	9	Picture	10	976259	0	1	4144	3	0	4000	other	0
1210	9	Pulse	5	982720	6461	2
1210	10	Picture	10	994329	0	2	4145	3	0	4000	other	0
1210	10	Pulse	5	1002720	8391	2
1210	11	Picture	11	1012400	0	1	4145	2	0	4000	hit	21
1210	11	Response	1	1015990	3590	1
1210	11	Pulse	5	1022709	10309	2
1210	12	Picture	10	1030471	0	1	4145	2	0	4000	other	0
1210	12	Pulse	5	1042709	12238	2
1210	13	Picture	10	1048541	0	2	4145	3	0	4000	other	0
1210	13	Pulse	5	1062708	14167	2
1210	14	Picture	11	1066612	0	1	4145	2	0	4000	hit	28
1210	14	Response	1	1071339	4727	1
1210	14	Pulse	5	1082698	16086	1
1210	15	Picture	10	1084683	0	1	4144	3	0	4000	other	0
1210	15	Pulse	5	1102697	18014	2
1210	16	Picture	10	1102753	0	2	4145	3	0	4000	other	0
1210	17	Picture	10	1120824	0	1	4145	2	0	4000	other	0
1210	17	Pulse	5	1122697	1873	1
1210	18	Picture	10	1138895	0	1	4144	3	0	4000	other	0
1210	18	Pulse	5	1142687	3792	1
1210	19	Pulse	5	1162685	5720	2
1210	20	Picture	30	1181999	0	1	4145	2	0	4000	other	0
1210	20	Pulse	5	1182685	686	2
1210	21	Picture	30	1200070	0	1	4144	3	0	4000	other	0
1210	21	Pulse	5	1202834	2764	2
1210	22	Picture	31	1218140	0	2	4145	3	0	4000	hit	43
1210	22	Response	1	1221554	3414	2
1210	22	Pulse	5	1222834	4694	2
1210	23	Picture	30	1236211	0	1	4145	2	0	4000	other	0
1210	23	Pulse	5	1242833	6622	2
1210	24	Picture	30	1254282	0	1	4144	2	0	4000	other	0
1210	24	Pulse	5	1262823	8541	1
1210	25	Picture	30	1272352	0	1	4145	2	0	4000	other	0
1210	25	Pulse	5	1282823	10471	1
1210	26	Picture	31	1290423	0	1	4145	2	0	4000	hit	52
1210	26	Response	1	1294503	4080	1
1210	26	Pulse	5	1302821	12398	2
1210	27	Picture	31	1308494	0	1	4144	2	0	4000	hit	56
1210	27	Pulse	5	1322811	14317	2
1210	27	Response	1	1323771	15277	2
1210	28	Picture	30	1326564	0	2	4145	3	0	4000	other	0
1210	28	Pulse	5	1342810	16246	2
1210	29	Picture	30	1344635	0	1	4145	2	0	4000	other	0
1210	30	Picture	30	1362706	0	1	4144	3	0	4000	other	0
1210	30	Pulse	5	1362810	104	2
1210	31	Picture	31	1380776	0	1	4145	2	0	4000	hit	64
1210	31	Pulse	5	1382799	2023	2
1210	31	Response	1	1386959	6183	2
1210	32	Picture	30	1398847	0	1	4144	3	0	4000	other	0
1210	32	Pulse	5	1402799	3952	1
1210	33	Picture	30	1416917	0	2	4145	3	0	4000	other	0
1210	33	Pulse	5	1422798	5881	2
1210	34	Picture	30	1434988	0	1	4145	2	0	4000	other	0
1210	34	Pulse	5	1442788	7800	1
1210	35	Picture	30	1453059	0	1	4144	3	0	4000	other	0
1210	35	Pulse	5	1462787	9728	2
1210	36	Pulse	5	1482786	11657	2
1210	37	Picture	10	1496163	0	1	4145	2	0	4000	other	0
1210	37	Pulse	5	1502776	6613	2
1210	38	Picture	10	1514234	0	1	4144	3	0	4000	other	0
1210	38	Pulse	5	1522775	8541	2
1210	39	Picture	11	1532305	0	1	4144	2	0	4000	hit	79
1210	39	Response	1	1536375	4070	2
1210	39	Pulse	5	1542775	10470	1
1210	40	Picture	10	1550375	0	1	4145	2	0	4000	other	0
1210	40	Pulse	5	1562764	12389	2
1210	41	Picture	11	1568446	0	1	4144	3	0	4000	hit	84
1210	41	Response	1	1573324	4878	2
1210	41	Pulse	5	1582764	14318	1
1210	42	Picture	10	1586516	0	2	4145	3	0	4000	other	0
1210	42	Pulse	5	1602764	16248	1
1210	43	Picture	10	1604587	0	1	4145	2	0	4000	other	0
1210	44	Picture	10	1622658	0	1	4144	3	0	4000	other	0
1210	44	Pulse	5	1622752	94	2
1210	45	Picture	11	1640728	0	2	4145	3	0	4000	hit	93
1210	45	Pulse	5	1642752	2024	2
1210	45	Response	1	1644512	3784	2
1210	46	Picture	10	1658799	0	1	4145	2	0	4000	other	0
1210	46	Pulse	5	1662751	3952	2
1210	47	Picture	10	1676870	0	1	4144	3	0	4000	other	0
1210	47	Pulse	5	1682741	5871	2
1210	48	Picture	11	1694940	0	2	4145	3	0	4000	hit	99
1210	48	Response	1	1699218	4278	5
1210	48	Pulse	5	1702740	7800	2
1210	49	Picture	10	1713011	0	1	4145	2	0	4000	other	0
1210	49	Pulse	5	1722740	9729	1
1210	50	Picture	10	1731082	0	1	4144	2	0	4000	other	0
1210	50	Pulse	5	1742729	11647	2
1210	51	Picture	10	1749152	0	1	4145	2	0	4000	other	0
1210	51	Pulse	5	1762728	13576	2
1210	52	Picture	10	1767223	0	2	4145	3	0	4000	other	0
1210	52	Pulse	5	1782728	15505	2
1210	53	Pulse	5	1802717	17423	2
1210	54	Picture	20	1810327	0	2	4145	3	0	4000	other	0
1210	54	Pulse	5	1822717	12390	2
1210	55	Picture	20	1828398	0	1	4145	2	0	4000	other	0
1210	55	Pulse	5	1842716	14318	2
1210	56	Picture	21	1846469	0	1	4144	2	0	4000	hit	115
1210	56	Response	1	1850076	3607	2
1210	56	Pulse	5	1862706	16237	1
1210	57	Picture	20	1864539	0	1	4145	2	0	4000	other	0
1210	58	Picture	20	1882610	0	1	4145	2	0	4000	other	0
1210	58	Pulse	5	1882705	95	2
1210	59	Picture	20	1900681	0	1	4144	2	0	4000	other	0
1210	59	Pulse	5	1902704	2023	2
1210	60	Picture	21	1918751	0	1	4145	2	0	4000	hit	123
1210	60	Response	1	1922214	3463	2
1210	60	Pulse	5	1922694	3943	2
1210	61	Picture	20	1936822	0	1	4144	3	0	4000	other	0
1210	61	Pulse	5	1942693	5871	2
1210	62	Picture	20	1954892	0	2	4145	3	0	4000	other	0
1210	62	Pulse	5	1962693	7801	2
1210	63	Picture	20	1972963	0	1	4145	2	0	4000	other	0
1210	63	Pulse	5	1982682	9719	2
1210	64	Picture	20	1991034	0	1	4144	3	0	4000	other	0
1210	64	Pulse	5	2002682	11648	2
1210	65	Picture	20	2009104	0	2	4145	3	0	4000	false_alarm	134
1210	65	Response	1	2015161	6057	2
1210	65	Pulse	5	2022681	13577	3
1210	66	Picture	21	2027175	0	1	4145	2	0	4000	hit	137
1210	66	Response	1	2033391	6216	2
1210	66	Pulse	5	2042671	15496	1
1210	67	Picture	20	2045246	0	1	4144	3	0	4000	other	0
1210	67	Pulse	5	2062670	17424	3
1210	68	Picture	20	2063316	0	2	4145	3	0	4000	other	0
1210	69	Picture	21	2081387	0	1	4145	2	0	4000	hit	144
1210	69	Pulse	5	2082669	1282	2
1210	69	Response	1	2086989	5602	2
1210	70	Pulse	5	2102660	3202	1
1210	70	Pulse	5	2122658	23200	2
1210	71	Picture	10	2124491	0	2	4145	3	0	4000	other	0
1210	72	Picture	10	2142562	0	1	4145	2	0	4000	false_alarm	150
1210	72	Pulse	5	2142658	96	2
1210	72	Response	1	2147608	5046	3
1210	73	Picture	11	2160633	0	1	4144	3	0	4000	hit	153
1210	73	Pulse	5	2162645	2012	5
1210	73	Response	1	2166327	5694	2
1210	74	Picture	10	2178703	0	2	4145	3	0	4000	other	0
1210	74	Pulse	5	2182645	3942	4
1210	75	Picture	11	2196774	0	1	4145	2	0	4000	miss	0
1210	75	Pulse	5	2202644	5870	5
1210	76	Picture	10	2214845	0	1	4144	2	0	4000	other	0
1210	76	Pulse	5	2222637	7792	1
1210	77	Picture	10	2232915	0	2	4145	3	0	4000	other	0
1210	77	Pulse	5	2242795	9880	2
1210	78	Picture	11	2250986	0	1	4145	2	0	4000	hit	163
1210	78	Response	1	2254635	3649	2
1210	78	Pulse	5	2262794	11808	2
1210	79	Picture	10	2269057	0	1	4144	3	0	4000	other	0
1210	79	Pulse	5	2282785	13728	1
1210	80	Picture	10	2287127	0	1	4145	2	0	4000	other	0
1210	80	Pulse	5	2302783	15656	2
1210	81	Picture	10	2305198	0	1	4145	2	0	4000	other	0
1210	81	Pulse	5	2322783	17585	1
1210	82	Picture	10	2323269	0	1	4144	2	0	4000	other	0
1210	83	Picture	10	2341339	0	1	4145	2	0	4000	other	0
1210	83	Pulse	5	2342773	1434	2
1210	84	Picture	11	2359410	0	1	4145	2	0	4000	hit	176
1210	84	Pulse	5	2362772	3362	1
1210	84	Response	1	2363411	4001	3
1210	85	Picture	10	2377481	0	1	4144	2	0	4000	other	0
1210	85	Pulse	5	2382771	5290	2
1210	86	Picture	10	2395551	0	1	4145	2	0	4000	other	0
1210	86	Pulse	5	2402760	7209	2
1210	87	Pulse	5	2422760	9138	2
1210	88	Picture	30	2438656	0	1	4144	2	0	4000	other	0
1210	88	Pulse	5	2442759	4103	2
1210	89	Picture	30	2456726	0	2	4145	3	0	4000	other	0
1210	89	Pulse	5	2462749	6023	2
1210	90	Picture	30	2474797	0	1	4144	3	0	4000	other	0
1210	90	Pulse	5	2482748	7951	2
1210	91	Picture	31	2492867	0	2	4145	3	0	4000	miss	0
1210	91	Pulse	5	2502748	9881	1
1210	92	Picture	31	2510937	0	2	4146	3	0	4000	hit	191
1210	92	Response	1	2521137	10200	2
1210	92	Pulse	5	2522737	11800	2
1210	93	Picture	30	2529009	0	1	4144	3	0	4000	other	0
1210	93	Pulse	5	2542736	13727	2
1210	94	Picture	30	2547079	0	2	4145	3	0	4000	other	0
1210	94	Pulse	5	2562737	15658	1
1210	95	Picture	30	2565150	0	1	4145	2	0	4000	other	0
1210	95	Pulse	5	2582725	17575	2
1210	96	Picture	31	2583221	0	1	4144	3	0	4000	hit	200
1210	96	Response	1	2593925	10704	2
1210	97	Picture	30	2601291	0	2	4145	3	0	4000	other	0
1210	97	Pulse	5	2602725	1434	2
1210	98	Picture	30	2619362	0	1	4145	2	0	4000	false_alarm	205
1210	98	Pulse	5	2622724	3362	2
1210	98	Response	1	2627844	8482	2
1210	99	Picture	30	2637433	0	1	4144	3	0	4000	other	0
1210	99	Pulse	5	2642714	5281	1
1210	100	Picture	30	2655503	0	2	4145	3	0	4000	other	0
1210	100	Pulse	5	2662713	7210	2
1210	101	Picture	31	2673574	0	1	4145	2	0	4000	hit	211
1210	101	Response	1	2679993	6419	2
1210	101	Pulse	5	2682713	9139	1
1210	102	Picture	30	2691645	0	1	4144	2	0	4000	other	0
1210	102	Pulse	5	2702702	11057	2
1210	103	Picture	30	2709715	0	2	4145	3	0	4000	other	0
1210	103	Pulse	5	2722701	12986	2
1210	104	Pulse	5	2742701	14915	2
1210	105	Picture	10	2752820	0	1	4144	3	0	4000	other	0
1210	105	Pulse	5	2762690	9870	2
1210	106	Picture	10	2770890	0	2	4145	3	0	4000	other	0
1210	106	Pulse	5	2782690	11800	2
1210	107	Picture	11	2788961	0	1	4145	2	0	4000	hit	223
1210	107	Response	1	2792769	3808	2
1210	107	Pulse	5	2802689	13728	2
1210	108	Picture	10	2807032	0	1	4144	2	0	4000	other	0
1210	108	Pulse	5	2822679	15647	1
1210	109	Picture	11	2825102	0	1	4145	2	0	4000	hit	228
1210	109	Response	1	2830678	5576	2
1210	109	Pulse	5	2842678	17576	2
1210	110	Picture	10	2843173	0	1	4144	3	0	4000	other	0
1210	111	Picture	10	2861243	0	2	4145	3	0	4000	other	0
1210	111	Pulse	5	2862677	1434	2
1210	112	Picture	11	2879314	0	1	4145	2	0	4000	hit	235
1210	112	Pulse	5	2882668	3354	1
1210	112	Response	1	2884267	4953	2
1210	113	Picture	10	2897385	0	1	4145	2	0	4000	other	0
1210	113	Pulse	5	2902666	5281	2
1210	114	Picture	10	2915455	0	2	4145	3	0	4000	other	0
1210	114	Pulse	5	2922666	7211	2
1210	115	Picture	10	2933526	0	1	4145	2	0	4000	other	0
1210	115	Pulse	5	2942655	9129	2
1210	116	Picture	10	2951597	0	1	4144	3	0	4000	other	0
1210	116	Pulse	5	2962655	11058	1
1210	117	Picture	10	2969668	0	1	4144	2	0	4000	other	0
1210	117	Pulse	5	2982654	12986	2
1210	118	Picture	11	2987738	0	1	4145	2	0	4000	hit	247
1210	118	Response	1	2992564	4826	2
1210	118	Pulse	5	3002644	14906	1
1210	119	Picture	10	3005809	0	1	4144	3	0	4000	other	0
1210	119	Pulse	5	3022643	16834	2
1210	120	Picture	10	3023879	0	2	4145	3	0	4000	other	0
1210	121	Pulse	5	3042642	692	2
1210	121	Pulse	5	3062632	20682	2
1210	122	Picture	20	3066984	0	1	4144	3	0	4000	other	0
1210	122	Pulse	5	3082633	15649	1
1210	123	Picture	20	3085054	0	2	4145	3	0	4000	other	0
1210	123	Pulse	5	3102631	17577	1
1210	124	Picture	20	3103125	0	1	4145	2	0	4000	other	0
1210	125	Picture	21	3121196	0	1	4144	3	0	4000	hit	261
1210	125	Pulse	5	3122620	1424	2
1210	125	Response	1	3124860	3664	2
1210	126	Picture	20	3139266	0	2	4145	3	0	4000	other	0
1210	126	Pulse	5	3142620	3354	1
1210	127	Picture	20	3157337	0	1	4145	2	0	4000	other	0
1210	127	Pulse	5	3162619	5282	2
1210	128	Picture	21	3175408	0	1	4144	2	0	4000	hit	267
1210	128	Response	1	3179089	3681	1
1210	128	Pulse	5	3182608	7200	2
1210	129	Picture	20	3193478	0	2	4145	3	0	4000	other	0
1210	129	Pulse	5	3202608	9130	2
1210	130	Picture	20	3211549	0	1	4145	2	0	4000	other	0
1210	130	Pulse	5	3222607	11058	2
1210	131	Picture	20	3229620	0	1	4144	3	0	4000	other	0
1210	131	Pulse	5	3242597	12977	2
1210	132	Picture	21	3247690	0	2	4145	3	0	4000	hit	276
1210	132	Response	1	3251237	3547	1
1210	132	Pulse	5	3262596	14906	2
1210	133	Picture	20	3265761	0	1	4145	2	0	4000	other	0
1210	133	Pulse	5	3282596	16835	1
1210	134	Picture	20	3283832	0	1	4144	2	0	4000	other	0
1210	135	Picture	21	3301902	0	1	4145	2	0	4000	hit	283
1210	135	Pulse	5	3302745	843	2
1210	135	Response	1	3305465	3563	2
1210	136	Picture	20	3319973	0	1	4145	2	0	4000	other	0
1210	136	Pulse	5	3322745	2772	1
1210	137	Picture	20	3338044	0	1	4144	3	0	4000	other	0
1210	137	Pulse	5	3342744	4700	2
