Scenario - 1-back
Logfile written - 04/02/2015 16:26:49

Subject	Trial	Event Type	Code	Time	TTime	Uncertainty	Duration	Uncertainty	ReqTime	ReqDur	Stim Type	Pair Index

1210	1	Response	1	328775	338609	2
1210	1	Pulse	5	586968	596802	2
1210	2	Pulse	5	606957	19963	2
1210	3	Picture	10	612027	0	1	4145	2	0	4000	other	0
1210	3	Pulse	5	626957	14930	2
1210	4	Picture	10	630098	0	1	4145	2	0	4000	other	0
1210	4	Pulse	5	646956	16858	2
1210	5	Picture	11	648169	0	1	4144	3	0	4000	hit	9
1210	5	Response	1	651756	3587	2
1210	6	Picture	10	666239	0	1	4145	2	0	4000	other	0
1210	6	Pulse	5	666946	707	2
1210	7	Picture	11	684310	0	1	4145	2	0	4000	hit	14
1210	7	Pulse	5	686945	2635	2
1210	7	Response	1	688545	4235	2
1210	8	Picture	10	702381	0	1	4144	2	0	4000	other	0
1210	8	Pulse	5	706945	4564	1
1210	9	Picture	10	720451	0	1	4145	2	0	4000	other	0
1210	9	Pulse	5	726934	6483	2
1210	10	Picture	10	738522	0	1	4144	3	0	4000	other	0
1210	10	Pulse	5	746933	8411	2
1210	11	Picture	11	756592	0	2	4145	3	0	4000	hit	22
1210	11	Response	1	760373	3781	2
1210	11	Pulse	5	766933	10341	2
1210	12	Picture	10	774663	0	1	4145	2	0	4000	other	0
1210	12	Pulse	5	786922	12259	2
1210	13	Picture	10	792734	0	1	4144	3	0	4000	other	0
1210	13	Pulse	5	806922	14188	2
1210	14	Picture	11	810804	0	2	4145	3	0	4000	hit	29
1210	14	Response	1	814922	4118	1
1210	14	Pulse	5	826921	16117	2
1210	15	Picture	10	828875	0	1	4145	2	0	4000	other	0
1210	15	Pulse	5	846911	18036	2
1210	16	Picture	10	846946	0	1	4144	3	0	4000	other	0
1210	17	Picture	10	865016	0	2	4145	3	0	4000	other	0
1210	17	Pulse	5	866910	1894	2
1210	18	Picture	10	883087	0	1	4145	2	0	4000	other	0
1210	18	Pulse	5	886911	3824	1
1210	19	Pulse	5	906899	5741	2
1210	20	Picture	20	926191	0	2	4145	3	0	4000	other	0
1210	20	Pulse	5	926898	707	2
1210	21	Picture	20	944262	0	1	4145	2	0	4000	other	0
1210	21	Pulse	5	946899	2637	1
1210	22	Picture	21	962333	0	1	4144	2	0	4000	miss	0
1210	22	Pulse	5	966887	4554	2
1210	23	Picture	20	980403	0	1	4145	2	0	4000	other	0
1210	23	Pulse	5	986887	6484	2
1210	24	Picture	20	998474	0	1	4145	2	0	4000	other	0
1210	24	Pulse	5	1006886	8412	2
1210	25	Picture	20	1016545	0	1	4144	2	0	4000	other	0
1210	25	Pulse	5	1026876	10331	1
1210	26	Picture	21	1034615	0	1	4145	2	0	4000	hit	52
1210	26	Response	1	1038555	3940	2
1210	26	Pulse	5	1046875	12260	2
1210	27	Picture	20	1052686	0	1	4145	2	0	4000	other	0
1210	27	Pulse	5	1066874	14188	2
1210	28	Picture	20	1070756	0	2	4145	3	0	4000	other	0
1210	28	Pulse	5	1086864	16108	2
1210	29	Picture	20	1088827	0	1	4145	2	0	4000	other	0
1210	29	Pulse	5	1106863	18036	2
1210	30	Picture	20	1106898	0	1	4144	3	0	4000	other	0
1210	31	Picture	20	1124969	0	1	4144	2	0	4000	false_alarm	63
1210	31	Pulse	5	1126863	1894	2
1210	31	Response	1	1132303	7334	1
1210	32	Picture	21	1143039	0	1	4145	2	0	4000	hit	66
1210	32	Pulse	5	1146852	3813	2
1210	32	Response	1	1152292	9253	2
1210	33	Picture	20	1161110	0	1	4144	3	0	4000	other	0
1210	33	Pulse	5	1166852	5742	2
1210	34	Picture	20	1179180	0	2	4145	3	0	4000	other	0
1210	34	Pulse	5	1186851	7671	2
1210	35	Picture	21	1197251	0	2	4145	3	0	4000	hit	72
1210	35	Response	1	1204121	6870	1
1210	35	Pulse	5	1206840	9589	3
1210	36	Pulse	5	1226840	11518	2
1210	37	Picture	10	1240355	0	2	4145	3	0	4000	other	0
1210	37	Pulse	5	1246839	6484	2
1210	38	Picture	10	1258426	0	1	4145	2	0	4000	other	0
1210	38	Pulse	5	1266829	8403	2
1210	39	Picture	11	1276497	0	1	4144	2	0	4000	hit	80
1210	39	Response	1	1279948	3451	2
1210	39	Pulse	5	1286828	10331	2
1210	40	Picture	10	1294567	0	2	4145	3	0	4000	other	0
1210	40	Pulse	5	1306828	12261	1
1210	41	Picture	11	1312638	0	1	4145	2	0	4000	hit	85
1210	41	Response	1	1316908	4270	2
1210	41	Pulse	5	1326817	14179	2
1210	42	Picture	10	1330709	0	1	4144	2	0	4000	other	0
1210	42	Pulse	5	1346817	16108	1
1210	43	Picture	10	1348779	0	1	4145	2	0	4000	other	0
1210	43	Pulse	5	1366816	18037	2
1210	44	Picture	10	1366850	0	1	4145	2	0	4000	other	0
1210	45	Picture	11	1384920	0	2	4145	3	0	4000	hit	94
1210	45	Pulse	5	1386805	1885	2
1210	45	Response	1	1389367	4447	1
1210	46	Picture	10	1402991	0	1	4145	2	0	4000	other	0
1210	46	Pulse	5	1406805	3814	2
1210	47	Picture	10	1421062	0	1	4144	3	0	4000	other	0
1210	47	Pulse	5	1426804	5742	2
1210	48	Picture	11	1439133	0	1	4144	2	0	4000	hit	100
1210	48	Response	1	1443274	4141	2
1210	48	Pulse	5	1446794	7661	2
1210	49	Picture	10	1457203	0	1	4145	2	0	4000	other	0
1210	49	Pulse	5	1466794	9591	1
1210	50	Picture	10	1475274	0	1	4144	3	0	4000	other	0
1210	50	Pulse	5	1486793	11519	2
1210	51	Picture	10	1493344	0	2	4145	3	0	4000	other	0
1210	51	Pulse	5	1506782	13438	3
1210	52	Picture	10	1511415	0	1	4145	2	0	4000	other	0
1210	52	Pulse	5	1526784	15369	1
1210	53	Pulse	5	1546781	17295	2
1210	54	Picture	30	1554519	0	2	4145	3	0	4000	other	0
1210	54	Pulse	5	1566931	12412	2
1210	55	Picture	30	1572590	0	1	4145	2	0	4000	other	0
1210	55	Pulse	5	1586930	14340	2
1210	56	Picture	31	1590661	0	1	4144	3	0	4000	hit	116
1210	56	Response	1	1595890	5229	2
1210	56	Pulse	5	1606929	16268	2
1210	57	Picture	30	1608731	0	2	4145	3	0	4000	other	0
1210	58	Picture	30	1626802	0	1	4145	2	0	4000	other	0
1210	58	Pulse	5	1626919	117	1
1210	59	Picture	30	1644873	0	1	4144	3	0	4000	other	0
1210	59	Pulse	5	1646918	2045	2
1210	60	Picture	31	1662943	0	1	4145	2	0	4000	hit	125
1210	60	Pulse	5	1666918	3975	1
1210	60	Response	1	1669158	6215	1
1210	61	Picture	31	1681014	0	1	4145	2	0	4000	hit	128
1210	61	Pulse	5	1686907	5893	2
1210	61	Response	1	1690427	9413	2
1210	62	Picture	30	1699085	0	1	4144	2	0	4000	other	0
1210	62	Pulse	5	1706906	7821	2
1210	63	Picture	30	1717155	0	1	4145	2	0	4000	other	0
1210	63	Pulse	5	1726906	9751	2
1210	64	Picture	30	1735225	0	2	4145	4	0	4000	other	0
1210	64	Pulse	5	1746895	11670	2
1210	65	Picture	31	1753295	0	3	4146	4	0	4000	hit	136
1210	65	Response	1	1760815	7520	2
1210	65	Pulse	5	1766895	13600	2
1210	66	Picture	30	1771367	0	1	4145	2	0	4000	other	0
1210	66	Pulse	5	1786894	15527	2
1210	67	Picture	30	1789438	0	1	4144	3	0	4000	other	0
1210	67	Pulse	5	1806884	17446	1
1210	68	Picture	30	1807508	0	2	4145	3	0	4000	other	0
1210	69	Picture	30	1825579	0	1	4145	2	0	4000	other	0
1210	69	Pulse	5	1826884	1305	1
1210	70	Pulse	5	1846882	3232	2
1210	70	Pulse	5	1866872	23222	2
1210	71	Picture	10	1868683	0	2	4145	3	0	4000	other	0
1210	72	Picture	10	1886754	0	1	4145	2	0	4000	other	0
1210	72	Pulse	5	1886871	117	2
1210	73	Picture	11	1904825	0	1	4144	3	0	4000	hit	152
1210	73	Pulse	5	1906871	2046	2
1210	73	Response	1	1908631	3806	2
1210	74	Picture	10	1922895	0	2	4145	3	0	4000	other	0
1210	74	Pulse	5	1926862	3967	1
1210	75	Picture	11	1940966	0	1	4145	2	0	4000	hit	156
1210	75	Response	1	1944780	3814	2
1210	75	Pulse	5	1946860	5894	1
1210	76	Picture	10	1959037	0	1	4144	3	0	4000	other	0
1210	76	Pulse	5	1966859	7822	2
1210	77	Picture	10	1977107	0	2	4145	3	0	4000	other	0
1210	77	Pulse	5	1986849	9742	1
1210	78	Picture	11	1995178	0	1	4145	2	0	4000	hit	163
1210	78	Response	1	1999168	3990	2
1210	78	Pulse	5	2006848	11670	2
1210	79	Picture	10	2013249	0	1	4144	3	0	4000	other	0
1210	79	Pulse	5	2026847	13598	2
1210	80	Picture	10	2031319	0	1	4145	2	0	4000	other	0
1210	80	Pulse	5	2046837	15518	2
1210	81	Picture	10	2049390	0	1	4145	2	0	4000	other	0
1210	81	Pulse	5	2066836	17446	2
1210	82	Picture	10	2067461	0	1	4144	2	0	4000	other	0
1210	83	Picture	10	2085531	0	2	4145	3	0	4000	other	0
1210	83	Pulse	5	2086836	1305	2
1210	84	Picture	11	2103602	0	1	4144	3	0	4000	hit	176
1210	84	Pulse	5	2106826	3224	1
1210	84	Response	1	2107465	3863	2
1210	85	Picture	10	2121672	0	2	4145	3	0	4000	other	0
1210	85	Pulse	5	2126825	5153	1
1210	86	Picture	10	2139743	0	1	4145	2	0	4000	other	0
1210	86	Pulse	5	2146824	7081	2
1210	87	Pulse	5	2166813	8999	3
1210	88	Picture	20	2182848	0	1	4144	3	0	4000	other	0
1210	88	Pulse	5	2186813	3965	2
1210	89	Picture	20	2200918	0	1	4145	2	0	4000	other	0
1210	89	Pulse	5	2206812	5894	2
1210	90	Picture	20	2218989	0	1	4144	3	0	4000	other	0
1210	90	Pulse	5	2226802	7813	2
1210	91	Picture	21	2237060	0	1	4144	2	0	4000	hit	189
1210	91	Response	1	2241042	3982	1
1210	91	Pulse	5	2246801	9741	2
1210	92	Picture	20	2255130	0	1	4145	2	0	4000	other	0
1210	92	Pulse	5	2266801	11671	1
1210	93	Picture	20	2273200	0	2	4145	4	0	4000	other	0
1210	93	Pulse	5	2286791	13591	1
1210	94	Picture	21	2291271	0	2	4145	3	0	4000	hit	196
1210	94	Response	1	2295111	3840	1
1210	94	Pulse	5	2306790	15519	2
1210	95	Picture	20	2309342	0	1	4145	2	0	4000	other	0
1210	95	Pulse	5	2326790	17448	1
1210	96	Picture	20	2327413	0	1	4144	3	0	4000	other	0
1210	97	Picture	20	2345483	0	2	4144	4	0	4000	other	0
1210	97	Pulse	5	2346778	1295	2
1210	98	Picture	21	2363554	0	1	4145	2	0	4000	hit	205
1210	98	Pulse	5	2366778	3224	2
1210	98	Response	1	2367258	3704	2
1210	99	Picture	20	2381625	0	1	4144	3	0	4000	other	0
1210	99	Pulse	5	2386777	5152	2
1210	100	Picture	20	2399695	0	2	4145	3	0	4000	other	0
1210	100	Pulse	5	2406767	7072	2
1210	101	Picture	21	2417766	0	1	4145	2	0	4000	hit	211
1210	101	Response	1	2421326	3560	2
1210	101	Pulse	5	2426766	9000	2
1210	102	Picture	20	2435837	0	1	4144	3	0	4000	other	0
1210	102	Pulse	5	2446766	10929	1
1210	103	Picture	20	2453907	0	1	4145	2	0	4000	other	0
1210	103	Pulse	5	2466755	12848	2
1210	104	Pulse	5	2486755	14777	1
1210	105	Picture	10	2497012	0	1	4144	2	0	4000	other	0
1210	105	Pulse	5	2506754	9742	2
1210	106	Picture	10	2515082	0	2	4145	3	0	4000	other	0
1210	106	Pulse	5	2526741	11659	5
1210	107	Picture	11	2533153	0	1	4145	2	0	4000	hit	223
1210	107	Response	1	2536181	3028	4
1210	107	Pulse	5	2546741	13588	4
1210	108	Picture	10	2551224	0	1	4144	2	0	4000	other	0
1210	108	Pulse	5	2566740	15516	4
1210	109	Picture	11	2569294	0	1	4145	2	0	4000	hit	228
1210	109	Response	1	2573462	4168	2
1210	109	Pulse	5	2586732	17438	1
1210	110	Picture	10	2587365	0	1	4144	3	0	4000	other	0
1210	111	Picture	10	2605435	0	2	4145	3	0	4000	other	0
1210	111	Pulse	5	2606891	1456	2
1210	112	Picture	11	2623506	0	1	4145	2	0	4000	hit	235
1210	112	Pulse	5	2626891	3385	1
1210	112	Response	1	2628810	5304	2
1210	113	Picture	10	2641577	0	1	4145	2	0	4000	other	0
1210	113	Pulse	5	2646880	5303	2
1210	114	Picture	10	2659647	0	2	4145	3	0	4000	other	0
1210	114	Pulse	5	2666879	7232	2
1210	115	Picture	10	2677718	0	1	4145	2	0	4000	other	0
1210	115	Pulse	5	2686879	9161	2
1210	116	Picture	10	2695789	0	1	4144	3	0	4000	other	0
1210	116	Pulse	5	2706868	11079	2
1210	117	Picture	10	2713859	0	2	4145	3	0	4000	other	0
1210	117	Pulse	5	2726868	13009	2
1210	118	Picture	11	2731930	0	1	4145	2	0	4000	miss	0
1210	118	Pulse	5	2746867	14937	2
1210	119	Picture	10	2750001	0	1	4144	3	0	4000	other	0
1210	119	Pulse	5	2766857	16856	1
1210	120	Picture	10	2768071	0	1	4145	2	0	4000	other	0
1210	121	Pulse	5	2786856	714	2
1210	121	Pulse	5	2806855	20713	2
1210	122	Picture	30	2811175	0	2	4145	4	0	4000	other	0
1210	122	Pulse	5	2826845	15670	2
1210	123	Picture	30	2829246	0	2	4145	3	0	4000	other	0
1210	123	Pulse	5	2846844	17598	2
1210	124	Picture	30	2847317	0	1	4145	2	0	4000	other	0
1210	125	Picture	31	2865388	0	1	4144	3	0	4000	miss	0
1210	125	Pulse	5	2866844	1456	2
1210	126	Picture	31	2883458	0	1	4145	2	0	4000	hit	262
1210	126	Pulse	5	2886833	3375	2
1210	126	Response	1	2898993	15535	2
1210	127	Picture	30	2901529	0	1	4145	2	0	4000	other	0
1210	127	Pulse	5	2906833	5304	1
1210	128	Picture	30	2919600	0	1	4144	2	0	4000	other	0
1210	128	Pulse	5	2926832	7232	2
1210	129	Picture	30	2937670	0	1	4145	2	0	4000	other	0
1210	129	Pulse	5	2946823	9153	1
1210	130	Picture	31	2955741	0	1	4145	2	0	4000	hit	270
1210	130	Response	1	2962341	6600	2
1210	130	Pulse	5	2966822	11081	1
1210	131	Picture	30	2973811	0	2	4145	3	0	4000	other	0
1210	131	Pulse	5	2986822	13011	1
1210	132	Picture	30	2991882	0	1	4145	2	0	4000	other	0
1210	132	Pulse	5	3006810	14928	2
1210	133	Picture	30	3009953	0	1	4145	2	0	4000	other	0
1210	133	Pulse	5	3026809	16856	2
1210	134	Picture	30	3028023	0	2	4145	4	0	4000	other	0
1210	135	Picture	31	3046094	0	1	4145	2	0	4000	hit	281
1210	135	Pulse	5	3046809	715	2
1210	135	Response	1	3053368	7274	2
1210	136	Picture	30	3064165	0	1	4145	2	0	4000	other	0
1210	136	Pulse	5	3066798	2633	2
1210	137	Picture	30	3082235	0	2	4145	3	0	4000	false_alarm	286
1210	137	Pulse	5	3086798	4563	1
1210	137	Response	1	3088877	6642	2
