Scenario - 1-back
Logfile written - 03/05/2015 17:30:54

Subject	Trial	Event Type	Code	Time	TTime	Uncertainty	Duration	Uncertainty	ReqTime	ReqDur	Stim Type	Pair Index

1212	1	Pulse	5	96878	106712	2
1212	2	Pulse	5	116878	19946	1
1212	3	Picture	10	121966	0	1	4144	3	0	4000	other	0
1212	3	Pulse	5	136877	14911	2
1212	4	Picture	10	140037	0	1	4144	3	0	4000	other	0
1212	4	Pulse	5	156867	16830	2
1212	5	Picture	11	158107	0	2	4145	3	0	4000	hit	8
1212	5	Response	1	162147	4040	2
1212	6	Picture	10	176178	0	1	4145	2	0	4000	other	0
1212	6	Pulse	5	176867	689	1
1212	7	Picture	11	194249	0	2	4145	3	0	4000	hit	13
1212	7	Pulse	5	197026	2777	2
1212	7	Response	1	199586	5337	2
1212	8	Picture	10	212320	0	1	4145	2	0	4000	other	0
1212	8	Pulse	5	217016	4696	2
1212	9	Picture	10	230391	0	1	4144	3	0	4000	other	0
1212	9	Pulse	5	237015	6624	2
1212	10	Picture	10	248462	0	1	4144	2	0	4000	other	0
1212	10	Pulse	5	257015	8553	2
1212	11	Picture	11	266532	0	2	4145	3	0	4000	hit	21
1212	11	Response	1	270295	3763	2
1212	11	Pulse	5	277005	10473	2
1212	12	Picture	10	284603	0	1	4145	2	0	4000	other	0
1212	12	Pulse	5	297004	12401	2
1212	13	Picture	10	302674	0	1	4145	2	0	4000	other	0
1212	13	Pulse	5	317004	14330	2
1212	14	Picture	11	320745	0	1	4144	3	0	4000	hit	28
1212	14	Response	1	324205	3460	1
1212	14	Pulse	5	336994	16249	1
1212	15	Picture	10	338816	0	1	4144	2	0	4000	other	0
1212	16	Picture	10	356886	0	2	4145	3	0	4000	other	0
1212	16	Pulse	5	356993	107	2
1212	17	Picture	10	374957	0	1	4145	2	0	4000	other	0
1212	17	Pulse	5	376993	2036	2
1212	18	Picture	10	393028	0	1	4145	2	0	4000	other	0
1212	18	Pulse	5	396982	3954	2
1212	19	Pulse	5	416982	5883	2
1212	20	Picture	20	436133	0	1	4144	3	0	4000	other	0
1212	20	Pulse	5	436982	849	2
1212	21	Picture	20	454203	0	2	4145	3	0	4000	other	0
1212	21	Pulse	5	456971	2768	2
1212	22	Picture	21	472274	0	2	4145	3	0	4000	hit	44
1212	22	Pulse	5	476971	4697	2
1212	22	Response	1	477931	5657	2
1212	23	Picture	20	490345	0	1	4145	2	0	4000	other	0
1212	23	Pulse	5	496971	6626	1
1212	24	Picture	20	508416	0	1	4144	3	0	4000	other	0
1212	24	Pulse	5	516960	8544	3
1212	25	Picture	20	526487	0	1	4144	3	0	4000	other	0
1212	25	Pulse	5	536960	10473	2
1212	26	Picture	21	544558	0	1	4144	2	0	4000	hit	52
1212	26	Response	1	549919	5361	3
1212	26	Pulse	5	556959	12401	3
1212	27	Picture	20	562628	0	2	4145	3	0	4000	other	0
1212	27	Pulse	5	576949	14321	2
1212	28	Picture	20	580699	0	1	4145	2	0	4000	other	0
1212	28	Pulse	5	596949	16250	1
1212	29	Picture	20	598770	0	1	4145	2	0	4000	other	0
1212	30	Picture	20	616841	0	1	4144	3	0	4000	other	0
1212	30	Pulse	5	616948	107	2
1212	31	Picture	20	634912	0	1	4144	3	0	4000	other	0
1212	31	Pulse	5	636938	2026	2
1212	32	Picture	21	652983	0	1	4144	2	0	4000	hit	65
1212	32	Pulse	5	656938	3955	1
1212	32	Response	1	657578	4595	1
1212	33	Picture	20	671053	0	1	4145	2	0	4000	other	0
1212	33	Pulse	5	676937	5884	2
1212	34	Picture	20	689124	0	1	4145	2	0	4000	other	0
1212	34	Pulse	5	696927	7803	2
1212	35	Picture	21	707195	0	1	4145	2	0	4000	hit	71
1212	35	Response	1	711327	4132	1
1212	35	Pulse	5	716926	9731	2
1212	36	Pulse	5	736926	11660	2
1212	37	Picture	10	750300	0	1	4144	2	0	4000	other	0
1212	37	Pulse	5	756916	6616	1
1212	38	Picture	10	768370	0	2	4145	3	0	4000	other	0
1212	38	Pulse	5	776915	8545	2
1212	39	Picture	11	786441	0	1	4145	2	0	4000	hit	79
1212	39	Response	1	790835	4394	2
1212	39	Pulse	5	796915	10474	2
1212	40	Picture	10	804512	0	1	4145	2	0	4000	other	0
1212	40	Pulse	5	816905	12393	1
1212	41	Picture	11	822583	0	1	4144	3	0	4000	hit	84
1212	41	Response	1	828104	5521	2
1212	41	Pulse	5	836904	14321	2
1212	42	Picture	10	840654	0	1	4144	3	0	4000	other	0
1212	42	Pulse	5	856904	16250	2
1212	43	Picture	10	858724	0	2	4145	3	0	4000	other	0
1212	44	Picture	10	876795	0	1	4145	2	0	4000	other	0
1212	44	Pulse	5	876893	98	2
1212	45	Picture	11	894866	0	1	4145	2	0	4000	hit	93
1212	45	Pulse	5	896893	2027	2
1212	45	Response	1	898813	3947	2
1212	46	Picture	10	912937	0	1	4145	2	0	4000	other	0
1212	46	Pulse	5	916893	3956	1
1212	47	Picture	10	931008	0	1	4144	3	0	4000	other	0
1212	47	Pulse	5	936882	5874	2
1212	48	Picture	11	949079	0	1	4144	2	0	4000	hit	99
1212	48	Response	1	952722	3643	2
1212	48	Pulse	5	956882	7803	2
1212	49	Picture	10	967149	0	2	4145	3	0	4000	other	0
1212	49	Pulse	5	976882	9733	1
1212	50	Picture	10	985220	0	1	4145	2	0	4000	other	0
1212	50	Pulse	5	996871	11651	2
1212	51	Picture	10	1003291	0	1	4145	2	0	4000	other	0
1212	51	Pulse	5	1016871	13580	2
1212	52	Picture	10	1021362	0	1	4144	3	0	4000	other	0
1212	52	Pulse	5	1036870	15508	3
1212	53	Pulse	5	1056860	17427	2
1212	54	Picture	30	1064467	0	1	4144	2	0	4000	other	0
1212	54	Pulse	5	1076860	12393	1
1212	55	Picture	30	1082537	0	2	4145	3	0	4000	other	0
1212	55	Pulse	5	1096859	14322	2
1212	56	Picture	31	1100608	0	1	4145	2	0	4000	hit	115
1212	56	Response	1	1104859	4251	2
1212	56	Pulse	5	1116849	16241	2
1212	57	Picture	30	1118679	0	1	4145	2	0	4000	other	0
1212	58	Picture	30	1136750	0	1	4144	3	0	4000	other	0
1212	58	Pulse	5	1136848	98	2
1212	59	Picture	30	1154821	0	1	4144	2	0	4000	other	0
1212	59	Pulse	5	1156848	2027	2
1212	60	Picture	31	1172891	0	1	4145	2	0	4000	hit	124
1212	60	Pulse	5	1176838	3947	2
1212	60	Response	1	1177318	4427	2
1212	61	Picture	31	1190962	0	1	4145	2	0	4000	hit	126
1212	61	Response	1	1195397	4435	2
1212	61	Pulse	5	1196837	5875	2
1212	62	Picture	30	1209033	0	1	4145	2	0	4000	other	0
1212	62	Pulse	5	1216837	7804	2
1212	63	Picture	30	1227104	0	1	4144	3	0	4000	other	0
1212	63	Pulse	5	1236827	9723	1
1212	64	Picture	30	1245175	0	1	4144	3	0	4000	other	0
1212	64	Pulse	5	1256986	11811	2
1212	65	Picture	31	1263245	0	2	4145	3	0	4000	hit	135
1212	65	Response	1	1268986	5741	2
1212	65	Pulse	5	1276986	13741	2
1212	66	Picture	30	1281316	0	1	4145	2	0	4000	other	0
1212	66	Pulse	5	1296976	15660	1
1212	67	Picture	30	1299387	0	1	4145	2	0	4000	other	0
1212	67	Pulse	5	1316975	17588	2
1212	68	Picture	30	1317458	0	1	4144	3	0	4000	other	0
1212	69	Picture	30	1335529	0	1	4144	3	0	4000	other	0
1212	69	Pulse	5	1336975	1446	2
1212	70	Pulse	5	1356964	3364	2
1212	70	Pulse	5	1376964	23364	2
1212	71	Picture	10	1378633	0	2	4145	3	0	4000	other	0
1212	72	Picture	10	1396704	0	1	4145	2	0	4000	other	0
1212	72	Pulse	5	1396964	260	1
1212	73	Picture	11	1414775	0	1	4145	2	0	4000	hit	151
1212	73	Pulse	5	1416953	2178	2
1212	73	Response	1	1418873	4098	2
1212	74	Picture	10	1432846	0	1	4144	3	0	4000	other	0
1212	74	Pulse	5	1436953	4107	2
1212	75	Picture	11	1450917	0	1	4144	2	0	4000	hit	155
1212	75	Response	1	1455673	4756	1
1212	75	Pulse	5	1456953	6036	1
1212	76	Picture	10	1468987	0	2	4145	3	0	4000	other	0
1212	76	Pulse	5	1476942	7955	3
1212	77	Picture	10	1487058	0	1	4145	2	0	4000	other	0
1212	77	Pulse	5	1496942	9884	2
1212	78	Picture	11	1505129	0	1	4145	2	0	4000	hit	162
1212	78	Response	1	1509901	4772	3
1212	78	Pulse	5	1516941	11812	3
1212	79	Picture	10	1523200	0	1	4145	2	0	4000	other	0
1212	79	Pulse	5	1536932	13732	1
1212	80	Picture	10	1541271	0	1	4144	3	0	4000	other	0
1212	80	Pulse	5	1556931	15660	1
1212	81	Picture	10	1559342	0	1	4144	2	0	4000	other	0
1212	81	Pulse	5	1576930	17588	2
1212	82	Picture	10	1577412	0	2	4145	3	0	4000	other	0
1212	83	Picture	10	1595483	0	1	4145	2	0	4000	other	0
1212	83	Pulse	5	1596920	1437	2
1212	84	Picture	11	1613554	0	1	4145	2	0	4000	hit	175
1212	84	Pulse	5	1616919	3365	2
1212	84	Response	1	1618039	4485	2
1212	85	Picture	10	1631625	0	1	4144	3	0	4000	other	0
1212	85	Pulse	5	1636920	5295	1
1212	86	Picture	10	1649696	0	1	4144	2	0	4000	other	0
1212	86	Pulse	5	1656904	7208	8
1212	87	Pulse	5	1676908	9142	2
1212	88	Picture	20	1692800	0	2	4145	3	0	4000	other	0
1212	88	Pulse	5	1696908	4108	2
1212	89	Picture	20	1710871	0	1	4145	2	0	4000	other	0
1212	89	Pulse	5	1716898	6027	1
1212	90	Picture	20	1728942	0	1	4145	2	0	4000	other	0
1212	90	Pulse	5	1736897	7955	2
1212	91	Picture	21	1747013	0	1	4144	3	0	4000	hit	188
1212	91	Response	1	1751137	4124	2
1212	91	Pulse	5	1756897	9884	2
1212	92	Picture	20	1765084	0	1	4144	2	0	4000	other	0
1212	92	Pulse	5	1776887	11803	1
1212	93	Picture	20	1783154	0	2	4145	3	0	4000	other	0
1212	93	Pulse	5	1796886	13732	2
1212	94	Picture	21	1801225	0	1	4145	2	0	4000	hit	195
1212	94	Response	1	1809526	8301	2
1212	94	Pulse	5	1816886	15661	2
1212	95	Picture	20	1819296	0	1	4145	2	0	4000	other	0
1212	95	Pulse	5	1836875	17579	2
1212	96	Picture	20	1837367	0	1	4144	3	0	4000	other	0
1212	97	Picture	20	1855438	0	1	4144	2	0	4000	other	0
1212	97	Pulse	5	1856875	1437	2
1212	98	Picture	21	1873508	0	2	4145	3	0	4000	hit	204
1212	98	Pulse	5	1876875	3367	1
1212	98	Response	1	1877675	4167	1
1212	99	Picture	20	1891579	0	1	4145	2	0	4000	other	0
1212	99	Pulse	5	1896864	5285	2
1212	100	Picture	20	1909650	0	1	4145	2	0	4000	other	0
1212	100	Pulse	5	1916864	7214	2
1212	101	Picture	21	1927721	0	1	4144	3	0	4000	hit	210
1212	101	Response	1	1933504	5783	1
1212	101	Pulse	5	1936864	9143	1
1212	102	Picture	20	1945792	0	1	4144	3	0	4000	other	0
1212	102	Pulse	5	1956853	11061	2
1212	103	Picture	20	1963862	0	2	4145	3	0	4000	other	0
1212	103	Pulse	5	1976853	12991	2
1212	104	Pulse	5	1996852	14919	3
1212	105	Picture	10	2006967	0	1	4145	2	0	4000	other	0
1212	105	Pulse	5	2016842	9875	2
1212	106	Picture	10	2025038	0	1	4145	2	0	4000	other	0
1212	106	Pulse	5	2036842	11804	1
1212	107	Picture	11	2043109	0	1	4145	2	0	4000	hit	222
1212	107	Response	1	2047561	4452	2
1212	107	Pulse	5	2056841	13732	2
1212	108	Picture	10	2061180	0	1	4144	3	0	4000	other	0
1212	108	Pulse	5	2076831	15651	2
1212	109	Picture	11	2079250	0	2	4145	3	0	4000	hit	227
1212	109	Response	1	2083391	4141	2
1212	109	Pulse	5	2096830	17580	2
1212	110	Picture	10	2097321	0	1	4145	2	0	4000	other	0
1212	111	Picture	10	2115392	0	1	4145	2	0	4000	other	0
1212	111	Pulse	5	2116830	1438	2
1212	112	Picture	11	2133463	0	1	4144	3	0	4000	hit	234
1212	112	Pulse	5	2136820	3357	2
1212	112	Response	1	2138580	5117	2
1212	113	Picture	10	2151534	0	1	4144	3	0	4000	other	0
1212	113	Pulse	5	2156819	5285	2
1212	114	Picture	10	2169605	0	1	4144	2	0	4000	other	0
1212	114	Pulse	5	2176819	7214	2
1212	115	Picture	10	2187675	0	1	4145	2	0	4000	other	0
1212	115	Pulse	5	2196809	9134	1
1212	116	Picture	10	2205746	0	1	4145	2	0	4000	other	0
1212	116	Pulse	5	2216808	11062	2
1212	117	Picture	10	2223817	0	1	4145	2	0	4000	other	0
1212	117	Pulse	5	2236808	12991	2
1212	118	Picture	11	2241888	0	2	4144	4	0	4000	hit	246
1212	118	Response	1	2245768	3880	1
1212	118	Pulse	5	2256797	14909	2
1212	119	Picture	10	2259959	0	1	4144	2	0	4000	other	0
1212	119	Pulse	5	2276797	16838	2
1212	120	Picture	10	2278029	0	2	4145	3	0	4000	other	0
1212	121	Pulse	5	2296957	857	2
1212	121	Pulse	5	2316946	20846	2
1212	122	Picture	30	2321134	0	1	4145	2	0	4000	other	0
1212	122	Pulse	5	2336946	15812	2
1212	123	Picture	30	2339204	0	2	4146	3	0	4000	other	0
1212	123	Pulse	5	2356946	17742	1
1212	124	Picture	30	2357276	0	1	4144	3	0	4000	other	0
1212	125	Picture	31	2375347	0	1	4144	2	0	4000	hit	260
1212	125	Pulse	5	2376935	1588	2
1212	125	Response	1	2381255	5908	2
1212	126	Picture	31	2393417	0	2	4145	3	0	4000	hit	263
1212	126	Pulse	5	2396935	3518	2
1212	126	Response	1	2398375	4958	2
1212	127	Picture	30	2411488	0	1	4145	2	0	4000	other	0
1212	127	Pulse	5	2416934	5446	2
1212	128	Picture	30	2429559	0	1	4145	2	0	4000	other	0
1212	128	Pulse	5	2436924	7365	2
1212	129	Picture	30	2447630	0	1	4144	3	0	4000	other	0
1212	129	Pulse	5	2456924	9294	2
1212	130	Picture	31	2465701	0	1	4144	2	0	4000	hit	271
1212	130	Response	1	2469723	4022	3
1212	130	Pulse	5	2476923	11222	3
1212	131	Picture	30	2483771	0	2	4145	3	0	4000	other	0
1212	131	Pulse	5	2496913	13142	2
1212	132	Picture	30	2501842	0	1	4145	2	0	4000	other	0
1212	132	Pulse	5	2516913	15071	1
1212	133	Picture	30	2519913	0	1	4145	2	0	4000	other	0
1212	133	Pulse	5	2536912	16999	2
1212	134	Picture	30	2537984	0	1	4144	3	0	4000	other	0
1212	135	Picture	31	2556055	0	1	4144	2	0	4000	hit	282
1212	135	Pulse	5	2556902	847	2
1212	135	Response	1	2560422	4367	2
1212	136	Picture	30	2574125	0	2	4145	3	0	4000	other	0
1212	136	Pulse	5	2576901	2776	2
1212	137	Picture	30	2592196	0	1	4145	2	0	4000	other	0
1212	137	Pulse	5	2596901	4705	2
