Scenario - 1-back
Logfile written - 03/05/2015 17:35:29

Subject	Trial	Event Type	Code	Time	TTime	Uncertainty	Duration	Uncertainty	ReqTime	ReqDur	Stim Type	Pair Index

1212	1	Pulse	5	85268	95102	2
1212	2	Pulse	5	105258	19931	2
1212	3	Picture	10	110361	0	1	4144	3	0	4000	other	0
1212	3	Pulse	5	125257	14896	2
1212	4	Picture	10	128431	0	2	4145	3	0	4000	other	0
1212	4	Pulse	5	145258	16827	1
1212	5	Picture	11	146502	0	2	4145	3	0	4000	hit	8
1212	5	Response	1	150217	3715	2
1212	6	Picture	10	164573	0	1	4145	2	0	4000	other	0
1212	6	Pulse	5	165247	674	2
1212	7	Picture	11	182644	0	1	4145	2	0	4000	hit	13
1212	7	Pulse	5	185247	2603	1
1212	7	Response	1	187646	5002	2
1212	8	Picture	10	200715	0	1	4144	3	0	4000	other	0
1212	8	Pulse	5	205246	4531	2
1212	9	Picture	10	218786	0	1	4130	20	0	4000	other	0
1212	9	Pulse	5	225396	6610	1
1212	10	Picture	10	236856	0	2	4145	3	0	4000	other	0
1212	10	Pulse	5	245395	8539	2
1212	11	Picture	11	254927	0	1	4145	2	0	4000	hit	21
1212	11	Response	1	258995	4068	2
1212	11	Pulse	5	265395	10468	2
1212	12	Picture	10	272998	0	1	4145	2	0	4000	other	0
1212	12	Pulse	5	285384	12386	3
1212	13	Picture	10	291069	0	1	4145	2	0	4000	other	0
1212	13	Pulse	5	305384	14315	2
1212	14	Picture	11	309140	0	1	4144	3	0	4000	hit	28
1212	14	Response	1	313064	3924	2
1212	14	Pulse	5	325384	16244	2
1212	15	Picture	10	327211	0	1	4144	2	0	4000	other	0
1212	16	Picture	10	345281	0	1	4145	2	0	4000	other	0
1212	16	Pulse	5	345373	92	2
1212	17	Picture	10	363352	0	1	4145	2	0	4000	other	0
1212	17	Pulse	5	365373	2021	2
1212	18	Picture	10	381423	0	1	4145	2	0	4000	other	0
1212	18	Pulse	5	385373	3950	1
1212	19	Pulse	5	405362	5868	2
1212	20	Picture	30	424528	0	1	4144	3	0	4000	other	0
1212	20	Pulse	5	425362	834	2
1212	21	Picture	30	442598	0	2	4145	3	0	4000	other	0
1212	21	Pulse	5	445361	2763	2
1212	22	Picture	31	460669	0	1	4145	2	0	4000	hit	44
1212	22	Pulse	5	465351	4682	2
1212	22	Response	1	473031	12362	2
1212	23	Picture	30	478740	0	1	4145	2	0	4000	other	0
1212	23	Pulse	5	485351	6611	2
1212	24	Picture	30	496811	0	1	4145	2	0	4000	other	0
1212	24	Pulse	5	505352	8541	1
1212	25	Picture	30	514882	0	1	4144	3	0	4000	other	0
1212	25	Pulse	5	525340	10458	2
1212	26	Picture	31	532953	0	1	4144	2	0	4000	hit	52
1212	26	Response	1	536700	3747	2
1212	26	Pulse	5	545340	12387	1
1212	27	Picture	31	551023	0	2	4145	3	0	4000	hit	55
1212	27	Response	1	559739	8716	2
1212	27	Pulse	5	565339	14316	2
1212	28	Picture	30	569094	0	1	4145	2	0	4000	other	0
1212	28	Pulse	5	585330	16236	1
1212	29	Picture	30	587165	0	1	4145	2	0	4000	other	0
1212	30	Picture	30	605236	0	1	4144	3	0	4000	other	0
1212	30	Pulse	5	605328	92	2
1212	31	Picture	31	623307	0	1	4144	2	0	4000	hit	64
1212	31	Pulse	5	625328	2021	2
1212	31	Response	1	627568	4261	2
1212	32	Picture	30	641377	0	2	4145	3	0	4000	other	0
1212	32	Pulse	5	645318	3941	1
1212	33	Picture	30	659448	0	1	4145	2	0	4000	other	0
1212	33	Pulse	5	665317	5869	2
1212	34	Picture	30	677519	0	1	4145	2	0	4000	other	0
1212	34	Pulse	5	685317	7798	2
1212	35	Picture	30	695590	0	1	4145	2	0	4000	other	0
1212	35	Pulse	5	705307	9717	1
1212	36	Pulse	5	725306	11645	2
1212	37	Picture	10	738695	0	1	4144	2	0	4000	other	0
1212	37	Pulse	5	745306	6611	2
1212	38	Picture	10	756765	0	2	4145	3	0	4000	other	0
1212	38	Pulse	5	765295	8530	2
1212	39	Picture	11	774836	0	1	4145	2	0	4000	hit	79
1212	39	Response	1	778095	3259	2
1212	39	Pulse	5	785295	10459	2
1212	40	Picture	10	792907	0	1	4145	2	0	4000	other	0
1212	40	Pulse	5	805295	12388	2
1212	41	Picture	11	810978	0	1	4144	3	0	4000	hit	84
1212	41	Response	1	815525	4547	1
1212	41	Pulse	5	825280	14302	7
1212	42	Picture	10	829049	0	1	4144	3	0	4000	other	0
1212	42	Pulse	5	845284	16235	2
1212	43	Picture	10	847119	0	2	4145	4	0	4000	other	0
1212	44	Picture	10	865190	0	1	4145	2	0	4000	other	0
1212	44	Pulse	5	865284	94	1
1212	45	Picture	11	883261	0	1	4145	2	0	4000	hit	93
1212	45	Pulse	5	885273	2012	2
1212	45	Response	1	886553	3292	2
1212	46	Picture	10	901332	0	1	4145	2	0	4000	other	0
1212	46	Pulse	5	905273	3941	2
1212	47	Picture	10	919403	0	1	4144	3	0	4000	other	0
1212	47	Pulse	5	925272	5869	2
1212	48	Picture	11	937474	0	1	4144	2	0	4000	hit	99
1212	48	Response	1	940942	3468	3
1212	48	Pulse	5	945262	7788	2
1212	49	Picture	10	955544	0	1	4145	2	0	4000	other	0
1212	49	Pulse	5	965262	9718	2
1212	50	Picture	10	973615	0	1	4145	2	0	4000	other	0
1212	50	Pulse	5	985261	11646	3
1212	51	Picture	10	991686	0	1	4145	2	0	4000	other	0
1212	51	Pulse	5	1005251	13565	2
1212	52	Picture	10	1009757	0	1	4144	3	0	4000	other	0
1212	52	Pulse	5	1025251	15494	1
1212	53	Pulse	5	1045250	17422	2
1212	54	Picture	20	1052861	0	2	4145	3	0	4000	other	0
1212	54	Pulse	5	1065240	12379	2
1212	55	Picture	20	1070932	0	1	4145	2	0	4000	other	0
1212	55	Pulse	5	1085239	14307	2
1212	56	Picture	21	1089003	0	1	4145	2	0	4000	miss	0
1212	56	Pulse	5	1105239	16236	2
1212	57	Picture	20	1107074	0	1	4145	2	0	4000	other	0
1212	58	Picture	20	1125145	0	1	4144	3	0	4000	other	0
1212	58	Pulse	5	1125229	84	2
1212	59	Picture	20	1143216	0	1	4144	2	0	4000	other	0
1212	59	Pulse	5	1145228	2012	2
1212	60	Picture	21	1161286	0	1	4145	2	0	4000	hit	122
1212	60	Response	1	1165228	3942	2
1212	60	Pulse	5	1165228	3942	2
1212	61	Picture	20	1179357	0	1	4145	2	0	4000	other	0
1212	61	Pulse	5	1185218	5861	1
1212	62	Picture	20	1197428	0	1	4145	2	0	4000	other	0
1212	62	Pulse	5	1205217	7789	2
1212	63	Picture	20	1215499	0	1	4145	2	0	4000	other	0
1212	63	Pulse	5	1225217	9718	2
1212	64	Picture	20	1233570	0	1	4144	2	0	4000	other	0
1212	64	Pulse	5	1245206	11636	2
1212	65	Picture	20	1251640	0	2	4145	3	0	4000	other	0
1212	65	Pulse	5	1265366	13726	2
1212	66	Picture	21	1269711	0	1	4145	2	0	4000	hit	135
1212	66	Response	1	1273846	4135	2
1212	66	Pulse	5	1285366	15655	2
1212	67	Picture	20	1287782	0	1	4145	2	0	4000	other	0
1212	67	Pulse	5	1305355	17573	2
1212	68	Picture	20	1305853	0	1	4145	2	0	4000	other	0
1212	69	Picture	21	1323924	0	1	4144	3	0	4000	hit	142
1212	69	Pulse	5	1325355	1431	2
1212	69	Response	1	1329035	5111	2
1212	70	Pulse	5	1345355	3361	1
1212	70	Pulse	5	1365344	23350	2
1212	71	Picture	10	1367028	0	1	4145	2	0	4000	other	0
1212	72	Picture	10	1385099	0	1	4145	2	0	4000	other	0
1212	72	Pulse	5	1385344	245	2
1212	73	Picture	11	1403170	0	1	4145	2	0	4000	miss	0
1212	73	Pulse	5	1405343	2173	2
1212	74	Picture	10	1421241	0	1	4144	3	0	4000	other	0
1212	74	Pulse	5	1425333	4092	2
1212	75	Picture	11	1439312	0	1	4144	2	0	4000	hit	153
1212	75	Response	1	1443733	4421	2
1212	75	Pulse	5	1445333	6021	2
1212	76	Picture	10	1457382	0	2	4145	3	0	4000	other	0
1212	76	Pulse	5	1465332	7950	3
1212	77	Picture	10	1475453	0	1	4145	2	0	4000	other	0
1212	77	Pulse	5	1485322	9869	2
1212	78	Picture	11	1493524	0	1	4145	2	0	4000	hit	160
1212	78	Response	1	1497482	3958	2
1212	78	Pulse	5	1505322	11798	1
1212	79	Picture	10	1511595	0	1	4144	3	0	4000	other	0
1212	79	Pulse	5	1525321	13726	2
1212	80	Picture	10	1529666	0	1	4144	3	0	4000	other	0
1212	80	Pulse	5	1545311	15645	2
1212	81	Picture	10	1547736	0	2	4145	3	0	4000	other	0
1212	81	Pulse	5	1565310	17574	2
1212	82	Picture	10	1565807	0	2	4145	3	0	4000	other	0
1212	83	Picture	10	1583878	0	1	4145	2	0	4000	other	0
1212	83	Pulse	5	1585310	1432	2
1212	84	Picture	11	1601949	0	1	4145	2	0	4000	hit	173
1212	84	Pulse	5	1605300	3351	2
1212	84	Response	1	1606740	4791	1
1212	85	Picture	10	1620019	0	2	4145	4	0	4000	other	0
1212	85	Pulse	5	1625299	5280	2
1212	86	Picture	10	1638091	0	1	4144	2	0	4000	other	0
1212	86	Pulse	5	1645299	7208	2
1212	87	Pulse	5	1665289	9128	1
1212	88	Picture	30	1681195	0	1	4145	2	0	4000	other	0
1212	88	Pulse	5	1685288	4093	2
1212	89	Picture	30	1699266	0	1	4145	2	0	4000	other	0
1212	89	Pulse	5	1705288	6022	2
1212	90	Picture	30	1717337	0	1	4145	2	0	4000	other	0
1212	90	Pulse	5	1725277	7940	2
1212	91	Picture	31	1735407	0	2	4145	4	0	4000	hit	186
1212	91	Response	1	1739837	4430	2
1212	91	Pulse	5	1745277	9870	2
1212	92	Picture	31	1753478	0	2	4145	3	0	4000	hit	189
1212	92	Response	1	1757437	3959	2
1212	92	Pulse	5	1765277	11799	1
1212	93	Picture	30	1771549	0	2	4145	3	0	4000	other	0
1212	93	Pulse	5	1785266	13717	2
1212	94	Picture	30	1789620	0	1	4145	2	0	4000	other	0
1212	94	Pulse	5	1805266	15646	2
1212	95	Picture	30	1807691	0	1	4145	2	0	4000	other	0
1212	95	Pulse	5	1825266	17575	1
1212	96	Picture	31	1825762	0	1	4144	3	0	4000	hit	198
1212	96	Response	1	1830545	4783	2
1212	97	Picture	30	1843833	0	1	4144	2	0	4000	other	0
1212	97	Pulse	5	1845255	1422	2
1212	98	Picture	30	1861903	0	2	4145	3	0	4000	other	0
1212	98	Pulse	5	1865255	3352	2
1212	99	Picture	30	1879974	0	1	4145	2	0	4000	other	0
1212	99	Pulse	5	1885254	5280	2
1212	100	Picture	30	1898044	0	3	4146	4	0	4000	other	0
1212	100	Pulse	5	1905244	7200	2
1212	101	Picture	31	1916116	0	1	4144	3	0	4000	hit	208
1212	101	Response	1	1919804	3688	2
1212	101	Pulse	5	1925244	9128	2
1212	102	Picture	30	1934187	0	1	4144	3	0	4000	other	0
1212	102	Pulse	5	1945243	11056	3
1212	103	Picture	30	1952257	0	2	4145	3	0	4000	other	0
1212	103	Pulse	5	1965233	12976	2
1212	104	Pulse	5	1985233	14905	1
1212	105	Picture	10	1995362	0	1	4145	2	0	4000	other	0
1212	105	Pulse	5	2005232	9870	2
1212	106	Picture	10	2013433	0	1	4145	2	0	4000	other	0
1212	106	Pulse	5	2025222	11789	2
1212	107	Picture	11	2031504	0	1	4145	2	0	4000	hit	220
1212	107	Response	1	2034982	3478	1
1212	107	Pulse	5	2045221	13717	2
1212	108	Picture	10	2049575	0	1	4144	2	0	4000	other	0
1212	108	Pulse	5	2065221	15646	2
1212	109	Picture	11	2067645	0	2	4145	3	0	4000	hit	225
1212	109	Response	1	2072421	4776	2
1212	109	Pulse	5	2085211	17566	1
1212	110	Picture	10	2085716	0	1	4145	2	0	4000	other	0
1212	111	Picture	10	2103787	0	1	4145	2	0	4000	other	0
1212	111	Pulse	5	2105210	1423	2
1212	112	Picture	11	2121858	0	1	4145	2	0	4000	hit	232
1212	112	Pulse	5	2125210	3352	2
1212	112	Response	1	2126650	4792	2
1212	113	Picture	10	2139929	0	1	4144	3	0	4000	other	0
1212	113	Pulse	5	2145200	5271	1
1212	114	Picture	10	2157999	0	2	4145	3	0	4000	other	0
1212	114	Pulse	5	2165199	7200	2
1212	115	Picture	10	2176070	0	1	4145	2	0	4000	other	0
1212	115	Pulse	5	2185199	9129	2
1212	116	Picture	10	2194141	0	1	4145	2	0	4000	other	0
1212	116	Pulse	5	2205188	11047	2
1212	117	Picture	10	2212212	0	1	4145	2	0	4000	other	0
1212	117	Pulse	5	2225188	12976	2
1212	118	Picture	11	2230283	0	1	4144	3	0	4000	hit	244
1212	118	Response	1	2234788	4505	2
1212	118	Pulse	5	2245188	14905	1
1212	119	Picture	10	2248354	0	1	4144	2	0	4000	other	0
1212	119	Pulse	5	2265177	16823	2
1212	120	Picture	10	2266424	0	2	4145	3	0	4000	other	0
1212	121	Pulse	5	2285177	682	2
1212	121	Pulse	5	2305337	20842	1
1212	122	Picture	20	2309529	0	1	4145	2	0	4000	other	0
1212	122	Pulse	5	2325326	15797	2
1212	123	Picture	20	2327600	0	1	4145	2	0	4000	other	0
1212	123	Pulse	5	2345326	17726	2
1212	124	Picture	20	2345671	0	1	4144	3	0	4000	other	0
1212	125	Picture	21	2363742	0	1	4144	2	0	4000	miss	0
1212	125	Pulse	5	2365325	1583	2
1212	126	Picture	20	2381812	0	2	4145	3	0	4000	false_alarm	259
1212	126	Response	1	2383875	2063	2
1212	126	Pulse	5	2385315	3503	2
1212	127	Picture	20	2399883	0	1	4145	2	0	4000	other	0
1212	127	Pulse	5	2405315	5432	2
1212	128	Picture	21	2417954	0	1	4145	2	0	4000	hit	264
1212	128	Response	1	2422274	4320	3
1212	128	Pulse	5	2425314	7360	3
1212	129	Picture	20	2436024	0	2	4145	4	0	4000	other	0
1212	129	Pulse	5	2445304	9280	2
1212	130	Picture	20	2454096	0	1	4144	2	0	4000	false_alarm	269
1212	130	Response	1	2459384	5288	1
1212	130	Pulse	5	2465303	11207	2
1212	131	Picture	20	2472166	0	4	4145	5	0	4000	other	0
1212	131	Pulse	5	2485304	13138	1
1212	132	Picture	21	2490237	0	1	4145	2	0	4000	hit	274
1212	132	Response	1	2495373	5136	2
1212	132	Pulse	5	2505293	15056	2
1212	133	Picture	20	2508308	0	1	4139	10	0	4000	other	0
1212	133	Pulse	5	2525292	16984	2
1212	134	Picture	20	2526379	0	1	4144	3	0	4000	other	0
1212	135	Picture	21	2544450	0	1	4144	2	0	4000	miss	0
1212	135	Pulse	5	2545292	842	2
1212	136	Picture	20	2562520	0	2	4145	3	0	4000	other	0
1212	136	Pulse	5	2565282	2762	1
1212	137	Picture	20	2580591	0	2	4145	3	0	4000	other	0
1212	137	Pulse	5	2585281	4690	2
