Scenario - 1-back
Logfile written - 03/05/2015 17:26:18

Subject	Trial	Event Type	Code	Time	TTime	Uncertainty	Duration	Uncertainty	ReqTime	ReqDur	Stim Type	Pair Index

1212	1	Pulse	5	100094	109928	1
1212	2	Pulse	5	120093	19845	2
1212	3	Picture	10	125281	0	2	4145	3	0	4000	other	0
1212	3	Pulse	5	140093	14812	2
1212	4	Picture	10	143352	0	2	4145	3	0	4000	other	0
1212	4	Pulse	5	160092	16740	2
1212	5	Picture	11	161423	0	1	4145	2	0	4000	hit	8
1212	5	Response	1	165842	4419	2
1212	6	Picture	10	179494	0	1	4145	2	0	4000	other	0
1212	6	Pulse	5	180082	588	2
1212	7	Picture	11	197565	0	1	4144	3	0	4000	hit	13
1212	7	Pulse	5	200082	2517	2
1212	7	Response	1	202322	4757	2
1212	8	Picture	10	215636	0	1	4144	2	0	4000	other	0
1212	8	Pulse	5	220081	4445	2
1212	9	Picture	10	233706	0	2	4145	3	0	4000	other	0
1212	9	Pulse	5	240071	6365	2
1212	10	Picture	10	251777	0	1	4145	2	0	4000	other	0
1212	10	Pulse	5	260071	8294	1
1212	11	Picture	11	269848	0	1	4145	2	0	4000	hit	21
1212	11	Response	1	274310	4462	2
1212	11	Pulse	5	280060	10212	2
1212	12	Picture	10	287919	0	1	4145	2	0	4000	other	0
1212	12	Pulse	5	300060	12141	2
1212	13	Picture	10	305990	0	1	4144	3	0	4000	other	0
1212	13	Pulse	5	320060	14070	1
1212	14	Picture	11	324060	0	2	4145	3	0	4000	hit	28
1212	14	Response	1	329179	5119	2
1212	14	Pulse	5	340059	15999	2
1212	15	Picture	10	342131	0	2	4145	3	0	4000	other	0
1212	15	Pulse	5	360049	17918	2
1212	16	Picture	10	360202	0	1	4145	2	0	4000	other	0
1212	17	Picture	10	378273	0	1	4144	3	0	4000	other	0
1212	17	Pulse	5	380048	1775	3
1212	18	Picture	10	396344	0	1	4144	3	0	4000	other	0
1212	18	Pulse	5	400048	3704	2
1212	19	Pulse	5	420038	5624	1
1212	20	Picture	30	439448	0	2	4145	3	0	4000	other	0
1212	20	Pulse	5	440037	589	2
1212	21	Picture	30	457519	0	1	4145	2	0	4000	other	0
1212	21	Pulse	5	460028	2509	1
1212	22	Picture	31	475590	0	1	4145	2	0	4000	hit	44
1212	22	Pulse	5	480026	4436	2
1212	22	Response	1	480506	4916	2
1212	23	Picture	30	493661	0	1	4144	3	0	4000	other	0
1212	23	Pulse	5	500027	6366	1
1212	24	Picture	30	511732	0	1	4144	2	0	4000	other	0
1212	24	Pulse	5	520026	8294	2
1212	25	Picture	30	529802	0	2	4145	3	0	4000	other	0
1212	25	Pulse	5	540015	10213	2
1212	26	Picture	31	547873	0	1	4145	2	0	4000	hit	52
1212	26	Response	1	552335	4462	2
1212	26	Pulse	5	560015	12142	2
1212	27	Picture	31	565944	0	1	4145	2	0	4000	hit	55
1212	27	Response	1	573135	7191	2
1212	27	Pulse	5	580015	14071	1
1212	28	Picture	30	584015	0	1	4145	2	0	4000	other	0
1212	28	Pulse	5	600004	15989	2
1212	29	Picture	30	602086	0	1	4144	3	0	4000	other	0
1212	29	Pulse	5	620004	17918	2
1212	30	Picture	30	620156	0	2	4145	3	0	4000	other	0
1212	31	Picture	31	638227	0	1	4145	2	0	4000	hit	64
1212	31	Pulse	5	639994	1767	1
1212	31	Response	1	643993	5766	2
1212	32	Picture	30	656298	0	1	4145	2	0	4000	other	0
1212	32	Pulse	5	659993	3695	2
1212	33	Picture	30	674369	0	1	4145	2	0	4000	other	0
1212	33	Pulse	5	679993	5624	2
1212	34	Picture	30	692440	0	1	4144	3	0	4000	other	0
1212	34	Pulse	5	699992	7552	2
1212	35	Picture	30	710511	0	1	4139	18	0	4000	other	0
1212	35	Pulse	5	719982	9471	2
1212	36	Pulse	5	739982	11401	1
1212	37	Picture	10	753615	0	1	4145	2	0	4000	other	0
1212	37	Pulse	5	759981	6366	2
1212	38	Picture	10	771686	0	1	4145	2	0	4000	other	0
1212	38	Pulse	5	779971	8285	2
1212	39	Picture	11	789757	0	1	4144	3	0	4000	hit	79
1212	39	Response	1	794051	4294	1
1212	39	Pulse	5	799970	10213	2
1212	40	Picture	10	807828	0	1	4144	2	0	4000	other	0
1212	40	Pulse	5	819960	12132	3
1212	41	Picture	11	825898	0	2	4145	3	0	4000	hit	84
1212	41	Response	1	830360	4462	2
1212	41	Pulse	5	839960	14062	2
1212	42	Picture	10	843969	0	2	4145	3	0	4000	other	0
1212	42	Pulse	5	859959	15990	3
1212	43	Picture	10	862039	0	3	4146	4	0	4000	other	0
1212	43	Pulse	5	879959	17920	2
1212	44	Picture	10	880111	0	1	4145	2	0	4000	other	0
1212	45	Picture	11	898182	0	1	4144	3	0	4000	hit	93
1212	45	Pulse	5	900109	1927	1
1212	45	Response	1	902189	4007	2
1212	46	Picture	10	916252	0	2	4145	3	0	4000	other	0
1212	46	Pulse	5	920108	3856	2
1212	47	Picture	10	934323	0	1	4145	2	0	4000	other	0
1212	47	Pulse	5	940108	5785	2
1212	48	Picture	11	952394	0	1	4145	2	0	4000	hit	99
1212	48	Response	1	957378	4984	1
1212	48	Pulse	5	960097	7703	3
1212	49	Picture	10	970465	0	1	4145	2	0	4000	other	0
1212	49	Pulse	5	980097	9632	2
1212	50	Picture	10	988536	0	1	4144	3	0	4000	other	0
1212	50	Pulse	5	1000097	11561	2
1212	51	Picture	10	1006607	0	1	4144	2	0	4000	other	0
1212	51	Pulse	5	1020086	13479	2
1212	52	Picture	10	1024676	0	3	4146	4	0	4000	other	0
1212	52	Pulse	5	1040087	15411	1
1212	53	Pulse	5	1060086	17338	1
1212	54	Picture	20	1067782	0	1	4145	2	0	4000	other	0
1212	54	Pulse	5	1080075	12293	2
1212	55	Picture	20	1085853	0	1	4145	2	0	4000	other	0
1212	55	Pulse	5	1100075	14222	2
1212	56	Picture	21	1103924	0	1	4144	2	0	4000	hit	115
1212	56	Response	1	1108715	4791	2
1212	56	Pulse	5	1120074	16150	2
1212	57	Picture	20	1121994	0	2	4145	3	0	4000	other	0
1212	57	Pulse	5	1140064	18070	2
1212	58	Picture	20	1140065	0	1	4145	2	0	4000	other	0
1212	59	Picture	20	1158136	0	1	4145	2	0	4000	other	0
1212	59	Pulse	5	1160064	1928	2
1212	60	Picture	21	1176207	0	1	4145	2	0	4000	hit	124
1212	60	Pulse	5	1180053	3846	2
1212	60	Response	1	1181013	4806	2
1212	61	Picture	20	1194278	0	1	4144	3	0	4000	other	0
1212	61	Pulse	5	1200053	5775	2
1212	62	Picture	20	1212348	0	2	4145	3	0	4000	other	0
1212	62	Pulse	5	1220053	7705	1
1212	63	Picture	20	1230419	0	2	4145	3	0	4000	other	0
1212	63	Pulse	5	1240052	9633	2
1212	64	Picture	20	1248490	0	1	4145	2	0	4000	other	0
1212	64	Pulse	5	1260042	11552	2
1212	65	Picture	20	1266561	0	1	4145	2	0	4000	other	0
1212	65	Pulse	5	1280041	13480	2
1212	66	Picture	21	1284631	0	2	4145	4	0	4000	hit	136
1212	66	Response	1	1290601	5970	2
1212	66	Pulse	5	1300041	15410	2
1212	67	Picture	20	1302703	0	1	4144	2	0	4000	other	0
1212	67	Pulse	5	1320031	17328	2
1212	68	Picture	20	1320773	0	2	4145	3	0	4000	other	0
1212	69	Picture	21	1338844	0	1	4145	2	0	4000	hit	143
1212	69	Pulse	5	1340030	1186	3
1212	69	Response	1	1345950	7106	3
1212	70	Pulse	5	1360030	3115	2
1212	70	Pulse	5	1380020	23105	1
1212	71	Picture	10	1381949	0	1	4145	2	0	4000	other	0
1212	72	Picture	10	1400019	0	2	4145	4	0	4000	other	0
1212	72	Pulse	5	1400019	0	2
1212	73	Picture	11	1418090	0	2	4145	3	0	4000	hit	151
1212	73	Pulse	5	1420019	1929	2
1212	73	Response	1	1421929	3839	2
1212	74	Picture	10	1436161	0	2	4145	3	0	4000	other	0
1212	74	Pulse	5	1440008	3847	2
1212	75	Picture	11	1454232	0	1	4145	2	0	4000	hit	155
1212	75	Response	1	1458888	4656	2
1212	75	Pulse	5	1460008	5776	2
1212	76	Picture	10	1472303	0	1	4145	2	0	4000	other	0
1212	76	Pulse	5	1480008	7705	2
1212	77	Picture	10	1490374	0	1	4144	3	0	4000	other	0
1212	77	Pulse	5	1499997	9623	2
1212	78	Picture	11	1508445	0	1	4144	2	0	4000	hit	162
1212	78	Response	1	1512317	3872	2
1212	78	Pulse	5	1519997	11552	2
1212	79	Picture	10	1526515	0	2	4145	3	0	4000	other	0
1212	79	Pulse	5	1539987	13472	1
1212	80	Picture	10	1544586	0	1	4145	2	0	4000	other	0
1212	80	Pulse	5	1559986	15400	2
1212	81	Picture	10	1562657	0	1	4145	2	0	4000	other	0
1212	81	Pulse	5	1579987	17330	1
1212	82	Picture	10	1580728	0	1	4145	2	0	4000	other	0
1212	83	Picture	10	1598799	0	1	4144	3	0	4000	other	0
1212	83	Pulse	5	1599985	1186	2
1212	84	Picture	11	1616869	0	2	4145	3	0	4000	hit	175
1212	84	Pulse	5	1619975	3106	2
1212	84	Response	1	1622055	5186	2
1212	85	Picture	10	1634940	0	1	4145	2	0	4000	other	0
1212	85	Pulse	5	1639975	5035	1
1212	86	Picture	10	1653011	0	1	4145	2	0	4000	other	0
1212	86	Pulse	5	1659974	6963	2
1212	87	Pulse	5	1679964	8882	2
1212	88	Picture	30	1696116	0	1	4145	2	0	4000	other	0
1212	88	Pulse	5	1699964	3848	1
1212	89	Picture	30	1714187	0	1	4144	2	0	4000	other	0
1212	89	Pulse	5	1719963	5776	2
1212	90	Picture	30	1732257	0	2	4145	3	0	4000	other	0
1212	90	Pulse	5	1739953	7696	2
1212	91	Picture	31	1750328	0	1	4145	2	0	4000	hit	188
1212	91	Response	1	1754993	4665	1
1212	91	Pulse	5	1759952	9624	2
1212	92	Picture	31	1768399	0	1	4145	2	0	4000	hit	191
1212	92	Response	1	1773392	4993	2
1212	92	Pulse	5	1779952	11553	2
1212	93	Picture	30	1786470	0	1	4145	2	0	4000	other	0
1212	93	Pulse	5	1799942	13472	2
1212	94	Picture	30	1804541	0	1	4144	3	0	4000	other	0
1212	94	Pulse	5	1819941	15400	3
1212	95	Picture	30	1822611	0	2	4145	3	0	4000	other	0
1212	95	Pulse	5	1839931	17320	2
1212	96	Picture	31	1840682	0	1	4145	2	0	4000	hit	200
1212	96	Response	1	1846971	6289	2
1212	97	Picture	30	1858753	0	1	4145	2	0	4000	other	0
1212	97	Pulse	5	1859931	1178	1
1212	98	Picture	30	1876824	0	1	4145	2	0	4000	other	0
1212	98	Pulse	5	1879930	3106	2
1212	99	Picture	30	1894895	0	1	4144	3	0	4000	other	0
1212	99	Pulse	5	1899931	5036	1
1212	100	Picture	30	1912966	0	1	4144	2	0	4000	other	0
1212	100	Pulse	5	1919919	6953	2
1212	101	Picture	31	1931036	0	2	4145	3	0	4000	hit	210
1212	101	Response	1	1935919	4883	2
1212	101	Pulse	5	1940079	9043	2
1212	102	Picture	30	1949107	0	1	4145	2	0	4000	other	0
1212	102	Pulse	5	1960079	10972	2
1212	103	Picture	30	1967178	0	1	4145	2	0	4000	other	0
1212	103	Pulse	5	1980068	12890	2
1212	104	Pulse	5	2000068	14819	2
1212	105	Picture	10	2010283	0	1	4144	3	0	4000	other	0
1212	105	Pulse	5	2020068	9785	1
1212	106	Picture	10	2028354	0	1	4144	2	0	4000	other	0
1212	106	Pulse	5	2040057	11703	2
1212	107	Picture	11	2046424	0	2	4145	3	0	4000	hit	222
1212	107	Response	1	2050457	4033	2
1212	107	Pulse	5	2060057	13633	2
1212	108	Picture	10	2064495	0	1	4145	2	0	4000	other	0
1212	108	Pulse	5	2080056	15561	2
1212	109	Picture	11	2082566	0	1	4145	2	0	4000	hit	227
1212	109	Response	1	2088367	5801	1
1212	109	Pulse	5	2100041	17475	12
1212	110	Picture	10	2100636	0	2	4145	4	0	4000	other	0
1212	111	Picture	10	2118708	0	1	4144	2	0	4000	other	0
1212	111	Pulse	5	2120046	1338	2
1212	112	Picture	11	2136778	0	1	4145	2	0	4000	hit	234
1212	112	Pulse	5	2140046	3268	1
1212	112	Response	1	2140515	3737	2
1212	113	Picture	10	2154849	0	1	4145	2	0	4000	other	0
1212	113	Pulse	5	2160035	5186	2
1212	114	Picture	10	2172920	0	1	4145	2	0	4000	other	0
1212	114	Pulse	5	2180035	7115	1
1212	115	Picture	10	2190991	0	1	4144	3	0	4000	other	0
1212	115	Pulse	5	2200034	9043	2
1212	116	Picture	10	2209062	0	1	4144	3	0	4000	other	0
1212	116	Pulse	5	2220024	10962	2
1212	117	Picture	10	2227132	0	2	4145	3	0	4000	other	0
1212	117	Pulse	5	2240023	12891	2
1212	118	Picture	11	2245203	0	1	4145	2	0	4000	hit	246
1212	118	Response	1	2249463	4260	2
1212	118	Pulse	5	2260013	14810	2
1212	119	Picture	10	2263274	0	1	4145	2	0	4000	other	0
1212	119	Pulse	5	2280013	16739	2
1212	120	Picture	10	2281345	0	1	4144	3	0	4000	other	0
1212	121	Pulse	5	2300012	596	3
1212	121	Pulse	5	2320002	20586	2
1212	122	Picture	20	2324450	0	1	4144	2	0	4000	other	0
1212	122	Pulse	5	2340002	15552	1
1212	123	Picture	20	2342520	0	2	4145	3	0	4000	other	0
1212	123	Pulse	5	2360001	17481	2
1212	124	Picture	20	2360591	0	2	4145	3	0	4000	other	0
1212	125	Picture	21	2378662	0	1	4145	2	0	4000	hit	260
1212	125	Pulse	5	2380001	1339	2
1212	125	Response	1	2382711	4049	2
1212	126	Picture	20	2396733	0	1	4145	2	0	4000	other	0
1212	126	Pulse	5	2399991	3258	1
1212	127	Picture	20	2414804	0	1	4144	3	0	4000	other	0
1212	127	Pulse	5	2419990	5186	2
1212	128	Picture	21	2432874	0	2	4145	3	0	4000	hit	266
1212	128	Response	1	2438230	5356	2
1212	128	Pulse	5	2439990	7116	1
1212	129	Picture	20	2450945	0	1	4145	2	0	4000	other	0
1212	129	Pulse	5	2459979	9034	2
1212	130	Picture	20	2469016	0	1	4145	2	0	4000	other	0
1212	130	Pulse	5	2479979	10963	2
1212	131	Picture	20	2487087	0	1	4145	2	0	4000	other	0
1212	131	Pulse	5	2499978	12891	2
1212	132	Picture	21	2505158	0	1	4144	3	0	4000	hit	275
1212	132	Response	1	2509728	4570	2
1212	132	Pulse	5	2519968	14810	2
1212	133	Picture	20	2523228	0	2	4145	3	0	4000	other	0
1212	133	Pulse	5	2539968	16740	2
1212	134	Picture	20	2541299	0	2	4145	3	0	4000	other	0
1212	135	Picture	21	2559370	0	1	4145	2	0	4000	hit	282
1212	135	Pulse	5	2559967	597	2
1212	135	Response	1	2565077	5707	2
1212	136	Picture	20	2577441	0	1	4145	2	0	4000	other	0
1212	136	Pulse	5	2579957	2516	2
1212	137	Picture	20	2595512	0	1	4144	3	0	4000	other	0
1212	137	Pulse	5	2599957	4445	1
