Scenario - 1-back
Logfile written - 03/05/2015 17:21:29

Subject	Trial	Event Type	Code	Time	TTime	Uncertainty	Duration	Uncertainty	ReqTime	ReqDur	Stim Type	Pair Index

1212	1	Response	1	98251	108085	2
1212	1	Pulse	5	251828	261662	2
1212	2	Pulse	5	271818	19875	2
1212	3	Picture	10	276977	0	1	4144	3	0	4000	other	0
1212	3	Pulse	5	291817	14840	3
1212	4	Picture	10	295047	0	2	4145	3	0	4000	other	0
1212	4	Pulse	5	311817	16770	2
1212	5	Picture	11	313118	0	1	4145	2	0	4000	hit	9
1212	5	Response	1	317577	4459	2
1212	6	Picture	10	331189	0	1	4145	2	0	4000	other	0
1212	6	Pulse	5	331807	618	2
1212	7	Picture	11	349260	0	1	4144	3	0	4000	hit	14
1212	7	Pulse	5	351806	2546	2
1212	7	Response	1	353886	4626	2
1212	8	Picture	10	367331	0	1	4144	2	0	4000	other	0
1212	8	Pulse	5	371806	4475	2
1212	9	Picture	10	385401	0	2	4144	4	0	4000	other	0
1212	9	Pulse	5	391795	6394	2
1212	10	Picture	10	403472	0	1	4145	2	0	4000	other	0
1212	10	Pulse	5	411796	8324	1
1212	11	Picture	11	421543	0	1	4145	2	0	4000	hit	22
1212	11	Response	1	425715	4172	2
1212	11	Pulse	5	431795	10252	2
1212	12	Picture	10	439614	0	1	4145	2	0	4000	other	0
1212	12	Pulse	5	451784	12170	2
1212	13	Picture	10	457685	0	1	4144	2	0	4000	other	0
1212	13	Pulse	5	471784	14099	2
1212	14	Picture	11	475755	0	2	4145	3	0	4000	hit	29
1212	14	Response	1	479784	4029	2
1212	14	Pulse	5	491784	16029	1
1212	15	Picture	10	493826	0	1	4145	2	0	4000	other	0
1212	15	Pulse	5	511773	17947	2
1212	16	Picture	10	511897	0	1	4145	2	0	4000	other	0
1212	17	Picture	10	529968	0	1	4144	3	0	4000	other	0
1212	17	Pulse	5	531773	1805	2
1212	18	Picture	10	548039	0	1	4144	2	0	4000	other	0
1212	18	Pulse	5	551772	3733	2
1212	19	Pulse	5	571762	5653	2
1212	20	Picture	20	591143	0	2	4145	3	0	4000	other	0
1212	20	Pulse	5	591762	619	2
1212	21	Picture	20	609214	0	1	4145	2	0	4000	other	0
1212	21	Pulse	5	611761	2547	2
1212	22	Picture	21	627285	0	1	4144	3	0	4000	hit	44
1212	22	Response	1	631751	4466	2
1212	22	Pulse	5	631751	4466	2
1212	23	Picture	20	645356	0	1	4144	2	0	4000	other	0
1212	23	Pulse	5	651911	6555	1
1212	24	Picture	20	663426	0	2	4145	3	0	4000	other	0
1212	24	Pulse	5	671910	8484	2
1212	25	Picture	20	681497	0	1	4145	2	0	4000	other	0
1212	25	Pulse	5	691900	10403	2
1212	26	Picture	21	699568	0	1	4145	2	0	4000	hit	53
1212	26	Response	1	704700	5132	1
1212	26	Pulse	5	711899	12331	2
1212	27	Picture	20	717639	0	1	4145	2	0	4000	other	0
1212	27	Pulse	5	731899	14260	2
1212	28	Picture	20	735710	0	1	4144	3	0	4000	other	0
1212	28	Pulse	5	751889	16179	2
1212	29	Picture	20	753780	0	2	4145	3	0	4000	other	0
1212	30	Picture	20	771851	0	1	4145	2	0	4000	other	0
1212	30	Pulse	5	771888	37	3
1212	31	Picture	20	789922	0	1	4145	2	0	4000	other	0
1212	31	Pulse	5	791888	1966	2
1212	32	Picture	21	807993	0	1	4145	2	0	4000	hit	66
1212	32	Pulse	5	811878	3885	1
1212	32	Response	1	812838	4845	1
1212	33	Picture	20	826064	0	1	4144	2	0	4000	other	0
1212	33	Pulse	5	831877	5813	2
1212	34	Picture	20	844134	0	2	4145	3	0	4000	other	0
1212	34	Pulse	5	851878	7744	1
1212	35	Picture	21	862205	0	1	4145	2	0	4000	hit	72
1212	35	Response	1	866587	4382	1
1212	35	Pulse	5	871867	9662	1
1212	36	Pulse	5	891866	11590	2
1212	37	Picture	10	905310	0	1	4145	2	0	4000	other	0
1212	37	Pulse	5	911866	6556	2
1212	38	Picture	10	923381	0	1	4144	3	0	4000	other	0
1212	38	Pulse	5	931855	8474	2
1212	39	Picture	11	941451	0	2	4145	3	0	4000	hit	80
1212	39	Response	1	945615	4164	2
1212	39	Pulse	5	951856	10405	1
1212	40	Picture	10	959522	0	1	4145	2	0	4000	other	0
1212	40	Pulse	5	971855	12333	1
1212	41	Picture	11	977593	0	1	4145	2	0	4000	hit	85
1212	41	Response	1	981286	3693	1
1212	41	Pulse	5	991844	14251	2
1212	42	Picture	10	995664	0	1	4145	2	0	4000	other	0
1212	42	Pulse	5	1011844	16180	2
1212	43	Picture	10	1013735	0	1	4144	3	0	4000	other	0
1212	44	Picture	10	1031805	0	2	4145	3	0	4000	other	0
1212	44	Pulse	5	1031844	39	1
1212	45	Picture	11	1049876	0	1	4145	2	0	4000	hit	94
1212	45	Pulse	5	1051833	1957	2
1212	45	Response	1	1054553	4677	2
1212	46	Picture	10	1067947	0	1	4145	2	0	4000	other	0
1212	46	Pulse	5	1071833	3886	1
1212	47	Picture	10	1086018	0	1	4145	2	0	4000	other	0
1212	47	Pulse	5	1091832	5814	2
1212	48	Picture	11	1104089	0	1	4144	3	0	4000	hit	100
1212	48	Response	1	1107502	3413	2
1212	48	Pulse	5	1111822	7733	2
1212	49	Picture	10	1122159	0	2	4145	3	0	4000	other	0
1212	49	Pulse	5	1131822	9663	1
1212	50	Picture	10	1140230	0	1	4145	2	0	4000	other	0
1212	50	Pulse	5	1151821	11591	2
1212	51	Picture	10	1158301	0	1	4145	2	0	4000	other	0
1212	51	Pulse	5	1171811	13510	2
1212	52	Picture	10	1176372	0	1	4145	2	0	4000	other	0
1212	52	Pulse	5	1191810	15438	2
1212	53	Pulse	5	1211810	17367	2
1212	54	Picture	30	1219477	0	1	4144	2	0	4000	other	0
1212	54	Pulse	5	1231800	12323	4
1212	55	Picture	30	1237547	0	2	4145	3	0	4000	other	0
1212	55	Pulse	5	1251799	14252	3
1212	56	Picture	31	1255618	0	1	4145	2	0	4000	hit	116
1212	56	Response	1	1260119	4501	2
1212	56	Pulse	5	1271799	16181	3
1212	57	Picture	30	1273689	0	1	4145	2	0	4000	other	0
1212	58	Picture	30	1291760	0	1	4144	3	0	4000	other	0
1212	58	Pulse	5	1291789	29	1
1212	59	Picture	30	1309831	0	1	4144	2	0	4000	other	0
1212	59	Pulse	5	1311789	1958	1
1212	60	Picture	31	1327901	0	2	4145	3	0	4000	hit	125
1212	60	Pulse	5	1331788	3887	2
1212	60	Response	1	1333708	5807	2
1212	61	Picture	31	1345972	0	1	4145	2	0	4000	hit	128
1212	61	Pulse	5	1351777	5805	2
1212	61	Response	1	1357057	11085	2
1212	62	Picture	30	1364043	0	1	4145	2	0	4000	other	0
1212	62	Pulse	5	1371777	7734	2
1212	63	Picture	30	1382114	0	1	4144	3	0	4000	other	0
1212	63	Pulse	5	1391777	9663	2
1212	64	Picture	30	1400185	0	1	4144	2	0	4000	other	0
1212	64	Pulse	5	1411766	11581	2
1212	65	Picture	31	1418255	0	2	4145	3	0	4000	hit	136
1212	65	Response	1	1424246	5991	2
1212	65	Pulse	5	1431766	13511	2
1212	66	Picture	30	1436326	0	1	4145	2	0	4000	other	0
1212	66	Pulse	5	1451766	15440	1
1212	67	Picture	30	1454397	0	1	4145	2	0	4000	other	0
1212	67	Pulse	5	1471755	17358	2
1212	68	Picture	30	1472468	0	1	4144	3	0	4000	other	0
1212	69	Picture	30	1490539	0	1	4144	2	0	4000	other	0
1212	69	Pulse	5	1491755	1216	2
1212	70	Pulse	5	1511754	3145	2
1212	70	Pulse	5	1531744	23135	2
1212	71	Picture	10	1533643	0	1	4145	2	0	4000	other	0
1212	72	Picture	10	1551714	0	1	4145	2	0	4000	other	0
1212	72	Pulse	5	1551744	30	1
1212	73	Picture	11	1569785	0	1	4145	2	0	4000	hit	152
1212	73	Pulse	5	1571744	1959	1
1212	73	Response	1	1573663	3878	2
1212	74	Picture	10	1587856	0	1	4144	3	0	4000	other	0
1212	74	Pulse	5	1591733	3877	2
1212	75	Picture	11	1605926	0	2	4145	3	0	4000	hit	156
1212	75	Response	1	1610453	4527	1
1212	75	Pulse	5	1611733	5807	1
1212	76	Picture	10	1623997	0	1	4145	2	0	4000	other	0
1212	76	Pulse	5	1631732	7735	2
1212	77	Picture	10	1642068	0	1	4145	2	0	4000	other	0
1212	77	Pulse	5	1651722	9654	2
1212	78	Picture	11	1660139	0	1	4145	2	0	4000	hit	163
1212	78	Response	1	1664042	3903	2
1212	78	Pulse	5	1671721	11582	2
1212	79	Picture	10	1678210	0	1	4144	3	0	4000	other	0
1212	79	Pulse	5	1691882	13672	1
1212	80	Picture	10	1696281	0	1	4144	2	0	4000	other	0
1212	80	Pulse	5	1711871	15590	2
1212	81	Picture	10	1714351	0	2	4145	3	0	4000	other	0
1212	81	Pulse	5	1731870	17519	3
1212	82	Picture	10	1732422	0	1	4145	2	0	4000	other	0
1212	83	Picture	10	1750493	0	1	4145	2	0	4000	other	0
1212	83	Pulse	5	1751870	1377	2
1212	84	Picture	11	1768564	0	1	4144	3	0	4000	hit	176
1212	84	Pulse	5	1771860	3296	1
1212	84	Response	1	1772500	3936	1
1212	85	Picture	10	1786635	0	1	4144	2	0	4000	other	0
1212	85	Pulse	5	1791859	5224	2
1212	86	Picture	10	1804705	0	2	4145	3	0	4000	other	0
1212	86	Pulse	5	1811859	7154	2
1212	87	Pulse	5	1831848	9072	2
1212	88	Picture	20	1847810	0	1	4145	2	0	4000	other	0
1212	88	Pulse	5	1851848	4038	2
1212	89	Picture	20	1865881	0	1	4144	3	0	4000	other	0
1212	89	Pulse	5	1871848	5967	1
1212	90	Picture	20	1883952	0	1	4144	2	0	4000	other	0
1212	90	Pulse	5	1891837	7885	2
1212	91	Picture	21	1902022	0	2	4145	3	0	4000	hit	189
1212	91	Response	1	1906717	4695	2
1212	91	Pulse	5	1911837	9815	2
1212	92	Picture	20	1920093	0	1	4145	2	0	4000	other	0
1212	92	Pulse	5	1931837	11744	1
1212	93	Picture	20	1938164	0	1	4145	2	0	4000	other	0
1212	93	Pulse	5	1951826	13662	2
1212	94	Picture	21	1956235	0	1	4145	2	0	4000	hit	196
1212	94	Response	1	1962386	6151	2
1212	94	Pulse	5	1971826	15591	2
1212	95	Picture	20	1974306	0	1	4137	22	0	4000	other	0
1212	95	Pulse	5	1991825	17519	2
1212	96	Picture	20	1992376	0	2	4145	3	0	4000	other	0
1212	97	Picture	20	2010447	0	1	4145	2	0	4000	other	0
1212	97	Pulse	5	2011815	1368	2
1212	98	Picture	21	2028518	0	1	4145	2	0	4000	hit	205
1212	98	Pulse	5	2031815	3297	1
1212	98	Response	1	2033415	4897	1
1212	99	Picture	20	2046589	0	1	4144	3	0	4000	other	0
1212	99	Pulse	5	2051814	5225	2
1212	100	Picture	20	2064660	0	1	4144	3	0	4000	other	0
1212	100	Pulse	5	2071804	7144	2
1212	101	Picture	21	2082730	0	2	4145	3	0	4000	hit	211
1212	101	Response	1	2087964	5234	1
1212	101	Pulse	5	2091803	9073	2
1212	102	Picture	20	2100801	0	1	4145	2	0	4000	other	0
1212	102	Pulse	5	2111803	11002	2
1212	103	Picture	20	2118872	0	1	4145	2	0	4000	other	0
1212	103	Pulse	5	2131793	12921	2
1212	104	Pulse	5	2151792	14849	2
1212	105	Picture	10	2161977	0	1	4144	3	0	4000	other	0
1212	105	Pulse	5	2171792	9815	2
1212	106	Picture	10	2180048	0	1	4144	2	0	4000	other	0
1212	106	Pulse	5	2191782	11734	2
1212	107	Picture	11	2198118	0	2	4145	3	0	4000	hit	223
1212	107	Response	1	2202501	4383	3
1212	107	Pulse	5	2211781	13663	3
1212	108	Picture	10	2216189	0	1	4145	2	0	4000	other	0
1212	108	Pulse	5	2231781	15592	2
1212	109	Picture	11	2234260	0	1	4145	2	0	4000	hit	228
1212	109	Response	1	2239932	5672	1
1212	109	Pulse	5	2251770	17510	2
1212	110	Picture	10	2252331	0	1	4145	2	0	4000	other	0
1212	111	Picture	10	2270402	0	1	4144	2	0	4000	other	0
1212	111	Pulse	5	2271770	1368	2
1212	112	Picture	11	2288472	0	2	4145	3	0	4000	hit	235
1212	112	Pulse	5	2291770	3298	2
1212	112	Response	1	2292890	4418	2
1212	113	Picture	10	2306543	0	1	4145	2	0	4000	other	0
1212	113	Pulse	5	2311759	5216	2
1212	114	Picture	10	2324614	0	1	4145	2	0	4000	other	0
1212	114	Pulse	5	2331759	7145	2
1212	115	Picture	10	2342685	0	1	4145	2	0	4000	other	0
1212	115	Pulse	5	2351759	9074	1
1212	116	Picture	10	2360756	0	1	4144	2	0	4000	other	0
1212	116	Pulse	5	2371748	10992	2
1212	117	Picture	10	2378826	0	2	4145	3	0	4000	other	0
1212	117	Pulse	5	2391748	12922	2
1212	118	Picture	11	2396897	0	1	4145	2	0	4000	hit	247
1212	118	Response	1	2401508	4611	1
1212	118	Pulse	5	2411747	14850	2
1212	119	Picture	10	2414968	0	1	4145	2	0	4000	other	0
1212	119	Pulse	5	2431737	16769	2
1212	120	Picture	10	2433039	0	1	4145	2	0	4000	other	0
1212	121	Pulse	5	2451737	627	2
1212	121	Pulse	5	2471736	20626	2
1212	122	Picture	30	2476143	0	2	4145	3	0	4000	other	0
1212	122	Pulse	5	2491726	15583	2
1212	123	Picture	30	2494214	0	2	4145	3	0	4000	other	0
1212	123	Pulse	5	2511726	17512	1
1212	124	Picture	30	2512285	0	1	4145	2	0	4000	other	0
1212	125	Picture	31	2530356	0	1	4145	2	0	4000	hit	261
1212	125	Pulse	5	2531725	1369	2
1212	125	Response	1	2535245	4889	2
1212	126	Picture	31	2548427	0	1	4145	2	0	4000	hit	264
1212	126	Pulse	5	2551715	3288	2
1212	126	Response	1	2554755	6328	2
1212	127	Picture	30	2566498	0	1	4144	3	0	4000	other	0
1212	127	Pulse	5	2571715	5217	1
1212	128	Picture	30	2584568	0	2	4145	3	0	4000	other	0
1212	128	Pulse	5	2591714	7146	2
1212	129	Picture	30	2602639	0	1	4145	2	0	4000	other	0
1212	129	Pulse	5	2611704	9065	2
1212	130	Picture	31	2620710	0	1	4145	2	0	4000	hit	272
1212	130	Response	1	2628023	7313	2
1212	130	Pulse	5	2631703	10993	2
1212	131	Picture	30	2638781	0	1	4144	3	0	4000	other	0
1212	131	Pulse	5	2651703	12922	2
1212	132	Picture	30	2656852	0	1	4144	3	0	4000	other	0
1212	132	Pulse	5	2671693	14841	2
1212	133	Picture	30	2674922	0	2	4145	3	0	4000	other	0
1212	133	Pulse	5	2691692	16770	3
1212	134	Picture	30	2692993	0	2	4145	3	0	4000	other	0
1212	135	Picture	31	2711064	0	1	4145	2	0	4000	hit	283
1212	135	Pulse	5	2711692	628	2
1212	135	Response	1	2715372	4308	2
1212	136	Picture	30	2729135	0	1	4145	2	0	4000	other	0
1212	136	Pulse	5	2731841	2706	2
1212	137	Picture	30	2747206	0	1	4144	3	0	4000	other	0
1212	137	Pulse	5	2751841	4635	2
