Scenario - 1-back
Logfile written - 04/02/2015 13:17:03

Subject	Trial	Event Type	Code	Time	TTime	Uncertainty	Duration	Uncertainty	ReqTime	ReqDur	Stim Type	Pair Index

1217	1	Pulse	5	229329	239163	2
1217	2	Pulse	5	249328	19934	2
1217	3	Picture	10	254428	0	1	4144	2	0	4000	other	0
1217	3	Pulse	5	269318	14890	1
1217	4	Picture	10	272498	0	1	4145	2	0	4000	other	0
1217	4	Pulse	5	289317	16819	2
1217	5	Picture	11	290569	0	1	4145	2	0	4000	hit	8
1217	5	Response	1	294597	4028	2
1217	6	Picture	10	308640	0	1	4144	2	0	4000	other	0
1217	6	Pulse	5	309317	677	1
1217	7	Picture	11	326710	0	1	4145	2	0	4000	hit	13
1217	7	Pulse	5	329307	2597	1
1217	7	Response	1	331386	4676	2
1217	8	Picture	10	344781	0	1	4144	3	0	4000	other	0
1217	8	Pulse	5	349305	4524	3
1217	9	Picture	10	362851	0	2	4145	3	0	4000	other	0
1217	9	Pulse	5	369305	6454	2
1217	10	Picture	10	380922	0	1	4145	2	0	4000	other	0
1217	10	Pulse	5	389294	8372	2
1217	11	Picture	11	398993	0	1	4144	3	0	4000	hit	21
1217	11	Response	1	402414	3421	2
1217	11	Pulse	5	409294	10301	1
1217	12	Picture	10	417063	0	2	4145	3	0	4000	other	0
1217	12	Pulse	5	429293	12230	2
1217	13	Picture	10	435134	0	1	4145	2	0	4000	other	0
1217	13	Pulse	5	449283	14149	1
1217	14	Picture	11	453205	0	1	4144	3	0	4000	hit	28
1217	14	Response	1	457602	4397	2
1217	14	Pulse	5	469282	16077	2
1217	15	Picture	10	471275	0	2	4145	3	0	4000	other	0
1217	15	Pulse	5	489275	18000	14
1217	16	Picture	10	489346	0	1	4144	3	0	4000	other	0
1217	17	Picture	10	507417	0	1	4144	3	0	4000	other	0
1217	17	Pulse	5	509271	1854	2
1217	18	Picture	10	525487	0	2	4145	3	0	4000	other	0
1217	18	Pulse	5	529270	3783	2
1217	19	Pulse	5	549270	5712	1
1217	20	Picture	20	568592	0	1	4144	3	0	4000	other	0
1217	20	Pulse	5	569259	667	2
1217	21	Picture	20	586662	0	2	4145	3	0	4000	other	0
1217	21	Pulse	5	589259	2597	1
1217	22	Picture	21	604733	0	1	4145	2	0	4000	hit	43
1217	22	Response	1	608458	3725	2
1217	22	Pulse	5	609258	4525	2
1217	23	Picture	20	622804	0	1	4144	2	0	4000	other	0
1217	23	Pulse	5	629247	6443	2
1217	24	Picture	20	640874	0	1	4145	2	0	4000	other	0
1217	24	Pulse	5	649247	8373	2
1217	25	Picture	20	658945	0	1	4145	2	0	4000	other	0
1217	25	Pulse	5	669246	10301	2
1217	26	Picture	21	677016	0	1	4144	2	0	4000	hit	52
1217	26	Response	1	680607	3591	1
1217	26	Pulse	5	689236	12220	2
1217	27	Picture	20	695086	0	1	4145	2	0	4000	other	0
1217	27	Pulse	5	709235	14149	2
1217	28	Picture	20	713157	0	1	4144	3	0	4000	other	0
1217	28	Pulse	5	729235	16078	1
1217	29	Picture	20	731228	0	1	4144	2	0	4000	other	0
1217	29	Pulse	5	749224	17996	2
1217	30	Picture	20	749298	0	1	4145	2	0	4000	other	0
1217	31	Picture	20	767369	0	1	4145	2	0	4000	other	0
1217	31	Pulse	5	769223	1854	2
1217	32	Picture	21	785439	0	2	4145	3	0	4000	hit	65
1217	32	Pulse	5	789223	3784	2
1217	32	Response	1	790823	5384	2
1217	33	Picture	20	803510	0	1	4145	2	0	4000	other	0
1217	33	Pulse	5	809212	5702	2
1217	34	Picture	20	821581	0	1	4144	3	0	4000	other	0
1217	34	Pulse	5	829212	7631	2
1217	35	Picture	21	839652	0	1	4144	2	0	4000	hit	71
1217	35	Response	1	843611	3959	2
1217	35	Pulse	5	849211	9559	2
1217	36	Pulse	5	869201	11479	2
1217	37	Picture	10	882756	0	1	4145	2	0	4000	other	0
1217	37	Pulse	5	889200	6444	2
1217	38	Picture	10	900827	0	1	4144	2	0	4000	other	0
1217	38	Pulse	5	909200	8373	1
1217	39	Picture	11	918897	0	1	4145	2	0	4000	hit	79
1217	39	Response	1	927909	9012	2
1217	39	Pulse	5	929189	10292	2
1217	40	Picture	10	936968	0	1	4144	3	0	4000	other	0
1217	40	Pulse	5	949188	12220	2
1217	41	Picture	11	955038	0	2	4145	3	0	4000	hit	84
1217	41	Response	1	959428	4390	2
1217	41	Pulse	5	969188	14150	2
1217	42	Picture	10	973109	0	1	4145	2	0	4000	other	0
1217	42	Pulse	5	989177	16068	2
1217	43	Picture	10	991180	0	1	4144	3	0	4000	other	0
1217	43	Pulse	5	1009177	17997	2
1217	44	Picture	10	1009250	0	2	4145	3	0	4000	other	0
1217	45	Picture	11	1027321	0	1	4145	2	0	4000	hit	93
1217	45	Pulse	5	1029177	1856	1
1217	45	Response	1	1030777	3456	1
1217	46	Picture	10	1045392	0	1	4144	3	0	4000	other	0
1217	46	Pulse	5	1049166	3774	1
1217	47	Picture	10	1063462	0	2	4145	3	0	4000	other	0
1217	47	Pulse	5	1069165	5703	2
1217	48	Picture	11	1081533	0	1	4145	2	0	4000	hit	99
1217	48	Response	1	1085965	4432	1
1217	48	Pulse	5	1089164	7631	3
1217	49	Picture	10	1099604	0	1	4144	2	0	4000	other	0
1217	49	Pulse	5	1109314	9710	2
1217	50	Picture	10	1117674	0	2	4145	3	0	4000	other	0
1217	50	Pulse	5	1129313	11639	2
1217	51	Picture	10	1135745	0	1	4145	2	0	4000	other	0
1217	51	Pulse	5	1149313	13568	2
1217	52	Picture	10	1153816	0	1	4144	2	0	4000	other	0
1217	52	Pulse	5	1169302	15486	2
1217	53	Pulse	5	1189302	17416	1
1217	54	Picture	30	1196920	0	1	4145	2	0	4000	other	0
1217	54	Pulse	5	1209301	12381	2
1217	55	Picture	30	1214990	0	2	4145	3	0	4000	other	0
1217	55	Pulse	5	1229291	14301	1
1217	56	Picture	31	1233061	0	1	4145	2	0	4000	hit	115
1217	56	Response	1	1237130	4069	2
1217	56	Pulse	5	1249290	16229	2
1217	57	Picture	30	1251132	0	1	4144	3	0	4000	other	0
1217	58	Picture	30	1269203	0	1	4144	2	0	4000	other	0
1217	58	Pulse	5	1269289	86	2
1217	59	Picture	30	1287273	0	1	4145	2	0	4000	other	0
1217	59	Pulse	5	1289279	2006	2
1217	60	Picture	31	1305344	0	1	4144	3	0	4000	hit	124
1217	60	Pulse	5	1309278	3934	2
1217	60	Response	1	1311198	5854	2
1217	61	Picture	31	1323415	0	1	4144	2	0	4000	miss	0
1217	61	Pulse	5	1329278	5863	2
1217	62	Picture	30	1341485	0	1	4145	2	0	4000	other	0
1217	62	Pulse	5	1349267	7782	2
1217	63	Picture	30	1359556	0	1	4144	3	0	4000	other	0
1217	63	Pulse	5	1369267	9711	1
1217	64	Picture	30	1377626	0	2	4145	3	0	4000	other	0
1217	64	Pulse	5	1389266	11640	2
1217	65	Picture	31	1395697	0	1	4145	2	0	4000	hit	134
1217	65	Response	1	1399186	3489	2
1217	65	Pulse	5	1409255	13558	3
1217	66	Picture	30	1413768	0	1	4144	3	0	4000	other	0
1217	66	Pulse	5	1429255	15487	2
1217	67	Picture	30	1431838	0	2	4145	3	0	4000	other	0
1217	67	Pulse	5	1449254	17416	2
1217	68	Picture	30	1449909	0	1	4145	2	0	4000	other	0
1217	69	Picture	30	1467980	0	1	4144	3	0	4000	other	0
1217	69	Pulse	5	1469244	1264	2
1217	70	Pulse	5	1489243	3193	2
1217	70	Pulse	5	1509243	23193	1
1217	71	Picture	10	1511084	0	1	4145	2	0	4000	other	0
1217	72	Picture	10	1529155	0	1	4144	3	0	4000	other	0
1217	72	Pulse	5	1529232	77	2
1217	73	Picture	11	1547225	0	2	4145	3	0	4000	hit	150
1217	73	Pulse	5	1549231	2006	2
1217	73	Response	1	1550671	3446	2
1217	74	Picture	10	1565296	0	1	4145	2	0	4000	other	0
1217	74	Pulse	5	1569231	3935	2
1217	75	Picture	11	1583367	0	1	4144	3	0	4000	hit	154
1217	75	Response	1	1588260	4893	2
1217	75	Pulse	5	1589220	5853	2
1217	76	Picture	10	1601437	0	2	4145	3	0	4000	other	0
1217	76	Pulse	5	1609220	7783	2
1217	77	Picture	10	1619508	0	1	4145	2	0	4000	other	0
1217	77	Pulse	5	1629219	9711	2
1217	78	Picture	11	1637579	0	1	4144	2	0	4000	hit	161
1217	78	Response	1	1641860	4281	1
1217	78	Pulse	5	1649209	11630	2
1217	79	Picture	10	1655649	0	2	4145	3	0	4000	other	0
1217	79	Pulse	5	1669208	13559	2
1217	80	Picture	10	1673720	0	1	4145	2	0	4000	other	0
1217	80	Pulse	5	1689208	15488	1
1217	81	Picture	10	1691791	0	1	4144	3	0	4000	other	0
1217	81	Pulse	5	1709197	17406	2
1217	82	Picture	10	1709861	0	2	4145	3	0	4000	other	0
1217	83	Picture	10	1727932	0	1	4144	3	0	4000	other	0
1217	83	Pulse	5	1729196	1264	3
1217	84	Picture	11	1746002	0	2	4145	3	0	4000	hit	174
1217	84	Pulse	5	1749196	3194	2
1217	84	Response	1	1750156	4154	2
1217	85	Picture	10	1764073	0	1	4145	2	0	4000	other	0
1217	85	Pulse	5	1769185	5112	2
1217	86	Picture	10	1782144	0	1	4144	3	0	4000	other	0
1217	86	Pulse	5	1789185	7041	2
1217	87	Pulse	5	1809184	8969	2
1217	88	Picture	20	1825248	0	1	4145	2	0	4000	other	0
1217	88	Pulse	5	1829174	3926	1
1217	89	Picture	20	1843319	0	1	4145	2	0	4000	other	0
1217	89	Pulse	5	1849173	5854	2
1217	90	Picture	20	1861390	0	1	4144	2	0	4000	other	0
1217	90	Pulse	5	1869172	7782	2
1217	91	Picture	21	1879460	0	1	4145	2	0	4000	hit	187
1217	91	Response	1	1883082	3622	2
1217	91	Pulse	5	1889162	9702	2
1217	92	Picture	20	1897531	0	2	4145	3	0	4000	other	0
1217	92	Pulse	5	1909161	11630	2
1217	93	Picture	20	1915602	0	1	4144	2	0	4000	other	0
1217	93	Pulse	5	1929161	13559	2
1217	94	Picture	21	1933672	0	1	4145	2	0	4000	hit	194
1217	94	Response	1	1939240	5568	2
1217	94	Pulse	5	1949150	15478	2
1217	95	Picture	20	1951743	0	1	4144	3	0	4000	other	0
1217	95	Pulse	5	1969150	17407	2
1217	96	Picture	20	1969813	0	2	4145	3	0	4000	other	0
1217	97	Picture	20	1987884	0	1	4145	2	0	4000	other	0
1217	97	Pulse	5	1989149	1265	2
1217	98	Picture	21	2005955	0	1	4144	3	0	4000	hit	203
1217	98	Pulse	5	2009139	3184	1
1217	98	Response	1	2009779	3824	1
1217	99	Picture	20	2024025	0	2	4145	3	0	4000	other	0
1217	99	Pulse	5	2029138	5113	2
1217	100	Picture	20	2042096	0	1	4145	2	0	4000	other	0
1217	100	Pulse	5	2049137	7041	2
1217	101	Picture	21	2060166	0	2	4145	4	0	4000	hit	209
1217	101	Response	1	2064007	3841	2
1217	101	Pulse	5	2069127	8961	2
1217	102	Picture	20	2078237	0	2	4145	3	0	4000	other	0
1217	102	Pulse	5	2089126	10889	2
1217	103	Picture	20	2096308	0	1	4145	2	0	4000	other	0
1217	103	Pulse	5	2109126	12818	2
1217	104	Pulse	5	2129115	14736	2
1217	105	Picture	10	2139412	0	2	4145	3	0	4000	other	0
1217	105	Pulse	5	2149275	9863	1
1217	106	Picture	10	2157483	0	1	4145	2	0	4000	other	0
1217	106	Pulse	5	2169274	11791	2
1217	107	Picture	11	2175554	0	1	4144	3	0	4000	hit	221
1217	107	Response	1	2178874	3320	2
1217	107	Pulse	5	2189263	13709	2
1217	108	Picture	10	2193624	0	1	4145	2	0	4000	other	0
1217	108	Pulse	5	2209263	15639	2
1217	109	Picture	11	2211695	0	1	4145	2	0	4000	hit	226
1217	109	Response	1	2215983	4288	2
1217	109	Pulse	5	2229262	17567	2
1217	110	Picture	10	2229766	0	1	4144	3	0	4000	other	0
1217	111	Picture	10	2247836	0	2	4145	3	0	4000	other	0
1217	111	Pulse	5	2249252	1416	2
1217	112	Picture	11	2265907	0	1	4144	3	0	4000	hit	233
1217	112	Pulse	5	2269251	3344	2
1217	112	Response	1	2270371	4464	2
1217	113	Picture	10	2283978	0	1	4144	2	0	4000	other	0
1217	113	Pulse	5	2289251	5273	1
1217	114	Picture	10	2302048	0	1	4145	2	0	4000	other	0
1217	114	Pulse	5	2309240	7192	2
1217	115	Picture	10	2320119	0	1	4144	3	0	4000	other	0
1217	115	Pulse	5	2329239	9120	2
1217	116	Picture	10	2338190	0	1	4144	2	0	4000	other	0
1217	116	Pulse	5	2349239	11049	2
1217	117	Picture	10	2356260	0	1	4145	2	0	4000	other	0
1217	117	Pulse	5	2369228	12968	2
1217	118	Picture	11	2374331	0	1	4145	2	0	4000	hit	245
1217	118	Response	1	2377868	3537	2
1217	118	Pulse	5	2389228	14897	3
1217	119	Picture	10	2392402	0	1	4144	2	0	4000	other	0
1217	119	Pulse	5	2409227	16825	3
1217	120	Picture	10	2410472	0	1	4145	2	0	4000	other	0
1217	121	Pulse	5	2429217	674	2
1217	121	Pulse	5	2449216	20673	3
1217	122	Picture	30	2453576	0	2	4145	3	0	4000	other	0
1217	122	Pulse	5	2469216	15640	1
1217	123	Picture	30	2471647	0	1	4145	2	0	4000	other	0
1217	123	Pulse	5	2489205	17558	2
1217	124	Picture	30	2489718	0	1	4144	3	0	4000	other	0
1217	125	Picture	31	2507788	0	2	4145	3	0	4000	hit	259
1217	125	Pulse	5	2509204	1416	2
1217	125	Response	1	2511444	3656	2
1217	126	Picture	31	2525859	0	1	4145	3	0	4000	miss	0
1217	126	Pulse	5	2529204	3345	2
1217	127	Picture	30	2543930	0	1	4144	3	0	4000	other	0
1217	127	Pulse	5	2549192	5262	4
1217	128	Picture	30	2562000	0	2	4145	4	0	4000	other	0
1217	128	Pulse	5	2569193	7193	3
1217	129	Picture	30	2580071	0	1	4145	2	0	4000	other	0
1217	129	Pulse	5	2589192	9121	2
1217	130	Picture	31	2598142	0	1	4144	3	0	4000	hit	269
1217	130	Response	1	2601512	3370	2
1217	130	Pulse	5	2609182	11040	1
1217	131	Picture	30	2616212	0	2	4145	3	0	4000	other	0
1217	131	Pulse	5	2629182	12970	1
1217	132	Picture	30	2634283	0	1	4145	2	0	4000	other	0
1217	132	Pulse	5	2649181	14898	1
1217	133	Picture	30	2652354	0	1	4144	3	0	4000	false_alarm	276
1217	133	Response	1	2657500	5146	2
1217	133	Pulse	5	2669170	16816	2
1217	134	Picture	30	2670424	0	2	4145	3	0	4000	other	0
1217	135	Picture	31	2688495	0	1	4145	2	0	4000	hit	281
1217	135	Pulse	5	2689169	674	2
1217	135	Response	1	2695409	6914	2
1217	136	Picture	30	2706566	0	1	4144	2	0	4000	other	0
1217	136	Pulse	5	2709169	2603	2
1217	137	Picture	30	2724636	0	1	4145	2	0	4000	other	0
1217	137	Pulse	5	2729158	4522	2
