Scenario - 1-back
Logfile written - 04/02/2015 13:07:42

Subject	Trial	Event Type	Code	Time	TTime	Uncertainty	Duration	Uncertainty	ReqTime	ReqDur	Stim Type	Pair Index

1217	1	Response	1	150454	160288	1
1217	1	Pulse	5	321309	331143	2
1217	2	Pulse	5	341298	19894	2
1217	3	Picture	10	346438	0	1	4145	2	0	4000	other	0
1217	3	Pulse	5	361298	14860	1
1217	4	Picture	10	364509	0	1	4144	2	0	4000	other	0
1217	4	Pulse	5	381297	16788	2
1217	5	Picture	11	382579	0	1	4145	2	0	4000	hit	9
1217	5	Response	1	386097	3518	2
1217	6	Picture	10	400650	0	1	4145	2	0	4000	other	0
1217	6	Pulse	5	401287	637	2
1217	7	Picture	11	418721	0	1	4144	2	0	4000	hit	14
1217	7	Pulse	5	421286	2565	2
1217	7	Response	1	422886	4165	2
1217	8	Picture	10	436791	0	1	4145	2	0	4000	other	0
1217	8	Pulse	5	441285	4494	2
1217	9	Picture	10	454862	0	1	4144	3	0	4000	other	0
1217	9	Pulse	5	461275	6413	2
1217	10	Picture	10	472932	0	2	4145	3	0	4000	other	0
1217	10	Pulse	5	481274	8342	2
1217	11	Picture	11	491003	0	1	4145	2	0	4000	hit	22
1217	11	Response	1	494874	3871	2
1217	11	Pulse	5	501274	10271	1
1217	12	Picture	10	509074	0	1	4144	2	0	4000	other	0
1217	12	Pulse	5	521263	12189	2
1217	13	Picture	10	527144	0	2	4145	3	0	4000	other	0
1217	13	Pulse	5	541263	14119	1
1217	14	Picture	11	545215	0	1	4144	3	0	4000	hit	29
1217	14	Response	1	548782	3567	2
1217	14	Pulse	5	561262	16047	2
1217	15	Picture	10	563286	0	1	4144	2	0	4000	other	0
1217	15	Pulse	5	581251	17965	2
1217	16	Picture	10	581356	0	1	4145	2	0	4000	other	0
1217	17	Picture	10	599427	0	1	4144	3	0	4000	other	0
1217	17	Pulse	5	601251	1824	2
1217	18	Picture	10	617497	0	2	4145	3	0	4000	other	0
1217	18	Pulse	5	621250	3753	3
1217	19	Pulse	5	641240	5672	2
1217	20	Picture	20	660602	0	1	4144	3	0	4000	other	0
1217	20	Pulse	5	661239	637	3
1217	21	Picture	20	678672	0	2	4145	3	0	4000	other	0
1217	21	Pulse	5	681239	2567	1
1217	22	Picture	21	696743	0	1	4145	2	0	4000	hit	44
1217	22	Response	1	700748	4005	2
1217	22	Pulse	5	701228	4485	2
1217	23	Picture	20	714814	0	1	4144	2	0	4000	other	0
1217	23	Pulse	5	721227	6413	3
1217	24	Picture	20	732884	0	1	4145	2	0	4000	other	0
1217	24	Pulse	5	741227	8343	2
1217	25	Picture	20	750955	0	1	4145	2	0	4000	other	0
1217	25	Pulse	5	761216	10261	2
1217	26	Picture	21	769025	0	2	4145	3	0	4000	hit	53
1217	26	Response	1	772736	3711	2
1217	26	Pulse	5	781216	12191	2
1217	27	Picture	20	787096	0	1	4145	2	0	4000	other	0
1217	27	Pulse	5	801215	14119	2
1217	28	Picture	20	805167	0	1	4144	3	0	4000	other	0
1217	28	Pulse	5	821205	16038	1
1217	29	Picture	20	823237	0	2	4145	3	0	4000	other	0
1217	29	Pulse	5	841204	17967	2
1217	30	Picture	20	841308	0	1	4145	2	0	4000	other	0
1217	31	Picture	20	859379	0	1	4144	2	0	4000	other	0
1217	31	Pulse	5	861204	1825	2
1217	32	Picture	21	877449	0	2	4145	3	0	4000	hit	66
1217	32	Pulse	5	881193	3744	2
1217	32	Response	1	881513	4064	2
1217	33	Picture	20	895520	0	1	4145	2	0	4000	other	0
1217	33	Pulse	5	901192	5672	2
1217	34	Picture	20	913591	0	1	4144	2	0	4000	other	0
1217	34	Pulse	5	921192	7601	2
1217	35	Picture	21	931661	0	2	4145	3	0	4000	hit	72
1217	35	Response	1	936061	4400	3
1217	35	Pulse	5	941181	9520	2
1217	36	Pulse	5	961181	11449	2
1217	37	Picture	10	974765	0	2	4145	3	0	4000	other	0
1217	37	Pulse	5	981180	6415	2
1217	38	Picture	10	992836	0	1	4145	2	0	4000	other	0
1217	38	Pulse	5	1001170	8334	1
1217	39	Picture	11	1010907	0	1	4144	3	0	4000	hit	80
1217	39	Response	1	1014609	3702	2
1217	39	Pulse	5	1021169	10262	2
1217	40	Picture	10	1028977	0	2	4145	3	0	4000	other	0
1217	40	Pulse	5	1041168	12191	2
1217	41	Picture	11	1047048	0	1	4145	2	0	4000	hit	85
1217	41	Response	1	1051238	4190	2
1217	41	Pulse	5	1061158	14110	2
1217	42	Picture	10	1065119	0	1	4144	3	0	4000	other	0
1217	42	Pulse	5	1081157	16038	2
1217	43	Picture	10	1083189	0	2	4145	3	0	4000	other	0
1217	43	Pulse	5	1101157	17968	2
1217	44	Picture	10	1101260	0	1	4145	2	0	4000	other	0
1217	45	Picture	11	1119331	0	1	4144	2	0	4000	hit	94
1217	45	Pulse	5	1121146	1815	2
1217	45	Response	1	1123066	3735	2
1217	46	Picture	10	1137401	0	1	4145	2	0	4000	other	0
1217	46	Pulse	5	1141146	3745	1
1217	47	Picture	10	1155472	0	1	4144	3	0	4000	other	0
1217	47	Pulse	5	1161145	5673	2
1217	48	Picture	11	1173542	0	2	4145	3	0	4000	hit	100
1217	48	Response	1	1176975	3433	1
1217	48	Pulse	5	1181294	7752	2
1217	49	Picture	10	1191613	0	1	4145	2	0	4000	other	0
1217	49	Pulse	5	1201294	9681	2
1217	50	Picture	10	1209684	0	1	4144	3	0	4000	other	0
1217	50	Pulse	5	1221293	11609	2
1217	51	Picture	10	1227754	0	2	4145	3	0	4000	other	0
1217	51	Pulse	5	1241283	13529	2
1217	52	Picture	10	1245825	0	1	4145	2	0	4000	other	0
1217	52	Pulse	5	1261282	15457	3
1217	53	Pulse	5	1281281	17385	3
1217	54	Picture	30	1288929	0	2	4145	3	0	4000	other	0
1217	54	Pulse	5	1301271	12342	2
1217	55	Picture	30	1307000	0	1	4145	2	0	4000	other	0
1217	55	Pulse	5	1321271	14271	1
1217	56	Picture	31	1325071	0	1	4144	2	0	4000	hit	116
1217	56	Response	1	1331350	6279	2
1217	56	Pulse	5	1341270	16199	2
1217	57	Picture	30	1343141	0	1	4145	2	0	4000	other	0
1217	58	Picture	30	1361212	0	1	4144	3	0	4000	other	0
1217	58	Pulse	5	1361259	47	2
1217	59	Picture	30	1379282	0	2	4145	3	0	4000	other	0
1217	59	Pulse	5	1381259	1977	2
1217	60	Picture	31	1397353	0	1	4145	2	0	4000	hit	125
1217	60	Pulse	5	1401258	3905	2
1217	60	Response	1	1406368	9015	2
1217	61	Picture	31	1415424	0	1	4144	3	0	4000	miss	0
1217	61	Pulse	5	1421248	5824	2
1217	62	Picture	30	1433494	0	2	4145	3	0	4000	other	0
1217	62	Pulse	5	1441247	7753	2
1217	63	Picture	30	1451565	0	1	4145	2	0	4000	other	0
1217	63	Pulse	5	1461247	9682	1
1217	64	Picture	30	1469636	0	1	4144	2	0	4000	other	0
1217	64	Pulse	5	1481236	11600	2
1217	65	Picture	31	1487706	0	2	4145	3	0	4000	hit	135
1217	65	Response	1	1492116	4410	2
1217	65	Pulse	5	1501235	13529	2
1217	66	Picture	30	1505777	0	1	4145	2	0	4000	other	0
1217	66	Pulse	5	1521235	15458	2
1217	67	Picture	30	1523848	0	1	4144	3	0	4000	other	0
1217	67	Pulse	5	1541224	17376	2
1217	68	Picture	30	1541918	0	1	4145	2	0	4000	other	0
1217	69	Picture	30	1559989	0	1	4144	3	0	4000	other	0
1217	69	Pulse	5	1561224	1235	2
1217	70	Pulse	5	1581223	3163	2
1217	70	Pulse	5	1601213	23153	1
1217	71	Picture	10	1603092	0	2	4146	3	0	4000	other	0
1217	72	Picture	10	1621164	0	1	4145	2	0	4000	other	0
1217	72	Pulse	5	1621212	48	2
1217	73	Picture	11	1639235	0	1	4144	2	0	4000	hit	151
1217	73	Pulse	5	1641212	1977	1
1217	73	Response	1	1643451	4216	2
1217	74	Picture	10	1657305	0	1	4145	2	0	4000	other	0
1217	74	Pulse	5	1661201	3896	2
1217	75	Picture	11	1675376	0	1	4144	3	0	4000	hit	155
1217	75	Response	1	1680240	4864	2
1217	75	Pulse	5	1681200	5824	2
1217	76	Picture	10	1693446	0	2	4145	3	0	4000	other	0
1217	76	Pulse	5	1701200	7754	2
1217	77	Picture	10	1711517	0	1	4145	2	0	4000	other	0
1217	77	Pulse	5	1721189	9672	2
1217	78	Picture	11	1729588	0	1	4144	2	0	4000	hit	162
1217	78	Response	1	1733349	3761	2
1217	78	Pulse	5	1741189	11601	1
1217	79	Picture	10	1747658	0	2	4145	3	0	4000	other	0
1217	79	Pulse	5	1761178	13520	2
1217	80	Picture	10	1765729	0	1	4145	2	0	4000	other	0
1217	80	Pulse	5	1781178	15449	1
1217	81	Picture	10	1783800	0	1	4144	3	0	4000	other	0
1217	81	Pulse	5	1801177	17377	2
1217	82	Picture	10	1801870	0	1	4145	2	0	4000	other	0
1217	83	Picture	10	1819941	0	1	4145	2	0	4000	other	0
1217	83	Pulse	5	1821176	1235	3
1217	84	Picture	11	1838012	0	1	4144	2	0	4000	hit	175
1217	84	Pulse	5	1841166	3154	2
1217	84	Response	1	1841806	3794	2
1217	85	Picture	10	1856082	0	1	4145	2	0	4000	other	0
1217	85	Pulse	5	1861165	5083	2
1217	86	Picture	10	1874153	0	1	4144	3	0	4000	other	0
1217	86	Pulse	5	1881165	7012	2
1217	87	Pulse	5	1901154	8931	2
1217	88	Picture	20	1917257	0	1	4145	2	0	4000	other	0
1217	88	Pulse	5	1921154	3897	1
1217	89	Picture	20	1935328	0	1	4144	3	0	4000	other	0
1217	89	Pulse	5	1941154	5826	1
1217	90	Picture	20	1953398	0	2	4145	3	0	4000	other	0
1217	90	Pulse	5	1961142	7744	2
1217	91	Picture	21	1971469	0	1	4145	2	0	4000	hit	188
1217	91	Response	1	1975542	4073	2
1217	91	Pulse	5	1981142	9673	2
1217	92	Picture	20	1989540	0	1	4144	3	0	4000	other	0
1217	92	Pulse	5	2001141	11601	2
1217	93	Picture	20	2007610	0	1	4145	2	0	4000	other	0
1217	93	Pulse	5	2021131	13521	2
1217	94	Picture	21	2025681	0	1	4145	2	0	4000	hit	195
1217	94	Response	1	2029771	4090	1
1217	94	Pulse	5	2041131	15450	1
1217	95	Picture	20	2043752	0	1	4144	2	0	4000	other	0
1217	95	Pulse	5	2061130	17378	2
1217	96	Picture	20	2061822	0	1	4145	2	0	4000	other	0
1217	97	Picture	20	2079893	0	1	4145	2	0	4000	other	0
1217	97	Pulse	5	2081119	1226	2
1217	98	Picture	21	2097963	0	2	4145	3	0	4000	hit	204
1217	98	Pulse	5	2101119	3156	1
1217	98	Response	1	2101759	3796	1
1217	99	Picture	20	2116034	0	1	4145	2	0	4000	other	0
1217	99	Pulse	5	2121118	5084	2
1217	100	Picture	20	2134105	0	1	4145	2	0	4000	other	0
1217	100	Pulse	5	2141107	7002	2
1217	101	Picture	21	2152175	0	2	4145	3	0	4000	hit	210
1217	101	Response	1	2155667	3492	2
1217	101	Pulse	5	2161107	8932	2
1217	102	Picture	20	2170246	0	1	4145	2	0	4000	other	0
1217	102	Pulse	5	2181106	10860	2
1217	103	Picture	20	2188317	0	1	4144	3	0	4000	other	0
1217	103	Pulse	5	2201096	12779	2
1217	104	Pulse	5	2221256	14869	1
1217	105	Picture	10	2231421	0	1	4145	2	0	4000	other	0
1217	105	Pulse	5	2241255	9834	1
1217	106	Picture	10	2249492	0	1	4144	2	0	4000	other	0
1217	106	Pulse	5	2261244	11752	2
1217	107	Picture	11	2267562	0	2	4145	3	0	4000	hit	222
1217	107	Response	1	2271164	3602	2
1217	107	Pulse	5	2281243	13681	2
1217	108	Picture	10	2285633	0	1	4145	2	0	4000	other	0
1217	108	Pulse	5	2301243	15610	2
1217	109	Picture	11	2303704	0	1	4144	2	0	4000	hit	227
1217	109	Response	1	2308113	4409	2
1217	109	Pulse	5	2321232	17528	2
1217	110	Picture	10	2321774	0	2	4145	3	0	4000	other	0
1217	111	Picture	10	2339845	0	1	4145	2	0	4000	other	0
1217	111	Pulse	5	2341232	1387	2
1217	112	Picture	11	2357916	0	1	4144	2	0	4000	hit	234
1217	112	Pulse	5	2361231	3315	2
1217	112	Response	1	2361871	3955	2
1217	113	Picture	10	2375986	0	1	4145	2	0	4000	other	0
1217	113	Pulse	5	2381221	5235	1
1217	114	Picture	10	2394057	0	1	4144	3	0	4000	other	0
1217	114	Pulse	5	2401220	7163	2
1217	115	Picture	10	2412128	0	1	4144	2	0	4000	other	0
1217	115	Pulse	5	2421220	9092	1
1217	116	Picture	10	2430198	0	1	4145	2	0	4000	other	0
1217	116	Pulse	5	2441209	11011	2
1217	117	Picture	10	2448269	0	1	4144	3	0	4000	other	0
1217	117	Pulse	5	2461208	12939	2
1217	118	Picture	11	2466339	0	2	4145	3	0	4000	hit	246
1217	118	Response	1	2470168	3829	2
1217	118	Pulse	5	2481208	14869	2
1217	119	Picture	10	2484410	0	1	4145	2	0	4000	other	0
1217	119	Pulse	5	2501197	16787	2
1217	120	Picture	10	2502481	0	1	4144	3	0	4000	other	0
1217	121	Pulse	5	2521197	646	2
1217	121	Pulse	5	2541196	20645	2
1217	122	Picture	30	2545585	0	1	4145	2	0	4000	other	0
1217	122	Pulse	5	2561186	15601	1
1217	123	Picture	30	2563656	0	1	4144	2	0	4000	other	0
1217	123	Pulse	5	2581185	17529	2
1217	124	Picture	30	2581726	0	2	4145	3	0	4000	other	0
1217	125	Picture	31	2599797	0	1	4145	2	0	4000	hit	260
1217	125	Pulse	5	2601184	1387	2
1217	125	Response	1	2603744	3947	2
1217	126	Picture	31	2617868	0	1	4144	3	0	4000	miss	0
1217	126	Pulse	5	2621175	3307	1
1217	127	Picture	30	2635938	0	1	4145	2	0	4000	other	0
1217	127	Pulse	5	2641173	5235	2
1217	128	Picture	30	2654009	0	1	4144	3	0	4000	other	0
1217	128	Pulse	5	2661173	7164	2
1217	129	Picture	30	2672080	0	1	4144	2	0	4000	other	0
1217	129	Pulse	5	2681162	9082	2
1217	130	Picture	31	2690150	0	1	4145	2	0	4000	hit	270
1217	130	Response	1	2694122	3972	2
1217	130	Pulse	5	2701162	11012	1
1217	131	Picture	30	2708221	0	1	4144	3	0	4000	other	0
1217	131	Pulse	5	2721161	12940	2
1217	132	Picture	30	2726292	0	1	4144	2	0	4000	other	0
1217	132	Pulse	5	2741151	14859	1
1217	133	Picture	30	2744362	0	1	4145	2	0	4000	other	0
1217	133	Pulse	5	2761150	16788	2
1217	134	Picture	30	2762433	0	1	4144	3	0	4000	other	0
1217	135	Picture	31	2780503	0	2	4145	3	0	4000	hit	281
1217	135	Pulse	5	2781139	636	3
1217	135	Response	1	2784179	3676	3
1217	136	Picture	30	2798574	0	1	4145	2	0	4000	other	0
1217	136	Pulse	5	2801139	2565	2
1217	137	Picture	30	2816645	0	1	4144	3	0	4000	false_alarm	286
1217	137	Pulse	5	2821138	4493	2
1217	137	Response	1	2823378	6733	2
