Scenario - 1-back
Logfile written - 04/02/2015 13:12:26

Subject	Trial	Event Type	Code	Time	TTime	Uncertainty	Duration	Uncertainty	ReqTime	ReqDur	Stim Type	Pair Index

1217	1	Pulse	5	294075	303909	1
1217	2	Pulse	5	314074	19858	2
1217	3	Picture	10	319250	0	1	4144	2	0	4000	other	0
1217	3	Pulse	5	334073	14823	2
1217	4	Picture	10	337320	0	2	4145	3	0	4000	other	0
1217	4	Pulse	5	354063	16743	2
1217	5	Picture	11	355391	0	1	4145	2	0	4000	hit	8
1217	5	Response	1	359023	3632	1
1217	6	Picture	10	373462	0	1	4144	3	0	4000	other	0
1217	6	Pulse	5	374062	600	2
1217	7	Picture	11	391532	0	1	4145	2	0	4000	hit	13
1217	7	Pulse	5	394062	2530	2
1217	7	Response	1	397422	5890	1
1217	8	Picture	10	409603	0	1	4145	2	0	4000	other	0
1217	8	Pulse	5	414051	4448	2
1217	9	Picture	10	427674	0	1	4144	2	0	4000	other	0
1217	9	Pulse	5	434051	6377	1
1217	10	Picture	10	445744	0	1	4145	2	0	4000	other	0
1217	10	Pulse	5	454050	8306	2
1217	11	Picture	11	463815	0	1	4145	2	0	4000	hit	21
1217	11	Response	1	468280	4465	1
1217	11	Pulse	5	474039	10224	2
1217	12	Picture	10	481885	0	2	4145	3	0	4000	other	0
1217	12	Pulse	5	494039	12154	2
1217	13	Picture	10	499956	0	1	4145	2	0	4000	other	0
1217	13	Pulse	5	514038	14082	2
1217	14	Picture	11	518027	0	1	4144	3	0	4000	hit	28
1217	14	Response	1	522988	4961	3
1217	14	Pulse	5	534028	16001	2
1217	15	Picture	10	536098	0	1	4144	2	0	4000	other	0
1217	15	Pulse	5	554027	17929	2
1217	16	Picture	10	554168	0	1	4145	2	0	4000	other	0
1217	17	Picture	10	572239	0	1	4144	3	0	4000	other	0
1217	17	Pulse	5	574027	1788	1
1217	18	Picture	10	590309	0	2	4145	3	0	4000	other	0
1217	18	Pulse	5	594016	3707	2
1217	19	Pulse	5	614016	5636	1
1217	20	Picture	30	633414	0	1	4144	3	0	4000	other	0
1217	20	Pulse	5	634015	601	2
1217	21	Picture	30	651484	0	2	4145	3	0	4000	other	0
1217	21	Pulse	5	654004	2520	2
1217	22	Picture	31	669555	0	1	4145	2	0	4000	hit	43
1217	22	Response	1	673364	3809	2
1217	22	Pulse	5	674004	4449	2
1217	23	Picture	30	687626	0	1	4144	3	0	4000	other	0
1217	23	Pulse	5	694003	6377	2
1217	24	Picture	30	705696	0	2	4145	3	0	4000	other	0
1217	24	Pulse	5	713993	8297	1
1217	25	Picture	30	723767	0	1	4145	2	0	4000	other	0
1217	25	Pulse	5	733992	10225	2
1217	26	Picture	31	741838	0	1	4144	3	0	4000	hit	52
1217	26	Response	1	745352	3514	2
1217	26	Pulse	5	753992	12154	1
1217	27	Picture	31	759908	0	1	4145	2	0	4000	miss	0
1217	27	Pulse	5	773981	14073	2
1217	28	Picture	30	777979	0	1	4145	2	0	4000	other	0
1217	28	Pulse	5	793980	16001	2
1217	29	Picture	30	796050	0	1	4144	2	0	4000	other	0
1217	29	Pulse	5	813980	17930	2
1217	30	Picture	30	814120	0	1	4145	2	0	4000	other	0
1217	31	Picture	31	832191	0	1	4145	2	0	4000	hit	63
1217	31	Pulse	5	833969	1778	2
1217	31	Response	1	835729	3538	2
1217	32	Picture	30	850262	0	1	4144	2	0	4000	other	0
1217	32	Pulse	5	853969	3707	2
1217	33	Picture	30	868332	0	1	4145	2	0	4000	other	0
1217	33	Pulse	5	873968	5636	2
1217	34	Picture	30	886403	0	1	4144	3	0	4000	other	0
1217	34	Pulse	5	893959	7556	1
1217	35	Picture	30	904473	0	2	4145	3	0	4000	other	0
1217	35	Pulse	5	913957	9484	2
1217	36	Pulse	5	933956	11412	2
1217	37	Picture	10	947578	0	1	4145	2	0	4000	other	0
1217	37	Pulse	5	953946	6368	2
1217	38	Picture	10	965648	0	2	4145	3	0	4000	other	0
1217	38	Pulse	5	973945	8297	2
1217	39	Picture	11	983719	0	1	4145	2	0	4000	hit	78
1217	39	Response	1	987226	3507	1
1217	39	Pulse	5	993945	10226	2
1217	40	Picture	10	1001790	0	1	4144	3	0	4000	other	0
1217	40	Pulse	5	1013934	12144	3
1217	41	Picture	11	1019860	0	2	4145	3	0	4000	hit	83
1217	41	Response	1	1024334	4474	2
1217	41	Pulse	5	1033934	14074	2
1217	42	Picture	10	1037931	0	1	4145	2	0	4000	other	0
1217	42	Pulse	5	1053934	16003	2
1217	43	Picture	10	1056002	0	1	4144	3	0	4000	other	0
1217	43	Pulse	5	1073923	17921	2
1217	44	Picture	10	1074072	0	2	4145	3	0	4000	other	0
1217	45	Picture	11	1092143	0	1	4145	2	0	4000	hit	92
1217	45	Pulse	5	1093922	1779	2
1217	45	Response	1	1096482	4339	2
1217	46	Picture	10	1110214	0	1	4144	3	0	4000	other	0
1217	46	Pulse	5	1113921	3707	2
1217	47	Picture	10	1128284	0	2	4145	3	0	4000	other	0
1217	47	Pulse	5	1133911	5627	2
1217	48	Picture	11	1146355	0	1	4145	2	0	4000	hit	98
1217	48	Response	1	1150870	4515	2
1217	48	Pulse	5	1153910	7555	2
1217	49	Picture	10	1164426	0	1	4144	2	0	4000	other	0
1217	49	Pulse	5	1173910	9484	2
1217	50	Picture	10	1182496	0	2	4145	3	0	4000	other	0
1217	50	Pulse	5	1193899	11403	2
1217	51	Picture	10	1200567	0	1	4145	2	0	4000	other	0
1217	51	Pulse	5	1213899	13332	1
1217	52	Picture	10	1218638	0	1	4144	2	0	4000	other	0
1217	52	Pulse	5	1233899	15261	1
1217	53	Pulse	5	1254047	17339	2
1217	54	Picture	20	1261742	0	1	4144	3	0	4000	other	0
1217	54	Pulse	5	1274047	12305	2
1217	55	Picture	20	1279813	0	1	4144	2	0	4000	other	0
1217	55	Pulse	5	1294046	14233	2
1217	56	Picture	21	1297883	0	1	4145	2	0	4000	hit	114
1217	56	Response	1	1301716	3833	3
1217	56	Pulse	5	1314036	16153	2
1217	57	Picture	20	1315954	0	1	4145	2	0	4000	other	0
1217	58	Picture	20	1334025	0	1	4144	2	0	4000	other	0
1217	58	Pulse	5	1334035	10	2
1217	59	Picture	20	1352095	0	1	4145	2	0	4000	other	0
1217	59	Pulse	5	1354035	1940	1
1217	60	Picture	21	1370166	0	1	4144	3	0	4000	hit	122
1217	60	Response	1	1374024	3858	2
1217	60	Pulse	5	1374024	3858	2
1217	61	Picture	20	1388236	0	2	4145	3	0	4000	other	0
1217	61	Pulse	5	1394024	5788	1
1217	62	Picture	20	1406307	0	1	4145	2	0	4000	other	0
1217	62	Pulse	5	1414023	7716	2
1217	63	Picture	20	1424378	0	1	4144	3	0	4000	other	0
1217	63	Pulse	5	1434012	9634	2
1217	64	Picture	20	1442448	0	2	4145	3	0	4000	other	0
1217	64	Pulse	5	1454012	11564	2
1217	65	Picture	20	1460519	0	1	4145	2	0	4000	other	0
1217	65	Pulse	5	1474011	13492	2
1217	66	Picture	21	1478590	0	1	4144	3	0	4000	hit	135
1217	66	Response	1	1482961	4371	2
1217	66	Pulse	5	1494001	15411	2
1217	67	Picture	20	1496660	0	2	4145	3	0	4000	other	0
1217	67	Pulse	5	1514000	17340	2
1217	68	Picture	20	1514731	0	1	4145	2	0	4000	other	0
1217	69	Picture	21	1532802	0	1	4144	3	0	4000	hit	142
1217	69	Pulse	5	1534000	1198	1
1217	69	Response	1	1538959	6157	2
1217	70	Pulse	5	1553989	3117	2
1217	70	Pulse	5	1573988	23116	2
1217	71	Picture	10	1575906	0	1	4145	2	0	4000	other	0
1217	72	Picture	10	1593977	0	1	4144	3	0	4000	other	0
1217	72	Pulse	5	1593988	11	2
1217	73	Picture	11	1612047	0	1	4145	2	0	4000	hit	150
1217	73	Pulse	5	1613977	1930	2
1217	73	Response	1	1617177	5130	2
1217	74	Picture	10	1630118	0	1	4145	2	0	4000	other	0
1217	74	Pulse	5	1633977	3859	2
1217	75	Picture	11	1648189	0	1	4144	2	0	4000	hit	154
1217	75	Response	1	1653336	5147	2
1217	75	Pulse	5	1653976	5787	2
1217	76	Picture	10	1666259	0	1	4145	2	0	4000	other	0
1217	76	Pulse	5	1673966	7707	2
1217	77	Picture	10	1684330	0	1	4145	2	0	4000	other	0
1217	77	Pulse	5	1693965	9635	3
1217	78	Picture	11	1702401	0	1	4144	2	0	4000	hit	161
1217	78	Response	1	1706765	4364	2
1217	78	Pulse	5	1713964	11563	4
1217	79	Picture	10	1720471	0	1	4145	2	0	4000	other	0
1217	79	Pulse	5	1733954	13483	2
1217	80	Picture	10	1738542	0	1	4144	3	0	4000	other	0
1217	80	Pulse	5	1753953	15411	2
1217	81	Picture	10	1756612	0	2	4145	3	0	4000	other	0
1217	81	Pulse	5	1773953	17341	2
1217	82	Picture	10	1774683	0	1	4145	2	0	4000	other	0
1217	83	Picture	10	1792754	0	1	4144	3	0	4000	other	0
1217	83	Pulse	5	1793942	1188	3
1217	84	Picture	11	1810825	0	1	4144	2	0	4000	hit	174
1217	84	Pulse	5	1813942	3117	1
1217	84	Response	1	1814902	4077	1
1217	85	Picture	10	1828895	0	1	4145	2	0	4000	other	0
1217	85	Pulse	5	1833941	5046	2
1217	86	Picture	10	1846966	0	1	4144	3	0	4000	other	0
1217	86	Pulse	5	1853931	6965	2
1217	87	Pulse	5	1873930	8894	2
1217	88	Picture	30	1890070	0	1	4145	2	0	4000	other	0
1217	88	Pulse	5	1893929	3859	2
1217	89	Picture	30	1908141	0	1	4144	3	0	4000	other	0
1217	89	Pulse	5	1913919	5778	2
1217	90	Picture	30	1926211	0	2	4145	3	0	4000	other	0
1217	90	Pulse	5	1933918	7707	2
1217	91	Picture	31	1944282	0	1	4145	2	0	4000	hit	187
1217	91	Response	1	1947998	3716	2
1217	91	Pulse	5	1953918	9636	2
1217	92	Picture	31	1962353	0	1	4144	3	0	4000	hit	191
1217	92	Pulse	5	1973907	11554	2
1217	92	Response	1	1975027	12674	2
1217	93	Picture	30	1980423	0	2	4145	3	0	4000	other	0
1217	93	Pulse	5	1993907	13484	1
1217	94	Picture	30	1998494	0	1	4145	2	0	4000	other	0
1217	94	Pulse	5	2013906	15412	2
1217	95	Picture	30	2016565	0	1	4144	3	0	4000	other	0
1217	95	Pulse	5	2033895	17330	2
1217	96	Picture	31	2034635	0	2	4145	3	0	4000	hit	199
1217	96	Response	1	2038535	3900	2
1217	97	Picture	30	2052706	0	1	4145	2	0	4000	other	0
1217	97	Pulse	5	2053895	1189	2
1217	98	Picture	30	2070777	0	1	4144	2	0	4000	other	0
1217	98	Pulse	5	2073894	3117	2
1217	99	Picture	30	2088847	0	2	4145	3	0	4000	other	0
1217	99	Pulse	5	2093885	5038	1
1217	100	Picture	30	2106918	0	1	4144	3	0	4000	other	0
1217	100	Pulse	5	2113883	6965	2
1217	101	Picture	31	2124989	0	1	4144	2	0	4000	hit	209
1217	101	Response	1	2128923	3934	2
1217	101	Pulse	5	2133883	8894	1
1217	102	Picture	30	2143059	0	2	4145	3	0	4000	false_alarm	212
1217	102	Response	1	2153232	10173	2
1217	102	Pulse	5	2153872	10813	2
1217	103	Picture	30	2161130	0	1	4145	2	0	4000	false_alarm	215
1217	103	Response	1	2168432	7302	2
1217	103	Pulse	5	2173871	12741	2
1217	104	Pulse	5	2193871	14670	2
1217	105	Picture	10	2204234	0	1	4145	2	0	4000	other	0
1217	105	Pulse	5	2213860	9626	2
1217	106	Picture	10	2222305	0	1	4145	2	0	4000	other	0
1217	106	Pulse	5	2233860	11555	2
1217	107	Picture	11	2240376	0	1	4144	2	0	4000	hit	223
1217	107	Response	1	2243620	3244	1
1217	107	Pulse	5	2253860	13484	1
1217	108	Picture	10	2258446	0	1	4145	2	0	4000	other	0
1217	108	Pulse	5	2273849	15403	2
1217	109	Picture	11	2276517	0	1	4144	3	0	4000	hit	228
1217	109	Response	1	2282008	5491	3
1217	109	Pulse	5	2294008	17491	2
1217	110	Picture	10	2294587	0	2	4145	3	0	4000	other	0
1217	111	Picture	10	2312658	0	1	4145	2	0	4000	other	0
1217	111	Pulse	5	2314008	1350	1
1217	112	Picture	11	2330729	0	1	4144	3	0	4000	hit	235
1217	112	Pulse	5	2333997	3268	2
1217	112	Response	1	2335757	5028	2
1217	113	Picture	10	2348799	0	2	4145	3	0	4000	other	0
1217	113	Pulse	5	2353996	5197	2
1217	114	Picture	10	2366870	0	1	4145	2	0	4000	other	0
1217	114	Pulse	5	2373996	7126	2
1217	115	Picture	10	2384941	0	1	4144	3	0	4000	other	0
1217	115	Pulse	5	2393985	9044	2
1217	116	Picture	10	2403011	0	2	4145	3	0	4000	other	0
1217	116	Pulse	5	2413985	10974	2
1217	117	Picture	10	2421082	0	1	4145	2	0	4000	other	0
1217	117	Pulse	5	2433984	12902	2
1217	118	Picture	11	2439153	0	1	4144	3	0	4000	hit	247
1217	118	Response	1	2443094	3941	2
1217	118	Pulse	5	2453974	14821	1
1217	119	Picture	10	2457223	0	2	4145	3	0	4000	other	0
1217	119	Pulse	5	2473973	16750	2
1217	120	Picture	10	2475294	0	1	4145	2	0	4000	other	0
1217	121	Pulse	5	2493972	607	2
1217	121	Pulse	5	2513962	20597	2
1217	122	Picture	20	2518398	0	1	4145	2	0	4000	other	0
1217	122	Pulse	5	2533961	15563	2
1217	123	Picture	20	2536469	0	1	4145	2	0	4000	other	0
1217	123	Pulse	5	2553961	17492	2
1217	124	Picture	20	2554540	0	1	4144	2	0	4000	other	0
1217	125	Picture	21	2572610	0	1	4145	2	0	4000	hit	261
1217	125	Pulse	5	2573950	1340	2
1217	125	Response	1	2576350	3740	2
1217	126	Picture	20	2590681	0	1	4145	2	0	4000	other	0
1217	126	Pulse	5	2593950	3269	2
1217	127	Picture	20	2608752	0	1	4144	2	0	4000	other	0
1217	127	Pulse	5	2613949	5197	2
1217	128	Picture	21	2626822	0	1	4145	2	0	4000	hit	267
1217	128	Response	1	2630899	4077	1
1217	128	Pulse	5	2633939	7117	1
1217	129	Picture	20	2644893	0	1	4144	3	0	4000	other	0
1217	129	Pulse	5	2653938	9045	2
1217	130	Picture	20	2662963	0	2	4145	3	0	4000	other	0
1217	130	Pulse	5	2673937	10974	2
1217	131	Picture	20	2681034	0	1	4145	2	0	4000	other	0
1217	131	Pulse	5	2693927	12893	2
1217	132	Picture	21	2699105	0	1	4145	2	0	4000	hit	276
1217	132	Response	1	2703687	4582	1
1217	132	Pulse	5	2713926	14821	2
1217	133	Picture	20	2717176	0	1	4144	2	0	4000	other	0
1217	133	Pulse	5	2733926	16750	2
1217	134	Picture	20	2735246	0	1	4145	2	0	4000	other	0
1217	135	Picture	21	2753317	0	1	4144	3	0	4000	hit	283
1217	135	Pulse	5	2753915	598	2
1217	135	Response	1	2756795	3478	2
1217	136	Picture	20	2771388	0	1	4144	2	0	4000	other	0
1217	136	Pulse	5	2773915	2527	1
1217	137	Picture	20	2789458	0	1	4145	2	0	4000	other	0
1217	137	Pulse	5	2793914	4456	2
