Scenario - 1-back
Logfile written - 04/02/2015 13:21:38

Subject	Trial	Event Type	Code	Time	TTime	Uncertainty	Duration	Uncertainty	ReqTime	ReqDur	Stim Type	Pair Index

1217	1	Pulse	5	216934	226768	1
1217	2	Pulse	5	236934	19974	1
1217	3	Picture	10	241994	0	1	4144	2	0	4000	other	0
1217	3	Pulse	5	256922	14928	2
1217	4	Picture	10	260064	0	2	4145	3	0	4000	other	0
1217	4	Pulse	5	276922	16858	2
1217	5	Picture	11	278135	0	1	4145	2	0	4000	hit	8
1217	5	Response	1	281242	3107	2
1217	6	Picture	10	296206	0	1	4144	2	0	4000	other	0
1217	6	Pulse	5	296921	715	2
1217	7	Picture	11	314276	0	1	4145	2	0	4000	hit	13
1217	7	Pulse	5	316911	2635	2
1217	7	Response	1	318511	4235	1
1217	8	Picture	10	332347	0	1	4144	3	0	4000	other	0
1217	8	Pulse	5	336910	4563	2
1217	9	Picture	10	350418	0	1	4144	2	0	4000	other	0
1217	9	Pulse	5	356910	6492	2
1217	10	Picture	10	368488	0	1	4145	2	0	4000	other	0
1217	10	Pulse	5	376899	8411	2
1217	11	Picture	11	386559	0	1	4144	3	0	4000	hit	21
1217	11	Response	1	390819	4260	2
1217	11	Pulse	5	396898	10339	3
1217	12	Picture	10	404629	0	2	4145	3	0	4000	other	0
1217	12	Pulse	5	416898	12269	2
1217	13	Picture	10	422700	0	1	4145	2	0	4000	other	0
1217	13	Pulse	5	436887	14187	2
1217	14	Picture	11	440771	0	1	4145	2	0	4000	hit	28
1217	14	Response	1	445047	4276	2
1217	14	Pulse	5	456887	16116	2
1217	15	Picture	10	458841	0	2	4145	3	0	4000	other	0
1217	15	Pulse	5	476886	18045	2
1217	16	Picture	10	476912	0	1	4144	3	0	4000	other	0
1217	17	Picture	10	494983	0	1	4144	3	0	4000	other	0
1217	17	Pulse	5	496876	1893	1
1217	18	Picture	10	513053	0	2	4145	3	0	4000	other	0
1217	18	Pulse	5	516875	3822	2
1217	19	Pulse	5	536875	5751	1
1217	20	Picture	30	556158	0	1	4144	3	0	4000	other	0
1217	20	Pulse	5	556864	706	2
1217	21	Picture	30	574228	0	2	4145	3	0	4000	other	0
1217	21	Pulse	5	576863	2635	2
1217	22	Picture	31	592299	0	1	4145	2	0	4000	hit	43
1217	22	Response	1	596063	3764	2
1217	22	Pulse	5	596863	4564	2
1217	23	Picture	30	610370	0	1	4144	2	0	4000	other	0
1217	23	Pulse	5	616852	6482	2
1217	24	Picture	30	628440	0	2	4145	3	0	4000	other	0
1217	24	Pulse	5	636852	8412	2
1217	25	Picture	30	646511	0	1	4145	2	0	4000	other	0
1217	25	Pulse	5	656851	10340	2
1217	26	Picture	31	664582	0	1	4144	2	0	4000	hit	52
1217	26	Response	1	668211	3629	2
1217	26	Pulse	5	676841	12259	2
1217	27	Picture	31	682652	0	2	4145	3	0	4000	hit	55
1217	27	Response	1	688840	6188	2
1217	27	Pulse	5	696840	14188	3
1217	28	Picture	30	700723	0	1	4145	2	0	4000	other	0
1217	28	Pulse	5	716839	16116	3
1217	29	Picture	30	718794	0	1	4144	2	0	4000	other	0
1217	29	Pulse	5	736829	18035	2
1217	30	Picture	30	736864	0	2	4145	3	0	4000	other	0
1217	31	Picture	31	754935	0	1	4145	2	0	4000	hit	64
1217	31	Pulse	5	756828	1893	2
1217	31	Response	1	758908	3973	3
1217	32	Picture	30	773006	0	1	4144	2	0	4000	other	0
1217	32	Pulse	5	776828	3822	2
1217	33	Picture	30	791076	0	1	4145	2	0	4000	other	0
1217	33	Pulse	5	796817	5741	2
1217	34	Picture	30	809147	0	1	4145	2	0	4000	other	0
1217	34	Pulse	5	816817	7670	1
1217	35	Picture	30	827218	0	1	4144	2	0	4000	other	0
1217	35	Pulse	5	836817	9599	1
1217	36	Pulse	5	856805	11517	2
1217	37	Picture	10	870322	0	1	4145	2	0	4000	other	0
1217	37	Pulse	5	876805	6483	2
1217	38	Picture	10	888392	0	2	4145	3	0	4000	other	0
1217	38	Pulse	5	896804	8412	2
1217	39	Picture	11	906463	0	2	4145	3	0	4000	hit	79
1217	39	Response	1	910884	4421	2
1217	39	Pulse	5	916794	10331	2
1217	40	Picture	10	924534	0	1	4144	3	0	4000	other	0
1217	40	Pulse	5	936793	12259	2
1217	41	Picture	11	942605	0	1	4144	2	0	4000	hit	84
1217	41	Response	1	946873	4268	2
1217	41	Pulse	5	956793	14188	2
1217	42	Picture	10	960675	0	1	4145	2	0	4000	other	0
1217	42	Pulse	5	976782	16107	2
1217	43	Picture	10	978746	0	1	4145	2	0	4000	other	0
1217	43	Pulse	5	996782	18036	2
1217	44	Picture	10	996816	0	2	4145	3	0	4000	other	0
1217	45	Picture	11	1014887	0	1	4145	2	0	4000	hit	93
1217	45	Pulse	5	1016781	1894	2
1217	45	Response	1	1018061	3174	2
1217	46	Picture	10	1032958	0	1	4144	3	0	4000	other	0
1217	46	Pulse	5	1036770	3812	2
1217	47	Picture	10	1051028	0	2	4145	3	0	4000	other	0
1217	47	Pulse	5	1056770	5742	2
1217	48	Picture	11	1069099	0	1	4145	2	0	4000	hit	99
1217	48	Response	1	1073569	4470	2
1217	48	Pulse	5	1076769	7670	2
1217	49	Picture	10	1087170	0	1	4144	3	0	4000	other	0
1217	49	Pulse	5	1096759	9589	2
1217	50	Picture	10	1105240	0	2	4145	3	0	4000	other	0
1217	50	Pulse	5	1116758	11518	2
1217	51	Picture	10	1123311	0	1	4145	2	0	4000	other	0
1217	51	Pulse	5	1136758	13447	1
1217	52	Picture	10	1141382	0	1	4144	3	0	4000	other	0
1217	52	Pulse	5	1156747	15365	2
1217	53	Pulse	5	1176746	17294	2
1217	54	Picture	20	1184486	0	1	4145	2	0	4000	other	0
1217	54	Pulse	5	1196746	12260	2
1217	55	Picture	20	1202557	0	1	4144	3	0	4000	other	0
1217	55	Pulse	5	1216735	14178	2
1217	56	Picture	21	1220627	0	2	4145	3	0	4000	hit	115
1217	56	Response	1	1224255	3628	2
1217	56	Pulse	5	1236895	16268	2
1217	57	Picture	20	1238698	0	1	4145	2	0	4000	other	0
1217	58	Picture	20	1256769	0	1	4144	2	0	4000	other	0
1217	58	Pulse	5	1256894	125	2
1217	59	Picture	20	1274839	0	2	4145	3	0	4000	other	0
1217	59	Pulse	5	1276885	2046	1
1217	60	Picture	21	1292910	0	1	4145	2	0	4000	hit	123
1217	60	Response	1	1296243	3333	2
1217	60	Pulse	5	1296883	3973	2
1217	61	Picture	20	1310981	0	1	4144	2	0	4000	other	0
1217	61	Pulse	5	1316883	5902	1
1217	62	Picture	20	1329051	0	2	4145	3	0	4000	other	0
1217	62	Pulse	5	1336872	7821	2
1217	63	Picture	20	1347122	0	1	4145	2	0	4000	other	0
1217	63	Pulse	5	1356871	9749	2
1217	64	Picture	20	1365193	0	1	4144	2	0	4000	other	0
1217	64	Pulse	5	1376871	11678	2
1217	65	Picture	20	1383263	0	1	4145	2	0	4000	other	0
1217	65	Pulse	5	1396860	13597	3
1217	66	Picture	21	1401334	0	1	4145	2	0	4000	hit	136
1217	66	Response	1	1405020	3686	2
1217	66	Pulse	5	1416860	15526	2
1217	67	Picture	20	1419405	0	1	4144	2	0	4000	other	0
1217	67	Pulse	5	1436859	17454	2
1217	68	Picture	20	1437475	0	1	4145	2	0	4000	other	0
1217	69	Picture	21	1455546	0	1	4145	2	0	4000	hit	143
1217	69	Pulse	5	1456848	1302	3
1217	69	Response	1	1460368	4822	2
1217	70	Pulse	5	1476848	3231	2
1217	70	Pulse	5	1496847	23230	2
1217	71	Picture	10	1498650	0	1	4145	2	0	4000	other	0
1217	72	Picture	10	1516721	0	1	4144	3	0	4000	other	0
1217	72	Pulse	5	1516837	116	2
1217	73	Picture	11	1534792	0	1	4144	2	0	4000	hit	151
1217	73	Pulse	5	1536836	2044	2
1217	73	Response	1	1538276	3484	2
1217	74	Picture	10	1552862	0	1	4145	2	0	4000	other	0
1217	74	Pulse	5	1556836	3974	2
1217	75	Picture	11	1570933	0	1	4144	3	0	4000	hit	155
1217	75	Response	1	1576185	5252	2
1217	75	Pulse	5	1576825	5892	2
1217	76	Picture	10	1589003	0	2	4145	3	0	4000	other	0
1217	76	Pulse	5	1596825	7822	1
1217	77	Picture	10	1607074	0	1	4145	2	0	4000	other	0
1217	77	Pulse	5	1616824	9750	2
1217	78	Picture	11	1625145	0	1	4144	3	0	4000	hit	162
1217	78	Response	1	1629304	4159	2
1217	78	Pulse	5	1636813	11668	2
1217	79	Picture	10	1643215	0	2	4145	3	0	4000	other	0
1217	79	Pulse	5	1656813	13598	2
1217	80	Picture	10	1661286	0	1	4145	2	0	4000	other	0
1217	80	Pulse	5	1676812	15526	2
1217	81	Picture	10	1679357	0	1	4144	3	0	4000	other	0
1217	81	Pulse	5	1696802	17445	2
1217	82	Picture	10	1697427	0	2	4145	3	0	4000	other	0
1217	83	Picture	10	1715498	0	1	4145	2	0	4000	other	0
1217	83	Pulse	5	1716801	1303	2
1217	84	Picture	11	1733569	0	1	4144	3	0	4000	hit	175
1217	84	Pulse	5	1736801	3232	2
1217	84	Response	1	1737761	4192	1
1217	85	Picture	10	1751639	0	2	4145	3	0	4000	other	0
1217	85	Pulse	5	1756790	5151	2
1217	86	Picture	10	1769710	0	1	4145	2	0	4000	other	0
1217	86	Pulse	5	1776790	7080	1
1217	87	Pulse	5	1796789	9008	2
1217	88	Picture	30	1812814	0	2	4145	3	0	4000	other	0
1217	88	Pulse	5	1816778	3964	2
1217	89	Picture	30	1830885	0	1	4145	2	0	4000	other	0
1217	89	Pulse	5	1836778	5893	2
1217	90	Picture	30	1848956	0	1	4144	3	0	4000	other	0
1217	90	Pulse	5	1856777	7821	2
1217	91	Picture	31	1867026	0	2	4145	3	0	4000	hit	188
1217	91	Response	1	1871337	4311	2
1217	91	Pulse	5	1876767	9741	2
1217	92	Picture	31	1885097	0	1	4145	2	0	4000	miss	0
1217	92	Pulse	5	1896766	11669	2
1217	93	Picture	30	1903168	0	1	4144	3	0	4000	other	0
1217	93	Pulse	5	1916766	13598	1
1217	94	Picture	30	1921238	0	1	4145	2	0	4000	other	0
1217	94	Pulse	5	1936755	15517	2
1217	95	Picture	30	1939309	0	1	4145	2	0	4000	other	0
1217	95	Pulse	5	1956755	17446	1
1217	96	Picture	31	1957380	0	1	4144	2	0	4000	hit	199
1217	96	Response	1	1960594	3214	2
1217	97	Picture	30	1975450	0	1	4145	2	0	4000	other	0
1217	97	Pulse	5	1976754	1304	2
1217	98	Picture	30	1993521	0	1	4145	2	0	4000	false_alarm	204
1217	98	Pulse	5	1996743	3222	2
1217	98	Response	1	2000263	6742	2
1217	99	Picture	30	2011592	0	1	4144	2	0	4000	other	0
1217	99	Pulse	5	2016743	5151	2
1217	100	Picture	30	2029662	0	1	4145	2	0	4000	other	0
1217	100	Pulse	5	2036742	7080	2
1217	101	Picture	31	2047733	0	1	4145	2	0	4000	hit	210
1217	101	Response	1	2051302	3569	2
1217	101	Pulse	5	2056732	8999	1
1217	102	Picture	30	2065804	0	1	4144	2	0	4000	other	0
1217	102	Pulse	5	2076731	10927	2
1217	103	Picture	30	2083874	0	1	4145	2	0	4000	other	0
1217	103	Pulse	5	2096731	12857	1
1217	104	Pulse	5	2116720	14775	2
1217	105	Picture	10	2126978	0	2	4145	3	0	4000	other	0
1217	105	Pulse	5	2136719	9741	2
1217	106	Picture	10	2145049	0	1	4145	2	0	4000	other	0
1217	106	Pulse	5	2156719	11670	2
1217	107	Picture	11	2163120	0	1	4144	3	0	4000	hit	222
1217	107	Response	1	2166478	3358	2
1217	107	Pulse	5	2176708	13588	2
1217	108	Picture	10	2181190	0	2	4145	3	0	4000	other	0
1217	108	Pulse	5	2196708	15518	2
1217	109	Picture	11	2199261	0	1	4145	2	0	4000	hit	227
1217	109	Response	1	2204388	5127	1
1217	109	Pulse	5	2216707	17446	2
1217	110	Picture	10	2217332	0	1	4144	3	0	4000	other	0
1217	111	Picture	10	2235402	0	2	4145	3	0	4000	other	0
1217	111	Pulse	5	2236697	1295	1
1217	112	Picture	11	2253473	0	1	4145	2	0	4000	hit	234
1217	112	Pulse	5	2256696	3223	2
1217	112	Response	1	2257016	3543	2
1217	113	Picture	10	2271544	0	1	4144	3	0	4000	other	0
1217	113	Pulse	5	2276855	5311	3
1217	114	Picture	10	2289614	0	2	4145	3	0	4000	other	0
1217	114	Pulse	5	2296845	7231	2
1217	115	Picture	10	2307685	0	1	4145	2	0	4000	other	0
1217	115	Pulse	5	2316844	9159	3
1217	116	Picture	10	2325756	0	1	4144	3	0	4000	other	0
1217	116	Pulse	5	2336844	11088	2
1217	117	Picture	10	2343826	0	2	4145	3	0	4000	other	0
1217	117	Pulse	5	2356833	13007	2
1217	118	Picture	11	2361897	0	1	4145	2	0	4000	hit	246
1217	118	Response	1	2366892	4995	28
1217	118	Pulse	5	2376833	14936	1
1217	119	Picture	10	2379968	0	1	4144	3	0	4000	other	0
1217	119	Pulse	5	2396833	16865	1
1217	120	Picture	10	2398038	0	2	4145	3	0	4000	other	0
1217	121	Pulse	5	2416821	712	2
1217	121	Pulse	5	2436821	20712	2
1217	122	Picture	20	2441143	0	1	4144	3	0	4000	other	0
1217	122	Pulse	5	2456820	15677	2
1217	123	Picture	20	2459213	0	1	4145	2	0	4000	other	0
1217	123	Pulse	5	2476810	17597	2
1217	124	Picture	20	2477284	0	1	4145	2	0	4000	other	0
1217	125	Picture	21	2495355	0	1	4144	2	0	4000	hit	260
1217	125	Pulse	5	2496809	1454	2
1217	125	Response	1	2502409	7054	3
1217	126	Picture	20	2513425	0	1	4145	2	0	4000	other	0
1217	126	Pulse	5	2516809	3384	2
1217	127	Picture	20	2531496	0	1	4145	2	0	4000	other	0
1217	127	Pulse	5	2536798	5302	2
1217	128	Picture	21	2549567	0	1	4144	2	0	4000	hit	266
1217	128	Response	1	2553598	4031	2
1217	128	Pulse	5	2556798	7231	1
1217	129	Picture	20	2567637	0	2	4145	3	0	4000	other	0
1217	129	Pulse	5	2576797	9160	2
1217	130	Picture	20	2585708	0	1	4144	3	0	4000	other	0
1217	130	Pulse	5	2596786	11078	2
1217	131	Picture	20	2603779	0	1	4144	2	0	4000	other	0
1217	131	Pulse	5	2616786	13007	2
1217	132	Picture	21	2621849	0	1	4145	2	0	4000	hit	275
1217	132	Response	1	2625426	3577	1
1217	132	Pulse	5	2636785	14936	2
1217	133	Picture	20	2639920	0	1	4144	3	0	4000	other	0
1217	133	Pulse	5	2656775	16855	2
1217	134	Picture	20	2657990	0	2	4145	3	0	4000	other	0
1217	135	Picture	21	2676061	0	1	4145	2	0	4000	hit	282
1217	135	Pulse	5	2676774	713	2
1217	135	Response	1	2680454	4393	2
1217	136	Picture	20	2694132	0	1	4144	3	0	4000	other	0
1217	136	Pulse	5	2696774	2642	1
1217	137	Picture	20	2712203	0	1	4144	2	0	4000	other	0
1217	137	Pulse	5	2716763	4560	2
