Scenario - 1-back
Logfile written - 05/31/2014 19:34:35

Subject	Trial	Event Type	Code	Time	TTime	Uncertainty	Duration	Uncertainty	ReqTime	ReqDur	Stim Type	Pair Index

13_01_1951_1_014	1	Pulse	5	93163	102997	2
13_01_1951_1_014	2	Pulse	5	113153	19868	2
13_01_1951_1_014	3	Picture	10	118320	0	1	4144	2	0	4000	other	0
13_01_1951_1_014	3	Pulse	5	133153	14833	2
13_01_1951_1_014	4	Picture	10	136390	0	2	4145	3	0	4000	other	0
13_01_1951_1_014	4	Pulse	5	153152	16762	2
13_01_1951_1_014	5	Picture	11	154461	0	2	4145	3	0	4000	hit	8
13_01_1951_1_014	5	Response	1	157952	3491	2
13_01_1951_1_014	6	Picture	10	172532	0	2	4145	3	0	4000	other	0
13_01_1951_1_014	6	Pulse	5	173152	620	2
13_01_1951_1_014	7	Picture	11	190603	0	1	4145	2	0	4000	hit	13
13_01_1951_1_014	7	Pulse	5	193142	2539	1
13_01_1951_1_014	7	Response	1	194902	4299	1
13_01_1951_1_014	8	Picture	10	208674	0	1	4145	2	0	4000	other	0
13_01_1951_1_014	8	Pulse	5	213141	4467	2
13_01_1951_1_014	9	Picture	10	226745	0	1	4145	2	0	4000	other	0
13_01_1951_1_014	9	Pulse	5	233141	6396	2
13_01_1951_1_014	10	Picture	10	244816	0	1	4145	2	0	4000	other	0
13_01_1951_1_014	10	Pulse	5	253130	8314	3
13_01_1951_1_014	11	Picture	11	262887	0	1	4145	2	0	4000	hit	21
13_01_1951_1_014	11	Response	1	266250	3363	2
13_01_1951_1_014	11	Pulse	5	273130	10243	2
13_01_1951_1_014	12	Picture	10	280958	0	1	4145	2	0	4000	other	0
13_01_1951_1_014	12	Pulse	5	293120	12162	3
13_01_1951_1_014	13	Picture	10	299029	0	1	4145	2	0	4000	other	0
13_01_1951_1_014	13	Pulse	5	313119	14090	4
13_01_1951_1_014	14	Picture	11	317100	0	1	4144	4	0	4000	hit	28
13_01_1951_1_014	14	Response	1	320479	3379	2
13_01_1951_1_014	14	Pulse	5	333119	16019	3
13_01_1951_1_014	15	Picture	10	335171	0	1	4145	2	0	4000	other	0
13_01_1951_1_014	15	Pulse	5	353118	17947	3
13_01_1951_1_014	16	Picture	10	353242	0	1	4145	2	0	4000	other	0
13_01_1951_1_014	17	Picture	10	371313	0	1	4145	2	0	4000	other	0
13_01_1951_1_014	17	Pulse	5	373109	1796	1
13_01_1951_1_014	18	Picture	10	389384	0	1	4144	3	0	4000	other	0
13_01_1951_1_014	18	Pulse	5	393108	3724	2
13_01_1951_1_014	19	Pulse	5	413097	5642	2
13_01_1951_1_014	20	Picture	30	432489	0	1	4145	2	0	4000	other	0
13_01_1951_1_014	20	Pulse	5	433097	608	2
13_01_1951_1_014	21	Picture	30	450560	0	1	4145	2	0	4000	other	0
13_01_1951_1_014	21	Pulse	5	453097	2537	1
13_01_1951_1_014	22	Picture	31	468631	0	1	4144	3	0	4000	hit	43
13_01_1951_1_014	22	Response	1	472136	3505	2
13_01_1951_1_014	22	Pulse	5	473086	4455	2
13_01_1951_1_014	23	Picture	30	486702	0	1	4144	3	0	4000	other	0
13_01_1951_1_014	23	Pulse	5	493086	6384	2
13_01_1951_1_014	24	Picture	30	504773	0	1	4144	3	0	4000	other	0
13_01_1951_1_014	24	Pulse	5	513086	8313	1
13_01_1951_1_014	25	Picture	30	522844	0	1	4144	2	0	4000	other	0
13_01_1951_1_014	25	Pulse	5	533075	10231	2
13_01_1951_1_014	26	Picture	31	540915	0	1	4144	2	0	4000	hit	52
13_01_1951_1_014	26	Response	1	548435	7520	2
13_01_1951_1_014	26	Pulse	5	553075	12160	2
13_01_1951_1_014	27	Picture	31	558985	0	2	4145	3	0	4000	miss	0
13_01_1951_1_014	27	Pulse	5	573074	14089	2
13_01_1951_1_014	28	Picture	30	577056	0	2	4145	3	0	4000	other	0
13_01_1951_1_014	28	Pulse	5	593064	16008	2
13_01_1951_1_014	29	Picture	30	595127	0	2	4145	3	0	4000	other	0
13_01_1951_1_014	30	Picture	30	613198	0	2	4145	3	0	4000	false_alarm	61
13_01_1951_1_014	30	Pulse	5	613224	26	2
13_01_1951_1_014	30	Response	1	617544	4346	1
13_01_1951_1_014	31	Picture	31	631269	0	2	4144	5	0	4000	miss	0
13_01_1951_1_014	31	Pulse	5	633223	1954	2
13_01_1951_1_014	32	Picture	30	649340	0	1	4145	2	0	4000	other	0
13_01_1951_1_014	32	Pulse	5	653213	3873	2
13_01_1951_1_014	33	Picture	30	667411	0	1	4145	2	0	4000	other	0
13_01_1951_1_014	33	Pulse	5	673213	5802	1
13_01_1951_1_014	34	Picture	30	685482	0	1	4145	2	0	4000	other	0
13_01_1951_1_014	34	Pulse	5	693212	7730	2
13_01_1951_1_014	35	Picture	30	703553	0	1	4144	3	0	4000	other	0
13_01_1951_1_014	35	Pulse	5	713202	9649	2
13_01_1951_1_014	36	Pulse	5	733201	11577	2
13_01_1951_1_014	37	Picture	10	746658	0	1	4145	2	0	4000	other	0
13_01_1951_1_014	37	Pulse	5	753201	6543	2
13_01_1951_1_014	38	Picture	10	764729	0	1	4145	2	0	4000	other	0
13_01_1951_1_014	38	Pulse	5	773191	8462	2
13_01_1951_1_014	39	Picture	11	782800	0	1	4145	2	0	4000	hit	78
13_01_1951_1_014	39	Response	1	786150	3350	3
13_01_1951_1_014	39	Pulse	5	793190	10390	2
13_01_1951_1_014	40	Picture	10	800870	0	3	4146	4	0	4000	other	0
13_01_1951_1_014	40	Pulse	5	813190	12320	2
13_01_1951_1_014	41	Picture	11	818942	0	1	4145	2	0	4000	hit	83
13_01_1951_1_014	41	Response	1	822470	3528	2
13_01_1951_1_014	41	Pulse	5	833180	14238	1
13_01_1951_1_014	42	Picture	10	837013	0	1	4145	2	0	4000	other	0
13_01_1951_1_014	42	Pulse	5	853179	16166	2
13_01_1951_1_014	43	Picture	10	855084	0	1	4145	2	0	4000	other	0
13_01_1951_1_014	44	Picture	10	873155	0	1	4145	2	0	4000	other	0
13_01_1951_1_014	44	Pulse	5	873179	24	2
13_01_1951_1_014	45	Picture	11	891226	0	1	4145	2	0	4000	hit	92
13_01_1951_1_014	45	Pulse	5	893168	1942	2
13_01_1951_1_014	45	Response	1	894288	3062	2
13_01_1951_1_014	46	Picture	10	909297	0	1	4144	3	0	4000	other	0
13_01_1951_1_014	46	Pulse	5	913169	3872	1
13_01_1951_1_014	47	Picture	10	927368	0	1	4144	3	0	4000	other	0
13_01_1951_1_014	47	Pulse	5	933168	5800	2
13_01_1951_1_014	48	Picture	11	945439	0	1	4144	3	0	4000	hit	98
13_01_1951_1_014	48	Response	1	948847	3408	2
13_01_1951_1_014	48	Pulse	5	953157	7718	2
13_01_1951_1_014	49	Picture	10	963510	0	1	4144	3	0	4000	other	0
13_01_1951_1_014	49	Pulse	5	973157	9647	2
13_01_1951_1_014	50	Picture	10	981581	0	1	4144	2	0	4000	other	0
13_01_1951_1_014	50	Pulse	5	993157	11576	1
13_01_1951_1_014	51	Picture	10	999652	0	1	4144	3	0	4000	other	0
13_01_1951_1_014	51	Pulse	5	1013146	13494	2
13_01_1951_1_014	52	Picture	10	1017723	0	1	4144	2	0	4000	other	0
13_01_1951_1_014	52	Pulse	5	1033146	15423	2
13_01_1951_1_014	53	Pulse	5	1053145	17352	2
13_01_1951_1_014	54	Picture	20	1060827	0	2	4145	3	0	4000	other	0
13_01_1951_1_014	54	Pulse	5	1073135	12308	2
13_01_1951_1_014	55	Picture	20	1078898	0	2	4145	3	0	4000	other	0
13_01_1951_1_014	55	Pulse	5	1093135	14237	1
13_01_1951_1_014	56	Picture	21	1096969	0	2	4145	3	0	4000	hit	114
13_01_1951_1_014	56	Response	1	1100814	3845	2
13_01_1951_1_014	56	Pulse	5	1113134	16165	2
13_01_1951_1_014	57	Picture	20	1115040	0	2	4145	3	0	4000	other	0
13_01_1951_1_014	58	Picture	20	1133111	0	1	4145	2	0	4000	other	0
13_01_1951_1_014	58	Pulse	5	1133123	12	4
13_01_1951_1_014	59	Picture	20	1151182	0	1	4145	2	0	4000	other	0
13_01_1951_1_014	59	Pulse	5	1153124	1942	1
13_01_1951_1_014	60	Picture	21	1169253	0	2	4145	3	0	4000	hit	123
13_01_1951_1_014	60	Pulse	5	1173123	3870	2
13_01_1951_1_014	60	Response	1	1174083	4830	2
13_01_1951_1_014	61	Picture	20	1187324	0	1	4145	2	0	4000	other	0
13_01_1951_1_014	61	Pulse	5	1193113	5789	2
13_01_1951_1_014	62	Picture	20	1205395	0	1	4145	2	0	4000	other	0
13_01_1951_1_014	62	Pulse	5	1213112	7717	2
13_01_1951_1_014	63	Picture	20	1223466	0	1	4145	2	0	4000	other	0
13_01_1951_1_014	63	Pulse	5	1233112	9646	2
13_01_1951_1_014	64	Picture	20	1241537	0	1	4145	2	0	4000	other	0
13_01_1951_1_014	64	Pulse	5	1253102	11565	1
13_01_1951_1_014	65	Picture	20	1259608	0	1	4145	2	0	4000	other	0
13_01_1951_1_014	65	Pulse	5	1273101	13493	2
13_01_1951_1_014	66	Picture	21	1277679	0	1	4145	2	0	4000	hit	135
13_01_1951_1_014	66	Response	1	1282061	4382	2
13_01_1951_1_014	66	Pulse	5	1293101	15422	2
13_01_1951_1_014	67	Picture	20	1295750	0	1	4145	2	0	4000	other	0
13_01_1951_1_014	67	Pulse	5	1313091	17341	1
13_01_1951_1_014	68	Picture	20	1313820	0	3	4146	4	0	4000	other	0
13_01_1951_1_014	69	Picture	21	1331892	0	1	4145	2	0	4000	hit	142
13_01_1951_1_014	69	Pulse	5	1333090	1198	2
13_01_1951_1_014	69	Response	1	1337090	5198	2
13_01_1951_1_014	70	Pulse	5	1353090	3127	2
13_01_1951_1_014	70	Pulse	5	1373079	23116	3
13_01_1951_1_014	71	Picture	10	1374997	0	1	4145	2	0	4000	other	0
13_01_1951_1_014	72	Picture	10	1393068	0	1	4144	3	0	4000	other	0
13_01_1951_1_014	72	Pulse	5	1393079	11	3
13_01_1951_1_014	73	Picture	11	1411139	0	1	4144	3	0	4000	hit	150
13_01_1951_1_014	73	Pulse	5	1413079	1940	1
13_01_1951_1_014	73	Response	1	1415318	4179	3
13_01_1951_1_014	74	Picture	10	1429210	0	1	4144	3	0	4000	other	0
13_01_1951_1_014	74	Pulse	5	1433068	3858	2
13_01_1951_1_014	75	Picture	11	1447281	0	1	4144	3	0	4000	hit	154
13_01_1951_1_014	75	Response	1	1451468	4187	2
13_01_1951_1_014	75	Pulse	5	1453068	5787	2
13_01_1951_1_014	76	Picture	10	1465352	0	1	4144	3	0	4000	other	0
13_01_1951_1_014	76	Pulse	5	1473068	7716	1
13_01_1951_1_014	77	Picture	10	1483423	0	1	4144	3	0	4000	other	0
13_01_1951_1_014	77	Pulse	5	1493057	9634	2
13_01_1951_1_014	78	Picture	11	1501494	0	1	4144	3	0	4000	hit	161
13_01_1951_1_014	78	Response	1	1504417	2923	2
13_01_1951_1_014	78	Pulse	5	1513057	11563	2
13_01_1951_1_014	79	Picture	10	1519565	0	1	4144	2	0	4000	other	0
13_01_1951_1_014	79	Pulse	5	1533056	13491	2
13_01_1951_1_014	80	Picture	10	1537635	0	2	4145	3	0	4000	other	0
13_01_1951_1_014	80	Pulse	5	1553046	15411	2
13_01_1951_1_014	81	Picture	10	1555706	0	2	4145	3	0	4000	other	0
13_01_1951_1_014	81	Pulse	5	1573045	17339	2
13_01_1951_1_014	82	Picture	10	1573777	0	2	4145	3	0	4000	other	0
13_01_1951_1_014	83	Picture	10	1591848	0	2	4145	3	0	4000	other	0
13_01_1951_1_014	83	Pulse	5	1593045	1197	2
13_01_1951_1_014	84	Picture	11	1609919	0	2	4145	3	0	4000	hit	174
13_01_1951_1_014	84	Pulse	5	1613035	3116	2
13_01_1951_1_014	84	Response	1	1613355	3436	2
13_01_1951_1_014	85	Picture	10	1627990	0	2	4145	3	0	4000	other	0
13_01_1951_1_014	85	Pulse	5	1633034	5044	2
13_01_1951_1_014	86	Picture	10	1646061	0	1	4145	2	0	4000	other	0
13_01_1951_1_014	86	Pulse	5	1653194	7133	2
13_01_1951_1_014	87	Pulse	5	1673183	9051	3
13_01_1951_1_014	88	Picture	30	1689166	0	1	4145	2	0	4000	other	0
13_01_1951_1_014	88	Pulse	5	1693183	4017	2
13_01_1951_1_014	89	Picture	30	1707237	0	1	4145	2	0	4000	other	0
13_01_1951_1_014	89	Pulse	5	1713182	5945	3
13_01_1951_1_014	90	Picture	30	1725308	0	1	4145	2	0	4000	other	0
13_01_1951_1_014	90	Pulse	5	1733173	7865	1
13_01_1951_1_014	91	Picture	31	1743379	0	1	4145	2	0	4000	hit	187
13_01_1951_1_014	91	Response	1	1749012	5633	2
13_01_1951_1_014	91	Pulse	5	1753172	9793	2
13_01_1951_1_014	92	Picture	31	1761450	0	1	4145	2	0	4000	hit	190
13_01_1951_1_014	92	Response	1	1769172	7722	2
13_01_1951_1_014	92	Pulse	5	1773172	11722	2
13_01_1951_1_014	93	Picture	30	1779521	0	1	4145	2	0	4000	other	0
13_01_1951_1_014	93	Pulse	5	1793162	13641	1
13_01_1951_1_014	94	Picture	30	1797592	0	1	4145	2	0	4000	other	0
13_01_1951_1_014	94	Pulse	5	1813161	15569	2
13_01_1951_1_014	95	Picture	30	1815663	0	1	4145	2	0	4000	other	0
13_01_1951_1_014	95	Pulse	5	1833161	17498	2
13_01_1951_1_014	96	Picture	31	1833734	0	1	4145	2	0	4000	hit	199
13_01_1951_1_014	96	Response	1	1838920	5186	3
13_01_1951_1_014	97	Picture	30	1851805	0	1	4144	3	0	4000	other	0
13_01_1951_1_014	97	Pulse	5	1853150	1345	2
13_01_1951_1_014	98	Picture	30	1869876	0	1	4144	3	0	4000	other	0
13_01_1951_1_014	98	Pulse	5	1873150	3274	2
13_01_1951_1_014	99	Picture	30	1887947	0	1	4144	3	0	4000	other	0
13_01_1951_1_014	99	Pulse	5	1893150	5203	1
13_01_1951_1_014	100	Picture	30	1906018	0	1	4144	3	0	4000	other	0
13_01_1951_1_014	100	Pulse	5	1913139	7121	2
13_01_1951_1_014	101	Picture	31	1924089	0	1	4144	3	0	4000	miss	0
13_01_1951_1_014	101	Pulse	5	1933139	9050	2
13_01_1951_1_014	102	Picture	30	1942159	0	2	4145	4	0	4000	other	0
13_01_1951_1_014	102	Pulse	5	1953138	10979	2
13_01_1951_1_014	103	Picture	30	1960231	0	1	4144	2	0	4000	false_alarm	213
13_01_1951_1_014	103	Response	1	1964499	4268	1
13_01_1951_1_014	103	Pulse	5	1973128	12897	2
13_01_1951_1_014	104	Pulse	5	1993128	14826	2
13_01_1951_1_014	105	Picture	10	2003336	0	1	4144	3	0	4000	other	0
13_01_1951_1_014	105	Pulse	5	2013127	9791	2
13_01_1951_1_014	106	Picture	10	2021407	0	1	4144	3	0	4000	other	0
13_01_1951_1_014	106	Pulse	5	2033117	11710	2
13_01_1951_1_014	107	Picture	11	2039478	0	1	4144	2	0	4000	hit	221
13_01_1951_1_014	107	Response	1	2042717	3239	2
13_01_1951_1_014	107	Pulse	5	2053117	13639	1
13_01_1951_1_014	108	Picture	10	2057549	0	1	4144	2	0	4000	other	0
13_01_1951_1_014	108	Pulse	5	2073116	15567	2
13_01_1951_1_014	109	Picture	11	2075619	0	2	4145	3	0	4000	hit	226
13_01_1951_1_014	109	Response	1	2079356	3737	2
13_01_1951_1_014	109	Pulse	5	2093106	17487	2
13_01_1951_1_014	110	Picture	10	2093690	0	2	4145	3	0	4000	other	0
13_01_1951_1_014	111	Picture	10	2111761	0	2	4145	3	0	4000	other	0
13_01_1951_1_014	111	Pulse	5	2113105	1344	3
13_01_1951_1_014	112	Picture	11	2129832	0	2	4145	3	0	4000	hit	233
13_01_1951_1_014	112	Pulse	5	2133105	3273	2
13_01_1951_1_014	112	Response	1	2133585	3753	2
13_01_1951_1_014	112	Response	1	2141585	11753	2
13_01_1951_1_014	113	Picture	10	2147903	0	2	4145	3	0	4000	other	0
13_01_1951_1_014	113	Pulse	5	2153095	5192	2
13_01_1951_1_014	114	Picture	10	2165974	0	1	4145	2	0	4000	other	0
13_01_1951_1_014	114	Pulse	5	2173094	7120	2
13_01_1951_1_014	115	Picture	10	2184045	0	1	4145	2	0	4000	other	0
13_01_1951_1_014	115	Pulse	5	2193094	9049	2
13_01_1951_1_014	116	Picture	10	2202116	0	1	4145	2	0	4000	other	0
13_01_1951_1_014	116	Pulse	5	2213084	10968	1
13_01_1951_1_014	117	Picture	10	2220187	0	1	4145	2	0	4000	other	0
13_01_1951_1_014	117	Pulse	5	2233083	12896	2
13_01_1951_1_014	118	Picture	11	2238258	0	1	4145	2	0	4000	hit	246
13_01_1951_1_014	118	Response	1	2241884	3626	1
13_01_1951_1_014	118	Pulse	5	2253083	14825	2
13_01_1951_1_014	119	Picture	10	2256329	0	1	4145	2	0	4000	other	0
13_01_1951_1_014	119	Pulse	5	2273072	16743	2
13_01_1951_1_014	120	Picture	10	2274400	0	1	4145	2	0	4000	other	0
13_01_1951_1_014	121	Pulse	5	2293073	603	1
13_01_1951_1_014	121	Pulse	5	2313072	20602	2
13_01_1951_1_014	122	Picture	20	2317505	0	1	4144	3	0	4000	other	0
13_01_1951_1_014	122	Pulse	5	2333061	15556	2
13_01_1951_1_014	123	Picture	20	2335576	0	1	4145	2	0	4000	other	0
13_01_1951_1_014	123	Pulse	5	2353061	17485	2
13_01_1951_1_014	124	Picture	20	2353647	0	1	4145	2	0	4000	other	0
13_01_1951_1_014	125	Picture	21	2371718	0	1	4145	2	0	4000	hit	260
13_01_1951_1_014	125	Pulse	5	2373061	1343	1
13_01_1951_1_014	125	Response	1	2375621	3903	1
13_01_1951_1_014	126	Picture	20	2389789	0	1	4144	3	0	4000	other	0
13_01_1951_1_014	126	Pulse	5	2393050	3261	2
13_01_1951_1_014	127	Picture	20	2407859	0	2	4146	3	0	4000	other	0
13_01_1951_1_014	127	Pulse	5	2413050	5191	2
13_01_1951_1_014	128	Picture	21	2425931	0	1	4144	3	0	4000	hit	266
13_01_1951_1_014	128	Response	1	2431129	5198	2
13_01_1951_1_014	128	Pulse	5	2433049	7118	2
13_01_1951_1_014	129	Picture	20	2444002	0	1	4144	3	0	4000	other	0
13_01_1951_1_014	129	Pulse	5	2453039	9037	2
13_01_1951_1_014	130	Picture	20	2462073	0	1	4144	3	0	4000	other	0
13_01_1951_1_014	130	Pulse	5	2473039	10966	2
13_01_1951_1_014	131	Picture	20	2480144	0	1	4144	3	0	4000	other	0
13_01_1951_1_014	131	Pulse	5	2493038	12894	2
13_01_1951_1_014	132	Picture	21	2498215	0	1	4144	2	0	4000	hit	275
13_01_1951_1_014	132	Response	1	2502796	4581	6
13_01_1951_1_014	132	Pulse	5	2513028	14813	2
13_01_1951_1_014	133	Picture	20	2516285	0	2	4145	3	0	4000	other	0
13_01_1951_1_014	133	Pulse	5	2533028	16743	1
13_01_1951_1_014	134	Picture	20	2534357	0	1	4144	2	0	4000	other	0
13_01_1951_1_014	135	Picture	21	2552427	0	2	4145	3	0	4000	hit	282
13_01_1951_1_014	135	Pulse	5	2553027	600	2
13_01_1951_1_014	135	Response	1	2559747	7320	2
13_01_1951_1_014	136	Picture	20	2570498	0	2	4145	3	0	4000	other	0
13_01_1951_1_014	136	Pulse	5	2573017	2519	2
13_01_1951_1_014	137	Picture	20	2588569	0	2	4145	3	0	4000	other	0
13_01_1951_1_014	137	Pulse	5	2593016	4447	4
