Scenario - 1-back
Logfile written - 05/31/2014 19:43:45

Subject	Trial	Event Type	Code	Time	TTime	Uncertainty	Duration	Uncertainty	ReqTime	ReqDur	Stim Type	Pair Index

13_01_1951_1_014	1	Pulse	5	120839	130673	2
13_01_1951_1_014	2	Pulse	5	140839	19867	2
13_01_1951_1_014	3	Picture	10	146006	0	1	4145	2	0	4000	other	0
13_01_1951_1_014	3	Pulse	5	160828	14822	3
13_01_1951_1_014	4	Picture	10	164077	0	1	4145	2	0	4000	other	0
13_01_1951_1_014	4	Pulse	5	180828	16751	2
13_01_1951_1_014	5	Picture	11	182148	0	1	4145	2	0	4000	hit	8
13_01_1951_1_014	5	Response	1	186428	4280	2
13_01_1951_1_014	6	Picture	10	200219	0	1	4145	2	0	4000	other	0
13_01_1951_1_014	6	Pulse	5	200828	609	2
13_01_1951_1_014	7	Picture	11	218290	0	1	4145	2	0	4000	hit	13
13_01_1951_1_014	7	Pulse	5	220817	2527	2
13_01_1951_1_014	7	Response	1	221937	3647	2
13_01_1951_1_014	8	Picture	10	236361	0	1	4145	2	0	4000	other	0
13_01_1951_1_014	8	Pulse	5	240817	4456	2
13_01_1951_1_014	9	Picture	10	254432	0	1	4145	3	0	4000	other	0
13_01_1951_1_014	9	Pulse	5	260817	6385	1
13_01_1951_1_014	10	Picture	10	272503	0	1	4145	2	0	4000	other	0
13_01_1951_1_014	10	Pulse	5	280806	8303	2
13_01_1951_1_014	11	Picture	11	290574	0	1	4145	2	0	4000	hit	21
13_01_1951_1_014	11	Response	1	294726	4152	2
13_01_1951_1_014	11	Pulse	5	300807	10233	1
13_01_1951_1_014	12	Picture	10	308645	0	2	4145	3	0	4000	other	0
13_01_1951_1_014	12	Pulse	5	320804	12159	4
13_01_1951_1_014	13	Picture	10	326716	0	1	4144	3	0	4000	other	0
13_01_1951_1_014	13	Pulse	5	340795	14079	2
13_01_1951_1_014	14	Picture	11	344787	0	1	4144	3	0	4000	hit	28
13_01_1951_1_014	14	Response	1	348475	3688	2
13_01_1951_1_014	14	Pulse	5	360795	16008	2
13_01_1951_1_014	15	Picture	10	362858	0	1	4144	3	0	4000	other	0
13_01_1951_1_014	15	Pulse	5	380794	17936	2
13_01_1951_1_014	16	Picture	10	380929	0	1	4144	3	0	4000	other	0
13_01_1951_1_014	17	Picture	10	399000	0	1	4144	2	0	4000	other	0
13_01_1951_1_014	17	Pulse	5	400784	1784	2
13_01_1951_1_014	18	Picture	10	417071	0	1	4144	3	0	4000	other	0
13_01_1951_1_014	18	Pulse	5	420784	3713	2
13_01_1951_1_014	19	Pulse	5	440784	5643	1
13_01_1951_1_014	20	Picture	30	460176	0	1	4144	2	0	4000	other	0
13_01_1951_1_014	20	Pulse	5	460773	597	2
13_01_1951_1_014	21	Picture	30	478247	0	1	4144	2	0	4000	other	0
13_01_1951_1_014	21	Pulse	5	480772	2525	2
13_01_1951_1_014	22	Picture	31	496318	0	1	4144	2	0	4000	hit	44
13_01_1951_1_014	22	Pulse	5	500772	4454	2
13_01_1951_1_014	22	Response	1	501252	4934	2
13_01_1951_1_014	23	Picture	30	514388	0	2	4145	3	0	4000	other	0
13_01_1951_1_014	23	Pulse	5	520762	6374	2
13_01_1951_1_014	24	Picture	30	532459	0	2	4145	3	0	4000	other	0
13_01_1951_1_014	24	Pulse	5	540761	8302	2
13_01_1951_1_014	25	Picture	30	550530	0	2	4145	3	0	4000	other	0
13_01_1951_1_014	25	Pulse	5	560761	10231	2
13_01_1951_1_014	26	Picture	31	568601	0	2	4145	3	0	4000	miss	0
13_01_1951_1_014	26	Pulse	5	580751	12150	2
13_01_1951_1_014	27	Picture	31	586672	0	2	4145	3	0	4000	hit	54
13_01_1951_1_014	27	Response	1	591950	5278	2
13_01_1951_1_014	27	Pulse	5	600750	14078	2
13_01_1951_1_014	28	Picture	30	604743	0	1	4145	2	0	4000	other	0
13_01_1951_1_014	28	Pulse	5	620750	16007	2
13_01_1951_1_014	29	Picture	30	622814	0	1	4145	3	0	4000	other	0
13_01_1951_1_014	29	Pulse	5	640739	17925	2
13_01_1951_1_014	30	Picture	30	640885	0	1	4145	2	0	4000	other	0
13_01_1951_1_014	31	Picture	31	658956	0	1	4145	2	0	4000	hit	63
13_01_1951_1_014	31	Pulse	5	660739	1783	2
13_01_1951_1_014	31	Response	1	662659	3703	2
13_01_1951_1_014	32	Picture	30	677027	0	1	4145	2	0	4000	other	0
13_01_1951_1_014	32	Pulse	5	680739	3712	2
13_01_1951_1_014	33	Picture	30	695098	0	1	4145	2	0	4000	other	0
13_01_1951_1_014	33	Pulse	5	700729	5631	1
13_01_1951_1_014	34	Picture	30	713169	0	1	4145	2	0	4000	other	0
13_01_1951_1_014	34	Pulse	5	720728	7559	2
13_01_1951_1_014	35	Picture	30	731240	0	1	4145	2	0	4000	false_alarm	71
13_01_1951_1_014	35	Response	1	737208	5968	1
13_01_1951_1_014	35	Pulse	5	740728	9488	1
13_01_1951_1_014	36	Pulse	5	760717	11406	2
13_01_1951_1_014	37	Picture	10	774345	0	1	4145	2	0	4000	other	0
13_01_1951_1_014	37	Pulse	5	780717	6372	2
13_01_1951_1_014	38	Picture	10	792416	0	1	4145	2	0	4000	other	0
13_01_1951_1_014	38	Pulse	5	800716	8300	2
13_01_1951_1_014	39	Picture	11	810487	0	1	4145	2	0	4000	hit	79
13_01_1951_1_014	39	Response	1	813986	3499	2
13_01_1951_1_014	39	Pulse	5	820706	10219	2
13_01_1951_1_014	40	Picture	10	828558	0	1	4145	2	0	4000	other	0
13_01_1951_1_014	40	Pulse	5	840706	12148	2
13_01_1951_1_014	41	Picture	11	846629	0	1	4144	3	0	4000	hit	84
13_01_1951_1_014	41	Response	1	850146	3517	1
13_01_1951_1_014	41	Pulse	5	860705	14076	2
13_01_1951_1_014	42	Picture	10	864700	0	1	4144	3	0	4000	other	0
13_01_1951_1_014	42	Pulse	5	880695	15995	2
13_01_1951_1_014	43	Picture	10	882771	0	1	4144	3	0	4000	other	0
13_01_1951_1_014	43	Pulse	5	900695	17924	1
13_01_1951_1_014	44	Picture	10	900842	0	1	4144	3	0	4000	other	0
13_01_1951_1_014	45	Picture	11	918913	0	1	4144	3	0	4000	hit	93
13_01_1951_1_014	45	Pulse	5	920694	1781	2
13_01_1951_1_014	45	Response	1	923415	4502	1
13_01_1951_1_014	46	Picture	10	936984	0	1	4144	3	0	4000	other	0
13_01_1951_1_014	46	Pulse	5	940684	3700	2
13_01_1951_1_014	47	Picture	10	955055	0	1	4144	2	0	4000	other	0
13_01_1951_1_014	47	Pulse	5	960683	5628	2
13_01_1951_1_014	48	Picture	11	973126	0	1	4144	2	0	4000	hit	99
13_01_1951_1_014	48	Response	1	976523	3397	2
13_01_1951_1_014	48	Pulse	5	980683	7557	2
13_01_1951_1_014	49	Picture	10	991196	0	2	4145	3	0	4000	other	0
13_01_1951_1_014	49	Pulse	5	1000673	9477	2
13_01_1951_1_014	50	Picture	10	1009267	0	2	4145	3	0	4000	other	0
13_01_1951_1_014	50	Pulse	5	1020832	11565	2
13_01_1951_1_014	51	Picture	10	1027338	0	2	4145	3	0	4000	other	0
13_01_1951_1_014	51	Pulse	5	1040832	13494	2
13_01_1951_1_014	52	Picture	10	1045409	0	2	4145	3	0	4000	other	0
13_01_1951_1_014	52	Pulse	5	1060822	15413	1
13_01_1951_1_014	53	Pulse	5	1080822	17342	1
13_01_1951_1_014	54	Picture	20	1088514	0	2	4145	3	0	4000	other	0
13_01_1951_1_014	54	Pulse	5	1100822	12308	1
13_01_1951_1_014	55	Picture	20	1106585	0	2	4145	4	0	4000	other	0
13_01_1951_1_014	55	Pulse	5	1120810	14225	2
13_01_1951_1_014	56	Picture	21	1124656	0	1	4145	2	0	4000	hit	115
13_01_1951_1_014	56	Response	1	1129130	4474	2
13_01_1951_1_014	56	Pulse	5	1140811	16155	1
13_01_1951_1_014	57	Picture	20	1142727	0	1	4145	2	0	4000	other	0
13_01_1951_1_014	58	Picture	20	1160798	0	1	4145	2	0	4000	other	0
13_01_1951_1_014	58	Pulse	5	1160810	12	2
13_01_1951_1_014	59	Picture	20	1178868	0	2	4146	3	0	4000	other	0
13_01_1951_1_014	59	Pulse	5	1180799	1931	2
13_01_1951_1_014	60	Picture	21	1196940	0	1	4145	2	0	4000	hit	124
13_01_1951_1_014	60	Pulse	5	1200799	3859	2
13_01_1951_1_014	60	Response	1	1201119	4179	2
13_01_1951_1_014	61	Picture	20	1215011	0	1	4145	2	0	4000	other	0
13_01_1951_1_014	61	Pulse	5	1220799	5788	1
13_01_1951_1_014	62	Picture	20	1233082	0	1	4145	2	0	4000	other	0
13_01_1951_1_014	62	Pulse	5	1240788	7706	2
13_01_1951_1_014	63	Picture	20	1251153	0	1	4145	2	0	4000	other	0
13_01_1951_1_014	63	Pulse	5	1260788	9635	2
13_01_1951_1_014	64	Picture	20	1269224	0	1	4145	2	0	4000	other	0
13_01_1951_1_014	64	Pulse	5	1280787	11563	2
13_01_1951_1_014	65	Picture	20	1287295	0	1	4145	2	0	4000	other	0
13_01_1951_1_014	65	Pulse	5	1300777	13482	2
13_01_1951_1_014	66	Picture	21	1305366	0	1	4145	2	0	4000	hit	136
13_01_1951_1_014	66	Response	1	1309737	4371	3
13_01_1951_1_014	66	Pulse	5	1320777	15411	1
13_01_1951_1_014	67	Picture	20	1323437	0	1	4145	2	0	4000	other	0
13_01_1951_1_014	67	Pulse	5	1340776	17339	2
13_01_1951_1_014	68	Picture	20	1341508	0	1	4145	2	0	4000	other	0
13_01_1951_1_014	69	Picture	21	1359579	0	1	4144	3	0	4000	hit	143
13_01_1951_1_014	69	Pulse	5	1360766	1187	2
13_01_1951_1_014	69	Response	1	1364766	5187	2
13_01_1951_1_014	70	Pulse	5	1380766	3116	1
13_01_1951_1_014	70	Pulse	5	1400765	23115	2
13_01_1951_1_014	71	Picture	10	1402684	0	1	4144	3	0	4000	other	0
13_01_1951_1_014	72	Picture	10	1420755	0	2	4144	4	0	4000	other	0
13_01_1951_1_014	72	Pulse	5	1420755	0	2
13_01_1951_1_014	73	Picture	11	1438826	0	1	4144	3	0	4000	hit	151
13_01_1951_1_014	73	Pulse	5	1440754	1928	3
13_01_1951_1_014	73	Response	1	1443154	4328	3
13_01_1951_1_014	74	Picture	10	1456897	0	1	4144	3	0	4000	other	0
13_01_1951_1_014	74	Pulse	5	1460754	3857	2
13_01_1951_1_014	75	Picture	11	1474968	0	1	4144	2	0	4000	hit	155
13_01_1951_1_014	75	Response	1	1478824	3856	2
13_01_1951_1_014	75	Pulse	5	1480744	5776	2
13_01_1951_1_014	76	Picture	10	1493039	0	1	4143	3	0	4000	other	0
13_01_1951_1_014	76	Pulse	5	1500743	7704	2
13_01_1951_1_014	77	Picture	10	1511110	0	1	4144	2	0	4000	other	0
13_01_1951_1_014	77	Pulse	5	1520743	9633	2
13_01_1951_1_014	78	Picture	11	1529180	0	2	4145	3	0	4000	hit	162
13_01_1951_1_014	78	Response	1	1533053	3873	2
13_01_1951_1_014	78	Pulse	5	1540733	11553	1
13_01_1951_1_014	79	Picture	10	1547251	0	2	4145	3	0	4000	other	0
13_01_1951_1_014	79	Pulse	5	1560732	13481	2
13_01_1951_1_014	80	Picture	10	1565322	0	2	4145	3	0	4000	other	0
13_01_1951_1_014	80	Pulse	5	1580732	15410	2
13_01_1951_1_014	81	Picture	10	1583393	0	2	4145	3	0	4000	other	0
13_01_1951_1_014	81	Pulse	5	1600721	17328	3
13_01_1951_1_014	82	Picture	10	1601464	0	2	4145	3	0	4000	other	0
13_01_1951_1_014	83	Picture	10	1619535	0	2	4145	3	0	4000	other	0
13_01_1951_1_014	83	Pulse	5	1620721	1186	2
13_01_1951_1_014	84	Picture	11	1637606	0	1	4145	2	0	4000	hit	175
13_01_1951_1_014	84	Pulse	5	1640721	3115	1
13_01_1951_1_014	84	Response	1	1641521	3915	1
13_01_1951_1_014	85	Picture	10	1655677	0	1	4145	2	0	4000	other	0
13_01_1951_1_014	85	Pulse	5	1660710	5033	2
13_01_1951_1_014	86	Picture	10	1673748	0	1	4145	2	0	4000	other	0
13_01_1951_1_014	86	Pulse	5	1680710	6962	2
13_01_1951_1_014	87	Pulse	5	1700710	8891	2
13_01_1951_1_014	88	Picture	30	1716853	0	1	4145	2	0	4000	other	0
13_01_1951_1_014	88	Pulse	5	1720699	3846	2
13_01_1951_1_014	89	Picture	30	1734924	0	1	4145	2	0	4000	other	0
13_01_1951_1_014	89	Pulse	5	1740699	5775	2
13_01_1951_1_014	90	Picture	30	1752995	0	1	4145	2	0	4000	other	0
13_01_1951_1_014	90	Pulse	5	1760698	7703	2
13_01_1951_1_014	91	Picture	31	1771066	0	1	4145	2	0	4000	hit	188
13_01_1951_1_014	91	Response	1	1777008	5942	2
13_01_1951_1_014	91	Pulse	5	1780688	9622	2
13_01_1951_1_014	92	Picture	31	1789137	0	1	4145	2	0	4000	hit	191
13_01_1951_1_014	92	Response	1	1793489	4352	1
13_01_1951_1_014	92	Pulse	5	1800688	11551	1
13_01_1951_1_014	93	Picture	30	1807208	0	1	4145	2	0	4000	other	0
13_01_1951_1_014	93	Pulse	5	1820687	13479	2
13_01_1951_1_014	94	Picture	30	1825279	0	1	4145	2	0	4000	other	0
13_01_1951_1_014	94	Pulse	5	1840677	15398	2
13_01_1951_1_014	95	Picture	30	1843350	0	1	4145	2	0	4000	other	0
13_01_1951_1_014	95	Pulse	5	1860676	17326	3
13_01_1951_1_014	96	Picture	31	1861421	0	1	4144	3	0	4000	hit	200
13_01_1951_1_014	96	Response	1	1866916	5495	3
13_01_1951_1_014	97	Picture	30	1879492	0	1	4144	3	0	4000	other	0
13_01_1951_1_014	97	Pulse	5	1880676	1184	2
13_01_1951_1_014	98	Picture	30	1897563	0	1	4144	3	0	4000	other	0
13_01_1951_1_014	98	Pulse	5	1900666	3103	2
13_01_1951_1_014	99	Picture	30	1915634	0	1	4144	3	0	4000	other	0
13_01_1951_1_014	99	Pulse	5	1920665	5031	3
13_01_1951_1_014	100	Picture	30	1933705	0	1	4144	3	0	4000	other	0
13_01_1951_1_014	100	Pulse	5	1940665	6960	2
13_01_1951_1_014	101	Picture	31	1951776	0	1	4144	2	0	4000	hit	210
13_01_1951_1_014	101	Response	1	1957135	5359	2
13_01_1951_1_014	101	Pulse	5	1960655	8879	1
13_01_1951_1_014	102	Picture	30	1969846	0	2	4145	4	0	4000	other	0
13_01_1951_1_014	102	Pulse	5	1980654	10808	2
13_01_1951_1_014	103	Picture	30	1987918	0	1	4144	2	0	4000	false_alarm	215
13_01_1951_1_014	103	Response	1	1995054	7136	2
13_01_1951_1_014	103	Pulse	5	2000654	12736	2
13_01_1951_1_014	104	Pulse	5	2020644	14656	1
13_01_1951_1_014	105	Picture	10	2031023	0	1	4144	3	0	4000	other	0
13_01_1951_1_014	105	Pulse	5	2040643	9620	2
13_01_1951_1_014	106	Picture	10	2049093	0	2	4145	3	0	4000	other	0
13_01_1951_1_014	106	Pulse	5	2060804	11711	1
13_01_1951_1_014	107	Picture	11	2067165	0	1	4144	2	0	4000	hit	223
13_01_1951_1_014	107	Response	1	2070723	3558	1
13_01_1951_1_014	107	Pulse	5	2080792	13627	2
13_01_1951_1_014	108	Picture	10	2085235	0	2	4145	3	0	4000	other	0
13_01_1951_1_014	108	Pulse	5	2100792	15557	2
13_01_1951_1_014	109	Picture	11	2103306	0	2	4145	3	0	4000	hit	228
13_01_1951_1_014	109	Response	1	2107832	4526	2
13_01_1951_1_014	109	Pulse	5	2120792	17486	2
13_01_1951_1_014	110	Picture	10	2121377	0	2	4145	3	0	4000	other	0
13_01_1951_1_014	111	Picture	10	2139448	0	2	4145	3	0	4000	other	0
13_01_1951_1_014	111	Pulse	5	2140781	1333	2
13_01_1951_1_014	112	Picture	11	2157519	0	1	4145	2	0	4000	hit	235
13_01_1951_1_014	112	Pulse	5	2160781	3262	2
13_01_1951_1_014	112	Response	1	2161901	4382	2
13_01_1951_1_014	113	Picture	10	2175590	0	1	4145	2	0	4000	other	0
13_01_1951_1_014	113	Pulse	5	2180781	5191	1
13_01_1951_1_014	114	Picture	10	2193661	0	1	4144	3	0	4000	other	0
13_01_1951_1_014	114	Pulse	5	2200770	7109	2
13_01_1951_1_014	115	Picture	10	2211732	0	1	4145	2	0	4000	other	0
13_01_1951_1_014	115	Pulse	5	2220770	9038	2
13_01_1951_1_014	116	Picture	10	2229803	0	1	4145	2	0	4000	other	0
13_01_1951_1_014	116	Pulse	5	2240769	10966	2
13_01_1951_1_014	117	Picture	10	2247874	0	1	4145	2	0	4000	other	0
13_01_1951_1_014	117	Pulse	5	2260759	12885	2
13_01_1951_1_014	118	Picture	11	2265945	0	1	4145	2	0	4000	hit	247
13_01_1951_1_014	118	Response	1	2270359	4414	2
13_01_1951_1_014	118	Pulse	5	2280759	14814	1
13_01_1951_1_014	119	Picture	10	2284016	0	1	4145	2	0	4000	other	0
13_01_1951_1_014	119	Pulse	5	2300758	16742	2
13_01_1951_1_014	120	Picture	10	2302087	0	1	4145	2	0	4000	other	0
13_01_1951_1_014	121	Pulse	5	2320748	590	2
13_01_1951_1_014	121	Pulse	5	2340748	20590	1
13_01_1951_1_014	122	Picture	20	2345192	0	1	4145	2	0	4000	other	0
13_01_1951_1_014	122	Pulse	5	2360747	15555	2
13_01_1951_1_014	123	Picture	20	2363263	0	1	4145	2	0	4000	other	0
13_01_1951_1_014	123	Pulse	5	2380737	17474	2
13_01_1951_1_014	124	Picture	20	2381334	0	1	4145	2	0	4000	other	0
13_01_1951_1_014	125	Picture	21	2399405	0	1	4144	3	0	4000	hit	261
13_01_1951_1_014	125	Pulse	5	2400736	1331	2
13_01_1951_1_014	125	Response	1	2403776	4371	3
13_01_1951_1_014	126	Picture	20	2417476	0	1	4144	3	0	4000	other	0
13_01_1951_1_014	126	Pulse	5	2420736	3260	2
13_01_1951_1_014	127	Picture	20	2435547	0	1	4144	3	0	4000	other	0
13_01_1951_1_014	127	Pulse	5	2440726	5179	1
13_01_1951_1_014	128	Picture	21	2453617	0	2	4145	4	0	4000	hit	267
13_01_1951_1_014	128	Response	1	2457845	4228	2
13_01_1951_1_014	128	Pulse	5	2460725	7108	2
13_01_1951_1_014	129	Picture	20	2471689	0	1	4144	3	0	4000	other	0
13_01_1951_1_014	129	Pulse	5	2480725	9036	4
13_01_1951_1_014	130	Picture	20	2489760	0	1	4144	3	0	4000	other	0
13_01_1951_1_014	130	Pulse	5	2500714	10954	2
13_01_1951_1_014	131	Picture	20	2507830	0	2	4145	5	0	4000	other	0
13_01_1951_1_014	131	Pulse	5	2520714	12884	3
13_01_1951_1_014	132	Picture	21	2525902	0	1	4144	2	0	4000	hit	276
13_01_1951_1_014	132	Response	1	2529194	3292	2
13_01_1951_1_014	132	Pulse	5	2540714	14812	2
13_01_1951_1_014	133	Picture	20	2543972	0	2	4145	3	0	4000	other	0
13_01_1951_1_014	133	Pulse	5	2560703	16731	2
13_01_1951_1_014	134	Picture	20	2562043	0	2	4145	3	0	4000	other	0
13_01_1951_1_014	135	Picture	21	2580114	0	2	4145	3	0	4000	hit	283
13_01_1951_1_014	135	Pulse	5	2580703	589	2
13_01_1951_1_014	135	Response	1	2584383	4269	2
13_01_1951_1_014	136	Picture	20	2598185	0	2	4145	3	0	4000	other	0
13_01_1951_1_014	136	Pulse	5	2600703	2518	2
13_01_1951_1_014	137	Picture	20	2616256	0	2	4145	3	0	4000	other	0
13_01_1951_1_014	137	Pulse	5	2620692	4436	2
