Scenario - 1-back
Logfile written - 05/31/2014 19:29:50

Subject	Trial	Event Type	Code	Time	TTime	Uncertainty	Duration	Uncertainty	ReqTime	ReqDur	Stim Type	Pair Index

13_01_1951_1_014	1	Pulse	5	100450	110286	2
13_01_1951_1_014	2	Pulse	5	120450	19871	1
13_01_1951_1_014	3	Picture	10	125613	0	1	4144	2	0	4000	other	0
13_01_1951_1_014	3	Pulse	5	140449	14836	3
13_01_1951_1_014	4	Picture	10	143682	0	3	4146	4	0	4000	other	0
13_01_1951_1_014	4	Pulse	5	160439	16757	3
13_01_1951_1_014	5	Picture	11	161755	0	1	4144	3	0	4000	hit	8
13_01_1951_1_014	5	Response	1	164919	3164	2
13_01_1951_1_014	6	Picture	10	179825	0	2	4145	3	0	4000	other	0
13_01_1951_1_014	6	Pulse	5	180438	613	3
13_01_1951_1_014	7	Picture	11	197896	0	2	4145	3	0	4000	hit	13
13_01_1951_1_014	7	Pulse	5	200438	2542	3
13_01_1951_1_014	7	Response	1	201398	3502	2
13_01_1951_1_014	8	Picture	10	215967	0	2	4145	3	0	4000	other	0
13_01_1951_1_014	8	Pulse	5	220428	4461	2
13_01_1951_1_014	9	Picture	10	234038	0	2	4145	3	0	4000	other	0
13_01_1951_1_014	9	Pulse	5	240427	6389	3
13_01_1951_1_014	10	Picture	10	252109	0	1	4145	2	0	4000	other	0
13_01_1951_1_014	10	Pulse	5	260427	8318	2
13_01_1951_1_014	11	Picture	11	270180	0	1	4145	2	0	4000	hit	21
13_01_1951_1_014	11	Response	1	272897	2717	2
13_01_1951_1_014	11	Pulse	5	280417	10237	1
13_01_1951_1_014	12	Picture	10	288251	0	1	4145	2	0	4000	other	0
13_01_1951_1_014	12	Pulse	5	300416	12165	3
13_01_1951_1_014	13	Picture	10	306322	0	1	4145	2	0	4000	other	0
13_01_1951_1_014	13	Pulse	5	320416	14094	2
13_01_1951_1_014	14	Picture	11	324393	0	1	4145	2	0	4000	hit	28
13_01_1951_1_014	14	Response	1	328256	3863	2
13_01_1951_1_014	14	Pulse	5	340405	16012	3
13_01_1951_1_014	15	Picture	10	342464	0	1	4145	2	0	4000	other	0
13_01_1951_1_014	15	Pulse	5	360403	17939	4
13_01_1951_1_014	16	Picture	10	360535	0	1	4145	2	0	4000	other	0
13_01_1951_1_014	17	Picture	10	378606	0	1	4144	3	0	4000	other	0
13_01_1951_1_014	17	Pulse	5	380403	1797	4
13_01_1951_1_014	18	Picture	10	396677	0	1	4145	2	0	4000	other	0
13_01_1951_1_014	18	Pulse	5	400394	3717	2
13_01_1951_1_014	19	Pulse	5	420554	5806	2
13_01_1951_1_014	20	Picture	20	439782	0	1	4144	3	0	4000	other	0
13_01_1951_1_014	20	Pulse	5	440554	772	1
13_01_1951_1_014	21	Picture	20	457853	0	1	4144	3	0	4000	other	0
13_01_1951_1_014	21	Pulse	5	460543	2690	2
13_01_1951_1_014	22	Picture	21	475923	0	2	4145	4	0	4000	hit	43
13_01_1951_1_014	22	Response	1	479584	3661	1
13_01_1951_1_014	22	Pulse	5	480543	4620	2
13_01_1951_1_014	23	Picture	20	493995	0	1	4144	2	0	4000	other	0
13_01_1951_1_014	23	Pulse	5	500542	6547	2
13_01_1951_1_014	24	Picture	20	512066	0	1	4144	2	0	4000	other	0
13_01_1951_1_014	24	Pulse	5	520532	8466	2
13_01_1951_1_014	25	Picture	20	530136	0	2	4145	4	0	4000	other	0
13_01_1951_1_014	25	Pulse	5	540532	10396	2
13_01_1951_1_014	26	Picture	21	548207	0	2	4145	3	0	4000	hit	52
13_01_1951_1_014	26	Response	1	551732	3525	1
13_01_1951_1_014	26	Pulse	5	560532	12325	1
13_01_1951_1_014	27	Picture	20	566278	0	2	4145	3	0	4000	other	0
13_01_1951_1_014	27	Pulse	5	580521	14243	2
13_01_1951_1_014	28	Picture	20	584349	0	2	4145	3	0	4000	other	0
13_01_1951_1_014	28	Pulse	5	600521	16172	1
13_01_1951_1_014	29	Picture	20	602420	0	1	4145	2	0	4000	other	0
13_01_1951_1_014	30	Picture	20	620491	0	1	4145	2	0	4000	other	0
13_01_1951_1_014	30	Pulse	5	620521	30	1
13_01_1951_1_014	31	Picture	20	638562	0	1	4145	2	0	4000	false_alarm	63
13_01_1951_1_014	31	Pulse	5	640510	1948	2
13_01_1951_1_014	31	Response	1	645310	6748	3
13_01_1951_1_014	32	Picture	21	656633	0	1	4145	2	0	4000	hit	66
13_01_1951_1_014	32	Pulse	5	660509	3876	2
13_01_1951_1_014	32	Response	1	661789	5156	2
13_01_1951_1_014	33	Picture	20	674704	0	1	4145	2	0	4000	other	0
13_01_1951_1_014	33	Pulse	5	680509	5805	2
13_01_1951_1_014	34	Picture	20	692775	0	1	4145	2	0	4000	other	0
13_01_1951_1_014	34	Pulse	5	700499	7724	2
13_01_1951_1_014	35	Picture	21	710846	0	1	4145	2	0	4000	hit	72
13_01_1951_1_014	35	Response	1	714578	3732	2
13_01_1951_1_014	35	Pulse	5	720498	9652	2
13_01_1951_1_014	36	Pulse	5	740498	11581	2
13_01_1951_1_014	37	Picture	10	753951	0	1	4145	2	0	4000	other	0
13_01_1951_1_014	37	Pulse	5	760488	6537	2
13_01_1951_1_014	38	Picture	10	772022	0	1	4144	3	0	4000	other	0
13_01_1951_1_014	38	Pulse	5	780487	8465	3
13_01_1951_1_014	39	Picture	11	790093	0	1	4144	3	0	4000	hit	80
13_01_1951_1_014	39	Response	1	793447	3354	2
13_01_1951_1_014	39	Pulse	5	800487	10394	2
13_01_1951_1_014	40	Picture	10	808164	0	1	4144	3	0	4000	other	0
13_01_1951_1_014	40	Pulse	5	820476	12312	2
13_01_1951_1_014	41	Picture	11	826235	0	1	4144	3	0	4000	hit	85
13_01_1951_1_014	41	Response	1	830076	3841	3
13_01_1951_1_014	41	Pulse	5	840476	14241	2
13_01_1951_1_014	42	Picture	10	844306	0	1	4144	3	0	4000	other	0
13_01_1951_1_014	42	Pulse	5	860476	16170	2
13_01_1951_1_014	43	Picture	10	862377	0	1	4143	3	0	4000	other	0
13_01_1951_1_014	44	Picture	10	880448	0	1	4144	2	0	4000	other	0
13_01_1951_1_014	44	Pulse	5	880465	17	3
13_01_1951_1_014	45	Picture	11	898519	0	1	4144	2	0	4000	hit	94
13_01_1951_1_014	45	Pulse	5	900464	1945	3
13_01_1951_1_014	45	Response	1	902065	3546	2
13_01_1951_1_014	46	Picture	10	916589	0	2	4145	3	0	4000	other	0
13_01_1951_1_014	46	Pulse	5	920464	3875	3
13_01_1951_1_014	47	Picture	10	934660	0	2	4145	3	0	4000	other	0
13_01_1951_1_014	47	Pulse	5	940454	5794	2
13_01_1951_1_014	48	Picture	11	952731	0	2	4145	3	0	4000	hit	100
13_01_1951_1_014	48	Response	1	955974	3243	2
13_01_1951_1_014	48	Pulse	5	960454	7723	2
13_01_1951_1_014	49	Picture	10	970802	0	1	4145	2	0	4000	other	0
13_01_1951_1_014	49	Pulse	5	980453	9651	2
13_01_1951_1_014	50	Picture	10	988873	0	1	4145	2	0	4000	other	0
13_01_1951_1_014	50	Pulse	5	1000443	11570	2
13_01_1951_1_014	51	Picture	10	1006944	0	1	4145	2	0	4000	other	0
13_01_1951_1_014	51	Pulse	5	1020443	13499	2
13_01_1951_1_014	52	Picture	10	1025015	0	1	4145	2	0	4000	other	0
13_01_1951_1_014	52	Pulse	5	1040442	15427	2
13_01_1951_1_014	53	Pulse	5	1060432	17346	2
13_01_1951_1_014	54	Picture	30	1068120	0	1	4145	2	0	4000	other	0
13_01_1951_1_014	54	Pulse	5	1080432	12312	1
13_01_1951_1_014	55	Picture	30	1086190	0	2	4146	3	0	4000	other	0
13_01_1951_1_014	55	Pulse	5	1100431	14241	2
13_01_1951_1_014	56	Picture	31	1104262	0	1	4145	3	0	4000	hit	116
13_01_1951_1_014	56	Response	1	1107621	3359	2
13_01_1951_1_014	56	Pulse	5	1120421	16159	2
13_01_1951_1_014	57	Picture	30	1122333	0	1	4145	2	0	4000	other	0
13_01_1951_1_014	58	Picture	30	1140404	0	1	4145	2	0	4000	other	0
13_01_1951_1_014	58	Pulse	5	1140420	16	2
13_01_1951_1_014	59	Picture	30	1158475	0	1	4144	3	0	4000	other	0
13_01_1951_1_014	59	Pulse	5	1160420	1945	2
13_01_1951_1_014	60	Picture	31	1176546	0	1	4144	3	0	4000	hit	124
13_01_1951_1_014	60	Response	1	1180410	3864	2
13_01_1951_1_014	60	Pulse	5	1180410	3864	2
13_01_1951_1_014	61	Picture	31	1194617	0	1	4144	3	0	4000	miss	0
13_01_1951_1_014	61	Pulse	5	1200409	5792	3
13_01_1951_1_014	62	Picture	30	1212688	0	1	4144	3	0	4000	other	0
13_01_1951_1_014	62	Pulse	5	1220409	7721	2
13_01_1951_1_014	63	Picture	30	1230759	0	1	4144	3	0	4000	other	0
13_01_1951_1_014	63	Pulse	5	1240399	9640	2
13_01_1951_1_014	64	Picture	30	1248830	0	1	4144	2	0	4000	other	0
13_01_1951_1_014	64	Pulse	5	1260398	11568	2
13_01_1951_1_014	65	Picture	31	1266900	0	2	4145	3	0	4000	hit	135
13_01_1951_1_014	65	Response	1	1270318	3418	2
13_01_1951_1_014	65	Pulse	5	1280398	13498	2
13_01_1951_1_014	66	Picture	30	1284971	0	2	4145	3	0	4000	other	0
13_01_1951_1_014	66	Pulse	5	1300387	15416	2
13_01_1951_1_014	67	Picture	30	1303042	0	2	4145	3	0	4000	other	0
13_01_1951_1_014	67	Pulse	5	1320387	17345	2
13_01_1951_1_014	68	Picture	30	1321113	0	2	4145	3	0	4000	other	0
13_01_1951_1_014	69	Picture	30	1339184	0	1	4145	2	0	4000	false_alarm	144
13_01_1951_1_014	69	Pulse	5	1340387	1203	2
13_01_1951_1_014	69	Response	1	1344385	5201	3
13_01_1951_1_014	70	Pulse	5	1360376	3121	2
13_01_1951_1_014	70	Pulse	5	1380376	23121	2
13_01_1951_1_014	71	Picture	10	1382289	0	1	4145	2	0	4000	other	0
13_01_1951_1_014	72	Picture	10	1400360	0	2	4145	3	0	4000	other	0
13_01_1951_1_014	72	Pulse	5	1400375	15	2
13_01_1951_1_014	73	Picture	11	1418431	0	1	4145	2	0	4000	hit	152
13_01_1951_1_014	73	Pulse	5	1420365	1934	2
13_01_1951_1_014	73	Response	1	1422285	3854	2
13_01_1951_1_014	74	Picture	10	1436502	0	1	4145	2	0	4000	other	0
13_01_1951_1_014	74	Pulse	5	1440365	3863	2
13_01_1951_1_014	75	Picture	11	1454573	0	1	4144	3	0	4000	hit	156
13_01_1951_1_014	75	Response	1	1458764	4191	3
13_01_1951_1_014	75	Pulse	5	1460524	5951	3
13_01_1951_1_014	76	Picture	10	1472644	0	1	4145	2	0	4000	other	0
13_01_1951_1_014	76	Pulse	5	1480514	7870	3
13_01_1951_1_014	77	Picture	10	1490715	0	1	4145	2	0	4000	other	0
13_01_1951_1_014	77	Pulse	5	1500513	9798	3
13_01_1951_1_014	78	Picture	11	1508786	0	1	4145	2	0	4000	hit	163
13_01_1951_1_014	78	Response	1	1511713	2927	3
13_01_1951_1_014	78	Pulse	5	1520511	11725	5
13_01_1951_1_014	79	Picture	10	1526857	0	1	4145	2	0	4000	other	0
13_01_1951_1_014	79	Pulse	5	1540503	13646	2
13_01_1951_1_014	80	Picture	10	1544928	0	1	4145	2	0	4000	other	0
13_01_1951_1_014	80	Pulse	5	1560503	15575	1
13_01_1951_1_014	81	Picture	10	1562999	0	1	4145	2	0	4000	other	0
13_01_1951_1_014	81	Pulse	5	1580502	17503	2
13_01_1951_1_014	82	Picture	10	1581070	0	1	4144	3	0	4000	other	0
13_01_1951_1_014	83	Picture	10	1599141	0	2	4144	4	0	4000	other	0
13_01_1951_1_014	83	Pulse	5	1600492	1351	2
13_01_1951_1_014	84	Picture	11	1617212	0	1	4144	3	0	4000	hit	176
13_01_1951_1_014	84	Pulse	5	1620491	3279	2
13_01_1951_1_014	84	Response	1	1621291	4079	2
13_01_1951_1_014	85	Picture	10	1635283	0	1	4144	3	0	4000	other	0
13_01_1951_1_014	85	Pulse	5	1640491	5208	2
13_01_1951_1_014	86	Picture	10	1653353	0	2	4145	3	0	4000	other	0
13_01_1951_1_014	86	Pulse	5	1660481	7128	1
13_01_1951_1_014	87	Pulse	5	1680480	9056	2
13_01_1951_1_014	88	Picture	20	1696459	0	1	4144	2	0	4000	other	0
13_01_1951_1_014	88	Pulse	5	1700480	4021	2
13_01_1951_1_014	89	Picture	20	1714529	0	3	4145	4	0	4000	other	0
13_01_1951_1_014	89	Pulse	5	1720470	5941	1
13_01_1951_1_014	90	Picture	20	1732600	0	2	4145	3	0	4000	other	0
13_01_1951_1_014	90	Pulse	5	1740469	7869	2
13_01_1951_1_014	91	Picture	21	1750671	0	2	4145	3	0	4000	hit	189
13_01_1951_1_014	91	Response	1	1754069	3398	2
13_01_1951_1_014	91	Pulse	5	1760469	9798	2
13_01_1951_1_014	92	Picture	20	1768742	0	2	4145	4	0	4000	other	0
13_01_1951_1_014	92	Pulse	5	1780458	11716	2
13_01_1951_1_014	93	Picture	20	1786813	0	1	4145	2	0	4000	other	0
13_01_1951_1_014	93	Pulse	5	1800458	13645	2
13_01_1951_1_014	94	Picture	21	1804884	0	1	4145	2	0	4000	hit	196
13_01_1951_1_014	94	Response	1	1808938	4054	2
13_01_1951_1_014	94	Pulse	5	1820458	15574	2
13_01_1951_1_014	95	Picture	20	1822955	0	1	4145	2	0	4000	other	0
13_01_1951_1_014	95	Pulse	5	1840447	17492	2
13_01_1951_1_014	96	Picture	20	1841026	0	1	4145	2	0	4000	other	0
13_01_1951_1_014	97	Picture	20	1859097	0	1	4145	2	0	4000	other	0
13_01_1951_1_014	97	Pulse	5	1860447	1350	2
13_01_1951_1_014	98	Picture	21	1877168	0	1	4145	2	0	4000	hit	205
13_01_1951_1_014	98	Pulse	5	1880447	3279	1
13_01_1951_1_014	98	Response	1	1880607	3439	1
13_01_1951_1_014	99	Picture	20	1895239	0	1	4145	2	0	4000	other	0
13_01_1951_1_014	99	Pulse	5	1900436	5197	2
13_01_1951_1_014	100	Picture	20	1913310	0	1	4145	2	0	4000	other	0
13_01_1951_1_014	100	Pulse	5	1920436	7126	2
13_01_1951_1_014	101	Picture	21	1931381	0	1	4145	2	0	4000	hit	211
13_01_1951_1_014	101	Response	1	1935316	3935	1
13_01_1951_1_014	101	Pulse	5	1940435	9054	2
13_01_1951_1_014	102	Picture	20	1949452	0	1	4145	2	0	4000	other	0
13_01_1951_1_014	102	Pulse	5	1960425	10973	2
13_01_1951_1_014	103	Picture	20	1967523	0	1	4145	2	0	4000	other	0
13_01_1951_1_014	103	Pulse	5	1980425	12902	2
13_01_1951_1_014	104	Pulse	5	2000424	14830	2
13_01_1951_1_014	105	Picture	10	2010628	0	1	4145	2	0	4000	other	0
13_01_1951_1_014	105	Pulse	5	2020414	9786	2
13_01_1951_1_014	106	Picture	10	2028699	0	1	4145	2	0	4000	other	0
13_01_1951_1_014	106	Pulse	5	2040414	11715	1
13_01_1951_1_014	107	Picture	11	2046770	0	1	4144	3	0	4000	hit	223
13_01_1951_1_014	107	Response	1	2050171	3401	5
13_01_1951_1_014	107	Pulse	5	2060413	13643	2
13_01_1951_1_014	108	Picture	10	2064841	0	1	4144	3	0	4000	other	0
13_01_1951_1_014	108	Pulse	5	2080403	15562	2
13_01_1951_1_014	109	Picture	11	2082912	0	1	4144	4	0	4000	hit	228
13_01_1951_1_014	109	Response	1	2087123	4211	1
13_01_1951_1_014	109	Pulse	5	2100402	17490	2
13_01_1951_1_014	110	Picture	10	2100983	0	1	4144	2	0	4000	other	0
13_01_1951_1_014	111	Picture	10	2119054	0	1	4144	2	0	4000	other	0
13_01_1951_1_014	111	Pulse	5	2120402	1348	2
13_01_1951_1_014	112	Picture	11	2137124	0	2	4145	3	0	4000	hit	235
13_01_1951_1_014	112	Pulse	5	2140392	3268	1
13_01_1951_1_014	112	Response	1	2140872	3748	1
13_01_1951_1_014	113	Picture	10	2155195	0	2	4145	3	0	4000	other	0
13_01_1951_1_014	113	Pulse	5	2160391	5196	2
13_01_1951_1_014	114	Picture	10	2173266	0	2	4145	3	0	4000	other	0
13_01_1951_1_014	114	Pulse	5	2180391	7125	2
13_01_1951_1_014	115	Picture	10	2191337	0	2	4145	3	0	4000	other	0
13_01_1951_1_014	115	Pulse	5	2200380	9043	2
13_01_1951_1_014	116	Picture	10	2209408	0	1	4145	2	0	4000	other	0
13_01_1951_1_014	116	Pulse	5	2220380	10972	2
13_01_1951_1_014	117	Picture	10	2227479	0	1	4145	2	0	4000	other	0
13_01_1951_1_014	117	Pulse	5	2240380	12901	2
13_01_1951_1_014	118	Picture	11	2245550	0	1	4145	2	0	4000	hit	247
13_01_1951_1_014	118	Response	1	2250130	4580	2
13_01_1951_1_014	118	Pulse	5	2260369	14819	3
13_01_1951_1_014	119	Picture	10	2263621	0	1	4145	2	0	4000	other	0
13_01_1951_1_014	119	Pulse	5	2280369	16748	2
13_01_1951_1_014	120	Picture	10	2281692	0	1	4145	2	0	4000	other	0
13_01_1951_1_014	121	Pulse	5	2300369	606	1
13_01_1951_1_014	121	Pulse	5	2320358	20595	2
13_01_1951_1_014	122	Picture	30	2324797	0	1	4145	2	0	4000	other	0
13_01_1951_1_014	122	Pulse	5	2340358	15561	2
13_01_1951_1_014	123	Picture	30	2342868	0	1	4145	2	0	4000	other	0
13_01_1951_1_014	123	Pulse	5	2360357	17489	3
13_01_1951_1_014	124	Picture	30	2360939	0	1	4145	2	0	4000	other	0
13_01_1951_1_014	125	Picture	31	2379010	0	1	4145	2	0	4000	hit	261
13_01_1951_1_014	125	Pulse	5	2380347	1337	2
13_01_1951_1_014	125	Response	1	2382587	3577	2
13_01_1951_1_014	126	Picture	31	2397081	0	1	4145	2	0	4000	miss	0
13_01_1951_1_014	126	Pulse	5	2400347	3266	3
13_01_1951_1_014	127	Picture	30	2415152	0	1	4145	2	0	4000	other	0
13_01_1951_1_014	127	Pulse	5	2420346	5194	3
13_01_1951_1_014	128	Picture	30	2433223	0	1	4145	2	0	4000	other	0
13_01_1951_1_014	128	Pulse	5	2440336	7113	3
13_01_1951_1_014	129	Picture	30	2451294	0	1	4144	3	0	4000	other	0
13_01_1951_1_014	129	Pulse	5	2460336	9042	1
13_01_1951_1_014	130	Picture	31	2469364	0	2	4145	4	0	4000	hit	271
13_01_1951_1_014	130	Response	1	2473935	4571	2
13_01_1951_1_014	130	Pulse	5	2480335	10971	2
13_01_1951_1_014	131	Picture	30	2487436	0	1	4144	3	0	4000	other	0
13_01_1951_1_014	131	Pulse	5	2500483	13047	4
13_01_1951_1_014	132	Picture	30	2505507	0	1	4144	3	0	4000	false_alarm	276
13_01_1951_1_014	132	Response	1	2513605	8098	2
13_01_1951_1_014	132	Pulse	5	2520483	14976	3
13_01_1951_1_014	133	Picture	30	2523578	0	1	4144	3	0	4000	other	0
13_01_1951_1_014	133	Pulse	5	2540482	16904	4
13_01_1951_1_014	134	Picture	30	2541649	0	1	4144	3	0	4000	other	0
13_01_1951_1_014	135	Picture	31	2559719	0	2	4145	3	0	4000	hit	283
13_01_1951_1_014	135	Pulse	5	2560474	755	2
13_01_1951_1_014	135	Response	1	2567994	8275	1
13_01_1951_1_014	136	Picture	30	2577790	0	2	4145	3	0	4000	other	0
13_01_1951_1_014	136	Pulse	5	2580473	2683	2
13_01_1951_1_014	137	Picture	30	2595861	0	2	4145	3	0	4000	other	0
13_01_1951_1_014	137	Pulse	5	2600473	4612	2
