Scenario - 1-back
Logfile written - 05/31/2014 19:39:11

Subject	Trial	Event Type	Code	Time	TTime	Uncertainty	Duration	Uncertainty	ReqTime	ReqDur	Stim Type	Pair Index

13_01_1951_1_014	1	Pulse	5	142028	151863	3
13_01_1951_1_014	2	Pulse	5	162018	19825	2
13_01_1951_1_014	3	Picture	10	167227	0	1	4145	2	0	4000	other	0
13_01_1951_1_014	3	Pulse	5	182018	14791	1
13_01_1951_1_014	4	Picture	10	185298	0	1	4145	2	0	4000	other	0
13_01_1951_1_014	4	Pulse	5	202017	16719	2
13_01_1951_1_014	5	Picture	11	203369	0	1	4145	2	0	4000	hit	8
13_01_1951_1_014	5	Response	1	207137	3768	2
13_01_1951_1_014	6	Picture	10	221440	0	1	4145	2	0	4000	other	0
13_01_1951_1_014	6	Pulse	5	222007	567	2
13_01_1951_1_014	7	Picture	11	239511	0	1	4145	2	0	4000	hit	13
13_01_1951_1_014	7	Pulse	5	242006	2495	2
13_01_1951_1_014	7	Response	1	243126	3615	2
13_01_1951_1_014	8	Picture	10	257582	0	1	4145	2	0	4000	other	0
13_01_1951_1_014	8	Pulse	5	262006	4424	2
13_01_1951_1_014	9	Picture	10	275653	0	1	4145	2	0	4000	other	0
13_01_1951_1_014	9	Pulse	5	281996	6343	1
13_01_1951_1_014	10	Picture	10	293724	0	1	4145	2	0	4000	other	0
13_01_1951_1_014	10	Pulse	5	301993	8269	4
13_01_1951_1_014	11	Picture	11	311794	0	2	4146	3	0	4000	hit	21
13_01_1951_1_014	11	Response	1	314955	3161	2
13_01_1951_1_014	11	Pulse	5	321995	10201	2
13_01_1951_1_014	12	Picture	10	329866	0	1	4144	3	0	4000	other	0
13_01_1951_1_014	12	Pulse	5	341985	12119	1
13_01_1951_1_014	13	Picture	10	347937	0	1	4144	3	0	4000	other	0
13_01_1951_1_014	13	Pulse	5	361984	14047	2
13_01_1951_1_014	14	Picture	11	366008	0	1	4144	3	0	4000	hit	28
13_01_1951_1_014	14	Response	1	369824	3816	2
13_01_1951_1_014	14	Pulse	5	381984	15976	2
13_01_1951_1_014	15	Picture	10	384079	0	1	4144	3	0	4000	other	0
13_01_1951_1_014	15	Pulse	5	402132	18053	3
13_01_1951_1_014	16	Picture	10	402150	0	1	4143	4	0	4000	other	0
13_01_1951_1_014	17	Picture	10	420221	0	1	4144	2	0	4000	other	0
13_01_1951_1_014	17	Pulse	5	422131	1910	8
13_01_1951_1_014	18	Picture	10	438291	0	2	4145	3	0	4000	other	0
13_01_1951_1_014	18	Pulse	5	442133	3842	1
13_01_1951_1_014	19	Pulse	5	462122	5760	2
13_01_1951_1_014	20	Picture	20	481397	0	1	4144	2	0	4000	other	0
13_01_1951_1_014	20	Pulse	5	482122	725	2
13_01_1951_1_014	21	Picture	20	499467	0	2	4144	4	0	4000	other	0
13_01_1951_1_014	21	Pulse	5	502121	2654	2
13_01_1951_1_014	22	Picture	21	517538	0	2	4145	3	0	4000	hit	43
13_01_1951_1_014	22	Response	1	521791	4253	2
13_01_1951_1_014	22	Pulse	5	522111	4573	2
13_01_1951_1_014	23	Picture	20	535609	0	2	4145	3	0	4000	other	0
13_01_1951_1_014	23	Pulse	5	542111	6502	2
13_01_1951_1_014	24	Picture	20	553680	0	2	4145	3	0	4000	other	0
13_01_1951_1_014	24	Pulse	5	562110	8430	2
13_01_1951_1_014	25	Picture	20	571751	0	2	4145	3	0	4000	other	0
13_01_1951_1_014	25	Pulse	5	582100	10349	2
13_01_1951_1_014	26	Picture	21	589822	0	2	4145	3	0	4000	hit	52
13_01_1951_1_014	26	Response	1	593300	3478	2
13_01_1951_1_014	26	Pulse	5	602100	12278	1
13_01_1951_1_014	27	Picture	20	607893	0	1	4145	2	0	4000	other	0
13_01_1951_1_014	27	Pulse	5	622099	14206	2
13_01_1951_1_014	28	Picture	20	625964	0	1	4145	2	0	4000	other	0
13_01_1951_1_014	28	Pulse	5	642089	16125	2
13_01_1951_1_014	29	Picture	20	644035	0	1	4145	2	0	4000	other	0
13_01_1951_1_014	29	Pulse	5	662088	18053	2
13_01_1951_1_014	30	Picture	20	662106	0	1	4145	2	0	4000	other	0
13_01_1951_1_014	31	Picture	20	680177	0	1	4145	2	0	4000	other	0
13_01_1951_1_014	31	Pulse	5	682088	1911	2
13_01_1951_1_014	32	Picture	21	698248	0	2	4145	3	0	4000	hit	65
13_01_1951_1_014	32	Pulse	5	702078	3830	2
13_01_1951_1_014	32	Response	1	702558	4310	2
13_01_1951_1_014	33	Picture	20	716319	0	1	4145	2	0	4000	other	0
13_01_1951_1_014	33	Pulse	5	722077	5758	2
13_01_1951_1_014	34	Picture	20	734390	0	1	4145	2	0	4000	other	0
13_01_1951_1_014	34	Pulse	5	742077	7687	2
13_01_1951_1_014	35	Picture	21	752461	0	1	4143	4	0	4000	hit	71
13_01_1951_1_014	35	Response	1	757117	4656	2
13_01_1951_1_014	35	Pulse	5	762067	9606	1
13_01_1951_1_014	36	Pulse	5	782066	11534	2
13_01_1951_1_014	37	Picture	10	795566	0	1	4145	2	0	4000	other	0
13_01_1951_1_014	37	Pulse	5	802066	6500	2
13_01_1951_1_014	38	Picture	10	813637	0	1	4145	2	0	4000	other	0
13_01_1951_1_014	38	Pulse	5	822056	8419	2
13_01_1951_1_014	39	Picture	11	831708	0	1	4145	2	0	4000	hit	79
13_01_1951_1_014	39	Response	1	835655	3947	2
13_01_1951_1_014	39	Pulse	5	842055	10347	2
13_01_1951_1_014	40	Picture	10	849779	0	1	4145	2	0	4000	other	0
13_01_1951_1_014	40	Pulse	5	862055	12276	2
13_01_1951_1_014	41	Picture	11	867850	0	1	4144	3	0	4000	hit	84
13_01_1951_1_014	41	Response	1	871495	3645	1
13_01_1951_1_014	41	Pulse	5	882044	14194	2
13_01_1951_1_014	42	Picture	10	885921	0	1	4144	3	0	4000	other	0
13_01_1951_1_014	42	Pulse	5	902044	16123	2
13_01_1951_1_014	43	Picture	10	903992	0	1	4144	3	0	4000	other	0
13_01_1951_1_014	43	Pulse	5	922044	18052	1
13_01_1951_1_014	44	Picture	10	922063	0	1	4144	3	0	4000	other	0
13_01_1951_1_014	45	Picture	11	940133	0	2	4145	4	0	4000	hit	93
13_01_1951_1_014	45	Pulse	5	942033	1900	2
13_01_1951_1_014	45	Response	1	944113	3980	2
13_01_1951_1_014	46	Picture	10	958205	0	1	4144	2	0	4000	other	0
13_01_1951_1_014	46	Pulse	5	962033	3828	2
13_01_1951_1_014	47	Picture	10	976275	0	2	4145	3	0	4000	other	0
13_01_1951_1_014	47	Pulse	5	982033	5758	1
13_01_1951_1_014	48	Picture	11	994346	0	2	4145	3	0	4000	hit	99
13_01_1951_1_014	48	Response	1	998352	4006	2
13_01_1951_1_014	48	Pulse	5	1002022	7676	2
13_01_1951_1_014	49	Picture	10	1012417	0	2	4145	3	0	4000	other	0
13_01_1951_1_014	49	Pulse	5	1022022	9605	2
13_01_1951_1_014	50	Picture	10	1030488	0	2	4145	3	0	4000	other	0
13_01_1951_1_014	50	Pulse	5	1042021	11533	3
13_01_1951_1_014	51	Picture	10	1048559	0	2	4145	3	0	4000	other	0
13_01_1951_1_014	51	Pulse	5	1062011	13452	2
13_01_1951_1_014	52	Picture	10	1066630	0	2	4145	3	0	4000	other	0
13_01_1951_1_014	52	Pulse	5	1082011	15381	1
13_01_1951_1_014	53	Pulse	5	1102010	17309	3
13_01_1951_1_014	54	Picture	30	1109735	0	1	4145	2	0	4000	other	0
13_01_1951_1_014	54	Pulse	5	1122000	12265	2
13_01_1951_1_014	55	Picture	30	1127806	0	1	4145	2	0	4000	other	0
13_01_1951_1_014	55	Pulse	5	1141999	14193	2
13_01_1951_1_014	56	Picture	31	1145877	0	1	4145	2	0	4000	hit	115
13_01_1951_1_014	56	Response	1	1151919	6042	3
13_01_1951_1_014	56	Pulse	5	1161999	16122	2
13_01_1951_1_014	57	Picture	30	1163948	0	1	4145	2	0	4000	other	0
13_01_1951_1_014	57	Pulse	5	1181989	18041	2
13_01_1951_1_014	58	Picture	30	1182019	0	1	4145	2	0	4000	other	0
13_01_1951_1_014	59	Picture	30	1200090	0	1	4145	2	0	4000	other	0
13_01_1951_1_014	59	Pulse	5	1201988	1898	2
13_01_1951_1_014	60	Picture	31	1218161	0	1	4145	2	0	4000	hit	124
13_01_1951_1_014	60	Pulse	5	1221988	3827	2
13_01_1951_1_014	60	Response	1	1223268	5107	2
13_01_1951_1_014	61	Picture	31	1236232	0	1	4145	2	0	4000	hit	127
13_01_1951_1_014	61	Pulse	5	1241978	5746	1
13_01_1951_1_014	61	Response	1	1243258	7026	1
13_01_1951_1_014	62	Picture	30	1254303	0	1	4145	2	0	4000	other	0
13_01_1951_1_014	62	Pulse	5	1261977	7674	2
13_01_1951_1_014	63	Picture	30	1272374	0	1	4145	2	0	4000	other	0
13_01_1951_1_014	63	Pulse	5	1281977	9603	2
13_01_1951_1_014	64	Picture	30	1290445	0	1	4145	2	0	4000	other	0
13_01_1951_1_014	64	Pulse	5	1301966	11521	3
13_01_1951_1_014	65	Picture	31	1308516	0	1	4145	2	0	4000	hit	135
13_01_1951_1_014	65	Response	1	1312526	4010	2
13_01_1951_1_014	65	Pulse	5	1321966	13450	2
13_01_1951_1_014	66	Picture	30	1326587	0	1	4145	2	0	4000	false_alarm	138
13_01_1951_1_014	66	Response	1	1333486	6899	2
13_01_1951_1_014	66	Pulse	5	1341966	15379	2
13_01_1951_1_014	67	Picture	30	1344658	0	1	4144	3	0	4000	other	0
13_01_1951_1_014	67	Pulse	5	1361955	17297	2
13_01_1951_1_014	68	Picture	30	1362728	0	3	4145	5	0	4000	other	0
13_01_1951_1_014	69	Picture	30	1380800	0	1	4144	3	0	4000	other	0
13_01_1951_1_014	69	Pulse	5	1381953	1153	4
13_01_1951_1_014	70	Pulse	5	1401955	3084	2
13_01_1951_1_014	70	Pulse	5	1421944	23073	2
13_01_1951_1_014	71	Picture	10	1423905	0	1	4144	3	0	4000	other	0
13_01_1951_1_014	72	Picture	10	1441976	0	1	4144	3	0	4000	other	0
13_01_1951_1_014	72	Pulse	5	1442104	128	2
13_01_1951_1_014	73	Picture	11	1460047	0	1	4144	2	0	4000	hit	152
13_01_1951_1_014	73	Pulse	5	1462104	2057	1
13_01_1951_1_014	73	Response	1	1464023	3976	4
13_01_1951_1_014	74	Picture	10	1478118	0	1	4144	2	0	4000	other	0
13_01_1951_1_014	74	Pulse	5	1482093	3975	2
13_01_1951_1_014	75	Picture	11	1496189	0	1	4144	3	0	4000	hit	156
13_01_1951_1_014	75	Response	1	1500173	3984	2
13_01_1951_1_014	75	Pulse	5	1502093	5904	2
13_01_1951_1_014	76	Picture	10	1514259	0	2	4145	3	0	4000	other	0
13_01_1951_1_014	76	Pulse	5	1522092	7833	2
13_01_1951_1_014	77	Picture	10	1532330	0	2	4145	3	0	4000	other	0
13_01_1951_1_014	77	Pulse	5	1542082	9752	2
13_01_1951_1_014	78	Picture	11	1550401	0	2	4145	3	0	4000	hit	163
13_01_1951_1_014	78	Response	1	1553762	3361	2
13_01_1951_1_014	78	Pulse	5	1562082	11681	1
13_01_1951_1_014	79	Picture	10	1568472	0	1	4145	2	0	4000	other	0
13_01_1951_1_014	79	Pulse	5	1582082	13610	1
13_01_1951_1_014	80	Picture	10	1586543	0	2	4145	3	0	4000	other	0
13_01_1951_1_014	80	Pulse	5	1602071	15528	2
13_01_1951_1_014	81	Picture	10	1604614	0	1	4145	2	0	4000	other	0
13_01_1951_1_014	81	Pulse	5	1622070	17456	2
13_01_1951_1_014	82	Picture	10	1622685	0	1	4145	2	0	4000	other	0
13_01_1951_1_014	83	Picture	10	1640756	0	1	4145	2	0	4000	other	0
13_01_1951_1_014	83	Pulse	5	1642070	1314	2
13_01_1951_1_014	84	Picture	11	1658827	0	1	4145	2	0	4000	hit	176
13_01_1951_1_014	84	Pulse	5	1662060	3233	2
13_01_1951_1_014	84	Response	1	1663660	4833	2
13_01_1951_1_014	85	Picture	10	1676898	0	1	4145	2	0	4000	other	0
13_01_1951_1_014	85	Pulse	5	1682059	5161	2
13_01_1951_1_014	86	Picture	10	1694969	0	1	4145	2	0	4000	other	0
13_01_1951_1_014	86	Pulse	5	1702059	7090	2
13_01_1951_1_014	87	Pulse	5	1722049	9010	1
13_01_1951_1_014	88	Picture	20	1738074	0	1	4145	2	0	4000	other	0
13_01_1951_1_014	88	Pulse	5	1742048	3974	2
13_01_1951_1_014	89	Picture	20	1756145	0	1	4145	2	0	4000	other	0
13_01_1951_1_014	89	Pulse	5	1762049	5904	1
13_01_1951_1_014	90	Picture	20	1774216	0	1	4145	2	0	4000	other	0
13_01_1951_1_014	90	Pulse	5	1782037	7821	3
13_01_1951_1_014	91	Picture	21	1792287	0	1	4145	2	0	4000	hit	189
13_01_1951_1_014	91	Response	1	1796437	4150	2
13_01_1951_1_014	91	Pulse	5	1802037	9750	2
13_01_1951_1_014	92	Picture	20	1810358	0	1	4145	2	0	4000	other	0
13_01_1951_1_014	92	Pulse	5	1822037	11679	2
13_01_1951_1_014	93	Picture	20	1828429	0	1	4145	2	0	4000	other	0
13_01_1951_1_014	93	Pulse	5	1842026	13597	2
13_01_1951_1_014	94	Picture	21	1846500	0	1	4145	2	0	4000	hit	196
13_01_1951_1_014	94	Response	1	1851304	4804	4
13_01_1951_1_014	94	Pulse	5	1862026	15526	2
13_01_1951_1_014	95	Picture	20	1864571	0	1	4145	2	0	4000	other	0
13_01_1951_1_014	95	Pulse	5	1882026	17455	1
13_01_1951_1_014	96	Picture	20	1882642	0	1	4144	3	0	4000	other	0
13_01_1951_1_014	97	Picture	20	1900713	0	1	4144	3	0	4000	other	0
13_01_1951_1_014	97	Pulse	5	1902015	1302	2
13_01_1951_1_014	98	Picture	21	1918784	0	1	4144	3	0	4000	hit	205
13_01_1951_1_014	98	Pulse	5	1922015	3231	2
13_01_1951_1_014	98	Response	1	1923455	4671	2
13_01_1951_1_014	99	Picture	20	1936855	0	1	4144	2	0	4000	other	0
13_01_1951_1_014	99	Pulse	5	1942014	5159	2
13_01_1951_1_014	100	Picture	20	1954926	0	1	4144	2	0	4000	other	0
13_01_1951_1_014	100	Pulse	5	1962004	7078	2
13_01_1951_1_014	101	Picture	21	1972997	0	1	4144	2	0	4000	hit	211
13_01_1951_1_014	101	Response	1	1977044	4047	2
13_01_1951_1_014	101	Pulse	5	1982004	9007	2
13_01_1951_1_014	102	Picture	20	1991068	0	1	4144	2	0	4000	other	0
13_01_1951_1_014	102	Pulse	5	2002003	10935	2
13_01_1951_1_014	103	Picture	20	2009138	0	2	4145	3	0	4000	other	0
13_01_1951_1_014	103	Pulse	5	2021993	12855	4
13_01_1951_1_014	104	Pulse	5	2041993	14784	1
13_01_1951_1_014	105	Picture	10	2052243	0	2	4145	3	0	4000	other	0
13_01_1951_1_014	105	Pulse	5	2061992	9749	3
13_01_1951_1_014	106	Picture	10	2070314	0	2	4145	3	0	4000	other	0
13_01_1951_1_014	106	Pulse	5	2081982	11668	2
13_01_1951_1_014	107	Picture	11	2088385	0	2	4145	3	0	4000	hit	223
13_01_1951_1_014	107	Response	1	2092062	3677	1
13_01_1951_1_014	107	Pulse	5	2101981	13596	2
13_01_1951_1_014	108	Picture	10	2106456	0	1	4145	2	0	4000	other	0
13_01_1951_1_014	108	Pulse	5	2121981	15525	2
13_01_1951_1_014	109	Picture	11	2124527	0	2	4145	3	0	4000	hit	228
13_01_1951_1_014	109	Response	1	2129181	4654	2
13_01_1951_1_014	109	Pulse	5	2141971	17444	2
13_01_1951_1_014	110	Picture	10	2142598	0	1	4145	2	0	4000	other	0
13_01_1951_1_014	111	Picture	10	2160669	0	1	4145	2	0	4000	other	0
13_01_1951_1_014	111	Pulse	5	2161970	1301	2
13_01_1951_1_014	112	Picture	11	2178740	0	1	4145	2	0	4000	hit	235
13_01_1951_1_014	112	Pulse	5	2181970	3230	2
13_01_1951_1_014	112	Response	1	2182128	3388	4
13_01_1951_1_014	113	Picture	10	2196811	0	1	4145	2	0	4000	other	0
13_01_1951_1_014	113	Pulse	5	2201960	5149	1
13_01_1951_1_014	114	Picture	10	2214882	0	1	4145	2	0	4000	other	0
13_01_1951_1_014	114	Pulse	5	2221959	7077	2
13_01_1951_1_014	115	Picture	10	2232953	0	1	4145	2	0	4000	other	0
13_01_1951_1_014	115	Pulse	5	2241959	9006	2
13_01_1951_1_014	116	Picture	10	2251024	0	1	4145	2	0	4000	other	0
13_01_1951_1_014	116	Pulse	5	2261948	10924	2
13_01_1951_1_014	117	Picture	10	2269095	0	1	4145	2	0	4000	other	0
13_01_1951_1_014	117	Pulse	5	2281948	12853	2
13_01_1951_1_014	118	Picture	11	2287166	0	1	4145	2	0	4000	hit	247
13_01_1951_1_014	118	Response	1	2291548	4382	2
13_01_1951_1_014	118	Pulse	5	2301948	14782	2
13_01_1951_1_014	119	Picture	10	2305237	0	1	4145	2	0	4000	other	0
13_01_1951_1_014	119	Pulse	5	2321937	16700	2
13_01_1951_1_014	120	Picture	10	2323308	0	1	4144	3	0	4000	other	0
13_01_1951_1_014	121	Pulse	5	2341937	558	2
13_01_1951_1_014	121	Pulse	5	2361937	20558	2
13_01_1951_1_014	122	Picture	30	2366413	0	1	4145	2	0	4000	other	0
13_01_1951_1_014	122	Pulse	5	2381924	15511	4
13_01_1951_1_014	123	Picture	30	2384484	0	1	4144	3	0	4000	other	0
13_01_1951_1_014	123	Pulse	5	2401926	17442	2
13_01_1951_1_014	124	Picture	30	2402555	0	1	4144	3	0	4000	other	0
13_01_1951_1_014	125	Picture	31	2420626	0	1	4144	3	0	4000	hit	261
13_01_1951_1_014	125	Pulse	5	2421925	1299	2
13_01_1951_1_014	125	Response	1	2424965	4339	2
13_01_1951_1_014	126	Picture	31	2438697	0	1	4144	3	0	4000	hit	264
13_01_1951_1_014	126	Pulse	5	2441915	3218	2
13_01_1951_1_014	126	Response	1	2442395	3698	2
13_01_1951_1_014	127	Picture	30	2456768	0	1	4144	3	0	4000	other	0
13_01_1951_1_014	127	Pulse	5	2461915	5147	1
13_01_1951_1_014	128	Picture	30	2474839	0	1	4144	3	0	4000	other	0
13_01_1951_1_014	128	Pulse	5	2482074	7235	2
13_01_1951_1_014	129	Picture	30	2492910	0	1	4144	2	0	4000	other	0
13_01_1951_1_014	129	Pulse	5	2502064	9154	2
13_01_1951_1_014	130	Picture	31	2510981	0	1	4144	2	0	4000	hit	272
13_01_1951_1_014	130	Response	1	2516464	5483	1
13_01_1951_1_014	130	Pulse	5	2522063	11082	2
13_01_1951_1_014	131	Picture	30	2529051	0	2	4145	3	0	4000	other	0
13_01_1951_1_014	131	Pulse	5	2542063	13012	2
13_01_1951_1_014	132	Picture	30	2547122	0	2	4145	3	0	4000	other	0
13_01_1951_1_014	132	Pulse	5	2562053	14931	2
13_01_1951_1_014	133	Picture	30	2565193	0	2	4145	3	0	4000	false_alarm	279
13_01_1951_1_014	133	Response	1	2573413	8220	1
13_01_1951_1_014	133	Pulse	5	2582052	16859	2
13_01_1951_1_014	134	Picture	30	2583264	0	2	4145	3	0	4000	other	0
13_01_1951_1_014	135	Picture	31	2601335	0	1	4145	2	0	4000	hit	284
13_01_1951_1_014	135	Pulse	5	2602052	717	2
13_01_1951_1_014	135	Response	1	2610532	9197	2
13_01_1951_1_014	136	Picture	30	2619406	0	1	4145	2	0	4000	false_alarm	287
13_01_1951_1_014	136	Pulse	5	2622042	2636	2
13_01_1951_1_014	136	Response	1	2626042	6636	2
13_01_1951_1_014	137	Picture	30	2637477	0	1	4145	2	0	4000	other	0
13_01_1951_1_014	137	Pulse	5	2642041	4564	2
