Scenario - 1-back
Logfile written - 06/28/2014 15:44:05

Subject	Trial	Event Type	Code	Time	TTime	Uncertainty	Duration	Uncertainty	ReqTime	ReqDur	Stim Type	Pair Index

18_10_1966_1_017_nback4	1	Pulse	5	133369	143203	1
18_10_1966_1_017_nback4	2	Pulse	5	153368	19963	2
18_10_1966_1_017_nback4	3	Picture	10	158439	0	1	4145	2	0	4000	other	0
18_10_1966_1_017_nback4	3	Pulse	5	173358	14919	1
18_10_1966_1_017_nback4	4	Picture	10	176510	0	1	4144	3	0	4000	other	0
18_10_1966_1_017_nback4	4	Pulse	5	193357	16847	2
18_10_1966_1_017_nback4	5	Picture	11	194580	0	2	4145	3	0	4000	hit	8
18_10_1966_1_017_nback4	5	Response	1	198957	4377	2
18_10_1966_1_017_nback4	6	Picture	10	212651	0	1	4144	3	0	4000	other	0
18_10_1966_1_017_nback4	6	Pulse	5	213356	705	4
18_10_1966_1_017_nback4	7	Picture	11	230722	0	1	4145	2	0	4000	hit	13
18_10_1966_1_017_nback4	7	Pulse	5	233506	2784	2
18_10_1966_1_017_nback4	7	Response	1	235106	4384	2
18_10_1966_1_017_nback4	8	Picture	10	248793	0	1	4145	2	0	4000	other	0
18_10_1966_1_017_nback4	8	Pulse	5	253505	4712	3
18_10_1966_1_017_nback4	9	Picture	10	266864	0	1	4144	3	0	4000	other	0
18_10_1966_1_017_nback4	9	Pulse	5	273507	6643	1
18_10_1966_1_017_nback4	10	Picture	10	284934	0	2	4145	3	0	4000	other	0
18_10_1966_1_017_nback4	10	Pulse	5	293494	8560	2
18_10_1966_1_017_nback4	11	Picture	11	303005	0	1	4145	2	0	4000	hit	21
18_10_1966_1_017_nback4	11	Response	1	306614	3609	2
18_10_1966_1_017_nback4	11	Pulse	5	313494	10489	1
18_10_1966_1_017_nback4	12	Picture	10	321076	0	1	4145	2	0	4000	other	0
18_10_1966_1_017_nback4	12	Pulse	5	333493	12417	2
18_10_1966_1_017_nback4	13	Picture	10	339147	0	1	4145	2	0	4000	other	0
18_10_1966_1_017_nback4	13	Pulse	5	353482	14335	2
18_10_1966_1_017_nback4	14	Picture	11	357218	0	1	4144	2	0	4000	hit	28
18_10_1966_1_017_nback4	14	Response	1	360682	3464	2
18_10_1966_1_017_nback4	14	Pulse	5	373482	16264	2
18_10_1966_1_017_nback4	15	Picture	10	375288	0	2	4145	3	0	4000	other	0
18_10_1966_1_017_nback4	16	Picture	10	393359	0	1	4145	2	0	4000	other	0
18_10_1966_1_017_nback4	16	Pulse	5	393481	122	2
18_10_1966_1_017_nback4	17	Picture	10	411430	0	1	4145	2	0	4000	other	0
18_10_1966_1_017_nback4	17	Pulse	5	413471	2041	1
18_10_1966_1_017_nback4	18	Picture	10	429500	0	2	4145	4	0	4000	other	0
18_10_1966_1_017_nback4	18	Pulse	5	433470	3970	2
18_10_1966_1_017_nback4	19	Pulse	5	453470	5898	1
18_10_1966_1_017_nback4	20	Picture	30	472606	0	1	4144	2	0	4000	other	0
18_10_1966_1_017_nback4	20	Pulse	5	473459	853	2
18_10_1966_1_017_nback4	21	Picture	30	490676	0	2	4145	3	0	4000	other	0
18_10_1966_1_017_nback4	21	Pulse	5	493458	2782	2
18_10_1966_1_017_nback4	22	Picture	31	508747	0	1	4145	2	0	4000	hit	43
18_10_1966_1_017_nback4	22	Response	1	511699	2952	1
18_10_1966_1_017_nback4	22	Pulse	5	513458	4711	2
18_10_1966_1_017_nback4	23	Picture	30	526818	0	1	4145	2	0	4000	other	0
18_10_1966_1_017_nback4	23	Pulse	5	533447	6629	2
18_10_1966_1_017_nback4	24	Picture	30	544889	0	1	4144	3	0	4000	other	0
18_10_1966_1_017_nback4	24	Pulse	5	553447	8558	2
18_10_1966_1_017_nback4	25	Picture	30	562959	0	2	4145	3	0	4000	other	0
18_10_1966_1_017_nback4	25	Pulse	5	573446	10487	2
18_10_1966_1_017_nback4	26	Picture	31	581030	0	1	4145	2	0	4000	hit	52
18_10_1966_1_017_nback4	26	Response	1	586726	5696	2
18_10_1966_1_017_nback4	26	Pulse	5	593436	12406	1
18_10_1966_1_017_nback4	27	Picture	31	599101	0	1	4145	2	0	4000	hit	55
18_10_1966_1_017_nback4	27	Response	1	603835	4734	2
18_10_1966_1_017_nback4	27	Pulse	5	613436	14335	1
18_10_1966_1_017_nback4	28	Picture	30	617172	0	1	4145	2	0	4000	false_alarm	58
18_10_1966_1_017_nback4	28	Response	1	624155	6983	2
18_10_1966_1_017_nback4	28	Pulse	5	633434	16262	2
18_10_1966_1_017_nback4	29	Picture	30	635243	0	1	4144	3	0	4000	other	0
18_10_1966_1_017_nback4	30	Picture	30	653313	0	2	4145	3	0	4000	other	0
18_10_1966_1_017_nback4	30	Pulse	5	653424	111	2
18_10_1966_1_017_nback4	31	Picture	31	671384	0	1	4145	2	0	4000	hit	65
18_10_1966_1_017_nback4	31	Pulse	5	673423	2039	2
18_10_1966_1_017_nback4	31	Response	1	675023	3639	2
18_10_1966_1_017_nback4	32	Picture	30	689455	0	1	4145	2	0	4000	other	0
18_10_1966_1_017_nback4	32	Pulse	5	693423	3968	2
18_10_1966_1_017_nback4	33	Picture	30	707526	0	1	4145	2	0	4000	other	0
18_10_1966_1_017_nback4	33	Pulse	5	713412	5886	3
18_10_1966_1_017_nback4	34	Picture	30	725597	0	1	4144	3	0	4000	other	0
18_10_1966_1_017_nback4	34	Pulse	5	733412	7815	2
18_10_1966_1_017_nback4	35	Picture	30	743667	0	3	4144	6	0	4000	other	0
18_10_1966_1_017_nback4	35	Pulse	5	753411	9744	2
18_10_1966_1_017_nback4	36	Pulse	5	773401	11663	1
18_10_1966_1_017_nback4	37	Picture	10	786772	0	1	4145	2	0	4000	other	0
18_10_1966_1_017_nback4	37	Pulse	5	793400	6628	2
18_10_1966_1_017_nback4	38	Picture	10	804843	0	1	4145	2	0	4000	other	0
18_10_1966_1_017_nback4	38	Pulse	5	813399	8556	2
18_10_1966_1_017_nback4	39	Picture	11	822914	0	1	4144	3	0	4000	hit	80
18_10_1966_1_017_nback4	39	Response	1	826519	3605	2
18_10_1966_1_017_nback4	39	Pulse	5	833389	10475	2
18_10_1966_1_017_nback4	40	Picture	10	840984	0	2	4145	3	0	4000	other	0
18_10_1966_1_017_nback4	40	Pulse	5	853388	12404	2
18_10_1966_1_017_nback4	41	Picture	11	859055	0	1	4145	2	0	4000	hit	85
18_10_1966_1_017_nback4	41	Response	1	863467	4412	3
18_10_1966_1_017_nback4	41	Pulse	5	873388	14333	2
18_10_1966_1_017_nback4	42	Picture	10	877126	0	1	4145	2	0	4000	other	0
18_10_1966_1_017_nback4	42	Pulse	5	893377	16251	2
18_10_1966_1_017_nback4	43	Picture	10	895197	0	1	4145	2	0	4000	other	0
18_10_1966_1_017_nback4	44	Picture	10	913268	0	1	4144	2	0	4000	other	0
18_10_1966_1_017_nback4	44	Pulse	5	913377	109	1
18_10_1966_1_017_nback4	45	Picture	11	931338	0	2	4145	3	0	4000	hit	94
18_10_1966_1_017_nback4	45	Pulse	5	933376	2038	2
18_10_1966_1_017_nback4	45	Response	1	935296	3958	2
18_10_1966_1_017_nback4	46	Picture	10	949409	0	1	4145	2	0	4000	other	0
18_10_1966_1_017_nback4	46	Pulse	5	953365	3956	4
18_10_1966_1_017_nback4	47	Picture	10	967480	0	1	4145	2	0	4000	other	0
18_10_1966_1_017_nback4	47	Pulse	5	973365	5885	3
18_10_1966_1_017_nback4	48	Picture	11	985551	0	1	4144	3	0	4000	hit	100
18_10_1966_1_017_nback4	48	Response	1	989844	4293	2
18_10_1966_1_017_nback4	48	Pulse	5	993364	7813	3
18_10_1966_1_017_nback4	49	Picture	10	1003622	0	1	4144	2	0	4000	other	0
18_10_1966_1_017_nback4	49	Pulse	5	1013354	9732	2
18_10_1966_1_017_nback4	50	Picture	10	1021693	0	1	4144	2	0	4000	other	0
18_10_1966_1_017_nback4	50	Pulse	5	1033355	11662	1
18_10_1966_1_017_nback4	51	Picture	10	1039763	0	1	4145	2	0	4000	other	0
18_10_1966_1_017_nback4	51	Pulse	5	1053353	13590	1
18_10_1966_1_017_nback4	52	Picture	10	1057834	0	1	4145	2	0	4000	other	0
18_10_1966_1_017_nback4	52	Pulse	5	1073343	15509	2
18_10_1966_1_017_nback4	53	Pulse	5	1093342	17437	1
18_10_1966_1_017_nback4	54	Picture	20	1100938	0	3	4145	5	0	4000	other	0
18_10_1966_1_017_nback4	54	Pulse	5	1113341	12403	2
18_10_1966_1_017_nback4	55	Picture	20	1119009	0	2	4145	3	0	4000	other	0
18_10_1966_1_017_nback4	55	Pulse	5	1133330	14321	2
18_10_1966_1_017_nback4	56	Picture	21	1137080	0	2	4145	3	0	4000	hit	116
18_10_1966_1_017_nback4	56	Response	1	1140850	3770	2
18_10_1966_1_017_nback4	56	Pulse	5	1153331	16251	1
18_10_1966_1_017_nback4	57	Picture	20	1155151	0	1	4145	2	0	4000	other	0
18_10_1966_1_017_nback4	58	Picture	20	1173222	0	1	4145	2	0	4000	other	0
18_10_1966_1_017_nback4	58	Pulse	5	1173329	107	2
18_10_1966_1_017_nback4	59	Picture	20	1191293	0	1	4143	4	0	4000	other	0
18_10_1966_1_017_nback4	59	Pulse	5	1193319	2026	2
18_10_1966_1_017_nback4	60	Picture	21	1209363	0	2	4145	3	0	4000	hit	125
18_10_1966_1_017_nback4	60	Pulse	5	1213318	3955	3
18_10_1966_1_017_nback4	60	Response	1	1214598	5235	3
18_10_1966_1_017_nback4	61	Picture	20	1227434	0	2	4145	3	0	4000	other	0
18_10_1966_1_017_nback4	61	Pulse	5	1233319	5885	2
18_10_1966_1_017_nback4	62	Picture	20	1245505	0	1	4145	2	0	4000	other	0
18_10_1966_1_017_nback4	62	Pulse	5	1253307	7802	2
18_10_1966_1_017_nback4	63	Picture	20	1263576	0	1	4144	3	0	4000	other	0
18_10_1966_1_017_nback4	63	Pulse	5	1273466	9890	2
18_10_1966_1_017_nback4	64	Picture	20	1281647	0	1	4144	3	0	4000	other	0
18_10_1966_1_017_nback4	64	Pulse	5	1293466	11819	2
18_10_1966_1_017_nback4	65	Picture	20	1299717	0	2	4145	3	0	4000	false_alarm	135
18_10_1966_1_017_nback4	65	Response	1	1308025	8308	2
18_10_1966_1_017_nback4	65	Pulse	5	1313455	13738	2
18_10_1966_1_017_nback4	66	Picture	21	1317788	0	1	4145	2	0	4000	hit	138
18_10_1966_1_017_nback4	66	Response	1	1322735	4947	3
18_10_1966_1_017_nback4	66	Pulse	5	1333455	15667	2
18_10_1966_1_017_nback4	67	Picture	20	1335859	0	1	4145	2	0	4000	other	0
18_10_1966_1_017_nback4	67	Pulse	5	1353454	17595	2
18_10_1966_1_017_nback4	68	Picture	20	1353930	0	1	4145	2	0	4000	other	0
18_10_1966_1_017_nback4	69	Picture	21	1372001	0	1	4144	3	0	4000	hit	145
18_10_1966_1_017_nback4	69	Pulse	5	1373444	1443	1
18_10_1966_1_017_nback4	69	Response	1	1376164	4163	1
18_10_1966_1_017_nback4	70	Pulse	5	1393443	3372	2
18_10_1966_1_017_nback4	70	Pulse	5	1413442	23371	2
18_10_1966_1_017_nback4	71	Picture	10	1415105	0	2	4145	3	0	4000	other	0
18_10_1966_1_017_nback4	72	Picture	10	1433176	0	1	4145	2	0	4000	false_alarm	151
18_10_1966_1_017_nback4	72	Pulse	5	1433432	256	2
18_10_1966_1_017_nback4	72	Response	1	1437432	4256	2
18_10_1966_1_017_nback4	73	Picture	11	1451246	0	2	4145	4	0	4000	miss	0
18_10_1966_1_017_nback4	73	Pulse	5	1453431	2185	2
18_10_1966_1_017_nback4	74	Picture	10	1469318	0	1	4144	3	0	4000	other	0
18_10_1966_1_017_nback4	74	Pulse	5	1473431	4113	2
18_10_1966_1_017_nback4	75	Picture	11	1487388	0	2	4145	3	0	4000	hit	157
18_10_1966_1_017_nback4	75	Response	1	1491500	4112	2
18_10_1966_1_017_nback4	75	Pulse	5	1493420	6032	2
18_10_1966_1_017_nback4	76	Picture	10	1505459	0	2	4145	3	0	4000	other	0
18_10_1966_1_017_nback4	76	Pulse	5	1513420	7961	2
18_10_1966_1_017_nback4	77	Picture	10	1523530	0	1	4145	2	0	4000	other	0
18_10_1966_1_017_nback4	77	Pulse	5	1533419	9889	2
18_10_1966_1_017_nback4	78	Picture	11	1541601	0	1	4145	2	0	4000	miss	0
18_10_1966_1_017_nback4	78	Pulse	5	1553409	11808	1
18_10_1966_1_017_nback4	79	Picture	10	1559672	0	1	4144	3	0	4000	other	0
18_10_1966_1_017_nback4	79	Pulse	5	1573408	13736	2
18_10_1966_1_017_nback4	80	Picture	10	1577742	0	2	4145	3	0	4000	other	0
18_10_1966_1_017_nback4	80	Pulse	5	1593407	15665	2
18_10_1966_1_017_nback4	81	Picture	10	1595813	0	2	4145	3	0	4000	other	0
18_10_1966_1_017_nback4	81	Pulse	5	1613397	17584	2
18_10_1966_1_017_nback4	82	Picture	10	1613884	0	1	4145	2	0	4000	other	0
18_10_1966_1_017_nback4	83	Picture	10	1631955	0	1	4145	2	0	4000	other	0
18_10_1966_1_017_nback4	83	Pulse	5	1633396	1441	2
18_10_1966_1_017_nback4	84	Picture	11	1650026	0	2	4144	4	0	4000	miss	0
18_10_1966_1_017_nback4	84	Pulse	5	1653396	3370	2
18_10_1966_1_017_nback4	85	Picture	10	1668097	0	1	4144	2	0	4000	other	0
18_10_1966_1_017_nback4	85	Pulse	5	1673385	5288	3
18_10_1966_1_017_nback4	86	Picture	10	1686167	0	2	4145	3	0	4000	other	0
18_10_1966_1_017_nback4	86	Pulse	5	1693384	7217	4
18_10_1966_1_017_nback4	87	Pulse	5	1713384	9146	3
18_10_1966_1_017_nback4	88	Picture	30	1729272	0	1	4145	2	0	4000	other	0
18_10_1966_1_017_nback4	88	Pulse	5	1733373	4101	2
18_10_1966_1_017_nback4	89	Picture	30	1747343	0	1	4144	3	0	4000	other	0
18_10_1966_1_017_nback4	89	Pulse	5	1753373	6030	2
18_10_1966_1_017_nback4	90	Picture	30	1765414	0	1	4144	2	0	4000	false_alarm	186
18_10_1966_1_017_nback4	90	Response	1	1768892	3478	2
18_10_1966_1_017_nback4	90	Pulse	5	1773373	7959	1
18_10_1966_1_017_nback4	91	Picture	31	1783484	0	1	4144	3	0	4000	miss	0
18_10_1966_1_017_nback4	91	Pulse	5	1793362	9878	2
18_10_1966_1_017_nback4	92	Picture	31	1801555	0	1	4145	2	0	4000	hit	191
18_10_1966_1_017_nback4	92	Response	1	1805681	4126	2
18_10_1966_1_017_nback4	92	Pulse	5	1813361	11806	2
18_10_1966_1_017_nback4	93	Picture	30	1819626	0	1	4143	4	0	4000	other	0
18_10_1966_1_017_nback4	93	Pulse	5	1833361	13735	2
18_10_1966_1_017_nback4	94	Picture	30	1837697	0	1	4144	3	0	4000	other	0
18_10_1966_1_017_nback4	94	Pulse	5	1853350	15653	2
18_10_1966_1_017_nback4	95	Picture	30	1855767	0	2	4145	3	0	4000	other	0
18_10_1966_1_017_nback4	95	Pulse	5	1873350	17583	1
18_10_1966_1_017_nback4	96	Picture	31	1873838	0	2	4145	3	0	4000	miss	0
18_10_1966_1_017_nback4	97	Picture	30	1891909	0	2	4145	3	0	4000	other	0
18_10_1966_1_017_nback4	97	Pulse	5	1893349	1440	2
18_10_1966_1_017_nback4	98	Picture	30	1909980	0	1	4145	2	0	4000	false_alarm	204
18_10_1966_1_017_nback4	98	Pulse	5	1913338	3358	2
18_10_1966_1_017_nback4	98	Response	1	1914138	4158	2
18_10_1966_1_017_nback4	99	Picture	30	1928051	0	1	4144	3	0	4000	other	0
18_10_1966_1_017_nback4	99	Pulse	5	1933338	5287	2
18_10_1966_1_017_nback4	100	Picture	30	1946121	0	2	4145	3	0	4000	other	0
18_10_1966_1_017_nback4	100	Pulse	5	1953337	7216	2
18_10_1966_1_017_nback4	101	Picture	31	1964192	0	2	4145	4	0	4000	hit	210
18_10_1966_1_017_nback4	101	Response	1	1967897	3705	2
18_10_1966_1_017_nback4	101	Pulse	5	1973327	9135	2
18_10_1966_1_017_nback4	102	Picture	30	1982263	0	1	4145	2	0	4000	other	0
18_10_1966_1_017_nback4	102	Pulse	5	1993326	11063	2
18_10_1966_1_017_nback4	103	Picture	30	2000334	0	1	4145	2	0	4000	other	0
18_10_1966_1_017_nback4	103	Pulse	5	2013327	12993	1
18_10_1966_1_017_nback4	104	Pulse	5	2033316	14911	1
18_10_1966_1_017_nback4	105	Picture	10	2043439	0	1	4144	3	0	4000	other	0
18_10_1966_1_017_nback4	105	Pulse	5	2053314	9875	2
18_10_1966_1_017_nback4	106	Picture	10	2061509	0	2	4145	3	0	4000	other	0
18_10_1966_1_017_nback4	106	Pulse	5	2073314	11805	2
18_10_1966_1_017_nback4	107	Picture	11	2079579	0	2	4146	3	0	4000	hit	222
18_10_1966_1_017_nback4	107	Response	1	2083234	3655	1
18_10_1966_1_017_nback4	107	Pulse	5	2093303	13724	2
18_10_1966_1_017_nback4	108	Picture	10	2097651	0	1	4145	2	0	4000	other	0
18_10_1966_1_017_nback4	108	Pulse	5	2113303	15652	2
18_10_1966_1_017_nback4	109	Picture	11	2115722	0	1	4144	3	0	4000	miss	0
18_10_1966_1_017_nback4	109	Pulse	5	2133302	17580	2
18_10_1966_1_017_nback4	110	Picture	10	2133793	0	1	4144	2	0	4000	other	0
18_10_1966_1_017_nback4	111	Picture	10	2151863	0	2	4145	3	0	4000	other	0
18_10_1966_1_017_nback4	111	Pulse	5	2153292	1429	2
18_10_1966_1_017_nback4	112	Picture	11	2169934	0	1	4145	2	0	4000	hit	233
18_10_1966_1_017_nback4	112	Pulse	5	2173291	3357	3
18_10_1966_1_017_nback4	112	Response	1	2173451	3517	3
18_10_1966_1_017_nback4	113	Picture	10	2188005	0	1	4145	2	0	4000	other	0
18_10_1966_1_017_nback4	113	Pulse	5	2193290	5285	3
18_10_1966_1_017_nback4	114	Picture	10	2206076	0	1	4144	3	0	4000	other	0
18_10_1966_1_017_nback4	114	Pulse	5	2213281	7205	1
18_10_1966_1_017_nback4	115	Picture	10	2224147	0	1	4144	2	0	4000	other	0
18_10_1966_1_017_nback4	115	Pulse	5	2233279	9132	2
18_10_1966_1_017_nback4	116	Picture	10	2242217	0	2	4145	3	0	4000	other	0
18_10_1966_1_017_nback4	116	Pulse	5	2253279	11062	2
18_10_1966_1_017_nback4	117	Picture	10	2260288	0	1	4145	2	0	4000	other	0
18_10_1966_1_017_nback4	117	Pulse	5	2273270	12982	1
18_10_1966_1_017_nback4	118	Picture	11	2278359	0	1	4145	2	0	4000	hit	245
18_10_1966_1_017_nback4	118	Response	1	2282549	4190	1
18_10_1966_1_017_nback4	118	Pulse	5	2293268	14909	2
18_10_1966_1_017_nback4	119	Picture	10	2296430	0	1	4144	3	0	4000	other	0
18_10_1966_1_017_nback4	119	Pulse	5	2313427	16997	2
18_10_1966_1_017_nback4	120	Picture	10	2314501	0	1	4144	2	0	4000	other	0
18_10_1966_1_017_nback4	121	Pulse	5	2333417	846	1
18_10_1966_1_017_nback4	121	Pulse	5	2353417	20846	1
18_10_1966_1_017_nback4	122	Picture	20	2357605	0	2	4145	3	0	4000	other	0
18_10_1966_1_017_nback4	122	Pulse	5	2373415	15810	3
18_10_1966_1_017_nback4	123	Picture	20	2375676	0	1	4145	2	0	4000	other	0
18_10_1966_1_017_nback4	123	Pulse	5	2393405	17729	2
18_10_1966_1_017_nback4	124	Picture	20	2393747	0	1	4144	3	0	4000	other	0
18_10_1966_1_017_nback4	125	Picture	21	2411818	0	1	4144	2	0	4000	hit	259
18_10_1966_1_017_nback4	125	Pulse	5	2413404	1586	2
18_10_1966_1_017_nback4	125	Response	1	2415004	3186	2
18_10_1966_1_017_nback4	126	Picture	20	2429888	0	2	4145	3	0	4000	other	0
18_10_1966_1_017_nback4	126	Pulse	5	2433404	3516	2
18_10_1966_1_017_nback4	127	Picture	20	2447959	0	1	4145	2	0	4000	other	0
18_10_1966_1_017_nback4	127	Pulse	5	2453393	5434	2
18_10_1966_1_017_nback4	128	Picture	21	2466030	0	1	4145	2	0	4000	hit	265
18_10_1966_1_017_nback4	128	Response	1	2470833	4803	3
18_10_1966_1_017_nback4	128	Pulse	5	2473393	7363	1
18_10_1966_1_017_nback4	129	Picture	20	2484101	0	1	4144	3	0	4000	other	0
18_10_1966_1_017_nback4	129	Pulse	5	2493392	9291	2
18_10_1966_1_017_nback4	130	Picture	20	2502172	0	1	4144	2	0	4000	other	0
18_10_1966_1_017_nback4	130	Pulse	5	2513381	11209	2
18_10_1966_1_017_nback4	131	Picture	20	2520242	0	2	4145	3	0	4000	other	0
18_10_1966_1_017_nback4	131	Pulse	5	2533381	13139	2
18_10_1966_1_017_nback4	132	Picture	21	2538313	0	1	4145	2	0	4000	hit	274
18_10_1966_1_017_nback4	132	Response	1	2542501	4188	2
18_10_1966_1_017_nback4	132	Pulse	5	2553380	15067	2
18_10_1966_1_017_nback4	133	Picture	20	2556384	0	1	4145	2	0	4000	other	0
18_10_1966_1_017_nback4	133	Pulse	5	2573370	16986	2
18_10_1966_1_017_nback4	134	Picture	20	2574455	0	1	4144	3	0	4000	other	0
18_10_1966_1_017_nback4	135	Picture	21	2592526	0	1	4144	3	0	4000	hit	281
18_10_1966_1_017_nback4	135	Pulse	5	2593369	843	2
18_10_1966_1_017_nback4	135	Response	1	2597209	4683	2
18_10_1966_1_017_nback4	136	Picture	20	2610596	0	2	4145	3	0	4000	other	0
18_10_1966_1_017_nback4	136	Pulse	5	2613369	2773	1
18_10_1966_1_017_nback4	137	Picture	20	2628667	0	1	4145	2	0	4000	other	0
18_10_1966_1_017_nback4	137	Pulse	5	2633358	4691	2
