Scenario - 1-back
Logfile written - 06/28/2014 15:38:24

Subject	Trial	Event Type	Code	Time	TTime	Uncertainty	Duration	Uncertainty	ReqTime	ReqDur	Stim Type	Pair Index

18_10_1966_1_17	1	Pulse	5	216451	226285	2
18_10_1966_1_17	2	Pulse	5	236451	19821	2
18_10_1966_1_17	3	Picture	10	241664	0	1	4145	2	0	4000	other	0
18_10_1966_1_17	3	Pulse	5	256440	14776	3
18_10_1966_1_17	4	Picture	10	259735	0	1	4145	2	0	4000	other	0
18_10_1966_1_17	4	Pulse	5	276440	16705	2
18_10_1966_1_17	5	Picture	11	277806	0	1	4144	3	0	4000	hit	8
18_10_1966_1_17	5	Response	1	281719	3913	3
18_10_1966_1_17	6	Picture	10	295876	0	2	4145	3	0	4000	other	0
18_10_1966_1_17	6	Pulse	5	296599	723	2
18_10_1966_1_17	7	Picture	11	313947	0	1	4145	2	0	4000	hit	13
18_10_1966_1_17	7	Pulse	5	316588	2641	2
18_10_1966_1_17	7	Response	1	318508	4561	2
18_10_1966_1_17	8	Picture	10	332018	0	1	4145	2	0	4000	other	0
18_10_1966_1_17	8	Pulse	5	336588	4570	2
18_10_1966_1_17	9	Picture	10	350089	0	1	4144	3	0	4000	other	0
18_10_1966_1_17	9	Pulse	5	356589	6500	1
18_10_1966_1_17	10	Picture	10	368160	0	1	4144	3	0	4000	other	0
18_10_1966_1_17	10	Pulse	5	376577	8417	2
18_10_1966_1_17	11	Picture	11	386231	0	1	4144	2	0	4000	miss	0
18_10_1966_1_17	11	Pulse	5	396576	10345	2
18_10_1966_1_17	12	Picture	10	404301	0	1	4145	2	0	4000	other	0
18_10_1966_1_17	12	Pulse	5	416576	12275	1
18_10_1966_1_17	13	Picture	10	422372	0	1	4145	2	0	4000	other	0
18_10_1966_1_17	13	Pulse	5	436565	14193	2
18_10_1966_1_17	14	Picture	11	440443	0	1	4145	2	0	4000	hit	27
18_10_1966_1_17	14	Response	1	444405	3962	2
18_10_1966_1_17	14	Pulse	5	456564	16121	2
18_10_1966_1_17	15	Picture	10	458514	0	1	4144	3	0	4000	other	0
18_10_1966_1_17	15	Pulse	5	476564	18050	2
18_10_1966_1_17	16	Picture	10	476585	0	1	4144	2	0	4000	other	0
18_10_1966_1_17	17	Picture	10	494655	0	1	4145	2	0	4000	other	0
18_10_1966_1_17	17	Pulse	5	496553	1898	2
18_10_1966_1_17	18	Picture	10	512726	0	1	4145	2	0	4000	other	0
18_10_1966_1_17	18	Pulse	5	516553	3827	2
18_10_1966_1_17	19	Pulse	5	536552	5755	2
18_10_1966_1_17	20	Picture	20	555831	0	1	4144	3	0	4000	other	0
18_10_1966_1_17	20	Pulse	5	556542	711	1
18_10_1966_1_17	21	Picture	20	573902	0	1	4144	2	0	4000	other	0
18_10_1966_1_17	21	Pulse	5	576541	2639	2
18_10_1966_1_17	22	Picture	21	591972	0	2	4145	3	0	4000	miss	0
18_10_1966_1_17	22	Pulse	5	596541	4569	1
18_10_1966_1_17	23	Picture	20	610043	0	1	4145	2	0	4000	other	0
18_10_1966_1_17	23	Pulse	5	616530	6487	2
18_10_1966_1_17	24	Picture	20	628114	0	1	4145	2	0	4000	other	0
18_10_1966_1_17	24	Pulse	5	636530	8416	1
18_10_1966_1_17	25	Picture	20	646185	0	1	4144	3	0	4000	other	0
18_10_1966_1_17	25	Pulse	5	656530	10345	1
18_10_1966_1_17	26	Picture	21	664256	0	1	4144	2	0	4000	hit	50
18_10_1966_1_17	26	Response	1	667400	3144	1
18_10_1966_1_17	26	Pulse	5	676520	12264	1
18_10_1966_1_17	27	Picture	20	682326	0	2	4145	3	0	4000	other	0
18_10_1966_1_17	27	Pulse	5	696518	14192	2
18_10_1966_1_17	28	Picture	20	700397	0	1	4145	2	0	4000	other	0
18_10_1966_1_17	28	Pulse	5	716517	16120	2
18_10_1966_1_17	29	Picture	20	718468	0	1	4145	2	0	4000	other	0
18_10_1966_1_17	29	Pulse	5	736507	18039	2
18_10_1966_1_17	30	Picture	20	736539	0	1	4144	3	0	4000	other	0
18_10_1966_1_17	31	Picture	20	754610	0	1	4144	2	0	4000	false_alarm	61
18_10_1966_1_17	31	Pulse	5	756506	1896	2
18_10_1966_1_17	31	Response	1	759226	4616	4
18_10_1966_1_17	32	Picture	21	772680	0	2	4145	3	0	4000	miss	0
18_10_1966_1_17	32	Pulse	5	776507	3827	2
18_10_1966_1_17	33	Picture	20	790751	0	1	4145	2	0	4000	other	0
18_10_1966_1_17	33	Pulse	5	796495	5744	2
18_10_1966_1_17	34	Picture	20	808822	0	1	4145	2	0	4000	other	0
18_10_1966_1_17	34	Pulse	5	816494	7672	2
18_10_1966_1_17	35	Picture	21	826893	0	1	4144	3	0	4000	hit	69
18_10_1966_1_17	35	Response	1	830574	3681	2
18_10_1966_1_17	35	Pulse	5	836494	9601	2
18_10_1966_1_17	36	Pulse	5	856483	11519	2
18_10_1966_1_17	37	Picture	10	869997	0	2	4145	3	0	4000	other	0
18_10_1966_1_17	37	Pulse	5	876483	6486	1
18_10_1966_1_17	38	Picture	10	888068	0	2	4145	3	0	4000	other	0
18_10_1966_1_17	38	Pulse	5	896482	8414	2
18_10_1966_1_17	39	Picture	11	906139	0	1	4145	2	0	4000	hit	77
18_10_1966_1_17	39	Response	1	909592	3453	2
18_10_1966_1_17	39	Pulse	5	916472	10333	1
18_10_1966_1_17	40	Picture	10	924210	0	1	4145	2	0	4000	other	0
18_10_1966_1_17	40	Pulse	5	936471	12261	2
18_10_1966_1_17	41	Picture	11	942281	0	1	4144	3	0	4000	miss	0
18_10_1966_1_17	41	Pulse	5	956470	14189	2
18_10_1966_1_17	42	Picture	10	960350	0	4	4146	5	0	4000	other	0
18_10_1966_1_17	42	Pulse	5	976460	16110	2
18_10_1966_1_17	43	Picture	10	978422	0	1	4145	2	0	4000	other	0
18_10_1966_1_17	43	Pulse	5	996459	18037	2
18_10_1966_1_17	44	Picture	10	996493	0	1	4145	2	0	4000	other	0
18_10_1966_1_17	45	Picture	11	1014564	0	1	4144	3	0	4000	hit	90
18_10_1966_1_17	45	Pulse	5	1016459	1895	2
18_10_1966_1_17	45	Response	1	1019339	4775	1
18_10_1966_1_17	46	Picture	10	1032635	0	1	4144	3	0	4000	other	0
18_10_1966_1_17	46	Pulse	5	1036448	3813	2
18_10_1966_1_17	47	Picture	10	1050705	0	2	4145	3	0	4000	other	0
18_10_1966_1_17	47	Pulse	5	1056448	5743	1
18_10_1966_1_17	48	Picture	11	1068776	0	1	4145	2	0	4000	hit	96
18_10_1966_1_17	48	Response	1	1073407	4631	2
18_10_1966_1_17	48	Pulse	5	1076447	7671	2
18_10_1966_1_17	49	Picture	10	1086847	0	1	4145	2	0	4000	other	0
18_10_1966_1_17	49	Pulse	5	1096436	9589	2
18_10_1966_1_17	50	Picture	10	1104918	0	1	4144	3	0	4000	other	0
18_10_1966_1_17	50	Pulse	5	1116436	11518	2
18_10_1966_1_17	51	Picture	10	1122989	0	1	4144	2	0	4000	other	0
18_10_1966_1_17	51	Pulse	5	1136435	13446	2
18_10_1966_1_17	52	Picture	10	1141059	0	2	4145	3	0	4000	other	0
18_10_1966_1_17	52	Pulse	5	1156425	15366	2
18_10_1966_1_17	53	Pulse	5	1176424	17294	2
18_10_1966_1_17	54	Picture	30	1184164	0	1	4145	2	0	4000	other	0
18_10_1966_1_17	54	Pulse	5	1196424	12260	2
18_10_1966_1_17	55	Picture	30	1202235	0	1	4145	2	0	4000	other	0
18_10_1966_1_17	55	Pulse	5	1216413	14178	3
18_10_1966_1_17	56	Picture	31	1220306	0	1	4144	3	0	4000	hit	112
18_10_1966_1_17	56	Response	1	1223773	3467	2
18_10_1966_1_17	56	Pulse	5	1236412	16106	3
18_10_1966_1_17	57	Picture	30	1238376	0	2	4145	3	0	4000	other	0
18_10_1966_1_17	57	Pulse	5	1256412	18036	3
18_10_1966_1_17	58	Picture	30	1256447	0	1	4145	2	0	4000	other	0
18_10_1966_1_17	59	Picture	30	1274517	0	2	4146	3	0	4000	other	0
18_10_1966_1_17	59	Pulse	5	1276401	1884	2
18_10_1966_1_17	60	Picture	31	1292589	0	1	4145	2	0	4000	hit	120
18_10_1966_1_17	60	Response	1	1296081	3492	2
18_10_1966_1_17	60	Pulse	5	1296402	3813	1
18_10_1966_1_17	61	Picture	31	1310660	0	1	4144	3	0	4000	hit	124
18_10_1966_1_17	61	Pulse	5	1316400	5740	2
18_10_1966_1_17	61	Response	1	1317840	7180	2
18_10_1966_1_17	62	Picture	30	1328730	0	2	4144	5	0	4000	other	0
18_10_1966_1_17	62	Pulse	5	1336390	7660	2
18_10_1966_1_17	63	Picture	30	1346801	0	2	4145	3	0	4000	other	0
18_10_1966_1_17	63	Pulse	5	1356549	9748	2
18_10_1966_1_17	64	Picture	30	1364872	0	1	4145	2	0	4000	false_alarm	130
18_10_1966_1_17	64	Response	1	1371429	6557	2
18_10_1966_1_17	64	Pulse	5	1376549	11677	1
18_10_1966_1_17	65	Picture	31	1382943	0	1	4145	2	0	4000	miss	0
18_10_1966_1_17	65	Pulse	5	1396538	13595	2
18_10_1966_1_17	66	Picture	30	1401014	0	1	4144	3	0	4000	other	0
18_10_1966_1_17	66	Pulse	5	1416537	15523	2
18_10_1966_1_17	67	Picture	30	1419084	0	2	4145	3	0	4000	other	0
18_10_1966_1_17	67	Pulse	5	1436538	17454	1
18_10_1966_1_17	68	Picture	30	1437155	0	1	4145	2	0	4000	other	0
18_10_1966_1_17	69	Picture	30	1455226	0	1	4145	2	0	4000	false_alarm	141
18_10_1966_1_17	69	Pulse	5	1456526	1300	2
18_10_1966_1_17	69	Response	1	1458606	3380	2
18_10_1966_1_17	70	Pulse	5	1476526	3229	2
18_10_1966_1_17	70	Pulse	5	1496525	23228	2
18_10_1966_1_17	71	Picture	10	1498331	0	1	4144	3	0	4000	other	0
18_10_1966_1_17	72	Picture	10	1516402	0	1	4144	2	0	4000	other	0
18_10_1966_1_17	72	Pulse	5	1516515	113	1
18_10_1966_1_17	73	Picture	11	1534472	0	2	4145	3	0	4000	hit	149
18_10_1966_1_17	73	Pulse	5	1536514	2042	2
18_10_1966_1_17	73	Response	1	1537795	3323	1
18_10_1966_1_17	74	Picture	10	1552543	0	3	4145	4	0	4000	other	0
18_10_1966_1_17	74	Pulse	5	1556514	3971	1
18_10_1966_1_17	75	Picture	11	1570614	0	1	4145	2	0	4000	hit	153
18_10_1966_1_17	75	Response	1	1574583	3969	3
18_10_1966_1_17	75	Pulse	5	1576503	5889	2
18_10_1966_1_17	76	Picture	10	1588685	0	1	4144	3	0	4000	other	0
18_10_1966_1_17	76	Pulse	5	1596502	7817	2
18_10_1966_1_17	77	Picture	10	1606756	0	1	4144	2	0	4000	other	0
18_10_1966_1_17	77	Pulse	5	1616502	9746	2
18_10_1966_1_17	78	Picture	11	1624826	0	2	4145	3	0	4000	hit	160
18_10_1966_1_17	78	Response	1	1629131	4305	2
18_10_1966_1_17	78	Pulse	5	1636491	11665	2
18_10_1966_1_17	79	Picture	10	1642897	0	1	4145	2	0	4000	other	0
18_10_1966_1_17	79	Pulse	5	1656491	13594	1
18_10_1966_1_17	80	Picture	10	1660968	0	1	4145	2	0	4000	other	0
18_10_1966_1_17	80	Pulse	5	1676490	15522	2
18_10_1966_1_17	81	Picture	10	1679039	0	1	4144	3	0	4000	other	0
18_10_1966_1_17	81	Pulse	5	1696479	17440	3
18_10_1966_1_17	82	Picture	10	1697109	0	2	4145	3	0	4000	other	0
18_10_1966_1_17	83	Picture	10	1715180	0	2	4145	3	0	4000	other	0
18_10_1966_1_17	83	Pulse	5	1716479	1299	2
18_10_1966_1_17	84	Picture	11	1733251	0	1	4145	2	0	4000	hit	173
18_10_1966_1_17	84	Pulse	5	1736478	3227	3
18_10_1966_1_17	84	Response	1	1737278	4027	3
18_10_1966_1_17	85	Picture	10	1751322	0	1	4145	2	0	4000	other	0
18_10_1966_1_17	85	Pulse	5	1756468	5146	2
18_10_1966_1_17	86	Picture	10	1769393	0	1	4144	3	0	4000	other	0
18_10_1966_1_17	86	Pulse	5	1776469	7076	1
18_10_1966_1_17	87	Pulse	5	1796467	9003	2
18_10_1966_1_17	88	Picture	20	1812497	0	2	4145	3	0	4000	other	0
18_10_1966_1_17	88	Pulse	5	1816456	3959	2
18_10_1966_1_17	89	Picture	20	1830568	0	2	4145	3	0	4000	other	0
18_10_1966_1_17	89	Pulse	5	1836457	5889	1
18_10_1966_1_17	90	Picture	20	1848639	0	1	4145	2	0	4000	other	0
18_10_1966_1_17	90	Pulse	5	1856447	7808	1
18_10_1966_1_17	91	Picture	21	1866710	0	1	4145	2	0	4000	hit	186
18_10_1966_1_17	91	Response	1	1871006	4296	1
18_10_1966_1_17	91	Pulse	5	1876446	9736	1
18_10_1966_1_17	92	Picture	20	1884781	0	1	4144	3	0	4000	other	0
18_10_1966_1_17	92	Pulse	5	1896444	11663	2
18_10_1966_1_17	93	Picture	20	1902851	0	2	4145	3	0	4000	other	0
18_10_1966_1_17	93	Pulse	5	1916443	13592	2
18_10_1966_1_17	94	Picture	21	1920922	0	1	4144	4	0	4000	hit	193
18_10_1966_1_17	94	Response	1	1925073	4151	2
18_10_1966_1_17	94	Pulse	5	1936433	15511	2
18_10_1966_1_17	95	Picture	20	1938992	0	3	4146	4	0	4000	other	0
18_10_1966_1_17	95	Pulse	5	1956432	17440	2
18_10_1966_1_17	96	Picture	20	1957064	0	1	4144	3	0	4000	other	0
18_10_1966_1_17	97	Picture	20	1975135	0	1	4144	3	0	4000	other	0
18_10_1966_1_17	97	Pulse	5	1976432	1297	2
18_10_1966_1_17	98	Picture	21	1993205	0	2	4145	3	0	4000	hit	202
18_10_1966_1_17	98	Pulse	5	1996421	3216	2
18_10_1966_1_17	98	Response	1	1996901	3696	2
18_10_1966_1_17	99	Picture	20	2011276	0	1	4145	2	0	4000	other	0
18_10_1966_1_17	99	Pulse	5	2016421	5145	1
18_10_1966_1_17	100	Picture	20	2029347	0	1	4145	2	0	4000	other	0
18_10_1966_1_17	100	Pulse	5	2036420	7073	2
18_10_1966_1_17	101	Picture	21	2047418	0	1	4145	2	0	4000	miss	0
18_10_1966_1_17	101	Pulse	5	2056409	8991	3
18_10_1966_1_17	102	Picture	20	2065489	0	1	4144	3	0	4000	other	0
18_10_1966_1_17	102	Pulse	5	2076409	10920	3
18_10_1966_1_17	103	Picture	20	2083559	0	2	4145	3	0	4000	false_alarm	212
18_10_1966_1_17	103	Response	1	2087928	4369	2
18_10_1966_1_17	103	Pulse	5	2096408	12849	3
18_10_1966_1_17	104	Pulse	5	2116398	14768	2
18_10_1966_1_17	105	Picture	10	2126664	0	1	4145	2	0	4000	other	0
18_10_1966_1_17	105	Pulse	5	2136397	9733	2
18_10_1966_1_17	106	Picture	10	2144735	0	1	4145	2	0	4000	other	0
18_10_1966_1_17	106	Pulse	5	2156397	11662	1
18_10_1966_1_17	107	Picture	11	2162806	0	1	4144	3	0	4000	miss	0
18_10_1966_1_17	107	Pulse	5	2176386	13580	2
18_10_1966_1_17	108	Picture	10	2180877	0	1	4144	2	0	4000	other	0
18_10_1966_1_17	108	Pulse	5	2196385	15508	3
18_10_1966_1_17	109	Picture	11	2198947	0	2	4145	3	0	4000	miss	0
18_10_1966_1_17	109	Pulse	5	2216385	17438	2
18_10_1966_1_17	110	Picture	10	2217018	0	1	4145	2	0	4000	other	0
18_10_1966_1_17	111	Picture	10	2235089	0	1	4145	2	0	4000	other	0
18_10_1966_1_17	111	Pulse	5	2236374	1285	2
18_10_1966_1_17	112	Picture	11	2253159	0	2	4145	4	0	4000	hit	230
18_10_1966_1_17	112	Pulse	5	2256374	3215	2
18_10_1966_1_17	112	Response	1	2256694	3535	2
18_10_1966_1_17	113	Picture	10	2271231	0	1	4144	2	0	4000	other	0
18_10_1966_1_17	113	Pulse	5	2276373	5142	2
18_10_1966_1_17	114	Picture	10	2289301	0	2	4145	3	0	4000	other	0
18_10_1966_1_17	114	Pulse	5	2296363	7062	1
18_10_1966_1_17	115	Picture	10	2307372	0	1	4144	4	0	4000	other	0
18_10_1966_1_17	115	Pulse	5	2316362	8990	2
18_10_1966_1_17	116	Picture	10	2325443	0	1	4145	2	0	4000	other	0
18_10_1966_1_17	116	Pulse	5	2336362	10919	1
18_10_1966_1_17	117	Picture	10	2343514	0	1	4144	3	0	4000	other	0
18_10_1966_1_17	117	Pulse	5	2356351	12837	2
18_10_1966_1_17	118	Picture	11	2361585	0	1	4144	2	0	4000	hit	242
18_10_1966_1_17	118	Response	1	2366591	5006	1
18_10_1966_1_17	118	Pulse	5	2376350	14765	2
18_10_1966_1_17	119	Picture	10	2379655	0	2	4145	3	0	4000	other	0
18_10_1966_1_17	119	Pulse	5	2396510	16855	2
18_10_1966_1_17	120	Picture	10	2397726	0	1	4145	2	0	4000	other	0
18_10_1966_1_17	121	Pulse	5	2416499	702	2
18_10_1966_1_17	121	Pulse	5	2436499	20702	2
18_10_1966_1_17	122	Picture	30	2440831	0	1	4145	2	0	4000	other	0
18_10_1966_1_17	122	Pulse	5	2456498	15667	2
18_10_1966_1_17	123	Picture	30	2458902	0	1	4144	2	0	4000	other	0
18_10_1966_1_17	123	Pulse	5	2476488	17586	1
18_10_1966_1_17	124	Picture	30	2476972	0	2	4145	3	0	4000	other	0
18_10_1966_1_17	125	Picture	31	2495043	0	1	4145	2	0	4000	hit	256
18_10_1966_1_17	125	Pulse	5	2496488	1445	1
18_10_1966_1_17	125	Response	1	2500807	5764	2
18_10_1966_1_17	126	Picture	31	2513114	0	1	4145	2	0	4000	hit	259
18_10_1966_1_17	126	Pulse	5	2516486	3372	2
18_10_1966_1_17	126	Response	1	2522567	9453	1
18_10_1966_1_17	127	Picture	30	2531185	0	1	4144	3	0	4000	other	0
18_10_1966_1_17	127	Pulse	5	2536476	5291	2
18_10_1966_1_17	128	Picture	30	2549255	0	2	4145	4	0	4000	other	0
18_10_1966_1_17	128	Pulse	5	2556475	7220	2
18_10_1966_1_17	129	Picture	30	2567326	0	2	4145	3	0	4000	other	0
18_10_1966_1_17	129	Pulse	5	2576475	9149	2
18_10_1966_1_17	130	Picture	31	2585397	0	1	4145	2	0	4000	miss	0
18_10_1966_1_17	130	Pulse	5	2596464	11067	2
18_10_1966_1_17	131	Picture	30	2603468	0	1	4145	2	0	4000	other	0
18_10_1966_1_17	131	Pulse	5	2616464	12996	1
18_10_1966_1_17	132	Picture	30	2621539	0	1	4145	2	0	4000	false_alarm	271
18_10_1966_1_17	132	Response	1	2624943	3404	2
18_10_1966_1_17	132	Pulse	5	2636463	14924	2
18_10_1966_1_17	133	Picture	30	2639610	0	1	4144	2	0	4000	false_alarm	274
18_10_1966_1_17	133	Response	1	2645573	5963	2
18_10_1966_1_17	133	Pulse	5	2656452	16842	3
18_10_1966_1_17	134	Picture	30	2657680	0	2	4145	3	0	4000	other	0
18_10_1966_1_17	135	Picture	31	2675751	0	1	4145	2	0	4000	miss	0
18_10_1966_1_17	135	Pulse	5	2676452	701	3
18_10_1966_1_17	136	Picture	30	2693822	0	1	4145	2	0	4000	other	0
18_10_1966_1_17	136	Pulse	5	2696451	2629	3
18_10_1966_1_17	137	Picture	30	2711893	0	1	4145	2	0	4000	false_alarm	283
18_10_1966_1_17	137	Pulse	5	2716441	4548	3
18_10_1966_1_17	137	Response	1	2716761	4868	2
