Scenario - 1-back
Logfile written - 06/28/2014 15:28:53

Subject	Trial	Event Type	Code	Time	TTime	Uncertainty	Duration	Uncertainty	ReqTime	ReqDur	Stim Type	Pair Index

18_10_1966_1_17	1	Pulse	5	132562	142396	2
18_10_1966_1_17	2	Pulse	5	152562	19820	1
18_10_1966_1_17	3	Picture	10	157776	0	1	4144	3	0	4000	other	0
18_10_1966_1_17	3	Pulse	5	172561	14785	2
18_10_1966_1_17	4	Picture	10	175846	0	2	4145	3	0	4000	other	0
18_10_1966_1_17	4	Pulse	5	192550	16704	2
18_10_1966_1_17	5	Picture	11	193917	0	1	4145	2	0	4000	hit	8
18_10_1966_1_17	5	Response	1	197510	3593	2
18_10_1966_1_17	6	Picture	10	211988	0	1	4145	2	0	4000	other	0
18_10_1966_1_17	6	Pulse	5	212551	563	1
18_10_1966_1_17	7	Picture	11	230059	0	1	4144	3	0	4000	miss	0
18_10_1966_1_17	7	Pulse	5	232549	2490	2
18_10_1966_1_17	8	Picture	10	248130	0	1	4144	2	0	4000	other	0
18_10_1966_1_17	8	Pulse	5	252539	4409	2
18_10_1966_1_17	9	Picture	10	266200	0	1	4145	2	0	4000	false_alarm	16
18_10_1966_1_17	9	Response	1	269178	2978	2
18_10_1966_1_17	9	Pulse	5	272538	6338	2
18_10_1966_1_17	10	Picture	10	284271	0	1	4145	2	0	4000	other	0
18_10_1966_1_17	10	Pulse	5	292538	8267	1
18_10_1966_1_17	11	Picture	11	302342	0	1	4145	2	0	4000	hit	21
18_10_1966_1_17	11	Response	1	306607	4265	2
18_10_1966_1_17	11	Pulse	5	312527	10185	2
18_10_1966_1_17	12	Picture	10	320413	0	1	4144	2	0	4000	other	0
18_10_1966_1_17	12	Pulse	5	332526	12113	2
18_10_1966_1_17	13	Picture	10	338483	0	2	4145	3	0	4000	other	0
18_10_1966_1_17	13	Pulse	5	352526	14043	2
18_10_1966_1_17	14	Picture	11	356554	0	1	4145	2	0	4000	hit	28
18_10_1966_1_17	14	Response	1	360676	4122	2
18_10_1966_1_17	14	Pulse	5	372515	15961	2
18_10_1966_1_17	15	Picture	10	374625	0	1	4145	2	0	4000	other	0
18_10_1966_1_17	15	Pulse	5	392515	17890	2
18_10_1966_1_17	16	Picture	10	392696	0	1	4144	3	0	4000	other	0
18_10_1966_1_17	17	Picture	10	410766	0	2	4145	3	0	4000	other	0
18_10_1966_1_17	17	Pulse	5	412514	1748	2
18_10_1966_1_17	18	Picture	10	428837	0	1	4145	2	0	4000	other	0
18_10_1966_1_17	18	Pulse	5	432504	3667	2
18_10_1966_1_17	19	Pulse	5	452503	5595	2
18_10_1966_1_17	20	Picture	20	471942	0	1	4145	2	0	4000	other	0
18_10_1966_1_17	20	Pulse	5	472503	561	1
18_10_1966_1_17	21	Picture	20	490013	0	1	4144	3	0	4000	other	0
18_10_1966_1_17	21	Pulse	5	492491	2478	3
18_10_1966_1_17	22	Picture	21	508083	0	2	4145	3	0	4000	hit	44
18_10_1966_1_17	22	Pulse	5	512491	4408	2
18_10_1966_1_17	22	Response	1	513771	5688	2
18_10_1966_1_17	23	Picture	20	526154	0	2	4145	3	0	4000	other	0
18_10_1966_1_17	23	Pulse	5	532491	6337	2
18_10_1966_1_17	24	Picture	20	544225	0	1	4145	2	0	4000	other	0
18_10_1966_1_17	24	Pulse	5	552480	8255	3
18_10_1966_1_17	25	Picture	20	562296	0	1	4144	3	0	4000	other	0
18_10_1966_1_17	25	Pulse	5	572480	10184	2
18_10_1966_1_17	26	Picture	21	580367	0	1	4144	3	0	4000	hit	52
18_10_1966_1_17	26	Response	1	586719	6352	3
18_10_1966_1_17	26	Pulse	5	592479	12112	3
18_10_1966_1_17	27	Picture	20	598437	0	2	4145	3	0	4000	other	0
18_10_1966_1_17	27	Pulse	5	612469	14032	1
18_10_1966_1_17	28	Picture	20	616508	0	1	4145	2	0	4000	other	0
18_10_1966_1_17	28	Pulse	5	632468	15960	2
18_10_1966_1_17	29	Picture	20	634579	0	1	4145	2	0	4000	other	0
18_10_1966_1_17	29	Pulse	5	652467	17888	2
18_10_1966_1_17	30	Picture	20	652650	0	1	4144	3	0	4000	other	0
18_10_1966_1_17	31	Picture	20	670721	0	1	4144	2	0	4000	other	0
18_10_1966_1_17	31	Pulse	5	672457	1736	2
18_10_1966_1_17	32	Picture	21	688791	0	2	4145	3	0	4000	miss	0
18_10_1966_1_17	32	Pulse	5	692616	3825	2
18_10_1966_1_17	33	Picture	20	706862	0	1	4145	2	0	4000	other	0
18_10_1966_1_17	33	Pulse	5	712616	5754	2
18_10_1966_1_17	34	Picture	20	724933	0	1	4145	2	0	4000	other	0
18_10_1966_1_17	34	Pulse	5	732605	7672	2
18_10_1966_1_17	35	Picture	21	743004	0	1	4144	3	0	4000	hit	70
18_10_1966_1_17	35	Response	1	749245	6241	2
18_10_1966_1_17	35	Pulse	5	752605	9601	1
18_10_1966_1_17	36	Pulse	5	772604	11530	2
18_10_1966_1_17	37	Picture	10	786108	0	2	4145	3	0	4000	other	0
18_10_1966_1_17	37	Pulse	5	792593	6485	2
18_10_1966_1_17	38	Picture	10	804179	0	1	4145	2	0	4000	other	0
18_10_1966_1_17	38	Pulse	5	812593	8414	2
18_10_1966_1_17	39	Picture	11	822250	0	1	4145	2	0	4000	hit	78
18_10_1966_1_17	39	Response	1	826033	3783	2
18_10_1966_1_17	39	Pulse	5	832592	10342	2
18_10_1966_1_17	40	Picture	10	840321	0	1	4144	3	0	4000	other	0
18_10_1966_1_17	40	Pulse	5	852582	12261	2
18_10_1966_1_17	41	Picture	11	858391	0	2	4145	3	0	4000	miss	0
18_10_1966_1_17	41	Pulse	5	872581	14190	2
18_10_1966_1_17	42	Picture	10	876462	0	1	4145	2	0	4000	other	0
18_10_1966_1_17	42	Pulse	5	892581	16119	2
18_10_1966_1_17	43	Picture	10	894533	0	1	4145	2	0	4000	other	0
18_10_1966_1_17	43	Pulse	5	912570	18037	3
18_10_1966_1_17	44	Picture	10	912603	0	3	4145	5	0	4000	other	0
18_10_1966_1_17	45	Picture	11	930675	0	1	4144	2	0	4000	hit	91
18_10_1966_1_17	45	Pulse	5	932570	1895	2
18_10_1966_1_17	45	Response	1	934330	3655	1
18_10_1966_1_17	46	Picture	10	948745	0	2	4145	3	0	4000	other	0
18_10_1966_1_17	46	Pulse	5	952569	3824	2
18_10_1966_1_17	47	Picture	10	966816	0	1	4145	2	0	4000	other	0
18_10_1966_1_17	47	Pulse	5	972560	5744	1
18_10_1966_1_17	48	Picture	11	984887	0	1	4145	2	0	4000	hit	97
18_10_1966_1_17	48	Response	1	988558	3671	2
18_10_1966_1_17	48	Pulse	5	992559	7672	1
18_10_1966_1_17	49	Picture	10	1002957	0	4	4145	6	0	4000	other	0
18_10_1966_1_17	49	Pulse	5	1012557	9600	2
18_10_1966_1_17	50	Picture	10	1021027	0	3	4146	4	0	4000	other	0
18_10_1966_1_17	50	Pulse	5	1032549	11522	1
18_10_1966_1_17	51	Picture	10	1039099	0	1	4145	2	0	4000	other	0
18_10_1966_1_17	51	Pulse	5	1052546	13447	3
18_10_1966_1_17	52	Picture	10	1057170	0	1	4144	3	0	4000	other	0
18_10_1966_1_17	52	Pulse	5	1072548	15378	1
18_10_1966_1_17	53	Pulse	5	1092535	17294	2
18_10_1966_1_17	54	Picture	30	1100275	0	1	4144	3	0	4000	other	0
18_10_1966_1_17	54	Pulse	5	1112534	12259	2
18_10_1966_1_17	55	Picture	30	1118345	0	2	4145	3	0	4000	other	0
18_10_1966_1_17	55	Pulse	5	1132525	14180	1
18_10_1966_1_17	56	Picture	31	1136416	0	1	4145	2	0	4000	hit	113
18_10_1966_1_17	56	Response	1	1144365	7949	1
18_10_1966_1_17	56	Pulse	5	1152525	16109	1
18_10_1966_1_17	57	Picture	30	1154487	0	1	4145	2	0	4000	other	0
18_10_1966_1_17	57	Pulse	5	1172523	18036	2
18_10_1966_1_17	58	Picture	30	1172558	0	1	4144	3	0	4000	other	0
18_10_1966_1_17	59	Picture	30	1190629	0	1	4144	2	0	4000	other	0
18_10_1966_1_17	59	Pulse	5	1192524	1895	1
18_10_1966_1_17	60	Picture	31	1208699	0	2	4145	3	0	4000	miss	0
18_10_1966_1_17	60	Pulse	5	1212512	3813	1
18_10_1966_1_17	61	Picture	31	1226770	0	1	4145	2	0	4000	miss	0
18_10_1966_1_17	61	Pulse	5	1232511	5741	2
18_10_1966_1_17	62	Picture	30	1244841	0	2	4145	3	0	4000	other	0
18_10_1966_1_17	62	Pulse	5	1252511	7670	1
18_10_1966_1_17	63	Picture	30	1262912	0	1	4144	3	0	4000	other	0
18_10_1966_1_17	63	Pulse	5	1272500	9588	2
18_10_1966_1_17	64	Picture	30	1280983	0	1	4144	3	0	4000	other	0
18_10_1966_1_17	64	Pulse	5	1292499	11516	2
18_10_1966_1_17	65	Picture	31	1299053	0	2	4145	3	0	4000	miss	0
18_10_1966_1_17	65	Pulse	5	1312499	13446	2
18_10_1966_1_17	66	Picture	30	1317124	0	2	4145	3	0	4000	other	0
18_10_1966_1_17	66	Pulse	5	1332488	15364	2
18_10_1966_1_17	67	Picture	30	1335195	0	1	4145	2	0	4000	other	0
18_10_1966_1_17	67	Pulse	5	1352488	17293	2
18_10_1966_1_17	68	Picture	30	1353266	0	1	4144	3	0	4000	other	0
18_10_1966_1_17	69	Picture	30	1371336	0	2	4145	3	0	4000	other	0
18_10_1966_1_17	69	Pulse	5	1372487	1151	2
18_10_1966_1_17	70	Pulse	5	1392477	3070	1
18_10_1966_1_17	70	Pulse	5	1412476	23069	2
18_10_1966_1_17	71	Picture	10	1414441	0	1	4145	2	0	4000	other	0
18_10_1966_1_17	71	Pulse	5	1432475	18034	2
18_10_1966_1_17	72	Picture	10	1432512	0	1	4145	2	0	4000	other	0
18_10_1966_1_17	73	Picture	11	1450583	0	1	4144	3	0	4000	hit	146
18_10_1966_1_17	73	Pulse	5	1452465	1882	2
18_10_1966_1_17	73	Response	1	1454865	4282	2
18_10_1966_1_17	74	Picture	10	1468653	0	2	4145	3	0	4000	other	0
18_10_1966_1_17	74	Pulse	5	1472465	3812	1
18_10_1966_1_17	75	Picture	11	1486724	0	1	4145	2	0	4000	hit	150
18_10_1966_1_17	75	Response	1	1490864	4140	2
18_10_1966_1_17	75	Pulse	5	1492464	5740	2
18_10_1966_1_17	76	Picture	10	1504795	0	1	4145	2	0	4000	other	0
18_10_1966_1_17	76	Pulse	5	1512453	7658	3
18_10_1966_1_17	77	Picture	10	1522866	0	1	4145	2	0	4000	other	0
18_10_1966_1_17	77	Pulse	5	1532453	9587	2
18_10_1966_1_17	78	Picture	11	1540937	0	1	4144	3	0	4000	hit	157
18_10_1966_1_17	78	Response	1	1544452	3515	3
18_10_1966_1_17	78	Pulse	5	1552452	11515	3
18_10_1966_1_17	79	Picture	10	1559007	0	2	4145	3	0	4000	other	0
18_10_1966_1_17	79	Pulse	5	1572442	13435	1
18_10_1966_1_17	80	Picture	10	1577078	0	1	4145	2	0	4000	other	0
18_10_1966_1_17	80	Pulse	5	1592441	15363	2
18_10_1966_1_17	81	Picture	10	1595149	0	1	4145	2	0	4000	other	0
18_10_1966_1_17	81	Pulse	5	1612440	17291	2
18_10_1966_1_17	82	Picture	10	1613220	0	1	4145	2	0	4000	other	0
18_10_1966_1_17	83	Picture	10	1631291	0	1	4144	3	0	4000	other	0
18_10_1966_1_17	83	Pulse	5	1632430	1139	2
18_10_1966_1_17	84	Picture	11	1649361	0	2	4145	3	0	4000	miss	0
18_10_1966_1_17	84	Pulse	5	1652429	3068	2
18_10_1966_1_17	85	Picture	10	1667432	0	1	4145	2	0	4000	other	0
18_10_1966_1_17	85	Pulse	5	1672429	4997	2
18_10_1966_1_17	86	Picture	10	1685503	0	1	4145	2	0	4000	other	0
18_10_1966_1_17	86	Pulse	5	1692418	6915	2
18_10_1966_1_17	87	Pulse	5	1712418	8844	1
18_10_1966_1_17	88	Picture	20	1728607	0	2	4145	4	0	4000	other	0
18_10_1966_1_17	88	Pulse	5	1732577	3970	2
18_10_1966_1_17	89	Picture	20	1746678	0	2	4145	3	0	4000	other	0
18_10_1966_1_17	89	Pulse	5	1752566	5888	2
18_10_1966_1_17	90	Picture	20	1764749	0	1	4145	2	0	4000	other	0
18_10_1966_1_17	90	Pulse	5	1772566	7817	2
18_10_1966_1_17	91	Picture	21	1782820	0	1	4145	2	0	4000	hit	182
18_10_1966_1_17	91	Response	1	1788405	5585	2
18_10_1966_1_17	91	Pulse	5	1792565	9745	2
18_10_1966_1_17	92	Picture	20	1800891	0	1	4144	3	0	4000	other	0
18_10_1966_1_17	92	Pulse	5	1812555	11664	2
18_10_1966_1_17	93	Picture	20	1818962	0	1	4144	2	0	4000	other	0
18_10_1966_1_17	93	Pulse	5	1832554	13592	2
18_10_1966_1_17	94	Picture	21	1837032	0	2	4145	3	0	4000	hit	189
18_10_1966_1_17	94	Response	1	1841354	4322	2
18_10_1966_1_17	94	Pulse	5	1852555	15523	1
18_10_1966_1_17	95	Picture	20	1855103	0	1	4145	2	0	4000	other	0
18_10_1966_1_17	95	Pulse	5	1872543	17440	2
18_10_1966_1_17	96	Picture	20	1873174	0	1	4145	2	0	4000	other	0
18_10_1966_1_17	97	Picture	20	1891245	0	1	4144	3	0	4000	other	0
18_10_1966_1_17	97	Pulse	5	1892543	1298	1
18_10_1966_1_17	98	Picture	21	1909315	0	2	4145	3	0	4000	hit	198
18_10_1966_1_17	98	Pulse	5	1912542	3227	2
18_10_1966_1_17	98	Response	1	1913502	4187	2
18_10_1966_1_17	99	Picture	20	1927386	0	2	4145	3	0	4000	other	0
18_10_1966_1_17	99	Pulse	5	1932531	5145	2
18_10_1966_1_17	100	Picture	20	1945457	0	2	4145	3	0	4000	other	0
18_10_1966_1_17	100	Pulse	5	1952531	7074	2
18_10_1966_1_17	101	Picture	21	1963528	0	1	4144	3	0	4000	hit	204
18_10_1966_1_17	101	Response	1	1967090	3562	2
18_10_1966_1_17	101	Pulse	5	1972530	9002	2
18_10_1966_1_17	102	Picture	20	1981599	0	1	4144	3	0	4000	other	0
18_10_1966_1_17	102	Pulse	5	1992520	10921	2
18_10_1966_1_17	103	Picture	20	1999669	0	2	4145	4	0	4000	other	0
18_10_1966_1_17	103	Pulse	5	2012519	12850	3
18_10_1966_1_17	104	Pulse	5	2032520	14780	2
18_10_1966_1_17	105	Picture	10	2042774	0	1	4144	3	0	4000	other	0
18_10_1966_1_17	105	Pulse	5	2052508	9734	2
18_10_1966_1_17	106	Picture	10	2060845	0	1	4145	2	0	4000	other	0
18_10_1966_1_17	106	Pulse	5	2072507	11662	2
18_10_1966_1_17	107	Picture	11	2078916	0	1	4144	3	0	4000	miss	0
18_10_1966_1_17	107	Pulse	5	2092507	13591	2
18_10_1966_1_17	108	Picture	10	2096986	0	2	4145	3	0	4000	other	0
18_10_1966_1_17	108	Pulse	5	2112498	15512	1
18_10_1966_1_17	109	Picture	11	2115057	0	1	4145	2	0	4000	miss	0
18_10_1966_1_17	109	Pulse	5	2132496	17439	2
18_10_1966_1_17	110	Picture	10	2133128	0	1	4145	2	0	4000	other	0
18_10_1966_1_17	111	Picture	10	2151199	0	1	4144	3	0	4000	other	0
18_10_1966_1_17	111	Pulse	5	2152497	1298	1
18_10_1966_1_17	112	Picture	11	2169270	0	1	4144	3	0	4000	miss	0
18_10_1966_1_17	112	Pulse	5	2172485	3215	1
18_10_1966_1_17	113	Picture	10	2187340	0	2	4145	3	0	4000	other	0
18_10_1966_1_17	113	Pulse	5	2192486	5146	1
18_10_1966_1_17	114	Picture	10	2205411	0	1	4145	2	0	4000	other	0
18_10_1966_1_17	114	Pulse	5	2212485	7074	1
18_10_1966_1_17	115	Picture	10	2223482	0	1	4145	2	0	4000	other	0
18_10_1966_1_17	115	Pulse	5	2232473	8991	2
18_10_1966_1_17	116	Picture	10	2241553	0	2	4145	3	0	4000	other	0
18_10_1966_1_17	116	Pulse	5	2252472	10919	2
18_10_1966_1_17	117	Picture	10	2259623	0	3	4145	4	0	4000	other	0
18_10_1966_1_17	117	Pulse	5	2272472	12849	2
18_10_1966_1_17	118	Picture	11	2277694	0	2	4145	3	0	4000	hit	237
18_10_1966_1_17	118	Response	1	2282062	4368	1
18_10_1966_1_17	118	Pulse	5	2292461	14767	2
18_10_1966_1_17	119	Picture	10	2295765	0	1	4145	2	0	4000	other	0
18_10_1966_1_17	119	Pulse	5	2312461	16696	1
18_10_1966_1_17	120	Picture	10	2313836	0	1	4144	3	0	4000	other	0
18_10_1966_1_17	121	Pulse	5	2332460	553	2
18_10_1966_1_17	121	Pulse	5	2352450	20543	1
18_10_1966_1_17	122	Picture	30	2356941	0	1	4144	2	0	4000	other	0
18_10_1966_1_17	122	Pulse	5	2372449	15508	2
18_10_1966_1_17	123	Picture	30	2375012	0	1	4144	2	0	4000	other	0
18_10_1966_1_17	123	Pulse	5	2392448	17436	2
18_10_1966_1_17	124	Picture	30	2393082	0	1	4145	2	0	4000	other	0
18_10_1966_1_17	125	Picture	31	2411153	0	1	4145	2	0	4000	hit	251
18_10_1966_1_17	125	Pulse	5	2412438	1285	2
18_10_1966_1_17	125	Response	1	2420598	9445	1
18_10_1966_1_17	126	Picture	31	2429224	0	1	4144	3	0	4000	miss	0
18_10_1966_1_17	126	Pulse	5	2432437	3213	2
18_10_1966_1_17	127	Picture	30	2447295	0	1	4144	2	0	4000	other	0
18_10_1966_1_17	127	Pulse	5	2452437	5142	3
18_10_1966_1_17	128	Picture	30	2465365	0	2	4145	3	0	4000	other	0
18_10_1966_1_17	128	Pulse	5	2472426	7061	3
18_10_1966_1_17	129	Picture	30	2483436	0	1	4145	2	0	4000	other	0
18_10_1966_1_17	129	Pulse	5	2492426	8990	2
18_10_1966_1_17	130	Picture	31	2501507	0	1	4145	2	0	4000	hit	261
18_10_1966_1_17	130	Response	1	2506985	5478	3
18_10_1966_1_17	130	Pulse	5	2512425	10918	2
18_10_1966_1_17	131	Picture	30	2519578	0	1	4144	3	0	4000	other	0
18_10_1966_1_17	131	Pulse	5	2532414	12836	2
18_10_1966_1_17	132	Picture	30	2537649	0	1	4144	3	0	4000	other	0
18_10_1966_1_17	132	Pulse	5	2552414	14765	2
18_10_1966_1_17	133	Picture	30	2555719	0	2	4145	3	0	4000	other	0
18_10_1966_1_17	133	Pulse	5	2572413	16694	2
18_10_1966_1_17	134	Picture	30	2573790	0	1	4145	2	0	4000	false_alarm	270
18_10_1966_1_17	134	Response	1	2579123	5333	2
18_10_1966_1_17	135	Picture	31	2591861	0	1	4145	2	0	4000	miss	0
18_10_1966_1_17	135	Pulse	5	2592403	542	2
18_10_1966_1_17	136	Picture	30	2609931	0	3	4145	5	0	4000	other	0
18_10_1966_1_17	136	Pulse	5	2612402	2471	2
18_10_1966_1_17	137	Picture	30	2628003	0	1	4144	2	0	4000	false_alarm	276
18_10_1966_1_17	137	Response	1	2631762	3759	1
18_10_1966_1_17	137	Pulse	5	2632402	4399	1
