Scenario - 1-back
Logfile written - 06/28/2014 15:33:33

Subject	Trial	Event Type	Code	Time	TTime	Uncertainty	Duration	Uncertainty	ReqTime	ReqDur	Stim Type	Pair Index

18_10_1966_1_17	1	Pulse	5	215484	225319	2
18_10_1966_1_17	2	Pulse	5	235474	19840	2
18_10_1966_1_17	3	Picture	10	240668	0	1	4145	2	0	4000	other	0
18_10_1966_1_17	3	Pulse	5	255473	14805	2
18_10_1966_1_17	4	Picture	10	258739	0	1	4144	3	0	4000	other	0
18_10_1966_1_17	4	Pulse	5	275473	16734	1
18_10_1966_1_17	5	Picture	11	276810	0	1	4144	2	0	4000	hit	8
18_10_1966_1_17	5	Response	1	281222	4412	2
18_10_1966_1_17	6	Picture	10	294880	0	1	4145	2	0	4000	other	0
18_10_1966_1_17	6	Pulse	5	295462	582	2
18_10_1966_1_17	7	Picture	11	312951	0	1	4145	2	0	4000	miss	0
18_10_1966_1_17	7	Pulse	5	315462	2511	1
18_10_1966_1_17	8	Picture	10	331022	0	1	4145	2	0	4000	other	0
18_10_1966_1_17	8	Pulse	5	335461	4439	2
18_10_1966_1_17	9	Picture	10	349093	0	1	4144	3	0	4000	other	0
18_10_1966_1_17	9	Pulse	5	355450	6357	3
18_10_1966_1_17	10	Picture	10	367164	0	1	4144	2	0	4000	other	0
18_10_1966_1_17	10	Pulse	5	375450	8286	2
18_10_1966_1_17	11	Picture	11	385234	0	1	4145	2	0	4000	hit	20
18_10_1966_1_17	11	Response	1	388569	3335	3
18_10_1966_1_17	11	Pulse	5	395449	10215	3
18_10_1966_1_17	12	Picture	10	403305	0	1	4145	2	0	4000	other	0
18_10_1966_1_17	12	Pulse	5	415439	12134	2
18_10_1966_1_17	13	Picture	10	421376	0	1	4145	2	0	4000	other	0
18_10_1966_1_17	13	Pulse	5	435438	14062	2
18_10_1966_1_17	14	Picture	11	439447	0	1	4144	3	0	4000	miss	0
18_10_1966_1_17	14	Pulse	5	455438	15991	2
18_10_1966_1_17	15	Picture	10	457517	0	2	4145	3	0	4000	other	0
18_10_1966_1_17	15	Pulse	5	475427	17910	2
18_10_1966_1_17	16	Picture	10	475588	0	1	4145	2	0	4000	other	0
18_10_1966_1_17	17	Picture	10	493659	0	2	4145	3	0	4000	other	0
18_10_1966_1_17	17	Pulse	5	495426	1767	2
18_10_1966_1_17	18	Picture	10	511730	0	1	4145	2	0	4000	other	0
18_10_1966_1_17	18	Pulse	5	515426	3696	2
18_10_1966_1_17	19	Pulse	5	535575	5774	2
18_10_1966_1_17	20	Picture	30	554835	0	1	4144	2	0	4000	other	0
18_10_1966_1_17	20	Pulse	5	555575	740	2
18_10_1966_1_17	21	Picture	30	572905	0	2	4145	3	0	4000	other	0
18_10_1966_1_17	21	Pulse	5	575565	2660	2
18_10_1966_1_17	22	Picture	31	590976	0	1	4145	2	0	4000	miss	0
18_10_1966_1_17	22	Pulse	5	595565	4589	1
18_10_1966_1_17	23	Picture	30	609047	0	1	4145	2	0	4000	other	0
18_10_1966_1_17	23	Pulse	5	615563	6516	2
18_10_1966_1_17	24	Picture	30	627118	0	1	4144	3	0	4000	other	0
18_10_1966_1_17	24	Pulse	5	635563	8445	1
18_10_1966_1_17	25	Picture	30	645189	0	1	4144	2	0	4000	other	0
18_10_1966_1_17	25	Pulse	5	655552	10363	2
18_10_1966_1_17	26	Picture	31	663259	0	2	4145	3	0	4000	hit	49
18_10_1966_1_17	26	Response	1	667073	3814	1
18_10_1966_1_17	26	Pulse	5	675553	12294	1
18_10_1966_1_17	27	Picture	31	681330	0	1	4145	2	0	4000	hit	52
18_10_1966_1_17	27	Response	1	691871	10541	2
18_10_1966_1_17	27	Pulse	5	695551	14221	2
18_10_1966_1_17	28	Picture	30	699401	0	1	4145	2	0	4000	false_alarm	55
18_10_1966_1_17	28	Response	1	705781	6380	1
18_10_1966_1_17	28	Pulse	5	715540	16139	2
18_10_1966_1_17	29	Picture	30	717472	0	1	4144	3	0	4000	other	0
18_10_1966_1_17	29	Pulse	5	735541	18069	1
18_10_1966_1_17	30	Picture	30	735543	0	1	4144	2	0	4000	other	0
18_10_1966_1_17	31	Picture	31	753613	0	2	4145	3	0	4000	hit	62
18_10_1966_1_17	31	Pulse	5	755540	1927	2
18_10_1966_1_17	31	Response	1	758900	5287	2
18_10_1966_1_17	32	Picture	30	771684	0	1	4145	2	0	4000	other	0
18_10_1966_1_17	32	Pulse	5	775530	3846	1
18_10_1966_1_17	33	Picture	30	789755	0	1	4145	2	0	4000	other	0
18_10_1966_1_17	33	Pulse	5	795528	5773	2
18_10_1966_1_17	34	Picture	30	807826	0	1	4144	3	0	4000	other	0
18_10_1966_1_17	34	Pulse	5	815527	7701	2
18_10_1966_1_17	35	Picture	30	825897	0	1	4144	2	0	4000	other	0
18_10_1966_1_17	35	Pulse	5	835517	9620	2
18_10_1966_1_17	36	Pulse	5	855516	11549	3
18_10_1966_1_17	37	Picture	10	869001	0	1	4145	2	0	4000	other	0
18_10_1966_1_17	37	Pulse	5	875518	6517	1
18_10_1966_1_17	38	Picture	10	887072	0	1	4145	2	0	4000	other	0
18_10_1966_1_17	38	Pulse	5	895505	8433	2
18_10_1966_1_17	39	Picture	11	905143	0	1	4145	2	0	4000	hit	77
18_10_1966_1_17	39	Response	1	909265	4122	2
18_10_1966_1_17	39	Pulse	5	915505	10362	1
18_10_1966_1_17	40	Picture	10	923213	0	2	4145	3	0	4000	other	0
18_10_1966_1_17	40	Pulse	5	935504	12291	2
18_10_1966_1_17	41	Picture	11	941284	0	2	4145	3	0	4000	hit	82
18_10_1966_1_17	41	Response	1	945574	4290	2
18_10_1966_1_17	41	Pulse	5	955493	14209	2
18_10_1966_1_17	42	Picture	10	959355	0	1	4145	2	0	4000	other	0
18_10_1966_1_17	42	Pulse	5	975493	16138	2
18_10_1966_1_17	43	Picture	10	977426	0	1	4145	2	0	4000	other	0
18_10_1966_1_17	43	Pulse	5	995492	18066	2
18_10_1966_1_17	44	Picture	10	995497	0	1	4144	3	0	4000	other	0
18_10_1966_1_17	45	Picture	11	1013568	0	1	4144	2	0	4000	miss	0
18_10_1966_1_17	45	Pulse	5	1015482	1914	2
18_10_1966_1_17	46	Picture	10	1031638	0	2	4145	3	0	4000	other	0
18_10_1966_1_17	46	Pulse	5	1035481	3843	2
18_10_1966_1_17	47	Picture	10	1049709	0	1	4145	2	0	4000	other	0
18_10_1966_1_17	47	Pulse	5	1055481	5772	1
18_10_1966_1_17	48	Picture	11	1067780	0	1	4145	2	0	4000	hit	96
18_10_1966_1_17	48	Response	1	1071631	3851	1
18_10_1966_1_17	48	Pulse	5	1075470	7690	2
18_10_1966_1_17	49	Picture	10	1085851	0	1	4144	3	0	4000	other	0
18_10_1966_1_17	49	Pulse	5	1095470	9619	1
18_10_1966_1_17	50	Picture	10	1103922	0	1	4144	2	0	4000	other	0
18_10_1966_1_17	50	Pulse	5	1115469	11547	2
18_10_1966_1_17	51	Picture	10	1121992	0	2	4145	3	0	4000	other	0
18_10_1966_1_17	51	Pulse	5	1135458	13466	2
18_10_1966_1_17	52	Picture	10	1140063	0	1	4145	2	0	4000	other	0
18_10_1966_1_17	52	Pulse	5	1155458	15395	2
18_10_1966_1_17	53	Pulse	5	1175457	17323	2
18_10_1966_1_17	54	Picture	20	1183168	0	1	4144	3	0	4000	other	0
18_10_1966_1_17	54	Pulse	5	1195446	12278	3
18_10_1966_1_17	55	Picture	20	1201239	0	1	4144	2	0	4000	other	0
18_10_1966_1_17	55	Pulse	5	1215446	14207	2
18_10_1966_1_17	56	Picture	21	1219309	0	2	4145	3	0	4000	hit	112
18_10_1966_1_17	56	Response	1	1223766	4457	2
18_10_1966_1_17	56	Pulse	5	1235446	16137	1
18_10_1966_1_17	57	Picture	20	1237380	0	1	4145	2	0	4000	other	0
18_10_1966_1_17	57	Pulse	5	1255435	18055	2
18_10_1966_1_17	58	Picture	20	1255451	0	1	4144	3	0	4000	other	0
18_10_1966_1_17	59	Picture	20	1273522	0	1	4145	2	0	4000	other	0
18_10_1966_1_17	59	Pulse	5	1275434	1912	2
18_10_1966_1_17	60	Picture	21	1291593	0	1	4144	3	0	4000	miss	0
18_10_1966_1_17	60	Pulse	5	1295434	3841	2
18_10_1966_1_17	61	Picture	20	1309663	0	3	4145	4	0	4000	other	0
18_10_1966_1_17	61	Pulse	5	1315423	5760	3
18_10_1966_1_17	62	Picture	20	1327734	0	1	4145	2	0	4000	other	0
18_10_1966_1_17	62	Pulse	5	1335423	7689	2
18_10_1966_1_17	63	Picture	20	1345805	0	1	4145	2	0	4000	other	0
18_10_1966_1_17	63	Pulse	5	1355422	9617	3
18_10_1966_1_17	64	Picture	20	1363876	0	1	4145	2	0	4000	other	0
18_10_1966_1_17	64	Pulse	5	1375412	11536	1
18_10_1966_1_17	65	Picture	20	1381947	0	1	4144	2	0	4000	other	0
18_10_1966_1_17	65	Pulse	5	1395411	13464	2
18_10_1966_1_17	66	Picture	21	1400017	0	2	4145	3	0	4000	miss	0
18_10_1966_1_17	66	Pulse	5	1415411	15394	1
18_10_1966_1_17	67	Picture	20	1418088	0	1	4145	2	0	4000	other	0
18_10_1966_1_17	67	Pulse	5	1435400	17312	2
18_10_1966_1_17	68	Picture	20	1436159	0	1	4145	2	0	4000	other	0
18_10_1966_1_17	69	Picture	21	1454230	0	1	4144	3	0	4000	hit	138
18_10_1966_1_17	69	Pulse	5	1455399	1169	2
18_10_1966_1_17	69	Response	1	1459879	5649	2
18_10_1966_1_17	70	Pulse	5	1475399	3098	2
18_10_1966_1_17	70	Pulse	5	1495388	23087	2
18_10_1966_1_17	71	Picture	10	1497334	0	2	4145	3	0	4000	other	0
18_10_1966_1_17	71	Pulse	5	1515388	18054	1
18_10_1966_1_17	72	Picture	10	1515405	0	1	4145	2	0	4000	other	0
18_10_1966_1_17	73	Picture	11	1533476	0	1	4145	2	0	4000	hit	146
18_10_1966_1_17	73	Pulse	5	1535387	1911	2
18_10_1966_1_17	73	Response	1	1537947	4471	2
18_10_1966_1_17	74	Picture	10	1551547	0	1	4145	2	0	4000	other	0
18_10_1966_1_17	74	Pulse	5	1555377	3830	1
18_10_1966_1_17	75	Picture	11	1569618	0	1	4144	2	0	4000	hit	150
18_10_1966_1_17	75	Response	1	1573616	3998	2
18_10_1966_1_17	75	Pulse	5	1575536	5918	2
18_10_1966_1_17	76	Picture	10	1587688	0	2	4145	3	0	4000	other	0
18_10_1966_1_17	76	Pulse	5	1595527	7839	1
18_10_1966_1_17	77	Picture	10	1605759	0	1	4145	2	0	4000	other	0
18_10_1966_1_17	77	Pulse	5	1615525	9766	2
18_10_1966_1_17	78	Picture	11	1623830	0	1	4144	3	0	4000	hit	157
18_10_1966_1_17	78	Response	1	1627525	3695	1
18_10_1966_1_17	78	Pulse	5	1635524	11694	2
18_10_1966_1_17	79	Picture	10	1641901	0	1	4144	3	0	4000	other	0
18_10_1966_1_17	79	Pulse	5	1655524	13623	2
18_10_1966_1_17	80	Picture	10	1659972	0	1	4144	2	0	4000	other	0
18_10_1966_1_17	80	Pulse	5	1675513	15541	2
18_10_1966_1_17	81	Picture	10	1678042	0	2	4145	3	0	4000	other	0
18_10_1966_1_17	81	Pulse	5	1695513	17471	1
18_10_1966_1_17	82	Picture	10	1696113	0	1	4145	2	0	4000	other	0
18_10_1966_1_17	83	Picture	10	1714184	0	1	4145	2	0	4000	other	0
18_10_1966_1_17	83	Pulse	5	1715513	1329	2
18_10_1966_1_17	84	Picture	11	1732255	0	1	4145	2	0	4000	hit	170
18_10_1966_1_17	84	Pulse	5	1735501	3246	2
18_10_1966_1_17	84	Response	1	1736461	4206	2
18_10_1966_1_17	85	Picture	10	1750326	0	1	4144	3	0	4000	other	0
18_10_1966_1_17	85	Pulse	5	1755501	5175	2
18_10_1966_1_17	86	Picture	10	1768396	0	2	4145	3	0	4000	other	0
18_10_1966_1_17	86	Pulse	5	1775500	7104	2
18_10_1966_1_17	87	Pulse	5	1795492	9025	1
18_10_1966_1_17	88	Picture	30	1811501	0	1	4145	2	0	4000	other	0
18_10_1966_1_17	88	Pulse	5	1815489	3988	3
18_10_1966_1_17	89	Picture	30	1829572	0	1	4144	3	0	4000	other	0
18_10_1966_1_17	89	Pulse	5	1835489	5917	2
18_10_1966_1_17	90	Picture	30	1847643	0	1	4144	3	0	4000	other	0
18_10_1966_1_17	90	Pulse	5	1855479	7836	1
18_10_1966_1_17	91	Picture	31	1865713	0	2	4145	3	0	4000	hit	183
18_10_1966_1_17	91	Response	1	1869879	4166	1
18_10_1966_1_17	91	Pulse	5	1875479	9766	1
18_10_1966_1_17	92	Picture	31	1883784	0	1	4145	2	0	4000	miss	0
18_10_1966_1_17	92	Pulse	5	1895477	11693	2
18_10_1966_1_17	93	Picture	30	1901855	0	1	4145	2	0	4000	other	0
18_10_1966_1_17	93	Pulse	5	1915466	13611	2
18_10_1966_1_17	94	Picture	30	1919926	0	1	4145	2	0	4000	other	0
18_10_1966_1_17	94	Pulse	5	1935466	15540	2
18_10_1966_1_17	95	Picture	30	1937997	0	1	4144	3	0	4000	other	0
18_10_1966_1_17	95	Pulse	5	1955465	17468	2
18_10_1966_1_17	96	Picture	31	1956067	0	2	4145	3	0	4000	miss	0
18_10_1966_1_17	97	Picture	30	1974138	0	1	4145	2	0	4000	other	0
18_10_1966_1_17	97	Pulse	5	1975455	1317	2
18_10_1966_1_17	98	Picture	30	1992209	0	1	4145	2	0	4000	false_alarm	198
18_10_1966_1_17	98	Pulse	5	1995454	3245	2
18_10_1966_1_17	98	Response	1	1996894	4685	2
18_10_1966_1_17	99	Picture	30	2010280	0	1	4145	2	0	4000	other	0
18_10_1966_1_17	99	Pulse	5	2015454	5174	1
18_10_1966_1_17	100	Picture	30	2028351	0	1	4144	2	0	4000	false_alarm	202
18_10_1966_1_17	100	Response	1	2033843	5492	2
18_10_1966_1_17	100	Pulse	5	2035443	7092	2
18_10_1966_1_17	101	Picture	31	2046421	0	2	4145	3	0	4000	miss	0
18_10_1966_1_17	101	Pulse	5	2055442	9021	2
18_10_1966_1_17	102	Picture	30	2064492	0	2	4145	3	0	4000	other	0
18_10_1966_1_17	102	Pulse	5	2075442	10950	2
18_10_1966_1_17	103	Picture	30	2082563	0	1	4145	2	0	4000	other	0
18_10_1966_1_17	103	Pulse	5	2095431	12868	2
18_10_1966_1_17	104	Pulse	5	2115431	14797	2
18_10_1966_1_17	105	Picture	10	2125668	0	1	4144	3	0	4000	other	0
18_10_1966_1_17	105	Pulse	5	2135430	9762	2
18_10_1966_1_17	106	Picture	10	2143739	0	1	4144	2	0	4000	other	0
18_10_1966_1_17	106	Pulse	5	2155420	11681	1
18_10_1966_1_17	107	Picture	11	2161809	0	2	4145	3	0	4000	hit	216
18_10_1966_1_17	107	Response	1	2165499	3690	2
18_10_1966_1_17	107	Pulse	5	2175420	13611	1
18_10_1966_1_17	108	Picture	10	2179879	0	2	4146	3	0	4000	other	0
18_10_1966_1_17	108	Pulse	5	2195419	15540	1
18_10_1966_1_17	109	Picture	11	2197951	0	1	4145	2	0	4000	hit	221
18_10_1966_1_17	109	Response	1	2201648	3697	2
18_10_1966_1_17	109	Pulse	5	2215408	17457	2
18_10_1966_1_17	110	Picture	10	2216022	0	1	4144	3	0	4000	other	0
18_10_1966_1_17	111	Picture	10	2234093	0	1	4144	3	0	4000	other	0
18_10_1966_1_17	111	Pulse	5	2235407	1314	2
18_10_1966_1_17	112	Picture	11	2252163	0	2	4145	3	0	4000	miss	0
18_10_1966_1_17	112	Pulse	5	2255407	3244	2
18_10_1966_1_17	113	Picture	10	2270234	0	1	4145	2	0	4000	other	0
18_10_1966_1_17	113	Pulse	5	2275396	5162	3
18_10_1966_1_17	114	Picture	10	2288305	0	1	4145	2	0	4000	other	0
18_10_1966_1_17	114	Pulse	5	2295396	7091	2
18_10_1966_1_17	115	Picture	10	2306376	0	1	4144	3	0	4000	other	0
18_10_1966_1_17	115	Pulse	5	2315395	9019	3
18_10_1966_1_17	116	Picture	10	2324447	0	1	4144	2	0	4000	other	0
18_10_1966_1_17	116	Pulse	5	2335385	10938	1
18_10_1966_1_17	117	Picture	10	2342517	0	2	4145	3	0	4000	other	0
18_10_1966_1_17	117	Pulse	5	2355384	12867	2
18_10_1966_1_17	118	Picture	11	2360588	0	1	4145	2	0	4000	hit	239
18_10_1966_1_17	118	Response	1	2364984	4396	2
18_10_1966_1_17	118	Pulse	5	2375383	14795	2
18_10_1966_1_17	119	Picture	10	2378659	0	1	4145	2	0	4000	other	0
18_10_1966_1_17	119	Pulse	5	2395373	16714	2
18_10_1966_1_17	120	Picture	10	2396730	0	1	4144	3	0	4000	other	0
18_10_1966_1_17	121	Pulse	5	2415372	571	2
18_10_1966_1_17	121	Pulse	5	2435372	20571	2
18_10_1966_1_17	122	Picture	20	2439834	0	2	4145	4	0	4000	other	0
18_10_1966_1_17	122	Pulse	5	2455361	15527	2
18_10_1966_1_17	123	Picture	20	2457905	0	1	4145	2	0	4000	other	0
18_10_1966_1_17	123	Pulse	5	2475361	17456	1
18_10_1966_1_17	124	Picture	20	2475976	0	1	4145	2	0	4000	other	0
18_10_1966_1_17	125	Picture	21	2494047	0	1	4144	3	0	4000	hit	253
18_10_1966_1_17	125	Pulse	5	2495360	1313	2
18_10_1966_1_17	125	Response	1	2498879	4832	3
18_10_1966_1_17	126	Picture	20	2512118	0	1	4144	2	0	4000	other	0
18_10_1966_1_17	126	Pulse	5	2515351	3233	1
18_10_1966_1_17	127	Picture	20	2530188	0	2	4145	3	0	4000	other	0
18_10_1966_1_17	127	Pulse	5	2535349	5161	2
18_10_1966_1_17	128	Picture	21	2548258	0	2	4146	3	0	4000	hit	259
18_10_1966_1_17	128	Response	1	2551668	3410	2
18_10_1966_1_17	128	Pulse	5	2555348	7090	2
18_10_1966_1_17	129	Picture	20	2566330	0	1	4145	2	0	4000	other	0
18_10_1966_1_17	129	Pulse	5	2575338	9008	2
18_10_1966_1_17	130	Picture	20	2584401	0	1	4145	2	0	4000	other	0
18_10_1966_1_17	130	Pulse	5	2595337	10936	2
18_10_1966_1_17	131	Picture	20	2602472	0	1	4144	2	0	4000	other	0
18_10_1966_1_17	131	Pulse	5	2615497	13025	1
18_10_1966_1_17	132	Picture	21	2620542	0	2	4145	3	0	4000	miss	0
18_10_1966_1_17	132	Pulse	5	2635486	14944	2
18_10_1966_1_17	133	Picture	20	2638613	0	1	4145	2	0	4000	other	0
18_10_1966_1_17	133	Pulse	5	2655487	16874	1
18_10_1966_1_17	134	Picture	20	2656684	0	1	4145	2	0	4000	other	0
18_10_1966_1_17	135	Picture	21	2674755	0	1	4144	3	0	4000	hit	274
18_10_1966_1_17	135	Pulse	5	2675477	722	1
18_10_1966_1_17	135	Response	1	2679795	5040	2
18_10_1966_1_17	136	Picture	20	2692826	0	1	4144	3	0	4000	other	0
18_10_1966_1_17	136	Pulse	5	2695476	2650	1
18_10_1966_1_17	137	Picture	20	2710896	0	2	4145	3	0	4000	other	0
18_10_1966_1_17	137	Pulse	5	2715475	4579	1
