Scenario - 1-back
Logfile written - 12/30/2014 14:55:25

Subject	Trial	Event Type	Code	Time	TTime	Uncertainty	Duration	Uncertainty	ReqTime	ReqDur	Stim Type	Pair Index

19_09_1978_1_030	1	Pulse	5	852416	862250	1
19_09_1978_1_030	2	Pulse	5	872415	19833	2
19_09_1978_1_030	3	Picture	10	877615	0	2	4145	3	0	4000	other	0
19_09_1978_1_030	3	Pulse	5	892414	14799	2
19_09_1978_1_030	4	Picture	10	895686	0	1	4145	2	0	4000	other	0
19_09_1978_1_030	4	Pulse	5	912404	16718	2
19_09_1978_1_030	5	Picture	11	913757	0	1	4144	2	0	4000	hit	8
19_09_1978_1_030	5	Response	1	917044	3287	2
19_09_1978_1_030	6	Picture	10	931827	0	1	4145	2	0	4000	other	0
19_09_1978_1_030	6	Pulse	5	932404	577	1
19_09_1978_1_030	7	Picture	11	949898	0	1	4144	3	0	4000	hit	13
19_09_1978_1_030	7	Pulse	5	952403	2505	2
19_09_1978_1_030	7	Response	1	953683	3785	1
19_09_1978_1_030	8	Picture	10	967968	0	2	4145	3	0	4000	other	0
19_09_1978_1_030	8	Pulse	5	972393	4425	1
19_09_1978_1_030	9	Picture	10	986039	0	1	4145	2	0	4000	other	0
19_09_1978_1_030	9	Pulse	5	992392	6353	1
19_09_1978_1_030	10	Picture	10	1004110	0	1	4144	3	0	4000	other	0
19_09_1978_1_030	10	Pulse	5	1012391	8281	2
19_09_1978_1_030	11	Picture	11	1022180	0	2	4145	3	0	4000	hit	21
19_09_1978_1_030	11	Response	1	1025981	3801	1
19_09_1978_1_030	11	Pulse	5	1032381	10201	1
19_09_1978_1_030	12	Picture	10	1040251	0	1	4144	3	0	4000	other	0
19_09_1978_1_030	12	Pulse	5	1052380	12129	2
19_09_1978_1_030	13	Picture	10	1058322	0	1	4144	3	0	4000	other	0
19_09_1978_1_030	13	Pulse	5	1072379	14057	2
19_09_1978_1_030	14	Picture	11	1076392	0	1	4145	2	0	4000	hit	28
19_09_1978_1_030	14	Response	1	1079569	3177	3
19_09_1978_1_030	14	Pulse	5	1092369	15977	2
19_09_1978_1_030	15	Picture	10	1094463	0	1	4145	2	0	4000	other	0
19_09_1978_1_030	15	Pulse	5	1112368	17905	3
19_09_1978_1_030	16	Picture	10	1112534	0	1	4144	2	0	4000	other	0
19_09_1978_1_030	17	Picture	10	1130604	0	1	4145	2	0	4000	other	0
19_09_1978_1_030	17	Pulse	5	1132368	1764	2
19_09_1978_1_030	18	Picture	10	1148675	0	1	4144	3	0	4000	other	0
19_09_1978_1_030	18	Pulse	5	1152357	3682	2
19_09_1978_1_030	19	Pulse	5	1172357	5611	1
19_09_1978_1_030	20	Picture	30	1191779	0	1	4145	2	0	4000	other	0
19_09_1978_1_030	20	Pulse	5	1192356	577	2
19_09_1978_1_030	21	Picture	30	1209850	0	1	4144	3	0	4000	other	0
19_09_1978_1_030	21	Pulse	5	1212345	2495	2
19_09_1978_1_030	22	Picture	31	1227920	0	2	4145	3	0	4000	hit	44
19_09_1978_1_030	22	Pulse	5	1232345	4425	2
19_09_1978_1_030	22	Response	1	1232825	4905	2
19_09_1978_1_030	23	Picture	30	1245991	0	1	4145	2	0	4000	other	0
19_09_1978_1_030	23	Pulse	5	1252344	6353	2
19_09_1978_1_030	24	Picture	30	1264062	0	1	4144	2	0	4000	other	0
19_09_1978_1_030	24	Pulse	5	1272334	8272	2
19_09_1978_1_030	25	Picture	30	1282132	0	2	4145	3	0	4000	other	0
19_09_1978_1_030	25	Pulse	5	1292333	10201	2
19_09_1978_1_030	26	Picture	31	1300203	0	2	4145	3	0	4000	hit	52
19_09_1978_1_030	26	Response	1	1303533	3330	2
19_09_1978_1_030	26	Pulse	5	1312333	12130	1
19_09_1978_1_030	27	Picture	31	1318274	0	1	4144	2	0	4000	hit	55
19_09_1978_1_030	27	Response	1	1322723	4449	1
19_09_1978_1_030	27	Pulse	5	1332322	14048	2
19_09_1978_1_030	28	Picture	30	1336344	0	1	4145	2	0	4000	other	0
19_09_1978_1_030	28	Pulse	5	1352321	15977	2
19_09_1978_1_030	29	Picture	30	1354415	0	1	4144	3	0	4000	other	0
19_09_1978_1_030	29	Pulse	5	1372321	17906	2
19_09_1978_1_030	30	Picture	30	1372486	0	1	4144	2	0	4000	other	0
19_09_1978_1_030	31	Picture	31	1390556	0	1	4145	2	0	4000	hit	64
19_09_1978_1_030	31	Pulse	5	1392310	1754	2
19_09_1978_1_030	31	Response	1	1393590	3034	2
19_09_1978_1_030	32	Picture	30	1408627	0	1	4144	3	0	4000	other	0
19_09_1978_1_030	32	Pulse	5	1412310	3683	2
19_09_1978_1_030	33	Picture	30	1426697	0	2	4145	3	0	4000	other	0
19_09_1978_1_030	33	Pulse	5	1432309	5612	2
19_09_1978_1_030	34	Picture	30	1444768	0	1	4145	2	0	4000	other	0
19_09_1978_1_030	34	Pulse	5	1452299	7531	1
19_09_1978_1_030	35	Picture	30	1462838	0	2	4145	4	0	4000	other	0
19_09_1978_1_030	35	Pulse	5	1472459	9621	1
19_09_1978_1_030	36	Pulse	5	1492458	11549	1
19_09_1978_1_030	37	Picture	10	1505943	0	1	4145	2	0	4000	other	0
19_09_1978_1_030	37	Pulse	5	1512447	6504	2
19_09_1978_1_030	38	Picture	10	1524014	0	1	4144	2	0	4000	other	0
19_09_1978_1_030	38	Pulse	5	1532446	8432	2
19_09_1978_1_030	39	Picture	11	1542084	0	1	4145	2	0	4000	hit	79
19_09_1978_1_030	39	Response	1	1545726	3642	2
19_09_1978_1_030	39	Pulse	5	1552436	10352	2
19_09_1978_1_030	40	Picture	10	1560155	0	1	4144	3	0	4000	other	0
19_09_1978_1_030	40	Pulse	5	1572435	12280	3
19_09_1978_1_030	41	Picture	11	1578225	0	2	4145	3	0	4000	hit	84
19_09_1978_1_030	41	Response	1	1581395	3170	2
19_09_1978_1_030	41	Pulse	5	1592435	14210	2
19_09_1978_1_030	42	Picture	10	1596296	0	1	4145	2	0	4000	other	0
19_09_1978_1_030	42	Pulse	5	1612425	16129	1
19_09_1978_1_030	43	Picture	10	1614367	0	1	4144	3	0	4000	other	0
19_09_1978_1_030	43	Pulse	5	1632424	18057	1
19_09_1978_1_030	44	Picture	10	1632437	0	2	4145	3	0	4000	other	0
19_09_1978_1_030	45	Picture	11	1650508	0	1	4145	2	0	4000	hit	93
19_09_1978_1_030	45	Pulse	5	1652423	1915	2
19_09_1978_1_030	45	Response	1	1654183	3675	2
19_09_1978_1_030	46	Picture	10	1668579	0	1	4144	3	0	4000	other	0
19_09_1978_1_030	46	Pulse	5	1672412	3833	2
19_09_1978_1_030	47	Picture	10	1686649	0	1	4145	2	0	4000	other	0
19_09_1978_1_030	47	Pulse	5	1692412	5763	2
19_09_1978_1_030	48	Picture	11	1704720	0	1	4145	2	0	4000	hit	99
19_09_1978_1_030	48	Response	1	1708412	3692	1
19_09_1978_1_030	48	Pulse	5	1712411	7691	2
19_09_1978_1_030	49	Picture	10	1722791	0	1	4144	2	0	4000	other	0
19_09_1978_1_030	49	Pulse	5	1732401	9610	2
19_09_1978_1_030	50	Picture	10	1740861	0	1	4145	2	0	4000	other	0
19_09_1978_1_030	50	Pulse	5	1752400	11539	2
19_09_1978_1_030	51	Picture	10	1758932	0	1	4144	3	0	4000	other	0
19_09_1978_1_030	51	Pulse	5	1772400	13468	1
19_09_1978_1_030	52	Picture	10	1777003	0	1	4144	2	0	4000	other	0
19_09_1978_1_030	52	Pulse	5	1792389	15386	2
19_09_1978_1_030	53	Pulse	5	1812389	17316	1
19_09_1978_1_030	54	Picture	20	1820107	0	1	4144	3	0	4000	other	0
19_09_1978_1_030	54	Pulse	5	1832389	12282	1
19_09_1978_1_030	55	Picture	20	1838177	0	2	4145	3	0	4000	other	0
19_09_1978_1_030	55	Pulse	5	1852377	14200	2
19_09_1978_1_030	56	Picture	21	1856248	0	1	4145	2	0	4000	hit	115
19_09_1978_1_030	56	Response	1	1859417	3169	2
19_09_1978_1_030	56	Pulse	5	1872377	16129	2
19_09_1978_1_030	57	Picture	20	1874319	0	1	4144	2	0	4000	other	0
19_09_1978_1_030	57	Pulse	5	1892376	18057	2
19_09_1978_1_030	58	Picture	20	1892389	0	2	4145	3	0	4000	other	0
19_09_1978_1_030	59	Picture	20	1910460	0	1	4145	2	0	4000	other	0
19_09_1978_1_030	59	Pulse	5	1912366	1906	1
19_09_1978_1_030	60	Picture	21	1928531	0	1	4144	2	0	4000	hit	123
19_09_1978_1_030	60	Response	1	1931885	3354	2
19_09_1978_1_030	60	Pulse	5	1932365	3834	2
19_09_1978_1_030	61	Picture	20	1946601	0	1	4145	2	0	4000	other	0
19_09_1978_1_030	61	Pulse	5	1952365	5764	1
19_09_1978_1_030	62	Picture	20	1964672	0	1	4145	2	0	4000	other	0
19_09_1978_1_030	62	Pulse	5	1972354	7682	2
19_09_1978_1_030	63	Picture	20	1982742	0	2	4145	3	0	4000	other	0
19_09_1978_1_030	63	Pulse	5	1992353	9611	2
19_09_1978_1_030	64	Picture	20	2000813	0	1	4145	2	0	4000	other	0
19_09_1978_1_030	64	Pulse	5	2012353	11540	2
19_09_1978_1_030	65	Picture	20	2018884	0	1	4144	3	0	4000	other	0
19_09_1978_1_030	65	Pulse	5	2032342	13458	3
19_09_1978_1_030	66	Picture	21	2036954	0	2	4145	3	0	4000	hit	136
19_09_1978_1_030	66	Response	1	2040502	3548	2
19_09_1978_1_030	66	Pulse	5	2052342	15388	2
19_09_1978_1_030	67	Picture	20	2055025	0	1	4145	2	0	4000	false_alarm	139
19_09_1978_1_030	67	Response	1	2058742	3717	2
19_09_1978_1_030	67	Pulse	5	2072341	17316	3
19_09_1978_1_030	68	Picture	20	2073096	0	1	4144	3	0	4000	other	0
19_09_1978_1_030	69	Picture	21	2091166	0	1	4145	2	0	4000	hit	144
19_09_1978_1_030	69	Pulse	5	2092331	1165	1
19_09_1978_1_030	69	Response	1	2095851	4685	1
19_09_1978_1_030	70	Pulse	5	2112330	3093	2
19_09_1978_1_030	70	Pulse	5	2132329	23092	2
19_09_1978_1_030	71	Picture	10	2134271	0	1	4144	2	0	4000	other	0
19_09_1978_1_030	71	Pulse	5	2152319	18048	2
19_09_1978_1_030	72	Picture	10	2152341	0	1	4145	2	0	4000	other	0
19_09_1978_1_030	73	Picture	11	2170412	0	1	4144	3	0	4000	hit	152
19_09_1978_1_030	73	Pulse	5	2172318	1906	2
19_09_1978_1_030	73	Response	1	2174078	3666	2
19_09_1978_1_030	74	Picture	10	2188482	0	2	4145	3	0	4000	other	0
19_09_1978_1_030	74	Pulse	5	2192318	3836	2
19_09_1978_1_030	75	Picture	11	2206553	0	1	4145	2	0	4000	hit	156
19_09_1978_1_030	75	Response	1	2209907	3354	2
19_09_1978_1_030	75	Pulse	5	2212307	5754	2
19_09_1978_1_030	76	Picture	10	2224624	0	1	4144	3	0	4000	other	0
19_09_1978_1_030	76	Pulse	5	2232307	7683	1
19_09_1978_1_030	77	Picture	10	2242694	0	2	4145	3	0	4000	other	0
19_09_1978_1_030	77	Pulse	5	2252306	9612	2
19_09_1978_1_030	78	Picture	11	2260765	0	1	4145	2	0	4000	hit	163
19_09_1978_1_030	78	Response	1	2264626	3861	2
19_09_1978_1_030	78	Pulse	5	2272296	11531	1
19_09_1978_1_030	79	Picture	10	2278836	0	1	4144	2	0	4000	other	0
19_09_1978_1_030	79	Pulse	5	2292295	13459	2
19_09_1978_1_030	80	Picture	10	2296906	0	1	4145	2	0	4000	other	0
19_09_1978_1_030	80	Pulse	5	2312294	15388	2
19_09_1978_1_030	81	Picture	10	2314977	0	1	4145	2	0	4000	other	0
19_09_1978_1_030	81	Pulse	5	2332284	17307	2
19_09_1978_1_030	82	Picture	10	2333048	0	1	4144	2	0	4000	other	0
19_09_1978_1_030	83	Picture	10	2351118	0	1	4145	2	0	4000	other	0
19_09_1978_1_030	83	Pulse	5	2352283	1165	2
19_09_1978_1_030	84	Picture	11	2369189	0	1	4145	2	0	4000	hit	176
19_09_1978_1_030	84	Pulse	5	2372283	3094	2
19_09_1978_1_030	84	Response	1	2374683	5494	1
19_09_1978_1_030	85	Picture	10	2387260	0	1	4144	2	0	4000	other	0
19_09_1978_1_030	85	Pulse	5	2392272	5012	2
19_09_1978_1_030	86	Picture	10	2405330	0	1	4145	2	0	4000	other	0
19_09_1978_1_030	86	Pulse	5	2412272	6942	1
19_09_1978_1_030	87	Pulse	5	2432271	8870	2
19_09_1978_1_030	88	Picture	30	2448434	0	2	4145	3	0	4000	other	0
19_09_1978_1_030	88	Pulse	5	2452260	3826	2
19_09_1978_1_030	89	Picture	30	2466505	0	1	4145	2	0	4000	other	0
19_09_1978_1_030	89	Pulse	5	2472260	5755	2
19_09_1978_1_030	90	Picture	30	2484576	0	1	4144	2	0	4000	other	0
19_09_1978_1_030	90	Pulse	5	2492259	7683	2
19_09_1978_1_030	91	Picture	31	2502646	0	1	4145	2	0	4000	hit	189
19_09_1978_1_030	91	Response	1	2506339	3693	2
19_09_1978_1_030	91	Pulse	5	2512409	9763	2
19_09_1978_1_030	92	Picture	31	2520717	0	1	4145	2	0	4000	hit	192
19_09_1978_1_030	92	Response	1	2524248	3531	3
19_09_1978_1_030	92	Pulse	5	2532408	11691	2
19_09_1978_1_030	93	Picture	30	2538788	0	1	4144	2	0	4000	other	0
19_09_1978_1_030	93	Pulse	5	2552408	13620	2
19_09_1978_1_030	94	Picture	30	2556858	0	1	4145	2	0	4000	other	0
19_09_1978_1_030	94	Pulse	5	2572397	15539	2
19_09_1978_1_030	95	Picture	30	2574929	0	1	4145	2	0	4000	other	0
19_09_1978_1_030	95	Pulse	5	2592397	17468	1
19_09_1978_1_030	96	Picture	31	2593000	0	1	4144	2	0	4000	hit	201
19_09_1978_1_030	96	Response	1	2596236	3236	2
19_09_1978_1_030	97	Picture	30	2611070	0	1	4145	2	0	4000	other	0
19_09_1978_1_030	97	Pulse	5	2612397	1327	1
19_09_1978_1_030	98	Picture	30	2629141	0	1	4144	3	0	4000	other	0
19_09_1978_1_030	98	Pulse	5	2632385	3244	2
19_09_1978_1_030	99	Picture	30	2647211	0	2	4145	3	0	4000	other	0
19_09_1978_1_030	99	Pulse	5	2652385	5174	2
19_09_1978_1_030	100	Picture	30	2665282	0	1	4145	2	0	4000	other	0
19_09_1978_1_030	100	Pulse	5	2672384	7102	2
19_09_1978_1_030	101	Picture	31	2683353	0	1	4144	3	0	4000	hit	211
19_09_1978_1_030	101	Response	1	2685824	2471	2
19_09_1978_1_030	101	Pulse	5	2692374	9021	1
19_09_1978_1_030	102	Picture	30	2701423	0	1	4145	2	0	4000	other	0
19_09_1978_1_030	102	Pulse	5	2712373	10950	2
19_09_1978_1_030	103	Picture	30	2719494	0	1	4145	2	0	4000	other	0
19_09_1978_1_030	103	Pulse	5	2732373	12879	1
19_09_1978_1_030	104	Pulse	5	2752363	14798	1
19_09_1978_1_030	105	Picture	10	2762598	0	1	4145	2	0	4000	other	0
19_09_1978_1_030	105	Pulse	5	2772361	9763	2
19_09_1978_1_030	106	Picture	10	2780669	0	1	4144	3	0	4000	other	0
19_09_1978_1_030	106	Pulse	5	2792362	11693	1
19_09_1978_1_030	107	Picture	11	2798739	0	2	4145	3	0	4000	hit	223
19_09_1978_1_030	107	Response	1	2802760	4021	2
19_09_1978_1_030	107	Pulse	5	2812350	13611	2
19_09_1978_1_030	108	Picture	10	2816810	0	1	4145	2	0	4000	other	0
19_09_1978_1_030	108	Pulse	5	2832350	15540	2
19_09_1978_1_030	109	Picture	11	2834881	0	1	4144	3	0	4000	hit	228
19_09_1978_1_030	109	Response	1	2839230	4349	1
19_09_1978_1_030	109	Pulse	5	2852349	17468	2
19_09_1978_1_030	110	Picture	10	2852951	0	2	4145	3	0	4000	other	0
19_09_1978_1_030	111	Picture	10	2871022	0	1	4145	2	0	4000	other	0
19_09_1978_1_030	111	Pulse	5	2872339	1317	1
19_09_1978_1_030	112	Picture	11	2889093	0	1	4144	3	0	4000	hit	235
19_09_1978_1_030	112	Pulse	5	2892338	3245	2
19_09_1978_1_030	112	Response	1	2892818	3725	2
19_09_1978_1_030	113	Picture	10	2907163	0	2	4145	3	0	4000	other	0
19_09_1978_1_030	113	Pulse	5	2912337	5174	2
19_09_1978_1_030	114	Picture	10	2925234	0	1	4145	2	0	4000	other	0
19_09_1978_1_030	114	Pulse	5	2932327	7093	2
19_09_1978_1_030	115	Picture	10	2943305	0	1	4144	2	0	4000	other	0
19_09_1978_1_030	115	Pulse	5	2952326	9021	2
19_09_1978_1_030	116	Picture	10	2961375	0	1	4145	2	0	4000	other	0
19_09_1978_1_030	116	Pulse	5	2972326	10951	2
19_09_1978_1_030	117	Picture	10	2979446	0	1	4144	3	0	4000	other	0
19_09_1978_1_030	117	Pulse	5	2992315	12869	3
19_09_1978_1_030	118	Picture	11	2997516	0	2	4145	3	0	4000	hit	247
19_09_1978_1_030	118	Response	1	3001915	4399	2
19_09_1978_1_030	118	Pulse	5	3012315	14799	2
19_09_1978_1_030	119	Picture	10	3015587	0	1	4145	2	0	4000	other	0
19_09_1978_1_030	119	Pulse	5	3032314	16727	2
19_09_1978_1_030	120	Picture	10	3033658	0	1	4144	3	0	4000	other	0
19_09_1978_1_030	121	Pulse	5	3052304	576	1
19_09_1978_1_030	121	Pulse	5	3072303	20575	2
19_09_1978_1_030	122	Picture	20	3076762	0	1	4145	2	0	4000	other	0
19_09_1978_1_030	122	Pulse	5	3092303	15541	1
19_09_1978_1_030	123	Picture	20	3094833	0	1	4144	3	0	4000	other	0
19_09_1978_1_030	123	Pulse	5	3112292	17459	2
19_09_1978_1_030	124	Picture	20	3112903	0	2	4145	3	0	4000	other	0
19_09_1978_1_030	125	Picture	21	3130974	0	1	4145	2	0	4000	hit	261
19_09_1978_1_030	125	Pulse	5	3132291	1317	2
19_09_1978_1_030	125	Response	1	3135491	4517	2
19_09_1978_1_030	126	Picture	20	3149045	0	1	4144	2	0	4000	other	0
19_09_1978_1_030	126	Pulse	5	3152291	3246	2
19_09_1978_1_030	127	Picture	20	3167115	0	1	4145	2	0	4000	other	0
19_09_1978_1_030	127	Pulse	5	3172280	5165	2
19_09_1978_1_030	128	Picture	21	3185186	0	1	4144	3	0	4000	hit	267
19_09_1978_1_030	128	Response	1	3188280	3094	1
19_09_1978_1_030	128	Pulse	5	3192280	7094	1
19_09_1978_1_030	129	Picture	20	3203257	0	1	4144	2	0	4000	other	0
19_09_1978_1_030	129	Pulse	5	3212279	9022	2
19_09_1978_1_030	130	Picture	20	3221327	0	1	4145	2	0	4000	other	0
19_09_1978_1_030	130	Pulse	5	3232268	10941	2
19_09_1978_1_030	131	Picture	20	3239398	0	1	4144	3	0	4000	other	0
19_09_1978_1_030	131	Pulse	5	3252268	12870	2
19_09_1978_1_030	132	Picture	21	3257468	0	2	4145	3	0	4000	hit	276
19_09_1978_1_030	132	Response	1	3262508	5040	1
19_09_1978_1_030	132	Pulse	5	3272267	14799	2
19_09_1978_1_030	133	Picture	20	3275539	0	1	4145	2	0	4000	other	0
19_09_1978_1_030	133	Pulse	5	3292257	16718	2
19_09_1978_1_030	134	Picture	20	3293610	0	1	4144	3	0	4000	other	0
19_09_1978_1_030	135	Picture	21	3311680	0	2	4145	3	0	4000	hit	283
19_09_1978_1_030	135	Pulse	5	3312256	576	2
19_09_1978_1_030	135	Response	1	3315776	4096	2
19_09_1978_1_030	136	Picture	20	3329751	0	1	4145	2	0	4000	other	0
19_09_1978_1_030	136	Pulse	5	3332256	2505	1
19_09_1978_1_030	137	Picture	20	3347822	0	1	4144	2	0	4000	other	0
19_09_1978_1_030	137	Pulse	5	3352245	4423	2
