Scenario - 1-back
Logfile written - 12/30/2014 15:04:27

Subject	Trial	Event Type	Code	Time	TTime	Uncertainty	Duration	Uncertainty	ReqTime	ReqDur	Stim Type	Pair Index

19_09_1978_1_030	1	Pulse	5	164925	174759	2
19_09_1978_1_030	2	Pulse	5	184925	19856	1
19_09_1978_1_030	3	Picture	10	190102	0	2	4145	3	0	4000	other	0
19_09_1978_1_030	3	Pulse	5	204924	14822	2
19_09_1978_1_030	4	Picture	10	208173	0	1	4145	2	0	4000	other	0
19_09_1978_1_030	4	Pulse	5	224914	16741	1
19_09_1978_1_030	5	Picture	11	226244	0	1	4144	3	0	4000	hit	8
19_09_1978_1_030	5	Response	1	228753	2509	2
19_09_1978_1_030	6	Picture	10	244314	0	1	4145	2	0	4000	other	0
19_09_1978_1_030	6	Pulse	5	244913	599	2
19_09_1978_1_030	7	Picture	11	262385	0	1	4145	2	0	4000	hit	12
19_09_1978_1_030	7	Response	1	264752	2367	2
19_09_1978_1_030	7	Pulse	5	264912	2527	2
19_09_1978_1_030	8	Picture	10	280456	0	1	4144	2	0	4000	other	0
19_09_1978_1_030	8	Pulse	5	284902	4446	2
19_09_1978_1_030	9	Picture	10	298526	0	1	4145	2	0	4000	other	0
19_09_1978_1_030	9	Pulse	5	304901	6375	2
19_09_1978_1_030	10	Picture	10	316597	0	1	4144	3	0	4000	other	0
19_09_1978_1_030	10	Pulse	5	324901	8304	2
19_09_1978_1_030	11	Picture	11	334667	0	2	4145	3	0	4000	hit	21
19_09_1978_1_030	11	Response	1	338170	3503	3
19_09_1978_1_030	11	Pulse	5	344890	10223	3
19_09_1978_1_030	12	Picture	10	352738	0	1	4145	2	0	4000	other	0
19_09_1978_1_030	12	Pulse	5	364890	12152	2
19_09_1978_1_030	13	Picture	10	370809	0	1	4144	3	0	4000	other	0
19_09_1978_1_030	13	Pulse	5	384889	14080	2
19_09_1978_1_030	14	Picture	11	388879	0	2	4145	3	0	4000	hit	28
19_09_1978_1_030	14	Response	1	393209	4330	2
19_09_1978_1_030	14	Pulse	5	404878	15999	2
19_09_1978_1_030	15	Picture	10	406950	0	1	4145	2	0	4000	other	0
19_09_1978_1_030	15	Pulse	5	424878	17928	2
19_09_1978_1_030	16	Picture	10	425021	0	1	4144	3	0	4000	other	0
19_09_1978_1_030	17	Picture	10	443091	0	2	4145	3	0	4000	other	0
19_09_1978_1_030	17	Pulse	5	444877	1786	2
19_09_1978_1_030	18	Picture	10	461162	0	1	4145	2	0	4000	other	0
19_09_1978_1_030	18	Pulse	5	464867	3705	2
19_09_1978_1_030	19	Pulse	5	484866	5633	2
19_09_1978_1_030	20	Picture	30	504266	0	1	4145	2	0	4000	other	0
19_09_1978_1_030	20	Pulse	5	504866	600	1
19_09_1978_1_030	21	Picture	30	522337	0	1	4144	3	0	4000	other	0
19_09_1978_1_030	21	Pulse	5	524855	2518	2
19_09_1978_1_030	22	Picture	31	540408	0	1	4144	2	0	4000	hit	43
19_09_1978_1_030	22	Response	1	544855	4447	1
19_09_1978_1_030	22	Pulse	5	544855	4447	1
19_09_1978_1_030	23	Picture	30	558478	0	1	4145	2	0	4000	other	0
19_09_1978_1_030	23	Pulse	5	564854	6376	2
19_09_1978_1_030	24	Picture	30	576549	0	1	4144	3	0	4000	other	0
19_09_1978_1_030	24	Pulse	5	584844	8295	1
19_09_1978_1_030	25	Picture	30	594619	0	2	4145	3	0	4000	other	0
19_09_1978_1_030	25	Pulse	5	605003	10384	2
19_09_1978_1_030	26	Picture	31	612690	0	1	4145	2	0	4000	hit	52
19_09_1978_1_030	26	Response	1	615723	3033	1
19_09_1978_1_030	26	Pulse	5	625002	12312	2
19_09_1978_1_030	27	Picture	31	630761	0	1	4144	3	0	4000	hit	55
19_09_1978_1_030	27	Response	1	634122	3361	2
19_09_1978_1_030	27	Pulse	5	644992	14231	1
19_09_1978_1_030	28	Picture	30	648831	0	2	4145	3	0	4000	other	0
19_09_1978_1_030	28	Pulse	5	664991	16160	2
19_09_1978_1_030	29	Picture	30	666902	0	1	4145	2	0	4000	other	0
19_09_1978_1_030	30	Picture	30	684973	0	1	4144	2	0	4000	other	0
19_09_1978_1_030	30	Pulse	5	684991	18	1
19_09_1978_1_030	31	Picture	31	703043	0	1	4145	2	0	4000	hit	64
19_09_1978_1_030	31	Pulse	5	704980	1937	2
19_09_1978_1_030	31	Response	1	706421	3378	1
19_09_1978_1_030	32	Picture	30	721114	0	1	4145	2	0	4000	other	0
19_09_1978_1_030	32	Pulse	5	724979	3865	2
19_09_1978_1_030	33	Picture	30	739185	0	1	4144	2	0	4000	other	0
19_09_1978_1_030	33	Pulse	5	744979	5794	2
19_09_1978_1_030	34	Picture	30	757255	0	1	4145	2	0	4000	other	0
19_09_1978_1_030	34	Pulse	5	764968	7713	2
19_09_1978_1_030	35	Picture	30	775326	0	1	4144	3	0	4000	other	0
19_09_1978_1_030	35	Pulse	5	784968	9642	1
19_09_1978_1_030	36	Pulse	5	804967	11571	2
19_09_1978_1_030	37	Picture	10	818430	0	1	4145	2	0	4000	other	0
19_09_1978_1_030	37	Pulse	5	824957	6527	2
19_09_1978_1_030	38	Picture	10	836501	0	1	4144	3	0	4000	other	0
19_09_1978_1_030	38	Pulse	5	844956	8455	2
19_09_1978_1_030	39	Picture	11	854571	0	1	4145	3	0	4000	hit	79
19_09_1978_1_030	39	Response	1	857116	2545	2
19_09_1978_1_030	39	Pulse	5	864955	10384	3
19_09_1978_1_030	40	Picture	10	872642	0	1	4145	2	0	4000	other	0
19_09_1978_1_030	40	Pulse	5	884945	12303	2
19_09_1978_1_030	41	Picture	11	890713	0	1	4144	2	0	4000	hit	84
19_09_1978_1_030	41	Response	1	893425	2712	1
19_09_1978_1_030	41	Pulse	5	904944	14231	2
19_09_1978_1_030	42	Picture	10	908783	0	1	4145	2	0	4000	other	0
19_09_1978_1_030	42	Pulse	5	924944	16161	2
19_09_1978_1_030	43	Picture	10	926854	0	1	4144	3	0	4000	other	0
19_09_1978_1_030	44	Picture	10	944924	0	2	4145	3	0	4000	other	0
19_09_1978_1_030	44	Pulse	5	944933	9	2
19_09_1978_1_030	45	Picture	11	962995	0	1	4145	2	0	4000	hit	93
19_09_1978_1_030	45	Pulse	5	964933	1938	1
19_09_1978_1_030	45	Response	1	967813	4818	1
19_09_1978_1_030	46	Picture	10	981066	0	1	4144	3	0	4000	other	0
19_09_1978_1_030	46	Pulse	5	984932	3866	2
19_09_1978_1_030	47	Picture	10	999136	0	2	4145	3	0	4000	other	0
19_09_1978_1_030	47	Pulse	5	1004922	5786	1
19_09_1978_1_030	48	Picture	11	1017207	0	1	4144	3	0	4000	hit	99
19_09_1978_1_030	48	Response	1	1021081	3874	2
19_09_1978_1_030	48	Pulse	5	1024921	7714	2
19_09_1978_1_030	49	Picture	10	1035278	0	1	4144	3	0	4000	other	0
19_09_1978_1_030	49	Pulse	5	1044920	9642	2
19_09_1978_1_030	50	Picture	10	1053348	0	1	4145	2	0	4000	other	0
19_09_1978_1_030	50	Pulse	5	1064910	11562	2
19_09_1978_1_030	51	Picture	10	1071419	0	1	4145	2	0	4000	other	0
19_09_1978_1_030	51	Pulse	5	1084909	13490	2
19_09_1978_1_030	52	Picture	10	1089490	0	1	4144	2	0	4000	other	0
19_09_1978_1_030	52	Pulse	5	1104909	15419	1
19_09_1978_1_030	53	Pulse	5	1124898	17338	2
19_09_1978_1_030	54	Picture	20	1132594	0	1	4144	8	0	4000	other	0
19_09_1978_1_030	54	Pulse	5	1144898	12304	1
19_09_1978_1_030	55	Picture	20	1150664	0	2	4145	3	0	4000	other	0
19_09_1978_1_030	55	Pulse	5	1164897	14233	2
19_09_1978_1_030	56	Picture	21	1168735	0	1	4145	2	0	4000	hit	115
19_09_1978_1_030	56	Response	1	1176087	7352	1
19_09_1978_1_030	56	Pulse	5	1184887	16152	1
19_09_1978_1_030	57	Picture	20	1186806	0	1	4144	3	0	4000	other	0
19_09_1978_1_030	58	Picture	20	1204876	0	2	4145	3	0	4000	other	0
19_09_1978_1_030	58	Pulse	5	1204886	10	2
19_09_1978_1_030	59	Picture	20	1222947	0	1	4145	2	0	4000	other	0
19_09_1978_1_030	59	Pulse	5	1224885	1938	2
19_09_1978_1_030	60	Picture	21	1241018	0	1	4144	3	0	4000	hit	124
19_09_1978_1_030	60	Pulse	5	1244875	3857	2
19_09_1978_1_030	60	Response	1	1246635	5617	2
19_09_1978_1_030	61	Picture	20	1259088	0	1	4145	2	0	4000	other	0
19_09_1978_1_030	61	Pulse	5	1264874	5786	2
19_09_1978_1_030	62	Picture	20	1277159	0	1	4145	2	0	4000	other	0
19_09_1978_1_030	62	Pulse	5	1284874	7715	1
19_09_1978_1_030	63	Picture	20	1295230	0	1	4144	2	0	4000	other	0
19_09_1978_1_030	63	Pulse	5	1304863	9633	2
19_09_1978_1_030	64	Picture	20	1313300	0	1	4145	2	0	4000	other	0
19_09_1978_1_030	64	Pulse	5	1324862	11562	3
19_09_1978_1_030	65	Picture	20	1331371	0	1	4144	3	0	4000	other	0
19_09_1978_1_030	65	Pulse	5	1344862	13491	2
19_09_1978_1_030	66	Picture	21	1349441	0	2	4145	3	0	4000	hit	136
19_09_1978_1_030	66	Response	1	1352852	3411	1
19_09_1978_1_030	66	Pulse	5	1364851	15410	2
19_09_1978_1_030	67	Picture	20	1367512	0	1	4145	2	0	4000	other	0
19_09_1978_1_030	67	Pulse	5	1384851	17339	2
19_09_1978_1_030	68	Picture	20	1385583	0	1	4144	3	0	4000	other	0
19_09_1978_1_030	69	Picture	21	1403653	0	2	4145	3	0	4000	hit	143
19_09_1978_1_030	69	Pulse	5	1404850	1197	2
19_09_1978_1_030	69	Response	1	1407250	3597	2
19_09_1978_1_030	70	Pulse	5	1424840	3116	1
19_09_1978_1_030	70	Pulse	5	1444839	23115	2
19_09_1978_1_030	71	Picture	10	1446758	0	1	4144	3	0	4000	other	0
19_09_1978_1_030	72	Picture	10	1464828	0	1	4145	2	0	4000	other	0
19_09_1978_1_030	72	Pulse	5	1464839	11	1
19_09_1978_1_030	73	Picture	11	1482899	0	1	4145	2	0	4000	hit	151
19_09_1978_1_030	73	Pulse	5	1484828	1929	2
19_09_1978_1_030	73	Response	1	1485628	2729	2
19_09_1978_1_030	74	Picture	10	1500970	0	1	4144	2	0	4000	other	0
19_09_1978_1_030	74	Pulse	5	1504827	3857	2
19_09_1978_1_030	75	Picture	11	1519040	0	1	4145	2	0	4000	hit	155
19_09_1978_1_030	75	Response	1	1521787	2747	2
19_09_1978_1_030	75	Pulse	5	1524827	5787	2
19_09_1978_1_030	76	Picture	10	1537111	0	1	4144	3	0	4000	other	0
19_09_1978_1_030	76	Pulse	5	1544816	7705	2
19_09_1978_1_030	77	Picture	10	1555181	0	2	4145	3	0	4000	other	0
19_09_1978_1_030	77	Pulse	5	1564816	9635	2
19_09_1978_1_030	78	Picture	11	1573252	0	1	4145	2	0	4000	hit	162
19_09_1978_1_030	78	Response	1	1576815	3563	2
19_09_1978_1_030	78	Pulse	5	1584815	11563	2
19_09_1978_1_030	79	Picture	10	1591323	0	1	4144	3	0	4000	other	0
19_09_1978_1_030	79	Pulse	5	1604805	13482	1
19_09_1978_1_030	80	Picture	10	1609393	0	2	4145	3	0	4000	other	0
19_09_1978_1_030	80	Pulse	5	1624804	15411	2
19_09_1978_1_030	81	Picture	10	1627464	0	1	4145	2	0	4000	other	0
19_09_1978_1_030	81	Pulse	5	1644963	17499	2
19_09_1978_1_030	82	Picture	10	1645535	0	1	4144	2	0	4000	other	0
19_09_1978_1_030	83	Picture	10	1663605	0	2	4145	3	0	4000	other	0
19_09_1978_1_030	83	Pulse	5	1664953	1348	2
19_09_1978_1_030	84	Picture	11	1681676	0	1	4145	2	0	4000	hit	175
19_09_1978_1_030	84	Pulse	5	1684952	3276	2
19_09_1978_1_030	84	Response	1	1686072	4396	2
19_09_1978_1_030	85	Picture	10	1699747	0	1	4144	2	0	4000	other	0
19_09_1978_1_030	85	Pulse	5	1704952	5205	2
19_09_1978_1_030	86	Picture	10	1717817	0	1	4145	2	0	4000	other	0
19_09_1978_1_030	86	Pulse	5	1724941	7124	2
19_09_1978_1_030	87	Pulse	5	1744941	9053	1
19_09_1978_1_030	88	Picture	30	1760921	0	2	4145	3	0	4000	other	0
19_09_1978_1_030	88	Pulse	5	1764940	4019	2
19_09_1978_1_030	89	Picture	30	1778992	0	1	4145	2	0	4000	other	0
19_09_1978_1_030	89	Pulse	5	1784929	5937	3
19_09_1978_1_030	90	Picture	30	1797063	0	1	4144	3	0	4000	other	0
19_09_1978_1_030	90	Pulse	5	1804929	7866	2
19_09_1978_1_030	91	Picture	31	1815133	0	2	4145	3	0	4000	hit	188
19_09_1978_1_030	91	Response	1	1818209	3076	2
19_09_1978_1_030	91	Pulse	5	1824928	9795	3
19_09_1978_1_030	92	Picture	31	1833204	0	1	4145	2	0	4000	hit	191
19_09_1978_1_030	92	Response	1	1836439	3235	1
19_09_1978_1_030	92	Pulse	5	1844919	11715	1
19_09_1978_1_030	93	Picture	30	1851275	0	1	4144	2	0	4000	other	0
19_09_1978_1_030	93	Pulse	5	1864917	13642	2
19_09_1978_1_030	94	Picture	30	1869345	0	1	4145	2	0	4000	other	0
19_09_1978_1_030	94	Pulse	5	1884917	15572	2
19_09_1978_1_030	95	Picture	30	1887416	0	1	4145	2	0	4000	other	0
19_09_1978_1_030	95	Pulse	5	1904906	17490	2
19_09_1978_1_030	96	Picture	31	1905486	0	2	4145	3	0	4000	hit	200
19_09_1978_1_030	96	Response	1	1908106	2620	2
19_09_1978_1_030	97	Picture	30	1923557	0	1	4145	2	0	4000	other	0
19_09_1978_1_030	97	Pulse	5	1924906	1349	1
19_09_1978_1_030	98	Picture	30	1941628	0	1	4144	3	0	4000	other	0
19_09_1978_1_030	98	Pulse	5	1944905	3277	2
19_09_1978_1_030	99	Picture	30	1959698	0	2	4145	3	0	4000	other	0
19_09_1978_1_030	99	Pulse	5	1964894	5196	2
19_09_1978_1_030	100	Picture	30	1977769	0	1	4145	2	0	4000	other	0
19_09_1978_1_030	100	Pulse	5	1984895	7126	1
19_09_1978_1_030	101	Picture	31	1995840	0	1	4144	3	0	4000	miss	0
19_09_1978_1_030	101	Pulse	5	2004894	9054	1
19_09_1978_1_030	102	Picture	30	2013910	0	2	4145	3	0	4000	other	0
19_09_1978_1_030	102	Pulse	5	2024883	10973	2
19_09_1978_1_030	103	Picture	30	2031981	0	1	4145	2	0	4000	other	0
19_09_1978_1_030	103	Pulse	5	2044883	12902	1
19_09_1978_1_030	104	Pulse	5	2064882	14830	1
19_09_1978_1_030	105	Picture	10	2075085	0	1	4145	2	0	4000	other	0
19_09_1978_1_030	105	Pulse	5	2084871	9786	2
19_09_1978_1_030	106	Picture	10	2093156	0	1	4144	3	0	4000	other	0
19_09_1978_1_030	106	Pulse	5	2104871	11715	1
19_09_1978_1_030	107	Picture	11	2111226	0	2	4145	3	0	4000	hit	221
19_09_1978_1_030	107	Response	1	2114310	3084	2
19_09_1978_1_030	107	Pulse	5	2124870	13644	2
19_09_1978_1_030	108	Picture	10	2129297	0	1	4145	2	0	4000	other	0
19_09_1978_1_030	108	Pulse	5	2144859	15562	2
19_09_1978_1_030	109	Picture	11	2147368	0	1	4144	3	0	4000	hit	226
19_09_1978_1_030	109	Response	1	2150300	2932	1
19_09_1978_1_030	109	Pulse	5	2164859	17491	2
19_09_1978_1_030	110	Picture	10	2165438	0	2	4145	3	0	4000	other	0
19_09_1978_1_030	111	Picture	10	2183509	0	1	4145	2	0	4000	other	0
19_09_1978_1_030	111	Pulse	5	2184858	1349	2
19_09_1978_1_030	112	Picture	11	2201580	0	1	4144	3	0	4000	hit	233
19_09_1978_1_030	112	Pulse	5	2204848	3268	1
19_09_1978_1_030	112	Response	1	2205808	4228	1
19_09_1978_1_030	113	Picture	10	2219650	0	2	4145	3	0	4000	other	0
19_09_1978_1_030	113	Pulse	5	2224847	5197	2
19_09_1978_1_030	114	Picture	10	2237721	0	1	4145	2	0	4000	other	0
19_09_1978_1_030	114	Pulse	5	2244847	7126	1
19_09_1978_1_030	115	Picture	10	2255792	0	1	4144	2	0	4000	other	0
19_09_1978_1_030	115	Pulse	5	2264836	9044	2
19_09_1978_1_030	116	Picture	10	2273862	0	1	4145	2	0	4000	other	0
19_09_1978_1_030	116	Pulse	5	2284835	10973	3
19_09_1978_1_030	117	Picture	10	2291933	0	1	4145	2	0	4000	other	0
19_09_1978_1_030	117	Pulse	5	2304835	12902	2
19_09_1978_1_030	118	Picture	11	2310003	0	2	4145	3	0	4000	hit	245
19_09_1978_1_030	118	Response	1	2313945	3942	1
19_09_1978_1_030	118	Pulse	5	2324824	14821	2
19_09_1978_1_030	119	Picture	10	2328074	0	1	4145	2	0	4000	other	0
19_09_1978_1_030	119	Pulse	5	2344824	16750	2
19_09_1978_1_030	120	Picture	10	2346145	0	1	4144	3	0	4000	other	0
19_09_1978_1_030	121	Pulse	5	2364823	608	2
19_09_1978_1_030	121	Pulse	5	2384812	20597	4
19_09_1978_1_030	122	Picture	20	2389249	0	1	4145	2	0	4000	other	0
19_09_1978_1_030	122	Pulse	5	2404811	15562	5
19_09_1978_1_030	123	Picture	20	2407320	0	1	4144	3	0	4000	other	0
19_09_1978_1_030	123	Pulse	5	2424810	17490	6
19_09_1978_1_030	124	Picture	20	2425390	0	2	4145	3	0	4000	other	0
19_09_1978_1_030	125	Picture	21	2443461	0	1	4145	2	0	4000	hit	259
19_09_1978_1_030	125	Pulse	5	2444802	1341	1
19_09_1978_1_030	125	Response	1	2447841	4380	2
19_09_1978_1_030	126	Picture	20	2461532	0	1	4144	2	0	4000	other	0
19_09_1978_1_030	126	Pulse	5	2464800	3268	2
19_09_1978_1_030	127	Picture	20	2479602	0	1	4145	2	0	4000	other	0
19_09_1978_1_030	127	Pulse	5	2484800	5198	2
19_09_1978_1_030	128	Picture	21	2497673	0	1	4144	3	0	4000	hit	265
19_09_1978_1_030	128	Response	1	2501269	3596	2
19_09_1978_1_030	128	Pulse	5	2504789	7116	2
19_09_1978_1_030	129	Picture	20	2515743	0	2	4145	3	0	4000	other	0
19_09_1978_1_030	129	Pulse	5	2524789	9046	1
19_09_1978_1_030	130	Picture	20	2533814	0	1	4145	2	0	4000	other	0
19_09_1978_1_030	130	Pulse	5	2544788	10974	2
19_09_1978_1_030	131	Picture	20	2551885	0	1	4144	3	0	4000	other	0
19_09_1978_1_030	131	Pulse	5	2564778	12893	1
19_09_1978_1_030	132	Picture	21	2569955	0	2	4145	3	0	4000	hit	274
19_09_1978_1_030	132	Response	1	2573097	3142	2
19_09_1978_1_030	132	Pulse	5	2584777	14822	2
19_09_1978_1_030	133	Picture	20	2588026	0	1	4145	2	0	4000	other	0
19_09_1978_1_030	133	Pulse	5	2604776	16750	2
19_09_1978_1_030	134	Picture	20	2606097	0	1	4144	3	0	4000	other	0
19_09_1978_1_030	135	Picture	21	2624167	0	2	4145	3	0	4000	hit	281
19_09_1978_1_030	135	Pulse	5	2624766	599	2
19_09_1978_1_030	135	Response	1	2627646	3479	2
19_09_1978_1_030	136	Picture	20	2642238	0	1	4145	2	0	4000	other	0
19_09_1978_1_030	136	Pulse	5	2644765	2527	2
19_09_1978_1_030	137	Picture	20	2660309	0	1	4144	3	0	4000	other	0
19_09_1978_1_030	137	Pulse	5	2664765	4456	1
