Scenario - 1-back
Logfile written - 12/30/2014 14:49:46

Subject	Trial	Event Type	Code	Time	TTime	Uncertainty	Duration	Uncertainty	ReqTime	ReqDur	Stim Type	Pair Index

19_09_1978_1_030	1	Pulse	5	680557	690391	2
19_09_1978_1_030	2	Pulse	5	700556	19894	2
19_09_1978_1_030	3	Picture	10	705695	0	2	4145	3	0	4000	other	0
19_09_1978_1_030	3	Pulse	5	720546	14851	2
19_09_1978_1_030	4	Picture	10	723766	0	1	4145	2	0	4000	other	0
19_09_1978_1_030	4	Pulse	5	740545	16779	2
19_09_1978_1_030	5	Picture	11	741837	0	1	4144	2	0	4000	hit	8
19_09_1978_1_030	5	Response	1	745185	3348	2
19_09_1978_1_030	6	Picture	10	759907	0	1	4145	2	0	4000	other	0
19_09_1978_1_030	6	Pulse	5	760545	638	1
19_09_1978_1_030	7	Picture	11	777978	0	1	4145	2	0	4000	hit	13
19_09_1978_1_030	7	Pulse	5	780534	2556	2
19_09_1978_1_030	7	Response	1	780854	2876	2
19_09_1978_1_030	8	Picture	10	796048	0	2	4145	3	0	4000	other	0
19_09_1978_1_030	8	Pulse	5	800534	4486	1
19_09_1978_1_030	9	Picture	10	814119	0	1	4145	2	0	4000	other	0
19_09_1978_1_030	9	Pulse	5	820533	6414	2
19_09_1978_1_030	10	Picture	10	832190	0	1	4144	3	0	4000	other	0
19_09_1978_1_030	10	Pulse	5	840522	8332	2
19_09_1978_1_030	11	Picture	11	850260	0	2	4145	3	0	4000	hit	21
19_09_1978_1_030	11	Response	1	853482	3222	2
19_09_1978_1_030	11	Pulse	5	860522	10262	2
19_09_1978_1_030	12	Picture	10	868331	0	1	4145	2	0	4000	other	0
19_09_1978_1_030	12	Pulse	5	880521	12190	2
19_09_1978_1_030	13	Picture	10	886402	0	1	4144	3	0	4000	other	0
19_09_1978_1_030	13	Pulse	5	900511	14109	1
19_09_1978_1_030	14	Picture	11	904472	0	1	4145	2	0	4000	hit	28
19_09_1978_1_030	14	Response	1	908351	3879	1
19_09_1978_1_030	14	Pulse	5	920510	16038	2
19_09_1978_1_030	15	Picture	10	922543	0	1	4145	2	0	4000	other	0
19_09_1978_1_030	15	Pulse	5	940510	17967	1
19_09_1978_1_030	16	Picture	10	940612	0	3	4146	4	0	4000	other	0
19_09_1978_1_030	17	Picture	10	958684	0	1	4145	2	0	4000	other	0
19_09_1978_1_030	17	Pulse	5	960500	1816	1
19_09_1978_1_030	18	Picture	10	976755	0	1	4144	3	0	4000	other	0
19_09_1978_1_030	18	Pulse	5	980498	3743	2
19_09_1978_1_030	19	Pulse	5	1000498	5673	2
19_09_1978_1_030	20	Picture	20	1019859	0	1	4145	2	0	4000	other	0
19_09_1978_1_030	20	Pulse	5	1020487	628	3
19_09_1978_1_030	21	Picture	20	1037930	0	1	4144	2	0	4000	other	0
19_09_1978_1_030	21	Pulse	5	1040487	2557	2
19_09_1978_1_030	22	Picture	21	1056000	0	1	4145	2	0	4000	hit	43
19_09_1978_1_030	22	Response	1	1059686	3686	3
19_09_1978_1_030	22	Pulse	5	1060486	4486	3
19_09_1978_1_030	23	Picture	20	1074071	0	1	4145	2	0	4000	other	0
19_09_1978_1_030	23	Pulse	5	1080476	6405	1
19_09_1978_1_030	24	Picture	20	1092142	0	1	4144	2	0	4000	other	0
19_09_1978_1_030	24	Pulse	5	1100475	8333	2
19_09_1978_1_030	25	Picture	20	1110212	0	1	4145	2	0	4000	other	0
19_09_1978_1_030	25	Pulse	5	1120475	10263	1
19_09_1978_1_030	26	Picture	21	1128283	0	1	4144	3	0	4000	hit	52
19_09_1978_1_030	26	Response	1	1132464	4181	2
19_09_1978_1_030	26	Pulse	5	1140464	12181	2
19_09_1978_1_030	27	Picture	20	1146353	0	2	4145	3	0	4000	other	0
19_09_1978_1_030	27	Pulse	5	1160463	14110	2
19_09_1978_1_030	28	Picture	20	1164424	0	1	4145	2	0	4000	other	0
19_09_1978_1_030	28	Pulse	5	1180463	16039	2
19_09_1978_1_030	29	Picture	20	1182495	0	1	4144	3	0	4000	other	0
19_09_1978_1_030	29	Pulse	5	1200452	17957	2
19_09_1978_1_030	30	Picture	20	1200565	0	1	4145	2	0	4000	other	0
19_09_1978_1_030	31	Picture	20	1218636	0	1	4145	2	0	4000	other	0
19_09_1978_1_030	31	Pulse	5	1220452	1816	1
19_09_1978_1_030	32	Picture	21	1236707	0	1	4144	2	0	4000	hit	65
19_09_1978_1_030	32	Pulse	5	1240451	3744	2
19_09_1978_1_030	32	Response	1	1242051	5344	2
19_09_1978_1_030	33	Picture	20	1254777	0	1	4145	2	0	4000	other	0
19_09_1978_1_030	33	Pulse	5	1260441	5664	2
19_09_1978_1_030	34	Picture	20	1272848	0	1	4144	3	0	4000	other	0
19_09_1978_1_030	34	Pulse	5	1280440	7592	2
19_09_1978_1_030	35	Picture	21	1290918	0	2	4145	3	0	4000	hit	71
19_09_1978_1_030	35	Response	1	1294520	3602	1
19_09_1978_1_030	35	Pulse	5	1300599	9681	2
19_09_1978_1_030	36	Pulse	5	1320589	11600	2
19_09_1978_1_030	37	Picture	10	1334023	0	1	4144	2	0	4000	other	0
19_09_1978_1_030	37	Pulse	5	1340588	6565	2
19_09_1978_1_030	38	Picture	10	1352093	0	1	4145	3	0	4000	other	0
19_09_1978_1_030	38	Pulse	5	1360588	8495	2
19_09_1978_1_030	39	Picture	11	1370164	0	1	4145	2	0	4000	hit	79
19_09_1978_1_030	39	Response	1	1373857	3693	2
19_09_1978_1_030	39	Pulse	5	1380577	10413	2
19_09_1978_1_030	40	Picture	10	1388235	0	1	4144	2	0	4000	other	0
19_09_1978_1_030	40	Pulse	5	1400577	12342	1
19_09_1978_1_030	41	Picture	11	1406305	0	1	4145	2	0	4000	hit	84
19_09_1978_1_030	41	Response	1	1410016	3711	2
19_09_1978_1_030	41	Pulse	5	1420576	14271	2
19_09_1978_1_030	42	Picture	10	1424376	0	1	4144	3	0	4000	other	0
19_09_1978_1_030	42	Pulse	5	1440566	16190	1
19_09_1978_1_030	43	Picture	10	1442446	0	2	4145	3	0	4000	other	0
19_09_1978_1_030	44	Picture	10	1460517	0	1	4145	2	0	4000	other	0
19_09_1978_1_030	44	Pulse	5	1460565	48	2
19_09_1978_1_030	45	Picture	11	1478588	0	1	4144	3	0	4000	hit	93
19_09_1978_1_030	45	Pulse	5	1480564	1976	2
19_09_1978_1_030	45	Response	1	1482804	4216	2
19_09_1978_1_030	46	Picture	10	1496658	0	1	4145	2	0	4000	other	0
19_09_1978_1_030	46	Pulse	5	1500554	3896	2
19_09_1978_1_030	47	Picture	10	1514729	0	1	4144	3	0	4000	other	0
19_09_1978_1_030	47	Pulse	5	1520553	5824	3
19_09_1978_1_030	48	Picture	11	1532800	0	1	4144	2	0	4000	hit	99
19_09_1978_1_030	48	Response	1	1536873	4073	2
19_09_1978_1_030	48	Pulse	5	1540553	7753	2
19_09_1978_1_030	49	Picture	10	1550870	0	1	4145	2	0	4000	other	0
19_09_1978_1_030	49	Pulse	5	1560542	9672	2
19_09_1978_1_030	50	Picture	10	1568941	0	1	4145	2	0	4000	other	0
19_09_1978_1_030	50	Pulse	5	1580542	11601	1
19_09_1978_1_030	51	Picture	10	1587012	0	1	4144	2	0	4000	other	0
19_09_1978_1_030	51	Pulse	5	1600541	13529	2
19_09_1978_1_030	52	Picture	10	1605082	0	1	4145	2	0	4000	other	0
19_09_1978_1_030	52	Pulse	5	1620530	15448	2
19_09_1978_1_030	53	Pulse	5	1640530	17377	2
19_09_1978_1_030	54	Picture	30	1648186	0	1	4145	2	0	4000	other	0
19_09_1978_1_030	54	Pulse	5	1660530	12344	1
19_09_1978_1_030	55	Picture	30	1666257	0	1	4145	2	0	4000	other	0
19_09_1978_1_030	55	Pulse	5	1680519	14262	2
19_09_1978_1_030	56	Picture	31	1684328	0	1	4144	2	0	4000	hit	115
19_09_1978_1_030	56	Response	1	1688039	3711	1
19_09_1978_1_030	56	Pulse	5	1700518	16190	2
19_09_1978_1_030	57	Picture	30	1702398	0	1	4145	2	0	4000	other	0
19_09_1978_1_030	58	Picture	30	1720469	0	1	4145	2	0	4000	other	0
19_09_1978_1_030	58	Pulse	5	1720518	49	1
19_09_1978_1_030	59	Picture	30	1738540	0	1	4144	2	0	4000	other	0
19_09_1978_1_030	59	Pulse	5	1740507	1967	2
19_09_1978_1_030	60	Picture	31	1756610	0	1	4145	2	0	4000	hit	124
19_09_1978_1_030	60	Pulse	5	1760506	3896	2
19_09_1978_1_030	60	Response	1	1763386	6776	2
19_09_1978_1_030	61	Picture	31	1774681	0	1	4144	3	0	4000	hit	126
19_09_1978_1_030	61	Response	1	1778266	3585	2
19_09_1978_1_030	61	Pulse	5	1780506	5825	2
19_09_1978_1_030	62	Picture	30	1792751	0	2	4145	3	0	4000	other	0
19_09_1978_1_030	62	Pulse	5	1800495	7744	2
19_09_1978_1_030	63	Picture	30	1810822	0	1	4145	2	0	4000	other	0
19_09_1978_1_030	63	Pulse	5	1820495	9673	2
19_09_1978_1_030	64	Picture	30	1828893	0	1	4144	2	0	4000	other	0
19_09_1978_1_030	64	Pulse	5	1840494	11601	2
19_09_1978_1_030	65	Picture	31	1846963	0	1	4145	2	0	4000	hit	135
19_09_1978_1_030	65	Response	1	1850084	3121	2
19_09_1978_1_030	65	Pulse	5	1860484	13521	1
19_09_1978_1_030	66	Picture	30	1865034	0	1	4145	2	0	4000	other	0
19_09_1978_1_030	66	Pulse	5	1880483	15449	2
19_09_1978_1_030	67	Picture	30	1883104	0	2	4145	3	0	4000	other	0
19_09_1978_1_030	67	Pulse	5	1900483	17379	1
19_09_1978_1_030	68	Picture	30	1901175	0	1	4145	2	0	4000	other	0
19_09_1978_1_030	69	Picture	30	1919246	0	1	4144	3	0	4000	other	0
19_09_1978_1_030	69	Pulse	5	1920473	1227	1
19_09_1978_1_030	70	Pulse	5	1940471	3155	2
19_09_1978_1_030	70	Pulse	5	1960471	23155	2
19_09_1978_1_030	71	Picture	10	1962350	0	1	4145	2	0	4000	other	0
19_09_1978_1_030	72	Picture	10	1980421	0	1	4144	2	0	4000	other	0
19_09_1978_1_030	72	Pulse	5	1980460	39	3
19_09_1978_1_030	73	Picture	11	1998491	0	2	4145	3	0	4000	hit	151
19_09_1978_1_030	73	Pulse	5	2000460	1969	2
19_09_1978_1_030	73	Response	1	2002860	4369	2
19_09_1978_1_030	74	Picture	10	2016562	0	1	4145	2	0	4000	other	0
19_09_1978_1_030	74	Pulse	5	2020459	3897	2
19_09_1978_1_030	75	Picture	11	2034633	0	1	4144	2	0	4000	hit	155
19_09_1978_1_030	75	Response	1	2039169	4536	1
19_09_1978_1_030	75	Pulse	5	2040449	5816	1
19_09_1978_1_030	76	Picture	10	2052703	0	1	4145	2	0	4000	other	0
19_09_1978_1_030	76	Pulse	5	2060448	7745	2
19_09_1978_1_030	77	Picture	10	2070774	0	1	4144	3	0	4000	other	0
19_09_1978_1_030	77	Pulse	5	2080447	9673	2
19_09_1978_1_030	78	Picture	11	2088845	0	1	4144	2	0	4000	hit	162
19_09_1978_1_030	78	Response	1	2093077	4232	2
19_09_1978_1_030	78	Pulse	5	2100438	11593	1
19_09_1978_1_030	79	Picture	10	2106915	0	1	4145	2	0	4000	other	0
19_09_1978_1_030	79	Pulse	5	2120436	13521	2
19_09_1978_1_030	80	Picture	10	2124986	0	1	4144	3	0	4000	other	0
19_09_1978_1_030	80	Pulse	5	2140436	15450	2
19_09_1978_1_030	81	Picture	10	2143056	0	2	4145	3	0	4000	other	0
19_09_1978_1_030	81	Pulse	5	2160425	17369	2
19_09_1978_1_030	82	Picture	10	2161127	0	1	4145	2	0	4000	other	0
19_09_1978_1_030	83	Picture	10	2179198	0	1	4144	2	0	4000	other	0
19_09_1978_1_030	83	Pulse	5	2180425	1227	1
19_09_1978_1_030	84	Picture	11	2197268	0	1	4145	2	0	4000	hit	175
19_09_1978_1_030	84	Pulse	5	2200424	3156	3
19_09_1978_1_030	84	Response	1	2201224	3956	2
19_09_1978_1_030	85	Picture	10	2215339	0	1	4145	2	0	4000	other	0
19_09_1978_1_030	85	Pulse	5	2220414	5075	1
19_09_1978_1_030	86	Picture	10	2233409	0	2	4145	3	0	4000	other	0
19_09_1978_1_030	86	Pulse	5	2240413	7004	2
19_09_1978_1_030	87	Pulse	5	2260412	8932	2
19_09_1978_1_030	88	Picture	20	2276514	0	1	4144	3	0	4000	other	0
19_09_1978_1_030	88	Pulse	5	2280402	3888	2
19_09_1978_1_030	89	Picture	20	2294584	0	2	4145	3	0	4000	other	0
19_09_1978_1_030	89	Pulse	5	2300401	5817	2
19_09_1978_1_030	90	Picture	20	2312655	0	1	4145	2	0	4000	other	0
19_09_1978_1_030	90	Pulse	5	2320401	7746	1
19_09_1978_1_030	91	Picture	21	2330726	0	1	4144	2	0	4000	hit	188
19_09_1978_1_030	91	Response	1	2334790	4064	2
19_09_1978_1_030	91	Pulse	5	2340550	9824	2
19_09_1978_1_030	92	Picture	20	2348796	0	1	4145	2	0	4000	other	0
19_09_1978_1_030	92	Pulse	5	2360550	11754	1
19_09_1978_1_030	93	Picture	20	2366867	0	1	4145	2	0	4000	other	0
19_09_1978_1_030	93	Pulse	5	2380549	13682	2
19_09_1978_1_030	94	Picture	21	2384937	0	2	4145	3	0	4000	hit	195
19_09_1978_1_030	94	Response	1	2388219	3282	2
19_09_1978_1_030	94	Pulse	5	2400538	15601	2
19_09_1978_1_030	95	Picture	20	2403008	0	1	4145	2	0	4000	other	0
19_09_1978_1_030	95	Pulse	5	2420538	17530	2
19_09_1978_1_030	96	Picture	20	2421079	0	1	4144	3	0	4000	other	0
19_09_1978_1_030	97	Picture	20	2439150	0	1	4144	2	0	4000	other	0
19_09_1978_1_030	97	Pulse	5	2440537	1387	2
19_09_1978_1_030	98	Picture	21	2457220	0	1	4145	2	0	4000	hit	203
19_09_1978_1_030	98	Response	1	2460367	3147	2
19_09_1978_1_030	98	Pulse	5	2460527	3307	2
19_09_1978_1_030	99	Picture	20	2475291	0	1	4144	3	0	4000	other	0
19_09_1978_1_030	99	Pulse	5	2480526	5235	2
19_09_1978_1_030	100	Picture	20	2493361	0	2	4145	3	0	4000	other	0
19_09_1978_1_030	100	Pulse	5	2500526	7165	2
19_09_1978_1_030	101	Picture	21	2511432	0	1	4145	2	0	4000	hit	210
19_09_1978_1_030	101	Response	1	2514755	3323	2
19_09_1978_1_030	101	Pulse	5	2520515	9083	2
19_09_1978_1_030	102	Picture	20	2529503	0	1	4143	4	0	4000	other	0
19_09_1978_1_030	102	Pulse	5	2540515	11012	1
19_09_1978_1_030	103	Picture	20	2547573	0	1	4145	2	0	4000	other	0
19_09_1978_1_030	103	Pulse	5	2560514	12941	2
19_09_1978_1_030	104	Pulse	5	2580503	14859	2
19_09_1978_1_030	105	Picture	10	2590678	0	1	4144	2	0	4000	other	0
19_09_1978_1_030	105	Pulse	5	2600503	9825	2
19_09_1978_1_030	106	Picture	10	2608748	0	1	4145	2	0	4000	other	0
19_09_1978_1_030	106	Pulse	5	2620502	11754	2
19_09_1978_1_030	107	Picture	11	2626819	0	1	4144	3	0	4000	hit	222
19_09_1978_1_030	107	Response	1	2630572	3753	2
19_09_1978_1_030	107	Pulse	5	2640492	13673	1
19_09_1978_1_030	108	Picture	10	2644889	0	2	4145	3	0	4000	other	0
19_09_1978_1_030	108	Pulse	5	2660492	15603	1
19_09_1978_1_030	109	Picture	11	2662960	0	1	4145	2	0	4000	hit	227
19_09_1978_1_030	109	Response	1	2665931	2971	2
19_09_1978_1_030	109	Pulse	5	2680491	17531	1
19_09_1978_1_030	110	Picture	10	2681031	0	1	4144	3	0	4000	other	0
19_09_1978_1_030	111	Picture	10	2699101	0	2	4145	3	0	4000	other	0
19_09_1978_1_030	111	Pulse	5	2700480	1379	2
19_09_1978_1_030	112	Picture	11	2717172	0	1	4145	2	0	4000	hit	234
19_09_1978_1_030	112	Pulse	5	2720479	3307	2
19_09_1978_1_030	112	Response	1	2722879	5707	2
19_09_1978_1_030	113	Picture	10	2735243	0	1	4144	2	0	4000	other	0
19_09_1978_1_030	113	Pulse	5	2740479	5236	2
19_09_1978_1_030	114	Picture	10	2753313	0	1	4145	2	0	4000	other	0
19_09_1978_1_030	114	Pulse	5	2760468	7155	2
19_09_1978_1_030	115	Picture	10	2771384	0	1	4144	3	0	4000	false_alarm	240
19_09_1978_1_030	115	Response	1	2775188	3804	2
19_09_1978_1_030	115	Pulse	5	2780468	9084	1
19_09_1978_1_030	116	Picture	10	2789454	0	2	4145	3	0	4000	other	0
19_09_1978_1_030	116	Pulse	5	2800467	11013	2
19_09_1978_1_030	117	Picture	10	2807525	0	1	4145	2	0	4000	other	0
19_09_1978_1_030	117	Pulse	5	2820457	12932	1
19_09_1978_1_030	118	Picture	11	2825596	0	1	4144	2	0	4000	hit	247
19_09_1978_1_030	118	Response	1	2829096	3500	2
19_09_1978_1_030	118	Pulse	5	2840456	14860	2
19_09_1978_1_030	119	Picture	10	2843666	0	2	4145	3	0	4000	other	0
19_09_1978_1_030	119	Pulse	5	2860455	16789	2
19_09_1978_1_030	120	Picture	10	2861737	0	1	4145	2	0	4000	other	0
19_09_1978_1_030	121	Pulse	5	2880445	637	2
19_09_1978_1_030	121	Pulse	5	2900444	20636	2
19_09_1978_1_030	122	Picture	30	2904841	0	1	4145	2	0	4000	other	0
19_09_1978_1_030	122	Pulse	5	2920444	15603	2
19_09_1978_1_030	123	Picture	30	2922912	0	1	4145	2	0	4000	other	0
19_09_1978_1_030	123	Pulse	5	2940433	17521	3
19_09_1978_1_030	124	Picture	30	2940983	0	1	4144	2	0	4000	other	0
19_09_1978_1_030	125	Picture	31	2959053	0	1	4145	2	0	4000	hit	261
19_09_1978_1_030	125	Pulse	5	2960433	1380	2
19_09_1978_1_030	125	Response	1	2962193	3140	2
19_09_1978_1_030	126	Picture	31	2977124	0	1	4144	3	0	4000	hit	264
19_09_1978_1_030	126	Pulse	5	2980432	3308	2
19_09_1978_1_030	126	Response	1	2980912	3788	2
19_09_1978_1_030	127	Picture	30	2995194	0	2	4145	3	0	4000	other	0
19_09_1978_1_030	127	Pulse	5	3000422	5228	1
19_09_1978_1_030	128	Picture	30	3013265	0	1	4145	2	0	4000	other	0
19_09_1978_1_030	128	Pulse	5	3020421	7156	2
19_09_1978_1_030	129	Picture	30	3031336	0	1	4144	3	0	4000	other	0
19_09_1978_1_030	129	Pulse	5	3040421	9085	1
19_09_1978_1_030	130	Picture	31	3049406	0	2	4145	3	0	4000	hit	272
19_09_1978_1_030	130	Response	1	3052890	3484	2
19_09_1978_1_030	130	Pulse	5	3060410	11004	2
19_09_1978_1_030	131	Picture	30	3067477	0	1	4145	2	0	4000	other	0
19_09_1978_1_030	131	Pulse	5	3080409	12932	2
19_09_1978_1_030	132	Picture	30	3085548	0	1	4144	2	0	4000	other	0
19_09_1978_1_030	132	Pulse	5	3100409	14861	1
19_09_1978_1_030	133	Picture	30	3103618	0	1	4145	2	0	4000	other	0
19_09_1978_1_030	133	Pulse	5	3120398	16780	2
19_09_1978_1_030	134	Picture	30	3121689	0	1	4145	2	0	4000	other	0
19_09_1978_1_030	135	Picture	31	3139759	0	2	4145	3	0	4000	hit	283
19_09_1978_1_030	135	Pulse	5	3140398	639	1
19_09_1978_1_030	135	Response	1	3143438	3679	1
19_09_1978_1_030	136	Picture	30	3157830	0	1	4145	2	0	4000	other	0
19_09_1978_1_030	136	Pulse	5	3160397	2567	2
19_09_1978_1_030	137	Picture	30	3175901	0	1	4144	3	0	4000	false_alarm	288
19_09_1978_1_030	137	Pulse	5	3180386	4485	2
19_09_1978_1_030	137	Response	1	3181666	5765	2
