Scenario - 1-back
Logfile written - 12/30/2014 14:59:57

Subject	Trial	Event Type	Code	Time	TTime	Uncertainty	Duration	Uncertainty	ReqTime	ReqDur	Stim Type	Pair Index

19_09_1978_1_030	1	Pulse	5	181365	191199	2
19_09_1978_1_030	2	Pulse	5	201355	19873	1
19_09_1978_1_030	3	Picture	10	206515	0	1	4145	2	0	4000	other	0
19_09_1978_1_030	3	Pulse	5	221354	14839	2
19_09_1978_1_030	4	Picture	10	224586	0	1	4144	3	0	4000	other	0
19_09_1978_1_030	4	Pulse	5	241353	16767	2
19_09_1978_1_030	5	Picture	11	242656	0	2	4145	3	0	4000	hit	8
19_09_1978_1_030	5	Response	1	247433	4777	2
19_09_1978_1_030	6	Picture	10	260727	0	1	4145	2	0	4000	other	0
19_09_1978_1_030	6	Pulse	5	261343	616	2
19_09_1978_1_030	7	Picture	11	278798	0	1	4144	3	0	4000	hit	13
19_09_1978_1_030	7	Pulse	5	281342	2544	2
19_09_1978_1_030	7	Response	1	282942	4144	2
19_09_1978_1_030	8	Picture	10	296868	0	2	4145	3	0	4000	other	0
19_09_1978_1_030	8	Pulse	5	301342	4474	2
19_09_1978_1_030	9	Picture	10	314939	0	1	4145	2	0	4000	other	0
19_09_1978_1_030	9	Pulse	5	321331	6392	2
19_09_1978_1_030	10	Picture	10	333010	0	1	4144	3	0	4000	other	0
19_09_1978_1_030	10	Pulse	5	341331	8321	1
19_09_1978_1_030	11	Picture	11	351080	0	2	4145	3	0	4000	hit	21
19_09_1978_1_030	11	Response	1	356211	5131	1
19_09_1978_1_030	11	Pulse	5	361330	10250	2
19_09_1978_1_030	12	Picture	10	369151	0	1	4145	2	0	4000	other	0
19_09_1978_1_030	12	Pulse	5	381319	12168	3
19_09_1978_1_030	13	Picture	10	387222	0	1	4144	2	0	4000	other	0
19_09_1978_1_030	13	Pulse	5	401319	14097	2
19_09_1978_1_030	14	Picture	11	405292	0	1	4145	2	0	4000	hit	28
19_09_1978_1_030	14	Response	1	409959	4667	2
19_09_1978_1_030	14	Pulse	5	421318	16026	3
19_09_1978_1_030	15	Picture	10	423363	0	1	4144	3	0	4000	other	0
19_09_1978_1_030	15	Pulse	5	441308	17945	2
19_09_1978_1_030	16	Picture	10	441433	0	2	4145	3	0	4000	other	0
19_09_1978_1_030	17	Picture	10	459504	0	1	4145	2	0	4000	other	0
19_09_1978_1_030	17	Pulse	5	461307	1803	2
19_09_1978_1_030	18	Picture	10	477575	0	1	4144	3	0	4000	other	0
19_09_1978_1_030	18	Pulse	5	481307	3732	1
19_09_1978_1_030	19	Pulse	5	501296	5651	2
19_09_1978_1_030	20	Picture	20	520679	0	1	4145	2	0	4000	other	0
19_09_1978_1_030	20	Pulse	5	521296	617	1
19_09_1978_1_030	21	Picture	20	538750	0	1	4144	3	0	4000	other	0
19_09_1978_1_030	21	Pulse	5	541295	2545	2
19_09_1978_1_030	22	Picture	21	556820	0	2	4144	4	0	4000	hit	43
19_09_1978_1_030	22	Response	1	560484	3664	2
19_09_1978_1_030	22	Pulse	5	561284	4464	2
19_09_1978_1_030	23	Picture	20	574891	0	1	4145	2	0	4000	other	0
19_09_1978_1_030	23	Pulse	5	581284	6393	2
19_09_1978_1_030	24	Picture	20	592962	0	1	4144	2	0	4000	other	0
19_09_1978_1_030	24	Pulse	5	601283	8321	2
19_09_1978_1_030	25	Picture	20	611032	0	1	4145	2	0	4000	other	0
19_09_1978_1_030	25	Pulse	5	621273	10241	2
19_09_1978_1_030	26	Picture	21	629103	0	1	4145	2	0	4000	hit	52
19_09_1978_1_030	26	Response	1	633433	4330	1
19_09_1978_1_030	26	Pulse	5	641272	12169	2
19_09_1978_1_030	27	Picture	20	647173	0	2	4145	3	0	4000	other	0
19_09_1978_1_030	27	Pulse	5	661272	14099	1
19_09_1978_1_030	28	Picture	20	665244	0	1	4145	2	0	4000	other	0
19_09_1978_1_030	28	Pulse	5	681261	16017	2
19_09_1978_1_030	29	Picture	20	683315	0	1	4144	3	0	4000	other	0
19_09_1978_1_030	29	Pulse	5	701260	17945	2
19_09_1978_1_030	30	Picture	20	701385	0	2	4145	3	0	4000	other	0
19_09_1978_1_030	31	Picture	20	719456	0	1	4145	2	0	4000	other	0
19_09_1978_1_030	31	Pulse	5	721260	1804	2
19_09_1978_1_030	32	Picture	21	737527	0	1	4144	2	0	4000	hit	64
19_09_1978_1_030	32	Response	1	740609	3082	2
19_09_1978_1_030	32	Pulse	5	741249	3722	2
19_09_1978_1_030	33	Picture	20	755597	0	2	4145	3	0	4000	false_alarm	67
19_09_1978_1_030	33	Response	1	759810	4213	1
19_09_1978_1_030	33	Pulse	5	761249	5652	2
19_09_1978_1_030	34	Picture	20	773668	0	1	4145	2	0	4000	other	0
19_09_1978_1_030	34	Pulse	5	781248	7580	2
19_09_1978_1_030	35	Picture	21	791739	0	1	4144	2	0	4000	hit	72
19_09_1978_1_030	35	Response	1	796278	4539	2
19_09_1978_1_030	35	Pulse	5	801238	9499	1
19_09_1978_1_030	36	Pulse	5	821237	11428	2
19_09_1978_1_030	37	Picture	10	834843	0	1	4144	3	0	4000	other	0
19_09_1978_1_030	37	Pulse	5	841237	6394	1
19_09_1978_1_030	38	Picture	10	852914	0	1	4144	2	0	4000	other	0
19_09_1978_1_030	38	Pulse	5	861226	8312	2
19_09_1978_1_030	39	Picture	11	870984	0	1	4145	2	0	4000	hit	80
19_09_1978_1_030	39	Response	1	874186	3202	2
19_09_1978_1_030	39	Pulse	5	881225	10241	3
19_09_1978_1_030	40	Picture	10	889055	0	1	4144	3	0	4000	other	0
19_09_1978_1_030	40	Pulse	5	901225	12170	2
19_09_1978_1_030	41	Picture	11	907125	0	2	4145	3	0	4000	hit	85
19_09_1978_1_030	41	Response	1	911295	4170	1
19_09_1978_1_030	41	Pulse	5	921214	14089	2
19_09_1978_1_030	42	Picture	10	925196	0	1	4145	2	0	4000	other	0
19_09_1978_1_030	42	Pulse	5	941214	16018	1
19_09_1978_1_030	43	Picture	10	943267	0	1	4144	2	0	4000	other	0
19_09_1978_1_030	43	Pulse	5	961213	17946	2
19_09_1978_1_030	44	Picture	10	961337	0	1	4145	2	0	4000	other	0
19_09_1978_1_030	45	Picture	11	979408	0	1	4145	2	0	4000	hit	94
19_09_1978_1_030	45	Pulse	5	981203	1795	1
19_09_1978_1_030	45	Response	1	982963	3555	1
19_09_1978_1_030	46	Picture	10	997479	0	1	4144	2	0	4000	other	0
19_09_1978_1_030	46	Pulse	5	1001202	3723	2
19_09_1978_1_030	47	Picture	10	1015549	0	1	4145	2	0	4000	other	0
19_09_1978_1_030	47	Pulse	5	1021201	5652	2
19_09_1978_1_030	48	Picture	11	1033620	0	1	4145	2	0	4000	hit	100
19_09_1978_1_030	48	Response	1	1037991	4371	2
19_09_1978_1_030	48	Pulse	5	1041191	7571	2
19_09_1978_1_030	49	Picture	10	1051691	0	1	4144	2	0	4000	other	0
19_09_1978_1_030	49	Pulse	5	1061190	9499	2
19_09_1978_1_030	50	Picture	10	1069761	0	1	4145	2	0	4000	other	0
19_09_1978_1_030	50	Pulse	5	1081190	11429	2
19_09_1978_1_030	51	Picture	10	1087832	0	1	4144	3	0	4000	other	0
19_09_1978_1_030	51	Pulse	5	1101179	13347	2
19_09_1978_1_030	52	Picture	10	1105902	0	2	4145	3	0	4000	other	0
19_09_1978_1_030	52	Pulse	5	1121339	15437	1
19_09_1978_1_030	53	Pulse	5	1141338	17365	2
19_09_1978_1_030	54	Picture	30	1149007	0	1	4144	3	0	4000	other	0
19_09_1978_1_030	54	Pulse	5	1161328	12321	1
19_09_1978_1_030	55	Picture	30	1167077	0	2	4145	3	0	4000	other	0
19_09_1978_1_030	55	Pulse	5	1181328	14251	1
19_09_1978_1_030	56	Picture	31	1185148	0	1	4145	2	0	4000	hit	116
19_09_1978_1_030	56	Response	1	1188847	3699	2
19_09_1978_1_030	56	Pulse	5	1201326	16178	2
19_09_1978_1_030	57	Picture	30	1203219	0	1	4144	2	0	4000	other	0
19_09_1978_1_030	58	Picture	30	1221289	0	1	4145	2	0	4000	other	0
19_09_1978_1_030	58	Pulse	5	1221316	27	2
19_09_1978_1_030	59	Picture	30	1239360	0	1	4145	2	0	4000	other	0
19_09_1978_1_030	59	Pulse	5	1241315	1955	2
19_09_1978_1_030	60	Picture	31	1257430	0	2	4145	3	0	4000	hit	124
19_09_1978_1_030	60	Response	1	1260515	3085	1
19_09_1978_1_030	60	Pulse	5	1261315	3885	1
19_09_1978_1_030	61	Picture	31	1275501	0	1	4145	2	0	4000	hit	127
19_09_1978_1_030	61	Response	1	1279064	3563	2
19_09_1978_1_030	61	Pulse	5	1281304	5803	2
19_09_1978_1_030	62	Picture	30	1293572	0	1	4144	3	0	4000	other	0
19_09_1978_1_030	62	Pulse	5	1301304	7732	1
19_09_1978_1_030	63	Picture	30	1311642	0	2	4145	3	0	4000	other	0
19_09_1978_1_030	63	Pulse	5	1321303	9661	2
19_09_1978_1_030	64	Picture	30	1329713	0	1	4145	2	0	4000	other	0
19_09_1978_1_030	64	Pulse	5	1341292	11579	3
19_09_1978_1_030	65	Picture	31	1347784	0	1	4144	3	0	4000	miss	0
19_09_1978_1_030	65	Pulse	5	1361292	13508	2
19_09_1978_1_030	66	Picture	30	1365854	0	2	4145	3	0	4000	other	0
19_09_1978_1_030	66	Pulse	5	1381291	15437	3
19_09_1978_1_030	67	Picture	30	1383925	0	1	4145	2	0	4000	other	0
19_09_1978_1_030	67	Pulse	5	1401281	17356	2
19_09_1978_1_030	68	Picture	30	1401996	0	1	4144	2	0	4000	other	0
19_09_1978_1_030	69	Picture	30	1420066	0	1	4145	2	0	4000	other	0
19_09_1978_1_030	69	Pulse	5	1421280	1214	2
19_09_1978_1_030	70	Pulse	5	1441280	3143	1
19_09_1978_1_030	70	Pulse	5	1461269	23132	2
19_09_1978_1_030	71	Picture	10	1463170	0	2	4145	3	0	4000	other	0
19_09_1978_1_030	72	Picture	10	1481241	0	1	4145	2	0	4000	other	0
19_09_1978_1_030	72	Pulse	5	1481269	28	1
19_09_1978_1_030	73	Picture	11	1499312	0	1	4144	3	0	4000	hit	151
19_09_1978_1_030	73	Pulse	5	1501268	1956	2
19_09_1978_1_030	73	Response	1	1502868	3556	2
19_09_1978_1_030	74	Picture	10	1517382	0	2	4145	3	0	4000	other	0
19_09_1978_1_030	74	Pulse	5	1521257	3875	2
19_09_1978_1_030	75	Picture	11	1535453	0	1	4145	2	0	4000	hit	155
19_09_1978_1_030	75	Response	1	1539338	3885	1
19_09_1978_1_030	75	Pulse	5	1541257	5804	2
19_09_1978_1_030	76	Picture	10	1553524	0	1	4144	3	0	4000	other	0
19_09_1978_1_030	76	Pulse	5	1561256	7732	2
19_09_1978_1_030	77	Picture	10	1571594	0	1	4145	2	0	4000	other	0
19_09_1978_1_030	77	Pulse	5	1581246	9652	1
19_09_1978_1_030	78	Picture	11	1589665	0	1	4145	2	0	4000	hit	162
19_09_1978_1_030	78	Response	1	1593565	3900	2
19_09_1978_1_030	78	Pulse	5	1601245	11580	2
19_09_1978_1_030	79	Picture	10	1607736	0	1	4144	2	0	4000	other	0
19_09_1978_1_030	79	Pulse	5	1621245	13509	1
19_09_1978_1_030	80	Picture	10	1625806	0	1	4145	2	0	4000	other	0
19_09_1978_1_030	80	Pulse	5	1641234	15428	2
19_09_1978_1_030	81	Picture	10	1643877	0	1	4145	2	0	4000	other	0
19_09_1978_1_030	81	Pulse	5	1661234	17357	1
19_09_1978_1_030	82	Picture	10	1661948	0	1	4144	2	0	4000	other	0
19_09_1978_1_030	83	Picture	10	1680018	0	1	4145	2	0	4000	other	0
19_09_1978_1_030	83	Pulse	5	1681233	1215	2
19_09_1978_1_030	84	Picture	11	1698089	0	1	4144	3	0	4000	hit	175
19_09_1978_1_030	84	Pulse	5	1701222	3133	2
19_09_1978_1_030	84	Response	1	1702182	4093	2
19_09_1978_1_030	85	Picture	10	1716159	0	2	4145	3	0	4000	other	0
19_09_1978_1_030	85	Pulse	5	1721222	5063	1
19_09_1978_1_030	86	Picture	10	1734230	0	1	4145	2	0	4000	other	0
19_09_1978_1_030	86	Pulse	5	1741221	6991	2
19_09_1978_1_030	87	Pulse	5	1761211	8910	1
19_09_1978_1_030	88	Picture	20	1777334	0	1	4145	2	0	4000	other	0
19_09_1978_1_030	88	Pulse	5	1781210	3876	2
19_09_1978_1_030	89	Picture	20	1795405	0	1	4145	2	0	4000	other	0
19_09_1978_1_030	89	Pulse	5	1801209	5804	2
19_09_1978_1_030	90	Picture	20	1813476	0	1	4144	2	0	4000	other	0
19_09_1978_1_030	90	Pulse	5	1821199	7723	2
19_09_1978_1_030	91	Picture	21	1831546	0	1	4145	2	0	4000	hit	188
19_09_1978_1_030	91	Response	1	1834959	3413	2
19_09_1978_1_030	91	Pulse	5	1841198	9652	3
19_09_1978_1_030	92	Picture	20	1849617	0	1	4144	3	0	4000	other	0
19_09_1978_1_030	92	Pulse	5	1861198	11581	2
19_09_1978_1_030	93	Picture	20	1867688	0	1	4144	2	0	4000	other	0
19_09_1978_1_030	93	Pulse	5	1881187	13499	2
19_09_1978_1_030	94	Picture	21	1885758	0	1	4145	2	0	4000	hit	195
19_09_1978_1_030	94	Response	1	1889508	3750	1
19_09_1978_1_030	94	Pulse	5	1901187	15429	1
19_09_1978_1_030	95	Picture	20	1903829	0	1	4144	3	0	4000	other	0
19_09_1978_1_030	95	Pulse	5	1921186	17357	2
19_09_1978_1_030	96	Picture	20	1921899	0	2	4145	3	0	4000	other	0
19_09_1978_1_030	97	Picture	20	1939970	0	1	4145	2	0	4000	other	0
19_09_1978_1_030	97	Pulse	5	1941176	1206	1
19_09_1978_1_030	98	Picture	21	1958041	0	1	4144	3	0	4000	hit	203
19_09_1978_1_030	98	Response	1	1961175	3134	2
19_09_1978_1_030	98	Pulse	5	1961175	3134	2
19_09_1978_1_030	99	Picture	20	1976111	0	1	4145	2	0	4000	other	0
19_09_1978_1_030	99	Pulse	5	1981174	5063	2
19_09_1978_1_030	100	Picture	20	1994182	0	1	4145	2	0	4000	other	0
19_09_1978_1_030	100	Pulse	5	2001164	6982	2
19_09_1978_1_030	101	Picture	21	2012253	0	1	4144	2	0	4000	miss	0
19_09_1978_1_030	101	Pulse	5	2021163	8910	2
19_09_1978_1_030	102	Picture	20	2030323	0	1	4145	2	0	4000	other	0
19_09_1978_1_030	102	Pulse	5	2041163	10840	1
19_09_1978_1_030	103	Picture	20	2048394	0	1	4144	3	0	4000	other	0
19_09_1978_1_030	103	Pulse	5	2061152	12758	2
19_09_1978_1_030	104	Pulse	5	2081152	14688	1
19_09_1978_1_030	105	Picture	10	2091498	0	1	4145	2	0	4000	other	0
19_09_1978_1_030	105	Pulse	5	2101151	9653	2
19_09_1978_1_030	106	Picture	10	2109569	0	1	4144	3	0	4000	other	0
19_09_1978_1_030	106	Pulse	5	2121140	11571	2
19_09_1978_1_030	107	Picture	11	2127639	0	2	4145	3	0	4000	hit	221
19_09_1978_1_030	107	Response	1	2131060	3421	2
19_09_1978_1_030	107	Pulse	5	2141140	13501	2
19_09_1978_1_030	108	Picture	10	2145710	0	1	4145	2	0	4000	other	0
19_09_1978_1_030	108	Pulse	5	2161299	15589	2
19_09_1978_1_030	109	Picture	11	2163781	0	1	4144	2	0	4000	hit	226
19_09_1978_1_030	109	Response	1	2166249	2468	2
19_09_1978_1_030	109	Pulse	5	2181289	17508	2
19_09_1978_1_030	110	Picture	10	2181851	0	1	4145	2	0	4000	other	0
19_09_1978_1_030	111	Picture	10	2199922	0	1	4144	3	0	4000	other	0
19_09_1978_1_030	111	Pulse	5	2201288	1366	2
19_09_1978_1_030	112	Picture	11	2217993	0	1	4144	2	0	4000	hit	232
19_09_1978_1_030	112	Response	1	2221288	3295	1
19_09_1978_1_030	112	Pulse	5	2221288	3295	1
19_09_1978_1_030	113	Picture	10	2236063	0	1	4145	2	0	4000	other	0
19_09_1978_1_030	113	Pulse	5	2241277	5214	2
19_09_1978_1_030	114	Picture	10	2254134	0	1	4144	3	0	4000	other	0
19_09_1978_1_030	114	Pulse	5	2261277	7143	1
19_09_1978_1_030	115	Picture	10	2272204	0	2	4145	3	0	4000	false_alarm	239
19_09_1978_1_030	115	Response	1	2275196	2992	2
19_09_1978_1_030	115	Pulse	5	2281266	9062	2
19_09_1978_1_030	116	Picture	10	2290275	0	1	4145	2	0	4000	other	0
19_09_1978_1_030	116	Pulse	5	2301265	10990	3
19_09_1978_1_030	117	Picture	10	2308346	0	1	4144	3	0	4000	other	0
19_09_1978_1_030	117	Pulse	5	2321265	12919	2
19_09_1978_1_030	118	Picture	11	2326416	0	2	4145	3	0	4000	hit	246
19_09_1978_1_030	118	Response	1	2330705	4289	2
19_09_1978_1_030	118	Pulse	5	2341254	14838	2
19_09_1978_1_030	119	Picture	10	2344487	0	1	4145	2	0	4000	other	0
19_09_1978_1_030	119	Pulse	5	2361254	16767	1
19_09_1978_1_030	120	Picture	10	2362558	0	1	4144	2	0	4000	other	0
19_09_1978_1_030	121	Pulse	5	2381253	625	2
19_09_1978_1_030	121	Pulse	5	2401243	20615	1
19_09_1978_1_030	122	Picture	30	2405662	0	1	4145	2	0	4000	other	0
19_09_1978_1_030	122	Pulse	5	2421242	15580	2
19_09_1978_1_030	123	Picture	30	2423733	0	1	4144	2	0	4000	other	0
19_09_1978_1_030	123	Pulse	5	2441241	17508	2
19_09_1978_1_030	124	Picture	30	2441803	0	1	4145	2	0	4000	other	0
19_09_1978_1_030	125	Picture	31	2459874	0	1	4144	3	0	4000	hit	260
19_09_1978_1_030	125	Pulse	5	2461231	1357	2
19_09_1978_1_030	125	Response	1	2463471	3597	2
19_09_1978_1_030	126	Picture	31	2477944	0	2	4145	3	0	4000	hit	263
19_09_1978_1_030	126	Pulse	5	2481230	3286	2
19_09_1978_1_030	126	Response	1	2484270	6326	2
19_09_1978_1_030	127	Picture	30	2496015	0	1	4145	2	0	4000	other	0
19_09_1978_1_030	127	Pulse	5	2501230	5215	2
19_09_1978_1_030	128	Picture	30	2514086	0	1	4144	3	0	4000	other	0
19_09_1978_1_030	128	Pulse	5	2521219	7133	2
19_09_1978_1_030	129	Picture	30	2532156	0	2	4145	3	0	4000	other	0
19_09_1978_1_030	129	Pulse	5	2541219	9063	1
19_09_1978_1_030	130	Picture	31	2550227	0	1	4145	2	0	4000	hit	271
19_09_1978_1_030	130	Response	1	2553378	3151	2
19_09_1978_1_030	130	Pulse	5	2561218	10991	2
19_09_1978_1_030	131	Picture	30	2568298	0	2	4144	4	0	4000	other	0
19_09_1978_1_030	131	Pulse	5	2581208	12910	1
19_09_1978_1_030	132	Picture	30	2586368	0	2	4145	3	0	4000	other	0
19_09_1978_1_030	132	Pulse	5	2601207	14839	2
19_09_1978_1_030	133	Picture	30	2604439	0	1	4145	2	0	4000	other	0
19_09_1978_1_030	133	Pulse	5	2621206	16767	2
19_09_1978_1_030	134	Picture	30	2622510	0	1	4144	2	0	4000	other	0
19_09_1978_1_030	135	Picture	31	2640580	0	1	4145	2	0	4000	hit	282
19_09_1978_1_030	135	Pulse	5	2641196	616	2
19_09_1978_1_030	135	Response	1	2644076	3496	1
19_09_1978_1_030	136	Picture	30	2658651	0	1	4144	3	0	4000	other	0
19_09_1978_1_030	136	Pulse	5	2661195	2544	2
19_09_1978_1_030	137	Picture	30	2676721	0	2	4145	3	0	4000	other	0
19_09_1978_1_030	137	Pulse	5	2681195	4474	1
