Scenario - 1-back
Logfile written - 04/12/2014 12:40:46

Subject	Trial	Event Type	Code	Time	TTime	Uncertainty	Duration	Uncertainty	ReqTime	ReqDur	Stim Type	Pair Index

2004_3	1	Pulse	5	103494	113328	2
2004_3	2	Pulse	5	123494	19931	2
2004_3	3	Picture	10	128599	0	1	4144	3	0	4000	other	0
2004_3	3	Pulse	5	143494	14895	1
2004_3	4	Picture	10	146670	0	1	4145	2	0	4000	other	0
2004_3	4	Pulse	5	163483	16813	3
2004_3	5	Picture	11	164741	0	1	4144	3	0	4000	hit	8
2004_3	5	Response	1	170043	5302	2
2004_3	6	Picture	10	182812	0	1	4144	3	0	4000	other	0
2004_3	6	Pulse	5	183483	671	2
2004_3	7	Picture	11	200883	0	1	4144	3	0	4000	hit	13
2004_3	7	Pulse	5	203483	2600	2
2004_3	7	Response	1	205723	4840	2
2004_3	8	Picture	10	218954	0	1	4145	2	0	4000	other	0
2004_3	8	Pulse	5	223472	4518	3
2004_3	9	Picture	10	237025	0	1	4144	3	0	4000	other	0
2004_3	9	Pulse	5	243472	6447	2
2004_3	10	Picture	10	255096	0	1	4144	3	0	4000	other	0
2004_3	10	Pulse	5	263472	8376	2
2004_3	11	Picture	11	273167	0	1	4144	3	0	4000	hit	21
2004_3	11	Response	1	277221	4054	3
2004_3	11	Pulse	5	283461	10294	3
2004_3	12	Picture	10	291238	0	1	4144	3	0	4000	other	0
2004_3	12	Pulse	5	303461	12223	2
2004_3	13	Picture	10	309309	0	1	4144	3	0	4000	other	0
2004_3	13	Pulse	5	323461	14152	2
2004_3	14	Picture	11	327380	0	1	4145	2	0	4000	hit	28
2004_3	14	Response	1	331941	4561	1
2004_3	14	Pulse	5	343450	16070	2
2004_3	15	Picture	10	345451	0	1	4144	3	0	4000	other	0
2004_3	15	Pulse	5	363450	17999	2
2004_3	16	Picture	10	363522	0	1	4144	3	0	4000	other	0
2004_3	17	Picture	10	381593	0	1	4145	2	0	4000	other	0
2004_3	17	Pulse	5	383450	1857	2
2004_3	18	Picture	10	399664	0	1	4145	2	0	4000	other	0
2004_3	18	Pulse	5	403439	3775	2
2004_3	19	Pulse	5	423439	5704	2
2004_3	20	Picture	20	442769	0	1	4145	2	0	4000	other	0
2004_3	20	Pulse	5	443439	670	2
2004_3	21	Picture	20	460840	0	1	4145	2	0	4000	other	0
2004_3	21	Pulse	5	463429	2589	1
2004_3	22	Picture	21	478911	0	1	4145	2	0	4000	hit	44
2004_3	22	Pulse	5	483428	4517	2
2004_3	22	Response	1	484068	5157	2
2004_3	23	Picture	20	496982	0	1	4145	2	0	4000	other	0
2004_3	23	Pulse	5	503428	6446	2
2004_3	24	Picture	20	515053	0	1	4145	2	0	4000	other	0
2004_3	24	Pulse	5	523418	8365	1
2004_3	25	Picture	20	533124	0	1	4145	2	0	4000	other	0
2004_3	25	Pulse	5	543417	10293	2
2004_3	26	Picture	21	551195	0	1	4145	2	0	4000	hit	52
2004_3	26	Response	1	556217	5022	2
2004_3	26	Pulse	5	563418	12223	1
2004_3	27	Picture	20	569266	0	1	4145	2	0	4000	other	0
2004_3	27	Pulse	5	583406	14140	3
2004_3	28	Picture	20	587337	0	1	4145	2	0	4000	other	0
2004_3	28	Pulse	5	603405	16068	4
2004_3	29	Picture	20	605408	0	1	4145	2	0	4000	other	0
2004_3	29	Pulse	5	623405	17997	3
2004_3	30	Picture	20	623479	0	1	4145	2	0	4000	other	0
2004_3	31	Picture	20	641550	0	1	4145	2	0	4000	false_alarm	63
2004_3	31	Pulse	5	643396	1846	2
2004_3	31	Response	1	646596	5046	2
2004_3	32	Picture	21	659621	0	1	4145	2	0	4000	miss	0
2004_3	32	Pulse	5	663554	3933	4
2004_3	33	Picture	20	677692	0	1	4145	2	0	4000	false_alarm	67
2004_3	33	Response	1	679555	1863	3
2004_3	33	Pulse	5	683555	5863	2
2004_3	34	Picture	20	695763	0	1	4145	2	0	4000	other	0
2004_3	34	Pulse	5	703544	7781	3
2004_3	35	Picture	21	713834	0	1	4145	2	0	4000	hit	72
2004_3	35	Response	1	718425	4591	1
2004_3	35	Pulse	5	723543	9709	3
2004_3	36	Pulse	5	743543	11638	3
2004_3	37	Picture	10	756939	0	1	4145	2	0	4000	other	0
2004_3	37	Pulse	5	763534	6595	2
2004_3	38	Picture	10	775010	0	1	4144	7	0	4000	other	0
2004_3	38	Pulse	5	783534	8524	1
2004_3	39	Picture	11	793081	0	1	4145	2	0	4000	hit	80
2004_3	39	Response	1	797773	4692	2
2004_3	39	Pulse	5	803533	10452	2
2004_3	40	Picture	10	811152	0	1	4145	2	0	4000	other	0
2004_3	40	Pulse	5	823523	12371	2
2004_3	41	Picture	11	829223	0	1	4145	2	0	4000	hit	85
2004_3	41	Response	1	833762	4539	3
2004_3	41	Pulse	5	843523	14300	1
2004_3	42	Picture	10	847294	0	1	4145	2	0	4000	other	0
2004_3	42	Pulse	5	863522	16228	2
2004_3	43	Picture	10	865365	0	1	4145	2	0	4000	other	0
2004_3	44	Picture	10	883436	0	1	4145	2	0	4000	other	0
2004_3	44	Pulse	5	883512	76	2
2004_3	45	Picture	11	901507	0	1	4145	2	0	4000	hit	94
2004_3	45	Pulse	5	903512	2005	1
2004_3	45	Response	1	905912	4405	1
2004_3	46	Picture	10	919578	0	1	4145	2	0	4000	other	0
2004_3	46	Pulse	5	923511	3933	2
2004_3	47	Picture	10	937649	0	1	4145	2	0	4000	false_alarm	98
2004_3	47	Response	1	941581	3932	2
2004_3	47	Pulse	5	943501	5852	2
2004_3	48	Picture	11	955720	0	1	4145	2	0	4000	hit	101
2004_3	48	Response	1	961101	5381	2
2004_3	48	Pulse	5	963501	7781	2
2004_3	49	Picture	10	973790	0	2	4146	3	0	4000	other	0
2004_3	49	Pulse	5	983500	9710	2
2004_3	50	Picture	10	991862	0	1	4145	2	0	4000	other	0
2004_3	50	Pulse	5	1003490	11628	2
2004_3	51	Picture	10	1009933	0	1	4145	2	0	4000	other	0
2004_3	51	Pulse	5	1023490	13557	2
2004_3	52	Picture	10	1028004	0	1	4145	2	0	4000	other	0
2004_3	52	Pulse	5	1043490	15486	1
2004_3	53	Pulse	5	1063479	17404	2
2004_3	54	Picture	30	1071109	0	1	4145	2	0	4000	other	0
2004_3	54	Pulse	5	1083479	12370	2
2004_3	55	Picture	30	1089180	0	1	4145	2	0	4000	other	0
2004_3	55	Pulse	5	1103479	14299	1
2004_3	56	Picture	31	1107251	0	1	4145	2	0	4000	miss	0
2004_3	56	Pulse	5	1123468	16217	3
2004_3	57	Picture	30	1125322	0	1	4145	2	0	4000	false_alarm	119
2004_3	57	Response	1	1125708	386	3
2004_3	58	Picture	30	1143393	0	1	4145	2	0	4000	other	0
2004_3	58	Pulse	5	1143468	75	2
2004_3	59	Picture	30	1161464	0	1	4145	2	0	4000	other	0
2004_3	59	Pulse	5	1163468	2004	2
2004_3	60	Picture	31	1179535	0	1	4145	2	0	4000	hit	126
2004_3	60	Pulse	5	1183457	3922	2
2004_3	60	Response	1	1185217	5682	2
2004_3	61	Picture	31	1197606	0	1	4145	2	0	4000	miss	0
2004_3	61	Pulse	5	1203457	5851	2
2004_3	62	Picture	30	1215677	0	1	4145	2	0	4000	false_alarm	130
2004_3	62	Response	1	1216897	1220	2
2004_3	62	Pulse	5	1223457	7780	1
2004_3	63	Picture	30	1233748	0	1	4145	2	0	4000	other	0
2004_3	63	Pulse	5	1243446	9698	2
2004_3	64	Picture	30	1251819	0	1	4145	2	0	4000	other	0
2004_3	64	Pulse	5	1263446	11627	2
2004_3	65	Picture	31	1269890	0	1	4145	2	0	4000	hit	137
2004_3	65	Response	1	1278806	8916	2
2004_3	65	Pulse	5	1283446	13556	2
2004_3	66	Picture	30	1287961	0	1	4145	2	0	4000	other	0
2004_3	66	Pulse	5	1303435	15474	3
2004_3	67	Picture	30	1306032	0	1	4145	2	0	4000	other	0
2004_3	67	Pulse	5	1323435	17403	2
2004_3	68	Picture	30	1324103	0	2	4145	3	0	4000	other	0
2004_3	69	Picture	30	1342174	0	1	4145	2	0	4000	other	0
2004_3	69	Pulse	5	1343435	1261	2
2004_3	70	Pulse	5	1363424	3179	3
2004_3	70	Pulse	5	1383424	23179	2
2004_3	71	Picture	10	1385279	0	2	4145	3	0	4000	other	0
2004_3	72	Picture	10	1403350	0	2	4145	3	0	4000	other	0
2004_3	72	Pulse	5	1403424	74	2
2004_3	73	Picture	11	1421421	0	2	4145	3	0	4000	hit	153
2004_3	73	Pulse	5	1423414	1993	1
2004_3	73	Response	1	1427094	5673	1
2004_3	74	Picture	10	1439492	0	2	4145	3	0	4000	other	0
2004_3	74	Pulse	5	1443413	3921	2
2004_3	75	Picture	11	1457563	0	2	4145	3	0	4000	hit	157
2004_3	75	Response	1	1461333	3770	2
2004_3	75	Pulse	5	1463413	5850	2
2004_3	76	Picture	10	1475634	0	2	4145	3	0	4000	other	0
2004_3	76	Pulse	5	1483403	7769	1
2004_3	77	Picture	10	1493705	0	2	4145	3	0	4000	other	0
2004_3	77	Pulse	5	1503402	9697	2
2004_3	78	Picture	11	1511776	0	2	4145	3	0	4000	hit	164
2004_3	78	Response	1	1515882	4106	2
2004_3	78	Pulse	5	1523402	11626	2
2004_3	79	Picture	10	1529847	0	2	4145	3	0	4000	other	0
2004_3	79	Pulse	5	1543392	13545	1
2004_3	80	Picture	10	1547918	0	2	4145	3	0	4000	other	0
2004_3	80	Pulse	5	1563391	15473	2
2004_3	81	Picture	10	1565989	0	2	4145	3	0	4000	other	0
2004_3	81	Pulse	5	1583391	17402	2
2004_3	82	Picture	10	1584060	0	2	4145	3	0	4000	other	0
2004_3	83	Picture	10	1602131	0	2	4145	3	0	4000	other	0
2004_3	83	Pulse	5	1603380	1249	3
2004_3	84	Picture	11	1620202	0	2	4145	3	0	4000	hit	177
2004_3	84	Pulse	5	1623379	3177	4
2004_3	84	Response	1	1623700	3498	3
2004_3	85	Picture	10	1638273	0	2	4145	3	0	4000	other	0
2004_3	85	Pulse	5	1643379	5106	4
2004_3	86	Picture	10	1656344	0	2	4145	3	0	4000	other	0
2004_3	86	Pulse	5	1663370	7026	2
2004_3	87	Pulse	5	1683369	8954	2
2004_3	88	Picture	20	1699450	0	1	4144	3	0	4000	other	0
2004_3	88	Pulse	5	1703529	4079	2
2004_3	89	Picture	20	1717521	0	1	4144	2	0	4000	other	0
2004_3	89	Pulse	5	1723518	5997	3
2004_3	90	Picture	20	1735592	0	1	4144	2	0	4000	other	0
2004_3	90	Pulse	5	1743517	7925	3
2004_3	91	Picture	21	1753663	0	1	4144	2	0	4000	hit	190
2004_3	91	Response	1	1760638	6975	2
2004_3	91	Pulse	5	1763517	9854	3
2004_3	92	Picture	20	1771733	0	2	4145	3	0	4000	other	0
2004_3	92	Pulse	5	1783508	11775	2
2004_3	93	Picture	20	1789805	0	1	4144	3	0	4000	other	0
2004_3	93	Pulse	5	1803508	13703	1
2004_3	94	Picture	21	1807876	0	1	4144	2	0	4000	hit	197
2004_3	94	Response	1	1811347	3471	2
2004_3	94	Pulse	5	1823507	15631	2
2004_3	95	Picture	20	1825947	0	1	4144	3	0	4000	other	0
2004_3	95	Pulse	5	1843497	17550	2
2004_3	96	Picture	20	1844017	0	2	4145	3	0	4000	other	0
2004_3	97	Picture	20	1862089	0	1	4144	2	0	4000	other	0
2004_3	97	Pulse	5	1863497	1408	1
2004_3	98	Picture	21	1880160	0	1	4144	2	0	4000	hit	205
2004_3	98	Response	1	1883496	3336	2
2004_3	98	Pulse	5	1883496	3336	2
2004_3	99	Picture	20	1898231	0	1	4144	2	0	4000	other	0
2004_3	99	Pulse	5	1903486	5255	2
2004_3	100	Picture	20	1916302	0	1	4144	3	0	4000	other	0
2004_3	100	Pulse	5	1923486	7184	2
2004_3	101	Picture	21	1934373	0	1	4144	3	0	4000	hit	212
2004_3	101	Response	1	1938044	3671	4
2004_3	101	Pulse	5	1943485	9112	2
2004_3	102	Picture	20	1952444	0	1	4144	2	0	4000	other	0
2004_3	102	Pulse	5	1963475	11031	2
2004_3	103	Picture	20	1970515	0	1	4144	2	0	4000	other	0
2004_3	103	Pulse	5	1983475	12960	2
2004_3	104	Pulse	5	2003474	14888	2
2004_3	105	Picture	10	2013620	0	1	4144	3	0	4000	other	0
2004_3	105	Pulse	5	2023464	9844	2
2004_3	106	Picture	10	2031691	0	1	4145	2	0	4000	other	0
2004_3	106	Pulse	5	2043464	11773	2
2004_3	107	Picture	11	2049762	0	1	4144	3	0	4000	hit	224
2004_3	107	Response	1	2056104	6342	2
2004_3	107	Pulse	5	2063463	13701	2
2004_3	108	Picture	10	2067833	0	1	4144	3	0	4000	other	0
2004_3	108	Pulse	5	2083453	15620	3
2004_3	109	Picture	11	2085904	0	1	4144	3	0	4000	hit	229
2004_3	109	Response	1	2090653	4749	2
2004_3	109	Pulse	5	2103453	17549	2
2004_3	110	Picture	10	2103975	0	1	4144	3	0	4000	other	0
2004_3	111	Picture	10	2122046	0	1	4144	3	0	4000	other	0
2004_3	111	Pulse	5	2123453	1407	2
2004_3	112	Picture	11	2140117	0	1	4145	2	0	4000	hit	235
2004_3	112	Response	1	2143442	3325	2
2004_3	112	Pulse	5	2143442	3325	2
2004_3	113	Picture	10	2158188	0	1	4144	3	0	4000	other	0
2004_3	113	Pulse	5	2163442	5254	2
2004_3	114	Picture	10	2176259	0	1	4144	3	0	4000	other	0
2004_3	114	Pulse	5	2183442	7183	1
2004_3	115	Picture	10	2194330	0	1	4144	3	0	4000	other	0
2004_3	115	Pulse	5	2203431	9101	2
2004_3	116	Picture	10	2212401	0	1	4145	2	0	4000	other	0
2004_3	116	Pulse	5	2223431	11030	2
2004_3	117	Picture	10	2230472	0	1	4145	2	0	4000	other	0
2004_3	117	Pulse	5	2243431	12959	1
2004_3	118	Picture	11	2248543	0	1	4145	2	0	4000	hit	248
2004_3	118	Response	1	2252861	4318	1
2004_3	118	Pulse	5	2263420	14877	2
2004_3	119	Picture	10	2266614	0	1	4145	2	0	4000	other	0
2004_3	119	Pulse	5	2283420	16806	2
2004_3	120	Picture	10	2284685	0	1	4144	3	0	4000	other	0
2004_3	121	Pulse	5	2303420	664	2
2004_3	121	Pulse	5	2323409	20653	3
2004_3	122	Picture	30	2327790	0	1	4145	2	0	4000	other	0
2004_3	122	Pulse	5	2343409	15619	2
2004_3	123	Picture	30	2345861	0	1	4145	2	0	4000	other	0
2004_3	123	Pulse	5	2363409	17548	2
2004_3	124	Picture	30	2363932	0	1	4145	2	0	4000	other	0
2004_3	125	Picture	31	2382003	0	1	4145	2	0	4000	hit	262
2004_3	125	Pulse	5	2383398	1395	3
2004_3	125	Response	1	2386598	4595	3
2004_3	126	Picture	31	2400074	0	1	4145	2	0	4000	miss	0
2004_3	126	Pulse	5	2403398	3324	2
2004_3	127	Picture	30	2418145	0	1	4145	2	0	4000	other	0
2004_3	127	Pulse	5	2423398	5253	2
2004_3	128	Picture	30	2436216	0	1	4145	2	0	4000	other	0
2004_3	128	Pulse	5	2443388	7172	1
2004_3	129	Picture	30	2454287	0	1	4145	2	0	4000	other	0
2004_3	129	Pulse	5	2463387	9100	2
2004_3	130	Picture	31	2472358	0	1	4145	2	0	4000	hit	272
2004_3	130	Response	1	2477787	5429	2
2004_3	130	Pulse	5	2483387	11029	2
2004_3	131	Picture	30	2490429	0	1	4145	2	0	4000	other	0
2004_3	131	Pulse	5	2503377	12948	1
2004_3	132	Picture	30	2508500	0	1	4145	2	0	4000	other	0
2004_3	132	Pulse	5	2523376	14876	2
2004_3	133	Picture	30	2526571	0	1	4145	2	0	4000	other	0
2004_3	133	Pulse	5	2543376	16805	2
2004_3	134	Picture	30	2544642	0	1	4145	2	0	4000	other	0
2004_3	135	Picture	31	2562713	0	1	4145	2	0	4000	hit	283
2004_3	135	Pulse	5	2563366	653	2
2004_3	135	Response	1	2569766	7053	2
2004_3	136	Picture	30	2580784	0	1	4145	2	0	4000	other	0
2004_3	136	Pulse	5	2583365	2581	3
2004_3	137	Picture	30	2598855	0	1	4145	2	0	4000	other	0
2004_3	137	Pulse	5	2603365	4510	2
