Scenario - 1-back
Logfile written - 04/12/2014 12:31:09

Subject	Trial	Event Type	Code	Time	TTime	Uncertainty	Duration	Uncertainty	ReqTime	ReqDur	Stim Type	Pair Index

2004_1	1	Pulse	5	98927	108761	3
2004_1	2	Pulse	5	118917	19830	2
2004_1	3	Picture	10	124122	0	2	4145	3	0	4000	other	0
2004_1	3	Pulse	5	138917	14795	2
2004_1	4	Picture	10	142193	0	2	4145	3	0	4000	other	0
2004_1	4	Pulse	5	158917	16724	1
2004_1	5	Picture	11	160264	0	1	4145	2	0	4000	hit	8
2004_1	5	Response	1	165316	5052	3
2004_1	6	Picture	10	178335	0	1	4145	2	0	4000	other	0
2004_1	6	Pulse	5	178907	572	1
2004_1	7	Picture	11	196406	0	2	4145	3	0	4000	hit	13
2004_1	7	Pulse	5	198906	2500	2
2004_1	7	Response	1	200986	4580	2
2004_1	8	Picture	10	214477	0	1	4145	2	0	4000	other	0
2004_1	8	Pulse	5	218906	4429	1
2004_1	9	Picture	10	232548	0	1	4145	2	0	4000	other	0
2004_1	9	Pulse	5	238895	6347	2
2004_1	10	Picture	10	250619	0	1	4145	2	0	4000	other	0
2004_1	10	Pulse	5	258895	8276	2
2004_1	11	Picture	11	268690	0	1	4145	2	0	4000	hit	21
2004_1	11	Response	1	272495	3805	2
2004_1	11	Pulse	5	278895	10205	2
2004_1	12	Picture	10	286761	0	1	4145	2	0	4000	other	0
2004_1	12	Pulse	5	298884	12123	2
2004_1	13	Picture	10	304832	0	1	4145	2	0	4000	other	0
2004_1	13	Pulse	5	318884	14052	2
2004_1	14	Picture	11	322903	0	1	4145	2	0	4000	hit	28
2004_1	14	Response	1	326884	3981	2
2004_1	14	Pulse	5	338884	15981	2
2004_1	15	Picture	10	340974	0	1	4145	2	0	4000	other	0
2004_1	15	Pulse	5	358873	17899	2
2004_1	16	Picture	10	359045	0	1	4145	2	0	4000	other	0
2004_1	17	Picture	10	377116	0	1	4145	2	0	4000	other	0
2004_1	17	Pulse	5	378873	1757	2
2004_1	18	Picture	10	395187	0	1	4145	2	0	4000	other	0
2004_1	18	Pulse	5	398873	3686	2
2004_1	19	Pulse	5	418861	5603	4
2004_1	20	Picture	20	438292	0	1	4145	2	0	4000	other	0
2004_1	20	Pulse	5	438861	569	3
2004_1	21	Picture	20	456363	0	1	4145	2	0	4000	other	0
2004_1	21	Pulse	5	458861	2498	3
2004_1	22	Picture	21	474434	0	1	4145	2	0	4000	hit	44
2004_1	22	Pulse	5	478852	4418	1
2004_1	22	Response	1	485731	11297	2
2004_1	23	Picture	20	492505	0	1	4145	2	0	4000	other	0
2004_1	23	Pulse	5	498851	6346	2
2004_1	24	Picture	20	510576	0	1	4145	2	0	4000	other	0
2004_1	24	Pulse	5	519011	8435	2
2004_1	25	Picture	20	528647	0	1	4145	2	0	4000	other	0
2004_1	25	Pulse	5	538999	10352	4
2004_1	26	Picture	21	546718	0	1	4145	2	0	4000	hit	52
2004_1	26	Response	1	558360	11642	3
2004_1	26	Pulse	5	558999	12281	4
2004_1	27	Picture	20	564789	0	1	4145	2	0	4000	other	0
2004_1	27	Pulse	5	578999	14210	3
2004_1	28	Picture	20	582860	0	1	4145	2	0	4000	other	0
2004_1	28	Pulse	5	598990	16130	2
2004_1	29	Picture	20	600931	0	1	4145	2	0	4000	other	0
2004_1	29	Pulse	5	618989	18058	2
2004_1	30	Picture	20	619002	0	1	4145	2	0	4000	other	0
2004_1	31	Picture	20	637073	0	1	4145	2	0	4000	false_alarm	63
2004_1	31	Pulse	5	638989	1916	2
2004_1	31	Response	1	642029	4956	2
2004_1	32	Picture	21	655144	0	1	4145	2	0	4000	miss	0
2004_1	32	Pulse	5	658979	3835	2
2004_1	33	Picture	20	673215	0	1	4145	2	0	4000	other	0
2004_1	33	Pulse	5	678978	5763	2
2004_1	34	Picture	20	691286	0	1	4145	2	0	4000	other	0
2004_1	34	Pulse	5	698978	7692	2
2004_1	35	Picture	21	709357	0	1	4145	2	0	4000	hit	71
2004_1	35	Response	1	713368	4011	2
2004_1	35	Pulse	5	718968	9611	2
2004_1	36	Pulse	5	738967	11539	2
2004_1	37	Picture	10	752462	0	1	4145	2	0	4000	other	0
2004_1	37	Pulse	5	758967	6505	2
2004_1	38	Picture	10	770533	0	1	4145	2	0	4000	other	0
2004_1	38	Pulse	5	778957	8424	2
2004_1	39	Picture	11	788604	0	1	4145	2	0	4000	hit	79
2004_1	39	Response	1	792397	3793	2
2004_1	39	Pulse	5	798957	10353	1
2004_1	40	Picture	10	806675	0	1	4145	2	0	4000	other	0
2004_1	40	Pulse	5	818956	12281	2
2004_1	41	Picture	11	824746	0	1	4145	2	0	4000	hit	84
2004_1	41	Response	1	828396	3650	2
2004_1	41	Pulse	5	838946	14200	2
2004_1	42	Picture	10	842817	0	1	4145	2	0	4000	other	0
2004_1	42	Pulse	5	858946	16129	1
2004_1	43	Picture	10	860888	0	1	4145	2	0	4000	other	0
2004_1	43	Pulse	5	878945	18057	2
2004_1	44	Picture	10	878959	0	1	4145	2	0	4000	other	0
2004_1	45	Picture	11	897030	0	1	4145	2	0	4000	hit	93
2004_1	45	Pulse	5	898935	1905	2
2004_1	45	Response	1	901175	4145	2
2004_1	46	Picture	10	915101	0	1	4145	2	0	4000	other	0
2004_1	46	Pulse	5	918935	3834	2
2004_1	47	Picture	10	933172	0	1	4145	2	0	4000	other	0
2004_1	47	Pulse	5	938934	5762	2
2004_1	48	Picture	11	951243	0	1	4145	2	0	4000	hit	99
2004_1	48	Response	1	955244	4001	2
2004_1	48	Pulse	5	958924	7681	2
2004_1	49	Picture	10	969314	0	2	4145	3	0	4000	other	0
2004_1	49	Pulse	5	978924	9610	2
2004_1	50	Picture	10	987385	0	1	4145	2	0	4000	other	0
2004_1	50	Pulse	5	998923	11538	2
2004_1	51	Picture	10	1005456	0	1	4145	2	0	4000	other	0
2004_1	51	Pulse	5	1018913	13457	3
2004_1	52	Picture	10	1023527	0	1	4144	3	0	4000	other	0
2004_1	52	Pulse	5	1038913	15386	2
2004_1	53	Pulse	5	1058912	17314	3
2004_1	54	Picture	30	1066632	0	1	4145	2	0	4000	other	0
2004_1	54	Pulse	5	1078902	12270	2
2004_1	55	Picture	30	1084703	0	1	4145	2	0	4000	other	0
2004_1	55	Pulse	5	1098902	14199	2
2004_1	56	Picture	31	1102774	0	1	4145	2	0	4000	miss	0
2004_1	56	Pulse	5	1118902	16128	1
2004_1	57	Picture	30	1120845	0	1	4145	2	0	4000	other	0
2004_1	57	Pulse	5	1138891	18046	3
2004_1	58	Picture	30	1138916	0	1	4145	2	0	4000	other	0
2004_1	59	Picture	30	1156987	0	1	4144	3	0	4000	other	0
2004_1	59	Pulse	5	1158891	1904	2
2004_1	60	Picture	31	1175058	0	1	4145	2	0	4000	hit	123
2004_1	60	Pulse	5	1178891	3833	1
2004_1	60	Response	1	1184330	9272	3
2004_1	61	Picture	31	1193129	0	1	4145	2	0	4000	miss	0
2004_1	61	Pulse	5	1198881	5752	1
2004_1	62	Picture	30	1211200	0	1	4145	2	0	4000	other	0
2004_1	62	Pulse	5	1218880	7680	2
2004_1	63	Picture	30	1229271	0	1	4145	2	0	4000	other	0
2004_1	63	Pulse	5	1238880	9609	1
2004_1	64	Picture	30	1247342	0	1	4144	3	0	4000	other	0
2004_1	64	Pulse	5	1258869	11527	2
2004_1	65	Picture	31	1265413	0	1	4144	3	0	4000	hit	133
2004_1	65	Response	1	1271029	5616	2
2004_1	65	Pulse	5	1278869	13456	2
2004_1	66	Picture	30	1283484	0	1	4144	3	0	4000	other	0
2004_1	66	Pulse	5	1298869	15385	2
2004_1	67	Picture	30	1301555	0	1	4144	3	0	4000	other	0
2004_1	67	Pulse	5	1318858	17303	2
2004_1	68	Picture	30	1319626	0	1	4144	3	0	4000	other	0
2004_1	69	Picture	30	1337697	0	1	4144	3	0	4000	other	0
2004_1	69	Pulse	5	1338858	1161	2
2004_1	70	Pulse	5	1358858	3090	2
2004_1	70	Pulse	5	1378847	23079	2
2004_1	71	Picture	10	1380802	0	1	4145	2	0	4000	other	0
2004_1	71	Pulse	5	1398847	18045	2
2004_1	72	Picture	10	1398873	0	1	4145	2	0	4000	false_alarm	147
2004_1	72	Response	1	1404927	6054	2
2004_1	73	Picture	11	1416944	0	1	4145	2	0	4000	hit	150
2004_1	73	Pulse	5	1418847	1903	2
2004_1	73	Response	1	1422847	5903	2
2004_1	74	Picture	10	1435015	0	1	4144	3	0	4000	other	0
2004_1	74	Pulse	5	1438835	3820	4
2004_1	75	Picture	11	1453086	0	1	4145	2	0	4000	hit	154
2004_1	75	Response	1	1457716	4630	2
2004_1	75	Pulse	5	1458836	5750	2
2004_1	76	Picture	10	1471156	0	2	4146	3	0	4000	other	0
2004_1	76	Pulse	5	1478835	7679	3
2004_1	77	Picture	10	1489228	0	1	4145	2	0	4000	other	0
2004_1	77	Pulse	5	1498825	9597	3
2004_1	78	Picture	11	1507299	0	1	4144	3	0	4000	hit	161
2004_1	78	Response	1	1511305	4006	3
2004_1	78	Pulse	5	1518825	11526	3
2004_1	79	Picture	10	1525370	0	1	4145	2	0	4000	other	0
2004_1	79	Pulse	5	1538824	13454	4
2004_1	80	Picture	10	1543441	0	1	4145	2	0	4000	other	0
2004_1	80	Pulse	5	1558975	15534	2
2004_1	81	Picture	10	1561512	0	1	4144	3	0	4000	other	0
2004_1	81	Pulse	5	1578973	17461	3
2004_1	82	Picture	10	1579583	0	1	4144	3	0	4000	other	0
2004_1	83	Picture	10	1597654	0	1	4144	3	0	4000	other	0
2004_1	83	Pulse	5	1598974	1320	2
2004_1	84	Picture	11	1615725	0	1	4144	3	0	4000	hit	174
2004_1	84	Pulse	5	1618964	3239	2
2004_1	84	Response	1	1620404	4679	2
2004_1	85	Picture	10	1633796	0	1	4144	3	0	4000	other	0
2004_1	85	Pulse	5	1638963	5167	2
2004_1	86	Picture	10	1651867	0	1	4144	3	0	4000	other	0
2004_1	86	Pulse	5	1658963	7096	2
2004_1	87	Pulse	5	1678953	9015	2
2004_1	88	Picture	20	1694972	0	1	4145	2	0	4000	other	0
2004_1	88	Pulse	5	1698952	3980	2
2004_1	89	Picture	20	1713043	0	1	4145	2	0	4000	other	0
2004_1	89	Pulse	5	1718952	5909	2
2004_1	90	Picture	20	1731114	0	1	4145	2	0	4000	other	0
2004_1	90	Pulse	5	1738942	7828	2
2004_1	91	Picture	21	1749185	0	1	4144	3	0	4000	hit	187
2004_1	91	Response	1	1755422	6237	1
2004_1	91	Pulse	5	1758941	9756	2
2004_1	92	Picture	20	1767256	0	1	4145	2	0	4000	other	0
2004_1	92	Pulse	5	1778941	11685	2
2004_1	93	Picture	20	1785327	0	1	4145	2	0	4000	other	0
2004_1	93	Pulse	5	1798932	13605	1
2004_1	94	Picture	21	1803398	0	1	4144	3	0	4000	miss	0
2004_1	94	Pulse	5	1818931	15533	1
2004_1	95	Picture	20	1821469	0	1	4144	3	0	4000	other	0
2004_1	95	Pulse	5	1838930	17461	2
2004_1	96	Picture	20	1839540	0	1	4144	3	0	4000	false_alarm	198
2004_1	96	Response	1	1845810	6270	2
2004_1	97	Picture	20	1857611	0	1	4144	3	0	4000	other	0
2004_1	97	Pulse	5	1858920	1309	2
2004_1	98	Picture	21	1875682	0	1	4144	3	0	4000	miss	0
2004_1	98	Pulse	5	1878920	3238	1
2004_1	99	Picture	20	1893753	0	1	4144	3	0	4000	other	0
2004_1	99	Pulse	5	1898919	5166	2
2004_1	100	Picture	20	1911824	0	1	4144	3	0	4000	other	0
2004_1	100	Pulse	5	1918909	7085	2
2004_1	101	Picture	21	1929895	0	1	4144	3	0	4000	hit	208
2004_1	101	Response	1	1938109	8214	2
2004_1	101	Pulse	5	1938909	9014	1
2004_1	102	Picture	20	1947966	0	1	4144	3	0	4000	other	0
2004_1	102	Pulse	5	1958908	10942	2
2004_1	103	Picture	20	1966037	0	1	4144	3	0	4000	other	0
2004_1	103	Pulse	5	1978898	12861	3
2004_1	104	Pulse	5	1998898	14790	2
2004_1	105	Picture	10	2009142	0	1	4144	3	0	4000	other	0
2004_1	105	Pulse	5	2018897	9755	3
2004_1	106	Picture	10	2027213	0	1	4144	3	0	4000	other	0
2004_1	106	Pulse	5	2038887	11674	2
2004_1	107	Picture	11	2045284	0	1	4144	3	0	4000	hit	220
2004_1	107	Response	1	2049767	4483	2
2004_1	107	Pulse	5	2058887	13603	2
2004_1	108	Picture	10	2063355	0	1	4144	3	0	4000	other	0
2004_1	108	Pulse	5	2078886	15531	3
2004_1	109	Picture	11	2081426	0	1	4145	2	0	4000	hit	225
2004_1	109	Response	1	2085766	4340	3
2004_1	109	Pulse	5	2098876	17450	2
2004_1	110	Picture	10	2099497	0	1	4144	3	0	4000	other	0
2004_1	111	Picture	10	2117568	0	1	4144	3	0	4000	other	0
2004_1	111	Pulse	5	2118876	1308	2
2004_1	112	Picture	11	2135639	0	1	4145	2	0	4000	hit	232
2004_1	112	Pulse	5	2138875	3236	3
2004_1	112	Response	1	2140475	4836	3
2004_1	113	Picture	10	2153710	0	1	4144	3	0	4000	other	0
2004_1	113	Pulse	5	2158865	5155	3
2004_1	114	Picture	10	2171781	0	1	4144	3	0	4000	other	0
2004_1	114	Pulse	5	2178865	7084	2
2004_1	115	Picture	10	2189852	0	1	4144	3	0	4000	other	0
2004_1	115	Pulse	5	2198865	9013	1
2004_1	116	Picture	10	2207923	0	1	4144	3	0	4000	other	0
2004_1	116	Pulse	5	2218855	10932	1
2004_1	117	Picture	10	2225994	0	1	4144	3	0	4000	other	0
2004_1	117	Pulse	5	2238854	12860	2
2004_1	118	Picture	11	2244065	0	1	4144	3	0	4000	hit	244
2004_1	118	Response	1	2248294	4229	2
2004_1	118	Pulse	5	2258854	14789	1
2004_1	119	Picture	10	2262136	0	1	4144	3	0	4000	other	0
2004_1	119	Pulse	5	2278844	16708	1
2004_1	120	Picture	10	2280207	0	1	4144	3	0	4000	other	0
2004_1	121	Pulse	5	2298843	565	2
2004_1	121	Pulse	5	2318843	20565	2
2004_1	122	Picture	30	2323312	0	1	4144	3	0	4000	other	0
2004_1	122	Pulse	5	2338832	15520	2
2004_1	123	Picture	30	2341383	0	1	4144	3	0	4000	other	0
2004_1	123	Pulse	5	2358832	17449	2
2004_1	124	Picture	30	2359454	0	1	4145	2	0	4000	other	0
2004_1	125	Picture	31	2377525	0	1	4145	2	0	4000	hit	258
2004_1	125	Pulse	5	2378832	1307	2
2004_1	125	Response	1	2386832	9307	2
2004_1	126	Picture	31	2395596	0	1	4144	3	0	4000	miss	0
2004_1	126	Pulse	5	2398822	3226	1
2004_1	127	Picture	30	2413667	0	1	4144	3	0	4000	other	0
2004_1	127	Pulse	5	2418821	5154	2
2004_1	128	Picture	30	2431738	0	1	4145	2	0	4000	other	0
2004_1	128	Pulse	5	2438821	7083	2
2004_1	129	Picture	30	2449809	0	1	4145	2	0	4000	other	0
2004_1	129	Pulse	5	2458810	9001	3
2004_1	130	Picture	31	2467880	0	1	4144	3	0	4000	hit	268
2004_1	130	Response	1	2473689	5809	4
2004_1	130	Pulse	5	2478810	10930	3
2004_1	131	Picture	30	2485951	0	1	4144	3	0	4000	other	0
2004_1	131	Pulse	5	2498811	12860	1
2004_1	132	Picture	30	2504022	0	1	4144	3	0	4000	other	0
2004_1	132	Pulse	5	2518799	14777	3
2004_1	133	Picture	30	2522093	0	1	4144	3	0	4000	other	0
2004_1	133	Pulse	5	2538798	16705	3
2004_1	134	Picture	30	2540164	0	1	4144	3	0	4000	other	0
2004_1	135	Picture	31	2558235	0	1	4144	3	0	4000	hit	279
2004_1	135	Pulse	5	2558798	563	3
2004_1	135	Response	1	2564079	5844	2
2004_1	136	Picture	30	2576306	0	1	4144	3	0	4000	other	0
2004_1	136	Pulse	5	2578789	2483	1
2004_1	137	Picture	30	2594377	0	1	4144	3	0	4000	false_alarm	284
2004_1	137	Pulse	5	2598948	4571	2
2004_1	137	Response	1	2604708	10331	2
