Scenario - 1-back
Logfile written - 04/12/2014 12:45:26

Subject	Trial	Event Type	Code	Time	TTime	Uncertainty	Duration	Uncertainty	ReqTime	ReqDur	Stim Type	Pair Index

2004_4	1	Pulse	5	85187	95022	2
2004_4	2	Pulse	5	105187	19860	2
2004_4	3	Picture	10	110361	0	1	4145	2	0	4000	other	0
2004_4	3	Pulse	5	125186	14825	3
2004_4	4	Picture	10	128432	0	1	4145	2	0	4000	other	0
2004_4	4	Pulse	5	145187	16755	1
2004_4	5	Picture	11	146503	0	1	4145	2	0	4000	hit	8
2004_4	5	Response	1	151896	5393	2
2004_4	6	Picture	10	164574	0	1	4145	2	0	4000	other	0
2004_4	6	Pulse	5	165176	602	2
2004_4	7	Picture	11	182645	0	1	4145	2	0	4000	hit	13
2004_4	7	Pulse	5	185175	2530	2
2004_4	7	Response	1	187095	4450	2
2004_4	8	Picture	10	200716	0	2	4145	3	0	4000	other	0
2004_4	8	Pulse	5	205176	4460	1
2004_4	9	Picture	10	218787	0	2	4145	3	0	4000	other	0
2004_4	9	Pulse	5	225165	6378	2
2004_4	10	Picture	10	236858	0	2	4145	3	0	4000	other	0
2004_4	10	Pulse	5	245164	8306	3
2004_4	11	Picture	11	254929	0	2	4145	3	0	4000	hit	21
2004_4	11	Response	1	258764	3835	3
2004_4	11	Pulse	5	265164	10235	3
2004_4	12	Picture	10	273000	0	2	4145	3	0	4000	other	0
2004_4	12	Pulse	5	285155	12155	1
2004_4	13	Picture	10	291071	0	2	4145	3	0	4000	false_alarm	26
2004_4	13	Response	1	296194	5123	2
2004_4	13	Pulse	5	305154	14083	1
2004_4	14	Picture	11	309142	0	2	4145	3	0	4000	hit	29
2004_4	14	Response	1	314753	5611	3
2004_4	14	Pulse	5	325153	16011	2
2004_4	15	Picture	10	327213	0	2	4145	3	0	4000	other	0
2004_4	15	Pulse	5	345143	17930	2
2004_4	16	Picture	10	345284	0	2	4145	3	0	4000	other	0
2004_4	17	Picture	10	363355	0	2	4145	3	0	4000	other	0
2004_4	17	Pulse	5	365143	1788	1
2004_4	18	Picture	10	381426	0	2	4145	3	0	4000	other	0
2004_4	18	Pulse	5	385142	3716	2
2004_4	19	Pulse	5	405132	5635	2
2004_4	20	Picture	30	424532	0	1	4144	2	0	4000	other	0
2004_4	20	Pulse	5	425132	600	2
2004_4	21	Picture	30	442603	0	1	4144	2	0	4000	other	0
2004_4	21	Pulse	5	445131	2528	2
2004_4	22	Picture	31	460674	0	1	4144	2	0	4000	hit	44
2004_4	22	Response	1	464321	3647	2
2004_4	22	Pulse	5	465121	4447	2
2004_4	23	Picture	30	478744	0	2	4145	3	0	4000	other	0
2004_4	23	Pulse	5	485121	6377	2
2004_4	24	Picture	30	496815	0	2	4145	4	0	4000	other	0
2004_4	24	Pulse	5	505120	8305	2
2004_4	25	Picture	30	514887	0	1	4144	3	0	4000	other	0
2004_4	25	Pulse	5	525110	10223	2
2004_4	26	Picture	31	532958	0	1	4144	2	0	4000	hit	53
2004_4	26	Response	1	540630	7672	2
2004_4	26	Pulse	5	545110	12152	2
2004_4	27	Picture	31	551029	0	1	4144	3	0	4000	hit	57
2004_4	27	Pulse	5	565110	14081	1
2004_4	27	Response	1	566229	15200	2
2004_4	28	Picture	30	569099	0	2	4145	3	0	4000	other	0
2004_4	28	Pulse	5	585099	16000	2
2004_4	29	Picture	30	587171	0	1	4144	2	0	4000	other	0
2004_4	29	Pulse	5	605099	17928	2
2004_4	30	Picture	30	605242	0	1	4144	2	0	4000	other	0
2004_4	31	Picture	31	623313	0	1	4144	2	0	4000	hit	65
2004_4	31	Pulse	5	625099	1786	1
2004_4	31	Response	1	632128	8815	2
2004_4	32	Picture	30	641384	0	1	4144	2	0	4000	other	0
2004_4	32	Pulse	5	645087	3703	4
2004_4	33	Picture	30	659455	0	1	4144	3	0	4000	other	0
2004_4	33	Pulse	5	665087	5632	3
2004_4	34	Picture	30	677526	0	1	4144	2	0	4000	other	0
2004_4	34	Pulse	5	685086	7560	4
2004_4	35	Picture	30	695597	0	1	4144	3	0	4000	other	0
2004_4	35	Pulse	5	705077	9480	3
2004_4	36	Pulse	5	725077	11409	3
2004_4	37	Picture	10	738702	0	1	4144	3	0	4000	other	0
2004_4	37	Pulse	5	745237	6535	2
2004_4	38	Picture	10	756773	0	1	4144	3	0	4000	other	0
2004_4	38	Pulse	5	765225	8452	3
2004_4	39	Picture	11	774844	0	1	4144	3	0	4000	hit	80
2004_4	39	Response	1	779307	4463	1
2004_4	39	Pulse	5	785225	10381	3
2004_4	40	Picture	10	792915	0	1	4144	3	0	4000	other	0
2004_4	40	Pulse	5	805225	12310	3
2004_4	41	Picture	11	810986	0	1	4145	2	0	4000	hit	85
2004_4	41	Response	1	816096	5110	1
2004_4	41	Pulse	5	825215	14229	2
2004_4	42	Picture	10	829057	0	1	4144	3	0	4000	other	0
2004_4	42	Pulse	5	845215	16158	2
2004_4	43	Picture	10	847128	0	1	4144	3	0	4000	other	0
2004_4	44	Picture	10	865199	0	1	4145	2	0	4000	other	0
2004_4	44	Pulse	5	865215	16	2
2004_4	45	Picture	11	883270	0	1	4144	3	0	4000	hit	94
2004_4	45	Pulse	5	885204	1934	2
2004_4	45	Response	1	887764	4494	2
2004_4	46	Picture	10	901341	0	1	4144	3	0	4000	other	0
2004_4	46	Pulse	5	905204	3863	2
2004_4	47	Picture	10	919412	0	1	4144	3	0	4000	other	0
2004_4	47	Pulse	5	925204	5792	2
2004_4	48	Picture	11	937483	0	1	4144	3	0	4000	hit	100
2004_4	48	Response	1	941994	4511	1
2004_4	48	Pulse	5	945194	7711	1
2004_4	49	Picture	10	955553	0	2	4145	4	0	4000	other	0
2004_4	49	Pulse	5	965193	9640	2
2004_4	50	Picture	10	973625	0	1	4144	3	0	4000	other	0
2004_4	50	Pulse	5	985194	11569	1
2004_4	51	Picture	10	991696	0	1	4144	3	0	4000	other	0
2004_4	51	Pulse	5	1005183	13487	1
2004_4	52	Picture	10	1009767	0	1	4144	3	0	4000	other	0
2004_4	52	Pulse	5	1025182	15415	2
2004_4	53	Pulse	5	1045182	17344	2
2004_4	54	Picture	20	1052872	0	1	4145	2	0	4000	other	0
2004_4	54	Pulse	5	1065172	12300	2
2004_4	55	Picture	20	1070943	0	1	4145	2	0	4000	other	0
2004_4	55	Pulse	5	1085171	14228	2
2004_4	56	Picture	21	1089014	0	1	4145	2	0	4000	hit	116
2004_4	56	Response	1	1093011	3997	2
2004_4	56	Pulse	5	1105161	16147	2
2004_4	57	Picture	20	1107085	0	1	4145	2	0	4000	other	0
2004_4	58	Picture	20	1125156	0	1	4145	2	0	4000	other	0
2004_4	58	Pulse	5	1125161	5	2
2004_4	59	Picture	20	1143227	0	1	4145	2	0	4000	other	0
2004_4	59	Pulse	5	1145160	1933	3
2004_4	60	Picture	21	1161298	0	1	4145	2	0	4000	hit	125
2004_4	60	Pulse	5	1165160	3862	2
2004_4	60	Response	1	1165480	4182	2
2004_4	61	Picture	20	1179369	0	1	4145	2	0	4000	other	0
2004_4	61	Pulse	5	1185150	5781	3
2004_4	62	Picture	20	1197440	0	1	4145	2	0	4000	other	0
2004_4	62	Pulse	5	1205149	7709	3
2004_4	63	Picture	20	1215511	0	1	4145	2	0	4000	other	0
2004_4	63	Pulse	5	1225149	9638	3
2004_4	64	Picture	20	1233582	0	1	4145	2	0	4000	other	0
2004_4	64	Pulse	5	1245139	11557	2
2004_4	65	Picture	20	1251653	0	1	4145	2	0	4000	false_alarm	135
2004_4	65	Response	1	1257939	6286	1
2004_4	65	Pulse	5	1265139	13486	1
2004_4	66	Picture	21	1269724	0	1	4144	3	0	4000	miss	0
2004_4	66	Pulse	5	1285138	15414	2
2004_4	67	Picture	20	1287795	0	1	4145	2	0	4000	other	0
2004_4	67	Pulse	5	1305128	17333	2
2004_4	68	Picture	20	1305866	0	1	4145	2	0	4000	other	0
2004_4	69	Picture	21	1323937	0	1	4145	2	0	4000	hit	144
2004_4	69	Pulse	5	1325128	1191	1
2004_4	69	Response	1	1331847	7910	2
2004_4	70	Pulse	5	1345127	3119	2
2004_4	70	Pulse	5	1365117	23109	2
2004_4	71	Picture	10	1367042	0	1	4145	3	0	4000	other	0
2004_4	72	Picture	10	1385113	0	1	4145	2	0	4000	other	0
2004_4	72	Pulse	5	1385117	4	2
2004_4	73	Picture	11	1403184	0	1	4145	2	0	4000	hit	152
2004_4	73	Pulse	5	1405116	1932	2
2004_4	73	Response	1	1408466	5282	2
2004_4	74	Picture	10	1421255	0	1	4145	2	0	4000	other	0
2004_4	74	Pulse	5	1425106	3851	2
2004_4	75	Picture	11	1439326	0	1	4145	2	0	4000	hit	156
2004_4	75	Response	1	1442546	3220	2
2004_4	75	Pulse	5	1445106	5780	2
2004_4	76	Picture	10	1457397	0	1	4145	2	0	4000	other	0
2004_4	76	Pulse	5	1465105	7708	2
2004_4	77	Picture	10	1475468	0	1	4145	2	0	4000	other	0
2004_4	77	Pulse	5	1485095	9627	2
2004_4	78	Picture	11	1493539	0	1	4145	2	0	4000	hit	163
2004_4	78	Response	1	1497095	3556	2
2004_4	78	Pulse	5	1505095	11556	2
2004_4	79	Picture	10	1511610	0	1	4145	2	0	4000	other	0
2004_4	79	Pulse	5	1525095	13485	1
2004_4	80	Picture	10	1529681	0	1	4145	2	0	4000	other	0
2004_4	80	Pulse	5	1545084	15403	2
2004_4	81	Picture	10	1547752	0	1	4145	2	0	4000	other	0
2004_4	81	Pulse	5	1565084	17332	2
2004_4	82	Picture	10	1565823	0	1	4145	2	0	4000	other	0
2004_4	83	Picture	10	1583894	0	1	4145	2	0	4000	other	0
2004_4	83	Pulse	5	1585084	1190	1
2004_4	84	Picture	11	1601965	0	1	4145	2	0	4000	hit	176
2004_4	84	Pulse	5	1605073	3108	2
2004_4	84	Response	1	1605553	3588	2
2004_4	85	Picture	10	1620036	0	1	4145	2	0	4000	other	0
2004_4	85	Pulse	5	1625073	5037	2
2004_4	86	Picture	10	1638107	0	1	4145	2	0	4000	other	0
2004_4	86	Pulse	5	1645073	6966	2
2004_4	87	Pulse	5	1665061	8883	4
2004_4	88	Picture	30	1681212	0	1	4145	2	0	4000	other	0
2004_4	88	Pulse	5	1685061	3849	4
2004_4	89	Picture	30	1699283	0	1	4145	2	0	4000	other	0
2004_4	89	Pulse	5	1705062	5779	2
2004_4	90	Picture	30	1717354	0	2	4145	3	0	4000	other	0
2004_4	90	Pulse	5	1725050	7696	3
2004_4	91	Picture	31	1735425	0	2	4145	3	0	4000	hit	189
2004_4	91	Response	1	1739451	4026	2
2004_4	91	Pulse	5	1745050	9625	3
2004_4	92	Picture	31	1753496	0	2	4145	3	0	4000	hit	193
2004_4	92	Pulse	5	1765050	11554	3
2004_4	92	Response	1	1766811	13315	2
2004_4	93	Picture	30	1771567	0	2	4145	3	0	4000	other	0
2004_4	93	Pulse	5	1785199	13632	3
2004_4	94	Picture	30	1789638	0	1	4145	2	0	4000	other	0
2004_4	94	Pulse	5	1805199	15561	3
2004_4	95	Picture	30	1807709	0	2	4145	3	0	4000	other	0
2004_4	95	Pulse	5	1825200	17491	2
2004_4	96	Picture	31	1825780	0	2	4145	3	0	4000	hit	201
2004_4	96	Response	1	1833508	7728	4
2004_4	97	Picture	30	1843851	0	2	4145	3	0	4000	other	0
2004_4	97	Pulse	5	1845188	1337	3
2004_4	98	Picture	30	1861922	0	1	4145	2	0	4000	other	0
2004_4	98	Pulse	5	1865188	3266	3
2004_4	99	Picture	30	1879993	0	1	4145	2	0	4000	other	0
2004_4	99	Pulse	5	1885189	5196	2
2004_4	100	Picture	30	1898064	0	2	4145	3	0	4000	other	0
2004_4	100	Pulse	5	1905179	7115	1
2004_4	101	Picture	31	1916135	0	2	4145	3	0	4000	hit	211
2004_4	101	Response	1	1922137	6002	4
2004_4	101	Pulse	5	1925178	9043	2
2004_4	102	Picture	30	1934206	0	2	4145	3	0	4000	other	0
2004_4	102	Pulse	5	1945178	10972	2
2004_4	103	Picture	30	1952277	0	2	4145	3	0	4000	other	0
2004_4	103	Pulse	5	1965168	12891	1
2004_4	104	Pulse	5	1985167	14819	2
2004_4	105	Picture	10	1995382	0	2	4145	3	0	4000	other	0
2004_4	105	Pulse	5	2005168	9786	1
2004_4	106	Picture	10	2013454	0	1	4144	2	0	4000	other	0
2004_4	106	Pulse	5	2025157	11703	1
2004_4	107	Picture	11	2031524	0	2	4145	3	0	4000	hit	223
2004_4	107	Response	1	2039236	7712	2
2004_4	107	Pulse	5	2045156	13632	2
2004_4	108	Picture	10	2049596	0	1	4144	2	0	4000	other	0
2004_4	108	Pulse	5	2065146	15550	2
2004_4	109	Picture	11	2067667	0	1	4144	2	0	4000	hit	228
2004_4	109	Response	1	2070586	2919	2
2004_4	109	Pulse	5	2085146	17479	2
2004_4	110	Picture	10	2085738	0	1	4144	2	0	4000	other	0
2004_4	111	Picture	10	2103809	0	1	4144	2	0	4000	other	0
2004_4	111	Pulse	5	2105145	1336	2
2004_4	112	Picture	11	2121880	0	1	4144	2	0	4000	hit	234
2004_4	112	Response	1	2124665	2785	2
2004_4	112	Pulse	5	2125145	3265	2
2004_4	113	Picture	10	2139951	0	1	4144	2	0	4000	other	0
2004_4	113	Pulse	5	2145135	5184	2
2004_4	114	Picture	10	2158021	0	2	4145	3	0	4000	other	0
2004_4	114	Pulse	5	2165134	7113	3
2004_4	115	Picture	10	2176093	0	1	4144	2	0	4000	other	0
2004_4	115	Pulse	5	2185134	9041	3
2004_4	116	Picture	10	2194164	0	1	4144	2	0	4000	other	0
2004_4	116	Pulse	5	2205124	10960	2
2004_4	117	Picture	10	2212235	0	1	4144	2	0	4000	other	0
2004_4	117	Pulse	5	2225123	12888	2
2004_4	118	Picture	11	2230306	0	1	4144	3	0	4000	hit	247
2004_4	118	Response	1	2235363	5057	2
2004_4	118	Pulse	5	2245123	14817	2
2004_4	119	Picture	10	2248377	0	1	4144	2	0	4000	other	0
2004_4	119	Pulse	5	2265113	16736	2
2004_4	120	Picture	10	2266448	0	1	4144	2	0	4000	other	0
2004_4	121	Pulse	5	2285113	594	1
2004_4	121	Pulse	5	2305112	20593	2
2004_4	122	Picture	20	2309553	0	1	4144	3	0	4000	other	0
2004_4	122	Pulse	5	2325102	15549	2
2004_4	123	Picture	20	2327624	0	1	4144	3	0	4000	other	0
2004_4	123	Pulse	5	2345102	17478	1
2004_4	124	Picture	20	2345695	0	1	4144	3	0	4000	other	0
2004_4	125	Picture	21	2363766	0	1	4144	3	0	4000	hit	261
2004_4	125	Pulse	5	2365101	1335	2
2004_4	125	Response	1	2367651	3885	2
2004_4	126	Picture	20	2381837	0	1	4144	3	0	4000	other	0
2004_4	126	Pulse	5	2385091	3254	2
2004_4	127	Picture	20	2399908	0	1	4144	3	0	4000	other	0
2004_4	127	Pulse	5	2405092	5184	1
2004_4	128	Picture	21	2417979	0	1	4144	3	0	4000	hit	267
2004_4	128	Response	1	2424130	6151	2
2004_4	128	Pulse	5	2425090	7111	2
2004_4	129	Picture	20	2436050	0	1	4144	3	0	4000	other	0
2004_4	129	Pulse	5	2445080	9030	2
2004_4	130	Picture	20	2454121	0	1	4145	2	0	4000	other	0
2004_4	130	Pulse	5	2465080	10959	2
2004_4	131	Picture	20	2472192	0	1	4144	3	0	4000	other	0
2004_4	131	Pulse	5	2485079	12887	2
2004_4	132	Picture	21	2490263	0	1	4144	3	0	4000	hit	276
2004_4	132	Response	1	2495148	4885	3
2004_4	132	Pulse	5	2505069	14806	2
2004_4	133	Picture	20	2508334	0	1	4144	3	0	4000	other	0
2004_4	133	Pulse	5	2525069	16735	2
2004_4	134	Picture	20	2526400	0	27	4149	29	0	4000	other	0
2004_4	135	Picture	21	2544476	0	1	4144	3	0	4000	hit	283
2004_4	135	Pulse	5	2545068	592	2
2004_4	135	Response	1	2553378	8902	2
2004_4	136	Picture	20	2562547	0	1	4144	3	0	4000	other	0
2004_4	136	Pulse	5	2565058	2511	2
2004_4	137	Picture	20	2580618	0	1	4145	2	0	4000	other	0
2004_4	137	Pulse	5	2585058	4440	2
