Scenario - 1-back
Logfile written - 04/17/2015 12:13:59

Subject	Trial	Event Type	Code	Time	TTime	Uncertainty	Duration	Uncertainty	ReqTime	ReqDur	Stim Type	Pair Index

2008	1	Pulse	5	228101	237923	2
2008	2	Pulse	5	248101	19889	2
2008	3	Picture	10	253278	0	1	4089	2	0	4000	other	0
2008	3	Pulse	5	268101	14823	1
2008	4	Picture	10	271411	0	1	4088	3	0	4000	false_alarm	6
2008	4	Response	1	274491	3080	2
2008	4	Pulse	5	288090	16679	2
2008	5	Picture	11	289543	0	1	4089	2	0	4000	hit	9
2008	5	Response	1	292890	3347	1
2008	6	Picture	10	307676	0	1	4089	2	0	4000	other	0
2008	6	Pulse	5	308089	413	2
2008	7	Picture	11	325809	0	1	4088	2	0	4000	hit	14
2008	7	Pulse	5	328089	2280	1
2008	7	Response	1	329689	3880	1
2008	8	Picture	10	343941	0	1	4089	2	0	4000	other	0
2008	8	Pulse	5	348078	4137	2
2008	9	Picture	10	362074	0	1	4089	2	0	4000	other	0
2008	9	Pulse	5	368077	6003	2
2008	10	Picture	10	380207	0	1	4088	2	0	4000	other	0
2008	10	Pulse	5	388077	7870	2
2008	11	Picture	11	398339	0	1	4089	2	0	4000	hit	22
2008	11	Response	1	402946	4607	2
2008	11	Pulse	5	408066	9727	2
2008	12	Picture	10	416472	0	1	4089	2	0	4000	other	0
2008	12	Pulse	5	428066	11594	2
2008	13	Picture	10	434604	0	2	4089	3	0	4000	other	0
2008	13	Pulse	5	448065	13461	2
2008	14	Picture	11	452737	0	1	4089	2	0	4000	hit	29
2008	14	Response	1	456065	3328	2
2008	14	Pulse	5	468055	15318	1
2008	15	Picture	10	470870	0	1	4088	3	0	4000	other	0
2008	15	Pulse	5	488054	17184	2
2008	16	Picture	10	489002	0	2	4089	3	0	4000	other	0
2008	17	Picture	10	507135	0	1	4089	2	0	4000	other	0
2008	17	Pulse	5	508054	919	1
2008	18	Picture	10	525268	0	1	4088	3	0	4000	other	0
2008	18	Pulse	5	528043	2775	2
2008	19	Pulse	5	548042	4642	2
2008	19	Pulse	5	568042	24642	2
2008	20	Picture	30	568466	0	1	4089	2	0	4000	other	0
2008	21	Picture	30	586599	0	1	4088	3	0	4000	other	0
2008	21	Pulse	5	588031	1432	2
2008	22	Picture	31	604731	0	1	4089	3	0	4000	hit	45
2008	22	Pulse	5	608031	3300	2
2008	22	Response	1	609471	4740	1
2008	23	Picture	30	622864	0	1	4089	2	0	4000	other	0
2008	23	Pulse	5	628030	5166	2
2008	24	Picture	30	640997	0	1	4088	2	0	4000	other	0
2008	24	Pulse	5	648020	7023	1
2008	25	Picture	30	659129	0	1	4089	2	0	4000	other	0
2008	25	Pulse	5	668019	8890	2
2008	26	Picture	31	677262	0	1	4089	2	0	4000	hit	53
2008	26	Response	1	680819	3557	1
2008	26	Pulse	5	688178	10916	2
2008	27	Picture	31	695395	0	1	4088	2	0	4000	hit	56
2008	27	Response	1	701929	6534	1
2008	27	Pulse	5	708168	12773	2
2008	28	Picture	30	713527	0	1	4089	2	0	4000	other	0
2008	28	Pulse	5	728167	14640	2
2008	29	Picture	30	731660	0	1	4089	2	0	4000	other	0
2008	29	Pulse	5	748167	16507	2
2008	30	Picture	30	749792	0	2	4089	3	0	4000	other	0
2008	31	Picture	31	767925	0	1	4089	2	0	4000	hit	65
2008	31	Pulse	5	768156	231	2
2008	31	Response	1	776476	8551	2
2008	32	Picture	30	786058	0	1	4089	2	0	4000	other	0
2008	32	Pulse	5	788156	2098	1
2008	33	Picture	30	804190	0	2	4089	3	0	4000	other	0
2008	33	Pulse	5	808155	3965	2
2008	34	Picture	30	822323	0	1	4089	2	0	4000	other	0
2008	34	Pulse	5	828144	5821	2
2008	35	Picture	30	840456	0	1	4088	3	0	4000	other	0
2008	35	Pulse	5	848144	7688	2
2008	36	Pulse	5	868143	9555	2
2008	37	Picture	10	883654	0	1	4089	2	0	4000	other	0
2008	37	Pulse	5	888133	4479	2
2008	38	Picture	10	901787	0	1	4088	3	0	4000	other	0
2008	38	Pulse	5	908132	6345	2
2008	39	Picture	11	919919	0	1	4089	2	0	4000	hit	80
2008	39	Response	1	923332	3413	2
2008	39	Pulse	5	928132	8213	1
2008	40	Picture	10	938052	0	1	4089	2	0	4000	other	0
2008	40	Pulse	5	948121	10069	2
2008	41	Picture	11	956185	0	1	4088	3	0	4000	hit	85
2008	41	Response	1	959961	3776	2
2008	41	Pulse	5	968121	11936	1
2008	42	Picture	10	974317	0	1	4089	2	0	4000	other	0
2008	42	Pulse	5	988120	13803	2
2008	43	Picture	10	992450	0	1	4089	2	0	4000	other	0
2008	43	Pulse	5	1008109	15659	2
2008	44	Picture	10	1010583	0	1	4088	3	0	4000	other	0
2008	44	Pulse	5	1028110	17527	1
2008	45	Picture	11	1028715	0	1	4089	2	0	4000	hit	94
2008	45	Response	1	1032909	4194	2
2008	46	Picture	10	1046848	0	1	4089	2	0	4000	other	0
2008	46	Pulse	5	1048108	1260	2
2008	47	Picture	10	1064981	0	1	4088	2	0	4000	other	0
2008	47	Pulse	5	1068099	3118	1
2008	48	Picture	11	1083113	0	1	4089	2	0	4000	hit	100
2008	48	Response	1	1086979	3866	1
2008	48	Pulse	5	1088099	4986	1
2008	49	Picture	10	1101246	0	1	4088	3	0	4000	other	0
2008	49	Pulse	5	1108098	6852	1
2008	50	Picture	10	1119378	0	2	4089	3	0	4000	other	0
2008	50	Pulse	5	1128086	8708	2
2008	51	Picture	10	1137511	0	1	4089	2	0	4000	other	0
2008	51	Pulse	5	1148085	10574	2
2008	52	Picture	10	1155644	0	1	4088	3	0	4000	other	0
2008	52	Pulse	5	1168085	12441	2
2008	53	Pulse	5	1188074	14298	2
2008	54	Picture	20	1198842	0	1	4089	2	0	4000	other	0
2008	54	Pulse	5	1208074	9232	2
2008	55	Picture	20	1216975	0	1	4088	3	0	4000	other	0
2008	55	Pulse	5	1228073	11098	2
2008	56	Picture	21	1235107	0	2	4089	3	0	4000	hit	116
2008	56	Response	1	1238463	3356	2
2008	56	Pulse	5	1248063	12956	1
2008	57	Picture	20	1253240	0	1	4089	2	0	4000	other	0
2008	57	Pulse	5	1268062	14822	2
2008	58	Picture	20	1271373	0	1	4088	3	0	4000	other	0
2008	58	Pulse	5	1288062	16689	1
2008	59	Picture	20	1289505	0	1	4089	2	0	4000	other	0
2008	60	Picture	21	1307638	0	1	4089	2	0	4000	hit	125
2008	60	Pulse	5	1308051	413	2
2008	60	Response	1	1310771	3133	2
2008	61	Picture	20	1325771	0	1	4088	2	0	4000	other	0
2008	61	Pulse	5	1328050	2279	2
2008	62	Picture	20	1343903	0	1	4089	2	0	4000	other	0
2008	62	Pulse	5	1348050	4147	2
2008	63	Picture	20	1362036	0	1	4089	2	0	4000	other	0
2008	63	Pulse	5	1368039	6003	2
2008	64	Picture	20	1380168	0	2	4089	3	0	4000	other	0
2008	64	Pulse	5	1388039	7871	2
2008	65	Picture	20	1398301	0	1	4089	2	0	4000	other	0
2008	65	Pulse	5	1408038	9737	2
2008	66	Picture	21	1416434	0	1	4089	2	0	4000	hit	137
2008	66	Response	1	1420988	4554	2
2008	66	Pulse	5	1428028	11594	1
2008	67	Picture	20	1434566	0	2	4089	3	0	4000	other	0
2008	67	Pulse	5	1448027	13461	2
2008	68	Picture	20	1452699	0	1	4089	2	0	4000	other	0
2008	68	Pulse	5	1468026	15327	2
2008	69	Picture	21	1470832	0	1	4088	3	0	4000	hit	144
2008	69	Response	1	1474588	3756	1
2008	69	Pulse	5	1488016	17184	2
2008	70	Pulse	5	1508015	19051	2
2008	71	Picture	10	1514030	0	1	4089	2	0	4000	other	0
2008	71	Pulse	5	1528015	13985	2
2008	72	Picture	10	1532163	0	1	4089	2	0	4000	other	0
2008	72	Pulse	5	1548004	15841	2
2008	73	Picture	11	1550295	0	2	4089	3	0	4000	hit	152
2008	73	Response	1	1554244	3949	2
2008	73	Pulse	5	1568004	17709	1
2008	74	Picture	10	1568428	0	1	4089	2	0	4000	other	0
2008	75	Picture	11	1586561	0	1	4088	3	0	4000	hit	157
2008	75	Pulse	5	1588003	1442	2
2008	75	Response	1	1591363	4802	2
2008	76	Picture	10	1604693	0	2	4089	3	0	4000	other	0
2008	76	Pulse	5	1607992	3299	2
2008	77	Picture	10	1622826	0	1	4089	2	0	4000	other	0
2008	77	Pulse	5	1627991	5165	3
2008	78	Picture	11	1640959	0	1	4088	3	0	4000	hit	163
2008	78	Response	1	1644471	3512	2
2008	78	Pulse	5	1647991	7032	2
2008	79	Picture	10	1659091	0	1	4089	2	0	4000	other	0
2008	79	Pulse	5	1667981	8890	2
2008	80	Picture	10	1677224	0	1	4089	2	0	4000	other	0
2008	80	Pulse	5	1687980	10756	2
2008	81	Picture	10	1695356	0	2	4089	3	0	4000	other	0
2008	81	Pulse	5	1707980	12624	1
2008	82	Picture	10	1713489	0	1	4089	2	0	4000	other	0
2008	82	Pulse	5	1728129	14640	2
2008	83	Picture	10	1731622	0	1	4089	2	0	4000	other	0
2008	83	Pulse	5	1748129	16507	1
2008	84	Picture	11	1749754	0	2	4089	3	0	4000	hit	176
2008	84	Response	1	1753728	3974	2
2008	85	Picture	10	1767887	0	1	4089	2	0	4000	other	0
2008	85	Pulse	5	1768128	241	2
2008	86	Picture	10	1786020	0	1	4088	3	0	4000	other	0
2008	86	Pulse	5	1788117	2097	2
2008	87	Pulse	5	1808117	3965	2
2008	87	Pulse	5	1828116	23964	2
2008	88	Picture	30	1829218	0	1	4089	2	0	4000	other	0
2008	89	Picture	30	1847351	0	1	4088	3	0	4000	other	0
2008	89	Pulse	5	1848106	755	2
2008	90	Picture	30	1865483	0	2	4089	3	0	4000	other	0
2008	90	Pulse	5	1868105	2622	2
2008	91	Picture	31	1883616	0	1	4089	2	0	4000	hit	190
2008	91	Pulse	5	1888105	4489	1
2008	91	Response	1	1890185	6569	1
2008	92	Picture	31	1901749	0	1	4088	3	0	4000	hit	192
2008	92	Response	1	1905374	3625	2
2008	92	Pulse	5	1908094	6345	2
2008	93	Picture	30	1919881	0	2	4089	3	0	4000	other	0
2008	93	Pulse	5	1928093	8212	2
2008	94	Picture	30	1938013	0	2	4090	3	0	4000	other	0
2008	94	Pulse	5	1948093	10080	2
2008	95	Picture	30	1956147	0	1	4088	3	0	4000	other	0
2008	95	Pulse	5	1968082	11935	2
2008	96	Picture	31	1974279	0	1	4089	2	0	4000	hit	201
2008	96	Response	1	1980082	5803	2
2008	96	Pulse	5	1988082	13803	2
2008	97	Picture	30	1992412	0	1	4089	2	0	4000	other	0
2008	97	Pulse	5	2008081	15669	2
2008	98	Picture	30	2010545	0	1	4088	2	0	4000	other	0
2008	98	Pulse	5	2028071	17526	1
2008	99	Picture	30	2028677	0	1	4089	2	0	4000	other	0
2008	100	Picture	30	2046810	0	1	4089	2	0	4000	other	0
2008	100	Pulse	5	2048070	1260	2
2008	101	Picture	31	2064942	0	2	4089	3	0	4000	hit	212
2008	101	Pulse	5	2068070	3128	1
2008	101	Response	1	2073989	9047	2
2008	102	Picture	30	2083075	0	1	4089	2	0	4000	false_alarm	215
2008	102	Pulse	5	2088059	4984	2
2008	102	Response	1	2091419	8344	2
2008	103	Picture	30	2101208	0	1	4089	2	0	4000	other	0
2008	103	Pulse	5	2108058	6850	2
2008	104	Pulse	5	2128049	8709	1
2008	105	Picture	10	2144406	0	1	4089	2	0	4000	other	0
2008	105	Pulse	5	2148049	3643	1
2008	106	Picture	10	2162539	0	1	4088	3	0	4000	other	0
2008	106	Pulse	5	2168048	5509	1
2008	107	Picture	11	2180671	0	2	4089	3	0	4000	hit	224
2008	107	Response	1	2184048	3377	1
2008	107	Pulse	5	2188047	7376	2
2008	108	Picture	10	2198804	0	1	4089	2	0	4000	other	0
2008	108	Pulse	5	2208036	9232	1
2008	109	Picture	11	2216937	0	1	4089	2	0	4000	hit	229
2008	109	Response	1	2220996	4059	1
2008	109	Pulse	5	2228035	11098	2
2008	110	Picture	10	2235069	0	2	4089	3	0	4000	other	0
2008	110	Pulse	5	2248034	12965	2
2008	111	Picture	10	2253202	0	1	4089	2	0	4000	other	0
2008	111	Pulse	5	2268024	14822	2
2008	112	Picture	11	2271335	0	1	4088	3	0	4000	hit	236
2008	112	Response	1	2275544	4209	1
2008	112	Pulse	5	2288023	16688	2
2008	113	Picture	10	2289467	0	2	4089	3	0	4000	other	0
2008	114	Picture	10	2307600	0	1	4089	2	0	4000	other	0
2008	114	Pulse	5	2308023	423	2
2008	115	Picture	10	2325733	0	1	4088	3	0	4000	other	0
2008	115	Pulse	5	2328012	2279	2
2008	116	Picture	10	2343865	0	1	4089	2	0	4000	other	0
2008	116	Pulse	5	2348012	4147	1
2008	117	Picture	10	2361998	0	1	4089	2	0	4000	other	0
2008	117	Pulse	5	2368012	6014	1
2008	118	Picture	11	2380131	0	1	4088	2	0	4000	hit	248
2008	118	Response	1	2384321	4190	1
2008	118	Pulse	5	2388001	7870	1
2008	119	Picture	10	2398263	0	1	4089	2	0	4000	other	0
2008	119	Pulse	5	2408000	9737	2
2008	120	Picture	10	2416396	0	1	4089	2	0	4000	other	0
2008	120	Pulse	5	2427999	11603	2
2008	121	Pulse	5	2447989	13461	2
2008	122	Picture	20	2459594	0	1	4089	2	0	4000	other	0
2008	122	Pulse	5	2467988	8394	2
2008	123	Picture	20	2477727	0	1	4089	2	0	4000	other	0
2008	123	Pulse	5	2487988	10261	2
2008	124	Picture	20	2495860	0	1	4088	2	0	4000	other	0
2008	124	Pulse	5	2507977	12117	2
2008	125	Picture	21	2513992	0	1	4089	2	0	4000	hit	262
2008	125	Response	1	2517097	3105	2
2008	125	Pulse	5	2527977	13985	1
2008	126	Picture	20	2532125	0	1	4089	2	0	4000	other	0
2008	126	Pulse	5	2547976	15851	2
2008	127	Picture	20	2550257	0	2	4089	3	0	4000	other	0
2008	127	Pulse	5	2567965	17708	2
2008	128	Picture	21	2568390	0	1	4089	2	0	4000	hit	269
2008	128	Response	1	2572926	4536	1
2008	129	Picture	20	2586523	0	1	4088	3	0	4000	other	0
2008	129	Pulse	5	2587965	1442	2
2008	130	Picture	20	2604655	0	2	4089	3	0	4000	other	0
2008	130	Pulse	5	2607964	3309	2
2008	131	Picture	20	2622788	0	1	4089	2	0	4000	other	0
2008	131	Pulse	5	2627954	5166	2
2008	132	Picture	21	2640921	0	1	4088	3	0	4000	hit	277
2008	132	Response	1	2644913	3992	2
2008	132	Pulse	5	2647953	7032	2
2008	133	Picture	20	2659053	0	2	4089	3	0	4000	other	0
2008	133	Pulse	5	2667953	8900	1
2008	134	Picture	20	2677186	0	1	4089	2	0	4000	other	0
2008	134	Pulse	5	2687943	10757	1
2008	135	Picture	21	2695319	0	1	4088	2	0	4000	hit	284
2008	135	Response	1	2699462	4143	2
2008	135	Pulse	5	2707942	12623	1
2008	136	Picture	20	2713451	0	1	4089	2	0	4000	other	0
2008	136	Pulse	5	2727941	14490	2
2008	137	Picture	20	2731584	0	1	4089	2	0	4000	other	0
