Scenario - 1-back
Logfile written - 04/17/2015 12:09:21

Subject	Trial	Event Type	Code	Time	TTime	Uncertainty	Duration	Uncertainty	ReqTime	ReqDur	Stim Type	Pair Index

2008	1	Pulse	5	159295	169117	1
2008	2	Pulse	5	179284	19869	2
2008	3	Picture	10	184481	0	1	4088	3	0	4000	other	0
2008	3	Pulse	5	199283	14802	2
2008	4	Picture	10	202613	0	2	4089	3	0	4000	other	0
2008	4	Pulse	5	219283	16670	2
2008	5	Picture	11	220746	0	1	4089	2	0	4000	hit	8
2008	5	Response	1	224883	4137	2
2008	6	Picture	10	238879	0	1	4088	3	0	4000	other	0
2008	6	Pulse	5	239272	393	2
2008	7	Picture	11	257011	0	1	4089	2	0	4000	hit	13
2008	7	Pulse	5	259272	2261	2
2008	7	Response	1	262312	5301	1
2008	8	Picture	10	275144	0	1	4089	2	0	4000	other	0
2008	8	Pulse	5	279431	4287	2
2008	9	Picture	10	293276	0	2	4089	3	0	4000	other	0
2008	9	Pulse	5	299421	6145	1
2008	10	Picture	10	311409	0	1	4089	2	0	4000	other	0
2008	10	Pulse	5	319420	8011	2
2008	11	Picture	11	329541	0	2	4089	4	0	4000	hit	21
2008	11	Response	1	333500	3959	1
2008	11	Pulse	5	339419	9878	2
2008	12	Picture	10	347674	0	2	4089	3	0	4000	other	0
2008	12	Pulse	5	359409	11735	2
2008	13	Picture	10	365807	0	1	4089	2	0	4000	other	0
2008	13	Pulse	5	379408	13601	2
2008	14	Picture	11	383940	0	1	4089	2	0	4000	hit	28
2008	14	Response	1	387248	3308	2
2008	14	Pulse	5	399408	15468	2
2008	15	Picture	10	402072	0	2	4089	3	0	4000	other	0
2008	15	Pulse	5	419397	17325	2
2008	16	Picture	10	420205	0	1	4089	2	0	4000	other	0
2008	17	Picture	10	438338	0	1	4088	3	0	4000	other	0
2008	17	Pulse	5	439397	1059	1
2008	18	Picture	10	456470	0	1	4089	2	0	4000	other	0
2008	18	Pulse	5	459396	2926	2
2008	19	Pulse	5	479386	4783	1
2008	19	Pulse	5	499385	24782	2
2008	20	Picture	20	499669	0	1	4088	3	0	4000	other	0
2008	21	Picture	20	517801	0	2	4089	3	0	4000	other	0
2008	21	Pulse	5	519384	1583	2
2008	22	Picture	21	535934	0	1	4089	2	0	4000	hit	43
2008	22	Response	1	539374	3440	2
2008	22	Pulse	5	539374	3440	2
2008	23	Picture	20	554067	0	1	4088	3	0	4000	other	0
2008	23	Pulse	5	559373	5306	2
2008	24	Picture	20	572199	0	1	4089	2	0	4000	other	0
2008	24	Pulse	5	579373	7174	2
2008	25	Picture	20	590331	0	2	4090	3	0	4000	other	0
2008	25	Pulse	5	599362	9031	2
2008	26	Picture	21	608464	0	2	4089	3	0	4000	hit	52
2008	26	Response	1	611842	3378	2
2008	26	Pulse	5	619362	10898	1
2008	27	Picture	20	626597	0	1	4089	2	0	4000	other	0
2008	27	Pulse	5	639361	12764	2
2008	28	Picture	20	644730	0	1	4089	2	0	4000	other	0
2008	28	Pulse	5	659350	14620	2
2008	29	Picture	20	662862	0	2	4089	3	0	4000	other	0
2008	29	Pulse	5	679350	16488	2
2008	30	Picture	20	680995	0	1	4089	2	0	4000	other	0
2008	31	Picture	20	699128	0	1	4089	2	0	4000	false_alarm	63
2008	31	Pulse	5	699341	213	1
2008	31	Response	1	702229	3101	2
2008	32	Picture	21	717260	0	2	4089	3	0	4000	miss	0
2008	32	Pulse	5	719340	2080	1
2008	33	Picture	20	735393	0	1	4089	2	0	4000	other	0
2008	33	Pulse	5	739340	3947	1
2008	34	Picture	20	753526	0	1	4088	3	0	4000	other	0
2008	34	Pulse	5	759339	5813	1
2008	35	Picture	21	771658	0	1	4089	2	0	4000	hit	71
2008	35	Response	1	775647	3989	2
2008	35	Pulse	5	779327	7669	2
2008	36	Pulse	5	799326	9535	2
2008	37	Picture	10	814856	0	2	4089	4	0	4000	other	0
2008	37	Pulse	5	819326	4470	2
2008	38	Picture	10	832989	0	2	4089	3	0	4000	other	0
2008	38	Pulse	5	839315	6326	2
2008	39	Picture	11	851122	0	1	4089	2	0	4000	hit	79
2008	39	Response	1	854036	2914	1
2008	39	Pulse	5	859315	8193	2
2008	40	Picture	10	869254	0	2	4089	4	0	4000	other	0
2008	40	Pulse	5	879314	10060	2
2008	41	Picture	11	887387	0	2	4089	3	0	4000	hit	84
2008	41	Response	1	892424	5037	2
2008	41	Pulse	5	899304	11917	2
2008	42	Picture	10	905520	0	1	4089	2	0	4000	other	0
2008	42	Pulse	5	919303	13783	2
2008	43	Picture	10	923653	0	1	4088	3	0	4000	other	0
2008	43	Pulse	5	939303	15650	1
2008	44	Picture	10	941785	0	1	4089	2	0	4000	other	0
2008	44	Pulse	5	959292	17507	2
2008	45	Picture	11	959918	0	1	4089	2	0	4000	hit	93
2008	45	Response	1	963772	3854	2
2008	46	Picture	10	978051	0	1	4088	2	0	4000	other	0
2008	46	Pulse	5	979291	1240	2
2008	47	Picture	10	996183	0	1	4089	2	0	4000	other	0
2008	47	Pulse	5	999291	3108	2
2008	48	Picture	11	1014316	0	1	4088	3	0	4000	hit	99
2008	48	Response	1	1019280	4964	2
2008	48	Pulse	5	1019280	4964	2
2008	49	Picture	10	1032448	0	2	4089	3	0	4000	other	0
2008	49	Pulse	5	1039280	6832	2
2008	50	Picture	10	1050581	0	1	4089	2	0	4000	other	0
2008	50	Pulse	5	1059279	8698	2
2008	51	Picture	10	1068714	0	1	4088	3	0	4000	other	0
2008	51	Pulse	5	1079269	10555	1
2008	52	Picture	10	1086846	0	2	4089	3	0	4000	other	0
2008	52	Pulse	5	1099268	12422	2
2008	53	Pulse	5	1119267	14288	2
2008	54	Picture	30	1130045	0	1	4088	3	0	4000	other	0
2008	54	Pulse	5	1139257	9212	2
2008	55	Picture	30	1148177	0	2	4089	3	0	4000	other	0
2008	55	Pulse	5	1159256	11079	2
2008	56	Picture	31	1166310	0	1	4089	2	0	4000	hit	115
2008	56	Response	1	1172056	5746	2
2008	56	Pulse	5	1179256	12946	2
2008	57	Picture	30	1184443	0	1	4088	3	0	4000	other	0
2008	57	Pulse	5	1199245	14802	2
2008	58	Picture	30	1202575	0	2	4089	3	0	4000	other	0
2008	58	Pulse	5	1219245	16670	2
2008	59	Picture	30	1220708	0	1	4089	2	0	4000	other	0
2008	60	Picture	31	1238841	0	1	4088	3	0	4000	hit	124
2008	60	Pulse	5	1239244	403	2
2008	60	Response	1	1243404	4563	2
2008	61	Picture	31	1256973	0	1	4089	2	0	4000	hit	127
2008	61	Pulse	5	1259234	2261	1
2008	61	Response	1	1260673	3700	2
2008	62	Picture	30	1275106	0	1	4089	2	0	4000	other	0
2008	62	Pulse	5	1279233	4127	2
2008	63	Picture	30	1293238	0	2	4089	3	0	4000	other	0
2008	63	Pulse	5	1299232	5994	2
2008	64	Picture	30	1311371	0	1	4089	2	0	4000	other	0
2008	64	Pulse	5	1319382	8011	2
2008	65	Picture	31	1329504	0	1	4088	3	0	4000	hit	135
2008	65	Response	1	1333142	3638	1
2008	65	Pulse	5	1339381	9877	2
2008	66	Picture	30	1347636	0	2	4089	3	0	4000	other	0
2008	66	Pulse	5	1359381	11745	2
2008	67	Picture	30	1365769	0	1	4089	2	0	4000	other	0
2008	67	Pulse	5	1379370	13601	2
2008	68	Picture	30	1383902	0	1	4088	3	0	4000	other	0
2008	68	Pulse	5	1399370	15468	1
2008	69	Picture	30	1402034	0	2	4089	3	0	4000	other	0
2008	69	Pulse	5	1419369	17335	2
2008	70	Pulse	5	1439358	19191	2
2008	71	Picture	10	1445233	0	1	4088	3	0	4000	other	0
2008	71	Pulse	5	1459358	14125	2
2008	72	Picture	10	1463365	0	2	4089	3	0	4000	other	0
2008	72	Pulse	5	1479357	15992	2
2008	73	Picture	11	1481497	0	2	4089	4	0	4000	hit	151
2008	73	Response	1	1484947	3450	2
2008	73	Pulse	5	1499347	17850	2
2008	74	Picture	10	1499631	0	1	4088	3	0	4000	other	0
2008	75	Picture	11	1517763	0	1	4089	2	0	4000	hit	156
2008	75	Pulse	5	1519346	1583	2
2008	75	Response	1	1522066	4303	2
2008	76	Picture	10	1535896	0	1	4089	3	0	4000	other	0
2008	76	Pulse	5	1539346	3450	1
2008	77	Picture	10	1554029	0	1	4088	3	0	4000	other	0
2008	77	Pulse	5	1559335	5306	2
2008	78	Picture	11	1572161	0	1	4089	2	0	4000	hit	162
2008	78	Response	1	1575655	3494	1
2008	78	Pulse	5	1579334	7173	2
2008	79	Picture	10	1590294	0	1	4089	2	0	4000	other	0
2008	79	Pulse	5	1599334	9040	2
2008	80	Picture	10	1608427	0	1	4088	3	0	4000	other	0
2008	80	Pulse	5	1619323	10896	2
2008	81	Picture	10	1626559	0	1	4089	2	0	4000	other	0
2008	81	Pulse	5	1639323	12764	2
2008	82	Picture	10	1644692	0	1	4089	2	0	4000	other	0
2008	82	Pulse	5	1659322	14630	2
2008	83	Picture	10	1662824	0	2	4089	4	0	4000	other	0
2008	83	Pulse	5	1679312	16488	2
2008	84	Picture	11	1680957	0	1	4089	2	0	4000	hit	175
2008	84	Response	1	1685392	4435	1
2008	85	Picture	10	1699090	0	1	4088	3	0	4000	other	0
2008	85	Pulse	5	1699311	221	2
2008	86	Picture	10	1717222	0	2	4089	3	0	4000	other	0
2008	86	Pulse	5	1719302	2080	1
2008	87	Pulse	5	1739301	3946	1
2008	87	Pulse	5	1759301	23946	1
2008	88	Picture	20	1760421	0	1	4088	3	0	4000	other	0
2008	89	Picture	20	1778553	0	2	4089	3	0	4000	other	0
2008	89	Pulse	5	1779300	747	1
2008	90	Picture	20	1796686	0	1	4089	2	0	4000	other	0
2008	90	Pulse	5	1799288	2602	2
2008	91	Picture	21	1814819	0	1	4088	3	0	4000	hit	188
2008	91	Response	1	1818488	3669	2
2008	91	Pulse	5	1819288	4469	2
2008	92	Picture	20	1832951	0	2	4089	3	0	4000	other	0
2008	92	Pulse	5	1839289	6338	1
2008	93	Picture	20	1851084	0	1	4089	2	0	4000	other	0
2008	93	Pulse	5	1859278	8194	1
2008	94	Picture	21	1869217	0	1	4088	2	0	4000	hit	195
2008	94	Response	1	1872716	3499	2
2008	94	Pulse	5	1879276	10059	2
2008	95	Picture	20	1887349	0	2	4089	3	0	4000	other	0
2008	95	Pulse	5	1899276	11927	1
2008	96	Picture	20	1905482	0	1	4089	2	0	4000	other	0
2008	96	Pulse	5	1919265	13783	2
2008	97	Picture	20	1923615	0	1	4088	2	0	4000	other	0
2008	97	Pulse	5	1939264	15649	2
2008	98	Picture	21	1941747	0	1	4089	2	0	4000	hit	204
2008	98	Response	1	1947264	5517	2
2008	98	Pulse	5	1959264	17517	2
2008	99	Picture	20	1959880	0	1	4089	2	0	4000	other	0
2008	100	Picture	20	1978012	0	2	4089	3	0	4000	other	0
2008	100	Pulse	5	1979253	1241	2
2008	101	Picture	21	1996145	0	1	4089	2	0	4000	hit	211
2008	101	Pulse	5	1999253	3108	1
2008	101	Response	1	2000534	4389	1
2008	102	Picture	20	2014278	0	1	4088	3	0	4000	other	0
2008	102	Pulse	5	2019252	4974	2
2008	103	Picture	20	2032410	0	2	4089	3	0	4000	other	0
2008	103	Pulse	5	2039241	6831	2
2008	104	Pulse	5	2059241	8698	2
2008	105	Picture	10	2075609	0	1	4088	3	0	4000	other	0
2008	105	Pulse	5	2079240	3631	2
2008	106	Picture	10	2093741	0	2	4089	3	0	4000	other	0
2008	106	Pulse	5	2099230	5489	2
2008	107	Picture	11	2111874	0	1	4089	2	0	4000	hit	222
2008	107	Response	1	2116029	4155	2
2008	107	Pulse	5	2119229	7355	2
2008	108	Picture	10	2130007	0	1	4088	3	0	4000	other	0
2008	108	Pulse	5	2139229	9222	2
2008	109	Picture	11	2148139	0	2	4089	3	0	4000	hit	227
2008	109	Response	1	2151538	3399	2
2008	109	Pulse	5	2159218	11079	2
2008	110	Picture	10	2166272	0	1	4089	2	0	4000	other	0
2008	110	Pulse	5	2179218	12946	1
2008	111	Picture	10	2184405	0	1	4088	3	0	4000	other	0
2008	111	Pulse	5	2199217	14812	2
2008	112	Picture	11	2202537	0	1	4089	2	0	4000	hit	234
2008	112	Response	1	2205767	3230	2
2008	112	Pulse	5	2219207	16670	1
2008	113	Picture	10	2220670	0	1	4089	2	0	4000	other	0
2008	114	Picture	10	2238803	0	1	4088	3	0	4000	other	0
2008	114	Pulse	5	2239206	403	2
2008	115	Picture	10	2256935	0	1	4089	2	0	4000	other	0
2008	115	Pulse	5	2259205	2270	2
2008	116	Picture	10	2275068	0	1	4089	2	0	4000	other	0
2008	116	Pulse	5	2279196	4128	1
2008	117	Picture	10	2293201	0	1	4088	2	0	4000	other	0
2008	117	Pulse	5	2299194	5993	2
2008	118	Picture	11	2311333	0	1	4089	2	0	4000	hit	246
2008	118	Response	1	2315194	3861	2
2008	118	Pulse	5	2319194	7861	1
2008	119	Picture	10	2329466	0	1	4089	2	0	4000	other	0
2008	119	Pulse	5	2339183	9717	2
2008	120	Picture	10	2347598	0	2	4089	3	0	4000	other	0
2008	120	Pulse	5	2359183	11585	1
2008	121	Pulse	5	2379342	13611	2
2008	122	Picture	30	2390797	0	1	4089	2	0	4000	other	0
2008	122	Pulse	5	2399331	8534	2
2008	123	Picture	30	2408929	0	2	4089	3	0	4000	other	0
2008	123	Pulse	5	2419331	10402	2
2008	124	Picture	30	2427062	0	1	4089	2	0	4000	other	0
2008	124	Pulse	5	2439330	12268	2
2008	125	Picture	31	2445195	0	1	4088	3	0	4000	hit	260
2008	125	Response	1	2449240	4045	2
2008	125	Pulse	5	2459320	14125	2
2008	126	Picture	31	2463327	0	2	4089	3	0	4000	hit	263
2008	126	Response	1	2466520	3193	1
2008	126	Pulse	5	2479319	15992	2
2008	127	Picture	30	2481460	0	1	4089	2	0	4000	other	0
2008	127	Pulse	5	2499319	17859	1
2008	128	Picture	30	2499593	0	1	4088	3	0	4000	other	0
2008	129	Picture	30	2517725	0	2	4089	3	0	4000	other	0
2008	129	Pulse	5	2519308	1583	2
2008	130	Picture	31	2535858	0	1	4089	2	0	4000	hit	272
2008	130	Pulse	5	2539307	3449	2
2008	130	Response	1	2539947	4089	2
2008	131	Picture	30	2553991	0	1	4088	2	0	4000	other	0
2008	131	Pulse	5	2559307	5316	2
2008	132	Picture	30	2572123	0	1	4089	2	0	4000	other	0
2008	132	Pulse	5	2579296	7173	2
2008	133	Picture	30	2590256	0	1	4089	2	0	4000	other	0
2008	133	Pulse	5	2599296	9040	2
2008	134	Picture	30	2608388	0	2	4089	3	0	4000	other	0
2008	134	Pulse	5	2619295	10907	2
2008	135	Picture	31	2626521	0	1	4089	2	0	4000	hit	282
2008	135	Response	1	2631765	5244	2
2008	135	Pulse	5	2639285	12764	1
2008	136	Picture	30	2644654	0	1	4089	2	0	4000	other	0
2008	136	Pulse	5	2659284	14630	2
2008	137	Picture	30	2662786	0	2	4089	3	0	4000	false_alarm	287
2008	137	Response	1	2669844	7058	2
