Scenario - 1-back
Logfile written - 04/17/2015 12:04:51

Subject	Trial	Event Type	Code	Time	TTime	Uncertainty	Duration	Uncertainty	ReqTime	ReqDur	Stim Type	Pair Index

2008	1	Pulse	5	241029	250851	2
2008	2	Pulse	5	261019	19830	1
2008	3	Picture	10	266255	0	1	4089	2	0	4000	other	0
2008	3	Pulse	5	281018	14763	2
2008	4	Picture	10	284388	0	1	4089	2	0	4000	other	0
2008	4	Pulse	5	301017	16629	2
2008	5	Picture	11	302520	0	2	4089	3	0	4000	hit	8
2008	5	Response	1	305817	3297	2
2008	6	Picture	10	320653	0	1	4089	2	0	4000	other	0
2008	6	Pulse	5	321007	354	2
2008	7	Picture	11	338786	0	1	4089	2	0	4000	hit	13
2008	7	Pulse	5	341006	2220	2
2008	7	Response	1	342126	3340	2
2008	8	Picture	10	356918	0	2	4089	3	0	4000	other	0
2008	8	Pulse	5	361006	4088	2
2008	9	Picture	10	375051	0	1	4089	2	0	4000	other	0
2008	9	Pulse	5	380994	5943	3
2008	10	Picture	10	393184	0	1	4088	3	0	4000	other	0
2008	10	Pulse	5	400995	7811	1
2008	11	Picture	11	411316	0	2	4089	3	0	4000	hit	21
2008	11	Response	1	414594	3278	2
2008	11	Pulse	5	420994	9678	2
2008	12	Picture	10	429449	0	1	4089	2	0	4000	other	0
2008	12	Pulse	5	440983	11534	2
2008	13	Picture	10	447582	0	1	4088	3	0	4000	other	0
2008	13	Pulse	5	460983	13401	2
2008	14	Picture	11	465714	0	1	4089	2	0	4000	hit	28
2008	14	Response	1	468663	2949	2
2008	14	Pulse	5	480982	15268	2
2008	15	Picture	10	483847	0	1	4089	2	0	4000	other	0
2008	15	Pulse	5	500972	17125	2
2008	16	Picture	10	501980	0	1	4088	2	0	4000	other	0
2008	17	Picture	10	520112	0	1	4089	2	0	4000	other	0
2008	17	Pulse	5	520971	859	2
2008	18	Picture	10	538245	0	1	4089	2	0	4000	other	0
2008	18	Pulse	5	540971	2726	1
2008	19	Pulse	5	560960	4582	2
2008	19	Pulse	5	580960	24582	1
2008	20	Picture	30	581443	0	1	4089	2	0	4000	other	0
2008	21	Picture	30	599576	0	1	4089	2	0	4000	other	0
2008	21	Pulse	5	600959	1383	2
2008	22	Picture	31	617709	0	1	4088	2	0	4000	hit	44
2008	22	Pulse	5	620948	3239	2
2008	22	Response	1	621748	4039	2
2008	23	Picture	30	635841	0	1	4089	2	0	4000	other	0
2008	23	Pulse	5	640948	5107	2
2008	24	Picture	30	653974	0	1	4089	2	0	4000	other	0
2008	24	Pulse	5	660947	6973	2
2008	25	Picture	30	672106	0	2	4089	3	0	4000	other	0
2008	25	Pulse	5	681097	8991	2
2008	26	Picture	31	690239	0	1	4089	2	0	4000	hit	52
2008	26	Response	1	694216	3977	2
2008	26	Pulse	5	701096	10857	2
2008	27	Picture	31	708372	0	1	4088	3	0	4000	hit	55
2008	27	Response	1	714056	5684	2
2008	27	Pulse	5	721096	12724	1
2008	28	Picture	30	726504	0	2	4089	3	0	4000	other	0
2008	28	Pulse	5	741086	14582	1
2008	29	Picture	30	744637	0	1	4089	2	0	4000	other	0
2008	29	Pulse	5	761086	16449	1
2008	30	Picture	30	762770	0	1	4088	3	0	4000	other	0
2008	31	Picture	31	780902	0	2	4089	3	0	4000	hit	64
2008	31	Pulse	5	781085	183	2
2008	31	Response	1	784765	3863	1
2008	32	Picture	30	799035	0	1	4089	2	0	4000	other	0
2008	32	Pulse	5	801073	2038	2
2008	33	Picture	30	817168	0	1	4088	2	0	4000	other	0
2008	33	Pulse	5	821073	3905	2
2008	34	Picture	30	835300	0	2	4089	3	0	4000	other	0
2008	34	Pulse	5	841072	5772	2
2008	35	Picture	30	853433	0	1	4089	2	0	4000	other	0
2008	35	Pulse	5	861062	7629	1
2008	36	Pulse	5	881061	9495	2
2008	37	Picture	10	896631	0	1	4089	2	0	4000	other	0
2008	37	Pulse	5	901060	4429	2
2008	38	Picture	10	914764	0	1	4089	2	0	4000	other	0
2008	38	Pulse	5	921050	6286	2
2008	39	Picture	11	932896	0	2	4089	3	0	4000	hit	79
2008	39	Response	1	938169	5273	2
2008	39	Pulse	5	941049	8153	2
2008	40	Picture	10	951029	0	1	4089	2	0	4000	other	0
2008	40	Pulse	5	961049	10020	2
2008	41	Picture	11	969162	0	1	4088	3	0	4000	hit	84
2008	41	Response	1	972880	3718	1
2008	41	Pulse	5	981038	11876	2
2008	42	Picture	10	987295	0	1	4088	2	0	4000	other	0
2008	42	Pulse	5	1001038	13743	1
2008	43	Picture	10	1005427	0	1	4089	2	0	4000	other	0
2008	43	Pulse	5	1021037	15610	2
2008	44	Picture	10	1023560	0	1	4089	2	0	4000	other	0
2008	44	Pulse	5	1041027	17467	1
2008	45	Picture	11	1041692	0	2	4089	3	0	4000	hit	93
2008	45	Response	1	1045346	3654	2
2008	46	Picture	10	1059825	0	1	4089	2	0	4000	other	0
2008	46	Pulse	5	1061026	1201	2
2008	47	Picture	10	1077958	0	1	4088	3	0	4000	other	0
2008	47	Pulse	5	1081025	3067	2
2008	48	Picture	11	1096090	0	1	4089	2	0	4000	hit	99
2008	48	Response	1	1100055	3965	2
2008	48	Pulse	5	1101015	4925	2
2008	49	Picture	10	1114223	0	1	4089	2	0	4000	other	0
2008	49	Pulse	5	1121014	6791	2
2008	50	Picture	10	1132356	0	1	4088	3	0	4000	other	0
2008	50	Pulse	5	1141014	8658	2
2008	51	Picture	10	1150488	0	1	4089	2	0	4000	other	0
2008	51	Pulse	5	1161003	10515	2
2008	52	Picture	10	1168621	0	1	4089	2	0	4000	other	0
2008	52	Pulse	5	1181003	12382	1
2008	53	Pulse	5	1201002	14249	2
2008	54	Picture	20	1211819	0	1	4089	2	0	4000	other	0
2008	54	Pulse	5	1220991	9172	2
2008	55	Picture	20	1229951	0	2	4090	3	0	4000	other	0
2008	55	Pulse	5	1240991	11040	2
2008	56	Picture	21	1248085	0	1	4088	2	0	4000	hit	115
2008	56	Response	1	1251871	3786	1
2008	56	Pulse	5	1260990	12905	2
2008	57	Picture	20	1266217	0	1	4089	2	0	4000	other	0
2008	57	Pulse	5	1280981	14764	1
2008	58	Picture	20	1284350	0	1	4089	2	0	4000	other	0
2008	58	Pulse	5	1300979	16629	2
2008	59	Picture	20	1302482	0	2	4089	3	0	4000	other	0
2008	60	Picture	21	1320615	0	1	4089	2	0	4000	hit	124
2008	60	Pulse	5	1320979	364	1
2008	60	Response	1	1323859	3244	1
2008	61	Picture	20	1338748	0	1	4088	3	0	4000	other	0
2008	61	Pulse	5	1340967	2219	3
2008	62	Picture	20	1356880	0	2	4089	3	0	4000	other	0
2008	62	Pulse	5	1360968	4088	1
2008	63	Picture	20	1375013	0	1	4089	2	0	4000	other	0
2008	63	Pulse	5	1380967	5954	2
2008	64	Picture	20	1393146	0	1	4088	3	0	4000	other	0
2008	64	Pulse	5	1400956	7810	2
2008	65	Picture	20	1411278	0	1	4089	2	0	4000	other	0
2008	65	Pulse	5	1420956	9678	2
2008	66	Picture	21	1429411	0	1	4089	2	0	4000	hit	136
2008	66	Response	1	1435355	5944	2
2008	66	Pulse	5	1440955	11544	2
2008	67	Picture	20	1447544	0	1	4088	3	0	4000	other	0
2008	67	Pulse	5	1460945	13401	2
2008	68	Picture	20	1465676	0	1	4089	2	0	4000	other	0
2008	68	Pulse	5	1480944	15268	2
2008	69	Picture	21	1483809	0	1	4089	2	0	4000	hit	143
2008	69	Response	1	1487504	3695	2
2008	69	Pulse	5	1500944	17135	1
2008	70	Pulse	5	1520933	18992	2
2008	71	Picture	10	1527007	0	1	4089	2	0	4000	other	0
2008	71	Pulse	5	1540932	13925	2
2008	72	Picture	10	1545140	0	1	4089	2	0	4000	other	0
2008	72	Pulse	5	1560932	15792	2
2008	73	Picture	11	1563272	0	2	4089	4	0	4000	hit	151
2008	73	Response	1	1567332	4060	2
2008	73	Pulse	5	1580921	17649	2
2008	74	Picture	10	1581405	0	1	4089	2	0	4000	other	0
2008	75	Picture	11	1599538	0	1	4089	2	0	4000	hit	156
2008	75	Pulse	5	1600921	1383	2
2008	75	Response	1	1603641	4103	2
2008	76	Picture	10	1617670	0	2	4089	4	0	4000	other	0
2008	76	Pulse	5	1620920	3250	2
2008	77	Picture	10	1635803	0	1	4089	2	0	4000	other	0
2008	77	Pulse	5	1640910	5107	1
2008	78	Picture	11	1653936	0	1	4088	3	0	4000	hit	162
2008	78	Response	1	1658669	4733	2
2008	78	Pulse	5	1660909	6973	2
2008	79	Picture	10	1672068	0	2	4089	3	0	4000	other	0
2008	79	Pulse	5	1680909	8841	1
2008	80	Picture	10	1690201	0	1	4089	2	0	4000	other	0
2008	80	Pulse	5	1700898	10697	2
2008	81	Picture	10	1708334	0	1	4088	3	0	4000	other	0
2008	81	Pulse	5	1721057	12723	2
2008	82	Picture	10	1726466	0	2	4089	3	0	4000	other	0
2008	82	Pulse	5	1741057	14591	2
2008	83	Picture	10	1744599	0	1	4089	2	0	4000	other	0
2008	83	Pulse	5	1761046	16447	2
2008	84	Picture	11	1762732	0	1	4088	3	0	4000	hit	175
2008	84	Response	1	1766806	4074	2
2008	85	Picture	10	1780864	0	1	4089	2	0	4000	other	0
2008	85	Pulse	5	1781046	182	2
2008	86	Picture	10	1798997	0	1	4089	2	0	4000	other	0
2008	86	Pulse	5	1801045	2048	2
2008	87	Pulse	5	1821036	3907	1
2008	87	Pulse	5	1841035	23906	1
2008	88	Picture	30	1842195	0	1	4089	2	0	4000	other	0
2008	89	Picture	30	1860328	0	1	4089	2	0	4000	other	0
2008	89	Pulse	5	1861035	707	1
2008	90	Picture	30	1878461	0	1	4088	2	0	4000	other	0
2008	90	Pulse	5	1881023	2562	2
2008	91	Picture	31	1896593	0	1	4089	2	0	4000	hit	188
2008	91	Response	1	1900382	3789	2
2008	91	Pulse	5	1901022	4429	2
2008	92	Picture	31	1914726	0	1	4089	2	0	4000	hit	192
2008	92	Pulse	5	1921022	6296	2
2008	92	Response	1	1922462	7736	2
2008	93	Picture	30	1932858	0	2	4089	3	0	4000	other	0
2008	93	Pulse	5	1941011	8153	2
2008	94	Picture	30	1950991	0	1	4089	2	0	4000	other	0
2008	94	Pulse	5	1961011	10020	1
2008	95	Picture	30	1969124	0	1	4088	3	0	4000	other	0
2008	95	Pulse	5	1981010	11886	2
2008	96	Picture	31	1987256	0	2	4089	3	0	4000	hit	200
2008	96	Response	1	1990450	3194	2
2008	96	Pulse	5	2000999	13743	2
2008	97	Picture	30	2005389	0	1	4089	2	0	4000	other	0
2008	97	Pulse	5	2020999	15610	2
2008	98	Picture	30	2023522	0	1	4088	3	0	4000	other	0
2008	98	Pulse	5	2040998	17476	2
2008	99	Picture	30	2041654	0	1	4089	2	0	4000	other	0
2008	100	Picture	30	2059787	0	1	4089	2	0	4000	other	0
2008	100	Pulse	5	2060988	1201	2
2008	101	Picture	31	2077920	0	1	4088	3	0	4000	hit	211
2008	101	Pulse	5	2080987	3067	2
2008	101	Response	1	2083067	5147	2
2008	102	Picture	30	2096052	0	1	4089	2	0	4000	other	0
2008	102	Pulse	5	2100987	4935	2
2008	103	Picture	30	2114185	0	1	4089	2	0	4000	false_alarm	215
2008	103	Response	1	2120016	5831	2
2008	103	Pulse	5	2120976	6791	2
2008	104	Pulse	5	2140976	8658	1
2008	105	Picture	10	2157383	0	1	4089	2	0	4000	other	0
2008	105	Pulse	5	2160975	3592	2
2008	106	Picture	10	2175516	0	1	4089	2	0	4000	other	0
2008	106	Pulse	5	2180964	5448	2
2008	107	Picture	11	2193649	0	1	4088	3	0	4000	hit	223
2008	107	Response	1	2196484	2835	2
2008	107	Pulse	5	2200964	7315	2
2008	108	Picture	10	2211781	0	1	4089	2	0	4000	other	0
2008	108	Pulse	5	2220963	9182	2
2008	109	Picture	11	2229914	0	1	4089	2	0	4000	hit	228
2008	109	Response	1	2234403	4489	2
2008	109	Pulse	5	2240953	11039	2
2008	110	Picture	10	2248047	0	1	4088	2	0	4000	other	0
2008	110	Pulse	5	2260952	12905	2
2008	111	Picture	10	2266179	0	1	4089	2	0	4000	other	0
2008	111	Pulse	5	2280952	14773	1
2008	112	Picture	11	2284312	0	1	4089	2	0	4000	hit	235
2008	112	Response	1	2287191	2879	2
2008	112	Pulse	5	2300941	16629	2
2008	113	Picture	10	2302444	0	2	4089	3	0	4000	other	0
2008	114	Picture	10	2320577	0	1	4089	2	0	4000	other	0
2008	114	Pulse	5	2320940	363	2
2008	115	Picture	10	2338710	0	1	4088	3	0	4000	other	0
2008	115	Pulse	5	2340941	2231	1
2008	116	Picture	10	2356842	0	2	4089	3	0	4000	other	0
2008	116	Pulse	5	2360929	4087	2
2008	117	Picture	10	2374975	0	1	4089	2	0	4000	other	0
2008	117	Pulse	5	2380929	5954	2
2008	118	Picture	11	2393108	0	1	4088	3	0	4000	hit	247
2008	118	Response	1	2397248	4140	2
2008	118	Pulse	5	2400928	7820	2
2008	119	Picture	10	2411240	0	2	4089	3	0	4000	other	0
2008	119	Pulse	5	2420918	9678	2
2008	120	Picture	10	2429373	0	1	4089	2	0	4000	other	0
2008	120	Pulse	5	2440917	11544	2
2008	121	Pulse	5	2460917	13411	1
2008	122	Picture	20	2472571	0	2	4089	3	0	4000	other	0
2008	122	Pulse	5	2480906	8335	2
2008	123	Picture	20	2490704	0	1	4089	2	0	4000	other	0
2008	123	Pulse	5	2500905	10201	2
2008	124	Picture	20	2508837	0	1	4088	3	0	4000	other	0
2008	124	Pulse	5	2520905	12068	2
2008	125	Picture	21	2526969	0	1	4089	2	0	4000	hit	261
2008	125	Response	1	2530665	3696	1
2008	125	Pulse	5	2540894	13925	2
2008	126	Picture	20	2545102	0	1	4088	3	0	4000	other	0
2008	126	Pulse	5	2560894	15792	2
2008	127	Picture	20	2563235	0	1	4088	2	0	4000	other	0
2008	127	Pulse	5	2580893	17658	2
2008	128	Picture	21	2581367	0	1	4089	2	0	4000	hit	268
2008	128	Response	1	2584733	3366	2
2008	129	Picture	20	2599500	0	1	4088	3	0	4000	other	0
2008	129	Pulse	5	2600883	1383	1
2008	130	Picture	20	2617632	0	2	4089	3	0	4000	other	0
2008	130	Pulse	5	2620882	3250	2
2008	131	Picture	20	2635765	0	1	4089	2	0	4000	other	0
2008	131	Pulse	5	2641041	5276	2
2008	132	Picture	21	2653898	0	1	4088	3	0	4000	hit	276
2008	132	Response	1	2657511	3613	2
2008	132	Pulse	5	2660871	6973	2
2008	133	Picture	20	2672030	0	2	4089	3	0	4000	other	0
2008	133	Pulse	5	2680870	8840	2
2008	134	Picture	20	2690163	0	1	4089	2	0	4000	other	0
2008	134	Pulse	5	2700870	10707	2
2008	135	Picture	21	2708296	0	1	4088	3	0	4000	hit	283
2008	135	Response	1	2712549	4253	2
2008	135	Pulse	5	2720859	12563	2
2008	136	Picture	20	2726428	0	1	4089	2	0	4000	other	0
2008	136	Pulse	5	2740859	14431	1
2008	137	Picture	20	2744561	0	1	4089	2	0	4000	other	0
