Scenario - 1-back
Logfile written - 04/17/2015 12:00:11

Subject	Trial	Event Type	Code	Time	TTime	Uncertainty	Duration	Uncertainty	ReqTime	ReqDur	Stim Type	Pair Index

2008	1	Response	1	230923	240745	2
2008	1	Pulse	5	481426	491248	2
2008	2	Pulse	5	501426	19890	2
2008	3	Picture	10	506601	0	1	4089	2	0	4000	other	0
2008	3	Pulse	5	521425	14824	2
2008	4	Picture	10	524734	0	1	4089	2	0	4000	other	0
2008	4	Pulse	5	541415	16681	1
2008	5	Picture	11	542866	0	2	4089	3	0	4000	hit	9
2008	5	Response	1	546216	3350	1
2008	6	Picture	10	560999	0	1	4089	2	0	4000	other	0
2008	6	Pulse	5	561414	415	2
2008	7	Picture	11	579132	0	1	4088	3	0	4000	hit	14
2008	7	Pulse	5	581413	2281	2
2008	7	Response	1	581893	2761	2
2008	8	Picture	10	597264	0	2	4089	4	0	4000	other	0
2008	8	Pulse	5	601563	4299	2
2008	9	Picture	10	615397	0	1	4089	2	0	4000	other	0
2008	9	Pulse	5	621562	6165	2
2008	10	Picture	10	633530	0	1	4088	3	0	4000	other	0
2008	10	Pulse	5	641562	8032	2
2008	11	Picture	11	651662	0	1	4089	2	0	4000	hit	22
2008	11	Response	1	654031	2369	2
2008	11	Pulse	5	661551	9889	2
2008	12	Picture	10	669795	0	1	4089	2	0	4000	other	0
2008	12	Pulse	5	681551	11756	1
2008	13	Picture	10	687928	0	1	4088	2	0	4000	other	0
2008	13	Pulse	5	701550	13622	2
2008	14	Picture	11	706060	0	1	4089	2	0	4000	hit	29
2008	14	Response	1	708910	2850	2
2008	14	Pulse	5	721540	15480	1
2008	15	Picture	10	724193	0	1	4088	3	0	4000	other	0
2008	15	Pulse	5	741539	17346	2
2008	16	Picture	10	742325	0	2	4089	3	0	4000	other	0
2008	17	Picture	10	760458	0	1	4089	2	0	4000	other	0
2008	17	Pulse	5	761538	1080	2
2008	18	Picture	10	778591	0	1	4088	3	0	4000	other	0
2008	18	Pulse	5	781528	2937	2
2008	19	Pulse	5	801527	4804	2
2008	19	Pulse	5	821527	24804	2
2008	20	Picture	20	821789	0	1	4089	2	0	4000	other	0
2008	21	Picture	20	839922	0	1	4088	2	0	4000	other	0
2008	21	Pulse	5	841516	1594	2
2008	22	Picture	21	858054	0	1	4089	2	0	4000	hit	45
2008	22	Pulse	5	861516	3462	1
2008	22	Response	1	861836	3782	1
2008	23	Picture	20	876187	0	1	4089	2	0	4000	other	0
2008	23	Pulse	5	881515	5328	2
2008	24	Picture	20	894319	0	2	4089	3	0	4000	other	0
2008	24	Pulse	5	901504	7185	2
2008	25	Picture	20	912452	0	1	4089	2	0	4000	other	0
2008	25	Pulse	5	921504	9052	2
2008	26	Picture	21	930585	0	1	4089	2	0	4000	hit	53
2008	26	Response	1	935103	4518	2
2008	26	Pulse	5	941503	10918	2
2008	27	Picture	20	948717	0	2	4089	3	0	4000	other	0
2008	27	Pulse	5	961493	12776	2
2008	28	Picture	20	966850	0	1	4089	2	0	4000	other	0
2008	28	Pulse	5	981492	14642	2
2008	29	Picture	20	984983	0	1	4088	3	0	4000	other	0
2008	29	Pulse	5	1001492	16509	1
2008	30	Picture	20	1003115	0	1	4089	2	0	4000	other	0
2008	31	Picture	20	1021248	0	1	4089	2	0	4000	false_alarm	64
2008	31	Pulse	5	1021481	233	2
2008	31	Response	1	1024201	2953	2
2008	32	Picture	21	1039381	0	1	4088	2	0	4000	hit	67
2008	32	Pulse	5	1041481	2100	1
2008	32	Response	1	1045160	5779	2
2008	33	Picture	20	1057513	0	1	4089	2	0	4000	other	0
2008	33	Pulse	5	1061480	3967	2
2008	34	Picture	20	1075646	0	1	4088	3	0	4000	other	0
2008	34	Pulse	5	1081469	5823	2
2008	35	Picture	21	1093778	0	2	4089	3	0	4000	hit	73
2008	35	Response	1	1097469	3691	2
2008	35	Pulse	5	1101469	7691	2
2008	36	Pulse	5	1121468	9557	2
2008	37	Picture	10	1136977	0	1	4088	3	0	4000	other	0
2008	37	Pulse	5	1141458	4481	1
2008	38	Picture	10	1155109	0	2	4089	3	0	4000	other	0
2008	38	Pulse	5	1161457	6348	2
2008	39	Picture	11	1173242	0	1	4089	2	0	4000	hit	81
2008	39	Response	1	1176977	3735	2
2008	39	Pulse	5	1181457	8215	1
2008	40	Picture	10	1191375	0	1	4088	2	0	4000	other	0
2008	40	Pulse	5	1201446	10071	2
2008	41	Picture	11	1209507	0	2	4089	3	0	4000	hit	86
2008	41	Response	1	1214406	4899	1
2008	41	Pulse	5	1221445	11938	2
2008	42	Picture	10	1227640	0	1	4089	2	0	4000	other	0
2008	42	Pulse	5	1241445	13805	2
2008	43	Picture	10	1245772	0	2	4089	3	0	4000	other	0
2008	43	Pulse	5	1261436	15664	1
2008	44	Picture	10	1263905	0	1	4089	2	0	4000	other	0
2008	44	Pulse	5	1281435	17530	1
2008	45	Picture	11	1282038	0	1	4089	2	0	4000	hit	95
2008	45	Response	1	1285915	3877	1
2008	46	Picture	10	1300170	0	2	4089	3	0	4000	other	0
2008	46	Pulse	5	1301434	1264	2
2008	47	Picture	10	1318303	0	1	4089	2	0	4000	other	0
2008	47	Pulse	5	1321423	3120	1
2008	48	Picture	11	1336436	0	1	4088	3	0	4000	hit	101
2008	48	Response	1	1340302	3866	2
2008	48	Pulse	5	1341422	4986	2
2008	49	Picture	10	1354568	0	2	4089	3	0	4000	other	0
2008	49	Pulse	5	1361421	6853	2
2008	50	Picture	10	1372701	0	1	4089	2	0	4000	other	0
2008	50	Pulse	5	1381411	8710	2
2008	51	Picture	10	1390834	0	1	4088	3	0	4000	other	0
2008	51	Pulse	5	1401410	10576	2
2008	52	Picture	10	1408966	0	1	4089	2	0	4000	other	0
2008	52	Pulse	5	1421410	12444	2
2008	53	Pulse	5	1441399	14300	2
2008	54	Picture	30	1452165	0	1	4088	3	0	4000	other	0
2008	54	Pulse	5	1461399	9234	2
2008	55	Picture	30	1470297	0	1	4089	2	0	4000	other	0
2008	55	Pulse	5	1481398	11101	2
2008	56	Picture	31	1488430	0	1	4089	2	0	4000	hit	117
2008	56	Response	1	1491958	3528	2
2008	56	Pulse	5	1501388	12958	1
2008	57	Picture	30	1506562	0	2	4089	3	0	4000	other	0
2008	57	Pulse	5	1521387	14825	2
2008	58	Picture	30	1524695	0	1	4089	2	0	4000	other	0
2008	58	Pulse	5	1541386	16691	2
2008	59	Picture	30	1542828	0	1	4088	3	0	4000	other	0
2008	60	Picture	31	1560960	0	2	4089	3	0	4000	hit	126
2008	60	Pulse	5	1561376	416	2
2008	60	Response	1	1564256	3296	2
2008	61	Picture	31	1579093	0	1	4089	2	0	4000	miss	0
2008	61	Pulse	5	1581375	2282	2
2008	62	Picture	30	1597226	0	1	4088	3	0	4000	other	0
2008	62	Pulse	5	1601375	4149	2
2008	63	Picture	30	1615358	0	1	4089	2	0	4000	other	0
2008	63	Pulse	5	1621364	6006	2
2008	64	Picture	30	1633491	0	1	4089	2	0	4000	other	0
2008	64	Pulse	5	1641524	8033	1
2008	65	Picture	31	1651623	0	2	4089	3	0	4000	hit	136
2008	65	Response	1	1654483	2860	2
2008	65	Pulse	5	1661524	9901	1
2008	66	Picture	30	1669756	0	1	4089	2	0	4000	other	0
2008	66	Pulse	5	1681512	11756	2
2008	67	Picture	30	1687889	0	1	4088	3	0	4000	other	0
2008	67	Pulse	5	1701512	13623	2
2008	68	Picture	30	1706021	0	2	4089	3	0	4000	other	0
2008	68	Pulse	5	1721511	15490	2
2008	69	Picture	30	1724154	0	1	4089	2	0	4000	other	0
2008	69	Pulse	5	1741501	17347	2
2008	70	Pulse	5	1761500	19213	2
2008	71	Picture	10	1767352	0	2	4089	3	0	4000	other	0
2008	71	Pulse	5	1781500	14148	1
2008	72	Picture	10	1785485	0	1	4089	2	0	4000	other	0
2008	72	Pulse	5	1801489	16004	2
2008	73	Picture	11	1803618	0	1	4088	3	0	4000	hit	152
2008	73	Response	1	1806929	3311	2
2008	73	Pulse	5	1821488	17870	2
2008	74	Picture	10	1821750	0	1	4089	2	0	4000	other	0
2008	75	Picture	11	1839883	0	1	4089	2	0	4000	hit	157
2008	75	Pulse	5	1841488	1605	2
2008	75	Response	1	1844848	4965	2
2008	76	Picture	10	1858016	0	1	4088	2	0	4000	other	0
2008	76	Pulse	5	1861477	3461	2
2008	77	Picture	10	1876148	0	1	4089	2	0	4000	other	0
2008	77	Pulse	5	1881477	5329	2
2008	78	Picture	11	1894281	0	1	4089	2	0	4000	hit	163
2008	78	Response	1	1898276	3995	2
2008	78	Pulse	5	1901476	7195	2
2008	79	Picture	10	1912413	0	2	4089	3	0	4000	other	0
2008	79	Pulse	5	1921466	9053	1
2008	80	Picture	10	1930546	0	1	4088	3	0	4000	other	0
2008	80	Pulse	5	1941465	10919	2
2008	81	Picture	10	1948679	0	1	4088	3	0	4000	other	0
2008	81	Pulse	5	1961465	12786	1
2008	82	Picture	10	1966811	0	2	4089	3	0	4000	other	0
2008	82	Pulse	5	1981454	14643	2
2008	83	Picture	10	1984944	0	1	4089	3	0	4000	other	0
2008	83	Pulse	5	2001453	16509	2
2008	84	Picture	11	2003077	0	1	4088	3	0	4000	hit	176
2008	84	Response	1	2007533	4456	2
2008	85	Picture	10	2021209	0	1	4089	2	0	4000	other	0
2008	85	Pulse	5	2021453	244	2
2008	86	Picture	10	2039342	0	1	4089	2	0	4000	other	0
2008	86	Pulse	5	2041442	2100	2
2008	87	Pulse	5	2061442	3967	2
2008	87	Pulse	5	2081441	23966	2
2008	88	Picture	20	2082540	0	1	4089	2	0	4000	other	0
2008	89	Picture	20	2100673	0	1	4089	2	0	4000	other	0
2008	89	Pulse	5	2101431	758	1
2008	90	Picture	20	2118806	0	1	4088	2	0	4000	other	0
2008	90	Pulse	5	2121430	2624	2
2008	91	Picture	21	2136938	0	1	4089	2	0	4000	hit	189
2008	91	Response	1	2141269	4331	2
2008	91	Pulse	5	2141430	4492	1
2008	92	Picture	20	2155071	0	1	4088	3	0	4000	other	0
2008	92	Pulse	5	2161419	6348	2
2008	93	Picture	20	2173203	0	2	4089	3	0	4000	other	0
2008	93	Pulse	5	2181418	8215	2
2008	94	Picture	21	2191336	0	1	4089	2	0	4000	hit	196
2008	94	Response	1	2195178	3842	2
2008	94	Pulse	5	2201418	10082	2
2008	95	Picture	20	2209469	0	1	4088	3	0	4000	other	0
2008	95	Pulse	5	2221407	11938	2
2008	96	Picture	20	2227601	0	2	4089	3	0	4000	other	0
2008	96	Pulse	5	2241407	13806	2
2008	97	Picture	20	2245734	0	1	4089	2	0	4000	other	0
2008	97	Pulse	5	2261406	15672	2
2008	98	Picture	21	2263867	0	1	4088	3	0	4000	hit	205
2008	98	Response	1	2267486	3619	2
2008	98	Pulse	5	2281397	17530	1
2008	99	Picture	20	2281999	0	1	4089	2	0	4000	other	0
2008	100	Picture	20	2300132	0	1	4089	2	0	4000	other	0
2008	100	Pulse	5	2301396	1264	1
2008	101	Picture	21	2318265	0	1	4088	2	0	4000	hit	212
2008	101	Pulse	5	2321396	3131	1
2008	101	Response	1	2321716	3451	1
2008	102	Picture	20	2336397	0	1	4089	2	0	4000	other	0
2008	102	Pulse	5	2341385	4988	1
2008	103	Picture	20	2354530	0	1	4089	2	0	4000	other	0
2008	103	Pulse	5	2361384	6854	1
2008	104	Pulse	5	2381383	8721	2
2008	105	Picture	10	2397728	0	1	4089	2	0	4000	other	0
2008	105	Pulse	5	2401372	3644	2
2008	106	Picture	10	2415861	0	1	4089	2	0	4000	other	0
2008	106	Pulse	5	2421372	5511	1
2008	107	Picture	11	2433993	0	2	4089	3	0	4000	hit	223
2008	107	Response	1	2437851	3858	2
2008	107	Pulse	5	2441371	7378	2
2008	108	Picture	10	2452126	0	1	4089	2	0	4000	other	0
2008	108	Pulse	5	2461361	9235	1
2008	109	Picture	11	2470259	0	1	4088	3	0	4000	hit	228
2008	109	Response	1	2475440	5181	2
2008	109	Pulse	5	2481360	11101	2
2008	110	Picture	10	2488391	0	2	4089	3	0	4000	other	0
2008	110	Pulse	5	2501359	12968	2
2008	111	Picture	10	2506524	0	1	4089	2	0	4000	other	0
2008	111	Pulse	5	2521349	14825	2
2008	112	Picture	11	2524657	0	1	4088	3	0	4000	hit	235
2008	112	Response	1	2528389	3732	1
2008	112	Pulse	5	2541348	16691	2
2008	113	Picture	10	2542789	0	1	4089	2	0	4000	other	0
2008	114	Picture	10	2560922	0	1	4089	2	0	4000	other	0
2008	114	Pulse	5	2561348	426	1
2008	115	Picture	10	2579055	0	1	4088	2	0	4000	other	0
2008	115	Pulse	5	2581337	2282	2
2008	116	Picture	10	2597187	0	1	4089	2	0	4000	other	0
2008	116	Pulse	5	2601337	4150	1
2008	117	Picture	10	2615320	0	1	4089	2	0	4000	other	0
2008	117	Pulse	5	2621336	6016	2
2008	118	Picture	11	2633452	0	2	4089	3	0	4000	hit	247
2008	118	Response	1	2637326	3874	1
2008	118	Pulse	5	2641325	7873	2
2008	119	Picture	10	2651585	0	1	4089	2	0	4000	other	0
2008	119	Pulse	5	2661325	9740	2
2008	120	Picture	10	2669718	0	1	4088	3	0	4000	other	0
2008	120	Pulse	5	2681484	11766	2
2008	121	Pulse	5	2701474	13624	2
2008	122	Picture	30	2712916	0	1	4089	2	0	4000	other	0
2008	122	Pulse	5	2721473	8557	2
2008	123	Picture	30	2731049	0	1	4089	2	0	4000	other	0
2008	123	Pulse	5	2741473	10424	1
2008	124	Picture	30	2749181	0	2	4089	3	0	4000	other	0
2008	124	Pulse	5	2761462	12281	2
2008	125	Picture	31	2767314	0	1	4089	2	0	4000	hit	261
2008	125	Response	1	2771382	4068	2
2008	125	Pulse	5	2781461	14147	2
2008	126	Picture	31	2785447	0	1	4088	3	0	4000	hit	264
2008	126	Response	1	2792981	7534	2
2008	126	Pulse	5	2801461	16014	2
2008	127	Picture	30	2803579	0	2	4089	3	0	4000	other	0
2008	127	Pulse	5	2821450	17871	2
2008	128	Picture	30	2821712	0	1	4089	2	0	4000	other	0
2008	129	Picture	30	2839845	0	1	4088	3	0	4000	other	0
2008	129	Pulse	5	2841450	1605	2
2008	130	Picture	31	2857977	0	1	4089	2	0	4000	hit	273
2008	130	Pulse	5	2861449	3472	2
2008	130	Response	1	2862729	4752	2
2008	131	Picture	30	2876110	0	1	4089	2	0	4000	other	0
2008	131	Pulse	5	2881439	5329	1
2008	132	Picture	30	2894243	0	1	4088	2	0	4000	other	0
2008	132	Pulse	5	2901439	7196	1
2008	133	Picture	30	2912375	0	1	4089	2	0	4000	other	0
2008	133	Pulse	5	2921438	9063	1
2008	134	Picture	30	2930508	0	1	4089	2	0	4000	other	0
2008	134	Pulse	5	2941427	10919	2
2008	135	Picture	31	2948640	0	2	4089	3	0	4000	hit	283
2008	135	Response	1	2951827	3187	1
2008	135	Pulse	5	2961426	12786	2
2008	136	Picture	30	2966773	0	1	4089	2	0	4000	false_alarm	286
2008	136	Response	1	2973906	7133	2
2008	136	Pulse	5	2981426	14653	2
2008	137	Picture	30	2984906	0	1	4088	3	0	4000	false_alarm	289
2008	137	Response	1	2992936	8030	1
