Scenario - 1-back
Logfile written - 04/12/2014 13:38:55

Subject	Trial	Event Type	Code	Time	TTime	Uncertainty	Duration	Uncertainty	ReqTime	ReqDur	Stim Type	Pair Index

2027_nback3	1	Pulse	5	131892	141726	3
2027_nback3	2	Pulse	5	151883	19968	2
2027_nback3	3	Picture	10	156949	0	1	4144	3	0	4000	other	0
2027_nback3	3	Pulse	5	171881	14932	4
2027_nback3	4	Picture	10	175020	0	1	4144	3	0	4000	other	0
2027_nback3	4	Pulse	5	191882	16862	3
2027_nback3	5	Picture	11	193091	0	1	4144	3	0	4000	hit	8
2027_nback3	5	Response	1	195882	2791	3
2027_nback3	6	Picture	10	211162	0	1	4144	3	0	4000	other	0
2027_nback3	6	Pulse	5	211872	710	2
2027_nback3	7	Picture	11	229233	0	1	4144	3	0	4000	hit	13
2027_nback3	7	Pulse	5	231872	2639	2
2027_nback3	7	Response	1	232992	3759	2
2027_nback3	8	Picture	10	247304	0	1	4144	3	0	4000	other	0
2027_nback3	8	Pulse	5	251871	4567	2
2027_nback3	9	Picture	10	265375	0	1	4144	3	0	4000	other	0
2027_nback3	9	Pulse	5	271861	6486	2
2027_nback3	10	Picture	10	283446	0	1	4144	3	0	4000	other	0
2027_nback3	10	Pulse	5	291861	8415	2
2027_nback3	11	Picture	11	301517	0	1	4144	3	0	4000	hit	21
2027_nback3	11	Response	1	304499	2982	4
2027_nback3	11	Pulse	5	311860	10343	2
2027_nback3	12	Picture	10	319588	0	1	4144	3	0	4000	other	0
2027_nback3	12	Pulse	5	331850	12262	2
2027_nback3	13	Picture	10	337659	0	1	4144	3	0	4000	other	0
2027_nback3	13	Pulse	5	351850	14191	2
2027_nback3	14	Picture	11	355730	0	1	4144	3	0	4000	hit	28
2027_nback3	14	Response	1	359050	3320	2
2027_nback3	14	Pulse	5	371850	16120	1
2027_nback3	15	Picture	10	373801	0	1	4144	3	0	4000	other	0
2027_nback3	15	Pulse	5	391839	18038	2
2027_nback3	16	Picture	10	391872	0	1	4144	3	0	4000	other	0
2027_nback3	17	Picture	10	409943	0	1	4144	3	0	4000	other	0
2027_nback3	17	Pulse	5	411839	1896	2
2027_nback3	18	Picture	10	428014	0	1	4144	3	0	4000	other	0
2027_nback3	18	Pulse	5	431839	3825	1
2027_nback3	19	Pulse	5	451828	5743	2
2027_nback3	20	Picture	20	471119	0	1	4145	2	0	4000	other	0
2027_nback3	20	Pulse	5	471828	709	2
2027_nback3	21	Picture	20	489190	0	1	4145	2	0	4000	other	0
2027_nback3	21	Pulse	5	491828	2638	1
2027_nback3	22	Picture	21	507261	0	1	4145	2	0	4000	hit	43
2027_nback3	22	Response	1	511177	3916	2
2027_nback3	22	Pulse	5	511817	4556	2
2027_nback3	23	Picture	20	525332	0	1	4145	2	0	4000	other	0
2027_nback3	23	Pulse	5	531818	6486	1
2027_nback3	24	Picture	20	543403	0	1	4145	2	0	4000	other	0
2027_nback3	24	Pulse	5	551817	8414	2
2027_nback3	25	Picture	20	561474	0	1	4145	2	0	4000	other	0
2027_nback3	25	Pulse	5	571806	10332	2
2027_nback3	26	Picture	21	579545	0	1	4145	2	0	4000	hit	52
2027_nback3	26	Response	1	582366	2821	2
2027_nback3	26	Pulse	5	591806	12261	2
2027_nback3	27	Picture	20	597616	0	1	4145	2	0	4000	other	0
2027_nback3	27	Pulse	5	611806	14190	2
2027_nback3	28	Picture	20	615687	0	1	4145	2	0	4000	other	0
2027_nback3	28	Pulse	5	631795	16108	3
2027_nback3	29	Picture	20	633758	0	1	4145	2	0	4000	other	0
2027_nback3	29	Pulse	5	651795	18037	3
2027_nback3	30	Picture	20	651829	0	1	4145	2	0	4000	other	0
2027_nback3	31	Picture	20	669900	0	1	4145	2	0	4000	other	0
2027_nback3	31	Pulse	5	671795	1895	2
2027_nback3	32	Picture	21	687971	0	1	4145	2	0	4000	hit	64
2027_nback3	32	Response	1	691463	3492	4
2027_nback3	32	Pulse	5	691785	3814	1
2027_nback3	33	Picture	20	706042	0	1	4145	2	0	4000	other	0
2027_nback3	33	Pulse	5	711784	5742	2
2027_nback3	34	Picture	20	724113	0	1	4145	2	0	4000	other	0
2027_nback3	34	Pulse	5	731784	7671	2
2027_nback3	35	Picture	21	742184	0	2	4145	3	0	4000	hit	71
2027_nback3	35	Response	1	746014	3830	1
2027_nback3	35	Pulse	5	751774	9590	1
2027_nback3	36	Pulse	5	771773	11518	2
2027_nback3	37	Picture	10	785289	0	1	4145	2	0	4000	other	0
2027_nback3	37	Pulse	5	791773	6484	2
2027_nback3	38	Picture	10	803360	0	1	4145	2	0	4000	other	0
2027_nback3	38	Pulse	5	811763	8403	2
2027_nback3	39	Picture	11	821431	0	1	4145	2	0	4000	hit	79
2027_nback3	39	Response	1	823762	2331	3
2027_nback3	39	Pulse	5	831762	10331	3
2027_nback3	40	Picture	10	839502	0	1	4145	2	0	4000	other	0
2027_nback3	40	Pulse	5	851762	12260	2
2027_nback3	41	Picture	11	857573	0	1	4145	2	0	4000	hit	84
2027_nback3	41	Response	1	861522	3949	2
2027_nback3	41	Pulse	5	871752	14179	2
2027_nback3	42	Picture	10	875644	0	1	4145	2	0	4000	other	0
2027_nback3	42	Pulse	5	891751	16107	3
2027_nback3	43	Picture	10	893715	0	1	4145	2	0	4000	other	0
2027_nback3	43	Pulse	5	911751	18036	2
2027_nback3	44	Picture	10	911786	0	1	4145	2	0	4000	other	0
2027_nback3	45	Picture	11	929857	0	1	4145	2	0	4000	hit	93
2027_nback3	45	Pulse	5	931741	1884	2
2027_nback3	45	Response	1	933021	3164	2
2027_nback3	46	Picture	10	947928	0	1	4145	2	0	4000	other	0
2027_nback3	46	Pulse	5	951740	3812	2
2027_nback3	47	Picture	10	965999	0	1	4145	2	0	4000	other	0
2027_nback3	47	Pulse	5	971740	5741	2
2027_nback3	48	Picture	11	984070	0	1	4145	2	0	4000	hit	99
2027_nback3	48	Response	1	987090	3020	2
2027_nback3	48	Pulse	5	991730	7660	2
2027_nback3	49	Picture	10	1002141	0	1	4145	2	0	4000	other	0
2027_nback3	49	Pulse	5	1011729	9588	2
2027_nback3	50	Picture	10	1020212	0	1	4145	2	0	4000	other	0
2027_nback3	50	Pulse	5	1031729	11517	2
2027_nback3	51	Picture	10	1038283	0	1	4145	2	0	4000	other	0
2027_nback3	51	Pulse	5	1051718	13435	3
2027_nback3	52	Picture	10	1056354	0	1	4145	2	0	4000	other	0
2027_nback3	52	Pulse	5	1071717	15363	4
2027_nback3	53	Pulse	5	1091717	17292	4
2027_nback3	54	Picture	30	1099459	0	1	4145	2	0	4000	other	0
2027_nback3	54	Pulse	5	1111708	12249	2
2027_nback3	55	Picture	30	1117530	0	1	4145	2	0	4000	other	0
2027_nback3	55	Pulse	5	1131866	14336	4
2027_nback3	56	Picture	31	1135601	0	1	4145	2	0	4000	hit	115
2027_nback3	56	Response	1	1138587	2986	3
2027_nback3	56	Pulse	5	1151866	16265	4
2027_nback3	57	Picture	30	1153672	0	1	4145	2	0	4000	other	0
2027_nback3	58	Picture	30	1171743	0	1	4145	2	0	4000	other	0
2027_nback3	58	Pulse	5	1171857	114	2
2027_nback3	59	Picture	30	1189814	0	1	4145	2	0	4000	other	0
2027_nback3	59	Pulse	5	1191857	2043	2
2027_nback3	60	Picture	31	1207885	0	1	4145	2	0	4000	hit	123
2027_nback3	60	Response	1	1211376	3491	2
2027_nback3	60	Pulse	5	1211856	3971	2
2027_nback3	61	Picture	31	1225956	0	1	4145	2	0	4000	hit	126
2027_nback3	61	Response	1	1230406	4450	2
2027_nback3	61	Pulse	5	1231845	5889	3
2027_nback3	62	Picture	30	1244026	0	2	4146	3	0	4000	other	0
2027_nback3	62	Pulse	5	1251846	7820	2
2027_nback3	63	Picture	30	1262098	0	1	4145	2	0	4000	other	0
2027_nback3	63	Pulse	5	1271845	9747	2
2027_nback3	64	Picture	30	1280169	0	1	4145	2	0	4000	other	0
2027_nback3	64	Pulse	5	1291836	11667	1
2027_nback3	65	Picture	31	1298240	0	1	4145	2	0	4000	hit	135
2027_nback3	65	Response	1	1301435	3195	2
2027_nback3	65	Pulse	5	1311835	13595	2
2027_nback3	66	Picture	30	1316311	0	1	4145	2	0	4000	other	0
2027_nback3	66	Pulse	5	1331834	15523	2
2027_nback3	67	Picture	30	1334382	0	1	4145	2	0	4000	other	0
2027_nback3	67	Pulse	5	1351824	17442	2
2027_nback3	68	Picture	30	1352453	0	1	4145	2	0	4000	other	0
2027_nback3	69	Picture	30	1370524	0	1	4145	2	0	4000	other	0
2027_nback3	69	Pulse	5	1371824	1300	2
2027_nback3	70	Pulse	5	1391824	3229	1
2027_nback3	70	Pulse	5	1411813	23218	2
2027_nback3	71	Picture	10	1413629	0	2	4145	3	0	4000	other	0
2027_nback3	72	Picture	10	1431700	0	2	4145	3	0	4000	other	0
2027_nback3	72	Pulse	5	1431813	113	2
2027_nback3	73	Picture	11	1449771	0	2	4145	3	0	4000	hit	151
2027_nback3	73	Pulse	5	1451813	2042	1
2027_nback3	73	Response	1	1453573	3802	1
2027_nback3	74	Picture	10	1467842	0	2	4145	3	0	4000	other	0
2027_nback3	74	Pulse	5	1471802	3960	2
2027_nback3	75	Picture	11	1485913	0	2	4145	3	0	4000	hit	155
2027_nback3	75	Response	1	1489562	3649	2
2027_nback3	75	Pulse	5	1491802	5889	2
2027_nback3	76	Picture	10	1503984	0	2	4145	3	0	4000	other	0
2027_nback3	76	Pulse	5	1511802	7818	1
2027_nback3	77	Picture	10	1522055	0	2	4145	3	0	4000	other	0
2027_nback3	77	Pulse	5	1531791	9736	2
2027_nback3	78	Picture	11	1540126	0	2	4145	4	0	4000	hit	162
2027_nback3	78	Response	1	1543791	3665	2
2027_nback3	78	Pulse	5	1551792	11666	1
2027_nback3	79	Picture	10	1558197	0	2	4145	3	0	4000	other	0
2027_nback3	79	Pulse	5	1571791	13594	2
2027_nback3	80	Picture	10	1576268	0	2	4145	3	0	4000	other	0
2027_nback3	80	Pulse	5	1591780	15512	3
2027_nback3	81	Picture	10	1594339	0	2	4145	3	0	4000	other	0
2027_nback3	81	Pulse	5	1611780	17441	3
2027_nback3	82	Picture	10	1612410	0	2	4145	3	0	4000	other	0
2027_nback3	83	Picture	10	1630481	0	2	4145	3	0	4000	other	0
2027_nback3	83	Pulse	5	1631780	1299	2
2027_nback3	84	Picture	11	1648552	0	2	4145	3	0	4000	hit	174
2027_nback3	84	Response	1	1651449	2897	2
2027_nback3	84	Pulse	5	1651769	3217	2
2027_nback3	85	Picture	10	1666623	0	2	4145	3	0	4000	other	0
2027_nback3	85	Pulse	5	1671769	5146	2
2027_nback3	86	Picture	10	1684694	0	2	4145	3	0	4000	other	0
2027_nback3	86	Pulse	5	1691769	7075	2
2027_nback3	87	Pulse	5	1711759	8994	1
2027_nback3	88	Picture	20	1727800	0	1	4144	3	0	4000	other	0
2027_nback3	88	Pulse	5	1731758	3958	2
2027_nback3	89	Picture	20	1745871	0	1	4144	2	0	4000	other	0
2027_nback3	89	Pulse	5	1751758	5887	2
2027_nback3	90	Picture	20	1763942	0	1	4144	3	0	4000	other	0
2027_nback3	90	Pulse	5	1771748	7806	1
2027_nback3	91	Picture	21	1782013	0	1	4144	2	0	4000	hit	188
2027_nback3	91	Response	1	1784547	2534	2
2027_nback3	91	Pulse	5	1791747	9734	2
2027_nback3	92	Picture	20	1800084	0	1	4144	3	0	4000	other	0
2027_nback3	92	Pulse	5	1811747	11663	2
2027_nback3	93	Picture	20	1818155	0	1	4144	2	0	4000	other	0
2027_nback3	93	Pulse	5	1831737	13582	2
2027_nback3	94	Picture	21	1836226	0	1	4144	3	0	4000	hit	195
2027_nback3	94	Response	1	1839257	3031	2
2027_nback3	94	Pulse	5	1851736	15510	3
2027_nback3	95	Picture	20	1854296	0	3	4145	4	0	4000	other	0
2027_nback3	95	Pulse	5	1871736	17440	2
2027_nback3	96	Picture	20	1872368	0	1	4144	3	0	4000	other	0
2027_nback3	97	Picture	20	1890439	0	1	4144	2	0	4000	other	0
2027_nback3	97	Pulse	5	1891726	1287	2
2027_nback3	98	Picture	21	1908510	0	1	4144	2	0	4000	hit	204
2027_nback3	98	Pulse	5	1911725	3215	3
2027_nback3	98	Response	1	1912205	3695	3
2027_nback3	99	Picture	20	1926581	0	1	4144	3	0	4000	other	0
2027_nback3	99	Pulse	5	1931725	5144	2
2027_nback3	100	Picture	20	1944652	0	1	4144	3	0	4000	other	0
2027_nback3	100	Pulse	5	1951715	7063	2
2027_nback3	101	Picture	21	1962723	0	1	4144	3	0	4000	hit	210
2027_nback3	101	Response	1	1965955	3232	1
2027_nback3	101	Pulse	5	1971714	8991	2
2027_nback3	102	Picture	20	1980794	0	1	4144	3	0	4000	other	0
2027_nback3	102	Pulse	5	1991714	10920	2
2027_nback3	103	Picture	20	1998865	0	1	4144	3	0	4000	other	0
2027_nback3	103	Pulse	5	2011704	12839	2
2027_nback3	104	Pulse	5	2031704	14768	1
2027_nback3	105	Picture	10	2041970	0	1	4144	3	0	4000	other	0
2027_nback3	105	Pulse	5	2051703	9733	2
2027_nback3	106	Picture	10	2060041	0	1	4144	3	0	4000	other	0
2027_nback3	106	Pulse	5	2071692	11651	4
2027_nback3	107	Picture	11	2078112	0	1	4144	3	0	4000	hit	222
2027_nback3	107	Response	1	2082892	4780	4
2027_nback3	107	Pulse	5	2091691	13579	4
2027_nback3	108	Picture	10	2096183	0	1	4144	3	0	4000	other	0
2027_nback3	108	Pulse	5	2111691	15508	4
2027_nback3	109	Picture	11	2114254	0	1	4145	2	0	4000	hit	227
2027_nback3	109	Response	1	2118412	4158	3
2027_nback3	109	Pulse	5	2131682	17428	2
2027_nback3	110	Picture	10	2132325	0	1	4144	3	0	4000	other	0
2027_nback3	111	Picture	10	2150396	0	1	4144	3	0	4000	other	0
2027_nback3	111	Pulse	5	2151682	1286	1
2027_nback3	112	Picture	11	2168467	0	1	4145	2	0	4000	hit	233
2027_nback3	112	Response	1	2171841	3374	2
2027_nback3	112	Pulse	5	2171841	3374	2
2027_nback3	113	Picture	10	2186538	0	1	4145	2	0	4000	other	0
2027_nback3	113	Pulse	5	2191830	5292	3
2027_nback3	114	Picture	10	2204609	0	1	4144	3	0	4000	other	0
2027_nback3	114	Pulse	5	2211830	7221	3
2027_nback3	115	Picture	10	2222680	0	1	4144	3	0	4000	other	0
2027_nback3	115	Pulse	5	2231829	9149	3
2027_nback3	116	Picture	10	2240751	0	1	4144	3	0	4000	other	0
2027_nback3	116	Pulse	5	2251820	11069	2
2027_nback3	117	Picture	10	2258822	0	1	4144	3	0	4000	other	0
2027_nback3	117	Pulse	5	2271820	12998	2
2027_nback3	118	Picture	11	2276893	0	1	4145	2	0	4000	hit	246
2027_nback3	118	Response	1	2279980	3087	1
2027_nback3	118	Pulse	5	2291819	14926	2
2027_nback3	119	Picture	10	2294964	0	1	4145	2	0	4000	other	0
2027_nback3	119	Pulse	5	2311809	16845	2
2027_nback3	120	Picture	10	2313035	0	1	4145	2	0	4000	other	0
2027_nback3	121	Pulse	5	2331808	702	13
2027_nback3	121	Pulse	5	2351809	20703	1
2027_nback3	122	Picture	30	2356140	0	1	4145	2	0	4000	other	0
2027_nback3	122	Pulse	5	2371798	15658	2
2027_nback3	123	Picture	30	2374211	0	1	4145	2	0	4000	other	0
2027_nback3	123	Pulse	5	2391798	17587	2
2027_nback3	124	Picture	30	2392282	0	1	4145	2	0	4000	other	0
2027_nback3	125	Picture	31	2410353	0	1	4145	2	0	4000	hit	260
2027_nback3	125	Pulse	5	2411798	1445	1
2027_nback3	125	Response	1	2414678	4325	1
2027_nback3	126	Picture	31	2428424	0	1	4145	2	0	4000	hit	262
2027_nback3	126	Response	1	2431627	3203	2
2027_nback3	126	Pulse	5	2431787	3363	2
2027_nback3	127	Picture	30	2446495	0	1	4145	2	0	4000	other	0
2027_nback3	127	Pulse	5	2451787	5292	2
2027_nback3	128	Picture	30	2464566	0	1	4145	2	0	4000	other	0
2027_nback3	128	Pulse	5	2471787	7221	2
2027_nback3	129	Picture	30	2482637	0	1	4145	2	0	4000	other	0
2027_nback3	129	Pulse	5	2491776	9139	2
2027_nback3	130	Picture	31	2500708	0	1	4145	2	0	4000	hit	271
2027_nback3	130	Response	1	2503296	2588	2
2027_nback3	130	Pulse	5	2511776	11068	2
2027_nback3	131	Picture	30	2518779	0	1	4145	2	0	4000	other	0
2027_nback3	131	Pulse	5	2531776	12997	2
2027_nback3	132	Picture	30	2536850	0	1	4145	2	0	4000	other	0
2027_nback3	132	Pulse	5	2551767	14917	1
2027_nback3	133	Picture	30	2554921	0	1	4145	2	0	4000	other	0
2027_nback3	133	Pulse	5	2571765	16844	2
2027_nback3	134	Picture	30	2572992	0	1	4145	2	0	4000	other	0
2027_nback3	135	Picture	31	2591063	0	1	4145	2	0	4000	hit	282
2027_nback3	135	Pulse	5	2591765	702	2
2027_nback3	135	Response	1	2594485	3422	2
2027_nback3	136	Picture	30	2609134	0	1	4145	2	0	4000	other	0
2027_nback3	136	Pulse	5	2611754	2620	2
2027_nback3	137	Picture	30	2627205	0	1	4145	2	0	4000	other	0
2027_nback3	137	Pulse	5	2631754	4549	2
