Scenario - 1-back
Logfile written - 04/12/2014 13:43:51

Subject	Trial	Event Type	Code	Time	TTime	Uncertainty	Duration	Uncertainty	ReqTime	ReqDur	Stim Type	Pair Index

2027_nback4	1	Pulse	5	200757	210591	1
2027_nback4	2	Pulse	5	220756	19873	2
2027_nback4	3	Picture	10	225917	0	1	4145	2	0	4000	other	0
2027_nback4	3	Pulse	5	240757	14840	1
2027_nback4	4	Picture	10	243988	0	1	4145	2	0	4000	other	0
2027_nback4	4	Pulse	5	260746	16758	1
2027_nback4	5	Picture	11	262059	0	1	4145	2	0	4000	hit	8
2027_nback4	5	Response	1	265226	3167	1
2027_nback4	6	Picture	10	280130	0	1	4145	2	0	4000	other	0
2027_nback4	6	Pulse	5	280745	615	2
2027_nback4	7	Picture	11	298201	0	1	4144	3	0	4000	hit	13
2027_nback4	7	Pulse	5	300745	2544	2
2027_nback4	7	Response	1	301545	3344	2
2027_nback4	8	Picture	10	316272	0	1	4145	2	0	4000	other	0
2027_nback4	8	Pulse	5	320735	4463	2
2027_nback4	9	Picture	10	334343	0	1	4145	2	0	4000	other	0
2027_nback4	9	Pulse	5	340734	6391	2
2027_nback4	10	Picture	10	352414	0	1	4145	2	0	4000	other	0
2027_nback4	10	Pulse	5	360734	8320	2
2027_nback4	11	Picture	11	370485	0	1	4145	2	0	4000	hit	21
2027_nback4	11	Response	1	374485	4000	2
2027_nback4	11	Pulse	5	380724	10239	2
2027_nback4	12	Picture	10	388556	0	1	4145	2	0	4000	other	0
2027_nback4	12	Pulse	5	400723	12167	2
2027_nback4	13	Picture	10	406627	0	1	4145	2	0	4000	other	0
2027_nback4	13	Pulse	5	420724	14097	1
2027_nback4	14	Picture	11	424698	0	1	4145	2	0	4000	hit	28
2027_nback4	14	Response	1	427753	3055	2
2027_nback4	14	Pulse	5	440713	16015	2
2027_nback4	15	Picture	10	442769	0	1	4145	2	0	4000	other	0
2027_nback4	15	Pulse	5	460713	17944	1
2027_nback4	16	Picture	10	460840	0	1	4145	2	0	4000	other	0
2027_nback4	17	Picture	10	478911	0	1	4145	2	0	4000	other	0
2027_nback4	17	Pulse	5	480712	1801	2
2027_nback4	18	Picture	10	496982	0	1	4145	2	0	4000	other	0
2027_nback4	18	Pulse	5	500702	3720	2
2027_nback4	19	Pulse	5	520702	5649	1
2027_nback4	20	Picture	30	540087	0	1	4145	2	0	4000	other	0
2027_nback4	20	Pulse	5	540701	614	2
2027_nback4	21	Picture	30	558158	0	1	4145	2	0	4000	other	0
2027_nback4	21	Pulse	5	560691	2533	2
2027_nback4	22	Picture	31	576229	0	1	4145	2	0	4000	hit	43
2027_nback4	22	Response	1	580051	3822	2
2027_nback4	22	Pulse	5	580691	4462	1
2027_nback4	23	Picture	30	594300	0	1	4145	2	0	4000	other	0
2027_nback4	23	Pulse	5	600690	6390	2
2027_nback4	24	Picture	30	612371	0	2	4145	3	0	4000	other	0
2027_nback4	24	Pulse	5	620680	8309	2
2027_nback4	25	Picture	30	630442	0	1	4145	2	0	4000	other	0
2027_nback4	25	Pulse	5	640680	10238	2
2027_nback4	26	Picture	31	648513	0	1	4145	2	0	4000	hit	52
2027_nback4	26	Response	1	651559	3046	3
2027_nback4	26	Pulse	5	660679	12166	3
2027_nback4	27	Picture	31	666584	0	1	4145	2	0	4000	hit	55
2027_nback4	27	Response	1	673629	7045	3
2027_nback4	27	Pulse	5	680669	14085	2
2027_nback4	28	Picture	30	684655	0	1	4145	2	0	4000	other	0
2027_nback4	28	Pulse	5	700669	16014	2
2027_nback4	29	Picture	30	702726	0	1	4145	2	0	4000	other	0
2027_nback4	29	Pulse	5	720668	17942	2
2027_nback4	30	Picture	30	720797	0	1	4145	2	0	4000	other	0
2027_nback4	31	Picture	31	738868	0	1	4145	2	0	4000	miss	0
2027_nback4	31	Pulse	5	740658	1790	2
2027_nback4	32	Picture	30	756939	0	1	4145	2	0	4000	other	0
2027_nback4	32	Pulse	5	760658	3719	2
2027_nback4	33	Picture	30	775010	0	1	4145	2	0	4000	other	0
2027_nback4	33	Pulse	5	780657	5647	2
2027_nback4	34	Picture	30	793081	0	1	4145	2	0	4000	other	0
2027_nback4	34	Pulse	5	800646	7565	3
2027_nback4	35	Picture	30	811152	0	1	4145	2	0	4000	other	0
2027_nback4	35	Pulse	5	820646	9494	3
2027_nback4	36	Pulse	5	840645	11422	4
2027_nback4	37	Picture	10	854257	0	1	4145	2	0	4000	other	0
2027_nback4	37	Pulse	5	860635	6378	3
2027_nback4	38	Picture	10	872328	0	1	4145	2	0	4000	other	0
2027_nback4	38	Pulse	5	880635	8307	3
2027_nback4	39	Picture	11	890399	0	1	4145	2	0	4000	hit	78
2027_nback4	39	Response	1	893276	2877	2
2027_nback4	39	Pulse	5	900634	10235	4
2027_nback4	40	Picture	10	908470	0	1	4145	2	0	4000	other	0
2027_nback4	40	Pulse	5	920784	12314	3
2027_nback4	41	Picture	11	926541	0	1	4145	2	0	4000	hit	83
2027_nback4	41	Response	1	930065	3524	2
2027_nback4	41	Pulse	5	940784	14243	3
2027_nback4	42	Picture	10	944612	0	1	4145	2	0	4000	other	0
2027_nback4	42	Pulse	5	960783	16171	4
2027_nback4	43	Picture	10	962683	0	1	4145	2	0	4000	other	0
2027_nback4	44	Picture	10	980754	0	2	4145	3	0	4000	other	0
2027_nback4	44	Pulse	5	980774	20	2
2027_nback4	45	Picture	11	998825	0	1	4145	2	0	4000	hit	92
2027_nback4	45	Pulse	5	1000774	1949	2
2027_nback4	45	Response	1	1001254	2429	2
2027_nback4	46	Picture	10	1016896	0	1	4145	2	0	4000	other	0
2027_nback4	46	Pulse	5	1020774	3878	2
2027_nback4	47	Picture	10	1034967	0	1	4145	2	0	4000	other	0
2027_nback4	47	Pulse	5	1040763	5796	2
2027_nback4	48	Picture	11	1053038	0	1	4145	2	0	4000	hit	98
2027_nback4	48	Response	1	1055963	2925	2
2027_nback4	48	Pulse	5	1060763	7725	2
2027_nback4	49	Picture	10	1071109	0	1	4145	2	0	4000	other	0
2027_nback4	49	Pulse	5	1080753	9644	3
2027_nback4	50	Picture	10	1089180	0	1	4145	2	0	4000	other	0
2027_nback4	50	Pulse	5	1100754	11574	1
2027_nback4	51	Picture	10	1107251	0	1	4145	2	0	4000	other	0
2027_nback4	51	Pulse	5	1120752	13501	2
2027_nback4	52	Picture	10	1125322	0	1	4145	2	0	4000	other	0
2027_nback4	52	Pulse	5	1140752	15430	3
2027_nback4	53	Pulse	5	1160741	17348	3
2027_nback4	54	Picture	20	1168427	0	2	4145	3	0	4000	other	0
2027_nback4	54	Pulse	5	1180741	12314	2
2027_nback4	55	Picture	20	1186498	0	2	4145	3	0	4000	other	0
2027_nback4	55	Pulse	5	1200741	14243	2
2027_nback4	56	Picture	21	1204569	0	2	4145	3	0	4000	hit	114
2027_nback4	56	Response	1	1207931	3362	2
2027_nback4	56	Pulse	5	1220731	16162	2
2027_nback4	57	Picture	20	1222640	0	2	4145	3	0	4000	other	0
2027_nback4	58	Picture	20	1240711	0	2	4145	3	0	4000	other	0
2027_nback4	58	Pulse	5	1240730	19	3
2027_nback4	59	Picture	20	1258782	0	2	4145	3	0	4000	other	0
2027_nback4	59	Pulse	5	1260730	1948	2
2027_nback4	60	Picture	21	1276853	0	2	4145	3	0	4000	hit	122
2027_nback4	60	Response	1	1279439	2586	3
2027_nback4	60	Pulse	5	1280720	3867	2
2027_nback4	61	Picture	20	1294924	0	2	4145	4	0	4000	other	0
2027_nback4	61	Pulse	5	1300719	5795	3
2027_nback4	62	Picture	20	1312995	0	2	4145	3	0	4000	other	0
2027_nback4	62	Pulse	5	1320719	7724	2
2027_nback4	63	Picture	20	1331066	0	2	4145	3	0	4000	other	0
2027_nback4	63	Pulse	5	1340709	9643	2
2027_nback4	64	Picture	20	1349137	0	2	4145	3	0	4000	other	0
2027_nback4	64	Pulse	5	1360709	11572	1
2027_nback4	65	Picture	20	1367208	0	2	4145	3	0	4000	other	0
2027_nback4	65	Pulse	5	1380708	13500	2
2027_nback4	66	Picture	21	1385279	0	2	4145	3	0	4000	hit	135
2027_nback4	66	Response	1	1388698	3419	2
2027_nback4	66	Pulse	5	1400698	15419	2
2027_nback4	67	Picture	20	1403350	0	2	4145	3	0	4000	other	0
2027_nback4	67	Pulse	5	1420697	17347	2
2027_nback4	68	Picture	20	1421421	0	2	4145	3	0	4000	other	0
2027_nback4	69	Picture	21	1439492	0	2	4145	3	0	4000	hit	142
2027_nback4	69	Pulse	5	1440697	1205	2
2027_nback4	69	Response	1	1443737	4245	2
2027_nback4	70	Pulse	5	1460687	3124	2
2027_nback4	70	Pulse	5	1480686	23123	2
2027_nback4	71	Picture	10	1482598	0	1	4144	2	0	4000	other	0
2027_nback4	72	Picture	10	1500669	0	1	4144	2	0	4000	other	0
2027_nback4	72	Pulse	5	1500686	17	2
2027_nback4	73	Picture	11	1518740	0	1	4144	2	0	4000	hit	150
2027_nback4	73	Pulse	5	1520676	1936	2
2027_nback4	73	Response	1	1521635	2895	3
2027_nback4	74	Picture	10	1536811	0	1	4144	2	0	4000	other	0
2027_nback4	74	Pulse	5	1540676	3865	1
2027_nback4	75	Picture	11	1554881	0	2	4145	4	0	4000	hit	154
2027_nback4	75	Response	1	1558915	4034	2
2027_nback4	75	Pulse	5	1560675	5794	2
2027_nback4	76	Picture	10	1572952	0	2	4145	4	0	4000	other	0
2027_nback4	76	Pulse	5	1580665	7713	2
2027_nback4	77	Picture	10	1591023	0	2	4145	3	0	4000	other	0
2027_nback4	77	Pulse	5	1600665	9642	2
2027_nback4	78	Picture	11	1609094	0	2	4145	3	0	4000	hit	161
2027_nback4	78	Response	1	1612983	3889	4
2027_nback4	78	Pulse	5	1620664	11570	3
2027_nback4	79	Picture	10	1627166	0	1	4144	2	0	4000	other	0
2027_nback4	79	Pulse	5	1640654	13488	2
2027_nback4	80	Picture	10	1645237	0	1	4144	3	0	4000	other	0
2027_nback4	80	Pulse	5	1660654	15417	2
2027_nback4	81	Picture	10	1663308	0	1	4144	3	0	4000	other	0
2027_nback4	81	Pulse	5	1680653	17345	2
2027_nback4	82	Picture	10	1681379	0	1	4144	2	0	4000	other	0
2027_nback4	83	Picture	10	1699449	0	2	4145	3	0	4000	other	0
2027_nback4	83	Pulse	5	1700643	1194	2
2027_nback4	84	Picture	11	1717521	0	1	4144	3	0	4000	hit	174
2027_nback4	84	Pulse	5	1720643	3122	2
2027_nback4	84	Response	1	1720964	3443	1
2027_nback4	85	Picture	10	1735591	0	2	4145	3	0	4000	other	0
2027_nback4	85	Pulse	5	1740642	5051	2
2027_nback4	86	Picture	10	1753662	0	2	4145	4	0	4000	other	0
2027_nback4	86	Pulse	5	1760632	6970	2
2027_nback4	87	Pulse	5	1780632	8898	2
2027_nback4	88	Picture	30	1796768	0	1	4144	3	0	4000	other	0
2027_nback4	88	Pulse	5	1800631	3863	2
2027_nback4	89	Picture	30	1814839	0	1	4144	3	0	4000	other	0
2027_nback4	89	Pulse	5	1820621	5782	2
2027_nback4	90	Picture	30	1832910	0	1	4144	3	0	4000	other	0
2027_nback4	90	Pulse	5	1840621	7711	2
2027_nback4	91	Picture	31	1850981	0	2	4144	4	0	4000	hit	187
2027_nback4	91	Response	1	1854541	3560	1
2027_nback4	91	Pulse	5	1860621	9640	1
2027_nback4	92	Picture	31	1869052	0	1	4144	3	0	4000	hit	190
2027_nback4	92	Response	1	1875330	6278	3
2027_nback4	92	Pulse	5	1880609	11557	3
2027_nback4	93	Picture	30	1887123	0	1	4144	3	0	4000	other	0
2027_nback4	93	Pulse	5	1900609	13486	3
2027_nback4	94	Picture	30	1905194	0	1	4144	3	0	4000	other	0
2027_nback4	94	Pulse	5	1920608	15414	4
2027_nback4	95	Picture	30	1923265	0	1	4144	3	0	4000	other	0
2027_nback4	95	Pulse	5	1940599	17334	2
2027_nback4	96	Picture	31	1941336	0	1	4145	2	0	4000	hit	199
2027_nback4	96	Response	1	1943799	2463	2
2027_nback4	97	Picture	30	1959407	0	1	4144	3	0	4000	other	0
2027_nback4	97	Pulse	5	1960759	1352	2
2027_nback4	98	Picture	30	1977478	0	1	4144	3	0	4000	other	0
2027_nback4	98	Pulse	5	1980759	3281	2
2027_nback4	99	Picture	30	1995549	0	1	4144	3	0	4000	other	0
2027_nback4	99	Pulse	5	2000748	5199	2
2027_nback4	100	Picture	30	2013620	0	1	4145	2	0	4000	other	0
2027_nback4	100	Pulse	5	2020748	7128	2
2027_nback4	101	Picture	31	2031691	0	1	4144	3	0	4000	miss	0
2027_nback4	101	Pulse	5	2040748	9057	2
2027_nback4	102	Picture	30	2049762	0	1	4144	3	0	4000	other	0
2027_nback4	102	Pulse	5	2060737	10975	3
2027_nback4	103	Picture	30	2067833	0	1	4144	3	0	4000	false_alarm	213
2027_nback4	103	Response	1	2071777	3944	3
2027_nback4	103	Pulse	5	2080737	12904	2
2027_nback4	104	Pulse	5	2100738	14834	1
2027_nback4	105	Picture	10	2110938	0	1	4145	2	0	4000	other	0
2027_nback4	105	Pulse	5	2120726	9788	2
2027_nback4	106	Picture	10	2129009	0	1	4145	2	0	4000	other	0
2027_nback4	106	Pulse	5	2140726	11717	2
2027_nback4	107	Picture	11	2147080	0	1	4145	2	0	4000	hit	221
2027_nback4	107	Response	1	2150966	3886	2
2027_nback4	107	Pulse	5	2160716	13636	2
2027_nback4	108	Picture	10	2165151	0	1	4145	2	0	4000	other	0
2027_nback4	108	Pulse	5	2180716	15565	1
2027_nback4	109	Picture	11	2183222	0	1	4145	2	0	4000	hit	226
2027_nback4	109	Response	1	2187275	4053	2
2027_nback4	109	Pulse	5	2200716	17494	1
2027_nback4	110	Picture	10	2201293	0	1	4145	2	0	4000	other	0
2027_nback4	111	Picture	10	2219364	0	1	4145	2	0	4000	other	0
2027_nback4	111	Pulse	5	2220715	1351	2
2027_nback4	112	Picture	11	2237435	0	1	4145	2	0	4000	hit	233
2027_nback4	112	Pulse	5	2240705	3270	2
2027_nback4	112	Response	1	2242785	5350	2
2027_nback4	113	Picture	10	2255506	0	1	4145	2	0	4000	other	0
2027_nback4	113	Pulse	5	2260704	5198	3
2027_nback4	114	Picture	10	2273577	0	1	4145	2	0	4000	other	0
2027_nback4	114	Pulse	5	2280704	7127	2
2027_nback4	115	Picture	10	2291648	0	1	4145	2	0	4000	other	0
2027_nback4	115	Pulse	5	2300694	9046	2
2027_nback4	116	Picture	10	2309719	0	1	4145	2	0	4000	other	0
2027_nback4	116	Pulse	5	2320693	10974	2
2027_nback4	117	Picture	10	2327790	0	1	4145	2	0	4000	other	0
2027_nback4	117	Pulse	5	2340693	12903	2
2027_nback4	118	Picture	11	2345861	0	1	4145	2	0	4000	hit	245
2027_nback4	118	Response	1	2349963	4102	2
2027_nback4	118	Pulse	5	2360683	14822	2
2027_nback4	119	Picture	10	2363932	0	1	4145	2	0	4000	other	0
2027_nback4	119	Pulse	5	2380682	16750	2
2027_nback4	120	Picture	10	2382003	0	1	4145	2	0	4000	other	0
2027_nback4	121	Pulse	5	2400682	608	2
2027_nback4	121	Pulse	5	2420672	20598	2
2027_nback4	122	Picture	20	2425108	0	1	4145	2	0	4000	other	0
2027_nback4	122	Pulse	5	2440671	15563	2
2027_nback4	123	Picture	20	2443179	0	1	4145	2	0	4000	other	0
2027_nback4	123	Pulse	5	2460671	17492	2
2027_nback4	124	Picture	20	2461250	0	1	4145	2	0	4000	other	0
2027_nback4	125	Picture	21	2479321	0	1	4145	2	0	4000	hit	259
2027_nback4	125	Pulse	5	2480661	1340	2
2027_nback4	125	Response	1	2481621	2300	2
2027_nback4	126	Picture	20	2497392	0	1	4145	2	0	4000	other	0
2027_nback4	126	Pulse	5	2500661	3269	1
2027_nback4	127	Picture	20	2515463	0	1	4145	2	0	4000	other	0
2027_nback4	127	Pulse	5	2520660	5197	2
2027_nback4	128	Picture	21	2533534	0	1	4145	2	0	4000	hit	265
2027_nback4	128	Response	1	2536970	3436	2
2027_nback4	128	Pulse	5	2540650	7116	2
2027_nback4	129	Picture	20	2551605	0	1	4145	2	0	4000	other	0
2027_nback4	129	Pulse	5	2560650	9045	2
2027_nback4	130	Picture	20	2569676	0	1	4145	2	0	4000	other	0
2027_nback4	130	Pulse	5	2580649	10973	3
2027_nback4	131	Picture	20	2587747	0	1	4145	2	0	4000	other	0
2027_nback4	131	Pulse	5	2600639	12892	2
2027_nback4	132	Picture	21	2605818	0	1	4145	2	0	4000	hit	274
2027_nback4	132	Response	1	2608479	2661	2
2027_nback4	132	Pulse	5	2620639	14821	2
2027_nback4	133	Picture	20	2623889	0	1	4145	2	0	4000	other	0
2027_nback4	133	Pulse	5	2640638	16749	2
2027_nback4	134	Picture	20	2641960	0	1	4145	2	0	4000	other	0
2027_nback4	135	Picture	21	2660031	0	1	4145	2	0	4000	hit	281
2027_nback4	135	Pulse	5	2660628	597	2
2027_nback4	135	Response	1	2665268	5237	2
2027_nback4	136	Picture	20	2678102	0	1	4145	2	0	4000	other	0
2027_nback4	136	Pulse	5	2680628	2526	2
2027_nback4	137	Picture	20	2696173	0	1	4145	2	0	4000	other	0
2027_nback4	137	Pulse	5	2700627	4454	2
