Scenario - 1-back
Logfile written - 04/12/2014 13:28:15

Subject	Trial	Event Type	Code	Time	TTime	Uncertainty	Duration	Uncertainty	ReqTime	ReqDur	Stim Type	Pair Index

2027_nback_1	1	Pulse	5	104162	113996	2
2027_nback_1	2	Pulse	5	124162	19934	2
2027_nback_1	3	Picture	10	129262	0	1	4144	3	0	4000	other	0
2027_nback_1	3	Pulse	5	144160	14898	3
2027_nback_1	4	Picture	10	147333	0	1	4144	3	0	4000	other	0
2027_nback_1	4	Pulse	5	164151	16818	3
2027_nback_1	5	Picture	11	165404	0	1	4144	3	0	4000	hit	8
2027_nback_1	5	Response	1	168311	2907	2
2027_nback_1	6	Picture	10	183475	0	1	4144	3	0	4000	false_alarm	11
2027_nback_1	6	Pulse	5	184151	676	2
2027_nback_1	6	Response	1	186871	3396	2
2027_nback_1	7	Picture	11	201546	0	1	4144	3	0	4000	miss	0
2027_nback_1	7	Pulse	5	204150	2604	3
2027_nback_1	8	Picture	10	219617	0	1	4144	3	0	4000	other	0
2027_nback_1	8	Pulse	5	224140	4523	2
2027_nback_1	9	Picture	10	237688	0	1	4144	3	0	4000	other	0
2027_nback_1	9	Pulse	5	244140	6452	2
2027_nback_1	10	Picture	10	255759	0	1	4144	3	0	4000	other	0
2027_nback_1	10	Pulse	5	264140	8381	1
2027_nback_1	11	Picture	11	273829	0	2	4145	4	0	4000	hit	21
2027_nback_1	11	Response	1	277889	4060	2
2027_nback_1	11	Pulse	5	284129	10300	2
2027_nback_1	12	Picture	10	291901	0	1	4144	3	0	4000	other	0
2027_nback_1	12	Pulse	5	304129	12228	2
2027_nback_1	13	Picture	10	309972	0	1	4144	3	0	4000	other	0
2027_nback_1	13	Pulse	5	324129	14157	1
2027_nback_1	14	Picture	11	328043	0	1	4144	3	0	4000	hit	28
2027_nback_1	14	Response	1	331318	3275	3
2027_nback_1	14	Pulse	5	344118	16075	3
2027_nback_1	15	Picture	10	346114	0	1	4144	3	0	4000	other	0
2027_nback_1	15	Pulse	5	364114	18000	10
2027_nback_1	16	Picture	10	364185	0	1	4144	3	0	4000	other	0
2027_nback_1	17	Picture	10	382256	0	1	4144	3	0	4000	other	0
2027_nback_1	17	Pulse	5	384118	1862	2
2027_nback_1	18	Picture	10	400327	0	1	4144	2	0	4000	other	0
2027_nback_1	18	Pulse	5	404107	3780	3
2027_nback_1	19	Pulse	5	424107	5709	2
2027_nback_1	20	Picture	20	443432	0	1	4144	3	0	4000	other	0
2027_nback_1	20	Pulse	5	444107	675	2
2027_nback_1	21	Picture	20	461503	0	1	4144	3	0	4000	other	0
2027_nback_1	21	Pulse	5	464096	2593	2
2027_nback_1	22	Picture	21	479574	0	1	4144	3	0	4000	hit	44
2027_nback_1	22	Pulse	5	484096	4522	2
2027_nback_1	22	Response	1	484416	4842	2
2027_nback_1	23	Picture	20	497645	0	1	4144	3	0	4000	other	0
2027_nback_1	23	Pulse	5	504096	6451	2
2027_nback_1	24	Picture	20	515716	0	1	4144	3	0	4000	other	0
2027_nback_1	24	Pulse	5	524086	8370	1
2027_nback_1	25	Picture	20	533787	0	1	4144	3	0	4000	other	0
2027_nback_1	25	Pulse	5	544085	10298	2
2027_nback_1	26	Picture	21	551858	0	1	4144	3	0	4000	miss	0
2027_nback_1	26	Pulse	5	564085	12227	2
2027_nback_1	27	Picture	20	569929	0	1	4144	2	0	4000	other	0
2027_nback_1	27	Pulse	5	584075	14146	1
2027_nback_1	28	Picture	20	588000	0	1	4144	3	0	4000	other	0
2027_nback_1	28	Pulse	5	604074	16074	2
2027_nback_1	29	Picture	20	606071	0	1	4144	3	0	4000	other	0
2027_nback_1	29	Pulse	5	624071	18000	9
2027_nback_1	30	Picture	20	624142	0	1	4144	2	0	4000	other	0
2027_nback_1	31	Picture	20	642212	0	2	4145	4	0	4000	other	0
2027_nback_1	31	Pulse	5	644064	1852	2
2027_nback_1	32	Picture	21	660283	0	2	4145	3	0	4000	hit	63
2027_nback_1	32	Response	1	663743	3460	3
2027_nback_1	32	Pulse	5	664063	3780	3
2027_nback_1	33	Picture	20	678354	0	2	4145	3	0	4000	other	0
2027_nback_1	33	Pulse	5	684063	5709	2
2027_nback_1	34	Picture	20	696426	0	1	4144	3	0	4000	other	0
2027_nback_1	34	Pulse	5	704053	7627	2
2027_nback_1	35	Picture	21	714496	0	2	4145	3	0	4000	miss	0
2027_nback_1	35	Pulse	5	724052	9556	2
2027_nback_1	36	Pulse	5	744052	11485	2
2027_nback_1	37	Picture	10	757602	0	1	4144	3	0	4000	other	0
2027_nback_1	37	Pulse	5	764042	6440	2
2027_nback_1	38	Picture	10	775673	0	1	4144	2	0	4000	other	0
2027_nback_1	38	Pulse	5	784041	8368	2
2027_nback_1	39	Picture	11	793744	0	1	4144	2	0	4000	hit	77
2027_nback_1	39	Response	1	797161	3417	2
2027_nback_1	39	Pulse	5	804041	10297	2
2027_nback_1	40	Picture	10	811815	0	1	4144	2	0	4000	other	0
2027_nback_1	40	Pulse	5	824031	12216	2
2027_nback_1	41	Picture	11	829886	0	1	4144	2	0	4000	hit	82
2027_nback_1	41	Response	1	833311	3425	1
2027_nback_1	41	Pulse	5	844031	14145	1
2027_nback_1	42	Picture	10	847957	0	1	4144	2	0	4000	other	0
2027_nback_1	42	Pulse	5	864030	16073	2
2027_nback_1	43	Picture	10	866028	0	1	4144	2	0	4000	other	0
2027_nback_1	43	Pulse	5	884020	17992	2
2027_nback_1	44	Picture	10	884099	0	1	4144	2	0	4000	other	0
2027_nback_1	45	Picture	11	902169	0	2	4145	3	0	4000	hit	91
2027_nback_1	45	Pulse	5	904020	1851	1
2027_nback_1	45	Response	1	905940	3771	1
2027_nback_1	46	Picture	10	920240	0	2	4145	3	0	4000	other	0
2027_nback_1	46	Pulse	5	924019	3779	2
2027_nback_1	47	Picture	10	938311	0	2	4145	3	0	4000	other	0
2027_nback_1	47	Pulse	5	944009	5698	2
2027_nback_1	48	Picture	11	956382	0	2	4145	3	0	4000	hit	97
2027_nback_1	48	Response	1	959849	3467	2
2027_nback_1	48	Pulse	5	964009	7627	1
2027_nback_1	49	Picture	10	974453	0	2	4145	3	0	4000	other	0
2027_nback_1	49	Pulse	5	984008	9555	2
2027_nback_1	50	Picture	10	992524	0	2	4145	3	0	4000	other	0
2027_nback_1	50	Pulse	5	1003997	11473	3
2027_nback_1	51	Picture	10	1010595	0	2	4145	3	0	4000	other	0
2027_nback_1	51	Pulse	5	1023998	13403	2
2027_nback_1	52	Picture	10	1028666	0	2	4145	3	0	4000	other	0
2027_nback_1	52	Pulse	5	1043997	15331	2
2027_nback_1	53	Pulse	5	1063986	17249	3
2027_nback_1	54	Picture	30	1071772	0	1	4144	3	0	4000	other	0
2027_nback_1	54	Pulse	5	1083986	12214	3
2027_nback_1	55	Picture	30	1089843	0	1	4144	2	0	4000	other	0
2027_nback_1	55	Pulse	5	1103985	14142	3
2027_nback_1	56	Picture	31	1107913	0	2	4145	3	0	4000	hit	113
2027_nback_1	56	Response	1	1114216	6303	3
2027_nback_1	56	Pulse	5	1124135	16222	4
2027_nback_1	57	Picture	30	1125985	0	1	4144	2	0	4000	other	0
2027_nback_1	58	Picture	30	1144056	0	1	4144	2	0	4000	other	0
2027_nback_1	58	Pulse	5	1144135	79	3
2027_nback_1	59	Picture	30	1162126	0	2	4145	3	0	4000	other	0
2027_nback_1	59	Pulse	5	1164134	2008	4
2027_nback_1	60	Picture	31	1180197	0	2	4145	3	0	4000	hit	121
2027_nback_1	60	Response	1	1183645	3448	2
2027_nback_1	60	Pulse	5	1184125	3928	2
2027_nback_1	61	Picture	31	1198268	0	2	4145	3	0	4000	hit	125
2027_nback_1	61	Pulse	5	1204125	5857	2
2027_nback_1	61	Response	1	1207964	9696	3
2027_nback_1	62	Picture	30	1216339	0	2	4145	3	0	4000	other	0
2027_nback_1	62	Pulse	5	1224125	7786	1
2027_nback_1	63	Picture	30	1234410	0	2	4145	3	0	4000	other	0
2027_nback_1	63	Pulse	5	1244114	9704	2
2027_nback_1	64	Picture	30	1252481	0	2	4145	3	0	4000	other	0
2027_nback_1	64	Pulse	5	1264114	11633	2
2027_nback_1	65	Picture	31	1270552	0	2	4145	3	0	4000	hit	133
2027_nback_1	65	Response	1	1273714	3162	2
2027_nback_1	65	Pulse	5	1284114	13562	2
2027_nback_1	66	Picture	30	1288623	0	2	4145	3	0	4000	other	0
2027_nback_1	66	Pulse	5	1304103	15480	2
2027_nback_1	67	Picture	30	1306694	0	2	4145	3	0	4000	other	0
2027_nback_1	67	Pulse	5	1324103	17409	2
2027_nback_1	68	Picture	30	1324765	0	2	4145	3	0	4000	other	0
2027_nback_1	69	Picture	30	1342836	0	2	4145	3	0	4000	other	0
2027_nback_1	69	Pulse	5	1344103	1267	1
2027_nback_1	70	Pulse	5	1364092	3185	3
2027_nback_1	70	Pulse	5	1384092	23185	2
2027_nback_1	71	Picture	10	1385941	0	2	4145	4	0	4000	other	0
2027_nback_1	72	Picture	10	1404013	0	1	4144	2	0	4000	other	0
2027_nback_1	72	Pulse	5	1404092	79	2
2027_nback_1	73	Picture	11	1422084	0	1	4144	2	0	4000	hit	149
2027_nback_1	73	Pulse	5	1424081	1997	3
2027_nback_1	73	Response	1	1425841	3757	3
2027_nback_1	74	Picture	10	1440154	0	2	4145	3	0	4000	other	0
2027_nback_1	74	Pulse	5	1444081	3927	2
2027_nback_1	75	Picture	11	1458226	0	1	4144	2	0	4000	hit	153
2027_nback_1	75	Response	1	1461841	3615	2
2027_nback_1	75	Pulse	5	1464081	5855	2
2027_nback_1	76	Picture	10	1476296	0	2	4145	3	0	4000	other	0
2027_nback_1	76	Pulse	5	1484071	7775	1
2027_nback_1	77	Picture	10	1494368	0	1	4144	2	0	4000	other	0
2027_nback_1	77	Pulse	5	1504070	9702	2
2027_nback_1	78	Picture	11	1512438	0	2	4145	3	0	4000	hit	160
2027_nback_1	78	Response	1	1515429	2991	3
2027_nback_1	78	Pulse	5	1524070	11632	2
2027_nback_1	79	Picture	10	1530510	0	1	4144	2	0	4000	other	0
2027_nback_1	79	Pulse	5	1544060	13550	1
2027_nback_1	80	Picture	10	1548581	0	1	4144	2	0	4000	other	0
2027_nback_1	80	Pulse	5	1564059	15478	2
2027_nback_1	81	Picture	10	1566651	0	2	4145	3	0	4000	other	0
2027_nback_1	81	Pulse	5	1584059	17408	2
2027_nback_1	82	Picture	10	1584722	0	2	4145	3	0	4000	other	0
2027_nback_1	83	Picture	10	1602793	0	2	4145	3	0	4000	other	0
2027_nback_1	83	Pulse	5	1604049	1256	2
2027_nback_1	84	Picture	11	1620864	0	2	4144	5	0	4000	hit	172
2027_nback_1	84	Response	1	1623728	2864	3
2027_nback_1	84	Pulse	5	1624048	3184	3
2027_nback_1	85	Picture	10	1638935	0	2	4145	3	0	4000	other	0
2027_nback_1	85	Pulse	5	1644048	5113	2
2027_nback_1	86	Picture	10	1657006	0	2	4145	3	0	4000	other	0
2027_nback_1	86	Pulse	5	1664038	7032	1
2027_nback_1	87	Pulse	5	1684037	8960	2
2027_nback_1	88	Picture	20	1700111	0	2	4145	3	0	4000	other	0
2027_nback_1	88	Pulse	5	1704037	3926	2
2027_nback_1	89	Picture	20	1718183	0	1	4144	3	0	4000	other	0
2027_nback_1	89	Pulse	5	1724027	5844	2
2027_nback_1	90	Picture	20	1736253	0	2	4145	3	0	4000	other	0
2027_nback_1	90	Pulse	5	1744026	7773	2
2027_nback_1	91	Picture	21	1754324	0	2	4145	4	0	4000	hit	186
2027_nback_1	91	Response	1	1758426	4102	2
2027_nback_1	91	Pulse	5	1764026	9702	2
2027_nback_1	92	Picture	20	1772395	0	2	4145	3	0	4000	other	0
2027_nback_1	92	Pulse	5	1784016	11621	2
2027_nback_1	93	Picture	20	1790467	0	1	4144	2	0	4000	other	0
2027_nback_1	93	Pulse	5	1804015	13548	2
2027_nback_1	94	Picture	21	1808538	0	1	4144	2	0	4000	hit	193
2027_nback_1	94	Response	1	1812815	4277	2
2027_nback_1	94	Pulse	5	1824015	15477	2
2027_nback_1	95	Picture	20	1826608	0	2	4145	3	0	4000	other	0
2027_nback_1	95	Pulse	5	1844005	17397	2
2027_nback_1	96	Picture	20	1844679	0	2	4145	3	0	4000	other	0
2027_nback_1	97	Picture	20	1862751	0	1	4144	2	0	4000	other	0
2027_nback_1	97	Pulse	5	1864005	1254	1
2027_nback_1	98	Picture	21	1880821	0	2	4145	3	0	4000	hit	201
2027_nback_1	98	Response	1	1883844	3023	2
2027_nback_1	98	Pulse	5	1884004	3183	2
2027_nback_1	99	Picture	20	1898892	0	2	4145	3	0	4000	other	0
2027_nback_1	99	Pulse	5	1903994	5102	2
2027_nback_1	100	Picture	20	1916963	0	2	4145	3	0	4000	other	0
2027_nback_1	100	Pulse	5	1923994	7031	1
2027_nback_1	101	Picture	21	1935034	0	2	4145	3	0	4000	hit	208
2027_nback_1	101	Response	1	1938393	3359	2
2027_nback_1	101	Pulse	5	1943993	8959	2
2027_nback_1	102	Picture	20	1953105	0	2	4145	3	0	4000	false_alarm	211
2027_nback_1	102	Response	1	1956623	3518	2
2027_nback_1	102	Pulse	5	1963983	10878	2
2027_nback_1	103	Picture	20	1971176	0	2	4145	3	0	4000	other	0
2027_nback_1	103	Pulse	5	1983983	12807	2
2027_nback_1	104	Pulse	5	2003982	14735	2
2027_nback_1	105	Picture	10	2014282	0	1	4144	2	0	4000	other	0
2027_nback_1	105	Pulse	5	2023972	9690	2
2027_nback_1	106	Picture	10	2032353	0	1	4144	3	0	4000	other	0
2027_nback_1	106	Pulse	5	2043972	11619	2
2027_nback_1	107	Picture	11	2050424	0	1	4144	2	0	4000	hit	221
2027_nback_1	107	Response	1	2054852	4428	1
2027_nback_1	107	Pulse	5	2063971	13547	2
2027_nback_1	108	Picture	10	2068495	0	1	4144	3	0	4000	other	0
2027_nback_1	108	Pulse	5	2083960	15465	4
2027_nback_1	109	Picture	11	2086566	0	1	4144	2	0	4000	hit	226
2027_nback_1	109	Response	1	2090521	3955	2
2027_nback_1	109	Pulse	5	2103960	17394	3
2027_nback_1	110	Picture	10	2104636	0	2	4145	3	0	4000	other	0
2027_nback_1	111	Picture	10	2122708	0	1	4144	2	0	4000	other	0
2027_nback_1	111	Pulse	5	2123959	1251	4
2027_nback_1	112	Picture	11	2140779	0	1	4144	2	0	4000	hit	233
2027_nback_1	112	Pulse	5	2143950	3171	2
2027_nback_1	112	Response	1	2144910	4131	2
2027_nback_1	113	Picture	10	2158849	0	2	4145	4	0	4000	other	0
2027_nback_1	113	Pulse	5	2164110	5261	2
2027_nback_1	114	Picture	10	2176921	0	1	4144	2	0	4000	other	0
2027_nback_1	114	Pulse	5	2184110	7189	1
2027_nback_1	115	Picture	10	2194991	0	2	4145	3	0	4000	other	0
2027_nback_1	115	Pulse	5	2204098	9107	3
2027_nback_1	116	Picture	10	2213063	0	1	4144	2	0	4000	other	0
2027_nback_1	116	Pulse	5	2224098	11035	3
2027_nback_1	117	Picture	10	2231133	0	2	4145	3	0	4000	other	0
2027_nback_1	117	Pulse	5	2244099	12966	1
2027_nback_1	118	Picture	11	2249204	0	2	4145	3	0	4000	hit	245
2027_nback_1	118	Response	1	2252737	3533	4
2027_nback_1	118	Pulse	5	2264088	14884	2
2027_nback_1	119	Picture	10	2267276	0	1	4144	2	0	4000	other	0
2027_nback_1	119	Pulse	5	2284088	16812	2
2027_nback_1	120	Picture	10	2285346	0	2	4145	3	0	4000	other	0
2027_nback_1	121	Pulse	5	2304088	671	1
2027_nback_1	121	Pulse	5	2324077	20660	2
2027_nback_1	122	Picture	30	2328452	0	1	4144	3	0	4000	other	0
2027_nback_1	122	Pulse	5	2344077	15625	2
2027_nback_1	123	Picture	30	2346523	0	1	4144	3	0	4000	other	0
2027_nback_1	123	Pulse	5	2364077	17554	1
2027_nback_1	124	Picture	30	2364594	0	1	4144	3	0	4000	other	0
2027_nback_1	125	Picture	31	2382665	0	1	4144	3	0	4000	hit	259
2027_nback_1	125	Pulse	5	2384066	1401	3
2027_nback_1	125	Response	1	2386146	3481	3
2027_nback_1	126	Picture	31	2400736	0	1	4144	3	0	4000	hit	262
2027_nback_1	126	Pulse	5	2404066	3330	2
2027_nback_1	126	Response	1	2404226	3490	2
2027_nback_1	127	Picture	30	2418807	0	1	4144	2	0	4000	other	0
2027_nback_1	127	Pulse	5	2424066	5259	2
2027_nback_1	128	Picture	30	2436878	0	1	4144	3	0	4000	other	0
2027_nback_1	128	Pulse	5	2444055	7177	2
2027_nback_1	129	Picture	30	2454949	0	1	4144	3	0	4000	other	0
2027_nback_1	129	Pulse	5	2464055	9106	2
2027_nback_1	130	Picture	31	2473020	0	1	4144	2	0	4000	hit	270
2027_nback_1	130	Response	1	2476215	3195	2
2027_nback_1	130	Pulse	5	2484055	11035	2
2027_nback_1	131	Picture	30	2491091	0	1	4144	3	0	4000	other	0
2027_nback_1	131	Pulse	5	2504044	12953	3
2027_nback_1	132	Picture	30	2509162	0	1	4144	3	0	4000	other	0
2027_nback_1	132	Pulse	5	2524044	14882	2
2027_nback_1	133	Picture	30	2527233	0	1	4144	3	0	4000	other	0
2027_nback_1	133	Pulse	5	2544044	16811	2
2027_nback_1	134	Picture	30	2545304	0	1	4144	3	0	4000	other	0
2027_nback_1	135	Picture	31	2563375	0	1	4144	2	0	4000	hit	281
2027_nback_1	135	Pulse	5	2564033	658	3
2027_nback_1	135	Response	1	2566593	3218	3
2027_nback_1	136	Picture	30	2581446	0	1	4144	3	0	4000	other	0
2027_nback_1	136	Pulse	5	2584033	2587	3
2027_nback_1	137	Picture	30	2599517	0	1	4143	10	0	4000	false_alarm	286
2027_nback_1	137	Pulse	5	2604033	4516	3
2027_nback_1	137	Response	1	2605793	6276	3
