Scenario - 1-back
Logfile written - 04/12/2014 13:33:54

Subject	Trial	Event Type	Code	Time	TTime	Uncertainty	Duration	Uncertainty	ReqTime	ReqDur	Stim Type	Pair Index

2027_nback2	1	Pulse	5	686826	696660	3
2027_nback2	2	Pulse	5	706826	19850	2
2027_nback2	3	Picture	10	712010	0	1	4145	2	0	4000	other	0
2027_nback2	3	Pulse	5	726815	14805	3
2027_nback2	4	Picture	10	730081	0	1	4145	2	0	4000	other	0
2027_nback2	4	Pulse	5	746814	16733	4
2027_nback2	5	Picture	11	748152	0	1	4145	2	0	4000	hit	8
2027_nback2	5	Response	1	750496	2344	1
2027_nback2	6	Picture	10	766223	0	1	4145	2	0	4000	other	0
2027_nback2	6	Pulse	5	766814	591	3
2027_nback2	7	Picture	11	784294	0	1	4145	2	0	4000	hit	13
2027_nback2	7	Pulse	5	786805	2511	2
2027_nback2	7	Response	1	787924	3630	3
2027_nback2	8	Picture	10	802365	0	1	4145	2	0	4000	other	0
2027_nback2	8	Pulse	5	806803	4438	4
2027_nback2	9	Picture	10	820436	0	1	4145	2	0	4000	other	0
2027_nback2	9	Pulse	5	826964	6528	2
2027_nback2	10	Picture	10	838507	0	1	4145	2	0	4000	other	0
2027_nback2	10	Pulse	5	846953	8446	3
2027_nback2	11	Picture	11	856578	0	1	4145	2	0	4000	hit	21
2027_nback2	11	Response	1	860234	3656	2
2027_nback2	11	Pulse	5	866954	10376	1
2027_nback2	12	Picture	10	874649	0	1	4144	3	0	4000	other	0
2027_nback2	12	Pulse	5	886953	12304	2
2027_nback2	13	Picture	10	892720	0	1	4145	2	0	4000	other	0
2027_nback2	13	Pulse	5	906943	14223	2
2027_nback2	14	Picture	11	910791	0	1	4145	2	0	4000	hit	28
2027_nback2	14	Response	1	914623	3832	2
2027_nback2	14	Pulse	5	926943	16152	2
2027_nback2	15	Picture	10	928862	0	1	4145	2	0	4000	other	0
2027_nback2	16	Picture	10	946933	0	1	4145	2	0	4000	other	0
2027_nback2	16	Pulse	5	946942	9	2
2027_nback2	17	Picture	10	965004	0	1	4145	2	0	4000	other	0
2027_nback2	17	Pulse	5	966932	1928	2
2027_nback2	18	Picture	10	983075	0	1	4145	2	0	4000	other	0
2027_nback2	18	Pulse	5	986931	3856	3
2027_nback2	19	Pulse	5	1006931	5785	2
2027_nback2	20	Picture	30	1026180	0	1	4145	2	0	4000	other	0
2027_nback2	20	Pulse	5	1026921	741	2
2027_nback2	21	Picture	30	1044251	0	1	4145	2	0	4000	other	0
2027_nback2	21	Pulse	5	1046921	2670	2
2027_nback2	22	Picture	31	1062322	0	1	4145	2	0	4000	hit	43
2027_nback2	22	Response	1	1065480	3158	2
2027_nback2	22	Pulse	5	1066920	4598	2
2027_nback2	23	Picture	30	1080393	0	1	4145	2	0	4000	other	0
2027_nback2	23	Pulse	5	1086910	6517	2
2027_nback2	24	Picture	30	1098464	0	1	4145	2	0	4000	other	0
2027_nback2	24	Pulse	5	1106910	8446	2
2027_nback2	25	Picture	30	1116535	0	1	4145	2	0	4000	other	0
2027_nback2	25	Pulse	5	1126910	10375	1
2027_nback2	26	Picture	31	1134606	0	1	4145	2	0	4000	hit	52
2027_nback2	26	Response	1	1139059	4453	3
2027_nback2	26	Pulse	5	1146899	12293	3
2027_nback2	27	Picture	31	1152677	0	1	4145	2	0	4000	hit	55
2027_nback2	27	Response	1	1158579	5902	2
2027_nback2	27	Pulse	5	1166899	14222	2
2027_nback2	28	Picture	30	1170748	0	1	4145	2	0	4000	other	0
2027_nback2	28	Pulse	5	1186899	16151	2
2027_nback2	29	Picture	30	1188819	0	2	4145	3	0	4000	other	0
2027_nback2	29	Pulse	5	1206888	18069	2
2027_nback2	30	Picture	30	1206890	0	1	4145	2	0	4000	other	0
2027_nback2	31	Picture	31	1224961	0	1	4145	2	0	4000	hit	64
2027_nback2	31	Pulse	5	1226888	1927	2
2027_nback2	31	Response	1	1228968	4007	2
2027_nback2	32	Picture	30	1243032	0	1	4145	2	0	4000	false_alarm	67
2027_nback2	32	Pulse	5	1246878	3846	2
2027_nback2	32	Response	1	1248158	5126	2
2027_nback2	33	Picture	30	1261103	0	1	4145	2	0	4000	other	0
2027_nback2	33	Pulse	5	1266877	5774	2
2027_nback2	34	Picture	30	1279174	0	1	4145	2	0	4000	other	0
2027_nback2	34	Pulse	5	1286877	7703	2
2027_nback2	35	Picture	30	1297245	0	1	4145	2	0	4000	other	0
2027_nback2	35	Pulse	5	1306877	9632	2
2027_nback2	36	Pulse	5	1326866	11550	3
2027_nback2	37	Picture	10	1340350	0	2	4145	3	0	4000	other	0
2027_nback2	37	Pulse	5	1346866	6516	2
2027_nback2	38	Picture	10	1358421	0	2	4145	3	0	4000	other	0
2027_nback2	38	Pulse	5	1366866	8445	2
2027_nback2	39	Picture	11	1376492	0	2	4145	3	0	4000	hit	80
2027_nback2	39	Response	1	1379816	3324	2
2027_nback2	39	Pulse	5	1386855	10363	3
2027_nback2	40	Picture	10	1394563	0	2	4145	3	0	4000	other	0
2027_nback2	40	Pulse	5	1406855	12292	2
2027_nback2	41	Picture	11	1412634	0	2	4145	3	0	4000	hit	85
2027_nback2	41	Response	1	1417415	4781	2
2027_nback2	41	Pulse	5	1426856	14222	1
2027_nback2	42	Picture	10	1430705	0	2	4145	3	0	4000	other	0
2027_nback2	42	Pulse	5	1446845	16140	2
2027_nback2	43	Picture	10	1448776	0	2	4145	3	0	4000	other	0
2027_nback2	43	Pulse	5	1466844	18068	3
2027_nback2	44	Picture	10	1466847	0	2	4145	3	0	4000	other	0
2027_nback2	45	Picture	11	1484918	0	2	4145	3	0	4000	hit	94
2027_nback2	45	Pulse	5	1486844	1926	2
2027_nback2	45	Response	1	1487964	3046	2
2027_nback2	46	Picture	10	1502989	0	2	4144	4	0	4000	other	0
2027_nback2	46	Pulse	5	1506834	3845	1
2027_nback2	47	Picture	10	1521060	0	2	4145	3	0	4000	other	0
2027_nback2	47	Pulse	5	1526833	5773	2
2027_nback2	48	Picture	11	1539131	0	2	4145	3	0	4000	hit	100
2027_nback2	48	Response	1	1542833	3702	2
2027_nback2	48	Pulse	5	1546833	7702	2
2027_nback2	49	Picture	10	1557202	0	2	4145	3	0	4000	other	0
2027_nback2	49	Pulse	5	1566823	9621	2
2027_nback2	50	Picture	10	1575273	0	2	4145	3	0	4000	other	0
2027_nback2	50	Pulse	5	1586822	11549	2
2027_nback2	51	Picture	10	1593344	0	2	4145	3	0	4000	other	0
2027_nback2	51	Pulse	5	1606822	13478	2
2027_nback2	52	Picture	10	1611415	0	2	4145	3	0	4000	other	0
2027_nback2	52	Pulse	5	1626812	15397	2
2027_nback2	53	Pulse	5	1646811	17325	3
2027_nback2	54	Picture	20	1654520	0	2	4145	3	0	4000	other	0
2027_nback2	54	Pulse	5	1666811	12291	2
2027_nback2	55	Picture	20	1672591	0	2	4145	3	0	4000	other	0
2027_nback2	55	Pulse	5	1686801	14210	2
2027_nback2	56	Picture	21	1690662	0	2	4145	3	0	4000	hit	116
2027_nback2	56	Response	1	1694641	3979	2
2027_nback2	56	Pulse	5	1706800	16138	2
2027_nback2	57	Picture	20	1708734	0	1	4144	3	0	4000	other	0
2027_nback2	57	Pulse	5	1726800	18066	2
2027_nback2	58	Picture	20	1726804	0	2	4145	4	0	4000	other	0
2027_nback2	59	Picture	20	1744875	0	2	4145	3	0	4000	other	0
2027_nback2	59	Pulse	5	1746790	1915	2
2027_nback2	60	Picture	21	1762947	0	1	4144	2	0	4000	hit	124
2027_nback2	60	Response	1	1766310	3363	1
2027_nback2	60	Pulse	5	1766790	3843	1
2027_nback2	61	Picture	20	1781018	0	1	4144	2	0	4000	other	0
2027_nback2	61	Pulse	5	1786789	5771	2
2027_nback2	62	Picture	20	1799089	0	1	4144	2	0	4000	other	0
2027_nback2	62	Pulse	5	1806778	7689	3
2027_nback2	63	Picture	20	1817159	0	2	4145	3	0	4000	other	0
2027_nback2	63	Pulse	5	1826777	9618	4
2027_nback2	64	Picture	20	1835231	0	1	4144	3	0	4000	other	0
2027_nback2	64	Pulse	5	1846777	11546	3
2027_nback2	65	Picture	20	1853301	0	2	4145	3	0	4000	other	0
2027_nback2	65	Pulse	5	1866768	13467	2
2027_nback2	66	Picture	21	1871373	0	1	4144	2	0	4000	hit	137
2027_nback2	66	Response	1	1875888	4515	2
2027_nback2	66	Pulse	5	1886927	15554	3
2027_nback2	67	Picture	20	1889443	0	2	4145	4	0	4000	other	0
2027_nback2	67	Pulse	5	1906926	17483	3
2027_nback2	68	Picture	20	1907515	0	1	4144	2	0	4000	other	0
2027_nback2	69	Picture	21	1925586	0	1	4144	2	0	4000	hit	144
2027_nback2	69	Pulse	5	1926917	1331	2
2027_nback2	69	Response	1	1928837	3251	2
2027_nback2	70	Pulse	5	1946917	3260	2
2027_nback2	70	Pulse	5	1966916	23259	2
2027_nback2	71	Picture	10	1968691	0	1	4144	3	0	4000	other	0
2027_nback2	72	Picture	10	1986762	0	1	4144	3	0	4000	false_alarm	150
2027_nback2	72	Pulse	5	1986906	144	2
2027_nback2	72	Response	1	1992826	6064	2
2027_nback2	73	Picture	11	2004833	0	1	4144	3	0	4000	hit	153
2027_nback2	73	Pulse	5	2006906	2073	2
2027_nback2	73	Response	1	2008985	4152	3
2027_nback2	74	Picture	10	2022904	0	1	4144	3	0	4000	other	0
2027_nback2	74	Pulse	5	2026905	4001	3
2027_nback2	75	Picture	11	2040975	0	1	4144	3	0	4000	hit	157
2027_nback2	75	Response	1	2044815	3840	2
2027_nback2	75	Pulse	5	2046895	5920	2
2027_nback2	76	Picture	10	2059046	0	1	4144	3	0	4000	other	0
2027_nback2	76	Pulse	5	2066895	7849	2
2027_nback2	77	Picture	10	2077117	0	1	4144	3	0	4000	other	0
2027_nback2	77	Pulse	5	2086895	9778	1
2027_nback2	78	Picture	11	2095188	0	1	4144	3	0	4000	hit	164
2027_nback2	78	Response	1	2099526	4338	1
2027_nback2	78	Pulse	5	2106884	11696	3
2027_nback2	79	Picture	10	2113259	0	1	4144	3	0	4000	other	0
2027_nback2	79	Pulse	5	2126884	13625	2
2027_nback2	80	Picture	10	2131330	0	1	4144	3	0	4000	other	0
2027_nback2	80	Pulse	5	2146884	15554	2
2027_nback2	81	Picture	10	2149401	0	1	4144	3	0	4000	other	0
2027_nback2	81	Pulse	5	2166873	17472	2
2027_nback2	82	Picture	10	2167472	0	1	4144	3	0	4000	other	0
2027_nback2	83	Picture	10	2185543	0	1	4144	3	0	4000	other	0
2027_nback2	83	Pulse	5	2186874	1331	1
2027_nback2	84	Picture	11	2203613	0	2	4145	4	0	4000	hit	176
2027_nback2	84	Response	1	2206394	2781	1
2027_nback2	84	Pulse	5	2206873	3260	2
2027_nback2	85	Picture	10	2221685	0	1	4144	3	0	4000	other	0
2027_nback2	85	Pulse	5	2226862	5177	2
2027_nback2	86	Picture	10	2239756	0	1	4144	3	0	4000	other	0
2027_nback2	86	Pulse	5	2246862	7106	2
2027_nback2	87	Pulse	5	2266862	9035	2
2027_nback2	88	Picture	30	2282861	0	1	4145	2	0	4000	other	0
2027_nback2	88	Pulse	5	2286851	3990	2
2027_nback2	89	Picture	30	2300931	0	2	4146	3	0	4000	other	0
2027_nback2	89	Pulse	5	2306851	5920	2
2027_nback2	90	Picture	30	2319003	0	1	4145	2	0	4000	other	0
2027_nback2	90	Pulse	5	2326841	7838	2
2027_nback2	91	Picture	31	2337074	0	1	4145	2	0	4000	hit	190
2027_nback2	91	Response	1	2340921	3847	1
2027_nback2	91	Pulse	5	2346840	9766	2
2027_nback2	92	Picture	31	2355145	0	1	4145	2	0	4000	hit	193
2027_nback2	92	Response	1	2358680	3535	2
2027_nback2	92	Pulse	5	2366840	11695	2
2027_nback2	93	Picture	30	2373216	0	1	4143	7	0	4000	other	0
2027_nback2	93	Pulse	5	2386840	13624	2
2027_nback2	94	Picture	30	2391287	0	1	4145	2	0	4000	other	0
2027_nback2	94	Pulse	5	2406830	15543	2
2027_nback2	95	Picture	30	2409358	0	1	4145	2	0	4000	other	0
2027_nback2	95	Pulse	5	2426829	17471	2
2027_nback2	96	Picture	31	2427429	0	1	4145	2	0	4000	hit	202
2027_nback2	96	Response	1	2433549	6120	2
2027_nback2	97	Picture	30	2445500	0	1	4145	2	0	4000	other	0
2027_nback2	97	Pulse	5	2446829	1329	2
2027_nback2	98	Picture	30	2463571	0	1	4145	2	0	4000	other	0
2027_nback2	98	Pulse	5	2466819	3248	2
2027_nback2	99	Picture	30	2481642	0	1	4145	2	0	4000	other	0
2027_nback2	99	Pulse	5	2486818	5176	2
2027_nback2	100	Picture	30	2499713	0	1	4145	2	0	4000	other	0
2027_nback2	100	Pulse	5	2506818	7105	2
2027_nback2	101	Picture	31	2517784	0	1	4145	2	0	4000	hit	212
2027_nback2	101	Response	1	2521368	3584	2
2027_nback2	101	Pulse	5	2526808	9024	1
2027_nback2	102	Picture	30	2535855	0	1	4145	2	0	4000	false_alarm	215
2027_nback2	102	Response	1	2542807	6952	2
2027_nback2	102	Pulse	5	2546807	10952	2
2027_nback2	103	Picture	30	2553926	0	1	4145	2	0	4000	other	0
2027_nback2	103	Pulse	5	2566807	12881	2
2027_nback2	104	Pulse	5	2586797	14800	2
2027_nback2	105	Picture	10	2597031	0	1	4145	2	0	4000	other	0
2027_nback2	105	Pulse	5	2606796	9765	3
2027_nback2	106	Picture	10	2615102	0	1	4145	2	0	4000	other	0
2027_nback2	106	Pulse	5	2626796	11694	2
2027_nback2	107	Picture	11	2633173	0	1	4145	2	0	4000	hit	225
2027_nback2	107	Response	1	2636866	3693	2
2027_nback2	107	Pulse	5	2646786	13613	2
2027_nback2	108	Picture	10	2651244	0	1	4145	2	0	4000	other	0
2027_nback2	108	Pulse	5	2666785	15541	2
2027_nback2	109	Picture	11	2669315	0	1	4145	2	0	4000	hit	230
2027_nback2	109	Response	1	2673025	3710	2
2027_nback2	109	Pulse	5	2686785	17470	2
2027_nback2	110	Picture	10	2687386	0	1	4145	2	0	4000	other	0
2027_nback2	111	Picture	10	2705457	0	1	4145	2	0	4000	other	0
2027_nback2	111	Pulse	5	2706775	1318	2
2027_nback2	112	Picture	11	2723528	0	1	4145	2	0	4000	hit	237
2027_nback2	112	Pulse	5	2726775	3247	1
2027_nback2	112	Response	1	2728055	4527	1
2027_nback2	113	Picture	10	2741599	0	1	4145	2	0	4000	other	0
2027_nback2	113	Pulse	5	2746774	5175	2
2027_nback2	114	Picture	10	2759670	0	1	4145	2	0	4000	other	0
2027_nback2	114	Pulse	5	2766764	7094	2
2027_nback2	115	Picture	10	2777741	0	1	4145	2	0	4000	other	0
2027_nback2	115	Pulse	5	2786764	9023	1
2027_nback2	116	Picture	10	2795812	0	1	4145	2	0	4000	other	0
2027_nback2	116	Pulse	5	2806763	10951	2
2027_nback2	117	Picture	10	2813883	0	1	4145	2	0	4000	other	0
2027_nback2	117	Pulse	5	2826752	12869	3
2027_nback2	118	Picture	11	2831954	0	1	4145	2	0	4000	hit	249
2027_nback2	118	Response	1	2835873	3919	2
2027_nback2	118	Pulse	5	2846751	14797	4
2027_nback2	119	Picture	10	2850025	0	1	4145	2	0	4000	other	0
2027_nback2	119	Pulse	5	2866751	16726	4
2027_nback2	120	Picture	10	2868096	0	1	4145	2	0	4000	other	0
2027_nback2	121	Pulse	5	2886742	575	2
2027_nback2	121	Pulse	5	2906742	20575	2
2027_nback2	122	Picture	20	2911201	0	1	4145	2	0	4000	other	0
2027_nback2	122	Pulse	5	2926901	15700	2
2027_nback2	123	Picture	20	2929272	0	1	4145	2	0	4000	other	0
2027_nback2	123	Pulse	5	2946890	17618	3
2027_nback2	124	Picture	20	2947343	0	5	4145	6	0	4000	other	0
2027_nback2	125	Picture	21	2965414	0	1	4145	2	0	4000	hit	263
2027_nback2	125	Pulse	5	2966890	1476	3
2027_nback2	125	Response	1	2968651	3237	2
2027_nback2	126	Picture	20	2983485	0	1	4145	2	0	4000	other	0
2027_nback2	126	Pulse	5	2986889	3404	3
2027_nback2	127	Picture	20	3001556	0	1	4145	2	0	4000	other	0
2027_nback2	127	Pulse	5	3006880	5324	2
2027_nback2	128	Picture	21	3019627	0	1	4145	2	0	4000	hit	269
2027_nback2	128	Response	1	3022720	3093	2
2027_nback2	128	Pulse	5	3026880	7253	2
2027_nback2	129	Picture	20	3037698	0	1	4145	2	0	4000	other	0
2027_nback2	129	Pulse	5	3046879	9181	2
2027_nback2	130	Picture	20	3055769	0	1	4145	2	0	4000	other	0
2027_nback2	130	Pulse	5	3066869	11100	4
2027_nback2	131	Picture	20	3073840	0	1	4145	2	0	4000	other	0
2027_nback2	131	Pulse	5	3086869	13029	2
2027_nback2	132	Picture	21	3091911	0	1	4145	2	0	4000	hit	278
2027_nback2	132	Response	1	3094869	2958	2
2027_nback2	132	Pulse	5	3106868	14957	3
2027_nback2	133	Picture	20	3109982	0	1	4145	2	0	4000	other	0
2027_nback2	133	Pulse	5	3126858	16876	2
2027_nback2	134	Picture	20	3128053	0	1	4145	2	0	4000	other	0
2027_nback2	135	Picture	21	3146124	0	1	4145	2	0	4000	hit	285
2027_nback2	135	Pulse	5	3146858	734	2
2027_nback2	135	Response	1	3150698	4574	2
2027_nback2	136	Picture	20	3164195	0	1	4145	2	0	4000	other	0
2027_nback2	136	Pulse	5	3166858	2663	1
2027_nback2	137	Picture	20	3182266	0	1	4145	2	0	4000	other	0
2027_nback2	137	Pulse	5	3186847	4581	2
