Scenario - 1-back
Logfile written - 05/22/2014 11:47:52

Subject	Trial	Event Type	Code	Time	TTime	Uncertainty	Duration	Uncertainty	ReqTime	ReqDur	Stim Type	Pair Index

2033_nback1	1	Pulse	5	163810	173644	2
2033_nback1	2	Pulse	5	183810	19898	1
2033_nback1	3	Picture	10	188947	0	1	4144	2	0	4000	other	0
2033_nback1	3	Pulse	5	203799	14852	2
2033_nback1	4	Picture	10	207018	0	1	4144	3	0	4000	other	0
2033_nback1	4	Pulse	5	223799	16781	2
2033_nback1	5	Picture	11	225089	0	1	4144	3	0	4000	hit	8
2033_nback1	5	Response	1	230039	4950	2
2033_nback1	6	Picture	10	243160	0	1	4144	3	0	4000	other	0
2033_nback1	6	Pulse	5	243799	639	2
2033_nback1	7	Picture	11	261231	0	1	4145	2	0	4000	hit	13
2033_nback1	7	Pulse	5	263788	2557	2
2033_nback1	7	Response	1	265388	4157	2
2033_nback1	8	Picture	10	279302	0	1	4145	2	0	4000	other	0
2033_nback1	8	Pulse	5	283788	4486	2
2033_nback1	9	Picture	10	297373	0	1	4145	2	0	4000	other	0
2033_nback1	9	Pulse	5	303948	6575	2
2033_nback1	10	Picture	10	315444	0	1	4145	2	0	4000	other	0
2033_nback1	10	Pulse	5	323938	8494	2
2033_nback1	11	Picture	11	333515	0	1	4145	2	0	4000	hit	21
2033_nback1	11	Response	1	337698	4183	1
2033_nback1	11	Pulse	5	343937	10422	2
2033_nback1	12	Picture	10	351586	0	1	4145	2	0	4000	other	0
2033_nback1	12	Pulse	5	363937	12351	2
2033_nback1	13	Picture	10	369657	0	2	4145	3	0	4000	other	0
2033_nback1	13	Pulse	5	383927	14270	2
2033_nback1	14	Picture	11	387728	0	1	4145	2	0	4000	hit	28
2033_nback1	14	Response	1	392247	4519	2
2033_nback1	14	Pulse	5	403927	16199	2
2033_nback1	15	Picture	10	405799	0	1	4145	2	0	4000	other	0
2033_nback1	16	Picture	10	423870	0	2	4145	3	0	4000	other	0
2033_nback1	16	Pulse	5	423927	57	1
2033_nback1	17	Picture	10	441941	0	2	4145	3	0	4000	false_alarm	35
2033_nback1	17	Pulse	5	443916	1975	2
2033_nback1	17	Response	1	445356	3415	2
2033_nback1	18	Picture	10	460012	0	2	4145	3	0	4000	other	0
2033_nback1	18	Pulse	5	463916	3904	2
2033_nback1	19	Pulse	5	483916	5832	2
2033_nback1	20	Picture	20	503118	0	1	4144	3	0	4000	other	0
2033_nback1	20	Pulse	5	503906	788	1
2033_nback1	21	Picture	20	521189	0	1	4144	3	0	4000	other	0
2033_nback1	21	Pulse	5	523905	2716	2
2033_nback1	22	Picture	21	539260	0	1	4145	2	0	4000	hit	44
2033_nback1	22	Response	1	542945	3685	2
2033_nback1	22	Pulse	5	543906	4646	1
2033_nback1	23	Picture	20	557331	0	1	4145	2	0	4000	other	0
2033_nback1	23	Pulse	5	563895	6564	2
2033_nback1	24	Picture	20	575402	0	1	4145	2	0	4000	other	0
2033_nback1	24	Pulse	5	583894	8492	4
2033_nback1	25	Picture	20	593473	0	1	4145	2	0	4000	other	0
2033_nback1	25	Pulse	5	603894	10421	3
2033_nback1	26	Picture	21	611544	0	1	4145	2	0	4000	hit	53
2033_nback1	26	Response	1	617164	5620	2
2033_nback1	26	Pulse	5	623884	12340	3
2033_nback1	27	Picture	20	629615	0	1	4145	2	0	4000	other	0
2033_nback1	27	Pulse	5	643884	14269	3
2033_nback1	28	Picture	20	647686	0	1	4145	2	0	4000	other	0
2033_nback1	28	Pulse	5	663883	16197	3
2033_nback1	29	Picture	20	665757	0	1	4145	2	0	4000	other	0
2033_nback1	30	Picture	20	683828	0	1	4145	3	0	4000	other	0
2033_nback1	30	Pulse	5	683873	45	2
2033_nback1	31	Picture	20	701899	0	2	4145	3	0	4000	other	0
2033_nback1	31	Pulse	5	703873	1974	2
2033_nback1	32	Picture	21	719970	0	2	4145	3	0	4000	miss	0
2033_nback1	32	Pulse	5	723873	3903	2
2033_nback1	33	Picture	20	738041	0	2	4145	3	0	4000	other	0
2033_nback1	33	Pulse	5	743862	5821	2
2033_nback1	34	Picture	20	756112	0	2	4145	4	0	4000	other	0
2033_nback1	34	Pulse	5	763862	7750	2
2033_nback1	35	Picture	21	774184	0	1	4144	3	0	4000	hit	71
2033_nback1	35	Response	1	777622	3438	2
2033_nback1	35	Pulse	5	783862	9678	2
2033_nback1	36	Pulse	5	803852	11597	2
2033_nback1	37	Picture	10	817289	0	1	4145	2	0	4000	other	0
2033_nback1	37	Pulse	5	823851	6562	2
2033_nback1	38	Picture	10	835360	0	1	4145	2	0	4000	other	0
2033_nback1	38	Pulse	5	843851	8491	2
2033_nback1	39	Picture	11	853431	0	1	4145	2	0	4000	hit	79
2033_nback1	39	Response	1	858241	4810	2
2033_nback1	39	Pulse	5	863841	10410	2
2033_nback1	40	Picture	10	871502	0	1	4145	2	0	4000	other	0
2033_nback1	40	Pulse	5	883841	12339	2
2033_nback1	41	Picture	11	889573	0	1	4145	2	0	4000	hit	84
2033_nback1	41	Response	1	893601	4028	1
2033_nback1	41	Pulse	5	903840	14267	2
2033_nback1	42	Picture	10	907644	0	1	4145	2	0	4000	other	0
2033_nback1	42	Pulse	5	923830	16186	2
2033_nback1	43	Picture	10	925715	0	1	4145	2	0	4000	other	0
2033_nback1	44	Picture	10	943786	0	2	4145	3	0	4000	other	0
2033_nback1	44	Pulse	5	943830	44	2
2033_nback1	45	Picture	11	961857	0	2	4145	3	0	4000	hit	93
2033_nback1	45	Pulse	5	963830	1973	2
2033_nback1	45	Response	1	965910	4053	2
2033_nback1	46	Picture	10	979928	0	2	4145	3	0	4000	other	0
2033_nback1	46	Pulse	5	983819	3891	3
2033_nback1	47	Picture	10	997999	0	2	4145	3	0	4000	other	0
2033_nback1	47	Pulse	5	1003819	5820	2
2033_nback1	48	Picture	11	1016071	0	1	4144	2	0	4000	hit	99
2033_nback1	48	Response	1	1020299	4228	3
2033_nback1	48	Pulse	5	1023820	7749	1
2033_nback1	49	Picture	10	1034142	0	1	4144	2	0	4000	other	0
2033_nback1	49	Pulse	5	1043809	9667	2
2033_nback1	50	Picture	10	1052213	0	1	4144	3	0	4000	other	0
2033_nback1	50	Pulse	5	1063808	11595	3
2033_nback1	51	Picture	10	1070284	0	1	4144	3	0	4000	other	0
2033_nback1	51	Pulse	5	1083808	13524	3
2033_nback1	52	Picture	10	1088355	0	1	4144	3	0	4000	other	0
2033_nback1	52	Pulse	5	1103798	15443	2
2033_nback1	53	Pulse	5	1123799	17373	1
2033_nback1	54	Picture	30	1131460	0	1	4145	2	0	4000	other	0
2033_nback1	54	Pulse	5	1143798	12338	1
2033_nback1	55	Picture	30	1149531	0	1	4145	2	0	4000	other	0
2033_nback1	55	Pulse	5	1163787	14256	2
2033_nback1	56	Picture	31	1167602	0	1	4145	2	0	4000	hit	115
2033_nback1	56	Response	1	1172427	4825	2
2033_nback1	56	Pulse	5	1183787	16185	2
2033_nback1	57	Picture	30	1185673	0	2	4145	3	0	4000	other	0
2033_nback1	58	Picture	30	1203744	0	2	4145	3	0	4000	other	0
2033_nback1	58	Pulse	5	1203787	43	2
2033_nback1	59	Picture	30	1221815	0	2	4145	3	0	4000	other	0
2033_nback1	59	Pulse	5	1223776	1961	2
2033_nback1	60	Picture	31	1239886	0	2	4145	3	0	4000	hit	124
2033_nback1	60	Pulse	5	1243776	3890	2
2033_nback1	60	Response	1	1248416	8530	2
2033_nback1	61	Picture	31	1257957	0	2	4145	3	0	4000	miss	0
2033_nback1	61	Pulse	5	1263776	5819	2
2033_nback1	62	Picture	30	1276029	0	1	4144	3	0	4000	other	0
2033_nback1	62	Pulse	5	1283766	7737	1
2033_nback1	63	Picture	30	1294100	0	1	4144	3	0	4000	other	0
2033_nback1	63	Pulse	5	1303766	9666	2
2033_nback1	64	Picture	30	1312171	0	1	4144	3	0	4000	other	0
2033_nback1	64	Pulse	5	1323765	11594	2
2033_nback1	65	Picture	31	1330242	0	1	4145	2	0	4000	hit	134
2033_nback1	65	Response	1	1338795	8553	2
2033_nback1	65	Pulse	5	1343915	13673	2
2033_nback1	66	Picture	30	1348313	0	1	4145	2	0	4000	other	0
2033_nback1	66	Pulse	5	1363915	15602	2
2033_nback1	67	Picture	30	1366384	0	1	4145	2	0	4000	other	0
2033_nback1	67	Pulse	5	1383914	17530	2
2033_nback1	68	Picture	30	1384455	0	1	4145	2	0	4000	other	0
2033_nback1	69	Picture	30	1402526	0	1	4145	2	0	4000	other	0
2033_nback1	69	Pulse	5	1403904	1378	2
2033_nback1	70	Pulse	5	1423904	3307	2
2033_nback1	70	Pulse	5	1443904	23307	2
2033_nback1	71	Picture	10	1445631	0	1	4145	2	0	4000	other	0
2033_nback1	72	Picture	10	1463702	0	2	4145	3	0	4000	other	0
2033_nback1	72	Pulse	5	1463893	191	2
2033_nback1	73	Picture	11	1481773	0	2	4145	3	0	4000	hit	150
2033_nback1	73	Pulse	5	1483893	2120	2
2033_nback1	73	Response	1	1486133	4360	2
2033_nback1	74	Picture	10	1499844	0	2	4145	3	0	4000	other	0
2033_nback1	74	Pulse	5	1503893	4049	2
2033_nback1	75	Picture	11	1517916	0	1	4144	2	0	4000	hit	154
2033_nback1	75	Response	1	1523083	5167	2
2033_nback1	75	Pulse	5	1523883	5967	2
2033_nback1	76	Picture	10	1535987	0	1	4144	3	0	4000	other	0
2033_nback1	76	Pulse	5	1543882	7895	3
2033_nback1	77	Picture	10	1554058	0	1	4144	3	0	4000	other	0
2033_nback1	77	Pulse	5	1563882	9824	3
2033_nback1	78	Picture	11	1572129	0	1	4144	3	0	4000	hit	161
2033_nback1	78	Response	1	1577152	5023	2
2033_nback1	78	Pulse	5	1583872	11743	2
2033_nback1	79	Picture	10	1590200	0	1	4144	3	0	4000	other	0
2033_nback1	79	Pulse	5	1603873	13673	1
2033_nback1	80	Picture	10	1608271	0	1	4145	2	0	4000	other	0
2033_nback1	80	Pulse	5	1623871	15600	2
2033_nback1	81	Picture	10	1626342	0	1	4145	2	0	4000	other	0
2033_nback1	81	Pulse	5	1643861	17519	2
2033_nback1	82	Picture	10	1644413	0	1	4145	2	0	4000	other	0
2033_nback1	83	Picture	10	1662484	0	1	4145	2	0	4000	other	0
2033_nback1	83	Pulse	5	1663861	1377	2
2033_nback1	84	Picture	11	1680555	0	1	4145	2	0	4000	hit	174
2033_nback1	84	Pulse	5	1683861	3306	2
2033_nback1	84	Response	1	1684971	4416	2
2033_nback1	85	Picture	10	1698626	0	1	4145	2	0	4000	other	0
2033_nback1	85	Pulse	5	1703850	5224	2
2033_nback1	86	Picture	10	1716697	0	2	4145	3	0	4000	other	0
2033_nback1	86	Pulse	5	1723850	7153	2
2033_nback1	87	Pulse	5	1743850	9082	2
2033_nback1	88	Picture	20	1759802	0	2	4145	3	0	4000	other	0
2033_nback1	88	Pulse	5	1763840	4038	2
2033_nback1	89	Picture	20	1777874	0	1	4144	3	0	4000	other	0
2033_nback1	89	Pulse	5	1783839	5965	3
2033_nback1	90	Picture	20	1795945	0	1	4144	3	0	4000	other	0
2033_nback1	90	Pulse	5	1803839	7894	2
2033_nback1	91	Picture	21	1814016	0	1	4144	3	0	4000	hit	187
2033_nback1	91	Response	1	1821109	7093	2
2033_nback1	91	Pulse	5	1823829	9813	2
2033_nback1	92	Picture	20	1832087	0	1	4144	3	0	4000	other	0
2033_nback1	92	Pulse	5	1843829	11742	2
2033_nback1	93	Picture	20	1850158	0	1	4145	2	0	4000	other	0
2033_nback1	93	Pulse	5	1863829	13671	1
2033_nback1	94	Picture	21	1868229	0	1	4145	2	0	4000	hit	194
2033_nback1	94	Response	1	1873738	5509	2
2033_nback1	94	Pulse	5	1883818	15589	2
2033_nback1	95	Picture	20	1886300	0	1	4145	2	0	4000	other	0
2033_nback1	95	Pulse	5	1903818	17518	2
2033_nback1	96	Picture	20	1904371	0	1	4145	2	0	4000	other	0
2033_nback1	97	Picture	20	1922442	0	1	4145	2	0	4000	other	0
2033_nback1	97	Pulse	5	1923818	1376	2
2033_nback1	98	Picture	21	1940513	0	1	4145	2	0	4000	hit	203
2033_nback1	98	Pulse	5	1943807	3294	2
2033_nback1	98	Response	1	1944767	4254	3
2033_nback1	99	Picture	20	1958584	0	1	4145	2	0	4000	other	0
2033_nback1	99	Pulse	5	1963807	5223	2
2033_nback1	100	Picture	20	1976655	0	2	4145	3	0	4000	other	0
2033_nback1	100	Pulse	5	1983808	7153	1
2033_nback1	101	Picture	21	1994726	0	2	4145	3	0	4000	miss	0
2033_nback1	101	Pulse	5	2003797	9071	2
2033_nback1	102	Picture	20	2012797	0	2	4145	3	0	4000	other	0
2033_nback1	102	Pulse	5	2023796	10999	3
2033_nback1	103	Picture	20	2030868	0	2	4145	3	0	4000	other	0
2033_nback1	103	Pulse	5	2043796	12928	3
2033_nback1	104	Pulse	5	2063786	14846	2
2033_nback1	105	Picture	10	2073974	0	1	4145	2	0	4000	other	0
2033_nback1	105	Pulse	5	2083786	9812	2
2033_nback1	106	Picture	10	2092045	0	1	4145	2	0	4000	other	0
2033_nback1	106	Pulse	5	2103785	11740	2
2033_nback1	107	Picture	11	2110115	0	2	4146	3	0	4000	hit	220
2033_nback1	107	Response	1	2114815	4700	2
2033_nback1	107	Pulse	5	2123775	13660	2
2033_nback1	108	Picture	10	2128187	0	1	4145	2	0	4000	other	0
2033_nback1	108	Pulse	5	2143775	15588	2
2033_nback1	109	Picture	11	2146258	0	1	4145	2	0	4000	hit	225
2033_nback1	109	Response	1	2150975	4717	2
2033_nback1	109	Pulse	5	2163775	17517	2
2033_nback1	110	Picture	10	2164329	0	1	4145	2	0	4000	other	0
2033_nback1	111	Picture	10	2182400	0	1	4145	2	0	4000	other	0
2033_nback1	111	Pulse	5	2183764	1364	3
2033_nback1	112	Picture	11	2200471	0	2	4145	3	0	4000	hit	232
2033_nback1	112	Pulse	5	2203764	3293	2
2033_nback1	112	Response	1	2205204	4733	2
2033_nback1	113	Picture	10	2218542	0	1	4145	2	0	4000	other	0
2033_nback1	113	Pulse	5	2223764	5222	2
2033_nback1	114	Picture	10	2236613	0	2	4145	3	0	4000	other	0
2033_nback1	114	Pulse	5	2243754	7141	2
2033_nback1	115	Picture	10	2254684	0	2	4145	3	0	4000	false_alarm	238
2033_nback1	115	Response	1	2258793	4109	2
2033_nback1	115	Pulse	5	2263753	9069	3
2033_nback1	116	Picture	10	2272756	0	1	4144	2	0	4000	other	0
2033_nback1	116	Pulse	5	2283753	10997	2
2033_nback1	117	Picture	10	2290827	0	1	4144	3	0	4000	other	0
2033_nback1	117	Pulse	5	2303743	12916	2
2033_nback1	118	Picture	11	2308898	0	1	4144	3	0	4000	hit	245
2033_nback1	118	Response	1	2313343	4445	2
2033_nback1	118	Pulse	5	2323743	14845	2
2033_nback1	119	Picture	10	2326969	0	1	4144	3	0	4000	other	0
2033_nback1	119	Pulse	5	2343742	16773	2
2033_nback1	120	Picture	10	2345040	0	1	4144	3	0	4000	other	0
2033_nback1	121	Pulse	5	2363732	621	2
2033_nback1	121	Pulse	5	2383732	20621	2
2033_nback1	122	Picture	30	2388145	0	1	4145	2	0	4000	other	0
2033_nback1	122	Pulse	5	2403892	15747	2
2033_nback1	123	Picture	30	2406216	0	1	4145	2	0	4000	other	0
2033_nback1	123	Pulse	5	2423881	17665	3
2033_nback1	124	Picture	30	2424287	0	1	4144	3	0	4000	other	0
2033_nback1	125	Picture	31	2442358	0	1	4145	2	0	4000	hit	259
2033_nback1	125	Pulse	5	2443881	1523	2
2033_nback1	125	Response	1	2454921	12563	2
2033_nback1	126	Picture	31	2460429	0	2	4145	3	0	4000	miss	0
2033_nback1	126	Pulse	5	2463881	3452	2
2033_nback1	127	Picture	30	2478500	0	2	4145	3	0	4000	other	0
2033_nback1	127	Pulse	5	2483871	5371	2
2033_nback1	128	Picture	30	2496571	0	2	4145	3	0	4000	other	0
2033_nback1	128	Pulse	5	2503870	7299	3
2033_nback1	129	Picture	30	2514643	0	1	4144	3	0	4000	other	0
2033_nback1	129	Pulse	5	2523870	9227	3
2033_nback1	130	Picture	31	2532714	0	1	4144	3	0	4000	hit	269
2033_nback1	130	Response	1	2538741	6027	1
2033_nback1	130	Pulse	5	2543860	11146	2
2033_nback1	131	Picture	30	2550785	0	1	4144	3	0	4000	other	0
2033_nback1	131	Pulse	5	2563860	13075	1
2033_nback1	132	Picture	30	2568856	0	1	4144	3	0	4000	other	0
2033_nback1	132	Pulse	5	2583859	15003	2
2033_nback1	133	Picture	30	2586927	0	1	4145	2	0	4000	other	0
2033_nback1	133	Pulse	5	2603849	16922	3
2033_nback1	134	Picture	30	2604998	0	1	4145	2	0	4000	other	0
2033_nback1	135	Picture	31	2623069	0	2	4145	3	0	4000	hit	280
2033_nback1	135	Pulse	5	2623850	781	1
2033_nback1	135	Response	1	2632329	9260	2
2033_nback1	136	Picture	30	2641140	0	1	4145	2	0	4000	other	0
2033_nback1	136	Pulse	5	2643849	2709	2
2033_nback1	137	Picture	30	2659211	0	1	4145	2	0	4000	other	0
2033_nback1	137	Pulse	5	2663838	4627	2
