Scenario - 1-back
Logfile written - 05/22/2014 11:57:22

Subject	Trial	Event Type	Code	Time	TTime	Uncertainty	Duration	Uncertainty	ReqTime	ReqDur	Stim Type	Pair Index

2033_nback1	1	Pulse	5	112858	122692	3
2033_nback1	2	Pulse	5	132858	19843	3
2033_nback1	3	Picture	10	138049	0	2	4145	3	0	4000	other	0
2033_nback1	3	Pulse	5	152848	14799	2
2033_nback1	4	Picture	10	156119	0	5	4146	6	0	4000	other	0
2033_nback1	4	Pulse	5	172848	16729	2
2033_nback1	5	Picture	11	174191	0	2	4145	3	0	4000	hit	8
2033_nback1	5	Response	1	179248	5057	1
2033_nback1	6	Picture	10	192263	0	1	4144	3	0	4000	other	0
2033_nback1	6	Pulse	5	192847	584	2
2033_nback1	7	Picture	11	210334	0	1	4144	3	0	4000	hit	13
2033_nback1	7	Pulse	5	212837	2503	3
2033_nback1	7	Response	1	214596	4262	8
2033_nback1	8	Picture	10	228405	0	1	4144	3	0	4000	other	0
2033_nback1	8	Pulse	5	232837	4432	2
2033_nback1	9	Picture	10	246476	0	1	4144	3	0	4000	other	0
2033_nback1	9	Pulse	5	252827	6351	2
2033_nback1	10	Picture	10	264547	0	1	4145	2	0	4000	other	0
2033_nback1	10	Pulse	5	272826	8279	2
2033_nback1	11	Picture	11	282618	0	1	4145	2	0	4000	hit	21
2033_nback1	11	Response	1	287386	4768	2
2033_nback1	11	Pulse	5	292826	10208	2
2033_nback1	12	Picture	10	300689	0	1	4145	2	0	4000	other	0
2033_nback1	12	Pulse	5	312826	12137	2
2033_nback1	13	Picture	10	318760	0	1	4145	2	0	4000	other	0
2033_nback1	13	Pulse	5	332816	14056	2
2033_nback1	14	Picture	11	336831	0	1	4144	4	0	4000	hit	28
2033_nback1	14	Response	1	341456	4625	2
2033_nback1	14	Pulse	5	352815	15984	3
2033_nback1	15	Picture	10	354902	0	1	4145	2	0	4000	other	0
2033_nback1	15	Pulse	5	372815	17913	2
2033_nback1	16	Picture	10	372973	0	1	4145	2	0	4000	other	0
2033_nback1	17	Picture	10	391044	0	2	4145	3	0	4000	other	0
2033_nback1	17	Pulse	5	392805	1761	2
2033_nback1	18	Picture	10	409115	0	2	4145	3	0	4000	other	0
2033_nback1	18	Pulse	5	412805	3690	2
2033_nback1	19	Pulse	5	432804	5618	2
2033_nback1	20	Picture	20	452221	0	1	4144	3	0	4000	other	0
2033_nback1	20	Pulse	5	452794	573	2
2033_nback1	21	Picture	20	470292	0	1	4145	2	0	4000	other	0
2033_nback1	21	Pulse	5	472794	2502	2
2033_nback1	22	Picture	21	488363	0	1	4144	3	0	4000	hit	44
2033_nback1	22	Pulse	5	492794	4431	2
2033_nback1	22	Response	1	493914	5551	2
2033_nback1	23	Picture	20	506433	0	2	4146	3	0	4000	other	0
2033_nback1	23	Pulse	5	512783	6350	2
2033_nback1	24	Picture	20	524505	0	1	4145	2	0	4000	other	0
2033_nback1	24	Pulse	5	532783	8278	2
2033_nback1	25	Picture	20	542576	0	1	4145	2	0	4000	other	0
2033_nback1	25	Pulse	5	552783	10207	2
2033_nback1	26	Picture	21	560647	0	1	4145	2	0	4000	hit	52
2033_nback1	26	Response	1	563973	3326	2
2033_nback1	26	Pulse	5	572773	12126	1
2033_nback1	27	Picture	20	578718	0	1	4145	2	0	4000	other	0
2033_nback1	27	Pulse	5	592772	14054	2
2033_nback1	28	Picture	20	596789	0	1	4145	2	0	4000	other	0
2033_nback1	28	Pulse	5	612772	15983	2
2033_nback1	29	Picture	20	614860	0	2	4145	3	0	4000	other	0
2033_nback1	29	Pulse	5	632762	17902	2
2033_nback1	30	Picture	20	632931	0	2	4145	3	0	4000	other	0
2033_nback1	31	Picture	20	651003	0	1	4144	3	0	4000	other	0
2033_nback1	31	Pulse	5	652762	1759	2
2033_nback1	32	Picture	21	669074	0	1	4144	3	0	4000	hit	65
2033_nback1	32	Pulse	5	672761	3687	2
2033_nback1	32	Response	1	674681	5607	2
2033_nback1	33	Picture	20	687145	0	1	4144	3	0	4000	other	0
2033_nback1	33	Pulse	5	692751	5606	2
2033_nback1	34	Picture	20	705216	0	1	4144	3	0	4000	other	0
2033_nback1	34	Pulse	5	712751	7535	2
2033_nback1	35	Picture	21	723287	0	1	4145	2	0	4000	hit	72
2033_nback1	35	Pulse	5	732751	9464	2
2033_nback1	35	Response	1	732911	9624	3
2033_nback1	36	Pulse	5	752740	11382	2
2033_nback1	37	Picture	10	766392	0	1	4145	2	0	4000	other	0
2033_nback1	37	Pulse	5	772740	6348	2
2033_nback1	38	Picture	10	784463	0	1	4145	2	0	4000	other	0
2033_nback1	38	Pulse	5	792740	8277	2
2033_nback1	39	Picture	11	802534	0	1	4145	2	0	4000	hit	79
2033_nback1	39	Response	1	807930	5396	2
2033_nback1	39	Pulse	5	812730	10196	2
2033_nback1	40	Picture	10	820605	0	2	4144	4	0	4000	other	0
2033_nback1	40	Pulse	5	832729	12124	2
2033_nback1	41	Picture	11	838676	0	2	4145	3	0	4000	hit	84
2033_nback1	41	Response	1	843769	5093	2
2033_nback1	41	Pulse	5	852729	14053	2
2033_nback1	42	Picture	10	856747	0	2	4145	4	0	4000	other	0
2033_nback1	42	Pulse	5	872720	15973	1
2033_nback1	43	Picture	10	874819	0	1	4144	3	0	4000	other	0
2033_nback1	43	Pulse	5	892719	17900	1
2033_nback1	44	Picture	10	892890	0	1	4144	3	0	4000	other	0
2033_nback1	45	Picture	11	910961	0	1	4144	3	0	4000	hit	93
2033_nback1	45	Pulse	5	912718	1757	2
2033_nback1	45	Response	1	915598	4637	2
2033_nback1	46	Picture	10	929032	0	1	4145	2	0	4000	other	0
2033_nback1	46	Pulse	5	932709	3677	1
2033_nback1	47	Picture	10	947103	0	1	4145	2	0	4000	other	0
2033_nback1	47	Pulse	5	952708	5605	2
2033_nback1	48	Picture	11	965174	0	1	4145	2	0	4000	hit	99
2033_nback1	48	Response	1	969988	4814	2
2033_nback1	48	Pulse	5	972708	7534	1
2033_nback1	49	Picture	10	983245	0	1	4145	2	0	4000	other	0
2033_nback1	49	Pulse	5	992697	9452	2
2033_nback1	50	Picture	10	1001316	0	1	4145	2	0	4000	other	0
2033_nback1	50	Pulse	5	1012857	11541	2
2033_nback1	51	Picture	10	1019387	0	2	4145	3	0	4000	other	0
2033_nback1	51	Pulse	5	1032857	13470	2
2033_nback1	52	Picture	10	1037458	0	1	4145	2	0	4000	other	0
2033_nback1	52	Pulse	5	1052847	15389	1
2033_nback1	53	Pulse	5	1072846	17317	2
2033_nback1	54	Picture	30	1080564	0	1	4144	2	0	4000	other	0
2033_nback1	54	Pulse	5	1092846	12282	2
2033_nback1	55	Picture	30	1098635	0	1	4144	3	0	4000	other	0
2033_nback1	55	Pulse	5	1112837	14202	1
2033_nback1	56	Picture	31	1116706	0	1	4145	2	0	4000	hit	115
2033_nback1	56	Response	1	1125796	9090	2
2033_nback1	56	Pulse	5	1132836	16130	1
2033_nback1	57	Picture	30	1134777	0	1	4145	2	0	4000	other	0
2033_nback1	57	Pulse	5	1152835	18058	2
2033_nback1	58	Picture	30	1152848	0	1	4145	2	0	4000	other	0
2033_nback1	59	Picture	30	1170919	0	1	4145	2	0	4000	other	0
2033_nback1	59	Pulse	5	1172825	1906	3
2033_nback1	60	Picture	31	1188990	0	1	4145	2	0	4000	hit	124
2033_nback1	60	Pulse	5	1192825	3835	2
2033_nback1	60	Response	1	1198905	9915	2
2033_nback1	61	Picture	31	1207061	0	1	4145	2	0	4000	hit	127
2033_nback1	61	Pulse	5	1212825	5764	2
2033_nback1	61	Response	1	1216665	9604	2
2033_nback1	62	Picture	30	1225132	0	1	4145	2	0	4000	other	0
2033_nback1	62	Pulse	5	1232814	7682	2
2033_nback1	63	Picture	30	1243203	0	1	4145	2	0	4000	other	0
2033_nback1	63	Pulse	5	1252814	9611	3
2033_nback1	64	Picture	30	1261274	0	1	4145	2	0	4000	other	0
2033_nback1	64	Pulse	5	1272804	11530	2
2033_nback1	65	Picture	31	1279345	0	2	4145	3	0	4000	miss	0
2033_nback1	65	Pulse	5	1292804	13459	2
2033_nback1	66	Picture	30	1297416	0	2	4145	3	0	4000	other	0
2033_nback1	66	Pulse	5	1312803	15387	3
2033_nback1	67	Picture	30	1315487	0	2	4145	3	0	4000	other	0
2033_nback1	67	Pulse	5	1332803	17316	2
2033_nback1	68	Picture	30	1333559	0	1	4144	3	0	4000	other	0
2033_nback1	69	Picture	30	1351630	0	1	4144	3	0	4000	other	0
2033_nback1	69	Pulse	5	1352793	1163	2
2033_nback1	70	Pulse	5	1372793	3092	2
2033_nback1	70	Pulse	5	1392792	23091	2
2033_nback1	71	Picture	10	1394735	0	1	4145	2	0	4000	other	0
2033_nback1	71	Pulse	5	1412782	18047	2
2033_nback1	72	Picture	10	1412806	0	1	4145	2	0	4000	other	0
2033_nback1	73	Picture	11	1430877	0	1	4145	3	0	4000	hit	150
2033_nback1	73	Pulse	5	1432782	1905	2
2033_nback1	73	Response	1	1435502	4625	2
2033_nback1	74	Picture	10	1448948	0	1	4145	2	0	4000	other	0
2033_nback1	74	Pulse	5	1452782	3834	1
2033_nback1	75	Picture	11	1467019	0	2	4145	3	0	4000	hit	154
2033_nback1	75	Response	1	1471491	4472	2
2033_nback1	75	Pulse	5	1472771	5752	2
2033_nback1	76	Picture	10	1485090	0	2	4145	3	0	4000	other	0
2033_nback1	76	Pulse	5	1492771	7681	2
2033_nback1	77	Picture	10	1503161	0	2	4145	3	0	4000	other	0
2033_nback1	77	Pulse	5	1512771	9610	2
2033_nback1	78	Picture	11	1521233	0	1	4144	2	0	4000	hit	161
2033_nback1	78	Response	1	1524601	3368	2
2033_nback1	78	Pulse	5	1532761	11528	1
2033_nback1	79	Picture	10	1539304	0	1	4144	3	0	4000	other	0
2033_nback1	79	Pulse	5	1552760	13456	2
2033_nback1	80	Picture	10	1557375	0	1	4144	3	0	4000	other	0
2033_nback1	80	Pulse	5	1572760	15385	2
2033_nback1	81	Picture	10	1575446	0	1	4145	2	0	4000	other	0
2033_nback1	81	Pulse	5	1592750	17304	2
2033_nback1	82	Picture	10	1593517	0	1	4145	2	0	4000	other	0
2033_nback1	83	Picture	10	1611588	0	1	4145	2	0	4000	other	0
2033_nback1	83	Pulse	5	1612750	1162	1
2033_nback1	84	Picture	11	1629659	0	1	4145	2	0	4000	hit	174
2033_nback1	84	Pulse	5	1632749	3090	2
2033_nback1	84	Response	1	1634509	4850	2
2033_nback1	85	Picture	10	1647730	0	1	4145	2	0	4000	other	0
2033_nback1	85	Pulse	5	1652739	5009	3
2033_nback1	86	Picture	10	1665801	0	1	4145	2	0	4000	other	0
2033_nback1	86	Pulse	5	1672739	6938	2
2033_nback1	87	Pulse	5	1692739	8867	2
2033_nback1	88	Picture	20	1708906	0	2	4145	3	0	4000	other	0
2033_nback1	88	Pulse	5	1712728	3822	2
2033_nback1	89	Picture	20	1726977	0	2	4145	3	0	4000	other	0
2033_nback1	89	Pulse	5	1732728	5751	2
2033_nback1	90	Picture	20	1745048	0	2	4145	4	0	4000	other	0
2033_nback1	90	Pulse	5	1752728	7680	2
2033_nback1	91	Picture	21	1763120	0	1	4144	3	0	4000	hit	187
2033_nback1	91	Response	1	1766638	3518	2
2033_nback1	91	Pulse	5	1772718	9598	1
2033_nback1	92	Picture	20	1781191	0	1	4144	3	0	4000	other	0
2033_nback1	92	Pulse	5	1792717	11526	2
2033_nback1	93	Picture	20	1799262	0	1	4145	2	0	4000	other	0
2033_nback1	93	Pulse	5	1812717	13455	2
2033_nback1	94	Picture	21	1817333	0	1	4145	2	0	4000	hit	194
2033_nback1	94	Response	1	1820548	3215	1
2033_nback1	94	Pulse	5	1832707	15374	2
2033_nback1	95	Picture	20	1835404	0	1	4145	2	0	4000	other	0
2033_nback1	95	Pulse	5	1852707	17303	1
2033_nback1	96	Picture	20	1853475	0	1	4145	2	0	4000	other	0
2033_nback1	97	Picture	20	1871546	0	1	4145	2	0	4000	other	0
2033_nback1	97	Pulse	5	1872706	1160	2
2033_nback1	98	Picture	21	1889617	0	1	4145	2	0	4000	hit	203
2033_nback1	98	Pulse	5	1892696	3079	3
2033_nback1	98	Response	1	1893336	3719	2
2033_nback1	99	Picture	20	1907688	0	1	4145	2	0	4000	other	0
2033_nback1	99	Pulse	5	1912696	5008	2
2033_nback1	100	Picture	20	1925759	0	1	4145	2	0	4000	other	0
2033_nback1	100	Pulse	5	1932696	6937	1
2033_nback1	101	Picture	21	1943830	0	2	4145	3	0	4000	hit	209
2033_nback1	101	Response	1	1949166	5336	1
2033_nback1	101	Pulse	5	1952685	8855	2
2033_nback1	102	Picture	20	1961901	0	2	4145	3	0	4000	other	0
2033_nback1	102	Pulse	5	1972685	10784	2
2033_nback1	103	Picture	20	1979973	0	1	4144	2	0	4000	other	0
2033_nback1	103	Pulse	5	1992685	12712	3
2033_nback1	104	Pulse	5	2012675	14631	1
2033_nback1	105	Picture	10	2023078	0	1	4145	2	0	4000	other	0
2033_nback1	105	Pulse	5	2032674	9596	2
2033_nback1	106	Picture	10	2041149	0	1	4145	2	0	4000	other	0
2033_nback1	106	Pulse	5	2052674	11525	2
2033_nback1	107	Picture	11	2059220	0	1	4145	2	0	4000	hit	221
2033_nback1	107	Response	1	2063384	4164	2
2033_nback1	107	Pulse	5	2072824	13604	2
2033_nback1	108	Picture	10	2077291	0	2	4145	3	0	4000	other	0
2033_nback1	108	Pulse	5	2092824	15533	1
2033_nback1	109	Picture	11	2095362	0	1	4145	2	0	4000	hit	226
2033_nback1	109	Response	1	2101464	6102	1
2033_nback1	109	Pulse	5	2112823	17461	2
2033_nback1	110	Picture	10	2113433	0	2	4145	3	0	4000	other	0
2033_nback1	111	Picture	10	2131504	0	2	4145	3	0	4000	other	0
2033_nback1	111	Pulse	5	2132813	1309	3
2033_nback1	112	Picture	11	2149575	0	2	4145	3	0	4000	hit	233
2033_nback1	112	Pulse	5	2152813	3238	2
2033_nback1	112	Response	1	2153453	3878	2
2033_nback1	113	Picture	10	2167646	0	2	4145	3	0	4000	other	0
2033_nback1	113	Pulse	5	2172813	5167	2
2033_nback1	114	Picture	10	2185718	0	1	4144	2	0	4000	other	0
2033_nback1	114	Pulse	5	2192802	7084	2
2033_nback1	115	Picture	10	2203789	0	1	4144	3	0	4000	other	0
2033_nback1	115	Pulse	5	2212802	9013	2
2033_nback1	116	Picture	10	2221860	0	1	4144	3	0	4000	other	0
2033_nback1	116	Pulse	5	2232802	10942	2
2033_nback1	117	Picture	10	2239931	0	1	4144	3	0	4000	other	0
2033_nback1	117	Pulse	5	2252792	12861	2
2033_nback1	118	Picture	11	2258002	0	1	4145	2	0	4000	hit	245
2033_nback1	118	Response	1	2263031	5029	2
2033_nback1	118	Pulse	5	2272791	14789	2
2033_nback1	119	Picture	10	2276073	0	1	4145	2	0	4000	other	0
2033_nback1	119	Pulse	5	2292791	16718	2
2033_nback1	120	Picture	10	2294144	0	1	4145	2	0	4000	other	0
2033_nback1	121	Pulse	5	2312781	566	2
2033_nback1	121	Pulse	5	2332781	20566	1
2033_nback1	122	Picture	30	2337249	0	2	4145	3	0	4000	other	0
2033_nback1	122	Pulse	5	2352780	15531	3
2033_nback1	123	Picture	30	2355320	0	2	4145	3	0	4000	other	0
2033_nback1	123	Pulse	5	2372770	17450	3
2033_nback1	124	Picture	30	2373391	0	2	4145	3	0	4000	other	0
2033_nback1	125	Picture	31	2391463	0	1	4144	2	0	4000	hit	259
2033_nback1	125	Pulse	5	2392770	1307	2
2033_nback1	125	Response	1	2404130	12667	2
2033_nback1	126	Picture	31	2409534	0	1	4144	3	0	4000	hit	262
2033_nback1	126	Pulse	5	2412770	3236	1
2033_nback1	126	Response	1	2416280	6746	1
2033_nback1	127	Picture	30	2427605	0	1	4144	3	0	4000	other	0
2033_nback1	127	Pulse	5	2432759	5154	2
2033_nback1	128	Picture	30	2445676	0	1	4144	3	0	4000	other	0
2033_nback1	128	Pulse	5	2452759	7083	2
2033_nback1	129	Picture	30	2463747	0	1	4145	2	0	4000	other	0
2033_nback1	129	Pulse	5	2472759	9012	2
2033_nback1	130	Picture	31	2481818	0	1	4145	2	0	4000	hit	270
2033_nback1	130	Response	1	2486989	5171	2
2033_nback1	130	Pulse	5	2492749	10931	2
2033_nback1	131	Picture	30	2499889	0	1	4145	2	0	4000	other	0
2033_nback1	131	Pulse	5	2512748	12859	3
2033_nback1	132	Picture	30	2517960	0	1	4144	3	0	4000	other	0
2033_nback1	132	Pulse	5	2532748	14788	3
2033_nback1	133	Picture	30	2536031	0	1	4145	2	0	4000	other	0
2033_nback1	133	Pulse	5	2552738	16707	2
2033_nback1	134	Picture	30	2554102	0	1	4145	2	0	4000	other	0
2033_nback1	135	Picture	31	2572173	0	2	4145	3	0	4000	hit	281
2033_nback1	135	Pulse	5	2572738	565	1
2033_nback1	135	Response	1	2578498	6325	1
2033_nback1	136	Picture	30	2590244	0	2	4145	3	0	4000	other	0
2033_nback1	136	Pulse	5	2592737	2493	2
2033_nback1	137	Picture	30	2608315	0	2	4145	3	0	4000	false_alarm	286
2033_nback1	137	Pulse	5	2612727	4412	3
2033_nback1	137	Response	1	2616567	8252	2
