Scenario - 1-back
Logfile written - 05/22/2014 12:02:53

Subject	Trial	Event Type	Code	Time	TTime	Uncertainty	Duration	Uncertainty	ReqTime	ReqDur	Stim Type	Pair Index

2033_nback1	1	Pulse	5	231856	241690	2
2033_nback1	2	Pulse	5	251846	19960	1
2033_nback1	3	Picture	10	256920	0	2	4145	3	0	4000	other	0
2033_nback1	3	Pulse	5	271845	14925	2
2033_nback1	4	Picture	10	274992	0	1	4144	3	0	4000	other	0
2033_nback1	4	Pulse	5	291845	16853	2
2033_nback1	5	Picture	11	293063	0	1	4144	3	0	4000	hit	8
2033_nback1	5	Response	1	296805	3742	2
2033_nback1	6	Picture	10	311134	0	1	4144	3	0	4000	other	0
2033_nback1	6	Pulse	5	311835	701	2
2033_nback1	7	Picture	11	329205	0	1	4144	3	0	4000	hit	13
2033_nback1	7	Pulse	5	331835	2630	1
2033_nback1	7	Response	1	333435	4230	1
2033_nback1	8	Picture	10	347276	0	1	4145	2	0	4000	other	0
2033_nback1	8	Pulse	5	351834	4558	2
2033_nback1	9	Picture	10	365347	0	1	4145	2	0	4000	other	0
2033_nback1	9	Pulse	5	371824	6477	2
2033_nback1	10	Picture	10	383418	0	1	4145	2	0	4000	other	0
2033_nback1	10	Pulse	5	391824	8406	2
2033_nback1	11	Picture	11	401489	0	1	4145	2	0	4000	hit	21
2033_nback1	11	Response	1	405584	4095	1
2033_nback1	11	Pulse	5	411824	10335	1
2033_nback1	12	Picture	10	419560	0	1	4145	2	0	4000	other	0
2033_nback1	12	Pulse	5	431813	12253	2
2033_nback1	13	Picture	10	437631	0	1	4145	2	0	4000	other	0
2033_nback1	13	Pulse	5	451814	14183	1
2033_nback1	14	Picture	11	455702	0	1	4145	2	0	4000	hit	28
2033_nback1	14	Response	1	459813	4111	2
2033_nback1	14	Pulse	5	471813	16111	2
2033_nback1	15	Picture	10	473773	0	2	4145	3	0	4000	other	0
2033_nback1	15	Pulse	5	491803	18030	1
2033_nback1	16	Picture	10	491844	0	2	4145	3	0	4000	other	0
2033_nback1	17	Picture	10	509915	0	2	4145	3	0	4000	other	0
2033_nback1	17	Pulse	5	511802	1887	2
2033_nback1	18	Picture	10	527987	0	1	4144	2	0	4000	other	0
2033_nback1	18	Pulse	5	531802	3815	2
2033_nback1	19	Pulse	5	551792	5734	2
2033_nback1	20	Picture	30	571092	0	1	4145	2	0	4000	other	0
2033_nback1	20	Pulse	5	571792	700	1
2033_nback1	21	Picture	30	589163	0	1	4145	2	0	4000	other	0
2033_nback1	21	Pulse	5	591791	2628	2
2033_nback1	22	Picture	31	607234	0	1	4145	2	0	4000	hit	44
2033_nback1	22	Pulse	5	611781	4547	2
2033_nback1	22	Response	1	612741	5507	2
2033_nback1	23	Picture	30	625305	0	1	4145	2	0	4000	other	0
2033_nback1	23	Pulse	5	631781	6476	2
2033_nback1	24	Picture	30	643376	0	1	4145	2	0	4000	other	0
2033_nback1	24	Pulse	5	651780	8404	3
2033_nback1	25	Picture	30	661447	0	1	4145	2	0	4000	other	0
2033_nback1	25	Pulse	5	671770	10323	3
2033_nback1	26	Picture	31	679518	0	1	4145	2	0	4000	hit	52
2033_nback1	26	Response	1	685050	5532	3
2033_nback1	26	Pulse	5	691770	12252	3
2033_nback1	27	Picture	31	697589	0	2	4145	3	0	4000	hit	55
2033_nback1	27	Response	1	708890	11301	3
2033_nback1	27	Pulse	5	711770	14181	3
2033_nback1	28	Picture	30	715660	0	2	4145	3	0	4000	other	0
2033_nback1	28	Pulse	5	731760	16100	1
2033_nback1	29	Picture	30	733732	0	1	4144	2	0	4000	other	0
2033_nback1	29	Pulse	5	751759	18027	2
2033_nback1	30	Picture	30	751803	0	1	4144	3	0	4000	other	0
2033_nback1	31	Picture	31	769874	0	1	4144	3	0	4000	hit	64
2033_nback1	31	Pulse	5	771759	1885	2
2033_nback1	31	Response	1	777039	7165	2
2033_nback1	32	Picture	30	787945	0	1	4144	3	0	4000	other	0
2033_nback1	32	Pulse	5	791749	3804	2
2033_nback1	33	Picture	30	806016	0	1	4144	3	0	4000	other	0
2033_nback1	33	Pulse	5	811749	5733	1
2033_nback1	34	Picture	30	824087	0	1	4144	3	0	4000	other	0
2033_nback1	34	Pulse	5	831748	7661	3
2033_nback1	35	Picture	30	842158	0	1	4145	2	0	4000	other	0
2033_nback1	35	Pulse	5	851738	9580	2
2033_nback1	36	Pulse	5	871738	11509	2
2033_nback1	37	Picture	10	885263	0	1	4145	2	0	4000	other	0
2033_nback1	37	Pulse	5	891737	6474	3
2033_nback1	38	Picture	10	903334	0	1	4145	2	0	4000	other	0
2033_nback1	38	Pulse	5	911728	8394	1
2033_nback1	39	Picture	11	921405	0	2	4145	3	0	4000	hit	79
2033_nback1	39	Response	1	926127	4722	2
2033_nback1	39	Pulse	5	931727	10322	2
2033_nback1	40	Picture	10	939476	0	2	4145	3	0	4000	other	0
2033_nback1	40	Pulse	5	951727	12251	2
2033_nback1	41	Picture	11	957547	0	2	4145	3	0	4000	hit	84
2033_nback1	41	Response	1	961327	3780	2
2033_nback1	41	Pulse	5	971716	14169	2
2033_nback1	42	Picture	10	975619	0	1	4144	3	0	4000	other	0
2033_nback1	42	Pulse	5	991716	16097	2
2033_nback1	43	Picture	10	993690	0	1	4144	3	0	4000	other	0
2033_nback1	43	Pulse	5	1011716	18026	2
2033_nback1	44	Picture	10	1011761	0	1	4144	3	0	4000	other	0
2033_nback1	45	Picture	11	1029832	0	1	4145	2	0	4000	hit	93
2033_nback1	45	Pulse	5	1031706	1874	2
2033_nback1	45	Response	1	1033306	3474	2
2033_nback1	46	Picture	10	1047903	0	1	4145	2	0	4000	other	0
2033_nback1	46	Pulse	5	1051706	3803	1
2033_nback1	47	Picture	10	1065974	0	1	4145	2	0	4000	other	0
2033_nback1	47	Pulse	5	1071705	5731	2
2033_nback1	48	Picture	11	1084045	0	1	4145	2	0	4000	hit	99
2033_nback1	48	Response	1	1087695	3650	2
2033_nback1	48	Pulse	5	1091695	7650	2
2033_nback1	49	Picture	10	1102116	0	1	4145	2	0	4000	other	0
2033_nback1	49	Pulse	5	1111695	9579	2
2033_nback1	50	Picture	10	1120187	0	1	4145	2	0	4000	other	0
2033_nback1	50	Pulse	5	1131855	11668	1
2033_nback1	51	Picture	10	1138258	0	1	4145	2	0	4000	other	0
2033_nback1	51	Pulse	5	1151844	13586	3
2033_nback1	52	Picture	10	1156329	0	1	4145	2	0	4000	other	0
2033_nback1	52	Pulse	5	1171844	15515	2
2033_nback1	53	Pulse	5	1191844	17444	2
2033_nback1	54	Picture	20	1199435	0	1	4144	3	0	4000	other	0
2033_nback1	54	Pulse	5	1211834	12399	1
2033_nback1	55	Picture	20	1217506	0	1	4144	3	0	4000	other	0
2033_nback1	55	Pulse	5	1231833	14327	2
2033_nback1	56	Picture	21	1235577	0	1	4144	3	0	4000	hit	115
2033_nback1	56	Response	1	1239193	3616	3
2033_nback1	56	Pulse	5	1251833	16256	2
2033_nback1	57	Picture	20	1253648	0	1	4144	3	0	4000	other	0
2033_nback1	58	Picture	20	1271719	0	1	4145	2	0	4000	other	0
2033_nback1	58	Pulse	5	1271823	104	2
2033_nback1	59	Picture	20	1289790	0	1	4145	2	0	4000	other	0
2033_nback1	59	Pulse	5	1291822	2032	2
2033_nback1	60	Picture	21	1307861	0	1	4145	2	0	4000	hit	124
2033_nback1	60	Pulse	5	1311822	3961	2
2033_nback1	60	Response	1	1312303	4442	1
2033_nback1	61	Picture	20	1325932	0	1	4145	2	0	4000	other	0
2033_nback1	61	Pulse	5	1331812	5880	2
2033_nback1	62	Picture	20	1344003	0	1	4145	2	0	4000	other	0
2033_nback1	62	Pulse	5	1351812	7809	2
2033_nback1	63	Picture	20	1362074	0	1	4145	2	0	4000	other	0
2033_nback1	63	Pulse	5	1371811	9737	2
2033_nback1	64	Picture	20	1380145	0	1	4145	2	0	4000	other	0
2033_nback1	64	Pulse	5	1391801	11656	2
2033_nback1	65	Picture	20	1398216	0	2	4145	4	0	4000	other	0
2033_nback1	65	Pulse	5	1411801	13585	2
2033_nback1	66	Picture	21	1416287	0	2	4145	3	0	4000	hit	136
2033_nback1	66	Response	1	1420121	3834	2
2033_nback1	66	Pulse	5	1431801	15514	2
2033_nback1	67	Picture	20	1434358	0	2	4145	3	0	4000	other	0
2033_nback1	67	Pulse	5	1451790	17432	3
2033_nback1	68	Picture	20	1452430	0	1	4144	3	0	4000	other	0
2033_nback1	69	Picture	21	1470501	0	1	4144	3	0	4000	hit	143
2033_nback1	69	Pulse	5	1471790	1289	2
2033_nback1	69	Response	1	1474671	4170	1
2033_nback1	70	Pulse	5	1491790	3218	2
2033_nback1	70	Pulse	5	1511780	23208	2
2033_nback1	71	Picture	10	1513606	0	1	4145	2	0	4000	other	0
2033_nback1	72	Picture	10	1531677	0	1	4145	2	0	4000	other	0
2033_nback1	72	Pulse	5	1531780	103	1
2033_nback1	73	Picture	11	1549748	0	1	4145	2	0	4000	hit	151
2033_nback1	73	Pulse	5	1551779	2031	2
2033_nback1	73	Response	1	1553380	3632	1
2033_nback1	74	Picture	10	1567819	0	1	4145	2	0	4000	other	0
2033_nback1	74	Pulse	5	1571769	3950	2
2033_nback1	75	Picture	11	1585890	0	1	4145	2	0	4000	miss	0
2033_nback1	75	Pulse	5	1591769	5879	2
2033_nback1	76	Picture	10	1603961	0	1	4145	2	0	4000	other	0
2033_nback1	76	Pulse	5	1611769	7808	1
2033_nback1	77	Picture	10	1622032	0	2	4145	3	0	4000	other	0
2033_nback1	77	Pulse	5	1631758	9726	3
2033_nback1	78	Picture	11	1640104	0	1	4144	2	0	4000	hit	161
2033_nback1	78	Response	1	1643918	3814	2
2033_nback1	78	Pulse	5	1651758	11654	2
2033_nback1	79	Picture	10	1658175	0	1	4144	3	0	4000	other	0
2033_nback1	79	Pulse	5	1671758	13583	2
2033_nback1	80	Picture	10	1676246	0	1	4144	3	0	4000	other	0
2033_nback1	80	Pulse	5	1691748	15502	1
2033_nback1	81	Picture	10	1694317	0	1	4144	3	0	4000	other	0
2033_nback1	81	Pulse	5	1711748	17431	1
2033_nback1	82	Picture	10	1712387	0	2	4145	4	0	4000	other	0
2033_nback1	83	Picture	10	1730459	0	1	4145	2	0	4000	other	0
2033_nback1	83	Pulse	5	1731747	1288	2
2033_nback1	84	Picture	11	1748530	0	1	4145	2	0	4000	hit	174
2033_nback1	84	Pulse	5	1751737	3207	2
2033_nback1	84	Response	1	1754617	6087	2
2033_nback1	85	Picture	10	1766601	0	1	4145	2	0	4000	other	0
2033_nback1	85	Pulse	5	1771736	5135	2
2033_nback1	86	Picture	10	1784672	0	1	4145	2	0	4000	other	0
2033_nback1	86	Pulse	5	1791736	7064	2
2033_nback1	87	Pulse	5	1811726	8983	2
2033_nback1	88	Picture	30	1827777	0	2	4145	3	0	4000	other	0
2033_nback1	88	Pulse	5	1831726	3949	2
2033_nback1	89	Picture	30	1845848	0	2	4145	3	0	4000	other	0
2033_nback1	89	Pulse	5	1851725	5877	3
2033_nback1	90	Picture	30	1863919	0	2	4145	3	0	4000	other	0
2033_nback1	90	Pulse	5	1871715	7796	2
2033_nback1	91	Picture	31	1881991	0	1	4144	3	0	4000	hit	187
2033_nback1	91	Response	1	1886755	4764	2
2033_nback1	91	Pulse	5	1891715	9724	2
2033_nback1	92	Picture	31	1900062	0	1	4144	3	0	4000	hit	190
2033_nback1	92	Response	1	1904036	3974	1
2033_nback1	92	Pulse	5	1911715	11653	2
2033_nback1	93	Picture	30	1918133	0	1	4145	2	0	4000	other	0
2033_nback1	93	Pulse	5	1931705	13572	1
2033_nback1	94	Picture	30	1936204	0	1	4145	2	0	4000	other	0
2033_nback1	94	Pulse	5	1951704	15500	3
2033_nback1	95	Picture	30	1954275	0	1	4145	2	0	4000	other	0
2033_nback1	95	Pulse	5	1971704	17429	3
2033_nback1	96	Picture	31	1972346	0	1	4145	2	0	4000	hit	199
2033_nback1	96	Response	1	1975544	3198	2
2033_nback1	97	Picture	30	1990417	0	1	4145	2	0	4000	other	0
2033_nback1	97	Pulse	5	1991694	1277	2
2033_nback1	98	Picture	30	2008488	0	1	4145	2	0	4000	other	0
2033_nback1	98	Pulse	5	2011693	3205	2
2033_nback1	99	Picture	30	2026559	0	1	4145	2	0	4000	other	0
2033_nback1	99	Pulse	5	2031693	5134	2
2033_nback1	100	Picture	30	2044630	0	1	4145	2	0	4000	other	0
2033_nback1	100	Pulse	5	2051683	7053	2
2033_nback1	101	Picture	31	2062701	0	1	4145	2	0	4000	hit	209
2033_nback1	101	Response	1	2067203	4502	2
2033_nback1	101	Pulse	5	2071683	8982	2
2033_nback1	102	Picture	30	2080772	0	2	4145	3	0	4000	other	0
2033_nback1	102	Pulse	5	2091682	10910	3
2033_nback1	103	Picture	30	2098843	0	2	4145	3	0	4000	false_alarm	214
2033_nback1	103	Response	1	2108952	10109	3
2033_nback1	103	Pulse	5	2111672	12829	3
2033_nback1	104	Pulse	5	2131672	14758	2
2033_nback1	105	Picture	10	2141949	0	1	4144	3	0	4000	other	0
2033_nback1	105	Pulse	5	2151672	9723	2
2033_nback1	106	Picture	10	2160020	0	1	4145	2	0	4000	other	0
2033_nback1	106	Pulse	5	2171822	11802	1
2033_nback1	107	Picture	11	2178091	0	1	4145	2	0	4000	hit	222
2033_nback1	107	Response	1	2182861	4770	2
2033_nback1	107	Pulse	5	2191821	13730	2
2033_nback1	108	Picture	10	2196162	0	1	4145	2	0	4000	other	0
2033_nback1	108	Pulse	5	2211821	15659	2
2033_nback1	109	Picture	11	2214233	0	1	4145	2	0	4000	hit	227
2033_nback1	109	Response	1	2220461	6228	2
2033_nback1	109	Pulse	5	2231811	17578	2
2033_nback1	110	Picture	10	2232304	0	1	4145	2	0	4000	other	0
2033_nback1	111	Picture	10	2250375	0	1	4145	2	0	4000	other	0
2033_nback1	111	Pulse	5	2251810	1435	2
2033_nback1	112	Picture	11	2268446	0	1	4145	2	0	4000	hit	234
2033_nback1	112	Pulse	5	2271810	3364	2
2033_nback1	112	Response	1	2271970	3524	2
2033_nback1	113	Picture	10	2286517	0	1	4145	2	0	4000	other	0
2033_nback1	113	Pulse	5	2291800	5283	2
2033_nback1	114	Picture	10	2304588	0	2	4145	3	0	4000	other	0
2033_nback1	114	Pulse	5	2311800	7212	2
2033_nback1	115	Picture	10	2322659	0	2	4145	3	0	4000	other	0
2033_nback1	115	Pulse	5	2331799	9140	2
2033_nback1	116	Picture	10	2340730	0	2	4145	3	0	4000	other	0
2033_nback1	116	Pulse	5	2351789	11059	2
2033_nback1	117	Picture	10	2358802	0	1	4144	3	0	4000	other	0
2033_nback1	117	Pulse	5	2371789	12987	2
2033_nback1	118	Picture	11	2376873	0	1	4144	3	0	4000	hit	246
2033_nback1	118	Response	1	2382669	5796	2
2033_nback1	118	Pulse	5	2391789	14916	2
2033_nback1	119	Picture	10	2394944	0	1	4144	3	0	4000	other	0
2033_nback1	119	Pulse	5	2411778	16834	2
2033_nback1	120	Picture	10	2413015	0	1	4145	2	0	4000	other	0
2033_nback1	121	Pulse	5	2431778	692	2
2033_nback1	121	Pulse	5	2451778	20692	2
2033_nback1	122	Picture	20	2456120	0	1	4145	2	0	4000	other	0
2033_nback1	122	Pulse	5	2471768	15648	2
2033_nback1	123	Picture	20	2474191	0	1	4145	2	0	4000	other	0
2033_nback1	123	Pulse	5	2491767	17576	2
2033_nback1	124	Picture	20	2492262	0	2	4145	3	0	4000	other	0
2033_nback1	125	Picture	21	2510333	0	2	4145	3	0	4000	hit	260
2033_nback1	125	Pulse	5	2511767	1434	2
2033_nback1	125	Response	1	2516407	6074	2
2033_nback1	126	Picture	20	2528404	0	2	4145	3	0	4000	other	0
2033_nback1	126	Pulse	5	2531757	3353	2
2033_nback1	127	Picture	20	2546476	0	1	4144	2	0	4000	other	0
2033_nback1	127	Pulse	5	2551757	5281	2
2033_nback1	128	Picture	21	2564546	0	2	4145	4	0	4000	hit	266
2033_nback1	128	Response	1	2570316	5770	2
2033_nback1	128	Pulse	5	2571756	7210	2
2033_nback1	129	Picture	20	2582618	0	1	4144	3	0	4000	other	0
2033_nback1	129	Pulse	5	2591746	9128	3
2033_nback1	130	Picture	20	2600689	0	1	4144	3	0	4000	false_alarm	271
2033_nback1	130	Response	1	2607426	6737	2
2033_nback1	130	Pulse	5	2611746	11057	2
2033_nback1	131	Picture	20	2618760	0	1	4145	2	0	4000	other	0
2033_nback1	131	Pulse	5	2631746	12986	2
2033_nback1	132	Picture	21	2636831	0	1	4145	2	0	4000	hit	276
2033_nback1	132	Response	1	2640546	3715	2
2033_nback1	132	Pulse	5	2651735	14904	2
2033_nback1	133	Picture	20	2654902	0	1	4145	2	0	4000	other	0
2033_nback1	133	Pulse	5	2671735	16833	2
2033_nback1	134	Picture	20	2672973	0	1	4145	2	0	4000	other	0
2033_nback1	135	Picture	21	2691044	0	1	4145	2	0	4000	hit	283
2033_nback1	135	Pulse	5	2691735	691	2
2033_nback1	135	Response	1	2696215	5171	2
2033_nback1	136	Picture	20	2709115	0	1	4145	2	0	4000	other	0
2033_nback1	136	Pulse	5	2711725	2610	2
2033_nback1	137	Picture	20	2727186	0	1	4145	2	0	4000	other	0
2033_nback1	137	Pulse	5	2731724	4538	3
