Scenario - 1-back
Logfile written - 05/22/2014 11:52:42

Subject	Trial	Event Type	Code	Time	TTime	Uncertainty	Duration	Uncertainty	ReqTime	ReqDur	Stim Type	Pair Index

2033_nback1	1	Pulse	5	90687	100521	2
2033_nback1	2	Pulse	5	110677	19878	2
2033_nback1	3	Picture	10	115834	0	1	4144	2	0	4000	other	0
2033_nback1	3	Pulse	5	130677	14843	1
2033_nback1	4	Picture	10	133905	0	1	4144	2	0	4000	other	0
2033_nback1	4	Pulse	5	150676	16771	2
2033_nback1	5	Picture	11	151976	0	1	4144	3	0	4000	hit	8
2033_nback1	5	Response	1	156116	4140	2
2033_nback1	6	Picture	10	170047	0	1	4144	3	0	4000	other	0
2033_nback1	6	Pulse	5	170666	619	2
2033_nback1	7	Picture	11	188118	0	1	4145	2	0	4000	hit	13
2033_nback1	7	Pulse	5	190666	2548	2
2033_nback1	7	Response	1	193546	5428	2
2033_nback1	8	Picture	10	206189	0	1	4145	2	0	4000	other	0
2033_nback1	8	Pulse	5	210666	4477	1
2033_nback1	9	Picture	10	224260	0	1	4145	2	0	4000	other	0
2033_nback1	9	Pulse	5	230655	6395	2
2033_nback1	10	Picture	10	242331	0	1	4144	3	0	4000	other	0
2033_nback1	10	Pulse	5	250655	8324	2
2033_nback1	11	Picture	11	260402	0	1	4145	2	0	4000	hit	21
2033_nback1	11	Response	1	264415	4013	2
2033_nback1	11	Pulse	5	270655	10253	2
2033_nback1	12	Picture	10	278473	0	1	4145	2	0	4000	other	0
2033_nback1	12	Pulse	5	290645	12172	1
2033_nback1	13	Picture	10	296544	0	1	4145	2	0	4000	other	0
2033_nback1	13	Pulse	5	310644	14100	2
2033_nback1	14	Picture	11	314615	0	1	4145	2	0	4000	hit	28
2033_nback1	14	Response	1	319124	4509	2
2033_nback1	14	Pulse	5	330644	16029	2
2033_nback1	15	Picture	10	332686	0	2	4145	3	0	4000	other	0
2033_nback1	15	Pulse	5	350634	17948	2
2033_nback1	16	Picture	10	350757	0	2	4145	3	0	4000	other	0
2033_nback1	17	Picture	10	368828	0	2	4145	3	0	4000	other	0
2033_nback1	17	Pulse	5	370634	1806	2
2033_nback1	18	Picture	10	386900	0	1	4144	2	0	4000	other	0
2033_nback1	18	Pulse	5	390633	3733	3
2033_nback1	19	Pulse	5	410623	5652	2
2033_nback1	20	Picture	30	430005	0	1	4145	2	0	4000	other	0
2033_nback1	20	Pulse	5	430623	618	2
2033_nback1	21	Picture	30	448076	0	1	4145	2	0	4000	other	0
2033_nback1	21	Pulse	5	450623	2547	1
2033_nback1	22	Picture	31	466147	0	1	4145	2	0	4000	hit	44
2033_nback1	22	Pulse	5	470612	4465	2
2033_nback1	22	Response	1	475412	9265	3
2033_nback1	23	Picture	30	484218	0	1	4145	2	0	4000	other	0
2033_nback1	23	Pulse	5	490612	6394	2
2033_nback1	24	Picture	30	502289	0	1	4145	2	0	4000	other	0
2033_nback1	24	Pulse	5	510612	8323	2
2033_nback1	25	Picture	30	520360	0	1	4145	2	0	4000	other	0
2033_nback1	25	Pulse	5	530602	10242	1
2033_nback1	26	Picture	31	538431	0	1	4145	2	0	4000	hit	52
2033_nback1	26	Response	1	548361	9930	3
2033_nback1	26	Pulse	5	550601	12170	3
2033_nback1	27	Picture	31	556502	0	2	4145	3	0	4000	hit	55
2033_nback1	27	Response	1	567081	10579	2
2033_nback1	27	Pulse	5	570601	14099	2
2033_nback1	28	Picture	30	574573	0	2	4145	3	0	4000	false_alarm	58
2033_nback1	28	Response	1	585631	11058	2
2033_nback1	28	Pulse	5	590591	16018	2
2033_nback1	29	Picture	30	592644	0	2	4145	3	0	4000	other	0
2033_nback1	29	Pulse	5	610591	17947	2
2033_nback1	30	Picture	30	610716	0	1	4144	2	0	4000	other	0
2033_nback1	31	Picture	31	628787	0	1	4144	3	0	4000	hit	65
2033_nback1	31	Pulse	5	630590	1803	2
2033_nback1	31	Response	1	635710	6923	2
2033_nback1	32	Picture	30	646858	0	1	4144	3	0	4000	other	0
2033_nback1	32	Pulse	5	650580	3722	2
2033_nback1	33	Picture	30	664929	0	1	4144	3	0	4000	other	0
2033_nback1	33	Pulse	5	670580	5651	2
2033_nback1	34	Picture	30	683000	0	1	4144	3	0	4000	other	0
2033_nback1	34	Pulse	5	690580	7580	1
2033_nback1	35	Picture	30	701071	0	1	4145	2	0	4000	other	0
2033_nback1	35	Pulse	5	710570	9499	1
2033_nback1	36	Pulse	5	730569	11427	2
2033_nback1	37	Picture	10	744176	0	1	4145	2	0	4000	other	0
2033_nback1	37	Pulse	5	750569	6393	2
2033_nback1	38	Picture	10	762247	0	2	4145	3	0	4000	other	0
2033_nback1	38	Pulse	5	770559	8312	1
2033_nback1	39	Picture	11	780318	0	2	4145	3	0	4000	hit	80
2033_nback1	39	Response	1	784318	4000	3
2033_nback1	39	Pulse	5	790558	10240	2
2033_nback1	40	Picture	10	798388	0	3	4146	4	0	4000	other	0
2033_nback1	40	Pulse	5	810558	12170	2
2033_nback1	41	Picture	11	816460	0	2	4145	3	0	4000	hit	85
2033_nback1	41	Response	1	820478	4018	2
2033_nback1	41	Pulse	5	830548	14088	2
2033_nback1	42	Picture	10	834531	0	2	4145	3	0	4000	other	0
2033_nback1	42	Pulse	5	850547	16016	4
2033_nback1	43	Picture	10	852603	0	1	4144	3	0	4000	other	0
2033_nback1	44	Picture	10	870674	0	1	4144	3	0	4000	other	0
2033_nback1	44	Pulse	5	870707	33	3
2033_nback1	45	Picture	11	888745	0	1	4144	3	0	4000	hit	94
2033_nback1	45	Pulse	5	890697	1952	2
2033_nback1	45	Response	1	893257	4512	2
2033_nback1	46	Picture	10	906816	0	1	4145	2	0	4000	other	0
2033_nback1	46	Pulse	5	910697	3881	2
2033_nback1	47	Picture	10	924887	0	1	4145	2	0	4000	other	0
2033_nback1	47	Pulse	5	930697	5810	1
2033_nback1	48	Picture	11	942958	0	1	4145	2	0	4000	hit	100
2033_nback1	48	Response	1	947326	4368	2
2033_nback1	48	Pulse	5	950686	7728	2
2033_nback1	49	Picture	10	961029	0	1	4145	2	0	4000	other	0
2033_nback1	49	Pulse	5	970686	9657	2
2033_nback1	50	Picture	10	979100	0	1	4145	2	0	4000	other	0
2033_nback1	50	Pulse	5	990686	11586	2
2033_nback1	51	Picture	10	997171	0	1	4145	2	0	4000	other	0
2033_nback1	51	Pulse	5	1010676	13505	1
2033_nback1	52	Picture	10	1015242	0	1	4145	2	0	4000	other	0
2033_nback1	52	Pulse	5	1030675	15433	2
2033_nback1	53	Pulse	5	1050675	17362	2
2033_nback1	54	Picture	20	1058348	0	1	4144	2	0	4000	other	0
2033_nback1	54	Pulse	5	1070665	12317	2
2033_nback1	55	Picture	20	1076419	0	1	4144	3	0	4000	other	0
2033_nback1	55	Pulse	5	1090665	14246	1
2033_nback1	56	Picture	21	1094490	0	1	4144	3	0	4000	hit	116
2033_nback1	56	Response	1	1100264	5774	2
2033_nback1	56	Pulse	5	1110664	16174	2
2033_nback1	57	Picture	20	1112561	0	1	4144	3	0	4000	other	0
2033_nback1	58	Picture	20	1130632	0	1	4145	2	0	4000	other	0
2033_nback1	58	Pulse	5	1130654	22	2
2033_nback1	59	Picture	20	1148703	0	1	4145	2	0	4000	other	0
2033_nback1	59	Pulse	5	1150654	1951	2
2033_nback1	60	Picture	21	1166774	0	1	4145	2	0	4000	hit	125
2033_nback1	60	Pulse	5	1170654	3880	1
2033_nback1	60	Response	1	1170974	4200	1
2033_nback1	61	Picture	20	1184845	0	1	4145	2	0	4000	other	0
2033_nback1	61	Pulse	5	1190643	5798	2
2033_nback1	62	Picture	20	1202916	0	1	4145	2	0	4000	other	0
2033_nback1	62	Pulse	5	1210643	7727	2
2033_nback1	63	Picture	20	1220987	0	1	4145	2	0	4000	other	0
2033_nback1	63	Pulse	5	1230643	9656	2
2033_nback1	64	Picture	20	1239058	0	1	4145	2	0	4000	other	0
2033_nback1	64	Pulse	5	1250632	11574	2
2033_nback1	65	Picture	20	1257129	0	1	4145	2	0	4000	other	0
2033_nback1	65	Pulse	5	1270632	13503	2
2033_nback1	66	Picture	21	1275200	0	2	4145	3	0	4000	hit	137
2033_nback1	66	Response	1	1279112	3912	2
2033_nback1	66	Pulse	5	1290632	15432	2
2033_nback1	67	Picture	20	1293271	0	2	4145	3	0	4000	other	0
2033_nback1	67	Pulse	5	1310622	17351	2
2033_nback1	68	Picture	20	1311343	0	1	4144	2	0	4000	other	0
2033_nback1	69	Picture	21	1329414	0	1	4144	3	0	4000	hit	144
2033_nback1	69	Pulse	5	1330621	1207	3
2033_nback1	69	Response	1	1334141	4727	3
2033_nback1	70	Pulse	5	1350621	3136	3
2033_nback1	70	Pulse	5	1370611	23126	2
2033_nback1	71	Picture	10	1372519	0	1	4145	2	0	4000	other	0
2033_nback1	72	Picture	10	1390590	0	1	4145	2	0	4000	other	0
2033_nback1	72	Pulse	5	1390611	21	2
2033_nback1	73	Picture	11	1408661	0	1	4145	2	0	4000	hit	152
2033_nback1	73	Pulse	5	1410611	1950	1
2033_nback1	73	Response	1	1412211	3550	1
2033_nback1	74	Picture	10	1426732	0	1	4145	2	0	4000	other	0
2033_nback1	74	Pulse	5	1430601	3869	1
2033_nback1	75	Picture	11	1444803	0	1	4145	2	0	4000	hit	156
2033_nback1	75	Response	1	1448520	3717	2
2033_nback1	75	Pulse	5	1450601	5798	1
2033_nback1	76	Picture	10	1462874	0	1	4145	2	0	4000	other	0
2033_nback1	76	Pulse	5	1470600	7726	2
2033_nback1	77	Picture	10	1480945	0	2	4145	3	0	4000	other	0
2033_nback1	77	Pulse	5	1490590	9645	1
2033_nback1	78	Picture	11	1499016	0	2	4145	3	0	4000	hit	163
2033_nback1	78	Response	1	1503229	4213	2
2033_nback1	78	Pulse	5	1510589	11573	2
2033_nback1	79	Picture	10	1517088	0	1	4144	2	0	4000	other	0
2033_nback1	79	Pulse	5	1530589	13501	2
2033_nback1	80	Picture	10	1535159	0	1	4144	2	0	4000	other	0
2033_nback1	80	Pulse	5	1550579	15420	2
2033_nback1	81	Picture	10	1553230	0	1	4144	3	0	4000	other	0
2033_nback1	81	Pulse	5	1570579	17349	1
2033_nback1	82	Picture	10	1571301	0	1	4144	3	0	4000	other	0
2033_nback1	83	Picture	10	1589372	0	1	4145	2	0	4000	other	0
2033_nback1	83	Pulse	5	1590578	1206	2
2033_nback1	84	Picture	11	1607443	0	1	4145	2	0	4000	hit	176
2033_nback1	84	Pulse	5	1610568	3125	2
2033_nback1	84	Response	1	1611368	3925	2
2033_nback1	85	Picture	10	1625514	0	1	4145	2	0	4000	other	0
2033_nback1	85	Pulse	5	1630568	5054	2
2033_nback1	86	Picture	10	1643585	0	1	4145	2	0	4000	other	0
2033_nback1	86	Pulse	5	1650568	6983	1
2033_nback1	87	Pulse	5	1670557	8901	2
2033_nback1	88	Picture	30	1686690	0	2	4145	3	0	4000	other	0
2033_nback1	88	Pulse	5	1690557	3867	2
2033_nback1	89	Picture	30	1704761	0	2	4145	3	0	4000	other	0
2033_nback1	89	Pulse	5	1710557	5796	2
2033_nback1	90	Picture	30	1722832	0	2	4145	3	0	4000	other	0
2033_nback1	90	Pulse	5	1730546	7714	3
2033_nback1	91	Picture	31	1740904	0	1	4144	3	0	4000	hit	189
2033_nback1	91	Response	1	1746546	5642	2
2033_nback1	91	Pulse	5	1750546	9642	3
2033_nback1	92	Picture	31	1758975	0	1	4144	2	0	4000	hit	192
2033_nback1	92	Response	1	1763506	4531	2
2033_nback1	92	Pulse	5	1770546	11571	2
2033_nback1	93	Picture	30	1777046	0	1	4144	3	0	4000	other	0
2033_nback1	93	Pulse	5	1790536	13490	3
2033_nback1	94	Picture	30	1795117	0	1	4144	3	0	4000	other	0
2033_nback1	94	Pulse	5	1810535	15418	3
2033_nback1	95	Picture	30	1813188	0	1	4145	2	0	4000	other	0
2033_nback1	95	Pulse	5	1830535	17347	3
2033_nback1	96	Picture	31	1831259	0	1	4145	2	0	4000	hit	201
2033_nback1	96	Response	1	1843325	12066	3
2033_nback1	97	Picture	30	1849330	0	1	4145	2	0	4000	other	0
2033_nback1	97	Pulse	5	1850526	1196	1
2033_nback1	98	Picture	30	1867401	0	1	4145	2	0	4000	other	0
2033_nback1	98	Pulse	5	1870525	3124	2
2033_nback1	99	Picture	30	1885472	0	1	4145	2	0	4000	other	0
2033_nback1	99	Pulse	5	1890524	5052	3
2033_nback1	100	Picture	30	1903543	0	1	4145	2	0	4000	other	0
2033_nback1	100	Pulse	5	1910674	7131	2
2033_nback1	101	Picture	31	1921614	0	1	4145	2	0	4000	hit	211
2033_nback1	101	Response	1	1925714	4100	2
2033_nback1	101	Pulse	5	1930674	9060	2
2033_nback1	102	Picture	30	1939685	0	2	4145	3	0	4000	other	0
2033_nback1	102	Pulse	5	1950674	10989	2
2033_nback1	103	Picture	30	1957756	0	2	4145	3	0	4000	false_alarm	216
2033_nback1	103	Response	1	1966024	8268	2
2033_nback1	103	Pulse	5	1970663	12907	3
2033_nback1	104	Pulse	5	1990663	14836	3
2033_nback1	105	Picture	10	2000862	0	1	4144	3	0	4000	other	0
2033_nback1	105	Pulse	5	2010663	9801	2
2033_nback1	106	Picture	10	2018933	0	2	4145	3	0	4000	other	0
2033_nback1	106	Pulse	5	2030653	11720	2
2033_nback1	107	Picture	11	2037004	0	1	4145	2	0	4000	hit	224
2033_nback1	107	Response	1	2041533	4529	1
2033_nback1	107	Pulse	5	2050652	13648	2
2033_nback1	108	Picture	10	2055075	0	1	4145	2	0	4000	other	0
2033_nback1	108	Pulse	5	2070652	15577	2
2033_nback1	109	Picture	11	2073146	0	1	4145	2	0	4000	hit	229
2033_nback1	109	Response	1	2077533	4387	1
2033_nback1	109	Pulse	5	2090642	17496	2
2033_nback1	110	Picture	10	2091217	0	1	4145	3	0	4000	other	0
2033_nback1	111	Picture	10	2109288	0	1	4145	2	0	4000	other	0
2033_nback1	111	Pulse	5	2110642	1354	2
2033_nback1	112	Picture	11	2127359	0	1	4145	2	0	4000	hit	236
2033_nback1	112	Pulse	5	2130641	3282	2
2033_nback1	112	Response	1	2131441	4082	2
2033_nback1	113	Picture	10	2145430	0	2	4145	3	0	4000	other	0
2033_nback1	113	Pulse	5	2150631	5201	3
2033_nback1	114	Picture	10	2163501	0	2	4145	3	0	4000	other	0
2033_nback1	114	Pulse	5	2170631	7130	2
2033_nback1	115	Picture	10	2181572	0	2	4145	3	0	4000	other	0
2033_nback1	115	Pulse	5	2190631	9059	2
2033_nback1	116	Picture	10	2199643	0	2	4145	3	0	4000	other	0
2033_nback1	116	Pulse	5	2210620	10977	2
2033_nback1	117	Picture	10	2217715	0	1	4144	3	0	4000	other	0
2033_nback1	117	Pulse	5	2230621	12906	1
2033_nback1	118	Picture	11	2235786	0	1	4144	3	0	4000	hit	248
2033_nback1	118	Response	1	2241661	5875	1
2033_nback1	118	Pulse	5	2250620	14834	2
2033_nback1	119	Picture	10	2253857	0	1	4144	3	0	4000	other	0
2033_nback1	119	Pulse	5	2270610	16753	2
2033_nback1	120	Picture	10	2271928	0	1	4144	3	0	4000	other	0
2033_nback1	121	Pulse	5	2290609	610	3
2033_nback1	121	Pulse	5	2310609	20610	3
2033_nback1	122	Picture	20	2315033	0	1	4145	2	0	4000	other	0
2033_nback1	122	Pulse	5	2330599	15566	2
2033_nback1	123	Picture	20	2333104	0	1	4145	3	0	4000	other	0
2033_nback1	123	Pulse	5	2350599	17495	2
2033_nback1	124	Picture	20	2351175	0	1	4145	2	0	4000	other	0
2033_nback1	125	Picture	21	2369246	0	2	4145	3	0	4000	hit	262
2033_nback1	125	Pulse	5	2370598	1352	2
2033_nback1	125	Response	1	2375398	6152	3
2033_nback1	126	Picture	20	2387317	0	2	4145	3	0	4000	other	0
2033_nback1	126	Pulse	5	2390588	3271	3
2033_nback1	127	Picture	20	2405388	0	2	4145	3	0	4000	other	0
2033_nback1	127	Pulse	5	2410588	5200	2
2033_nback1	128	Picture	21	2423459	0	2	4145	3	0	4000	hit	268
2033_nback1	128	Response	1	2428828	5369	2
2033_nback1	128	Pulse	5	2430588	7129	2
2033_nback1	129	Picture	20	2441531	0	1	4144	3	0	4000	other	0
2033_nback1	129	Pulse	5	2450578	9047	1
2033_nback1	130	Picture	20	2459602	0	1	4144	3	0	4000	other	0
2033_nback1	130	Pulse	5	2470577	10975	2
2033_nback1	131	Picture	20	2477673	0	1	4144	3	0	4000	other	0
2033_nback1	131	Pulse	5	2490577	12904	2
2033_nback1	132	Picture	21	2495744	0	1	4145	2	0	4000	hit	277
2033_nback1	132	Response	1	2501137	5393	2
2033_nback1	132	Pulse	5	2510567	14823	2
2033_nback1	133	Picture	20	2513815	0	1	4145	2	0	4000	other	0
2033_nback1	133	Pulse	5	2530566	16751	2
2033_nback1	134	Picture	20	2531886	0	1	4145	2	0	4000	other	0
2033_nback1	135	Picture	21	2549957	0	1	4145	2	0	4000	hit	284
2033_nback1	135	Pulse	5	2550567	610	1
2033_nback1	135	Response	1	2557436	7479	2
2033_nback1	136	Picture	20	2568028	0	1	4145	2	0	4000	other	0
2033_nback1	136	Pulse	5	2570556	2528	2
2033_nback1	137	Picture	20	2586099	0	1	4145	2	0	4000	other	0
2033_nback1	137	Pulse	5	2590556	4457	2
