Scenario - 1-back
Logfile written - 06/28/2014 18:38:05

Subject	Trial	Event Type	Code	Time	TTime	Uncertainty	Duration	Uncertainty	ReqTime	ReqDur	Stim Type	Pair Index

2034_nback	1	Pulse	5	90648	100483	29
2034_nback	2	Pulse	5	110657	19861	2
2034_nback	3	Picture	10	115830	0	2	4145	3	0	4000	other	0
2034_nback	3	Pulse	5	130646	14816	20
2034_nback	4	Picture	10	133901	0	1	4145	2	0	4000	other	0
2034_nback	4	Pulse	5	150648	16747	1
2034_nback	5	Picture	11	151972	0	1	4145	2	0	4000	hit	8
2034_nback	5	Response	1	155448	3476	1
2034_nback	6	Picture	10	170043	0	1	4127	20	0	4000	other	0
2034_nback	6	Pulse	5	170644	601	36
2034_nback	7	Picture	11	188113	0	2	4145	3	0	4000	hit	13
2034_nback	7	Pulse	5	190635	2522	2
2034_nback	7	Response	1	192716	4603	1
2034_nback	8	Picture	10	206184	0	1	4137	20	0	4000	other	0
2034_nback	8	Pulse	5	210634	4450	2
2034_nback	9	Picture	10	224255	0	1	4145	2	0	4000	other	0
2034_nback	9	Pulse	5	230634	6379	2
2034_nback	10	Picture	10	242321	0	20	4150	21	0	4000	other	0
2034_nback	10	Pulse	5	250622	8301	5
2034_nback	11	Picture	11	260397	0	1	4144	2	0	4000	hit	21
2034_nback	11	Response	1	264703	4306	2
2034_nback	11	Pulse	5	270622	10225	3
2034_nback	12	Picture	10	278467	0	2	4145	3	0	4000	other	0
2034_nback	12	Pulse	5	290622	12155	2
2034_nback	13	Picture	10	296538	0	1	4145	2	0	4000	other	0
2034_nback	13	Pulse	5	310611	14073	2
2034_nback	14	Picture	11	314609	0	1	4144	3	0	4000	miss	0
2034_nback	14	Pulse	5	330611	16002	2
2034_nback	15	Picture	10	332680	0	1	4144	3	0	4000	other	0
2034_nback	15	Pulse	5	350610	17930	2
2034_nback	16	Picture	10	350744	0	13	4151	14	0	4000	other	0
2034_nback	17	Picture	10	368821	0	2	4145	3	0	4000	other	0
2034_nback	17	Pulse	5	370601	1780	1
2034_nback	18	Picture	10	386892	0	1	4145	2	0	4000	other	0
2034_nback	18	Pulse	5	390599	3707	2
2034_nback	19	Pulse	5	410599	5636	2
2034_nback	20	Picture	20	429997	0	1	4144	3	0	4000	other	0
2034_nback	20	Pulse	5	430588	591	2
2034_nback	21	Picture	20	448067	0	2	4145	3	0	4000	other	0
2034_nback	21	Pulse	5	450588	2521	1
2034_nback	22	Picture	21	466138	0	2	4145	3	0	4000	hit	42
2034_nback	22	Response	1	469948	3810	2
2034_nback	22	Pulse	5	470587	4449	2
2034_nback	23	Picture	20	484209	0	1	4137	19	0	4000	other	0
2034_nback	23	Pulse	5	490576	6367	2
2034_nback	24	Picture	20	502280	0	1	4145	2	0	4000	other	0
2034_nback	24	Pulse	5	510577	8297	1
2034_nback	25	Picture	20	520340	0	14	4155	16	0	4000	other	0
2034_nback	25	Pulse	5	530575	10235	2
2034_nback	26	Picture	21	538421	0	2	4145	3	0	4000	hit	51
2034_nback	26	Response	1	541925	3504	9
2034_nback	26	Pulse	5	550565	12144	2
2034_nback	27	Picture	20	556658	0	1	4145	2	0	4000	other	0
2034_nback	27	Pulse	5	570564	13906	2
2034_nback	28	Picture	20	574729	0	1	4145	2	0	4000	other	0
2034_nback	28	Pulse	5	590564	15835	1
2034_nback	29	Picture	20	592800	0	1	4144	2	0	4000	other	0
2034_nback	29	Pulse	5	610555	17755	1
2034_nback	30	Picture	20	610870	0	2	4145	3	0	4000	other	0
2034_nback	31	Picture	20	628941	0	1	4145	2	0	4000	other	0
2034_nback	31	Pulse	5	630555	1614	1
2034_nback	32	Picture	21	647012	0	1	4145	2	0	4000	hit	64
2034_nback	32	Pulse	5	650552	3540	2
2034_nback	32	Response	1	651192	4180	2
2034_nback	33	Picture	20	665083	0	1	4145	2	0	4000	other	0
2034_nback	33	Pulse	5	670682	5599	35
2034_nback	34	Picture	20	683154	0	1	4144	3	0	4000	other	0
2034_nback	34	Pulse	5	690701	7547	2
2034_nback	35	Picture	21	701224	0	2	4145	3	0	4000	miss	0
2034_nback	35	Pulse	5	710700	9476	14
2034_nback	36	Pulse	5	730690	11396	3
2034_nback	37	Picture	10	744329	0	1	4145	2	0	4000	other	0
2034_nback	37	Pulse	5	750689	6360	3
2034_nback	38	Picture	10	762400	0	1	4145	2	0	4000	other	0
2034_nback	38	Pulse	5	770688	8288	4
2034_nback	39	Picture	11	780471	0	1	4144	3	0	4000	hit	77
2034_nback	39	Response	1	783958	3487	2
2034_nback	39	Pulse	5	790678	10207	2
2034_nback	40	Picture	10	798541	0	2	4145	3	0	4000	other	0
2034_nback	40	Pulse	5	810678	12137	1
2034_nback	41	Picture	11	816612	0	1	4145	3	0	4000	hit	82
2034_nback	41	Response	1	821397	4785	2
2034_nback	41	Pulse	5	830678	14066	1
2034_nback	42	Picture	10	834683	0	1	4144	3	0	4000	other	0
2034_nback	42	Pulse	5	850665	15982	20
2034_nback	43	Picture	10	852754	0	1	4144	3	0	4000	other	0
2034_nback	43	Pulse	5	870664	17910	5
2034_nback	44	Picture	10	870825	0	1	4144	3	0	4000	other	0
2034_nback	45	Picture	11	888895	0	2	4145	3	0	4000	hit	91
2034_nback	45	Pulse	5	890654	1759	30
2034_nback	45	Response	1	892097	3202	1
2034_nback	46	Picture	10	906966	0	1	4145	2	0	4000	other	0
2034_nback	46	Pulse	5	910642	3676	21
2034_nback	47	Picture	10	925037	0	3	4145	4	0	4000	other	0
2034_nback	47	Pulse	5	930654	5617	2
2034_nback	48	Picture	11	943108	0	1	4144	3	0	4000	hit	97
2034_nback	48	Response	1	946494	3386	1
2034_nback	48	Pulse	5	950651	7543	30
2034_nback	49	Picture	10	961179	0	1	4144	3	0	4000	other	0
2034_nback	49	Pulse	5	970643	9464	2
2034_nback	50	Picture	10	979249	0	2	4145	4	0	4000	other	0
2034_nback	50	Pulse	5	990642	11393	2
2034_nback	51	Picture	10	997319	0	4	4146	5	0	4000	other	0
2034_nback	51	Pulse	5	1010642	13323	2
2034_nback	52	Picture	10	1015391	0	1	4145	2	0	4000	other	0
2034_nback	52	Pulse	5	1030631	15240	2
2034_nback	53	Pulse	5	1050608	17146	29
2034_nback	54	Picture	30	1058496	0	1	4144	3	0	4000	other	0
2034_nback	54	Pulse	5	1070630	12134	2
2034_nback	55	Picture	30	1076564	0	4	4147	5	0	4000	other	0
2034_nback	55	Pulse	5	1090607	14043	25
2034_nback	56	Picture	31	1094637	0	1	4145	2	0	4000	miss	0
2034_nback	56	Pulse	5	1110619	15982	2
2034_nback	57	Picture	30	1112705	0	9	4148	10	0	4000	other	0
2034_nback	57	Pulse	5	1130615	17910	17
2034_nback	58	Picture	30	1130778	0	3	4145	5	0	4000	other	0
2034_nback	59	Picture	30	1148850	0	1	4144	2	0	4000	other	0
2034_nback	59	Pulse	5	1150608	1758	2
2034_nback	60	Picture	31	1166920	0	1	4145	2	0	4000	miss	0
2034_nback	60	Pulse	5	1170608	3688	1
2034_nback	61	Picture	31	1185323	0	1	4144	3	0	4000	miss	0
2034_nback	61	Pulse	5	1190607	5284	1
2034_nback	62	Picture	30	1203394	0	1	4144	2	0	4000	other	0
2034_nback	62	Pulse	5	1210596	7202	2
2034_nback	63	Picture	30	1221464	0	2	4145	3	0	4000	other	0
2034_nback	63	Pulse	5	1230596	9132	1
2034_nback	64	Picture	30	1239535	0	1	4112	38	0	4000	other	0
2034_nback	64	Pulse	5	1250595	11060	2
2034_nback	65	Picture	31	1257606	0	1	4145	2	0	4000	hit	130
2034_nback	65	Response	1	1265944	8338	2
2034_nback	65	Pulse	5	1270585	12979	1
2034_nback	66	Picture	30	1275677	0	1	4144	3	0	4000	other	0
2034_nback	66	Pulse	5	1290579	14902	29
2034_nback	67	Picture	30	1293748	0	1	4144	2	0	4000	other	0
2034_nback	67	Pulse	5	1310583	16835	2
2034_nback	68	Picture	30	1311818	0	2	4140	8	0	4000	other	0
2034_nback	69	Picture	30	1329889	0	1	4135	25	0	4000	other	0
2034_nback	69	Pulse	5	1330573	684	2
2034_nback	70	Pulse	5	1350573	2613	1
2034_nback	70	Pulse	5	1370572	22612	1
2034_nback	71	Picture	10	1373159	0	2	4145	3	0	4000	other	0
2034_nback	71	Pulse	5	1390562	17403	1
2034_nback	72	Picture	10	1391230	0	2	4145	3	0	4000	other	0
2034_nback	73	Picture	11	1409301	0	1	4144	3	0	4000	hit	146
2034_nback	73	Pulse	5	1410560	1259	2
2034_nback	73	Response	1	1412480	3179	2
2034_nback	74	Picture	10	1427538	0	1	4144	3	0	4000	other	0
2034_nback	74	Pulse	5	1430561	3023	1
2034_nback	75	Picture	11	1445609	0	1	4144	2	0	4000	hit	151
2034_nback	75	Pulse	5	1450549	4940	2
2034_nback	75	Response	1	1450709	5100	3
2034_nback	76	Picture	10	1463679	0	1	4140	8	0	4000	other	0
2034_nback	76	Pulse	5	1470549	6870	2
2034_nback	77	Picture	10	1481750	0	1	4145	2	0	4000	other	0
2034_nback	77	Pulse	5	1490548	8798	2
2034_nback	78	Picture	11	1499821	0	1	4145	2	0	4000	miss	0
2034_nback	78	Pulse	5	1510538	10717	1
2034_nback	79	Picture	10	1517892	0	1	4142	6	0	4000	other	0
2034_nback	79	Pulse	5	1530537	12645	2
2034_nback	80	Picture	10	1535962	0	2	4145	3	0	4000	other	0
2034_nback	80	Pulse	5	1550537	14575	1
2034_nback	81	Picture	10	1554033	0	1	4145	2	0	4000	other	0
2034_nback	81	Pulse	5	1570526	16493	2
2034_nback	82	Picture	10	1572104	0	1	4145	2	0	4000	other	0
2034_nback	83	Picture	10	1590175	0	1	4145	2	0	4000	other	0
2034_nback	83	Pulse	5	1590525	350	3
2034_nback	84	Picture	11	1608246	0	1	4144	3	0	4000	hit	169
2034_nback	84	Pulse	5	1610525	2279	2
2034_nback	84	Response	1	1613075	4829	3
2034_nback	85	Picture	10	1626316	0	2	4145	3	0	4000	other	0
2034_nback	85	Pulse	5	1630515	4199	1
2034_nback	86	Picture	10	1644387	0	2	4145	3	0	4000	other	0
2034_nback	86	Pulse	5	1650514	6127	1
2034_nback	87	Pulse	5	1670514	8056	1
2034_nback	88	Picture	20	1687492	0	1	4125	25	0	4000	other	0
2034_nback	88	Pulse	5	1690503	3011	1
2034_nback	89	Picture	20	1705562	0	2	4140	11	0	4000	other	0
2034_nback	89	Pulse	5	1710662	5100	2
2034_nback	90	Picture	20	1723634	0	1	4144	2	0	4000	other	0
2034_nback	90	Pulse	5	1730661	7027	2
2034_nback	91	Picture	21	1741693	0	23	4156	24	0	4000	hit	182
2034_nback	91	Response	1	1745531	3838	2
2034_nback	91	Pulse	5	1750652	8959	1
2034_nback	92	Picture	20	1759775	0	1	4145	2	0	4000	other	0
2034_nback	92	Pulse	5	1770650	10875	2
2034_nback	93	Picture	20	1777846	0	1	4129	37	0	4000	other	0
2034_nback	93	Pulse	5	1790650	12804	2
2034_nback	94	Picture	21	1795917	0	1	4144	3	0	4000	hit	189
2034_nback	94	Response	1	1801360	5443	1
2034_nback	94	Pulse	5	1810639	14722	2
2034_nback	95	Picture	20	1813985	0	20	4147	21	0	4000	other	0
2034_nback	95	Pulse	5	1830639	16654	33
2034_nback	96	Picture	20	1832058	0	1	4145	2	0	4000	other	0
2034_nback	97	Picture	20	1850129	0	1	4145	2	0	4000	other	0
2034_nback	97	Pulse	5	1850595	466	66
2034_nback	98	Picture	21	1868200	0	1	4145	2	0	4000	hit	198
2034_nback	98	Pulse	5	1870627	2427	2
2034_nback	98	Response	1	1871907	3707	2
2034_nback	99	Picture	20	1886271	0	1	4144	3	0	4000	other	0
2034_nback	99	Pulse	5	1890628	4357	1
2034_nback	100	Picture	20	1904341	0	2	4145	3	0	4000	other	0
2034_nback	100	Pulse	5	1910627	6286	1
2034_nback	101	Picture	21	1922412	0	2	4145	3	0	4000	hit	204
2034_nback	101	Response	1	1927256	4844	2
2034_nback	101	Pulse	5	1930592	8180	31
2034_nback	102	Picture	20	1940483	0	1	4145	2	0	4000	other	0
2034_nback	102	Pulse	5	1950615	10132	2
2034_nback	103	Picture	20	1958554	0	1	4145	2	0	4000	other	0
2034_nback	103	Pulse	5	1970615	12061	2
2034_nback	104	Pulse	5	1990604	13979	2
2034_nback	105	Picture	10	2001657	0	20	4146	21	0	4000	other	0
2034_nback	105	Pulse	5	2010604	8947	8
2034_nback	106	Picture	10	2019729	0	1	4145	2	0	4000	other	0
2034_nback	106	Pulse	5	2030600	10871	6
2034_nback	107	Picture	11	2037800	0	1	4145	2	0	4000	hit	216
2034_nback	107	Response	1	2042753	4953	2
2034_nback	107	Pulse	5	2050592	12792	3
2034_nback	108	Picture	10	2055871	0	1	4145	2	0	4000	other	0
2034_nback	108	Pulse	5	2070592	14721	2
2034_nback	109	Picture	11	2073942	0	1	4144	3	0	4000	miss	0
2034_nback	109	Pulse	5	2090591	16649	3
2034_nback	110	Picture	10	2092178	0	2	4145	3	0	4000	other	0
2034_nback	111	Picture	10	2110249	0	1	4145	2	0	4000	other	0
2034_nback	111	Pulse	5	2110581	332	2
2034_nback	112	Picture	11	2128320	0	1	4145	2	0	4000	hit	227
2034_nback	112	Pulse	5	2130580	2260	2
2034_nback	112	Response	1	2131860	3540	2
2034_nback	113	Picture	10	2146391	0	1	4144	3	0	4000	other	0
2034_nback	113	Pulse	5	2150580	4189	1
2034_nback	114	Picture	10	2164462	0	1	4137	25	0	4000	other	0
2034_nback	114	Pulse	5	2170569	6107	2
2034_nback	115	Picture	10	2182532	0	1	4145	2	0	4000	other	0
2034_nback	115	Pulse	5	2190568	8036	2
2034_nback	116	Picture	10	2200603	0	2	4145	3	0	4000	other	0
2034_nback	116	Pulse	5	2210568	9965	2
2034_nback	117	Picture	10	2218674	0	1	4145	2	0	4000	other	0
2034_nback	117	Pulse	5	2230557	11883	2
2034_nback	118	Picture	11	2236745	0	1	4144	3	0	4000	miss	0
2034_nback	118	Pulse	5	2250549	13804	13
2034_nback	119	Picture	10	2254816	0	1	4144	2	0	4000	other	0
2034_nback	119	Pulse	5	2270557	15741	1
2034_nback	120	Picture	10	2272886	0	1	4145	2	0	4000	other	0
2034_nback	120	Pulse	5	2290546	17660	1
2034_nback	121	Pulse	5	2310545	19588	2
2034_nback	122	Picture	30	2316157	0	1	4144	3	0	4000	other	0
2034_nback	122	Pulse	5	2330545	14388	1
2034_nback	123	Picture	30	2334228	0	1	4144	2	0	4000	other	0
2034_nback	123	Pulse	5	2350534	16306	2
2034_nback	124	Picture	30	2352298	0	2	4145	3	0	4000	other	0
2034_nback	125	Picture	31	2370369	0	1	4145	2	0	4000	hit	252
2034_nback	125	Pulse	5	2370515	146	23
2034_nback	125	Response	1	2376583	6214	43
2034_nback	126	Picture	31	2388440	0	1	4144	22	0	4000	hit	255
2034_nback	126	Pulse	5	2390533	2093	2
2034_nback	126	Response	1	2392774	4334	1
2034_nback	127	Picture	30	2406510	0	2	4145	4	0	4000	other	0
2034_nback	127	Pulse	5	2410522	4012	2
2034_nback	128	Picture	30	2424575	0	24	4151	25	0	4000	other	0
2034_nback	128	Pulse	5	2430522	5947	2
2034_nback	129	Picture	30	2442652	0	2	4145	3	0	4000	other	0
2034_nback	129	Pulse	5	2450521	7869	2
2034_nback	130	Picture	31	2460723	0	1	4145	2	0	4000	hit	263
2034_nback	130	Response	1	2465071	4348	2
2034_nback	130	Pulse	5	2470511	9788	1
2034_nback	131	Picture	30	2478794	0	1	4145	2	0	4000	other	0
2034_nback	131	Pulse	5	2490510	11716	2
2034_nback	132	Picture	30	2496865	0	1	4144	3	0	4000	other	0
2034_nback	132	Pulse	5	2510509	13644	3
2034_nback	133	Picture	30	2514936	0	1	4144	3	0	4000	other	0
2034_nback	133	Pulse	5	2530499	15563	2
2034_nback	134	Picture	30	2533006	0	2	4145	3	0	4000	other	0
2034_nback	134	Pulse	5	2550498	17492	3
2034_nback	135	Picture	31	2551077	0	1	4145	2	0	4000	miss	0
2034_nback	136	Picture	30	2569148	0	1	4145	2	0	4000	other	0
2034_nback	136	Pulse	5	2570498	1350	2
2034_nback	137	Picture	30	2587219	0	1	4144	3	0	4000	other	0
2034_nback	137	Pulse	5	2590487	3268	2
