Scenario - 1-back
Logfile written - 06/28/2014 18:42:46

Subject	Trial	Event Type	Code	Time	TTime	Uncertainty	Duration	Uncertainty	ReqTime	ReqDur	Stim Type	Pair Index

2034_nback	1	Pulse	5	139557	149392	2
2034_nback	2	Pulse	5	159557	19853	2
2034_nback	3	Picture	10	164738	0	1	4145	2	0	4000	other	0
2034_nback	3	Pulse	5	179546	14808	2
2034_nback	4	Picture	10	182809	0	2	4145	3	0	4000	other	0
2034_nback	4	Pulse	5	199546	16737	1
2034_nback	5	Picture	11	200880	0	1	4145	2	0	4000	hit	8
2034_nback	5	Response	1	204505	3625	2
2034_nback	6	Picture	10	219116	0	2	4131	22	0	4000	other	0
2034_nback	6	Pulse	5	219545	429	2
2034_nback	7	Picture	11	237187	0	2	4145	3	0	4000	hit	13
2034_nback	7	Pulse	5	239535	2348	1
2034_nback	7	Response	1	241615	4428	1
2034_nback	8	Picture	10	255248	0	20	4155	21	0	4000	other	0
2034_nback	8	Pulse	5	259534	4286	2
2034_nback	9	Picture	10	273329	0	1	4144	3	0	4000	other	0
2034_nback	9	Pulse	5	279533	6204	2
2034_nback	10	Picture	10	291398	0	3	4146	5	0	4000	other	0
2034_nback	10	Pulse	5	299523	8125	3
2034_nback	11	Picture	11	309471	0	1	4144	2	0	4000	miss	0
2034_nback	11	Pulse	5	319522	10051	3
2034_nback	12	Picture	10	327541	0	2	4145	3	0	4000	other	0
2034_nback	12	Pulse	5	339522	11981	2
2034_nback	13	Picture	10	345612	0	1	4145	2	0	4000	other	0
2034_nback	13	Pulse	5	359513	13901	1
2034_nback	14	Picture	11	363681	0	8	4147	9	0	4000	hit	27
2034_nback	14	Response	1	367672	3991	1
2034_nback	14	Pulse	5	379511	15830	1
2034_nback	15	Picture	10	381754	0	1	4144	3	0	4000	other	0
2034_nback	15	Pulse	5	399510	17756	2
2034_nback	16	Picture	10	399825	0	1	4144	2	0	4000	other	0
2034_nback	17	Picture	10	417895	0	2	4145	3	0	4000	other	0
2034_nback	17	Pulse	5	419500	1605	1
2034_nback	18	Picture	10	435966	0	1	4145	2	0	4000	other	0
2034_nback	18	Pulse	5	439499	3533	2
2034_nback	19	Pulse	5	459498	5461	2
2034_nback	20	Picture	30	479071	0	1	4145	2	0	4000	other	0
2034_nback	20	Pulse	5	479488	417	2
2034_nback	21	Picture	30	497142	0	1	4144	2	0	4000	other	0
2034_nback	21	Pulse	5	499487	2345	3
2034_nback	22	Picture	31	515212	0	2	4145	3	0	4000	hit	42
2034_nback	22	Response	1	519327	4115	2
2034_nback	22	Pulse	5	519487	4275	2
2034_nback	23	Picture	30	533283	0	2	4145	3	0	4000	other	0
2034_nback	23	Pulse	5	539474	6191	5
2034_nback	24	Picture	30	551354	0	1	4145	2	0	4000	other	0
2034_nback	24	Pulse	5	559476	8122	1
2034_nback	25	Picture	30	569425	0	1	4144	3	0	4000	other	0
2034_nback	25	Pulse	5	579475	10050	2
2034_nback	26	Picture	31	587496	0	1	4144	3	0	4000	hit	51
2034_nback	26	Response	1	590985	3489	1
2034_nback	26	Pulse	5	599464	11968	2
2034_nback	27	Picture	31	605546	0	23	4158	43	0	4000	hit	54
2034_nback	27	Response	1	611464	5918	3
2034_nback	27	Pulse	5	619464	13918	2
2034_nback	28	Picture	30	623637	0	1	4145	2	0	4000	other	0
2034_nback	28	Pulse	5	639463	15826	2
2034_nback	29	Picture	30	641697	0	23	4156	24	0	4000	other	0
2034_nback	29	Pulse	5	659453	17756	2
2034_nback	30	Picture	30	659776	0	7	4148	8	0	4000	other	0
2034_nback	31	Picture	31	677850	0	1	4144	3	0	4000	hit	63
2034_nback	31	Pulse	5	679453	1603	1
2034_nback	31	Response	1	682652	4802	26
2034_nback	32	Picture	30	695920	0	2	4145	3	0	4000	other	0
2034_nback	32	Pulse	5	699443	3523	1
2034_nback	33	Picture	30	713991	0	7	4145	8	0	4000	other	0
2034_nback	33	Pulse	5	719442	5451	1
2034_nback	34	Picture	30	732062	0	1	4145	2	0	4000	other	0
2034_nback	34	Pulse	5	739440	7378	2
2034_nback	35	Picture	30	750133	0	1	4144	3	0	4000	other	0
2034_nback	35	Pulse	5	759441	9308	2
2034_nback	36	Pulse	5	779429	11225	2
2034_nback	37	Picture	10	793237	0	2	4145	3	0	4000	other	0
2034_nback	37	Pulse	5	799429	6192	2
2034_nback	38	Picture	10	811308	0	2	4145	3	0	4000	other	0
2034_nback	38	Pulse	5	819414	8106	31
2034_nback	39	Picture	11	829379	0	1	4145	2	0	4000	hit	78
2034_nback	39	Response	1	832698	3319	2
2034_nback	39	Pulse	5	839418	10039	2
2034_nback	40	Picture	10	847450	0	1	4145	2	0	4000	other	0
2034_nback	40	Pulse	5	859418	11968	1
2034_nback	41	Picture	11	865521	0	1	4117	30	0	4000	hit	83
2034_nback	41	Response	1	869177	3656	2
2034_nback	41	Pulse	5	879416	13895	2
2034_nback	42	Picture	10	883591	0	3	4145	4	0	4000	other	0
2034_nback	42	Pulse	5	899407	15816	1
2034_nback	43	Picture	10	901662	0	2	4145	3	0	4000	other	0
2034_nback	43	Pulse	5	919406	17744	1
2034_nback	44	Picture	10	919733	0	2	4145	3	0	4000	other	0
2034_nback	45	Picture	11	937804	0	1	4144	4	0	4000	hit	92
2034_nback	45	Pulse	5	939565	1761	2
2034_nback	45	Response	1	941325	3521	2
2034_nback	46	Picture	10	955874	0	3	4145	5	0	4000	other	0
2034_nback	46	Pulse	5	959554	3680	3
2034_nback	47	Picture	10	973946	0	1	4144	2	0	4000	other	0
2034_nback	47	Pulse	5	979554	5608	2
2034_nback	48	Picture	11	992015	0	28	4146	29	0	4000	hit	98
2034_nback	48	Response	1	995873	3858	3
2034_nback	48	Pulse	5	999553	7538	3
2034_nback	49	Picture	10	1010253	0	1	4144	3	0	4000	other	0
2034_nback	49	Pulse	5	1019543	9290	1
2034_nback	50	Picture	10	1028324	0	1	4144	3	0	4000	other	0
2034_nback	50	Pulse	5	1039542	11218	2
2034_nback	51	Picture	10	1046395	0	1	4144	2	0	4000	other	0
2034_nback	51	Pulse	5	1059541	13146	2
2034_nback	52	Picture	10	1064465	0	2	4145	3	0	4000	other	0
2034_nback	52	Pulse	5	1079531	15066	2
2034_nback	53	Pulse	5	1099530	16994	2
2034_nback	54	Picture	20	1107570	0	1	4145	2	0	4000	other	0
2034_nback	54	Pulse	5	1119530	11960	2
2034_nback	55	Picture	20	1125623	0	30	4162	32	0	4000	other	0
2034_nback	55	Pulse	5	1139520	13897	1
2034_nback	56	Picture	21	1143712	0	1	4144	3	0	4000	hit	114
2034_nback	56	Response	1	1148159	4447	2
2034_nback	56	Pulse	5	1159519	15807	1
2034_nback	57	Picture	20	1161782	0	2	4145	3	0	4000	other	0
2034_nback	57	Pulse	5	1179518	17736	2
2034_nback	58	Picture	20	1179853	0	1	4145	3	0	4000	other	0
2034_nback	59	Picture	20	1197924	0	1	4145	2	0	4000	other	0
2034_nback	59	Pulse	5	1199507	1583	3
2034_nback	60	Picture	21	1215995	0	1	4144	3	0	4000	miss	0
2034_nback	60	Pulse	5	1219506	3511	3
2034_nback	61	Picture	20	1234066	0	1	4144	3	0	4000	other	0
2034_nback	61	Pulse	5	1239505	5439	3
2034_nback	62	Picture	20	1252136	0	2	4145	3	0	4000	other	0
2034_nback	62	Pulse	5	1259496	7360	2
2034_nback	63	Picture	20	1270207	0	1	4145	2	0	4000	other	0
2034_nback	63	Pulse	5	1279495	9288	2
2034_nback	64	Picture	20	1288278	0	1	4145	2	0	4000	other	0
2034_nback	64	Pulse	5	1299495	11217	2
2034_nback	65	Picture	20	1306349	0	1	4145	2	0	4000	other	0
2034_nback	65	Pulse	5	1319486	13137	1
2034_nback	66	Picture	21	1324420	0	1	4144	3	0	4000	miss	0
2034_nback	66	Pulse	5	1339481	15061	12
2034_nback	67	Picture	20	1342490	0	2	4140	22	0	4000	other	0
2034_nback	67	Pulse	5	1359483	16993	2
2034_nback	68	Picture	20	1360561	0	1	4145	2	0	4000	other	0
2034_nback	69	Picture	21	1378630	0	24	4147	25	0	4000	hit	140
2034_nback	69	Pulse	5	1379472	842	2
2034_nback	69	Response	1	1382351	3721	43
2034_nback	70	Pulse	5	1399473	2770	1
2034_nback	70	Pulse	5	1419471	22768	2
2034_nback	71	Picture	10	1421737	0	1	4144	3	0	4000	other	0
2034_nback	71	Pulse	5	1439461	17724	2
2034_nback	72	Picture	10	1439806	0	4	4146	5	0	4000	other	0
2034_nback	73	Picture	11	1457878	0	2	4145	3	0	4000	hit	148
2034_nback	73	Pulse	5	1459460	1582	3
2034_nback	73	Response	1	1460580	2702	2
2034_nback	74	Picture	10	1475949	0	1	4145	2	0	4000	other	0
2034_nback	74	Pulse	5	1479462	3513	1
2034_nback	75	Picture	11	1494019	0	2	4146	3	0	4000	miss	0
2034_nback	75	Pulse	5	1499449	5430	2
2034_nback	76	Picture	10	1512091	0	1	4144	3	0	4000	other	0
2034_nback	76	Pulse	5	1519450	7359	1
2034_nback	77	Picture	10	1530160	0	6	4146	8	0	4000	other	0
2034_nback	77	Pulse	5	1539434	9274	23
2034_nback	78	Picture	11	1548232	0	2	4145	3	0	4000	hit	158
2034_nback	78	Response	1	1552557	4325	2
2034_nback	78	Pulse	5	1559437	11205	2
2034_nback	79	Picture	10	1566469	0	1	4145	2	0	4000	other	0
2034_nback	79	Pulse	5	1579437	12968	2
2034_nback	80	Picture	10	1584540	0	1	4144	3	0	4000	other	0
2034_nback	80	Pulse	5	1599437	14897	1
2034_nback	81	Picture	10	1602611	0	1	4144	2	0	4000	other	0
2034_nback	81	Pulse	5	1619426	16815	1
2034_nback	82	Picture	10	1620681	0	2	4145	3	0	4000	other	0
2034_nback	83	Picture	10	1638752	0	1	4145	2	0	4000	other	0
2034_nback	83	Pulse	5	1639425	673	2
2034_nback	84	Picture	11	1656823	0	1	4145	2	0	4000	hit	171
2034_nback	84	Pulse	5	1659424	2601	2
2034_nback	84	Response	1	1660704	3881	2
2034_nback	85	Picture	10	1674894	0	2	4145	3	0	4000	other	0
2034_nback	85	Pulse	5	1679416	4522	1
2034_nback	86	Picture	10	1692963	0	3	4146	5	0	4000	other	0
2034_nback	86	Pulse	5	1699413	6450	2
2034_nback	87	Pulse	5	1719414	8379	1
2034_nback	88	Picture	30	1736069	0	1	4145	2	0	4000	other	0
2034_nback	88	Pulse	5	1739402	3333	2
2034_nback	89	Picture	30	1754140	0	1	4126	25	0	4000	other	0
2034_nback	89	Pulse	5	1759402	5262	2
2034_nback	90	Picture	30	1772211	0	1	4145	2	0	4000	other	0
2034_nback	90	Pulse	5	1779402	7191	1
2034_nback	91	Picture	31	1790282	0	1	4144	3	0	4000	hit	184
2034_nback	91	Response	1	1794590	4308	4
2034_nback	91	Pulse	5	1799391	9109	1
2034_nback	92	Picture	31	1808353	0	1	4144	2	0	4000	hit	187
2034_nback	92	Response	1	1813310	4957	2
2034_nback	92	Pulse	5	1819391	11038	1
2034_nback	93	Picture	30	1826423	0	2	4145	3	0	4000	other	0
2034_nback	93	Pulse	5	1839389	12966	2
2034_nback	94	Picture	30	1844494	0	1	4137	35	0	4000	other	0
2034_nback	94	Pulse	5	1859379	14885	2
2034_nback	95	Picture	30	1862565	0	1	4145	2	0	4000	other	0
2034_nback	95	Pulse	5	1879378	16813	2
2034_nback	96	Picture	31	1880636	0	1	4144	3	0	4000	hit	196
2034_nback	96	Response	1	1885139	4503	1
2034_nback	97	Picture	30	1898872	0	2	4145	3	0	4000	other	0
2034_nback	97	Pulse	5	1899379	507	1
2034_nback	98	Picture	30	1916943	0	1	4145	2	0	4000	other	0
2034_nback	98	Pulse	5	1919367	2424	3
2034_nback	99	Picture	30	1935014	0	1	4145	2	0	4000	other	0
2034_nback	99	Pulse	5	1939362	4348	17
2034_nback	100	Picture	30	1953085	0	1	4144	3	0	4000	other	0
2034_nback	100	Pulse	5	1959368	6283	2
2034_nback	101	Picture	31	1971155	0	2	4145	3	0	4000	hit	206
2034_nback	101	Response	1	1974556	3401	1
2034_nback	101	Pulse	5	1979515	8360	2
2034_nback	102	Picture	30	1989226	0	2	4145	3	0	4000	other	0
2034_nback	102	Pulse	5	1999515	10289	2
2034_nback	103	Picture	30	2007297	0	1	4145	2	0	4000	other	0
2034_nback	103	Pulse	5	2019515	12218	1
2034_nback	104	Pulse	5	2039505	14137	1
2034_nback	105	Picture	10	2050390	0	24	4157	25	0	4000	other	0
2034_nback	105	Pulse	5	2059503	9113	2
2034_nback	106	Picture	10	2068473	0	1	4143	5	0	4000	other	0
2034_nback	106	Pulse	5	2079503	11030	1
2034_nback	107	Picture	11	2086543	0	5	4145	6	0	4000	hit	218
2034_nback	107	Response	1	2089732	3189	2
2034_nback	107	Pulse	5	2099492	12949	2
2034_nback	108	Picture	10	2104607	0	19	4152	20	0	4000	other	0
2034_nback	108	Pulse	5	2119492	14885	2
2034_nback	109	Picture	11	2122685	0	1	4145	2	0	4000	miss	0
2034_nback	109	Pulse	5	2139492	16807	1
2034_nback	110	Picture	10	2140756	0	1	4144	3	0	4000	other	0
2034_nback	111	Picture	10	2158827	0	1	4144	3	0	4000	other	0
2034_nback	111	Pulse	5	2159480	653	2
2034_nback	112	Picture	11	2176897	0	2	4145	3	0	4000	hit	229
2034_nback	112	Pulse	5	2179480	2583	2
2034_nback	112	Response	1	2180921	4024	1
2034_nback	113	Picture	10	2194967	0	6	4146	7	0	4000	other	0
2034_nback	113	Pulse	5	2199479	4512	2
2034_nback	114	Picture	10	2213039	0	2	4145	3	0	4000	other	0
2034_nback	114	Pulse	5	2219469	6430	2
2034_nback	115	Picture	10	2231110	0	1	4145	2	0	4000	other	0
2034_nback	115	Pulse	5	2239468	8358	2
2034_nback	116	Picture	10	2249181	0	1	4144	3	0	4000	other	0
2034_nback	116	Pulse	5	2259468	10287	1
2034_nback	117	Picture	10	2267252	0	1	4144	2	0	4000	other	0
2034_nback	117	Pulse	5	2279457	12205	2
2034_nback	118	Picture	11	2285313	0	24	4154	25	0	4000	hit	241
2034_nback	118	Response	1	2288577	3264	2
2034_nback	118	Pulse	5	2299456	14143	2
2034_nback	119	Picture	10	2303393	0	1	4145	2	0	4000	other	0
2034_nback	119	Pulse	5	2319456	16063	2
2034_nback	120	Picture	10	2321464	0	1	4145	2	0	4000	other	0
2034_nback	120	Pulse	5	2339446	17982	1
2034_nback	121	Pulse	5	2359445	19910	2
2034_nback	122	Picture	20	2364569	0	1	4144	3	0	4000	other	0
2034_nback	122	Pulse	5	2379444	14875	2
2034_nback	123	Picture	20	2382636	0	7	4148	8	0	4000	other	0
2034_nback	123	Pulse	5	2399434	16798	2
2034_nback	124	Picture	20	2400710	0	1	4145	2	0	4000	other	0
2034_nback	125	Picture	21	2418781	0	1	4145	2	0	4000	miss	0
2034_nback	125	Pulse	5	2419433	652	3
2034_nback	126	Picture	20	2436852	0	1	4144	3	0	4000	other	0
2034_nback	126	Pulse	5	2439432	2580	3
2034_nback	127	Picture	20	2454923	0	1	4144	2	0	4000	other	0
2034_nback	127	Pulse	5	2459422	4499	2
2034_nback	128	Picture	21	2472993	0	2	4145	3	0	4000	hit	260
2034_nback	128	Response	1	2476692	3699	31
2034_nback	128	Pulse	5	2479421	6428	3
2034_nback	129	Picture	20	2491064	0	1	4145	2	0	4000	other	0
2034_nback	129	Pulse	5	2499421	8357	2
2034_nback	130	Picture	20	2509135	0	1	4145	2	0	4000	other	0
2034_nback	130	Pulse	5	2519410	10275	2
2034_nback	131	Picture	20	2527206	0	1	4144	3	0	4000	other	0
2034_nback	131	Pulse	5	2539410	12204	2
2034_nback	132	Picture	21	2545277	0	1	4144	2	0	4000	hit	269
2034_nback	132	Response	1	2548849	3572	2
2034_nback	132	Pulse	5	2559410	14133	1
2034_nback	133	Picture	20	2563347	0	2	4145	3	0	4000	other	0
2034_nback	133	Pulse	5	2579399	16052	1
2034_nback	134	Picture	20	2581417	0	7	4146	8	0	4000	other	0
2034_nback	134	Pulse	5	2599399	17982	1
2034_nback	135	Picture	21	2599489	0	1	4131	24	0	4000	miss	0
2034_nback	136	Picture	20	2617560	0	1	4145	2	0	4000	other	0
2034_nback	136	Pulse	5	2619397	1837	2
2034_nback	137	Picture	20	2635631	0	1	4144	3	0	4000	other	0
2034_nback	137	Pulse	5	2639388	3757	1
