Scenario - 1-back
Logfile written - 06/28/2014 18:52:28

Subject	Trial	Event Type	Code	Time	TTime	Uncertainty	Duration	Uncertainty	ReqTime	ReqDur	Stim Type	Pair Index

2034_nback	1	Pulse	5	98865	108699	1
2034_nback	2	Pulse	5	118864	19943	2
2034_nback	3	Picture	10	123955	0	1	4145	2	0	4000	other	0
2034_nback	3	Pulse	5	138854	14899	1
2034_nback	4	Picture	10	142026	0	1	4145	2	0	4000	other	0
2034_nback	4	Pulse	5	158854	16828	1
2034_nback	5	Picture	11	160097	0	1	4144	3	0	4000	hit	8
2034_nback	5	Response	1	162853	2756	2
2034_nback	6	Picture	10	178167	0	2	4145	3	0	4000	other	0
2034_nback	6	Pulse	5	178844	677	1
2034_nback	7	Picture	11	196238	0	1	4145	2	0	4000	hit	13
2034_nback	7	Pulse	5	198842	2604	2
2034_nback	7	Response	1	200282	4044	2
2034_nback	8	Picture	10	214309	0	1	4145	2	0	4000	other	0
2034_nback	8	Pulse	5	218841	4532	2
2034_nback	9	Picture	10	232380	0	1	4145	2	0	4000	other	0
2034_nback	9	Pulse	5	238841	6461	2
2034_nback	10	Picture	10	250451	0	1	4144	2	0	4000	other	0
2034_nback	10	Pulse	5	258830	8379	2
2034_nback	11	Picture	11	268521	0	2	4145	3	0	4000	hit	21
2034_nback	11	Response	1	271790	3269	2
2034_nback	11	Pulse	5	278829	10308	4
2034_nback	12	Picture	10	286592	0	1	4145	2	0	4000	other	0
2034_nback	12	Pulse	5	298829	12237	3
2034_nback	13	Picture	10	304663	0	1	4145	2	0	4000	other	0
2034_nback	13	Pulse	5	318818	14155	5
2034_nback	14	Picture	11	322734	0	1	4144	3	0	4000	hit	28
2034_nback	14	Response	1	326018	3284	3
2034_nback	14	Pulse	5	338818	16084	4
2034_nback	15	Picture	10	340805	0	1	4144	2	0	4000	other	0
2034_nback	15	Pulse	5	358805	18000	17
2034_nback	16	Picture	10	358875	0	2	4145	3	0	4000	other	0
2034_nback	17	Picture	10	376946	0	1	4145	2	0	4000	other	0
2034_nback	17	Pulse	5	378807	1861	2
2034_nback	18	Picture	10	395017	0	1	4145	2	0	4000	other	0
2034_nback	18	Pulse	5	398807	3790	1
2034_nback	19	Pulse	5	418806	5718	1
2034_nback	20	Picture	30	438122	0	1	4144	3	0	4000	other	0
2034_nback	20	Pulse	5	438795	673	2
2034_nback	21	Picture	30	456193	0	1	4126	29	0	4000	other	0
2034_nback	21	Pulse	5	458795	2602	1
2034_nback	22	Picture	31	474263	0	1	4145	2	0	4000	miss	0
2034_nback	22	Pulse	5	478795	4532	1
2034_nback	23	Picture	30	492333	0	2	4146	3	0	4000	other	0
2034_nback	23	Pulse	5	498784	6451	1
2034_nback	24	Picture	30	510405	0	1	4145	2	0	4000	other	0
2034_nback	24	Pulse	5	518783	8378	2
2034_nback	25	Picture	30	528476	0	1	4144	3	0	4000	other	0
2034_nback	25	Pulse	5	538783	10307	1
2034_nback	26	Picture	31	546545	0	7	4146	8	0	4000	hit	51
2034_nback	26	Response	1	549812	3267	2
2034_nback	26	Pulse	5	558772	12227	1
2034_nback	27	Picture	31	564617	0	1	4144	3	0	4000	hit	54
2034_nback	27	Response	1	567892	3275	1
2034_nback	27	Pulse	5	578771	14154	2
2034_nback	28	Picture	30	582685	0	8	4129	33	0	4000	other	0
2034_nback	28	Pulse	5	598770	16085	2
2034_nback	29	Picture	30	600759	0	1	4145	2	0	4000	other	0
2034_nback	29	Pulse	5	618759	18000	12
2034_nback	30	Picture	30	618830	0	1	4144	3	0	4000	other	0
2034_nback	31	Picture	31	636900	0	2	4145	3	0	4000	hit	63
2034_nback	31	Pulse	5	638759	1859	2
2034_nback	31	Response	1	640519	3619	2
2034_nback	32	Picture	30	654971	0	2	4145	3	0	4000	other	0
2034_nback	32	Pulse	5	658760	3789	1
2034_nback	33	Picture	30	673042	0	1	4145	2	0	4000	other	0
2034_nback	33	Pulse	5	678908	5866	2
2034_nback	34	Picture	30	691113	0	1	4145	2	0	4000	other	0
2034_nback	34	Pulse	5	698908	7795	1
2034_nback	35	Picture	30	709184	0	1	4139	8	0	4000	other	0
2034_nback	35	Pulse	5	718907	9723	2
2034_nback	36	Pulse	5	738897	11642	1
2034_nback	37	Picture	10	752288	0	2	4143	8	0	4000	other	0
2034_nback	37	Pulse	5	758896	6608	2
2034_nback	38	Picture	10	770359	0	1	4145	2	0	4000	other	0
2034_nback	38	Pulse	5	778895	8536	2
2034_nback	39	Picture	11	788430	0	1	4145	2	0	4000	miss	0
2034_nback	39	Pulse	5	798885	10455	2
2034_nback	40	Picture	10	806501	0	1	4143	5	0	4000	other	0
2034_nback	40	Pulse	5	818884	12383	3
2034_nback	41	Picture	11	824569	0	53	4147	55	0	4000	hit	82
2034_nback	41	Response	1	828006	3437	1
2034_nback	41	Pulse	5	838884	14315	2
2034_nback	42	Picture	10	842642	0	2	4145	3	0	4000	other	0
2034_nback	42	Pulse	5	858875	16233	1
2034_nback	43	Picture	10	860713	0	1	4145	2	0	4000	other	0
2034_nback	44	Picture	10	878784	0	1	4145	2	0	4000	other	0
2034_nback	44	Pulse	5	878873	89	1
2034_nback	45	Picture	11	896855	0	1	4145	2	0	4000	hit	91
2034_nback	45	Pulse	5	898872	2017	2
2034_nback	45	Response	1	900942	4087	2
2034_nback	46	Picture	10	914926	0	1	4144	3	0	4000	other	0
2034_nback	46	Pulse	5	918863	3937	1
2034_nback	47	Picture	10	932997	0	1	4144	2	0	4000	other	0
2034_nback	47	Pulse	5	938861	5864	2
2034_nback	48	Picture	11	951067	0	1	4145	2	0	4000	miss	0
2034_nback	48	Pulse	5	958852	7785	1
2034_nback	49	Picture	10	969138	0	1	4145	2	0	4000	other	0
2034_nback	49	Pulse	5	978851	9713	2
2034_nback	50	Picture	10	987204	0	6	4126	33	0	4000	other	0
2034_nback	50	Pulse	5	998850	11646	1
2034_nback	51	Picture	10	1005279	0	2	4145	4	0	4000	other	0
2034_nback	51	Pulse	5	1018849	13570	2
2034_nback	52	Picture	10	1023351	0	1	4144	2	0	4000	other	0
2034_nback	52	Pulse	5	1038838	15487	3
2034_nback	53	Pulse	5	1058837	17418	3
2034_nback	54	Picture	20	1066454	0	3	4146	4	0	4000	other	0
2034_nback	54	Pulse	5	1078828	12374	1
2034_nback	55	Picture	20	1084526	0	1	4145	2	0	4000	other	0
2034_nback	55	Pulse	5	1098826	14300	2
2034_nback	56	Picture	21	1102597	0	1	4144	3	0	4000	hit	112
2034_nback	56	Response	1	1106027	3430	1
2034_nback	56	Pulse	5	1118826	16229	2
2034_nback	57	Picture	20	1120667	0	2	4144	5	0	4000	other	0
2034_nback	58	Picture	20	1138738	0	3	4145	4	0	4000	other	0
2034_nback	58	Pulse	5	1138826	88	1
2034_nback	59	Picture	20	1156809	0	1	4145	2	0	4000	other	0
2034_nback	59	Pulse	5	1158815	2006	1
2034_nback	60	Picture	21	1174880	0	1	4145	2	0	4000	hit	121
2034_nback	60	Pulse	5	1178814	3934	2
2034_nback	60	Response	1	1178974	4094	2
2034_nback	61	Picture	20	1192951	0	1	4144	3	0	4000	other	0
2034_nback	61	Pulse	5	1198814	5863	1
2034_nback	62	Picture	20	1211022	0	1	4144	3	0	4000	other	0
2034_nback	62	Pulse	5	1218803	7781	2
2034_nback	63	Picture	20	1229092	0	2	4145	3	0	4000	other	0
2034_nback	63	Pulse	5	1238802	9710	2
2034_nback	64	Picture	20	1247163	0	1	4145	2	0	4000	other	0
2034_nback	64	Pulse	5	1258803	11640	1
2034_nback	65	Picture	20	1265234	0	1	4145	2	0	4000	other	0
2034_nback	65	Pulse	5	1278791	13557	3
2034_nback	66	Picture	21	1283305	0	1	4144	3	0	4000	miss	0
2034_nback	66	Pulse	5	1298791	15486	2
2034_nback	67	Picture	20	1301376	0	1	4143	7	0	4000	other	0
2034_nback	67	Pulse	5	1318790	17414	3
2034_nback	68	Picture	20	1319446	0	2	4145	3	0	4000	other	0
2034_nback	69	Picture	21	1337517	0	1	4145	2	0	4000	hit	139
2034_nback	69	Pulse	5	1338780	1263	2
2034_nback	69	Response	1	1340700	3183	1
2034_nback	70	Pulse	5	1358779	3191	2
2034_nback	70	Pulse	5	1378779	23191	2
2034_nback	71	Picture	10	1380778	0	19	4154	21	0	4000	other	0
2034_nback	71	Pulse	5	1398768	17990	2
2034_nback	72	Picture	10	1398858	0	2	4145	3	0	4000	other	0
2034_nback	73	Picture	11	1416929	0	1	4145	2	0	4000	hit	147
2034_nback	73	Pulse	5	1418768	1839	2
2034_nback	73	Response	1	1419550	2621	56
2034_nback	74	Picture	10	1435000	0	1	4145	2	0	4000	other	0
2034_nback	74	Pulse	5	1438768	3768	1
2034_nback	75	Picture	11	1453071	0	1	4139	8	0	4000	hit	151
2034_nback	75	Response	1	1457957	4886	2
2034_nback	75	Pulse	5	1458756	5685	15
2034_nback	76	Picture	10	1471142	0	1	4144	3	0	4000	other	0
2034_nback	76	Pulse	5	1478756	7614	2
2034_nback	77	Picture	10	1489212	0	2	4145	3	0	4000	other	0
2034_nback	77	Pulse	5	1498756	9544	1
2034_nback	78	Picture	11	1507283	0	1	4145	2	0	4000	miss	0
2034_nback	78	Pulse	5	1518744	11461	2
2034_nback	79	Picture	10	1525354	0	1	4145	2	0	4000	other	0
2034_nback	79	Pulse	5	1538745	13391	1
2034_nback	80	Picture	10	1543425	0	1	4145	2	0	4000	other	0
2034_nback	80	Pulse	5	1558743	15318	2
2034_nback	81	Picture	10	1561496	0	1	4144	3	0	4000	other	0
2034_nback	81	Pulse	5	1578719	17223	23
2034_nback	82	Picture	10	1579566	0	2	4145	3	0	4000	other	0
2034_nback	83	Picture	10	1597637	0	2	4145	3	0	4000	other	0
2034_nback	83	Pulse	5	1598732	1095	2
2034_nback	84	Picture	11	1615708	0	1	4145	2	0	4000	hit	170
2034_nback	84	Pulse	5	1618732	3024	3
2034_nback	84	Response	1	1618892	3184	2
2034_nback	85	Picture	10	1633779	0	1	4145	2	0	4000	other	0
2034_nback	85	Pulse	5	1638722	4943	1
2034_nback	86	Picture	10	1651850	0	1	4144	3	0	4000	other	0
2034_nback	86	Pulse	5	1658706	6856	23
2034_nback	87	Pulse	5	1678721	8801	1
2034_nback	88	Picture	30	1694954	0	2	4145	3	0	4000	other	0
2034_nback	88	Pulse	5	1698704	3750	24
2034_nback	89	Picture	30	1713025	0	1	4145	2	0	4000	other	0
2034_nback	89	Pulse	5	1718869	5844	2
2034_nback	90	Picture	30	1731096	0	1	4145	2	0	4000	other	0
2034_nback	90	Pulse	5	1738870	7774	1
2034_nback	91	Picture	31	1749167	0	1	4144	3	0	4000	hit	183
2034_nback	91	Response	1	1753099	3932	1
2034_nback	91	Pulse	5	1758858	9691	2
2034_nback	92	Picture	31	1767237	0	32	4145	33	0	4000	hit	186
2034_nback	92	Response	1	1770699	3462	1
2034_nback	92	Pulse	5	1778857	11620	3
2034_nback	93	Picture	30	1785308	0	2	4145	3	0	4000	other	0
2034_nback	93	Pulse	5	1798847	13539	3
2034_nback	94	Picture	30	1803379	0	1	4145	2	0	4000	other	0
2034_nback	94	Pulse	5	1818846	15467	3
2034_nback	95	Picture	30	1821450	0	1	4145	2	0	4000	other	0
2034_nback	95	Pulse	5	1838845	17395	3
2034_nback	96	Picture	31	1839521	0	1	4144	3	0	4000	miss	0
2034_nback	97	Picture	30	1857592	0	1	4143	4	0	4000	other	0
2034_nback	97	Pulse	5	1858844	1252	4
2034_nback	98	Picture	30	1875662	0	2	4145	3	0	4000	other	0
2034_nback	98	Pulse	5	1878835	3173	1
2034_nback	99	Picture	30	1893733	0	1	4141	23	0	4000	other	0
2034_nback	99	Pulse	5	1898834	5101	2
2034_nback	100	Picture	30	1911803	0	7	4139	26	0	4000	other	0
2034_nback	100	Pulse	5	1918834	7031	1
2034_nback	101	Picture	31	1929875	0	1	4144	3	0	4000	miss	0
2034_nback	101	Pulse	5	1938823	8948	2
2034_nback	102	Picture	30	1947933	0	26	4157	28	0	4000	other	0
2034_nback	102	Pulse	5	1958823	10890	1
2034_nback	103	Picture	30	1966016	0	2	4145	3	0	4000	other	0
2034_nback	103	Pulse	5	1978822	12806	2
2034_nback	104	Pulse	5	1998811	14724	2
2034_nback	105	Picture	10	2009121	0	1	4131	21	0	4000	other	0
2034_nback	105	Pulse	5	2018811	9690	1
2034_nback	106	Picture	10	2027192	0	1	4144	3	0	4000	other	0
2034_nback	106	Pulse	5	2038812	11620	1
2034_nback	107	Picture	11	2045263	0	1	4144	3	0	4000	miss	0
2034_nback	107	Pulse	5	2058799	13536	2
2034_nback	108	Picture	10	2063333	0	2	4145	3	0	4000	other	0
2034_nback	108	Pulse	5	2078799	15466	2
2034_nback	109	Picture	11	2081404	0	1	4140	33	0	4000	hit	219
2034_nback	109	Response	1	2086639	5235	1
2034_nback	109	Pulse	5	2098798	17394	2
2034_nback	110	Picture	10	2099475	0	1	4145	2	0	4000	other	0
2034_nback	111	Picture	10	2117546	0	1	4129	22	0	4000	other	0
2034_nback	111	Pulse	5	2118788	1242	2
2034_nback	112	Picture	11	2135617	0	1	4144	3	0	4000	hit	225
2034_nback	112	Response	1	2138787	3170	2
2034_nback	112	Pulse	5	2138787	3170	2
2034_nback	113	Picture	10	2153687	0	8	4145	9	0	4000	other	0
2034_nback	113	Pulse	5	2158786	5099	2
2034_nback	114	Picture	10	2171758	0	1	4144	4	0	4000	other	0
2034_nback	114	Pulse	5	2178777	7019	1
2034_nback	115	Picture	10	2189829	0	1	4145	2	0	4000	other	0
2034_nback	115	Pulse	5	2198775	8946	2
2034_nback	116	Picture	10	2207895	0	7	4149	9	0	4000	other	0
2034_nback	116	Pulse	5	2218775	10880	2
2034_nback	117	Picture	10	2225971	0	1	4144	3	0	4000	other	0
2034_nback	117	Pulse	5	2238766	12795	1
2034_nback	118	Picture	11	2244041	0	2	4143	33	0	4000	hit	238
2034_nback	118	Response	1	2246924	2883	3
2034_nback	118	Pulse	5	2258766	14725	1
2034_nback	119	Picture	10	2262112	0	2	4145	3	0	4000	other	0
2034_nback	119	Pulse	5	2278763	16651	3
2034_nback	120	Picture	10	2280183	0	1	4142	23	0	4000	other	0
2034_nback	121	Pulse	5	2298753	499	1
2034_nback	121	Pulse	5	2318753	20499	1
2034_nback	122	Picture	20	2323288	0	1	4144	3	0	4000	other	0
2034_nback	122	Pulse	5	2338752	15464	1
2034_nback	123	Picture	20	2341359	0	1	4144	3	0	4000	other	0
2034_nback	123	Pulse	5	2358741	17382	2
2034_nback	124	Picture	20	2359429	0	2	4145	3	0	4000	other	0
2034_nback	125	Picture	21	2377500	0	1	4145	2	0	4000	hit	252
2034_nback	125	Pulse	5	2378741	1241	1
2034_nback	125	Response	1	2381301	3801	1
2034_nback	126	Picture	20	2395571	0	1	4145	2	0	4000	other	0
2034_nback	126	Pulse	5	2398740	3169	2
2034_nback	127	Picture	20	2413642	0	1	4145	3	0	4000	other	0
2034_nback	127	Pulse	5	2418729	5087	2
2034_nback	128	Picture	21	2431713	0	1	4144	3	0	4000	hit	258
2034_nback	128	Response	1	2435369	3656	2
2034_nback	128	Pulse	5	2438729	7016	1
2034_nback	129	Picture	20	2449780	0	7	4128	34	0	4000	other	0
2034_nback	129	Pulse	5	2458728	8948	2
2034_nback	130	Picture	20	2467854	0	1	4145	2	0	4000	other	0
2034_nback	130	Pulse	5	2478717	10863	2
2034_nback	131	Picture	20	2485925	0	1	4145	2	0	4000	other	0
2034_nback	131	Pulse	5	2498718	12793	1
2034_nback	132	Picture	21	2503996	0	1	4144	3	0	4000	miss	0
2034_nback	132	Pulse	5	2518717	14721	1
2034_nback	133	Picture	20	2522066	0	2	4145	3	0	4000	other	0
2034_nback	133	Pulse	5	2538688	16622	24
2034_nback	134	Picture	20	2540138	0	1	4144	2	0	4000	other	0
2034_nback	135	Picture	21	2558208	0	1	4145	2	0	4000	hit	273
2034_nback	135	Pulse	5	2558705	497	2
2034_nback	135	Response	1	2562862	4654	7
2034_nback	136	Picture	20	2576279	0	1	4145	2	0	4000	other	0
2034_nback	136	Pulse	5	2578705	2426	2
2034_nback	137	Picture	20	2594350	0	1	4144	3	0	4000	other	0
2034_nback	137	Pulse	5	2598695	4345	1
