Scenario - 1-back
Logfile written - 06/28/2014 18:47:30

Subject	Trial	Event Type	Code	Time	TTime	Uncertainty	Duration	Uncertainty	ReqTime	ReqDur	Stim Type	Pair Index

2034_nback	1	Pulse	5	116525	126360	2
2034_nback	2	Pulse	5	136515	19855	1
2034_nback	3	Picture	10	141694	0	1	4144	2	0	4000	other	0
2034_nback	3	Pulse	5	156515	14821	1
2034_nback	4	Picture	10	159764	0	2	4145	3	0	4000	other	0
2034_nback	4	Pulse	5	176510	16746	7
2034_nback	5	Picture	11	177835	0	1	4145	2	0	4000	miss	0
2034_nback	6	Picture	10	195906	0	1	4145	2	0	4000	other	0
2034_nback	6	Pulse	5	196503	597	2
2034_nback	7	Picture	11	213971	0	26	4151	27	0	4000	miss	0
2034_nback	7	Pulse	5	216502	2531	2
2034_nback	8	Picture	10	232048	0	1	4144	3	0	4000	other	0
2034_nback	8	Pulse	5	236502	4454	1
2034_nback	9	Picture	10	250118	0	2	4145	3	0	4000	other	0
2034_nback	9	Pulse	5	256491	6373	6
2034_nback	10	Picture	10	268189	0	1	4145	2	0	4000	other	0
2034_nback	10	Pulse	5	276490	8301	6
2034_nback	11	Picture	11	286260	0	1	4145	2	0	4000	miss	0
2034_nback	11	Pulse	5	296490	10230	2
2034_nback	12	Picture	10	304331	0	1	4131	26	0	4000	other	0
2034_nback	12	Pulse	5	316479	12148	2
2034_nback	13	Picture	10	322402	0	1	4144	3	0	4000	other	0
2034_nback	13	Pulse	5	336479	14077	19
2034_nback	14	Picture	11	340453	0	26	4164	27	0	4000	miss	0
2034_nback	14	Pulse	5	356461	16008	33
2034_nback	15	Picture	10	358543	0	1	4145	2	0	4000	other	0
2034_nback	15	Pulse	5	376458	17915	16
2034_nback	16	Picture	10	376614	0	1	4145	2	0	4000	other	0
2034_nback	17	Picture	10	394685	0	1	4144	3	0	4000	other	0
2034_nback	17	Pulse	5	396466	1781	8
2034_nback	18	Picture	10	412755	0	3	4145	5	0	4000	other	0
2034_nback	18	Pulse	5	416459	3704	12
2034_nback	19	Pulse	5	436445	5619	24
2034_nback	20	Picture	20	456026	0	1	4110	49	0	4000	other	0
2034_nback	20	Pulse	5	456456	430	1
2034_nback	21	Picture	20	474097	0	1	4145	2	0	4000	other	0
2034_nback	21	Pulse	5	476444	2347	24
2034_nback	22	Picture	21	492166	0	4	4146	6	0	4000	miss	0
2034_nback	22	Pulse	5	496604	4438	2
2034_nback	23	Picture	20	510238	0	2	4145	3	0	4000	other	0
2034_nback	23	Pulse	5	516605	6367	1
2034_nback	24	Picture	20	528309	0	1	4138	26	0	4000	other	0
2034_nback	24	Pulse	5	536604	8295	1
2034_nback	25	Picture	20	546380	0	1	4145	2	0	4000	other	0
2034_nback	25	Pulse	5	556589	10209	9
2034_nback	26	Picture	21	564451	0	1	4145	2	0	4000	miss	0
2034_nback	26	Pulse	5	576593	12142	1
2034_nback	27	Picture	20	582522	0	1	4144	3	0	4000	other	0
2034_nback	27	Pulse	5	596591	14069	2
2034_nback	28	Picture	20	600593	0	1	4144	2	0	4000	other	0
2034_nback	28	Pulse	5	616581	15988	2
2034_nback	29	Picture	20	618644	0	30	4164	31	0	4000	other	0
2034_nback	29	Pulse	5	636581	17937	1
2034_nback	30	Picture	20	636734	0	1	4145	2	0	4000	other	0
2034_nback	31	Picture	20	654805	0	1	4145	2	0	4000	other	0
2034_nback	31	Pulse	5	656580	1775	1
2034_nback	32	Picture	21	672876	0	1	4144	3	0	4000	miss	0
2034_nback	32	Pulse	5	676570	3694	1
2034_nback	33	Picture	20	690947	0	1	4144	2	0	4000	other	0
2034_nback	33	Pulse	5	696569	5622	1
2034_nback	34	Picture	20	709017	0	2	4145	3	0	4000	other	0
2034_nback	34	Pulse	5	716568	7551	2
2034_nback	35	Picture	21	727088	0	1	4145	2	0	4000	miss	0
2034_nback	35	Pulse	5	736558	9470	1
2034_nback	36	Pulse	5	756557	11403	2
2034_nback	37	Picture	10	770193	0	1	4145	2	0	4000	other	0
2034_nback	37	Pulse	5	776557	6364	1
2034_nback	38	Picture	10	788264	0	1	4144	2	0	4000	other	0
2034_nback	38	Pulse	5	796546	8282	1
2034_nback	39	Picture	11	806334	0	2	4141	9	0	4000	miss	0
2034_nback	39	Pulse	5	816528	10194	57
2034_nback	40	Picture	10	824405	0	1	4145	2	0	4000	other	0
2034_nback	40	Pulse	5	836544	12139	2
2034_nback	41	Picture	11	842476	0	1	4145	2	0	4000	miss	0
2034_nback	41	Pulse	5	856534	14058	2
2034_nback	42	Picture	10	860547	0	1	4143	4	0	4000	other	0
2034_nback	42	Pulse	5	876533	15986	3
2034_nback	43	Picture	10	878618	0	1	4144	3	0	4000	other	0
2034_nback	43	Pulse	5	896533	17915	2
2034_nback	44	Picture	10	896683	0	7	4150	8	0	4000	other	0
2034_nback	45	Picture	11	914759	0	1	4145	2	0	4000	miss	0
2034_nback	45	Pulse	5	916523	1764	1
2034_nback	46	Picture	10	932830	0	1	4145	2	0	4000	other	0
2034_nback	46	Pulse	5	936522	3692	2
2034_nback	47	Picture	10	950901	0	1	4145	2	0	4000	other	0
2034_nback	47	Pulse	5	956522	5621	1
2034_nback	48	Picture	11	968972	0	1	4144	3	0	4000	miss	0
2034_nback	48	Pulse	5	976510	7538	2
2034_nback	49	Picture	10	987042	0	2	4145	3	0	4000	other	0
2034_nback	49	Pulse	5	996511	9469	1
2034_nback	50	Picture	10	1005113	0	1	4145	2	0	4000	other	0
2034_nback	50	Pulse	5	1016509	11396	2
2034_nback	51	Picture	10	1023184	0	1	4145	2	0	4000	other	0
2034_nback	51	Pulse	5	1036500	13316	1
2034_nback	52	Picture	10	1041255	0	1	4145	2	0	4000	other	0
2034_nback	52	Pulse	5	1056498	15243	2
2034_nback	53	Pulse	5	1076498	17172	2
2034_nback	54	Picture	30	1084359	0	3	4145	4	0	4000	other	0
2034_nback	54	Pulse	5	1096488	12129	1
2034_nback	55	Picture	30	1102430	0	2	4145	3	0	4000	other	0
2034_nback	55	Pulse	5	1116486	14056	4
2034_nback	56	Picture	31	1120501	0	1	4145	2	0	4000	miss	0
2034_nback	56	Pulse	5	1136488	15987	1
2034_nback	57	Picture	30	1138571	0	7	4146	8	0	4000	other	0
2034_nback	57	Pulse	5	1156473	17902	15
2034_nback	58	Picture	30	1156643	0	1	4144	3	0	4000	other	0
2034_nback	59	Picture	30	1174705	0	21	4153	23	0	4000	other	0
2034_nback	59	Pulse	5	1176474	1769	3
2034_nback	60	Picture	31	1192784	0	2	4145	3	0	4000	miss	0
2034_nback	60	Pulse	5	1196474	3690	2
2034_nback	61	Picture	31	1210855	0	1	4145	2	0	4000	miss	0
2034_nback	61	Pulse	5	1216453	5598	17
2034_nback	62	Picture	30	1228926	0	1	4145	2	0	4000	other	0
2034_nback	62	Pulse	5	1236464	7538	1
2034_nback	63	Picture	30	1246997	0	1	4145	2	0	4000	other	0
2034_nback	63	Pulse	5	1256463	9466	1
2034_nback	64	Picture	30	1265068	0	1	4144	3	0	4000	other	0
2034_nback	64	Pulse	5	1276452	11384	2
2034_nback	65	Picture	31	1283133	0	7	4150	8	0	4000	miss	0
2034_nback	65	Pulse	5	1296451	13318	3
2034_nback	66	Picture	30	1301209	0	1	4145	2	0	4000	other	0
2034_nback	66	Pulse	5	1316451	15242	3
2034_nback	67	Picture	30	1319280	0	1	4145	2	0	4000	other	0
2034_nback	67	Pulse	5	1336443	17163	1
2034_nback	68	Picture	30	1337349	0	6	4146	8	0	4000	other	0
2034_nback	69	Picture	30	1355422	0	1	4144	2	0	4000	other	0
2034_nback	69	Pulse	5	1356440	1018	2
2034_nback	70	Pulse	5	1376439	2947	3
2034_nback	70	Pulse	5	1396417	22925	21
2034_nback	71	Picture	10	1398526	0	2	4145	3	0	4000	other	0
2034_nback	71	Pulse	5	1416429	17903	1
2034_nback	72	Picture	10	1416597	0	1	4145	5	0	4000	other	0
2034_nback	73	Picture	11	1434667	0	2	4146	3	0	4000	miss	0
2034_nback	73	Pulse	5	1436415	1748	21
2034_nback	74	Picture	10	1452739	0	1	4144	4	0	4000	other	0
2034_nback	74	Pulse	5	1456375	3636	52
2034_nback	75	Picture	11	1470809	0	2	4145	3	0	4000	miss	0
2034_nback	75	Pulse	5	1476416	5607	2
2034_nback	76	Picture	10	1488880	0	2	4145	3	0	4000	other	0
2034_nback	76	Pulse	5	1496416	7536	2
2034_nback	77	Picture	10	1506951	0	1	4145	2	0	4000	other	0
2034_nback	77	Pulse	5	1516392	9441	20
2034_nback	78	Picture	11	1525022	0	1	4145	2	0	4000	miss	0
2034_nback	78	Pulse	5	1536565	11543	2
2034_nback	79	Picture	10	1543093	0	1	4144	3	0	4000	other	0
2034_nback	79	Pulse	5	1556565	13472	1
2034_nback	80	Picture	10	1561164	0	1	4144	2	0	4000	other	0
2034_nback	80	Pulse	5	1576554	15390	2
2034_nback	81	Picture	10	1579234	0	2	4145	3	0	4000	other	0
2034_nback	81	Pulse	5	1596553	17319	2
2034_nback	82	Picture	10	1597305	0	1	4142	6	0	4000	other	0
2034_nback	83	Picture	10	1615376	0	1	4145	2	0	4000	other	0
2034_nback	83	Pulse	5	1616542	1166	32
2034_nback	84	Picture	11	1633447	0	1	4144	3	0	4000	miss	0
2034_nback	84	Pulse	5	1636543	3096	1
2034_nback	85	Picture	10	1651518	0	1	4144	2	0	4000	other	0
2034_nback	85	Pulse	5	1656541	5023	2
2034_nback	86	Picture	10	1669588	0	2	4145	3	0	4000	other	0
2034_nback	86	Pulse	5	1676542	6954	1
2034_nback	87	Pulse	5	1696530	8871	2
2034_nback	88	Picture	20	1712693	0	3	4145	4	0	4000	other	0
2034_nback	88	Pulse	5	1716530	3837	2
2034_nback	89	Picture	20	1730764	0	1	4145	2	0	4000	other	0
2034_nback	89	Pulse	5	1736529	5765	2
2034_nback	90	Picture	20	1748835	0	1	4144	3	0	4000	other	0
2034_nback	90	Pulse	5	1756510	7675	12
2034_nback	91	Picture	21	1766905	0	2	4145	6	0	4000	miss	0
2034_nback	91	Pulse	5	1776518	9613	3
2034_nback	92	Picture	20	1784976	0	2	4145	3	0	4000	other	0
2034_nback	92	Pulse	5	1796517	11541	3
2034_nback	93	Picture	20	1803041	0	21	4151	22	0	4000	other	0
2034_nback	93	Pulse	5	1816507	13466	2
2034_nback	94	Picture	21	1821118	0	1	4145	2	0	4000	miss	0
2034_nback	94	Pulse	5	1836506	15388	3
2034_nback	95	Picture	20	1839189	0	1	4144	3	0	4000	other	0
2034_nback	95	Pulse	5	1856506	17317	2
2034_nback	96	Picture	20	1857260	0	1	4144	2	0	4000	other	0
2034_nback	97	Picture	20	1875330	0	2	4145	3	0	4000	other	0
2034_nback	97	Pulse	5	1876496	1166	1
2034_nback	98	Picture	21	1893401	0	1	4138	11	0	4000	miss	0
2034_nback	98	Pulse	5	1896495	3094	1
2034_nback	99	Picture	20	1911472	0	1	4145	2	0	4000	other	0
2034_nback	99	Pulse	5	1916495	5023	1
2034_nback	100	Picture	20	1929543	0	1	4144	3	0	4000	other	0
2034_nback	100	Pulse	5	1936483	6940	3
2034_nback	101	Picture	21	1947613	0	2	4145	3	0	4000	miss	0
2034_nback	101	Pulse	5	1956484	8871	1
2034_nback	102	Picture	20	1965684	0	2	4145	3	0	4000	other	0
2034_nback	102	Pulse	5	1976482	10798	2
2034_nback	103	Picture	20	1983753	0	4	4147	5	0	4000	other	0
2034_nback	103	Pulse	5	1996473	12720	1
2034_nback	104	Pulse	5	2016471	14645	2
2034_nback	105	Picture	10	2026860	0	1	4144	3	0	4000	other	0
2034_nback	105	Pulse	5	2036472	9612	2
2034_nback	106	Picture	10	2044931	0	1	4135	16	0	4000	other	0
2034_nback	106	Pulse	5	2056460	11529	2
2034_nback	107	Picture	11	2063001	0	3	4145	4	0	4000	miss	0
2034_nback	107	Pulse	5	2076460	13459	1
2034_nback	108	Picture	10	2081072	0	1	4145	2	0	4000	other	0
2034_nback	108	Pulse	5	2096460	15388	1
2034_nback	109	Picture	11	2099143	0	1	4145	2	0	4000	miss	0
2034_nback	109	Pulse	5	2116449	17306	1
2034_nback	110	Picture	10	2117214	0	1	4144	3	0	4000	other	0
2034_nback	111	Picture	10	2135285	0	1	4144	3	0	4000	other	0
2034_nback	111	Pulse	5	2136449	1164	1
2034_nback	112	Picture	11	2153355	0	2	4145	3	0	4000	miss	0
2034_nback	112	Pulse	5	2156447	3092	2
2034_nback	113	Picture	10	2171426	0	1	4145	2	0	4000	other	0
2034_nback	113	Pulse	5	2176437	5011	2
2034_nback	114	Picture	10	2189497	0	1	4142	20	0	4000	other	0
2034_nback	114	Pulse	5	2196436	6939	2
2034_nback	115	Picture	10	2207568	0	1	4145	2	0	4000	other	0
2034_nback	115	Pulse	5	2216436	8868	1
2034_nback	116	Picture	10	2225639	0	1	4144	3	0	4000	other	0
2034_nback	116	Pulse	5	2236426	10787	1
2034_nback	117	Picture	10	2243709	0	2	4144	10	0	4000	other	0
2034_nback	117	Pulse	5	2256425	12716	1
2034_nback	118	Picture	11	2261780	0	2	4145	3	0	4000	miss	0
2034_nback	118	Pulse	5	2276424	14644	2
2034_nback	119	Picture	10	2279851	0	1	4145	2	0	4000	other	0
2034_nback	119	Pulse	5	2296413	16562	3
2034_nback	120	Picture	10	2297922	0	1	4145	2	0	4000	other	0
2034_nback	121	Pulse	5	2316415	422	1
2034_nback	121	Pulse	5	2336412	20419	3
2034_nback	122	Picture	30	2341192	0	2	4145	3	0	4000	other	0
2034_nback	122	Pulse	5	2356388	15196	20
2034_nback	123	Picture	30	2359263	0	1	4145	2	0	4000	other	0
2034_nback	123	Pulse	5	2376401	17138	2
2034_nback	124	Picture	30	2377334	0	1	4145	2	0	4000	other	0
2034_nback	125	Picture	31	2395405	0	1	4144	3	0	4000	miss	0
2034_nback	125	Pulse	5	2396400	995	15
2034_nback	126	Picture	31	2413475	0	2	4145	3	0	4000	miss	0
2034_nback	126	Pulse	5	2416383	2908	17
2034_nback	127	Picture	30	2431546	0	2	4145	3	0	4000	other	0
2034_nback	127	Pulse	5	2436382	4836	44
2034_nback	128	Picture	30	2449617	0	1	4145	2	0	4000	other	0
2034_nback	128	Pulse	5	2456390	6773	1
2034_nback	129	Picture	30	2467688	0	1	4140	7	0	4000	other	0
2034_nback	129	Pulse	5	2476380	8692	1
2034_nback	130	Picture	31	2485759	0	1	4144	3	0	4000	miss	0
2034_nback	130	Pulse	5	2496379	10620	1
2034_nback	131	Picture	30	2503825	0	8	4149	9	0	4000	other	0
2034_nback	131	Pulse	5	2516377	12552	2
2034_nback	132	Picture	30	2521900	0	2	4130	28	0	4000	other	0
2034_nback	132	Pulse	5	2536368	14468	1
2034_nback	133	Picture	30	2539971	0	1	4145	2	0	4000	other	0
2034_nback	133	Pulse	5	2556366	16395	2
2034_nback	134	Picture	30	2558042	0	1	4145	2	0	4000	other	0
2034_nback	135	Picture	31	2576113	0	1	4144	3	0	4000	miss	0
2034_nback	135	Pulse	5	2576525	412	3
2034_nback	136	Picture	30	2594184	0	1	4144	2	0	4000	other	0
2034_nback	136	Pulse	5	2596515	2331	2
2034_nback	137	Picture	30	2612254	0	2	4145	3	0	4000	other	0
2034_nback	137	Pulse	5	2616515	4261	1
