Scenario - 1-back
Logfile written - 05/22/2014 12:45:36

Subject	Trial	Event Type	Code	Time	TTime	Uncertainty	Duration	Uncertainty	ReqTime	ReqDur	Stim Type	Pair Index

2039_nback1	1	Pulse	5	144486	154320	2
2039_nback1	2	Pulse	5	164486	19971	2
2039_nback1	3	Picture	10	169549	0	1	4145	2	0	4000	other	0
2039_nback1	3	Pulse	5	184486	14937	2
2039_nback1	4	Picture	10	187620	0	1	4145	2	0	4000	other	0
2039_nback1	4	Pulse	5	204476	16856	1
2039_nback1	5	Picture	11	205691	0	1	4145	2	0	4000	hit	8
2039_nback1	5	Response	1	209276	3585	1
2039_nback1	6	Picture	10	223762	0	2	4145	3	0	4000	other	0
2039_nback1	6	Pulse	5	224475	713	2
2039_nback1	7	Picture	11	241833	0	2	4145	3	0	4000	miss	0
2039_nback1	7	Pulse	5	244475	2642	2
2039_nback1	8	Picture	10	259904	0	2	4145	3	0	4000	other	0
2039_nback1	8	Pulse	5	264465	4561	2
2039_nback1	9	Picture	10	277976	0	1	4144	2	0	4000	other	0
2039_nback1	9	Pulse	5	284464	6488	3
2039_nback1	10	Picture	10	296047	0	1	4144	3	0	4000	other	0
2039_nback1	10	Pulse	5	304464	8417	3
2039_nback1	11	Picture	11	314118	0	1	4144	3	0	4000	hit	20
2039_nback1	11	Response	1	318374	4256	2
2039_nback1	11	Pulse	5	324454	10336	2
2039_nback1	12	Picture	10	332189	0	1	4144	3	0	4000	other	0
2039_nback1	12	Pulse	5	344455	12266	1
2039_nback1	13	Picture	10	350260	0	1	4144	3	0	4000	other	0
2039_nback1	13	Pulse	5	364454	14194	1
2039_nback1	14	Picture	11	368331	0	1	4144	3	0	4000	hit	27
2039_nback1	14	Response	1	371963	3632	3
2039_nback1	14	Pulse	5	384443	16112	3
2039_nback1	15	Picture	10	386402	0	1	4145	2	0	4000	other	0
2039_nback1	15	Pulse	5	404443	18041	2
2039_nback1	16	Picture	10	404473	0	1	4145	2	0	4000	other	0
2039_nback1	17	Picture	10	422544	0	1	4145	2	0	4000	other	0
2039_nback1	17	Pulse	5	424443	1899	2
2039_nback1	18	Picture	10	440615	0	1	4145	2	0	4000	other	0
2039_nback1	18	Pulse	5	444433	3818	1
2039_nback1	19	Pulse	5	464432	5746	2
2039_nback1	20	Picture	20	483720	0	2	4145	3	0	4000	other	0
2039_nback1	20	Pulse	5	484422	702	2
2039_nback1	21	Picture	20	501791	0	1	4145	2	0	4000	other	0
2039_nback1	21	Pulse	5	504422	2631	2
2039_nback1	22	Picture	21	519862	0	2	4145	3	0	4000	hit	42
2039_nback1	22	Response	1	523142	3280	1
2039_nback1	22	Pulse	5	524422	4560	1
2039_nback1	23	Picture	20	537933	0	2	4145	3	0	4000	other	0
2039_nback1	23	Pulse	5	544421	6488	2
2039_nback1	24	Picture	20	556004	0	2	4145	3	0	4000	other	0
2039_nback1	24	Pulse	5	564411	8407	2
2039_nback1	25	Picture	20	574075	0	2	4145	3	0	4000	other	0
2039_nback1	25	Pulse	5	584411	10336	2
2039_nback1	26	Picture	21	592147	0	1	4144	2	0	4000	hit	51
2039_nback1	26	Response	1	597211	5064	2
2039_nback1	26	Pulse	5	604411	12264	1
2039_nback1	27	Picture	20	610218	0	1	4144	3	0	4000	other	0
2039_nback1	27	Pulse	5	624400	14182	3
2039_nback1	28	Picture	20	628289	0	1	4144	3	0	4000	other	0
2039_nback1	28	Pulse	5	644400	16111	2
2039_nback1	29	Picture	20	646360	0	1	4144	3	0	4000	other	0
2039_nback1	29	Pulse	5	664400	18040	2
2039_nback1	30	Picture	20	664431	0	1	4143	6	0	4000	other	0
2039_nback1	31	Picture	20	682502	0	1	4145	2	0	4000	false_alarm	62
2039_nback1	31	Pulse	5	684390	1888	1
2039_nback1	31	Response	1	687429	4927	3
2039_nback1	32	Picture	21	700573	0	1	4145	2	0	4000	hit	65
2039_nback1	32	Pulse	5	704389	3816	2
2039_nback1	32	Response	1	706629	6056	2
2039_nback1	33	Picture	20	718644	0	1	4145	2	0	4000	other	0
2039_nback1	33	Pulse	5	724389	5745	2
2039_nback1	34	Picture	20	736715	0	1	4144	3	0	4000	other	0
2039_nback1	34	Pulse	5	744379	7664	2
2039_nback1	35	Picture	21	754786	0	1	4145	2	0	4000	hit	71
2039_nback1	35	Response	1	761178	6392	3
2039_nback1	35	Pulse	5	764379	9593	2
2039_nback1	36	Pulse	5	784378	11521	3
2039_nback1	37	Picture	10	797891	0	2	4145	3	0	4000	other	0
2039_nback1	37	Pulse	5	804368	6477	2
2039_nback1	38	Picture	10	815962	0	2	4145	3	0	4000	other	0
2039_nback1	38	Pulse	5	824368	8406	2
2039_nback1	39	Picture	11	834033	0	2	4145	3	0	4000	hit	79
2039_nback1	39	Response	1	837968	3935	1
2039_nback1	39	Pulse	5	844368	10335	1
2039_nback1	40	Picture	10	852104	0	2	4145	3	0	4000	other	0
2039_nback1	40	Pulse	5	864357	12253	2
2039_nback1	41	Picture	11	870176	0	1	4144	2	0	4000	hit	84
2039_nback1	41	Response	1	874757	4581	2
2039_nback1	41	Pulse	5	884357	14181	2
2039_nback1	42	Picture	10	888247	0	1	4144	3	0	4000	other	0
2039_nback1	42	Pulse	5	904357	16110	2
2039_nback1	43	Picture	10	906318	0	1	4144	3	0	4000	other	0
2039_nback1	43	Pulse	5	924346	18028	2
2039_nback1	44	Picture	10	924389	0	1	4144	3	0	4000	other	0
2039_nback1	45	Picture	11	942460	0	1	4145	2	0	4000	hit	93
2039_nback1	45	Pulse	5	944346	1886	2
2039_nback1	45	Response	1	946106	3646	2
2039_nback1	46	Picture	10	960531	0	1	4145	2	0	4000	other	0
2039_nback1	46	Pulse	5	964346	3815	2
2039_nback1	47	Picture	10	978602	0	1	4145	2	0	4000	other	0
2039_nback1	47	Pulse	5	984336	5734	2
2039_nback1	48	Picture	11	996673	0	1	4145	2	0	4000	hit	99
2039_nback1	48	Response	1	1000496	3823	1
2039_nback1	48	Pulse	5	1004496	7823	1
2039_nback1	49	Picture	10	1014744	0	1	4145	2	0	4000	other	0
2039_nback1	49	Pulse	5	1024495	9751	2
2039_nback1	50	Picture	10	1032815	0	1	4145	2	0	4000	other	0
2039_nback1	50	Pulse	5	1044485	11670	2
2039_nback1	51	Picture	10	1050886	0	1	4145	2	0	4000	other	0
2039_nback1	51	Pulse	5	1064485	13599	2
2039_nback1	52	Picture	10	1068957	0	1	4145	2	0	4000	other	0
2039_nback1	52	Pulse	5	1084485	15528	1
2039_nback1	53	Pulse	5	1104474	17446	2
2039_nback1	54	Picture	30	1112062	0	2	4145	3	0	4000	other	0
2039_nback1	54	Pulse	5	1124474	12412	2
2039_nback1	55	Picture	30	1130134	0	1	4144	3	0	4000	other	0
2039_nback1	55	Pulse	5	1144474	14340	2
2039_nback1	56	Picture	31	1148205	0	1	4144	2	0	4000	hit	115
2039_nback1	56	Response	1	1155664	7459	1
2039_nback1	56	Pulse	5	1164464	16259	1
2039_nback1	57	Picture	30	1166276	0	1	4144	3	0	4000	other	0
2039_nback1	58	Picture	30	1184347	0	1	4144	3	0	4000	other	0
2039_nback1	58	Pulse	5	1184463	116	2
2039_nback1	59	Picture	30	1202418	0	1	4145	2	0	4000	other	0
2039_nback1	59	Pulse	5	1204463	2045	2
2039_nback1	60	Picture	31	1220489	0	1	4145	2	0	4000	miss	0
2039_nback1	60	Pulse	5	1224453	3964	2
2039_nback1	61	Picture	31	1238560	0	1	4145	2	0	4000	hit	126
2039_nback1	61	Pulse	5	1244452	5892	3
2039_nback1	61	Response	1	1245572	7012	3
2039_nback1	62	Picture	30	1256631	0	1	4145	2	0	4000	other	0
2039_nback1	62	Pulse	5	1264452	7821	3
2039_nback1	63	Picture	30	1274702	0	1	4145	2	0	4000	other	0
2039_nback1	63	Pulse	5	1284442	9740	2
2039_nback1	64	Picture	30	1292773	0	1	4145	2	0	4000	other	0
2039_nback1	64	Pulse	5	1304442	11669	2
2039_nback1	65	Picture	31	1310844	0	1	4145	2	0	4000	miss	0
2039_nback1	65	Pulse	5	1324442	13598	1
2039_nback1	66	Picture	30	1328915	0	1	4145	2	0	4000	false_alarm	136
2039_nback1	66	Response	1	1331951	3036	3
2039_nback1	66	Pulse	5	1344431	15516	3
2039_nback1	67	Picture	30	1346986	0	1	4145	2	0	4000	other	0
2039_nback1	67	Pulse	5	1364431	17445	2
2039_nback1	68	Picture	30	1365057	0	2	4145	3	0	4000	other	0
2039_nback1	69	Picture	30	1383128	0	2	4145	3	0	4000	other	0
2039_nback1	69	Pulse	5	1384431	1303	2
2039_nback1	70	Pulse	5	1404421	3222	1
2039_nback1	70	Pulse	5	1424421	23222	1
2039_nback1	71	Picture	10	1426234	0	1	4144	3	0	4000	other	0
2039_nback1	72	Picture	10	1444305	0	1	4144	3	0	4000	other	0
2039_nback1	72	Pulse	5	1444421	116	1
2039_nback1	73	Picture	11	1462376	0	1	4144	3	0	4000	hit	150
2039_nback1	73	Pulse	5	1464410	2034	2
2039_nback1	73	Response	1	1467770	5394	2
2039_nback1	74	Picture	10	1480447	0	1	4145	2	0	4000	other	0
2039_nback1	74	Pulse	5	1484410	3963	1
2039_nback1	75	Picture	11	1498518	0	1	4145	2	0	4000	hit	154
2039_nback1	75	Response	1	1502969	4451	2
2039_nback1	75	Pulse	5	1504409	5891	2
2039_nback1	76	Picture	10	1516589	0	1	4145	2	0	4000	other	0
2039_nback1	76	Pulse	5	1524399	7810	2
2039_nback1	77	Picture	10	1534660	0	1	4145	2	0	4000	other	0
2039_nback1	77	Pulse	5	1544399	9739	2
2039_nback1	78	Picture	11	1552731	0	1	4145	2	0	4000	hit	161
2039_nback1	78	Response	1	1557199	4468	1
2039_nback1	78	Pulse	5	1564399	11668	1
2039_nback1	79	Picture	10	1570802	0	1	4145	2	0	4000	other	0
2039_nback1	79	Pulse	5	1584388	13586	3
2039_nback1	80	Picture	10	1588873	0	1	4145	2	0	4000	other	0
2039_nback1	80	Pulse	5	1604388	15515	2
2039_nback1	81	Picture	10	1606944	0	1	4145	2	0	4000	other	0
2039_nback1	81	Pulse	5	1624388	17444	2
2039_nback1	82	Picture	10	1625015	0	1	4145	2	0	4000	other	0
2039_nback1	83	Picture	10	1643086	0	2	4145	3	0	4000	other	0
2039_nback1	83	Pulse	5	1644377	1291	2
2039_nback1	84	Picture	11	1661157	0	2	4145	3	0	4000	hit	174
2039_nback1	84	Pulse	5	1664377	3220	3
2039_nback1	84	Response	1	1665657	4500	2
2039_nback1	85	Picture	10	1679228	0	2	4145	3	0	4000	other	0
2039_nback1	85	Pulse	5	1684377	5149	2
2039_nback1	86	Picture	10	1697299	0	2	4145	4	0	4000	other	0
2039_nback1	86	Pulse	5	1704367	7068	3
2039_nback1	87	Pulse	5	1724366	8996	4
2039_nback1	88	Picture	20	1740405	0	1	4144	3	0	4000	other	0
2039_nback1	88	Pulse	5	1744366	3961	3
2039_nback1	89	Picture	20	1758476	0	1	4145	2	0	4000	other	0
2039_nback1	89	Pulse	5	1764356	5880	2
2039_nback1	90	Picture	20	1776547	0	1	4145	2	0	4000	other	0
2039_nback1	90	Pulse	5	1784356	7809	2
2039_nback1	91	Picture	21	1794618	0	1	4145	2	0	4000	hit	187
2039_nback1	91	Response	1	1799076	4458	1
2039_nback1	91	Pulse	5	1804356	9738	1
2039_nback1	92	Picture	20	1812689	0	1	4145	2	0	4000	other	0
2039_nback1	92	Pulse	5	1824345	11656	2
2039_nback1	93	Picture	20	1830760	0	1	4145	2	0	4000	other	0
2039_nback1	93	Pulse	5	1844345	13585	2
2039_nback1	94	Picture	21	1848831	0	1	4145	2	0	4000	hit	194
2039_nback1	94	Response	1	1852985	4154	2
2039_nback1	94	Pulse	5	1864345	15514	2
2039_nback1	95	Picture	20	1866902	0	1	4145	2	0	4000	other	0
2039_nback1	95	Pulse	5	1884335	17433	1
2039_nback1	96	Picture	20	1884973	0	1	4145	2	0	4000	other	0
2039_nback1	97	Picture	20	1903044	0	2	4145	3	0	4000	other	0
2039_nback1	97	Pulse	5	1904335	1291	1
2039_nback1	98	Picture	21	1921115	0	2	4145	3	0	4000	hit	203
2039_nback1	98	Pulse	5	1924334	3219	2
2039_nback1	98	Response	1	1925604	4489	2
2039_nback1	99	Picture	20	1939187	0	1	4144	2	0	4000	other	0
2039_nback1	99	Pulse	5	1944324	5137	2
2039_nback1	100	Picture	20	1957258	0	1	4144	2	0	4000	other	0
2039_nback1	100	Pulse	5	1964324	7066	1
2039_nback1	101	Picture	21	1975329	0	1	4144	3	0	4000	hit	209
2039_nback1	101	Response	1	1981283	5954	2
2039_nback1	101	Pulse	5	1984323	8994	2
2039_nback1	102	Picture	20	1993400	0	1	4144	3	0	4000	other	0
2039_nback1	102	Pulse	5	2004314	10914	1
2039_nback1	103	Picture	20	2011471	0	1	4144	3	0	4000	other	0
2039_nback1	103	Pulse	5	2024313	12842	2
2039_nback1	104	Pulse	5	2044473	14931	1
2039_nback1	105	Picture	10	2054576	0	1	4144	3	0	4000	other	0
2039_nback1	105	Pulse	5	2064462	9886	3
2039_nback1	106	Picture	10	2072647	0	1	4145	2	0	4000	other	0
2039_nback1	106	Pulse	5	2084462	11815	3
2039_nback1	107	Picture	11	2090718	0	1	4145	2	0	4000	hit	221
2039_nback1	107	Response	1	2094382	3664	2
2039_nback1	107	Pulse	5	2104462	13744	2
2039_nback1	108	Picture	10	2108789	0	1	4145	2	0	4000	other	0
2039_nback1	108	Pulse	5	2124452	15663	1
2039_nback1	109	Picture	11	2126860	0	1	4145	2	0	4000	hit	226
2039_nback1	109	Response	1	2131011	4151	2
2039_nback1	109	Pulse	5	2144451	17591	2
2039_nback1	110	Picture	10	2144931	0	2	4145	3	0	4000	other	0
2039_nback1	111	Picture	10	2163002	0	2	4145	3	0	4000	other	0
2039_nback1	111	Pulse	5	2164451	1449	2
2039_nback1	112	Picture	11	2181073	0	2	4145	3	0	4000	hit	233
2039_nback1	112	Pulse	5	2184441	3368	2
2039_nback1	112	Response	1	2184601	3528	2
2039_nback1	113	Picture	10	2199144	0	2	4145	3	0	4000	other	0
2039_nback1	113	Pulse	5	2204440	5296	3
2039_nback1	114	Picture	10	2217216	0	1	4144	3	0	4000	other	0
2039_nback1	114	Pulse	5	2224442	7226	1
2039_nback1	115	Picture	10	2235287	0	1	4144	3	0	4000	other	0
2039_nback1	115	Pulse	5	2244430	9143	2
2039_nback1	116	Picture	10	2253358	0	1	4144	3	0	4000	other	0
2039_nback1	116	Pulse	5	2264430	11072	2
2039_nback1	117	Picture	10	2271429	0	1	4144	3	0	4000	other	0
2039_nback1	117	Pulse	5	2284430	13001	1
2039_nback1	118	Picture	11	2289500	0	1	4145	2	0	4000	hit	245
2039_nback1	118	Response	1	2293859	4359	2
2039_nback1	118	Pulse	5	2304419	14919	2
2039_nback1	119	Picture	10	2307571	0	1	4145	2	0	4000	other	0
2039_nback1	119	Pulse	5	2324419	16848	2
2039_nback1	120	Picture	10	2325642	0	1	4145	2	0	4000	other	0
2039_nback1	121	Pulse	5	2344419	706	2
2039_nback1	121	Pulse	5	2364409	20696	1
2039_nback1	122	Picture	30	2368747	0	1	4145	2	0	4000	other	0
2039_nback1	122	Pulse	5	2384408	15661	2
2039_nback1	123	Picture	30	2386818	0	1	4145	2	0	4000	other	0
2039_nback1	123	Pulse	5	2404408	17590	2
2039_nback1	124	Picture	30	2404889	0	2	4145	3	0	4000	other	0
2039_nback1	125	Picture	31	2422960	0	2	4145	3	0	4000	hit	259
2039_nback1	125	Pulse	5	2424398	1438	2
2039_nback1	125	Response	1	2429678	6718	2
2039_nback1	126	Picture	31	2441031	0	2	4145	3	0	4000	hit	262
2039_nback1	126	Pulse	5	2444398	3367	1
2039_nback1	126	Response	1	2451757	10726	2
2039_nback1	127	Picture	30	2459102	0	2	4145	4	0	4000	other	0
2039_nback1	127	Pulse	5	2464397	5295	2
2039_nback1	128	Picture	30	2477174	0	1	4144	2	0	4000	other	0
2039_nback1	128	Pulse	5	2484387	7213	2
2039_nback1	129	Picture	30	2495245	0	1	4144	3	0	4000	other	0
2039_nback1	129	Pulse	5	2504387	9142	2
2039_nback1	130	Picture	31	2513316	0	1	4144	3	0	4000	hit	270
2039_nback1	130	Response	1	2519107	5791	1
2039_nback1	130	Pulse	5	2524387	11071	1
2039_nback1	131	Picture	30	2531387	0	1	4145	2	0	4000	other	0
2039_nback1	131	Pulse	5	2544376	12989	2
2039_nback1	132	Picture	30	2549458	0	1	4145	2	0	4000	other	0
2039_nback1	132	Pulse	5	2564376	14918	2
2039_nback1	133	Picture	30	2567529	0	1	4145	2	0	4000	other	0
2039_nback1	133	Pulse	5	2584376	16847	2
2039_nback1	134	Picture	30	2585600	0	1	4145	2	0	4000	other	0
2039_nback1	135	Picture	31	2603671	0	1	4145	2	0	4000	miss	0
2039_nback1	135	Pulse	5	2604366	695	1
2039_nback1	136	Picture	30	2621742	0	1	4145	2	0	4000	false_alarm	283
2039_nback1	136	Pulse	5	2624365	2623	2
2039_nback1	136	Response	1	2628365	6623	2
2039_nback1	137	Picture	30	2639813	0	1	4145	2	0	4000	false_alarm	286
2039_nback1	137	Pulse	5	2644365	4552	2
2039_nback1	137	Response	1	2646595	6782	2
