Scenario - 1-back
Logfile written - 05/22/2014 12:59:38

Subject	Trial	Event Type	Code	Time	TTime	Uncertainty	Duration	Uncertainty	ReqTime	ReqDur	Stim Type	Pair Index

2039_nback1	1	Pulse	5	151469	161303	2
2039_nback1	2	Pulse	5	171459	19815	1
2039_nback1	3	Picture	10	176678	0	1	4145	2	0	4000	other	0
2039_nback1	3	Pulse	5	191458	14780	2
2039_nback1	4	Picture	10	194749	0	2	4145	3	0	4000	other	0
2039_nback1	4	Pulse	5	211458	16709	2
2039_nback1	5	Picture	11	212820	0	2	4145	3	0	4000	hit	8
2039_nback1	5	Response	1	216578	3758	2
2039_nback1	6	Picture	10	230891	0	2	4145	3	0	4000	other	0
2039_nback1	6	Pulse	5	231448	557	2
2039_nback1	7	Picture	11	248963	0	1	4144	2	0	4000	hit	13
2039_nback1	7	Pulse	5	251448	2485	2
2039_nback1	7	Response	1	254168	5205	2
2039_nback1	8	Picture	10	267034	0	1	4144	3	0	4000	other	0
2039_nback1	8	Pulse	5	271447	4413	3
2039_nback1	9	Picture	10	285105	0	1	4144	3	0	4000	other	0
2039_nback1	9	Pulse	5	291438	6333	1
2039_nback1	10	Picture	10	303176	0	1	4144	3	0	4000	other	0
2039_nback1	10	Pulse	5	311437	8261	2
2039_nback1	11	Picture	11	321247	0	1	4145	2	0	4000	hit	21
2039_nback1	11	Response	1	325517	4270	2
2039_nback1	11	Pulse	5	331597	10350	2
2039_nback1	12	Picture	10	339318	0	1	4144	3	0	4000	other	0
2039_nback1	12	Pulse	5	351586	12268	3
2039_nback1	13	Picture	10	357389	0	1	4145	2	0	4000	other	0
2039_nback1	13	Pulse	5	371586	14197	2
2039_nback1	14	Picture	11	375460	0	1	4145	2	0	4000	hit	28
2039_nback1	14	Response	1	381026	5566	2
2039_nback1	14	Pulse	5	391586	16126	2
2039_nback1	15	Picture	10	393531	0	1	4145	2	0	4000	other	0
2039_nback1	15	Pulse	5	411576	18045	2
2039_nback1	16	Picture	10	411602	0	1	4145	2	0	4000	other	0
2039_nback1	17	Picture	10	429673	0	1	4145	2	0	4000	other	0
2039_nback1	17	Pulse	5	431575	1902	2
2039_nback1	18	Picture	10	447744	0	2	4145	3	0	4000	other	0
2039_nback1	18	Pulse	5	451575	3831	2
2039_nback1	19	Pulse	5	471565	5750	2
2039_nback1	20	Picture	30	490850	0	1	4144	3	0	4000	other	0
2039_nback1	20	Pulse	5	491565	715	1
2039_nback1	21	Picture	30	508921	0	1	4144	3	0	4000	other	0
2039_nback1	21	Pulse	5	511564	2643	2
2039_nback1	22	Picture	31	526992	0	1	4145	2	0	4000	hit	43
2039_nback1	22	Response	1	531234	4242	2
2039_nback1	22	Pulse	5	531554	4562	2
2039_nback1	23	Picture	30	545063	0	1	4145	2	0	4000	other	0
2039_nback1	23	Pulse	5	551554	6491	2
2039_nback1	24	Picture	30	563134	0	1	4145	2	0	4000	other	0
2039_nback1	24	Pulse	5	571554	8420	2
2039_nback1	25	Picture	30	581205	0	1	4145	2	0	4000	other	0
2039_nback1	25	Pulse	5	591543	10338	3
2039_nback1	26	Picture	31	599276	0	1	4145	2	0	4000	hit	52
2039_nback1	26	Response	1	603383	4107	3
2039_nback1	26	Pulse	5	611543	12267	2
2039_nback1	27	Picture	31	617347	0	1	4145	2	0	4000	hit	55
2039_nback1	27	Response	1	624983	7636	2
2039_nback1	27	Pulse	5	631543	14196	2
2039_nback1	28	Picture	30	635418	0	1	4145	2	0	4000	other	0
2039_nback1	28	Pulse	5	651533	16115	2
2039_nback1	29	Picture	30	653489	0	1	4145	2	0	4000	other	0
2039_nback1	29	Pulse	5	671532	18043	3
2039_nback1	30	Picture	30	671560	0	1	4145	2	0	4000	other	0
2039_nback1	31	Picture	31	689631	0	2	4145	3	0	4000	hit	64
2039_nback1	31	Pulse	5	691532	1901	2
2039_nback1	31	Response	1	695212	5581	2
2039_nback1	32	Picture	30	707702	0	2	4145	3	0	4000	other	0
2039_nback1	32	Pulse	5	711522	3820	2
2039_nback1	33	Picture	30	725774	0	1	4144	2	0	4000	other	0
2039_nback1	33	Pulse	5	731522	5748	2
2039_nback1	34	Picture	30	743845	0	1	4144	3	0	4000	other	0
2039_nback1	34	Pulse	5	751521	7676	3
2039_nback1	35	Picture	30	761916	0	1	4144	3	0	4000	other	0
2039_nback1	35	Pulse	5	771511	9595	2
2039_nback1	36	Pulse	5	791511	11524	2
2039_nback1	37	Picture	10	805021	0	1	4145	2	0	4000	other	0
2039_nback1	37	Pulse	5	811511	6490	1
2039_nback1	38	Picture	10	823092	0	1	4145	2	0	4000	other	0
2039_nback1	38	Pulse	5	831501	8409	1
2039_nback1	39	Picture	11	841163	0	1	4145	2	0	4000	hit	79
2039_nback1	39	Response	1	846380	5217	2
2039_nback1	39	Pulse	5	851500	10337	2
2039_nback1	40	Picture	10	859234	0	1	4145	2	0	4000	other	0
2039_nback1	40	Pulse	5	871500	12266	2
2039_nback1	41	Picture	11	877305	0	1	4145	2	0	4000	hit	84
2039_nback1	41	Response	1	881900	4595	2
2039_nback1	41	Pulse	5	891490	14185	1
2039_nback1	42	Picture	10	895376	0	1	4145	2	0	4000	other	0
2039_nback1	42	Pulse	5	911489	16113	2
2039_nback1	43	Picture	10	913447	0	2	4145	3	0	4000	other	0
2039_nback1	43	Pulse	5	931489	18042	2
2039_nback1	44	Picture	10	931518	0	2	4145	3	0	4000	other	0
2039_nback1	45	Picture	11	949590	0	1	4144	2	0	4000	hit	93
2039_nback1	45	Pulse	5	951479	1889	2
2039_nback1	45	Response	1	954199	4609	2
2039_nback1	46	Picture	10	967661	0	1	4144	2	0	4000	other	0
2039_nback1	46	Pulse	5	971479	3818	2
2039_nback1	47	Picture	10	985732	0	1	4144	3	0	4000	other	0
2039_nback1	47	Pulse	5	991478	5746	2
2039_nback1	48	Picture	11	1003803	0	1	4144	3	0	4000	hit	99
2039_nback1	48	Response	1	1009708	5905	2
2039_nback1	48	Pulse	5	1011468	7665	2
2039_nback1	49	Picture	10	1021874	0	1	4144	3	0	4000	other	0
2039_nback1	49	Pulse	5	1031468	9594	2
2039_nback1	50	Picture	10	1039945	0	1	4145	2	0	4000	other	0
2039_nback1	50	Pulse	5	1051468	11523	1
2039_nback1	51	Picture	10	1058016	0	1	4145	2	0	4000	other	0
2039_nback1	51	Pulse	5	1071457	13441	2
2039_nback1	52	Picture	10	1076087	0	1	4145	2	0	4000	other	0
2039_nback1	52	Pulse	5	1091457	15370	2
2039_nback1	53	Pulse	5	1111457	17299	2
2039_nback1	54	Picture	20	1119192	0	1	4145	2	0	4000	other	0
2039_nback1	54	Pulse	5	1131447	12255	1
2039_nback1	55	Picture	20	1137263	0	2	4145	3	0	4000	other	0
2039_nback1	55	Pulse	5	1151446	14183	2
2039_nback1	56	Picture	21	1155334	0	2	4145	3	0	4000	hit	115
2039_nback1	56	Response	1	1160086	4752	2
2039_nback1	56	Pulse	5	1171446	16112	2
2039_nback1	57	Picture	20	1173405	0	2	4145	3	0	4000	other	0
2039_nback1	57	Pulse	5	1191436	18031	2
2039_nback1	58	Picture	20	1191477	0	1	4144	2	0	4000	other	0
2039_nback1	59	Picture	20	1209548	0	1	4144	3	0	4000	other	0
2039_nback1	59	Pulse	5	1211436	1888	2
2039_nback1	60	Picture	21	1227619	0	1	4144	3	0	4000	hit	123
2039_nback1	60	Response	1	1231435	3816	3
2039_nback1	60	Pulse	5	1231435	3816	3
2039_nback1	61	Picture	20	1245690	0	1	4145	2	0	4000	other	0
2039_nback1	61	Pulse	5	1251425	5735	2
2039_nback1	62	Picture	20	1263761	0	1	4144	3	0	4000	other	0
2039_nback1	62	Pulse	5	1271425	7664	2
2039_nback1	63	Picture	20	1281832	0	1	4145	2	0	4000	other	0
2039_nback1	63	Pulse	5	1291425	9593	1
2039_nback1	64	Picture	20	1299903	0	1	4145	2	0	4000	other	0
2039_nback1	64	Pulse	5	1311414	11511	2
2039_nback1	65	Picture	20	1317974	0	1	4145	2	0	4000	other	0
2039_nback1	65	Pulse	5	1331414	13440	2
2039_nback1	66	Picture	21	1336045	0	1	4145	2	0	4000	hit	136
2039_nback1	66	Response	1	1343254	7209	2
2039_nback1	66	Pulse	5	1351414	15369	2
2039_nback1	67	Picture	20	1354116	0	1	4145	2	0	4000	other	0
2039_nback1	67	Pulse	5	1371564	17448	1
2039_nback1	68	Picture	20	1372187	0	1	4145	2	0	4000	other	0
2039_nback1	69	Picture	21	1390258	0	1	4145	2	0	4000	hit	143
2039_nback1	69	Pulse	5	1391563	1305	2
2039_nback1	69	Response	1	1394443	4185	2
2039_nback1	70	Pulse	5	1411563	3236	2
2039_nback1	70	Pulse	5	1431553	23226	2
2039_nback1	71	Picture	10	1433364	0	1	4144	2	0	4000	other	0
2039_nback1	72	Picture	10	1451435	0	1	4144	3	0	4000	other	0
2039_nback1	72	Pulse	5	1451553	118	2
2039_nback1	73	Picture	11	1469506	0	1	4144	3	0	4000	hit	151
2039_nback1	73	Pulse	5	1471552	2046	3
2039_nback1	73	Response	1	1472992	3486	3
2039_nback1	74	Picture	10	1487577	0	1	4144	3	0	4000	other	0
2039_nback1	74	Pulse	5	1491542	3965	2
2039_nback1	75	Picture	11	1505648	0	1	4145	2	0	4000	hit	155
2039_nback1	75	Response	1	1510102	4454	2
2039_nback1	75	Pulse	5	1511542	5894	2
2039_nback1	76	Picture	10	1523719	0	1	4145	2	0	4000	other	0
2039_nback1	76	Pulse	5	1531542	7823	1
2039_nback1	77	Picture	10	1541790	0	1	4145	2	0	4000	other	0
2039_nback1	77	Pulse	5	1551531	9741	3
2039_nback1	78	Picture	11	1559861	0	1	4145	2	0	4000	hit	162
2039_nback1	78	Response	1	1563691	3830	2
2039_nback1	78	Pulse	5	1571531	11670	2
2039_nback1	79	Picture	10	1577932	0	1	4145	2	0	4000	other	0
2039_nback1	79	Pulse	5	1591531	13599	2
2039_nback1	80	Picture	10	1596003	0	1	4145	2	0	4000	other	0
2039_nback1	80	Pulse	5	1611521	15518	2
2039_nback1	81	Picture	10	1614074	0	1	4145	2	0	4000	other	0
2039_nback1	81	Pulse	5	1631520	17446	2
2039_nback1	82	Picture	10	1632145	0	2	4145	3	0	4000	other	0
2039_nback1	83	Picture	10	1650216	0	2	4145	3	0	4000	other	0
2039_nback1	83	Pulse	5	1651520	1304	2
2039_nback1	84	Picture	11	1668287	0	2	4145	3	0	4000	hit	175
2039_nback1	84	Pulse	5	1671510	3223	2
2039_nback1	84	Response	1	1672310	4023	2
2039_nback1	85	Picture	10	1686358	0	2	4145	3	0	4000	other	0
2039_nback1	85	Pulse	5	1691510	5152	2
2039_nback1	86	Picture	10	1704430	0	1	4144	3	0	4000	other	0
2039_nback1	86	Pulse	5	1711509	7079	3
2039_nback1	87	Pulse	5	1731499	8998	2
2039_nback1	88	Picture	30	1747535	0	1	4145	2	0	4000	other	0
2039_nback1	88	Pulse	5	1751499	3964	2
2039_nback1	89	Picture	30	1765606	0	1	4145	2	0	4000	other	0
2039_nback1	89	Pulse	5	1771499	5893	1
2039_nback1	90	Picture	30	1783677	0	1	4145	2	0	4000	other	0
2039_nback1	90	Pulse	5	1791488	7811	2
2039_nback1	91	Picture	31	1801748	0	2	4145	3	0	4000	hit	188
2039_nback1	91	Response	1	1806208	4460	2
2039_nback1	91	Pulse	5	1811488	9740	2
2039_nback1	92	Picture	31	1819819	0	1	4145	2	0	4000	hit	191
2039_nback1	92	Response	1	1827328	7509	2
2039_nback1	92	Pulse	5	1831488	11669	2
2039_nback1	93	Picture	30	1837890	0	1	4145	2	0	4000	other	0
2039_nback1	93	Pulse	5	1851478	13588	1
2039_nback1	94	Picture	30	1855961	0	2	4145	3	0	4000	other	0
2039_nback1	94	Pulse	5	1871477	15516	2
2039_nback1	95	Picture	30	1874032	0	2	4145	3	0	4000	other	0
2039_nback1	95	Pulse	5	1891477	17445	2
2039_nback1	96	Picture	31	1892103	0	2	4145	3	0	4000	hit	200
2039_nback1	96	Response	1	1900437	8334	2
2039_nback1	97	Picture	30	1910174	0	2	4145	3	0	4000	other	0
2039_nback1	97	Pulse	5	1911467	1293	2
2039_nback1	98	Picture	30	1928246	0	1	4144	3	0	4000	other	0
2039_nback1	98	Pulse	5	1931467	3221	2
2039_nback1	99	Picture	30	1946317	0	1	4144	3	0	4000	other	0
2039_nback1	99	Pulse	5	1951466	5149	2
2039_nback1	100	Picture	30	1964388	0	1	4144	3	0	4000	other	0
2039_nback1	100	Pulse	5	1971456	7068	3
2039_nback1	101	Picture	31	1982459	0	1	4145	2	0	4000	miss	0
2039_nback1	101	Pulse	5	1991456	8997	2
2039_nback1	102	Picture	30	2000530	0	1	4145	2	0	4000	false_alarm	212
2039_nback1	102	Response	1	2001696	1166	2
2039_nback1	102	Pulse	5	2011456	10926	2
2039_nback1	103	Picture	30	2018601	0	1	4144	3	0	4000	other	0
2039_nback1	103	Pulse	5	2031445	12844	2
2039_nback1	104	Pulse	5	2051445	14773	2
2039_nback1	105	Picture	10	2061706	0	1	4145	2	0	4000	other	0
2039_nback1	105	Pulse	5	2071445	9739	2
2039_nback1	106	Picture	10	2079777	0	1	4145	2	0	4000	other	0
2039_nback1	106	Pulse	5	2091435	11658	1
2039_nback1	107	Picture	11	2097848	0	2	4145	3	0	4000	hit	222
2039_nback1	107	Response	1	2101355	3507	1
2039_nback1	107	Pulse	5	2111435	13587	1
2039_nback1	108	Picture	10	2115919	0	2	4145	4	0	4000	other	0
2039_nback1	108	Pulse	5	2131434	15515	2
2039_nback1	109	Picture	11	2133991	0	1	4144	2	0	4000	hit	227
2039_nback1	109	Response	1	2138634	4643	2
2039_nback1	109	Pulse	5	2151424	17433	2
2039_nback1	110	Picture	10	2152062	0	1	4144	3	0	4000	other	0
2039_nback1	111	Picture	10	2170133	0	1	4144	3	0	4000	other	0
2039_nback1	111	Pulse	5	2171424	1291	2
2039_nback1	112	Picture	11	2188204	0	1	4144	3	0	4000	hit	234
2039_nback1	112	Pulse	5	2191423	3219	3
2039_nback1	112	Response	1	2192383	4179	3
2039_nback1	113	Picture	10	2206275	0	1	4144	3	0	4000	other	0
2039_nback1	113	Pulse	5	2211413	5138	2
2039_nback1	114	Picture	10	2224346	0	1	4145	2	0	4000	other	0
2039_nback1	114	Pulse	5	2231414	7068	1
2039_nback1	115	Picture	10	2242417	0	1	4145	2	0	4000	false_alarm	240
2039_nback1	115	Response	1	2245653	3236	2
2039_nback1	115	Pulse	5	2251413	8996	1
2039_nback1	116	Picture	10	2260488	0	1	4144	3	0	4000	false_alarm	243
2039_nback1	116	Response	1	2263252	2764	2
2039_nback1	116	Pulse	5	2271402	10914	2
2039_nback1	117	Picture	10	2278559	0	1	4145	2	0	4000	other	0
2039_nback1	117	Pulse	5	2291402	12843	2
2039_nback1	118	Picture	11	2296630	0	1	4145	2	0	4000	hit	248
2039_nback1	118	Response	1	2300842	4212	2
2039_nback1	118	Pulse	5	2311402	14772	2
2039_nback1	119	Picture	10	2314701	0	1	4145	2	0	4000	other	0
2039_nback1	119	Pulse	5	2331392	16691	1
2039_nback1	120	Picture	10	2332772	0	1	4145	2	0	4000	other	0
2039_nback1	121	Pulse	5	2351391	548	2
2039_nback1	121	Pulse	5	2371392	20549	1
2039_nback1	122	Picture	20	2375878	0	1	4144	2	0	4000	other	0
2039_nback1	122	Pulse	5	2391381	15503	2
2039_nback1	123	Picture	20	2393949	0	1	4144	3	0	4000	other	0
2039_nback1	123	Pulse	5	2411541	17592	1
2039_nback1	124	Picture	20	2412020	0	1	4144	3	0	4000	other	0
2039_nback1	125	Picture	21	2430091	0	1	4145	2	0	4000	hit	262
2039_nback1	125	Pulse	5	2431540	1449	2
2039_nback1	125	Response	1	2436980	6889	2
2039_nback1	126	Picture	20	2448162	0	1	4145	2	0	4000	other	0
2039_nback1	126	Pulse	5	2451530	3368	2
2039_nback1	127	Picture	20	2466233	0	1	4145	2	0	4000	other	0
2039_nback1	127	Pulse	5	2471530	5297	2
2039_nback1	128	Picture	21	2484304	0	1	4145	2	0	4000	hit	269
2039_nback1	128	Pulse	5	2491530	7226	1
2039_nback1	128	Response	1	2492010	7706	1
2039_nback1	129	Picture	20	2502375	0	1	4145	2	0	4000	other	0
2039_nback1	129	Pulse	5	2511519	9144	2
2039_nback1	130	Picture	20	2520446	0	1	4145	2	0	4000	other	0
2039_nback1	130	Pulse	5	2531519	11073	3
2039_nback1	131	Picture	20	2538517	0	1	4145	2	0	4000	other	0
2039_nback1	131	Pulse	5	2551519	13002	2
2039_nback1	132	Picture	21	2556588	0	1	4145	2	0	4000	hit	277
2039_nback1	132	Response	1	2561759	5171	2
2039_nback1	132	Pulse	5	2571509	14921	3
2039_nback1	133	Picture	20	2574659	0	2	4145	3	0	4000	other	0
2039_nback1	133	Pulse	5	2591508	16849	3
2039_nback1	134	Picture	20	2592730	0	1	4145	2	0	4000	other	0
2039_nback1	135	Picture	21	2610801	0	2	4145	3	0	4000	hit	284
2039_nback1	135	Pulse	5	2611508	707	3
2039_nback1	135	Response	1	2618868	8067	2
2039_nback1	136	Picture	20	2628872	0	2	4145	3	0	4000	other	0
2039_nback1	136	Pulse	5	2631498	2626	2
2039_nback1	137	Picture	20	2646943	0	2	4145	3	0	4000	other	0
2039_nback1	137	Pulse	5	2651497	4554	3
