Scenario - 1-back
Logfile written - 05/22/2014 12:50:23

Subject	Trial	Event Type	Code	Time	TTime	Uncertainty	Duration	Uncertainty	ReqTime	ReqDur	Stim Type	Pair Index

2039_nback1	1	Pulse	5	160368	170202	3
2039_nback1	2	Pulse	5	180368	19937	2
2039_nback1	3	Picture	10	185465	0	1	4145	2	0	4000	other	0
2039_nback1	3	Pulse	5	200368	14903	2
2039_nback1	4	Picture	10	203536	0	1	4145	2	0	4000	other	0
2039_nback1	4	Pulse	5	220358	16822	1
2039_nback1	5	Picture	11	221607	0	1	4145	2	0	4000	hit	8
2039_nback1	5	Response	1	226437	4830	2
2039_nback1	6	Picture	10	239678	0	1	4145	2	0	4000	other	0
2039_nback1	6	Pulse	5	240358	680	1
2039_nback1	7	Picture	11	257749	0	1	4145	2	0	4000	hit	13
2039_nback1	7	Pulse	5	260357	2608	2
2039_nback1	7	Response	1	261637	3888	2
2039_nback1	8	Picture	10	275820	0	2	4145	3	0	4000	other	0
2039_nback1	8	Pulse	5	280347	4527	2
2039_nback1	9	Picture	10	293891	0	2	4145	3	0	4000	other	0
2039_nback1	9	Pulse	5	300347	6456	1
2039_nback1	10	Picture	10	311962	0	2	4145	3	0	4000	other	0
2039_nback1	10	Pulse	5	320346	8384	2
2039_nback1	11	Picture	11	330033	0	2	4145	3	0	4000	hit	21
2039_nback1	11	Response	1	333776	3743	2
2039_nback1	11	Pulse	5	340336	10303	2
2039_nback1	12	Picture	10	348105	0	1	4144	2	0	4000	other	0
2039_nback1	12	Pulse	5	360336	12231	2
2039_nback1	13	Picture	10	366176	0	1	4144	3	0	4000	other	0
2039_nback1	13	Pulse	5	380336	14160	1
2039_nback1	14	Picture	11	384247	0	1	4144	3	0	4000	hit	28
2039_nback1	14	Response	1	388645	4398	2
2039_nback1	14	Pulse	5	400325	16078	2
2039_nback1	15	Picture	10	402318	0	1	4145	2	0	4000	other	0
2039_nback1	15	Pulse	5	420318	18000	9
2039_nback1	16	Picture	10	420389	0	1	4145	2	0	4000	other	0
2039_nback1	17	Picture	10	438460	0	1	4145	2	0	4000	other	0
2039_nback1	17	Pulse	5	440325	1865	2
2039_nback1	18	Picture	10	456531	0	1	4145	2	0	4000	other	0
2039_nback1	18	Pulse	5	460315	3784	1
2039_nback1	19	Pulse	5	480314	5712	2
2039_nback1	20	Picture	30	499636	0	1	4145	2	0	4000	other	0
2039_nback1	20	Pulse	5	500314	678	2
2039_nback1	21	Picture	30	517707	0	1	4145	2	0	4000	other	0
2039_nback1	21	Pulse	5	520304	2597	2
2039_nback1	22	Picture	31	535778	0	2	4145	3	0	4000	hit	43
2039_nback1	22	Response	1	539344	3566	1
2039_nback1	22	Pulse	5	540304	4526	1
2039_nback1	23	Picture	30	553849	0	2	4145	3	0	4000	other	0
2039_nback1	23	Pulse	5	560303	6454	2
2039_nback1	24	Picture	30	571920	0	2	4145	4	0	4000	other	0
2039_nback1	24	Pulse	5	580293	8373	2
2039_nback1	25	Picture	30	589992	0	1	4144	3	0	4000	other	0
2039_nback1	25	Pulse	5	600293	10301	2
2039_nback1	26	Picture	31	608063	0	2	4144	4	0	4000	hit	52
2039_nback1	26	Response	1	616453	8390	1
2039_nback1	26	Pulse	5	620293	12230	1
2039_nback1	27	Picture	31	626134	0	1	4144	3	0	4000	hit	55
2039_nback1	27	Response	1	634684	8550	1
2039_nback1	27	Pulse	5	640282	14148	3
2039_nback1	28	Picture	30	644205	0	1	4144	3	0	4000	other	0
2039_nback1	28	Pulse	5	660282	16077	2
2039_nback1	29	Picture	30	662276	0	1	4144	3	0	4000	other	0
2039_nback1	29	Pulse	5	680276	18000	10
2039_nback1	30	Picture	30	680347	0	1	4145	2	0	4000	other	0
2039_nback1	31	Picture	31	698418	0	1	4145	2	0	4000	hit	64
2039_nback1	31	Pulse	5	700271	1853	3
2039_nback1	31	Response	1	704431	6013	2
2039_nback1	32	Picture	30	716489	0	1	4145	2	0	4000	other	0
2039_nback1	32	Pulse	5	720271	3782	3
2039_nback1	33	Picture	30	734560	0	1	4145	2	0	4000	other	0
2039_nback1	33	Pulse	5	740271	5711	2
2039_nback1	34	Picture	30	752631	0	1	4145	2	0	4000	other	0
2039_nback1	34	Pulse	5	760261	7630	5
2039_nback1	35	Picture	30	770702	0	1	4145	2	0	4000	other	0
2039_nback1	35	Pulse	5	780261	9559	1
2039_nback1	36	Pulse	5	800260	11487	2
2039_nback1	37	Picture	10	813808	0	1	4144	2	0	4000	other	0
2039_nback1	37	Pulse	5	820249	6441	5
2039_nback1	38	Picture	10	831879	0	1	4144	2	0	4000	other	0
2039_nback1	38	Pulse	5	840250	8371	2
2039_nback1	39	Picture	11	849950	0	1	4144	3	0	4000	hit	79
2039_nback1	39	Response	1	854650	4700	1
2039_nback1	39	Pulse	5	860239	10289	3
2039_nback1	40	Picture	10	868021	0	1	4144	3	0	4000	other	0
2039_nback1	40	Pulse	5	880239	12218	2
2039_nback1	41	Picture	11	886092	0	1	4144	3	0	4000	hit	84
2039_nback1	41	Response	1	889999	3907	2
2039_nback1	41	Pulse	5	900239	14147	2
2039_nback1	42	Picture	10	904163	0	1	4145	2	0	4000	other	0
2039_nback1	42	Pulse	5	920240	16077	1
2039_nback1	43	Picture	10	922234	0	1	4145	2	0	4000	other	0
2039_nback1	43	Pulse	5	940228	17994	3
2039_nback1	44	Picture	10	940305	0	1	4145	2	0	4000	other	0
2039_nback1	45	Picture	11	958376	0	1	4145	2	0	4000	hit	93
2039_nback1	45	Pulse	5	960228	1852	3
2039_nback1	45	Response	1	961828	3452	3
2039_nback1	46	Picture	10	976447	0	1	4145	2	0	4000	other	0
2039_nback1	46	Pulse	5	980218	3771	2
2039_nback1	47	Picture	10	994518	0	2	4145	3	0	4000	other	0
2039_nback1	47	Pulse	5	1000218	5700	2
2039_nback1	48	Picture	11	1012589	0	1	4145	2	0	4000	hit	99
2039_nback1	48	Response	1	1016538	3949	1
2039_nback1	48	Pulse	5	1020217	7628	2
2039_nback1	49	Picture	10	1030660	0	1	4145	2	0	4000	other	0
2039_nback1	49	Pulse	5	1040207	9547	2
2039_nback1	50	Picture	10	1048731	0	2	4145	3	0	4000	other	0
2039_nback1	50	Pulse	5	1060207	11476	2
2039_nback1	51	Picture	10	1066802	0	2	4145	3	0	4000	other	0
2039_nback1	51	Pulse	5	1080207	13405	2
2039_nback1	52	Picture	10	1084873	0	2	4145	3	0	4000	other	0
2039_nback1	52	Pulse	5	1100206	15333	2
2039_nback1	53	Pulse	5	1120196	17251	3
2039_nback1	54	Picture	20	1127979	0	1	4144	3	0	4000	other	0
2039_nback1	54	Pulse	5	1140196	12217	3
2039_nback1	55	Picture	20	1146050	0	1	4145	2	0	4000	other	0
2039_nback1	55	Pulse	5	1160356	14306	3
2039_nback1	56	Picture	21	1164121	0	1	4145	2	0	4000	hit	115
2039_nback1	56	Response	1	1170426	6305	2
2039_nback1	56	Pulse	5	1180346	16225	2
2039_nback1	57	Picture	20	1182192	0	1	4145	2	0	4000	other	0
2039_nback1	58	Picture	20	1200263	0	1	4145	2	0	4000	false_alarm	120
2039_nback1	58	Pulse	5	1200345	82	3
2039_nback1	58	Response	1	1207065	6802	3
2039_nback1	59	Picture	20	1218333	0	2	4146	3	0	4000	other	0
2039_nback1	59	Pulse	5	1220345	2012	2
2039_nback1	60	Picture	21	1236405	0	1	4145	2	0	4000	hit	125
2039_nback1	60	Pulse	5	1240335	3930	3
2039_nback1	60	Response	1	1241135	4730	3
2039_nback1	61	Picture	20	1254476	0	1	4145	2	0	4000	other	0
2039_nback1	61	Pulse	5	1260334	5858	3
2039_nback1	62	Picture	20	1272547	0	1	4145	2	0	4000	other	0
2039_nback1	62	Pulse	5	1280334	7787	3
2039_nback1	63	Picture	20	1290618	0	2	4145	3	0	4000	other	0
2039_nback1	63	Pulse	5	1300324	9706	2
2039_nback1	64	Picture	20	1308689	0	2	4145	4	0	4000	other	0
2039_nback1	64	Pulse	5	1320324	11635	2
2039_nback1	65	Picture	20	1326760	0	2	4145	3	0	4000	other	0
2039_nback1	65	Pulse	5	1340324	13564	1
2039_nback1	66	Picture	21	1344832	0	1	4144	2	0	4000	hit	137
2039_nback1	66	Response	1	1353753	8921	2
2039_nback1	66	Pulse	5	1360313	15481	2
2039_nback1	67	Picture	20	1362903	0	1	4144	2	0	4000	other	0
2039_nback1	67	Pulse	5	1380313	17410	2
2039_nback1	68	Picture	20	1380974	0	1	4144	3	0	4000	other	0
2039_nback1	69	Picture	21	1399045	0	1	4144	3	0	4000	hit	144
2039_nback1	69	Pulse	5	1400313	1268	2
2039_nback1	69	Response	1	1405113	6068	2
2039_nback1	70	Pulse	5	1420302	3186	2
2039_nback1	70	Pulse	5	1440302	23186	2
2039_nback1	71	Picture	10	1442150	0	1	4145	2	0	4000	other	0
2039_nback1	72	Picture	10	1460221	0	1	4145	2	0	4000	other	0
2039_nback1	72	Pulse	5	1460303	82	1
2039_nback1	73	Picture	11	1478292	0	1	4145	2	0	4000	hit	152
2039_nback1	73	Pulse	5	1480292	2000	2
2039_nback1	73	Response	1	1481732	3440	2
2039_nback1	74	Picture	10	1496363	0	1	4145	2	0	4000	other	0
2039_nback1	74	Pulse	5	1500292	3929	1
2039_nback1	75	Picture	11	1514434	0	1	4145	2	0	4000	hit	156
2039_nback1	75	Response	1	1518691	4257	2
2039_nback1	75	Pulse	5	1520291	5857	2
2039_nback1	76	Picture	10	1532505	0	1	4145	2	0	4000	other	0
2039_nback1	76	Pulse	5	1540281	7776	2
2039_nback1	77	Picture	10	1550576	0	2	4145	3	0	4000	other	0
2039_nback1	77	Pulse	5	1560281	9705	2
2039_nback1	78	Picture	11	1568647	0	2	4145	3	0	4000	hit	163
2039_nback1	78	Response	1	1572921	4274	1
2039_nback1	78	Pulse	5	1580281	11634	1
2039_nback1	79	Picture	10	1586718	0	2	4145	3	0	4000	other	0
2039_nback1	79	Pulse	5	1600270	13552	3
2039_nback1	80	Picture	10	1604790	0	1	4144	3	0	4000	other	0
2039_nback1	80	Pulse	5	1620270	15480	2
2039_nback1	81	Picture	10	1622861	0	1	4144	3	0	4000	other	0
2039_nback1	81	Pulse	5	1640270	17409	2
2039_nback1	82	Picture	10	1640932	0	1	4144	3	0	4000	other	0
2039_nback1	83	Picture	10	1659003	0	1	4144	3	0	4000	other	0
2039_nback1	83	Pulse	5	1660259	1256	2
2039_nback1	84	Picture	11	1677074	0	1	4145	2	0	4000	hit	176
2039_nback1	84	Pulse	5	1680259	3185	2
2039_nback1	84	Response	1	1681059	3985	2
2039_nback1	85	Picture	10	1695145	0	1	4145	2	0	4000	other	0
2039_nback1	85	Pulse	5	1700259	5114	2
2039_nback1	86	Picture	10	1713216	0	1	4145	2	0	4000	other	0
2039_nback1	86	Pulse	5	1720249	7033	2
2039_nback1	87	Pulse	5	1740249	8962	1
2039_nback1	88	Picture	30	1756321	0	1	4145	2	0	4000	other	0
2039_nback1	88	Pulse	5	1760248	3927	2
2039_nback1	89	Picture	30	1774392	0	2	4145	3	0	4000	other	0
2039_nback1	89	Pulse	5	1780238	5846	2
2039_nback1	90	Picture	30	1792463	0	2	4145	3	0	4000	other	0
2039_nback1	90	Pulse	5	1800238	7775	2
2039_nback1	91	Picture	31	1810534	0	2	4145	3	0	4000	hit	189
2039_nback1	91	Response	1	1815438	4904	1
2039_nback1	91	Pulse	5	1820237	9703	2
2039_nback1	92	Picture	31	1828605	0	2	4145	3	0	4000	hit	192
2039_nback1	92	Response	1	1835587	6982	2
2039_nback1	92	Pulse	5	1840228	11623	1
2039_nback1	93	Picture	30	1846677	0	1	4144	3	0	4000	other	0
2039_nback1	93	Pulse	5	1860227	13550	2
2039_nback1	94	Picture	30	1864747	0	2	4145	4	0	4000	other	0
2039_nback1	94	Pulse	5	1880227	15480	2
2039_nback1	95	Picture	30	1882819	0	1	4145	2	0	4000	other	0
2039_nback1	95	Pulse	5	1900216	17397	2
2039_nback1	96	Picture	31	1900890	0	1	4145	2	0	4000	hit	201
2039_nback1	96	Response	1	1917016	16126	3
2039_nback1	97	Picture	30	1918961	0	1	4145	2	0	4000	other	0
2039_nback1	97	Pulse	5	1920217	1256	1
2039_nback1	98	Picture	30	1937032	0	1	4145	2	0	4000	other	0
2039_nback1	98	Pulse	5	1940206	3174	2
2039_nback1	99	Picture	30	1955103	0	1	4145	2	0	4000	other	0
2039_nback1	99	Pulse	5	1960206	5103	2
2039_nback1	100	Picture	30	1973174	0	1	4145	2	0	4000	other	0
2039_nback1	100	Pulse	5	1980205	7031	2
2039_nback1	101	Picture	31	1991245	0	1	4145	2	0	4000	miss	0
2039_nback1	101	Pulse	5	2000205	8960	3
2039_nback1	102	Picture	30	2009315	0	3	4146	4	0	4000	other	0
2039_nback1	102	Pulse	5	2020195	10880	2
2039_nback1	103	Picture	30	2027387	0	1	4145	2	0	4000	false_alarm	215
2039_nback1	103	Response	1	2031875	4488	2
2039_nback1	103	Pulse	5	2040195	12808	2
2039_nback1	104	Pulse	5	2060194	14736	2
2039_nback1	105	Picture	10	2070493	0	1	4144	2	0	4000	other	0
2039_nback1	105	Pulse	5	2080184	9691	3
2039_nback1	106	Picture	10	2088564	0	1	4144	3	0	4000	other	0
2039_nback1	106	Pulse	5	2100184	11620	3
2039_nback1	107	Picture	11	2106635	0	1	4144	3	0	4000	hit	223
2039_nback1	107	Response	1	2111064	4429	2
2039_nback1	107	Pulse	5	2120184	13549	3
2039_nback1	108	Picture	10	2124706	0	1	4145	2	0	4000	other	0
2039_nback1	108	Pulse	5	2140173	15467	3
2039_nback1	109	Picture	11	2142777	0	1	4145	2	0	4000	hit	228
2039_nback1	109	Response	1	2148173	5396	3
2039_nback1	109	Pulse	5	2160173	17396	2
2039_nback1	110	Picture	10	2160848	0	1	4145	2	0	4000	other	0
2039_nback1	111	Picture	10	2178919	0	1	4145	2	0	4000	other	0
2039_nback1	111	Pulse	5	2180173	1254	2
2039_nback1	112	Picture	11	2196990	0	1	4145	2	0	4000	hit	235
2039_nback1	112	Pulse	5	2200323	3333	2
2039_nback1	112	Response	1	2200483	3493	2
2039_nback1	113	Picture	10	2215061	0	1	4145	2	0	4000	other	0
2039_nback1	113	Pulse	5	2220322	5261	2
2039_nback1	114	Picture	10	2233132	0	1	4145	2	0	4000	other	0
2039_nback1	114	Pulse	5	2240322	7190	3
2039_nback1	115	Picture	10	2251203	0	1	4145	2	0	4000	other	0
2039_nback1	115	Pulse	5	2260312	9109	2
2039_nback1	116	Picture	10	2269274	0	1	4145	2	0	4000	other	0
2039_nback1	116	Pulse	5	2280312	11038	2
2039_nback1	117	Picture	10	2287345	0	2	4145	3	0	4000	other	0
2039_nback1	117	Pulse	5	2300312	12967	1
2039_nback1	118	Picture	11	2305416	0	2	4145	3	0	4000	hit	247
2039_nback1	118	Response	1	2308781	3365	2
2039_nback1	118	Pulse	5	2320301	14885	2
2039_nback1	119	Picture	10	2323487	0	2	4145	3	0	4000	other	0
2039_nback1	119	Pulse	5	2340302	16815	1
2039_nback1	120	Picture	10	2341559	0	1	4144	2	0	4000	other	0
2039_nback1	121	Pulse	5	2360301	671	2
2039_nback1	121	Pulse	5	2380290	20660	2
2039_nback1	122	Picture	20	2384664	0	1	4145	2	0	4000	other	0
2039_nback1	122	Pulse	5	2400290	15626	2
2039_nback1	123	Picture	20	2402735	0	1	4145	2	0	4000	other	0
2039_nback1	123	Pulse	5	2420290	17555	2
2039_nback1	124	Picture	20	2420806	0	1	4145	2	0	4000	other	0
2039_nback1	125	Picture	21	2438877	0	1	4145	2	0	4000	hit	261
2039_nback1	125	Pulse	5	2440280	1403	2
2039_nback1	125	Response	1	2442840	3963	2
2039_nback1	126	Picture	20	2456948	0	1	4145	2	0	4000	other	0
2039_nback1	126	Pulse	5	2460279	3331	2
2039_nback1	127	Picture	20	2475019	0	1	4145	2	0	4000	other	0
2039_nback1	127	Pulse	5	2480279	5260	2
2039_nback1	128	Picture	21	2493090	0	1	4145	2	0	4000	hit	267
2039_nback1	128	Response	1	2498669	5579	2
2039_nback1	128	Pulse	5	2500269	7179	2
2039_nback1	129	Picture	20	2511161	0	2	4145	3	0	4000	other	0
2039_nback1	129	Pulse	5	2520270	9109	1
2039_nback1	130	Picture	20	2529232	0	2	4145	3	0	4000	other	0
2039_nback1	130	Pulse	5	2540268	11036	2
2039_nback1	131	Picture	20	2547303	0	2	4145	3	0	4000	other	0
2039_nback1	131	Pulse	5	2560258	12955	3
2039_nback1	132	Picture	21	2565374	0	2	4145	3	0	4000	hit	276
2039_nback1	132	Response	1	2569538	4164	2
2039_nback1	132	Pulse	5	2580258	14884	2
2039_nback1	133	Picture	20	2583446	0	1	4144	2	0	4000	other	0
2039_nback1	133	Pulse	5	2600258	16812	2
2039_nback1	134	Picture	20	2601517	0	1	4144	3	0	4000	other	0
2039_nback1	135	Picture	21	2619588	0	1	4144	3	0	4000	hit	283
2039_nback1	135	Pulse	5	2620247	659	2
2039_nback1	135	Response	1	2626327	6739	2
2039_nback1	136	Picture	20	2637659	0	1	4145	2	0	4000	other	0
2039_nback1	136	Pulse	5	2640248	2589	1
2039_nback1	137	Picture	20	2655730	0	1	4144	3	0	4000	other	0
2039_nback1	137	Pulse	5	2660247	4517	2
