Scenario - 1-back
Logfile written - 05/22/2014 12:55:04

Subject	Trial	Event Type	Code	Time	TTime	Uncertainty	Duration	Uncertainty	ReqTime	ReqDur	Stim Type	Pair Index

2039_nback1	1	Pulse	5	178433	188267	2
2039_nback1	2	Pulse	5	198433	19931	2
2039_nback1	3	Picture	10	203536	0	1	4145	2	0	4000	other	0
2039_nback1	3	Pulse	5	218432	14896	3
2039_nback1	4	Picture	10	221607	0	1	4145	2	0	4000	other	0
2039_nback1	4	Pulse	5	238422	16815	2
2039_nback1	5	Picture	11	239678	0	1	4145	2	0	4000	hit	8
2039_nback1	5	Response	1	244022	4344	2
2039_nback1	6	Picture	10	257749	0	2	4145	3	0	4000	other	0
2039_nback1	6	Pulse	5	258422	673	2
2039_nback1	7	Picture	11	275820	0	2	4145	3	0	4000	hit	13
2039_nback1	7	Pulse	5	278422	2602	1
2039_nback1	7	Response	1	281142	5322	1
2039_nback1	8	Picture	10	293891	0	2	4145	4	0	4000	other	0
2039_nback1	8	Pulse	5	298411	4520	2
2039_nback1	9	Picture	10	311963	0	1	4144	2	0	4000	other	0
2039_nback1	9	Pulse	5	318411	6448	2
2039_nback1	10	Picture	10	330034	0	1	4144	3	0	4000	other	0
2039_nback1	10	Pulse	5	338411	8377	2
2039_nback1	11	Picture	11	348105	0	1	4144	3	0	4000	hit	21
2039_nback1	11	Response	1	352011	3906	2
2039_nback1	11	Pulse	5	358401	10296	2
2039_nback1	12	Picture	10	366176	0	1	4145	2	0	4000	other	0
2039_nback1	12	Pulse	5	378400	12224	2
2039_nback1	13	Picture	10	384247	0	1	4145	2	0	4000	other	0
2039_nback1	13	Pulse	5	398400	14153	2
2039_nback1	14	Picture	11	402318	0	1	4145	2	0	4000	hit	28
2039_nback1	14	Response	1	405920	3602	2
2039_nback1	14	Pulse	5	418390	16072	2
2039_nback1	15	Picture	10	420389	0	1	4145	2	0	4000	other	0
2039_nback1	15	Pulse	5	438389	18000	14
2039_nback1	16	Picture	10	438460	0	1	4145	2	0	4000	other	0
2039_nback1	17	Picture	10	456531	0	1	4145	2	0	4000	other	0
2039_nback1	17	Pulse	5	458389	1858	3
2039_nback1	18	Picture	10	474602	0	1	4145	2	0	4000	other	0
2039_nback1	18	Pulse	5	478379	3777	2
2039_nback1	19	Pulse	5	498379	5706	2
2039_nback1	20	Picture	20	517707	0	2	4145	3	0	4000	other	0
2039_nback1	20	Pulse	5	518379	672	1
2039_nback1	21	Picture	20	535779	0	1	4144	2	0	4000	other	0
2039_nback1	21	Pulse	5	538368	2589	2
2039_nback1	22	Picture	21	553850	0	1	4144	3	0	4000	hit	44
2039_nback1	22	Pulse	5	558528	4678	2
2039_nback1	22	Response	1	559488	5638	2
2039_nback1	23	Picture	20	571921	0	1	4144	3	0	4000	other	0
2039_nback1	23	Pulse	5	578528	6607	2
2039_nback1	24	Picture	20	589992	0	1	4144	3	0	4000	other	0
2039_nback1	24	Pulse	5	598518	8526	1
2039_nback1	25	Picture	20	608063	0	1	4145	2	0	4000	other	0
2039_nback1	25	Pulse	5	618517	10454	2
2039_nback1	26	Picture	21	626134	0	1	4145	2	0	4000	miss	0
2039_nback1	26	Pulse	5	638517	12383	2
2039_nback1	27	Picture	20	644205	0	1	4145	2	0	4000	other	0
2039_nback1	27	Pulse	5	658507	14302	2
2039_nback1	28	Picture	20	662276	0	1	4145	2	0	4000	other	0
2039_nback1	28	Pulse	5	678508	16232	1
2039_nback1	29	Picture	20	680346	0	2	4146	3	0	4000	other	0
2039_nback1	30	Picture	20	698418	0	1	4145	2	0	4000	other	0
2039_nback1	30	Pulse	5	698506	88	3
2039_nback1	31	Picture	20	716489	0	1	4145	2	0	4000	other	0
2039_nback1	31	Pulse	5	718496	2007	2
2039_nback1	32	Picture	21	734560	0	2	4145	3	0	4000	hit	64
2039_nback1	32	Pulse	5	738496	3936	2
2039_nback1	32	Response	1	740416	5856	2
2039_nback1	33	Picture	20	752631	0	2	4145	3	0	4000	other	0
2039_nback1	33	Pulse	5	758496	5865	2
2039_nback1	34	Picture	20	770702	0	2	4145	3	0	4000	other	0
2039_nback1	34	Pulse	5	778485	7783	2
2039_nback1	35	Picture	21	788773	0	2	4145	3	0	4000	hit	70
2039_nback1	35	Response	1	793045	4272	2
2039_nback1	35	Pulse	5	798485	9712	2
2039_nback1	36	Pulse	5	818486	11642	1
2039_nback1	37	Picture	10	831879	0	1	4145	2	0	4000	other	0
2039_nback1	37	Pulse	5	838475	6596	2
2039_nback1	38	Picture	10	849950	0	1	4145	2	0	4000	other	0
2039_nback1	38	Pulse	5	858474	8524	2
2039_nback1	39	Picture	11	868021	0	1	4145	2	0	4000	hit	78
2039_nback1	39	Response	1	872074	4053	2
2039_nback1	39	Pulse	5	878474	10453	2
2039_nback1	40	Picture	10	886092	0	1	4145	2	0	4000	other	0
2039_nback1	40	Pulse	5	898464	12372	2
2039_nback1	41	Picture	11	904163	0	1	4145	2	0	4000	hit	83
2039_nback1	41	Response	1	909824	5661	2
2039_nback1	41	Pulse	5	918464	14301	2
2039_nback1	42	Picture	10	922234	0	1	4145	2	0	4000	other	0
2039_nback1	42	Pulse	5	938463	16229	3
2039_nback1	43	Picture	10	940305	0	1	4145	2	0	4000	other	0
2039_nback1	44	Picture	10	958376	0	1	4145	2	0	4000	other	0
2039_nback1	44	Pulse	5	958453	77	4
2039_nback1	45	Picture	11	976447	0	1	4145	2	0	4000	hit	92
2039_nback1	45	Pulse	5	978453	2006	2
2039_nback1	45	Response	1	980533	4086	2
2039_nback1	46	Picture	10	994518	0	2	4144	4	0	4000	other	0
2039_nback1	46	Pulse	5	998453	3935	2
2039_nback1	47	Picture	10	1012589	0	2	4145	3	0	4000	other	0
2039_nback1	47	Pulse	5	1018442	5853	2
2039_nback1	48	Picture	11	1030660	0	2	4145	3	0	4000	hit	98
2039_nback1	48	Response	1	1035562	4902	3
2039_nback1	48	Pulse	5	1038442	7782	2
2039_nback1	49	Picture	10	1048732	0	1	4144	2	0	4000	other	0
2039_nback1	49	Pulse	5	1058442	9710	2
2039_nback1	50	Picture	10	1066803	0	1	4144	3	0	4000	other	0
2039_nback1	50	Pulse	5	1078432	11629	2
2039_nback1	51	Picture	10	1084874	0	1	4144	3	0	4000	other	0
2039_nback1	51	Pulse	5	1098431	13557	2
2039_nback1	52	Picture	10	1102945	0	1	4144	3	0	4000	other	0
2039_nback1	52	Pulse	5	1118431	15486	2
2039_nback1	53	Pulse	5	1138421	17405	2
2039_nback1	54	Picture	30	1146050	0	1	4145	2	0	4000	other	0
2039_nback1	54	Pulse	5	1158421	12371	2
2039_nback1	55	Picture	30	1164121	0	1	4145	2	0	4000	other	0
2039_nback1	55	Pulse	5	1178420	14299	3
2039_nback1	56	Picture	31	1182192	0	1	4145	2	0	4000	hit	114
2039_nback1	56	Response	1	1186580	4388	3
2039_nback1	56	Pulse	5	1198410	16218	2
2039_nback1	57	Picture	30	1200263	0	1	4145	2	0	4000	other	0
2039_nback1	58	Picture	30	1218334	0	2	4145	3	0	4000	other	0
2039_nback1	58	Pulse	5	1218410	76	2
2039_nback1	59	Picture	30	1236405	0	2	4145	3	0	4000	other	0
2039_nback1	59	Pulse	5	1238410	2005	1
2039_nback1	60	Picture	31	1254476	0	2	4145	3	0	4000	miss	0
2039_nback1	60	Pulse	5	1258399	3923	2
2039_nback1	61	Picture	31	1272547	0	2	4145	3	0	4000	hit	125
2039_nback1	61	Pulse	5	1278399	5852	2
2039_nback1	61	Response	1	1278879	6332	2
2039_nback1	62	Picture	30	1290619	0	1	4144	3	0	4000	other	0
2039_nback1	62	Pulse	5	1298399	7780	2
2039_nback1	63	Picture	30	1308690	0	1	4144	3	0	4000	other	0
2039_nback1	63	Pulse	5	1318389	9699	1
2039_nback1	64	Picture	30	1326761	0	1	4144	3	0	4000	other	0
2039_nback1	64	Pulse	5	1338388	11627	2
2039_nback1	65	Picture	31	1344832	0	1	4145	2	0	4000	hit	133
2039_nback1	65	Response	1	1349908	5076	2
2039_nback1	65	Pulse	5	1358388	13556	2
2039_nback1	66	Picture	30	1362903	0	1	4145	2	0	4000	other	0
2039_nback1	66	Pulse	5	1378378	15475	2
2039_nback1	67	Picture	30	1380974	0	1	4145	2	0	4000	other	0
2039_nback1	67	Pulse	5	1398378	17404	1
2039_nback1	68	Picture	30	1399045	0	1	4145	2	0	4000	other	0
2039_nback1	69	Picture	30	1417116	0	1	4145	2	0	4000	other	0
2039_nback1	69	Pulse	5	1418377	1261	2
2039_nback1	70	Pulse	5	1438367	3180	2
2039_nback1	70	Pulse	5	1458367	23180	2
2039_nback1	71	Picture	10	1460221	0	2	4145	3	0	4000	other	0
2039_nback1	72	Picture	10	1478292	0	2	4145	3	0	4000	other	0
2039_nback1	72	Pulse	5	1478367	75	1
2039_nback1	73	Picture	11	1496363	0	2	4145	3	0	4000	hit	149
2039_nback1	73	Pulse	5	1498356	1993	2
2039_nback1	73	Response	1	1500117	3754	1
2039_nback1	74	Picture	10	1514435	0	1	4144	3	0	4000	other	0
2039_nback1	74	Pulse	5	1518356	3921	2
2039_nback1	75	Picture	11	1532506	0	1	4144	3	0	4000	hit	153
2039_nback1	75	Response	1	1536276	3770	2
2039_nback1	75	Pulse	5	1538356	5850	2
2039_nback1	76	Picture	10	1550577	0	1	4144	3	0	4000	other	0
2039_nback1	76	Pulse	5	1558346	7769	1
2039_nback1	77	Picture	10	1568648	0	1	4145	2	0	4000	other	0
2039_nback1	77	Pulse	5	1578345	9697	2
2039_nback1	78	Picture	11	1586719	0	1	4145	2	0	4000	hit	160
2039_nback1	78	Response	1	1591145	4426	2
2039_nback1	78	Pulse	5	1598505	11786	2
2039_nback1	79	Picture	10	1604790	0	1	4145	2	0	4000	other	0
2039_nback1	79	Pulse	5	1618495	13705	2
2039_nback1	80	Picture	10	1622861	0	1	4145	2	0	4000	other	0
2039_nback1	80	Pulse	5	1638495	15634	2
2039_nback1	81	Picture	10	1640932	0	1	4145	2	0	4000	other	0
2039_nback1	81	Pulse	5	1658494	17562	3
2039_nback1	82	Picture	10	1659003	0	1	4145	2	0	4000	other	0
2039_nback1	83	Picture	10	1677074	0	1	4145	2	0	4000	other	0
2039_nback1	83	Pulse	5	1678484	1410	3
2039_nback1	84	Picture	11	1695145	0	1	4145	2	0	4000	hit	173
2039_nback1	84	Pulse	5	1698484	3339	2
2039_nback1	84	Response	1	1699444	4299	2
2039_nback1	85	Picture	10	1713216	0	2	4145	3	0	4000	other	0
2039_nback1	85	Pulse	5	1718484	5268	2
2039_nback1	86	Picture	10	1731287	0	2	4145	3	0	4000	other	0
2039_nback1	86	Pulse	5	1738474	7187	1
2039_nback1	87	Pulse	5	1758473	9115	2
2039_nback1	88	Picture	20	1774393	0	1	4144	3	0	4000	other	0
2039_nback1	88	Pulse	5	1778473	4080	2
2039_nback1	89	Picture	20	1792464	0	1	4144	3	0	4000	other	0
2039_nback1	89	Pulse	5	1798463	5999	1
2039_nback1	90	Picture	20	1810535	0	1	4144	3	0	4000	other	0
2039_nback1	90	Pulse	5	1818462	7927	2
2039_nback1	91	Picture	21	1828606	0	1	4145	2	0	4000	hit	186
2039_nback1	91	Response	1	1836062	7456	2
2039_nback1	91	Pulse	5	1838462	9856	2
2039_nback1	92	Picture	20	1846677	0	1	4145	2	0	4000	other	0
2039_nback1	92	Pulse	5	1858452	11775	2
2039_nback1	93	Picture	20	1864748	0	1	4144	3	0	4000	other	0
2039_nback1	93	Pulse	5	1878452	13704	1
2039_nback1	94	Picture	21	1882819	0	1	4145	2	0	4000	hit	193
2039_nback1	94	Response	1	1888211	5392	2
2039_nback1	94	Pulse	5	1898451	15632	2
2039_nback1	95	Picture	20	1900890	0	2	4145	3	0	4000	other	0
2039_nback1	95	Pulse	5	1918441	17551	2
2039_nback1	96	Picture	20	1918961	0	1	4145	2	0	4000	other	0
2039_nback1	97	Picture	20	1937032	0	2	4145	3	0	4000	other	0
2039_nback1	97	Pulse	5	1938442	1410	1
2039_nback1	98	Picture	21	1955103	0	2	4145	3	0	4000	hit	202
2039_nback1	98	Pulse	5	1958441	3338	1
2039_nback1	98	Response	1	1960041	4938	1
2039_nback1	99	Picture	20	1973174	0	2	4145	3	0	4000	other	0
2039_nback1	99	Pulse	5	1978430	5256	3
2039_nback1	100	Picture	20	1991245	0	2	4145	4	0	4000	other	0
2039_nback1	100	Pulse	5	1998430	7185	2
2039_nback1	101	Picture	21	2009317	0	1	4144	3	0	4000	hit	208
2039_nback1	101	Response	1	2016190	6873	2
2039_nback1	101	Pulse	5	2018430	9113	2
2039_nback1	102	Picture	20	2027388	0	1	4144	3	0	4000	other	0
2039_nback1	102	Pulse	5	2038420	11032	1
2039_nback1	103	Picture	20	2045459	0	1	4144	3	0	4000	other	0
2039_nback1	103	Pulse	5	2058419	12960	2
2039_nback1	104	Pulse	5	2078419	14890	2
2039_nback1	105	Picture	10	2088564	0	1	4145	2	0	4000	other	0
2039_nback1	105	Pulse	5	2098409	9845	2
2039_nback1	106	Picture	10	2106635	0	1	4145	2	0	4000	other	0
2039_nback1	106	Pulse	5	2118409	11774	2
2039_nback1	107	Picture	11	2124706	0	1	4145	2	0	4000	hit	220
2039_nback1	107	Response	1	2130088	5382	3
2039_nback1	107	Pulse	5	2138408	13702	3
2039_nback1	108	Picture	10	2142777	0	1	4145	2	0	4000	other	0
2039_nback1	108	Pulse	5	2158398	15621	2
2039_nback1	109	Picture	11	2160848	0	1	4145	2	0	4000	miss	0
2039_nback1	109	Pulse	5	2178398	17550	2
2039_nback1	110	Picture	10	2178919	0	2	4145	3	0	4000	other	0
2039_nback1	111	Picture	10	2196990	0	2	4145	3	0	4000	other	0
2039_nback1	111	Pulse	5	2198398	1408	1
2039_nback1	112	Picture	11	2215062	0	1	4144	2	0	4000	hit	231
2039_nback1	112	Pulse	5	2218387	3325	2
2039_nback1	112	Response	1	2219668	4606	1
2039_nback1	113	Picture	10	2233133	0	1	4144	3	0	4000	other	0
2039_nback1	113	Pulse	5	2238387	5254	2
2039_nback1	114	Picture	10	2251204	0	1	4144	2	0	4000	other	0
2039_nback1	114	Pulse	5	2258387	7183	2
2039_nback1	115	Picture	10	2269275	0	1	4144	3	0	4000	other	0
2039_nback1	115	Pulse	5	2278377	9102	1
2039_nback1	116	Picture	10	2287346	0	1	4144	3	0	4000	other	0
2039_nback1	116	Pulse	5	2298376	11030	2
2039_nback1	117	Picture	10	2305416	0	2	4145	4	0	4000	other	0
2039_nback1	117	Pulse	5	2318376	12960	2
2039_nback1	118	Picture	11	2323488	0	1	4145	2	0	4000	hit	243
2039_nback1	118	Response	1	2327176	3688	2
2039_nback1	118	Pulse	5	2338366	14878	2
2039_nback1	119	Picture	10	2341559	0	1	4145	2	0	4000	other	0
2039_nback1	119	Pulse	5	2358366	16807	1
2039_nback1	120	Picture	10	2359630	0	1	4145	2	0	4000	other	0
2039_nback1	121	Pulse	5	2378365	664	2
2039_nback1	121	Pulse	5	2398355	20654	2
2039_nback1	122	Picture	30	2402735	0	2	4145	3	0	4000	other	0
2039_nback1	122	Pulse	5	2418355	15620	2
2039_nback1	123	Picture	30	2420806	0	2	4145	3	0	4000	other	0
2039_nback1	123	Pulse	5	2438355	17549	1
2039_nback1	124	Picture	30	2438877	0	2	4145	3	0	4000	other	0
2039_nback1	125	Picture	31	2456948	0	2	4145	3	0	4000	hit	257
2039_nback1	125	Pulse	5	2458344	1396	2
2039_nback1	125	Response	1	2461384	4436	2
2039_nback1	126	Picture	31	2475020	0	1	4144	3	0	4000	hit	260
2039_nback1	126	Pulse	5	2478344	3324	2
2039_nback1	126	Response	1	2480904	5884	3
2039_nback1	127	Picture	30	2493091	0	1	4144	3	0	4000	other	0
2039_nback1	127	Pulse	5	2498344	5253	2
2039_nback1	128	Picture	30	2511162	0	1	4144	3	0	4000	other	0
2039_nback1	128	Pulse	5	2518334	7172	1
2039_nback1	129	Picture	30	2529233	0	1	4144	3	0	4000	other	0
2039_nback1	129	Pulse	5	2538333	9100	2
2039_nback1	130	Picture	31	2547304	0	1	4145	2	0	4000	hit	268
2039_nback1	130	Response	1	2551453	4149	2
2039_nback1	130	Pulse	5	2558333	11029	2
2039_nback1	131	Picture	30	2565375	0	1	4145	2	0	4000	other	0
2039_nback1	131	Pulse	5	2578323	12948	3
2039_nback1	132	Picture	30	2583446	0	1	4145	2	0	4000	other	0
2039_nback1	132	Pulse	5	2598323	14877	3
2039_nback1	133	Picture	30	2601517	0	1	4145	2	0	4000	other	0
2039_nback1	133	Pulse	5	2618322	16805	3
2039_nback1	134	Picture	30	2619588	0	1	4145	2	0	4000	other	0
2039_nback1	135	Picture	31	2637659	0	1	4145	2	0	4000	miss	0
2039_nback1	135	Pulse	5	2638472	813	2
2039_nback1	136	Picture	30	2655730	0	2	4145	3	0	4000	other	0
2039_nback1	136	Pulse	5	2658473	2743	1
2039_nback1	137	Picture	30	2673801	0	2	4145	3	0	4000	false_alarm	283
2039_nback1	137	Pulse	5	2678472	4671	1
2039_nback1	137	Response	1	2678952	5151	1
