Scenario - 1-back
Logfile written - 11/06/2014 18:12:07

Subject	Trial	Event Type	Code	Time	TTime	Uncertainty	Duration	Uncertainty	ReqTime	ReqDur	Stim Type	Pair Index

2045	1	Pulse	5	168978	178812	4
2045	2	Pulse	5	188969	19919	2
2045	3	Picture	10	194084	0	2	4145	3	0	4000	other	0
2045	3	Pulse	5	208969	14885	2
2045	4	Picture	10	212155	0	2	4145	3	0	4000	other	0
2045	4	Pulse	5	228968	16813	3
2045	5	Picture	11	230226	0	1	4145	2	0	4000	hit	8
2045	5	Response	1	234409	4183	1
2045	6	Picture	10	248297	0	1	4145	2	0	4000	other	0
2045	6	Pulse	5	248959	662	1
2045	7	Picture	11	266368	0	1	4145	2	0	4000	hit	13
2045	7	Pulse	5	268958	2590	2
2045	7	Response	1	271838	5470	2
2045	8	Picture	10	284439	0	1	4145	2	0	4000	other	0
2045	8	Pulse	5	288958	4519	2
2045	9	Picture	10	302510	0	1	4145	2	0	4000	other	0
2045	9	Pulse	5	308948	6438	1
2045	10	Picture	10	320581	0	1	4144	3	0	4000	other	0
2045	10	Pulse	5	328948	8367	1
2045	11	Picture	11	338652	0	1	4144	3	0	4000	hit	21
2045	11	Response	1	342547	3895	2
2045	11	Pulse	5	348947	10295	2
2045	12	Picture	10	356723	0	1	4144	3	0	4000	other	0
2045	12	Pulse	5	368938	12215	1
2045	13	Picture	10	374794	0	1	4144	3	0	4000	other	0
2045	13	Pulse	5	388937	14143	1
2045	14	Picture	11	392864	0	2	4145	3	0	4000	hit	28
2045	14	Response	1	397897	5033	1
2045	14	Pulse	5	408936	16072	2
2045	15	Picture	10	410935	0	2	4145	3	0	4000	other	0
2045	15	Pulse	5	428926	17991	3
2045	16	Picture	10	429006	0	2	4145	3	0	4000	other	0
2045	17	Picture	10	447077	0	1	4145	2	0	4000	other	0
2045	17	Pulse	5	448926	1849	2
2045	18	Picture	10	465148	0	1	4145	2	0	4000	other	0
2045	18	Pulse	5	468926	3778	2
2045	19	Pulse	5	488916	5697	1
2045	20	Picture	30	508253	0	1	4145	2	0	4000	other	0
2045	20	Pulse	5	508915	662	2
2045	21	Picture	30	526324	0	1	4145	2	0	4000	other	0
2045	21	Pulse	5	528915	2591	2
2045	22	Picture	31	544395	0	1	4145	2	0	4000	hit	44
2045	22	Pulse	5	548905	4510	2
2045	22	Response	1	550665	6270	1
2045	23	Picture	30	562466	0	1	4145	2	0	4000	other	0
2045	23	Pulse	5	568905	6439	1
2045	24	Picture	30	580537	0	1	4144	3	0	4000	other	0
2045	24	Pulse	5	588904	8367	2
2045	25	Picture	30	598608	0	1	4144	2	0	4000	other	0
2045	25	Pulse	5	608894	10286	2
2045	26	Picture	31	616679	0	1	4144	2	0	4000	hit	52
2045	26	Response	1	620574	3895	2
2045	26	Pulse	5	628894	12215	1
2045	27	Picture	31	634749	0	2	4145	3	0	4000	hit	55
2045	27	Response	1	639134	4385	1
2045	27	Pulse	5	648893	14144	2
2045	28	Picture	30	652820	0	1	4145	2	0	4000	other	0
2045	28	Pulse	5	668883	16063	2
2045	29	Picture	30	670891	0	2	4145	3	0	4000	other	0
2045	29	Pulse	5	688883	17992	2
2045	30	Picture	30	688962	0	3	4145	4	0	4000	other	0
2045	31	Picture	31	707033	0	1	4145	2	0	4000	miss	0
2045	31	Pulse	5	708883	1850	1
2045	32	Picture	30	725104	0	1	4145	2	0	4000	other	0
2045	32	Pulse	5	728872	3768	2
2045	33	Picture	30	743175	0	1	4145	2	0	4000	other	0
2045	33	Pulse	5	748872	5697	2
2045	34	Picture	30	761246	0	1	4144	3	0	4000	other	0
2045	34	Pulse	5	768873	7627	1
2045	35	Picture	30	779317	0	1	4144	3	0	4000	other	0
2045	35	Pulse	5	788862	9545	1
2045	36	Pulse	5	808861	11473	2
2045	37	Picture	10	822422	0	1	4144	3	0	4000	other	0
2045	37	Pulse	5	828861	6439	2
2045	38	Picture	10	840493	0	1	4144	3	0	4000	other	0
2045	38	Pulse	5	848851	8358	2
2045	39	Picture	11	858564	0	1	4144	2	0	4000	hit	78
2045	39	Response	1	862450	3886	3
2045	39	Pulse	5	868851	10287	1
2045	40	Picture	10	876634	0	2	4145	3	0	4000	other	0
2045	40	Pulse	5	888851	12217	1
2045	41	Picture	11	894705	0	2	4145	3	0	4000	hit	83
2045	41	Response	1	899400	4695	3
2045	41	Pulse	5	908840	14135	3
2045	42	Picture	10	912776	0	1	4145	2	0	4000	other	0
2045	42	Pulse	5	928840	16064	2
2045	43	Picture	10	930847	0	1	4145	2	0	4000	other	0
2045	43	Pulse	5	948840	17993	2
2045	44	Picture	10	948918	0	1	4145	2	0	4000	other	0
2045	45	Picture	11	966989	0	1	4145	2	0	4000	hit	92
2045	45	Pulse	5	968829	1840	2
2045	45	Response	1	971709	4720	2
2045	46	Picture	10	985060	0	1	4145	2	0	4000	other	0
2045	46	Pulse	5	988830	3770	1
2045	47	Picture	10	1003131	0	1	4145	2	0	4000	other	0
2045	47	Pulse	5	1008829	5698	2
2045	48	Picture	11	1021202	0	1	4144	3	0	4000	hit	98
2045	48	Response	1	1025939	4737	2
2045	48	Pulse	5	1028819	7617	2
2045	49	Picture	10	1039273	0	1	4144	3	0	4000	other	0
2045	49	Pulse	5	1048818	9545	2
2045	50	Picture	10	1057344	0	1	4144	2	0	4000	other	0
2045	50	Pulse	5	1068819	11475	1
2045	51	Picture	10	1075415	0	1	4144	2	0	4000	other	0
2045	51	Pulse	5	1088807	13392	3
2045	52	Picture	10	1093485	0	2	4145	3	0	4000	other	0
2045	52	Pulse	5	1108807	15322	3
2045	53	Pulse	5	1128806	17250	4
2045	54	Picture	20	1136590	0	2	4145	3	0	4000	other	0
2045	54	Pulse	5	1148797	12207	2
2045	55	Picture	20	1154661	0	1	4145	2	0	4000	other	0
2045	55	Pulse	5	1168797	14136	2
2045	56	Picture	21	1172732	0	1	4145	2	0	4000	hit	114
2045	56	Response	1	1177276	4544	3
2045	56	Pulse	5	1188957	16225	1
2045	57	Picture	20	1190803	0	1	4145	2	0	4000	other	0
2045	58	Picture	20	1208874	0	1	4145	2	0	4000	other	0
2045	58	Pulse	5	1208945	71	4
2045	59	Picture	20	1226945	0	1	4145	2	0	4000	other	0
2045	59	Pulse	5	1228945	2000	3
2045	60	Picture	21	1245016	0	1	4145	2	0	4000	hit	123
2045	60	Pulse	5	1248945	3929	3
2045	60	Response	1	1250706	5690	2
2045	61	Picture	20	1263087	0	1	4144	3	0	4000	other	0
2045	61	Pulse	5	1268936	5849	1
2045	62	Picture	20	1281158	0	1	4144	3	0	4000	other	0
2045	62	Pulse	5	1288935	7777	2
2045	63	Picture	20	1299228	0	2	4145	3	0	4000	other	0
2045	63	Pulse	5	1308935	9707	2
2045	64	Picture	20	1317299	0	2	4145	3	0	4000	other	0
2045	64	Pulse	5	1328926	11627	1
2045	65	Picture	20	1335370	0	2	4145	3	0	4000	other	0
2045	65	Pulse	5	1348925	13555	2
2045	66	Picture	21	1353441	0	1	4145	2	0	4000	hit	135
2045	66	Response	1	1358845	5404	1
2045	66	Pulse	5	1368924	15483	2
2045	67	Picture	20	1371512	0	1	4145	2	0	4000	other	0
2045	67	Pulse	5	1388914	17402	3
2045	68	Picture	20	1389583	0	1	4145	2	0	4000	other	0
2045	69	Picture	21	1407654	0	1	4145	2	0	4000	hit	142
2045	69	Pulse	5	1408914	1260	2
2045	69	Response	1	1411634	3980	2
2045	70	Pulse	5	1428914	3189	2
2045	70	Pulse	5	1448904	23179	1
2045	71	Picture	10	1450759	0	1	4145	2	0	4000	other	0
2045	72	Picture	10	1468830	0	1	4145	2	0	4000	other	0
2045	72	Pulse	5	1468904	74	1
2045	73	Picture	11	1486901	0	1	4144	3	0	4000	hit	150
2045	73	Pulse	5	1488903	2002	2
2045	73	Response	1	1491463	4562	2
2045	74	Picture	10	1504972	0	1	4144	3	0	4000	other	0
2045	74	Pulse	5	1508893	3921	1
2045	75	Picture	11	1523043	0	1	4144	3	0	4000	hit	154
2045	75	Response	1	1528892	5849	2
2045	75	Pulse	5	1528892	5849	2
2045	76	Picture	10	1541114	0	1	4144	2	0	4000	other	0
2045	76	Pulse	5	1548892	7778	2
2045	77	Picture	10	1559184	0	2	4145	3	0	4000	other	0
2045	77	Pulse	5	1568882	9698	2
2045	78	Picture	11	1577255	0	1	4145	2	0	4000	hit	161
2045	78	Response	1	1582322	5067	2
2045	78	Pulse	5	1588882	11627	1
2045	79	Picture	10	1595326	0	1	4145	2	0	4000	other	0
2045	79	Pulse	5	1608881	13555	2
2045	80	Picture	10	1613397	0	1	4145	2	0	4000	other	0
2045	80	Pulse	5	1628871	15474	2
2045	81	Picture	10	1631468	0	1	4145	2	0	4000	other	0
2045	81	Pulse	5	1648871	17403	2
2045	82	Picture	10	1649539	0	1	4145	2	0	4000	other	0
2045	83	Picture	10	1667610	0	1	4145	2	0	4000	other	0
2045	83	Pulse	5	1668872	1262	1
2045	84	Picture	11	1685681	0	1	4145	2	0	4000	hit	174
2045	84	Pulse	5	1688860	3179	2
2045	84	Response	1	1689979	4298	4
2045	85	Picture	10	1703752	0	1	4145	2	0	4000	other	0
2045	85	Pulse	5	1708860	5108	2
2045	86	Picture	10	1721823	0	1	4144	3	0	4000	other	0
2045	86	Pulse	5	1728860	7037	2
2045	87	Pulse	5	1748850	8956	1
2045	88	Picture	30	1764928	0	1	4144	2	0	4000	other	0
2045	88	Pulse	5	1768849	3921	2
2045	89	Picture	30	1782999	0	1	4144	2	0	4000	other	0
2045	89	Pulse	5	1788849	5850	2
2045	90	Picture	30	1801069	0	2	4145	3	0	4000	other	0
2045	90	Pulse	5	1808839	7770	2
2045	91	Picture	31	1819140	0	1	4145	2	0	4000	hit	187
2045	91	Response	1	1824999	5859	1
2045	91	Pulse	5	1828839	9699	1
2045	92	Picture	31	1837211	0	1	4145	2	0	4000	hit	190
2045	92	Response	1	1844358	7147	2
2045	92	Pulse	5	1848838	11627	2
2045	93	Picture	30	1855282	0	1	4145	2	0	4000	other	0
2045	93	Pulse	5	1868828	13546	2
2045	94	Picture	30	1873353	0	1	4145	2	0	4000	other	0
2045	94	Pulse	5	1888828	15475	2
2045	95	Picture	30	1891424	0	1	4145	2	0	4000	other	0
2045	95	Pulse	5	1908828	17404	2
2045	96	Picture	31	1909495	0	1	4145	2	0	4000	hit	199
2045	96	Response	1	1919378	9883	1
2045	97	Picture	30	1927566	0	1	4144	3	0	4000	other	0
2045	97	Pulse	5	1928817	1251	2
2045	98	Picture	30	1945637	0	1	4144	3	0	4000	other	0
2045	98	Pulse	5	1948817	3180	2
2045	99	Picture	30	1963707	0	2	4145	3	0	4000	other	0
2045	99	Pulse	5	1968817	5110	2
2045	100	Picture	30	1981779	0	1	4144	2	0	4000	other	0
2045	100	Pulse	5	1988807	7028	1
2045	101	Picture	31	1999850	0	1	4144	2	0	4000	hit	209
2045	101	Response	1	2003367	3517	1
2045	101	Pulse	5	2008806	8956	2
2045	102	Picture	30	2017920	0	2	4145	3	0	4000	other	0
2045	102	Pulse	5	2028806	10886	2
2045	103	Picture	30	2035991	0	1	4145	2	0	4000	false_alarm	214
2045	103	Response	1	2046076	10085	2
2045	103	Pulse	5	2048796	12805	2
2045	104	Pulse	5	2068796	14734	1
2045	105	Picture	10	2079096	0	1	4145	2	0	4000	other	0
2045	105	Pulse	5	2088795	9699	2
2045	106	Picture	10	2097167	0	1	4145	2	0	4000	other	0
2045	106	Pulse	5	2108785	11618	2
2045	107	Picture	11	2115238	0	1	4145	2	0	4000	hit	222
2045	107	Response	1	2120466	5228	1
2045	107	Pulse	5	2128785	13547	2
2045	108	Picture	10	2133309	0	1	4145	2	0	4000	other	0
2045	108	Pulse	5	2148785	15476	1
2045	109	Picture	11	2151380	0	1	4145	2	0	4000	hit	227
2045	109	Response	1	2157255	5875	1
2045	109	Pulse	5	2168773	17393	4
2045	110	Picture	10	2169451	0	1	4145	2	0	4000	other	0
2045	111	Picture	10	2187522	0	1	4144	3	0	4000	other	0
2045	111	Pulse	5	2188773	1251	4
2045	112	Picture	11	2205593	0	1	4144	2	0	4000	hit	234
2045	112	Pulse	5	2208773	3180	3
2045	112	Response	1	2212284	6691	2
2045	113	Picture	10	2223664	0	1	4144	2	0	4000	other	0
2045	113	Pulse	5	2228924	5260	1
2045	114	Picture	10	2241735	0	1	4144	2	0	4000	other	0
2045	114	Pulse	5	2248922	7187	3
2045	115	Picture	10	2259805	0	2	4145	3	0	4000	other	0
2045	115	Pulse	5	2268922	9117	3
2045	116	Picture	10	2277876	0	2	4145	3	0	4000	other	0
2045	116	Pulse	5	2288913	11037	2
2045	117	Picture	10	2295947	0	1	4145	2	0	4000	other	0
2045	117	Pulse	5	2308913	12966	1
2045	118	Picture	11	2314018	0	1	4145	2	0	4000	hit	246
2045	118	Response	1	2317713	3695	1
2045	118	Pulse	5	2328913	14895	1
2045	119	Picture	10	2332089	0	1	4145	2	0	4000	other	0
2045	119	Pulse	5	2348902	16813	2
2045	120	Picture	10	2350160	0	1	4145	2	0	4000	other	0
2045	121	Pulse	5	2368902	671	2
2045	121	Pulse	5	2388902	20671	2
2045	122	Picture	20	2393265	0	1	4145	2	0	4000	other	0
2045	122	Pulse	5	2408891	15626	2
2045	123	Picture	20	2411336	0	1	4145	2	0	4000	other	0
2045	123	Pulse	5	2428891	17555	2
2045	124	Picture	20	2429407	0	1	4144	3	0	4000	other	0
2045	125	Picture	21	2447478	0	1	4144	3	0	4000	hit	260
2045	125	Pulse	5	2448891	1413	2
2045	125	Response	1	2451121	3643	2
2045	126	Picture	20	2465549	0	1	4144	3	0	4000	other	0
2045	126	Pulse	5	2468881	3332	1
2045	127	Picture	20	2483619	0	2	4145	3	0	4000	other	0
2045	127	Pulse	5	2488880	5261	2
2045	128	Picture	21	2501690	0	2	4145	3	0	4000	hit	266
2045	128	Response	1	2506800	5110	2
2045	128	Pulse	5	2508881	7191	1
2045	129	Picture	20	2519761	0	1	4145	2	0	4000	other	0
2045	129	Pulse	5	2528870	9109	2
2045	130	Picture	20	2537832	0	1	4145	2	0	4000	other	0
2045	130	Pulse	5	2548870	11038	1
2045	131	Picture	20	2555903	0	1	4145	2	0	4000	other	0
2045	131	Pulse	5	2568859	12956	2
2045	132	Picture	21	2573974	0	1	4145	2	0	4000	hit	275
2045	132	Response	1	2578139	4165	2
2045	132	Pulse	5	2588859	14885	2
2045	133	Picture	20	2592045	0	1	4145	2	0	4000	other	0
2045	133	Pulse	5	2608859	16814	2
2045	134	Picture	20	2610116	0	1	4145	2	0	4000	other	0
2045	135	Picture	21	2628187	0	1	4144	3	0	4000	hit	282
2045	135	Pulse	5	2628849	662	1
2045	135	Response	1	2632529	4342	1
2045	136	Picture	20	2646258	0	1	4144	3	0	4000	other	0
2045	136	Pulse	5	2648848	2590	2
2045	137	Picture	20	2664329	0	1	4144	2	0	4000	other	0
2045	137	Pulse	5	2668848	4519	2
