Scenario - 1-back
Logfile written - 11/06/2014 18:21:28

Subject	Trial	Event Type	Code	Time	TTime	Uncertainty	Duration	Uncertainty	ReqTime	ReqDur	Stim Type	Pair Index

2045	1	Pulse	5	101635	111469	2
2045	2	Pulse	5	121635	19895	2
2045	3	Picture	10	126774	0	2	4145	3	0	4000	other	0
2045	3	Pulse	5	141634	14860	2
2045	4	Picture	10	144845	0	1	4145	2	0	4000	other	0
2045	4	Pulse	5	161624	16779	2
2045	5	Picture	11	162916	0	1	4145	2	0	4000	hit	8
2045	5	Response	1	166744	3828	2
2045	6	Picture	10	180987	0	1	4145	2	0	4000	other	0
2045	6	Pulse	5	181624	637	2
2045	7	Picture	11	199058	0	1	4145	2	0	4000	hit	13
2045	7	Pulse	5	201624	2566	2
2045	7	Response	1	205454	6396	2
2045	8	Picture	10	217129	0	1	4145	2	0	4000	other	0
2045	8	Pulse	5	221613	4484	3
2045	9	Picture	10	235200	0	1	4145	2	0	4000	other	0
2045	9	Pulse	5	241613	6413	3
2045	10	Picture	10	253271	0	1	4145	2	0	4000	other	0
2045	10	Pulse	5	261613	8342	2
2045	11	Picture	11	271342	0	1	4144	3	0	4000	hit	21
2045	11	Response	1	275683	4341	2
2045	11	Pulse	5	281603	10261	2
2045	12	Picture	10	289413	0	1	4144	2	0	4000	other	0
2045	12	Pulse	5	301603	12190	1
2045	13	Picture	10	307483	0	2	4145	3	0	4000	other	0
2045	13	Pulse	5	321592	14109	2
2045	14	Picture	11	325554	0	2	4145	3	0	4000	hit	28
2045	14	Response	1	331032	5478	2
2045	14	Pulse	5	341592	16038	2
2045	15	Picture	10	343625	0	2	4145	3	0	4000	other	0
2045	15	Pulse	5	361592	17967	2
2045	16	Picture	10	361696	0	1	4145	2	0	4000	other	0
2045	17	Picture	10	379767	0	1	4145	2	0	4000	other	0
2045	17	Pulse	5	381582	1815	1
2045	18	Picture	10	397838	0	1	4145	2	0	4000	other	0
2045	18	Pulse	5	401581	3743	2
2045	19	Pulse	5	421581	5672	2
2045	20	Picture	30	440943	0	1	4145	2	0	4000	other	0
2045	20	Pulse	5	441571	628	2
2045	21	Picture	30	459014	0	1	4145	2	0	4000	other	0
2045	21	Pulse	5	461570	2556	2
2045	22	Picture	31	477085	0	1	4144	3	0	4000	miss	0
2045	22	Pulse	5	481570	4485	2
2045	23	Picture	30	495156	0	1	4144	3	0	4000	other	0
2045	23	Pulse	5	501560	6404	2
2045	24	Picture	30	513227	0	1	4144	3	0	4000	other	0
2045	24	Pulse	5	521560	8333	2
2045	25	Picture	30	531298	0	1	4144	2	0	4000	other	0
2045	25	Pulse	5	541560	10262	1
2045	26	Picture	31	549368	0	2	4145	3	0	4000	hit	51
2045	26	Response	1	557079	7711	2
2045	26	Pulse	5	561548	12180	3
2045	27	Picture	31	567439	0	2	4145	3	0	4000	hit	54
2045	27	Response	1	574829	7390	2
2045	27	Pulse	5	581548	14109	3
2045	28	Picture	30	585510	0	1	4145	2	0	4000	other	0
2045	28	Pulse	5	601548	16038	3
2045	29	Picture	30	603581	0	1	4145	2	0	4000	other	0
2045	29	Pulse	5	621538	17957	2
2045	30	Picture	30	621652	0	1	4145	2	0	4000	other	0
2045	31	Picture	31	639723	0	1	4145	2	0	4000	hit	63
2045	31	Pulse	5	641538	1815	2
2045	31	Response	1	644098	4375	2
2045	32	Picture	30	657794	0	1	4145	2	0	4000	other	0
2045	32	Pulse	5	661697	3903	3
2045	33	Picture	30	675865	0	1	4145	2	0	4000	other	0
2045	33	Pulse	5	681688	5823	2
2045	34	Picture	30	693936	0	1	4145	2	0	4000	other	0
2045	34	Pulse	5	701687	7751	3
2045	35	Picture	30	712007	0	1	4144	3	0	4000	other	0
2045	35	Pulse	5	721686	9679	4
2045	36	Pulse	5	741677	11599	2
2045	37	Picture	10	755112	0	1	4144	3	0	4000	other	0
2045	37	Pulse	5	761677	6565	1
2045	38	Picture	10	773182	0	2	4145	3	0	4000	other	0
2045	38	Pulse	5	781676	8494	2
2045	39	Picture	11	791253	0	2	4145	3	0	4000	hit	78
2045	39	Response	1	795436	4183	2
2045	39	Pulse	5	801666	10413	2
2045	40	Picture	10	809324	0	2	4145	3	0	4000	other	0
2045	40	Pulse	5	821666	12342	2
2045	41	Picture	11	827395	0	1	4145	2	0	4000	hit	83
2045	41	Response	1	833346	5951	2
2045	41	Pulse	5	841666	14271	2
2045	42	Picture	10	845466	0	1	4145	2	0	4000	other	0
2045	42	Pulse	5	861655	16189	2
2045	43	Picture	10	863537	0	1	4145	2	0	4000	other	0
2045	44	Picture	10	881608	0	1	4145	2	0	4000	other	0
2045	44	Pulse	5	881655	47	2
2045	45	Picture	11	899679	0	1	4145	2	0	4000	hit	92
2045	45	Pulse	5	901655	1976	2
2045	45	Response	1	904055	4376	2
2045	46	Picture	10	917750	0	1	4145	2	0	4000	other	0
2045	46	Pulse	5	921645	3895	2
2045	47	Picture	10	935821	0	1	4144	3	0	4000	other	0
2045	47	Pulse	5	941644	5823	2
2045	48	Picture	11	953892	0	1	4144	2	0	4000	hit	98
2045	48	Response	1	958444	4552	2
2045	48	Pulse	5	961645	7753	1
2045	49	Picture	10	971963	0	1	4144	3	0	4000	other	0
2045	49	Pulse	5	981634	9671	2
2045	50	Picture	10	990034	0	1	4144	2	0	4000	other	0
2045	50	Pulse	5	1001634	11600	2
2045	51	Picture	10	1008104	0	2	4145	3	0	4000	other	0
2045	51	Pulse	5	1021633	13529	2
2045	52	Picture	10	1026175	0	1	4145	2	0	4000	other	0
2045	52	Pulse	5	1041623	15448	2
2045	53	Pulse	5	1061623	17377	2
2045	54	Picture	20	1069280	0	1	4145	2	0	4000	other	0
2045	54	Pulse	5	1081623	12343	2
2045	55	Picture	20	1087351	0	1	4145	2	0	4000	other	0
2045	55	Pulse	5	1101613	14262	1
2045	56	Picture	21	1105422	0	1	4145	2	0	4000	hit	114
2045	56	Response	1	1109772	4350	2
2045	56	Pulse	5	1121612	16190	2
2045	57	Picture	20	1123493	0	1	4145	2	0	4000	other	0
2045	58	Picture	20	1141564	0	1	4145	2	0	4000	other	0
2045	58	Pulse	5	1141612	48	2
2045	59	Picture	20	1159635	0	1	4145	2	0	4000	other	0
2045	59	Pulse	5	1161602	1967	2
2045	60	Picture	21	1177706	0	1	4144	3	0	4000	hit	122
2045	60	Response	1	1181441	3735	3
2045	60	Pulse	5	1181601	3895	3
2045	61	Picture	20	1195777	0	1	4144	3	0	4000	other	0
2045	61	Pulse	5	1201601	5824	3
2045	62	Picture	20	1213847	0	2	4145	3	0	4000	other	0
2045	62	Pulse	5	1221591	7744	2
2045	63	Picture	20	1231918	0	2	4145	3	0	4000	other	0
2045	63	Pulse	5	1241591	9673	2
2045	64	Picture	20	1249989	0	2	4145	3	0	4000	other	0
2045	64	Pulse	5	1261590	11601	2
2045	65	Picture	20	1268060	0	1	4145	2	0	4000	other	0
2045	65	Pulse	5	1281580	13520	2
2045	66	Picture	21	1286131	0	1	4145	2	0	4000	hit	135
2045	66	Response	1	1292620	6489	2
2045	66	Pulse	5	1301580	15449	2
2045	67	Picture	20	1304202	0	1	4145	2	0	4000	other	0
2045	67	Pulse	5	1321580	17378	2
2045	68	Picture	20	1322273	0	1	4145	2	0	4000	other	0
2045	69	Picture	21	1340344	0	1	4145	2	0	4000	hit	142
2045	69	Pulse	5	1341569	1225	2
2045	69	Response	1	1344609	4265	2
2045	70	Pulse	5	1361569	3154	2
2045	70	Pulse	5	1381569	23154	2
2045	71	Picture	10	1383449	0	1	4145	2	0	4000	other	0
2045	72	Picture	10	1401520	0	1	4144	3	0	4000	other	0
2045	72	Pulse	5	1401559	39	2
2045	73	Picture	11	1419591	0	1	4144	3	0	4000	hit	150
2045	73	Pulse	5	1421559	1968	1
2045	73	Response	1	1424919	5328	1
2045	74	Picture	10	1437662	0	1	4144	3	0	4000	other	0
2045	74	Pulse	5	1441558	3896	2
2045	75	Picture	11	1455733	0	1	4144	2	0	4000	hit	154
2045	75	Response	1	1460588	4855	2
2045	75	Pulse	5	1461548	5815	2
2045	76	Picture	10	1473803	0	2	4145	3	0	4000	other	0
2045	76	Pulse	5	1481548	7745	1
2045	77	Picture	10	1491874	0	1	4145	2	0	4000	other	0
2045	77	Pulse	5	1501548	9674	1
2045	78	Picture	11	1509945	0	1	4145	2	0	4000	hit	161
2045	78	Response	1	1515307	5362	2
2045	78	Pulse	5	1521537	11592	2
2045	79	Picture	10	1528016	0	1	4145	2	0	4000	other	0
2045	79	Pulse	5	1541538	13522	1
2045	80	Picture	10	1546087	0	1	4145	2	0	4000	other	0
2045	80	Pulse	5	1561537	15450	2
2045	81	Picture	10	1564158	0	1	4145	2	0	4000	other	0
2045	81	Pulse	5	1581525	17367	4
2045	82	Picture	10	1582229	0	1	4145	2	0	4000	other	0
2045	83	Picture	10	1600300	0	1	4144	3	0	4000	other	0
2045	83	Pulse	5	1601525	1225	4
2045	84	Picture	11	1618371	0	1	4144	3	0	4000	hit	174
2045	84	Pulse	5	1621525	3154	4
2045	84	Response	1	1622806	4435	2
2045	85	Picture	10	1636442	0	1	4144	3	0	4000	other	0
2045	85	Pulse	5	1641516	5074	2
2045	86	Picture	10	1654513	0	1	4144	2	0	4000	other	0
2045	86	Pulse	5	1661515	7002	3
2045	87	Pulse	5	1681675	9092	3
2045	88	Picture	30	1697618	0	1	4144	2	0	4000	other	0
2045	88	Pulse	5	1701664	4046	3
2045	89	Picture	30	1715688	0	2	4145	3	0	4000	other	0
2045	89	Pulse	5	1721664	5976	3
2045	90	Picture	30	1733759	0	2	4145	3	0	4000	other	0
2045	90	Pulse	5	1741663	7904	3
2045	91	Picture	31	1751830	0	1	4145	2	0	4000	hit	187
2045	91	Response	1	1755734	3904	2
2045	91	Pulse	5	1761654	9824	2
2045	92	Picture	31	1769901	0	1	4145	2	0	4000	hit	190
2045	92	Response	1	1773974	4073	2
2045	92	Pulse	5	1781654	11753	2
2045	93	Picture	30	1787972	0	1	4145	2	0	4000	other	0
2045	93	Pulse	5	1801654	13682	2
2045	94	Picture	30	1806043	0	1	4145	2	0	4000	other	0
2045	94	Pulse	5	1821643	15600	2
2045	95	Picture	30	1824114	0	1	4144	3	0	4000	other	0
2045	95	Pulse	5	1841643	17529	2
2045	96	Picture	31	1842185	0	1	4144	3	0	4000	hit	199
2045	96	Response	1	1848843	6658	2
2045	97	Picture	30	1860256	0	1	4144	3	0	4000	other	0
2045	97	Pulse	5	1861643	1387	2
2045	98	Picture	30	1878327	0	1	4144	2	0	4000	other	0
2045	98	Pulse	5	1881633	3306	2
2045	99	Picture	30	1896397	0	2	4145	3	0	4000	other	0
2045	99	Pulse	5	1901632	5235	2
2045	100	Picture	30	1914468	0	2	4145	3	0	4000	other	0
2045	100	Pulse	5	1921632	7164	2
2045	101	Picture	31	1932539	0	2	4145	3	0	4000	hit	209
2045	101	Response	1	1936821	4282	4
2045	101	Pulse	5	1941622	9083	2
2045	102	Picture	30	1950610	0	1	4145	2	0	4000	other	0
2045	102	Pulse	5	1961622	11012	1
2045	103	Picture	30	1968681	0	1	4145	2	0	4000	false_alarm	214
2045	103	Response	1	1974582	5901	1
2045	103	Pulse	5	1981621	12940	2
2045	104	Pulse	5	2001611	14859	2
2045	105	Picture	10	2011786	0	1	4145	2	0	4000	other	0
2045	105	Pulse	5	2021611	9825	2
2045	106	Picture	10	2029857	0	1	4145	2	0	4000	other	0
2045	106	Pulse	5	2041611	11754	2
2045	107	Picture	11	2047928	0	1	4145	2	0	4000	hit	222
2045	107	Response	1	2052641	4713	1
2045	107	Pulse	5	2061600	13672	2
2045	108	Picture	10	2065999	0	1	4144	3	0	4000	other	0
2045	108	Pulse	5	2081600	15601	2
2045	109	Picture	11	2084070	0	1	4144	3	0	4000	hit	227
2045	109	Response	1	2088480	4410	2
2045	109	Pulse	5	2101600	17530	2
2045	110	Picture	10	2102141	0	1	4144	3	0	4000	other	0
2045	111	Picture	10	2120212	0	1	4144	2	0	4000	other	0
2045	111	Pulse	5	2121590	1378	2
2045	112	Picture	11	2138283	0	1	4144	2	0	4000	hit	234
2045	112	Pulse	5	2141589	3306	3
2045	112	Response	1	2143989	5706	3
2045	113	Picture	10	2156353	0	2	4145	3	0	4000	other	0
2045	113	Pulse	5	2161589	5236	2
2045	114	Picture	10	2174424	0	2	4145	3	0	4000	other	0
2045	114	Pulse	5	2181579	7155	2
2045	115	Picture	10	2192495	0	1	4145	2	0	4000	other	0
2045	115	Pulse	5	2201579	9084	2
2045	116	Picture	10	2210566	0	1	4145	2	0	4000	other	0
2045	116	Pulse	5	2221578	11012	2
2045	117	Picture	10	2228637	0	1	4145	2	0	4000	other	0
2045	117	Pulse	5	2241569	12932	1
2045	118	Picture	11	2246708	0	2	4145	3	0	4000	hit	246
2045	118	Response	1	2251167	4459	4
2045	118	Pulse	5	2261568	14860	2
2045	119	Picture	10	2264779	0	1	4145	2	0	4000	other	0
2045	119	Pulse	5	2281568	16789	1
2045	120	Picture	10	2282850	0	1	4144	3	0	4000	other	0
2045	121	Pulse	5	2301558	637	1
2045	121	Pulse	5	2321557	20636	2
2045	122	Picture	20	2325955	0	1	4144	3	0	4000	other	0
2045	122	Pulse	5	2341557	15602	2
2045	123	Picture	20	2344026	0	1	4144	3	0	4000	other	0
2045	123	Pulse	5	2361547	17521	1
2045	124	Picture	20	2362096	0	2	4145	3	0	4000	other	0
2045	125	Picture	21	2380167	0	2	4145	3	0	4000	hit	260
2045	125	Pulse	5	2381546	1379	2
2045	125	Response	1	2383785	3618	4
2045	126	Picture	20	2398238	0	2	4145	3	0	4000	other	0
2045	126	Pulse	5	2401546	3308	2
2045	127	Picture	20	2416309	0	1	4145	2	0	4000	other	0
2045	127	Pulse	5	2421536	5227	2
2045	128	Picture	21	2434380	0	1	4145	2	0	4000	hit	266
2045	128	Response	1	2438496	4116	2
2045	128	Pulse	5	2441536	7156	1
2045	129	Picture	20	2452451	0	1	4145	2	0	4000	other	0
2045	129	Pulse	5	2461535	9084	2
2045	130	Picture	20	2470522	0	1	4145	2	0	4000	other	0
2045	130	Pulse	5	2481525	11003	2
2045	131	Picture	20	2488593	0	1	4145	2	0	4000	other	0
2045	131	Pulse	5	2501525	12932	2
2045	132	Picture	21	2506664	0	1	4145	2	0	4000	hit	275
2045	132	Response	1	2511125	4461	2
2045	132	Pulse	5	2521525	14861	1
2045	133	Picture	20	2524735	0	1	4144	3	0	4000	other	0
2045	133	Pulse	5	2541514	16779	2
2045	134	Picture	20	2542806	0	1	4144	3	0	4000	other	0
2045	135	Picture	21	2560877	0	1	4144	3	0	4000	hit	282
2045	135	Pulse	5	2561514	637	2
2045	135	Response	1	2565354	4477	2
2045	136	Picture	20	2578948	0	1	4144	2	0	4000	other	0
2045	136	Pulse	5	2581514	2566	2
2045	137	Picture	20	2597018	0	2	4145	3	0	4000	other	0
2045	137	Pulse	5	2601504	4486	2
