Scenario - 1-back
Logfile written - 11/06/2014 18:16:48

Subject	Trial	Event Type	Code	Time	TTime	Uncertainty	Duration	Uncertainty	ReqTime	ReqDur	Stim Type	Pair Index

2045	1	Pulse	5	94923	104757	2
2045	2	Pulse	5	114913	19970	1
2045	3	Picture	10	119977	0	1	4145	2	0	4000	other	0
2045	3	Pulse	5	134912	14935	2
2045	4	Picture	10	138048	0	1	4145	2	0	4000	other	0
2045	4	Pulse	5	154912	16864	2
2045	5	Picture	11	156119	0	1	4145	2	0	4000	hit	8
2045	5	Response	1	160192	4073	2
2045	6	Picture	10	174190	0	1	4145	2	0	4000	other	0
2045	6	Pulse	5	174902	712	2
2045	7	Picture	11	192261	0	1	4145	2	0	4000	hit	13
2045	7	Pulse	5	194901	2640	2
2045	7	Response	1	197302	5041	1
2045	8	Picture	10	210331	0	2	4145	4	0	4000	other	0
2045	8	Pulse	5	214901	4570	2
2045	9	Picture	10	228403	0	1	4144	2	0	4000	other	0
2045	9	Pulse	5	234891	6488	2
2045	10	Picture	10	246474	0	1	4144	2	0	4000	other	0
2045	10	Pulse	5	254891	8417	2
2045	11	Picture	11	264544	0	2	4145	3	0	4000	hit	21
2045	11	Response	1	268650	4106	3
2045	11	Pulse	5	274890	10346	3
2045	12	Picture	10	282615	0	2	4145	3	0	4000	other	0
2045	12	Pulse	5	294880	12265	2
2045	13	Picture	10	300686	0	1	4145	2	0	4000	other	0
2045	13	Pulse	5	314880	14194	2
2045	14	Picture	11	318757	0	1	4145	2	0	4000	hit	28
2045	14	Response	1	323680	4923	2
2045	14	Pulse	5	334880	16123	2
2045	15	Picture	10	336828	0	1	4145	2	0	4000	other	0
2045	15	Pulse	5	354868	18040	4
2045	16	Picture	10	354899	0	1	4145	2	0	4000	other	0
2045	17	Picture	10	372969	0	2	4146	3	0	4000	other	0
2045	17	Pulse	5	374868	1899	4
2045	18	Picture	10	391041	0	1	4144	3	0	4000	other	0
2045	18	Pulse	5	394868	3827	4
2045	19	Pulse	5	414859	5747	2
2045	20	Picture	20	434146	0	1	4144	3	0	4000	other	0
2045	20	Pulse	5	434859	713	1
2045	21	Picture	20	452217	0	1	4144	3	0	4000	other	0
2045	21	Pulse	5	455018	2801	2
2045	22	Picture	21	470288	0	1	4144	2	0	4000	hit	44
2045	22	Pulse	5	475007	4719	3
2045	22	Response	1	475967	5679	3
2045	23	Picture	20	488359	0	1	4144	2	0	4000	other	0
2045	23	Pulse	5	495007	6648	3
2045	24	Picture	20	506429	0	2	4145	3	0	4000	other	0
2045	24	Pulse	5	515006	8577	4
2045	25	Picture	20	524500	0	2	4145	3	0	4000	other	0
2045	25	Pulse	5	534998	10498	1
2045	26	Picture	21	542571	0	1	4145	2	0	4000	hit	52
2045	26	Response	1	548436	5865	4
2045	26	Pulse	5	554997	12426	2
2045	27	Picture	20	560642	0	1	4145	2	0	4000	other	0
2045	27	Pulse	5	574997	14355	2
2045	28	Picture	20	578713	0	1	4145	2	0	4000	other	0
2045	28	Pulse	5	594987	16274	1
2045	29	Picture	20	596784	0	1	4145	2	0	4000	other	0
2045	30	Picture	20	614855	0	1	4145	2	0	4000	other	0
2045	30	Pulse	5	614986	131	2
2045	31	Picture	20	632926	0	1	4144	3	0	4000	other	0
2045	31	Pulse	5	634986	2060	2
2045	32	Picture	21	650997	0	1	4144	3	0	4000	hit	65
2045	32	Pulse	5	654976	3979	2
2045	32	Response	1	655456	4459	2
2045	33	Picture	20	669068	0	1	4144	3	0	4000	other	0
2045	33	Pulse	5	674976	5908	1
2045	34	Picture	20	687138	0	2	4145	3	0	4000	other	0
2045	34	Pulse	5	694975	7837	2
2045	35	Picture	21	705209	0	2	4145	3	0	4000	hit	71
2045	35	Response	1	709685	4476	2
2045	35	Pulse	5	714965	9756	2
2045	36	Pulse	5	734965	11685	2
2045	37	Picture	10	748314	0	2	4145	3	0	4000	other	0
2045	37	Pulse	5	754964	6650	3
2045	38	Picture	10	766385	0	2	4145	3	0	4000	other	0
2045	38	Pulse	5	774954	8569	2
2045	39	Picture	11	784456	0	1	4145	2	0	4000	hit	79
2045	39	Response	1	790474	6018	2
2045	39	Pulse	5	794954	10498	2
2045	40	Picture	10	802527	0	1	4145	2	0	4000	other	0
2045	40	Pulse	5	814954	12427	2
2045	41	Picture	11	820598	0	1	4145	2	0	4000	hit	84
2045	41	Response	1	826944	6346	1
2045	41	Pulse	5	834943	14345	2
2045	42	Picture	10	838669	0	1	4145	2	0	4000	other	0
2045	42	Pulse	5	854943	16274	2
2045	43	Picture	10	856740	0	1	4145	2	0	4000	other	0
2045	44	Picture	10	874811	0	1	4144	3	0	4000	other	0
2045	44	Pulse	5	874943	132	2
2045	45	Picture	11	892882	0	1	4144	3	0	4000	hit	93
2045	45	Pulse	5	894933	2051	2
2045	45	Response	1	897173	4291	1
2045	46	Picture	10	910953	0	1	4144	3	0	4000	other	0
2045	46	Pulse	5	914933	3980	1
2045	47	Picture	10	929024	0	1	4144	2	0	4000	other	0
2045	47	Pulse	5	934932	5908	2
2045	48	Picture	11	947094	0	2	4145	3	0	4000	hit	99
2045	48	Response	1	952041	4947	4
2045	48	Pulse	5	954922	7828	2
2045	49	Picture	10	965165	0	2	4145	3	0	4000	other	0
2045	49	Pulse	5	974922	9757	2
2045	50	Picture	10	983236	0	1	4145	2	0	4000	other	0
2045	50	Pulse	5	994921	11685	2
2045	51	Picture	10	1001307	0	1	4145	2	0	4000	other	0
2045	51	Pulse	5	1014911	13604	2
2045	52	Picture	10	1019378	0	1	4145	2	0	4000	other	0
2045	52	Pulse	5	1034911	15533	2
2045	53	Pulse	5	1054911	17462	2
2045	54	Picture	30	1062483	0	1	4145	2	0	4000	other	0
2045	54	Pulse	5	1074901	12418	1
2045	55	Picture	30	1080554	0	1	4145	2	0	4000	other	0
2045	55	Pulse	5	1094900	14346	2
2045	56	Picture	31	1098625	0	1	4145	2	0	4000	hit	115
2045	56	Response	1	1102900	4275	2
2045	56	Pulse	5	1114900	16275	2
2045	57	Picture	30	1116696	0	1	4145	2	0	4000	other	0
2045	58	Picture	30	1134767	0	1	4144	3	0	4000	other	0
2045	58	Pulse	5	1134890	123	2
2045	59	Picture	30	1152838	0	1	4144	2	0	4000	other	0
2045	59	Pulse	5	1154890	2052	1
2045	60	Picture	31	1170908	0	2	4145	3	0	4000	hit	124
2045	60	Pulse	5	1174889	3981	2
2045	60	Response	1	1179530	8622	1
2045	61	Picture	31	1188979	0	2	4145	3	0	4000	miss	0
2045	61	Pulse	5	1194879	5900	2
2045	62	Picture	30	1207050	0	2	4145	3	0	4000	other	0
2045	62	Pulse	5	1214879	7829	2
2045	63	Picture	30	1225121	0	1	4145	2	0	4000	other	0
2045	63	Pulse	5	1234878	9757	3
2045	64	Picture	30	1243192	0	1	4145	2	0	4000	other	0
2045	64	Pulse	5	1254868	11676	2
2045	65	Picture	31	1261263	0	1	4145	2	0	4000	hit	134
2045	65	Response	1	1264788	3525	2
2045	65	Pulse	5	1274868	13605	2
2045	66	Picture	30	1279334	0	1	4145	2	0	4000	other	0
2045	66	Pulse	5	1294868	15534	2
2045	67	Picture	30	1297405	0	1	4145	2	0	4000	other	0
2045	67	Pulse	5	1314857	17452	2
2045	68	Picture	30	1315476	0	1	4144	3	0	4000	other	0
2045	69	Picture	30	1333547	0	1	4144	3	0	4000	other	0
2045	69	Pulse	5	1334857	1310	2
2045	70	Pulse	5	1354857	3239	2
2045	70	Pulse	5	1374846	23228	3
2045	71	Picture	10	1376652	0	1	4144	3	0	4000	other	0
2045	72	Picture	10	1394722	0	2	4145	3	0	4000	other	0
2045	72	Pulse	5	1394845	123	4
2045	73	Picture	11	1412793	0	2	4145	3	0	4000	hit	150
2045	73	Pulse	5	1414845	2052	4
2045	73	Response	1	1417886	5093	2
2045	74	Picture	10	1430864	0	2	4145	3	0	4000	other	0
2045	74	Pulse	5	1434836	3972	2
2045	75	Picture	11	1448935	0	1	4145	2	0	4000	hit	154
2045	75	Response	1	1453716	4781	2
2045	75	Pulse	5	1454835	5900	3
2045	76	Picture	10	1467006	0	1	4145	2	0	4000	other	0
2045	76	Pulse	5	1474834	7828	4
2045	77	Picture	10	1485077	0	1	4145	2	0	4000	other	0
2045	77	Pulse	5	1494984	9907	3
2045	78	Picture	11	1503148	0	1	4145	2	0	4000	hit	161
2045	78	Response	1	1509706	6558	1
2045	78	Pulse	5	1514984	11836	3
2045	79	Picture	10	1521219	0	1	4145	2	0	4000	other	0
2045	79	Pulse	5	1534985	13766	1
2045	80	Picture	10	1539290	0	1	4144	3	0	4000	other	0
2045	80	Pulse	5	1554974	15684	2
2045	81	Picture	10	1557361	0	1	4144	3	0	4000	other	0
2045	81	Pulse	5	1574974	17613	2
2045	82	Picture	10	1575432	0	1	4144	3	0	4000	other	0
2045	83	Picture	10	1593503	0	1	4144	2	0	4000	other	0
2045	83	Pulse	5	1594974	1471	2
2045	84	Picture	11	1611574	0	1	4144	2	0	4000	hit	174
2045	84	Pulse	5	1614964	3390	1
2045	84	Response	1	1616724	5150	2
2045	85	Picture	10	1629644	0	2	4145	3	0	4000	other	0
2045	85	Pulse	5	1634963	5319	4
2045	86	Picture	10	1647715	0	2	4145	3	0	4000	other	0
2045	86	Pulse	5	1654963	7248	2
2045	87	Pulse	5	1674953	9167	2
2045	88	Picture	20	1690820	0	1	4145	2	0	4000	other	0
2045	88	Pulse	5	1694953	4133	2
2045	89	Picture	20	1708891	0	1	4145	2	0	4000	other	0
2045	89	Pulse	5	1714952	6061	3
2045	90	Picture	20	1726962	0	1	4145	2	0	4000	other	0
2045	90	Pulse	5	1734942	7980	2
2045	91	Picture	21	1745033	0	1	4145	2	0	4000	hit	187
2045	91	Response	1	1749022	3989	2
2045	91	Pulse	5	1754942	9909	2
2045	92	Picture	20	1763104	0	1	4145	2	0	4000	other	0
2045	92	Pulse	5	1774942	11838	2
2045	93	Picture	20	1781175	0	1	4145	2	0	4000	other	0
2045	93	Pulse	5	1794931	13756	2
2045	94	Picture	21	1799246	0	1	4144	3	0	4000	hit	194
2045	94	Response	1	1803411	4165	2
2045	94	Pulse	5	1814931	15685	2
2045	95	Picture	20	1817317	0	1	4144	2	0	4000	other	0
2045	95	Pulse	5	1834931	17614	2
2045	96	Picture	20	1835388	0	1	4144	3	0	4000	other	0
2045	97	Picture	20	1853458	0	2	4145	3	0	4000	other	0
2045	97	Pulse	5	1854921	1463	1
2045	98	Picture	21	1871529	0	2	4145	3	0	4000	hit	203
2045	98	Pulse	5	1874920	3391	2
2045	98	Response	1	1875240	3711	2
2045	99	Picture	20	1889600	0	2	4145	3	0	4000	other	0
2045	99	Pulse	5	1894920	5320	2
2045	100	Picture	20	1907671	0	1	4145	2	0	4000	other	0
2045	100	Pulse	5	1914910	7239	2
2045	101	Picture	21	1925742	0	1	4145	2	0	4000	hit	209
2045	101	Response	1	1930590	4848	2
2045	101	Pulse	5	1934910	9168	1
2045	102	Picture	20	1943813	0	1	4145	2	0	4000	other	0
2045	102	Pulse	5	1954909	11096	2
2045	103	Picture	20	1961884	0	1	4145	2	0	4000	other	0
2045	103	Pulse	5	1974899	13015	2
2045	104	Pulse	5	1994899	14944	2
2045	105	Picture	10	2004989	0	1	4145	2	0	4000	other	0
2045	105	Pulse	5	2014899	9910	2
2045	106	Picture	10	2023060	0	1	4145	2	0	4000	other	0
2045	106	Pulse	5	2034888	11828	2
2045	107	Picture	11	2041131	0	1	4144	3	0	4000	hit	221
2045	107	Response	1	2046568	5437	2
2045	107	Pulse	5	2054888	13757	2
2045	108	Picture	10	2059202	0	1	4144	2	0	4000	other	0
2045	108	Pulse	5	2074888	15686	2
2045	109	Picture	11	2077272	0	2	4145	3	0	4000	hit	226
2045	109	Response	1	2081757	4485	3
2045	109	Pulse	5	2094878	17606	2
2045	110	Picture	10	2095343	0	2	4145	3	0	4000	other	0
2045	111	Picture	10	2113414	0	2	4145	3	0	4000	other	0
2045	111	Pulse	5	2114877	1463	2
2045	112	Picture	11	2131485	0	1	4145	2	0	4000	hit	233
2045	112	Pulse	5	2134877	3392	2
2045	112	Response	1	2136157	4672	2
2045	113	Picture	10	2149556	0	1	4145	2	0	4000	other	0
2045	113	Pulse	5	2154867	5311	2
2045	114	Picture	10	2167627	0	1	4145	2	0	4000	other	0
2045	114	Pulse	5	2174867	7240	2
2045	115	Picture	10	2185698	0	1	4145	2	0	4000	other	0
2045	115	Pulse	5	2194866	9168	3
2045	116	Picture	10	2203769	0	1	4145	2	0	4000	other	0
2045	116	Pulse	5	2214856	11087	2
2045	117	Picture	10	2221840	0	1	4145	2	0	4000	other	0
2045	117	Pulse	5	2234856	13016	2
2045	118	Picture	11	2239911	0	1	4145	2	0	4000	hit	245
2045	118	Response	1	2244296	4385	2
2045	118	Pulse	5	2254856	14945	2
2045	119	Picture	10	2257982	0	1	4144	3	0	4000	other	0
2045	119	Pulse	5	2274845	16863	2
2045	120	Picture	10	2276053	0	1	4144	2	0	4000	other	0
2045	121	Pulse	5	2294845	722	2
2045	121	Pulse	5	2314845	20722	2
2045	122	Picture	30	2319157	0	2	4145	3	0	4000	other	0
2045	122	Pulse	5	2334835	15678	2
2045	123	Picture	30	2337228	0	2	4145	3	0	4000	other	0
2045	123	Pulse	5	2354834	17606	2
2045	124	Picture	30	2355299	0	1	4145	2	0	4000	other	0
2045	125	Picture	31	2373370	0	1	4145	2	0	4000	hit	259
2045	125	Pulse	5	2374834	1464	2
2045	125	Response	1	2377864	4494	2
2045	126	Picture	31	2391441	0	1	4145	2	0	4000	hit	262
2045	126	Pulse	5	2394824	3383	2
2045	126	Response	1	2395784	4343	2
2045	127	Picture	30	2409512	0	1	4145	2	0	4000	other	0
2045	127	Pulse	5	2414824	5312	2
2045	128	Picture	30	2427583	0	1	4145	2	0	4000	other	0
2045	128	Pulse	5	2434823	7240	2
2045	129	Picture	30	2445654	0	1	4145	2	0	4000	other	0
2045	129	Pulse	5	2454812	9158	4
2045	130	Picture	31	2463725	0	1	4145	2	0	4000	hit	270
2045	130	Response	1	2471773	8048	2
2045	130	Pulse	5	2474812	11087	3
2045	131	Picture	30	2481796	0	1	4144	3	0	4000	other	0
2045	131	Pulse	5	2494812	13016	3
2045	132	Picture	30	2499867	0	1	4144	3	0	4000	other	0
2045	132	Pulse	5	2514802	14935	2
2045	133	Picture	30	2517938	0	1	4144	2	0	4000	other	0
2045	133	Pulse	5	2534961	17023	3
2045	134	Picture	30	2536009	0	1	4144	2	0	4000	other	0
2045	135	Picture	31	2554079	0	2	4145	3	0	4000	hit	281
2045	135	Pulse	5	2554961	882	3
2045	135	Response	1	2557992	3913	2
2045	136	Picture	30	2572150	0	1	4145	2	0	4000	other	0
2045	136	Pulse	5	2574952	2802	1
2045	137	Picture	30	2590221	0	1	4145	2	0	4000	false_alarm	286
2045	137	Pulse	5	2594951	4730	2
2045	137	Response	1	2600232	10011	1
