Scenario - 1-back
Logfile written - 02/05/2015 12:49:29

Subject	Trial	Event Type	Code	Time	TTime	Uncertainty	Duration	Uncertainty	ReqTime	ReqDur	Stim Type	Pair Index

2047	1	Response	1	65285	75119	2
2047	1	Pulse	5	198381	208215	3
2047	2	Pulse	5	218370	19814	3
2047	3	Picture	10	223922	0	1	4144	2	0	4000	other	0
2047	3	Pulse	5	238369	14447	3
2047	4	Picture	10	241992	0	1	4145	2	0	4000	other	0
2047	4	Pulse	5	258368	16376	3
2047	5	Picture	11	260063	0	1	4144	3	0	4000	hit	9
2047	5	Response	1	263489	3426	2
2047	6	Picture	10	278133	0	1	4145	2	0	4000	other	0
2047	6	Pulse	5	278359	226	2
2047	7	Picture	11	296204	0	1	4144	3	0	4000	hit	14
2047	7	Pulse	5	298518	2314	2
2047	7	Response	1	299158	2954	2
2047	8	Picture	10	314274	0	2	4145	3	0	4000	other	0
2047	8	Pulse	5	318518	4244	1
2047	9	Picture	10	332345	0	1	4145	2	0	4000	other	0
2047	9	Pulse	5	338506	6161	3
2047	10	Picture	10	350416	0	1	4144	2	0	4000	other	0
2047	10	Pulse	5	358505	8089	3
2047	11	Picture	11	368486	0	1	4145	2	0	4000	miss	0
2047	11	Pulse	5	378505	10019	3
2047	12	Picture	10	386557	0	1	4144	3	0	4000	other	0
2047	12	Pulse	5	398495	11938	2
2047	13	Picture	10	404627	0	2	4145	3	0	4000	other	0
2047	13	Pulse	5	418494	13867	2
2047	14	Picture	11	422698	0	1	4145	2	0	4000	hit	28
2047	14	Response	1	426174	3476	2
2047	14	Pulse	5	438494	15796	2
2047	15	Picture	10	440768	0	2	4145	3	0	4000	other	0
2047	15	Pulse	5	458483	17715	2
2047	16	Picture	10	458839	0	1	4145	2	0	4000	other	0
2047	17	Picture	10	476910	0	1	4144	2	0	4000	other	0
2047	17	Pulse	5	478483	1573	1
2047	18	Picture	10	494980	0	1	4145	2	0	4000	other	0
2047	18	Pulse	5	498482	3502	2
2047	19	Pulse	5	518471	5420	2
2047	20	Picture	20	538084	0	2	4145	3	0	4000	other	0
2047	20	Pulse	5	538471	387	1
2047	21	Picture	20	556155	0	1	4144	3	0	4000	other	0
2047	21	Pulse	5	558470	2315	2
2047	22	Picture	21	574225	0	2	4145	3	0	4000	hit	44
2047	22	Pulse	5	578459	4234	2
2047	22	Response	1	581178	6953	4
2047	23	Picture	20	592296	0	1	4145	2	0	4000	other	0
2047	23	Pulse	5	598459	6163	2
2047	24	Picture	20	610367	0	1	4144	2	0	4000	other	0
2047	24	Pulse	5	618458	8091	2
2047	25	Picture	20	628437	0	1	4145	2	0	4000	other	0
2047	25	Pulse	5	638447	10010	3
2047	26	Picture	21	646508	0	1	4144	2	0	4000	hit	52
2047	26	Response	1	649487	2979	3
2047	26	Pulse	5	658447	11939	2
2047	27	Picture	20	664578	0	1	4145	2	0	4000	other	0
2047	27	Pulse	5	678446	13868	3
2047	28	Picture	20	682649	0	1	4144	3	0	4000	other	0
2047	28	Pulse	5	698436	15787	1
2047	29	Picture	20	700719	0	2	4145	3	0	4000	other	0
2047	29	Pulse	5	718435	17716	2
2047	30	Picture	20	718790	0	1	4145	2	0	4000	other	0
2047	31	Picture	20	736861	0	1	4144	2	0	4000	other	0
2047	31	Pulse	5	738434	1573	2
2047	32	Picture	21	754931	0	1	4145	2	0	4000	hit	65
2047	32	Pulse	5	758424	3493	2
2047	32	Response	1	758744	3813	2
2047	33	Picture	20	773002	0	1	4144	3	0	4000	other	0
2047	33	Pulse	5	778423	5421	2
2047	34	Picture	20	791072	0	2	4145	3	0	4000	other	0
2047	34	Pulse	5	798422	7350	3
2047	35	Picture	21	809142	0	3	4145	5	0	4000	hit	71
2047	35	Response	1	814412	5270	2
2047	35	Pulse	5	818412	9270	2
2047	36	Pulse	5	838411	11198	2
2047	37	Picture	10	852247	0	1	4145	2	0	4000	other	0
2047	37	Pulse	5	858411	6164	2
2047	38	Picture	10	870318	0	1	4144	2	0	4000	other	0
2047	38	Pulse	5	878400	8082	2
2047	39	Picture	11	888388	0	1	4145	2	0	4000	miss	0
2047	39	Pulse	5	898399	10011	2
2047	40	Picture	10	906459	0	1	4144	3	0	4000	other	0
2047	40	Pulse	5	918399	11940	2
2047	41	Picture	11	924529	0	2	4145	3	0	4000	hit	83
2047	41	Response	1	928798	4269	2
2047	41	Pulse	5	938388	13859	2
2047	42	Picture	10	942600	0	1	4144	3	0	4000	other	0
2047	42	Pulse	5	958387	15787	2
2047	43	Picture	10	960670	0	2	4145	3	0	4000	other	0
2047	43	Pulse	5	978387	17717	2
2047	44	Picture	10	978741	0	1	4145	2	0	4000	other	0
2047	45	Picture	11	996812	0	1	4144	2	0	4000	hit	92
2047	45	Pulse	5	998376	1564	2
2047	45	Response	1	1000296	3484	2
2047	46	Picture	10	1014882	0	1	4145	2	0	4000	other	0
2047	46	Pulse	5	1018376	3494	1
2047	47	Picture	10	1032953	0	1	4144	3	0	4000	other	0
2047	47	Pulse	5	1038375	5422	2
2047	48	Picture	11	1051023	0	1	4145	2	0	4000	hit	98
2047	48	Response	1	1054844	3821	2
2047	48	Pulse	5	1058364	7341	2
2047	49	Picture	10	1069094	0	1	4144	3	0	4000	other	0
2047	49	Pulse	5	1078364	9270	2
2047	50	Picture	10	1087164	0	2	4145	3	0	4000	other	0
2047	50	Pulse	5	1098363	11199	2
2047	51	Picture	10	1105235	0	1	4145	2	0	4000	other	0
2047	51	Pulse	5	1118352	13117	3
2047	52	Picture	10	1123306	0	1	4144	2	0	4000	other	0
2047	52	Pulse	5	1138352	15046	2
2047	53	Pulse	5	1158351	16975	3
2047	54	Picture	30	1166410	0	1	4144	3	0	4000	other	0
2047	54	Pulse	5	1178341	11931	1
2047	55	Picture	30	1184480	0	2	4145	3	0	4000	other	0
2047	55	Pulse	5	1198340	13860	2
2047	56	Picture	31	1202551	0	1	4144	3	0	4000	hit	114
2047	56	Response	1	1207940	5389	1
2047	56	Pulse	5	1218339	15788	2
2047	57	Picture	30	1220621	0	2	4145	3	0	4000	other	0
2047	57	Pulse	5	1238328	17707	3
2047	58	Picture	30	1238692	0	1	4145	2	0	4000	other	0
2047	59	Picture	30	1256763	0	1	4144	2	0	4000	other	0
2047	59	Pulse	5	1258327	1564	3
2047	60	Picture	31	1274833	0	1	4145	2	0	4000	miss	0
2047	60	Pulse	5	1278326	3493	4
2047	61	Picture	31	1292904	0	1	4144	3	0	4000	hit	125
2047	61	Pulse	5	1298317	5413	2
2047	61	Response	1	1299117	6213	2
2047	62	Picture	30	1310974	0	1	4145	2	0	4000	other	0
2047	62	Pulse	5	1318316	7342	2
2047	63	Picture	30	1329045	0	1	4144	3	0	4000	other	0
2047	63	Pulse	5	1338475	9430	2
2047	64	Picture	30	1347115	0	2	4145	3	0	4000	other	0
2047	64	Pulse	5	1358465	11350	2
2047	65	Picture	31	1365186	0	1	4145	2	0	4000	hit	133
2047	65	Response	1	1369505	4319	1
2047	65	Pulse	5	1378463	13277	3
2047	66	Picture	30	1383257	0	1	4144	2	0	4000	other	0
2047	66	Pulse	5	1398463	15206	3
2047	67	Picture	30	1401327	0	1	4145	2	0	4000	other	0
2047	67	Pulse	5	1418453	17126	2
2047	68	Picture	30	1419398	0	1	4144	3	0	4000	other	0
2047	69	Picture	30	1437468	0	2	4145	3	0	4000	other	0
2047	69	Pulse	5	1438452	984	2
2047	70	Pulse	5	1458452	2913	2
2047	70	Pulse	5	1478441	22902	2
2047	71	Picture	10	1480572	0	2	4145	3	0	4000	other	0
2047	71	Pulse	5	1498441	17869	1
2047	72	Picture	10	1498643	0	1	4145	2	0	4000	false_alarm	147
2047	72	Response	1	1504040	5397	2
2047	73	Picture	11	1516714	0	1	4144	2	0	4000	miss	0
2047	73	Pulse	5	1518440	1726	2
2047	74	Picture	10	1534784	0	1	4145	2	0	4000	other	0
2047	74	Pulse	5	1538429	3645	2
2047	75	Picture	11	1552854	0	5	4145	7	0	4000	hit	153
2047	75	Response	1	1557148	4294	3
2047	75	Pulse	5	1558429	5575	1
2047	76	Picture	10	1570925	0	2	4145	3	0	4000	other	0
2047	76	Pulse	5	1578428	7503	2
2047	77	Picture	10	1588996	0	1	4145	2	0	4000	other	0
2047	77	Pulse	5	1598417	9421	3
2047	78	Picture	11	1607067	0	1	4144	2	0	4000	hit	160
2047	78	Response	1	1610417	3350	2
2047	78	Pulse	5	1618417	11350	2
2047	79	Picture	10	1625136	0	3	4146	4	0	4000	other	0
2047	79	Pulse	5	1638416	13280	2
2047	80	Picture	10	1643208	0	1	4144	2	0	4000	other	0
2047	80	Pulse	5	1658406	15198	1
2047	81	Picture	10	1661278	0	1	4145	2	0	4000	other	0
2047	81	Pulse	5	1678405	17127	2
2047	82	Picture	10	1679349	0	1	4144	3	0	4000	other	0
2047	83	Picture	10	1697419	0	2	4145	3	0	4000	other	0
2047	83	Pulse	5	1698404	985	2
2047	84	Picture	11	1715490	0	1	4145	2	0	4000	hit	173
2047	84	Pulse	5	1718394	2904	2
2047	84	Response	1	1719194	3704	1
2047	85	Picture	10	1733561	0	1	4144	2	0	4000	other	0
2047	85	Pulse	5	1738393	4832	2
2047	86	Picture	10	1751631	0	1	4145	2	0	4000	other	0
2047	86	Pulse	5	1758392	6761	2
2047	87	Pulse	5	1778382	8680	2
2047	88	Picture	20	1794735	0	1	4145	2	0	4000	other	0
2047	88	Pulse	5	1798381	3646	2
2047	89	Picture	20	1812806	0	1	4144	3	0	4000	other	0
2047	89	Pulse	5	1818381	5575	1
2047	90	Picture	20	1830876	0	2	4145	3	0	4000	other	0
2047	90	Pulse	5	1838370	7494	2
2047	91	Picture	21	1848947	0	1	4145	2	0	4000	hit	186
2047	91	Response	1	1852607	3660	5
2047	91	Pulse	5	1858369	9422	3
2047	92	Picture	20	1867018	0	1	4144	2	0	4000	other	0
2047	92	Pulse	5	1878369	11351	1
2047	93	Picture	20	1885088	0	1	4145	2	0	4000	other	0
2047	93	Pulse	5	1898358	13270	2
2047	94	Picture	21	1903158	0	3	4145	5	0	4000	hit	193
2047	94	Response	1	1906838	3680	2
2047	94	Pulse	5	1918357	15199	3
2047	95	Picture	20	1921229	0	2	4145	3	0	4000	other	0
2047	95	Pulse	5	1938357	17128	2
2047	96	Picture	20	1939300	0	1	4145	2	0	4000	other	0
2047	97	Picture	20	1957370	0	2	4145	3	0	4000	other	0
2047	97	Pulse	5	1958346	976	2
2047	98	Picture	21	1975441	0	1	4145	2	0	4000	hit	201
2047	98	Response	1	1978346	2905	1
2047	98	Pulse	5	1978346	2905	1
2047	99	Picture	20	1993512	0	1	4144	2	0	4000	other	0
2047	99	Pulse	5	1998345	4833	2
2047	100	Picture	20	2011582	0	2	4145	3	0	4000	other	0
2047	100	Pulse	5	2018334	6752	2
2047	101	Picture	21	2029653	0	1	4144	3	0	4000	hit	208
2047	101	Response	1	2033054	3401	2
2047	101	Pulse	5	2038334	8681	1
2047	102	Picture	20	2047723	0	2	4145	3	0	4000	other	0
2047	102	Pulse	5	2058333	10610	2
2047	103	Picture	20	2065794	0	1	4145	2	0	4000	other	0
2047	103	Pulse	5	2078322	12528	3
2047	104	Pulse	5	2098322	14458	2
2047	105	Picture	10	2108898	0	1	4145	2	0	4000	other	0
2047	105	Pulse	5	2118321	9423	2
2047	106	Picture	10	2126969	0	1	4144	3	0	4000	other	0
2047	106	Pulse	5	2138310	11341	2
2047	107	Picture	11	2145039	0	1	4145	2	0	4000	miss	0
2047	107	Pulse	5	2158310	13271	2
2047	108	Picture	10	2163110	0	2	4144	4	0	4000	other	0
2047	108	Pulse	5	2178309	15199	2
2047	109	Picture	11	2181180	0	2	4145	3	0	4000	hit	224
2047	109	Response	1	2186149	4969	2
2047	109	Pulse	5	2198299	17119	1
2047	110	Picture	10	2199251	0	1	4145	2	0	4000	other	0
2047	111	Picture	10	2217321	0	2	4145	3	0	4000	other	0
2047	111	Pulse	5	2218298	977	2
2047	112	Picture	11	2235392	0	1	4145	2	0	4000	hit	231
2047	112	Pulse	5	2238298	2906	1
2047	112	Response	1	2239417	4025	2
2047	113	Picture	10	2253463	0	1	4144	2	0	4000	other	0
2047	113	Pulse	5	2258287	4824	2
2047	114	Picture	10	2271533	0	1	4145	2	0	4000	other	0
2047	114	Pulse	5	2278286	6753	2
2047	115	Picture	10	2289604	0	1	4144	3	0	4000	other	0
2047	115	Pulse	5	2298286	8682	1
2047	116	Picture	10	2307674	0	2	4145	3	0	4000	other	0
2047	116	Pulse	5	2318274	10600	3
2047	117	Picture	10	2325745	0	1	4145	2	0	4000	other	0
2047	117	Pulse	5	2338273	12528	3
2047	118	Picture	11	2343816	0	1	4144	2	0	4000	hit	243
2047	118	Response	1	2348674	4858	2
2047	118	Pulse	5	2358273	14457	3
2047	119	Picture	10	2361886	0	1	4145	2	0	4000	other	0
2047	119	Pulse	5	2378422	16536	3
2047	120	Picture	10	2379957	0	1	4144	3	0	4000	other	0
2047	121	Pulse	5	2398421	394	3
2047	121	Pulse	5	2418421	20394	3
2047	122	Picture	30	2423061	0	1	4144	3	0	4000	other	0
2047	122	Pulse	5	2438411	15350	2
2047	123	Picture	30	2441131	0	2	4145	3	0	4000	other	0
2047	123	Pulse	5	2458410	17279	2
2047	124	Picture	30	2459202	0	1	4145	2	0	4000	other	0
2047	125	Picture	31	2477273	0	1	4144	2	0	4000	hit	257
2047	125	Pulse	5	2478409	1136	3
2047	125	Response	1	2486570	9297	1
2047	126	Picture	31	2495343	0	1	4145	2	0	4000	hit	260
2047	126	Pulse	5	2498399	3056	2
2047	126	Response	1	2499199	3856	2
2047	127	Picture	30	2513414	0	1	4144	3	0	4000	other	0
2047	127	Pulse	5	2518399	4985	1
2047	128	Picture	30	2531484	0	2	4145	3	0	4000	other	0
2047	128	Pulse	5	2538398	6914	2
2047	129	Picture	30	2549555	0	1	4145	2	0	4000	other	0
2047	129	Pulse	5	2558387	8832	3
2047	130	Picture	31	2567625	0	2	4145	3	0	4000	hit	268
2047	130	Response	1	2570707	3082	2
2047	130	Pulse	5	2578387	10762	2
2047	131	Picture	30	2585696	0	1	4145	2	0	4000	other	0
2047	131	Pulse	5	2598386	12690	2
2047	132	Picture	30	2603767	0	1	4144	2	0	4000	other	0
2047	132	Pulse	5	2618375	14608	2
2047	133	Picture	30	2621837	0	1	4145	2	0	4000	other	0
2047	133	Pulse	5	2638375	16538	2
2047	134	Picture	30	2639908	0	1	4144	3	0	4000	other	0
2047	135	Picture	31	2657978	0	2	4145	3	0	4000	miss	0
2047	135	Pulse	5	2658374	396	2
2047	136	Picture	30	2676049	0	1	4145	2	0	4000	other	0
2047	136	Pulse	5	2678364	2315	1
2047	137	Picture	30	2694120	0	1	4144	2	0	4000	other	0
2047	137	Pulse	5	2698363	4243	2
