Scenario - 1-back
Logfile written - 02/05/2015 13:03:14

Subject	Trial	Event Type	Code	Time	TTime	Uncertainty	Duration	Uncertainty	ReqTime	ReqDur	Stim Type	Pair Index

2047	1	Pulse	5	162862	172696	4
2047	2	Pulse	5	182862	19949	3
2047	3	Picture	10	187947	0	1	4144	2	0	4000	other	0
2047	3	Pulse	5	202852	14905	2
2047	4	Picture	10	206017	0	1	4145	2	0	4000	other	0
2047	4	Pulse	5	222851	16834	2
2047	5	Picture	11	224088	0	1	4144	3	0	4000	hit	8
2047	5	Response	1	227651	3563	2
2047	6	Picture	10	242158	0	2	4145	3	0	4000	other	0
2047	6	Pulse	5	242851	693	2
2047	7	Picture	11	260229	0	1	4145	2	0	4000	hit	13
2047	7	Pulse	5	262840	2611	2
2047	7	Response	1	263800	3571	2
2047	8	Picture	10	278299	0	2	4145	3	0	4000	other	0
2047	8	Pulse	5	282839	4540	2
2047	9	Picture	10	296370	0	1	4145	2	0	4000	other	0
2047	9	Pulse	5	302839	6469	2
2047	10	Picture	10	314441	0	1	4144	3	0	4000	other	0
2047	10	Pulse	5	322828	8387	2
2047	11	Picture	11	332511	0	2	4145	3	0	4000	hit	21
2047	11	Response	1	336428	3917	2
2047	11	Pulse	5	342828	10317	1
2047	12	Picture	10	350582	0	1	4145	2	0	4000	other	0
2047	12	Pulse	5	362827	12245	2
2047	13	Picture	10	368653	0	1	4144	2	0	4000	other	0
2047	13	Pulse	5	382816	14163	2
2047	14	Picture	11	386723	0	1	4145	2	0	4000	hit	28
2047	14	Response	1	391775	5052	3
2047	14	Pulse	5	402816	16093	2
2047	15	Picture	10	404794	0	1	4144	3	0	4000	other	0
2047	15	Pulse	5	422815	18021	2
2047	16	Picture	10	422864	0	1	4145	2	0	4000	other	0
2047	17	Picture	10	440934	0	2	4146	3	0	4000	other	0
2047	17	Pulse	5	442804	1870	2
2047	18	Picture	10	459005	0	2	4145	3	0	4000	other	0
2047	18	Pulse	5	462804	3799	2
2047	19	Pulse	5	482803	5727	2
2047	20	Picture	30	502110	0	1	4144	3	0	4000	other	0
2047	20	Pulse	5	502793	683	1
2047	21	Picture	30	520180	0	1	4145	2	0	4000	other	0
2047	21	Pulse	5	522792	2612	2
2047	22	Picture	31	538251	0	1	4144	3	0	4000	hit	44
2047	22	Pulse	5	542791	4540	2
2047	22	Response	1	545991	7740	2
2047	23	Picture	30	556321	0	2	4145	3	0	4000	other	0
2047	23	Pulse	5	562782	6461	1
2047	24	Picture	30	574392	0	1	4145	2	0	4000	other	0
2047	24	Pulse	5	582781	8389	1
2047	25	Picture	30	592463	0	1	4144	2	0	4000	other	0
2047	25	Pulse	5	602780	10317	1
2047	26	Picture	31	610533	0	1	4145	2	0	4000	hit	52
2047	26	Response	1	614289	3756	2
2047	26	Pulse	5	622769	12236	2
2047	27	Picture	31	628604	0	1	4144	3	0	4000	miss	0
2047	27	Pulse	5	642768	14164	3
2047	28	Picture	30	646674	0	2	4145	3	0	4000	other	0
2047	28	Pulse	5	662768	16094	2
2047	29	Picture	30	664745	0	1	4145	2	0	4000	other	0
2047	29	Pulse	5	682757	18012	2
2047	30	Picture	30	682815	0	2	4145	3	0	4000	other	0
2047	31	Picture	31	700886	0	1	4145	2	0	4000	hit	63
2047	31	Pulse	5	702756	1870	2
2047	31	Response	1	704356	3470	2
2047	32	Picture	30	718955	0	3	4146	5	0	4000	other	0
2047	32	Pulse	5	722756	3801	2
2047	33	Picture	30	737027	0	1	4145	2	0	4000	other	0
2047	33	Pulse	5	742746	5719	1
2047	34	Picture	30	755098	0	1	4144	3	0	4000	other	0
2047	34	Pulse	5	762744	7646	2
2047	35	Picture	30	773168	0	2	4145	3	0	4000	other	0
2047	35	Pulse	5	782744	9576	2
2047	36	Pulse	5	802734	11495	1
2047	37	Picture	10	816273	0	1	4144	2	0	4000	other	0
2047	37	Pulse	5	822733	6460	1
2047	38	Picture	10	834343	0	1	4145	2	0	4000	other	0
2047	38	Pulse	5	842732	8389	2
2047	39	Picture	11	852414	0	1	4144	3	0	4000	hit	78
2047	39	Response	1	856961	4547	2
2047	39	Pulse	5	862721	10307	3
2047	40	Picture	10	870484	0	2	4145	3	0	4000	other	0
2047	40	Pulse	5	882721	12237	1
2047	41	Picture	11	888555	0	1	4145	2	0	4000	hit	83
2047	41	Response	1	892960	4405	2
2047	41	Pulse	5	902720	14165	2
2047	42	Picture	10	906625	0	2	4145	3	0	4000	other	0
2047	42	Pulse	5	922709	16084	3
2047	43	Picture	10	924696	0	1	4145	2	0	4000	other	0
2047	43	Pulse	5	942709	18013	3
2047	44	Picture	10	942767	0	1	4144	2	0	4000	other	0
2047	45	Picture	11	960837	0	2	4145	3	0	4000	hit	92
2047	45	Pulse	5	962708	1871	3
2047	45	Response	1	965258	4421	2
2047	46	Picture	10	978908	0	1	4145	2	0	4000	other	0
2047	46	Pulse	5	982698	3790	2
2047	47	Picture	10	996978	0	2	4145	3	0	4000	other	0
2047	47	Pulse	5	1002697	5719	2
2047	48	Picture	11	1015049	0	1	4145	2	0	4000	hit	98
2047	48	Response	1	1019496	4447	2
2047	48	Pulse	5	1022696	7647	3
2047	49	Picture	10	1033120	0	1	4144	2	0	4000	other	0
2047	49	Pulse	5	1042686	9566	2
2047	50	Picture	10	1051190	0	1	4145	2	0	4000	other	0
2047	50	Pulse	5	1062685	11495	2
2047	51	Picture	10	1069261	0	1	4144	3	0	4000	other	0
2047	51	Pulse	5	1082673	13412	6
2047	52	Picture	10	1087331	0	2	4143	5	0	4000	other	0
2047	52	Pulse	5	1102673	15342	5
2047	53	Pulse	5	1122672	17270	5
2047	54	Picture	20	1130436	0	1	4144	2	0	4000	other	0
2047	54	Pulse	5	1142671	12235	6
2047	55	Picture	20	1148506	0	1	4145	2	0	4000	other	0
2047	55	Pulse	5	1162662	14156	2
2047	56	Picture	21	1166577	0	1	4144	3	0	4000	hit	114
2047	56	Response	1	1170022	3445	1
2047	56	Pulse	5	1182820	16243	3
2047	57	Picture	20	1184647	0	1	4145	2	0	4000	other	0
2047	58	Picture	20	1202718	0	1	4144	3	0	4000	other	0
2047	58	Pulse	5	1202820	102	3
2047	59	Picture	20	1220788	0	2	4145	3	0	4000	other	0
2047	59	Pulse	5	1222810	2022	2
2047	60	Picture	21	1238859	0	1	4145	2	0	4000	hit	123
2047	60	Pulse	5	1242808	3949	3
2047	60	Response	1	1244409	5550	2
2047	61	Picture	20	1256930	0	1	4144	2	0	4000	other	0
2047	61	Pulse	5	1262808	5878	3
2047	62	Picture	20	1275000	0	1	4145	2	0	4000	other	0
2047	62	Pulse	5	1282798	7798	2
2047	63	Picture	20	1293071	0	1	4144	3	0	4000	other	0
2047	63	Pulse	5	1302798	9727	1
2047	64	Picture	20	1311141	0	2	4145	3	0	4000	other	0
2047	64	Pulse	5	1322797	11656	2
2047	65	Picture	20	1329212	0	1	4144	3	0	4000	other	0
2047	65	Pulse	5	1342786	13574	2
2047	66	Picture	21	1347283	0	1	4144	2	0	4000	hit	135
2047	66	Response	1	1352706	5423	2
2047	66	Pulse	5	1362786	15503	1
2047	67	Picture	20	1365353	0	1	4145	2	0	4000	other	0
2047	67	Pulse	5	1382786	17433	1
2047	68	Picture	20	1383424	0	1	4144	3	0	4000	other	0
2047	69	Picture	21	1401494	0	1	4145	2	0	4000	miss	0
2047	69	Pulse	5	1402774	1280	2
2047	70	Pulse	5	1422774	3209	2
2047	70	Pulse	5	1442773	23208	2
2047	71	Picture	10	1444598	0	2	4145	4	0	4000	other	0
2047	72	Picture	10	1462669	0	1	4166	3	0	4000	false_alarm	147
2047	72	Pulse	5	1462762	93	2
2047	72	Response	1	1467881	5212	3
2047	73	Picture	11	1480740	0	1	4144	2	0	4000	miss	0
2047	73	Pulse	5	1482762	2022	2
2047	74	Picture	10	1498810	0	1	4145	2	0	4000	other	0
2047	74	Pulse	5	1502761	3951	2
2047	75	Picture	11	1516881	0	1	4144	3	0	4000	hit	153
2047	75	Response	1	1521471	4590	1
2047	75	Pulse	5	1522751	5870	1
2047	76	Picture	10	1534951	0	2	4145	3	0	4000	other	0
2047	76	Pulse	5	1542750	7799	2
2047	77	Picture	10	1553022	0	1	4145	2	0	4000	other	0
2047	77	Pulse	5	1562749	9727	2
2047	78	Picture	11	1571093	0	1	4144	2	0	4000	hit	160
2047	78	Response	1	1574739	3646	2
2047	78	Pulse	5	1582739	11646	2
2047	79	Picture	10	1589163	0	1	4145	2	0	4000	other	0
2047	79	Pulse	5	1602738	13575	2
2047	80	Picture	10	1607234	0	1	4144	3	0	4000	other	0
2047	80	Pulse	5	1622737	15503	3
2047	81	Picture	10	1625304	0	1	4145	2	0	4000	other	0
2047	81	Pulse	5	1642727	17423	2
2047	82	Picture	10	1643375	0	1	4144	3	0	4000	other	0
2047	83	Picture	10	1661443	0	6	4147	7	0	4000	other	0
2047	83	Pulse	5	1662726	1283	2
2047	84	Picture	11	1679516	0	1	4145	2	0	4000	hit	173
2047	84	Pulse	5	1682726	3210	1
2047	84	Response	1	1684646	5130	1
2047	85	Picture	10	1697587	0	1	4144	2	0	4000	other	0
2047	85	Pulse	5	1702715	5128	2
2047	86	Picture	10	1715657	0	1	4145	2	0	4000	other	0
2047	86	Pulse	5	1722714	7057	2
2047	87	Pulse	5	1742714	8986	2
2047	88	Picture	30	1758761	0	2	4145	3	0	4000	other	0
2047	88	Pulse	5	1762704	3943	1
2047	89	Picture	30	1776832	0	1	4145	2	0	4000	other	0
2047	89	Pulse	5	1782702	5870	2
2047	90	Picture	30	1794902	0	2	4145	3	0	4000	other	0
2047	90	Pulse	5	1802702	7800	2
2047	91	Picture	31	1812973	0	1	4145	2	0	4000	hit	186
2047	91	Response	1	1822051	9078	3
2047	91	Pulse	5	1822691	9718	2
2047	92	Picture	31	1831044	0	1	4144	3	0	4000	hit	189
2047	92	Response	1	1834372	3328	1
2047	92	Pulse	5	1842691	11647	1
2047	93	Picture	30	1849114	0	2	4145	3	0	4000	other	0
2047	93	Pulse	5	1862690	13576	2
2047	94	Picture	30	1867185	0	1	4144	3	0	4000	other	0
2047	94	Pulse	5	1882679	15494	2
2047	95	Picture	30	1885255	0	2	4145	3	0	4000	other	0
2047	95	Pulse	5	1902679	17424	2
2047	96	Picture	31	1903326	0	1	4145	2	0	4000	hit	198
2047	96	Response	1	1907158	3832	3
2047	97	Picture	30	1921397	0	1	4144	3	0	4000	other	0
2047	97	Pulse	5	1922678	1281	2
2047	98	Picture	30	1939467	0	1	4145	2	0	4000	other	0
2047	98	Pulse	5	1942667	3200	3
2047	99	Picture	30	1957538	0	1	4144	3	0	4000	other	0
2047	99	Pulse	5	1962667	5129	2
2047	100	Picture	30	1975608	0	2	4145	3	0	4000	other	0
2047	100	Pulse	5	1982666	7058	3
2047	101	Picture	31	1993679	0	1	4145	2	0	4000	hit	208
2047	101	Response	1	1999293	5614	14
2047	101	Pulse	5	2002656	8977	2
2047	102	Picture	30	2011750	0	1	4144	2	0	4000	other	0
2047	102	Pulse	5	2022655	10905	2
2047	103	Picture	30	2029820	0	1	4145	2	0	4000	false_alarm	213
2047	103	Response	1	2037854	8034	2
2047	103	Pulse	5	2042644	12824	3
2047	104	Pulse	5	2062644	14753	3
2047	105	Picture	10	2072924	0	1	4145	2	0	4000	other	0
2047	105	Pulse	5	2082643	9719	3
2047	106	Picture	10	2090995	0	1	4145	2	0	4000	other	0
2047	106	Pulse	5	2102631	11636	5
2047	107	Picture	11	2109065	0	2	4145	3	0	4000	hit	221
2047	107	Response	1	2113192	4127	2
2047	107	Pulse	5	2122631	13566	4
2047	108	Picture	10	2127136	0	1	4145	2	0	4000	other	0
2047	108	Pulse	5	2142630	15494	4
2047	109	Picture	11	2145207	0	1	4144	3	0	4000	hit	226
2047	109	Response	1	2149351	4144	2
2047	109	Pulse	5	2162629	17422	5
2047	110	Picture	10	2163277	0	1	4145	2	0	4000	other	0
2047	111	Picture	10	2181348	0	1	4144	3	0	4000	other	0
2047	111	Pulse	5	2182620	1272	2
2047	112	Picture	11	2199418	0	2	4145	3	0	4000	hit	233
2047	112	Pulse	5	2202619	3201	2
2047	112	Response	1	2204379	4961	2
2047	113	Picture	10	2217489	0	1	4145	2	0	4000	other	0
2047	113	Pulse	5	2222779	5290	2
2047	114	Picture	10	2235560	0	1	4144	2	0	4000	other	0
2047	114	Pulse	5	2242767	7207	3
2047	115	Picture	10	2253630	0	1	4145	2	0	4000	other	0
2047	115	Pulse	5	2262766	9136	3
2047	116	Picture	10	2271701	0	1	4144	3	0	4000	other	0
2047	116	Pulse	5	2282766	11065	3
2047	117	Picture	10	2289771	0	2	4145	3	0	4000	other	0
2047	117	Pulse	5	2302756	12985	2
2047	118	Picture	11	2307842	0	1	4145	2	0	4000	hit	245
2047	118	Response	1	2311716	3874	2
2047	118	Pulse	5	2322756	14914	1
2047	119	Picture	10	2325913	0	1	4144	2	0	4000	other	0
2047	119	Pulse	5	2342755	16842	2
2047	120	Picture	10	2343983	0	1	4145	2	0	4000	other	0
2047	121	Pulse	5	2362744	690	2
2047	121	Pulse	5	2382744	20690	2
2047	122	Picture	20	2387087	0	1	4145	2	0	4000	other	0
2047	122	Pulse	5	2402744	15657	1
2047	123	Picture	20	2405158	0	1	4144	3	0	4000	other	0
2047	123	Pulse	5	2422732	17574	2
2047	124	Picture	20	2423228	0	2	4144	4	0	4000	other	0
2047	125	Picture	21	2441299	0	1	4145	2	0	4000	hit	259
2047	125	Pulse	5	2442732	1433	2
2047	125	Response	1	2444812	3513	2
2047	126	Picture	20	2459369	0	2	4145	3	0	4000	other	0
2047	126	Pulse	5	2462731	3362	2
2047	127	Picture	20	2477440	0	1	4145	2	0	4000	other	0
2047	127	Pulse	5	2482721	5281	1
2047	128	Picture	21	2495510	0	2	4145	4	0	4000	hit	265
2047	128	Response	1	2499359	3849	3
2047	128	Pulse	5	2502701	7191	28
2047	129	Picture	20	2513581	0	2	4145	3	0	4000	other	0
2047	129	Pulse	5	2522719	9138	2
2047	130	Picture	20	2531652	0	1	4145	2	0	4000	other	0
2047	130	Pulse	5	2542709	11057	2
2047	131	Picture	20	2549722	0	2	4145	3	0	4000	other	0
2047	131	Pulse	5	2562708	12986	2
2047	132	Picture	21	2567793	0	1	4145	2	0	4000	hit	274
2047	132	Response	1	2571508	3715	2
2047	132	Pulse	5	2582707	14914	3
2047	133	Picture	20	2585864	0	1	4144	2	0	4000	other	0
2047	133	Pulse	5	2602697	16833	2
2047	134	Picture	20	2603934	0	1	4145	2	0	4000	other	0
2047	135	Picture	21	2622005	0	1	4144	3	0	4000	hit	281
2047	135	Pulse	5	2622696	691	2
2047	135	Response	1	2625095	3090	4
2047	136	Picture	20	2640075	0	2	4145	3	0	4000	other	0
2047	136	Pulse	5	2642696	2621	1
2047	137	Picture	20	2658146	0	1	4145	2	0	4000	other	0
2047	137	Pulse	5	2662685	4539	2
