Scenario - 1-back
Logfile written - 02/05/2015 12:54:13

Subject	Trial	Event Type	Code	Time	TTime	Uncertainty	Duration	Uncertainty	ReqTime	ReqDur	Stim Type	Pair Index

2047	1	Pulse	5	294547	304381	1
2047	2	Pulse	5	314546	19834	2
2047	3	Picture	10	319746	0	1	4144	3	0	4000	other	0
2047	3	Pulse	5	334534	14788	4
2047	4	Picture	10	337816	0	2	4145	3	0	4000	other	0
2047	4	Pulse	5	354534	16718	3
2047	5	Picture	11	355887	0	1	4145	2	0	4000	hit	8
2047	5	Response	1	360455	4568	1
2047	6	Picture	10	373957	0	2	4145	3	0	4000	other	0
2047	6	Pulse	5	374533	576	3
2047	7	Picture	11	392028	0	1	4145	2	0	4000	hit	13
2047	7	Pulse	5	394532	2504	4
2047	7	Response	1	396292	4264	4
2047	8	Picture	10	410099	0	1	4144	3	0	4000	other	0
2047	8	Pulse	5	414683	4584	2
2047	9	Picture	10	428169	0	1	4145	2	0	4000	other	0
2047	9	Pulse	5	434682	6513	2
2047	10	Picture	10	446240	0	1	4145	2	0	4000	other	0
2047	10	Pulse	5	454680	8440	4
2047	11	Picture	11	464310	0	2	4145	3	0	4000	hit	21
2047	11	Response	1	467471	3161	2
2047	11	Pulse	5	474671	10361	2
2047	12	Picture	10	482381	0	1	4145	2	0	4000	other	0
2047	12	Pulse	5	494670	12289	2
2047	13	Picture	10	500452	0	1	4144	2	0	4000	other	0
2047	13	Pulse	5	514670	14218	2
2047	14	Picture	11	518522	0	1	4145	2	0	4000	hit	28
2047	14	Response	1	523139	4617	3
2047	14	Pulse	5	534659	16137	3
2047	15	Picture	10	536593	0	1	4144	3	0	4000	other	0
2047	15	Pulse	5	554658	18065	3
2047	16	Picture	10	554663	0	2	4145	3	0	4000	other	0
2047	17	Picture	10	572734	0	1	4145	2	0	4000	other	0
2047	17	Pulse	5	574658	1924	3
2047	18	Picture	10	590805	0	1	4144	2	0	4000	other	0
2047	18	Pulse	5	594647	3842	2
2047	19	Pulse	5	614647	5772	1
2047	20	Picture	30	633909	0	1	4144	2	0	4000	other	0
2047	20	Pulse	5	634646	737	2
2047	21	Picture	30	651979	0	2	4145	3	0	4000	other	0
2047	21	Pulse	5	654635	2656	2
2047	22	Picture	31	670050	0	1	4144	3	0	4000	miss	0
2047	22	Pulse	5	674636	4586	1
2047	23	Picture	30	688120	0	2	4145	3	0	4000	other	0
2047	23	Pulse	5	694634	6514	2
2047	24	Picture	30	706191	0	1	4145	2	0	4000	other	0
2047	24	Pulse	5	714623	8432	2
2047	25	Picture	30	724262	0	1	4144	2	0	4000	other	0
2047	25	Pulse	5	734623	10361	2
2047	26	Picture	31	742332	0	1	4145	2	0	4000	hit	51
2047	26	Response	1	747742	5410	2
2047	26	Pulse	5	754622	12290	2
2047	27	Picture	31	760403	0	1	4144	3	0	4000	hit	54
2047	27	Response	1	764532	4129	2
2047	27	Pulse	5	774612	14209	1
2047	28	Picture	30	778473	0	2	4145	3	0	4000	other	0
2047	28	Pulse	5	794611	16138	2
2047	29	Picture	30	796544	0	1	4144	3	0	4000	other	0
2047	29	Pulse	5	814610	18066	2
2047	30	Picture	30	814614	0	2	4145	3	0	4000	other	0
2047	31	Picture	31	832685	0	1	4145	2	0	4000	hit	63
2047	31	Pulse	5	834600	1915	1
2047	31	Response	1	837480	4795	1
2047	32	Picture	30	850756	0	1	4144	2	0	4000	other	0
2047	32	Pulse	5	854599	3843	2
2047	33	Picture	30	868826	0	2	4145	3	0	4000	other	0
2047	33	Pulse	5	874598	5772	2
2047	34	Picture	30	886897	0	1	4144	3	0	4000	other	0
2047	34	Pulse	5	894588	7691	2
2047	35	Picture	30	904967	0	2	4145	3	0	4000	other	0
2047	35	Pulse	5	914587	9620	2
2047	36	Pulse	5	934587	11549	1
2047	37	Picture	10	948072	0	1	4144	2	0	4000	other	0
2047	37	Pulse	5	954576	6504	2
2047	38	Picture	10	966142	0	1	4145	2	0	4000	other	0
2047	38	Pulse	5	974575	8433	2
2047	39	Picture	11	984213	0	1	4144	3	0	4000	hit	78
2047	39	Response	1	988175	3962	2
2047	39	Pulse	5	994575	10362	1
2047	40	Picture	10	1002283	0	1	4145	2	0	4000	other	0
2047	40	Pulse	5	1014564	12281	2
2047	41	Picture	11	1020354	0	1	4145	2	0	4000	hit	83
2047	41	Response	1	1025764	5410	2
2047	41	Pulse	5	1034563	14209	3
2047	42	Picture	10	1038424	0	2	4145	3	0	4000	other	0
2047	42	Pulse	5	1054563	16139	2
2047	43	Picture	10	1056495	0	1	4145	2	0	4000	other	0
2047	43	Pulse	5	1074552	18057	2
2047	44	Picture	10	1074566	0	1	4144	3	0	4000	other	0
2047	45	Picture	11	1092636	0	1	4145	2	0	4000	hit	92
2047	45	Pulse	5	1094551	1915	2
2047	45	Response	1	1096471	3835	2
2047	46	Picture	10	1110707	0	1	4144	3	0	4000	other	0
2047	46	Pulse	5	1114551	3844	2
2047	47	Picture	10	1128777	0	2	4145	3	0	4000	other	0
2047	47	Pulse	5	1134540	5763	2
2047	48	Picture	11	1146848	0	1	4145	2	0	4000	hit	98
2047	48	Response	1	1150540	3692	2
2047	48	Pulse	5	1154540	7692	1
2047	49	Picture	10	1164918	0	2	4145	3	0	4000	other	0
2047	49	Pulse	5	1174539	9621	2
2047	50	Picture	10	1182989	0	1	4145	2	0	4000	other	0
2047	50	Pulse	5	1194528	11539	2
2047	51	Picture	10	1201060	0	1	4144	3	0	4000	other	0
2047	51	Pulse	5	1214528	13468	2
2047	52	Picture	10	1219130	0	1	4145	2	0	4000	other	0
2047	52	Pulse	5	1234527	15397	2
2047	53	Pulse	5	1254516	17315	2
2047	54	Picture	20	1262234	0	2	4145	3	0	4000	other	0
2047	54	Pulse	5	1274516	12282	2
2047	55	Picture	20	1280305	0	1	4145	2	0	4000	other	0
2047	55	Pulse	5	1294515	14210	2
2047	56	Picture	21	1298376	0	1	4144	2	0	4000	miss	0
2047	56	Pulse	5	1314505	16129	1
2047	57	Picture	20	1316446	0	1	4145	2	0	4000	other	0
2047	57	Pulse	5	1334504	18058	2
2047	58	Picture	20	1334517	0	1	4144	3	0	4000	other	0
2047	59	Picture	20	1352587	0	2	4145	3	0	4000	other	0
2047	59	Pulse	5	1354503	1916	2
2047	60	Picture	21	1370658	0	1	4145	2	0	4000	hit	121
2047	60	Response	1	1373853	3195	2
2047	60	Pulse	5	1374492	3834	3
2047	61	Picture	20	1388729	0	1	4143	4	0	4000	other	0
2047	61	Pulse	5	1394491	5762	3
2047	62	Picture	20	1406799	0	1	4145	2	0	4000	other	0
2047	62	Pulse	5	1414481	7682	3
2047	63	Picture	20	1424870	0	1	4144	2	0	4000	other	0
2047	63	Pulse	5	1434481	9611	2
2047	64	Picture	20	1442940	0	1	4145	2	0	4000	other	0
2047	64	Pulse	5	1454639	11699	3
2047	65	Picture	20	1461011	0	1	4144	3	0	4000	other	0
2047	65	Pulse	5	1474639	13628	3
2047	66	Picture	21	1479081	0	2	4145	3	0	4000	hit	134
2047	66	Response	1	1483109	4028	3
2047	66	Pulse	5	1494628	15547	4
2047	67	Picture	20	1497152	0	1	4145	2	0	4000	other	0
2047	67	Pulse	5	1514627	17475	4
2047	68	Picture	20	1515223	0	1	4144	2	0	4000	other	0
2047	69	Picture	21	1533293	0	1	4145	2	0	4000	miss	0
2047	69	Pulse	5	1534627	1334	4
2047	70	Pulse	5	1554617	3253	2
2047	70	Pulse	5	1574616	23252	3
2047	71	Picture	10	1576397	0	2	4145	3	0	4000	other	0
2047	72	Picture	10	1594468	0	1	4145	2	0	4000	other	0
2047	72	Pulse	5	1594617	149	1
2047	73	Picture	11	1612539	0	1	4144	2	0	4000	hit	148
2047	73	Pulse	5	1614605	2066	2
2047	73	Response	1	1616526	3987	1
2047	74	Picture	10	1630609	0	1	4145	2	0	4000	other	0
2047	74	Pulse	5	1634605	3996	1
2047	75	Picture	11	1648680	0	1	4144	2	0	4000	hit	152
2047	75	Response	1	1653644	4964	2
2047	75	Pulse	5	1654604	5924	2
2047	76	Picture	10	1666750	0	1	4145	2	0	4000	other	0
2047	76	Pulse	5	1674593	7843	2
2047	77	Picture	10	1684821	0	1	4145	2	0	4000	other	0
2047	77	Pulse	5	1694593	9772	2
2047	78	Picture	11	1702891	0	2	4145	3	0	4000	hit	159
2047	78	Response	1	1706112	3221	2
2047	78	Pulse	5	1714592	11701	2
2047	79	Picture	10	1720962	0	1	4145	2	0	4000	other	0
2047	79	Pulse	5	1734581	13619	2
2047	80	Picture	10	1739033	0	1	4144	3	0	4000	other	0
2047	80	Pulse	5	1754581	15548	2
2047	81	Picture	10	1757103	0	1	4145	2	0	4000	other	0
2047	81	Pulse	5	1774580	17477	2
2047	82	Picture	10	1775174	0	1	4144	3	0	4000	other	0
2047	83	Picture	10	1793244	0	2	4145	3	0	4000	other	0
2047	83	Pulse	5	1794570	1326	1
2047	84	Picture	11	1811315	0	1	4145	2	0	4000	hit	172
2047	84	Pulse	5	1814569	3254	2
2047	84	Response	1	1815849	4534	2
2047	85	Picture	10	1829386	0	1	4144	2	0	4000	other	0
2047	85	Pulse	5	1834568	5182	2
2047	86	Picture	10	1847456	0	1	4145	2	0	4000	other	0
2047	86	Pulse	5	1854558	7102	1
2047	87	Pulse	5	1874557	9030	2
2047	88	Picture	30	1890560	0	1	4145	2	0	4000	other	0
2047	88	Pulse	5	1894556	3996	2
2047	89	Picture	30	1908631	0	1	4145	2	0	4000	other	0
2047	89	Pulse	5	1914546	5915	2
2047	90	Picture	30	1926701	0	2	4145	3	0	4000	other	0
2047	90	Pulse	5	1934545	7844	2
2047	91	Picture	31	1944772	0	1	4145	2	0	4000	hit	185
2047	91	Response	1	1952625	7853	1
2047	91	Pulse	5	1954544	9772	2
2047	92	Picture	31	1962843	0	1	4144	2	0	4000	hit	188
2047	92	Response	1	1966374	3531	3
2047	92	Pulse	5	1974534	11691	2
2047	93	Picture	30	1980913	0	1	4145	2	0	4000	other	0
2047	93	Pulse	5	1994533	13620	3
2047	94	Picture	30	1998984	0	1	4144	3	0	4000	other	0
2047	94	Pulse	5	2014533	15549	2
2047	95	Picture	30	2017054	0	2	4145	3	0	4000	other	0
2047	95	Pulse	5	2034522	17468	2
2047	96	Picture	31	2035125	0	1	4145	2	0	4000	hit	197
2047	96	Response	1	2038682	3557	2
2047	97	Picture	30	2053196	0	1	4144	2	0	4000	other	0
2047	97	Pulse	5	2054521	1325	2
2047	98	Picture	30	2071266	0	1	4145	3	0	4000	other	0
2047	98	Pulse	5	2074522	3256	1
2047	99	Picture	30	2089337	0	1	4144	3	0	4000	other	0
2047	99	Pulse	5	2094510	5173	2
2047	100	Picture	30	2107407	0	1	4145	2	0	4000	other	0
2047	100	Pulse	5	2114510	7103	1
2047	101	Picture	31	2125478	0	1	4145	2	0	4000	hit	207
2047	101	Response	1	2128749	3271	2
2047	101	Pulse	5	2134509	9031	2
2047	102	Picture	30	2143548	0	2	4145	3	0	4000	other	0
2047	102	Pulse	5	2154498	10950	2
2047	103	Picture	30	2161619	0	1	4145	2	0	4000	false_alarm	212
2047	103	Response	1	2166658	5039	2
2047	103	Pulse	5	2174499	12880	1
2047	104	Pulse	5	2194497	14807	2
2047	105	Picture	10	2204723	0	1	4145	2	0	4000	other	0
2047	105	Pulse	5	2214486	9763	2
2047	106	Picture	10	2222794	0	1	4144	3	0	4000	other	0
2047	106	Pulse	5	2234486	11692	2
2047	107	Picture	11	2240864	0	2	4145	3	0	4000	hit	220
2047	107	Response	1	2244245	3381	2
2047	107	Pulse	5	2254485	13621	2
2047	108	Picture	10	2258935	0	2	4144	4	0	4000	other	0
2047	108	Pulse	5	2274475	15540	1
2047	109	Picture	11	2277005	0	2	4145	3	0	4000	hit	225
2047	109	Response	1	2282634	5629	2
2047	109	Pulse	5	2294474	17469	2
2047	110	Picture	10	2295076	0	1	4145	2	0	4000	other	0
2047	111	Picture	10	2313147	0	1	4144	3	0	4000	other	0
2047	111	Pulse	5	2314473	1326	2
2047	112	Picture	11	2331217	0	1	4145	2	0	4000	hit	232
2047	112	Pulse	5	2334463	3246	2
2047	112	Response	1	2334783	3566	1
2047	113	Picture	10	2349288	0	1	4144	3	0	4000	other	0
2047	113	Pulse	5	2354462	5174	2
2047	114	Picture	10	2367358	0	2	4145	3	0	4000	other	0
2047	114	Pulse	5	2374462	7104	1
2047	115	Picture	10	2385429	0	1	4145	2	0	4000	other	0
2047	115	Pulse	5	2394450	9021	3
2047	116	Picture	10	2403500	0	1	4144	2	0	4000	other	0
2047	116	Pulse	5	2414449	10949	4
2047	117	Picture	10	2421570	0	1	4145	2	0	4000	other	0
2047	117	Pulse	5	2434439	12869	4
2047	118	Picture	11	2439641	0	1	4144	3	0	4000	hit	244
2047	118	Response	1	2443719	4078	3
2047	118	Pulse	5	2454439	14798	2
2047	119	Picture	10	2457711	0	2	4145	3	0	4000	other	0
2047	119	Pulse	5	2474438	16727	3
2047	120	Picture	10	2475782	0	1	4145	2	0	4000	other	0
2047	121	Pulse	5	2494598	745	3
2047	121	Pulse	5	2514586	20733	3
2047	122	Picture	20	2518886	0	1	4145	2	0	4000	other	0
2047	122	Pulse	5	2534585	15699	4
2047	123	Picture	20	2536957	0	1	4144	2	0	4000	other	0
2047	123	Pulse	5	2554585	17628	3
2047	124	Picture	20	2555027	0	2	4145	3	0	4000	other	0
2047	125	Picture	21	2573098	0	1	4144	3	0	4000	hit	258
2047	125	Pulse	5	2574575	1477	2
2047	125	Response	1	2576495	3397	3
2047	126	Picture	20	2591168	0	2	4145	3	0	4000	other	0
2047	126	Pulse	5	2594573	3405	4
2047	127	Picture	20	2609239	0	1	4145	2	0	4000	other	0
2047	127	Pulse	5	2614573	5334	3
2047	128	Picture	21	2627310	0	1	4144	2	0	4000	hit	264
2047	128	Response	1	2630723	3413	2
2047	128	Pulse	5	2634563	7253	2
2047	129	Picture	20	2645380	0	1	4145	2	0	4000	other	0
2047	129	Pulse	5	2654563	9183	1
2047	130	Picture	20	2663451	0	1	4144	3	0	4000	other	0
2047	130	Pulse	5	2674562	11111	2
2047	131	Picture	20	2681521	0	2	4145	3	0	4000	other	0
2047	131	Pulse	5	2694551	13030	2
2047	132	Picture	21	2699592	0	1	4144	3	0	4000	hit	273
2047	132	Response	1	2703511	3919	2
2047	132	Pulse	5	2714551	14959	2
2047	133	Picture	20	2717663	0	1	4144	2	0	4000	other	0
2047	133	Pulse	5	2734550	16887	2
2047	134	Picture	20	2735733	0	1	4145	2	0	4000	other	0
2047	135	Picture	21	2753804	0	1	4144	2	0	4000	hit	280
2047	135	Pulse	5	2754540	736	1
2047	135	Response	1	2759979	6175	2
2047	136	Picture	20	2771874	0	1	4145	3	0	4000	other	0
2047	136	Pulse	5	2774539	2665	2
2047	137	Picture	20	2789945	0	1	4144	3	0	4000	other	0
2047	137	Pulse	5	2794538	4593	2
