Scenario - 1-back
Logfile written - 02/05/2015 12:58:44

Subject	Trial	Event Type	Code	Time	TTime	Uncertainty	Duration	Uncertainty	ReqTime	ReqDur	Stim Type	Pair Index

2047	1	Pulse	5	170134	179968	2
2047	2	Pulse	5	190134	19926	1
2047	3	Picture	10	195241	0	1	4145	2	0	4000	other	0
2047	3	Pulse	5	210121	14880	5
2047	4	Picture	10	213312	0	1	4144	3	0	4000	other	0
2047	4	Pulse	5	230121	16809	4
2047	5	Picture	11	231382	0	2	4145	3	0	4000	hit	8
2047	5	Response	1	235082	3700	2
2047	6	Picture	10	249453	0	1	4145	2	0	4000	other	0
2047	6	Pulse	5	250120	667	4
2047	7	Picture	11	267524	0	1	4144	2	0	4000	miss	0
2047	7	Pulse	5	270111	2587	1
2047	8	Picture	10	285594	0	1	4145	2	0	4000	other	0
2047	8	Pulse	5	290110	4516	2
2047	9	Picture	10	303665	0	1	4144	3	0	4000	other	0
2047	9	Pulse	5	310109	6444	2
2047	10	Picture	10	321735	0	2	4145	3	0	4000	other	0
2047	10	Pulse	5	330258	8523	3
2047	11	Picture	11	339806	0	1	4145	2	0	4000	hit	20
2047	11	Response	1	344018	4212	2
2047	11	Pulse	5	350257	10451	3
2047	12	Picture	10	357877	0	1	4144	2	0	4000	other	0
2047	12	Pulse	5	370256	12379	3
2047	13	Picture	10	375947	0	1	4145	2	0	4000	other	0
2047	13	Pulse	5	390247	14300	2
2047	14	Picture	11	394018	0	1	4144	2	0	4000	hit	27
2047	14	Response	1	397767	3749	1
2047	14	Pulse	5	410246	16228	2
2047	15	Picture	10	412088	0	1	4145	2	0	4000	other	0
2047	16	Picture	10	430159	0	1	4144	3	0	4000	other	0
2047	16	Pulse	5	430244	85	4
2047	17	Picture	10	448229	0	2	4145	3	0	4000	other	0
2047	17	Pulse	5	450235	2006	2
2047	18	Picture	10	466300	0	1	4145	2	0	4000	other	0
2047	18	Pulse	5	470234	3934	2
2047	19	Pulse	5	490234	5863	1
2047	20	Picture	20	509404	0	1	4145	2	0	4000	other	0
2047	20	Pulse	5	510223	819	2
2047	21	Picture	20	527475	0	1	4144	3	0	4000	other	0
2047	21	Pulse	5	530222	2747	2
2047	22	Picture	21	545545	0	1	4128	20	0	4000	hit	42
2047	22	Response	1	548302	2757	2
2047	22	Pulse	5	550222	4677	2
2047	23	Picture	20	563616	0	1	4144	3	0	4000	other	0
2047	23	Pulse	5	570211	6595	2
2047	24	Picture	20	581686	0	2	4145	3	0	4000	other	0
2047	24	Pulse	5	590211	8525	2
2047	25	Picture	20	599757	0	1	4145	2	0	4000	other	0
2047	25	Pulse	5	610210	10453	2
2047	26	Picture	21	617828	0	1	4144	3	0	4000	hit	51
2047	26	Response	1	621570	3742	1
2047	26	Pulse	5	630199	12371	2
2047	27	Picture	20	635898	0	2	4145	3	0	4000	other	0
2047	27	Pulse	5	650199	14301	2
2047	28	Picture	20	653969	0	1	4145	2	0	4000	other	0
2047	28	Pulse	5	670199	16230	1
2047	29	Picture	20	672039	0	2	4145	3	0	4000	other	0
2047	30	Picture	20	690110	0	1	4145	2	0	4000	other	0
2047	30	Pulse	5	690187	77	3
2047	31	Picture	20	708181	0	1	4144	2	0	4000	other	0
2047	31	Pulse	5	710187	2006	2
2047	32	Picture	21	726251	0	1	4145	2	0	4000	hit	63
2047	32	Response	1	730026	3775	3
2047	32	Pulse	5	730186	3935	3
2047	33	Picture	20	744322	0	1	4144	3	0	4000	other	0
2047	33	Pulse	5	750175	5853	2
2047	34	Picture	20	762392	0	2	4145	3	0	4000	other	0
2047	34	Pulse	5	770175	7783	2
2047	35	Picture	21	780463	0	1	4144	3	0	4000	hit	70
2047	35	Response	1	784095	3632	1
2047	35	Pulse	5	790174	9711	2
2047	36	Pulse	5	810164	11630	1
2047	37	Picture	10	823567	0	1	4145	2	0	4000	other	0
2047	37	Pulse	5	830163	6596	2
2047	38	Picture	10	841638	0	1	4144	3	0	4000	other	0
2047	38	Pulse	5	850163	8525	1
2047	39	Picture	11	859708	0	1	4145	2	0	4000	hit	78
2047	39	Response	1	863112	3404	2
2047	39	Pulse	5	870152	10444	2
2047	40	Picture	10	877779	0	1	4144	3	0	4000	other	0
2047	40	Pulse	5	890151	12372	2
2047	41	Picture	11	895849	0	2	4145	3	0	4000	hit	83
2047	41	Response	1	901350	5501	4
2047	41	Pulse	5	910151	14302	2
2047	42	Picture	10	913920	0	1	4145	2	0	4000	other	0
2047	42	Pulse	5	930140	16220	2
2047	43	Picture	10	931991	0	1	4144	2	0	4000	other	0
2047	44	Picture	10	950061	0	1	4145	2	0	4000	other	0
2047	44	Pulse	5	950139	78	2
2047	45	Picture	11	968132	0	1	4144	3	0	4000	hit	92
2047	45	Pulse	5	970139	2007	2
2047	45	Response	1	972699	4567	1
2047	46	Picture	10	986202	0	2	4145	3	0	4000	other	0
2047	46	Pulse	5	990128	3926	2
2047	47	Picture	10	1004273	0	1	4144	3	0	4000	other	0
2047	47	Pulse	5	1010127	5854	2
2047	48	Picture	11	1022343	0	2	4145	3	0	4000	hit	98
2047	48	Response	1	1027247	4904	2
2047	48	Pulse	5	1030287	7944	2
2047	49	Picture	10	1040414	0	1	4145	2	0	4000	other	0
2047	49	Pulse	5	1050116	9702	2
2047	50	Picture	10	1058485	0	1	4144	3	0	4000	other	0
2047	50	Pulse	5	1070116	11631	1
2047	51	Picture	10	1076555	0	1	4145	2	0	4000	other	0
2047	51	Pulse	5	1090115	13560	2
2047	52	Picture	10	1094626	0	1	4144	3	0	4000	other	0
2047	52	Pulse	5	1110104	15478	2
2047	53	Pulse	5	1130104	17408	1
2047	54	Picture	30	1137730	0	1	4145	2	0	4000	other	0
2047	54	Pulse	5	1150103	12373	2
2047	55	Picture	30	1155801	0	1	4144	2	0	4000	other	0
2047	55	Pulse	5	1170092	14291	3
2047	56	Picture	31	1173871	0	1	4145	2	0	4000	hit	114
2047	56	Response	1	1177292	3421	2
2047	56	Pulse	5	1190092	16221	2
2047	57	Picture	30	1191942	0	1	4144	3	0	4000	other	0
2047	58	Picture	30	1210011	0	3	4146	4	0	4000	other	0
2047	58	Pulse	5	1210091	80	3
2047	59	Picture	30	1228083	0	1	4144	3	0	4000	other	0
2047	59	Pulse	5	1230080	1997	2
2047	60	Picture	31	1246153	0	2	4145	3	0	4000	hit	123
2047	60	Pulse	5	1250080	3927	2
2047	60	Response	1	1251520	5367	2
2047	61	Picture	31	1264224	0	1	4145	2	0	4000	hit	125
2047	61	Response	1	1268160	3936	1
2047	61	Pulse	5	1270079	5855	2
2047	62	Picture	30	1282295	0	1	4144	3	0	4000	other	0
2047	62	Pulse	5	1290068	7773	3
2047	63	Picture	30	1300365	0	1	4145	2	0	4000	other	0
2047	63	Pulse	5	1310067	9702	3
2047	64	Picture	30	1318436	0	1	4145	2	0	4000	other	0
2047	64	Pulse	5	1330066	11630	4
2047	65	Picture	31	1336506	0	2	4145	3	0	4000	hit	134
2047	65	Response	1	1339987	3481	2
2047	65	Pulse	5	1350057	13551	2
2047	66	Picture	30	1354577	0	1	4145	2	0	4000	other	0
2047	66	Pulse	5	1370217	15640	1
2047	67	Picture	30	1372648	0	1	4144	2	0	4000	other	0
2047	67	Pulse	5	1390214	17566	3
2047	68	Picture	30	1390718	0	1	4145	2	0	4000	other	0
2047	69	Picture	30	1408789	0	1	4144	3	0	4000	other	0
2047	69	Pulse	5	1410205	1416	2
2047	70	Pulse	5	1430204	3345	2
2047	70	Pulse	5	1450204	23345	1
2047	71	Picture	10	1451893	0	1	4145	2	0	4000	other	0
2047	72	Picture	10	1469964	0	1	4144	2	0	4000	other	0
2047	72	Pulse	5	1470194	230	1
2047	73	Picture	11	1488034	0	1	4145	2	0	4000	hit	150
2047	73	Pulse	5	1490192	2158	2
2047	73	Response	1	1491952	3918	2
2047	74	Picture	10	1506105	0	1	4144	3	0	4000	other	0
2047	74	Pulse	5	1510192	4087	2
2047	75	Picture	11	1524175	0	1	4145	2	0	4000	hit	154
2047	75	Response	1	1529061	4886	2
2047	75	Pulse	5	1530181	6006	2
2047	76	Picture	10	1542242	0	10	4148	12	0	4000	other	0
2047	76	Pulse	5	1550180	7938	2
2047	77	Picture	10	1560316	0	2	4145	3	0	4000	other	0
2047	77	Pulse	5	1570180	9864	2
2047	78	Picture	11	1578387	0	1	4145	2	0	4000	hit	161
2047	78	Response	1	1582170	3783	2
2047	78	Pulse	5	1590169	11782	3
2047	79	Picture	10	1596458	0	1	4144	2	0	4000	other	0
2047	79	Pulse	5	1610169	13711	2
2047	80	Picture	10	1614528	0	1	4145	2	0	4000	other	0
2047	80	Pulse	5	1630168	15640	2
2047	81	Picture	10	1632598	0	14	4145	16	0	4000	other	0
2047	81	Pulse	5	1650157	17559	4
2047	82	Picture	10	1650669	0	2	4145	3	0	4000	other	0
2047	83	Picture	10	1668740	0	1	4145	2	0	4000	other	0
2047	83	Pulse	5	1670157	1417	3
2047	84	Picture	11	1686811	0	1	4144	2	0	4000	hit	174
2047	84	Pulse	5	1690156	3345	2
2047	84	Response	1	1691276	4465	2
2047	85	Picture	10	1704881	0	1	4144	3	0	4000	other	0
2047	85	Pulse	5	1710145	5264	2
2047	86	Picture	10	1722952	0	1	4144	3	0	4000	other	0
2047	86	Pulse	5	1730146	7194	1
2047	87	Pulse	5	1750144	9122	2
2047	88	Picture	20	1766056	0	1	4144	3	0	4000	other	0
2047	88	Pulse	5	1770134	4078	1
2047	89	Picture	20	1784126	0	2	4144	7	0	4000	other	0
2047	89	Pulse	5	1790134	6008	1
2047	90	Picture	20	1802197	0	1	4145	2	0	4000	other	0
2047	90	Pulse	5	1810132	7935	2
2047	91	Picture	21	1820268	0	1	4144	2	0	4000	hit	187
2047	91	Response	1	1823882	3614	2
2047	91	Pulse	5	1830122	9854	2
2047	92	Picture	20	1838338	0	1	4145	2	0	4000	other	0
2047	92	Pulse	5	1850121	11783	2
2047	93	Picture	20	1856409	0	1	4144	3	0	4000	other	0
2047	93	Pulse	5	1870120	13711	2
2047	94	Picture	21	1874479	0	2	4145	3	0	4000	hit	194
2047	94	Response	1	1877960	3481	2
2047	94	Pulse	5	1890110	15631	2
2047	95	Picture	20	1892550	0	2	4145	3	0	4000	other	0
2047	95	Pulse	5	1910109	17559	2
2047	96	Picture	20	1910621	0	1	4144	2	0	4000	other	0
2047	97	Picture	20	1928691	0	1	4145	2	0	4000	other	0
2047	97	Pulse	5	1930109	1418	1
2047	98	Picture	21	1946762	0	1	4144	3	0	4000	hit	203
2047	98	Pulse	5	1950098	3336	2
2047	98	Response	1	1950898	4136	2
2047	99	Picture	20	1964832	0	2	4145	3	0	4000	other	0
2047	99	Pulse	5	1970097	5265	2
2047	100	Picture	20	1982903	0	1	4145	2	0	4000	other	0
2047	100	Pulse	5	1990097	7194	2
2047	101	Picture	21	2000974	0	1	4144	2	0	4000	hit	209
2047	101	Response	1	2006726	5752	2
2047	101	Pulse	5	2010086	9112	2
2047	102	Picture	20	2019044	0	1	4145	2	0	4000	other	0
2047	102	Pulse	5	2030085	11041	2
2047	103	Picture	20	2037115	0	1	4144	3	0	4000	other	0
2047	103	Pulse	5	2050085	12970	2
2047	104	Pulse	5	2070074	14889	2
2047	105	Picture	10	2080219	0	1	4144	3	0	4000	other	0
2047	105	Pulse	5	2090074	9855	1
2047	106	Picture	10	2098289	0	2	4145	3	0	4000	false_alarm	219
2047	106	Response	1	2102553	4264	2
2047	106	Pulse	5	2110073	11784	2
2047	107	Picture	11	2116360	0	1	4145	2	0	4000	hit	222
2047	107	Response	1	2119993	3633	1
2047	107	Pulse	5	2130062	13702	3
2047	108	Picture	10	2134431	0	1	4144	2	0	4000	other	0
2047	108	Pulse	5	2150062	15631	2
2047	109	Picture	11	2152501	0	1	4145	2	0	4000	hit	227
2047	109	Response	1	2157901	5400	3
2047	109	Pulse	5	2170061	17560	2
2047	110	Picture	10	2170572	0	1	4144	3	0	4000	other	0
2047	111	Picture	10	2188642	0	2	4145	3	0	4000	other	0
2047	111	Pulse	5	2190050	1408	3
2047	112	Picture	11	2206713	0	1	4145	2	0	4000	hit	234
2047	112	Pulse	5	2210050	3337	2
2047	112	Response	1	2210850	4137	2
2047	113	Picture	10	2224784	0	1	4144	2	0	4000	other	0
2047	113	Pulse	5	2230049	5265	2
2047	114	Picture	10	2242854	0	1	4145	3	0	4000	other	0
2047	114	Pulse	5	2250039	7185	1
2047	115	Picture	10	2260925	0	1	4144	3	0	4000	other	0
2047	115	Pulse	5	2270038	9113	2
2047	116	Picture	10	2278995	0	2	4145	3	0	4000	other	0
2047	116	Pulse	5	2290037	11042	2
2047	117	Picture	10	2297066	0	1	4144	3	0	4000	other	0
2047	117	Pulse	5	2310026	12960	3
2047	118	Picture	11	2315137	0	1	4144	2	0	4000	hit	246
2047	118	Response	1	2319466	4329	2
2047	118	Pulse	5	2330025	14888	4
2047	119	Picture	10	2333207	0	1	4145	2	0	4000	other	0
2047	119	Pulse	5	2350024	16817	4
2047	120	Picture	10	2351278	0	1	4144	2	0	4000	other	0
2047	121	Pulse	5	2370015	667	2
2047	121	Pulse	5	2390014	20666	2
2047	122	Picture	30	2394382	0	1	4144	3	0	4000	other	0
2047	122	Pulse	5	2410174	15792	1
2047	123	Picture	30	2412452	0	2	4145	3	0	4000	other	0
2047	123	Pulse	5	2430162	17710	3
2047	124	Picture	30	2430523	0	1	4145	2	0	4000	other	0
2047	125	Picture	31	2448594	0	1	4144	2	0	4000	hit	260
2047	125	Pulse	5	2450161	1567	3
2047	125	Response	1	2453202	4608	2
2047	126	Picture	31	2466664	0	1	4145	2	0	4000	hit	262
2047	126	Response	1	2470161	3497	3
2047	126	Pulse	5	2470161	3497	3
2047	127	Picture	30	2484735	0	1	4144	3	0	4000	other	0
2047	127	Pulse	5	2490151	5416	2
2047	128	Picture	30	2502805	0	2	4145	3	0	4000	other	0
2047	128	Pulse	5	2510150	7345	2
2047	129	Picture	30	2520876	0	1	4145	2	0	4000	other	0
2047	129	Pulse	5	2530150	9274	2
2047	130	Picture	31	2538946	0	2	4145	3	0	4000	hit	271
2047	130	Response	1	2542779	3833	2
2047	130	Pulse	5	2550139	11193	2
2047	131	Picture	30	2557017	0	1	4145	2	0	4000	other	0
2047	131	Pulse	5	2570139	13122	1
2047	132	Picture	30	2575088	0	1	4144	3	0	4000	other	0
2047	132	Pulse	5	2590138	15050	2
2047	133	Picture	30	2593158	0	1	4145	2	0	4000	other	0
2047	133	Pulse	5	2610127	16969	3
2047	134	Picture	30	2611229	0	1	4144	3	0	4000	other	0
2047	135	Picture	31	2629299	0	2	4145	3	0	4000	miss	0
2047	135	Pulse	5	2630127	828	2
2047	136	Picture	30	2647370	0	1	4145	2	0	4000	other	0
2047	136	Pulse	5	2650126	2756	3
2047	137	Picture	30	2665441	0	1	4144	2	0	4000	other	0
2047	137	Pulse	5	2670115	4674	3
