Scenario - 1-back
Logfile written - 06/26/2014 15:38:28

Subject	Trial	Event Type	Code	Time	TTime	Uncertainty	Duration	Uncertainty	ReqTime	ReqDur	Stim Type	Pair Index

2056_nback4	1	Pulse	5	84338	94172	2
2056_nback4	2	Pulse	5	104338	19840	3
2056_nback4	3	Picture	10	109533	0	1	4145	2	0	4000	other	0
2056_nback4	3	Pulse	5	124338	14805	2
2056_nback4	4	Picture	10	127604	0	2	4145	3	0	4000	other	0
2056_nback4	4	Pulse	5	144328	16724	2
2056_nback4	5	Picture	11	145675	0	1	4145	2	0	4000	hit	8
2056_nback4	5	Response	1	149768	4093	1
2056_nback4	6	Picture	10	163746	0	1	4145	2	0	4000	other	0
2056_nback4	6	Pulse	5	164327	581	2
2056_nback4	7	Picture	11	181817	0	2	4145	5	0	4000	hit	13
2056_nback4	7	Pulse	5	184317	2500	2
2056_nback4	7	Response	1	187038	5221	1
2056_nback4	8	Picture	10	199888	0	2	4145	3	0	4000	other	0
2056_nback4	8	Pulse	5	204317	4429	2
2056_nback4	9	Picture	10	217960	0	1	4144	3	0	4000	other	0
2056_nback4	9	Pulse	5	224317	6357	2
2056_nback4	10	Picture	10	236031	0	1	4144	3	0	4000	other	0
2056_nback4	10	Pulse	5	244316	8285	2
2056_nback4	11	Picture	11	254102	0	1	4144	3	0	4000	hit	21
2056_nback4	11	Response	1	258067	3965	1
2056_nback4	11	Pulse	5	264307	10205	1
2056_nback4	12	Picture	10	272173	0	1	4144	3	0	4000	other	0
2056_nback4	12	Pulse	5	284306	12133	2
2056_nback4	13	Picture	10	290244	0	1	4145	2	0	4000	other	0
2056_nback4	13	Pulse	5	304306	14062	2
2056_nback4	14	Picture	11	308315	0	1	4145	2	0	4000	hit	28
2056_nback4	14	Response	1	311496	3181	2
2056_nback4	14	Pulse	5	324295	15980	2
2056_nback4	15	Picture	10	326386	0	1	4145	2	0	4000	other	0
2056_nback4	15	Pulse	5	344295	17909	2
2056_nback4	16	Picture	10	344457	0	1	4145	2	0	4000	other	0
2056_nback4	17	Picture	10	362528	0	1	4145	2	0	4000	other	0
2056_nback4	17	Pulse	5	364296	1768	1
2056_nback4	18	Picture	10	380599	0	1	4145	2	0	4000	other	0
2056_nback4	18	Pulse	5	384285	3686	2
2056_nback4	19	Pulse	5	404284	5614	2
2056_nback4	20	Picture	30	423704	0	1	4145	2	0	4000	other	0
2056_nback4	20	Pulse	5	424284	580	2
2056_nback4	21	Picture	30	441775	0	2	4145	4	0	4000	other	0
2056_nback4	21	Pulse	5	444274	2499	2
2056_nback4	22	Picture	31	459846	0	2	4145	3	0	4000	hit	44
2056_nback4	22	Pulse	5	464274	4428	2
2056_nback4	22	Response	1	465874	6028	2
2056_nback4	23	Picture	30	477917	0	2	4145	3	0	4000	other	0
2056_nback4	23	Pulse	5	484273	6356	2
2056_nback4	24	Picture	30	495989	0	1	4144	3	0	4000	other	0
2056_nback4	24	Pulse	5	504263	8274	3
2056_nback4	25	Picture	30	514060	0	1	4144	3	0	4000	other	0
2056_nback4	25	Pulse	5	524263	10203	3
2056_nback4	26	Picture	31	532131	0	1	4144	3	0	4000	hit	52
2056_nback4	26	Response	1	538663	6532	2
2056_nback4	26	Pulse	5	544263	12132	2
2056_nback4	27	Picture	31	550202	0	1	4145	2	0	4000	hit	55
2056_nback4	27	Response	1	556893	6691	1
2056_nback4	27	Pulse	5	564252	14050	2
2056_nback4	28	Picture	30	568273	0	1	4144	4	0	4000	other	0
2056_nback4	28	Pulse	5	584252	15979	2
2056_nback4	29	Picture	30	586344	0	1	4145	2	0	4000	other	0
2056_nback4	29	Pulse	5	604252	17908	2
2056_nback4	30	Picture	30	604415	0	1	4145	2	0	4000	other	0
2056_nback4	31	Picture	31	622486	0	1	4145	2	0	4000	hit	64
2056_nback4	31	Pulse	5	624241	1755	3
2056_nback4	31	Response	1	626962	4476	2
2056_nback4	32	Picture	30	640557	0	1	4145	2	0	4000	other	0
2056_nback4	32	Pulse	5	644242	3685	1
2056_nback4	33	Picture	30	658628	0	1	4145	2	0	4000	other	0
2056_nback4	33	Pulse	5	664241	5613	2
2056_nback4	34	Picture	30	676699	0	1	4145	2	0	4000	other	0
2056_nback4	34	Pulse	5	684231	7532	2
2056_nback4	35	Picture	30	694770	0	2	4145	3	0	4000	other	0
2056_nback4	35	Pulse	5	704231	9461	2
2056_nback4	36	Pulse	5	724230	11389	3
2056_nback4	37	Picture	10	737876	0	1	4144	2	0	4000	other	0
2056_nback4	37	Pulse	5	744220	6344	2
2056_nback4	38	Picture	10	755947	0	1	4144	3	0	4000	other	0
2056_nback4	38	Pulse	5	764220	8273	2
2056_nback4	39	Picture	11	774018	0	1	4144	3	0	4000	hit	79
2056_nback4	39	Response	1	778620	4602	2
2056_nback4	39	Pulse	5	784220	10202	2
2056_nback4	40	Picture	10	792089	0	1	4144	3	0	4000	other	0
2056_nback4	40	Pulse	5	804209	12120	2
2056_nback4	41	Picture	11	810160	0	1	4145	2	0	4000	miss	0
2056_nback4	41	Pulse	5	824209	14049	2
2056_nback4	42	Picture	10	828230	0	2	4146	3	0	4000	other	0
2056_nback4	42	Pulse	5	844210	15980	1
2056_nback4	43	Picture	10	846302	0	1	4145	2	0	4000	other	0
2056_nback4	43	Pulse	5	864199	17897	2
2056_nback4	44	Picture	10	864373	0	1	4145	2	0	4000	other	0
2056_nback4	45	Picture	11	882444	0	1	4145	2	0	4000	hit	92
2056_nback4	45	Pulse	5	884198	1754	2
2056_nback4	45	Response	1	885638	3194	2
2056_nback4	46	Picture	10	900515	0	1	4145	2	0	4000	other	0
2056_nback4	46	Pulse	5	904198	3683	2
2056_nback4	47	Picture	10	918586	0	1	4145	2	0	4000	other	0
2056_nback4	47	Pulse	5	924188	5602	2
2056_nback4	48	Picture	11	936657	0	2	4145	3	0	4000	miss	0
2056_nback4	48	Pulse	5	944188	7531	2
2056_nback4	49	Picture	10	954728	0	2	4145	3	0	4000	other	0
2056_nback4	49	Pulse	5	964187	9459	2
2056_nback4	50	Picture	10	972799	0	2	4145	3	0	4000	other	0
2056_nback4	50	Pulse	5	984177	11378	2
2056_nback4	51	Picture	10	990871	0	1	4144	2	0	4000	other	0
2056_nback4	51	Pulse	5	1004177	13306	2
2056_nback4	52	Picture	10	1008942	0	1	4144	3	0	4000	other	0
2056_nback4	52	Pulse	5	1024177	15235	2
2056_nback4	53	Pulse	5	1044166	17153	2
2056_nback4	54	Picture	20	1052047	0	1	4145	2	0	4000	other	0
2056_nback4	54	Pulse	5	1064167	12120	1
2056_nback4	55	Picture	20	1070118	0	1	4145	2	0	4000	other	0
2056_nback4	55	Pulse	5	1084166	14048	2
2056_nback4	56	Picture	21	1088189	0	1	4145	2	0	4000	hit	113
2056_nback4	56	Response	1	1094556	6367	2
2056_nback4	56	Pulse	5	1104156	15967	2
2056_nback4	57	Picture	20	1106260	0	1	4145	2	0	4000	other	0
2056_nback4	57	Pulse	5	1124315	18055	2
2056_nback4	58	Picture	20	1124331	0	1	4144	3	0	4000	other	0
2056_nback4	59	Picture	20	1142402	0	1	4145	2	0	4000	other	0
2056_nback4	59	Pulse	5	1144315	1913	2
2056_nback4	60	Picture	21	1160473	0	2	4145	3	0	4000	hit	122
2056_nback4	60	Pulse	5	1164305	3832	2
2056_nback4	60	Response	1	1165425	4952	2
2056_nback4	61	Picture	20	1178544	0	2	4145	3	0	4000	other	0
2056_nback4	61	Pulse	5	1184305	5761	1
2056_nback4	62	Picture	20	1196615	0	2	4145	3	0	4000	other	0
2056_nback4	62	Pulse	5	1204304	7689	2
2056_nback4	63	Picture	20	1214686	0	2	4145	3	0	4000	other	0
2056_nback4	63	Pulse	5	1224293	9607	4
2056_nback4	64	Picture	20	1232757	0	2	4139	10	0	4000	other	0
2056_nback4	64	Pulse	5	1244293	11536	4
2056_nback4	65	Picture	20	1250829	0	1	4144	3	0	4000	other	0
2056_nback4	65	Pulse	5	1264292	13463	4
2056_nback4	66	Picture	21	1268900	0	1	4144	3	0	4000	hit	134
2056_nback4	66	Response	1	1275164	6264	1
2056_nback4	66	Pulse	5	1284283	15383	2
2056_nback4	67	Picture	20	1286971	0	1	4144	3	0	4000	other	0
2056_nback4	67	Pulse	5	1304283	17312	2
2056_nback4	68	Picture	20	1305042	0	1	4145	2	0	4000	other	0
2056_nback4	69	Picture	21	1323113	0	1	4145	2	0	4000	hit	141
2056_nback4	69	Pulse	5	1324283	1170	2
2056_nback4	69	Response	1	1327313	4200	2
2056_nback4	70	Pulse	5	1344273	3089	2
2056_nback4	70	Pulse	5	1364272	23088	2
2056_nback4	71	Picture	10	1366218	0	1	4145	2	0	4000	other	0
2056_nback4	71	Pulse	5	1384272	18054	2
2056_nback4	72	Picture	10	1384289	0	1	4145	2	0	4000	other	0
2056_nback4	73	Picture	11	1402360	0	2	4145	3	0	4000	hit	149
2056_nback4	73	Pulse	5	1404262	1902	2
2056_nback4	73	Response	1	1405543	3183	1
2056_nback4	74	Picture	10	1420431	0	1	4145	2	0	4000	other	0
2056_nback4	74	Pulse	5	1424262	3831	2
2056_nback4	75	Picture	11	1438501	0	3	4146	4	0	4000	hit	153
2056_nback4	75	Response	1	1442661	4160	2
2056_nback4	75	Pulse	5	1444261	5760	2
2056_nback4	76	Picture	10	1456572	0	3	4146	4	0	4000	other	0
2056_nback4	76	Pulse	5	1464251	7679	2
2056_nback4	77	Picture	10	1474644	0	2	4145	4	0	4000	other	0
2056_nback4	77	Pulse	5	1484251	9607	2
2056_nback4	78	Picture	11	1492716	0	1	4144	3	0	4000	miss	0
2056_nback4	78	Pulse	5	1504252	11536	1
2056_nback4	79	Picture	10	1510787	0	1	4144	3	0	4000	other	0
2056_nback4	79	Pulse	5	1524240	13453	2
2056_nback4	80	Picture	10	1528858	0	1	4144	3	0	4000	other	0
2056_nback4	80	Pulse	5	1544240	15382	2
2056_nback4	81	Picture	10	1546929	0	1	4145	2	0	4000	other	0
2056_nback4	81	Pulse	5	1564240	17311	2
2056_nback4	82	Picture	10	1565000	0	1	4145	2	0	4000	other	0
2056_nback4	83	Picture	10	1583071	0	1	4145	2	0	4000	other	0
2056_nback4	83	Pulse	5	1584230	1159	1
2056_nback4	84	Picture	11	1601142	0	1	4145	2	0	4000	hit	172
2056_nback4	84	Pulse	5	1604230	3088	1
2056_nback4	84	Response	1	1605029	3887	2
2056_nback4	85	Picture	10	1619213	0	1	4145	2	0	4000	other	0
2056_nback4	85	Pulse	5	1624229	5016	2
2056_nback4	86	Picture	10	1637284	0	1	4145	2	0	4000	other	0
2056_nback4	86	Pulse	5	1644219	6935	2
2056_nback4	87	Pulse	5	1664219	8864	2
2056_nback4	88	Picture	30	1680390	0	1	4144	2	0	4000	other	0
2056_nback4	88	Pulse	5	1684208	3818	3
2056_nback4	89	Picture	30	1698461	0	1	4144	3	0	4000	other	0
2056_nback4	89	Pulse	5	1704208	5747	2
2056_nback4	90	Picture	30	1716532	0	1	4144	3	0	4000	other	0
2056_nback4	90	Pulse	5	1724208	7676	2
2056_nback4	91	Picture	31	1734603	0	1	4144	3	0	4000	miss	0
2056_nback4	91	Pulse	5	1744208	9605	2
2056_nback4	92	Picture	31	1752674	0	1	4145	2	0	4000	hit	187
2056_nback4	92	Response	1	1753158	484	2
2056_nback4	92	Pulse	5	1764197	11523	2
2056_nback4	93	Picture	30	1770744	0	2	4146	3	0	4000	other	0
2056_nback4	93	Pulse	5	1784197	13453	2
2056_nback4	94	Picture	30	1788816	0	1	4145	2	0	4000	other	0
2056_nback4	94	Pulse	5	1804197	15381	2
2056_nback4	95	Picture	30	1806887	0	1	4145	2	0	4000	other	0
2056_nback4	95	Pulse	5	1824187	17300	1
2056_nback4	96	Picture	31	1824958	0	1	4145	2	0	4000	hit	196
2056_nback4	96	Response	1	1830587	5629	2
2056_nback4	97	Picture	30	1843029	0	1	4145	2	0	4000	other	0
2056_nback4	97	Pulse	5	1844186	1157	2
2056_nback4	98	Picture	30	1861100	0	1	4145	2	0	4000	other	0
2056_nback4	98	Pulse	5	1864186	3086	2
2056_nback4	99	Picture	30	1879171	0	1	4145	2	0	4000	other	0
2056_nback4	99	Pulse	5	1884176	5005	2
2056_nback4	100	Picture	30	1897242	0	1	4145	2	0	4000	other	0
2056_nback4	100	Pulse	5	1904176	6934	1
2056_nback4	101	Picture	31	1915313	0	2	4145	3	0	4000	hit	206
2056_nback4	101	Response	1	1922575	7262	3
2056_nback4	101	Pulse	5	1924175	8862	2
2056_nback4	102	Picture	30	1933384	0	2	4145	3	0	4000	other	0
2056_nback4	102	Pulse	5	1944165	10781	2
2056_nback4	103	Picture	30	1951456	0	1	4144	2	0	4000	other	0
2056_nback4	103	Pulse	5	1964165	12709	2
2056_nback4	104	Pulse	5	1984165	14638	1
2056_nback4	105	Picture	10	1994561	0	1	4145	2	0	4000	other	0
2056_nback4	105	Pulse	5	2004154	9593	2
2056_nback4	106	Picture	10	2012632	0	1	4145	2	0	4000	other	0
2056_nback4	106	Pulse	5	2024154	11522	2
2056_nback4	107	Picture	11	2030703	0	1	4145	2	0	4000	hit	218
2056_nback4	107	Response	1	2035514	4811	2
2056_nback4	107	Pulse	5	2044154	13451	2
2056_nback4	108	Picture	10	2048774	0	1	4145	2	0	4000	other	0
2056_nback4	108	Pulse	5	2064144	15370	2
2056_nback4	109	Picture	11	2066845	0	1	4145	2	0	4000	hit	223
2056_nback4	109	Response	1	2071824	4979	1
2056_nback4	109	Pulse	5	2084143	17298	2
2056_nback4	110	Picture	10	2084916	0	1	4145	2	0	4000	other	0
2056_nback4	111	Picture	10	2102987	0	1	4145	2	0	4000	other	0
2056_nback4	111	Pulse	5	2104143	1156	4
2056_nback4	112	Picture	11	2121058	0	2	4145	3	0	4000	hit	230
2056_nback4	112	Pulse	5	2124133	3075	3
2056_nback4	112	Response	1	2125573	4515	2
2056_nback4	113	Picture	10	2139129	0	2	4144	5	0	4000	other	0
2056_nback4	113	Pulse	5	2144132	5003	4
2056_nback4	114	Picture	10	2157200	0	2	4145	3	0	4000	other	0
2056_nback4	114	Pulse	5	2164292	7092	2
2056_nback4	115	Picture	10	2175272	0	1	4144	3	0	4000	other	0
2056_nback4	115	Pulse	5	2184283	9011	1
2056_nback4	116	Picture	10	2193343	0	1	4144	3	0	4000	other	0
2056_nback4	116	Pulse	5	2204282	10939	2
2056_nback4	117	Picture	10	2211414	0	1	4144	3	0	4000	other	0
2056_nback4	117	Pulse	5	2224282	12868	1
2056_nback4	118	Picture	11	2229485	0	1	4145	2	0	4000	hit	242
2056_nback4	118	Response	1	2233391	3906	2
2056_nback4	118	Pulse	5	2244271	14786	2
2056_nback4	119	Picture	10	2247556	0	1	4145	2	0	4000	other	0
2056_nback4	119	Pulse	5	2264271	16715	2
2056_nback4	120	Picture	10	2265627	0	1	4145	2	0	4000	other	0
2056_nback4	121	Pulse	5	2284271	573	2
2056_nback4	121	Pulse	5	2304261	20563	1
2056_nback4	122	Picture	20	2308732	0	2	4145	3	0	4000	other	0
2056_nback4	122	Pulse	5	2324260	15528	2
2056_nback4	123	Picture	20	2326803	0	2	4145	3	0	4000	other	0
2056_nback4	123	Pulse	5	2344260	17457	2
2056_nback4	124	Picture	20	2344874	0	2	4145	3	0	4000	other	0
2056_nback4	125	Picture	21	2362940	0	8	4150	10	0	4000	hit	256
2056_nback4	125	Pulse	5	2364250	1310	2
2056_nback4	125	Response	1	2366970	4030	2
2056_nback4	126	Picture	20	2381017	0	1	4144	3	0	4000	other	0
2056_nback4	126	Pulse	5	2384250	3233	1
2056_nback4	127	Picture	20	2399087	0	2	4145	4	0	4000	other	0
2056_nback4	127	Pulse	5	2404249	5162	2
2056_nback4	128	Picture	21	2417158	0	2	4145	4	0	4000	hit	262
2056_nback4	128	Response	1	2422799	5641	2
2056_nback4	128	Pulse	5	2424239	7081	2
2056_nback4	129	Picture	20	2435230	0	1	4145	2	0	4000	other	0
2056_nback4	129	Pulse	5	2444239	9009	2
2056_nback4	130	Picture	20	2453301	0	1	4145	2	0	4000	other	0
2056_nback4	130	Pulse	5	2464239	10938	2
2056_nback4	131	Picture	20	2471372	0	1	4145	2	0	4000	other	0
2056_nback4	131	Pulse	5	2484228	12856	2
2056_nback4	132	Picture	21	2489443	0	1	4145	2	0	4000	hit	271
2056_nback4	132	Response	1	2493508	4065	3
2056_nback4	132	Pulse	5	2504229	14786	1
2056_nback4	133	Picture	20	2507514	0	1	4145	2	0	4000	other	0
2056_nback4	133	Pulse	5	2524228	16714	2
2056_nback4	134	Picture	20	2525585	0	1	4145	2	0	4000	other	0
2056_nback4	135	Picture	21	2543656	0	1	4145	2	0	4000	hit	278
2056_nback4	135	Pulse	5	2544218	562	1
2056_nback4	135	Response	1	2549018	5362	1
2056_nback4	136	Picture	20	2561727	0	2	4145	4	0	4000	other	0
2056_nback4	136	Pulse	5	2564217	2490	2
2056_nback4	137	Picture	20	2579798	0	2	4145	3	0	4000	other	0
2056_nback4	137	Pulse	5	2584217	4419	2
