Scenario - 1-back
Logfile written - 06/26/2014 15:23:23

Subject	Trial	Event Type	Code	Time	TTime	Uncertainty	Duration	Uncertainty	ReqTime	ReqDur	Stim Type	Pair Index

2056_nback3	1	Pulse	5	104141	113975	1
2056_nback3	2	Pulse	5	124130	19902	2
2056_nback3	3	Picture	10	129262	0	2	4145	3	0	4000	other	0
2056_nback3	3	Pulse	5	144130	14868	2
2056_nback3	4	Picture	10	147334	0	1	4144	2	0	4000	other	0
2056_nback3	4	Pulse	5	164130	16796	2
2056_nback3	5	Picture	11	165405	0	1	4144	3	0	4000	hit	8
2056_nback3	5	Response	1	169720	4315	2
2056_nback3	6	Picture	10	183476	0	1	4144	3	0	4000	other	0
2056_nback3	6	Pulse	5	184120	644	1
2056_nback3	7	Picture	11	201547	0	1	4145	2	0	4000	miss	0
2056_nback3	7	Pulse	5	204119	2572	2
2056_nback3	8	Picture	10	219618	0	1	4145	2	0	4000	other	0
2056_nback3	8	Pulse	5	224109	4491	3
2056_nback3	9	Picture	10	237689	0	1	4145	2	0	4000	other	0
2056_nback3	9	Pulse	5	244109	6420	2
2056_nback3	10	Picture	10	255760	0	1	4145	2	0	4000	other	0
2056_nback3	10	Pulse	5	264109	8349	1
2056_nback3	11	Picture	11	273831	0	1	4145	2	0	4000	hit	20
2056_nback3	11	Response	1	277388	3557	2
2056_nback3	11	Pulse	5	284098	10267	3
2056_nback3	12	Picture	10	291902	0	1	4145	2	0	4000	other	0
2056_nback3	12	Pulse	5	304098	12196	2
2056_nback3	13	Picture	10	309973	0	1	4145	3	0	4000	other	0
2056_nback3	13	Pulse	5	324098	14125	2
2056_nback3	14	Picture	11	328044	0	2	4145	3	0	4000	hit	27
2056_nback3	14	Response	1	332098	4054	2
2056_nback3	14	Pulse	5	344098	16054	1
2056_nback3	15	Picture	10	346115	0	2	4145	3	0	4000	other	0
2056_nback3	16	Picture	10	364186	0	2	4145	3	0	4000	other	0
2056_nback3	16	Pulse	5	364247	61	3
2056_nback3	17	Picture	10	382258	0	1	4144	2	0	4000	other	0
2056_nback3	17	Pulse	5	384247	1989	2
2056_nback3	18	Picture	10	400329	0	1	4144	3	0	4000	other	0
2056_nback3	18	Pulse	5	404248	3919	1
2056_nback3	19	Pulse	5	424237	5837	2
2056_nback3	20	Picture	20	443434	0	1	4145	2	0	4000	other	0
2056_nback3	20	Pulse	5	444236	802	2
2056_nback3	21	Picture	20	461505	0	1	4145	2	0	4000	other	0
2056_nback3	21	Pulse	5	464236	2731	2
2056_nback3	22	Picture	21	479576	0	1	4145	2	0	4000	miss	0
2056_nback3	22	Pulse	5	484226	4650	3
2056_nback3	23	Picture	20	497647	0	1	4145	2	0	4000	false_alarm	44
2056_nback3	23	Response	1	497666	19	2
2056_nback3	23	Pulse	5	504226	6579	2
2056_nback3	24	Picture	20	515718	0	2	4145	3	0	4000	other	0
2056_nback3	24	Pulse	5	524225	8507	2
2056_nback3	25	Picture	20	533789	0	1	4145	2	0	4000	other	0
2056_nback3	25	Pulse	5	544215	10426	3
2056_nback3	26	Picture	21	551860	0	2	4145	3	0	4000	hit	51
2056_nback3	26	Response	1	555415	3555	2
2056_nback3	26	Pulse	5	564215	12355	2
2056_nback3	27	Picture	20	569931	0	2	4145	4	0	4000	other	0
2056_nback3	27	Pulse	5	584214	14283	3
2056_nback3	28	Picture	20	588003	0	1	4144	2	0	4000	other	0
2056_nback3	28	Pulse	5	604204	16201	3
2056_nback3	29	Picture	20	606074	0	1	4144	3	0	4000	other	0
2056_nback3	30	Picture	20	624145	0	1	4144	3	0	4000	other	0
2056_nback3	30	Pulse	5	624204	59	3
2056_nback3	31	Picture	20	642216	0	1	4144	3	0	4000	other	0
2056_nback3	31	Pulse	5	644204	1988	2
2056_nback3	32	Picture	21	660287	0	1	4145	2	0	4000	hit	64
2056_nback3	32	Pulse	5	664194	3907	1
2056_nback3	32	Response	1	664514	4227	1
2056_nback3	33	Picture	20	678358	0	1	4145	2	0	4000	other	0
2056_nback3	33	Pulse	5	684193	5835	3
2056_nback3	34	Picture	20	696429	0	1	4145	2	0	4000	other	0
2056_nback3	34	Pulse	5	704193	7764	2
2056_nback3	35	Picture	21	714500	0	1	4145	2	0	4000	hit	70
2056_nback3	35	Response	1	718742	4242	3
2056_nback3	35	Pulse	5	724183	9683	2
2056_nback3	36	Pulse	5	744183	11612	2
2056_nback3	37	Picture	10	757605	0	2	4145	3	0	4000	other	0
2056_nback3	37	Pulse	5	764182	6577	2
2056_nback3	38	Picture	10	775677	0	1	4144	2	0	4000	other	0
2056_nback3	38	Pulse	5	784172	8495	2
2056_nback3	39	Picture	11	793748	0	1	4144	3	0	4000	hit	78
2056_nback3	39	Response	1	797612	3864	2
2056_nback3	39	Pulse	5	804172	10424	2
2056_nback3	40	Picture	10	811819	0	1	4144	3	0	4000	other	0
2056_nback3	40	Pulse	5	824172	12353	1
2056_nback3	41	Picture	11	829890	0	1	4144	3	0	4000	hit	83
2056_nback3	41	Response	1	834721	4831	2
2056_nback3	41	Pulse	5	844161	14271	2
2056_nback3	42	Picture	10	847960	0	2	4146	3	0	4000	other	0
2056_nback3	42	Pulse	5	864162	16202	1
2056_nback3	43	Picture	10	866032	0	1	4145	2	0	4000	other	0
2056_nback3	44	Picture	10	884103	0	1	4145	2	0	4000	other	0
2056_nback3	44	Pulse	5	884161	58	2
2056_nback3	45	Picture	11	902174	0	1	4145	2	0	4000	hit	92
2056_nback3	45	Pulse	5	904151	1977	1
2056_nback3	45	Response	1	905751	3577	1
2056_nback3	46	Picture	10	920245	0	1	4145	2	0	4000	other	0
2056_nback3	46	Pulse	5	924150	3905	2
2056_nback3	47	Picture	10	938316	0	1	4145	2	0	4000	other	0
2056_nback3	47	Pulse	5	944150	5834	2
2056_nback3	48	Picture	11	956387	0	2	4145	3	0	4000	miss	0
2056_nback3	48	Pulse	5	964140	7753	2
2056_nback3	49	Picture	10	974458	0	2	4145	3	0	4000	other	0
2056_nback3	49	Pulse	5	984140	9682	1
2056_nback3	50	Picture	10	992529	0	2	4145	3	0	4000	other	0
2056_nback3	50	Pulse	5	1004140	11611	1
2056_nback3	51	Picture	10	1010600	0	3	4145	4	0	4000	other	0
2056_nback3	51	Pulse	5	1024129	13529	2
2056_nback3	52	Picture	10	1028672	0	1	4144	3	0	4000	other	0
2056_nback3	52	Pulse	5	1044129	15457	2
2056_nback3	53	Pulse	5	1064129	17388	1
2056_nback3	54	Picture	30	1071777	0	1	4143	4	0	4000	other	0
2056_nback3	54	Pulse	5	1084118	12341	2
2056_nback3	55	Picture	30	1089848	0	1	4145	2	0	4000	other	0
2056_nback3	55	Pulse	5	1104118	14270	2
2056_nback3	56	Picture	31	1107919	0	1	4145	2	0	4000	hit	113
2056_nback3	56	Response	1	1112279	4360	1
2056_nback3	56	Pulse	5	1124118	16199	2
2056_nback3	57	Picture	30	1125990	0	1	4145	2	0	4000	other	0
2056_nback3	58	Picture	30	1144061	0	1	4145	2	0	4000	other	0
2056_nback3	58	Pulse	5	1144108	47	1
2056_nback3	59	Picture	30	1162132	0	1	4144	3	0	4000	other	0
2056_nback3	59	Pulse	5	1164107	1975	2
2056_nback3	60	Picture	31	1180203	0	2	4145	3	0	4000	hit	122
2056_nback3	60	Pulse	5	1184107	3904	2
2056_nback3	60	Response	1	1187787	7584	2
2056_nback3	61	Picture	31	1198274	0	2	4145	3	0	4000	hit	125
2056_nback3	61	Pulse	5	1204097	5823	2
2056_nback3	61	Response	1	1206978	8704	1
2056_nback3	62	Picture	30	1216345	0	2	4145	3	0	4000	other	0
2056_nback3	62	Pulse	5	1224097	7752	1
2056_nback3	63	Picture	30	1234417	0	1	4144	3	0	4000	other	0
2056_nback3	63	Pulse	5	1244096	9679	2
2056_nback3	64	Picture	30	1252488	0	1	4144	3	0	4000	other	0
2056_nback3	64	Pulse	5	1264086	11598	2
2056_nback3	65	Picture	31	1270559	0	1	4144	3	0	4000	hit	133
2056_nback3	65	Response	1	1274326	3767	2
2056_nback3	65	Pulse	5	1284087	13528	1
2056_nback3	66	Picture	30	1288630	0	2	4145	3	0	4000	other	0
2056_nback3	66	Pulse	5	1304086	15456	1
2056_nback3	67	Picture	30	1306701	0	1	4145	2	0	4000	other	0
2056_nback3	67	Pulse	5	1324075	17374	2
2056_nback3	68	Picture	30	1324772	0	1	4145	2	0	4000	other	0
2056_nback3	69	Picture	30	1342843	0	1	4144	3	0	4000	other	0
2056_nback3	69	Pulse	5	1344075	1232	2
2056_nback3	70	Pulse	5	1364075	3161	2
2056_nback3	70	Pulse	5	1384065	23151	1
2056_nback3	71	Picture	10	1385948	0	2	4145	3	0	4000	other	0
2056_nback3	72	Picture	10	1404019	0	2	4145	3	0	4000	other	0
2056_nback3	72	Pulse	5	1404224	205	3
2056_nback3	73	Picture	11	1422090	0	2	4145	4	0	4000	hit	149
2056_nback3	73	Pulse	5	1424224	2134	2
2056_nback3	73	Response	1	1425823	3733	4
2056_nback3	74	Picture	10	1440162	0	1	4144	3	0	4000	other	0
2056_nback3	74	Pulse	5	1444214	4052	2
2056_nback3	75	Picture	11	1458233	0	1	4144	3	0	4000	hit	153
2056_nback3	75	Response	1	1462614	4381	1
2056_nback3	75	Pulse	5	1464214	5981	1
2056_nback3	76	Picture	10	1476304	0	1	4145	2	0	4000	other	0
2056_nback3	76	Pulse	5	1484213	7909	2
2056_nback3	77	Picture	10	1494375	0	1	4145	2	0	4000	other	0
2056_nback3	77	Pulse	5	1504203	9828	2
2056_nback3	78	Picture	11	1512446	0	1	4145	2	0	4000	hit	160
2056_nback3	78	Response	1	1515563	3117	2
2056_nback3	78	Pulse	5	1524203	11757	2
2056_nback3	79	Picture	10	1530517	0	1	4145	2	0	4000	other	0
2056_nback3	79	Pulse	5	1544203	13686	1
2056_nback3	80	Picture	10	1548588	0	1	4145	2	0	4000	other	0
2056_nback3	80	Pulse	5	1564192	15604	2
2056_nback3	81	Picture	10	1566659	0	1	4145	2	0	4000	other	0
2056_nback3	81	Pulse	5	1584192	17533	2
2056_nback3	82	Picture	10	1584730	0	1	4145	2	0	4000	other	0
2056_nback3	83	Picture	10	1602801	0	2	4145	3	0	4000	other	0
2056_nback3	83	Pulse	5	1604182	1381	2
2056_nback3	84	Picture	11	1620872	0	2	4145	3	0	4000	miss	0
2056_nback3	84	Pulse	5	1624182	3310	1
2056_nback3	85	Picture	10	1638943	0	2	4145	3	0	4000	other	0
2056_nback3	85	Pulse	5	1644181	5238	2
2056_nback3	86	Picture	10	1657015	0	1	4144	2	0	4000	other	0
2056_nback3	86	Pulse	5	1664182	7167	1
2056_nback3	87	Pulse	5	1684171	9085	2
2056_nback3	88	Picture	20	1700120	0	1	4145	2	0	4000	other	0
2056_nback3	88	Pulse	5	1704171	4051	1
2056_nback3	89	Picture	20	1718191	0	1	4145	2	0	4000	other	0
2056_nback3	89	Pulse	5	1724170	5979	2
2056_nback3	90	Picture	20	1736262	0	1	4145	2	0	4000	other	0
2056_nback3	90	Pulse	5	1744161	7899	1
2056_nback3	91	Picture	21	1754333	0	1	4145	2	0	4000	miss	0
2056_nback3	91	Pulse	5	1764161	9828	1
2056_nback3	92	Picture	20	1772404	0	1	4145	2	0	4000	other	0
2056_nback3	92	Pulse	5	1784160	11756	1
2056_nback3	93	Picture	20	1790475	0	2	4145	3	0	4000	other	0
2056_nback3	93	Pulse	5	1804150	13675	1
2056_nback3	94	Picture	21	1808546	0	2	4145	3	0	4000	miss	0
2056_nback3	94	Pulse	5	1824149	15603	2
2056_nback3	95	Picture	20	1826617	0	2	4145	3	0	4000	other	0
2056_nback3	95	Pulse	5	1844149	17532	2
2056_nback3	96	Picture	20	1844689	0	1	4144	3	0	4000	other	0
2056_nback3	97	Picture	20	1862760	0	1	4144	3	0	4000	other	0
2056_nback3	97	Pulse	5	1864139	1379	1
2056_nback3	98	Picture	21	1880831	0	1	4144	3	0	4000	miss	0
2056_nback3	98	Pulse	5	1884138	3307	2
2056_nback3	99	Picture	20	1898902	0	1	4144	3	0	4000	other	0
2056_nback3	99	Pulse	5	1904138	5236	2
2056_nback3	100	Picture	20	1916973	0	1	4145	2	0	4000	other	0
2056_nback3	100	Pulse	5	1924128	7155	2
2056_nback3	101	Picture	21	1935044	0	1	4145	2	0	4000	miss	0
2056_nback3	101	Pulse	5	1944128	9084	1
2056_nback3	102	Picture	20	1953115	0	1	4145	2	0	4000	other	0
2056_nback3	102	Pulse	5	1964127	11012	2
2056_nback3	103	Picture	20	1971186	0	1	4145	2	0	4000	other	0
2056_nback3	103	Pulse	5	1984117	12931	2
2056_nback3	104	Pulse	5	2004117	14860	2
2056_nback3	105	Picture	10	2014291	0	2	4145	3	0	4000	other	0
2056_nback3	105	Pulse	5	2024117	9826	1
2056_nback3	106	Picture	10	2032362	0	2	4145	3	0	4000	other	0
2056_nback3	106	Pulse	5	2044106	11744	2
2056_nback3	107	Picture	11	2050434	0	1	4144	2	0	4000	miss	0
2056_nback3	107	Pulse	5	2064106	13672	2
2056_nback3	108	Picture	10	2068505	0	1	4144	3	0	4000	other	0
2056_nback3	108	Pulse	5	2084106	15601	2
2056_nback3	109	Picture	11	2086576	0	2	4144	4	0	4000	miss	0
2056_nback3	109	Pulse	5	2104096	17520	1
2056_nback3	110	Picture	10	2104647	0	1	4145	2	0	4000	other	0
2056_nback3	111	Picture	10	2122718	0	1	4145	2	0	4000	other	0
2056_nback3	111	Pulse	5	2124096	1378	1
2056_nback3	112	Picture	11	2140789	0	1	4145	2	0	4000	miss	0
2056_nback3	112	Pulse	5	2144095	3306	2
2056_nback3	113	Picture	10	2158860	0	1	4145	2	0	4000	other	0
2056_nback3	113	Pulse	5	2164085	5225	2
2056_nback3	114	Picture	10	2176931	0	1	4145	2	0	4000	other	0
2056_nback3	114	Pulse	5	2184085	7154	1
2056_nback3	115	Picture	10	2195002	0	1	4145	2	0	4000	other	0
2056_nback3	115	Pulse	5	2204084	9082	2
2056_nback3	116	Picture	10	2213073	0	1	4145	2	0	4000	other	0
2056_nback3	116	Pulse	5	2224074	11001	2
2056_nback3	117	Picture	10	2231144	0	2	4145	3	0	4000	other	0
2056_nback3	117	Pulse	5	2244074	12930	2
2056_nback3	118	Picture	11	2249215	0	2	4145	3	0	4000	miss	0
2056_nback3	118	Pulse	5	2264074	14859	1
2056_nback3	119	Picture	10	2267287	0	1	4144	3	0	4000	other	0
2056_nback3	119	Pulse	5	2284064	16777	1
2056_nback3	120	Picture	10	2285358	0	1	4144	3	0	4000	other	0
2056_nback3	121	Pulse	5	2304063	635	2
2056_nback3	121	Pulse	5	2324053	20625	3
2056_nback3	122	Picture	30	2328463	0	1	4144	3	0	4000	other	0
2056_nback3	122	Pulse	5	2344052	15589	3
2056_nback3	123	Picture	30	2346534	0	1	4145	2	0	4000	other	0
2056_nback3	123	Pulse	5	2364052	17518	2
2056_nback3	124	Picture	30	2364605	0	1	4145	2	0	4000	other	0
2056_nback3	125	Picture	31	2382676	0	1	4145	2	0	4000	miss	0
2056_nback3	125	Pulse	5	2384042	1366	2
2056_nback3	126	Picture	31	2400747	0	1	4145	2	0	4000	miss	0
2056_nback3	126	Pulse	5	2404043	3296	1
2056_nback3	127	Picture	30	2418818	0	2	4145	3	0	4000	other	0
2056_nback3	127	Pulse	5	2424042	5224	1
2056_nback3	128	Picture	30	2436889	0	2	4145	3	0	4000	other	0
2056_nback3	128	Pulse	5	2444202	7313	1
2056_nback3	129	Picture	30	2454960	0	2	4145	3	0	4000	other	0
2056_nback3	129	Pulse	5	2464191	9231	2
2056_nback3	130	Picture	31	2473032	0	1	4144	2	0	4000	miss	0
2056_nback3	130	Pulse	5	2484191	11159	2
2056_nback3	131	Picture	30	2491103	0	1	4144	3	0	4000	other	0
2056_nback3	131	Pulse	5	2504191	13088	1
2056_nback3	132	Picture	30	2509174	0	1	4144	3	0	4000	other	0
2056_nback3	132	Pulse	5	2524180	15006	2
2056_nback3	133	Picture	30	2527245	0	1	4145	2	0	4000	other	0
2056_nback3	133	Pulse	5	2544180	16935	2
2056_nback3	134	Picture	30	2545316	0	1	4144	3	0	4000	other	0
2056_nback3	135	Picture	31	2563387	0	1	4145	2	0	4000	miss	0
2056_nback3	135	Pulse	5	2564180	793	2
2056_nback3	136	Picture	30	2581458	0	1	4145	2	0	4000	other	0
2056_nback3	136	Pulse	5	2584170	2712	2
2056_nback3	137	Picture	30	2599529	0	1	4145	2	0	4000	other	0
2056_nback3	137	Pulse	5	2604169	4640	2
