Scenario - 1-back
Logfile written - 06/26/2014 15:13:10

Subject	Trial	Event Type	Code	Time	TTime	Uncertainty	Duration	Uncertainty	ReqTime	ReqDur	Stim Type	Pair Index

2056_nback	1	Pulse	5	101655	111489	1
2056_nback	2	Pulse	5	121654	19913	2
2056_nback	3	Picture	10	126776	0	1	4144	2	0	4000	other	0
2056_nback	3	Pulse	5	141643	14867	3
2056_nback	4	Picture	10	144847	0	1	4144	3	0	4000	other	0
2056_nback	4	Pulse	5	161644	16797	2
2056_nback	5	Picture	11	162918	0	1	4144	3	0	4000	hit	8
2056_nback	5	Response	1	167404	4486	2
2056_nback	6	Picture	10	180989	0	1	4144	3	0	4000	other	0
2056_nback	6	Pulse	5	181644	655	1
2056_nback	7	Picture	11	199060	0	1	4144	4	0	4000	hit	13
2056_nback	7	Pulse	5	201633	2573	2
2056_nback	7	Response	1	203393	4333	2
2056_nback	8	Picture	10	217131	0	1	4145	2	0	4000	other	0
2056_nback	8	Pulse	5	221633	4502	2
2056_nback	9	Picture	10	235202	0	1	4145	2	0	4000	other	0
2056_nback	9	Pulse	5	241793	6591	2
2056_nback	10	Picture	10	253273	0	1	4145	2	0	4000	other	0
2056_nback	10	Pulse	5	261783	8510	2
2056_nback	11	Picture	11	271344	0	1	4145	2	0	4000	hit	21
2056_nback	11	Response	1	274742	3398	3
2056_nback	11	Pulse	5	281782	10438	2
2056_nback	12	Picture	10	289415	0	1	4145	2	0	4000	other	0
2056_nback	12	Pulse	5	301782	12367	2
2056_nback	13	Picture	10	307486	0	1	4145	2	0	4000	other	0
2056_nback	13	Pulse	5	321772	14286	2
2056_nback	14	Picture	11	325557	0	2	4145	3	0	4000	hit	28
2056_nback	14	Response	1	328332	2775	2
2056_nback	14	Pulse	5	341772	16215	1
2056_nback	15	Picture	10	343628	0	2	4145	3	0	4000	other	0
2056_nback	16	Picture	10	361700	0	1	4144	2	0	4000	other	0
2056_nback	16	Pulse	5	361771	71	2
2056_nback	17	Picture	10	379771	0	1	4144	3	0	4000	other	0
2056_nback	17	Pulse	5	381762	1991	1
2056_nback	18	Picture	10	397842	0	1	4144	3	0	4000	other	0
2056_nback	18	Pulse	5	401761	3919	2
2056_nback	19	Pulse	5	421761	5848	1
2056_nback	20	Picture	20	440947	0	1	4145	2	0	4000	other	0
2056_nback	20	Pulse	5	441750	803	2
2056_nback	21	Picture	20	459018	0	2	4145	3	0	4000	other	0
2056_nback	21	Pulse	5	461750	2732	3
2056_nback	22	Picture	21	477089	0	1	4145	2	0	4000	hit	44
2056_nback	22	Pulse	5	481750	4661	2
2056_nback	22	Response	1	482390	5301	2
2056_nback	23	Picture	20	495160	0	1	4145	2	0	4000	other	0
2056_nback	23	Pulse	5	501740	6580	2
2056_nback	24	Picture	20	513231	0	1	4145	3	0	4000	other	0
2056_nback	24	Pulse	5	521739	8508	2
2056_nback	25	Picture	20	531302	0	1	4145	2	0	4000	other	0
2056_nback	25	Pulse	5	541740	10438	1
2056_nback	26	Picture	21	549373	0	2	4066	84	0	4000	hit	52
2056_nback	26	Response	1	553889	4516	2
2056_nback	26	Pulse	5	561729	12356	2
2056_nback	27	Picture	20	567444	0	2	4145	3	0	4000	other	0
2056_nback	27	Pulse	5	581729	14285	1
2056_nback	28	Picture	20	585515	0	2	4135	24	0	4000	other	0
2056_nback	28	Pulse	5	601728	16213	2
2056_nback	29	Picture	20	603586	0	2	4145	3	0	4000	other	0
2056_nback	30	Picture	20	621651	0	23	4151	25	0	4000	other	0
2056_nback	30	Pulse	5	621719	68	1
2056_nback	31	Picture	20	639729	0	1	4144	3	0	4000	other	0
2056_nback	31	Pulse	5	641718	1989	2
2056_nback	32	Picture	21	657800	0	1	4144	3	0	4000	hit	65
2056_nback	32	Pulse	5	661717	3917	3
2056_nback	32	Response	1	663957	6157	2
2056_nback	33	Picture	20	675871	0	1	4145	2	0	4000	other	0
2056_nback	33	Pulse	5	681707	5836	4
2056_nback	34	Picture	20	693942	0	1	4145	2	0	4000	other	0
2056_nback	34	Pulse	5	701707	7765	4
2056_nback	35	Picture	21	712013	0	1	4145	2	0	4000	hit	71
2056_nback	35	Response	1	717387	5374	2
2056_nback	35	Pulse	5	721706	9693	4
2056_nback	36	Pulse	5	741697	11613	1
2056_nback	37	Picture	10	755118	0	2	4145	3	0	4000	other	0
2056_nback	37	Pulse	5	761697	6579	1
2056_nback	38	Picture	10	773189	0	2	4145	3	0	4000	other	0
2056_nback	38	Pulse	5	781695	8506	3
2056_nback	39	Picture	11	791260	0	2	4145	3	0	4000	hit	79
2056_nback	39	Response	1	794326	3066	2
2056_nback	39	Pulse	5	801686	10426	2
2056_nback	40	Picture	10	809331	0	3	4145	4	0	4000	other	0
2056_nback	40	Pulse	5	821685	12354	2
2056_nback	41	Picture	11	827403	0	1	4144	3	0	4000	hit	84
2056_nback	41	Response	1	832725	5322	2
2056_nback	41	Pulse	5	841685	14282	2
2056_nback	42	Picture	10	845473	0	2	4145	4	0	4000	other	0
2056_nback	42	Pulse	5	861675	16202	2
2056_nback	43	Picture	10	863545	0	1	4144	3	0	4000	other	0
2056_nback	44	Picture	10	881616	0	1	4145	2	0	4000	other	0
2056_nback	44	Pulse	5	881675	59	2
2056_nback	45	Picture	11	899687	0	1	4144	3	0	4000	hit	93
2056_nback	45	Pulse	5	901675	1988	1
2056_nback	45	Response	1	903274	3587	2
2056_nback	46	Picture	10	917758	0	1	4145	2	0	4000	other	0
2056_nback	46	Pulse	5	921664	3906	2
2056_nback	47	Picture	10	935829	0	1	4145	2	0	4000	other	0
2056_nback	47	Pulse	5	941664	5835	2
2056_nback	48	Picture	11	953900	0	1	4145	2	0	4000	hit	99
2056_nback	48	Response	1	957504	3604	2
2056_nback	48	Pulse	5	961665	7765	1
2056_nback	49	Picture	10	971971	0	1	4145	2	0	4000	other	0
2056_nback	49	Pulse	5	981653	9682	2
2056_nback	50	Picture	10	990042	0	1	4145	2	0	4000	other	0
2056_nback	50	Pulse	5	1001654	11612	1
2056_nback	51	Picture	10	1008113	0	1	4145	2	0	4000	other	0
2056_nback	51	Pulse	5	1021653	13540	2
2056_nback	52	Picture	10	1026184	0	2	4145	3	0	4000	other	0
2056_nback	52	Pulse	5	1041643	15459	8
2056_nback	53	Pulse	5	1061642	17387	3
2056_nback	54	Picture	30	1069290	0	1	4144	3	0	4000	other	0
2056_nback	54	Pulse	5	1081642	12352	3
2056_nback	55	Picture	30	1087361	0	1	4145	2	0	4000	other	0
2056_nback	55	Pulse	5	1101619	14258	21
2056_nback	56	Picture	31	1105432	0	1	4145	2	0	4000	hit	115
2056_nback	56	Response	1	1109152	3720	2
2056_nback	56	Pulse	5	1121632	16200	2
2056_nback	57	Picture	30	1123503	0	3	4145	4	0	4000	other	0
2056_nback	58	Picture	30	1141574	0	1	4145	2	0	4000	other	0
2056_nback	58	Pulse	5	1141631	57	3
2056_nback	59	Picture	30	1159644	0	3	4146	4	0	4000	other	0
2056_nback	59	Pulse	5	1161608	1964	20
2056_nback	60	Picture	31	1177716	0	1	4145	2	0	4000	hit	124
2056_nback	60	Pulse	5	1181607	3891	23
2056_nback	60	Response	1	1182901	5185	2
2056_nback	61	Picture	31	1195787	0	1	4145	2	0	4000	miss	0
2056_nback	61	Pulse	5	1201607	5820	23
2056_nback	62	Picture	30	1213858	0	1	4144	3	0	4000	other	0
2056_nback	62	Pulse	5	1221606	7748	23
2056_nback	63	Picture	30	1231929	0	1	4145	2	0	4000	other	0
2056_nback	63	Pulse	5	1241606	9677	20
2056_nback	64	Picture	30	1250000	0	2	4145	3	0	4000	other	0
2056_nback	64	Pulse	5	1261610	11610	2
2056_nback	65	Picture	31	1268071	0	2	4145	3	0	4000	hit	134
2056_nback	65	Response	1	1275200	7129	2
2056_nback	65	Pulse	5	1281600	13529	2
2056_nback	66	Picture	30	1286143	0	1	4144	3	0	4000	other	0
2056_nback	66	Pulse	5	1301759	15616	2
2056_nback	67	Picture	30	1304214	0	1	4144	3	0	4000	other	0
2056_nback	67	Pulse	5	1321759	17545	3
2056_nback	68	Picture	30	1322285	0	1	4144	3	0	4000	other	0
2056_nback	69	Picture	30	1340356	0	1	4144	3	0	4000	other	0
2056_nback	69	Pulse	5	1341749	1393	3
2056_nback	70	Pulse	5	1361749	3322	3
2056_nback	70	Pulse	5	1381748	23321	3
2056_nback	71	Picture	10	1383461	0	1	4137	24	0	4000	other	0
2056_nback	72	Picture	10	1401532	0	1	4145	2	0	4000	other	0
2056_nback	72	Pulse	5	1401738	206	2
2056_nback	73	Picture	11	1419589	0	24	4159	25	0	4000	hit	150
2056_nback	73	Pulse	5	1421738	2149	3
2056_nback	73	Response	1	1423178	3589	2
2056_nback	74	Picture	10	1437674	0	2	4145	3	0	4000	other	0
2056_nback	74	Pulse	5	1441738	4064	2
2056_nback	75	Picture	11	1455745	0	2	4145	3	0	4000	hit	154
2056_nback	75	Response	1	1460767	5022	2
2056_nback	75	Pulse	5	1461728	5983	1
2056_nback	76	Picture	10	1473817	0	1	4144	2	0	4000	other	0
2056_nback	76	Pulse	5	1481728	7911	1
2056_nback	77	Picture	10	1491888	0	1	4144	3	0	4000	other	0
2056_nback	77	Pulse	5	1501728	9840	1
2056_nback	78	Picture	11	1509959	0	1	4144	3	0	4000	hit	161
2056_nback	78	Response	1	1514197	4238	2
2056_nback	78	Pulse	5	1521717	11758	2
2056_nback	79	Picture	10	1528030	0	1	4144	3	0	4000	other	0
2056_nback	79	Pulse	5	1541716	13686	3
2056_nback	80	Picture	10	1546101	0	1	4144	3	0	4000	other	0
2056_nback	80	Pulse	5	1561716	15615	2
2056_nback	81	Picture	10	1564172	0	1	4144	3	0	4000	other	0
2056_nback	81	Pulse	5	1581706	17534	2
2056_nback	82	Picture	10	1582243	0	1	4145	2	0	4000	other	0
2056_nback	83	Picture	10	1600314	0	1	4145	2	0	4000	other	0
2056_nback	83	Pulse	5	1601706	1392	2
2056_nback	84	Picture	11	1618385	0	1	4145	2	0	4000	hit	174
2056_nback	84	Pulse	5	1621706	3321	1
2056_nback	84	Response	1	1622345	3960	2
2056_nback	85	Picture	10	1636456	0	1	4139	9	0	4000	other	0
2056_nback	85	Pulse	5	1641695	5239	2
2056_nback	86	Picture	10	1654527	0	1	4145	2	0	4000	other	0
2056_nback	86	Pulse	5	1661695	7168	2
2056_nback	87	Pulse	5	1681695	9097	2
2056_nback	88	Picture	20	1697633	0	1	4144	2	0	4000	other	0
2056_nback	88	Pulse	5	1701685	4052	1
2056_nback	89	Picture	20	1715704	0	1	4144	2	0	4000	other	0
2056_nback	89	Pulse	5	1721684	5980	2
2056_nback	90	Picture	20	1733775	0	1	4144	3	0	4000	other	0
2056_nback	90	Pulse	5	1741684	7909	2
2056_nback	91	Picture	21	1751846	0	2	4144	4	0	4000	hit	187
2056_nback	91	Response	1	1755914	4068	2
2056_nback	91	Pulse	5	1761674	9828	2
2056_nback	92	Picture	20	1769917	0	1	4145	2	0	4000	other	0
2056_nback	92	Pulse	5	1781674	11757	1
2056_nback	93	Picture	20	1787988	0	2	4145	3	0	4000	other	0
2056_nback	93	Pulse	5	1801673	13685	2
2056_nback	94	Picture	21	1806059	0	1	4145	3	0	4000	hit	194
2056_nback	94	Response	1	1810623	4564	2
2056_nback	94	Pulse	5	1821663	15604	2
2056_nback	95	Picture	20	1824130	0	1	4145	2	0	4000	other	0
2056_nback	95	Pulse	5	1841663	17533	2
2056_nback	96	Picture	20	1842201	0	1	4145	2	0	4000	other	0
2056_nback	97	Picture	20	1860272	0	1	4145	2	0	4000	other	0
2056_nback	97	Pulse	5	1861663	1391	1
2056_nback	98	Picture	21	1878343	0	2	4145	3	0	4000	hit	203
2056_nback	98	Pulse	5	1881652	3309	2
2056_nback	98	Response	1	1884692	6349	2
2056_nback	99	Picture	20	1896414	0	2	4145	3	0	4000	other	0
2056_nback	99	Pulse	5	1901652	5238	2
2056_nback	100	Picture	20	1914485	0	2	4145	3	0	4000	other	0
2056_nback	100	Pulse	5	1921652	7167	2
2056_nback	101	Picture	21	1932544	0	25	4157	27	0	4000	hit	209
2056_nback	101	Response	1	1937962	5418	1
2056_nback	101	Pulse	5	1941641	9097	2
2056_nback	102	Picture	20	1950628	0	1	4144	2	0	4000	other	0
2056_nback	102	Pulse	5	1961641	11013	2
2056_nback	103	Picture	20	1968699	0	1	4144	3	0	4000	other	0
2056_nback	103	Pulse	5	1981641	12942	2
2056_nback	104	Pulse	5	2001631	14861	2
2056_nback	105	Picture	10	2011804	0	1	4145	2	0	4000	other	0
2056_nback	105	Pulse	5	2021631	9827	1
2056_nback	106	Picture	10	2029875	0	1	4145	2	0	4000	other	0
2056_nback	106	Pulse	5	2041631	11756	1
2056_nback	107	Picture	11	2047946	0	1	4145	2	0	4000	hit	221
2056_nback	107	Response	1	2051700	3754	2
2056_nback	107	Pulse	5	2061620	13674	2
2056_nback	108	Picture	10	2066017	0	1	4145	2	0	4000	other	0
2056_nback	108	Pulse	5	2081620	15603	2
2056_nback	109	Picture	11	2084088	0	2	4145	3	0	4000	hit	226
2056_nback	109	Response	1	2088660	4572	1
2056_nback	109	Pulse	5	2101619	17531	2
2056_nback	110	Picture	10	2102159	0	2	4145	3	0	4000	other	0
2056_nback	111	Picture	10	2120230	0	2	4145	3	0	4000	other	0
2056_nback	111	Pulse	5	2121609	1379	2
2056_nback	112	Picture	11	2138301	0	2	4145	3	0	4000	hit	233
2056_nback	112	Pulse	5	2141609	3308	2
2056_nback	112	Response	1	2141769	3468	2
2056_nback	113	Picture	10	2156373	0	1	4144	4	0	4000	other	0
2056_nback	113	Pulse	5	2161609	5236	2
2056_nback	114	Picture	10	2174444	0	1	4144	3	0	4000	other	0
2056_nback	114	Pulse	5	2181598	7154	2
2056_nback	115	Picture	10	2192515	0	1	4144	3	0	4000	other	0
2056_nback	115	Pulse	5	2201599	9084	1
2056_nback	116	Picture	10	2210586	0	1	4145	2	0	4000	other	0
2056_nback	116	Pulse	5	2221599	11013	1
2056_nback	117	Picture	10	2228657	0	1	4145	2	0	4000	other	0
2056_nback	117	Pulse	5	2241588	12931	2
2056_nback	118	Picture	11	2246728	0	1	4145	2	0	4000	hit	245
2056_nback	118	Response	1	2251348	4620	1
2056_nback	118	Pulse	5	2261587	14859	2
2056_nback	119	Picture	10	2264799	0	1	4145	2	0	4000	other	0
2056_nback	119	Pulse	5	2281587	16788	2
2056_nback	120	Picture	10	2282870	0	1	4145	2	0	4000	other	0
2056_nback	121	Pulse	5	2301577	636	2
2056_nback	121	Pulse	5	2321577	20636	2
2056_nback	122	Picture	30	2325975	0	2	4145	3	0	4000	other	0
2056_nback	122	Pulse	5	2341736	15761	3
2056_nback	123	Picture	30	2344047	0	1	4144	2	0	4000	other	0
2056_nback	123	Pulse	5	2361726	17679	3
2056_nback	124	Picture	30	2362118	0	1	4144	3	0	4000	other	0
2056_nback	125	Picture	31	2380189	0	1	4144	3	0	4000	hit	259
2056_nback	125	Pulse	5	2381726	1537	2
2056_nback	125	Response	1	2385406	5217	2
2056_nback	126	Picture	31	2398260	0	1	4145	2	0	4000	hit	262
2056_nback	126	Pulse	5	2401726	3466	2
2056_nback	126	Response	1	2406676	8416	2
2056_nback	127	Picture	30	2416331	0	2	4145	3	0	4000	other	0
2056_nback	127	Pulse	5	2421715	5384	2
2056_nback	128	Picture	30	2434402	0	1	4145	2	0	4000	other	0
2056_nback	128	Pulse	5	2441715	7313	3
2056_nback	129	Picture	30	2452473	0	1	4145	2	0	4000	other	0
2056_nback	129	Pulse	5	2461715	9242	2
2056_nback	130	Picture	31	2470544	0	1	4145	3	0	4000	hit	270
2056_nback	130	Response	1	2477065	6521	2
2056_nback	130	Pulse	5	2481705	11161	2
2056_nback	131	Picture	30	2488615	0	1	4145	2	0	4000	other	0
2056_nback	131	Pulse	5	2501704	13089	2
2056_nback	132	Picture	30	2506686	0	1	4145	2	0	4000	other	0
2056_nback	132	Pulse	5	2521705	15019	1
2056_nback	133	Picture	30	2524757	0	2	4145	3	0	4000	other	0
2056_nback	133	Pulse	5	2541694	16937	2
2056_nback	134	Picture	30	2542828	0	2	4145	4	0	4000	other	0
2056_nback	135	Picture	31	2560900	0	1	4144	3	0	4000	hit	281
2056_nback	135	Pulse	5	2561694	794	2
2056_nback	135	Response	1	2565694	4794	2
2056_nback	136	Picture	30	2578971	0	1	4144	3	0	4000	false_alarm	284
2056_nback	136	Pulse	5	2581693	2722	2
2056_nback	136	Response	1	2587123	8152	2
2056_nback	137	Picture	30	2597042	0	1	4144	3	0	4000	other	0
2056_nback	137	Pulse	5	2601683	4641	2
