Scenario - 1-back
Logfile written - 06/28/2014 16:31:06

Subject	Trial	Event Type	Code	Time	TTime	Uncertainty	Duration	Uncertainty	ReqTime	ReqDur	Stim Type	Pair Index

2074	1	Pulse	5	139296	149130	2
2074	2	Pulse	5	159296	19923	2
2074	3	Picture	10	164407	0	1	4145	2	0	4000	other	0
2074	3	Pulse	5	179295	14888	2
2074	4	Picture	10	182478	0	1	4145	2	0	4000	other	0
2074	4	Pulse	5	199285	16807	1
2074	5	Picture	11	200549	0	1	4144	3	0	4000	hit	8
2074	5	Response	1	204084	3535	2
2074	6	Picture	10	218619	0	2	4145	3	0	4000	other	0
2074	6	Pulse	5	219284	665	2
2074	7	Picture	11	236690	0	1	4145	2	0	4000	miss	0
2074	7	Pulse	5	239283	2593	2
2074	8	Picture	10	254761	0	1	4145	2	0	4000	other	0
2074	8	Pulse	5	259273	4512	2
2074	9	Picture	10	272832	0	1	4144	3	0	4000	other	0
2074	9	Pulse	5	279272	6440	3
2074	10	Picture	10	290903	0	1	4144	2	0	4000	other	0
2074	10	Pulse	5	299272	8369	2
2074	11	Picture	11	308973	0	1	4145	2	0	4000	miss	0
2074	11	Pulse	5	319261	10288	2
2074	12	Picture	10	327044	0	1	4145	2	0	4000	other	0
2074	12	Pulse	5	339261	12217	1
2074	13	Picture	10	345115	0	1	4145	2	0	4000	other	0
2074	13	Pulse	5	359260	14145	2
2074	14	Picture	11	363186	0	1	4144	3	0	4000	hit	26
2074	14	Response	1	366780	3594	2
2074	14	Pulse	5	379249	16063	2
2074	15	Picture	10	381256	0	2	4145	3	0	4000	other	0
2074	15	Pulse	5	399250	17994	1
2074	16	Picture	10	399327	0	1	4145	2	0	4000	other	0
2074	17	Picture	10	417398	0	1	4145	2	0	4000	other	0
2074	17	Pulse	5	419248	1850	2
2074	18	Picture	10	435469	0	1	4113	67	0	4000	other	0
2074	18	Pulse	5	439239	3770	1
2074	19	Pulse	5	459237	5697	2
2074	20	Picture	20	478573	0	2	4145	3	0	4000	other	0
2074	20	Pulse	5	479237	664	2
2074	21	Picture	20	496644	0	1	4145	2	0	4000	other	0
2074	21	Pulse	5	499226	2582	2
2074	22	Picture	21	514715	0	1	4145	2	0	4000	miss	0
2074	22	Pulse	5	519226	4511	1
2074	23	Picture	20	532785	0	2	4145	4	0	4000	other	0
2074	23	Pulse	5	539225	6440	2
2074	24	Picture	20	550856	0	2	4145	3	0	4000	other	0
2074	24	Pulse	5	559214	8358	2
2074	25	Picture	20	568927	0	1	4145	2	0	4000	other	0
2074	25	Pulse	5	579214	10287	2
2074	26	Picture	21	586998	0	1	4145	2	0	4000	miss	0
2074	26	Pulse	5	599213	12215	2
2074	27	Picture	20	605069	0	1	4144	3	0	4000	other	0
2074	27	Pulse	5	619203	14134	2
2074	28	Picture	20	623140	0	1	4144	2	0	4000	other	0
2074	28	Pulse	5	639202	16062	2
2074	29	Picture	20	641210	0	2	4145	3	0	4000	other	0
2074	29	Pulse	5	659202	17992	1
2074	30	Picture	20	659281	0	1	4145	2	0	4000	other	0
2074	31	Picture	20	677352	0	1	4145	2	0	4000	false_alarm	59
2074	31	Pulse	5	679191	1839	2
2074	31	Response	1	688151	10799	2
2074	32	Picture	21	695423	0	1	4144	3	0	4000	hit	62
2074	32	Pulse	5	699191	3768	2
2074	32	Response	1	706390	10967	2
2074	33	Picture	20	713494	0	1	4144	2	0	4000	other	0
2074	33	Pulse	5	719190	5696	2
2074	34	Picture	20	731564	0	1	4145	2	0	4000	other	0
2074	34	Pulse	5	739179	7615	3
2074	35	Picture	21	749635	0	1	4145	2	0	4000	hit	69
2074	35	Pulse	5	759179	9544	2
2074	35	Response	1	760939	11304	2
2074	36	Pulse	5	779178	11472	3
2074	37	Picture	10	792740	0	1	4144	3	0	4000	other	0
2074	37	Pulse	5	799328	6588	2
2074	38	Picture	10	810811	0	1	4144	2	0	4000	other	0
2074	38	Pulse	5	819328	8517	2
2074	39	Picture	11	828881	0	2	4145	3	0	4000	hit	76
2074	39	Response	1	833408	4527	1
2074	39	Pulse	5	839327	10446	1
2074	40	Picture	10	846952	0	1	4144	3	0	4000	other	0
2074	40	Pulse	5	859316	12364	2
2074	41	Picture	11	865023	0	1	4145	2	0	4000	miss	0
2074	41	Pulse	5	879315	14292	2
2074	42	Picture	10	883094	0	1	4144	3	0	4000	other	0
2074	42	Pulse	5	899315	16221	2
2074	43	Picture	10	901164	0	2	4145	3	0	4000	other	0
2074	44	Picture	10	919235	0	1	4145	2	0	4000	other	0
2074	44	Pulse	5	919306	71	1
2074	45	Picture	11	937306	0	1	4145	2	0	4000	hit	89
2074	45	Pulse	5	939304	1998	2
2074	45	Response	1	940424	3118	2
2074	46	Picture	10	955377	0	1	4144	3	0	4000	other	0
2074	46	Pulse	5	959303	3926	2
2074	47	Picture	10	973448	0	1	4144	3	0	4000	other	0
2074	47	Pulse	5	979293	5845	1
2074	48	Picture	11	991518	0	2	4145	3	0	4000	hit	95
2074	48	Response	1	995133	3615	1
2074	48	Pulse	5	999293	7775	2
2074	49	Picture	10	1009589	0	1	4145	2	0	4000	other	0
2074	49	Pulse	5	1019291	9702	2
2074	50	Picture	10	1027660	0	1	4145	2	0	4000	other	0
2074	50	Pulse	5	1039281	11621	2
2074	51	Picture	10	1045731	0	2	4144	4	0	4000	other	0
2074	51	Pulse	5	1059280	13549	2
2074	52	Picture	10	1063802	0	1	4144	2	0	4000	other	0
2074	52	Pulse	5	1079281	15479	2
2074	53	Pulse	5	1099269	17397	2
2074	54	Picture	30	1106906	0	1	4145	2	0	4000	other	0
2074	54	Pulse	5	1119269	12363	2
2074	55	Picture	30	1124977	0	1	4145	2	0	4000	other	0
2074	55	Pulse	5	1139268	14291	2
2074	56	Picture	31	1143048	0	1	4144	3	0	4000	miss	0
2074	56	Pulse	5	1159257	16209	2
2074	57	Picture	30	1161119	0	1	4144	2	0	4000	other	0
2074	58	Picture	30	1179189	0	2	4145	3	0	4000	other	0
2074	58	Pulse	5	1179257	68	2
2074	59	Picture	30	1197260	0	1	4145	2	0	4000	other	0
2074	59	Pulse	5	1199256	1996	2
2074	60	Picture	31	1215331	0	1	4145	2	0	4000	miss	0
2074	60	Pulse	5	1219246	3915	2
2074	61	Picture	31	1233402	0	1	4144	3	0	4000	hit	120
2074	61	Response	1	1238765	5363	3
2074	61	Pulse	5	1239245	5843	3
2074	62	Picture	30	1251472	0	2	4145	3	0	4000	other	0
2074	62	Pulse	5	1259245	7773	2
2074	63	Picture	30	1269543	0	1	4145	2	0	4000	other	0
2074	63	Pulse	5	1279234	9691	2
2074	64	Picture	30	1287614	0	1	4145	2	0	4000	other	0
2074	64	Pulse	5	1299234	11620	1
2074	65	Picture	31	1305685	0	1	4144	3	0	4000	miss	0
2074	65	Pulse	5	1319233	13548	2
2074	66	Picture	30	1323756	0	1	4144	2	0	4000	false_alarm	131
2074	66	Response	1	1331873	8117	1
2074	66	Pulse	5	1339222	15466	2
2074	67	Picture	30	1341826	0	2	4145	3	0	4000	other	0
2074	67	Pulse	5	1359222	17396	2
2074	68	Picture	30	1359897	0	1	4145	2	0	4000	other	0
2074	69	Picture	30	1377968	0	1	4145	2	0	4000	other	0
2074	69	Pulse	5	1379221	1253	2
2074	70	Pulse	5	1399211	3172	2
2074	70	Pulse	5	1419210	23171	2
2074	71	Picture	10	1421073	0	1	4144	2	0	4000	other	0
2074	72	Picture	10	1439143	0	2	4145	3	0	4000	other	0
2074	72	Pulse	5	1439210	67	1
2074	73	Picture	11	1457214	0	1	4145	2	0	4000	miss	0
2074	73	Pulse	5	1459199	1985	2
2074	74	Picture	10	1475285	0	1	4145	2	0	4000	other	0
2074	74	Pulse	5	1479199	3914	1
2074	75	Picture	11	1493356	0	1	4144	3	0	4000	hit	148
2074	75	Response	1	1496798	3442	2
2074	75	Pulse	5	1499198	5842	2
2074	76	Picture	10	1511427	0	1	4144	2	0	4000	other	0
2074	76	Pulse	5	1519187	7760	2
2074	77	Picture	10	1529497	0	1	4145	2	0	4000	other	0
2074	77	Pulse	5	1539187	9690	2
2074	78	Picture	11	1547568	0	1	4145	2	0	4000	miss	0
2074	78	Pulse	5	1559186	11618	2
2074	79	Picture	10	1565639	0	1	4145	2	0	4000	other	0
2074	79	Pulse	5	1579176	13537	2
2074	80	Picture	10	1583710	0	1	4144	3	0	4000	other	0
2074	80	Pulse	5	1599175	15465	2
2074	81	Picture	10	1601780	0	2	4145	3	0	4000	other	0
2074	81	Pulse	5	1619175	17395	1
2074	82	Picture	10	1619851	0	1	4145	2	0	4000	other	0
2074	83	Picture	10	1637922	0	1	4145	2	0	4000	other	0
2074	83	Pulse	5	1639164	1242	2
2074	84	Picture	11	1655993	0	1	4145	2	0	4000	hit	167
2074	84	Pulse	5	1659163	3170	2
2074	84	Response	1	1660123	4130	2
2074	85	Picture	10	1674064	0	1	4144	3	0	4000	other	0
2074	85	Pulse	5	1679163	5099	2
2074	86	Picture	10	1692134	0	2	4145	3	0	4000	other	0
2074	86	Pulse	5	1699152	7018	3
2074	87	Pulse	5	1719152	8947	2
2074	88	Picture	20	1735239	0	1	4145	2	0	4000	other	0
2074	88	Pulse	5	1739151	3912	3
2074	89	Picture	20	1753310	0	1	4145	2	0	4000	other	0
2074	89	Pulse	5	1759141	5831	1
2074	90	Picture	20	1771381	0	1	4144	3	0	4000	other	0
2074	90	Pulse	5	1779140	7759	2
2074	91	Picture	21	1789451	0	2	4145	3	0	4000	miss	0
2074	91	Pulse	5	1799139	9688	2
2074	92	Picture	20	1807522	0	1	4145	2	0	4000	other	0
2074	92	Pulse	5	1819129	11607	2
2074	93	Picture	20	1825593	0	1	4145	3	0	4000	other	0
2074	93	Pulse	5	1839288	13695	2
2074	94	Picture	21	1843664	0	1	4145	2	0	4000	hit	186
2074	94	Response	1	1849848	6184	2
2074	94	Pulse	5	1859288	15624	2
2074	95	Picture	20	1861735	0	1	4144	3	0	4000	other	0
2074	95	Pulse	5	1879277	17542	2
2074	96	Picture	20	1879805	0	2	4145	3	0	4000	other	0
2074	97	Picture	20	1897876	0	1	4145	2	0	4000	false_alarm	193
2074	97	Pulse	5	1899277	1401	1
2074	97	Response	1	1908236	10360	2
2074	98	Picture	21	1915946	0	3	4146	4	0	4000	miss	0
2074	98	Pulse	5	1919276	3330	2
2074	99	Picture	20	1934018	0	1	4144	3	0	4000	other	0
2074	99	Pulse	5	1939267	5249	1
2074	100	Picture	20	1952089	0	1	4144	2	0	4000	other	0
2074	100	Pulse	5	1959265	7176	2
2074	101	Picture	21	1970159	0	2	4145	3	0	4000	miss	0
2074	101	Pulse	5	1979264	9105	2
2074	102	Picture	20	1988230	0	1	4144	3	0	4000	false_alarm	203
2074	102	Response	1	1992695	4465	1
2074	102	Pulse	5	1999254	11024	2
2074	103	Picture	20	2006301	0	1	4145	2	0	4000	other	0
2074	103	Pulse	5	2019253	12952	2
2074	104	Pulse	5	2039254	14882	1
2074	105	Picture	10	2049406	0	1	4144	2	0	4000	other	0
2074	105	Pulse	5	2059242	9836	2
2074	106	Picture	10	2067476	0	2	4145	3	0	4000	other	0
2074	106	Pulse	5	2079242	11766	1
2074	107	Picture	11	2085547	0	1	4145	2	0	4000	hit	213
2074	107	Response	1	2089961	4414	2
2074	107	Pulse	5	2099241	13694	2
2074	108	Picture	10	2103618	0	1	4145	2	0	4000	other	0
2074	108	Pulse	5	2119230	15612	2
2074	109	Picture	11	2121689	0	1	4144	3	0	4000	hit	218
2074	109	Response	1	2125470	3781	2
2074	109	Pulse	5	2139230	17541	2
2074	110	Picture	10	2139759	0	2	4145	3	0	4000	other	0
2074	111	Picture	10	2157830	0	2	4145	3	0	4000	other	0
2074	111	Pulse	5	2159229	1399	2
2074	112	Picture	11	2175900	0	3	4146	4	0	4000	hit	225
2074	112	Pulse	5	2179219	3319	2
2074	112	Response	1	2179379	3479	2
2074	113	Picture	10	2193972	0	1	4145	2	0	4000	other	0
2074	113	Pulse	5	2199218	5246	3
2074	114	Picture	10	2212043	0	1	4144	3	0	4000	other	0
2074	114	Pulse	5	2219218	7175	2
2074	115	Picture	10	2230113	0	2	4144	5	0	4000	other	0
2074	115	Pulse	5	2239207	9094	2
2074	116	Picture	10	2248184	0	1	4145	2	0	4000	other	0
2074	116	Pulse	5	2259207	11023	1
2074	117	Picture	10	2266255	0	1	4145	2	0	4000	other	0
2074	117	Pulse	5	2279206	12951	2
2074	118	Picture	11	2284326	0	2	4145	3	0	4000	hit	237
2074	118	Response	1	2287526	3200	2
2074	118	Pulse	5	2299195	14869	2
2074	119	Picture	10	2302397	0	1	4144	3	0	4000	other	0
2074	119	Pulse	5	2319195	16798	2
2074	120	Picture	10	2320467	0	2	4145	3	0	4000	other	0
2074	121	Pulse	5	2339194	656	2
2074	121	Pulse	5	2359184	20646	2
2074	122	Picture	30	2363572	0	1	4145	2	0	4000	other	0
2074	122	Pulse	5	2379183	15611	2
2074	123	Picture	30	2381643	0	1	4145	2	0	4000	other	0
2074	123	Pulse	5	2399183	17540	1
2074	124	Picture	30	2399714	0	1	4144	2	0	4000	other	0
2074	125	Picture	31	2417784	0	2	4145	3	0	4000	miss	0
2074	125	Pulse	5	2419172	1388	2
2074	126	Picture	31	2435855	0	1	4145	2	0	4000	hit	253
2074	126	Pulse	5	2439171	3316	2
2074	126	Response	1	2439811	3956	2
2074	127	Picture	30	2453926	0	1	4145	2	0	4000	other	0
2074	127	Pulse	5	2459171	5245	2
2074	128	Picture	30	2471997	0	1	4145	2	0	4000	other	0
2074	128	Pulse	5	2479160	7163	2
2074	129	Picture	30	2490068	0	1	4144	3	0	4000	other	0
2074	129	Pulse	5	2499160	9092	2
2074	130	Picture	31	2508138	0	2	4145	3	0	4000	hit	261
2074	130	Response	1	2514200	6062	1
2074	130	Pulse	5	2519159	11021	2
2074	131	Picture	30	2526209	0	1	4145	2	0	4000	other	0
2074	131	Pulse	5	2539149	12940	1
2074	132	Picture	30	2544280	0	1	4145	2	0	4000	other	0
2074	132	Pulse	5	2559148	14868	2
2074	133	Picture	30	2562351	0	1	4145	2	0	4000	other	0
2074	133	Pulse	5	2579147	16796	2
2074	134	Picture	30	2580422	0	1	4144	2	0	4000	other	0
2074	135	Picture	31	2598492	0	2	4145	3	0	4000	hit	272
2074	135	Pulse	5	2599137	645	2
2074	135	Response	1	2601217	2725	2
2074	136	Picture	30	2616563	0	1	4145	2	0	4000	other	0
2074	136	Pulse	5	2619136	2573	2
2074	137	Picture	30	2634634	0	1	4145	2	0	4000	other	0
2074	137	Pulse	5	2639136	4502	2
