Scenario - 1-back
Logfile written - 06/28/2014 16:46:23

Subject	Trial	Event Type	Code	Time	TTime	Uncertainty	Duration	Uncertainty	ReqTime	ReqDur	Stim Type	Pair Index

2074	1	Pulse	5	88749	98583	2
2074	2	Pulse	5	108749	19941	1
2074	3	Picture	10	113842	0	1	4145	2	0	4000	other	0
2074	3	Pulse	5	128748	14906	2
2074	4	Picture	10	131913	0	1	4145	2	0	4000	other	0
2074	4	Pulse	5	148737	16824	2
2074	5	Picture	11	149984	0	1	4144	3	0	4000	hit	8
2074	5	Response	1	152417	2433	2
2074	6	Picture	10	168055	0	1	4144	2	0	4000	other	0
2074	6	Pulse	5	168737	682	2
2074	7	Picture	11	186125	0	2	4145	3	0	4000	hit	13
2074	7	Pulse	5	188736	2611	2
2074	7	Response	1	190816	4691	2
2074	8	Picture	10	204196	0	2	4145	3	0	4000	other	0
2074	8	Pulse	5	208726	4530	2
2074	9	Picture	10	222267	0	1	4145	2	0	4000	other	0
2074	9	Pulse	5	228725	6458	4
2074	10	Picture	10	240338	0	1	4144	3	0	4000	other	0
2074	10	Pulse	5	248725	8387	3
2074	11	Picture	11	258408	0	2	4145	3	0	4000	miss	0
2074	11	Pulse	5	268714	10306	2
2074	12	Picture	10	276479	0	2	4145	3	0	4000	other	0
2074	12	Pulse	5	288713	12234	3
2074	13	Picture	10	294550	0	1	4145	2	0	4000	other	0
2074	13	Pulse	5	308713	14163	2
2074	14	Picture	11	312621	0	1	4145	2	0	4000	hit	27
2074	14	Response	1	315434	2813	1
2074	14	Pulse	5	328704	16083	1
2074	15	Picture	10	330692	0	1	4144	3	0	4000	other	0
2074	15	Pulse	5	348693	18001	14
2074	16	Picture	10	348763	0	1	4144	2	0	4000	other	0
2074	17	Picture	10	366833	0	1	4145	2	0	4000	other	0
2074	17	Pulse	5	368703	1870	1
2074	18	Picture	10	384904	0	1	4145	2	0	4000	false_alarm	35
2074	18	Response	1	387572	2668	1
2074	18	Pulse	5	388692	3788	1
2074	19	Pulse	5	408691	5716	1
2074	20	Picture	30	428009	0	1	4144	3	0	4000	other	0
2074	20	Pulse	5	428691	682	1
2074	21	Picture	30	446079	0	2	4145	3	0	4000	other	0
2074	21	Pulse	5	448679	2600	2
2074	22	Picture	31	464150	0	2	4145	3	0	4000	miss	0
2074	22	Pulse	5	468678	4528	2
2074	23	Picture	30	482221	0	1	4145	2	0	4000	other	0
2074	23	Pulse	5	488678	6457	2
2074	24	Picture	30	500292	0	1	4145	2	0	4000	other	0
2074	24	Pulse	5	508667	8375	2
2074	25	Picture	30	518363	0	1	4144	3	0	4000	other	0
2074	25	Pulse	5	528667	10304	2
2074	26	Picture	31	536434	0	1	4144	2	0	4000	miss	0
2074	26	Pulse	5	548666	12232	2
2074	27	Picture	31	554504	0	2	4145	3	0	4000	hit	53
2074	27	Response	1	557306	2802	7
2074	27	Pulse	5	568656	14152	1
2074	28	Picture	30	572575	0	1	4145	2	0	4000	other	0
2074	28	Pulse	5	588655	16080	2
2074	29	Picture	30	590646	0	1	4145	2	0	4000	other	0
2074	29	Pulse	5	608654	18008	3
2074	30	Picture	30	608717	0	1	4144	3	0	4000	other	0
2074	31	Picture	31	626788	0	1	4144	2	0	4000	hit	62
2074	31	Pulse	5	628644	1856	2
2074	31	Response	1	632804	6016	2
2074	32	Picture	30	644858	0	2	4145	3	0	4000	other	0
2074	32	Pulse	5	648644	3786	1
2074	33	Picture	30	662929	0	1	4145	2	0	4000	other	0
2074	33	Pulse	5	668643	5714	2
2074	34	Picture	30	681000	0	1	4145	2	0	4000	other	0
2074	34	Pulse	5	688632	7632	3
2074	35	Picture	30	699071	0	1	4144	3	0	4000	false_alarm	70
2074	35	Response	1	705432	6361	2
2074	35	Pulse	5	708632	9561	2
2074	36	Pulse	5	728631	11489	2
2074	37	Picture	10	742175	0	2	4145	3	0	4000	other	0
2074	37	Pulse	5	748621	6446	1
2074	38	Picture	10	760246	0	1	4145	2	0	4000	other	0
2074	38	Pulse	5	768620	8374	2
2074	39	Picture	11	778317	0	1	4145	2	0	4000	hit	78
2074	39	Response	1	783340	5023	1
2074	39	Pulse	5	788619	10302	2
2074	40	Picture	10	796388	0	1	4145	2	0	4000	other	0
2074	40	Pulse	5	808609	12221	2
2074	41	Picture	11	814459	0	1	4144	3	0	4000	hit	83
2074	41	Response	1	818049	3590	1
2074	41	Pulse	5	828608	14149	2
2074	42	Picture	10	832529	0	2	4145	3	0	4000	other	0
2074	42	Pulse	5	848608	16079	1
2074	43	Picture	10	850600	0	1	4145	2	0	4000	other	0
2074	43	Pulse	5	868597	17997	2
2074	44	Picture	10	868671	0	1	4145	2	0	4000	other	0
2074	45	Picture	11	886742	0	1	4145	2	0	4000	hit	92
2074	45	Pulse	5	888597	1855	1
2074	45	Response	1	890357	3615	1
2074	46	Picture	10	904813	0	1	4144	2	0	4000	other	0
2074	46	Pulse	5	908596	3783	2
2074	47	Picture	10	922883	0	2	4145	3	0	4000	other	0
2074	47	Pulse	5	928585	5702	2
2074	48	Picture	11	940954	0	1	4145	2	0	4000	hit	98
2074	48	Response	1	944105	3151	2
2074	48	Pulse	5	948585	7631	2
2074	49	Picture	10	959024	0	2	4146	3	0	4000	other	0
2074	49	Pulse	5	968584	9560	2
2074	50	Picture	10	977096	0	1	4145	2	0	4000	other	0
2074	50	Pulse	5	988574	11478	2
2074	51	Picture	10	995167	0	1	4144	3	0	4000	other	0
2074	51	Pulse	5	1008573	13406	2
2074	52	Picture	10	1013237	0	2	4145	3	0	4000	other	0
2074	52	Pulse	5	1028573	15336	1
2074	53	Pulse	5	1048562	17254	2
2074	54	Picture	20	1056342	0	1	4145	2	0	4000	other	0
2074	54	Pulse	5	1068562	12220	1
2074	55	Picture	20	1074413	0	1	4145	2	0	4000	other	0
2074	55	Pulse	5	1088561	14148	2
2074	56	Picture	21	1092484	0	1	4144	3	0	4000	hit	114
2074	56	Response	1	1099441	6957	1
2074	56	Pulse	5	1108550	16066	2
2074	57	Picture	20	1110554	0	2	4145	3	0	4000	other	0
2074	58	Picture	20	1128625	0	2	4145	3	0	4000	other	0
2074	58	Pulse	5	1128711	86	1
2074	59	Picture	20	1146696	0	1	4145	2	0	4000	other	0
2074	59	Pulse	5	1148711	2015	1
2074	60	Picture	21	1164767	0	1	4145	2	0	4000	hit	123
2074	60	Pulse	5	1168699	3932	2
2074	60	Response	1	1169819	5052	2
2074	61	Picture	20	1182838	0	1	4144	3	0	4000	other	0
2074	61	Pulse	5	1188698	5860	3
2074	62	Picture	20	1200908	0	2	4145	3	0	4000	other	0
2074	62	Pulse	5	1208697	7789	3
2074	63	Picture	20	1218979	0	1	4145	2	0	4000	other	0
2074	63	Pulse	5	1228687	9708	2
2074	64	Picture	20	1237050	0	1	4145	2	0	4000	other	0
2074	64	Pulse	5	1248686	11636	2
2074	65	Picture	20	1255121	0	1	4145	2	0	4000	other	0
2074	65	Pulse	5	1268686	13565	2
2074	66	Picture	21	1273192	0	1	4144	2	0	4000	miss	0
2074	66	Pulse	5	1288676	15484	1
2074	67	Picture	20	1291263	0	1	4144	2	0	4000	other	0
2074	67	Pulse	5	1308675	17412	2
2074	68	Picture	20	1309333	0	1	4141	7	0	4000	other	0
2074	69	Picture	21	1327404	0	1	4145	2	0	4000	miss	0
2074	69	Pulse	5	1328674	1270	2
2074	70	Pulse	5	1348664	3189	1
2074	70	Pulse	5	1368663	23188	2
2074	71	Picture	10	1370509	0	1	4144	3	0	4000	other	0
2074	72	Picture	10	1388580	0	1	4144	2	0	4000	other	0
2074	72	Pulse	5	1388662	82	2
2074	73	Picture	11	1406650	0	1	4145	2	0	4000	miss	0
2074	73	Pulse	5	1408653	2003	1
2074	74	Picture	10	1424721	0	1	4145	2	0	4000	other	0
2074	74	Pulse	5	1428651	3930	2
2074	75	Picture	11	1442792	0	1	4145	2	0	4000	hit	151
2074	75	Response	1	1447051	4259	2
2074	75	Pulse	5	1448651	5859	2
2074	76	Picture	10	1460863	0	1	4144	3	0	4000	other	0
2074	76	Pulse	5	1468640	7777	2
2074	77	Picture	10	1478934	0	1	4144	2	0	4000	other	0
2074	77	Pulse	5	1488641	9707	1
2074	78	Picture	11	1497004	0	1	4145	2	0	4000	hit	158
2074	78	Response	1	1500639	3635	2
2074	78	Pulse	5	1508639	11635	2
2074	79	Picture	10	1515075	0	1	4145	2	0	4000	other	0
2074	79	Pulse	5	1528629	13554	1
2074	80	Picture	10	1533146	0	1	4145	2	0	4000	other	0
2074	80	Pulse	5	1548628	15482	2
2074	81	Picture	10	1551217	0	1	4144	3	0	4000	other	0
2074	81	Pulse	5	1568627	17410	2
2074	82	Picture	10	1569287	0	2	4145	3	0	4000	false_alarm	167
2074	82	Response	1	1572307	3020	2
2074	83	Picture	10	1587358	0	1	4145	2	0	4000	other	0
2074	83	Pulse	5	1588617	1259	2
2074	84	Picture	11	1605429	0	1	4145	2	0	4000	miss	0
2074	84	Pulse	5	1608616	3187	2
2074	85	Picture	10	1623500	0	1	4144	3	0	4000	other	0
2074	85	Pulse	5	1628616	5116	1
2074	86	Picture	10	1641571	0	1	4144	3	0	4000	other	0
2074	86	Pulse	5	1648605	7034	3
2074	87	Pulse	5	1668605	8964	2
2074	88	Picture	30	1684675	0	2	4145	3	0	4000	other	0
2074	88	Pulse	5	1688604	3929	2
2074	89	Picture	30	1702746	0	1	4145	2	0	4000	other	0
2074	89	Pulse	5	1708593	5847	2
2074	90	Picture	30	1720817	0	1	4145	2	0	4000	other	0
2074	90	Pulse	5	1728593	7776	2
2074	91	Picture	31	1738888	0	1	4144	3	0	4000	miss	0
2074	91	Pulse	5	1748592	9704	2
2074	92	Picture	31	1756959	0	1	4144	2	0	4000	hit	186
2074	92	Response	1	1767303	10344	1
2074	92	Pulse	5	1768582	11623	2
2074	93	Picture	30	1775029	0	2	4145	3	0	4000	other	0
2074	93	Pulse	5	1788581	13552	2
2074	94	Picture	30	1793100	0	1	4145	2	0	4000	other	0
2074	94	Pulse	5	1808581	15481	1
2074	95	Picture	30	1811171	0	1	4145	2	0	4000	other	0
2074	95	Pulse	5	1828571	17400	1
2074	96	Picture	31	1829242	0	1	4144	3	0	4000	hit	195
2074	96	Response	1	1835130	5888	2
2074	97	Picture	30	1847313	0	1	4144	2	0	4000	other	0
2074	97	Pulse	5	1848570	1257	1
2074	98	Picture	30	1865383	0	2	4145	3	0	4000	other	0
2074	98	Pulse	5	1868569	3186	2
2074	99	Picture	30	1883454	0	1	4144	3	0	4000	other	0
2074	99	Pulse	5	1888558	5104	2
2074	100	Picture	30	1901525	0	1	4145	2	0	4000	other	0
2074	100	Pulse	5	1908558	7033	2
2074	101	Picture	31	1919596	0	1	4144	3	0	4000	hit	205
2074	101	Response	1	1925357	5761	2
2074	101	Pulse	5	1928557	8961	2
2074	102	Picture	30	1937666	0	2	4145	3	0	4000	other	0
2074	102	Pulse	5	1948547	10881	2
2074	103	Picture	30	1955737	0	2	4145	3	0	4000	other	0
2074	103	Pulse	5	1968546	12809	2
2074	104	Pulse	5	1988546	14738	1
2074	105	Picture	10	1998842	0	1	4145	2	0	4000	other	0
2074	105	Pulse	5	2008535	9693	2
2074	106	Picture	10	2016913	0	1	4144	3	0	4000	other	0
2074	106	Pulse	5	2028534	11621	2
2074	107	Picture	11	2034984	0	1	4144	2	0	4000	hit	217
2074	107	Response	1	2037654	2670	2
2074	107	Pulse	5	2048534	13550	2
2074	108	Picture	10	2053054	0	2	4145	3	0	4000	other	0
2074	108	Pulse	5	2068523	15469	2
2074	109	Picture	11	2071125	0	1	4145	2	0	4000	hit	222
2074	109	Response	1	2074603	3478	2
2074	109	Pulse	5	2088523	17398	2
2074	110	Picture	10	2089196	0	1	4145	2	0	4000	other	0
2074	111	Picture	10	2107267	0	1	4145	2	0	4000	other	0
2074	111	Pulse	5	2108522	1255	2
2074	112	Picture	11	2125338	0	1	4144	3	0	4000	miss	0
2074	112	Pulse	5	2128512	3174	2
2074	113	Picture	10	2143408	0	2	4145	3	0	4000	other	0
2074	113	Pulse	5	2148511	5103	2
2074	114	Picture	10	2161479	0	1	4145	2	0	4000	other	0
2074	114	Pulse	5	2168670	7191	3
2074	115	Picture	10	2179550	0	3	4145	4	0	4000	other	0
2074	115	Pulse	5	2188660	9110	2
2074	116	Picture	10	2197621	0	1	4144	3	0	4000	other	0
2074	116	Pulse	5	2208659	11038	2
2074	117	Picture	10	2215692	0	1	4144	2	0	4000	other	0
2074	117	Pulse	5	2228659	12967	2
2074	118	Picture	11	2233762	0	2	4145	3	0	4000	miss	0
2074	118	Pulse	5	2248650	14888	1
2074	119	Picture	10	2251833	0	1	4145	2	0	4000	other	0
2074	119	Pulse	5	2268648	16815	1
2074	120	Picture	10	2269904	0	1	4145	2	0	4000	other	0
2074	121	Pulse	5	2288648	673	2
2074	121	Pulse	5	2308637	20662	1
2074	122	Picture	20	2313009	0	1	4144	3	0	4000	other	0
2074	122	Pulse	5	2328636	15627	2
2074	123	Picture	20	2331079	0	2	4145	3	0	4000	other	0
2074	123	Pulse	5	2348637	17558	1
2074	124	Picture	20	2349150	0	1	4145	2	0	4000	other	0
2074	125	Picture	21	2367221	0	1	4145	2	0	4000	miss	0
2074	125	Pulse	5	2368626	1405	1
2074	126	Picture	20	2385292	0	1	4145	2	0	4000	other	0
2074	126	Pulse	5	2388624	3332	2
2074	127	Picture	20	2403363	0	1	4144	2	0	4000	other	0
2074	127	Pulse	5	2408624	5261	2
2074	128	Picture	21	2421433	0	2	4145	3	0	4000	miss	0
2074	128	Pulse	5	2428614	7181	2
2074	129	Picture	20	2439504	0	1	4145	2	0	4000	other	0
2074	129	Pulse	5	2448613	9109	1
2074	130	Picture	20	2457575	0	1	4145	2	0	4000	other	0
2074	130	Pulse	5	2468612	11037	2
2074	131	Picture	20	2475646	0	1	4145	2	0	4000	other	0
2074	131	Pulse	5	2488601	12955	2
2074	132	Picture	21	2493717	0	1	4144	3	0	4000	miss	0
2074	132	Pulse	5	2508602	14885	1
2074	133	Picture	20	2511787	0	2	4145	3	0	4000	other	0
2074	133	Pulse	5	2528600	16813	2
2074	134	Picture	20	2529858	0	1	4145	2	0	4000	other	0
2074	135	Picture	21	2547929	0	1	4145	2	0	4000	miss	0
2074	135	Pulse	5	2548590	661	2
2074	136	Picture	20	2566000	0	1	4145	2	0	4000	other	0
2074	136	Pulse	5	2568589	2589	2
2074	137	Picture	20	2584071	0	1	4144	3	0	4000	other	0
2074	137	Pulse	5	2588590	4519	1
