Scenario - 1-back
Logfile written - 06/28/2014 16:36:43

Subject	Trial	Event Type	Code	Time	TTime	Uncertainty	Duration	Uncertainty	ReqTime	ReqDur	Stim Type	Pair Index

2074	1	Pulse	5	748670	758504	2
2074	2	Pulse	5	768669	19862	2
2074	3	Picture	10	773841	0	1	4144	2	0	4000	other	0
2074	3	Pulse	5	788668	14827	2
2074	4	Picture	10	791911	0	2	4145	3	0	4000	other	0
2074	4	Pulse	5	808658	16747	2
2074	5	Picture	11	809982	0	1	4145	2	0	4000	hit	8
2074	5	Response	1	813298	3316	2
2074	6	Picture	10	828053	0	1	4145	2	0	4000	other	0
2074	6	Pulse	5	828657	604	2
2074	7	Picture	11	846124	0	1	4145	2	0	4000	hit	13
2074	7	Pulse	5	848658	2534	1
2074	7	Response	1	851057	4933	2
2074	8	Picture	10	864195	0	1	4144	2	0	4000	other	0
2074	8	Pulse	5	868646	4451	3
2074	9	Picture	10	882265	0	2	4145	3	0	4000	other	0
2074	9	Pulse	5	888646	6381	2
2074	10	Picture	10	900336	0	1	4145	2	0	4000	other	0
2074	10	Pulse	5	908645	8309	3
2074	11	Picture	11	918407	0	1	4145	2	0	4000	miss	0
2074	11	Pulse	5	928635	10228	1
2074	12	Picture	10	936478	0	1	4144	3	0	4000	other	0
2074	12	Pulse	5	948634	12156	2
2074	13	Picture	10	954549	0	1	4144	2	0	4000	other	0
2074	13	Pulse	5	968633	14084	2
2074	14	Picture	11	972619	0	2	4145	3	0	4000	hit	27
2074	14	Response	1	975344	2725	1
2074	14	Pulse	5	988624	16005	1
2074	15	Picture	10	990690	0	1	4145	2	0	4000	other	0
2074	15	Pulse	5	1008622	17932	2
2074	16	Picture	10	1008761	0	1	4145	2	0	4000	other	0
2074	17	Picture	10	1026832	0	1	4144	3	0	4000	other	0
2074	17	Pulse	5	1028622	1790	2
2074	18	Picture	10	1044903	0	1	4144	2	0	4000	other	0
2074	18	Pulse	5	1048611	3708	2
2074	19	Pulse	5	1068611	5638	1
2074	20	Picture	30	1088007	0	1	4145	2	0	4000	other	0
2074	20	Pulse	5	1088610	603	2
2074	21	Picture	30	1106078	0	1	4145	2	0	4000	other	0
2074	21	Pulse	5	1108599	2521	2
2074	22	Picture	31	1124149	0	1	4144	3	0	4000	hit	42
2074	22	Response	1	1127319	3170	2
2074	22	Pulse	5	1128599	4450	2
2074	23	Picture	30	1142220	0	1	4144	3	0	4000	other	0
2074	23	Pulse	5	1148599	6379	1
2074	24	Picture	30	1160290	0	2	4145	3	0	4000	other	0
2074	24	Pulse	5	1168588	8298	2
2074	25	Picture	30	1178361	0	1	4145	2	0	4000	other	0
2074	25	Pulse	5	1188587	10226	2
2074	26	Picture	31	1196432	0	1	4145	2	0	4000	miss	0
2074	26	Pulse	5	1208747	12315	2
2074	27	Picture	31	1214503	0	1	4144	3	0	4000	hit	53
2074	27	Response	1	1217216	2713	2
2074	27	Pulse	5	1228736	14233	2
2074	28	Picture	30	1232574	0	1	4144	2	0	4000	other	0
2074	28	Pulse	5	1248736	16162	1
2074	29	Picture	30	1250644	0	2	4145	3	0	4000	other	0
2074	30	Picture	30	1268715	0	2	4145	3	0	4000	other	0
2074	30	Pulse	5	1268735	20	2
2074	31	Picture	31	1286786	0	1	4145	2	0	4000	hit	62
2074	31	Pulse	5	1288724	1938	2
2074	31	Response	1	1294004	7218	2
2074	32	Picture	30	1304857	0	1	4145	2	0	4000	other	0
2074	32	Pulse	5	1308724	3867	2
2074	33	Picture	30	1322928	0	1	4144	2	0	4000	other	0
2074	33	Pulse	5	1328723	5795	2
2074	34	Picture	30	1340998	0	2	4145	3	0	4000	other	0
2074	34	Pulse	5	1348713	7715	2
2074	35	Picture	30	1359069	0	1	4145	2	0	4000	false_alarm	70
2074	35	Response	1	1365192	6123	3
2074	35	Pulse	5	1368712	9643	3
2074	36	Pulse	5	1388712	11572	3
2074	37	Picture	10	1402174	0	1	4145	2	0	4000	other	0
2074	37	Pulse	5	1408701	6527	3
2074	38	Picture	10	1420245	0	1	4144	3	0	4000	other	0
2074	38	Pulse	5	1428700	8455	2
2074	39	Picture	11	1438315	0	2	4145	4	0	4000	hit	78
2074	39	Response	1	1447891	9576	1
2074	39	Pulse	5	1448690	10375	3
2074	40	Picture	10	1456386	0	1	4145	2	0	4000	other	0
2074	40	Pulse	5	1468689	12303	2
2074	41	Picture	11	1474457	0	1	4145	2	0	4000	hit	83
2074	41	Response	1	1478450	3993	1
2074	41	Pulse	5	1488689	14232	2
2074	42	Picture	10	1492528	0	1	4145	2	0	4000	other	0
2074	42	Pulse	5	1508690	16162	1
2074	43	Picture	10	1510599	0	1	4144	3	0	4000	other	0
2074	44	Picture	10	1528669	0	2	4145	3	0	4000	other	0
2074	44	Pulse	5	1528678	9	2
2074	45	Picture	11	1546740	0	1	4145	2	0	4000	hit	92
2074	45	Pulse	5	1548677	1937	2
2074	45	Response	1	1549957	3217	2
2074	46	Picture	10	1564811	0	1	4145	2	0	4000	other	0
2074	46	Pulse	5	1568678	3867	1
2074	47	Picture	10	1582882	0	1	4144	3	0	4000	other	0
2074	47	Pulse	5	1588666	5784	2
2074	48	Picture	11	1600953	0	1	4144	3	0	4000	hit	98
2074	48	Response	1	1604827	3874	1
2074	48	Pulse	5	1608667	7714	1
2074	49	Picture	10	1619023	0	2	4145	3	0	4000	other	0
2074	49	Pulse	5	1628666	9643	1
2074	50	Picture	10	1637094	0	1	4145	2	0	4000	other	0
2074	50	Pulse	5	1648656	11562	1
2074	51	Picture	10	1655165	0	1	4145	2	0	4000	other	0
2074	51	Pulse	5	1668654	13489	2
2074	52	Picture	10	1673236	0	1	4145	2	0	4000	other	0
2074	52	Pulse	5	1688653	15417	2
2074	53	Pulse	5	1708643	17336	1
2074	54	Picture	20	1716341	0	1	4144	2	0	4000	other	0
2074	54	Pulse	5	1728642	12301	2
2074	55	Picture	20	1734411	0	2	4145	3	0	4000	other	0
2074	55	Pulse	5	1748641	14230	2
2074	56	Picture	21	1752481	0	3	4146	4	0	4000	hit	114
2074	56	Response	1	1762871	10390	2
2074	56	Pulse	5	1768631	16150	2
2074	57	Picture	20	1770553	0	1	4145	2	0	4000	other	0
2074	58	Picture	20	1788624	0	1	4144	3	0	4000	other	0
2074	58	Pulse	5	1788630	6	2
2074	59	Picture	20	1806694	0	2	4145	3	0	4000	other	0
2074	59	Pulse	5	1808630	1936	2
2074	60	Picture	21	1824765	0	2	4145	3	0	4000	miss	0
2074	60	Pulse	5	1828619	3854	3
2074	61	Picture	20	1842836	0	1	4145	2	0	4000	false_alarm	125
2074	61	Pulse	5	1848619	5783	2
2074	61	Response	1	1850859	8023	2
2074	62	Picture	20	1860907	0	1	4145	2	0	4000	other	0
2074	62	Pulse	5	1868618	7711	2
2074	63	Picture	20	1878978	0	1	4144	3	0	4000	other	0
2074	63	Pulse	5	1888607	9629	2
2074	64	Picture	20	1897049	0	1	4144	2	0	4000	false_alarm	131
2074	64	Response	1	1900607	3558	2
2074	64	Pulse	5	1908607	11558	2
2074	65	Picture	20	1915119	0	1	4145	2	0	4000	false_alarm	134
2074	65	Response	1	1924606	9487	2
2074	65	Pulse	5	1928606	13487	2
2074	66	Picture	21	1933190	0	1	4145	2	0	4000	miss	0
2074	66	Pulse	5	1948596	15406	2
2074	67	Picture	20	1951261	0	1	4145	2	0	4000	false_alarm	139
2074	67	Response	1	1954036	2775	1
2074	67	Pulse	5	1968595	17334	2
2074	68	Picture	20	1969332	0	1	4144	3	0	4000	false_alarm	142
2074	68	Response	1	1975155	5823	2
2074	69	Picture	21	1987402	0	2	4145	3	0	4000	hit	145
2074	69	Pulse	5	1988595	1193	2
2074	69	Response	1	1994985	7583	1
2074	70	Pulse	5	2008584	3111	2
2074	70	Pulse	5	2028584	23111	1
2074	71	Picture	10	2030507	0	1	4145	2	0	4000	other	0
2074	72	Picture	10	2048578	0	1	4145	2	0	4000	other	0
2074	72	Pulse	5	2048583	5	2
2074	73	Picture	11	2066649	0	1	4144	3	0	4000	hit	153
2074	73	Pulse	5	2068572	1923	2
2074	73	Response	1	2070652	4003	2
2074	74	Picture	10	2084720	0	1	4144	2	0	4000	other	0
2074	74	Pulse	5	2088572	3852	2
2074	75	Picture	11	2102790	0	2	4145	3	0	4000	hit	157
2074	75	Response	1	2107131	4341	2
2074	75	Pulse	5	2108571	5781	2
2074	76	Picture	10	2120861	0	1	4145	2	0	4000	other	0
2074	76	Pulse	5	2128561	7700	2
2074	77	Picture	10	2138932	0	1	4145	2	0	4000	other	0
2074	77	Pulse	5	2148560	9628	2
2074	78	Picture	11	2157003	0	1	4144	3	0	4000	miss	0
2074	78	Pulse	5	2168560	11557	1
2074	79	Picture	10	2175074	0	1	4144	2	0	4000	other	0
2074	79	Pulse	5	2188549	13475	2
2074	80	Picture	10	2193144	0	2	4145	3	0	4000	other	0
2074	80	Pulse	5	2208548	15404	2
2074	81	Picture	10	2211215	0	1	4145	2	0	4000	other	0
2074	81	Pulse	5	2228548	17333	2
2074	82	Picture	10	2229286	0	1	4145	2	0	4000	other	0
2074	83	Picture	10	2247357	0	1	4144	3	0	4000	other	0
2074	83	Pulse	5	2248697	1340	2
2074	84	Picture	11	2265428	0	1	4144	2	0	4000	hit	176
2074	84	Pulse	5	2268697	3269	2
2074	84	Response	1	2269817	4389	2
2074	85	Picture	10	2283498	0	2	4145	3	0	4000	other	0
2074	85	Pulse	5	2288696	5198	2
2074	86	Picture	10	2301569	0	1	4145	2	0	4000	other	0
2074	86	Pulse	5	2308686	7117	2
2074	87	Pulse	5	2328685	9045	2
2074	88	Picture	30	2344674	0	1	4144	3	0	4000	other	0
2074	88	Pulse	5	2348684	4010	3
2074	89	Picture	30	2362745	0	1	4144	2	0	4000	other	0
2074	89	Pulse	5	2368674	5929	2
2074	90	Picture	30	2380815	0	2	4145	3	0	4000	other	0
2074	90	Pulse	5	2388673	7858	2
2074	91	Picture	31	2398886	0	1	4145	2	0	4000	hit	189
2074	91	Response	1	2402593	3707	2
2074	91	Pulse	5	2408673	9787	2
2074	92	Picture	31	2416957	0	1	4145	2	0	4000	miss	0
2074	92	Pulse	5	2428662	11705	2
2074	93	Picture	30	2435028	0	1	4144	3	0	4000	other	0
2074	93	Pulse	5	2448663	13635	1
2074	94	Picture	30	2453099	0	1	4144	2	0	4000	other	0
2074	94	Pulse	5	2468661	15562	2
2074	95	Picture	30	2471169	0	2	4145	3	0	4000	other	0
2074	95	Pulse	5	2488651	17482	1
2074	96	Picture	31	2489240	0	1	4145	2	0	4000	hit	200
2074	96	Response	1	2495690	6450	2
2074	97	Picture	30	2507311	0	1	4145	2	0	4000	other	0
2074	97	Pulse	5	2508651	1340	1
2074	98	Picture	30	2525382	0	1	4144	3	0	4000	false_alarm	205
2074	98	Pulse	5	2528649	3267	2
2074	98	Response	1	2532329	6947	2
2074	99	Picture	30	2543453	0	1	4144	3	0	4000	false_alarm	208
2074	99	Pulse	5	2548639	5186	2
2074	99	Response	1	2550879	7426	2
2074	100	Picture	30	2561523	0	2	4145	3	0	4000	other	0
2074	100	Pulse	5	2568638	7115	2
2074	101	Picture	31	2579594	0	1	4145	2	0	4000	hit	212
2074	101	Response	1	2586078	6484	2
2074	101	Pulse	5	2588629	9035	1
2074	102	Picture	30	2597665	0	1	4145	2	0	4000	other	0
2074	102	Pulse	5	2608629	10964	1
2074	103	Picture	30	2615736	0	1	4145	2	0	4000	other	0
2074	103	Pulse	5	2628627	12891	1
2074	104	Pulse	5	2648626	14819	2
2074	105	Picture	10	2658840	0	2	4145	3	0	4000	other	0
2074	105	Pulse	5	2668616	9776	1
2074	106	Picture	10	2676911	0	2	4145	3	0	4000	other	0
2074	106	Pulse	5	2688616	11705	1
2074	107	Picture	11	2694982	0	1	4145	2	0	4000	hit	224
2074	107	Response	1	2697736	2754	1
2074	107	Pulse	5	2708616	13634	1
2074	108	Picture	10	2713053	0	1	4145	2	0	4000	other	0
2074	108	Pulse	5	2728605	15552	1
2074	109	Picture	11	2731124	0	1	4144	3	0	4000	hit	229
2074	109	Response	1	2735325	4201	1
2074	109	Pulse	5	2748603	17479	2
2074	110	Picture	10	2749195	0	1	4144	2	0	4000	other	0
2074	111	Picture	10	2767265	0	2	4144	4	0	4000	other	0
2074	111	Pulse	5	2768603	1338	1
2074	112	Picture	11	2785336	0	1	4145	2	0	4000	hit	235
2074	112	Response	1	2788272	2936	3
2074	112	Pulse	5	2788592	3256	3
2074	113	Picture	10	2803407	0	1	4145	2	0	4000	other	0
2074	113	Pulse	5	2808592	5185	2
2074	114	Picture	10	2821478	0	1	4144	3	0	4000	other	0
2074	114	Pulse	5	2828591	7113	2
2074	115	Picture	10	2839549	0	1	4144	2	0	4000	false_alarm	242
2074	115	Response	1	2842181	2632	1
2074	115	Pulse	5	2848580	9031	2
2074	116	Picture	10	2857619	0	2	4145	3	0	4000	other	0
2074	116	Pulse	5	2868580	10961	2
2074	117	Picture	10	2875690	0	1	4145	2	0	4000	other	0
2074	117	Pulse	5	2888579	12889	2
2074	118	Picture	11	2893761	0	1	4145	2	0	4000	hit	249
2074	118	Response	1	2898010	4249	1
2074	118	Pulse	5	2908569	14808	2
2074	119	Picture	10	2911832	0	1	4144	3	0	4000	other	0
2074	119	Pulse	5	2928568	16736	2
2074	120	Picture	10	2929902	0	2	4145	3	0	4000	other	0
2074	121	Pulse	5	2948568	595	2
2074	121	Pulse	5	2968557	20584	2
2074	122	Picture	20	2973007	0	1	4145	2	0	4000	other	0
2074	122	Pulse	5	2988556	15549	2
2074	123	Picture	20	2991078	0	1	4145	2	0	4000	other	0
2074	123	Pulse	5	3008556	17478	2
2074	124	Picture	20	3009149	0	1	4144	3	0	4000	other	0
2074	125	Picture	21	3027220	0	1	4144	2	0	4000	miss	0
2074	125	Pulse	5	3028545	1325	2
2074	126	Picture	20	3045290	0	2	4145	3	0	4000	other	0
2074	126	Pulse	5	3048545	3255	2
2074	127	Picture	20	3063361	0	1	4145	2	0	4000	other	0
2074	127	Pulse	5	3068544	5183	2
2074	128	Picture	21	3081432	0	1	4144	3	0	4000	hit	268
2074	128	Response	1	3086134	4702	2
2074	128	Pulse	5	3088534	7102	1
2074	129	Picture	20	3099503	0	1	4144	3	0	4000	other	0
2074	129	Pulse	5	3108533	9030	2
2074	130	Picture	20	3117574	0	1	4144	2	0	4000	false_alarm	273
2074	130	Response	1	3121813	4239	2
2074	130	Pulse	5	3128533	10959	1
2074	131	Picture	20	3135644	0	2	4145	3	0	4000	other	0
2074	131	Pulse	5	3148522	12878	2
2074	132	Picture	21	3153715	0	1	4145	2	0	4000	miss	0
2074	132	Pulse	5	3168521	14806	2
2074	133	Picture	20	3171786	0	1	4145	2	0	4000	other	0
2074	133	Pulse	5	3188521	16735	2
2074	134	Picture	20	3189857	0	1	4144	3	0	4000	other	0
2074	135	Picture	21	3207928	0	1	4144	2	0	4000	miss	0
2074	135	Pulse	5	3208510	582	2
2074	136	Picture	20	3225998	0	2	4145	3	0	4000	other	0
2074	136	Pulse	5	3228510	2512	2
2074	137	Picture	20	3244069	0	1	4145	2	0	4000	other	0
2074	137	Pulse	5	3248509	4440	2
