Scenario - 1-back
Logfile written - 06/28/2014 16:41:44

Subject	Trial	Event Type	Code	Time	TTime	Uncertainty	Duration	Uncertainty	ReqTime	ReqDur	Stim Type	Pair Index

2074	1	Pulse	5	431862	441696	1
2074	2	Response	1	438421	6433	2
2074	2	Pulse	5	451861	19873	2
2074	3	Picture	10	457022	0	1	4144	3	0	4000	other	0
2074	3	Pulse	5	471850	14828	3
2074	4	Picture	10	475092	0	2	4145	3	0	4000	other	0
2074	4	Pulse	5	491850	16758	2
2074	5	Picture	11	493163	0	1	4145	2	0	4000	hit	9
2074	5	Response	1	497130	3967	2
2074	6	Picture	10	511234	0	1	4145	2	0	4000	false_alarm	12
2074	6	Pulse	5	511848	614	4
2074	6	Response	1	521769	10535	2
2074	7	Picture	11	529305	0	1	4144	3	0	4000	hit	15
2074	7	Pulse	5	531839	2534	2
2074	7	Response	1	534239	4934	2
2074	8	Picture	10	547376	0	1	4144	2	0	4000	other	0
2074	8	Pulse	5	551838	4462	2
2074	9	Picture	10	565446	0	2	4145	3	0	4000	other	0
2074	9	Pulse	5	571838	6392	1
2074	10	Picture	10	583517	0	2	4145	3	0	4000	other	0
2074	10	Pulse	5	591827	8310	2
2074	11	Picture	11	601588	0	1	4145	2	0	4000	hit	23
2074	11	Response	1	604787	3199	2
2074	11	Pulse	5	611826	10238	2
2074	12	Picture	10	619659	0	1	4144	3	0	4000	other	0
2074	12	Pulse	5	631826	12167	2
2074	13	Picture	10	637730	0	1	4144	2	0	4000	other	0
2074	13	Pulse	5	651815	14085	2
2074	14	Picture	11	655800	0	2	4145	3	0	4000	miss	0
2074	14	Pulse	5	671815	16015	2
2074	15	Picture	10	673871	0	1	4145	2	0	4000	other	0
2074	15	Pulse	5	691816	17945	1
2074	16	Picture	10	691942	0	1	4145	2	0	4000	other	0
2074	17	Picture	10	710013	0	1	4144	3	0	4000	other	0
2074	17	Pulse	5	711806	1793	1
2074	18	Picture	10	728084	0	1	4144	3	0	4000	other	0
2074	18	Pulse	5	731805	3721	1
2074	19	Pulse	5	751802	5648	3
2074	20	Picture	20	771188	0	1	4145	2	0	4000	other	0
2074	20	Pulse	5	771792	604	2
2074	21	Picture	20	789259	0	1	4145	2	0	4000	other	0
2074	21	Pulse	5	791793	2534	1
2074	22	Picture	21	807330	0	1	4145	2	0	4000	hit	45
2074	22	Pulse	5	811791	4461	2
2074	22	Response	1	813391	6061	2
2074	23	Picture	20	825400	0	2	4145	3	0	4000	other	0
2074	23	Pulse	5	831780	6380	2
2074	24	Picture	20	843471	0	2	4145	3	0	4000	other	0
2074	24	Pulse	5	851780	8309	2
2074	25	Picture	20	861542	0	2	4145	3	0	4000	other	0
2074	25	Pulse	5	871779	10237	2
2074	26	Picture	21	879613	0	1	4145	2	0	4000	hit	53
2074	26	Response	1	887929	8316	2
2074	26	Pulse	5	891769	12156	1
2074	27	Picture	20	897684	0	1	4144	3	0	4000	other	0
2074	27	Pulse	5	911768	14084	2
2074	28	Picture	20	915755	0	1	4144	2	0	4000	other	0
2074	28	Pulse	5	931927	16172	2
2074	29	Picture	20	933825	0	2	4145	3	0	4000	other	0
2074	30	Picture	20	951896	0	1	4145	2	0	4000	other	0
2074	30	Pulse	5	951917	21	2
2074	31	Picture	20	969967	0	1	4145	2	0	4000	false_alarm	64
2074	31	Pulse	5	971916	1949	2
2074	31	Response	1	976396	6429	2
2074	32	Picture	21	988038	0	1	4145	2	0	4000	miss	0
2074	32	Pulse	5	991916	3878	2
2074	33	Picture	20	1006109	0	1	4144	3	0	4000	other	0
2074	33	Pulse	5	1011905	5796	2
2074	34	Picture	20	1024179	0	2	4145	3	0	4000	other	0
2074	34	Pulse	5	1031905	7726	2
2074	35	Picture	21	1042250	0	1	4145	2	0	4000	hit	72
2074	35	Response	1	1046624	4374	2
2074	35	Pulse	5	1051904	9654	2
2074	36	Pulse	5	1071893	11572	2
2074	37	Picture	10	1085355	0	1	4145	2	0	4000	other	0
2074	37	Pulse	5	1091893	6538	2
2074	38	Picture	10	1103426	0	1	4144	3	0	4000	other	0
2074	38	Pulse	5	1111893	8467	1
2074	39	Picture	11	1121496	0	2	4145	3	0	4000	hit	80
2074	39	Response	1	1127082	5586	2
2074	39	Pulse	5	1131882	10386	2
2074	40	Picture	10	1139567	0	2	4144	4	0	4000	other	0
2074	40	Pulse	5	1151881	12314	2
2074	41	Picture	11	1157638	0	1	4145	2	0	4000	miss	0
2074	41	Pulse	5	1171881	14243	1
2074	42	Picture	10	1175709	0	1	4145	2	0	4000	other	0
2074	42	Pulse	5	1191870	16161	3
2074	43	Picture	10	1193780	0	1	4144	3	0	4000	other	0
2074	44	Picture	10	1211851	0	1	4144	2	0	4000	other	0
2074	44	Pulse	5	1211870	19	2
2074	45	Picture	11	1229921	0	2	4145	3	0	4000	hit	93
2074	45	Pulse	5	1231869	1948	2
2074	45	Response	1	1233309	3388	2
2074	46	Picture	10	1247992	0	1	4145	2	0	4000	other	0
2074	46	Pulse	5	1251858	3866	2
2074	47	Picture	10	1266063	0	1	4145	2	0	4000	other	0
2074	47	Pulse	5	1271858	5795	2
2074	48	Picture	11	1284134	0	1	4144	3	0	4000	hit	99
2074	48	Response	1	1288977	4843	2
2074	48	Pulse	5	1291857	7723	2
2074	49	Picture	10	1302205	0	1	4144	2	0	4000	other	0
2074	49	Pulse	5	1311847	9642	2
2074	50	Picture	10	1320275	0	1	4145	2	0	4000	other	0
2074	50	Pulse	5	1331846	11571	2
2074	51	Picture	10	1338346	0	3	4145	4	0	4000	other	0
2074	51	Pulse	5	1351846	13500	1
2074	52	Picture	10	1356417	0	1	4145	2	0	4000	other	0
2074	52	Pulse	5	1371835	15418	2
2074	53	Pulse	5	1391834	17346	2
2074	54	Picture	30	1399522	0	1	4144	2	0	4000	other	0
2074	54	Pulse	5	1411834	12312	2
2074	55	Picture	30	1417592	0	2	4145	3	0	4000	other	0
2074	55	Pulse	5	1431823	14231	3
2074	56	Picture	31	1435663	0	2	4145	3	0	4000	hit	115
2074	56	Response	1	1439983	4320	2
2074	56	Pulse	5	1451823	16160	2
2074	57	Picture	30	1453734	0	1	4145	2	0	4000	other	0
2074	58	Picture	30	1471805	0	1	4144	3	0	4000	other	0
2074	58	Pulse	5	1471822	17	2
2074	59	Picture	30	1489876	0	1	4144	2	0	4000	other	0
2074	59	Pulse	5	1491813	1937	1
2074	60	Picture	31	1507946	0	2	4145	3	0	4000	hit	124
2074	60	Pulse	5	1511811	3865	2
2074	60	Response	1	1513411	5465	2
2074	61	Picture	31	1526017	0	1	4145	2	0	4000	miss	0
2074	61	Pulse	5	1531811	5794	1
2074	62	Picture	30	1544088	0	1	4145	2	0	4000	other	0
2074	62	Pulse	5	1551800	7712	2
2074	63	Picture	30	1562159	0	1	4145	2	0	4000	other	0
2074	63	Pulse	5	1571799	9640	2
2074	64	Picture	30	1580230	0	1	4144	2	0	4000	other	0
2074	64	Pulse	5	1591799	11569	2
2074	65	Picture	31	1598300	0	2	4145	3	0	4000	hit	134
2074	65	Response	1	1603790	5490	1
2074	65	Pulse	5	1611788	13488	2
2074	66	Picture	30	1616371	0	1	4145	2	0	4000	other	0
2074	66	Pulse	5	1631788	15417	2
2074	67	Picture	30	1634442	0	1	4145	2	0	4000	other	0
2074	67	Pulse	5	1651789	17347	1
2074	68	Picture	30	1652513	0	1	4144	3	0	4000	false_alarm	141
2074	68	Response	1	1657868	5355	1
2074	69	Picture	30	1670584	0	1	4144	2	0	4000	other	0
2074	69	Pulse	5	1671777	1193	2
2074	70	Pulse	5	1691776	3122	2
2074	70	Pulse	5	1711775	23121	3
2074	71	Picture	10	1713688	0	1	4145	2	0	4000	other	0
2074	72	Picture	10	1731759	0	1	4145	2	0	4000	other	0
2074	72	Pulse	5	1731765	6	2
2074	73	Picture	11	1749830	0	1	4145	2	0	4000	miss	0
2074	73	Pulse	5	1751766	1936	1
2074	74	Picture	10	1767901	0	1	4144	3	0	4000	other	0
2074	74	Pulse	5	1771765	3864	1
2074	75	Picture	11	1785971	0	2	4145	3	0	4000	miss	0
2074	75	Pulse	5	1791753	5782	2
2074	76	Picture	10	1804042	0	1	4145	2	0	4000	other	0
2074	76	Pulse	5	1811754	7712	1
2074	77	Picture	10	1822113	0	1	4145	2	0	4000	other	0
2074	77	Pulse	5	1831753	9640	2
2074	78	Picture	11	1840184	0	1	4145	2	0	4000	hit	160
2074	78	Response	1	1843913	3729	1
2074	78	Pulse	5	1851743	11559	1
2074	79	Picture	10	1858255	0	1	4144	3	0	4000	other	0
2074	79	Pulse	5	1871741	13486	2
2074	80	Picture	10	1876325	0	2	4145	3	0	4000	other	0
2074	80	Pulse	5	1891740	15415	2
2074	81	Picture	10	1894396	0	1	4145	2	0	4000	other	0
2074	81	Pulse	5	1911730	17334	2
2074	82	Picture	10	1912467	0	1	4145	2	0	4000	other	0
2074	83	Picture	10	1930538	0	1	4145	2	0	4000	other	0
2074	83	Pulse	5	1931729	1191	2
2074	84	Picture	11	1948609	0	1	4144	2	0	4000	hit	173
2074	84	Pulse	5	1951729	3120	2
2074	84	Response	1	1952529	3920	2
2074	85	Picture	10	1966680	0	1	4144	2	0	4000	other	0
2074	85	Pulse	5	1971878	5198	2
2074	86	Picture	10	1984750	0	1	4145	2	0	4000	other	0
2074	86	Pulse	5	1991878	7128	1
2074	87	Response	1	2006917	4096	2
2074	87	Pulse	5	2011877	9056	2
2074	88	Picture	20	2027855	0	1	4145	2	0	4000	other	0
2074	88	Pulse	5	2031866	4011	2
2074	89	Picture	20	2045926	0	1	4144	3	0	4000	other	0
2074	89	Pulse	5	2051867	5941	1
2074	90	Picture	20	2063997	0	1	4144	2	0	4000	other	0
2074	90	Pulse	5	2071865	7868	2
2074	91	Picture	21	2082067	0	2	4145	3	0	4000	hit	187
2074	91	Response	1	2086895	4828	2
2074	91	Pulse	5	2091855	9788	2
2074	92	Picture	20	2100138	0	1	4145	2	0	4000	other	0
2074	92	Pulse	5	2111854	11716	2
2074	93	Picture	20	2118209	0	1	4145	2	0	4000	other	0
2074	93	Pulse	5	2131854	13645	1
2074	94	Picture	21	2136280	0	1	4144	3	0	4000	hit	194
2074	94	Response	1	2139373	3093	2
2074	94	Pulse	5	2151843	15563	2
2074	95	Picture	20	2154351	0	1	4144	2	0	4000	other	0
2074	95	Pulse	5	2171842	17491	3
2074	96	Picture	20	2172421	0	1	4145	2	0	4000	false_alarm	199
2074	96	Response	1	2179522	7101	3
2074	97	Picture	20	2190492	0	1	4145	2	0	4000	other	0
2074	97	Pulse	5	2191842	1350	2
2074	98	Picture	21	2208563	0	1	4145	2	0	4000	miss	0
2074	98	Pulse	5	2211831	3268	2
2074	99	Picture	20	2226634	0	1	4144	3	0	4000	other	0
2074	99	Pulse	5	2231831	5197	2
2074	100	Picture	20	2244705	0	1	4144	2	0	4000	other	0
2074	100	Pulse	5	2251830	7125	2
2074	101	Picture	21	2262775	0	1	4145	3	0	4000	hit	209
2074	101	Response	1	2266540	3765	2
2074	101	Pulse	5	2271820	9045	2
2074	102	Picture	20	2280846	0	1	4145	3	0	4000	other	0
2074	102	Pulse	5	2291819	10973	2
2074	103	Picture	20	2298917	0	1	4145	2	0	4000	other	0
2074	103	Pulse	5	2311819	12902	1
2074	104	Pulse	5	2331808	14820	2
2074	105	Picture	10	2342022	0	1	4144	3	0	4000	other	0
2074	105	Pulse	5	2351807	9785	2
2074	106	Picture	10	2360092	0	2	4145	4	0	4000	other	0
2074	106	Pulse	5	2371807	11715	2
2074	107	Picture	11	2378163	0	1	4145	2	0	4000	miss	0
2074	107	Pulse	5	2391797	13634	1
2074	108	Picture	10	2396234	0	1	4145	2	0	4000	other	0
2074	108	Pulse	5	2411796	15562	2
2074	109	Picture	11	2414305	0	1	4144	3	0	4000	hit	225
2074	109	Response	1	2417876	3571	1
2074	109	Pulse	5	2431795	17490	2
2074	110	Picture	10	2432376	0	1	4144	2	0	4000	other	0
2074	111	Picture	10	2450446	0	2	4145	3	0	4000	other	0
2074	111	Pulse	5	2451785	1339	1
2074	112	Picture	11	2468517	0	1	4145	2	0	4000	hit	231
2074	112	Response	1	2471624	3107	2
2074	112	Pulse	5	2471784	3267	2
2074	113	Picture	10	2486588	0	1	4144	3	0	4000	other	0
2074	113	Pulse	5	2491784	5196	1
2074	114	Picture	10	2504659	0	1	4145	2	0	4000	other	0
2074	114	Pulse	5	2511773	7114	2
2074	115	Picture	10	2522730	0	1	4144	2	0	4000	other	0
2074	115	Pulse	5	2531772	9042	2
2074	116	Picture	10	2540800	0	2	4145	3	0	4000	other	0
2074	116	Pulse	5	2551772	10972	2
2074	117	Picture	10	2558871	0	1	4145	2	0	4000	other	0
2074	117	Pulse	5	2571761	12890	2
2074	118	Picture	11	2576942	0	1	4145	2	0	4000	miss	0
2074	118	Pulse	5	2591761	14819	1
2074	119	Picture	10	2595013	0	1	4144	3	0	4000	other	0
2074	119	Pulse	5	2611760	16747	2
2074	120	Picture	10	2613084	0	1	4144	2	0	4000	other	0
2074	121	Pulse	5	2631749	595	3
2074	121	Pulse	5	2651749	20595	2
2074	122	Picture	30	2656188	0	2	4145	3	0	4000	other	0
2074	122	Pulse	5	2671748	15560	3
2074	123	Picture	30	2674259	0	1	4145	2	0	4000	other	0
2074	123	Pulse	5	2691738	17479	2
2074	124	Picture	30	2692330	0	1	4144	3	0	4000	other	0
2074	125	Picture	31	2710401	0	1	4144	3	0	4000	miss	0
2074	125	Pulse	5	2711737	1336	2
2074	126	Picture	31	2728471	0	2	4145	3	0	4000	miss	0
2074	126	Pulse	5	2731737	3266	2
2074	127	Picture	30	2746542	0	2	4145	3	0	4000	other	0
2074	127	Pulse	5	2751726	5184	2
2074	128	Picture	30	2764613	0	1	4145	2	0	4000	false_alarm	263
2074	128	Pulse	5	2771726	7113	1
2074	128	Response	1	2772526	7913	1
2074	129	Picture	30	2782684	0	1	4145	2	0	4000	other	0
2074	129	Pulse	5	2791725	9041	2
2074	130	Picture	31	2800755	0	1	4144	3	0	4000	miss	0
2074	130	Pulse	5	2811714	10959	2
2074	131	Picture	30	2818825	0	2	4145	3	0	4000	other	0
2074	131	Pulse	5	2831714	12889	2
2074	132	Picture	30	2836896	0	2	4145	3	0	4000	other	0
2074	132	Pulse	5	2851713	14817	2
2074	133	Picture	30	2854967	0	1	4145	2	0	4000	other	0
2074	133	Pulse	5	2871703	16736	2
2074	134	Picture	30	2873038	0	1	4145	2	0	4000	other	0
2074	135	Picture	31	2891109	0	1	4144	3	0	4000	hit	277
2074	135	Pulse	5	2891702	593	3
2074	135	Response	1	2894903	3794	1
2074	136	Picture	30	2909179	0	2	4145	3	0	4000	other	0
2074	136	Pulse	5	2911702	2523	1
2074	137	Picture	30	2927250	0	1	4145	2	0	4000	other	0
2074	137	Pulse	5	2931691	4441	2
