Scenario - 1-back
Logfile written - 07/03/2014 17:15:57

Subject	Trial	Event Type	Code	Time	TTime	Uncertainty	Duration	Uncertainty	ReqTime	ReqDur	Stim Type	Pair Index

2079_nback1	1	Pulse	5	104092	113926	2
2079_nback1	2	Pulse	5	124082	19855	2
2079_nback1	3	Picture	10	129262	0	1	4144	3	0	4000	other	0
2079_nback1	3	Pulse	5	144081	14819	2
2079_nback1	4	Picture	10	147333	0	1	4144	2	0	4000	other	0
2079_nback1	4	Pulse	5	164241	16908	2
2079_nback1	5	Picture	11	165403	0	2	4145	3	0	4000	miss	0
2079_nback1	6	Picture	10	183474	0	2	4145	3	0	4000	other	0
2079_nback1	6	Pulse	5	184231	757	1
2079_nback1	7	Picture	11	201545	0	2	4145	3	0	4000	hit	12
2079_nback1	7	Pulse	5	204230	2685	2
2079_nback1	7	Response	1	205990	4445	2
2079_nback1	8	Picture	10	219616	0	2	4145	3	0	4000	other	0
2079_nback1	8	Pulse	5	224230	4614	2
2079_nback1	9	Picture	10	237687	0	2	4145	3	0	4000	other	0
2079_nback1	9	Pulse	5	244219	6532	2
2079_nback1	10	Picture	10	255758	0	1	4145	2	0	4000	other	0
2079_nback1	10	Pulse	5	264219	8461	2
2079_nback1	11	Picture	11	273829	0	1	4145	3	0	4000	hit	20
2079_nback1	11	Response	1	277817	3988	4
2079_nback1	11	Pulse	5	284219	10390	2
2079_nback1	12	Picture	10	291900	0	1	4145	2	0	4000	other	0
2079_nback1	12	Pulse	5	304208	12308	2
2079_nback1	13	Picture	10	309971	0	1	4145	2	0	4000	other	0
2079_nback1	13	Pulse	5	324208	14237	2
2079_nback1	14	Picture	11	328042	0	1	4145	2	0	4000	hit	27
2079_nback1	14	Response	1	332048	4006	2
2079_nback1	14	Pulse	5	344208	16166	1
2079_nback1	15	Picture	10	346113	0	1	4145	2	0	4000	other	0
2079_nback1	16	Picture	10	364184	0	1	4145	2	0	4000	other	0
2079_nback1	16	Pulse	5	364197	13	2
2079_nback1	17	Picture	10	382255	0	1	4145	2	0	4000	other	0
2079_nback1	17	Pulse	5	384197	1942	2
2079_nback1	18	Picture	10	400326	0	1	4145	2	0	4000	other	0
2079_nback1	18	Pulse	5	404196	3870	2
2079_nback1	19	Pulse	5	424186	5789	2
2079_nback1	20	Picture	20	443431	0	1	4145	2	0	4000	other	0
2079_nback1	20	Pulse	5	444186	755	1
2079_nback1	21	Picture	20	461502	0	1	4145	2	0	4000	other	0
2079_nback1	21	Pulse	5	464185	2683	2
2079_nback1	22	Picture	21	479573	0	1	4145	2	0	4000	hit	43
2079_nback1	22	Pulse	5	484175	4602	2
2079_nback1	22	Response	1	487215	7642	2
2079_nback1	23	Picture	20	497644	0	1	4145	2	0	4000	other	0
2079_nback1	23	Pulse	5	504175	6531	1
2079_nback1	24	Picture	20	515714	0	2	4146	3	0	4000	other	0
2079_nback1	24	Pulse	5	524174	8460	2
2079_nback1	25	Picture	20	533786	0	3	4145	4	0	4000	other	0
2079_nback1	25	Pulse	5	544164	10378	2
2079_nback1	26	Picture	21	551857	0	1	4144	3	0	4000	miss	0
2079_nback1	26	Pulse	5	564163	12306	3
2079_nback1	27	Picture	20	569928	0	1	4144	3	0	4000	other	0
2079_nback1	27	Pulse	5	584153	14225	2
2079_nback1	28	Picture	20	587999	0	1	4144	4	0	4000	other	0
2079_nback1	28	Pulse	5	604153	16154	1
2079_nback1	29	Picture	20	606070	0	1	4144	3	0	4000	other	0
2079_nback1	30	Picture	20	624141	0	1	4144	3	0	4000	other	0
2079_nback1	30	Pulse	5	624152	11	3
2079_nback1	31	Picture	20	642212	0	1	4144	3	0	4000	other	0
2079_nback1	31	Pulse	5	644152	1940	2
2079_nback1	32	Picture	21	660283	0	1	4144	3	0	4000	hit	63
2079_nback1	32	Pulse	5	664142	3859	2
2079_nback1	32	Response	1	667181	6898	3
2079_nback1	33	Picture	20	678354	0	1	4144	2	0	4000	other	0
2079_nback1	33	Pulse	5	684141	5787	3
2079_nback1	34	Picture	20	696425	0	1	4144	3	0	4000	other	0
2079_nback1	34	Pulse	5	704141	7716	2
2079_nback1	35	Picture	21	714495	0	2	4145	3	0	4000	miss	0
2079_nback1	35	Pulse	5	724130	9635	3
2079_nback1	36	Pulse	5	744130	11564	2
2079_nback1	37	Picture	10	757601	0	1	4144	2	0	4000	other	0
2079_nback1	37	Pulse	5	764130	6529	2
2079_nback1	38	Picture	10	775672	0	1	4144	2	0	4000	other	0
2079_nback1	38	Pulse	5	784119	8447	2
2079_nback1	39	Picture	11	793742	0	2	4145	3	0	4000	hit	76
2079_nback1	39	Response	1	799959	6217	3
2079_nback1	39	Pulse	5	804119	10377	2
2079_nback1	40	Picture	10	811813	0	2	4145	3	0	4000	other	0
2079_nback1	40	Pulse	5	824119	12306	1
2079_nback1	41	Picture	11	829884	0	2	4145	3	0	4000	hit	81
2079_nback1	41	Response	1	836908	7024	2
2079_nback1	41	Pulse	5	844108	14224	2
2079_nback1	42	Picture	10	847955	0	2	4145	3	0	4000	other	0
2079_nback1	42	Pulse	5	864108	16153	2
2079_nback1	43	Picture	10	866026	0	2	4145	3	0	4000	other	0
2079_nback1	44	Picture	10	884097	0	2	4145	3	0	4000	other	0
2079_nback1	44	Pulse	5	884107	10	2
2079_nback1	45	Picture	11	902168	0	2	4145	3	0	4000	hit	90
2079_nback1	45	Pulse	5	904096	1928	3
2079_nback1	45	Response	1	906177	4009	2
2079_nback1	46	Picture	10	920239	0	1	4145	2	0	4000	other	0
2079_nback1	46	Pulse	5	924097	3858	1
2079_nback1	47	Picture	10	938310	0	1	4145	2	0	4000	other	0
2079_nback1	47	Pulse	5	944096	5786	2
2079_nback1	48	Picture	11	956381	0	1	4145	2	0	4000	hit	96
2079_nback1	48	Response	1	961686	5305	2
2079_nback1	48	Pulse	5	964086	7705	2
2079_nback1	49	Picture	10	974452	0	1	4145	2	0	4000	other	0
2079_nback1	49	Pulse	5	984086	9634	1
2079_nback1	50	Picture	10	992523	0	1	4145	2	0	4000	other	0
2079_nback1	50	Pulse	5	1004085	11562	2
2079_nback1	51	Picture	10	1010594	0	1	4145	2	0	4000	other	0
2079_nback1	51	Pulse	5	1024075	13481	2
2079_nback1	52	Picture	10	1028665	0	1	4145	2	0	4000	other	0
2079_nback1	52	Pulse	5	1044074	15409	2
2079_nback1	53	Pulse	5	1064074	17338	2
2079_nback1	54	Picture	30	1071770	0	1	4145	2	0	4000	other	0
2079_nback1	54	Pulse	5	1084064	12294	1
2079_nback1	55	Picture	30	1089841	0	1	4145	2	0	4000	other	0
2079_nback1	55	Pulse	5	1104063	14222	2
2079_nback1	56	Picture	31	1107912	0	1	4145	2	0	4000	hit	112
2079_nback1	56	Response	1	1114623	6711	2
2079_nback1	56	Pulse	5	1124063	16151	2
2079_nback1	57	Picture	30	1125983	0	2	4145	3	0	4000	other	0
2079_nback1	57	Pulse	5	1144052	18069	2
2079_nback1	58	Picture	30	1144054	0	1	4145	2	0	4000	other	0
2079_nback1	59	Picture	30	1162125	0	2	4145	3	0	4000	other	0
2079_nback1	59	Pulse	5	1164052	1927	2
2079_nback1	60	Picture	31	1180196	0	1	4145	2	0	4000	hit	121
2079_nback1	60	Pulse	5	1184052	3856	2
2079_nback1	60	Response	1	1187412	7216	2
2079_nback1	61	Picture	31	1198267	0	1	4145	2	0	4000	hit	124
2079_nback1	61	Pulse	5	1204201	5934	2
2079_nback1	61	Response	1	1207240	8973	3
2079_nback1	62	Picture	30	1216338	0	1	4145	2	0	4000	other	0
2079_nback1	62	Pulse	5	1224201	7863	2
2079_nback1	63	Picture	30	1234409	0	1	4145	2	0	4000	other	0
2079_nback1	63	Pulse	5	1244201	9792	1
2079_nback1	64	Picture	30	1252480	0	1	4144	3	0	4000	other	0
2079_nback1	64	Pulse	5	1264190	11710	2
2079_nback1	65	Picture	31	1270551	0	1	4144	3	0	4000	hit	132
2079_nback1	65	Response	1	1276990	6439	2
2079_nback1	65	Pulse	5	1284190	13639	2
2079_nback1	66	Picture	30	1288622	0	1	4144	3	0	4000	other	0
2079_nback1	66	Pulse	5	1304190	15568	1
2079_nback1	67	Picture	30	1306693	0	1	4144	3	0	4000	other	0
2079_nback1	67	Pulse	5	1324179	17486	2
2079_nback1	68	Picture	30	1324764	0	1	4144	3	0	4000	other	0
2079_nback1	69	Picture	30	1342835	0	1	4144	3	0	4000	other	0
2079_nback1	69	Pulse	5	1344179	1344	2
2079_nback1	70	Pulse	5	1364178	3272	2
2079_nback1	70	Pulse	5	1384168	23262	2
2079_nback1	71	Picture	10	1385940	0	1	4144	3	0	4000	other	0
2079_nback1	72	Picture	10	1404011	0	1	4144	3	0	4000	other	0
2079_nback1	72	Pulse	5	1404168	157	2
2079_nback1	73	Picture	11	1422082	0	1	4144	3	0	4000	hit	148
2079_nback1	73	Pulse	5	1424167	2085	2
2079_nback1	73	Response	1	1426727	4645	2
2079_nback1	74	Picture	10	1440153	0	1	4144	3	0	4000	other	0
2079_nback1	74	Pulse	5	1444157	4004	2
2079_nback1	75	Picture	11	1458224	0	1	4144	2	0	4000	hit	152
2079_nback1	75	Response	1	1463037	4813	1
2079_nback1	75	Pulse	5	1464156	5932	2
2079_nback1	76	Picture	10	1476295	0	1	4144	3	0	4000	other	0
2079_nback1	76	Pulse	5	1484157	7862	1
2079_nback1	77	Picture	10	1494365	0	2	4145	3	0	4000	other	0
2079_nback1	77	Pulse	5	1504146	9781	2
2079_nback1	78	Picture	11	1512436	0	2	4145	3	0	4000	miss	0
2079_nback1	78	Pulse	5	1524145	11709	2
2079_nback1	79	Picture	10	1530507	0	2	4145	3	0	4000	other	0
2079_nback1	79	Pulse	5	1544135	13628	2
2079_nback1	80	Picture	10	1548578	0	2	4145	3	0	4000	other	0
2079_nback1	80	Pulse	5	1564136	15558	1
2079_nback1	81	Picture	10	1566649	0	2	4145	3	0	4000	other	0
2079_nback1	81	Pulse	5	1584134	17485	2
2079_nback1	82	Picture	10	1584720	0	2	4145	3	0	4000	other	0
2079_nback1	83	Picture	10	1602791	0	1	4145	2	0	4000	other	0
2079_nback1	83	Pulse	5	1604134	1343	2
2079_nback1	84	Picture	11	1620862	0	2	4145	3	0	4000	hit	171
2079_nback1	84	Pulse	5	1624124	3262	1
2079_nback1	84	Response	1	1625883	5021	2
2079_nback1	85	Picture	10	1638933	0	1	4145	2	0	4000	other	0
2079_nback1	85	Pulse	5	1644123	5190	2
2079_nback1	86	Picture	10	1657004	0	1	4145	2	0	4000	other	0
2079_nback1	86	Pulse	5	1664113	7109	2
2079_nback1	87	Pulse	5	1684112	9037	3
2079_nback1	88	Picture	20	1700109	0	2	4145	3	0	4000	other	0
2079_nback1	88	Pulse	5	1704112	4003	3
2079_nback1	89	Picture	20	1718180	0	1	4145	2	0	4000	other	0
2079_nback1	89	Pulse	5	1724112	5932	1
2079_nback1	90	Picture	20	1736251	0	1	4145	2	0	4000	other	0
2079_nback1	90	Pulse	5	1744101	7850	2
2079_nback1	91	Picture	21	1754322	0	1	4145	2	0	4000	hit	184
2079_nback1	91	Response	1	1758661	4339	2
2079_nback1	91	Pulse	5	1764101	9779	2
2079_nback1	92	Picture	20	1772393	0	1	4145	2	0	4000	other	0
2079_nback1	92	Pulse	5	1784100	11707	2
2079_nback1	93	Picture	20	1790464	0	2	4145	3	0	4000	other	0
2079_nback1	93	Pulse	5	1804090	13626	2
2079_nback1	94	Picture	21	1808535	0	1	4144	3	0	4000	hit	191
2079_nback1	94	Response	1	1812730	4195	2
2079_nback1	94	Pulse	5	1824090	15555	2
2079_nback1	95	Picture	20	1826606	0	1	4145	2	0	4000	other	0
2079_nback1	95	Pulse	5	1844089	17483	3
2079_nback1	96	Picture	20	1844677	0	1	4145	2	0	4000	other	0
2079_nback1	97	Picture	20	1862748	0	1	4145	2	0	4000	other	0
2079_nback1	97	Pulse	5	1864080	1332	1
2079_nback1	98	Picture	21	1880819	0	1	4145	2	0	4000	hit	200
2079_nback1	98	Pulse	5	1884079	3260	1
2079_nback1	98	Response	1	1889518	8699	2
2079_nback1	99	Picture	20	1898890	0	1	4145	2	0	4000	other	0
2079_nback1	99	Pulse	5	1904078	5188	2
2079_nback1	100	Picture	20	1916961	0	1	4145	2	0	4000	other	0
2079_nback1	100	Pulse	5	1924068	7107	2
2079_nback1	101	Picture	21	1935032	0	1	4145	2	0	4000	miss	0
2079_nback1	101	Pulse	5	1944067	9035	2
2079_nback1	102	Picture	20	1953103	0	1	4145	2	0	4000	other	0
2079_nback1	102	Pulse	5	1964067	10964	2
2079_nback1	103	Picture	20	1971174	0	1	4145	2	0	4000	other	0
2079_nback1	103	Pulse	5	1984057	12883	2
2079_nback1	104	Pulse	5	2004056	14811	2
2079_nback1	105	Picture	10	2014279	0	1	4145	2	0	4000	other	0
2079_nback1	105	Pulse	5	2024057	9778	1
2079_nback1	106	Picture	10	2032350	0	1	4145	2	0	4000	other	0
2079_nback1	106	Pulse	5	2044046	11696	1
2079_nback1	107	Picture	11	2050421	0	1	4145	2	0	4000	miss	0
2079_nback1	107	Pulse	5	2064045	13624	2
2079_nback1	108	Picture	10	2068492	0	1	4144	3	0	4000	other	0
2079_nback1	108	Pulse	5	2084045	15553	2
2079_nback1	109	Picture	11	2086563	0	1	4144	3	0	4000	hit	221
2079_nback1	109	Response	1	2091555	4992	2
2079_nback1	109	Pulse	5	2104034	17471	2
2079_nback1	110	Picture	10	2104634	0	1	4144	3	0	4000	other	0
2079_nback1	111	Picture	10	2122705	0	1	4144	3	0	4000	other	0
2079_nback1	111	Pulse	5	2124034	1329	2
2079_nback1	112	Picture	11	2140775	0	2	4145	4	0	4000	miss	0
2079_nback1	112	Pulse	5	2144034	3259	2
2079_nback1	113	Picture	10	2158847	0	1	4144	3	0	4000	other	0
2079_nback1	113	Pulse	5	2164023	5176	2
2079_nback1	114	Picture	10	2176918	0	1	4144	2	0	4000	other	0
2079_nback1	114	Pulse	5	2184024	7106	1
2079_nback1	115	Picture	10	2194989	0	1	4144	2	0	4000	other	0
2079_nback1	115	Pulse	5	2204023	9034	1
2079_nback1	116	Picture	10	2213060	0	1	4144	3	0	4000	other	0
2079_nback1	116	Pulse	5	2224012	10952	2
2079_nback1	117	Picture	10	2231131	0	1	4144	3	0	4000	other	0
2079_nback1	117	Pulse	5	2244012	12881	2
2079_nback1	118	Picture	11	2249201	0	2	4145	3	0	4000	hit	239
2079_nback1	118	Response	1	2255371	6170	3
2079_nback1	118	Pulse	5	2264171	14970	2
2079_nback1	119	Picture	10	2267273	0	1	4144	2	0	4000	other	0
2079_nback1	119	Pulse	5	2284161	16888	2
2079_nback1	120	Picture	10	2285343	0	2	4145	3	0	4000	other	0
2079_nback1	121	Pulse	5	2304161	747	2
2079_nback1	121	Pulse	5	2324160	20746	2
2079_nback1	122	Picture	30	2328449	0	1	4144	2	0	4000	other	0
2079_nback1	122	Pulse	5	2344150	15701	2
2079_nback1	123	Picture	30	2346520	0	1	4144	2	0	4000	other	0
2079_nback1	123	Pulse	5	2364150	17630	1
2079_nback1	124	Picture	30	2364590	0	2	4145	3	0	4000	other	0
2079_nback1	125	Picture	31	2382661	0	2	4145	3	0	4000	miss	0
2079_nback1	125	Pulse	5	2384149	1488	2
2079_nback1	126	Picture	31	2400732	0	2	4145	3	0	4000	hit	255
2079_nback1	126	Pulse	5	2404139	3407	2
2079_nback1	126	Response	1	2412299	11567	2
2079_nback1	127	Picture	30	2418803	0	2	4145	3	0	4000	other	0
2079_nback1	127	Pulse	5	2424138	5335	2
2079_nback1	128	Picture	30	2436874	0	2	4145	3	0	4000	other	0
2079_nback1	128	Pulse	5	2444138	7264	2
2079_nback1	129	Picture	30	2454945	0	2	4145	3	0	4000	other	0
2079_nback1	129	Pulse	5	2464128	9183	2
2079_nback1	130	Picture	31	2473016	0	1	4145	2	0	4000	hit	263
2079_nback1	130	Response	1	2478207	5191	2
2079_nback1	130	Pulse	5	2484127	11111	2
2079_nback1	131	Picture	30	2491087	0	2	4145	3	0	4000	other	0
2079_nback1	131	Pulse	5	2504127	13040	2
2079_nback1	132	Picture	30	2509158	0	1	4144	3	0	4000	other	0
2079_nback1	132	Pulse	5	2524117	14959	1
2079_nback1	133	Picture	30	2527229	0	1	4145	2	0	4000	other	0
2079_nback1	133	Pulse	5	2544116	16887	2
2079_nback1	134	Picture	30	2545300	0	1	4145	2	0	4000	other	0
2079_nback1	135	Picture	31	2563371	0	1	4145	2	0	4000	hit	274
2079_nback1	135	Pulse	5	2564106	735	2
2079_nback1	135	Response	1	2572266	8895	1
2079_nback1	136	Picture	30	2581442	0	1	4145	2	0	4000	false_alarm	277
2079_nback1	136	Pulse	5	2584105	2663	2
2079_nback1	136	Response	1	2594985	13543	2
2079_nback1	137	Picture	30	2599513	0	1	4145	2	0	4000	other	0
2079_nback1	137	Pulse	5	2604105	4592	2
