Scenario - 1-back
Logfile written - 07/03/2014 17:25:49

Subject	Trial	Event Type	Code	Time	TTime	Uncertainty	Duration	Uncertainty	ReqTime	ReqDur	Stim Type	Pair Index

2079_nback1	1	Pulse	5	97559	107393	2
2079_nback1	2	Pulse	5	117549	19953	2
2079_nback1	3	Picture	10	122630	0	1	4145	2	0	4000	other	0
2079_nback1	3	Pulse	5	137549	14919	1
2079_nback1	4	Picture	10	140701	0	1	4145	2	0	4000	other	0
2079_nback1	4	Pulse	5	157548	16847	2
2079_nback1	5	Picture	11	158772	0	1	4145	2	0	4000	hit	8
2079_nback1	5	Response	1	166988	8216	2
2079_nback1	6	Picture	10	176843	0	1	4145	2	0	4000	other	0
2079_nback1	6	Pulse	5	177538	695	2
2079_nback1	7	Picture	11	194914	0	1	4145	2	0	4000	hit	13
2079_nback1	7	Pulse	5	197537	2623	2
2079_nback1	7	Response	1	199617	4703	2
2079_nback1	8	Picture	10	212985	0	1	4145	2	0	4000	other	0
2079_nback1	8	Pulse	5	217537	4552	2
2079_nback1	9	Picture	10	231056	0	1	4145	2	0	4000	other	0
2079_nback1	9	Pulse	5	237527	6471	2
2079_nback1	10	Picture	10	249127	0	1	4145	2	0	4000	other	0
2079_nback1	10	Pulse	5	257526	8399	2
2079_nback1	11	Picture	11	267198	0	1	4145	2	0	4000	hit	21
2079_nback1	11	Response	1	271446	4248	2
2079_nback1	11	Pulse	5	277526	10328	2
2079_nback1	12	Picture	10	285269	0	1	4145	2	0	4000	other	0
2079_nback1	12	Pulse	5	297516	12247	1
2079_nback1	13	Picture	10	303340	0	1	4145	2	0	4000	other	0
2079_nback1	13	Pulse	5	317515	14175	2
2079_nback1	14	Picture	11	321411	0	1	4144	3	0	4000	hit	28
2079_nback1	14	Response	1	326155	4744	2
2079_nback1	14	Pulse	5	337515	16104	2
2079_nback1	15	Picture	10	339482	0	1	4144	3	0	4000	other	0
2079_nback1	15	Pulse	5	357504	18022	2
2079_nback1	16	Picture	10	357553	0	1	4145	2	0	4000	other	0
2079_nback1	17	Picture	10	375624	0	1	4144	3	0	4000	other	0
2079_nback1	17	Pulse	5	377504	1880	2
2079_nback1	18	Picture	10	393695	0	1	4145	2	0	4000	other	0
2079_nback1	18	Pulse	5	397504	3809	2
2079_nback1	19	Pulse	5	417493	5727	2
2079_nback1	20	Picture	20	436800	0	1	4145	2	0	4000	other	0
2079_nback1	20	Pulse	5	437493	693	2
2079_nback1	21	Picture	20	454871	0	1	4145	2	0	4000	other	0
2079_nback1	21	Pulse	5	457493	2622	1
2079_nback1	22	Picture	21	472941	0	2	4145	4	0	4000	hit	44
2079_nback1	22	Pulse	5	477482	4541	2
2079_nback1	22	Response	1	478922	5981	2
2079_nback1	23	Picture	20	491013	0	1	4144	3	0	4000	other	0
2079_nback1	23	Pulse	5	497482	6469	2
2079_nback1	24	Picture	20	509084	0	1	4144	3	0	4000	other	0
2079_nback1	24	Pulse	5	517481	8397	2
2079_nback1	25	Picture	20	527155	0	1	4144	3	0	4000	other	0
2079_nback1	25	Pulse	5	537472	10317	1
2079_nback1	26	Picture	21	545226	0	1	4144	3	0	4000	miss	0
2079_nback1	26	Pulse	5	557471	12245	1
2079_nback1	27	Picture	20	563297	0	1	4144	3	0	4000	other	0
2079_nback1	27	Pulse	5	577470	14173	2
2079_nback1	28	Picture	20	581368	0	1	4144	3	0	4000	other	0
2079_nback1	28	Pulse	5	597460	16092	2
2079_nback1	29	Picture	20	599439	0	1	4144	2	0	4000	other	0
2079_nback1	29	Pulse	5	617459	18020	2
2079_nback1	30	Picture	20	617509	0	2	4145	4	0	4000	other	0
2079_nback1	31	Picture	20	635581	0	1	4144	2	0	4000	other	0
2079_nback1	31	Pulse	5	637459	1878	2
2079_nback1	32	Picture	21	653651	0	2	4145	3	0	4000	hit	64
2079_nback1	32	Pulse	5	657449	3798	2
2079_nback1	32	Response	1	658409	4758	2
2079_nback1	33	Picture	20	671722	0	2	4145	3	0	4000	other	0
2079_nback1	33	Pulse	5	677448	5726	2
2079_nback1	34	Picture	20	689793	0	2	4145	3	0	4000	other	0
2079_nback1	34	Pulse	5	697608	7815	2
2079_nback1	35	Picture	21	707864	0	2	4145	3	0	4000	hit	70
2079_nback1	35	Response	1	711678	3814	2
2079_nback1	35	Pulse	5	717598	9734	1
2079_nback1	36	Pulse	5	737597	11662	2
2079_nback1	37	Picture	10	750970	0	1	4144	2	0	4000	other	0
2079_nback1	37	Pulse	5	757597	6627	2
2079_nback1	38	Picture	10	769040	0	2	4145	3	0	4000	other	0
2079_nback1	38	Pulse	5	777587	8547	1
2079_nback1	39	Picture	11	787111	0	2	4145	3	0	4000	miss	0
2079_nback1	39	Pulse	5	797586	10475	2
2079_nback1	40	Picture	10	805182	0	2	4145	3	0	4000	other	0
2079_nback1	40	Pulse	5	817586	12404	2
2079_nback1	41	Picture	11	823253	0	2	4145	3	0	4000	hit	82
2079_nback1	41	Response	1	830696	7443	1
2079_nback1	41	Pulse	5	837575	14322	3
2079_nback1	42	Picture	10	841324	0	1	4145	2	0	4000	other	0
2079_nback1	42	Pulse	5	857575	16251	2
2079_nback1	43	Picture	10	859395	0	1	4145	2	0	4000	other	0
2079_nback1	44	Picture	10	877466	0	1	4145	2	0	4000	other	0
2079_nback1	44	Pulse	5	877575	109	2
2079_nback1	45	Picture	11	895537	0	1	4145	2	0	4000	hit	91
2079_nback1	45	Pulse	5	897564	2027	2
2079_nback1	45	Response	1	900924	5387	2
2079_nback1	46	Picture	10	913608	0	1	4145	2	0	4000	other	0
2079_nback1	46	Pulse	5	917564	3956	2
2079_nback1	47	Picture	10	931679	0	1	4145	2	0	4000	other	0
2079_nback1	47	Pulse	5	937564	5885	1
2079_nback1	48	Picture	11	949750	0	1	4145	2	0	4000	hit	97
2079_nback1	48	Response	1	955153	5403	2
2079_nback1	48	Pulse	5	957553	7803	2
2079_nback1	49	Picture	10	967821	0	1	4145	2	0	4000	other	0
2079_nback1	49	Pulse	5	977553	9732	2
2079_nback1	50	Picture	10	985892	0	1	4145	2	0	4000	other	0
2079_nback1	50	Pulse	5	997552	11660	2
2079_nback1	51	Picture	10	1003963	0	1	4145	2	0	4000	other	0
2079_nback1	51	Pulse	5	1017542	13579	2
2079_nback1	52	Picture	10	1022034	0	1	4145	2	0	4000	other	0
2079_nback1	52	Pulse	5	1037542	15508	1
2079_nback1	53	Pulse	5	1057541	17436	2
2079_nback1	54	Picture	30	1065139	0	1	4145	2	0	4000	other	0
2079_nback1	54	Pulse	5	1077531	12392	2
2079_nback1	55	Picture	30	1083210	0	1	4145	2	0	4000	other	0
2079_nback1	55	Pulse	5	1097531	14321	1
2079_nback1	56	Picture	31	1101281	0	1	4145	2	0	4000	hit	113
2079_nback1	56	Response	1	1107290	6009	2
2079_nback1	56	Pulse	5	1117530	16249	2
2079_nback1	57	Picture	30	1119352	0	2	4145	3	0	4000	other	0
2079_nback1	58	Picture	30	1137423	0	1	4145	2	0	4000	other	0
2079_nback1	58	Pulse	5	1137520	97	2
2079_nback1	59	Picture	30	1155494	0	1	4145	2	0	4000	other	0
2079_nback1	59	Pulse	5	1157519	2025	2
2079_nback1	60	Picture	31	1173565	0	1	4144	4	0	4000	hit	122
2079_nback1	60	Pulse	5	1177519	3954	2
2079_nback1	60	Response	1	1185359	11794	2
2079_nback1	61	Picture	31	1191636	0	1	4145	2	0	4000	miss	0
2079_nback1	61	Pulse	5	1197509	5873	1
2079_nback1	62	Picture	30	1209707	0	1	4145	2	0	4000	other	0
2079_nback1	62	Pulse	5	1217509	7802	1
2079_nback1	63	Picture	30	1227778	0	1	4145	2	0	4000	other	0
2079_nback1	63	Pulse	5	1237508	9730	2
2079_nback1	64	Picture	30	1245849	0	1	4145	2	0	4000	other	0
2079_nback1	64	Pulse	5	1257497	11648	2
2079_nback1	65	Picture	31	1263920	0	1	4145	2	0	4000	hit	132
2079_nback1	65	Response	1	1275577	11657	2
2079_nback1	65	Pulse	5	1277497	13577	2
2079_nback1	66	Picture	30	1281991	0	1	4145	2	0	4000	other	0
2079_nback1	66	Pulse	5	1297497	15506	2
2079_nback1	67	Picture	30	1300062	0	1	4144	3	0	4000	other	0
2079_nback1	67	Pulse	5	1317486	17424	2
2079_nback1	68	Picture	30	1318133	0	1	4144	3	0	4000	other	0
2079_nback1	69	Picture	30	1336204	0	1	4144	3	0	4000	other	0
2079_nback1	69	Pulse	5	1337487	1283	1
2079_nback1	70	Pulse	5	1357486	3211	1
2079_nback1	70	Pulse	5	1377475	23200	2
2079_nback1	71	Picture	10	1379309	0	1	4145	2	0	4000	other	0
2079_nback1	72	Picture	10	1397380	0	1	4145	2	0	4000	other	0
2079_nback1	72	Pulse	5	1397475	95	2
2079_nback1	73	Picture	11	1415451	0	1	4145	2	0	4000	hit	148
2079_nback1	73	Pulse	5	1417474	2023	3
2079_nback1	73	Response	1	1420994	5543	2
2079_nback1	74	Picture	10	1433522	0	1	4144	3	0	4000	other	0
2079_nback1	74	Pulse	5	1437464	3942	2
2079_nback1	75	Picture	11	1451593	0	1	4144	3	0	4000	hit	153
2079_nback1	75	Pulse	5	1457464	5871	2
2079_nback1	75	Response	1	1459384	7791	2
2079_nback1	76	Picture	10	1469664	0	1	4144	3	0	4000	other	0
2079_nback1	76	Pulse	5	1477463	7799	2
2079_nback1	77	Picture	10	1487735	0	1	4144	3	0	4000	other	0
2079_nback1	77	Pulse	5	1497453	9718	2
2079_nback1	78	Picture	11	1505806	0	1	4144	3	0	4000	hit	159
2079_nback1	78	Response	1	1511853	6047	2
2079_nback1	78	Pulse	5	1517453	11647	1
2079_nback1	79	Picture	10	1523877	0	1	4144	2	0	4000	other	0
2079_nback1	79	Pulse	5	1537452	13575	2
2079_nback1	80	Picture	10	1541948	0	1	4144	3	0	4000	other	0
2079_nback1	80	Pulse	5	1557442	15494	2
2079_nback1	81	Picture	10	1560019	0	1	4144	3	0	4000	other	0
2079_nback1	81	Pulse	5	1577441	17422	2
2079_nback1	82	Picture	10	1578090	0	1	4144	2	0	4000	other	0
2079_nback1	83	Picture	10	1596161	0	1	4144	2	0	4000	other	0
2079_nback1	83	Pulse	5	1597441	1280	2
2079_nback1	84	Picture	11	1614231	0	2	4145	3	0	4000	hit	172
2079_nback1	84	Pulse	5	1617431	3200	2
2079_nback1	84	Response	1	1619671	5440	2
2079_nback1	85	Picture	10	1632303	0	1	4144	2	0	4000	other	0
2079_nback1	85	Pulse	5	1637430	5127	2
2079_nback1	86	Picture	10	1650373	0	2	4145	3	0	4000	other	0
2079_nback1	86	Pulse	5	1657430	7057	2
2079_nback1	87	Pulse	5	1677420	8976	1
2079_nback1	88	Picture	20	1693478	0	2	4145	4	0	4000	other	0
2079_nback1	88	Pulse	5	1697419	3941	2
2079_nback1	89	Picture	20	1711550	0	1	4144	2	0	4000	other	0
2079_nback1	89	Pulse	5	1717419	5869	2
2079_nback1	90	Picture	20	1729620	0	2	4145	3	0	4000	other	0
2079_nback1	90	Pulse	5	1737568	7948	2
2079_nback1	91	Picture	21	1747691	0	2	4145	3	0	4000	hit	185
2079_nback1	91	Response	1	1751968	4277	3
2079_nback1	91	Pulse	5	1757568	9877	2
2079_nback1	92	Picture	20	1765762	0	2	4145	3	0	4000	other	0
2079_nback1	92	Pulse	5	1777568	11806	2
2079_nback1	93	Picture	20	1783833	0	2	4145	3	0	4000	other	0
2079_nback1	93	Pulse	5	1797557	13724	2
2079_nback1	94	Picture	21	1801904	0	2	4145	3	0	4000	hit	192
2079_nback1	94	Response	1	1806997	5093	2
2079_nback1	94	Pulse	5	1817557	15653	2
2079_nback1	95	Picture	20	1819974	0	3	4146	4	0	4000	other	0
2079_nback1	95	Pulse	5	1837557	17583	1
2079_nback1	96	Picture	20	1838046	0	1	4145	2	0	4000	other	0
2079_nback1	97	Picture	20	1856117	0	1	4145	2	0	4000	other	0
2079_nback1	97	Pulse	5	1857546	1429	3
2079_nback1	98	Picture	21	1874188	0	2	4145	3	0	4000	hit	201
2079_nback1	98	Pulse	5	1877546	3358	2
2079_nback1	98	Response	1	1878666	4478	2
2079_nback1	99	Picture	20	1892259	0	1	4145	2	0	4000	other	0
2079_nback1	99	Pulse	5	1897545	5286	2
2079_nback1	100	Picture	20	1910330	0	1	4145	2	0	4000	other	0
2079_nback1	100	Pulse	5	1917535	7205	3
2079_nback1	101	Picture	21	1928401	0	1	4145	2	0	4000	miss	0
2079_nback1	101	Pulse	5	1937535	9134	2
2079_nback1	102	Picture	20	1946472	0	1	4145	2	0	4000	other	0
2079_nback1	102	Pulse	5	1957534	11062	2
2079_nback1	103	Picture	20	1964543	0	1	4145	2	0	4000	other	0
2079_nback1	103	Pulse	5	1977524	12981	2
2079_nback1	104	Pulse	5	1997524	14910	2
2079_nback1	105	Picture	10	2007648	0	1	4144	3	0	4000	other	0
2079_nback1	105	Pulse	5	2017523	9875	2
2079_nback1	106	Picture	10	2025719	0	1	4145	2	0	4000	other	0
2079_nback1	106	Pulse	5	2037513	11794	2
2079_nback1	107	Picture	11	2043790	0	1	4145	2	0	4000	hit	218
2079_nback1	107	Response	1	2049353	5563	1
2079_nback1	107	Pulse	5	2057512	13722	3
2079_nback1	108	Picture	10	2061861	0	1	4145	2	0	4000	other	0
2079_nback1	108	Pulse	5	2077512	15651	2
2079_nback1	109	Picture	11	2079932	0	1	4145	2	0	4000	hit	223
2079_nback1	109	Response	1	2085352	5420	2
2079_nback1	109	Pulse	5	2097502	17570	2
2079_nback1	110	Picture	10	2098003	0	1	4145	2	0	4000	other	0
2079_nback1	111	Picture	10	2116074	0	1	4145	2	0	4000	other	0
2079_nback1	111	Pulse	5	2117501	1427	2
2079_nback1	112	Picture	11	2134144	0	3	4146	4	0	4000	hit	230
2079_nback1	112	Pulse	5	2137501	3357	2
2079_nback1	112	Response	1	2138781	4637	2
2079_nback1	113	Picture	10	2152216	0	1	4145	2	0	4000	other	0
2079_nback1	113	Pulse	5	2157491	5275	1
2079_nback1	114	Picture	10	2170287	0	1	4145	2	0	4000	other	0
2079_nback1	114	Pulse	5	2177490	7203	2
2079_nback1	115	Picture	10	2188358	0	1	4145	2	0	4000	other	0
2079_nback1	115	Pulse	5	2197491	9133	1
2079_nback1	116	Picture	10	2206429	0	2	4145	3	0	4000	other	0
2079_nback1	116	Pulse	5	2217479	11050	2
2079_nback1	117	Picture	10	2224500	0	1	4145	2	0	4000	other	0
2079_nback1	117	Pulse	5	2237479	12979	2
2079_nback1	118	Picture	11	2242571	0	1	4145	2	0	4000	hit	242
2079_nback1	118	Response	1	2247239	4668	2
2079_nback1	118	Pulse	5	2257479	14908	2
2079_nback1	119	Picture	10	2260642	0	1	4145	2	0	4000	other	0
2079_nback1	119	Pulse	5	2277468	16826	2
2079_nback1	120	Picture	10	2278713	0	1	4145	2	0	4000	other	0
2079_nback1	121	Pulse	5	2297468	684	2
2079_nback1	121	Pulse	5	2317468	20684	1
2079_nback1	122	Picture	30	2321818	0	1	4145	2	0	4000	other	0
2079_nback1	122	Pulse	5	2337457	15639	2
2079_nback1	123	Picture	30	2339889	0	1	4145	2	0	4000	other	0
2079_nback1	123	Pulse	5	2357457	17568	2
2079_nback1	124	Picture	30	2357960	0	1	4145	2	0	4000	other	0
2079_nback1	125	Picture	31	2376031	0	1	4144	3	0	4000	hit	256
2079_nback1	125	Pulse	5	2377456	1425	2
2079_nback1	125	Response	1	2382576	6545	2
2079_nback1	126	Picture	31	2394102	0	1	4144	3	0	4000	hit	259
2079_nback1	126	Pulse	5	2397446	3344	3
2079_nback1	126	Response	1	2403366	9264	2
2079_nback1	127	Picture	30	2412173	0	1	4145	2	0	4000	other	0
2079_nback1	127	Pulse	5	2417446	5273	3
2079_nback1	128	Picture	30	2430244	0	1	4144	3	0	4000	other	0
2079_nback1	128	Pulse	5	2437445	7201	4
2079_nback1	129	Picture	30	2448315	0	1	4144	3	0	4000	other	0
2079_nback1	129	Pulse	5	2457435	9120	2
2079_nback1	130	Picture	31	2466386	0	1	4144	3	0	4000	hit	267
2079_nback1	130	Response	1	2474075	7689	2
2079_nback1	130	Pulse	5	2477435	11049	1
2079_nback1	131	Picture	30	2484457	0	1	4144	3	0	4000	other	0
2079_nback1	131	Pulse	5	2497434	12977	2
2079_nback1	132	Picture	30	2502528	0	1	4144	3	0	4000	other	0
2079_nback1	132	Pulse	5	2517424	14896	2
2079_nback1	133	Picture	30	2520599	0	1	4144	3	0	4000	other	0
2079_nback1	133	Pulse	5	2537423	16824	2
2079_nback1	134	Picture	30	2538670	0	1	4144	3	0	4000	other	0
2079_nback1	135	Picture	31	2556741	0	1	4144	2	0	4000	hit	278
2079_nback1	135	Pulse	5	2557423	682	2
2079_nback1	135	Response	1	2566863	10122	2
2079_nback1	136	Picture	30	2574812	0	1	4144	2	0	4000	other	0
2079_nback1	136	Pulse	5	2577413	2601	2
2079_nback1	137	Picture	30	2592883	0	1	4144	2	0	4000	other	0
2079_nback1	137	Pulse	5	2597412	4529	2
