Scenario - 1-back
Logfile written - 09/19/2014 15:39:37

Subject	Trial	Event Type	Code	Time	TTime	Uncertainty	Duration	Uncertainty	ReqTime	ReqDur	Stim Type	Pair Index

2083	1	Pulse	5	87562	97396	1
2083	2	Pulse	5	107551	19903	1
2083	3	Picture	10	112682	0	1	4144	2	0	4000	other	0
2083	3	Pulse	5	127550	14868	2
2083	4	Picture	10	130752	0	2	4145	3	0	4000	other	0
2083	4	Pulse	5	147551	16799	1
2083	5	Picture	11	148823	0	1	4145	2	0	4000	hit	8
2083	5	Response	1	152670	3847	2
2083	6	Picture	10	166894	0	1	4145	2	0	4000	other	0
2083	6	Pulse	5	167540	646	1
2083	7	Picture	11	184965	0	1	4144	3	0	4000	hit	13
2083	7	Pulse	5	187539	2574	2
2083	7	Response	1	190099	5134	2
2083	8	Picture	10	203035	0	2	4145	3	0	4000	other	0
2083	8	Pulse	5	207539	4504	2
2083	9	Picture	10	221106	0	2	4145	3	0	4000	other	0
2083	9	Pulse	5	227528	6422	2
2083	10	Picture	10	239177	0	1	4145	2	0	4000	other	0
2083	10	Pulse	5	247528	8351	2
2083	11	Picture	11	257248	0	1	4145	2	0	4000	hit	21
2083	11	Response	1	260968	3720	2
2083	11	Pulse	5	267688	10440	2
2083	12	Picture	10	275319	0	1	4144	3	0	4000	other	0
2083	12	Pulse	5	287677	12358	2
2083	13	Picture	10	293389	0	2	4145	3	0	4000	other	0
2083	13	Pulse	5	307677	14288	2
2083	14	Picture	11	311460	0	1	4145	2	0	4000	hit	28
2083	14	Response	1	314717	3257	2
2083	14	Pulse	5	327677	16217	1
2083	15	Picture	10	329531	0	1	4145	2	0	4000	other	0
2083	16	Picture	10	347602	0	1	4145	2	0	4000	other	0
2083	16	Pulse	5	347666	64	2
2083	17	Picture	10	365673	0	1	4144	2	0	4000	other	0
2083	17	Pulse	5	367666	1993	2
2083	18	Picture	10	383743	0	2	4145	3	0	4000	other	0
2083	18	Pulse	5	387665	3922	2
2083	19	Pulse	5	407655	5841	2
2083	20	Picture	30	426848	0	1	4145	2	0	4000	other	0
2083	20	Pulse	5	427655	807	1
2083	21	Picture	30	444919	0	1	4144	3	0	4000	other	0
2083	21	Pulse	5	447654	2735	2
2083	22	Picture	31	462990	0	1	4144	2	0	4000	hit	44
2083	22	Pulse	5	467645	4655	1
2083	22	Response	1	469564	6574	2
2083	23	Picture	30	481060	0	2	4145	3	0	4000	other	0
2083	23	Pulse	5	487644	6584	1
2083	24	Picture	30	499131	0	1	4145	2	0	4000	other	0
2083	24	Pulse	5	507643	8512	2
2083	25	Picture	30	517202	0	2	4145	3	0	4000	other	0
2083	25	Pulse	5	527633	10431	2
2083	26	Picture	31	535273	0	1	4144	3	0	4000	hit	52
2083	26	Response	1	539153	3880	1
2083	26	Pulse	5	547632	12359	2
2083	27	Picture	31	553344	0	1	4144	2	0	4000	hit	55
2083	27	Response	1	558192	4848	2
2083	27	Pulse	5	567632	14288	2
2083	28	Picture	30	571414	0	2	4145	3	0	4000	other	0
2083	28	Pulse	5	587622	16208	1
2083	29	Picture	30	589485	0	1	4145	2	0	4000	other	0
2083	30	Picture	30	607556	0	1	4145	2	0	4000	other	0
2083	30	Pulse	5	607622	66	1
2083	31	Picture	31	625627	0	1	4144	3	0	4000	hit	64
2083	31	Pulse	5	627621	1994	2
2083	31	Response	1	629221	3594	2
2083	32	Picture	30	643697	0	2	4145	3	0	4000	other	0
2083	32	Pulse	5	647611	3914	1
2083	33	Picture	30	661768	0	2	4145	3	0	4000	other	0
2083	33	Pulse	5	667610	5842	2
2083	34	Picture	30	679839	0	2	4145	3	0	4000	other	0
2083	34	Pulse	5	687610	7771	2
2083	35	Picture	30	697910	0	1	4145	2	0	4000	other	0
2083	35	Pulse	5	707600	9690	1
2083	36	Pulse	5	727599	11618	2
2083	37	Picture	10	741015	0	1	4144	2	0	4000	other	0
2083	37	Pulse	5	747599	6584	1
2083	38	Picture	10	759085	0	1	4145	2	0	4000	other	0
2083	38	Pulse	5	767588	8503	2
2083	39	Picture	11	777156	0	1	4145	2	0	4000	hit	79
2083	39	Response	1	781508	4352	2
2083	39	Pulse	5	787588	10432	2
2083	40	Picture	10	795227	0	1	4145	2	0	4000	other	0
2083	40	Pulse	5	807588	12361	1
2083	41	Picture	11	813298	0	1	4144	3	0	4000	hit	84
2083	41	Response	1	817508	4210	1
2083	41	Pulse	5	827577	14279	2
2083	42	Picture	10	831369	0	1	4144	2	0	4000	other	0
2083	42	Pulse	5	847577	16208	2
2083	43	Picture	10	849439	0	2	4145	3	0	4000	other	0
2083	44	Picture	10	867510	0	1	4145	2	0	4000	other	0
2083	44	Pulse	5	867576	66	2
2083	45	Picture	11	885581	0	1	4144	3	0	4000	hit	93
2083	45	Pulse	5	887566	1985	2
2083	45	Response	1	889486	3905	2
2083	46	Picture	10	903652	0	1	4144	3	0	4000	other	0
2083	46	Pulse	5	907566	3914	1
2083	47	Picture	10	921722	0	2	4145	3	0	4000	other	0
2083	47	Pulse	5	927565	5843	2
2083	48	Picture	11	939793	0	1	4145	2	0	4000	hit	99
2083	48	Response	1	944355	4562	2
2083	48	Pulse	5	947555	7762	2
2083	49	Picture	10	957864	0	1	4145	2	0	4000	other	0
2083	49	Pulse	5	967555	9691	1
2083	50	Picture	10	975935	0	1	4144	3	0	4000	other	0
2083	50	Pulse	5	987554	11619	2
2083	51	Picture	10	994006	0	1	4144	2	0	4000	other	0
2083	51	Pulse	5	1007544	13538	2
2083	52	Picture	10	1012076	0	2	4145	3	0	4000	other	0
2083	52	Pulse	5	1027543	15467	2
2083	53	Pulse	5	1047543	17396	2
2083	54	Picture	20	1055181	0	1	4145	2	0	4000	other	0
2083	54	Pulse	5	1067533	12352	1
2083	55	Picture	20	1073252	0	1	4144	3	0	4000	other	0
2083	55	Pulse	5	1087532	14280	2
2083	56	Picture	21	1091318	0	6	4149	7	0	4000	hit	115
2083	56	Response	1	1097292	5974	2
2083	56	Pulse	5	1107532	16214	2
2083	57	Picture	20	1109393	0	2	4145	3	0	4000	other	0
2083	58	Picture	20	1127464	0	1	4145	2	0	4000	other	0
2083	58	Pulse	5	1127522	58	1
2083	59	Picture	20	1145535	0	1	4145	2	0	4000	other	0
2083	59	Pulse	5	1147521	1986	2
2083	60	Picture	21	1163606	0	1	4144	3	0	4000	hit	124
2083	60	Pulse	5	1167521	3915	2
2083	60	Response	1	1168481	4875	2
2083	61	Picture	20	1181677	0	1	4144	2	0	4000	other	0
2083	61	Pulse	5	1187511	5834	1
2083	62	Picture	20	1199747	0	2	4145	3	0	4000	other	0
2083	62	Pulse	5	1207510	7763	2
2083	63	Picture	20	1217818	0	1	4145	2	0	4000	other	0
2083	63	Pulse	5	1227510	9692	1
2083	64	Picture	20	1235889	0	1	4145	2	0	4000	other	0
2083	64	Pulse	5	1247499	11610	2
2083	65	Picture	20	1253960	0	1	4144	3	0	4000	other	0
2083	65	Pulse	5	1267499	13539	2
2083	66	Picture	21	1272030	0	2	4145	3	0	4000	hit	136
2083	66	Response	1	1275499	3469	1
2083	66	Pulse	5	1287499	15469	1
2083	67	Picture	20	1290101	0	2	4145	3	0	4000	other	0
2083	67	Pulse	5	1307648	17547	2
2083	68	Picture	20	1308172	0	1	4145	2	0	4000	other	0
2083	69	Picture	21	1326243	0	1	4145	2	0	4000	hit	143
2083	69	Pulse	5	1327648	1405	2
2083	69	Response	1	1329728	3485	2
2083	70	Pulse	5	1347648	3334	1
2083	70	Pulse	5	1367637	23323	2
2083	71	Picture	10	1369348	0	1	4144	2	0	4000	other	0
2083	72	Picture	10	1387418	0	1	4145	2	0	4000	other	0
2083	72	Pulse	5	1387637	219	1
2083	73	Picture	11	1405489	0	1	4145	2	0	4000	hit	151
2083	73	Pulse	5	1407636	2147	2
2083	73	Response	1	1408756	3267	2
2083	74	Picture	10	1423560	0	1	4145	2	0	4000	other	0
2083	74	Pulse	5	1427626	4066	2
2083	75	Picture	11	1441631	0	1	4144	3	0	4000	hit	155
2083	75	Response	1	1445866	4235	1
2083	75	Pulse	5	1447626	5995	1
2083	76	Picture	10	1459701	0	2	4145	3	0	4000	other	0
2083	76	Pulse	5	1467625	7924	2
2083	77	Picture	10	1477772	0	1	4145	2	0	4000	other	0
2083	77	Pulse	5	1487615	9843	2
2083	78	Picture	11	1495843	0	1	4145	2	0	4000	hit	162
2083	78	Response	1	1499295	3452	1
2083	78	Pulse	5	1507614	11771	2
2083	79	Picture	10	1513914	0	1	4145	2	0	4000	other	0
2083	79	Pulse	5	1527614	13700	2
2083	80	Picture	10	1531985	0	1	4144	2	0	4000	other	0
2083	80	Pulse	5	1547604	15619	1
2083	81	Picture	10	1550055	0	2	4145	3	0	4000	other	0
2083	81	Pulse	5	1567604	17549	1
2083	82	Picture	10	1568126	0	1	4145	2	0	4000	other	0
2083	83	Picture	10	1586197	0	1	4145	2	0	4000	other	0
2083	83	Pulse	5	1587603	1406	2
2083	84	Picture	11	1604268	0	1	4144	3	0	4000	hit	175
2083	84	Pulse	5	1607593	3325	1
2083	84	Response	1	1607913	3645	1
2083	85	Picture	10	1622339	0	1	4144	2	0	4000	other	0
2083	85	Pulse	5	1627592	5253	2
2083	86	Picture	10	1640409	0	2	4145	3	0	4000	other	0
2083	86	Pulse	5	1647593	7184	1
2083	87	Pulse	5	1667581	9101	2
2083	88	Picture	30	1683514	0	1	4145	2	0	4000	other	0
2083	88	Pulse	5	1687581	4067	2
2083	89	Picture	30	1701585	0	1	4144	3	0	4000	other	0
2083	89	Pulse	5	1707581	5996	1
2083	90	Picture	30	1719656	0	1	4144	7	0	4000	other	0
2083	90	Pulse	5	1727570	7914	2
2083	91	Picture	31	1737726	0	2	4145	3	0	4000	hit	188
2083	91	Response	1	1741971	4245	1
2083	91	Pulse	5	1747570	9844	2
2083	92	Picture	31	1755797	0	1	4145	2	0	4000	hit	191
2083	92	Response	1	1760050	4253	1
2083	92	Pulse	5	1767570	11773	1
2083	93	Picture	30	1773868	0	1	4145	2	0	4000	other	0
2083	93	Pulse	5	1787559	13691	2
2083	94	Picture	30	1791939	0	1	4144	3	0	4000	other	0
2083	94	Pulse	5	1807559	15620	2
2083	95	Picture	30	1810009	0	2	4145	3	0	4000	other	0
2083	95	Pulse	5	1827558	17549	2
2083	96	Picture	31	1828080	0	2	4145	3	0	4000	hit	200
2083	96	Response	1	1831718	3638	2
2083	97	Picture	30	1846151	0	1	4145	2	0	4000	other	0
2083	97	Pulse	5	1847548	1397	2
2083	98	Picture	30	1864222	0	1	4144	3	0	4000	other	0
2083	98	Pulse	5	1867548	3326	1
2083	99	Picture	30	1882293	0	1	4144	3	0	4000	other	0
2083	99	Pulse	5	1887547	5254	2
2083	100	Picture	30	1900363	0	2	4145	3	0	4000	other	0
2083	100	Pulse	5	1907537	7174	2
2083	101	Picture	31	1918434	0	1	4145	2	0	4000	hit	210
2083	101	Response	1	1921937	3503	1
2083	101	Pulse	5	1927536	9102	2
2083	102	Picture	30	1936505	0	1	4145	2	0	4000	other	0
2083	102	Pulse	5	1947536	11031	2
2083	103	Picture	30	1954576	0	2	4144	4	0	4000	other	0
2083	103	Pulse	5	1967526	12950	2
2083	104	Pulse	5	1987525	14878	2
2083	105	Picture	10	1997681	0	1	4144	2	0	4000	other	0
2083	105	Pulse	5	2007525	9844	2
2083	106	Picture	10	2015751	0	1	4145	2	0	4000	other	0
2083	106	Pulse	5	2027515	11764	1
2083	107	Picture	11	2033822	0	1	4145	2	0	4000	hit	222
2083	107	Response	1	2037914	4092	2
2083	107	Pulse	5	2047514	13692	2
2083	108	Picture	10	2051893	0	1	4144	3	0	4000	other	0
2083	108	Pulse	5	2067514	15621	2
2083	109	Picture	11	2069964	0	1	4144	3	0	4000	hit	227
2083	109	Response	1	2073754	3790	2
2083	109	Pulse	5	2087503	17539	2
2083	110	Picture	10	2088034	0	2	4145	3	0	4000	other	0
2083	111	Picture	10	2106105	0	1	4145	2	0	4000	other	0
2083	111	Pulse	5	2107503	1398	2
2083	112	Picture	11	2124176	0	1	4145	2	0	4000	hit	233
2083	112	Response	1	2127503	3327	2
2083	112	Pulse	5	2127503	3327	2
2083	113	Picture	10	2142247	0	1	4144	3	0	4000	other	0
2083	113	Pulse	5	2147492	5245	2
2083	114	Picture	10	2160318	0	1	4144	2	0	4000	other	0
2083	114	Pulse	5	2167492	7174	2
2083	115	Picture	10	2178388	0	2	4145	3	0	4000	other	0
2083	115	Pulse	5	2187492	9104	1
2083	116	Picture	10	2196459	0	1	4145	2	0	4000	other	0
2083	116	Pulse	5	2207481	11022	2
2083	117	Picture	10	2214530	0	1	4145	2	0	4000	other	0
2083	117	Pulse	5	2227481	12951	2
2083	118	Picture	11	2232601	0	2	4144	4	0	4000	hit	246
2083	118	Response	1	2235961	3360	1
2083	118	Pulse	5	2247480	14879	2
2083	119	Picture	10	2250671	0	2	4145	3	0	4000	other	0
2083	119	Pulse	5	2267470	16799	2
2083	120	Picture	10	2268742	0	1	4145	2	0	4000	other	0
2083	121	Pulse	5	2287470	657	2
2083	121	Pulse	5	2307469	20656	2
2083	122	Picture	20	2311847	0	1	4145	2	0	4000	other	0
2083	122	Pulse	5	2327619	15772	2
2083	123	Picture	20	2329918	0	1	4144	3	0	4000	other	0
2083	123	Pulse	5	2347619	17701	1
2083	124	Picture	20	2347988	0	2	4145	3	0	4000	other	0
2083	125	Picture	21	2366059	0	2	4145	3	0	4000	hit	260
2083	125	Pulse	5	2367618	1559	2
2083	125	Response	1	2369378	3319	2
2083	126	Picture	20	2384130	0	1	4145	2	0	4000	other	0
2083	126	Pulse	5	2387608	3478	2
2083	127	Picture	20	2402201	0	1	4145	2	0	4000	other	0
2083	127	Pulse	5	2407608	5407	1
2083	128	Picture	21	2420272	0	1	4144	3	0	4000	hit	266
2083	128	Response	1	2424567	4295	2
2083	128	Pulse	5	2427608	7336	1
2083	129	Picture	20	2438342	0	2	4145	3	0	4000	other	0
2083	129	Pulse	5	2447597	9255	2
2083	130	Picture	20	2456413	0	1	4145	2	0	4000	other	0
2083	130	Pulse	5	2467596	11183	2
2083	131	Picture	20	2474484	0	1	4145	2	0	4000	other	0
2083	131	Pulse	5	2487596	13112	2
2083	132	Picture	21	2492555	0	1	4145	2	0	4000	hit	275
2083	132	Response	1	2495906	3351	2
2083	132	Pulse	5	2507586	15031	1
2083	133	Picture	20	2510625	0	2	4145	3	0	4000	other	0
2083	133	Pulse	5	2527586	16961	1
2083	134	Picture	20	2528696	0	2	4145	3	0	4000	other	0
2083	135	Picture	21	2546767	0	1	4145	2	0	4000	hit	282
2083	135	Pulse	5	2547585	818	2
2083	135	Response	1	2550145	3378	2
2083	136	Picture	20	2564838	0	1	4145	2	0	4000	other	0
2083	136	Pulse	5	2567574	2736	2
2083	137	Picture	20	2582909	0	1	4144	3	0	4000	other	0
2083	137	Pulse	5	2587574	4665	2
