Scenario - 1-back
Logfile written - 09/19/2014 15:30:27

Subject	Trial	Event Type	Code	Time	TTime	Uncertainty	Duration	Uncertainty	ReqTime	ReqDur	Stim Type	Pair Index

2083	1	Pulse	5	110782	120616	1
2083	2	Pulse	5	130781	19923	2
2083	3	Picture	10	135892	0	1	4144	3	0	4000	other	0
2083	3	Pulse	5	150771	14879	2
2083	4	Picture	10	153963	0	1	4144	2	0	4000	other	0
2083	4	Pulse	5	170771	16808	1
2083	5	Picture	11	172033	0	1	4145	2	0	4000	hit	8
2083	5	Response	1	175891	3858	1
2083	6	Picture	10	190104	0	1	4145	2	0	4000	other	0
2083	6	Pulse	5	190770	666	2
2083	7	Picture	11	208175	0	1	4145	2	0	4000	hit	13
2083	7	Pulse	5	210760	2585	2
2083	7	Response	1	213320	5145	2
2083	8	Picture	10	226246	0	1	4144	2	0	4000	other	0
2083	8	Pulse	5	230759	4513	2
2083	9	Picture	10	244316	0	2	4145	3	0	4000	other	0
2083	9	Pulse	5	250759	6443	2
2083	10	Picture	10	262387	0	1	4145	2	0	4000	other	0
2083	10	Pulse	5	270749	8362	1
2083	11	Picture	11	280458	0	1	4145	2	0	4000	hit	21
2083	11	Response	1	283868	3410	2
2083	11	Pulse	5	290748	10290	2
2083	12	Picture	10	298529	0	1	4144	3	0	4000	other	0
2083	12	Pulse	5	310748	12219	2
2083	13	Picture	10	316599	0	2	4145	3	0	4000	other	0
2083	13	Pulse	5	330738	14139	1
2083	14	Picture	11	334670	0	1	4145	2	0	4000	hit	28
2083	14	Response	1	338257	3587	2
2083	14	Pulse	5	350897	16227	2
2083	15	Picture	10	352741	0	1	4145	2	0	4000	other	0
2083	16	Picture	10	370812	0	1	4145	2	0	4000	other	0
2083	16	Pulse	5	370898	86	1
2083	17	Picture	10	388883	0	1	4144	3	0	4000	other	0
2083	17	Pulse	5	390886	2003	2
2083	18	Picture	10	406953	0	2	4145	3	0	4000	other	0
2083	18	Pulse	5	410886	3933	2
2083	19	Pulse	5	430886	5862	1
2083	20	Picture	30	450058	0	1	4145	2	0	4000	other	0
2083	20	Pulse	5	450875	817	2
2083	21	Picture	30	468129	0	1	4144	3	0	4000	other	0
2083	21	Pulse	5	470875	2746	2
2083	22	Picture	31	486200	0	1	4144	3	0	4000	hit	44
2083	22	Pulse	5	490875	4675	1
2083	22	Response	1	491515	5315	1
2083	23	Picture	30	504270	0	2	4145	3	0	4000	other	0
2083	23	Pulse	5	510865	6595	1
2083	24	Picture	30	522341	0	1	4145	2	0	4000	other	0
2083	24	Pulse	5	530864	8523	2
2083	25	Picture	30	540412	0	1	4145	2	0	4000	other	0
2083	25	Pulse	5	550864	10452	1
2083	26	Picture	31	558483	0	1	4144	3	0	4000	hit	52
2083	26	Response	1	562703	4220	2
2083	26	Pulse	5	570853	12370	2
2083	27	Picture	31	576554	0	1	4144	2	0	4000	hit	55
2083	27	Response	1	580933	4379	2
2083	27	Pulse	5	590853	14299	1
2083	28	Picture	30	594624	0	1	4145	2	0	4000	other	0
2083	28	Pulse	5	610852	16228	2
2083	29	Picture	30	612695	0	1	4145	2	0	4000	other	0
2083	30	Picture	30	630766	0	1	4145	2	0	4000	other	0
2083	30	Pulse	5	630842	76	2
2083	31	Picture	31	648837	0	1	4144	3	0	4000	hit	64
2083	31	Pulse	5	650842	2005	1
2083	31	Response	1	653562	4725	2
2083	32	Picture	30	666907	0	2	4145	3	0	4000	other	0
2083	32	Pulse	5	670841	3934	2
2083	33	Picture	30	684978	0	1	4145	2	0	4000	other	0
2083	33	Pulse	5	690831	5853	2
2083	34	Picture	30	703049	0	1	4145	2	0	4000	other	0
2083	34	Pulse	5	710830	7781	2
2083	35	Picture	30	721120	0	1	4144	3	0	4000	other	0
2083	35	Pulse	5	730830	9710	2
2083	36	Pulse	5	750820	11629	1
2083	37	Picture	10	764224	0	2	4145	3	0	4000	other	0
2083	37	Pulse	5	770819	6595	2
2083	38	Picture	10	782295	0	1	4145	2	0	4000	other	0
2083	38	Pulse	5	790819	8524	2
2083	39	Picture	11	800366	0	1	4145	2	0	4000	hit	79
2083	39	Response	1	805369	5003	1
2083	39	Pulse	5	810809	10443	1
2083	40	Picture	10	818437	0	1	4144	3	0	4000	other	0
2083	40	Pulse	5	830808	12371	2
2083	41	Picture	11	836508	0	1	4144	2	0	4000	hit	84
2083	41	Response	1	841048	4540	2
2083	41	Pulse	5	850808	14300	2
2083	42	Picture	10	854578	0	1	4145	2	0	4000	other	0
2083	42	Pulse	5	870797	16219	2
2083	43	Picture	10	872649	0	1	4145	2	0	4000	other	0
2083	44	Picture	10	890720	0	1	4145	2	0	4000	other	0
2083	44	Pulse	5	890797	77	2
2083	45	Picture	11	908791	0	1	4144	3	0	4000	hit	93
2083	45	Pulse	5	910797	2006	1
2083	45	Response	1	912717	3926	1
2083	46	Picture	10	926862	0	1	4144	2	0	4000	other	0
2083	46	Pulse	5	930786	3924	2
2083	47	Picture	10	944932	0	1	4145	2	0	4000	other	0
2083	47	Pulse	5	950786	5854	2
2083	48	Picture	11	963003	0	1	4145	2	0	4000	hit	99
2083	48	Response	1	966466	3463	1
2083	48	Pulse	5	970786	7783	1
2083	49	Picture	10	981074	0	1	4145	2	0	4000	other	0
2083	49	Pulse	5	990775	9701	2
2083	50	Picture	10	999145	0	1	4144	2	0	4000	other	0
2083	50	Pulse	5	1010775	11630	2
2083	51	Picture	10	1017215	0	2	4145	3	0	4000	other	0
2083	51	Pulse	5	1030774	13559	2
2083	52	Picture	10	1035286	0	1	4145	2	0	4000	other	0
2083	52	Pulse	5	1050764	15478	2
2083	53	Pulse	5	1070764	17407	1
2083	54	Picture	20	1078391	0	1	4144	3	0	4000	other	0
2083	54	Pulse	5	1090763	12372	2
2083	55	Picture	20	1096462	0	1	4144	2	0	4000	other	0
2083	55	Pulse	5	1110753	14291	2
2083	56	Picture	21	1114532	0	2	4145	3	0	4000	hit	115
2083	56	Response	1	1117953	3421	2
2083	56	Pulse	5	1130753	16221	1
2083	57	Picture	20	1132603	0	1	4145	2	0	4000	other	0
2083	58	Picture	20	1150674	0	1	4145	2	0	4000	other	0
2083	58	Pulse	5	1150752	78	2
2083	59	Picture	20	1168745	0	1	4144	3	0	4000	other	0
2083	59	Pulse	5	1170742	1997	2
2083	60	Picture	21	1186815	0	2	4145	3	0	4000	hit	123
2083	60	Response	1	1190101	3286	2
2083	60	Pulse	5	1190741	3926	2
2083	61	Picture	20	1204886	0	2	4145	3	0	4000	other	0
2083	61	Pulse	5	1210742	5856	1
2083	62	Picture	20	1222957	0	1	4145	2	0	4000	other	0
2083	62	Pulse	5	1230731	7774	1
2083	63	Picture	20	1241028	0	1	4144	3	0	4000	other	0
2083	63	Pulse	5	1250730	9702	2
2083	64	Picture	20	1259099	0	1	4144	2	0	4000	other	0
2083	64	Pulse	5	1270730	11631	2
2083	65	Picture	20	1277169	0	2	4145	3	0	4000	other	0
2083	65	Pulse	5	1290720	13551	1
2083	66	Picture	21	1295240	0	1	4145	2	0	4000	hit	136
2083	66	Response	1	1300159	4919	2
2083	66	Pulse	5	1310719	15479	2
2083	67	Picture	20	1313311	0	1	4145	2	0	4000	other	0
2083	67	Pulse	5	1330719	17408	2
2083	68	Picture	20	1331382	0	1	4144	3	0	4000	other	0
2083	69	Picture	21	1349453	0	1	4144	2	0	4000	hit	143
2083	69	Pulse	5	1350708	1255	2
2083	69	Response	1	1353749	4296	1
2083	70	Pulse	5	1370868	3345	2
2083	70	Pulse	5	1390868	23345	1
2083	71	Picture	10	1392557	0	1	4145	2	0	4000	other	0
2083	72	Picture	10	1410628	0	1	4145	2	0	4000	other	0
2083	72	Pulse	5	1410857	229	2
2083	73	Picture	11	1428699	0	1	4144	3	0	4000	hit	151
2083	73	Pulse	5	1430857	2158	2
2083	73	Response	1	1433257	4558	2
2083	74	Picture	10	1446770	0	1	4144	2	0	4000	other	0
2083	74	Pulse	5	1450857	4087	1
2083	75	Picture	11	1464840	0	1	4145	2	0	4000	hit	155
2083	75	Response	1	1468926	4086	2
2083	75	Pulse	5	1470846	6006	2
2083	76	Picture	10	1482911	0	1	4145	2	0	4000	other	0
2083	76	Pulse	5	1490846	7935	2
2083	77	Picture	10	1500982	0	1	4144	3	0	4000	other	0
2083	77	Pulse	5	1510845	9863	2
2083	78	Picture	11	1519053	0	1	4144	2	0	4000	hit	162
2083	78	Response	1	1523156	4103	1
2083	78	Pulse	5	1530835	11782	2
2083	79	Picture	10	1537123	0	2	4145	3	0	4000	other	0
2083	79	Pulse	5	1550835	13712	1
2083	80	Picture	10	1555194	0	1	4145	2	0	4000	other	0
2083	80	Pulse	5	1570834	15640	2
2083	81	Picture	10	1573265	0	1	4145	2	0	4000	other	0
2083	81	Pulse	5	1590824	17559	2
2083	82	Picture	10	1591336	0	1	4144	3	0	4000	other	0
2083	83	Picture	10	1609407	0	1	4144	2	0	4000	other	0
2083	83	Pulse	5	1610823	1416	2
2083	84	Picture	11	1627477	0	2	4145	3	0	4000	hit	175
2083	84	Pulse	5	1630823	3346	2
2083	84	Response	1	1631304	3827	1
2083	85	Picture	10	1645548	0	1	4145	3	0	4000	other	0
2083	85	Pulse	5	1650813	5265	2
2083	86	Picture	10	1663619	0	1	4145	2	0	4000	other	0
2083	86	Pulse	5	1670813	7194	1
2083	87	Pulse	5	1690813	9123	1
2083	88	Picture	30	1706724	0	1	4144	3	0	4000	other	0
2083	88	Pulse	5	1710802	4078	2
2083	89	Picture	30	1724794	0	2	4145	3	0	4000	other	0
2083	89	Pulse	5	1730801	6007	2
2083	90	Picture	30	1742865	0	1	4145	2	0	4000	other	0
2083	90	Pulse	5	1750801	7936	2
2083	91	Picture	31	1760936	0	1	4145	2	0	4000	hit	188
2083	91	Response	1	1765351	4415	1
2083	91	Pulse	5	1770791	9855	1
2083	92	Picture	31	1779007	0	1	4144	3	0	4000	hit	191
2083	92	Response	1	1783590	4583	2
2083	92	Pulse	5	1790790	11783	2
2083	93	Picture	30	1797077	0	2	4145	3	0	4000	other	0
2083	93	Pulse	5	1810790	13713	2
2083	94	Picture	30	1815148	0	1	4145	2	0	4000	other	0
2083	94	Pulse	5	1830779	15631	2
2083	95	Picture	30	1833219	0	1	4145	2	0	4000	other	0
2083	95	Pulse	5	1850779	17560	2
2083	96	Picture	31	1851290	0	1	4145	2	0	4000	hit	200
2083	96	Response	1	1854939	3649	2
2083	97	Picture	30	1869361	0	1	4144	2	0	4000	other	0
2083	97	Pulse	5	1870779	1418	1
2083	98	Picture	30	1887431	0	2	4145	3	0	4000	other	0
2083	98	Pulse	5	1890768	3337	2
2083	99	Picture	30	1905502	0	1	4145	2	0	4000	other	0
2083	99	Pulse	5	1910769	5267	1
2083	100	Picture	30	1923573	0	1	4145	2	0	4000	other	0
2083	100	Pulse	5	1930768	7195	1
2083	101	Picture	31	1941644	0	1	4144	3	0	4000	hit	210
2083	101	Response	1	1944677	3033	2
2083	101	Pulse	5	1950757	9113	2
2083	102	Picture	30	1959715	0	1	4144	2	0	4000	other	0
2083	102	Pulse	5	1970757	11042	1
2083	103	Picture	30	1977785	0	2	4145	3	0	4000	other	0
2083	103	Pulse	5	1990756	12971	2
2083	104	Pulse	5	2010746	14890	2
2083	105	Picture	10	2020890	0	1	4145	2	0	4000	other	0
2083	105	Pulse	5	2030746	9856	1
2083	106	Picture	10	2038961	0	1	4144	3	0	4000	other	0
2083	106	Pulse	5	2050745	11784	2
2083	107	Picture	11	2057032	0	1	4144	3	0	4000	hit	222
2083	107	Response	1	2061135	4103	2
2083	107	Pulse	5	2070735	13703	2
2083	108	Picture	10	2075102	0	2	4145	3	0	4000	other	0
2083	108	Pulse	5	2090735	15633	1
2083	109	Picture	11	2093173	0	1	4145	2	0	4000	hit	227
2083	109	Response	1	2097134	3961	2
2083	109	Pulse	5	2110734	17561	2
2083	110	Picture	10	2111244	0	1	4145	2	0	4000	other	0
2083	111	Picture	10	2129315	0	1	4144	3	0	4000	other	0
2083	111	Pulse	5	2130724	1409	2
2083	112	Picture	11	2147386	0	1	4144	2	0	4000	hit	234
2083	112	Pulse	5	2150723	3337	2
2083	112	Response	1	2151363	3977	2
2083	113	Picture	10	2165456	0	1	4145	2	0	4000	other	0
2083	113	Pulse	5	2170723	5267	2
2083	114	Picture	10	2183527	0	1	4145	3	0	4000	other	0
2083	114	Pulse	5	2190713	7186	1
2083	115	Picture	10	2201598	0	1	4145	2	0	4000	other	0
2083	115	Pulse	5	2210712	9114	2
2083	116	Picture	10	2219669	0	1	4144	3	0	4000	other	0
2083	116	Pulse	5	2230712	11043	2
2083	117	Picture	10	2237740	0	1	4144	2	0	4000	other	0
2083	117	Pulse	5	2250702	12962	1
2083	118	Picture	11	2255810	0	1	4145	2	0	4000	hit	246
2083	118	Response	1	2259661	3851	2
2083	118	Pulse	5	2270701	14891	2
2083	119	Picture	10	2273881	0	1	4145	2	0	4000	other	0
2083	119	Pulse	5	2290701	16820	2
2083	120	Picture	10	2291952	0	1	4144	3	0	4000	other	0
2083	121	Pulse	5	2310690	667	2
2083	121	Pulse	5	2330690	20667	2
2083	122	Picture	20	2335056	0	2	4145	3	0	4000	other	0
2083	122	Pulse	5	2350690	15634	1
2083	123	Picture	20	2353127	0	1	4145	2	0	4000	other	0
2083	123	Pulse	5	2370679	17552	2
2083	124	Picture	20	2371198	0	1	4145	2	0	4000	other	0
2083	125	Picture	21	2389269	0	1	4145	2	0	4000	hit	260
2083	125	Pulse	5	2390679	1410	2
2083	125	Response	1	2394039	4770	2
2083	126	Picture	20	2407340	0	1	4144	2	0	4000	other	0
2083	126	Pulse	5	2410838	3498	2
2083	127	Picture	20	2425410	0	2	4145	3	0	4000	other	0
2083	127	Pulse	5	2430828	5418	2
2083	128	Picture	21	2443481	0	1	4145	2	0	4000	hit	266
2083	128	Response	1	2448428	4947	2
2083	128	Pulse	5	2450828	7347	1
2083	129	Picture	20	2461552	0	1	4145	2	0	4000	other	0
2083	129	Pulse	5	2470827	9275	2
2083	130	Picture	20	2479623	0	1	4144	3	0	4000	other	0
2083	130	Pulse	5	2490817	11194	2
2083	131	Picture	20	2497694	0	1	4144	2	0	4000	other	0
2083	131	Pulse	5	2510817	13123	1
2083	132	Picture	21	2515764	0	1	4145	2	0	4000	hit	275
2083	132	Response	1	2519457	3693	1
2083	132	Pulse	5	2530816	15052	2
2083	133	Picture	20	2533835	0	1	4145	2	0	4000	other	0
2083	133	Pulse	5	2550806	16971	2
2083	134	Picture	20	2551906	0	1	4145	2	0	4000	other	0
2083	135	Picture	21	2569977	0	1	4144	3	0	4000	hit	282
2083	135	Pulse	5	2570805	828	2
2083	135	Response	1	2573525	3548	2
2083	136	Picture	20	2588047	0	2	4145	3	0	4000	other	0
2083	136	Pulse	5	2590805	2758	2
2083	137	Picture	20	2606118	0	2	4145	3	0	4000	other	0
2083	137	Pulse	5	2610795	4677	2
