Scenario - 1-back
Logfile written - 09/19/2014 15:25:46

Subject	Trial	Event Type	Code	Time	TTime	Uncertainty	Duration	Uncertainty	ReqTime	ReqDur	Stim Type	Pair Index

2083	1	Pulse	5	104614	114448	2
2083	2	Pulse	5	124604	19880	1
2083	3	Picture	10	129757	0	2	4145	3	0	4000	other	0
2083	3	Pulse	5	144603	14846	2
2083	4	Picture	10	147828	0	1	4145	2	0	4000	other	0
2083	4	Pulse	5	164603	16775	2
2083	5	Picture	11	165899	0	1	4145	2	0	4000	hit	8
2083	5	Response	1	172603	6704	1
2083	6	Picture	10	183970	0	1	4144	3	0	4000	other	0
2083	6	Pulse	5	184592	622	3
2083	7	Picture	11	202041	0	1	4144	2	0	4000	hit	13
2083	7	Pulse	5	204592	2551	2
2083	7	Response	1	205872	3831	2
2083	8	Picture	10	220111	0	3	4145	4	0	4000	other	0
2083	8	Pulse	5	224592	4481	1
2083	9	Picture	10	238182	0	1	4145	2	0	4000	other	0
2083	9	Pulse	5	244581	6399	2
2083	10	Picture	10	256253	0	1	4144	3	0	4000	other	0
2083	10	Pulse	5	264581	8328	2
2083	11	Picture	11	274324	0	1	4144	2	0	4000	hit	21
2083	11	Response	1	278341	4017	2
2083	11	Pulse	5	284580	10256	2
2083	12	Picture	10	292394	0	1	4145	2	0	4000	other	0
2083	12	Pulse	5	304570	12176	2
2083	13	Picture	10	310465	0	1	4145	2	0	4000	other	0
2083	13	Pulse	5	324570	14105	2
2083	14	Picture	11	328536	0	1	4145	2	0	4000	hit	28
2083	14	Response	1	332090	3554	1
2083	14	Pulse	5	344569	16033	2
2083	15	Picture	10	346607	0	1	4144	2	0	4000	other	0
2083	15	Pulse	5	364559	17952	2
2083	16	Picture	10	364677	0	2	4145	3	0	4000	other	0
2083	17	Picture	10	382748	0	2	4145	3	0	4000	other	0
2083	17	Pulse	5	384559	1811	2
2083	18	Picture	10	400819	0	1	4144	3	0	4000	other	0
2083	18	Pulse	5	404558	3739	2
2083	19	Pulse	5	424548	5658	2
2083	20	Picture	20	443923	0	2	4144	4	0	4000	other	0
2083	20	Pulse	5	444548	625	1
2083	21	Picture	20	461994	0	1	4145	2	0	4000	other	0
2083	21	Pulse	5	464547	2553	2
2083	22	Picture	21	480065	0	1	4145	2	0	4000	hit	44
2083	22	Pulse	5	484537	4472	2
2083	22	Response	1	484697	4632	2
2083	23	Picture	20	498136	0	1	4144	3	0	4000	other	0
2083	23	Pulse	5	504536	6400	2
2083	24	Picture	20	516207	0	1	4144	2	0	4000	other	0
2083	24	Pulse	5	524536	8329	2
2083	25	Picture	20	534277	0	1	4145	2	0	4000	other	0
2083	25	Pulse	5	544526	10249	2
2083	26	Picture	21	552348	0	1	4145	2	0	4000	hit	52
2083	26	Response	1	556685	4337	2
2083	26	Pulse	5	564525	12177	2
2083	27	Picture	20	570419	0	1	4144	3	0	4000	other	0
2083	27	Pulse	5	584525	14106	2
2083	28	Picture	20	588490	0	1	4144	2	0	4000	other	0
2083	28	Pulse	5	604514	16024	2
2083	29	Picture	20	606560	0	2	4145	3	0	4000	other	0
2083	29	Pulse	5	624514	17954	2
2083	30	Picture	20	624631	0	1	4145	2	0	4000	other	0
2083	31	Picture	20	642702	0	1	4145	2	0	4000	other	0
2083	31	Pulse	5	644514	1812	2
2083	32	Picture	21	660773	0	1	4144	3	0	4000	hit	65
2083	32	Pulse	5	664503	3730	2
2083	32	Response	1	665623	4850	2
2083	33	Picture	20	678843	0	2	4145	3	0	4000	other	0
2083	33	Pulse	5	684504	5661	1
2083	34	Picture	20	696914	0	1	4145	2	0	4000	other	0
2083	34	Pulse	5	704663	7749	1
2083	35	Picture	21	714985	0	1	4145	2	0	4000	hit	71
2083	35	Response	1	718733	3748	1
2083	35	Pulse	5	724652	9667	2
2083	36	Pulse	5	744652	11596	2
2083	37	Picture	10	758089	0	2	4145	3	0	4000	other	0
2083	37	Pulse	5	764652	6563	1
2083	38	Picture	10	776160	0	1	4145	2	0	4000	other	0
2083	38	Pulse	5	784641	8481	2
2083	39	Picture	11	794231	0	1	4145	2	0	4000	hit	79
2083	39	Response	1	797761	3530	2
2083	39	Pulse	5	804641	10410	2
2083	40	Picture	10	812302	0	1	4144	3	0	4000	other	0
2083	40	Pulse	5	824640	12338	2
2083	41	Picture	11	830373	0	1	4144	2	0	4000	hit	84
2083	41	Response	1	834720	4347	2
2083	41	Pulse	5	844631	14258	1
2083	42	Picture	10	848443	0	1	4145	2	0	4000	other	0
2083	42	Pulse	5	864630	16187	1
2083	43	Picture	10	866514	0	1	4145	2	0	4000	other	0
2083	44	Picture	10	884585	0	1	4144	3	0	4000	other	0
2083	44	Pulse	5	884629	44	2
2083	45	Picture	11	902656	0	1	4144	2	0	4000	hit	93
2083	45	Pulse	5	904619	1963	2
2083	45	Response	1	906059	3403	2
2083	46	Picture	10	920726	0	2	4145	3	0	4000	other	0
2083	46	Pulse	5	924618	3892	2
2083	47	Picture	10	938797	0	1	4145	2	0	4000	other	0
2083	47	Pulse	5	944618	5821	2
2083	48	Picture	11	956868	0	1	4145	2	0	4000	hit	99
2083	48	Response	1	960928	4060	2
2083	48	Pulse	5	964608	7740	2
2083	49	Picture	10	974939	0	1	4144	3	0	4000	other	0
2083	49	Pulse	5	984607	9668	2
2083	50	Picture	10	993009	0	2	4145	3	0	4000	other	0
2083	50	Pulse	5	1004607	11598	2
2083	51	Picture	10	1011080	0	1	4145	2	0	4000	other	0
2083	51	Pulse	5	1024597	13517	1
2083	52	Picture	10	1029151	0	1	4144	3	0	4000	other	0
2083	52	Pulse	5	1044596	15445	2
2083	53	Pulse	5	1064596	17374	2
2083	54	Picture	30	1072255	0	2	4145	3	0	4000	other	0
2083	54	Pulse	5	1084585	12330	2
2083	55	Picture	30	1090326	0	1	4145	2	0	4000	other	0
2083	55	Pulse	5	1104585	14259	2
2083	56	Picture	31	1108397	0	1	4145	2	0	4000	hit	115
2083	56	Response	1	1114506	6109	1
2083	56	Pulse	5	1124585	16188	2
2083	57	Picture	30	1126468	0	1	4145	2	0	4000	other	0
2083	58	Picture	30	1144539	0	1	4144	2	0	4000	other	0
2083	58	Pulse	5	1144574	35	2
2083	59	Picture	30	1162609	0	2	4145	3	0	4000	other	0
2083	59	Pulse	5	1164574	1965	2
2083	60	Picture	31	1180680	0	1	4145	2	0	4000	hit	124
2083	60	Pulse	5	1184574	3894	1
2083	60	Response	1	1185374	4694	1
2083	61	Picture	31	1198751	0	1	4145	2	0	4000	hit	127
2083	61	Pulse	5	1204563	5812	2
2083	61	Response	1	1209203	10452	2
2083	62	Picture	30	1216822	0	1	4144	3	0	4000	other	0
2083	62	Pulse	5	1224563	7741	2
2083	63	Picture	30	1234892	0	2	4145	3	0	4000	other	0
2083	63	Pulse	5	1244562	9670	2
2083	64	Picture	30	1252963	0	1	4145	2	0	4000	other	0
2083	64	Pulse	5	1264552	11589	2
2083	65	Picture	31	1271034	0	1	4145	2	0	4000	hit	135
2083	65	Response	1	1275432	4398	2
2083	65	Pulse	5	1284552	13518	2
2083	66	Picture	30	1289105	0	1	4144	3	0	4000	other	0
2083	66	Pulse	5	1304551	15446	2
2083	67	Picture	30	1307176	0	1	4144	2	0	4000	other	0
2083	67	Pulse	5	1324541	17365	2
2083	68	Picture	30	1325246	0	2	4145	3	0	4000	other	0
2083	69	Picture	30	1343317	0	1	4145	2	0	4000	other	0
2083	69	Pulse	5	1344541	1224	1
2083	70	Pulse	5	1364540	3152	2
2083	70	Pulse	5	1384531	23143	1
2083	71	Picture	10	1386422	0	1	4144	3	0	4000	other	0
2083	72	Picture	10	1404491	0	3	4146	4	0	4000	other	0
2083	72	Pulse	5	1404529	38	2
2083	73	Picture	11	1422563	0	1	4145	2	0	4000	hit	151
2083	73	Pulse	5	1424529	1966	2
2083	73	Response	1	1426929	4366	2
2083	74	Picture	10	1440634	0	1	4145	2	0	4000	other	0
2083	74	Pulse	5	1444519	3885	2
2083	75	Picture	11	1458705	0	1	4144	3	0	4000	hit	155
2083	75	Response	1	1463078	4373	2
2083	75	Pulse	5	1464518	5813	2
2083	76	Picture	10	1476776	0	1	4144	2	0	4000	other	0
2083	76	Pulse	5	1484518	7742	2
2083	77	Picture	10	1494846	0	2	4145	3	0	4000	other	0
2083	77	Pulse	5	1504508	9662	1
2083	78	Picture	11	1512917	0	1	4145	2	0	4000	hit	162
2083	78	Response	1	1516348	3431	1
2083	78	Pulse	5	1524507	11590	2
2083	79	Picture	10	1530988	0	1	4145	2	0	4000	other	0
2083	79	Pulse	5	1544507	13519	2
2083	80	Picture	10	1549059	0	1	4144	2	0	4000	other	0
2083	80	Pulse	5	1564496	15437	2
2083	81	Picture	10	1567129	0	2	4145	3	0	4000	other	0
2083	81	Pulse	5	1584496	17367	2
2083	82	Picture	10	1585200	0	1	4145	2	0	4000	other	0
2083	83	Picture	10	1603271	0	1	4145	2	0	4000	other	0
2083	83	Pulse	5	1604496	1225	2
2083	84	Picture	11	1621342	0	1	4144	3	0	4000	hit	175
2083	84	Pulse	5	1624485	3143	2
2083	84	Response	1	1624805	3463	2
2083	85	Picture	10	1639412	0	2	4145	3	0	4000	other	0
2083	85	Pulse	5	1644486	5074	1
2083	86	Picture	10	1657483	0	2	4145	3	0	4000	other	0
2083	86	Pulse	5	1664485	7002	1
2083	87	Pulse	5	1684474	8920	2
2083	88	Picture	20	1700588	0	1	4145	2	0	4000	other	0
2083	88	Pulse	5	1704474	3886	2
2083	89	Picture	20	1718659	0	1	4144	3	0	4000	other	0
2083	89	Pulse	5	1724473	5814	2
2083	90	Picture	20	1736729	0	2	4145	3	0	4000	other	0
2083	90	Pulse	5	1744624	7895	1
2083	91	Picture	21	1754800	0	1	4145	2	0	4000	hit	188
2083	91	Response	1	1758223	3423	2
2083	91	Pulse	5	1764623	9823	2
2083	92	Picture	20	1772871	0	1	4145	2	0	4000	other	0
2083	92	Pulse	5	1784622	11751	2
2083	93	Picture	20	1790942	0	1	4144	3	0	4000	other	0
2083	93	Pulse	5	1804612	13670	2
2083	94	Picture	21	1809012	0	2	4145	3	0	4000	hit	195
2083	94	Response	1	1813252	4240	2
2083	94	Pulse	5	1824612	15600	1
2083	95	Picture	20	1827083	0	2	4145	3	0	4000	other	0
2083	95	Pulse	5	1844611	17528	2
2083	96	Picture	20	1845154	0	1	4145	2	0	4000	other	0
2083	97	Picture	20	1863225	0	1	4145	2	0	4000	other	0
2083	97	Pulse	5	1864601	1376	2
2083	98	Picture	21	1881296	0	1	4144	2	0	4000	hit	204
2083	98	Pulse	5	1884600	3304	2
2083	98	Response	1	1886680	5384	2
2083	99	Picture	20	1899366	0	2	4145	3	0	4000	other	0
2083	99	Pulse	5	1904600	5234	2
2083	100	Picture	20	1917437	0	1	4145	2	0	4000	other	0
2083	100	Pulse	5	1924590	7153	1
2083	101	Picture	21	1935508	0	1	4145	2	0	4000	hit	210
2083	101	Response	1	1940589	5081	2
2083	101	Pulse	5	1944589	9081	2
2083	102	Picture	20	1953579	0	1	4144	3	0	4000	other	0
2083	102	Pulse	5	1964589	11010	2
2083	103	Picture	20	1971650	0	1	4144	2	0	4000	other	0
2083	103	Pulse	5	1984579	12929	1
2083	104	Pulse	5	2004578	14858	2
2083	105	Picture	10	2014754	0	1	4145	2	0	4000	other	0
2083	105	Pulse	5	2024578	9824	2
2083	106	Picture	10	2032825	0	1	4144	3	0	4000	other	0
2083	106	Pulse	5	2044567	11742	2
2083	107	Picture	11	2050896	0	1	4144	3	0	4000	hit	222
2083	107	Response	1	2054807	3911	2
2083	107	Pulse	5	2064567	13671	2
2083	108	Picture	10	2068966	0	2	4145	3	0	4000	other	0
2083	108	Pulse	5	2084567	15601	1
2083	109	Picture	11	2087037	0	1	4145	2	0	4000	hit	227
2083	109	Response	1	2090637	3600	1
2083	109	Pulse	5	2104556	17519	2
2083	110	Picture	10	2105108	0	1	4145	2	0	4000	other	0
2083	111	Picture	10	2123179	0	1	4144	3	0	4000	other	0
2083	111	Pulse	5	2124556	1377	2
2083	112	Picture	11	2141250	0	1	4144	2	0	4000	hit	233
2083	112	Response	1	2144556	3306	1
2083	112	Pulse	5	2144556	3306	1
2083	113	Picture	10	2159320	0	2	4145	3	0	4000	other	0
2083	113	Pulse	5	2164545	5225	2
2083	114	Picture	10	2177391	0	1	4145	2	0	4000	other	0
2083	114	Pulse	5	2184545	7154	2
2083	115	Picture	10	2195462	0	1	4145	2	0	4000	other	0
2083	115	Pulse	5	2204544	9082	2
2083	116	Picture	10	2213533	0	1	4144	2	0	4000	other	0
2083	116	Pulse	5	2224534	11001	2
2083	117	Picture	10	2231603	0	2	4145	3	0	4000	other	0
2083	117	Pulse	5	2244534	12931	1
2083	118	Picture	11	2249674	0	1	4145	2	0	4000	hit	246
2083	118	Response	1	2253014	3340	1
2083	118	Pulse	5	2264533	14859	2
2083	119	Picture	10	2267745	0	1	4145	2	0	4000	other	0
2083	119	Pulse	5	2284523	16778	2
2083	120	Picture	10	2285816	0	1	4144	3	0	4000	other	0
2083	121	Pulse	5	2304523	637	1
2083	121	Pulse	5	2324522	20636	2
2083	122	Picture	30	2328920	0	2	4145	3	0	4000	other	0
2083	122	Pulse	5	2344512	15592	2
2083	123	Picture	30	2346991	0	1	4145	2	0	4000	other	0
2083	123	Pulse	5	2364511	17520	2
2083	124	Picture	30	2365062	0	1	4144	3	0	4000	other	0
2083	125	Picture	31	2383133	0	1	4144	3	0	4000	hit	260
2083	125	Pulse	5	2384511	1378	2
2083	125	Response	1	2387071	3938	2
2083	126	Picture	31	2401204	0	1	4144	2	0	4000	hit	263
2083	126	Pulse	5	2404501	3297	1
2083	126	Response	1	2405621	4417	1
2083	127	Picture	30	2419274	0	1	4145	2	0	4000	other	0
2083	127	Pulse	5	2424500	5226	2
2083	128	Picture	30	2437345	0	1	4145	2	0	4000	other	0
2083	128	Pulse	5	2444500	7155	2
2083	129	Picture	30	2455416	0	1	4144	3	0	4000	other	0
2083	129	Pulse	5	2464490	9074	1
2083	130	Picture	31	2473487	0	1	4144	3	0	4000	hit	271
2083	130	Response	1	2478089	4602	2
2083	130	Pulse	5	2484489	11002	2
2083	131	Picture	30	2491557	0	2	4145	3	0	4000	other	0
2083	131	Pulse	5	2504489	12932	2
2083	132	Picture	30	2509628	0	1	4145	2	0	4000	other	0
2083	132	Pulse	5	2524478	14850	2
2083	133	Picture	30	2527699	0	1	4145	2	0	4000	other	0
2083	133	Pulse	5	2544478	16779	2
2083	134	Picture	30	2545770	0	1	4144	3	0	4000	other	0
2083	135	Picture	31	2563840	0	2	4145	3	0	4000	hit	282
2083	135	Pulse	5	2564478	638	1
2083	135	Response	1	2567358	3518	1
2083	136	Picture	30	2581911	0	2	4145	3	0	4000	other	0
2083	136	Pulse	5	2584467	2556	2
2083	137	Picture	30	2599982	0	1	4145	2	0	4000	false_alarm	287
2083	137	Pulse	5	2604467	4485	2
2083	137	Response	1	2609907	9925	2
