Scenario - 1-back
Logfile written - 09/19/2014 15:35:02

Subject	Trial	Event Type	Code	Time	TTime	Uncertainty	Duration	Uncertainty	ReqTime	ReqDur	Stim Type	Pair Index

2083	1	Pulse	5	99797	109631	2
2083	2	Pulse	5	119796	19880	2
2083	3	Picture	10	124950	0	1	4143	7	0	4000	other	0
2083	3	Pulse	5	139796	14846	2
2083	4	Picture	10	143021	0	1	4144	3	0	4000	other	0
2083	4	Pulse	5	159786	16765	1
2083	5	Picture	11	161091	0	2	4145	3	0	4000	hit	8
2083	5	Response	1	164265	3174	2
2083	6	Picture	10	179162	0	1	4145	2	0	4000	other	0
2083	6	Pulse	5	179785	623	2
2083	7	Picture	11	197233	0	1	4145	2	0	4000	hit	13
2083	7	Pulse	5	199785	2552	2
2083	7	Response	1	201705	4472	2
2083	8	Picture	10	215304	0	1	4144	3	0	4000	other	0
2083	8	Pulse	5	219774	4470	2
2083	9	Picture	10	233374	0	2	4145	3	0	4000	other	0
2083	9	Pulse	5	239774	6400	2
2083	10	Picture	10	251445	0	2	4145	3	0	4000	other	0
2083	10	Pulse	5	259774	8329	1
2083	11	Picture	11	269516	0	1	4145	2	0	4000	hit	21
2083	11	Response	1	273213	3697	2
2083	11	Pulse	5	279763	10247	2
2083	12	Picture	10	287587	0	1	4145	2	0	4000	other	0
2083	12	Pulse	5	299763	12176	2
2083	13	Picture	10	305658	0	1	4144	3	0	4000	other	0
2083	13	Pulse	5	319763	14105	1
2083	14	Picture	11	323729	0	1	4144	2	0	4000	hit	28
2083	14	Response	1	327762	4033	2
2083	14	Pulse	5	339752	16023	2
2083	15	Picture	10	341799	0	2	4145	3	0	4000	other	0
2083	15	Pulse	5	359752	17953	2
2083	16	Picture	10	359870	0	1	4145	2	0	4000	other	0
2083	17	Picture	10	377941	0	1	4145	2	0	4000	other	0
2083	17	Pulse	5	379751	1810	2
2083	18	Picture	10	396012	0	1	4144	2	0	4000	other	0
2083	18	Pulse	5	399741	3729	2
2083	19	Pulse	5	419741	5659	1
2083	20	Picture	20	439116	0	1	4145	2	0	4000	other	0
2083	20	Pulse	5	439740	624	2
2083	21	Picture	20	457187	0	1	4145	2	0	4000	other	0
2083	21	Pulse	5	459730	2543	2
2083	22	Picture	21	475258	0	1	4145	2	0	4000	hit	43
2083	22	Response	1	479250	3992	1
2083	22	Pulse	5	479730	4472	1
2083	23	Picture	20	493329	0	1	4144	2	0	4000	other	0
2083	23	Pulse	5	499729	6400	2
2083	24	Picture	20	511399	0	2	4145	3	0	4000	other	0
2083	24	Pulse	5	519719	8320	2
2083	25	Picture	20	529470	0	1	4145	2	0	4000	other	0
2083	25	Pulse	5	539718	10248	2
2083	26	Picture	21	547541	0	1	4145	2	0	4000	hit	52
2083	26	Response	1	551878	4337	2
2083	26	Pulse	5	559718	12177	2
2083	27	Picture	20	565612	0	1	4144	3	0	4000	other	0
2083	27	Pulse	5	579708	14096	1
2083	28	Picture	20	583683	0	1	4144	3	0	4000	other	0
2083	28	Pulse	5	599707	16024	2
2083	29	Picture	20	601753	0	2	4145	3	0	4000	other	0
2083	29	Pulse	5	619707	17954	2
2083	30	Picture	20	619824	0	1	4145	2	0	4000	other	0
2083	31	Picture	20	637895	0	1	4145	2	0	4000	other	0
2083	31	Pulse	5	639697	1802	1
2083	32	Picture	21	655966	0	1	4144	3	0	4000	hit	64
2083	32	Response	1	659696	3730	2
2083	32	Pulse	5	659696	3730	2
2083	33	Picture	20	674036	0	2	4145	3	0	4000	other	0
2083	33	Pulse	5	679696	5660	2
2083	34	Picture	20	692107	0	2	4145	3	0	4000	other	0
2083	34	Pulse	5	699685	7578	2
2083	35	Picture	21	710178	0	1	4145	2	0	4000	hit	71
2083	35	Response	1	713765	3587	2
2083	35	Pulse	5	719685	9507	2
2083	36	Pulse	5	739685	11436	1
2083	37	Picture	10	753283	0	1	4144	3	0	4000	other	0
2083	37	Pulse	5	759675	6392	1
2083	38	Picture	10	771353	0	2	4145	3	0	4000	other	0
2083	38	Pulse	5	779674	8321	2
2083	39	Picture	11	789424	0	2	4145	3	0	4000	hit	79
2083	39	Response	1	793274	3850	1
2083	39	Pulse	5	799674	10250	1
2083	40	Picture	10	807495	0	1	4145	2	0	4000	other	0
2083	40	Pulse	5	819663	12168	2
2083	41	Picture	11	825566	0	1	4145	2	0	4000	hit	84
2083	41	Response	1	829583	4017	2
2083	41	Pulse	5	839663	14097	2
2083	42	Picture	10	843637	0	1	4144	3	0	4000	other	0
2083	42	Pulse	5	859662	16025	2
2083	43	Picture	10	861707	0	2	4145	3	0	4000	other	0
2083	43	Pulse	5	879652	17945	2
2083	44	Picture	10	879778	0	2	4145	3	0	4000	other	0
2083	45	Picture	11	897849	0	1	4145	2	0	4000	hit	93
2083	45	Pulse	5	899652	1803	1
2083	45	Response	1	901412	3563	1
2083	46	Picture	10	915920	0	1	4144	3	0	4000	other	0
2083	46	Pulse	5	919651	3731	2
2083	47	Picture	10	933990	0	2	4145	3	0	4000	other	0
2083	47	Pulse	5	939641	5651	2
2083	48	Picture	11	952061	0	2	4145	3	0	4000	hit	99
2083	48	Response	1	956441	4380	1
2083	48	Pulse	5	959641	7580	1
2083	49	Picture	10	970132	0	1	4145	2	0	4000	other	0
2083	49	Pulse	5	979640	9508	2
2083	50	Picture	10	988203	0	1	4145	2	0	4000	other	0
2083	50	Pulse	5	999630	11427	2
2083	51	Picture	10	1006274	0	1	4144	3	0	4000	other	0
2083	51	Pulse	5	1019629	13355	2
2083	52	Picture	10	1024345	0	1	4144	2	0	4000	other	0
2083	52	Pulse	5	1039629	15284	2
2083	53	Pulse	5	1059619	17204	1
2083	54	Picture	30	1067449	0	1	4145	2	0	4000	other	0
2083	54	Pulse	5	1079778	12329	2
2083	55	Picture	30	1085520	0	1	4145	2	0	4000	other	0
2083	55	Pulse	5	1099778	14258	2
2083	56	Picture	31	1103591	0	1	4144	3	0	4000	hit	115
2083	56	Response	1	1109698	6107	1
2083	56	Pulse	5	1119768	16177	1
2083	57	Picture	30	1121662	0	1	4144	2	0	4000	other	0
2083	58	Picture	30	1139732	0	2	4145	3	0	4000	other	0
2083	58	Pulse	5	1139767	35	2
2083	59	Picture	30	1157803	0	1	4145	2	0	4000	other	0
2083	59	Pulse	5	1159767	1964	2
2083	60	Picture	31	1175874	0	1	4145	2	0	4000	miss	0
2083	60	Pulse	5	1179756	3882	2
2083	61	Picture	31	1193945	0	1	4144	3	0	4000	miss	0
2083	61	Pulse	5	1199756	5811	2
2083	62	Picture	30	1212015	0	2	4145	3	0	4000	false_alarm	128
2083	62	Pulse	5	1219756	7741	1
2083	62	Response	1	1222956	10941	1
2083	63	Picture	30	1230086	0	1	4145	2	0	4000	other	0
2083	63	Pulse	5	1239745	9659	2
2083	64	Picture	30	1248157	0	1	4145	2	0	4000	other	0
2083	64	Pulse	5	1259745	11588	2
2083	65	Picture	31	1266228	0	1	4145	2	0	4000	hit	134
2083	65	Response	1	1273025	6797	1
2083	65	Pulse	5	1279745	13517	1
2083	66	Picture	30	1284299	0	1	4144	3	0	4000	other	0
2083	66	Pulse	5	1299734	15435	2
2083	67	Picture	30	1302369	0	2	4145	3	0	4000	other	0
2083	67	Pulse	5	1319734	17365	2
2083	68	Picture	30	1320440	0	1	4145	2	0	4000	other	0
2083	69	Picture	30	1338511	0	1	4145	2	0	4000	other	0
2083	69	Pulse	5	1339733	1222	2
2083	70	Pulse	5	1359724	3142	1
2083	70	Pulse	5	1379723	23141	1
2083	71	Picture	10	1381616	0	1	4144	3	0	4000	other	0
2083	72	Picture	10	1399686	0	2	4145	3	0	4000	other	0
2083	72	Pulse	5	1399722	36	2
2083	73	Picture	11	1417757	0	1	4145	2	0	4000	hit	150
2083	73	Pulse	5	1419712	1955	2
2083	73	Response	1	1421792	4035	2
2083	74	Picture	10	1435828	0	1	4145	2	0	4000	other	0
2083	74	Pulse	5	1439712	3884	1
2083	75	Picture	11	1453899	0	1	4145	2	0	4000	hit	154
2083	75	Response	1	1458591	4692	2
2083	75	Pulse	5	1459711	5812	2
2083	76	Picture	10	1471970	0	1	4144	3	0	4000	other	0
2083	76	Pulse	5	1479701	7731	2
2083	77	Picture	10	1490040	0	2	4145	3	0	4000	other	0
2083	77	Pulse	5	1499700	9660	2
2083	78	Picture	11	1508111	0	1	4145	2	0	4000	hit	161
2083	78	Response	1	1512020	3909	2
2083	78	Pulse	5	1519700	11589	2
2083	79	Picture	10	1526182	0	1	4145	2	0	4000	other	0
2083	79	Pulse	5	1539690	13508	1
2083	80	Picture	10	1544253	0	1	4144	3	0	4000	other	0
2083	80	Pulse	5	1559689	15436	2
2083	81	Picture	10	1562324	0	1	4144	2	0	4000	other	0
2083	81	Pulse	5	1579689	17365	2
2083	82	Picture	10	1580394	0	2	4145	3	0	4000	other	0
2083	83	Picture	10	1598465	0	1	4145	2	0	4000	other	0
2083	83	Pulse	5	1599679	1214	1
2083	84	Picture	11	1616536	0	1	4145	2	0	4000	hit	174
2083	84	Pulse	5	1619678	3142	2
2083	84	Response	1	1620478	3942	2
2083	85	Picture	10	1634607	0	1	4144	3	0	4000	other	0
2083	85	Pulse	5	1639678	5071	2
2083	86	Picture	10	1652678	0	1	4144	2	0	4000	other	0
2083	86	Pulse	5	1659667	6989	2
2083	87	Pulse	5	1679667	8919	2
2083	88	Picture	20	1695782	0	1	4145	2	0	4000	other	0
2083	88	Pulse	5	1699667	3885	1
2083	89	Picture	20	1713853	0	1	4145	2	0	4000	other	0
2083	89	Pulse	5	1719656	5803	2
2083	90	Picture	20	1731924	0	1	4144	3	0	4000	other	0
2083	90	Pulse	5	1739657	7733	1
2083	91	Picture	21	1749994	0	2	4145	3	0	4000	hit	187
2083	91	Response	1	1753576	3582	2
2083	91	Pulse	5	1759656	9662	1
2083	92	Picture	20	1768065	0	1	4145	2	0	4000	other	0
2083	92	Pulse	5	1779645	11580	2
2083	93	Picture	20	1786136	0	1	4145	2	0	4000	other	0
2083	93	Pulse	5	1799645	13509	2
2083	94	Picture	21	1804207	0	1	4145	2	0	4000	hit	194
2083	94	Response	1	1808125	3918	1
2083	94	Pulse	5	1819644	15437	2
2083	95	Picture	20	1822278	0	1	4144	2	0	4000	other	0
2083	95	Pulse	5	1839634	17356	2
2083	96	Picture	20	1840348	0	2	4145	3	0	4000	other	0
2083	97	Picture	20	1858419	0	1	4145	2	0	4000	other	0
2083	97	Pulse	5	1859634	1215	1
2083	98	Picture	21	1876490	0	1	4145	2	0	4000	hit	202
2083	98	Response	1	1879633	3143	2
2083	98	Pulse	5	1879633	3143	2
2083	99	Picture	20	1894561	0	1	4144	3	0	4000	other	0
2083	99	Pulse	5	1899623	5062	2
2083	100	Picture	20	1912632	0	1	4144	2	0	4000	other	0
2083	100	Pulse	5	1919623	6991	1
2083	101	Picture	21	1930702	0	2	4145	3	0	4000	hit	209
2083	101	Response	1	1934342	3640	2
2083	101	Pulse	5	1939622	8920	2
2083	102	Picture	20	1948773	0	1	4145	2	0	4000	other	0
2083	102	Pulse	5	1959612	10839	2
2083	103	Picture	20	1966844	0	1	4145	2	0	4000	other	0
2083	103	Pulse	5	1979612	12768	1
2083	104	Pulse	5	1999611	14696	2
2083	105	Picture	10	2009949	0	1	4144	2	0	4000	other	0
2083	105	Pulse	5	2019601	9652	1
2083	106	Picture	10	2028019	0	2	4145	3	0	4000	other	0
2083	106	Pulse	5	2039600	11581	2
2083	107	Picture	11	2046090	0	1	4145	2	0	4000	hit	221
2083	107	Response	1	2050480	4390	2
2083	107	Pulse	5	2059600	13510	2
2083	108	Picture	10	2064161	0	1	4145	2	0	4000	other	0
2083	108	Pulse	5	2079589	15428	2
2083	109	Picture	11	2082232	0	1	4144	3	0	4000	hit	226
2083	109	Response	1	2086469	4237	2
2083	109	Pulse	5	2099589	17357	2
2083	110	Picture	10	2100303	0	1	4144	2	0	4000	other	0
2083	111	Picture	10	2118373	0	2	4145	3	0	4000	other	0
2083	111	Pulse	5	2119749	1376	1
2083	112	Picture	11	2136444	0	1	4145	2	0	4000	hit	232
2083	112	Response	1	2139738	3294	2
2083	112	Pulse	5	2139738	3294	2
2083	113	Picture	10	2154515	0	1	4145	2	0	4000	other	0
2083	113	Pulse	5	2159738	5223	2
2083	114	Picture	10	2172586	0	1	4144	3	0	4000	other	0
2083	114	Pulse	5	2179738	7152	1
2083	115	Picture	10	2190657	0	1	4144	2	0	4000	other	0
2083	115	Pulse	5	2199727	9070	2
2083	116	Picture	10	2208727	0	2	4145	3	0	4000	other	0
2083	116	Pulse	5	2219727	11000	2
2083	117	Picture	10	2226798	0	1	4145	2	0	4000	other	0
2083	117	Pulse	5	2239726	12928	2
2083	118	Picture	11	2244869	0	1	4144	3	0	4000	hit	245
2083	118	Response	1	2248196	3327	2
2083	118	Pulse	5	2259717	14848	1
2083	119	Picture	10	2262940	0	1	4144	3	0	4000	other	0
2083	119	Pulse	5	2279716	16776	2
2083	120	Picture	10	2281010	0	2	4145	3	0	4000	other	0
2083	121	Pulse	5	2299715	634	2
2083	121	Pulse	5	2319706	20625	1
2083	122	Picture	30	2324115	0	1	4145	2	0	4000	other	0
2083	122	Pulse	5	2339705	15590	1
2083	123	Picture	30	2342186	0	1	4144	3	0	4000	other	0
2083	123	Pulse	5	2359704	17518	2
2083	124	Picture	30	2360257	0	1	4144	3	0	4000	other	0
2083	125	Picture	31	2378328	0	1	4144	2	0	4000	miss	0
2083	125	Pulse	5	2379694	1366	2
2083	126	Picture	31	2396398	0	1	4145	2	0	4000	hit	261
2083	126	Pulse	5	2399693	3295	2
2083	126	Response	1	2400653	4255	2
2083	127	Picture	30	2414469	0	1	4145	2	0	4000	other	0
2083	127	Pulse	5	2419693	5224	2
2083	128	Picture	30	2432540	0	1	4145	2	0	4000	other	0
2083	128	Pulse	5	2439683	7143	1
2083	129	Picture	30	2450611	0	1	4144	2	0	4000	other	0
2083	129	Pulse	5	2459682	9071	2
2083	130	Picture	31	2468681	0	2	4145	3	0	4000	hit	269
2083	130	Response	1	2472962	4281	2
2083	130	Pulse	5	2479682	11001	2
2083	131	Picture	30	2486752	0	1	4145	2	0	4000	other	0
2083	131	Pulse	5	2499672	12920	1
2083	132	Picture	30	2504823	0	1	4145	2	0	4000	other	0
2083	132	Pulse	5	2519671	14848	2
2083	133	Picture	30	2522894	0	1	4144	3	0	4000	other	0
2083	133	Pulse	5	2539671	16777	2
2083	134	Picture	30	2540965	0	1	4144	2	0	4000	other	0
2083	135	Picture	31	2559035	0	2	4145	3	0	4000	hit	280
2083	135	Pulse	5	2559661	626	1
2083	135	Response	1	2562541	3506	1
2083	136	Picture	30	2577106	0	1	4145	2	0	4000	other	0
2083	136	Pulse	5	2579660	2554	2
2083	137	Picture	30	2595177	0	1	4145	2	0	4000	other	0
2083	137	Pulse	5	2599660	4483	1
