Scenario - 1-back
Logfile written - 08/08/2014 14:58:51

Subject	Trial	Event Type	Code	Time	TTime	Uncertainty	Duration	Uncertainty	ReqTime	ReqDur	Stim Type	Pair Index

2085	1	Pulse	5	127914	136919	1
2085	2	Pulse	5	147913	19814	2
2085	3	Picture	10	153630	0	1	4145	2	0	4000	other	0
2085	3	Pulse	5	167912	14282	2
2085	4	Picture	10	171701	0	1	4145	2	0	4000	other	0
2085	4	Pulse	5	187902	16201	2
2085	5	Picture	11	189772	0	1	4144	2	0	4000	hit	8
2085	5	Response	1	194462	4690	2
2085	6	Picture	10	207842	0	2	4145	3	0	4000	other	0
2085	6	Pulse	5	207901	59	2
2085	7	Picture	11	225913	0	1	4145	2	0	4000	hit	13
2085	7	Pulse	5	227901	1988	2
2085	7	Response	1	230142	4229	1
2085	8	Picture	10	243984	0	1	4144	3	0	4000	other	0
2085	8	Pulse	5	247891	3907	1
2085	9	Picture	10	262220	0	1	4145	2	0	4000	other	0
2085	9	Pulse	5	267890	5670	2
2085	10	Picture	10	280291	0	1	4145	2	0	4000	other	0
2085	10	Pulse	5	287890	7599	1
2085	11	Picture	11	298362	0	1	4144	3	0	4000	hit	21
2085	11	Response	1	302919	4557	2
2085	11	Pulse	5	307879	9517	2
2085	12	Picture	10	316432	0	2	4145	3	0	4000	other	0
2085	12	Pulse	5	327879	11447	2
2085	13	Picture	10	334503	0	1	4145	2	0	4000	other	0
2085	13	Pulse	5	347878	13375	2
2085	14	Picture	11	352574	0	1	4144	3	0	4000	hit	28
2085	14	Response	1	356998	4424	2
2085	14	Pulse	5	367868	15294	2
2085	15	Picture	10	370644	0	2	4145	3	0	4000	other	0
2085	15	Pulse	5	387867	17223	2
2085	16	Picture	10	388715	0	1	4145	2	0	4000	other	0
2085	17	Picture	10	406786	0	1	4145	2	0	4000	other	0
2085	17	Pulse	5	407867	1081	2
2085	18	Picture	10	424857	0	1	4144	2	0	4000	other	0
2085	18	Pulse	5	427857	3000	1
2085	19	Pulse	5	447857	4930	1
2085	19	Pulse	5	467856	24929	2
2085	20	Picture	20	467961	0	1	4145	2	0	4000	other	0
2085	21	Picture	20	486032	0	1	4144	3	0	4000	other	0
2085	21	Pulse	5	487845	1813	2
2085	22	Picture	21	504102	0	2	4145	3	0	4000	hit	44
2085	22	Pulse	5	507845	3743	2
2085	22	Response	1	508325	4223	2
2085	23	Picture	20	522173	0	1	4145	2	0	4000	other	0
2085	23	Pulse	5	527844	5671	2
2085	24	Picture	20	540244	0	1	4144	3	0	4000	other	0
2085	24	Pulse	5	547834	7590	2
2085	25	Picture	20	558315	0	1	4144	2	0	4000	other	0
2085	25	Pulse	5	567834	9519	1
2085	26	Picture	21	576385	0	2	4145	3	0	4000	hit	52
2085	26	Response	1	581113	4728	2
2085	26	Pulse	5	587833	11448	2
2085	27	Picture	20	594456	0	1	4145	2	0	4000	other	0
2085	27	Pulse	5	607823	13367	1
2085	28	Picture	20	612527	0	1	4144	2	0	4000	other	0
2085	28	Pulse	5	627822	15295	2
2085	29	Picture	20	630597	0	2	4145	3	0	4000	other	0
2085	29	Pulse	5	647822	17225	2
2085	30	Picture	20	648668	0	1	4145	2	0	4000	other	0
2085	31	Picture	20	666739	0	1	4144	3	0	4000	false_alarm	63
2085	31	Pulse	5	667811	1072	2
2085	31	Response	1	676131	9392	2
2085	32	Picture	21	684809	0	2	4145	3	0	4000	miss	0
2085	32	Pulse	5	687811	3002	2
2085	33	Picture	20	702880	0	1	4145	2	0	4000	other	0
2085	33	Pulse	5	707810	4930	2
2085	34	Picture	20	720951	0	1	4145	2	0	4000	other	0
2085	34	Pulse	5	727800	6849	2
2085	35	Picture	21	739022	0	1	4144	3	0	4000	hit	71
2085	35	Response	1	744120	5098	1
2085	35	Pulse	5	747800	8778	1
2085	36	Pulse	5	767800	10708	1
2085	37	Picture	10	782126	0	1	4145	2	0	4000	other	0
2085	37	Pulse	5	787789	5663	2
2085	38	Picture	10	800197	0	1	4144	3	0	4000	other	0
2085	38	Pulse	5	807788	7591	2
2085	39	Picture	11	818267	0	2	4145	3	0	4000	hit	79
2085	39	Response	1	822988	4721	2
2085	39	Pulse	5	827788	9521	2
2085	40	Picture	10	836338	0	1	4145	2	0	4000	other	0
2085	40	Pulse	5	847777	11439	2
2085	41	Picture	11	854409	0	1	4145	2	0	4000	hit	84
2085	41	Response	1	858977	4568	2
2085	41	Pulse	5	867777	13368	2
2085	42	Picture	10	872480	0	1	4144	2	0	4000	other	0
2085	42	Pulse	5	887777	15297	1
2085	43	Picture	10	890550	0	1	4145	2	0	4000	other	0
2085	43	Pulse	5	907766	17216	2
2085	44	Picture	10	908621	0	1	4145	2	0	4000	other	0
2085	45	Picture	11	926692	0	1	4144	3	0	4000	hit	93
2085	45	Pulse	5	927766	1074	1
2085	45	Response	1	931126	4434	1
2085	46	Picture	10	944762	0	2	4145	3	0	4000	other	0
2085	46	Pulse	5	947765	3003	2
2085	47	Picture	10	962833	0	1	4145	2	0	4000	other	0
2085	47	Pulse	5	967755	4922	2
2085	48	Picture	11	980904	0	1	4144	3	0	4000	hit	99
2085	48	Response	1	985994	5090	2
2085	48	Pulse	5	987754	6850	2
2085	49	Picture	10	998974	0	2	4145	3	0	4000	other	0
2085	49	Pulse	5	1007754	8780	2
2085	50	Picture	10	1017045	0	1	4145	2	0	4000	other	0
2085	50	Pulse	5	1027743	10698	2
2085	51	Picture	10	1035116	0	1	4145	2	0	4000	other	0
2085	51	Pulse	5	1047743	12627	2
2085	52	Picture	10	1053187	0	1	4144	3	0	4000	other	0
2085	52	Pulse	5	1067743	14556	1
2085	53	Pulse	5	1087732	16475	2
2085	54	Picture	30	1096291	0	1	4145	2	0	4000	other	0
2085	54	Pulse	5	1107732	11441	2
2085	55	Picture	30	1114362	0	1	4145	2	0	4000	other	0
2085	55	Pulse	5	1127731	13369	2
2085	56	Picture	31	1132433	0	1	4144	2	0	4000	hit	115
2085	56	Response	1	1138281	5848	2
2085	56	Pulse	5	1147721	15288	2
2085	57	Picture	30	1150503	0	1	4145	2	0	4000	other	0
2085	57	Pulse	5	1167880	17377	2
2085	58	Picture	30	1168574	0	1	4145	2	0	4000	other	0
2085	59	Picture	30	1186645	0	1	4144	3	0	4000	other	0
2085	59	Pulse	5	1187880	1235	2
2085	60	Picture	31	1204715	0	2	4145	3	0	4000	hit	124
2085	60	Pulse	5	1207869	3154	2
2085	60	Response	1	1213629	8914	2
2085	61	Picture	31	1222786	0	1	4145	2	0	4000	miss	0
2085	61	Pulse	5	1227869	5083	2
2085	62	Picture	30	1240857	0	1	4144	3	0	4000	other	0
2085	62	Pulse	5	1247869	7012	1
2085	63	Picture	30	1258927	0	2	4145	3	0	4000	other	0
2085	63	Pulse	5	1267859	8932	1
2085	64	Picture	30	1276998	0	2	4145	3	0	4000	other	0
2085	64	Pulse	5	1287858	10860	2
2085	65	Picture	31	1295069	0	1	4145	2	0	4000	hit	134
2085	65	Response	1	1306257	11188	2
2085	65	Pulse	5	1307857	12788	2
2085	66	Picture	30	1313140	0	1	4144	3	0	4000	other	0
2085	66	Pulse	5	1327847	14707	2
2085	67	Picture	30	1331210	0	2	4145	3	0	4000	other	0
2085	67	Pulse	5	1347846	16636	2
2085	68	Picture	30	1349281	0	1	4145	2	0	4000	other	0
2085	69	Picture	30	1367352	0	1	4144	3	0	4000	other	0
2085	69	Pulse	5	1367846	494	2
2085	70	Pulse	5	1387836	2414	1
2085	70	Pulse	5	1407836	22414	1
2085	71	Picture	10	1410456	0	1	4145	2	0	4000	other	0
2085	71	Pulse	5	1427835	17379	1
2085	72	Picture	10	1428527	0	1	4145	2	0	4000	other	0
2085	73	Picture	11	1446598	0	1	4144	3	0	4000	hit	150
2085	73	Pulse	5	1447824	1226	2
2085	73	Response	1	1451664	5066	2
2085	74	Picture	10	1464668	0	2	4145	3	0	4000	other	0
2085	74	Pulse	5	1467824	3156	2
2085	75	Picture	11	1482739	0	1	4145	2	0	4000	hit	154
2085	75	Response	1	1487823	5084	2
2085	75	Pulse	5	1487823	5084	2
2085	76	Picture	10	1500810	0	1	4144	3	0	4000	other	0
2085	76	Pulse	5	1507814	7004	1
2085	77	Picture	10	1518881	0	1	4144	2	0	4000	other	0
2085	77	Pulse	5	1527812	8931	2
2085	78	Picture	11	1536951	0	1	4145	2	0	4000	hit	161
2085	78	Response	1	1541572	4621	2
2085	78	Pulse	5	1547812	10861	2
2085	79	Picture	10	1555022	0	1	4145	2	0	4000	other	0
2085	79	Pulse	5	1567802	12780	1
2085	80	Picture	10	1573093	0	1	4144	3	0	4000	other	0
2085	80	Pulse	5	1587801	14708	2
2085	81	Picture	10	1591163	0	2	4145	3	0	4000	other	0
2085	81	Pulse	5	1607801	16638	2
2085	82	Picture	10	1609234	0	1	4145	2	0	4000	other	0
2085	83	Picture	10	1627305	0	1	4144	3	0	4000	other	0
2085	83	Pulse	5	1627790	485	2
2085	84	Picture	11	1645376	0	1	4144	2	0	4000	hit	174
2085	84	Pulse	5	1647790	2414	2
2085	84	Response	1	1649870	4494	2
2085	85	Picture	10	1663446	0	1	4145	2	0	4000	other	0
2085	85	Pulse	5	1667789	4343	2
2085	86	Picture	10	1681517	0	1	4145	2	0	4000	other	0
2085	86	Pulse	5	1687780	6263	1
2085	87	Pulse	5	1707779	8191	1
2085	88	Picture	20	1724621	0	2	4145	3	0	4000	other	0
2085	88	Pulse	5	1727778	3157	2
2085	89	Picture	20	1742692	0	1	4145	2	0	4000	other	0
2085	89	Pulse	5	1747768	5076	1
2085	90	Picture	20	1760763	0	1	4144	3	0	4000	other	0
2085	90	Pulse	5	1767767	7004	2
2085	91	Picture	21	1778834	0	1	4144	2	0	4000	hit	187
2085	91	Response	1	1783127	4293	2
2085	91	Pulse	5	1787767	8933	2
2085	92	Picture	20	1796904	0	1	4145	2	0	4000	other	0
2085	92	Pulse	5	1807756	10852	2
2085	93	Picture	20	1814975	0	1	4145	2	0	4000	other	0
2085	93	Pulse	5	1827756	12781	2
2085	94	Picture	21	1833046	0	1	4144	2	0	4000	hit	194
2085	94	Response	1	1837996	4950	2
2085	94	Pulse	5	1847755	14709	2
2085	95	Picture	20	1851116	0	2	4145	3	0	4000	other	0
2085	95	Pulse	5	1867746	16630	1
2085	96	Picture	20	1869187	0	1	4145	2	0	4000	other	0
2085	97	Picture	20	1887258	0	1	4144	3	0	4000	other	0
2085	97	Pulse	5	1887745	487	1
2085	98	Picture	21	1905329	0	1	4144	2	0	4000	hit	203
2085	98	Pulse	5	1907744	2415	2
2085	98	Response	1	1910944	5615	2
2085	99	Picture	20	1923399	0	1	4145	2	0	4000	other	0
2085	99	Pulse	5	1927734	4335	2
2085	100	Picture	20	1941470	0	1	4145	2	0	4000	other	0
2085	100	Pulse	5	1947733	6263	2
2085	101	Picture	21	1959541	0	1	4144	3	0	4000	hit	209
2085	101	Response	1	1966133	6592	2
2085	101	Pulse	5	1967733	8192	2
2085	102	Picture	20	1977611	0	2	4145	3	0	4000	other	0
2085	102	Pulse	5	1987722	10111	2
2085	103	Picture	20	1995682	0	1	4145	2	0	4000	other	0
2085	103	Pulse	5	2007722	12040	2
2085	104	Pulse	5	2027722	13969	1
2085	105	Picture	10	2038787	0	1	4144	2	0	4000	other	0
2085	105	Pulse	5	2047711	8924	2
2085	106	Picture	10	2056857	0	1	4145	2	0	4000	other	0
2085	106	Pulse	5	2067711	10854	1
2085	107	Picture	11	2074928	0	1	4145	2	0	4000	hit	221
2085	107	Response	1	2079551	4623	1
2085	107	Pulse	5	2087700	12772	3
2085	108	Picture	10	2092999	0	1	4144	3	0	4000	other	0
2085	108	Pulse	5	2107700	14701	2
2085	109	Picture	11	2111069	0	2	4145	3	0	4000	hit	226
2085	109	Response	1	2116020	4951	1
2085	109	Pulse	5	2127699	16630	3
2085	110	Picture	10	2129140	0	1	4145	2	0	4000	other	0
2085	111	Picture	10	2147211	0	1	4145	2	0	4000	other	0
2085	111	Pulse	5	2147699	488	3
2085	112	Picture	11	2165282	0	1	4144	3	0	4000	hit	233
2085	112	Pulse	5	2167688	2406	2
2085	112	Response	1	2169928	4646	2
2085	113	Picture	10	2183352	0	2	4145	3	0	4000	other	0
2085	113	Pulse	5	2187688	4336	2
2085	114	Picture	10	2201423	0	1	4145	2	0	4000	other	0
2085	114	Pulse	5	2207848	6425	1
2085	115	Picture	10	2219494	0	1	4144	3	0	4000	other	0
2085	115	Pulse	5	2227838	8344	1
2085	116	Picture	10	2237564	0	2	4145	3	0	4000	other	0
2085	116	Pulse	5	2247837	10273	1
2085	117	Picture	10	2255635	0	1	4145	2	0	4000	other	0
2085	117	Pulse	5	2267836	12201	2
2085	118	Picture	11	2273706	0	1	4144	3	0	4000	hit	245
2085	118	Response	1	2278546	4840	2
2085	118	Pulse	5	2287826	14120	2
2085	119	Picture	10	2291777	0	1	4144	2	0	4000	other	0
2085	119	Pulse	5	2307825	16048	2
2085	120	Picture	10	2309847	0	2	4145	3	0	4000	other	0
2085	120	Pulse	5	2327825	17978	2
2085	121	Pulse	5	2347815	19897	1
2085	122	Picture	30	2352952	0	1	4144	3	0	4000	other	0
2085	122	Pulse	5	2367815	14863	1
2085	123	Picture	30	2371022	0	2	4145	3	0	4000	other	0
2085	123	Pulse	5	2387814	16792	1
2085	124	Picture	30	2389093	0	1	4145	2	0	4000	other	0
2085	125	Picture	31	2407164	0	1	4145	2	0	4000	hit	259
2085	125	Pulse	5	2407803	639	2
2085	125	Response	1	2412443	5279	2
2085	126	Picture	31	2425235	0	1	4144	3	0	4000	miss	0
2085	126	Pulse	5	2427803	2568	2
2085	127	Picture	30	2443305	0	2	4145	3	0	4000	other	0
2085	127	Pulse	5	2447802	4497	2
2085	128	Picture	30	2461376	0	1	4145	2	0	4000	other	0
2085	128	Pulse	5	2467792	6416	2
2085	129	Picture	30	2479447	0	1	4144	3	0	4000	other	0
2085	129	Pulse	5	2487791	8344	2
2085	130	Picture	31	2497518	0	1	4144	2	0	4000	hit	269
2085	130	Response	1	2501711	4193	2
2085	130	Pulse	5	2507791	10273	2
2085	131	Picture	30	2515588	0	1	4145	2	0	4000	other	0
2085	131	Pulse	5	2527781	12193	1
2085	132	Picture	30	2533659	0	1	4145	2	0	4000	other	0
2085	132	Pulse	5	2547780	14121	2
2085	133	Picture	30	2551730	0	1	4144	2	0	4000	other	0
2085	133	Pulse	5	2567780	16050	1
2085	134	Picture	30	2569800	0	2	4145	3	0	4000	other	0
2085	134	Pulse	5	2587769	17969	2
2085	135	Picture	31	2587871	0	1	4145	2	0	4000	hit	280
2085	135	Response	1	2596729	8858	2
2085	136	Picture	30	2605942	0	1	4145	2	0	4000	other	0
2085	136	Pulse	5	2607769	1827	2
2085	137	Picture	30	2624013	0	1	4144	2	0	4000	other	0
2085	137	Pulse	5	2627768	3755	2
