Scenario - 1-back
Logfile written - 08/08/2014 15:08:26

Subject	Trial	Event Type	Code	Time	TTime	Uncertainty	Duration	Uncertainty	ReqTime	ReqDur	Stim Type	Pair Index

2085	1	Pulse	5	122853	132687	1
2085	2	Pulse	5	142842	19882	2
2085	3	Picture	10	147994	0	1	4144	3	0	4000	other	0
2085	3	Pulse	5	162842	14848	1
2085	4	Picture	10	166064	0	2	4145	3	0	4000	other	0
2085	4	Pulse	5	182841	16777	2
2085	5	Picture	11	184135	0	1	4145	2	0	4000	hit	8
2085	5	Response	1	188441	4306	2
2085	6	Picture	10	202206	0	1	4144	3	0	4000	other	0
2085	6	Pulse	5	202831	625	1
2085	7	Picture	11	220277	0	1	4144	2	0	4000	hit	13
2085	7	Pulse	5	222830	2553	2
2085	7	Response	1	224270	3993	2
2085	8	Picture	10	238347	0	1	4145	2	0	4000	other	0
2085	8	Pulse	5	242830	4483	2
2085	9	Picture	10	256418	0	1	4145	2	0	4000	other	0
2085	9	Pulse	5	262820	6402	1
2085	10	Picture	10	274489	0	1	4144	3	0	4000	other	0
2085	10	Pulse	5	282820	8331	1
2085	11	Picture	11	292559	0	2	4145	3	0	4000	hit	21
2085	11	Response	1	296579	4020	1
2085	11	Pulse	5	302819	10260	1
2085	12	Picture	10	310630	0	1	4145	2	0	4000	other	0
2085	12	Pulse	5	322809	12179	1
2085	13	Picture	10	328701	0	1	4145	2	0	4000	other	0
2085	13	Pulse	5	342808	14107	2
2085	14	Picture	11	346772	0	1	4144	2	0	4000	hit	28
2085	14	Response	1	351287	4515	2
2085	14	Pulse	5	362807	16035	2
2085	15	Picture	10	364842	0	2	4145	3	0	4000	other	0
2085	15	Pulse	5	382797	17955	2
2085	16	Picture	10	382913	0	1	4145	2	0	4000	other	0
2085	17	Picture	10	400984	0	1	4144	3	0	4000	other	0
2085	17	Pulse	5	402796	1812	2
2085	18	Picture	10	419055	0	1	4144	2	0	4000	other	0
2085	18	Pulse	5	422797	3742	1
2085	19	Pulse	5	442785	5660	2
2085	20	Picture	20	462159	0	1	4145	2	0	4000	other	0
2085	20	Pulse	5	462785	626	2
2085	21	Picture	20	480230	0	1	4144	3	0	4000	other	0
2085	21	Pulse	5	482785	2555	1
2085	22	Picture	21	498300	0	2	4145	3	0	4000	hit	43
2085	22	Response	1	502774	4474	2
2085	22	Pulse	5	502774	4474	2
2085	23	Picture	20	516371	0	1	4145	2	0	4000	other	0
2085	23	Pulse	5	522774	6403	1
2085	24	Picture	20	534442	0	1	4145	2	0	4000	other	0
2085	24	Pulse	5	542933	8491	2
2085	25	Picture	20	552512	0	2	4145	3	0	4000	other	0
2085	25	Pulse	5	562923	10411	2
2085	26	Picture	21	570583	0	2	4145	3	0	4000	hit	52
2085	26	Response	1	575562	4979	2
2085	26	Pulse	5	582922	12339	2
2085	27	Picture	20	588654	0	1	4145	2	0	4000	other	0
2085	27	Pulse	5	602922	14268	2
2085	28	Picture	20	606725	0	1	4144	3	0	4000	other	0
2085	28	Pulse	5	622911	16186	2
2085	29	Picture	20	624796	0	1	4144	2	0	4000	other	0
2085	30	Picture	20	642866	0	2	4145	3	0	4000	other	0
2085	30	Pulse	5	642912	46	1
2085	31	Picture	20	660937	0	1	4145	2	0	4000	other	0
2085	31	Pulse	5	662911	1974	1
2085	32	Picture	21	679008	0	1	4144	3	0	4000	hit	65
2085	32	Pulse	5	682900	3892	2
2085	32	Response	1	684820	5812	2
2085	33	Picture	20	697078	0	2	4145	3	0	4000	other	0
2085	33	Pulse	5	702900	5822	1
2085	34	Picture	20	715149	0	2	4145	3	0	4000	other	0
2085	34	Pulse	5	722899	7750	2
2085	35	Picture	21	733220	0	1	4145	2	0	4000	hit	71
2085	35	Response	1	739370	6150	1
2085	35	Pulse	5	742889	9669	2
2085	36	Pulse	5	762888	11597	2
2085	37	Picture	10	776324	0	2	4145	3	0	4000	other	0
2085	37	Pulse	5	782888	6564	2
2085	38	Picture	10	794395	0	1	4145	2	0	4000	other	0
2085	38	Pulse	5	802877	8482	2
2085	39	Picture	11	812466	0	1	4144	3	0	4000	hit	79
2085	39	Response	1	816637	4171	2
2085	39	Pulse	5	822877	10411	2
2085	40	Picture	10	830536	0	2	4145	3	0	4000	other	0
2085	40	Pulse	5	842877	12341	2
2085	41	Picture	11	848607	0	2	4145	3	0	4000	hit	84
2085	41	Response	1	852626	4019	2
2085	41	Pulse	5	862867	14260	1
2085	42	Picture	10	866678	0	1	4145	2	0	4000	other	0
2085	42	Pulse	5	882866	16188	2
2085	43	Picture	10	884748	0	2	4145	4	0	4000	other	0
2085	44	Picture	10	902819	0	2	4145	3	0	4000	other	0
2085	44	Pulse	5	902865	46	2
2085	45	Picture	11	920890	0	1	4145	2	0	4000	hit	93
2085	45	Pulse	5	922855	1965	2
2085	45	Response	1	925095	4205	2
2085	46	Picture	10	938961	0	1	4145	2	0	4000	other	0
2085	46	Pulse	5	942854	3893	2
2085	47	Picture	10	957032	0	1	4144	2	0	4000	other	0
2085	47	Pulse	5	962854	5822	2
2085	48	Picture	11	975102	0	1	4145	2	0	4000	hit	99
2085	48	Response	1	979164	4062	2
2085	48	Pulse	5	982844	7742	1
2085	49	Picture	10	993173	0	1	4145	2	0	4000	other	0
2085	49	Pulse	5	1002843	9670	2
2085	50	Picture	10	1011244	0	1	4144	3	0	4000	other	0
2085	50	Pulse	5	1022843	11599	1
2085	51	Picture	10	1029314	0	2	4145	3	0	4000	other	0
2085	51	Pulse	5	1042832	13518	2
2085	52	Picture	10	1047385	0	1	4145	2	0	4000	other	0
2085	52	Pulse	5	1062833	15448	1
2085	53	Pulse	5	1082831	17375	2
2085	54	Picture	30	1090490	0	1	4144	3	0	4000	other	0
2085	54	Pulse	5	1102822	12332	1
2085	55	Picture	30	1108560	0	2	4145	4	0	4000	other	0
2085	55	Pulse	5	1122821	14261	1
2085	56	Picture	31	1126631	0	1	4145	2	0	4000	miss	0
2085	56	Pulse	5	1142820	16189	2
2085	57	Picture	30	1144702	0	1	4145	2	0	4000	other	0
2085	58	Picture	30	1162773	0	1	4144	3	0	4000	other	0
2085	58	Pulse	5	1162810	37	1
2085	59	Picture	30	1180843	0	2	4145	3	0	4000	other	0
2085	59	Pulse	5	1182809	1966	2
2085	60	Picture	31	1198914	0	1	4145	2	0	4000	hit	123
2085	60	Pulse	5	1202809	3895	2
2085	60	Response	1	1204729	5815	1
2085	61	Picture	31	1216985	0	1	4144	3	0	4000	miss	0
2085	61	Pulse	5	1222798	5813	2
2085	62	Picture	30	1235056	0	1	4144	2	0	4000	other	0
2085	62	Pulse	5	1242798	7742	2
2085	63	Picture	30	1253126	0	1	4145	2	0	4000	other	0
2085	63	Pulse	5	1262797	9671	2
2085	64	Picture	30	1271197	0	1	4145	2	0	4000	other	0
2085	64	Pulse	5	1282787	11590	2
2085	65	Picture	31	1289268	0	1	4144	3	0	4000	hit	134
2085	65	Pulse	5	1302787	13519	1
2085	65	Response	1	1305346	16078	2
2085	66	Picture	30	1307338	0	2	4145	3	0	4000	other	0
2085	66	Pulse	5	1322786	15448	2
2085	67	Picture	30	1325409	0	1	4145	2	0	4000	other	0
2085	67	Pulse	5	1342776	17367	2
2085	68	Picture	30	1343480	0	1	4145	2	0	4000	other	0
2085	69	Picture	30	1361551	0	1	4144	2	0	4000	other	0
2085	69	Pulse	5	1362775	1224	2
2085	70	Pulse	5	1382775	3154	2
2085	70	Pulse	5	1402765	23144	1
2085	71	Picture	10	1404655	0	1	4145	2	0	4000	other	0
2085	72	Picture	10	1422726	0	1	4144	3	0	4000	other	0
2085	72	Pulse	5	1422764	38	2
2085	73	Picture	11	1440797	0	1	4144	2	0	4000	hit	149
2085	73	Pulse	5	1442764	1967	1
2085	73	Response	1	1445163	4366	2
2085	74	Picture	10	1458867	0	1	4145	2	0	4000	other	0
2085	74	Pulse	5	1462753	3886	2
2085	75	Picture	11	1476938	0	1	4145	2	0	4000	hit	153
2085	75	Response	1	1481313	4375	1
2085	75	Pulse	5	1482753	5815	1
2085	76	Picture	10	1495009	0	1	4144	3	0	4000	other	0
2085	76	Pulse	5	1502752	7743	2
2085	77	Picture	10	1513079	0	2	4145	3	0	4000	other	0
2085	77	Pulse	5	1522742	9663	2
2085	78	Picture	11	1531150	0	1	4145	2	0	4000	hit	160
2085	78	Response	1	1535061	3911	2
2085	78	Pulse	5	1542742	11592	1
2085	79	Picture	10	1549221	0	1	4145	2	0	4000	other	0
2085	79	Pulse	5	1562741	13520	2
2085	80	Picture	10	1567292	0	1	4144	3	0	4000	other	0
2085	80	Pulse	5	1582890	15598	2
2085	81	Picture	10	1585362	0	1	4145	2	0	4000	other	0
2085	81	Pulse	5	1602890	17528	2
2085	82	Picture	10	1603433	0	1	4145	2	0	4000	other	0
2085	83	Picture	10	1621504	0	1	4144	3	0	4000	other	0
2085	83	Pulse	5	1622890	1386	1
2085	84	Picture	11	1639574	0	2	4145	4	0	4000	hit	173
2085	84	Pulse	5	1642879	3305	2
2085	84	Response	1	1643999	4425	2
2085	85	Picture	10	1657645	0	1	4145	2	0	4000	other	0
2085	85	Pulse	5	1662879	5234	1
2085	86	Picture	10	1675716	0	1	4145	2	0	4000	other	0
2085	86	Pulse	5	1682878	7162	2
2085	87	Pulse	5	1702868	9081	2
2085	88	Picture	20	1718820	0	2	4145	3	0	4000	other	0
2085	88	Pulse	5	1722867	4047	2
2085	89	Picture	20	1736891	0	1	4145	2	0	4000	other	0
2085	89	Pulse	5	1742867	5976	2
2085	90	Picture	20	1754962	0	1	4144	3	0	4000	other	0
2085	90	Pulse	5	1762856	7894	2
2085	91	Picture	21	1773033	0	1	4144	2	0	4000	hit	186
2085	91	Response	1	1776937	3904	1
2085	91	Pulse	5	1782856	9823	2
2085	92	Picture	20	1791103	0	2	4145	3	0	4000	other	0
2085	92	Pulse	5	1802856	11753	1
2085	93	Picture	20	1809174	0	1	4145	2	0	4000	other	0
2085	93	Pulse	5	1822845	13671	2
2085	94	Picture	21	1827245	0	1	4144	3	0	4000	hit	193
2085	94	Response	1	1831645	4400	2
2085	94	Pulse	5	1842845	15600	2
2085	95	Picture	20	1845316	0	1	4144	2	0	4000	other	0
2085	95	Pulse	5	1862844	17528	2
2085	96	Picture	20	1863386	0	1	4145	2	0	4000	other	0
2085	97	Picture	20	1881457	0	1	4145	2	0	4000	other	0
2085	97	Pulse	5	1882834	1377	2
2085	98	Picture	21	1899528	0	1	4144	2	0	4000	hit	202
2085	98	Pulse	5	1902833	3305	2
2085	98	Response	1	1904433	4905	2
2085	99	Picture	20	1917598	0	2	4145	3	0	4000	other	0
2085	99	Pulse	5	1922833	5235	2
2085	100	Picture	20	1935669	0	1	4145	2	0	4000	other	0
2085	100	Pulse	5	1942823	7154	1
2085	101	Picture	21	1953740	0	1	4145	2	0	4000	hit	208
2085	101	Response	1	1958022	4282	2
2085	101	Pulse	5	1962822	9082	2
2085	102	Picture	20	1971811	0	1	4144	2	0	4000	other	0
2085	102	Pulse	5	1982822	11011	1
2085	103	Picture	20	1989881	0	2	4145	3	0	4000	other	0
2085	103	Pulse	5	2002811	12930	2
2085	104	Pulse	5	2022811	14859	2
2085	105	Picture	10	2032986	0	1	4144	3	0	4000	other	0
2085	105	Pulse	5	2042810	9824	2
2085	106	Picture	10	2051056	0	2	4145	3	0	4000	other	0
2085	106	Pulse	5	2062800	11744	2
2085	107	Picture	11	2069127	0	1	4145	2	0	4000	hit	220
2085	107	Response	1	2073520	4393	2
2085	107	Pulse	5	2082800	13673	1
2085	108	Picture	10	2087198	0	1	4145	2	0	4000	other	0
2085	108	Pulse	5	2102799	15601	2
2085	109	Picture	11	2105269	0	1	4144	3	0	4000	hit	225
2085	109	Response	1	2110469	5200	2
2085	109	Pulse	5	2122789	17520	1
2085	110	Picture	10	2123339	0	2	4145	3	0	4000	other	0
2085	111	Picture	10	2141410	0	1	4145	2	0	4000	other	0
2085	111	Pulse	5	2142788	1378	2
2085	112	Picture	11	2159481	0	1	4144	3	0	4000	hit	232
2085	112	Pulse	5	2162788	3307	2
2085	112	Response	1	2163578	4097	2
2085	113	Picture	10	2177552	0	1	4144	2	0	4000	other	0
2085	113	Pulse	5	2182777	5225	2
2085	114	Picture	10	2195622	0	2	4145	3	0	4000	other	0
2085	114	Pulse	5	2202777	7155	2
2085	115	Picture	10	2213693	0	1	4145	2	0	4000	other	0
2085	115	Pulse	5	2222776	9083	2
2085	116	Picture	10	2231764	0	1	4144	3	0	4000	other	0
2085	116	Pulse	5	2242766	11002	2
2085	117	Picture	10	2249834	0	2	4145	3	0	4000	other	0
2085	117	Pulse	5	2262766	12932	1
2085	118	Picture	11	2267905	0	1	4145	2	0	4000	hit	244
2085	118	Response	1	2272685	4780	2
2085	118	Pulse	5	2282765	14860	2
2085	119	Picture	10	2285976	0	1	4144	3	0	4000	other	0
2085	119	Pulse	5	2302755	16779	1
2085	120	Picture	10	2304047	0	1	4144	3	0	4000	other	0
2085	121	Pulse	5	2322755	638	1
2085	121	Pulse	5	2342744	20627	2
2085	122	Picture	30	2347151	0	1	4145	2	0	4000	other	0
2085	122	Pulse	5	2362743	15592	2
2085	123	Picture	30	2365222	0	1	4145	2	0	4000	other	0
2085	123	Pulse	5	2382743	17521	2
2085	124	Picture	30	2383293	0	1	4144	2	0	4000	other	0
2085	125	Picture	31	2401363	0	2	4145	3	0	4000	hit	258
2085	125	Pulse	5	2402733	1370	1
2085	125	Response	1	2406572	5209	2
2085	126	Picture	31	2419434	0	1	4145	2	0	4000	miss	0
2085	126	Pulse	5	2422733	3299	1
2085	127	Picture	30	2437505	0	1	4144	3	0	4000	other	0
2085	127	Pulse	5	2442732	5227	1
2085	128	Picture	30	2455575	0	2	4145	3	0	4000	other	0
2085	128	Pulse	5	2462722	7147	1
2085	129	Picture	30	2473646	0	1	4145	2	0	4000	other	0
2085	129	Pulse	5	2482721	9075	2
2085	130	Picture	31	2491717	0	1	4145	2	0	4000	hit	268
2085	130	Response	1	2502240	10523	2
2085	130	Pulse	5	2502721	11004	1
2085	131	Picture	30	2509788	0	1	4144	2	0	4000	other	0
2085	131	Pulse	5	2522710	12922	2
2085	132	Picture	30	2527858	0	2	4145	3	0	4000	other	0
2085	132	Pulse	5	2542709	14851	2
2085	133	Picture	30	2545929	0	1	4145	2	0	4000	other	0
2085	133	Pulse	5	2562709	16780	2
2085	134	Picture	30	2564000	0	1	4145	2	0	4000	other	0
2085	135	Picture	31	2582070	0	2	4145	3	0	4000	hit	279
2085	135	Pulse	5	2582698	628	2
2085	135	Response	1	2588298	6228	2
2085	136	Picture	30	2600141	0	1	4145	2	0	4000	other	0
2085	136	Pulse	5	2602698	2557	2
2085	137	Picture	30	2618212	0	1	4145	2	0	4000	other	0
2085	137	Pulse	5	2622858	4646	1
