Scenario - 1-back
Logfile written - 08/08/2014 15:13:18

Subject	Trial	Event Type	Code	Time	TTime	Uncertainty	Duration	Uncertainty	ReqTime	ReqDur	Stim Type	Pair Index

2085	1	Pulse	5	128941	138775	3
2085	2	Pulse	5	148931	19837	2
2085	3	Picture	10	154128	0	1	4144	3	0	4000	other	0
2085	3	Pulse	5	168930	14802	2
2085	4	Picture	10	172199	0	1	4144	2	0	4000	other	0
2085	4	Pulse	5	188930	16731	2
2085	5	Picture	11	190269	0	1	4145	2	0	4000	hit	8
2085	5	Response	1	194370	4101	2
2085	6	Picture	10	208340	0	1	4145	2	0	4000	other	0
2085	6	Pulse	5	208920	580	1
2085	7	Picture	11	226411	0	1	4144	3	0	4000	hit	13
2085	7	Pulse	5	228919	2508	2
2085	7	Response	1	230360	3949	1
2085	8	Picture	10	244481	0	2	4145	3	0	4000	other	0
2085	8	Pulse	5	248919	4438	1
2085	9	Picture	10	262552	0	1	4145	2	0	4000	other	0
2085	9	Pulse	5	268908	6356	2
2085	10	Picture	10	280623	0	1	4144	3	0	4000	other	0
2085	10	Pulse	5	288908	8285	2
2085	11	Picture	11	298694	0	1	4144	2	0	4000	hit	21
2085	11	Response	1	302827	4133	2
2085	11	Pulse	5	308907	10213	2
2085	12	Picture	10	316764	0	1	4145	2	0	4000	other	0
2085	12	Pulse	5	328897	12133	2
2085	13	Picture	10	334835	0	1	4145	2	0	4000	other	0
2085	13	Pulse	5	348897	14062	1
2085	14	Picture	11	352906	0	1	4144	3	0	4000	hit	28
2085	14	Response	1	357056	4150	2
2085	14	Pulse	5	368896	15990	2
2085	15	Picture	10	370976	0	2	4145	3	0	4000	other	0
2085	15	Pulse	5	388886	17910	1
2085	16	Picture	10	389047	0	1	4145	2	0	4000	other	0
2085	17	Picture	10	407118	0	1	4145	2	0	4000	other	0
2085	17	Pulse	5	408885	1767	2
2085	18	Picture	10	425189	0	1	4144	2	0	4000	other	0
2085	18	Pulse	5	428885	3696	2
2085	19	Pulse	5	448874	5615	2
2085	20	Picture	30	468293	0	1	4145	2	0	4000	other	0
2085	20	Pulse	5	468874	581	2
2085	21	Picture	30	486364	0	1	4144	3	0	4000	other	0
2085	21	Pulse	5	488873	2509	2
2085	22	Picture	31	504434	0	2	4145	3	0	4000	hit	43
2085	22	Response	1	508863	4429	2
2085	22	Pulse	5	508863	4429	2
2085	23	Picture	30	522505	0	1	4145	2	0	4000	other	0
2085	23	Pulse	5	528863	6358	1
2085	24	Picture	30	540576	0	1	4145	2	0	4000	other	0
2085	24	Pulse	5	548862	8286	2
2085	25	Picture	30	558647	0	1	4144	3	0	4000	other	0
2085	25	Pulse	5	568852	10205	1
2085	26	Picture	31	576717	0	2	4145	3	0	4000	hit	53
2085	26	Pulse	5	588851	12134	2
2085	26	Response	1	590451	13734	2
2085	27	Picture	31	594788	0	1	4145	2	0	4000	miss	0
2085	27	Pulse	5	608851	14063	2
2085	28	Picture	30	612859	0	1	4144	3	0	4000	other	0
2085	28	Pulse	5	628841	15982	1
2085	29	Picture	30	630930	0	1	4144	2	0	4000	other	0
2085	29	Pulse	5	648840	17910	2
2085	30	Picture	30	649000	0	2	4145	3	0	4000	other	0
2085	31	Picture	31	667071	0	1	4145	2	0	4000	hit	63
2085	31	Pulse	5	668839	1768	2
2085	31	Response	1	672039	4968	2
2085	32	Picture	30	685142	0	1	4144	3	0	4000	other	0
2085	32	Pulse	5	688829	3687	2
2085	33	Picture	30	703212	0	2	4145	3	0	4000	other	0
2085	33	Pulse	5	708829	5617	1
2085	34	Picture	30	721283	0	1	4145	2	0	4000	other	0
2085	34	Pulse	5	728828	7545	2
2085	35	Picture	30	739354	0	1	4145	2	0	4000	other	0
2085	35	Pulse	5	748818	9464	2
2085	36	Pulse	5	768817	11392	2
2085	37	Picture	10	782458	0	2	4145	3	0	4000	other	0
2085	37	Pulse	5	788817	6359	2
2085	38	Picture	10	800529	0	1	4145	2	0	4000	other	0
2085	38	Pulse	5	808806	8277	2
2085	39	Picture	11	818600	0	1	4144	3	0	4000	hit	78
2085	39	Response	1	822566	3966	2
2085	39	Pulse	5	828806	10206	2
2085	40	Picture	10	836670	0	2	4145	3	0	4000	other	0
2085	40	Pulse	5	848806	12136	1
2085	41	Picture	11	854741	0	1	4145	2	0	4000	hit	83
2085	41	Response	1	859195	4454	2
2085	41	Pulse	5	868795	14054	2
2085	42	Picture	10	872812	0	1	4145	2	0	4000	other	0
2085	42	Pulse	5	888795	15983	1
2085	43	Picture	10	890883	0	1	4144	3	0	4000	other	0
2085	43	Pulse	5	908794	17911	2
2085	44	Picture	10	908953	0	2	4145	3	0	4000	other	0
2085	45	Picture	11	927024	0	2	4145	3	0	4000	hit	92
2085	45	Pulse	5	928944	1920	2
2085	45	Response	1	931184	4160	2
2085	46	Picture	10	945095	0	1	4145	2	0	4000	other	0
2085	46	Pulse	5	948943	3848	2
2085	47	Picture	10	963166	0	1	4144	2	0	4000	other	0
2085	47	Pulse	5	968943	5777	2
2085	48	Picture	11	981236	0	2	4145	3	0	4000	hit	98
2085	48	Response	1	986213	4977	1
2085	48	Pulse	5	988932	7696	2
2085	49	Picture	10	999307	0	1	4145	2	0	4000	other	0
2085	49	Pulse	5	1008932	9625	2
2085	50	Picture	10	1017378	0	1	4144	3	0	4000	other	0
2085	50	Pulse	5	1028932	11554	1
2085	51	Picture	10	1035448	0	2	4145	3	0	4000	other	0
2085	51	Pulse	5	1048921	13473	2
2085	52	Picture	10	1053519	0	1	4145	2	0	4000	other	0
2085	52	Pulse	5	1068921	15402	2
2085	53	Pulse	5	1088920	17330	2
2085	54	Picture	20	1096624	0	1	4144	3	0	4000	other	0
2085	54	Pulse	5	1108908	12284	5
2085	55	Picture	20	1114694	0	2	4145	3	0	4000	other	0
2085	55	Pulse	5	1128909	14215	3
2085	56	Picture	21	1132765	0	1	4144	3	0	4000	hit	114
2085	56	Response	1	1136589	3824	2
2085	56	Pulse	5	1148906	16141	5
2085	57	Picture	20	1150836	0	1	4144	3	0	4000	other	0
2085	57	Pulse	5	1168898	18062	2
2085	58	Picture	20	1168907	0	1	4144	2	0	4000	other	0
2085	59	Picture	20	1186977	0	2	4145	3	0	4000	other	0
2085	59	Pulse	5	1188898	1921	2
2085	60	Picture	21	1205048	0	1	4145	2	0	4000	hit	123
2085	60	Pulse	5	1208898	3850	1
2085	60	Response	1	1209378	4330	1
2085	61	Picture	20	1223119	0	1	4144	3	0	4000	other	0
2085	61	Pulse	5	1228887	5768	2
2085	62	Picture	20	1241189	0	2	4145	3	0	4000	other	0
2085	62	Pulse	5	1248887	7698	2
2085	63	Picture	20	1259260	0	1	4145	2	0	4000	other	0
2085	63	Pulse	5	1268886	9626	2
2085	64	Picture	20	1277331	0	1	4144	3	0	4000	other	0
2085	64	Pulse	5	1288876	11545	2
2085	65	Picture	20	1295402	0	1	4144	2	0	4000	other	0
2085	65	Pulse	5	1308875	13473	2
2085	66	Picture	21	1313472	0	2	4145	3	0	4000	hit	135
2085	66	Response	1	1318795	5323	2
2085	66	Pulse	5	1328875	15403	2
2085	67	Picture	20	1331543	0	1	4145	2	0	4000	other	0
2085	67	Pulse	5	1348865	17322	1
2085	68	Picture	20	1349614	0	1	4144	3	0	4000	other	0
2085	69	Picture	21	1367684	0	2	4145	3	0	4000	hit	142
2085	69	Pulse	5	1368864	1180	2
2085	69	Response	1	1371904	4220	2
2085	70	Pulse	5	1388864	3109	1
2085	70	Pulse	5	1408853	23098	2
2085	71	Picture	10	1410789	0	1	4144	3	0	4000	other	0
2085	71	Pulse	5	1428853	18064	2
2085	72	Picture	10	1428860	0	1	4144	3	0	4000	other	0
2085	73	Picture	11	1446930	0	2	4145	3	0	4000	hit	150
2085	73	Pulse	5	1448852	1922	2
2085	73	Response	1	1451252	4322	2
2085	74	Picture	10	1465001	0	1	4145	2	0	4000	other	0
2085	74	Pulse	5	1468842	3841	2
2085	75	Picture	11	1483072	0	1	4144	3	0	4000	hit	154
2085	75	Response	1	1487082	4010	1
2085	75	Pulse	5	1488842	5770	1
2085	76	Picture	10	1501143	0	1	4144	2	0	4000	other	0
2085	76	Pulse	5	1508841	7698	2
2085	77	Picture	10	1519213	0	2	4145	3	0	4000	other	0
2085	77	Pulse	5	1528831	9618	1
2085	78	Picture	11	1537284	0	1	4144	3	0	4000	hit	161
2085	78	Response	1	1541790	4506	2
2085	78	Pulse	5	1548830	11546	2
2085	79	Picture	10	1555355	0	1	4144	3	0	4000	other	0
2085	79	Pulse	5	1568830	13475	1
2085	80	Picture	10	1573425	0	2	4145	3	0	4000	other	0
2085	80	Pulse	5	1588819	15394	2
2085	81	Picture	10	1591496	0	1	4145	2	0	4000	other	0
2085	81	Pulse	5	1608819	17323	2
2085	82	Picture	10	1609567	0	1	4144	3	0	4000	other	0
2085	83	Picture	10	1627638	0	1	4144	2	0	4000	other	0
2085	83	Pulse	5	1628818	1180	2
2085	84	Picture	11	1645708	0	2	4145	3	0	4000	hit	174
2085	84	Pulse	5	1648808	3100	2
2085	84	Response	1	1650728	5020	2
2085	85	Picture	10	1663779	0	1	4145	2	0	4000	other	0
2085	85	Pulse	5	1668808	5029	1
2085	86	Picture	10	1681850	0	1	4144	3	0	4000	other	0
2085	86	Pulse	5	1688807	6957	2
2085	87	Pulse	5	1708797	8876	1
2085	88	Picture	30	1724954	0	2	4145	3	0	4000	other	0
2085	88	Pulse	5	1728796	3842	2
2085	89	Picture	30	1743025	0	1	4145	2	0	4000	other	0
2085	89	Pulse	5	1748796	5771	2
2085	90	Picture	30	1761096	0	1	4144	3	0	4000	other	0
2085	90	Pulse	5	1768785	7689	2
2085	91	Picture	31	1779166	0	2	4145	3	0	4000	hit	187
2085	91	Response	1	1783505	4339	2
2085	91	Pulse	5	1788785	9619	2
2085	92	Picture	31	1797237	0	1	4145	2	0	4000	miss	0
2085	92	Pulse	5	1808784	11547	2
2085	93	Picture	30	1815308	0	1	4144	3	0	4000	other	0
2085	93	Pulse	5	1828774	13466	2
2085	94	Picture	30	1833379	0	1	4144	3	0	4000	other	0
2085	94	Pulse	5	1848774	15395	1
2085	95	Picture	30	1851449	0	1	4145	2	0	4000	other	0
2085	95	Pulse	5	1868773	17324	2
2085	96	Picture	31	1869520	0	1	4145	2	0	4000	hit	198
2085	96	Response	1	1873883	4363	4
2085	97	Picture	30	1887591	0	1	4144	3	0	4000	other	0
2085	97	Pulse	5	1888763	1172	1
2085	98	Picture	30	1905661	0	2	4145	3	0	4000	other	0
2085	98	Pulse	5	1908762	3101	2
2085	99	Picture	30	1923732	0	1	4145	2	0	4000	other	0
2085	99	Pulse	5	1928762	5030	2
2085	100	Picture	30	1941803	0	1	4145	2	0	4000	other	0
2085	100	Pulse	5	1948751	6948	2
2085	101	Picture	31	1959874	0	1	4144	3	0	4000	hit	208
2085	101	Response	1	1966511	6637	2
2085	101	Pulse	5	1968911	9037	2
2085	102	Picture	30	1977944	0	2	4145	3	0	4000	other	0
2085	102	Pulse	5	1988911	10967	2
2085	103	Picture	30	1996015	0	1	4144	3	0	4000	other	0
2085	103	Pulse	5	2008900	12885	2
2085	104	Pulse	5	2028900	14814	1
2085	105	Picture	10	2039120	0	1	4144	2	0	4000	other	0
2085	105	Pulse	5	2048900	9780	1
2085	106	Picture	10	2057190	0	1	4145	2	0	4000	other	0
2085	106	Pulse	5	2068889	11699	2
2085	107	Picture	11	2075261	0	1	4145	2	0	4000	hit	220
2085	107	Response	1	2079929	4668	1
2085	107	Pulse	5	2088888	13627	2
2085	108	Picture	10	2093332	0	1	4144	3	0	4000	other	0
2085	108	Pulse	5	2108888	15556	2
2085	109	Picture	11	2111402	0	2	4145	3	0	4000	hit	225
2085	109	Response	1	2115598	4196	2
2085	109	Pulse	5	2128877	17475	2
2085	110	Picture	10	2129473	0	1	4145	2	0	4000	other	0
2085	111	Picture	10	2147544	0	1	4145	2	0	4000	other	0
2085	111	Pulse	5	2148877	1333	2
2085	112	Picture	11	2165615	0	1	4144	3	0	4000	hit	232
2085	112	Pulse	5	2168877	3262	1
2085	112	Response	1	2170947	5332	1
2085	113	Picture	10	2183685	0	2	4145	3	0	4000	other	0
2085	113	Pulse	5	2188866	5181	2
2085	114	Picture	10	2201756	0	1	4145	2	0	4000	other	0
2085	114	Pulse	5	2208866	7110	1
2085	115	Picture	10	2219827	0	1	4144	3	0	4000	other	0
2085	115	Pulse	5	2228855	9028	2
2085	116	Picture	10	2237898	0	1	4144	2	0	4000	other	0
2085	116	Pulse	5	2248855	10957	2
2085	117	Picture	10	2255968	0	1	4145	2	0	4000	other	0
2085	117	Pulse	5	2268854	12886	2
2085	118	Picture	11	2274039	0	1	4145	2	0	4000	hit	244
2085	118	Response	1	2278294	4255	2
2085	118	Pulse	5	2288844	14805	2
2085	119	Picture	10	2292110	0	1	4144	3	0	4000	other	0
2085	119	Pulse	5	2308844	16734	1
2085	120	Picture	10	2310180	0	2	4145	3	0	4000	other	0
2085	121	Pulse	5	2328843	592	2
2085	121	Pulse	5	2348833	20582	1
2085	122	Picture	20	2353285	0	1	4145	2	0	4000	other	0
2085	122	Pulse	5	2368832	15547	2
2085	123	Picture	20	2371356	0	1	4144	3	0	4000	other	0
2085	123	Pulse	5	2388832	17476	2
2085	124	Picture	20	2389426	0	2	4145	3	0	4000	other	0
2085	125	Picture	21	2407497	0	1	4145	2	0	4000	hit	258
2085	125	Pulse	5	2408821	1324	2
2085	125	Response	1	2411541	4044	2
2085	126	Picture	20	2425568	0	1	4144	3	0	4000	other	0
2085	126	Pulse	5	2428821	3253	2
2085	127	Picture	20	2443638	0	2	4145	3	0	4000	other	0
2085	127	Pulse	5	2448820	5182	2
2085	128	Picture	21	2461709	0	1	4145	2	0	4000	hit	264
2085	128	Response	1	2466260	4551	2
2085	128	Pulse	5	2468810	7101	2
2085	129	Picture	20	2479780	0	1	4145	2	0	4000	other	0
2085	129	Pulse	5	2488810	9030	1
2085	130	Picture	20	2497851	0	1	4144	2	0	4000	other	0
2085	130	Pulse	5	2508809	10958	2
2085	131	Picture	20	2515921	0	2	4145	3	0	4000	other	0
2085	131	Pulse	5	2528799	12878	1
2085	132	Picture	21	2533992	0	1	4145	2	0	4000	hit	273
2085	132	Response	1	2539198	5206	2
2085	132	Pulse	5	2548798	14806	2
2085	133	Picture	20	2552063	0	1	4145	2	0	4000	other	0
2085	133	Pulse	5	2568798	16735	2
2085	134	Picture	20	2570134	0	1	4144	2	0	4000	other	0
2085	135	Picture	21	2588204	0	1	4145	2	0	4000	hit	280
2085	135	Pulse	5	2588787	583	2
2085	135	Response	1	2593587	5383	2
2085	136	Picture	20	2606275	0	1	4145	2	0	4000	other	0
2085	136	Pulse	5	2608788	2513	1
2085	137	Picture	20	2624346	0	1	4144	3	0	4000	other	0
2085	137	Pulse	5	2628786	4440	2
