Scenario - 1-back
Logfile written - 08/08/2014 15:03:48

Subject	Trial	Event Type	Code	Time	TTime	Uncertainty	Duration	Uncertainty	ReqTime	ReqDur	Stim Type	Pair Index

2085	1	Pulse	5	11175	21009	2
2085	2	Pulse	5	31165	19945	1
2085	3	Picture	10	36254	0	1	4144	2	0	4000	other	0
2085	3	Pulse	5	51164	14910	2
2085	4	Picture	10	54324	0	2	4145	3	0	4000	other	0
2085	4	Pulse	5	71164	16840	2
2085	5	Picture	11	72395	0	1	4145	2	0	4000	hit	8
2085	5	Response	1	76764	4369	1
2085	6	Picture	10	90466	0	1	4144	3	0	4000	other	0
2085	6	Pulse	5	91153	687	2
2085	7	Picture	11	108536	0	2	4145	3	0	4000	hit	13
2085	7	Pulse	5	111153	2617	2
2085	7	Response	1	113393	4857	2
2085	8	Picture	10	126607	0	1	4145	2	0	4000	other	0
2085	8	Pulse	5	131152	4545	2
2085	9	Picture	10	144678	0	1	4144	3	0	4000	other	0
2085	9	Pulse	5	151142	6464	2
2085	10	Picture	10	162749	0	1	4144	3	0	4000	other	0
2085	10	Pulse	5	171142	8393	1
2085	11	Picture	11	180819	0	2	4145	3	0	4000	hit	21
2085	11	Response	1	185381	4562	2
2085	11	Pulse	5	191141	10322	2
2085	12	Picture	10	198890	0	1	4145	2	0	4000	other	0
2085	12	Pulse	5	211131	12241	1
2085	13	Picture	10	216961	0	1	4144	3	0	4000	other	0
2085	13	Pulse	5	231130	14169	2
2085	14	Picture	11	235032	0	1	4144	2	0	4000	hit	28
2085	14	Response	1	238810	3778	2
2085	14	Pulse	5	251130	16098	2
2085	15	Picture	10	253102	0	1	4145	2	0	4000	other	0
2085	15	Pulse	5	271119	18017	2
2085	16	Picture	10	271173	0	1	4145	2	0	4000	other	0
2085	17	Picture	10	289244	0	1	4144	3	0	4000	other	0
2085	17	Pulse	5	291119	1875	2
2085	18	Picture	10	307314	0	2	4145	3	0	4000	other	0
2085	18	Pulse	5	311119	3805	1
2085	19	Pulse	5	331108	5723	2
2085	20	Picture	30	350419	0	1	4145	2	0	4000	other	0
2085	20	Pulse	5	351108	689	1
2085	21	Picture	30	368490	0	1	4144	2	0	4000	other	0
2085	21	Pulse	5	371107	2617	2
2085	22	Picture	31	386560	0	2	4145	3	0	4000	hit	44
2085	22	Pulse	5	391097	4537	2
2085	22	Response	1	391417	4857	2
2085	23	Picture	30	404631	0	1	4144	3	0	4000	other	0
2085	23	Pulse	5	411096	6465	2
2085	24	Picture	30	422702	0	1	4144	3	0	4000	other	0
2085	24	Pulse	5	431096	8394	2
2085	25	Picture	30	440772	0	2	4145	3	0	4000	other	0
2085	25	Pulse	5	451085	10313	2
2085	26	Picture	31	458843	0	1	4145	2	0	4000	miss	0
2085	26	Pulse	5	471085	12242	2
2085	27	Picture	31	476914	0	1	4145	2	0	4000	hit	54
2085	27	Response	1	486125	9211	1
2085	27	Pulse	5	491085	14171	1
2085	28	Picture	30	494985	0	1	4144	2	0	4000	other	0
2085	28	Pulse	5	511074	16089	2
2085	29	Picture	30	513055	0	2	4145	3	0	4000	other	0
2085	29	Pulse	5	531074	18019	2
2085	30	Picture	30	531126	0	1	4145	2	0	4000	other	0
2085	31	Picture	31	549197	0	1	4144	3	0	4000	hit	63
2085	31	Pulse	5	551073	1876	2
2085	31	Response	1	556033	6836	2
2085	32	Picture	30	567267	0	2	4145	4	0	4000	other	0
2085	32	Pulse	5	571063	3796	2
2085	33	Picture	30	585338	0	1	4145	2	0	4000	other	0
2085	33	Pulse	5	591062	5724	2
2085	34	Picture	30	603409	0	1	4145	2	0	4000	other	0
2085	34	Pulse	5	611062	7653	2
2085	35	Picture	30	621480	0	1	4144	2	0	4000	other	0
2085	35	Pulse	5	631052	9572	1
2085	36	Pulse	5	651051	11501	2
2085	37	Picture	10	664584	0	1	4145	2	0	4000	other	0
2085	37	Pulse	5	671051	6467	1
2085	38	Picture	10	682655	0	1	4144	3	0	4000	other	0
2085	38	Pulse	5	691040	8385	2
2085	39	Picture	11	700726	0	1	4144	2	0	4000	hit	78
2085	39	Response	1	704960	4234	2
2085	39	Pulse	5	711040	10314	2
2085	40	Picture	10	718796	0	2	4145	3	0	4000	other	0
2085	40	Pulse	5	731039	12243	2
2085	41	Picture	11	736867	0	1	4145	2	0	4000	hit	83
2085	41	Response	1	741279	4412	2
2085	41	Pulse	5	751029	14162	2
2085	42	Picture	10	754938	0	1	4144	3	0	4000	other	0
2085	42	Pulse	5	771188	16250	2
2085	43	Picture	10	773008	0	2	4145	3	0	4000	other	0
2085	44	Picture	10	791079	0	1	4145	2	0	4000	other	0
2085	44	Pulse	5	791188	109	2
2085	45	Picture	11	809150	0	1	4145	2	0	4000	hit	92
2085	45	Pulse	5	811178	2028	1
2085	45	Response	1	812778	3628	1
2085	46	Picture	10	827221	0	1	4144	3	0	4000	other	0
2085	46	Pulse	5	831177	3956	2
2085	47	Picture	10	845291	0	1	4145	2	0	4000	other	0
2085	47	Pulse	5	851177	5886	1
2085	48	Picture	11	863362	0	1	4145	2	0	4000	hit	98
2085	48	Response	1	867806	4444	2
2085	48	Pulse	5	871166	7804	2
2085	49	Picture	10	881433	0	1	4144	3	0	4000	other	0
2085	49	Pulse	5	891166	9733	2
2085	50	Picture	10	899503	0	2	4145	3	0	4000	other	0
2085	50	Pulse	5	911165	11662	2
2085	51	Picture	10	917574	0	1	4145	2	0	4000	other	0
2085	51	Pulse	5	931155	13581	2
2085	52	Picture	10	935645	0	1	4145	2	0	4000	other	0
2085	52	Pulse	5	951155	15510	1
2085	53	Pulse	5	971154	17438	2
2085	54	Picture	20	978749	0	2	4145	3	0	4000	other	0
2085	54	Pulse	5	991144	12395	1
2085	55	Picture	20	996820	0	1	4145	2	0	4000	other	0
2085	55	Pulse	5	1011143	14323	2
2085	56	Picture	21	1014891	0	1	4144	3	0	4000	hit	114
2085	56	Response	1	1019143	4252	2
2085	56	Pulse	5	1031143	16252	1
2085	57	Picture	20	1032962	0	1	4144	2	0	4000	other	0
2085	58	Picture	20	1051032	0	1	4145	2	0	4000	other	0
2085	58	Pulse	5	1051132	100	2
2085	59	Picture	20	1069103	0	1	4145	2	0	4000	other	0
2085	59	Pulse	5	1071132	2029	2
2085	60	Picture	21	1087174	0	1	4144	3	0	4000	hit	122
2085	60	Response	1	1090811	3637	2
2085	60	Pulse	5	1091131	3957	2
2085	61	Picture	20	1105244	0	2	4145	3	0	4000	other	0
2085	61	Pulse	5	1111121	5877	2
2085	62	Picture	20	1123315	0	1	4145	2	0	4000	other	0
2085	62	Pulse	5	1131121	7806	1
2085	63	Picture	20	1141386	0	1	4145	2	0	4000	other	0
2085	63	Pulse	5	1151120	9734	2
2085	64	Picture	20	1159456	0	2	4145	3	0	4000	other	0
2085	64	Pulse	5	1171110	11654	1
2085	65	Picture	20	1177527	0	2	4145	3	0	4000	other	0
2085	65	Pulse	5	1191109	13582	2
2085	66	Picture	21	1195598	0	1	4145	2	0	4000	hit	135
2085	66	Response	1	1199749	4151	2
2085	66	Pulse	5	1211109	15511	2
2085	67	Picture	20	1213669	0	2	4144	4	0	4000	other	0
2085	67	Pulse	5	1231098	17429	2
2085	68	Picture	20	1231739	0	2	4145	3	0	4000	other	0
2085	69	Picture	21	1249810	0	1	4145	2	0	4000	hit	142
2085	69	Pulse	5	1251098	1288	2
2085	69	Response	1	1253978	4168	2
2085	70	Pulse	5	1271097	3216	2
2085	70	Pulse	5	1291087	23206	2
2085	71	Picture	10	1292915	0	1	4144	3	0	4000	other	0
2085	72	Picture	10	1310985	0	2	4145	3	0	4000	other	0
2085	72	Pulse	5	1311087	102	1
2085	73	Picture	11	1329056	0	1	4144	3	0	4000	miss	0
2085	73	Pulse	5	1331086	2030	2
2085	74	Picture	10	1347127	0	1	4144	3	0	4000	other	0
2085	74	Pulse	5	1351076	3949	2
2085	75	Picture	11	1365198	0	1	4144	2	0	4000	hit	153
2085	75	Response	1	1369475	4277	2
2085	75	Pulse	5	1371075	5877	2
2085	76	Picture	10	1383268	0	1	4145	2	0	4000	other	0
2085	76	Pulse	5	1391075	7807	2
2085	77	Picture	10	1401339	0	1	4145	2	0	4000	other	0
2085	77	Pulse	5	1411064	9725	2
2085	78	Picture	11	1419410	0	1	4144	3	0	4000	miss	0
2085	78	Pulse	5	1431064	11654	2
2085	79	Picture	10	1437480	0	2	4145	3	0	4000	other	0
2085	79	Pulse	5	1451064	13584	1
2085	80	Picture	10	1455551	0	1	4145	2	0	4000	other	0
2085	80	Pulse	5	1471053	15502	2
2085	81	Picture	10	1473622	0	1	4144	3	0	4000	other	0
2085	81	Pulse	5	1491053	17431	1
2085	82	Picture	10	1491693	0	1	4144	2	0	4000	other	0
2085	83	Picture	10	1509763	0	1	4145	2	0	4000	other	0
2085	83	Pulse	5	1511052	1289	2
2085	84	Picture	11	1527834	0	1	4145	2	0	4000	hit	172
2085	84	Pulse	5	1531042	3208	2
2085	84	Response	1	1532002	4168	2
2085	85	Picture	10	1545905	0	1	4144	3	0	4000	other	0
2085	85	Pulse	5	1551041	5136	2
2085	86	Picture	10	1563975	0	2	4145	3	0	4000	other	0
2085	86	Pulse	5	1571041	7066	2
2085	87	Pulse	5	1591030	8984	2
2085	88	Picture	30	1607080	0	1	4145	2	0	4000	other	0
2085	88	Pulse	5	1611030	3950	2
2085	89	Picture	30	1625151	0	1	4144	3	0	4000	other	0
2085	89	Pulse	5	1631030	5879	1
2085	90	Picture	30	1643221	0	2	4145	3	0	4000	other	0
2085	90	Pulse	5	1651019	7798	2
2085	91	Picture	31	1661292	0	1	4145	2	0	4000	hit	185
2085	91	Response	1	1665419	4127	2
2085	91	Pulse	5	1671019	9727	1
2085	92	Picture	31	1679363	0	1	4145	2	0	4000	miss	0
2085	92	Pulse	5	1691018	11655	2
2085	93	Picture	30	1697434	0	1	4144	2	0	4000	other	0
2085	93	Pulse	5	1711008	13574	2
2085	94	Picture	30	1715504	0	1	4145	2	0	4000	other	0
2085	94	Pulse	5	1731007	15503	2
2085	95	Picture	30	1733575	0	1	4145	2	0	4000	other	0
2085	95	Pulse	5	1751008	17433	1
2085	96	Picture	31	1751646	0	1	4144	3	0	4000	hit	196
2085	96	Response	1	1765237	13591	1
2085	97	Picture	30	1769717	0	1	4144	2	0	4000	other	0
2085	97	Pulse	5	1770997	1280	1
2085	98	Picture	30	1787787	0	1	4145	2	0	4000	other	0
2085	98	Pulse	5	1790996	3209	2
2085	99	Picture	30	1805858	0	1	4145	2	0	4000	other	0
2085	99	Pulse	5	1811156	5298	1
2085	100	Picture	30	1823929	0	1	4144	3	0	4000	other	0
2085	100	Pulse	5	1831145	7216	2
2085	101	Picture	31	1841999	0	2	4145	3	0	4000	hit	207
2085	101	Pulse	5	1851145	9146	2
2085	101	Response	1	1852585	10586	1
2085	102	Picture	30	1860070	0	1	4145	2	0	4000	other	0
2085	102	Pulse	5	1871144	11074	2
2085	103	Picture	30	1878141	0	1	4144	3	0	4000	other	0
2085	103	Pulse	5	1891134	12993	2
2085	104	Pulse	5	1911133	14921	2
2085	105	Picture	10	1921245	0	2	4145	3	0	4000	other	0
2085	105	Pulse	5	1931133	9888	2
2085	106	Picture	10	1939316	0	1	4145	2	0	4000	other	0
2085	106	Pulse	5	1951123	11807	1
2085	107	Picture	11	1957387	0	1	4144	3	0	4000	hit	218
2085	107	Response	1	1961362	3975	2
2085	107	Pulse	5	1971122	13735	2
2085	108	Picture	10	1975457	0	2	4145	4	0	4000	other	0
2085	108	Pulse	5	1991122	15665	1
2085	109	Picture	11	1993528	0	1	4145	2	0	4000	hit	223
2085	109	Response	1	1997992	4464	1
2085	109	Pulse	5	2011111	17583	2
2085	110	Picture	10	2011599	0	1	4145	2	0	4000	other	0
2085	111	Picture	10	2029670	0	1	4144	3	0	4000	other	0
2085	111	Pulse	5	2031111	1441	2
2085	112	Picture	11	2047740	0	2	4145	3	0	4000	hit	230
2085	112	Pulse	5	2051111	3371	1
2085	112	Response	1	2052070	4330	2
2085	113	Picture	10	2065811	0	1	4145	2	0	4000	other	0
2085	113	Pulse	5	2071101	5290	1
2085	114	Picture	10	2083882	0	1	4144	3	0	4000	other	0
2085	114	Pulse	5	2091099	7217	2
2085	115	Picture	10	2101953	0	1	4144	2	0	4000	other	0
2085	115	Pulse	5	2111100	9147	1
2085	116	Picture	10	2120023	0	2	4145	3	0	4000	other	0
2085	116	Pulse	5	2131089	11066	1
2085	117	Picture	10	2138094	0	1	4145	2	0	4000	other	0
2085	117	Pulse	5	2151088	12994	2
2085	118	Picture	11	2156165	0	1	4144	3	0	4000	hit	242
2085	118	Response	1	2160208	4043	2
2085	118	Pulse	5	2171088	14923	1
2085	119	Picture	10	2174235	0	2	4145	3	0	4000	other	0
2085	119	Pulse	5	2191077	16842	2
2085	120	Picture	10	2192306	0	1	4145	2	0	4000	other	0
2085	121	Pulse	5	2211077	700	2
2085	121	Pulse	5	2231076	20699	2
2085	122	Picture	20	2235411	0	1	4144	3	0	4000	other	0
2085	122	Pulse	5	2251066	15655	2
2085	123	Picture	20	2253481	0	2	4145	4	0	4000	other	0
2085	123	Pulse	5	2271066	17585	1
2085	124	Picture	20	2271552	0	1	4145	2	0	4000	other	0
2085	125	Picture	21	2289623	0	1	4144	3	0	4000	miss	0
2085	125	Pulse	5	2291065	1442	2
2085	126	Picture	20	2307693	0	2	4145	3	0	4000	other	0
2085	126	Pulse	5	2311055	3362	1
2085	127	Picture	20	2325764	0	1	4145	2	0	4000	other	0
2085	127	Pulse	5	2331054	5290	2
2085	128	Picture	21	2343835	0	1	4145	2	0	4000	hit	261
2085	128	Response	1	2348174	4339	2
2085	128	Pulse	5	2351054	7219	2
2085	129	Picture	20	2361906	0	1	4144	3	0	4000	other	0
2085	129	Pulse	5	2371043	9137	2
2085	130	Picture	20	2379976	0	2	4145	3	0	4000	other	0
2085	130	Pulse	5	2391043	11067	2
2085	131	Picture	20	2398047	0	1	4145	2	0	4000	other	0
2085	131	Pulse	5	2411042	12995	2
2085	132	Picture	21	2416118	0	1	4145	2	0	4000	hit	270
2085	132	Response	1	2420152	4034	2
2085	132	Pulse	5	2431032	14914	2
2085	133	Picture	20	2434189	0	1	4144	2	0	4000	other	0
2085	133	Pulse	5	2451032	16843	1
2085	134	Picture	20	2452259	0	1	4145	2	0	4000	other	0
2085	135	Picture	21	2470330	0	2	4145	3	0	4000	hit	277
2085	135	Pulse	5	2471031	701	2
2085	135	Response	1	2475031	4701	2
2085	136	Picture	20	2488401	0	1	4144	3	0	4000	other	0
2085	136	Pulse	5	2491021	2620	1
2085	137	Picture	20	2506471	0	2	4145	3	0	4000	other	0
2085	137	Pulse	5	2511020	4549	2
