Scenario - 1-back
Logfile written - 06/28/2014 13:04:02

Subject	Trial	Event Type	Code	Time	TTime	Uncertainty	Duration	Uncertainty	ReqTime	ReqDur	Stim Type	Pair Index

2088	1	Pulse	5	97174	107008	2
2088	2	Pulse	5	117173	19910	2
2088	3	Picture	10	122297	0	2	4145	3	0	4000	other	0
2088	3	Pulse	5	137173	14876	2
2088	4	Picture	10	140368	0	1	4145	2	0	4000	other	0
2088	4	Pulse	5	157162	16794	2
2088	5	Picture	11	158439	0	1	4145	2	0	4000	hit	8
2088	5	Response	1	163882	5443	2
2088	6	Picture	10	176510	0	1	4144	3	0	4000	other	0
2088	6	Pulse	5	177162	652	2
2088	7	Picture	11	194580	0	2	4145	3	0	4000	hit	13
2088	7	Pulse	5	197161	2581	2
2088	7	Response	1	199721	5141	2
2088	8	Picture	10	212651	0	1	4145	2	0	4000	other	0
2088	8	Pulse	5	217151	4500	1
2088	9	Picture	10	230722	0	1	4145	2	0	4000	other	0
2088	9	Pulse	5	237150	6428	2
2088	10	Picture	10	248793	0	1	4144	3	0	4000	other	0
2088	10	Pulse	5	257149	8356	2
2088	11	Picture	11	266864	0	1	4144	3	0	4000	miss	0
2088	11	Pulse	5	277139	10275	2
2088	12	Picture	10	284935	0	1	4144	2	0	4000	other	0
2088	12	Pulse	5	297138	12203	3
2088	13	Picture	10	303005	0	2	4145	3	0	4000	other	0
2088	13	Pulse	5	317138	14133	2
2088	14	Picture	11	321076	0	1	4145	2	0	4000	hit	27
2088	14	Response	1	326737	5661	3
2088	14	Pulse	5	337127	16051	2
2088	15	Picture	10	339147	0	1	4145	2	0	4000	other	0
2088	15	Pulse	5	357127	17980	2
2088	16	Picture	10	357217	0	2	4145	4	0	4000	other	0
2088	17	Picture	10	375289	0	1	4144	2	0	4000	other	0
2088	17	Pulse	5	377126	1837	3
2088	18	Picture	10	393359	0	2	4145	3	0	4000	other	0
2088	18	Pulse	5	397275	3916	3
2088	19	Pulse	5	417275	5845	2
2088	20	Picture	30	436464	0	1	4145	2	0	4000	other	0
2088	20	Pulse	5	437274	810	2
2088	21	Picture	30	454535	0	1	4145	2	0	4000	other	0
2088	21	Pulse	5	457264	2729	2
2088	22	Picture	31	472606	0	1	4144	2	0	4000	hit	43
2088	22	Pulse	5	477263	4657	2
2088	22	Response	1	483183	10577	2
2088	23	Picture	30	490676	0	2	4145	3	0	4000	other	0
2088	23	Pulse	5	497263	6587	2
2088	24	Picture	30	508747	0	1	4145	2	0	4000	other	0
2088	24	Pulse	5	517252	8505	2
2088	25	Picture	30	526818	0	1	4145	2	0	4000	other	0
2088	25	Pulse	5	537252	10434	2
2088	26	Picture	31	544888	0	2	4145	4	0	4000	hit	51
2088	26	Response	1	551971	7083	2
2088	26	Pulse	5	557251	12363	2
2088	27	Picture	31	562960	0	1	4144	2	0	4000	hit	54
2088	27	Response	1	574200	11240	2
2088	27	Pulse	5	577240	14280	2
2088	28	Picture	30	581030	0	2	4145	3	0	4000	other	0
2088	28	Pulse	5	597240	16210	2
2088	29	Picture	30	599101	0	1	4144	4	0	4000	other	0
2088	30	Picture	30	617172	0	1	4145	2	0	4000	false_alarm	61
2088	30	Pulse	5	617239	67	2
2088	30	Response	1	626999	9827	2
2088	31	Picture	31	635243	0	1	4145	2	0	4000	miss	0
2088	31	Pulse	5	637228	1985	3
2088	32	Picture	30	653314	0	1	4144	2	0	4000	other	0
2088	32	Pulse	5	657227	3913	3
2088	33	Picture	30	671384	0	2	4145	3	0	4000	false_alarm	67
2088	33	Response	1	676108	4724	1
2088	33	Pulse	5	677228	5844	1
2088	34	Picture	30	689455	0	1	4145	2	0	4000	other	0
2088	34	Pulse	5	697217	7762	2
2088	35	Picture	30	707526	0	1	4145	2	0	4000	false_alarm	73
2088	35	Pulse	5	717216	9690	2
2088	35	Response	1	717536	10010	2
2088	36	Pulse	5	737216	11619	2
2088	37	Picture	10	750631	0	1	4144	3	0	4000	other	0
2088	37	Pulse	5	757205	6574	3
2088	38	Picture	10	768701	0	2	4145	3	0	4000	other	0
2088	38	Pulse	5	777205	8504	2
2088	39	Picture	11	786772	0	2	4145	3	0	4000	hit	80
2088	39	Response	1	793364	6592	3
2088	39	Pulse	5	797204	10432	3
2088	40	Picture	10	804843	0	1	4145	2	0	4000	other	0
2088	40	Pulse	5	817194	12351	2
2088	41	Picture	11	822914	0	2	4145	3	0	4000	hit	85
2088	41	Response	1	827913	4999	3
2088	41	Pulse	5	837193	14279	2
2088	42	Picture	10	840985	0	1	4144	3	0	4000	other	0
2088	42	Pulse	5	857193	16208	1
2088	43	Picture	10	859056	0	1	4144	2	0	4000	other	0
2088	44	Picture	10	877126	0	2	4145	4	0	4000	other	0
2088	44	Pulse	5	877182	56	2
2088	45	Picture	11	895197	0	1	4145	2	0	4000	hit	94
2088	45	Pulse	5	897181	1984	2
2088	45	Response	1	900061	4864	2
2088	46	Picture	10	913268	0	1	4145	2	0	4000	other	0
2088	46	Pulse	5	917181	3913	2
2088	47	Picture	10	931337	0	3	4146	5	0	4000	other	0
2088	47	Pulse	5	937170	5833	2
2088	48	Picture	11	949410	0	1	4144	3	0	4000	miss	0
2088	48	Pulse	5	957170	7760	2
2088	49	Picture	10	967480	0	2	4145	3	0	4000	other	0
2088	49	Pulse	5	977169	9689	2
2088	50	Picture	10	985551	0	1	4145	2	0	4000	other	0
2088	50	Pulse	5	997159	11608	1
2088	51	Picture	10	1003622	0	1	4145	2	0	4000	other	0
2088	51	Pulse	5	1017158	13536	2
2088	52	Picture	10	1021693	0	1	4144	3	0	4000	other	0
2088	52	Pulse	5	1037157	15464	2
2088	53	Pulse	5	1057147	17383	2
2088	54	Picture	20	1064797	0	2	4145	3	0	4000	other	0
2088	54	Pulse	5	1077146	12349	2
2088	55	Picture	20	1082868	0	1	4145	2	0	4000	other	0
2088	55	Pulse	5	1097146	14278	2
2088	56	Picture	21	1100939	0	1	4145	2	0	4000	hit	115
2088	56	Response	1	1109305	8366	2
2088	56	Pulse	5	1117135	16196	2
2088	57	Picture	20	1119010	0	1	4145	2	0	4000	other	0
2088	58	Picture	20	1137081	0	1	4144	2	0	4000	other	0
2088	58	Pulse	5	1137135	54	1
2088	59	Picture	20	1155151	0	2	4145	3	0	4000	other	0
2088	59	Pulse	5	1157134	1983	2
2088	60	Picture	21	1173222	0	3	4145	4	0	4000	hit	124
2088	60	Pulse	5	1177123	3901	2
2088	60	Response	1	1178083	4861	2
2088	61	Picture	20	1191293	0	1	4145	2	0	4000	other	0
2088	61	Pulse	5	1197123	5830	2
2088	62	Picture	20	1209364	0	1	4145	2	0	4000	other	0
2088	62	Pulse	5	1217122	7758	2
2088	63	Picture	20	1227435	0	1	4144	3	0	4000	other	0
2088	63	Pulse	5	1237112	9677	2
2088	64	Picture	20	1245505	0	2	4145	3	0	4000	other	0
2088	64	Pulse	5	1257111	11606	3
2088	65	Picture	20	1263576	0	2	4145	3	0	4000	false_alarm	134
2088	65	Response	1	1268151	4575	2
2088	65	Pulse	5	1277111	13535	2
2088	66	Picture	21	1281647	0	1	4145	2	0	4000	hit	137
2088	66	Response	1	1291830	10183	3
2088	66	Pulse	5	1297100	15453	2
2088	67	Picture	20	1299718	0	1	4145	2	0	4000	other	0
2088	67	Pulse	5	1317100	17382	2
2088	68	Picture	20	1317789	0	1	4144	3	0	4000	other	0
2088	69	Picture	21	1335860	0	1	4144	2	0	4000	hit	144
2088	69	Pulse	5	1337100	1240	1
2088	69	Response	1	1341418	5558	3
2088	70	Pulse	5	1357088	3158	2
2088	70	Pulse	5	1377088	23158	2
2088	71	Picture	10	1378964	0	1	4145	2	0	4000	other	0
2088	72	Picture	10	1397035	0	1	4145	2	0	4000	other	0
2088	72	Pulse	5	1397088	53	1
2088	73	Picture	11	1415106	0	1	4145	2	0	4000	hit	152
2088	73	Pulse	5	1417077	1971	2
2088	73	Response	1	1420277	5171	2
2088	74	Picture	10	1433177	0	1	4144	2	0	4000	other	0
2088	74	Pulse	5	1437237	4060	1
2088	75	Picture	11	1451247	0	2	4145	3	0	4000	hit	156
2088	75	Response	1	1455955	4708	3
2088	75	Pulse	5	1457236	5989	1
2088	76	Picture	10	1469318	0	1	4145	2	0	4000	other	0
2088	76	Pulse	5	1477225	7907	2
2088	77	Picture	10	1487389	0	1	4145	2	0	4000	other	0
2088	77	Pulse	5	1497224	9835	2
2088	78	Picture	11	1505460	0	1	4145	2	0	4000	hit	163
2088	78	Response	1	1509224	3764	2
2088	78	Pulse	5	1517224	11764	2
2088	79	Picture	10	1523530	0	2	4145	3	0	4000	other	0
2088	79	Pulse	5	1537213	13683	2
2088	80	Picture	10	1541601	0	2	4145	3	0	4000	other	0
2088	80	Pulse	5	1557213	15612	2
2088	81	Picture	10	1559672	0	1	4145	2	0	4000	other	0
2088	81	Pulse	5	1577212	17540	2
2088	82	Picture	10	1577743	0	1	4144	4	0	4000	other	0
2088	83	Picture	10	1595814	0	1	4144	3	0	4000	other	0
2088	83	Pulse	5	1597202	1388	1
2088	84	Picture	11	1613885	0	1	4144	2	0	4000	hit	176
2088	84	Pulse	5	1617201	3316	2
2088	84	Response	1	1618961	5076	2
2088	85	Picture	10	1631955	0	2	4145	3	0	4000	other	0
2088	85	Pulse	5	1637200	5245	2
2088	86	Picture	10	1650026	0	1	4145	2	0	4000	other	0
2088	86	Pulse	5	1657190	7164	2
2088	87	Pulse	5	1677191	9094	1
2088	88	Picture	30	1693131	0	1	4145	2	0	4000	other	0
2088	88	Pulse	5	1697189	4058	2
2088	89	Picture	30	1711202	0	1	4144	3	0	4000	other	0
2088	89	Pulse	5	1717178	5976	3
2088	90	Picture	30	1729272	0	2	4145	3	0	4000	other	0
2088	90	Pulse	5	1737180	7908	1
2088	91	Picture	31	1747343	0	2	4145	3	0	4000	miss	0
2088	91	Pulse	5	1757177	9834	2
2088	92	Picture	31	1765414	0	1	4145	2	0	4000	miss	0
2088	92	Pulse	5	1777167	11753	1
2088	93	Picture	30	1783485	0	1	4145	2	0	4000	other	0
2088	93	Pulse	5	1797166	13681	2
2088	94	Picture	30	1801556	0	1	4144	3	0	4000	false_alarm	195
2088	94	Response	1	1808686	7130	2
2088	94	Pulse	5	1817165	15609	2
2088	95	Picture	30	1819627	0	1	4144	2	0	4000	other	0
2088	95	Pulse	5	1837155	17528	2
2088	96	Picture	31	1837697	0	2	4145	3	0	4000	hit	200
2088	96	Response	1	1843555	5858	2
2088	97	Picture	30	1855768	0	1	4145	2	0	4000	other	0
2088	97	Pulse	5	1857154	1386	2
2088	98	Picture	30	1873839	0	1	4145	2	0	4000	false_alarm	205
2088	98	Pulse	5	1877154	3315	2
2088	98	Response	1	1879554	5715	2
2088	99	Picture	30	1891910	0	1	4144	4	0	4000	other	0
2088	99	Pulse	5	1897143	5233	2
2088	100	Picture	30	1909981	0	1	4144	2	0	4000	other	0
2088	100	Pulse	5	1917144	7163	1
2088	101	Picture	31	1928051	0	2	4145	3	0	4000	hit	211
2088	101	Response	1	1933303	5252	2
2088	101	Pulse	5	1937143	9092	2
2088	102	Picture	30	1946122	0	1	4145	2	0	4000	other	0
2088	102	Pulse	5	1957132	11010	1
2088	103	Picture	30	1964193	0	1	4145	2	0	4000	false_alarm	216
2088	103	Response	1	1969931	5738	2
2088	103	Pulse	5	1977131	12938	2
2088	104	Pulse	5	1997132	14868	1
2088	105	Picture	10	2007298	0	1	4144	2	0	4000	other	0
2088	105	Pulse	5	2017121	9823	1
2088	106	Picture	10	2025368	0	2	4145	3	0	4000	other	0
2088	106	Pulse	5	2037119	11751	2
2088	107	Picture	11	2043439	0	1	4145	2	0	4000	hit	224
2088	107	Response	1	2048639	5200	2
2088	107	Pulse	5	2057119	13680	2
2088	108	Picture	10	2061510	0	1	4145	2	0	4000	other	0
2088	108	Pulse	5	2077108	15598	2
2088	109	Picture	11	2079581	0	1	4144	3	0	4000	hit	229
2088	109	Response	1	2086068	6487	2
2088	109	Pulse	5	2097108	17527	1
2088	110	Picture	10	2097652	0	1	4144	2	0	4000	other	0
2088	111	Picture	10	2115722	0	2	4145	3	0	4000	other	0
2088	111	Pulse	5	2117107	1385	2
2088	112	Picture	11	2133793	0	2	4145	3	0	4000	hit	236
2088	112	Pulse	5	2137096	3303	2
2088	112	Response	1	2139016	5223	2
2088	113	Picture	10	2151864	0	3	4145	4	0	4000	other	0
2088	113	Pulse	5	2157096	5232	2
2088	114	Picture	10	2169935	0	1	4145	2	0	4000	other	0
2088	114	Pulse	5	2177096	7161	1
2088	115	Picture	10	2188006	0	1	4144	3	0	4000	other	0
2088	115	Pulse	5	2197085	9079	2
2088	116	Picture	10	2206076	0	2	4145	4	0	4000	other	0
2088	116	Pulse	5	2217084	11008	3
2088	117	Picture	10	2224147	0	1	4145	2	0	4000	other	0
2088	117	Pulse	5	2237084	12937	2
2088	118	Picture	11	2242218	0	1	4145	2	0	4000	hit	248
2088	118	Response	1	2246683	4465	3
2088	118	Pulse	5	2257073	14855	2
2088	119	Picture	10	2260289	0	1	4144	3	0	4000	other	0
2088	119	Pulse	5	2277072	16783	2
2088	120	Picture	10	2278360	0	1	4144	3	0	4000	other	0
2088	121	Pulse	5	2297072	642	2
2088	121	Pulse	5	2317061	20631	2
2088	122	Picture	20	2321464	0	2	4145	3	0	4000	other	0
2088	122	Pulse	5	2337061	15597	2
2088	123	Picture	20	2339535	0	1	4145	2	0	4000	other	0
2088	123	Pulse	5	2357060	17525	2
2088	124	Picture	20	2357606	0	1	4144	3	0	4000	other	0
2088	125	Picture	21	2375677	0	1	4144	3	0	4000	hit	262
2088	125	Pulse	5	2377050	1373	3
2088	125	Response	1	2381369	5692	2
2088	126	Picture	20	2393748	0	1	4144	2	0	4000	other	0
2088	126	Pulse	5	2397049	3301	3
2088	127	Picture	20	2411818	0	2	4145	3	0	4000	other	0
2088	127	Pulse	5	2417048	5230	3
2088	128	Picture	21	2429889	0	1	4145	2	0	4000	hit	269
2088	128	Pulse	5	2437038	7149	3
2088	128	Response	1	2437198	7309	2
2088	129	Picture	20	2447960	0	1	4145	2	0	4000	other	0
2088	129	Pulse	5	2457037	9077	2
2088	130	Picture	20	2466031	0	2	4144	4	0	4000	other	0
2088	130	Pulse	5	2477037	11006	2
2088	131	Picture	20	2484102	0	1	4144	2	0	4000	other	0
2088	131	Pulse	5	2497186	13084	2
2088	132	Picture	21	2502172	0	2	4145	3	0	4000	hit	277
2088	132	Response	1	2506146	3974	3
2088	132	Pulse	5	2517186	15014	2
2088	133	Picture	20	2520243	0	1	4145	4	0	4000	other	0
2088	133	Pulse	5	2537185	16942	2
2088	134	Picture	20	2538314	0	1	4145	2	0	4000	other	0
2088	135	Picture	21	2556385	0	1	4145	2	0	4000	hit	284
2088	135	Pulse	5	2557175	790	1
2088	135	Response	1	2561174	4789	2
2088	136	Picture	20	2574456	0	1	4144	2	0	4000	other	0
2088	136	Pulse	5	2577174	2718	2
2088	137	Picture	20	2592526	0	2	4145	3	0	4000	other	0
2088	137	Pulse	5	2597173	4647	2
