Scenario - 1-back
Logfile written - 06/28/2014 12:54:47

Subject	Trial	Event Type	Code	Time	TTime	Uncertainty	Duration	Uncertainty	ReqTime	ReqDur	Stim Type	Pair Index

2088	1	Response	1	194864	204698	2
2088	1	Response	1	538634	548468	2
2088	1	Response	1	550634	560468	2
2088	1	Response	1	608862	618696	2
2088	1	Response	1	641171	651005	2
2088	1	Pulse	5	900004	909838	2
2088	2	Pulse	5	920004	19833	1
2088	3	Picture	10	925205	0	1	4144	2	0	4000	other	0
2088	3	Pulse	5	939993	14788	2
2088	4	Picture	10	943275	0	2	4145	3	0	4000	other	0
2088	4	Pulse	5	959992	16717	2
2088	5	Picture	11	961346	0	1	4145	2	0	4000	hit	13
2088	5	Response	1	966552	5206	2
2088	6	Picture	10	979417	0	1	4145	2	0	4000	other	0
2088	6	Pulse	5	979992	575	2
2088	7	Picture	11	997488	0	1	4144	3	0	4000	hit	18
2088	7	Pulse	5	999981	2493	2
2088	7	Response	1	1002541	5053	2
2088	8	Picture	10	1015558	0	2	4145	3	0	4000	other	0
2088	8	Pulse	5	1019981	4423	2
2088	9	Picture	10	1033629	0	4	4145	5	0	4000	other	0
2088	9	Pulse	5	1039980	6351	2
2088	10	Picture	10	1051700	0	1	4145	2	0	4000	other	0
2088	10	Pulse	5	1059970	8270	2
2088	11	Picture	11	1069771	0	1	4145	2	0	4000	hit	26
2088	11	Response	1	1073729	3958	2
2088	11	Pulse	5	1079969	10198	2
2088	12	Picture	10	1087842	0	1	4144	3	0	4000	other	0
2088	12	Pulse	5	1099969	12127	1
2088	13	Picture	10	1105913	0	1	4144	2	0	4000	other	0
2088	13	Pulse	5	1120118	14205	2
2088	14	Picture	11	1123983	0	2	4145	3	0	4000	hit	33
2088	14	Response	1	1127958	3975	2
2088	14	Pulse	5	1140117	16134	2
2088	15	Picture	10	1142054	0	1	4145	2	0	4000	other	0
2088	15	Pulse	5	1160117	18063	2
2088	16	Picture	10	1160125	0	1	4145	2	0	4000	other	0
2088	17	Picture	10	1178196	0	1	4144	3	0	4000	other	0
2088	17	Pulse	5	1180106	1910	3
2088	18	Picture	10	1196266	0	2	4145	3	0	4000	other	0
2088	18	Pulse	5	1200106	3840	3
2088	19	Pulse	5	1220105	5768	4
2088	20	Picture	30	1239371	0	1	4145	2	0	4000	other	0
2088	20	Pulse	5	1240095	724	1
2088	21	Picture	30	1257442	0	1	4145	2	0	4000	other	0
2088	21	Pulse	5	1260094	2652	2
2088	22	Picture	31	1275513	0	1	4144	3	0	4000	miss	0
2088	22	Pulse	5	1280093	4580	2
2088	23	Picture	30	1293584	0	1	4144	2	0	4000	other	0
2088	23	Pulse	5	1300083	6499	2
2088	24	Picture	30	1311654	0	2	4145	3	0	4000	other	0
2088	24	Pulse	5	1320082	8428	3
2088	25	Picture	30	1329725	0	1	4145	2	0	4000	other	0
2088	25	Pulse	5	1340082	10357	2
2088	26	Picture	31	1347796	0	1	4145	2	0	4000	miss	0
2088	26	Pulse	5	1360071	12275	2
2088	27	Picture	31	1365867	0	1	4145	2	0	4000	miss	0
2088	27	Pulse	5	1380071	14204	2
2088	28	Picture	30	1383938	0	1	4144	3	0	4000	other	0
2088	28	Pulse	5	1400070	16132	2
2088	29	Picture	30	1402008	0	2	4145	3	0	4000	false_alarm	62
2088	29	Response	1	1408070	6062	2
2088	29	Pulse	5	1420059	18051	2
2088	30	Picture	30	1420078	0	2	4146	3	0	4000	false_alarm	65
2088	30	Response	1	1424859	4781	2
2088	31	Picture	31	1438150	0	1	4145	2	0	4000	miss	0
2088	31	Pulse	5	1440059	1909	2
2088	32	Picture	30	1456221	0	1	4144	3	0	4000	other	0
2088	32	Pulse	5	1460058	3837	2
2088	33	Picture	30	1474292	0	1	4143	4	0	4000	other	0
2088	33	Pulse	5	1480048	5756	2
2088	34	Picture	30	1492362	0	2	4145	3	0	4000	other	0
2088	34	Pulse	5	1500047	7685	2
2088	35	Picture	30	1510433	0	1	4145	2	0	4000	false_alarm	75
2088	35	Response	1	1515406	4973	3
2088	35	Pulse	5	1520047	9614	2
2088	36	Pulse	5	1540036	11532	2
2088	37	Picture	10	1553538	0	1	4145	2	0	4000	other	0
2088	37	Pulse	5	1560036	6498	1
2088	38	Picture	10	1571609	0	1	4144	3	0	4000	other	0
2088	38	Pulse	5	1580035	8426	2
2088	39	Picture	11	1589680	0	1	4144	2	0	4000	hit	83
2088	39	Response	1	1594426	4746	1
2088	39	Pulse	5	1600024	10344	2
2088	40	Picture	10	1607750	0	1	4145	2	0	4000	other	0
2088	40	Pulse	5	1620024	12274	2
2088	41	Picture	11	1625821	0	1	4145	2	0	4000	hit	88
2088	41	Response	1	1630584	4763	1
2088	41	Pulse	5	1640023	14202	2
2088	42	Picture	10	1643892	0	1	4145	2	0	4000	other	0
2088	42	Pulse	5	1660013	16121	2
2088	43	Picture	10	1661963	0	1	4144	3	0	4000	other	0
2088	43	Pulse	5	1680012	18049	3
2088	44	Picture	10	1680034	0	1	4144	2	0	4000	other	0
2088	45	Picture	11	1698104	0	2	4145	3	0	4000	hit	97
2088	45	Pulse	5	1700012	1908	2
2088	45	Response	1	1702411	4307	4
2088	46	Picture	10	1716175	0	1	4145	2	0	4000	other	0
2088	46	Pulse	5	1720001	3826	2
2088	47	Picture	10	1734246	0	1	4145	2	0	4000	other	0
2088	47	Pulse	5	1740002	5756	1
2088	48	Picture	11	1752317	0	1	4144	3	0	4000	hit	103
2088	48	Response	1	1756160	3843	2
2088	48	Pulse	5	1760001	7684	1
2088	49	Picture	10	1770388	0	1	4144	2	0	4000	other	0
2088	49	Pulse	5	1779989	9601	2
2088	50	Picture	10	1788458	0	2	4145	3	0	4000	other	0
2088	50	Pulse	5	1799989	11531	2
2088	51	Picture	10	1806529	0	1	4145	2	0	4000	other	0
2088	51	Pulse	5	1819988	13459	2
2088	52	Picture	10	1824600	0	1	4145	2	0	4000	other	0
2088	52	Pulse	5	1839978	15378	2
2088	53	Pulse	5	1859978	17307	2
2088	54	Picture	20	1867705	0	1	4144	2	0	4000	other	0
2088	54	Pulse	5	1879977	12272	1
2088	55	Picture	20	1885775	0	2	4145	3	0	4000	other	0
2088	55	Pulse	5	1899967	14192	1
2088	56	Picture	21	1903846	0	2	4145	3	0	4000	hit	119
2088	56	Response	1	1910207	6361	1
2088	56	Pulse	5	1919965	16119	2
2088	57	Picture	20	1921917	0	1	4145	2	0	4000	other	0
2088	57	Pulse	5	1939965	18048	2
2088	58	Picture	20	1939988	0	1	4144	3	0	4000	other	0
2088	59	Picture	20	1958059	0	1	4144	3	0	4000	other	0
2088	59	Pulse	5	1959954	1895	2
2088	60	Picture	21	1976129	0	2	4145	4	0	4000	hit	128
2088	60	Pulse	5	1979954	3825	2
2088	60	Response	1	1981714	5585	2
2088	61	Picture	20	1994200	0	1	4145	2	0	4000	other	0
2088	61	Pulse	5	1999953	5753	2
2088	62	Picture	20	2012271	0	1	4145	2	0	4000	other	0
2088	62	Pulse	5	2019943	7672	1
2088	63	Picture	20	2030342	0	1	4145	2	0	4000	false_alarm	134
2088	63	Response	1	2036902	6560	2
2088	63	Pulse	5	2039942	9600	2
2088	64	Picture	20	2048412	0	2	4145	4	0	4000	other	0
2088	64	Pulse	5	2059941	11529	2
2088	65	Picture	20	2066483	0	2	4145	3	0	4000	false_alarm	139
2088	65	Response	1	2071781	5298	2
2088	65	Pulse	5	2079931	13448	2
2088	66	Picture	21	2084554	0	1	4145	2	0	4000	hit	142
2088	66	Response	1	2091931	7377	1
2088	66	Pulse	5	2099930	15376	2
2088	67	Picture	20	2102625	0	1	4145	2	0	4000	other	0
2088	67	Pulse	5	2119930	17305	2
2088	68	Picture	20	2120696	0	1	4145	2	0	4000	other	0
2088	69	Picture	21	2138767	0	1	4144	2	0	4000	hit	149
2088	69	Pulse	5	2139919	1152	3
2088	69	Response	1	2144079	5312	2
2088	70	Pulse	5	2160079	3242	2
2088	70	Pulse	5	2180078	23241	3
2088	71	Picture	10	2181871	0	2	4145	3	0	4000	other	0
2088	72	Picture	10	2199942	0	1	4145	2	0	4000	other	0
2088	72	Pulse	5	2200066	124	3
2088	73	Picture	11	2218013	0	1	4145	2	0	4000	hit	157
2088	73	Pulse	5	2220067	2054	2
2088	73	Response	1	2222147	4134	2
2088	74	Picture	10	2236084	0	1	4144	3	0	4000	other	0
2088	74	Pulse	5	2240066	3982	2
2088	75	Picture	11	2254155	0	1	4144	2	0	4000	miss	0
2088	75	Pulse	5	2260056	5901	2
2088	76	Picture	10	2272225	0	2	4145	3	0	4000	other	0
2088	76	Pulse	5	2280055	7830	2
2088	77	Picture	10	2290296	0	1	4145	2	0	4000	false_alarm	165
2088	77	Response	1	2294775	4479	2
2088	77	Pulse	5	2300055	9759	2
2088	78	Picture	11	2308367	0	1	4145	2	0	4000	hit	168
2088	78	Response	1	2313014	4647	2
2088	78	Pulse	5	2320044	11677	2
2088	79	Picture	10	2326438	0	1	4144	3	0	4000	other	0
2088	79	Pulse	5	2340044	13606	1
2088	80	Picture	10	2344508	0	2	4145	3	0	4000	other	0
2088	80	Pulse	5	2360043	15535	2
2088	81	Picture	10	2362579	0	3	4145	4	0	4000	other	0
2088	81	Pulse	5	2380032	17453	2
2088	82	Picture	10	2380650	0	1	4145	2	0	4000	other	0
2088	83	Picture	10	2398721	0	1	4145	2	0	4000	other	0
2088	83	Pulse	5	2400032	1311	2
2088	84	Picture	11	2416791	0	2	4145	4	0	4000	hit	181
2088	84	Pulse	5	2420031	3240	2
2088	84	Response	1	2421151	4360	2
2088	85	Picture	10	2434863	0	1	4144	2	0	4000	other	0
2088	85	Pulse	5	2440021	5158	2
2088	86	Picture	10	2452933	0	2	4145	3	0	4000	other	0
2088	86	Pulse	5	2460020	7087	2
2088	87	Pulse	5	2480020	9016	1
2088	88	Picture	30	2496038	0	1	4145	2	0	4000	other	0
2088	88	Pulse	5	2500009	3971	2
2088	89	Picture	30	2514109	0	1	4145	2	0	4000	other	0
2088	89	Pulse	5	2520009	5900	1
2088	90	Picture	30	2532180	0	1	4144	3	0	4000	other	0
2088	90	Pulse	5	2540008	7828	2
2088	91	Picture	31	2550250	0	2	4145	3	0	4000	hit	194
2088	91	Response	1	2556957	6707	2
2088	91	Pulse	5	2559997	9747	2
2088	92	Picture	31	2568321	0	1	4145	2	0	4000	miss	0
2088	92	Pulse	5	2579997	11676	2
2088	93	Picture	30	2586392	0	1	4145	2	0	4000	other	0
2088	93	Pulse	5	2599996	13604	2
2088	94	Picture	30	2604463	0	1	4145	2	0	4000	other	0
2088	94	Pulse	5	2619986	15523	2
2088	95	Picture	30	2622534	0	1	4144	3	0	4000	other	0
2088	95	Pulse	5	2639985	17451	3
2088	96	Picture	31	2640604	0	2	4145	3	0	4000	hit	205
2088	96	Response	1	2645745	5141	2
2088	97	Picture	30	2658675	0	1	4145	2	0	4000	other	0
2088	97	Pulse	5	2659985	1310	2
2088	98	Picture	30	2676746	0	1	4145	2	0	4000	other	0
2088	98	Pulse	5	2679974	3228	2
2088	99	Picture	30	2694817	0	1	4144	3	0	4000	other	0
2088	99	Pulse	5	2699973	5156	2
2088	100	Picture	30	2712888	0	1	4144	3	0	4000	false_alarm	213
2088	100	Response	1	2718694	5806	1
2088	100	Pulse	5	2719974	7086	1
2088	101	Picture	31	2730959	0	1	4143	3	0	4000	miss	0
2088	101	Pulse	5	2739962	9003	2
2088	102	Picture	30	2749029	0	1	4145	2	0	4000	false_alarm	218
2088	102	Response	1	2754842	5813	2
2088	102	Pulse	5	2759962	10933	2
2088	103	Picture	30	2767100	0	1	4145	2	0	4000	false_alarm	221
2088	103	Response	1	2777081	9981	2
2088	103	Pulse	5	2779962	12862	1
2088	104	Pulse	5	2799952	14781	1
2088	105	Picture	10	2810205	0	1	4144	3	0	4000	other	0
2088	105	Pulse	5	2819950	9745	2
2088	106	Picture	10	2828276	0	1	4144	3	0	4000	other	0
2088	106	Pulse	5	2839950	11674	1
2088	107	Picture	11	2846346	0	2	4145	3	0	4000	hit	229
2088	107	Response	1	2851309	4963	3
2088	107	Pulse	5	2859939	13593	2
2088	108	Picture	10	2864417	0	1	4145	2	0	4000	other	0
2088	108	Pulse	5	2879938	15521	2
2088	109	Picture	11	2882488	0	1	4145	2	0	4000	hit	234
2088	109	Response	1	2888098	5610	2
2088	109	Pulse	5	2899938	17450	2
2088	110	Picture	10	2900559	0	1	4144	3	0	4000	other	0
2088	111	Picture	10	2918630	0	1	4144	2	0	4000	other	0
2088	111	Pulse	5	2919927	1297	2
2088	112	Picture	11	2936700	0	2	4145	3	0	4000	hit	241
2088	112	Pulse	5	2939927	3227	1
2088	112	Response	1	2941047	4347	1
2088	113	Picture	10	2954771	0	1	4145	2	0	4000	other	0
2088	113	Pulse	5	2959926	5155	2
2088	114	Picture	10	2972842	0	1	4145	2	0	4000	other	0
2088	114	Pulse	5	2979916	7074	1
2088	115	Picture	10	2990913	0	2	4145	3	0	4000	other	0
2088	115	Pulse	5	2999915	9002	2
2088	116	Picture	10	3008984	0	1	4144	3	0	4000	other	0
2088	116	Pulse	5	3019914	10930	2
2088	117	Picture	10	3027054	0	2	4145	3	0	4000	other	0
2088	117	Pulse	5	3039905	12851	1
2088	118	Picture	11	3045125	0	1	4145	3	0	4000	hit	253
2088	118	Response	1	3049183	4058	2
2088	118	Pulse	5	3059903	14778	2
2088	119	Picture	10	3063196	0	1	4145	2	0	4000	other	0
2088	119	Pulse	5	3079903	16707	2
2088	120	Picture	10	3081267	0	1	4144	3	0	4000	other	0
2088	121	Pulse	5	3099892	554	3
2088	121	Pulse	5	3119892	20554	4
2088	122	Picture	20	3124371	0	3	4145	4	0	4000	other	0
2088	122	Pulse	5	3139891	15520	4
2088	123	Picture	20	3142442	0	1	4145	2	0	4000	other	0
2088	123	Pulse	5	3159880	17438	2
2088	124	Picture	20	3160513	0	1	4145	2	0	4000	other	0
2088	125	Picture	21	3178584	0	1	4145	2	0	4000	hit	267
2088	125	Pulse	5	3179880	1296	2
2088	125	Response	1	3183400	4816	2
2088	126	Picture	20	3196655	0	1	4144	3	0	4000	other	0
2088	126	Pulse	5	3200039	3384	2
2088	127	Picture	20	3214726	0	1	4144	2	0	4000	other	0
2088	127	Pulse	5	3220029	5303	2
2088	128	Picture	21	3232796	0	1	4145	2	0	4000	hit	273
2088	128	Response	1	3238268	5472	2
2088	128	Pulse	5	3240028	7232	2
2088	129	Picture	20	3250867	0	1	4145	2	0	4000	other	0
2088	129	Pulse	5	3260028	9161	1
2088	130	Picture	20	3268938	0	1	4145	2	0	4000	other	0
2088	130	Pulse	5	3280017	11079	2
2088	131	Picture	20	3287009	0	1	4144	3	0	4000	false_alarm	280
2088	131	Response	1	3293297	6288	2
2088	131	Pulse	5	3300017	13008	1
2088	132	Picture	21	3305079	0	2	4145	3	0	4000	hit	283
2088	132	Response	1	3315056	9977	2
2088	132	Pulse	5	3320016	14937	2
2088	133	Picture	20	3323150	0	2	4145	3	0	4000	other	0
2088	133	Pulse	5	3340005	16855	2
2088	134	Picture	20	3341221	0	2	4144	4	0	4000	other	0
2088	135	Picture	21	3359292	0	1	4145	2	0	4000	hit	290
2088	135	Pulse	5	3360005	713	2
2088	135	Response	1	3364005	4713	2
2088	136	Picture	20	3377363	0	1	4144	3	0	4000	other	0
2088	136	Pulse	5	3380004	2641	2
2088	137	Picture	20	3395434	0	1	4144	3	0	4000	other	0
2088	137	Pulse	5	3399994	4560	2
