Scenario - 1-back
Logfile written - 06/28/2014 12:48:54

Subject	Trial	Event Type	Code	Time	TTime	Uncertainty	Duration	Uncertainty	ReqTime	ReqDur	Stim Type	Pair Index

2088	1	Pulse	5	147143	156977	2
2088	2	Pulse	5	167144	19979	1
2088	3	Picture	10	172199	0	1	4145	2	0	4000	other	0
2088	3	Pulse	5	187132	14933	3
2088	4	Picture	10	190270	0	1	4144	3	0	4000	other	0
2088	4	Pulse	5	207132	16862	2
2088	5	Picture	11	208341	0	1	4144	3	0	4000	miss	0
2088	6	Picture	10	226411	0	2	4145	3	0	4000	other	0
2088	6	Pulse	5	227124	713	1
2088	7	Picture	11	244482	0	1	4145	2	0	4000	miss	0
2088	7	Pulse	5	247121	2639	2
2088	8	Picture	10	262553	0	1	4145	2	0	4000	other	0
2088	8	Pulse	5	267120	4567	3
2088	9	Picture	10	280624	0	1	4144	3	0	4000	other	0
2088	9	Pulse	5	287121	6497	2
2088	10	Picture	10	298694	0	2	4145	3	0	4000	other	0
2088	10	Pulse	5	307108	8414	3
2088	11	Picture	11	316765	0	2	4145	3	0	4000	miss	0
2088	11	Pulse	5	327108	10343	2
2088	12	Picture	10	334836	0	1	4145	2	0	4000	other	0
2088	12	Pulse	5	347109	12273	1
2088	13	Picture	10	352907	0	1	4145	2	0	4000	other	0
2088	13	Pulse	5	367097	14190	2
2088	14	Picture	11	370978	0	1	4144	3	0	4000	miss	0
2088	14	Pulse	5	387097	16119	2
2088	15	Picture	10	389048	0	2	4145	3	0	4000	other	0
2088	15	Pulse	5	407096	18048	2
2088	16	Picture	10	407119	0	2	4145	4	0	4000	other	0
2088	17	Picture	10	425190	0	1	4145	2	0	4000	other	0
2088	17	Pulse	5	427086	1896	2
2088	18	Picture	10	443261	0	1	4144	3	0	4000	other	0
2088	18	Pulse	5	447086	3825	2
2088	19	Pulse	5	467085	5753	1
2088	20	Picture	20	486366	0	1	4144	2	0	4000	other	0
2088	20	Pulse	5	487074	708	2
2088	21	Picture	20	504436	0	1	4145	2	0	4000	other	0
2088	21	Pulse	5	507073	2637	2
2088	22	Picture	21	522507	0	1	4145	2	0	4000	miss	0
2088	22	Pulse	5	527073	4566	2
2088	23	Picture	20	540578	0	1	4145	2	0	4000	other	0
2088	23	Pulse	5	547062	6484	2
2088	24	Picture	20	558649	0	1	4144	3	0	4000	other	0
2088	24	Pulse	5	567062	8413	2
2088	25	Picture	20	576719	0	2	4145	3	0	4000	other	0
2088	25	Pulse	5	587061	10342	2
2088	26	Picture	21	594790	0	1	4145	2	0	4000	miss	0
2088	26	Pulse	5	607051	12261	1
2088	27	Picture	20	612860	0	2	4146	3	0	4000	other	0
2088	27	Pulse	5	627050	14190	2
2088	28	Picture	20	630932	0	1	4144	3	0	4000	other	0
2088	28	Pulse	5	647049	16117	2
2088	29	Picture	20	649003	0	1	4144	2	0	4000	other	0
2088	29	Pulse	5	667039	18036	2
2088	30	Picture	20	667073	0	2	4145	3	0	4000	other	0
2088	31	Picture	20	685144	0	1	4145	2	0	4000	other	0
2088	31	Pulse	5	687038	1894	2
2088	32	Picture	21	703215	0	1	4145	2	0	4000	miss	0
2088	32	Pulse	5	707038	3823	2
2088	33	Picture	20	721286	0	1	4144	3	0	4000	other	0
2088	33	Pulse	5	727027	5741	3
2088	34	Picture	20	739356	0	2	4145	4	0	4000	other	0
2088	34	Pulse	5	747027	7671	2
2088	35	Picture	21	757426	0	3	4146	4	0	4000	miss	0
2088	35	Pulse	5	767026	9600	2
2088	36	Pulse	5	787015	11517	2
2088	37	Picture	10	800532	0	1	4145	2	0	4000	other	0
2088	37	Pulse	5	807015	6483	2
2088	38	Picture	10	818603	0	1	4145	2	0	4000	other	0
2088	38	Pulse	5	827014	8411	2
2088	39	Picture	11	836674	0	1	4144	3	0	4000	miss	0
2088	39	Pulse	5	847004	10330	2
2088	40	Picture	10	854744	0	2	4145	3	0	4000	other	0
2088	40	Pulse	5	867003	12259	2
2088	41	Picture	11	872815	0	1	4145	2	0	4000	miss	0
2088	41	Pulse	5	887003	14188	1
2088	42	Picture	10	890886	0	1	4145	2	0	4000	other	0
2088	42	Pulse	5	906992	16106	2
2088	43	Picture	10	908957	0	1	4144	3	0	4000	other	0
2088	43	Pulse	5	926992	18035	2
2088	44	Picture	10	927028	0	1	4144	2	0	4000	other	0
2088	45	Picture	11	945098	0	2	4145	3	0	4000	miss	0
2088	45	Pulse	5	946991	1893	2
2088	46	Picture	10	963169	0	1	4145	2	0	4000	other	0
2088	46	Pulse	5	966980	3811	2
2088	47	Picture	10	981240	0	1	4145	2	0	4000	other	0
2088	47	Pulse	5	986980	5740	2
2088	48	Picture	11	999311	0	1	4144	3	0	4000	miss	0
2088	48	Pulse	5	1006980	7669	1
2088	49	Picture	10	1017381	0	2	4145	3	0	4000	other	0
2088	49	Pulse	5	1026969	9588	2
2088	50	Picture	10	1035452	0	2	4145	3	0	4000	other	0
2088	50	Pulse	5	1046968	11516	2
2088	51	Picture	10	1053522	0	3	4146	4	0	4000	other	0
2088	51	Pulse	5	1066968	13446	1
2088	52	Picture	10	1071594	0	1	4145	2	0	4000	other	0
2088	52	Pulse	5	1086957	15363	2
2088	53	Pulse	5	1107118	17453	1
2088	54	Picture	30	1114699	0	1	4144	2	0	4000	other	0
2088	54	Pulse	5	1127116	12417	2
2088	55	Picture	30	1132769	0	2	4145	3	0	4000	other	0
2088	55	Pulse	5	1147105	14336	2
2088	56	Picture	31	1150840	0	1	4145	2	0	4000	miss	0
2088	56	Pulse	5	1167105	16265	2
2088	57	Picture	30	1168911	0	1	4145	2	0	4000	other	0
2088	58	Picture	30	1186982	0	1	4144	3	0	4000	other	0
2088	58	Pulse	5	1187096	114	1
2088	59	Picture	30	1205053	0	1	4144	2	0	4000	other	0
2088	59	Pulse	5	1207094	2041	2
2088	60	Picture	31	1223123	0	2	4145	3	0	4000	miss	0
2088	60	Pulse	5	1227093	3970	2
2088	61	Picture	31	1241194	0	1	4145	2	0	4000	miss	0
2088	61	Pulse	5	1247084	5890	1
2088	62	Picture	30	1259265	0	1	4145	2	0	4000	other	0
2088	62	Pulse	5	1267082	7817	2
2088	63	Picture	30	1277336	0	1	4144	3	0	4000	other	0
2088	63	Pulse	5	1287081	9745	2
2088	64	Picture	30	1295407	0	1	4144	2	0	4000	other	0
2088	64	Pulse	5	1307082	11675	1
2088	65	Picture	31	1313477	0	2	4145	3	0	4000	miss	0
2088	65	Pulse	5	1327070	13593	2
2088	66	Picture	30	1331548	0	1	4145	2	0	4000	other	0
2088	66	Pulse	5	1347070	15522	2
2088	67	Picture	30	1349619	0	1	4145	2	0	4000	other	0
2088	67	Pulse	5	1367060	17441	2
2088	68	Picture	30	1367689	0	2	4145	4	0	4000	other	0
2088	69	Picture	30	1385761	0	1	4144	2	0	4000	other	0
2088	69	Pulse	5	1387059	1298	1
2088	70	Pulse	5	1407058	3227	2
2088	70	Pulse	5	1427059	23228	1
2088	71	Picture	10	1428865	0	1	4145	2	0	4000	other	0
2088	72	Picture	10	1446936	0	1	4145	2	0	4000	other	0
2088	72	Pulse	5	1447048	112	1
2088	73	Picture	11	1465006	0	2	4145	4	0	4000	miss	0
2088	73	Pulse	5	1467046	2040	2
2088	74	Picture	10	1483078	0	1	4144	2	0	4000	other	0
2088	74	Pulse	5	1487046	3968	2
2088	75	Picture	11	1501148	0	2	4145	3	0	4000	miss	0
2088	75	Pulse	5	1507035	5887	2
2088	76	Picture	10	1519219	0	1	4145	2	0	4000	other	0
2088	76	Pulse	5	1527035	7816	1
2088	77	Picture	10	1537290	0	1	4144	3	0	4000	other	0
2088	77	Pulse	5	1547034	9744	2
2088	78	Picture	11	1555361	0	1	4144	3	0	4000	miss	0
2088	78	Pulse	5	1567023	11662	2
2088	79	Picture	10	1573432	0	1	4144	2	0	4000	other	0
2088	79	Pulse	5	1587023	13591	2
2088	80	Picture	10	1591502	0	2	4145	3	0	4000	other	0
2088	80	Pulse	5	1607022	15520	2
2088	81	Picture	10	1609573	0	1	4145	2	0	4000	other	0
2088	81	Pulse	5	1627012	17439	2
2088	82	Picture	10	1627644	0	1	4145	2	0	4000	other	0
2088	83	Picture	10	1645715	0	1	4144	3	0	4000	other	0
2088	83	Pulse	5	1647011	1296	2
2088	84	Picture	11	1663785	0	2	4145	3	0	4000	miss	0
2088	84	Pulse	5	1667011	3226	2
2088	85	Picture	10	1681856	0	1	4145	2	0	4000	other	0
2088	85	Pulse	5	1687000	5144	3
2088	86	Picture	10	1699927	0	1	4145	2	0	4000	other	0
2088	86	Pulse	5	1707000	7073	2
2088	87	Pulse	5	1726999	9001	2
2088	88	Picture	20	1743032	0	1	4144	3	0	4000	other	0
2088	88	Pulse	5	1746988	3956	2
2088	89	Picture	20	1761102	0	2	4145	3	0	4000	other	0
2088	89	Pulse	5	1766988	5886	2
2088	90	Picture	20	1779173	0	2	4143	6	0	4000	other	0
2088	90	Pulse	5	1786987	7814	2
2088	91	Picture	21	1797244	0	1	4145	2	0	4000	miss	0
2088	91	Pulse	5	1806977	9733	2
2088	92	Picture	20	1815315	0	1	4145	2	0	4000	other	0
2088	92	Pulse	5	1826976	11661	2
2088	93	Picture	20	1833386	0	1	4144	3	0	4000	other	0
2088	93	Pulse	5	1846976	13590	1
2088	94	Picture	21	1851457	0	1	4144	2	0	4000	miss	0
2088	94	Pulse	5	1866965	15508	2
2088	95	Picture	20	1869527	0	2	4145	3	0	4000	other	0
2088	95	Pulse	5	1886964	17437	3
2088	96	Picture	20	1887598	0	1	4145	2	0	4000	other	0
2088	97	Picture	20	1905669	0	1	4145	2	0	4000	other	0
2088	97	Pulse	5	1906964	1295	2
2088	98	Picture	21	1923740	0	1	4144	3	0	4000	miss	0
2088	98	Pulse	5	1926953	3213	2
2088	99	Picture	20	1941810	0	2	4145	3	0	4000	other	0
2088	99	Pulse	5	1946953	5143	2
2088	100	Picture	20	1959881	0	2	4145	3	0	4000	other	0
2088	100	Pulse	5	1966952	7071	2
2088	101	Picture	21	1977952	0	2	4145	3	0	4000	miss	0
2088	101	Pulse	5	1986941	8989	3
2088	102	Picture	20	1996022	0	2	4146	3	0	4000	other	0
2088	102	Pulse	5	2006940	10918	4
2088	103	Picture	20	2014094	0	1	4144	3	0	4000	other	0
2088	103	Pulse	5	2026939	12845	4
2088	104	Pulse	5	2046930	14765	2
2088	105	Picture	10	2057198	0	2	4145	3	0	4000	other	0
2088	105	Pulse	5	2066929	9731	2
2088	106	Picture	10	2075269	0	1	4145	2	0	4000	other	0
2088	106	Pulse	5	2086929	11660	2
2088	107	Picture	11	2093340	0	1	4145	2	0	4000	miss	0
2088	107	Pulse	5	2106918	13578	2
2088	108	Picture	10	2111411	0	1	4144	3	0	4000	other	0
2088	108	Pulse	5	2126918	15507	2
2088	109	Picture	11	2129482	0	1	4144	2	0	4000	miss	0
2088	109	Pulse	5	2146918	17436	1
2088	110	Picture	10	2147552	0	2	4145	3	0	4000	other	0
2088	111	Picture	10	2165623	0	1	4145	2	0	4000	other	0
2088	111	Pulse	5	2167067	1444	2
2088	112	Picture	11	2183694	0	1	4145	2	0	4000	miss	0
2088	112	Pulse	5	2187066	3372	2
2088	113	Picture	10	2201765	0	1	4144	3	0	4000	other	0
2088	113	Pulse	5	2207057	5292	1
2088	114	Picture	10	2219836	0	1	4144	3	0	4000	other	0
2088	114	Pulse	5	2227055	7219	2
2088	115	Picture	10	2237906	0	2	4145	3	0	4000	other	0
2088	115	Pulse	5	2247054	9148	2
2088	116	Picture	10	2255977	0	1	4145	2	0	4000	other	0
2088	116	Pulse	5	2267054	11077	2
2088	117	Picture	10	2274048	0	1	4145	2	0	4000	other	0
2088	117	Pulse	5	2287045	12997	1
2088	118	Picture	11	2292119	0	1	4144	3	0	4000	miss	0
2088	118	Pulse	5	2307043	14924	1
2088	119	Picture	10	2310189	0	2	4145	3	0	4000	other	0
2088	119	Pulse	5	2327043	16854	2
2088	120	Picture	10	2328260	0	2	4145	3	0	4000	other	0
2088	121	Pulse	5	2347031	700	2
2088	121	Pulse	5	2367031	20700	2
2088	122	Picture	30	2371365	0	1	4145	2	0	4000	other	0
2088	122	Pulse	5	2387022	15657	1
2088	123	Picture	30	2389436	0	1	4144	3	0	4000	other	0
2088	123	Pulse	5	2407020	17584	2
2088	124	Picture	30	2407507	0	1	4143	4	0	4000	other	0
2088	125	Picture	31	2425577	0	2	4145	3	0	4000	miss	0
2088	125	Pulse	5	2427019	1442	2
2088	126	Picture	31	2443648	0	1	4145	2	0	4000	miss	0
2088	126	Pulse	5	2447019	3371	2
2088	127	Picture	30	2461719	0	1	4145	2	0	4000	other	0
2088	127	Pulse	5	2467008	5289	2
2088	128	Picture	30	2479790	0	1	4145	2	0	4000	other	0
2088	128	Pulse	5	2487008	7218	1
2088	129	Picture	30	2497861	0	1	4144	3	0	4000	other	0
2088	129	Pulse	5	2507007	9146	2
2088	130	Picture	31	2515931	0	2	4145	3	0	4000	miss	0
2088	130	Pulse	5	2526996	11065	4
2088	131	Picture	30	2534002	0	1	4145	2	0	4000	other	0
2088	131	Pulse	5	2546996	12994	4
2088	132	Picture	30	2552073	0	1	4145	2	0	4000	other	0
2088	132	Pulse	5	2566995	14922	4
2088	133	Picture	30	2570144	0	1	4144	3	0	4000	other	0
2088	133	Pulse	5	2586985	16841	2
2088	134	Picture	30	2588215	0	1	4144	3	0	4000	other	0
2088	135	Picture	31	2606285	0	2	4145	3	0	4000	miss	0
2088	135	Pulse	5	2606984	699	2
2088	136	Picture	30	2624356	0	2	4145	3	0	4000	other	0
2088	136	Pulse	5	2626984	2628	1
2088	137	Picture	30	2642427	0	1	4145	2	0	4000	other	0
2088	137	Pulse	5	2646973	4546	2
