Scenario - 1-back
Logfile written - 06/28/2014 12:01:15

Subject	Trial	Event Type	Code	Time	TTime	Uncertainty	Duration	Uncertainty	ReqTime	ReqDur	Stim Type	Pair Index

2088_nback12	1	Pulse	5	122652	132488	2
2088_nback12	2	Pulse	5	142641	19848	2
2088_nback12	3	Picture	10	147827	0	1	4145	2	0	4000	other	0
2088_nback12	3	Pulse	5	162641	14814	1
2088_nback12	4	Picture	10	165898	0	1	4144	3	0	4000	other	0
2088_nback12	4	Pulse	5	182640	16742	2
2088_nback12	5	Picture	11	183969	0	1	4144	3	0	4000	hit	8
2088_nback12	5	Response	1	187280	3311	2
2088_nback12	6	Picture	10	202039	0	2	4145	3	0	4000	other	0
2088_nback12	6	Pulse	5	202629	590	2
2088_nback12	7	Picture	11	220110	0	1	4145	2	0	4000	hit	13
2088_nback12	7	Pulse	5	222629	2519	2
2088_nback12	7	Response	1	223269	3159	3
2088_nback12	8	Picture	10	238181	0	1	4145	2	0	4000	other	0
2088_nback12	8	Pulse	5	242628	4447	2
2088_nback12	9	Picture	10	256252	0	1	4144	3	0	4000	other	0
2088_nback12	9	Pulse	5	262618	6366	2
2088_nback12	10	Picture	10	274323	0	1	4144	3	0	4000	other	0
2088_nback12	10	Pulse	5	282617	8294	2
2088_nback12	11	Picture	11	292393	0	2	4145	3	0	4000	hit	21
2088_nback12	11	Response	1	295737	3344	2
2088_nback12	11	Pulse	5	302617	10224	1
2088_nback12	12	Picture	10	310464	0	1	4145	2	0	4000	other	0
2088_nback12	12	Pulse	5	322606	12142	2
2088_nback12	13	Picture	10	328535	0	1	4145	2	0	4000	other	0
2088_nback12	13	Pulse	5	342605	14070	3
2088_nback12	14	Picture	11	346605	0	3	4146	4	0	4000	hit	28
2088_nback12	14	Response	1	352045	5440	3
2088_nback12	14	Pulse	5	362605	16000	2
2088_nback12	15	Picture	10	364677	0	1	4144	3	0	4000	other	0
2088_nback12	15	Pulse	5	382594	17917	2
2088_nback12	16	Picture	10	382747	0	2	4145	3	0	4000	other	0
2088_nback12	17	Picture	10	400818	0	1	4145	2	0	4000	other	0
2088_nback12	17	Pulse	5	402594	1776	2
2088_nback12	18	Picture	10	418889	0	1	4145	2	0	4000	other	0
2088_nback12	18	Pulse	5	422593	3704	2
2088_nback12	19	Pulse	5	442583	5623	2
2088_nback12	20	Picture	20	461994	0	1	4144	3	0	4000	other	0
2088_nback12	20	Pulse	5	462582	588	2
2088_nback12	21	Picture	20	480065	0	1	4144	2	0	4000	other	0
2088_nback12	21	Pulse	5	482582	2517	1
2088_nback12	22	Picture	21	498135	0	2	4145	3	0	4000	hit	43
2088_nback12	22	Response	1	501451	3316	2
2088_nback12	22	Pulse	5	502571	4436	2
2088_nback12	23	Picture	20	516206	0	1	4145	2	0	4000	other	0
2088_nback12	23	Pulse	5	522570	6364	2
2088_nback12	24	Picture	20	534277	0	1	4145	2	0	4000	other	0
2088_nback12	24	Pulse	5	542570	8293	2
2088_nback12	25	Picture	20	552348	0	1	4144	3	0	4000	other	0
2088_nback12	25	Pulse	5	562561	10213	1
2088_nback12	26	Picture	21	570419	0	1	4144	2	0	4000	hit	52
2088_nback12	26	Response	1	573920	3501	1
2088_nback12	26	Pulse	5	582559	12140	2
2088_nback12	27	Picture	20	588489	0	2	4145	3	0	4000	other	0
2088_nback12	27	Pulse	5	602558	14069	2
2088_nback12	28	Picture	20	606560	0	1	4145	2	0	4000	other	0
2088_nback12	28	Pulse	5	622709	16149	1
2088_nback12	29	Picture	20	624631	0	1	4145	2	0	4000	other	0
2088_nback12	30	Picture	20	642702	0	1	4144	3	0	4000	other	0
2088_nback12	30	Pulse	5	642708	6	2
2088_nback12	31	Picture	20	660773	0	1	4144	2	0	4000	other	0
2088_nback12	31	Pulse	5	662706	1933	2
2088_nback12	32	Picture	21	678843	0	2	4144	5	0	4000	hit	65
2088_nback12	32	Pulse	5	682696	3853	2
2088_nback12	32	Response	1	683016	4173	2
2088_nback12	33	Picture	20	696914	0	1	4145	2	0	4000	other	0
2088_nback12	33	Pulse	5	702695	5781	2
2088_nback12	34	Picture	20	714985	0	1	4145	2	0	4000	other	0
2088_nback12	34	Pulse	5	722695	7710	2
2088_nback12	35	Picture	21	733056	0	1	4144	3	0	4000	miss	0
2088_nback12	35	Pulse	5	742684	9628	2
2088_nback12	36	Pulse	5	762684	11557	1
2088_nback12	37	Picture	10	776161	0	1	4144	2	0	4000	other	0
2088_nback12	37	Pulse	5	782683	6522	2
2088_nback12	38	Picture	10	794231	0	2	4145	3	0	4000	other	0
2088_nback12	38	Pulse	5	802672	8441	3
2088_nback12	39	Picture	11	812302	0	1	4145	2	0	4000	hit	78
2088_nback12	39	Response	1	816912	4610	3
2088_nback12	39	Pulse	5	822672	10370	2
2088_nback12	40	Picture	10	830373	0	1	4145	2	0	4000	other	0
2088_nback12	40	Pulse	5	842671	12298	3
2088_nback12	41	Picture	11	848444	0	1	4144	3	0	4000	hit	83
2088_nback12	41	Response	1	853701	5257	2
2088_nback12	41	Pulse	5	862661	14217	2
2088_nback12	42	Picture	10	866514	0	2	4145	3	0	4000	other	0
2088_nback12	42	Pulse	5	882660	16146	2
2088_nback12	43	Picture	10	884585	0	2	4145	3	0	4000	other	0
2088_nback12	44	Picture	10	902656	0	1	4145	2	0	4000	other	0
2088_nback12	44	Pulse	5	902660	4	2
2088_nback12	45	Picture	11	920727	0	1	4145	3	0	4000	hit	92
2088_nback12	45	Pulse	5	922649	1922	2
2088_nback12	45	Response	1	924410	3683	1
2088_nback12	46	Picture	10	938798	0	1	4144	3	0	4000	other	0
2088_nback12	46	Pulse	5	942649	3851	1
2088_nback12	47	Picture	10	956869	0	1	4144	2	0	4000	other	0
2088_nback12	47	Pulse	5	962648	5779	2
2088_nback12	48	Picture	11	974939	0	1	4145	2	0	4000	hit	98
2088_nback12	48	Response	1	979117	4178	2
2088_nback12	48	Pulse	5	982637	7698	2
2088_nback12	49	Picture	10	993010	0	1	4145	2	0	4000	other	0
2088_nback12	49	Pulse	5	1002637	9627	2
2088_nback12	50	Picture	10	1011081	0	1	4145	2	0	4000	other	0
2088_nback12	50	Pulse	5	1022636	11555	2
2088_nback12	51	Picture	10	1029152	0	1	4144	3	0	4000	other	0
2088_nback12	51	Pulse	5	1042626	13474	2
2088_nback12	52	Picture	10	1047223	0	1	4144	2	0	4000	other	0
2088_nback12	52	Pulse	5	1062625	15402	2
2088_nback12	53	Pulse	5	1082625	17332	1
2088_nback12	54	Picture	30	1090327	0	1	4145	2	0	4000	other	0
2088_nback12	54	Pulse	5	1102614	12287	2
2088_nback12	55	Picture	30	1108398	0	1	4145	2	0	4000	other	0
2088_nback12	55	Pulse	5	1122613	14215	2
2088_nback12	56	Picture	31	1126469	0	1	4144	3	0	4000	hit	114
2088_nback12	56	Response	1	1132693	6224	2
2088_nback12	56	Pulse	5	1142613	16144	2
2088_nback12	57	Picture	30	1144540	0	1	4144	2	0	4000	other	0
2088_nback12	57	Pulse	5	1162602	18062	2
2088_nback12	58	Picture	30	1162610	0	2	4145	3	0	4000	other	0
2088_nback12	59	Picture	30	1180681	0	1	4145	2	0	4000	other	0
2088_nback12	59	Pulse	5	1182602	1921	2
2088_nback12	60	Picture	31	1198752	0	1	4145	2	0	4000	hit	123
2088_nback12	60	Pulse	5	1202601	3849	2
2088_nback12	60	Response	1	1203561	4809	2
2088_nback12	61	Picture	31	1216823	0	2	4145	3	0	4000	hit	125
2088_nback12	61	Response	1	1221631	4808	2
2088_nback12	61	Pulse	5	1222591	5768	2
2088_nback12	62	Picture	30	1234894	0	1	4144	2	0	4000	other	0
2088_nback12	62	Pulse	5	1242590	7696	2
2088_nback12	63	Picture	30	1252964	0	2	4145	3	0	4000	other	0
2088_nback12	63	Pulse	5	1262590	9626	1
2088_nback12	64	Picture	30	1271035	0	1	4145	3	0	4000	other	0
2088_nback12	64	Pulse	5	1282579	11544	2
2088_nback12	65	Picture	31	1289106	0	1	4145	2	0	4000	hit	134
2088_nback12	65	Response	1	1295859	6753	2
2088_nback12	65	Pulse	5	1302578	13472	3
2088_nback12	66	Picture	30	1307177	0	1	4144	3	0	4000	other	0
2088_nback12	66	Pulse	5	1322578	15401	2
2088_nback12	67	Picture	30	1325248	0	1	4144	2	0	4000	other	0
2088_nback12	67	Pulse	5	1342567	17319	2
2088_nback12	68	Picture	30	1343318	0	2	4145	3	0	4000	other	0
2088_nback12	69	Picture	30	1361389	0	1	4145	2	0	4000	other	0
2088_nback12	69	Pulse	5	1362568	1179	1
2088_nback12	70	Pulse	5	1382566	3106	2
2088_nback12	70	Pulse	5	1402556	23096	1
2088_nback12	71	Picture	10	1404494	0	1	4144	3	0	4000	other	0
2088_nback12	71	Pulse	5	1422555	18061	2
2088_nback12	72	Picture	10	1422565	0	1	4144	3	0	4000	other	0
2088_nback12	73	Picture	11	1440635	0	2	4145	3	0	4000	hit	150
2088_nback12	73	Pulse	5	1442554	1919	2
2088_nback12	73	Response	1	1443834	3199	2
2088_nback12	74	Picture	10	1458706	0	1	4145	2	0	4000	other	0
2088_nback12	74	Pulse	5	1462544	3838	2
2088_nback12	75	Picture	11	1476777	0	1	4145	2	0	4000	hit	154
2088_nback12	75	Response	1	1480943	4166	2
2088_nback12	75	Pulse	5	1482543	5766	2
2088_nback12	76	Picture	10	1494848	0	1	4145	2	0	4000	other	0
2088_nback12	76	Pulse	5	1502543	7695	2
2088_nback12	77	Picture	10	1512919	0	1	4144	3	0	4000	other	0
2088_nback12	77	Pulse	5	1522532	9613	2
2088_nback12	78	Picture	11	1530989	0	3	4145	4	0	4000	hit	161
2088_nback12	78	Response	1	1535012	4023	2
2088_nback12	78	Pulse	5	1542532	11543	2
2088_nback12	79	Picture	10	1549060	0	2	4145	3	0	4000	other	0
2088_nback12	79	Pulse	5	1562531	13471	2
2088_nback12	80	Picture	10	1567131	0	2	4145	3	0	4000	other	0
2088_nback12	80	Pulse	5	1582520	15389	2
2088_nback12	81	Picture	10	1585202	0	1	4145	3	0	4000	other	0
2088_nback12	81	Pulse	5	1602521	17319	1
2088_nback12	82	Picture	10	1603273	0	1	4144	3	0	4000	other	0
2088_nback12	83	Picture	10	1621343	0	2	4145	3	0	4000	other	0
2088_nback12	83	Pulse	5	1622509	1166	4
2088_nback12	84	Picture	11	1639414	0	1	4145	2	0	4000	hit	174
2088_nback12	84	Pulse	5	1642509	3095	3
2088_nback12	84	Response	1	1644269	4855	2
2088_nback12	85	Picture	10	1657485	0	1	4145	2	0	4000	other	0
2088_nback12	85	Pulse	5	1662668	5183	2
2088_nback12	86	Picture	10	1675556	0	1	4145	2	0	4000	other	0
2088_nback12	86	Pulse	5	1682659	7103	1
2088_nback12	87	Pulse	5	1702659	9032	1
2088_nback12	88	Picture	20	1718661	0	1	4144	2	0	4000	other	0
2088_nback12	88	Pulse	5	1722657	3996	1
2088_nback12	89	Picture	20	1736731	0	2	4145	3	0	4000	other	0
2088_nback12	89	Pulse	5	1742656	5925	2
2088_nback12	90	Picture	20	1754802	0	1	4145	2	0	4000	other	0
2088_nback12	90	Pulse	5	1762647	7845	1
2088_nback12	91	Picture	21	1772873	0	1	4145	2	0	4000	hit	187
2088_nback12	91	Response	1	1776565	3692	3
2088_nback12	91	Pulse	5	1782645	9772	2
2088_nback12	92	Picture	20	1790944	0	1	4144	3	0	4000	other	0
2088_nback12	92	Pulse	5	1802646	11702	1
2088_nback12	93	Picture	20	1809015	0	1	4144	2	0	4000	other	0
2088_nback12	93	Pulse	5	1822634	13619	2
2088_nback12	94	Picture	21	1827085	0	2	4145	3	0	4000	hit	194
2088_nback12	94	Response	1	1831113	4028	4
2088_nback12	94	Pulse	5	1842633	15548	2
2088_nback12	95	Picture	20	1845156	0	1	4145	2	0	4000	other	0
2088_nback12	95	Pulse	5	1862633	17477	1
2088_nback12	96	Picture	20	1863227	0	1	4145	2	0	4000	other	0
2088_nback12	97	Picture	20	1881298	0	1	4144	3	0	4000	other	0
2088_nback12	97	Pulse	5	1882622	1324	2
2088_nback12	98	Picture	21	1899369	0	1	4144	2	0	4000	hit	203
2088_nback12	98	Pulse	5	1902621	3252	2
2088_nback12	98	Response	1	1903261	3892	2
2088_nback12	99	Picture	20	1917439	0	2	4145	3	0	4000	other	0
2088_nback12	99	Pulse	5	1922621	5182	2
2088_nback12	100	Picture	20	1935510	0	1	4145	2	0	4000	other	0
2088_nback12	100	Pulse	5	1942610	7100	2
2088_nback12	101	Picture	21	1953581	0	1	4145	2	0	4000	hit	209
2088_nback12	101	Response	1	1959091	5510	1
2088_nback12	101	Pulse	5	1962610	9029	2
2088_nback12	102	Picture	20	1971652	0	1	4144	3	0	4000	other	0
2088_nback12	102	Pulse	5	1982609	10957	2
2088_nback12	103	Picture	20	1989723	0	1	4144	3	0	4000	other	0
2088_nback12	103	Pulse	5	2002599	12876	2
2088_nback12	104	Pulse	5	2022598	14805	2
2088_nback12	105	Picture	10	2032827	0	1	4145	2	0	4000	other	0
2088_nback12	105	Pulse	5	2042598	9771	1
2088_nback12	106	Picture	10	2050898	0	1	4145	2	0	4000	other	0
2088_nback12	106	Pulse	5	2062587	11689	2
2088_nback12	107	Picture	11	2068969	0	1	4145	2	0	4000	hit	221
2088_nback12	107	Response	1	2073307	4338	2
2088_nback12	107	Pulse	5	2082586	13617	2
2088_nback12	108	Picture	10	2087040	0	1	4144	3	0	4000	other	0
2088_nback12	108	Pulse	5	2102586	15546	2
2088_nback12	109	Picture	11	2105111	0	1	4144	2	0	4000	hit	226
2088_nback12	109	Response	1	2109146	4035	2
2088_nback12	109	Pulse	5	2122575	17464	2
2088_nback12	110	Picture	10	2123181	0	1	4145	2	0	4000	other	0
2088_nback12	111	Picture	10	2141252	0	1	4145	2	0	4000	other	0
2088_nback12	111	Pulse	5	2142576	1324	1
2088_nback12	112	Picture	11	2159323	0	1	4145	2	0	4000	hit	233
2088_nback12	112	Pulse	5	2162574	3251	2
2088_nback12	112	Response	1	2162894	3571	2
2088_nback12	113	Picture	10	2177394	0	1	4144	3	0	4000	other	0
2088_nback12	113	Pulse	5	2182564	5170	2
2088_nback12	114	Picture	10	2195465	0	1	4144	2	0	4000	other	0
2088_nback12	114	Pulse	5	2202563	7098	2
2088_nback12	115	Picture	10	2213535	0	2	4145	3	0	4000	other	0
2088_nback12	115	Pulse	5	2222562	9027	3
2088_nback12	116	Picture	10	2231606	0	1	4145	2	0	4000	other	0
2088_nback12	116	Pulse	5	2242552	10946	2
2088_nback12	117	Picture	10	2249677	0	1	4145	3	0	4000	other	0
2088_nback12	117	Pulse	5	2262551	12874	3
2088_nback12	118	Picture	11	2267748	0	1	4144	3	0	4000	hit	245
2088_nback12	118	Response	1	2272151	4403	4
2088_nback12	118	Pulse	5	2282551	14803	2
2088_nback12	119	Picture	10	2285819	0	1	4144	2	0	4000	other	0
2088_nback12	119	Pulse	5	2302540	16721	2
2088_nback12	120	Picture	10	2303889	0	2	4145	3	0	4000	other	0
2088_nback12	121	Pulse	5	2322540	580	2
2088_nback12	121	Pulse	5	2342539	20579	2
2088_nback12	122	Picture	30	2346994	0	1	4145	2	0	4000	other	0
2088_nback12	122	Pulse	5	2362528	15534	3
2088_nback12	123	Picture	30	2365065	0	1	4144	3	0	4000	other	0
2088_nback12	123	Pulse	5	2382527	17462	3
2088_nback12	124	Picture	30	2383136	0	1	4144	3	0	4000	other	0
2088_nback12	125	Picture	31	2401206	0	2	4145	3	0	4000	hit	259
2088_nback12	125	Pulse	5	2402527	1321	2
2088_nback12	125	Response	1	2404287	3081	2
2088_nback12	126	Picture	31	2419277	0	2	4145	3	0	4000	hit	262
2088_nback12	126	Pulse	5	2422517	3240	2
2088_nback12	126	Response	1	2422997	3720	2
2088_nback12	127	Picture	30	2437348	0	1	4145	2	0	4000	other	0
2088_nback12	127	Pulse	5	2442516	5168	2
2088_nback12	128	Picture	30	2455419	0	1	4145	2	0	4000	other	0
2088_nback12	128	Pulse	5	2462516	7097	2
2088_nback12	129	Picture	30	2473490	0	1	4144	3	0	4000	other	0
2088_nback12	129	Pulse	5	2482505	9015	2
2088_nback12	130	Picture	31	2491560	0	2	4145	3	0	4000	hit	270
2088_nback12	130	Response	1	2498025	6465	2
2088_nback12	130	Pulse	5	2502505	10945	1
2088_nback12	131	Picture	30	2509631	0	1	4145	2	0	4000	other	0
2088_nback12	131	Pulse	5	2522504	12873	2
2088_nback12	132	Picture	30	2527702	0	1	4145	2	0	4000	other	0
2088_nback12	132	Pulse	5	2542493	14791	2
2088_nback12	133	Picture	30	2545773	0	1	4144	3	0	4000	other	0
2088_nback12	133	Pulse	5	2562494	16721	1
2088_nback12	134	Picture	30	2563844	0	1	4144	3	0	4000	other	0
2088_nback12	135	Picture	31	2581914	0	2	4145	3	0	4000	hit	281
2088_nback12	135	Pulse	5	2582484	570	1
2088_nback12	135	Response	1	2586004	4090	1
2088_nback12	136	Picture	30	2599985	0	1	4145	2	0	4000	other	0
2088_nback12	136	Pulse	5	2602482	2497	2
2088_nback12	137	Picture	30	2618056	0	1	4145	2	0	4000	other	0
2088_nback12	137	Pulse	5	2622483	4427	1
