Scenario - 1-back
Logfile written - 06/28/2014 12:05:50

Subject	Trial	Event Type	Code	Time	TTime	Uncertainty	Duration	Uncertainty	ReqTime	ReqDur	Stim Type	Pair Index

2088_nback12	1	Pulse	5	156488	166323	2
2088_nback12	2	Pulse	5	176488	19874	2
2088_nback12	3	Picture	10	181648	0	2	4145	3	0	4000	other	0
2088_nback12	3	Pulse	5	196477	14829	2
2088_nback12	4	Picture	10	199719	0	1	4145	2	0	4000	other	0
2088_nback12	4	Pulse	5	216477	16758	1
2088_nback12	5	Picture	11	217790	0	1	4145	2	0	4000	hit	8
2088_nback12	5	Response	1	222396	4606	2
2088_nback12	6	Picture	10	235861	0	1	4144	3	0	4000	other	0
2088_nback12	6	Pulse	5	236476	615	2
2088_nback12	7	Picture	11	253932	0	1	4144	3	0	4000	hit	13
2088_nback12	7	Pulse	5	256465	2533	2
2088_nback12	7	Response	1	257105	3173	2
2088_nback12	8	Picture	10	272002	0	2	4145	3	0	4000	other	0
2088_nback12	8	Pulse	5	276465	4463	2
2088_nback12	9	Picture	10	290073	0	2	4145	3	0	4000	other	0
2088_nback12	9	Pulse	5	296464	6391	2
2088_nback12	10	Picture	10	308144	0	1	4145	2	0	4000	other	0
2088_nback12	10	Pulse	5	316614	8470	2
2088_nback12	11	Picture	11	326213	0	3	4147	4	0	4000	hit	21
2088_nback12	11	Response	1	329253	3040	3
2088_nback12	11	Pulse	5	336613	10400	3
2088_nback12	12	Picture	10	344286	0	1	4144	3	0	4000	other	0
2088_nback12	12	Pulse	5	356613	12327	2
2088_nback12	13	Picture	10	362356	0	2	4145	3	0	4000	other	0
2088_nback12	13	Pulse	5	376602	14246	2
2088_nback12	14	Picture	11	380427	0	1	4145	2	0	4000	hit	28
2088_nback12	14	Response	1	383642	3215	2
2088_nback12	14	Pulse	5	396602	16175	2
2088_nback12	15	Picture	10	398497	0	2	4146	3	0	4000	other	0
2088_nback12	16	Picture	10	416569	0	1	4145	2	0	4000	other	0
2088_nback12	16	Pulse	5	416601	32	2
2088_nback12	17	Picture	10	434640	0	1	4144	3	0	4000	other	0
2088_nback12	17	Pulse	5	436590	1950	2
2088_nback12	18	Picture	10	452710	0	2	4145	3	0	4000	other	0
2088_nback12	18	Pulse	5	456590	3880	2
2088_nback12	19	Pulse	5	476589	5808	2
2088_nback12	20	Picture	30	495815	0	1	4145	2	0	4000	other	0
2088_nback12	20	Pulse	5	496579	764	3
2088_nback12	21	Picture	30	513886	0	1	4145	2	0	4000	other	0
2088_nback12	21	Pulse	5	516578	2692	2
2088_nback12	22	Picture	31	531957	0	1	4144	3	0	4000	miss	0
2088_nback12	22	Pulse	5	536579	4622	1
2088_nback12	23	Picture	30	550028	0	1	4144	2	0	4000	other	0
2088_nback12	23	Pulse	5	556567	6539	2
2088_nback12	24	Picture	30	568098	0	2	4145	3	0	4000	other	0
2088_nback12	24	Pulse	5	576566	8468	2
2088_nback12	25	Picture	30	586169	0	1	4145	2	0	4000	other	0
2088_nback12	25	Pulse	5	596566	10397	2
2088_nback12	26	Picture	31	604240	0	1	4145	2	0	4000	hit	51
2088_nback12	26	Response	1	610156	5916	1
2088_nback12	26	Pulse	5	616555	12315	2
2088_nback12	27	Picture	31	622311	0	1	4144	3	0	4000	hit	54
2088_nback12	27	Response	1	630635	8324	2
2088_nback12	27	Pulse	5	636555	14244	2
2088_nback12	28	Picture	30	640381	0	3	4145	4	0	4000	other	0
2088_nback12	28	Pulse	5	656554	16173	2
2088_nback12	29	Picture	30	658452	0	1	4145	2	0	4000	other	0
2088_nback12	30	Picture	30	676523	0	1	4145	2	0	4000	other	0
2088_nback12	30	Pulse	5	676544	21	1
2088_nback12	31	Picture	31	694593	0	2	4145	4	0	4000	hit	63
2088_nback12	31	Pulse	5	696543	1950	2
2088_nback12	31	Response	1	701983	7390	2
2088_nback12	32	Picture	30	712665	0	1	4144	3	0	4000	other	0
2088_nback12	32	Pulse	5	716543	3878	1
2088_nback12	33	Picture	30	730736	0	1	4144	2	0	4000	other	0
2088_nback12	33	Pulse	5	736532	5796	2
2088_nback12	34	Picture	30	748806	0	2	4145	3	0	4000	other	0
2088_nback12	34	Pulse	5	756531	7725	2
2088_nback12	35	Picture	30	766877	0	1	4145	2	0	4000	other	0
2088_nback12	35	Pulse	5	776531	9654	2
2088_nback12	36	Pulse	5	796520	11572	3
2088_nback12	37	Picture	10	809982	0	1	4144	3	0	4000	other	0
2088_nback12	37	Pulse	5	816520	6538	2
2088_nback12	38	Picture	10	828053	0	1	4144	2	0	4000	other	0
2088_nback12	38	Pulse	5	836511	8458	1
2088_nback12	39	Picture	11	846123	0	2	4145	3	0	4000	hit	78
2088_nback12	39	Response	1	850750	4627	1
2088_nback12	39	Pulse	5	856510	10387	1
2088_nback12	40	Picture	10	864194	0	1	4145	2	0	4000	other	0
2088_nback12	40	Pulse	5	876508	12314	2
2088_nback12	41	Picture	11	882265	0	1	4145	2	0	4000	hit	83
2088_nback12	41	Response	1	885468	3203	2
2088_nback12	41	Pulse	5	896499	14234	1
2088_nback12	42	Picture	10	900336	0	1	4144	3	0	4000	other	0
2088_nback12	42	Pulse	5	916497	16161	2
2088_nback12	43	Picture	10	918407	0	1	4144	3	0	4000	other	0
2088_nback12	44	Picture	10	936477	0	2	4145	3	0	4000	false_alarm	90
2088_nback12	44	Pulse	5	936496	19	2
2088_nback12	44	Response	1	951377	14900	1
2088_nback12	45	Picture	11	954548	0	2	4145	3	0	4000	miss	0
2088_nback12	45	Pulse	5	956497	1949	1
2088_nback12	46	Picture	10	972619	0	1	4145	2	0	4000	other	0
2088_nback12	46	Pulse	5	976485	3866	2
2088_nback12	47	Picture	10	990690	0	1	4144	3	0	4000	other	0
2088_nback12	47	Pulse	5	996485	5795	1
2088_nback12	48	Picture	11	1008761	0	1	4138	10	0	4000	hit	98
2088_nback12	48	Response	1	1012484	3723	2
2088_nback12	48	Pulse	5	1016484	7723	2
2088_nback12	49	Picture	10	1026831	0	2	4145	3	0	4000	other	0
2088_nback12	49	Pulse	5	1036474	9643	1
2088_nback12	50	Picture	10	1044902	0	2	4145	3	0	4000	other	0
2088_nback12	50	Pulse	5	1056473	11571	2
2088_nback12	51	Picture	10	1062973	0	1	4145	2	0	4000	other	0
2088_nback12	51	Pulse	5	1076472	13499	2
2088_nback12	52	Picture	10	1081044	0	1	4145	2	0	4000	other	0
2088_nback12	52	Pulse	5	1096462	15418	2
2088_nback12	53	Pulse	5	1116461	17346	2
2088_nback12	54	Picture	20	1124149	0	1	4144	2	0	4000	other	0
2088_nback12	54	Pulse	5	1136461	12312	2
2088_nback12	55	Picture	20	1142219	0	2	4145	3	0	4000	other	0
2088_nback12	55	Pulse	5	1156450	14231	2
2088_nback12	56	Picture	21	1160290	0	2	4145	3	0	4000	hit	114
2088_nback12	56	Response	1	1164130	3840	2
2088_nback12	56	Pulse	5	1176450	16160	1
2088_nback12	57	Picture	20	1178361	0	1	4145	2	0	4000	other	0
2088_nback12	58	Picture	20	1196432	0	3	4144	5	0	4000	other	0
2088_nback12	58	Pulse	5	1196449	17	2
2088_nback12	59	Picture	20	1214503	0	1	4144	2	0	4000	other	0
2088_nback12	59	Pulse	5	1216438	1935	2
2088_nback12	60	Picture	21	1232573	0	2	4145	3	0	4000	hit	123
2088_nback12	60	Pulse	5	1236438	3865	2
2088_nback12	60	Response	1	1236758	4185	2
2088_nback12	61	Picture	20	1250644	0	1	4145	2	0	4000	false_alarm	125
2088_nback12	61	Response	1	1256437	5793	2
2088_nback12	61	Pulse	5	1256437	5793	2
2088_nback12	62	Picture	20	1268715	0	1	4145	2	0	4000	other	0
2088_nback12	62	Pulse	5	1276427	7712	2
2088_nback12	63	Picture	20	1286786	0	1	4144	3	0	4000	other	0
2088_nback12	63	Pulse	5	1296426	9640	3
2088_nback12	64	Picture	20	1304857	0	1	4144	3	0	4000	other	0
2088_nback12	64	Pulse	5	1316426	11569	2
2088_nback12	65	Picture	20	1322927	0	2	4145	3	0	4000	other	0
2088_nback12	65	Pulse	5	1336415	13488	2
2088_nback12	66	Picture	21	1340998	0	1	4145	2	0	4000	hit	136
2088_nback12	66	Response	1	1345375	4377	2
2088_nback12	66	Pulse	5	1356414	15416	2
2088_nback12	67	Picture	20	1359069	0	1	4145	2	0	4000	other	0
2088_nback12	67	Pulse	5	1376574	17505	2
2088_nback12	68	Picture	20	1377140	0	1	4144	3	0	4000	other	0
2088_nback12	69	Picture	21	1395211	0	1	4144	2	0	4000	hit	143
2088_nback12	69	Pulse	5	1396563	1352	2
2088_nback12	69	Response	1	1398963	3752	3
2088_nback12	70	Pulse	5	1416563	3282	2
2088_nback12	70	Pulse	5	1436562	23281	2
2088_nback12	71	Picture	10	1438315	0	1	4145	2	0	4000	other	0
2088_nback12	72	Picture	10	1456386	0	1	4145	2	0	4000	other	0
2088_nback12	72	Pulse	5	1456552	166	1
2088_nback12	73	Picture	11	1474432	0	27	4169	29	0	4000	hit	151
2088_nback12	73	Pulse	5	1476551	2119	2
2088_nback12	73	Response	1	1479751	5319	2
2088_nback12	74	Picture	10	1492528	0	1	4144	3	0	4000	other	0
2088_nback12	74	Pulse	5	1496551	4023	1
2088_nback12	75	Picture	11	1510598	0	2	4145	3	0	4000	hit	155
2088_nback12	75	Response	1	1514620	4022	2
2088_nback12	75	Pulse	5	1516540	5942	2
2088_nback12	76	Picture	10	1528669	0	1	4145	2	0	4000	other	0
2088_nback12	76	Pulse	5	1536539	7870	2
2088_nback12	77	Picture	10	1546740	0	1	4145	2	0	4000	other	0
2088_nback12	77	Pulse	5	1556540	9800	1
2088_nback12	78	Picture	11	1564811	0	1	4145	2	0	4000	hit	162
2088_nback12	78	Response	1	1570288	5477	2
2088_nback12	78	Pulse	5	1576528	11717	2
2088_nback12	79	Picture	10	1582882	0	1	4144	3	0	4000	other	0
2088_nback12	79	Pulse	5	1596528	13646	2
2088_nback12	80	Picture	10	1600952	0	2	4145	3	0	4000	other	0
2088_nback12	80	Pulse	5	1616527	15575	2
2088_nback12	81	Picture	10	1619023	0	1	4145	2	0	4000	other	0
2088_nback12	81	Pulse	5	1636518	17495	1
2088_nback12	82	Picture	10	1637094	0	1	4145	2	0	4000	other	0
2088_nback12	83	Picture	10	1655165	0	1	4145	2	0	4000	other	0
2088_nback12	83	Pulse	5	1656516	1351	2
2088_nback12	84	Picture	11	1673236	0	1	4144	3	0	4000	hit	175
2088_nback12	84	Pulse	5	1676507	3271	1
2088_nback12	84	Response	1	1677147	3911	1
2088_nback12	85	Picture	10	1691307	0	1	4144	2	0	4000	other	0
2088_nback12	85	Pulse	5	1696505	5198	2
2088_nback12	86	Picture	10	1709377	0	2	4145	3	0	4000	other	0
2088_nback12	86	Pulse	5	1716504	7127	2
2088_nback12	87	Pulse	5	1736505	9057	1
2088_nback12	88	Picture	30	1752482	0	1	4145	2	0	4000	other	0
2088_nback12	88	Pulse	5	1756493	4011	3
2088_nback12	89	Picture	30	1770553	0	1	4144	3	0	4000	other	0
2088_nback12	89	Pulse	5	1776493	5940	2
2088_nback12	90	Picture	30	1788624	0	1	4144	2	0	4000	other	0
2088_nback12	90	Pulse	5	1796494	7870	1
2088_nback12	91	Picture	31	1806694	0	2	4145	3	0	4000	hit	188
2088_nback12	91	Response	1	1811203	4509	1
2088_nback12	91	Pulse	5	1816483	9789	1
2088_nback12	92	Picture	31	1824765	0	1	4145	2	0	4000	hit	191
2088_nback12	92	Response	1	1830880	6115	3
2088_nback12	92	Pulse	5	1836481	11716	2
2088_nback12	93	Picture	30	1842836	0	1	4145	2	0	4000	other	0
2088_nback12	93	Pulse	5	1856480	13644	2
2088_nback12	94	Picture	30	1860907	0	1	4144	3	0	4000	other	0
2088_nback12	94	Pulse	5	1876471	15564	1
2088_nback12	95	Picture	30	1878978	0	1	4144	2	0	4000	other	0
2088_nback12	95	Pulse	5	1896469	17491	2
2088_nback12	96	Picture	31	1897048	0	2	4145	3	0	4000	hit	200
2088_nback12	96	Response	1	1903669	6621	2
2088_nback12	97	Picture	30	1915119	0	1	4145	2	0	4000	other	0
2088_nback12	97	Pulse	5	1916469	1350	1
2088_nback12	98	Picture	30	1933190	0	1	4145	2	0	4000	other	0
2088_nback12	98	Pulse	5	1936458	3268	2
2088_nback12	99	Picture	30	1951261	0	1	4145	2	0	4000	other	0
2088_nback12	99	Pulse	5	1956458	5197	1
2088_nback12	100	Picture	30	1969331	0	3	4145	5	0	4000	other	0
2088_nback12	100	Pulse	5	1976457	7126	2
2088_nback12	101	Picture	31	1987402	0	2	4145	3	0	4000	hit	210
2088_nback12	101	Response	1	1993407	6005	1
2088_nback12	101	Pulse	5	1996446	9044	2
2088_nback12	102	Picture	30	2005473	0	1	4145	2	0	4000	other	0
2088_nback12	102	Pulse	5	2016446	10973	2
2088_nback12	103	Picture	30	2023544	0	1	4144	3	0	4000	other	0
2088_nback12	103	Pulse	5	2036445	12901	2
2088_nback12	104	Pulse	5	2056435	14820	2
2088_nback12	105	Picture	10	2066649	0	1	4144	3	0	4000	other	0
2088_nback12	105	Pulse	5	2076434	9785	2
2088_nback12	106	Picture	10	2084720	0	1	4144	2	0	4000	other	0
2088_nback12	106	Pulse	5	2096434	11714	1
2088_nback12	107	Picture	11	2102790	0	2	4145	3	0	4000	hit	222
2088_nback12	107	Response	1	2108103	5313	2
2088_nback12	107	Pulse	5	2116423	13633	2
2088_nback12	108	Picture	10	2120861	0	1	4145	2	0	4000	other	0
2088_nback12	108	Pulse	5	2136422	15561	2
2088_nback12	109	Picture	11	2138932	0	1	4145	2	0	4000	hit	227
2088_nback12	109	Response	1	2142343	3411	1
2088_nback12	109	Pulse	5	2156422	17490	2
2088_nback12	110	Picture	10	2157003	0	1	4144	3	0	4000	other	0
2088_nback12	111	Picture	10	2175074	0	1	4144	2	0	4000	other	0
2088_nback12	111	Pulse	5	2176411	1337	2
2088_nback12	112	Picture	11	2193144	0	2	4145	3	0	4000	hit	234
2088_nback12	112	Pulse	5	2196411	3267	2
2088_nback12	112	Response	1	2198171	5027	2
2088_nback12	113	Picture	10	2211215	0	1	4145	2	0	4000	other	0
2088_nback12	113	Pulse	5	2216410	5195	2
2088_nback12	114	Picture	10	2229286	0	1	4145	2	0	4000	other	0
2088_nback12	114	Pulse	5	2236400	7114	2
2088_nback12	115	Picture	10	2247357	0	1	4144	3	0	4000	other	0
2088_nback12	115	Pulse	5	2256399	9042	3
2088_nback12	116	Picture	10	2265428	0	1	4144	2	0	4000	other	0
2088_nback12	116	Pulse	5	2276399	10971	2
2088_nback12	117	Picture	10	2283498	0	2	4145	3	0	4000	other	0
2088_nback12	117	Pulse	5	2296388	12890	3
2088_nback12	118	Picture	11	2301569	0	1	4145	2	0	4000	miss	0
2088_nback12	118	Pulse	5	2316387	14818	4
2088_nback12	119	Picture	10	2319640	0	1	4145	2	0	4000	other	0
2088_nback12	119	Pulse	5	2336387	16747	3
2088_nback12	120	Picture	10	2337711	0	1	4144	3	0	4000	other	0
2088_nback12	121	Pulse	5	2356376	594	2
2088_nback12	121	Pulse	5	2376376	20594	2
2088_nback12	122	Picture	20	2380815	0	2	4145	3	0	4000	other	0
2088_nback12	122	Pulse	5	2396375	15560	2
2088_nback12	123	Picture	20	2398886	0	1	4145	2	0	4000	other	0
2088_nback12	123	Pulse	5	2416525	17639	1
2088_nback12	124	Picture	20	2416957	0	1	4145	2	0	4000	other	0
2088_nback12	125	Picture	21	2435028	0	1	4145	2	0	4000	hit	259
2088_nback12	125	Pulse	5	2436524	1496	2
2088_nback12	125	Response	1	2438924	3896	2
2088_nback12	126	Picture	20	2453099	0	1	4144	3	0	4000	other	0
2088_nback12	126	Pulse	5	2456523	3424	2
2088_nback12	127	Picture	20	2471169	0	2	4145	3	0	4000	other	0
2088_nback12	127	Pulse	5	2476513	5344	2
2088_nback12	128	Picture	21	2489240	0	1	4145	2	0	4000	hit	265
2088_nback12	128	Response	1	2493152	3912	2
2088_nback12	128	Pulse	5	2496512	7272	2
2088_nback12	129	Picture	20	2507311	0	1	4145	2	0	4000	other	0
2088_nback12	129	Pulse	5	2516512	9201	2
2088_nback12	130	Picture	20	2525382	0	1	4145	2	0	4000	other	0
2088_nback12	130	Pulse	5	2536501	11119	2
2088_nback12	131	Picture	20	2543453	0	1	4144	3	0	4000	other	0
2088_nback12	131	Pulse	5	2556501	13048	1
2088_nback12	132	Picture	21	2561523	0	2	4145	3	0	4000	hit	274
2088_nback12	132	Response	1	2565620	4097	2
2088_nback12	132	Pulse	5	2576500	14977	2
2088_nback12	133	Picture	20	2579594	0	2	4145	3	0	4000	other	0
2088_nback12	133	Pulse	5	2596490	16896	1
2088_nback12	134	Picture	20	2597665	0	1	4145	2	0	4000	other	0
2088_nback12	135	Picture	21	2615736	0	1	4145	2	0	4000	hit	281
2088_nback12	135	Pulse	5	2616490	754	1
2088_nback12	135	Response	1	2620169	4433	2
2088_nback12	136	Picture	20	2633806	0	2	4145	4	0	4000	other	0
2088_nback12	136	Pulse	5	2636488	2682	2
2088_nback12	137	Picture	20	2651878	0	1	4144	2	0	4000	other	0
2088_nback12	137	Pulse	5	2656478	4600	2
