Scenario - 1-back
Logfile written - 06/28/2014 12:59:29

Subject	Trial	Event Type	Code	Time	TTime	Uncertainty	Duration	Uncertainty	ReqTime	ReqDur	Stim Type	Pair Index

2088	1	Pulse	5	112659	122493	2
2088	2	Pulse	5	132659	19977	2
2088	3	Picture	10	137715	0	2	4145	3	0	4000	other	0
2088	3	Pulse	5	152807	15092	3
2088	4	Picture	10	155786	0	1	4145	2	0	4000	other	0
2088	4	Pulse	5	172808	17022	1
2088	5	Picture	11	173857	0	1	4144	4	0	4000	hit	8
2088	5	Response	1	177608	3751	1
2088	6	Picture	10	191928	0	1	4144	3	0	4000	other	0
2088	6	Pulse	5	192808	880	1
2088	7	Picture	11	209999	0	1	4144	3	0	4000	hit	13
2088	7	Pulse	5	212797	2798	1
2088	7	Response	1	214875	4876	3
2088	8	Picture	10	228069	0	2	4145	3	0	4000	other	0
2088	8	Pulse	5	232796	4727	2
2088	9	Picture	10	246140	0	2	4145	3	0	4000	other	0
2088	9	Pulse	5	252795	6655	2
2088	10	Picture	10	264211	0	1	4145	2	0	4000	other	0
2088	10	Pulse	5	272785	8574	2
2088	11	Picture	11	282282	0	1	4145	2	0	4000	miss	0
2088	11	Pulse	5	292784	10502	2
2088	12	Picture	10	300353	0	1	4144	3	0	4000	other	0
2088	12	Pulse	5	312784	12431	1
2088	13	Picture	10	318423	0	2	4145	3	0	4000	other	0
2088	13	Pulse	5	332773	14350	2
2088	14	Picture	11	336494	0	1	4145	2	0	4000	hit	27
2088	14	Response	1	341413	4919	3
2088	14	Pulse	5	352773	16279	2
2088	15	Picture	10	354565	0	1	4145	2	0	4000	other	0
2088	16	Picture	10	372636	0	1	4145	2	0	4000	other	0
2088	16	Pulse	5	372772	136	2
2088	17	Picture	10	390707	0	1	4144	3	0	4000	other	0
2088	17	Pulse	5	392761	2054	2
2088	18	Picture	10	408778	0	1	4144	2	0	4000	other	0
2088	18	Pulse	5	412762	3984	1
2088	19	Pulse	5	432760	5912	2
2088	20	Picture	20	451882	0	1	4145	2	0	4000	other	0
2088	20	Pulse	5	452750	868	2
2088	21	Picture	20	469953	0	1	4145	2	0	4000	other	0
2088	21	Pulse	5	472751	2798	1
2088	22	Picture	21	488024	0	1	4144	4	0	4000	hit	43
2088	22	Pulse	5	492749	4725	1
2088	22	Response	1	493869	5845	1
2088	23	Picture	20	506095	0	1	4144	2	0	4000	other	0
2088	23	Pulse	5	512738	6643	2
2088	24	Picture	20	524165	0	2	4145	3	0	4000	other	0
2088	24	Pulse	5	532737	8572	2
2088	25	Picture	20	542236	0	1	4145	2	0	4000	other	0
2088	25	Pulse	5	552737	10501	2
2088	26	Picture	21	560307	0	1	4143	4	0	4000	hit	51
2088	26	Response	1	565377	5070	1
2088	26	Pulse	5	572726	12419	2
2088	27	Picture	20	578378	0	1	4144	3	0	4000	other	0
2088	27	Pulse	5	592727	14349	1
2088	28	Picture	20	596449	0	1	4144	2	0	4000	other	0
2088	28	Pulse	5	612727	16278	1
2088	29	Picture	20	614519	0	2	4145	3	0	4000	other	0
2088	30	Picture	20	632590	0	1	4145	2	0	4000	other	0
2088	30	Pulse	5	632716	126	1
2088	31	Picture	20	650661	0	1	4145	2	0	4000	false_alarm	62
2088	31	Pulse	5	652714	2053	2
2088	31	Response	1	656234	5573	2
2088	32	Picture	21	668732	0	1	4144	3	0	4000	hit	65
2088	32	Pulse	5	672715	3983	1
2088	32	Response	1	676875	8143	1
2088	33	Picture	20	686803	0	1	4144	2	0	4000	other	0
2088	33	Pulse	5	692703	5900	2
2088	34	Picture	20	704873	0	2	4145	3	0	4000	other	0
2088	34	Pulse	5	712703	7830	1
2088	35	Picture	21	722944	0	1	4145	2	0	4000	hit	71
2088	35	Response	1	729182	6238	2
2088	35	Pulse	5	732702	9758	2
2088	36	Pulse	5	752691	11676	2
2088	37	Picture	10	766049	0	1	4145	2	0	4000	other	0
2088	37	Pulse	5	772691	6642	2
2088	38	Picture	10	784120	0	1	4144	3	0	4000	other	0
2088	38	Pulse	5	792690	8570	2
2088	39	Picture	11	802190	0	2	4145	4	0	4000	hit	79
2088	39	Response	1	807080	4890	2
2088	39	Pulse	5	812680	10490	2
2088	40	Picture	10	820261	0	2	4145	3	0	4000	other	0
2088	40	Pulse	5	832679	12418	2
2088	41	Picture	11	838332	0	1	4145	2	0	4000	miss	0
2088	41	Pulse	5	852678	14346	3
2088	42	Picture	10	856403	0	1	4145	2	0	4000	other	0
2088	42	Pulse	5	872668	16265	2
2088	43	Picture	10	874474	0	1	4143	4	0	4000	other	0
2088	44	Picture	10	892545	0	1	4144	2	0	4000	other	0
2088	44	Pulse	5	892667	122	2
2088	45	Picture	11	910615	0	2	4145	3	0	4000	hit	92
2088	45	Pulse	5	912667	2052	2
2088	45	Response	1	915227	4612	2
2088	46	Picture	10	928686	0	1	4145	2	0	4000	other	0
2088	46	Pulse	5	932656	3970	2
2088	47	Picture	10	946757	0	1	4145	2	0	4000	other	0
2088	47	Pulse	5	952656	5899	2
2088	48	Picture	11	964828	0	1	4144	3	0	4000	hit	98
2088	48	Response	1	970254	5426	3
2088	48	Pulse	5	972655	7827	2
2088	49	Picture	10	982898	0	2	4145	3	0	4000	other	0
2088	49	Pulse	5	992645	9747	1
2088	50	Picture	10	1000969	0	2	4145	3	0	4000	other	0
2088	50	Pulse	5	1012644	11675	2
2088	51	Picture	10	1019040	0	1	4145	2	0	4000	other	0
2088	51	Pulse	5	1032643	13603	2
2088	52	Picture	10	1037111	0	1	4145	2	0	4000	other	0
2088	52	Pulse	5	1052633	15522	2
2088	53	Pulse	5	1072632	17450	3
2088	54	Picture	30	1080216	0	1	4144	2	0	4000	other	0
2088	54	Pulse	5	1092632	12416	2
2088	55	Picture	30	1098286	0	2	4145	3	0	4000	other	0
2088	55	Pulse	5	1112621	14335	2
2088	56	Picture	31	1116357	0	1	4145	2	0	4000	hit	114
2088	56	Response	1	1126381	10024	2
2088	56	Pulse	5	1132621	16264	1
2088	57	Picture	30	1134428	0	1	4145	2	0	4000	other	0
2088	58	Picture	30	1152499	0	1	4144	3	0	4000	other	0
2088	58	Pulse	5	1152620	121	2
2088	59	Picture	30	1170570	0	1	4144	2	0	4000	other	0
2088	59	Pulse	5	1172609	2039	4
2088	60	Picture	31	1188640	0	2	4145	3	0	4000	hit	123
2088	60	Pulse	5	1192769	4129	2
2088	60	Response	1	1197249	8609	2
2088	61	Picture	31	1206711	0	1	4145	2	0	4000	miss	0
2088	61	Pulse	5	1212768	6057	2
2088	62	Picture	30	1224782	0	1	4145	2	0	4000	other	0
2088	62	Pulse	5	1232758	7976	2
2088	63	Picture	30	1242853	0	1	4144	3	0	4000	false_alarm	129
2088	63	Response	1	1249557	6704	2
2088	63	Pulse	5	1252757	9904	2
2088	64	Picture	30	1260924	0	1	4143	4	0	4000	other	0
2088	64	Pulse	5	1272757	11833	1
2088	65	Picture	31	1278994	0	2	4145	3	0	4000	hit	134
2088	65	Response	1	1289066	10072	3
2088	65	Pulse	5	1292746	13752	2
2088	66	Picture	30	1297065	0	1	4145	2	0	4000	other	0
2088	66	Pulse	5	1312745	15680	3
2088	67	Picture	30	1315136	0	1	4145	2	0	4000	other	0
2088	67	Pulse	5	1332745	17609	2
2088	68	Picture	30	1333207	0	1	4144	3	0	4000	other	0
2088	69	Picture	30	1351278	0	1	4144	2	0	4000	other	0
2088	69	Pulse	5	1352734	1456	2
2088	70	Pulse	5	1372734	3386	2
2088	70	Pulse	5	1392733	23385	2
2088	71	Picture	10	1394382	0	2	4145	3	0	4000	other	0
2088	72	Picture	10	1412453	0	2	4145	3	0	4000	other	0
2088	72	Pulse	5	1412724	271	1
2088	73	Picture	11	1430524	0	1	4145	2	0	4000	miss	0
2088	73	Pulse	5	1432722	2198	2
2088	74	Picture	10	1448595	0	1	4144	3	0	4000	other	0
2088	74	Pulse	5	1452721	4126	2
2088	75	Picture	11	1466666	0	1	4144	4	0	4000	hit	154
2088	75	Pulse	5	1472711	6045	2
2088	75	Response	1	1473351	6685	2
2088	76	Picture	10	1484736	0	2	4145	3	0	4000	other	0
2088	76	Pulse	5	1492712	7976	1
2088	77	Picture	10	1502807	0	1	4145	2	0	4000	other	0
2088	77	Pulse	5	1512710	9903	2
2088	78	Picture	11	1520878	0	1	4145	2	0	4000	hit	160
2088	78	Response	1	1526299	5421	2
2088	78	Pulse	5	1532699	11821	2
2088	79	Picture	10	1538949	0	1	4144	3	0	4000	other	0
2088	79	Pulse	5	1552699	13750	2
2088	80	Picture	10	1557018	0	3	4146	4	0	4000	other	0
2088	80	Pulse	5	1572699	15681	2
2088	81	Picture	10	1575090	0	2	4145	3	0	4000	other	0
2088	81	Pulse	5	1592688	17598	2
2088	82	Picture	10	1593161	0	1	4145	2	0	4000	other	0
2088	83	Picture	10	1611232	0	1	4145	2	0	4000	other	0
2088	83	Pulse	5	1612687	1455	2
2088	84	Picture	11	1629303	0	1	4144	3	0	4000	miss	0
2088	84	Pulse	5	1632686	3383	2
2088	85	Picture	10	1647373	0	2	4145	3	0	4000	other	0
2088	85	Pulse	5	1652676	5303	2
2088	86	Picture	10	1665444	0	2	4145	3	0	4000	other	0
2088	86	Pulse	5	1672675	7231	2
2088	87	Pulse	5	1692675	9160	2
2088	88	Picture	20	1708549	0	1	4145	2	0	4000	other	0
2088	88	Pulse	5	1712664	4115	2
2088	89	Picture	20	1726620	0	1	4145	2	0	4000	other	0
2088	89	Pulse	5	1732664	6044	2
2088	90	Picture	20	1744691	0	1	4144	2	0	4000	other	0
2088	90	Pulse	5	1752663	7972	2
2088	91	Picture	21	1762761	0	2	4145	3	0	4000	hit	185
2088	91	Response	1	1769293	6532	2
2088	91	Pulse	5	1772652	9891	3
2088	92	Picture	20	1780832	0	1	4145	2	0	4000	other	0
2088	92	Pulse	5	1792652	11820	3
2088	93	Picture	20	1798903	0	1	4145	2	0	4000	other	0
2088	93	Pulse	5	1812651	13748	4
2088	94	Picture	21	1816974	0	1	4144	3	0	4000	miss	0
2088	94	Pulse	5	1832641	15667	2
2088	95	Picture	20	1835045	0	1	4144	2	0	4000	other	0
2088	95	Pulse	5	1852640	17595	2
2088	96	Picture	20	1853115	0	2	4145	3	0	4000	false_alarm	196
2088	96	Response	1	1867680	14565	2
2088	97	Picture	20	1871186	0	1	4145	2	0	4000	other	0
2088	97	Pulse	5	1872640	1454	2
2088	98	Picture	21	1889257	0	1	4145	2	0	4000	hit	201
2088	98	Pulse	5	1892629	3372	3
2088	98	Response	1	1894709	5452	2
2088	99	Picture	20	1907328	0	1	4145	2	0	4000	other	0
2088	99	Pulse	5	1912628	5300	3
2088	100	Picture	20	1925399	0	1	4144	3	0	4000	other	0
2088	100	Pulse	5	1932627	7228	3
2088	101	Picture	21	1943469	0	2	4145	3	0	4000	hit	207
2088	101	Response	1	1947658	4189	1
2088	101	Pulse	5	1952617	9148	2
2088	102	Picture	20	1961540	0	1	4145	2	0	4000	other	0
2088	102	Pulse	5	1972617	11077	2
2088	103	Picture	20	1979611	0	1	4145	2	0	4000	other	0
2088	103	Pulse	5	1992616	13005	2
2088	104	Pulse	5	2012606	14924	2
2088	105	Picture	10	2022716	0	1	4144	3	0	4000	other	0
2088	105	Pulse	5	2032605	9889	2
2088	106	Picture	10	2040787	0	1	4144	2	0	4000	other	0
2088	106	Pulse	5	2052605	11818	1
2088	107	Picture	11	2058857	0	1	4145	2	0	4000	hit	219
2088	107	Response	1	2063164	4307	2
2088	107	Pulse	5	2072594	13737	2
2088	108	Picture	10	2076928	0	3	4145	4	0	4000	other	0
2088	108	Pulse	5	2092594	15666	1
2088	109	Picture	11	2094999	0	1	4145	2	0	4000	hit	224
2088	109	Response	1	2099793	4794	2
2088	109	Pulse	5	2112593	17594	2
2088	110	Picture	10	2113070	0	1	4144	3	0	4000	other	0
2088	111	Picture	10	2131141	0	1	4144	3	0	4000	other	0
2088	111	Pulse	5	2132582	1441	2
2088	112	Picture	11	2149211	0	1	4145	2	0	4000	hit	231
2088	112	Pulse	5	2152582	3371	2
2088	112	Response	1	2153862	4651	2
2088	113	Picture	10	2167282	0	1	4145	2	0	4000	other	0
2088	113	Pulse	5	2172581	5299	2
2088	114	Picture	10	2185353	0	1	4145	2	0	4000	other	0
2088	114	Pulse	5	2192571	7218	2
2088	115	Picture	10	2203424	0	1	4144	3	0	4000	other	0
2088	115	Pulse	5	2212570	9146	2
2088	116	Picture	10	2221495	0	1	4144	2	0	4000	other	0
2088	116	Pulse	5	2232730	11235	1
2088	117	Picture	10	2239565	0	2	4145	3	0	4000	other	0
2088	117	Pulse	5	2252719	13154	2
2088	118	Picture	11	2257636	0	1	4145	2	0	4000	hit	243
2088	118	Response	1	2261679	4043	2
2088	118	Pulse	5	2272718	15082	3
2088	119	Picture	10	2275707	0	1	4145	2	0	4000	other	0
2088	119	Pulse	5	2292718	17011	2
2088	120	Picture	10	2293778	0	2	4144	4	0	4000	other	0
2088	121	Pulse	5	2312707	858	2
2088	121	Pulse	5	2332707	20858	2
2088	122	Picture	30	2336882	0	2	4144	4	0	4000	other	0
2088	122	Pulse	5	2352706	15824	2
2088	123	Picture	30	2354953	0	1	4145	2	0	4000	other	0
2088	123	Pulse	5	2372696	17743	1
2088	124	Picture	30	2373024	0	1	4145	2	0	4000	other	0
2088	125	Picture	31	2391095	0	2	4145	3	0	4000	hit	257
2088	125	Pulse	5	2392695	1600	2
2088	125	Response	1	2396215	5120	2
2088	126	Picture	31	2409166	0	1	4144	2	0	4000	hit	260
2088	126	Pulse	5	2412694	3528	2
2088	126	Response	1	2422294	13128	3
2088	127	Picture	30	2427236	0	2	4145	3	0	4000	other	0
2088	127	Pulse	5	2432685	5449	2
2088	128	Picture	30	2445307	0	1	4145	4	0	4000	other	0
2088	128	Pulse	5	2452683	7376	2
2088	129	Picture	30	2463378	0	1	4145	2	0	4000	other	0
2088	129	Pulse	5	2472683	9305	2
2088	130	Picture	31	2481449	0	1	4144	3	0	4000	miss	0
2088	130	Pulse	5	2492672	11223	3
2088	131	Picture	30	2499520	0	1	4144	3	0	4000	other	0
2088	131	Pulse	5	2512672	13152	2
2088	132	Picture	30	2517590	0	2	4145	3	0	4000	other	0
2088	132	Pulse	5	2532671	15081	2
2088	133	Picture	30	2535661	0	1	4145	2	0	4000	other	0
2088	133	Pulse	5	2552662	17001	1
2088	134	Picture	30	2553732	0	1	4145	2	0	4000	other	0
2088	135	Picture	31	2571803	0	1	4145	2	0	4000	hit	278
2088	135	Pulse	5	2572660	857	2
2088	135	Response	1	2576500	4697	2
2088	136	Picture	30	2589874	0	1	4144	3	0	4000	other	0
2088	136	Pulse	5	2592659	2785	3
2088	137	Picture	30	2607944	0	2	4145	3	0	4000	false_alarm	283
2088	137	Pulse	5	2612650	4706	1
2088	137	Response	1	2612810	4866	1
