Scenario - 1-back
Logfile written - 06/28/2014 11:52:04

Subject	Trial	Event Type	Code	Time	TTime	Uncertainty	Duration	Uncertainty	ReqTime	ReqDur	Stim Type	Pair Index

2088_nback12	1	Pulse	5	97820	107654	1
2088_nback12	2	Pulse	5	117809	19883	4
2088_nback12	3	Picture	10	122960	0	2	4145	3	0	4000	other	0
2088_nback12	3	Pulse	5	137808	14848	4
2088_nback12	4	Picture	10	141031	0	1	4145	2	0	4000	other	0
2088_nback12	4	Pulse	5	157807	16776	4
2088_nback12	5	Picture	11	159102	0	1	4145	2	0	4000	hit	8
2088_nback12	5	Response	1	162768	3666	4
2088_nback12	6	Picture	10	177173	0	1	4144	3	0	4000	other	0
2088_nback12	6	Pulse	5	177797	624	2
2088_nback12	7	Picture	11	195243	0	2	4145	3	0	4000	hit	13
2088_nback12	7	Pulse	5	197797	2554	2
2088_nback12	7	Response	1	198917	3674	1
2088_nback12	8	Picture	10	213314	0	1	4145	2	0	4000	other	0
2088_nback12	8	Pulse	5	217796	4482	2
2088_nback12	9	Picture	10	231385	0	1	4145	2	0	4000	other	0
2088_nback12	9	Pulse	5	237786	6401	1
2088_nback12	10	Picture	10	249456	0	1	4144	3	0	4000	other	0
2088_nback12	10	Pulse	5	257785	8329	2
2088_nback12	11	Picture	11	267527	0	1	4144	3	0	4000	hit	21
2088_nback12	11	Response	1	271385	3858	1
2088_nback12	11	Pulse	5	277784	10257	2
2088_nback12	12	Picture	10	285597	0	2	4145	3	0	4000	other	0
2088_nback12	12	Pulse	5	297774	12177	2
2088_nback12	13	Picture	10	303668	0	1	4145	2	0	4000	other	0
2088_nback12	13	Pulse	5	317773	14105	2
2088_nback12	14	Picture	11	321739	0	1	4144	4	0	4000	hit	28
2088_nback12	14	Response	1	325293	3554	2
2088_nback12	14	Pulse	5	337774	16035	1
2088_nback12	15	Picture	10	339810	0	1	4144	3	0	4000	other	0
2088_nback12	15	Pulse	5	357762	17952	2
2088_nback12	16	Picture	10	357880	0	2	4145	3	0	4000	other	0
2088_nback12	17	Picture	10	375951	0	2	4145	3	0	4000	other	0
2088_nback12	17	Pulse	5	377762	1811	1
2088_nback12	18	Picture	10	394022	0	1	4145	2	0	4000	other	0
2088_nback12	18	Pulse	5	397761	3739	2
2088_nback12	19	Pulse	5	417751	5658	1
2088_nback12	20	Picture	20	437127	0	1	4144	3	0	4000	other	0
2088_nback12	20	Pulse	5	437750	623	2
2088_nback12	21	Picture	20	455198	0	1	4144	2	0	4000	other	0
2088_nback12	21	Pulse	5	457741	2543	1
2088_nback12	22	Picture	21	473268	0	2	4145	3	0	4000	hit	44
2088_nback12	22	Pulse	5	477739	4471	2
2088_nback12	22	Response	1	478539	5271	2
2088_nback12	23	Picture	20	491338	0	2	4146	3	0	4000	other	0
2088_nback12	23	Pulse	5	497738	6400	2
2088_nback12	24	Picture	20	509410	0	1	4145	2	0	4000	other	0
2088_nback12	24	Pulse	5	517739	8329	1
2088_nback12	25	Picture	20	527481	0	1	4144	3	0	4000	other	0
2088_nback12	25	Pulse	5	537727	10246	2
2088_nback12	26	Picture	21	545551	0	2	4145	3	0	4000	hit	52
2088_nback12	26	Response	1	550687	5136	2
2088_nback12	26	Pulse	5	557727	12176	1
2088_nback12	27	Picture	20	563622	0	1	4145	2	0	4000	other	0
2088_nback12	27	Pulse	5	577726	14104	2
2088_nback12	28	Picture	20	581693	0	1	4145	2	0	4000	other	0
2088_nback12	28	Pulse	5	597715	16022	3
2088_nback12	29	Picture	20	599764	0	1	4145	2	0	4000	other	0
2088_nback12	29	Pulse	5	617717	17953	1
2088_nback12	30	Picture	20	617835	0	1	4144	3	0	4000	other	0
2088_nback12	31	Picture	20	635905	0	2	4145	3	0	4000	other	0
2088_nback12	31	Pulse	5	637716	1811	1
2088_nback12	32	Picture	21	653976	0	1	4145	2	0	4000	hit	65
2088_nback12	32	Pulse	5	657704	3728	2
2088_nback12	32	Response	1	659144	5168	1
2088_nback12	33	Picture	20	672047	0	1	4145	2	0	4000	other	0
2088_nback12	33	Pulse	5	677703	5656	2
2088_nback12	34	Picture	20	690118	0	1	4144	3	0	4000	other	0
2088_nback12	34	Pulse	5	697703	7585	1
2088_nback12	35	Picture	21	708189	0	1	4144	2	0	4000	hit	71
2088_nback12	35	Response	1	716412	8223	2
2088_nback12	35	Pulse	5	717692	9503	2
2088_nback12	36	Pulse	5	737691	11432	2
2088_nback12	37	Picture	10	751293	0	1	4145	2	0	4000	other	0
2088_nback12	37	Pulse	5	757691	6398	2
2088_nback12	38	Picture	10	769364	0	1	4145	2	0	4000	other	0
2088_nback12	38	Pulse	5	777680	8316	2
2088_nback12	39	Picture	11	787435	0	1	4144	4	0	4000	hit	79
2088_nback12	39	Response	1	792399	4964	3
2088_nback12	39	Pulse	5	797680	10245	2
2088_nback12	40	Picture	10	805506	0	1	4144	2	0	4000	other	0
2088_nback12	40	Pulse	5	817679	12173	2
2088_nback12	41	Picture	11	823576	0	2	4145	3	0	4000	miss	0
2088_nback12	41	Pulse	5	837669	14093	1
2088_nback12	42	Picture	10	841647	0	1	4145	2	0	4000	other	0
2088_nback12	42	Pulse	5	857828	16181	2
2088_nback12	43	Picture	10	859718	0	1	4145	2	0	4000	other	0
2088_nback12	44	Picture	10	877789	0	1	4144	3	0	4000	other	0
2088_nback12	44	Pulse	5	877827	38	2
2088_nback12	45	Picture	11	895860	0	1	4144	2	0	4000	hit	92
2088_nback12	45	Pulse	5	897817	1957	2
2088_nback12	45	Response	1	899577	3717	2
2088_nback12	46	Picture	10	913930	0	1	4145	2	0	4000	other	0
2088_nback12	46	Pulse	5	917816	3886	2
2088_nback12	47	Picture	10	932001	0	1	4145	2	0	4000	other	0
2088_nback12	47	Pulse	5	937817	5816	1
2088_nback12	48	Picture	11	950072	0	1	4145	2	0	4000	hit	98
2088_nback12	48	Response	1	954605	4533	2
2088_nback12	48	Pulse	5	957805	7733	2
2088_nback12	49	Picture	10	968143	0	1	4144	3	0	4000	other	0
2088_nback12	49	Pulse	5	977805	9662	2
2088_nback12	50	Picture	10	986213	0	2	4145	3	0	4000	other	0
2088_nback12	50	Pulse	5	997804	11591	2
2088_nback12	51	Picture	10	1004284	0	2	4145	3	0	4000	other	0
2088_nback12	51	Pulse	5	1017794	13510	1
2088_nback12	52	Picture	10	1022355	0	1	4145	2	0	4000	other	0
2088_nback12	52	Pulse	5	1037793	15438	2
2088_nback12	53	Pulse	5	1057792	17366	2
2088_nback12	54	Picture	30	1065460	0	1	4144	3	0	4000	other	0
2088_nback12	54	Pulse	5	1077782	12322	2
2088_nback12	55	Picture	30	1083530	0	2	4145	3	0	4000	other	0
2088_nback12	55	Pulse	5	1097781	14251	3
2088_nback12	56	Picture	31	1101601	0	2	4145	3	0	4000	hit	114
2088_nback12	56	Response	1	1105621	4020	3
2088_nback12	56	Pulse	5	1117781	16180	2
2088_nback12	57	Picture	30	1119672	0	1	4145	2	0	4000	other	0
2088_nback12	58	Picture	30	1137743	0	1	4144	3	0	4000	other	0
2088_nback12	58	Pulse	5	1137770	27	2
2088_nback12	59	Picture	30	1155814	0	1	4144	3	0	4000	other	0
2088_nback12	59	Pulse	5	1157770	1956	2
2088_nback12	60	Picture	31	1173884	0	2	4145	3	0	4000	miss	0
2088_nback12	60	Pulse	5	1177769	3885	2
2088_nback12	61	Picture	31	1191955	0	1	4145	2	0	4000	miss	0
2088_nback12	61	Pulse	5	1197759	5804	1
2088_nback12	62	Picture	30	1210026	0	1	4145	2	0	4000	other	0
2088_nback12	62	Pulse	5	1217758	7732	2
2088_nback12	63	Picture	30	1228097	0	1	4144	3	0	4000	other	0
2088_nback12	63	Pulse	5	1237757	9660	2
2088_nback12	64	Picture	30	1246168	0	1	4144	2	0	4000	other	0
2088_nback12	64	Pulse	5	1257747	11579	2
2088_nback12	65	Picture	31	1264238	0	2	4145	3	0	4000	hit	132
2088_nback12	65	Response	1	1269746	5508	2
2088_nback12	65	Pulse	5	1277746	13508	2
2088_nback12	66	Picture	30	1282309	0	1	4145	2	0	4000	other	0
2088_nback12	66	Pulse	5	1297746	15437	2
2088_nback12	67	Picture	30	1300380	0	1	4145	2	0	4000	other	0
2088_nback12	67	Pulse	5	1317735	17355	2
2088_nback12	68	Picture	30	1318451	0	1	4144	3	0	4000	other	0
2088_nback12	69	Picture	30	1336521	0	2	4145	3	0	4000	other	0
2088_nback12	69	Pulse	5	1337735	1214	1
2088_nback12	70	Pulse	5	1357734	3142	2
2088_nback12	70	Pulse	5	1377723	23131	2
2088_nback12	71	Picture	10	1379626	0	1	4145	2	0	4000	other	0
2088_nback12	72	Picture	10	1397697	0	1	4145	2	0	4000	other	0
2088_nback12	72	Pulse	5	1397723	26	2
2088_nback12	73	Picture	11	1415768	0	1	4144	3	0	4000	hit	148
2088_nback12	73	Pulse	5	1417722	1954	2
2088_nback12	73	Response	1	1420762	4994	2
2088_nback12	74	Picture	10	1433838	0	2	4145	3	0	4000	other	0
2088_nback12	74	Pulse	5	1437712	3874	2
2088_nback12	75	Picture	11	1451909	0	2	4145	3	0	4000	hit	152
2088_nback12	75	Response	1	1456591	4682	2
2088_nback12	75	Pulse	5	1457711	5802	2
2088_nback12	76	Picture	10	1469980	0	1	4145	2	0	4000	other	0
2088_nback12	76	Pulse	5	1477711	7731	1
2088_nback12	77	Picture	10	1488051	0	1	4145	2	0	4000	other	0
2088_nback12	77	Pulse	5	1497700	9649	2
2088_nback12	78	Picture	11	1506122	0	1	4144	3	0	4000	hit	159
2088_nback12	78	Response	1	1510340	4218	2
2088_nback12	78	Pulse	5	1517699	11577	2
2088_nback12	79	Picture	10	1524192	0	2	4145	3	0	4000	other	0
2088_nback12	79	Pulse	5	1537699	13507	2
2088_nback12	80	Picture	10	1542263	0	2	4145	3	0	4000	other	0
2088_nback12	80	Pulse	5	1557688	15425	3
2088_nback12	81	Picture	10	1560334	0	1	4145	2	0	4000	other	0
2088_nback12	81	Pulse	5	1577688	17354	2
2088_nback12	82	Picture	10	1578405	0	1	4145	2	0	4000	other	0
2088_nback12	83	Picture	10	1596476	0	1	4144	3	0	4000	other	0
2088_nback12	83	Pulse	5	1597679	1203	1
2088_nback12	84	Picture	11	1614546	0	2	4145	3	0	4000	hit	172
2088_nback12	84	Pulse	5	1617677	3131	2
2088_nback12	84	Response	1	1618957	4411	1
2088_nback12	85	Picture	10	1632617	0	1	4145	2	0	4000	other	0
2088_nback12	85	Pulse	5	1637676	5059	2
2088_nback12	86	Picture	10	1650688	0	1	4145	2	0	4000	other	0
2088_nback12	86	Pulse	5	1657666	6978	2
2088_nback12	87	Pulse	5	1677665	8906	2
2088_nback12	88	Picture	20	1693793	0	1	4144	3	0	4000	other	0
2088_nback12	88	Pulse	5	1697664	3871	2
2088_nback12	89	Picture	20	1711864	0	1	4144	2	0	4000	other	0
2088_nback12	89	Pulse	5	1717664	5800	2
2088_nback12	90	Picture	20	1729934	0	1	4145	2	0	4000	other	0
2088_nback12	90	Pulse	5	1737653	7719	2
2088_nback12	91	Picture	21	1748004	0	2	4146	3	0	4000	hit	185
2088_nback12	91	Response	1	1752534	4530	1
2088_nback12	91	Pulse	5	1757652	9648	3
2088_nback12	92	Picture	20	1766076	0	1	4144	3	0	4000	other	0
2088_nback12	92	Pulse	5	1777653	11577	1
2088_nback12	93	Picture	20	1784147	0	1	4144	3	0	4000	other	0
2088_nback12	93	Pulse	5	1797642	13495	1
2088_nback12	94	Picture	21	1802217	0	2	4145	3	0	4000	hit	192
2088_nback12	94	Response	1	1807241	5024	2
2088_nback12	94	Pulse	5	1817641	15424	2
2088_nback12	95	Picture	20	1820288	0	1	4145	2	0	4000	other	0
2088_nback12	95	Pulse	5	1837640	17352	2
2088_nback12	96	Picture	20	1838359	0	1	4145	2	0	4000	other	0
2088_nback12	97	Picture	20	1856430	0	1	4144	3	0	4000	other	0
2088_nback12	97	Pulse	5	1857630	1200	2
2088_nback12	98	Picture	21	1874501	0	1	4144	2	0	4000	hit	201
2088_nback12	98	Pulse	5	1877629	3128	2
2088_nback12	98	Response	1	1878910	4409	1
2088_nback12	99	Picture	20	1892571	0	2	4145	3	0	4000	other	0
2088_nback12	99	Pulse	5	1897629	5058	2
2088_nback12	100	Picture	20	1910642	0	1	4145	2	0	4000	other	0
2088_nback12	100	Pulse	5	1917778	7136	2
2088_nback12	101	Picture	21	1928713	0	1	4145	2	0	4000	hit	207
2088_nback12	101	Response	1	1934258	5545	2
2088_nback12	101	Pulse	5	1937778	9065	2
2088_nback12	102	Picture	20	1946784	0	1	4144	3	0	4000	other	0
2088_nback12	102	Pulse	5	1957777	10993	2
2088_nback12	103	Picture	20	1964855	0	1	4144	2	0	4000	other	0
2088_nback12	103	Pulse	5	1977767	12912	2
2088_nback12	104	Pulse	5	1997766	14841	2
2088_nback12	105	Picture	10	2007959	0	1	4145	2	0	4000	other	0
2088_nback12	105	Pulse	5	2017765	9806	2
2088_nback12	106	Picture	10	2026030	0	1	4145	2	0	4000	other	0
2088_nback12	106	Pulse	5	2037755	11725	2
2088_nback12	107	Picture	11	2044101	0	1	4145	2	0	4000	hit	219
2088_nback12	107	Response	1	2047515	3414	2
2088_nback12	107	Pulse	5	2057754	13653	3
2088_nback12	108	Picture	10	2062172	0	1	4144	3	0	4000	other	0
2088_nback12	108	Pulse	5	2077754	15582	2
2088_nback12	109	Picture	11	2080242	0	2	4145	3	0	4000	hit	224
2088_nback12	109	Response	1	2084464	4222	1
2088_nback12	109	Pulse	5	2097743	17501	2
2088_nback12	110	Picture	10	2098313	0	2	4145	3	0	4000	other	0
2088_nback12	111	Picture	10	2116384	0	1	4145	2	0	4000	other	0
2088_nback12	111	Pulse	5	2117743	1359	1
2088_nback12	112	Picture	11	2134455	0	1	4144	3	0	4000	hit	231
2088_nback12	112	Pulse	5	2137742	3287	2
2088_nback12	112	Response	1	2138062	3607	2
2088_nback12	113	Picture	10	2152526	0	1	4144	3	0	4000	other	0
2088_nback12	113	Pulse	5	2157731	5205	2
2088_nback12	114	Picture	10	2170596	0	2	4145	3	0	4000	other	0
2088_nback12	114	Pulse	5	2177731	7135	2
2088_nback12	115	Picture	10	2188667	0	1	4145	2	0	4000	other	0
2088_nback12	115	Pulse	5	2197730	9063	2
2088_nback12	116	Picture	10	2206738	0	1	4145	2	0	4000	other	0
2088_nback12	116	Pulse	5	2217720	10982	2
2088_nback12	117	Picture	10	2224809	0	1	4144	3	0	4000	other	0
2088_nback12	117	Pulse	5	2237719	12910	2
2088_nback12	118	Picture	11	2242880	0	1	4144	2	0	4000	hit	243
2088_nback12	118	Response	1	2246519	3639	2
2088_nback12	118	Pulse	5	2257719	14839	2
2088_nback12	119	Picture	10	2260950	0	2	4145	3	0	4000	other	0
2088_nback12	119	Pulse	5	2277708	16758	3
2088_nback12	120	Picture	10	2279021	0	1	4145	2	0	4000	other	0
2088_nback12	121	Pulse	5	2297707	615	3
2088_nback12	121	Pulse	5	2317707	20615	2
2088_nback12	122	Picture	30	2322126	0	1	4144	3	0	4000	other	0
2088_nback12	122	Pulse	5	2337696	15570	2
2088_nback12	123	Picture	30	2340196	0	2	4145	3	0	4000	other	0
2088_nback12	123	Pulse	5	2357696	17500	2
2088_nback12	124	Picture	30	2358267	0	2	4145	3	0	4000	other	0
2088_nback12	125	Picture	31	2376337	0	3	4146	4	0	4000	hit	257
2088_nback12	125	Pulse	5	2377695	1358	2
2088_nback12	125	Response	1	2380255	3918	2
2088_nback12	126	Picture	31	2394409	0	1	4145	2	0	4000	hit	260
2088_nback12	126	Pulse	5	2397685	3276	2
2088_nback12	126	Response	1	2402005	7596	1
2088_nback12	127	Picture	30	2412480	0	1	4144	3	0	4000	other	0
2088_nback12	127	Pulse	5	2417684	5204	2
2088_nback12	128	Picture	30	2430551	0	1	4144	2	0	4000	other	0
2088_nback12	128	Pulse	5	2437684	7133	1
2088_nback12	129	Picture	30	2448621	0	2	4145	3	0	4000	other	0
2088_nback12	129	Pulse	5	2457673	9052	2
2088_nback12	130	Picture	31	2466692	0	1	4145	2	0	4000	hit	268
2088_nback12	130	Response	1	2471913	5221	1
2088_nback12	130	Pulse	5	2477672	10980	2
2088_nback12	131	Picture	30	2484763	0	1	4145	2	0	4000	other	0
2088_nback12	131	Pulse	5	2497672	12909	2
2088_nback12	132	Picture	30	2502834	0	1	4144	3	0	4000	other	0
2088_nback12	132	Pulse	5	2517661	14827	3
2088_nback12	133	Picture	30	2520905	0	1	4144	2	0	4000	other	0
2088_nback12	133	Pulse	5	2537661	16756	2
2088_nback12	134	Picture	30	2538975	0	2	4145	3	0	4000	other	0
2088_nback12	135	Picture	31	2557046	0	1	4145	2	0	4000	hit	279
2088_nback12	135	Pulse	5	2557651	605	2
2088_nback12	135	Response	1	2562451	5405	2
2088_nback12	136	Picture	30	2575117	0	1	4145	2	0	4000	other	0
2088_nback12	136	Pulse	5	2577650	2533	1
2088_nback12	137	Picture	30	2593188	0	1	4144	3	0	4000	other	0
2088_nback12	137	Pulse	5	2597650	4462	2
