Scenario - 1-back
Logfile written - 06/28/2014 11:56:45

Subject	Trial	Event Type	Code	Time	TTime	Uncertainty	Duration	Uncertainty	ReqTime	ReqDur	Stim Type	Pair Index

2088_nback12	1	Pulse	5	187697	197531	4
2088_nback12	2	Pulse	5	207687	19904	2
2088_nback12	3	Picture	10	212817	0	2	4145	3	0	4000	other	0
2088_nback12	3	Pulse	5	227686	14869	2
2088_nback12	4	Picture	10	230888	0	1	4145	2	0	4000	other	0
2088_nback12	4	Pulse	5	247686	16798	2
2088_nback12	5	Picture	11	248959	0	1	4144	3	0	4000	hit	8
2088_nback12	5	Response	1	252807	3848	1
2088_nback12	6	Picture	10	267029	0	2	4145	3	0	4000	other	0
2088_nback12	6	Pulse	5	267675	646	2
2088_nback12	7	Picture	11	285100	0	1	4145	2	0	4000	hit	13
2088_nback12	7	Pulse	5	287675	2575	2
2088_nback12	7	Response	1	290235	5135	2
2088_nback12	8	Picture	10	303171	0	1	4145	2	0	4000	other	0
2088_nback12	8	Pulse	5	307674	4503	2
2088_nback12	9	Picture	10	321242	0	1	4145	2	0	4000	other	0
2088_nback12	9	Pulse	5	327664	6422	1
2088_nback12	10	Picture	10	339313	0	1	4144	3	0	4000	other	0
2088_nback12	10	Pulse	5	347663	8350	2
2088_nback12	11	Picture	11	357383	0	2	4145	3	0	4000	hit	21
2088_nback12	11	Response	1	361263	3880	2
2088_nback12	11	Pulse	5	367663	10280	1
2088_nback12	12	Picture	10	375454	0	1	4145	2	0	4000	other	0
2088_nback12	12	Pulse	5	387652	12198	2
2088_nback12	13	Picture	10	393525	0	1	4145	2	0	4000	other	0
2088_nback12	13	Pulse	5	407651	14126	2
2088_nback12	14	Picture	11	411596	0	1	4145	2	0	4000	hit	28
2088_nback12	14	Response	1	415011	3415	2
2088_nback12	14	Pulse	5	427651	16055	2
2088_nback12	15	Picture	10	429667	0	1	4144	2	0	4000	other	0
2088_nback12	15	Pulse	5	447640	17973	2
2088_nback12	16	Picture	10	447737	0	2	4145	3	0	4000	other	0
2088_nback12	17	Picture	10	465808	0	1	4145	2	0	4000	other	0
2088_nback12	17	Pulse	5	467640	1832	2
2088_nback12	18	Picture	10	483879	0	1	4145	2	0	4000	other	0
2088_nback12	18	Pulse	5	487799	3920	2
2088_nback12	19	Pulse	5	507789	5839	1
2088_nback12	20	Picture	30	526984	0	1	4144	3	0	4000	other	0
2088_nback12	20	Pulse	5	527788	804	2
2088_nback12	21	Picture	30	545055	0	1	4144	2	0	4000	other	0
2088_nback12	21	Pulse	5	547787	2732	2
2088_nback12	22	Picture	31	563125	0	2	4145	3	0	4000	hit	43
2088_nback12	22	Response	1	567297	4172	2
2088_nback12	22	Pulse	5	567777	4652	2
2088_nback12	23	Picture	30	581196	0	1	4145	2	0	4000	other	0
2088_nback12	23	Pulse	5	587776	6580	2
2088_nback12	24	Picture	30	599267	0	1	4145	2	0	4000	other	0
2088_nback12	24	Pulse	5	607776	8509	2
2088_nback12	25	Picture	30	617338	0	1	4144	3	0	4000	other	0
2088_nback12	25	Pulse	5	627765	10427	3
2088_nback12	26	Picture	31	635408	0	2	4145	3	0	4000	hit	52
2088_nback12	26	Response	1	646325	10917	2
2088_nback12	26	Pulse	5	647765	12357	2
2088_nback12	27	Picture	31	653479	0	1	4145	2	0	4000	hit	55
2088_nback12	27	Response	1	664724	11245	3
2088_nback12	27	Pulse	5	667764	14285	3
2088_nback12	28	Picture	30	671550	0	1	4145	2	0	4000	other	0
2088_nback12	28	Pulse	5	687753	16203	2
2088_nback12	29	Picture	30	689621	0	1	4145	2	0	4000	other	0
2088_nback12	30	Picture	30	707692	0	1	4144	3	0	4000	other	0
2088_nback12	30	Pulse	5	707753	61	2
2088_nback12	31	Picture	31	725762	0	2	4145	3	0	4000	hit	64
2088_nback12	31	Pulse	5	727752	1990	2
2088_nback12	31	Response	1	731112	5350	3
2088_nback12	32	Picture	30	743833	0	1	4145	2	0	4000	other	0
2088_nback12	32	Pulse	5	747742	3909	2
2088_nback12	33	Picture	30	761904	0	1	4145	2	0	4000	other	0
2088_nback12	33	Pulse	5	767741	5837	2
2088_nback12	34	Picture	30	779975	0	1	4143	4	0	4000	other	0
2088_nback12	34	Pulse	5	787741	7766	2
2088_nback12	35	Picture	30	798046	0	1	4144	3	0	4000	other	0
2088_nback12	35	Pulse	5	807730	9684	2
2088_nback12	36	Pulse	5	827730	11614	1
2088_nback12	37	Picture	10	841150	0	2	4145	3	0	4000	other	0
2088_nback12	37	Pulse	5	847729	6579	2
2088_nback12	38	Picture	10	859221	0	1	4145	2	0	4000	other	0
2088_nback12	38	Pulse	5	867718	8497	2
2088_nback12	39	Picture	11	877292	0	1	4145	2	0	4000	hit	79
2088_nback12	39	Response	1	880998	3706	2
2088_nback12	39	Pulse	5	887718	10426	2
2088_nback12	40	Picture	10	895363	0	1	4144	3	0	4000	other	0
2088_nback12	40	Pulse	5	907717	12354	2
2088_nback12	41	Picture	11	913434	0	1	4144	2	0	4000	hit	84
2088_nback12	41	Response	1	918917	5483	2
2088_nback12	41	Pulse	5	927706	14272	3
2088_nback12	42	Picture	10	931504	0	2	4145	3	0	4000	other	0
2088_nback12	42	Pulse	5	947707	16203	1
2088_nback12	43	Picture	10	949575	0	1	4145	2	0	4000	other	0
2088_nback12	44	Picture	10	967646	0	2	4145	3	0	4000	other	0
2088_nback12	44	Pulse	5	967706	60	1
2088_nback12	45	Picture	11	985717	0	1	4144	3	0	4000	miss	0
2088_nback12	45	Pulse	5	987695	1978	2
2088_nback12	46	Picture	10	1003787	0	3	4145	4	0	4000	other	0
2088_nback12	46	Pulse	5	1007696	3909	1
2088_nback12	47	Picture	10	1021858	0	2	4145	3	0	4000	other	0
2088_nback12	47	Pulse	5	1027694	5836	2
2088_nback12	48	Picture	11	1039929	0	1	4144	3	0	4000	hit	98
2088_nback12	48	Response	1	1043693	3764	2
2088_nback12	48	Pulse	5	1047683	7754	2
2088_nback12	49	Picture	10	1058000	0	1	4144	3	0	4000	other	0
2088_nback12	49	Pulse	5	1067684	9684	1
2088_nback12	50	Picture	10	1076071	0	1	4144	3	0	4000	other	0
2088_nback12	50	Pulse	5	1087684	11613	1
2088_nback12	51	Picture	10	1094141	0	2	4145	3	0	4000	other	0
2088_nback12	51	Pulse	5	1107674	13533	1
2088_nback12	52	Picture	10	1112212	0	2	4145	3	0	4000	other	0
2088_nback12	52	Pulse	5	1127671	15459	3
2088_nback12	53	Pulse	5	1147671	17388	2
2088_nback12	54	Picture	20	1155317	0	1	4145	2	0	4000	other	0
2088_nback12	54	Pulse	5	1167661	12344	1
2088_nback12	55	Picture	20	1173388	0	1	4145	2	0	4000	other	0
2088_nback12	55	Pulse	5	1187661	14273	1
2088_nback12	56	Picture	21	1191459	0	1	4144	3	0	4000	hit	114
2088_nback12	56	Response	1	1195019	3560	2
2088_nback12	56	Pulse	5	1207659	16200	2
2088_nback12	57	Picture	20	1209529	0	2	4145	3	0	4000	other	0
2088_nback12	58	Picture	20	1227600	0	1	4145	2	0	4000	other	0
2088_nback12	58	Pulse	5	1227648	48	2
2088_nback12	59	Picture	20	1245671	0	1	4145	2	0	4000	other	0
2088_nback12	59	Pulse	5	1247648	1977	2
2088_nback12	60	Picture	21	1263742	0	1	4144	3	0	4000	hit	123
2088_nback12	60	Pulse	5	1267647	3905	2
2088_nback12	60	Response	1	1267807	4065	2
2088_nback12	61	Picture	20	1281813	0	1	4144	2	0	4000	other	0
2088_nback12	61	Pulse	5	1287637	5824	1
2088_nback12	62	Picture	20	1299883	0	2	4145	3	0	4000	other	0
2088_nback12	62	Pulse	5	1307636	7753	2
2088_nback12	63	Picture	20	1317954	0	2	4145	3	0	4000	other	0
2088_nback12	63	Pulse	5	1327635	9681	2
2088_nback12	64	Picture	20	1336025	0	1	4145	2	0	4000	other	0
2088_nback12	64	Pulse	5	1347625	11600	2
2088_nback12	65	Picture	20	1354096	0	1	4144	3	0	4000	other	0
2088_nback12	65	Pulse	5	1367624	13528	2
2088_nback12	66	Picture	21	1372167	0	1	4144	3	0	4000	hit	135
2088_nback12	66	Response	1	1377065	4898	1
2088_nback12	66	Pulse	5	1387624	15457	2
2088_nback12	67	Picture	20	1390237	0	2	4145	3	0	4000	other	0
2088_nback12	67	Pulse	5	1407613	17376	2
2088_nback12	68	Picture	20	1408308	0	1	4145	2	0	4000	other	0
2088_nback12	69	Picture	21	1426379	0	1	4145	2	0	4000	hit	142
2088_nback12	69	Pulse	5	1427613	1234	1
2088_nback12	69	Response	1	1430813	4434	1
2088_nback12	70	Pulse	5	1447612	3162	2
2088_nback12	70	Pulse	5	1467602	23152	1
2088_nback12	71	Picture	10	1469484	0	1	4144	2	0	4000	other	0
2088_nback12	72	Picture	10	1487554	0	2	4145	3	0	4000	other	0
2088_nback12	72	Pulse	5	1487601	47	2
2088_nback12	73	Picture	11	1505625	0	2	4145	3	0	4000	hit	150
2088_nback12	73	Pulse	5	1507600	1975	2
2088_nback12	73	Response	1	1509362	3737	1
2088_nback12	74	Picture	10	1523696	0	1	4145	2	0	4000	other	0
2088_nback12	74	Pulse	5	1527750	4054	3
2088_nback12	75	Picture	11	1541767	0	1	4145	2	0	4000	hit	154
2088_nback12	75	Response	1	1545989	4222	2
2088_nback12	75	Pulse	5	1547749	5982	3
2088_nback12	76	Picture	10	1559838	0	1	4144	3	0	4000	other	0
2088_nback12	76	Pulse	5	1567748	7910	3
2088_nback12	77	Picture	10	1577908	0	2	4145	3	0	4000	other	0
2088_nback12	77	Pulse	5	1587738	9830	3
2088_nback12	78	Picture	11	1595979	0	2	4145	3	0	4000	hit	161
2088_nback12	78	Response	1	1599418	3439	2
2088_nback12	78	Pulse	5	1607738	11759	2
2088_nback12	79	Picture	10	1614050	0	1	4145	2	0	4000	other	0
2088_nback12	79	Pulse	5	1627737	13687	2
2088_nback12	80	Picture	10	1632121	0	1	4145	2	0	4000	other	0
2088_nback12	80	Pulse	5	1647726	15605	2
2088_nback12	81	Picture	10	1650192	0	1	4144	3	0	4000	other	0
2088_nback12	81	Pulse	5	1667726	17534	2
2088_nback12	82	Picture	10	1668262	0	2	4145	3	0	4000	other	0
2088_nback12	83	Picture	10	1686333	0	1	4145	2	0	4000	other	0
2088_nback12	83	Pulse	5	1687725	1392	2
2088_nback12	84	Picture	11	1704403	0	2	4146	3	0	4000	miss	0
2088_nback12	84	Pulse	5	1707715	3312	2
2088_nback12	85	Picture	10	1722475	0	1	4145	2	0	4000	other	0
2088_nback12	85	Pulse	5	1727714	5239	2
2088_nback12	86	Picture	10	1740546	0	1	4144	3	0	4000	other	0
2088_nback12	86	Pulse	5	1747714	7168	1
2088_nback12	87	Pulse	5	1767703	9086	2
2088_nback12	88	Picture	30	1783650	0	2	4145	3	0	4000	other	0
2088_nback12	88	Pulse	5	1787703	4053	1
2088_nback12	89	Picture	30	1801721	0	1	4145	2	0	4000	other	0
2088_nback12	89	Pulse	5	1807702	5981	2
2088_nback12	90	Picture	30	1819792	0	1	4145	2	0	4000	other	0
2088_nback12	90	Pulse	5	1827691	7899	2
2088_nback12	91	Picture	31	1837863	0	1	4144	3	0	4000	hit	186
2088_nback12	91	Response	1	1841931	4068	2
2088_nback12	91	Pulse	5	1847691	9828	2
2088_nback12	92	Picture	31	1855934	0	1	4144	2	0	4000	hit	189
2088_nback12	92	Response	1	1861930	5996	2
2088_nback12	92	Pulse	5	1867690	11756	2
2088_nback12	93	Picture	30	1874004	0	2	4145	3	0	4000	other	0
2088_nback12	93	Pulse	5	1887680	13676	2
2088_nback12	94	Picture	30	1892075	0	1	4145	2	0	4000	other	0
2088_nback12	94	Pulse	5	1907679	15604	2
2088_nback12	95	Picture	30	1910146	0	1	4145	2	0	4000	other	0
2088_nback12	95	Pulse	5	1927679	17533	1
2088_nback12	96	Picture	31	1928217	0	1	4144	3	0	4000	hit	198
2088_nback12	96	Response	1	1931998	3781	2
2088_nback12	97	Picture	30	1946288	0	1	4144	2	0	4000	other	0
2088_nback12	97	Pulse	5	1947668	1380	2
2088_nback12	98	Picture	30	1964358	0	1	4145	2	0	4000	other	0
2088_nback12	98	Pulse	5	1967667	3309	2
2088_nback12	99	Picture	30	1982429	0	1	4145	2	0	4000	other	0
2088_nback12	99	Pulse	5	1987667	5238	2
2088_nback12	100	Picture	30	2000500	0	1	4145	2	0	4000	other	0
2088_nback12	100	Pulse	5	2007656	7156	2
2088_nback12	101	Picture	31	2018571	0	1	4144	3	0	4000	hit	208
2088_nback12	101	Response	1	2023656	5085	2
2088_nback12	101	Pulse	5	2027656	9085	2
2088_nback12	102	Picture	30	2036642	0	1	4144	2	0	4000	other	0
2088_nback12	102	Pulse	5	2047655	11013	2
2088_nback12	103	Picture	30	2054712	0	1	4145	2	0	4000	other	0
2088_nback12	103	Pulse	5	2067647	12935	1
2088_nback12	104	Pulse	5	2087644	14861	2
2088_nback12	105	Picture	10	2097817	0	1	4145	2	0	4000	other	0
2088_nback12	105	Pulse	5	2107643	9826	3
2088_nback12	106	Picture	10	2115888	0	1	4144	3	0	4000	other	0
2088_nback12	106	Pulse	5	2127633	11745	2
2088_nback12	107	Picture	11	2133959	0	1	4144	2	0	4000	hit	220
2088_nback12	107	Response	1	2138034	4075	1
2088_nback12	107	Pulse	5	2147634	13675	1
2088_nback12	108	Picture	10	2152029	0	2	4145	3	0	4000	other	0
2088_nback12	108	Pulse	5	2167632	15603	2
2088_nback12	109	Picture	11	2170100	0	1	4145	2	0	4000	hit	225
2088_nback12	109	Response	1	2174992	4892	1
2088_nback12	109	Pulse	5	2187621	17521	2
2088_nback12	110	Picture	10	2188171	0	1	4145	2	0	4000	other	0
2088_nback12	111	Picture	10	2206242	0	1	4144	3	0	4000	other	0
2088_nback12	111	Pulse	5	2207621	1379	1
2088_nback12	112	Picture	11	2224313	0	1	4144	2	0	4000	hit	232
2088_nback12	112	Pulse	5	2227620	3307	2
2088_nback12	112	Response	1	2227940	3627	2
2088_nback12	113	Picture	10	2242383	0	2	4145	3	0	4000	other	0
2088_nback12	113	Pulse	5	2247610	5227	1
2088_nback12	114	Picture	10	2260454	0	1	4145	2	0	4000	other	0
2088_nback12	114	Pulse	5	2267609	7155	2
2088_nback12	115	Picture	10	2278525	0	1	4145	2	0	4000	other	0
2088_nback12	115	Pulse	5	2287608	9083	2
2088_nback12	116	Picture	10	2296596	0	1	4145	2	0	4000	other	0
2088_nback12	116	Pulse	5	2307598	11002	2
2088_nback12	117	Picture	10	2314667	0	1	4144	3	0	4000	other	0
2088_nback12	117	Pulse	5	2327597	12930	2
2088_nback12	118	Picture	11	2332737	0	2	4145	3	0	4000	hit	244
2088_nback12	118	Response	1	2336717	3980	2
2088_nback12	118	Pulse	5	2347597	14860	2
2088_nback12	119	Picture	10	2350808	0	1	4145	2	0	4000	other	0
2088_nback12	119	Pulse	5	2367586	16778	2
2088_nback12	120	Picture	10	2368879	0	1	4145	2	0	4000	other	0
2088_nback12	121	Pulse	5	2387586	636	1
2088_nback12	121	Pulse	5	2407585	20635	2
2088_nback12	122	Picture	20	2411984	0	1	4144	3	0	4000	other	0
2088_nback12	122	Pulse	5	2427574	15590	2
2088_nback12	123	Picture	20	2430054	0	2	4145	3	0	4000	other	0
2088_nback12	123	Pulse	5	2447575	17521	1
2088_nback12	124	Picture	20	2448125	0	2	4145	3	0	4000	other	0
2088_nback12	125	Picture	21	2466196	0	1	4145	2	0	4000	hit	258
2088_nback12	125	Pulse	5	2467574	1378	1
2088_nback12	125	Response	1	2469813	3617	2
2088_nback12	126	Picture	20	2484267	0	1	4145	2	0	4000	other	0
2088_nback12	126	Pulse	5	2487563	3296	2
2088_nback12	127	Picture	20	2502338	0	1	4144	3	0	4000	other	0
2088_nback12	127	Pulse	5	2507562	5224	2
2088_nback12	128	Picture	21	2520408	0	2	4145	3	0	4000	hit	264
2088_nback12	128	Response	1	2524042	3634	2
2088_nback12	128	Pulse	5	2527562	7154	2
2088_nback12	129	Picture	20	2538479	0	1	4145	2	0	4000	other	0
2088_nback12	129	Pulse	5	2547551	9072	2
2088_nback12	130	Picture	20	2556550	0	1	4145	2	0	4000	other	0
2088_nback12	130	Pulse	5	2567710	11160	3
2088_nback12	131	Picture	20	2574621	0	1	4145	2	0	4000	other	0
2088_nback12	131	Pulse	5	2587710	13089	2
2088_nback12	132	Picture	21	2592692	0	1	4144	3	0	4000	hit	273
2088_nback12	132	Response	1	2596670	3978	2
2088_nback12	132	Pulse	5	2607699	15007	2
2088_nback12	133	Picture	20	2610762	0	2	4145	3	0	4000	other	0
2088_nback12	133	Pulse	5	2627699	16937	2
2088_nback12	134	Picture	20	2628833	0	1	4145	2	0	4000	other	0
2088_nback12	135	Picture	21	2646904	0	1	4145	2	0	4000	hit	280
2088_nback12	135	Pulse	5	2647698	794	2
2088_nback12	135	Response	1	2654258	7354	2
2088_nback12	136	Picture	20	2664975	0	1	4145	2	0	4000	other	0
2088_nback12	136	Pulse	5	2667688	2713	2
2088_nback12	137	Picture	20	2683044	0	3	4146	5	0	4000	other	0
2088_nback12	137	Pulse	5	2687687	4643	2
