Scenario - 1-back
Logfile written - 08/07/2014 15:45:45

Subject	Trial	Event Type	Code	Time	TTime	Uncertainty	Duration	Uncertainty	ReqTime	ReqDur	Stim Type	Pair Index

2092	1	Pulse	5	263340	273174	1
2092	2	Pulse	5	283329	19948	2
2092	3	Picture	10	288415	0	1	4144	2	0	4000	other	0
2092	3	Pulse	5	303329	14914	2
2092	4	Picture	10	306485	0	2	4145	3	0	4000	other	0
2092	4	Pulse	5	323328	16843	2
2092	5	Picture	11	324556	0	1	4145	2	0	4000	hit	8
2092	5	Response	1	327808	3252	2
2092	6	Picture	10	342627	0	1	4144	3	0	4000	other	0
2092	6	Pulse	5	343318	691	2
2092	7	Picture	11	360697	0	2	4145	3	0	4000	hit	13
2092	7	Pulse	5	363317	2620	2
2092	7	Response	1	364437	3740	2
2092	8	Picture	10	378768	0	1	4145	2	0	4000	other	0
2092	8	Pulse	5	383317	4549	2
2092	9	Picture	10	396839	0	1	4144	3	0	4000	other	0
2092	9	Pulse	5	403307	6468	1
2092	10	Picture	10	414910	0	1	4144	3	0	4000	other	0
2092	10	Pulse	5	423306	8396	2
2092	11	Picture	11	432980	0	2	4145	3	0	4000	hit	21
2092	11	Response	1	436746	3766	2
2092	11	Pulse	5	443306	10326	1
2092	12	Picture	10	451051	0	1	4145	2	0	4000	other	0
2092	12	Pulse	5	463295	12244	2
2092	13	Picture	10	469122	0	1	4144	3	0	4000	other	0
2092	13	Pulse	5	483295	14173	2
2092	14	Picture	11	487192	0	2	4145	3	0	4000	hit	28
2092	14	Response	1	490495	3303	1
2092	14	Pulse	5	503294	16102	2
2092	15	Picture	10	505263	0	1	4145	2	0	4000	other	0
2092	15	Pulse	5	523284	18021	2
2092	16	Picture	10	523334	0	1	4144	3	0	4000	other	0
2092	17	Picture	10	541405	0	1	4144	2	0	4000	other	0
2092	17	Pulse	5	543284	1879	1
2092	18	Picture	10	559475	0	2	4145	3	0	4000	other	0
2092	18	Pulse	5	563283	3808	2
2092	19	Pulse	5	583273	5727	1
2092	20	Picture	20	602580	0	1	4144	3	0	4000	other	0
2092	20	Pulse	5	603272	692	2
2092	21	Picture	20	620651	0	1	4144	2	0	4000	other	0
2092	21	Pulse	5	623272	2621	2
2092	22	Picture	21	638721	0	1	4145	2	0	4000	hit	43
2092	22	Response	1	642302	3581	1
2092	22	Pulse	5	643261	4540	2
2092	23	Picture	20	656792	0	1	4145	2	0	4000	other	0
2092	23	Pulse	5	663421	6629	2
2092	24	Picture	20	674863	0	1	4144	3	0	4000	other	0
2092	24	Pulse	5	683420	8557	2
2092	25	Picture	20	692933	0	2	4145	3	0	4000	other	0
2092	25	Pulse	5	703410	10477	2
2092	26	Picture	21	711004	0	1	4145	2	0	4000	hit	52
2092	26	Response	1	714450	3446	2
2092	26	Pulse	5	723410	12406	1
2092	27	Picture	20	729075	0	1	4144	3	0	4000	other	0
2092	27	Pulse	5	743409	14334	2
2092	28	Picture	20	747145	0	2	4145	3	0	4000	other	0
2092	28	Pulse	5	763399	16254	1
2092	29	Picture	20	765216	0	1	4145	2	0	4000	other	0
2092	30	Picture	20	783287	0	1	4145	2	0	4000	other	0
2092	30	Pulse	5	783398	111	2
2092	31	Picture	20	801358	0	1	4144	2	0	4000	other	0
2092	31	Pulse	5	803398	2040	2
2092	32	Picture	21	819428	0	1	4145	2	0	4000	hit	64
2092	32	Response	1	822587	3159	2
2092	32	Pulse	5	823387	3959	2
2092	33	Picture	20	837499	0	1	4145	2	0	4000	other	0
2092	33	Pulse	5	843387	5888	2
2092	34	Picture	20	855570	0	1	4144	3	0	4000	other	0
2092	34	Pulse	5	863387	7817	1
2092	35	Picture	21	873640	0	2	4145	3	0	4000	hit	71
2092	35	Response	1	877296	3656	2
2092	35	Pulse	5	883377	9737	1
2092	36	Pulse	5	903376	11665	1
2092	37	Picture	10	916745	0	1	4145	2	0	4000	other	0
2092	37	Pulse	5	923375	6630	2
2092	38	Picture	10	934816	0	1	4144	3	0	4000	other	0
2092	38	Pulse	5	943365	8549	2
2092	39	Picture	11	952886	0	2	4145	3	0	4000	hit	79
2092	39	Response	1	956324	3438	2
2092	39	Pulse	5	963364	10478	2
2092	40	Picture	10	970957	0	1	4145	2	0	4000	other	0
2092	40	Pulse	5	983365	12408	1
2092	41	Picture	11	989028	0	1	4145	2	0	4000	hit	84
2092	41	Response	1	992954	3926	1
2092	41	Pulse	5	1003353	14325	2
2092	42	Picture	10	1007099	0	1	4144	2	0	4000	other	0
2092	42	Pulse	5	1023353	16254	2
2092	43	Picture	10	1025169	0	1	4145	2	0	4000	other	0
2092	44	Picture	10	1043240	0	1	4145	2	0	4000	other	0
2092	44	Pulse	5	1043353	113	1
2092	45	Picture	11	1061311	0	1	4144	3	0	4000	hit	93
2092	45	Pulse	5	1063342	2031	2
2092	45	Response	1	1064782	3471	2
2092	46	Picture	10	1079381	0	2	4145	3	0	4000	other	0
2092	46	Pulse	5	1083342	3961	1
2092	47	Picture	10	1097452	0	1	4145	2	0	4000	other	0
2092	47	Pulse	5	1103341	5889	2
2092	48	Picture	11	1115523	0	1	4144	3	0	4000	miss	0
2092	48	Pulse	5	1123331	7808	2
2092	49	Picture	10	1133594	0	1	4144	2	0	4000	other	0
2092	49	Pulse	5	1143330	9736	2
2092	50	Picture	10	1151664	0	1	4145	2	0	4000	other	0
2092	50	Pulse	5	1163330	11666	2
2092	51	Picture	10	1169735	0	1	4145	2	0	4000	other	0
2092	51	Pulse	5	1183319	13584	2
2092	52	Picture	10	1187806	0	1	4144	3	0	4000	other	0
2092	52	Pulse	5	1203319	15513	2
2092	53	Pulse	5	1223319	17443	1
2092	54	Picture	30	1230910	0	1	4145	2	0	4000	other	0
2092	54	Pulse	5	1243308	12398	2
2092	55	Picture	30	1248981	0	1	4144	3	0	4000	other	0
2092	55	Pulse	5	1263308	14327	1
2092	56	Picture	31	1267052	0	1	4144	2	0	4000	hit	114
2092	56	Response	1	1273708	6656	1
2092	56	Pulse	5	1283307	16255	2
2092	57	Picture	30	1285122	0	1	4145	2	0	4000	other	0
2092	58	Picture	30	1303193	0	1	4145	2	0	4000	other	0
2092	58	Pulse	5	1303297	104	2
2092	59	Picture	30	1321264	0	1	4144	3	0	4000	other	0
2092	59	Pulse	5	1323296	2032	2
2092	60	Picture	31	1339334	0	2	4145	3	0	4000	hit	122
2092	60	Response	1	1342496	3162	2
2092	60	Pulse	5	1343296	3962	2
2092	61	Picture	31	1357405	0	1	4145	2	0	4000	miss	0
2092	61	Pulse	5	1363286	5881	1
2092	62	Picture	30	1375476	0	1	4144	3	0	4000	other	0
2092	62	Pulse	5	1383285	7809	2
2092	63	Picture	30	1393547	0	1	4144	2	0	4000	other	0
2092	63	Pulse	5	1403285	9738	1
2092	64	Picture	30	1411617	0	2	4145	3	0	4000	other	0
2092	64	Pulse	5	1423274	11657	2
2092	65	Picture	31	1429688	0	1	4145	2	0	4000	hit	133
2092	65	Response	1	1433354	3666	2
2092	65	Pulse	5	1443274	13586	2
2092	66	Picture	30	1447759	0	1	4144	3	0	4000	other	0
2092	66	Pulse	5	1463273	15514	2
2092	67	Picture	30	1465829	0	2	4145	3	0	4000	other	0
2092	67	Pulse	5	1483263	17434	2
2092	68	Picture	30	1483900	0	1	4145	2	0	4000	other	0
2092	69	Picture	30	1501971	0	1	4144	3	0	4000	false_alarm	142
2092	69	Pulse	5	1503262	1291	2
2092	69	Response	1	1506622	4651	2
2092	70	Pulse	5	1523262	3220	2
2092	70	Pulse	5	1543252	23210	1
2092	71	Picture	10	1545075	0	1	4145	2	0	4000	other	0
2092	72	Picture	10	1563146	0	1	4145	2	0	4000	other	0
2092	72	Pulse	5	1563251	105	2
2092	73	Picture	11	1581217	0	1	4144	3	0	4000	hit	150
2092	73	Pulse	5	1583251	2034	2
2092	73	Response	1	1584691	3474	1
2092	74	Picture	10	1599288	0	1	4144	2	0	4000	other	0
2092	74	Pulse	5	1603240	3952	2
2092	75	Picture	11	1617358	0	1	4145	2	0	4000	hit	154
2092	75	Response	1	1620840	3482	2
2092	75	Pulse	5	1623240	5882	2
2092	76	Picture	10	1635429	0	1	4145	2	0	4000	other	0
2092	76	Pulse	5	1643239	7810	2
2092	77	Picture	10	1653500	0	1	4144	3	0	4000	other	0
2092	77	Pulse	5	1663229	9729	2
2092	78	Picture	11	1671570	0	2	4145	3	0	4000	hit	161
2092	78	Response	1	1675389	3819	1
2092	78	Pulse	5	1683229	11659	1
2092	79	Picture	10	1689641	0	1	4145	2	0	4000	other	0
2092	79	Pulse	5	1703388	13747	2
2092	80	Picture	10	1707712	0	1	4145	2	0	4000	other	0
2092	80	Pulse	5	1723378	15666	1
2092	81	Picture	10	1725783	0	1	4144	2	0	4000	other	0
2092	81	Pulse	5	1743378	17595	1
2092	82	Picture	10	1743853	0	1	4145	2	0	4000	other	0
2092	83	Picture	10	1761924	0	1	4145	2	0	4000	other	0
2092	83	Pulse	5	1763377	1453	2
2092	84	Picture	11	1779995	0	1	4144	3	0	4000	hit	174
2092	84	Pulse	5	1783366	3371	2
2092	84	Response	1	1784966	4971	2
2092	85	Picture	10	1798065	0	2	4145	3	0	4000	other	0
2092	85	Pulse	5	1803366	5301	2
2092	86	Picture	10	1816136	0	1	4145	2	0	4000	other	0
2092	86	Pulse	5	1823365	7229	2
2092	87	Pulse	5	1843355	9148	2
2092	88	Picture	20	1859241	0	1	4144	2	0	4000	other	0
2092	88	Pulse	5	1863355	4114	1
2092	89	Picture	20	1877311	0	1	4145	2	0	4000	other	0
2092	89	Pulse	5	1883354	6043	2
2092	90	Picture	20	1895382	0	1	4145	2	0	4000	other	0
2092	90	Pulse	5	1903344	7962	1
2092	91	Picture	21	1913453	0	1	4144	3	0	4000	hit	187
2092	91	Response	1	1916943	3490	2
2092	91	Pulse	5	1923343	9890	2
2092	92	Picture	20	1931524	0	1	4144	2	0	4000	other	0
2092	92	Pulse	5	1943343	11819	2
2092	93	Picture	20	1949594	0	1	4145	2	0	4000	other	0
2092	93	Pulse	5	1963332	13738	2
2092	94	Picture	21	1967665	0	1	4144	3	0	4000	hit	194
2092	94	Response	1	1970692	3027	2
2092	94	Pulse	5	1983332	15667	2
2092	95	Picture	20	1985736	0	1	4144	3	0	4000	other	0
2092	95	Pulse	5	2003332	17596	1
2092	96	Picture	20	2003806	0	2	4145	3	0	4000	other	0
2092	97	Picture	20	2021877	0	1	4145	2	0	4000	other	0
2092	97	Pulse	5	2023321	1444	2
2092	98	Picture	21	2039948	0	1	4144	3	0	4000	hit	202
2092	98	Response	1	2043321	3373	1
2092	98	Pulse	5	2043321	3373	1
2092	99	Picture	20	2058019	0	1	4144	2	0	4000	other	0
2092	99	Pulse	5	2063320	5301	2
2092	100	Picture	20	2076089	0	1	4145	2	0	4000	other	0
2092	100	Pulse	5	2083310	7221	2
2092	101	Picture	21	2094160	0	1	4145	2	0	4000	hit	209
2092	101	Response	1	2097389	3229	2
2092	101	Pulse	5	2103309	9149	2
2092	102	Picture	20	2112231	0	1	4144	2	0	4000	other	0
2092	102	Pulse	5	2123309	11078	2
2092	103	Picture	20	2130301	0	2	4145	3	0	4000	other	0
2092	103	Pulse	5	2143298	12997	2
2092	104	Pulse	5	2163298	14926	2
2092	105	Picture	10	2173406	0	1	4145	2	0	4000	other	0
2092	105	Pulse	5	2183298	9892	1
2092	106	Picture	10	2191477	0	1	4144	2	0	4000	other	0
2092	106	Pulse	5	2203287	11810	2
2092	107	Picture	11	2209547	0	2	4145	3	0	4000	hit	221
2092	107	Response	1	2212407	2860	2
2092	107	Pulse	5	2223287	13740	1
2092	108	Picture	10	2227618	0	1	4145	2	0	4000	other	0
2092	108	Pulse	5	2243286	15668	2
2092	109	Picture	11	2245689	0	1	4144	3	0	4000	hit	226
2092	109	Response	1	2249836	4147	2
2092	109	Pulse	5	2263276	17587	2
2092	110	Picture	10	2263759	0	2	4145	3	0	4000	other	0
2092	111	Picture	10	2281830	0	1	4144	3	0	4000	other	0
2092	111	Pulse	5	2283275	1445	2
2092	112	Picture	11	2299901	0	1	4145	2	0	4000	hit	233
2092	112	Pulse	5	2303275	3374	2
2092	112	Response	1	2303755	3854	2
2092	113	Picture	10	2317972	0	1	4144	2	0	4000	other	0
2092	113	Pulse	5	2323265	5293	1
2092	114	Picture	10	2336042	0	1	4145	2	0	4000	other	0
2092	114	Pulse	5	2343264	7222	2
2092	115	Picture	10	2354113	0	1	4145	2	0	4000	other	0
2092	115	Pulse	5	2363264	9151	1
2092	116	Picture	10	2372184	0	1	4144	3	0	4000	false_alarm	241
2092	116	Response	1	2376213	4029	2
2092	116	Pulse	5	2383253	11069	2
2092	117	Picture	10	2390255	0	1	4144	2	0	4000	other	0
2092	117	Pulse	5	2403253	12998	2
2092	118	Picture	11	2408325	0	1	4145	2	0	4000	hit	246
2092	118	Response	1	2412213	3888	1
2092	118	Pulse	5	2423252	14927	2
2092	119	Picture	10	2426396	0	1	4145	2	0	4000	other	0
2092	119	Pulse	5	2443242	16846	2
2092	120	Picture	10	2444467	0	1	4144	3	0	4000	other	0
2092	121	Pulse	5	2463241	704	2
2092	121	Pulse	5	2483241	20704	2
2092	122	Picture	30	2487571	0	1	4145	2	0	4000	other	0
2092	122	Pulse	5	2503231	15660	2
2092	123	Picture	30	2505642	0	1	4144	3	0	4000	other	0
2092	123	Pulse	5	2523230	17588	2
2092	124	Picture	30	2523713	0	1	4144	2	0	4000	other	0
2092	125	Picture	31	2541783	0	1	4145	2	0	4000	hit	260
2092	125	Pulse	5	2543230	1447	1
2092	125	Response	1	2548660	6877	1
2092	126	Picture	31	2559854	0	1	4145	2	0	4000	hit	263
2092	126	Pulse	5	2563219	3365	2
2092	126	Response	1	2566259	6405	2
2092	127	Picture	30	2577925	0	1	4144	3	0	4000	other	0
2092	127	Pulse	5	2583219	5294	2
2092	128	Picture	30	2595995	0	2	4145	3	0	4000	other	0
2092	128	Pulse	5	2603208	7213	2
2092	129	Picture	30	2614066	0	1	4145	2	0	4000	other	0
2092	129	Pulse	5	2623208	9142	2
2092	130	Picture	31	2632137	0	1	4145	2	0	4000	hit	271
2092	130	Response	1	2636808	4671	1
2092	130	Pulse	5	2643207	11070	2
2092	131	Picture	30	2650208	0	1	4144	2	0	4000	other	0
2092	131	Pulse	5	2663197	12989	2
2092	132	Picture	30	2668278	0	2	4145	3	0	4000	other	0
2092	132	Pulse	5	2683197	14919	1
2092	133	Picture	30	2686349	0	1	4145	2	0	4000	false_alarm	278
2092	133	Response	1	2693436	7087	2
2092	133	Pulse	5	2703196	16847	2
2092	134	Picture	30	2704420	0	1	4144	3	0	4000	other	0
2092	135	Picture	31	2722490	0	2	4145	3	0	4000	hit	283
2092	135	Pulse	5	2723186	696	2
2092	135	Response	1	2726066	3576	1
2092	136	Picture	30	2740561	0	1	4145	2	0	4000	other	0
2092	136	Pulse	5	2743345	2784	2
2092	137	Picture	30	2758632	0	1	4145	2	0	4000	false_alarm	288
2092	137	Pulse	5	2763345	4713	2
2092	137	Response	1	2764945	6313	2
