Scenario - 1-back
Logfile written - 08/07/2014 15:50:42

Subject	Trial	Event Type	Code	Time	TTime	Uncertainty	Duration	Uncertainty	ReqTime	ReqDur	Stim Type	Pair Index

2092	1	Pulse	5	120907	130741	2
2092	2	Pulse	5	140897	19927	1
2092	3	Picture	10	146004	0	1	4145	2	0	4000	other	0
2092	3	Pulse	5	160896	14892	2
2092	4	Picture	10	164075	0	1	4144	3	0	4000	other	0
2092	4	Pulse	5	180896	16821	2
2092	5	Picture	11	182146	0	1	4144	2	0	4000	hit	8
2092	5	Response	1	185686	3540	1
2092	6	Picture	10	200216	0	2	4145	3	0	4000	other	0
2092	6	Pulse	5	200885	669	2
2092	7	Picture	11	218287	0	1	4145	2	0	4000	hit	13
2092	7	Pulse	5	220885	2598	2
2092	7	Response	1	222645	4358	2
2092	8	Picture	10	236358	0	1	4144	3	0	4000	other	0
2092	8	Pulse	5	240884	4526	2
2092	9	Picture	10	254429	0	1	4144	2	0	4000	other	0
2092	9	Pulse	5	260874	6445	2
2092	10	Picture	10	272499	0	1	4145	2	0	4000	other	0
2092	10	Pulse	5	280874	8375	1
2092	11	Picture	11	290570	0	1	4145	2	0	4000	hit	21
2092	11	Response	1	293834	3264	1
2092	11	Pulse	5	300873	10303	2
2092	12	Picture	10	308641	0	1	4144	2	0	4000	other	0
2092	12	Pulse	5	320863	12222	1
2092	13	Picture	10	326711	0	2	4145	3	0	4000	other	0
2092	13	Pulse	5	340862	14151	2
2092	14	Picture	11	344782	0	1	4145	2	0	4000	hit	28
2092	14	Response	1	350142	5360	2
2092	14	Pulse	5	360862	16080	2
2092	15	Picture	10	362853	0	1	4144	3	0	4000	other	0
2092	15	Pulse	5	380851	17998	2
2092	16	Picture	10	380924	0	1	4144	2	0	4000	other	0
2092	17	Picture	10	398994	0	1	4145	2	0	4000	other	0
2092	17	Pulse	5	400851	1857	2
2092	18	Picture	10	417065	0	1	4145	2	0	4000	other	0
2092	18	Pulse	5	420851	3786	1
2092	19	Pulse	5	440840	5704	2
2092	20	Picture	30	460169	0	2	4145	3	0	4000	other	0
2092	20	Pulse	5	460840	671	1
2092	21	Picture	30	478240	0	1	4145	2	0	4000	other	0
2092	21	Pulse	5	480999	2759	2
2092	22	Picture	31	496311	0	1	4145	2	0	4000	hit	43
2092	22	Response	1	499869	3558	1
2092	22	Pulse	5	500989	4678	1
2092	23	Picture	30	514382	0	1	4144	2	0	4000	other	0
2092	23	Pulse	5	520988	6606	2
2092	24	Picture	30	532452	0	2	4145	3	0	4000	other	0
2092	24	Pulse	5	540988	8536	2
2092	25	Picture	30	550523	0	1	4145	2	0	4000	other	0
2092	25	Pulse	5	560977	10454	2
2092	26	Picture	31	568594	0	1	4144	3	0	4000	hit	52
2092	26	Response	1	575697	7103	2
2092	26	Pulse	5	580977	12383	2
2092	27	Picture	31	586664	0	2	4145	3	0	4000	hit	55
2092	27	Response	1	595217	8553	1
2092	27	Pulse	5	600976	14312	2
2092	28	Picture	30	604735	0	1	4145	2	0	4000	other	0
2092	28	Pulse	5	620966	16231	2
2092	29	Picture	30	622806	0	1	4145	2	0	4000	other	0
2092	30	Picture	30	640877	0	1	4144	3	0	4000	other	0
2092	30	Pulse	5	640966	89	1
2092	31	Picture	31	658947	0	2	4145	3	0	4000	hit	64
2092	31	Pulse	5	660965	2018	2
2092	31	Response	1	664795	5848	2
2092	32	Picture	30	677018	0	1	4145	2	0	4000	other	0
2092	32	Pulse	5	680955	3937	1
2092	33	Picture	30	695089	0	1	4145	2	0	4000	other	0
2092	33	Pulse	5	700954	5865	2
2092	34	Picture	30	713160	0	1	4144	2	0	4000	other	0
2092	34	Pulse	5	720954	7794	2
2092	35	Picture	30	731230	0	1	4145	2	0	4000	other	0
2092	35	Pulse	5	740943	9713	2
2092	36	Pulse	5	760943	11642	2
2092	37	Picture	10	774335	0	1	4144	3	0	4000	other	0
2092	37	Pulse	5	780943	6608	1
2092	38	Picture	10	792406	0	1	4144	2	0	4000	other	0
2092	38	Pulse	5	800932	8526	2
2092	39	Picture	11	810476	0	1	4145	2	0	4000	hit	79
2092	39	Response	1	814852	4376	2
2092	39	Pulse	5	820932	10456	1
2092	40	Picture	10	828547	0	1	4145	2	0	4000	other	0
2092	40	Pulse	5	840931	12384	2
2092	41	Picture	11	846618	0	1	4144	3	0	4000	hit	84
2092	41	Response	1	850201	3583	2
2092	41	Pulse	5	860921	14303	2
2092	42	Picture	10	864688	0	2	4145	3	0	4000	other	0
2092	42	Pulse	5	880920	16232	2
2092	43	Picture	10	882759	0	1	4145	2	0	4000	other	0
2092	44	Picture	10	900830	0	1	4144	3	0	4000	other	0
2092	44	Pulse	5	900920	90	2
2092	45	Picture	11	918901	0	1	4144	2	0	4000	hit	93
2092	45	Pulse	5	920909	2008	2
2092	45	Response	1	923469	4568	2
2092	46	Picture	10	936971	0	2	4145	3	0	4000	other	0
2092	46	Pulse	5	940909	3938	2
2092	47	Picture	10	955042	0	1	4145	2	0	4000	other	0
2092	47	Pulse	5	960909	5867	1
2092	48	Picture	11	973113	0	1	4144	2	0	4000	hit	99
2092	48	Response	1	977698	4585	2
2092	48	Pulse	5	980898	7785	2
2092	49	Picture	10	991183	0	2	4145	3	0	4000	other	0
2092	49	Pulse	5	1000898	9715	1
2092	50	Picture	10	1009254	0	1	4145	2	0	4000	other	0
2092	50	Pulse	5	1020887	11633	2
2092	51	Picture	10	1027325	0	1	4144	3	0	4000	other	0
2092	51	Pulse	5	1040887	13562	2
2092	52	Picture	10	1045396	0	1	4144	2	0	4000	other	0
2092	52	Pulse	5	1060886	15490	2
2092	53	Pulse	5	1080876	17410	2
2092	54	Picture	20	1088500	0	1	4145	2	0	4000	other	0
2092	54	Pulse	5	1100876	12376	1
2092	55	Picture	20	1106571	0	1	4144	3	0	4000	other	0
2092	55	Pulse	5	1120875	14304	2
2092	56	Picture	21	1124642	0	1	4144	2	0	4000	hit	115
2092	56	Response	1	1128395	3753	2
2092	56	Pulse	5	1140865	16223	1
2092	57	Picture	20	1142712	0	1	4145	2	0	4000	other	0
2092	58	Picture	20	1160783	0	1	4145	2	0	4000	other	0
2092	58	Pulse	5	1160864	81	2
2092	59	Picture	20	1178854	0	1	4144	3	0	4000	other	0
2092	59	Pulse	5	1180864	2010	2
2092	60	Picture	21	1196924	0	2	4145	3	0	4000	hit	123
2092	60	Response	1	1200213	3289	2
2092	60	Pulse	5	1200854	3930	1
2092	61	Picture	20	1214995	0	1	4145	2	0	4000	other	0
2092	61	Pulse	5	1220853	5858	2
2092	62	Picture	20	1233066	0	1	4145	2	0	4000	other	0
2092	62	Pulse	5	1240852	7786	2
2092	63	Picture	20	1251136	0	2	4145	3	0	4000	other	0
2092	63	Pulse	5	1260842	9706	2
2092	64	Picture	20	1269207	0	2	4145	3	0	4000	other	0
2092	64	Pulse	5	1280842	11635	1
2092	65	Picture	20	1287278	0	1	4145	2	0	4000	false_alarm	134
2092	65	Response	1	1291721	4443	2
2092	65	Pulse	5	1300841	13563	2
2092	66	Picture	21	1305349	0	1	4144	3	0	4000	miss	0
2092	66	Pulse	5	1320831	15482	1
2092	67	Picture	20	1323419	0	2	4145	3	0	4000	other	0
2092	67	Pulse	5	1340830	17411	2
2092	68	Picture	20	1341490	0	1	4145	2	0	4000	other	0
2092	69	Picture	21	1359561	0	1	4145	2	0	4000	hit	143
2092	69	Pulse	5	1360830	1269	2
2092	69	Response	1	1366590	7029	1
2092	70	Pulse	5	1380819	3187	2
2092	70	Pulse	5	1400819	23187	2
2092	71	Picture	10	1402665	0	2	4145	3	0	4000	other	0
2092	72	Picture	10	1420736	0	1	4145	2	0	4000	other	0
2092	72	Pulse	5	1420819	83	1
2092	73	Picture	11	1438807	0	1	4144	3	0	4000	hit	151
2092	73	Pulse	5	1440808	2001	2
2092	73	Response	1	1442568	3761	2
2092	74	Picture	10	1456878	0	1	4144	2	0	4000	other	0
2092	74	Pulse	5	1460808	3930	1
2092	75	Picture	11	1474948	0	1	4145	2	0	4000	hit	155
2092	75	Response	1	1479687	4739	2
2092	75	Pulse	5	1480808	5860	1
2092	76	Picture	10	1493019	0	1	4145	2	0	4000	other	0
2092	76	Pulse	5	1500797	7778	2
2092	77	Picture	10	1511090	0	1	4144	3	0	4000	other	0
2092	77	Pulse	5	1520956	9866	2
2092	78	Picture	11	1529160	0	2	4145	3	0	4000	hit	162
2092	78	Response	1	1532956	3796	2
2092	78	Pulse	5	1540956	11796	2
2092	79	Picture	10	1547231	0	1	4145	2	0	4000	other	0
2092	79	Pulse	5	1560945	13714	2
2092	80	Picture	10	1565302	0	1	4145	2	0	4000	other	0
2092	80	Pulse	5	1580945	15643	2
2092	81	Picture	10	1583373	0	1	4144	2	0	4000	other	0
2092	81	Pulse	5	1600945	17572	1
2092	82	Picture	10	1601443	0	2	4145	3	0	4000	other	0
2092	83	Picture	10	1619514	0	1	4145	2	0	4000	other	0
2092	83	Pulse	5	1620934	1420	2
2092	84	Picture	11	1637585	0	1	4144	3	0	4000	hit	174
2092	84	Response	1	1640614	3029	1
2092	84	Pulse	5	1640934	3349	1
2092	85	Picture	10	1655656	0	1	4144	2	0	4000	other	0
2092	85	Pulse	5	1660933	5277	2
2092	86	Picture	10	1673726	0	1	4145	2	0	4000	other	0
2092	86	Pulse	5	1680923	7197	2
2092	87	Pulse	5	1700922	9125	2
2092	88	Picture	30	1716831	0	1	4144	3	0	4000	other	0
2092	88	Pulse	5	1720922	4091	2
2092	89	Picture	30	1734901	0	2	4145	3	0	4000	other	0
2092	89	Pulse	5	1740911	6010	2
2092	90	Picture	30	1752972	0	1	4145	2	0	4000	other	0
2092	90	Pulse	5	1760911	7939	2
2092	91	Picture	31	1771043	0	1	4144	3	0	4000	hit	188
2092	91	Response	1	1778191	7148	1
2092	91	Pulse	5	1780911	9868	1
2092	92	Picture	31	1789114	0	1	4144	2	0	4000	hit	191
2092	92	Response	1	1795150	6036	2
2092	92	Pulse	5	1800900	11786	2
2092	93	Picture	30	1807184	0	2	4145	4	0	4000	other	0
2092	93	Pulse	5	1820900	13716	1
2092	94	Picture	30	1825255	0	1	4145	2	0	4000	other	0
2092	94	Pulse	5	1840899	15644	2
2092	95	Picture	30	1843326	0	1	4144	3	0	4000	other	0
2092	95	Pulse	5	1860889	17563	2
2092	96	Picture	31	1861396	0	2	4145	3	0	4000	hit	200
2092	96	Response	1	1866009	4613	2
2092	97	Picture	30	1879467	0	1	4145	2	0	4000	other	0
2092	97	Pulse	5	1880888	1421	2
2092	98	Picture	30	1897538	0	1	4145	2	0	4000	other	0
2092	98	Pulse	5	1900888	3350	2
2092	99	Picture	30	1915609	0	1	4144	3	0	4000	other	0
2092	99	Pulse	5	1920878	5269	1
2092	100	Picture	30	1933679	0	2	4145	3	0	4000	other	0
2092	100	Pulse	5	1940877	7198	2
2092	101	Picture	31	1951750	0	1	4145	2	0	4000	miss	0
2092	101	Pulse	5	1960877	9127	1
2092	102	Picture	30	1969821	0	1	4144	3	0	4000	other	0
2092	102	Pulse	5	1980866	11045	2
2092	103	Picture	30	1987891	0	2	4145	3	0	4000	false_alarm	214
2092	103	Response	1	1993346	5455	2
2092	103	Pulse	5	2000866	12975	2
2092	104	Pulse	5	2020865	14903	2
2092	105	Picture	10	2030996	0	1	4145	2	0	4000	other	0
2092	105	Pulse	5	2040855	9859	2
2092	106	Picture	10	2049067	0	1	4144	3	0	4000	other	0
2092	106	Pulse	5	2060854	11787	2
2092	107	Picture	11	2067137	0	2	4145	3	0	4000	hit	222
2092	107	Response	1	2070134	2997	2
2092	107	Pulse	5	2080854	13717	2
2092	108	Picture	10	2085208	0	1	4145	2	0	4000	other	0
2092	108	Pulse	5	2100844	15636	1
2092	109	Picture	11	2103279	0	1	4144	3	0	4000	hit	227
2092	109	Response	1	2107883	4604	2
2092	109	Pulse	5	2120843	17564	2
2092	110	Picture	10	2121350	0	1	4144	2	0	4000	other	0
2092	111	Picture	10	2139420	0	1	4145	2	0	4000	other	0
2092	111	Pulse	5	2140843	1423	1
2092	112	Picture	11	2157491	0	1	4145	2	0	4000	hit	234
2092	112	Pulse	5	2160832	3341	2
2092	112	Response	1	2161312	3821	2
2092	113	Picture	10	2175561	0	2	4146	3	0	4000	other	0
2092	113	Pulse	5	2180832	5271	2
2092	114	Picture	10	2193633	0	1	4144	2	0	4000	other	0
2092	114	Pulse	5	2200831	7198	2
2092	115	Picture	10	2211703	0	1	4145	2	0	4000	other	0
2092	115	Pulse	5	2220821	9118	2
2092	116	Picture	10	2229774	0	1	4145	2	0	4000	other	0
2092	116	Pulse	5	2240820	11046	2
2092	117	Picture	10	2247845	0	1	4144	3	0	4000	other	0
2092	117	Pulse	5	2260820	12975	2
2092	118	Picture	11	2265915	0	2	4145	3	0	4000	hit	246
2092	118	Response	1	2269620	3705	2
2092	118	Pulse	5	2280810	14895	1
2092	119	Picture	10	2283986	0	1	4145	2	0	4000	other	0
2092	119	Pulse	5	2300809	16823	2
2092	120	Picture	10	2302057	0	1	4144	3	0	4000	other	0
2092	121	Pulse	5	2320809	681	2
2092	121	Pulse	5	2340798	20670	2
2092	122	Picture	20	2345161	0	2	4145	3	0	4000	other	0
2092	122	Pulse	5	2360798	15637	2
2092	123	Picture	20	2363232	0	1	4145	2	0	4000	other	0
2092	123	Pulse	5	2380797	17565	2
2092	124	Picture	20	2381303	0	1	4144	3	0	4000	other	0
2092	125	Picture	21	2399373	0	2	4145	3	0	4000	hit	260
2092	125	Pulse	5	2400787	1414	2
2092	125	Response	1	2402707	3334	2
2092	126	Picture	20	2417444	0	1	4145	2	0	4000	other	0
2092	126	Pulse	5	2420787	3343	1
2092	127	Picture	20	2435515	0	1	4145	2	0	4000	other	0
2092	127	Pulse	5	2440786	5271	2
2092	128	Picture	21	2453586	0	1	4144	3	0	4000	hit	266
2092	128	Response	1	2456936	3350	2
2092	128	Pulse	5	2460776	7190	2
2092	129	Picture	20	2471656	0	2	4145	3	0	4000	other	0
2092	129	Pulse	5	2480775	9119	2
2092	130	Picture	20	2489727	0	1	4145	2	0	4000	other	0
2092	130	Pulse	5	2500775	11048	2
2092	131	Picture	20	2507798	0	1	4145	2	0	4000	other	0
2092	131	Pulse	5	2520764	12966	2
2092	132	Picture	21	2525869	0	1	4144	2	0	4000	hit	275
2092	132	Response	1	2529244	3375	2
2092	132	Pulse	5	2540764	14895	2
2092	133	Picture	20	2543939	0	2	4145	3	0	4000	other	0
2092	133	Pulse	5	2560924	16985	1
2092	134	Picture	20	2562010	0	1	4145	2	0	4000	other	0
2092	135	Picture	21	2580081	0	1	4144	3	0	4000	hit	282
2092	135	Pulse	5	2580913	832	2
2092	135	Response	1	2585713	5632	2
2092	136	Picture	20	2598152	0	1	4144	2	0	4000	other	0
2092	136	Pulse	5	2600913	2761	1
2092	137	Picture	20	2616222	0	1	4145	2	0	4000	other	0
2092	137	Pulse	5	2620912	4690	2
