Scenario - 1-back
Logfile written - 08/07/2014 16:00:11

Subject	Trial	Event Type	Code	Time	TTime	Uncertainty	Duration	Uncertainty	ReqTime	ReqDur	Stim Type	Pair Index

2092	1	Pulse	5	106486	116320	2
2092	2	Pulse	5	126486	19939	1
2092	3	Picture	10	131581	0	1	4144	3	0	4000	other	0
2092	3	Pulse	5	146485	14904	2
2092	4	Picture	10	149651	0	2	4145	3	0	4000	other	0
2092	4	Pulse	5	166475	16824	2
2092	5	Picture	11	167722	0	1	4145	2	0	4000	hit	8
2092	5	Response	1	171595	3873	1
2092	6	Picture	10	185793	0	1	4145	2	0	4000	other	0
2092	6	Pulse	5	186474	681	2
2092	7	Picture	11	203864	0	1	4144	3	0	4000	hit	13
2092	7	Pulse	5	206474	2610	2
2092	7	Response	1	209994	6130	2
2092	8	Picture	10	221934	0	2	4145	3	0	4000	other	0
2092	8	Pulse	5	226463	4529	2
2092	9	Picture	10	240005	0	1	4145	2	0	4000	other	0
2092	9	Pulse	5	246463	6458	2
2092	10	Picture	10	258076	0	1	4145	2	0	4000	other	0
2092	10	Pulse	5	266463	8387	1
2092	11	Picture	11	276147	0	1	4144	2	0	4000	hit	21
2092	11	Response	1	279572	3425	2
2092	11	Pulse	5	286452	10305	2
2092	12	Picture	10	294217	0	2	4145	3	0	4000	other	0
2092	12	Pulse	5	306612	12395	1
2092	13	Picture	10	312288	0	1	4145	2	0	4000	other	0
2092	13	Pulse	5	326611	14323	2
2092	14	Picture	11	330359	0	1	4144	3	0	4000	hit	28
2092	14	Response	1	333811	3452	2
2092	14	Pulse	5	346601	16242	2
2092	15	Picture	10	348429	0	2	4145	3	0	4000	other	0
2092	16	Picture	10	366500	0	1	4145	2	0	4000	other	0
2092	16	Pulse	5	366600	100	2
2092	17	Picture	10	384571	0	1	4145	2	0	4000	other	0
2092	17	Pulse	5	386600	2029	2
2092	18	Picture	10	402642	0	1	4144	3	0	4000	other	0
2092	18	Pulse	5	406590	3948	1
2092	19	Pulse	5	426589	5877	2
2092	20	Picture	30	445746	0	1	4145	2	0	4000	other	0
2092	20	Pulse	5	446589	843	1
2092	21	Picture	30	463817	0	1	4144	3	0	4000	other	0
2092	21	Pulse	5	466578	2761	2
2092	22	Picture	31	481888	0	1	4144	2	0	4000	hit	44
2092	22	Pulse	5	486578	4690	2
2092	22	Response	1	488018	6130	2
2092	23	Picture	30	499958	0	2	4145	3	0	4000	other	0
2092	23	Pulse	5	506577	6619	2
2092	24	Picture	30	518029	0	1	4145	2	0	4000	other	0
2092	24	Pulse	5	526567	8538	2
2092	25	Picture	30	536100	0	1	4144	3	0	4000	other	0
2092	25	Pulse	5	546566	10466	2
2092	26	Picture	31	554170	0	2	4145	3	0	4000	hit	52
2092	26	Response	1	561926	7756	2
2092	26	Pulse	5	566566	12396	2
2092	27	Picture	31	572241	0	1	4145	2	0	4000	hit	55
2092	27	Response	1	579836	7595	1
2092	27	Pulse	5	586556	14315	1
2092	28	Picture	30	590312	0	1	4145	2	0	4000	other	0
2092	28	Pulse	5	606555	16243	2
2092	29	Picture	30	608383	0	1	4144	3	0	4000	other	0
2092	30	Picture	30	626453	0	2	4145	3	0	4000	other	0
2092	30	Pulse	5	626555	102	1
2092	31	Picture	31	644524	0	1	4145	2	0	4000	hit	64
2092	31	Pulse	5	646544	2020	2
2092	31	Response	1	650544	6020	2
2092	32	Picture	30	662595	0	1	4145	2	0	4000	other	0
2092	32	Pulse	5	666544	3949	2
2092	33	Picture	30	680666	0	1	4144	2	0	4000	other	0
2092	33	Pulse	5	686543	5877	2
2092	34	Picture	30	698736	0	2	4145	3	0	4000	other	0
2092	34	Pulse	5	706533	7797	2
2092	35	Picture	30	716807	0	1	4145	2	0	4000	other	0
2092	35	Pulse	5	726533	9726	1
2092	36	Pulse	5	746532	11654	2
2092	37	Picture	10	759911	0	2	4145	3	0	4000	other	0
2092	37	Pulse	5	766522	6611	1
2092	38	Picture	10	777982	0	1	4145	2	0	4000	other	0
2092	38	Pulse	5	786521	8539	2
2092	39	Picture	11	796053	0	1	4145	2	0	4000	hit	79
2092	39	Response	1	800281	4228	2
2092	39	Pulse	5	806521	10468	1
2092	40	Picture	10	814124	0	1	4144	3	0	4000	false_alarm	82
2092	40	Response	1	818830	4706	2
2092	40	Pulse	5	826510	12386	2
2092	41	Picture	11	832194	0	2	4145	3	0	4000	miss	0
2092	41	Pulse	5	846510	14316	2
2092	42	Picture	10	850265	0	1	4145	2	0	4000	other	0
2092	42	Pulse	5	866509	16244	2
2092	43	Picture	10	868336	0	1	4144	3	0	4000	other	0
2092	44	Picture	10	886407	0	1	4144	2	0	4000	other	0
2092	44	Pulse	5	886499	92	2
2092	45	Picture	11	904477	0	2	4145	3	0	4000	hit	93
2092	45	Pulse	5	906499	2022	1
2092	45	Response	1	909218	4741	2
2092	46	Picture	10	922548	0	1	4145	2	0	4000	other	0
2092	46	Pulse	5	926498	3950	2
2092	47	Picture	10	940619	0	1	4144	3	0	4000	other	0
2092	47	Pulse	5	946488	5869	1
2092	48	Picture	11	958689	0	2	4145	3	0	4000	hit	99
2092	48	Response	1	963127	4438	2
2092	48	Pulse	5	966488	7799	1
2092	49	Picture	10	976760	0	1	4145	2	0	4000	other	0
2092	49	Pulse	5	986487	9727	2
2092	50	Picture	10	994831	0	1	4145	2	0	4000	other	0
2092	50	Pulse	5	1006476	11645	2
2092	51	Picture	10	1012902	0	1	4144	3	0	4000	other	0
2092	51	Pulse	5	1026476	13574	2
2092	52	Picture	10	1030972	0	2	4145	3	0	4000	other	0
2092	52	Pulse	5	1046475	15503	2
2092	53	Pulse	5	1066465	17422	2
2092	54	Picture	20	1074077	0	1	4144	3	0	4000	other	0
2092	54	Pulse	5	1086465	12388	1
2092	55	Picture	20	1092148	0	1	4144	2	0	4000	other	0
2092	55	Pulse	5	1106464	14316	2
2092	56	Picture	21	1110218	0	2	4145	3	0	4000	hit	115
2092	56	Response	1	1114134	3916	2
2092	56	Pulse	5	1126454	16236	1
2092	57	Picture	20	1128289	0	1	4145	2	0	4000	other	0
2092	58	Picture	20	1146360	0	1	4144	3	0	4000	other	0
2092	58	Pulse	5	1146454	94	1
2092	59	Picture	20	1164430	0	2	4145	3	0	4000	other	0
2092	59	Pulse	5	1166453	2023	2
2092	60	Picture	21	1182501	0	1	4145	2	0	4000	hit	124
2092	60	Pulse	5	1186442	3941	2
2092	60	Response	1	1188362	5861	2
2092	61	Picture	20	1200572	0	1	4145	2	0	4000	other	0
2092	61	Pulse	5	1206442	5870	2
2092	62	Picture	20	1218643	0	1	4144	2	0	4000	other	0
2092	62	Pulse	5	1226442	7799	1
2092	63	Picture	20	1236713	0	2	4145	3	0	4000	other	0
2092	63	Pulse	5	1246431	9718	2
2092	64	Picture	20	1254784	0	1	4145	2	0	4000	other	0
2092	64	Pulse	5	1266431	11647	1
2092	65	Picture	20	1272855	0	1	4145	2	0	4000	other	0
2092	65	Pulse	5	1286430	13575	2
2092	66	Picture	21	1290926	0	1	4144	2	0	4000	hit	136
2092	66	Response	1	1301300	10374	2
2092	66	Pulse	5	1306420	15494	2
2092	67	Picture	20	1308996	0	1	4145	2	0	4000	other	0
2092	67	Pulse	5	1326419	17423	2
2092	68	Picture	20	1327067	0	1	4145	2	0	4000	other	0
2092	69	Picture	21	1345138	0	1	4144	3	0	4000	hit	143
2092	69	Pulse	5	1346579	1441	2
2092	69	Response	1	1349140	4002	1
2092	70	Pulse	5	1366568	3360	2
2092	70	Pulse	5	1386568	23360	2
2092	71	Picture	10	1388242	0	1	4145	2	0	4000	other	0
2092	72	Picture	10	1406313	0	1	4145	2	0	4000	other	0
2092	72	Pulse	5	1406568	255	1
2092	73	Picture	11	1424384	0	1	4144	3	0	4000	hit	151
2092	73	Pulse	5	1426557	2173	2
2092	73	Response	1	1428477	4093	2
2092	74	Picture	10	1442454	0	2	4145	3	0	4000	other	0
2092	74	Pulse	5	1446557	4103	1
2092	75	Picture	11	1460525	0	1	4145	2	0	4000	hit	155
2092	75	Response	1	1466556	6031	2
2092	75	Pulse	5	1466556	6031	2
2092	76	Picture	10	1478596	0	1	4144	3	0	4000	other	0
2092	76	Pulse	5	1486546	7950	2
2092	77	Picture	10	1496666	0	2	4145	3	0	4000	other	0
2092	77	Pulse	5	1506545	9879	2
2092	78	Picture	11	1514737	0	1	4145	2	0	4000	hit	162
2092	78	Response	1	1520785	6048	2
2092	78	Pulse	5	1526545	11808	2
2092	79	Picture	10	1532808	0	1	4145	2	0	4000	other	0
2092	79	Pulse	5	1546535	13727	1
2092	80	Picture	10	1550879	0	1	4144	3	0	4000	other	0
2092	80	Pulse	5	1566534	15655	2
2092	81	Picture	10	1568950	0	1	4144	3	0	4000	other	0
2092	81	Pulse	5	1586534	17584	1
2092	82	Picture	10	1587020	0	1	4145	2	0	4000	other	0
2092	83	Picture	10	1605091	0	1	4145	2	0	4000	other	0
2092	83	Pulse	5	1606523	1432	2
2092	84	Picture	11	1623162	0	1	4144	2	0	4000	hit	175
2092	84	Pulse	5	1626523	3361	2
2092	84	Response	1	1632763	9601	1
2092	85	Picture	10	1641232	0	2	4145	3	0	4000	other	0
2092	85	Pulse	5	1646522	5290	2
2092	86	Picture	10	1659303	0	1	4145	2	0	4000	other	0
2092	86	Pulse	5	1666512	7209	2
2092	87	Pulse	5	1686511	9137	2
2092	88	Picture	30	1702408	0	1	4144	2	0	4000	other	0
2092	88	Pulse	5	1706511	4103	2
2092	89	Picture	30	1720478	0	1	4145	2	0	4000	other	0
2092	89	Pulse	5	1726501	6023	1
2092	90	Picture	30	1738549	0	1	4145	2	0	4000	other	0
2092	90	Pulse	5	1746500	7951	2
2092	91	Picture	31	1756620	0	1	4144	3	0	4000	hit	188
2092	91	Response	1	1760420	3800	2
2092	91	Pulse	5	1766500	9880	1
2092	92	Picture	31	1774690	0	2	4145	3	0	4000	miss	0
2092	92	Pulse	5	1786489	11799	2
2092	93	Picture	30	1792761	0	1	4145	2	0	4000	other	0
2092	93	Pulse	5	1806489	13728	2
2092	94	Picture	30	1810832	0	1	4145	2	0	4000	other	0
2092	94	Pulse	5	1826488	15656	2
2092	95	Picture	30	1828903	0	1	4144	3	0	4000	other	0
2092	95	Pulse	5	1846478	17575	2
2092	96	Picture	31	1846973	0	2	4145	4	0	4000	hit	199
2092	96	Response	1	1851918	4945	2
2092	97	Picture	30	1865044	0	1	4145	2	0	4000	other	0
2092	97	Pulse	5	1866478	1434	1
2092	98	Picture	30	1883115	0	1	4145	2	0	4000	other	0
2092	98	Pulse	5	1886477	3362	2
2092	99	Picture	30	1901186	0	1	4144	2	0	4000	other	0
2092	99	Pulse	5	1906467	5281	1
2092	100	Picture	30	1919256	0	1	4145	2	0	4000	other	0
2092	100	Pulse	5	1926466	7210	2
2092	101	Picture	31	1937327	0	1	4145	2	0	4000	hit	209
2092	101	Response	1	1942466	5139	2
2092	101	Pulse	5	1946466	9139	2
2092	102	Picture	30	1955398	0	1	4144	3	0	4000	other	0
2092	102	Pulse	5	1966455	11057	2
2092	103	Picture	30	1973468	0	2	4145	3	0	4000	other	0
2092	103	Pulse	5	1986455	12987	2
2092	104	Pulse	5	2006454	14915	2
2092	105	Picture	10	2016573	0	1	4145	2	0	4000	other	0
2092	105	Pulse	5	2026444	9871	2
2092	106	Picture	10	2034644	0	1	4144	2	0	4000	other	0
2092	106	Pulse	5	2046444	11800	1
2092	107	Picture	11	2052714	0	2	4145	3	0	4000	hit	221
2092	107	Response	1	2058123	5409	2
2092	107	Pulse	5	2066433	13719	2
2092	108	Picture	10	2070785	0	1	4145	2	0	4000	other	0
2092	108	Pulse	5	2086433	15648	1
2092	109	Picture	11	2088856	0	1	4145	2	0	4000	hit	226
2092	109	Response	1	2093793	4937	1
2092	109	Pulse	5	2106432	17576	2
2092	110	Picture	10	2106927	0	1	4144	3	0	4000	other	0
2092	111	Picture	10	2124997	0	2	4145	4	0	4000	other	0
2092	111	Pulse	5	2126422	1425	2
2092	112	Picture	11	2143068	0	1	4145	2	0	4000	hit	233
2092	112	Pulse	5	2146421	3353	2
2092	112	Response	1	2148341	5273	2
2092	113	Picture	10	2161139	0	1	4144	3	0	4000	other	0
2092	113	Pulse	5	2166421	5282	2
2092	114	Picture	10	2179210	0	1	4144	2	0	4000	other	0
2092	114	Pulse	5	2186411	7201	1
2092	115	Picture	10	2197280	0	1	4145	2	0	4000	other	0
2092	115	Pulse	5	2206410	9130	2
2092	116	Picture	10	2215351	0	1	4145	2	0	4000	other	0
2092	116	Pulse	5	2226410	11059	1
2092	117	Picture	10	2233422	0	1	4144	2	0	4000	other	0
2092	117	Pulse	5	2246399	12977	2
2092	118	Picture	11	2251492	0	2	4145	3	0	4000	hit	245
2092	118	Response	1	2255839	4347	2
2092	118	Pulse	5	2266399	14907	1
2092	119	Picture	10	2269563	0	1	4145	3	0	4000	other	0
2092	119	Pulse	5	2286398	16835	2
2092	120	Picture	10	2287634	0	1	4144	3	0	4000	other	0
2092	121	Pulse	5	2306388	683	2
2092	121	Pulse	5	2326387	20682	2
2092	122	Picture	20	2330738	0	2	4145	3	0	4000	other	0
2092	122	Pulse	5	2346387	15649	2
2092	123	Picture	20	2348809	0	1	4145	2	0	4000	other	0
2092	123	Pulse	5	2366377	17568	1
2092	124	Picture	20	2366880	0	1	4144	3	0	4000	other	0
2092	125	Picture	21	2384951	0	1	4144	2	0	4000	hit	259
2092	125	Pulse	5	2386536	1585	2
2092	125	Response	1	2388457	3506	1
2092	126	Picture	20	2403021	0	1	4145	2	0	4000	other	0
2092	126	Pulse	5	2406536	3515	1
2092	127	Picture	20	2421092	0	1	4145	2	0	4000	other	0
2092	127	Pulse	5	2426525	5433	2
2092	128	Picture	21	2439163	0	1	4144	3	0	4000	hit	265
2092	128	Response	1	2443645	4482	2
2092	128	Pulse	5	2446525	7362	2
2092	129	Picture	20	2457233	0	2	4145	3	0	4000	other	0
2092	129	Pulse	5	2466524	9291	2
2092	130	Picture	20	2475304	0	1	4145	2	0	4000	other	0
2092	130	Pulse	5	2486514	11210	2
2092	131	Picture	20	2493375	0	1	4145	2	0	4000	other	0
2092	131	Pulse	5	2506513	13138	2
2092	132	Picture	21	2511446	0	1	4144	2	0	4000	hit	274
2092	132	Response	1	2515153	3707	2
2092	132	Pulse	5	2526513	15067	2
2092	133	Picture	20	2529516	0	2	4145	3	0	4000	other	0
2092	133	Pulse	5	2546503	16987	1
2092	134	Picture	20	2547587	0	1	4145	2	0	4000	other	0
2092	135	Picture	21	2565658	0	1	4144	3	0	4000	hit	281
2092	135	Pulse	5	2566502	844	2
2092	135	Response	1	2570342	4684	2
2092	136	Picture	20	2583728	0	2	4145	3	0	4000	other	0
2092	136	Pulse	5	2586502	2774	1
2092	137	Picture	20	2601799	0	1	4145	2	0	4000	other	0
2092	137	Pulse	5	2606491	4692	2
