Scenario - 1-back
Logfile written - 08/01/2014 17:29:48

Subject	Trial	Event Type	Code	Time	TTime	Uncertainty	Duration	Uncertainty	ReqTime	ReqDur	Stim Type	Pair Index

2107	1	Pulse	5	103228	113062	1
2107	2	Pulse	5	123217	19819	2
2107	3	Picture	10	128432	0	1	4145	2	0	4000	other	0
2107	3	Pulse	5	143217	14785	2
2107	4	Picture	10	146503	0	1	4145	2	0	4000	other	0
2107	4	Pulse	5	163207	16704	2
2107	5	Picture	11	164574	0	1	4145	2	0	4000	hit	8
2107	5	Response	1	168487	3913	2
2107	6	Picture	10	182645	0	1	4144	3	0	4000	other	0
2107	6	Pulse	5	183207	562	1
2107	7	Picture	11	200716	0	1	4144	3	0	4000	hit	13
2107	7	Pulse	5	203206	2490	2
2107	7	Response	1	206886	6170	2
2107	8	Picture	10	218787	0	1	4144	2	0	4000	other	0
2107	8	Pulse	5	223206	4419	2
2107	9	Picture	10	236857	0	2	4145	3	0	4000	other	0
2107	9	Pulse	5	243196	6339	2
2107	10	Picture	10	254928	0	2	4145	3	0	4000	other	0
2107	10	Pulse	5	263196	8268	1
2107	11	Picture	11	272999	0	1	4145	2	0	4000	hit	21
2107	11	Response	1	278555	5556	2
2107	11	Pulse	5	283195	10196	2
2107	12	Picture	10	291070	0	1	4145	2	0	4000	other	0
2107	12	Pulse	5	303185	12115	2
2107	13	Picture	10	309141	0	1	4145	2	0	4000	other	0
2107	13	Pulse	5	323185	14044	2
2107	14	Picture	11	327212	0	1	4145	2	0	4000	hit	28
2107	14	Response	1	333425	6213	2
2107	14	Pulse	5	343185	15973	2
2107	15	Picture	10	345283	0	1	4145	2	0	4000	other	0
2107	15	Pulse	5	363334	18051	2
2107	16	Picture	10	363354	0	1	4144	3	0	4000	other	0
2107	17	Picture	10	381425	0	1	4144	2	0	4000	other	0
2107	17	Pulse	5	383334	1909	2
2107	18	Picture	10	399656	0	8	4150	9	0	4000	other	0
2107	18	Pulse	5	403335	3679	1
2107	19	Pulse	5	423324	5592	2
2107	20	Picture	30	442766	0	1	4145	2	0	4000	other	0
2107	20	Pulse	5	443323	557	3
2107	21	Picture	30	460837	0	1	4145	2	0	4000	other	0
2107	21	Pulse	5	463323	2486	2
2107	22	Picture	31	478908	0	1	4145	2	0	4000	hit	44
2107	22	Pulse	5	483313	4405	2
2107	22	Response	1	485073	6165	2
2107	23	Picture	30	496979	0	1	4144	3	0	4000	other	0
2107	23	Pulse	5	503312	6333	3
2107	24	Picture	30	515050	0	1	4144	2	0	4000	other	0
2107	24	Pulse	5	523302	8252	2
2107	25	Picture	30	533120	0	2	4145	3	0	4000	other	0
2107	25	Pulse	5	543302	10182	2
2107	26	Picture	31	551191	0	2	4145	3	0	4000	hit	52
2107	26	Response	1	556262	5071	2
2107	26	Pulse	5	563302	12111	2
2107	27	Picture	31	569262	0	2	4145	3	0	4000	hit	55
2107	27	Response	1	582182	12920	1
2107	27	Pulse	5	583302	14040	2
2107	28	Picture	30	587333	0	1	4145	2	0	4000	other	0
2107	28	Pulse	5	603291	15958	2
2107	29	Picture	30	605404	0	1	4145	2	0	4000	other	0
2107	29	Pulse	5	623291	17887	2
2107	30	Picture	30	623475	0	1	4145	2	0	4000	other	0
2107	31	Picture	31	641546	0	1	4145	2	0	4000	hit	64
2107	31	Pulse	5	643281	1735	2
2107	31	Response	1	648241	6695	2
2107	32	Picture	30	659617	0	1	4145	2	0	4000	other	0
2107	32	Pulse	5	663281	3664	1
2107	33	Picture	30	677688	0	1	4144	3	0	4000	other	0
2107	33	Pulse	5	683280	5592	2
2107	34	Picture	30	695759	0	1	4144	3	0	4000	other	0
2107	34	Pulse	5	703280	7521	2
2107	35	Picture	30	713829	0	2	4145	3	0	4000	false_alarm	72
2107	35	Response	1	720710	6881	2
2107	35	Pulse	5	723270	9441	2
2107	36	Pulse	5	743269	11369	2
2107	37	Picture	10	756934	0	2	4145	3	0	4000	other	0
2107	37	Pulse	5	763259	6325	2
2107	38	Picture	10	775005	0	1	4145	2	0	4000	other	0
2107	38	Pulse	5	783259	8254	2
2107	39	Picture	11	793076	0	1	4145	2	0	4000	hit	80
2107	39	Response	1	799259	6183	2
2107	39	Pulse	5	803259	10183	2
2107	40	Picture	10	811147	0	1	4145	2	0	4000	other	0
2107	40	Pulse	5	823259	12112	1
2107	41	Picture	11	829217	0	2	4146	3	0	4000	hit	85
2107	41	Response	1	834609	5392	1
2107	41	Pulse	5	843248	14031	2
2107	42	Picture	10	847289	0	1	4145	2	0	4000	other	0
2107	42	Pulse	5	863248	15959	2
2107	43	Picture	10	865360	0	1	4144	3	0	4000	other	0
2107	43	Pulse	5	883248	17888	2
2107	44	Picture	10	883431	0	1	4144	2	0	4000	other	0
2107	45	Picture	11	901501	0	2	4145	3	0	4000	hit	94
2107	45	Pulse	5	903237	1736	2
2107	45	Response	1	907557	6056	2
2107	46	Picture	10	919572	0	2	4145	3	0	4000	other	0
2107	46	Pulse	5	923237	3665	2
2107	47	Picture	10	937643	0	1	4145	2	0	4000	other	0
2107	47	Pulse	5	943237	5594	2
2107	48	Picture	11	955714	0	1	4145	2	0	4000	hit	100
2107	48	Response	1	960027	4313	2
2107	48	Pulse	5	963227	7513	2
2107	49	Picture	10	973785	0	1	4145	2	0	4000	other	0
2107	49	Pulse	5	983227	9442	1
2107	50	Picture	10	991855	0	2	4146	3	0	4000	other	0
2107	50	Pulse	5	1003226	11371	2
2107	51	Picture	10	1009927	0	1	4144	3	0	4000	other	0
2107	51	Pulse	5	1023216	13289	2
2107	52	Picture	10	1027998	0	1	4144	3	0	4000	other	0
2107	52	Pulse	5	1043216	15218	2
2107	53	Pulse	5	1063216	17147	1
2107	54	Picture	20	1071103	0	1	4144	2	0	4000	other	0
2107	54	Pulse	5	1083205	12102	2
2107	55	Picture	20	1089173	0	2	4145	3	0	4000	other	0
2107	55	Pulse	5	1103205	14032	2
2107	56	Picture	21	1107244	0	2	4145	3	0	4000	hit	116
2107	56	Response	1	1111045	3801	2
2107	56	Pulse	5	1123195	15951	2
2107	57	Picture	20	1125315	0	1	4145	2	0	4000	other	0
2107	57	Pulse	5	1143194	17879	2
2107	58	Picture	20	1143386	0	1	4145	2	0	4000	other	0
2107	59	Picture	20	1161457	0	1	4145	2	0	4000	other	0
2107	59	Pulse	5	1163194	1737	2
2107	60	Picture	21	1179528	0	1	4145	2	0	4000	hit	125
2107	60	Pulse	5	1183194	3666	2
2107	60	Response	1	1186864	7336	2
2107	61	Picture	20	1197599	0	1	4144	3	0	4000	other	0
2107	61	Pulse	5	1203184	5585	2
2107	62	Picture	20	1215670	0	1	4144	3	0	4000	other	0
2107	62	Pulse	5	1223183	7513	2
2107	63	Picture	20	1233741	0	1	4144	2	0	4000	other	0
2107	63	Pulse	5	1243183	9442	2
2107	64	Picture	20	1251811	0	2	4145	3	0	4000	other	0
2107	64	Pulse	5	1263173	11362	2
2107	65	Picture	20	1269882	0	2	4145	3	0	4000	false_alarm	135
2107	65	Response	1	1275173	5291	2
2107	65	Pulse	5	1283173	13291	2
2107	66	Picture	21	1287953	0	1	4145	2	0	4000	miss	0
2107	66	Pulse	5	1303173	15220	1
2107	67	Picture	20	1306024	0	1	4145	2	0	4000	other	0
2107	67	Pulse	5	1323162	17138	2
2107	68	Picture	20	1324095	0	1	4145	2	0	4000	other	0
2107	69	Picture	21	1342166	0	1	4145	2	0	4000	hit	144
2107	69	Pulse	5	1343162	996	2
2107	69	Response	1	1348602	6436	2
2107	70	Pulse	5	1363163	2926	1
2107	70	Pulse	5	1383152	22915	1
2107	71	Picture	10	1385271	0	1	4144	3	0	4000	other	0
2107	71	Pulse	5	1403311	18040	2
2107	72	Picture	10	1403342	0	1	4144	3	0	4000	other	0
2107	73	Picture	11	1421413	0	1	4144	3	0	4000	hit	152
2107	73	Pulse	5	1423301	1888	2
2107	73	Response	1	1425701	4288	2
2107	74	Picture	10	1439483	0	2	4145	3	0	4000	other	0
2107	74	Pulse	5	1443301	3818	2
2107	75	Picture	11	1457554	0	2	4145	3	0	4000	hit	156
2107	75	Response	1	1463140	5586	3
2107	75	Pulse	5	1463300	5746	3
2107	76	Picture	10	1475625	0	1	4144	3	0	4000	other	0
2107	76	Pulse	5	1483300	7675	2
2107	77	Picture	10	1493696	0	1	4145	2	0	4000	other	0
2107	77	Pulse	5	1503290	9594	2
2107	78	Picture	11	1511767	0	1	4145	2	0	4000	hit	163
2107	78	Response	1	1516730	4963	2
2107	78	Pulse	5	1523290	11523	2
2107	79	Picture	10	1529838	0	1	4145	2	0	4000	other	0
2107	79	Pulse	5	1543289	13451	3
2107	80	Picture	10	1547909	0	1	4144	3	0	4000	other	0
2107	80	Pulse	5	1563279	15370	2
2107	81	Picture	10	1565980	0	1	4144	3	0	4000	other	0
2107	81	Pulse	5	1583279	17299	2
2107	82	Picture	10	1584051	0	1	4144	2	0	4000	other	0
2107	83	Picture	10	1602121	0	2	4145	3	0	4000	other	0
2107	83	Pulse	5	1603279	1158	2
2107	84	Picture	11	1620192	0	2	4145	3	0	4000	hit	176
2107	84	Pulse	5	1623268	3076	2
2107	84	Response	1	1625668	5476	2
2107	85	Picture	10	1638263	0	2	4144	4	0	4000	other	0
2107	85	Pulse	5	1643268	5005	2
2107	86	Picture	10	1656334	0	1	4145	2	0	4000	other	0
2107	86	Pulse	5	1663268	6934	2
2107	87	Pulse	5	1683258	8853	2
2107	88	Picture	30	1699439	0	1	4145	2	0	4000	other	0
2107	88	Pulse	5	1703257	3818	2
2107	89	Picture	30	1717510	0	1	4145	2	0	4000	other	0
2107	89	Pulse	5	1723257	5747	2
2107	90	Picture	30	1735581	0	1	4144	3	0	4000	other	0
2107	90	Pulse	5	1743247	7666	2
2107	91	Picture	31	1753652	0	1	4144	3	0	4000	hit	189
2107	91	Response	1	1759567	5915	2
2107	91	Pulse	5	1763247	9595	2
2107	92	Picture	31	1771723	0	1	4144	2	0	4000	hit	192
2107	92	Response	1	1780207	8484	1
2107	92	Pulse	5	1783246	11523	2
2107	93	Picture	30	1789793	0	2	4145	3	0	4000	other	0
2107	93	Pulse	5	1803236	13443	2
2107	94	Picture	30	1807864	0	2	4145	3	0	4000	other	0
2107	94	Pulse	5	1823236	15372	2
2107	95	Picture	30	1825935	0	2	4145	3	0	4000	other	0
2107	95	Pulse	5	1843226	17291	2
2107	96	Picture	31	1844006	0	1	4145	2	0	4000	hit	201
2107	96	Response	1	1848026	4020	2
2107	97	Picture	30	1862077	0	1	4145	2	0	4000	other	0
2107	97	Pulse	5	1863226	1149	2
2107	98	Picture	30	1880148	0	1	4145	2	0	4000	other	0
2107	98	Pulse	5	1883225	3077	2
2107	99	Picture	30	1898219	0	1	4145	2	0	4000	other	0
2107	99	Pulse	5	1903225	5006	2
2107	100	Picture	30	1916290	0	1	4144	3	0	4000	other	0
2107	100	Pulse	5	1923215	6925	2
2107	101	Picture	31	1934361	0	1	4144	3	0	4000	hit	211
2107	101	Response	1	1938575	4214	1
2107	101	Pulse	5	1943214	8853	2
2107	102	Picture	30	1952431	0	2	4145	3	0	4000	other	0
2107	102	Pulse	5	1963204	10773	2
2107	103	Picture	30	1970502	0	2	4145	3	0	4000	other	0
2107	103	Pulse	5	1983204	12702	2
2107	104	Pulse	5	2003204	14631	2
2107	105	Picture	10	2013607	0	1	4145	2	0	4000	other	0
2107	105	Pulse	5	2023203	9596	2
2107	106	Picture	10	2031678	0	1	4145	2	0	4000	other	0
2107	106	Pulse	5	2043193	11515	2
2107	107	Picture	11	2049749	0	1	4141	6	0	4000	hit	223
2107	107	Response	1	2055993	6244	2
2107	107	Pulse	5	2063193	13444	2
2107	108	Picture	10	2067820	0	1	4145	2	0	4000	other	0
2107	108	Pulse	5	2083193	15373	2
2107	109	Picture	11	2085891	0	1	4145	2	0	4000	hit	228
2107	109	Response	1	2091503	5612	1
2107	109	Pulse	5	2103182	17291	2
2107	110	Picture	10	2103962	0	1	4144	3	0	4000	other	0
2107	111	Picture	10	2122033	0	1	4144	2	0	4000	other	0
2107	111	Pulse	5	2123183	1150	1
2107	112	Picture	11	2140104	0	1	4144	2	0	4000	hit	235
2107	112	Pulse	5	2143182	3078	2
2107	112	Response	1	2146852	6748	2
2107	113	Picture	10	2158174	0	2	4145	3	0	4000	other	0
2107	113	Pulse	5	2163172	4998	2
2107	114	Picture	10	2176245	0	2	4145	3	0	4000	other	0
2107	114	Pulse	5	2183171	6926	2
2107	115	Picture	10	2194316	0	1	4145	2	0	4000	other	0
2107	115	Pulse	5	2203171	8855	2
2107	116	Picture	10	2212387	0	1	4145	2	0	4000	other	0
2107	116	Pulse	5	2223161	10774	2
2107	117	Picture	10	2230458	0	1	4145	2	0	4000	other	0
2107	117	Pulse	5	2243161	12703	2
2107	118	Picture	11	2248529	0	1	4145	2	0	4000	hit	247
2107	118	Response	1	2257561	9032	1
2107	118	Pulse	5	2263160	14631	2
2107	119	Picture	10	2266600	0	1	4145	2	0	4000	other	0
2107	119	Pulse	5	2283150	16550	2
2107	120	Picture	10	2284671	0	1	4144	3	0	4000	other	0
2107	121	Pulse	5	2303150	408	2
2107	121	Pulse	5	2323140	20398	2
2107	122	Picture	20	2327776	0	1	4144	2	0	4000	other	0
2107	122	Pulse	5	2343140	15364	1
2107	123	Picture	20	2345846	0	2	4145	3	0	4000	other	0
2107	123	Pulse	5	2363139	17293	2
2107	124	Picture	20	2363917	0	2	4145	3	0	4000	other	0
2107	125	Picture	21	2381988	0	1	4145	2	0	4000	hit	261
2107	125	Pulse	5	2383139	1151	2
2107	125	Response	1	2386809	4821	2
2107	126	Picture	20	2400059	0	1	4145	2	0	4000	other	0
2107	126	Pulse	5	2403129	3070	2
2107	127	Picture	20	2418130	0	1	4145	2	0	4000	other	0
2107	127	Pulse	5	2423129	4999	1
2107	128	Picture	21	2436201	0	1	4145	2	0	4000	hit	267
2107	128	Response	1	2439918	3717	2
2107	128	Pulse	5	2443278	7077	2
2107	129	Picture	20	2454272	0	1	4144	3	0	4000	other	0
2107	129	Pulse	5	2463278	9006	2
2107	130	Picture	20	2472343	0	1	4144	3	0	4000	other	0
2107	130	Pulse	5	2483278	10935	2
2107	131	Picture	20	2490414	0	1	4144	3	0	4000	other	0
2107	131	Pulse	5	2503267	12853	2
2107	132	Picture	21	2508484	0	2	4145	3	0	4000	hit	276
2107	132	Response	1	2512387	3903	3
2107	132	Pulse	5	2523267	14783	2
2107	133	Picture	20	2526555	0	2	4145	3	0	4000	other	0
2107	133	Pulse	5	2543267	16712	2
2107	134	Picture	20	2544626	0	1	4145	2	0	4000	other	0
2107	135	Picture	21	2562697	0	1	4145	2	0	4000	hit	283
2107	135	Pulse	5	2563257	560	2
2107	135	Response	1	2572537	9840	1
2107	136	Picture	20	2580768	0	1	4145	2	0	4000	other	0
2107	136	Pulse	5	2583256	2488	2
2107	137	Picture	20	2598839	0	1	4145	2	0	4000	other	0
2107	137	Pulse	5	2603256	4417	2
