Scenario - 1-back
Logfile written - 08/01/2014 17:34:36

Subject	Trial	Event Type	Code	Time	TTime	Uncertainty	Duration	Uncertainty	ReqTime	ReqDur	Stim Type	Pair Index

2107	1	Pulse	5	104030	113864	2
2107	2	Pulse	5	124020	19959	2
2107	3	Picture	10	129095	0	2	4145	3	0	4000	other	0
2107	3	Pulse	5	144020	14925	2
2107	4	Picture	10	147166	0	1	4145	2	0	4000	other	0
2107	4	Pulse	5	164020	16854	1
2107	5	Picture	11	165237	0	1	4145	2	0	4000	hit	8
2107	5	Response	1	172170	6933	2
2107	6	Picture	10	183308	0	1	4145	2	0	4000	other	0
2107	6	Pulse	5	184169	861	2
2107	7	Picture	11	201379	0	1	4145	2	0	4000	hit	13
2107	7	Pulse	5	204169	2790	2
2107	7	Response	1	206729	5350	2
2107	8	Picture	10	219450	0	1	4144	3	0	4000	other	0
2107	8	Pulse	5	224169	4719	2
2107	9	Picture	10	237521	0	1	4144	3	0	4000	other	0
2107	9	Pulse	5	244159	6638	2
2107	10	Picture	10	255591	0	2	4145	3	0	4000	other	0
2107	10	Pulse	5	264158	8567	2
2107	11	Picture	11	273662	0	2	4145	3	0	4000	hit	21
2107	11	Response	1	277918	4256	2
2107	11	Pulse	5	284158	10496	2
2107	12	Picture	10	291733	0	2	4145	3	0	4000	other	0
2107	12	Pulse	5	304148	12415	2
2107	13	Picture	10	309804	0	1	4145	2	0	4000	other	0
2107	13	Pulse	5	324148	14344	2
2107	14	Picture	11	327875	0	1	4145	2	0	4000	hit	28
2107	14	Response	1	333108	5233	1
2107	14	Pulse	5	344147	16272	2
2107	15	Picture	10	345946	0	1	4145	2	0	4000	other	0
2107	16	Picture	10	364017	0	1	4145	2	0	4000	other	0
2107	16	Pulse	5	364137	120	2
2107	17	Picture	10	382088	0	1	4145	2	0	4000	other	0
2107	17	Pulse	5	384137	2049	2
2107	18	Picture	10	400159	0	1	4144	3	0	4000	other	0
2107	18	Pulse	5	404137	3978	1
2107	19	Pulse	5	424126	5896	2
2107	20	Picture	20	443264	0	1	4144	2	0	4000	other	0
2107	20	Pulse	5	444126	862	2
2107	21	Picture	20	461334	0	2	4145	3	0	4000	other	0
2107	21	Pulse	5	464126	2792	2
2107	22	Picture	21	479405	0	1	4145	2	0	4000	hit	44
2107	22	Pulse	5	484116	4711	2
2107	22	Response	1	486196	6791	1
2107	23	Picture	20	497476	0	1	4145	2	0	4000	other	0
2107	23	Pulse	5	504116	6640	1
2107	24	Picture	20	515547	0	1	4145	2	0	4000	other	0
2107	24	Pulse	5	524115	8568	2
2107	25	Picture	20	533618	0	1	4145	2	0	4000	other	0
2107	25	Pulse	5	544105	10487	2
2107	26	Picture	21	551689	0	1	4145	2	0	4000	hit	52
2107	26	Response	1	555145	3456	2
2107	26	Pulse	5	564105	12416	1
2107	27	Picture	20	569760	0	1	4145	2	0	4000	other	0
2107	27	Pulse	5	584104	14344	2
2107	28	Picture	20	587831	0	1	4144	3	0	4000	other	0
2107	28	Pulse	5	604094	16263	2
2107	29	Picture	20	605902	0	1	4144	3	0	4000	other	0
2107	30	Picture	20	623972	0	2	4145	3	0	4000	other	0
2107	30	Pulse	5	624094	122	2
2107	31	Picture	20	642043	0	2	4145	3	0	4000	other	0
2107	31	Pulse	5	644094	2051	1
2107	32	Picture	21	660114	0	1	4145	2	0	4000	hit	65
2107	32	Pulse	5	664083	3969	2
2107	32	Response	1	669523	9409	2
2107	33	Picture	20	678185	0	1	4145	2	0	4000	other	0
2107	33	Pulse	5	684083	5898	2
2107	34	Picture	20	696256	0	1	4145	2	0	4000	other	0
2107	34	Pulse	5	704083	7827	2
2107	35	Picture	21	714327	0	1	4145	2	0	4000	hit	72
2107	35	Pulse	5	724073	9746	1
2107	35	Response	1	726633	12306	1
2107	36	Pulse	5	744072	11674	2
2107	37	Picture	10	757432	0	1	4145	2	0	4000	other	0
2107	37	Pulse	5	764072	6640	2
2107	38	Picture	10	775502	0	2	4145	4	0	4000	other	0
2107	38	Pulse	5	784062	8560	2
2107	39	Picture	11	793574	0	1	4144	3	0	4000	hit	79
2107	39	Response	1	801342	7768	2
2107	39	Pulse	5	804062	10488	1
2107	40	Picture	10	811644	0	2	4145	3	0	4000	other	0
2107	40	Pulse	5	824051	12407	3
2107	41	Picture	11	829715	0	2	4145	3	0	4000	hit	84
2107	41	Response	1	836211	6496	2
2107	41	Pulse	5	844051	14336	2
2107	42	Picture	10	847786	0	1	4145	2	0	4000	other	0
2107	42	Pulse	5	864051	16265	2
2107	43	Picture	10	865857	0	1	4145	2	0	4000	other	0
2107	44	Picture	10	883928	0	1	4145	2	0	4000	other	0
2107	44	Pulse	5	884041	113	2
2107	45	Picture	11	901999	0	1	4145	2	0	4000	hit	93
2107	45	Pulse	5	904040	2041	2
2107	45	Response	1	907560	5561	2
2107	46	Picture	10	920070	0	1	4145	2	0	4000	other	0
2107	46	Pulse	5	924040	3970	2
2107	47	Picture	10	938140	0	2	4145	4	0	4000	other	0
2107	47	Pulse	5	944040	5900	2
2107	48	Picture	11	956212	0	1	4144	3	0	4000	hit	99
2107	48	Response	1	961310	5098	2
2107	48	Pulse	5	964030	7818	2
2107	49	Picture	10	974283	0	1	4144	2	0	4000	other	0
2107	49	Pulse	5	984029	9746	3
2107	50	Picture	10	992353	0	2	4145	3	0	4000	other	0
2107	50	Pulse	5	1004029	11676	2
2107	51	Picture	10	1010424	0	1	4145	2	0	4000	other	0
2107	51	Pulse	5	1024019	13595	2
2107	52	Picture	10	1028495	0	1	4145	2	0	4000	other	0
2107	52	Pulse	5	1044019	15524	2
2107	53	Pulse	5	1064019	17453	1
2107	54	Picture	30	1071600	0	1	4145	2	0	4000	other	0
2107	54	Pulse	5	1084008	12408	2
2107	55	Picture	30	1089671	0	1	4145	2	0	4000	other	0
2107	55	Pulse	5	1104008	14337	2
2107	56	Picture	31	1107742	0	1	4145	2	0	4000	hit	115
2107	56	Response	1	1112808	5066	2
2107	56	Pulse	5	1124008	16266	1
2107	57	Picture	30	1125813	0	1	4144	3	0	4000	other	0
2107	58	Picture	30	1143884	0	1	4144	3	0	4000	other	0
2107	58	Pulse	5	1143997	113	2
2107	59	Picture	30	1161955	0	1	4144	2	0	4000	other	0
2107	59	Pulse	5	1163997	2042	2
2107	60	Picture	31	1180025	0	2	4145	3	0	4000	hit	124
2107	60	Pulse	5	1183997	3972	2
2107	60	Response	1	1191187	11162	2
2107	61	Picture	31	1198096	0	1	4145	2	0	4000	hit	127
2107	61	Pulse	5	1203987	5891	1
2107	61	Response	1	1214227	16131	1
2107	62	Picture	30	1216167	0	1	4145	2	0	4000	other	0
2107	62	Pulse	5	1223986	7819	2
2107	63	Picture	30	1234238	0	1	4145	2	0	4000	other	0
2107	63	Pulse	5	1244146	9908	2
2107	64	Picture	30	1252309	0	1	4145	2	0	4000	other	0
2107	64	Pulse	5	1264136	11827	2
2107	65	Picture	31	1270380	0	1	4145	2	0	4000	hit	135
2107	65	Response	1	1282376	11996	1
2107	65	Pulse	5	1284136	13756	1
2107	66	Picture	30	1288451	0	1	4144	3	0	4000	other	0
2107	66	Pulse	5	1304135	15684	2
2107	67	Picture	30	1306522	0	1	4144	3	0	4000	other	0
2107	67	Pulse	5	1324125	17603	2
2107	68	Picture	30	1324593	0	1	4144	2	0	4000	other	0
2107	69	Picture	30	1342663	0	2	4145	3	0	4000	other	0
2107	69	Pulse	5	1344125	1462	2
2107	70	Pulse	5	1364125	3391	1
2107	70	Pulse	5	1384114	23380	2
2107	71	Picture	10	1385768	0	2	4145	3	0	4000	other	0
2107	72	Picture	10	1403839	0	1	4145	2	0	4000	other	0
2107	72	Pulse	5	1404114	275	2
2107	73	Picture	11	1421910	0	1	4145	2	0	4000	hit	151
2107	73	Pulse	5	1424114	2204	2
2107	73	Response	1	1430824	8914	2
2107	74	Picture	10	1439981	0	1	4145	2	0	4000	other	0
2107	74	Pulse	5	1444104	4123	2
2107	75	Picture	11	1458052	0	1	4145	2	0	4000	hit	155
2107	75	Response	1	1463623	5571	2
2107	75	Pulse	5	1464103	6051	2
2107	76	Picture	10	1476123	0	1	4144	3	0	4000	other	0
2107	76	Pulse	5	1484103	7980	2
2107	77	Picture	10	1494194	0	1	4144	3	0	4000	other	0
2107	77	Pulse	5	1504093	9899	2
2107	78	Picture	11	1512264	0	2	4145	3	0	4000	hit	162
2107	78	Response	1	1517853	5589	2
2107	78	Pulse	5	1524093	11829	1
2107	79	Picture	10	1530335	0	2	4145	3	0	4000	other	0
2107	79	Pulse	5	1544092	13757	2
2107	80	Picture	10	1548406	0	1	4145	2	0	4000	other	0
2107	80	Pulse	5	1564082	15676	2
2107	81	Picture	10	1566477	0	1	4145	2	0	4000	other	0
2107	81	Pulse	5	1584082	17605	2
2107	82	Picture	10	1584548	0	1	4145	2	0	4000	other	0
2107	83	Picture	10	1602619	0	1	4145	2	0	4000	other	0
2107	83	Pulse	5	1604082	1463	1
2107	84	Picture	11	1620690	0	1	4145	2	0	4000	hit	175
2107	84	Pulse	5	1624071	3381	2
2107	84	Response	1	1626951	6261	2
2107	85	Picture	10	1638761	0	1	4145	2	0	4000	other	0
2107	85	Pulse	5	1644071	5310	2
2107	86	Picture	10	1656832	0	1	4144	3	0	4000	other	0
2107	86	Pulse	5	1664071	7239	2
2107	87	Pulse	5	1684061	9158	1
2107	88	Picture	20	1699937	0	1	4144	3	0	4000	other	0
2107	88	Pulse	5	1704060	4123	2
2107	89	Picture	20	1718007	0	2	4145	3	0	4000	other	0
2107	89	Pulse	5	1724060	6053	2
2107	90	Picture	20	1736078	0	2	4145	3	0	4000	other	0
2107	90	Pulse	5	1744050	7972	2
2107	91	Picture	21	1754149	0	2	4145	3	0	4000	hit	188
2107	91	Response	1	1763090	8941	1
2107	91	Pulse	5	1764050	9901	1
2107	92	Picture	20	1772220	0	1	4145	2	0	4000	other	0
2107	92	Pulse	5	1784049	11829	2
2107	93	Picture	20	1790291	0	1	4145	2	0	4000	other	0
2107	93	Pulse	5	1804039	13748	2
2107	94	Picture	21	1808362	0	1	4145	2	0	4000	hit	195
2107	94	Response	1	1812199	3837	2
2107	94	Pulse	5	1824039	15677	2
2107	95	Picture	20	1826433	0	1	4145	2	0	4000	other	0
2107	95	Pulse	5	1844039	17606	1
2107	96	Picture	20	1844504	0	1	4144	3	0	4000	other	0
2107	97	Picture	20	1862575	0	1	4144	3	0	4000	other	0
2107	97	Pulse	5	1864028	1453	2
2107	98	Picture	21	1880645	0	2	4145	3	0	4000	hit	204
2107	98	Pulse	5	1884028	3383	2
2107	98	Response	1	1884188	3543	2
2107	99	Picture	20	1898716	0	2	4145	3	0	4000	other	0
2107	99	Pulse	5	1904018	5302	2
2107	100	Picture	20	1916787	0	2	4145	3	0	4000	other	0
2107	100	Pulse	5	1924018	7231	1
2107	101	Picture	21	1934858	0	1	4145	2	0	4000	hit	210
2107	101	Response	1	1939697	4839	2
2107	101	Pulse	5	1944017	9159	2
2107	102	Picture	20	1952929	0	1	4145	2	0	4000	other	0
2107	102	Pulse	5	1964017	11088	2
2107	103	Picture	20	1971000	0	1	4145	2	0	4000	other	0
2107	103	Pulse	5	1984007	13007	2
2107	104	Pulse	5	2004007	14936	2
2107	105	Picture	10	2014105	0	1	4145	2	0	4000	other	0
2107	105	Pulse	5	2024006	9901	3
2107	106	Picture	10	2032176	0	1	4144	3	0	4000	other	0
2107	106	Pulse	5	2043996	11820	2
2107	107	Picture	11	2050246	0	2	4145	4	0	4000	hit	222
2107	107	Response	1	2057916	7670	2
2107	107	Pulse	5	2063996	13750	2
2107	108	Picture	10	2068317	0	2	4145	3	0	4000	other	0
2107	108	Pulse	5	2083996	15679	1
2107	109	Picture	11	2086388	0	2	4145	3	0	4000	hit	227
2107	109	Response	1	2091986	5598	1
2107	109	Pulse	5	2103985	17597	2
2107	110	Picture	10	2104459	0	2	4145	3	0	4000	other	0
2107	111	Picture	10	2122530	0	1	4145	2	0	4000	other	0
2107	111	Pulse	5	2123985	1455	2
2107	112	Picture	11	2140601	0	1	4145	2	0	4000	hit	234
2107	112	Pulse	5	2143985	3384	2
2107	112	Response	1	2146215	5614	2
2107	113	Picture	10	2158672	0	1	4145	2	0	4000	other	0
2107	113	Pulse	5	2163975	5303	1
2107	114	Picture	10	2176743	0	1	4145	2	0	4000	other	0
2107	114	Pulse	5	2183974	7231	2
2107	115	Picture	10	2194814	0	1	4144	3	0	4000	other	0
2107	115	Pulse	5	2203974	9160	2
2107	116	Picture	10	2212885	0	1	4144	2	0	4000	other	0
2107	116	Pulse	5	2223964	11079	2
2107	117	Picture	10	2230956	0	1	4144	2	0	4000	other	0
2107	117	Pulse	5	2243964	13008	1
2107	118	Picture	11	2249026	0	2	4145	3	0	4000	hit	246
2107	118	Response	1	2255163	6137	2
2107	118	Pulse	5	2263963	14937	2
2107	119	Picture	10	2267097	0	2	4145	3	0	4000	other	0
2107	119	Pulse	5	2284113	17016	2
2107	120	Picture	10	2285168	0	1	4145	2	0	4000	other	0
2107	121	Pulse	5	2304113	874	2
2107	121	Pulse	5	2324113	20874	1
2107	122	Picture	30	2328273	0	1	4145	2	0	4000	other	0
2107	122	Pulse	5	2344103	15830	1
2107	123	Picture	30	2346344	0	1	4145	2	0	4000	other	0
2107	123	Pulse	5	2364103	17759	1
2107	124	Picture	30	2364415	0	1	4145	2	0	4000	other	0
2107	125	Picture	31	2382486	0	1	4144	3	0	4000	hit	260
2107	125	Pulse	5	2384102	1616	2
2107	125	Response	1	2386012	3526	2
2107	126	Picture	31	2400557	0	1	4144	3	0	4000	hit	263
2107	126	Pulse	5	2404092	3535	1
2107	126	Response	1	2412252	11695	1
2107	127	Picture	30	2418628	0	1	4144	3	0	4000	other	0
2107	127	Pulse	5	2424091	5463	2
2107	128	Picture	30	2436698	0	2	4145	3	0	4000	other	0
2107	128	Pulse	5	2444091	7393	2
2107	129	Picture	30	2454769	0	2	4145	3	0	4000	other	0
2107	129	Pulse	5	2464081	9312	2
2107	130	Picture	31	2472840	0	1	4145	2	0	4000	hit	271
2107	130	Response	1	2476881	4041	2
2107	130	Pulse	5	2484081	11241	1
2107	131	Picture	30	2490911	0	1	4145	2	0	4000	other	0
2107	131	Pulse	5	2504080	13169	2
2107	132	Picture	30	2508982	0	1	4145	2	0	4000	other	0
2107	132	Pulse	5	2524070	15088	2
2107	133	Picture	30	2527053	0	1	4145	2	0	4000	other	0
2107	133	Pulse	5	2544070	17017	2
2107	134	Picture	30	2545124	0	1	4145	2	0	4000	other	0
2107	135	Picture	31	2563195	0	1	4144	3	0	4000	hit	282
2107	135	Pulse	5	2564070	875	1
2107	135	Response	1	2572540	9345	1
2107	136	Picture	30	2581266	0	1	4144	3	0	4000	other	0
2107	136	Pulse	5	2584059	2793	2
2107	137	Picture	30	2599337	0	1	4144	2	0	4000	other	0
2107	137	Pulse	5	2604059	4722	2
