Scenario - 1-back
Logfile written - 08/01/2014 17:24:47

Subject	Trial	Event Type	Code	Time	TTime	Uncertainty	Duration	Uncertainty	ReqTime	ReqDur	Stim Type	Pair Index

2107	1	Pulse	5	115674	125508	1
2107	2	Pulse	5	135663	19831	1
2107	3	Picture	10	140866	0	1	4145	2	0	4000	other	0
2107	3	Pulse	5	155662	14796	2
2107	4	Picture	10	158937	0	1	4145	2	0	4000	other	0
2107	4	Pulse	5	175662	16725	2
2107	5	Picture	11	177008	0	1	4145	2	0	4000	hit	8
2107	5	Response	1	182702	5694	2
2107	6	Picture	10	195079	0	1	4144	3	0	4000	other	0
2107	6	Pulse	5	195652	573	2
2107	7	Picture	11	213150	0	1	4144	3	0	4000	hit	13
2107	7	Pulse	5	215652	2502	2
2107	7	Response	1	218692	5542	2
2107	8	Picture	10	231220	0	2	4145	3	0	4000	other	0
2107	8	Pulse	5	235651	4431	3
2107	9	Picture	10	249291	0	2	4145	3	0	4000	other	0
2107	9	Pulse	5	255641	6350	2
2107	10	Picture	10	267362	0	1	4145	2	0	4000	other	0
2107	10	Pulse	5	275641	8279	2
2107	11	Picture	11	285433	0	1	4145	2	0	4000	hit	21
2107	11	Response	1	289081	3648	2
2107	11	Pulse	5	295641	10208	2
2107	12	Picture	10	303504	0	1	4145	2	0	4000	other	0
2107	12	Pulse	5	315630	12126	3
2107	13	Picture	10	321575	0	1	4145	2	0	4000	other	0
2107	13	Pulse	5	335630	14055	2
2107	14	Picture	11	339646	0	1	4144	3	0	4000	hit	28
2107	14	Response	1	342830	3184	2
2107	14	Pulse	5	355630	15984	2
2107	15	Picture	10	357717	0	1	4144	3	0	4000	other	0
2107	15	Pulse	5	375620	17903	1
2107	16	Picture	10	375788	0	1	4144	2	0	4000	other	0
2107	17	Picture	10	393858	0	2	4145	3	0	4000	other	0
2107	17	Pulse	5	395619	1761	2
2107	18	Picture	10	411929	0	1	4145	2	0	4000	other	0
2107	18	Pulse	5	415619	3690	2
2107	19	Pulse	5	435609	5609	2
2107	20	Picture	20	455034	0	1	4145	2	0	4000	other	0
2107	20	Pulse	5	455609	575	1
2107	21	Picture	20	473105	0	1	4145	2	0	4000	other	0
2107	21	Pulse	5	475608	2503	2
2107	22	Picture	21	491176	0	1	4145	2	0	4000	hit	44
2107	22	Pulse	5	495598	4422	2
2107	22	Response	1	496398	5222	2
2107	23	Picture	20	509247	0	1	4144	3	0	4000	other	0
2107	23	Pulse	5	515598	6351	2
2107	24	Picture	20	527318	0	2	4144	4	0	4000	other	0
2107	24	Pulse	5	535598	8280	1
2107	25	Picture	20	545389	0	1	4144	2	0	4000	other	0
2107	25	Pulse	5	555587	10198	2
2107	26	Picture	21	563459	0	2	4145	3	0	4000	hit	52
2107	26	Response	1	569827	6368	2
2107	26	Pulse	5	575587	12128	2
2107	27	Picture	20	581530	0	2	4145	3	0	4000	other	0
2107	27	Pulse	5	595587	14057	2
2107	28	Picture	20	599601	0	1	4145	3	0	4000	other	0
2107	28	Pulse	5	615577	15976	1
2107	29	Picture	20	617672	0	1	4145	2	0	4000	other	0
2107	29	Pulse	5	635576	17904	2
2107	30	Picture	20	635743	0	1	4145	2	0	4000	other	0
2107	31	Picture	20	653814	0	1	4145	2	0	4000	other	0
2107	31	Pulse	5	655576	1762	2
2107	32	Picture	21	671885	0	1	4144	3	0	4000	hit	65
2107	32	Pulse	5	675566	3681	2
2107	32	Response	1	676526	4641	2
2107	33	Picture	20	689956	0	1	4144	3	0	4000	other	0
2107	33	Pulse	5	695566	5610	1
2107	34	Picture	20	708026	0	2	4145	3	0	4000	other	0
2107	34	Pulse	5	715565	7539	2
2107	35	Picture	21	726097	0	2	4145	3	0	4000	hit	71
2107	35	Response	1	734445	8348	2
2107	35	Pulse	5	735555	9458	2
2107	36	Pulse	5	755555	11387	2
2107	37	Picture	10	769202	0	1	4145	2	0	4000	other	0
2107	37	Pulse	5	775555	6353	2
2107	38	Picture	10	787273	0	1	4145	2	0	4000	other	0
2107	38	Pulse	5	795544	8271	2
2107	39	Picture	11	805343	0	2	4146	3	0	4000	hit	79
2107	39	Response	1	809944	4601	2
2107	39	Pulse	5	815544	10201	2
2107	40	Picture	10	823415	0	1	4145	2	0	4000	other	0
2107	40	Pulse	5	835544	12129	2
2107	41	Picture	11	841486	0	1	4144	3	0	4000	hit	84
2107	41	Response	1	846584	5098	2
2107	41	Pulse	5	855534	14048	1
2107	42	Picture	10	859557	0	1	4144	2	0	4000	other	0
2107	42	Pulse	5	875533	15976	2
2107	43	Picture	10	877627	0	2	4145	3	0	4000	other	0
2107	43	Pulse	5	895533	17906	2
2107	44	Picture	10	895698	0	2	4145	3	0	4000	other	0
2107	45	Picture	11	913769	0	2	4145	3	0	4000	hit	93
2107	45	Pulse	5	915683	1914	2
2107	45	Response	1	917923	4154	2
2107	46	Picture	10	931840	0	1	4145	2	0	4000	other	0
2107	46	Pulse	5	935683	3843	1
2107	47	Picture	10	949911	0	1	4145	2	0	4000	other	0
2107	47	Pulse	5	955682	5771	2
2107	48	Picture	11	967981	0	2	4146	3	0	4000	hit	99
2107	48	Response	1	973122	5141	2
2107	48	Pulse	5	975672	7691	2
2107	49	Picture	10	986053	0	1	4144	3	0	4000	other	0
2107	49	Pulse	5	995672	9619	2
2107	50	Picture	10	1004124	0	1	4144	3	0	4000	other	0
2107	50	Pulse	5	1015672	11548	1
2107	51	Picture	10	1022194	0	2	4145	3	0	4000	other	0
2107	51	Pulse	5	1035661	13467	2
2107	52	Picture	10	1040265	0	2	4145	3	0	4000	other	0
2107	52	Pulse	5	1055661	15396	2
2107	53	Pulse	5	1075661	17325	2
2107	54	Picture	30	1083370	0	1	4145	2	0	4000	other	0
2107	54	Pulse	5	1095651	12281	1
2107	55	Picture	30	1101441	0	1	4145	2	0	4000	other	0
2107	55	Pulse	5	1115650	14209	2
2107	56	Picture	31	1119512	0	1	4145	2	0	4000	hit	115
2107	56	Response	1	1127330	7818	2
2107	56	Pulse	5	1135650	16138	2
2107	57	Picture	30	1137583	0	1	4145	2	0	4000	other	0
2107	57	Pulse	5	1155640	18057	2
2107	58	Picture	30	1155654	0	1	4144	3	0	4000	other	0
2107	59	Picture	30	1173725	0	1	4144	3	0	4000	other	0
2107	59	Pulse	5	1175640	1915	1
2107	60	Picture	31	1191796	0	1	4144	2	0	4000	hit	124
2107	60	Pulse	5	1195639	3843	2
2107	60	Response	1	1199799	8003	2
2107	61	Picture	31	1209866	0	2	4145	3	0	4000	miss	0
2107	61	Pulse	5	1215629	5763	2
2107	62	Picture	30	1227937	0	2	4145	3	0	4000	other	0
2107	62	Pulse	5	1235629	7692	2
2107	63	Picture	30	1246008	0	1	4145	2	0	4000	other	0
2107	63	Pulse	5	1255629	9621	1
2107	64	Picture	30	1264079	0	1	4145	2	0	4000	other	0
2107	64	Pulse	5	1275618	11539	3
2107	65	Picture	31	1282150	0	1	4145	2	0	4000	hit	134
2107	65	Response	1	1292098	9948	2
2107	65	Pulse	5	1295618	13468	2
2107	66	Picture	30	1300221	0	1	4145	2	0	4000	other	0
2107	66	Pulse	5	1315618	15397	2
2107	67	Picture	30	1318292	0	1	4144	3	0	4000	other	0
2107	67	Pulse	5	1335608	17316	2
2107	68	Picture	30	1336363	0	1	4144	3	0	4000	other	0
2107	69	Picture	30	1354434	0	1	4144	2	0	4000	other	0
2107	69	Pulse	5	1355607	1173	3
2107	70	Pulse	5	1375607	3103	2
2107	70	Pulse	5	1395597	23093	2
2107	71	Picture	10	1397538	0	2	4145	3	0	4000	other	0
2107	71	Pulse	5	1415597	18059	2
2107	72	Picture	10	1415609	0	1	4145	2	0	4000	other	0
2107	73	Picture	11	1433680	0	1	4145	2	0	4000	hit	150
2107	73	Pulse	5	1435596	1916	2
2107	73	Response	1	1441516	7836	2
2107	74	Picture	10	1451751	0	1	4144	3	0	4000	other	0
2107	74	Pulse	5	1455586	3835	2
2107	75	Picture	11	1469822	0	1	4145	2	0	4000	hit	155
2107	75	Pulse	5	1475586	5764	2
2107	75	Response	1	1475906	6084	2
2107	76	Picture	10	1487893	0	1	4144	3	0	4000	other	0
2107	76	Pulse	5	1495586	7693	1
2107	77	Picture	10	1505964	0	1	4144	3	0	4000	other	0
2107	77	Pulse	5	1515575	9611	2
2107	78	Picture	11	1524035	0	1	4144	2	0	4000	hit	161
2107	78	Response	1	1529335	5300	2
2107	78	Pulse	5	1535575	11540	2
2107	79	Picture	10	1542105	0	2	4145	3	0	4000	other	0
2107	79	Pulse	5	1555575	13470	2
2107	80	Picture	10	1560176	0	2	4145	3	0	4000	other	0
2107	80	Pulse	5	1575565	15389	1
2107	81	Picture	10	1578247	0	1	4145	2	0	4000	other	0
2107	81	Pulse	5	1595564	17317	2
2107	82	Picture	10	1596318	0	1	4145	2	0	4000	other	0
2107	83	Picture	10	1614389	0	1	4144	3	0	4000	other	0
2107	83	Pulse	5	1615564	1175	2
2107	84	Picture	11	1632460	0	1	4144	3	0	4000	hit	174
2107	84	Pulse	5	1635554	3094	2
2107	84	Response	1	1636514	4054	2
2107	85	Picture	10	1650531	0	1	4144	3	0	4000	other	0
2107	85	Pulse	5	1655554	5023	1
2107	86	Picture	10	1668602	0	1	4144	2	0	4000	other	0
2107	86	Pulse	5	1675553	6951	2
2107	87	Pulse	5	1695543	8870	2
2107	88	Picture	20	1711707	0	1	4144	2	0	4000	other	0
2107	88	Pulse	5	1715543	3836	2
2107	89	Picture	20	1729777	0	2	4145	3	0	4000	other	0
2107	89	Pulse	5	1735543	5766	1
2107	90	Picture	20	1747848	0	1	4145	2	0	4000	other	0
2107	90	Pulse	5	1755532	7684	2
2107	91	Picture	21	1765919	0	1	4145	2	0	4000	hit	187
2107	91	Response	1	1771692	5773	2
2107	91	Pulse	5	1775532	9613	2
2107	92	Picture	20	1783990	0	1	4145	2	0	4000	other	0
2107	92	Pulse	5	1795532	11542	2
2107	93	Picture	20	1802061	0	1	4145	2	0	4000	other	0
2107	93	Pulse	5	1815522	13461	1
2107	94	Picture	21	1820132	0	1	4144	3	0	4000	hit	194
2107	94	Response	1	1827201	7069	2
2107	94	Pulse	5	1835521	15389	2
2107	95	Picture	20	1838203	0	1	4144	3	0	4000	other	0
2107	95	Pulse	5	1855521	17318	2
2107	96	Picture	20	1856274	0	1	4144	3	0	4000	other	0
2107	97	Picture	20	1874344	0	2	4145	3	0	4000	other	0
2107	97	Pulse	5	1875512	1168	1
2107	98	Picture	21	1892415	0	2	4145	3	0	4000	hit	203
2107	98	Pulse	5	1895511	3096	1
2107	98	Response	1	1897111	4696	1
2107	99	Picture	20	1910486	0	1	4145	2	0	4000	other	0
2107	99	Pulse	5	1915511	5025	1
2107	100	Picture	20	1928557	0	1	4145	2	0	4000	other	0
2107	100	Pulse	5	1935500	6943	2
2107	101	Picture	21	1946628	0	1	4145	2	0	4000	hit	209
2107	101	Response	1	1954540	7912	2
2107	101	Pulse	5	1955660	9032	2
2107	102	Picture	20	1964699	0	1	4145	2	0	4000	other	0
2107	102	Pulse	5	1975660	10961	1
2107	103	Picture	20	1982770	0	1	4145	2	0	4000	other	0
2107	103	Pulse	5	1995649	12879	2
2107	104	Pulse	5	2015649	14808	2
2107	105	Picture	10	2025875	0	1	4144	2	0	4000	other	0
2107	105	Pulse	5	2035649	9774	2
2107	106	Picture	10	2043946	0	1	4144	2	0	4000	other	0
2107	106	Pulse	5	2055639	11693	1
2107	107	Picture	11	2062016	0	2	4145	3	0	4000	hit	221
2107	107	Response	1	2069238	7222	3
2107	107	Pulse	5	2075638	13622	2
2107	108	Picture	10	2080087	0	1	4145	2	0	4000	other	0
2107	108	Pulse	5	2095638	15551	2
2107	109	Picture	11	2098158	0	2	4145	3	0	4000	hit	226
2107	109	Response	1	2103478	5320	2
2107	109	Pulse	5	2115629	17471	1
2107	110	Picture	10	2116229	0	1	4145	2	0	4000	other	0
2107	111	Picture	10	2134300	0	1	4145	2	0	4000	other	0
2107	111	Pulse	5	2135628	1328	1
2107	112	Picture	11	2152371	0	1	4145	2	0	4000	hit	233
2107	112	Pulse	5	2155627	3256	2
2107	112	Response	1	2157227	4856	2
2107	113	Picture	10	2170442	0	1	4144	3	0	4000	other	0
2107	113	Pulse	5	2175617	5175	2
2107	114	Picture	10	2188513	0	1	4144	3	0	4000	other	0
2107	114	Pulse	5	2195617	7104	2
2107	115	Picture	10	2206584	0	1	4144	2	0	4000	false_alarm	239
2107	115	Response	1	2210977	4393	2
2107	115	Pulse	5	2215617	9033	1
2107	116	Picture	10	2224654	0	2	4145	3	0	4000	other	0
2107	116	Pulse	5	2235606	10952	2
2107	117	Picture	10	2242725	0	2	4145	3	0	4000	other	0
2107	117	Pulse	5	2255606	12881	2
2107	118	Picture	11	2260796	0	1	4145	2	0	4000	hit	246
2107	118	Response	1	2266166	5370	2
2107	118	Pulse	5	2275606	14810	2
2107	119	Picture	10	2278867	0	1	4145	2	0	4000	other	0
2107	119	Pulse	5	2295596	16729	2
2107	120	Picture	10	2296938	0	1	4145	2	0	4000	other	0
2107	121	Pulse	5	2315595	586	3
2107	121	Pulse	5	2335595	20586	2
2107	122	Picture	30	2340043	0	1	4144	3	0	4000	other	0
2107	122	Pulse	5	2355585	15542	2
2107	123	Picture	30	2358114	0	1	4144	3	0	4000	other	0
2107	123	Pulse	5	2375585	17471	2
2107	124	Picture	30	2376185	0	1	4144	2	0	4000	other	0
2107	125	Picture	31	2394255	0	2	4145	3	0	4000	hit	260
2107	125	Pulse	5	2395584	1329	3
2107	125	Response	1	2404064	9809	2
2107	126	Picture	31	2412326	0	2	4145	3	0	4000	hit	263
2107	126	Pulse	5	2415574	3248	2
2107	126	Response	1	2428374	16048	2
2107	127	Picture	30	2430397	0	2	4145	3	0	4000	other	0
2107	127	Pulse	5	2435574	5177	2
2107	128	Picture	30	2448468	0	1	4145	2	0	4000	other	0
2107	128	Pulse	5	2455574	7106	1
2107	129	Picture	30	2466539	0	1	4144	3	0	4000	other	0
2107	129	Pulse	5	2475563	9024	2
2107	130	Picture	31	2484610	0	1	4145	2	0	4000	hit	271
2107	130	Response	1	2491084	6474	1
2107	130	Pulse	5	2495564	10954	1
2107	131	Picture	30	2502681	0	1	4144	3	0	4000	other	0
2107	131	Pulse	5	2515563	12882	2
2107	132	Picture	30	2520752	0	1	4144	3	0	4000	other	0
2107	132	Pulse	5	2535553	14801	1
2107	133	Picture	30	2538823	0	1	4144	2	0	4000	other	0
2107	133	Pulse	5	2555552	16729	2
2107	134	Picture	30	2556893	0	2	4145	3	0	4000	other	0
2107	135	Picture	31	2574964	0	2	4145	3	0	4000	hit	282
2107	135	Pulse	5	2575552	588	2
2107	135	Response	1	2586272	11308	2
2107	136	Picture	30	2593035	0	1	4145	2	0	4000	other	0
2107	136	Pulse	5	2595542	2507	2
2107	137	Picture	30	2611106	0	1	4145	2	0	4000	other	0
2107	137	Pulse	5	2615542	4436	1
