Scenario - 1-back
Logfile written - 01/29/2015 11:18:09

Subject	Trial	Event Type	Code	Time	TTime	Uncertainty	Duration	Uncertainty	ReqTime	ReqDur	Stim Type	Pair Index

2109	1	Pulse	5	364027	373861	3
2109	2	Pulse	5	384017	19841	2
2109	3	Picture	10	389209	0	2	4145	3	0	4000	other	0
2109	3	Pulse	5	404016	14807	2
2109	4	Picture	10	407280	0	1	4145	2	0	4000	other	0
2109	4	Pulse	5	424175	16895	2
2109	5	Picture	11	425351	0	1	4144	2	0	4000	hit	8
2109	5	Response	1	429775	4424	2
2109	6	Picture	10	443421	0	1	4145	2	0	4000	other	0
2109	6	Pulse	5	444165	744	2
2109	7	Picture	11	461492	0	1	4011	301	0	4000	hit	13
2109	7	Pulse	5	464164	2672	2
2109	7	Response	1	465124	3632	2
2109	8	Picture	10	479562	0	2	4145	3	0	4000	other	0
2109	8	Pulse	5	484164	4602	1
2109	9	Picture	10	497633	0	1	4144	3	0	4000	other	0
2109	9	Pulse	5	504154	6521	1
2109	10	Picture	10	515703	0	2	4145	3	0	4000	other	0
2109	10	Pulse	5	524152	8449	2
2109	11	Picture	11	533774	0	1	4145	2	0	4000	miss	0
2109	11	Pulse	5	544152	10378	2
2109	12	Picture	10	551845	0	1	4144	2	0	4000	other	0
2109	12	Pulse	5	564141	12296	2
2109	13	Picture	10	569915	0	1	4145	2	0	4000	other	0
2109	13	Pulse	5	584140	14225	2
2109	14	Picture	11	587986	0	1	4144	2	0	4000	hit	27
2109	14	Response	1	592940	4954	2
2109	14	Pulse	5	604140	16154	2
2109	15	Picture	10	606056	0	1	4145	2	0	4000	other	0
2109	16	Picture	10	624127	0	1	4144	3	0	4000	other	0
2109	16	Pulse	5	624129	2	2
2109	17	Picture	10	642197	0	2	4145	3	0	4000	other	0
2109	17	Pulse	5	644129	1932	1
2109	18	Picture	10	660268	0	1	4000	313	0	4000	other	0
2109	18	Pulse	5	664128	3860	2
2109	19	Pulse	5	684117	5779	3
2109	20	Picture	20	703372	0	1	4145	2	0	4000	other	0
2109	20	Pulse	5	704117	745	2
2109	21	Picture	20	721443	0	1	4144	2	0	4000	other	0
2109	21	Pulse	5	724116	2673	2
2109	22	Picture	21	739513	0	1	4145	2	0	4000	miss	0
2109	22	Pulse	5	744105	4592	2
2109	23	Picture	20	757525	0	226	4038	227	0	4000	other	0
2109	23	Pulse	5	764105	6580	2
2109	24	Picture	20	775654	0	1	4145	2	0	4000	other	0
2109	24	Pulse	5	784104	8450	2
2109	25	Picture	20	793725	0	1	4144	3	0	4000	other	0
2109	25	Pulse	5	804094	10369	1
2109	26	Picture	21	811795	0	2	4145	3	0	4000	hit	50
2109	26	Response	1	821373	9578	2
2109	26	Pulse	5	824093	12298	2
2109	27	Picture	20	829866	0	1	4145	2	0	4000	other	0
2109	27	Pulse	5	844092	14226	2
2109	28	Picture	20	847937	0	1	4144	2	0	4000	other	0
2109	28	Pulse	5	864082	16145	1
2109	29	Picture	20	866007	0	1	4145	2	0	4000	other	0
2109	30	Picture	20	884078	0	1	4144	2	0	4000	other	0
2109	30	Pulse	5	884082	4	1
2109	31	Picture	20	902314	0	1	4145	2	0	4000	other	0
2109	31	Pulse	5	904080	1766	2
2109	32	Picture	21	920385	0	1	4144	2	0	4000	hit	63
2109	32	Pulse	5	924070	3685	2
2109	32	Response	1	926630	6245	2
2109	33	Picture	20	938455	0	1	4145	2	0	4000	other	0
2109	33	Pulse	5	944069	5614	2
2109	34	Picture	20	956526	0	1	4144	3	0	4000	other	0
2109	34	Pulse	5	964069	7543	1
2109	35	Picture	21	974596	0	2	4145	3	0	4000	hit	69
2109	35	Response	1	978138	3542	2
2109	35	Pulse	5	984058	9462	2
2109	36	Pulse	5	1004057	11390	2
2109	37	Picture	10	1017700	0	2	4145	3	0	4000	other	0
2109	37	Pulse	5	1024057	6357	1
2109	38	Picture	10	1035771	0	1	4145	2	0	4000	other	0
2109	38	Pulse	5	1044046	8275	2
2109	39	Picture	11	1053781	0	228	4039	230	0	4000	hit	77
2109	39	Response	1	1057806	4025	2
2109	39	Pulse	5	1064045	10264	2
2109	40	Picture	10	1071912	0	1	4145	2	0	4000	other	0
2109	40	Pulse	5	1084045	12133	2
2109	41	Picture	11	1089983	0	1	4144	2	0	4000	hit	82
2109	41	Response	1	1094925	4942	1
2109	41	Pulse	5	1104034	14051	2
2109	42	Picture	10	1108053	0	1	4145	2	0	4000	other	0
2109	42	Pulse	5	1124034	15981	1
2109	43	Picture	10	1126058	0	399	4045	400	0	4000	other	0
2109	43	Pulse	5	1144033	17975	2
2109	44	Picture	10	1144194	0	2	4145	3	0	4000	other	0
2109	45	Picture	11	1162265	0	1	4145	2	0	4000	hit	91
2109	45	Pulse	5	1164022	1757	3
2109	45	Response	1	1166742	4477	3
2109	46	Picture	10	1180336	0	1	4144	2	0	4000	other	0
2109	46	Pulse	5	1184022	3686	2
2109	47	Picture	10	1198572	0	1	4145	2	0	4000	other	0
2109	47	Pulse	5	1204021	5449	2
2109	48	Picture	11	1216642	0	2	4145	3	0	4000	hit	97
2109	48	Response	1	1221451	4809	1
2109	48	Pulse	5	1224010	7368	2
2109	49	Picture	10	1234713	0	1	4145	2	0	4000	other	0
2109	49	Pulse	5	1244010	9297	2
2109	50	Picture	10	1252784	0	1	4000	478	0	4000	other	0
2109	50	Pulse	5	1264009	11225	2
2109	51	Picture	10	1270854	0	1	4145	2	0	4000	other	0
2109	51	Pulse	5	1283999	13145	1
2109	52	Picture	10	1288925	0	1	4144	3	0	4000	other	0
2109	52	Pulse	5	1303998	15073	2
2109	53	Pulse	5	1323997	17002	2
2109	54	Picture	30	1332029	0	1	4145	2	0	4000	other	0
2109	54	Pulse	5	1343987	11958	2
2109	55	Picture	30	1350099	0	2	4145	3	0	4000	other	0
2109	55	Pulse	5	1363986	13887	2
2109	56	Picture	31	1368170	0	1	4145	2	0	4000	hit	113
2109	56	Response	1	1373746	5576	2
2109	56	Pulse	5	1383985	15815	2
2109	57	Picture	30	1386241	0	1	4144	3	0	4000	other	0
2109	57	Pulse	5	1403975	17734	2
2109	58	Picture	30	1404311	0	1	4145	2	0	4000	other	0
2109	59	Picture	30	1422547	0	2	4145	3	0	4000	other	0
2109	59	Pulse	5	1423974	1427	2
2109	60	Picture	31	1440618	0	1	4145	2	0	4000	hit	122
2109	60	Pulse	5	1443974	3356	1
2109	60	Response	1	1444933	4315	2
2109	61	Picture	31	1458689	0	1	4144	3	0	4000	hit	125
2109	61	Pulse	5	1464123	5434	2
2109	61	Response	1	1466523	7834	2
2109	62	Picture	30	1476759	0	1	4145	2	0	4000	other	0
2109	62	Pulse	5	1484122	7363	2
2109	63	Picture	30	1494830	0	1	4144	3	0	4000	other	0
2109	63	Pulse	5	1504122	9292	1
2109	64	Picture	30	1512900	0	1	4145	2	0	4000	other	0
2109	64	Pulse	5	1524111	11211	2
2109	65	Picture	31	1530971	0	2	4145	3	0	4000	hit	133
2109	65	Response	1	1534511	3540	1
2109	65	Pulse	5	1544111	13140	1
2109	66	Picture	30	1549041	0	2	4145	3	0	4000	other	0
2109	66	Pulse	5	1564110	15069	2
2109	67	Picture	30	1567112	0	1	4145	2	0	4000	other	0
2109	67	Pulse	5	1584099	16987	2
2109	68	Picture	30	1585183	0	1	4144	2	0	4000	other	0
2109	69	Picture	30	1603253	0	1	4145	2	0	4000	other	0
2109	69	Pulse	5	1604098	845	2
2109	70	Pulse	5	1624098	2774	2
2109	70	Pulse	5	1644087	22763	3
2109	71	Picture	10	1646357	0	1	4145	2	0	4000	other	0
2109	71	Pulse	5	1664087	17730	2
2109	72	Picture	10	1664428	0	1	4144	3	0	4000	other	0
2109	73	Picture	11	1682498	0	2	4145	3	0	4000	hit	149
2109	73	Pulse	5	1684086	1588	2
2109	73	Response	1	1686166	3668	2
2109	74	Picture	10	1700569	0	1	4145	2	0	4000	other	0
2109	74	Pulse	5	1704075	3506	2
2109	75	Picture	11	1718640	0	1	4144	2	0	4000	hit	153
2109	75	Response	1	1723115	4475	2
2109	75	Pulse	5	1724075	5435	2
2109	76	Picture	10	1736710	0	1	4145	2	0	4000	other	0
2109	76	Pulse	5	1744074	7364	2
2109	77	Picture	10	1754781	0	1	4144	3	0	4000	other	0
2109	77	Pulse	5	1764063	9282	2
2109	78	Picture	11	1772851	0	1	4145	2	0	4000	hit	160
2109	78	Response	1	1776063	3212	2
2109	78	Pulse	5	1784063	11212	2
2109	79	Picture	10	1790922	0	1	4145	2	0	4000	other	0
2109	79	Pulse	5	1804062	13140	2
2109	80	Picture	10	1808992	0	2	4145	3	0	4000	other	0
2109	80	Pulse	5	1824052	15060	1
2109	81	Picture	10	1827063	0	1	4145	2	0	4000	other	0
2109	81	Pulse	5	1844052	16989	1
2109	82	Picture	10	1845134	0	1	4144	2	0	4000	other	0
2109	83	Picture	10	1863204	0	1	4145	2	0	4000	other	0
2109	83	Pulse	5	1864050	846	2
2109	84	Picture	11	1881275	0	1	4144	3	0	4000	hit	173
2109	84	Pulse	5	1884040	2765	2
2109	84	Response	1	1884680	3405	2
2109	85	Picture	10	1899345	0	1	4145	2	0	4000	other	0
2109	85	Pulse	5	1904039	4694	2
2109	86	Picture	10	1917747	0	2	4145	3	0	4000	other	0
2109	86	Pulse	5	1924038	6291	2
2109	87	Pulse	5	1944028	8210	2
2109	88	Picture	20	1960852	0	1	4144	2	0	4000	other	0
2109	88	Pulse	5	1964027	3175	2
2109	89	Picture	20	1978922	0	1	4144	3	0	4000	other	0
2109	89	Pulse	5	1984027	5105	1
2109	90	Picture	20	1996993	0	1	4144	3	0	4000	other	0
2109	90	Pulse	5	2004016	7023	2
2109	91	Picture	21	2015063	0	1	4145	2	0	4000	hit	186
2109	91	Response	1	2018895	3832	3
2109	91	Pulse	5	2024015	8952	2
2109	92	Picture	20	2033134	0	1	4144	3	0	4000	other	0
2109	92	Pulse	5	2044015	10881	2
2109	93	Picture	20	2051204	0	2	4145	3	0	4000	other	0
2109	93	Pulse	5	2064005	12801	1
2109	94	Picture	21	2069275	0	1	4000	313	0	4000	hit	193
2109	94	Response	1	2075999	6724	8
2109	94	Pulse	5	2084003	14728	2
2109	95	Picture	20	2087346	0	1	4144	2	0	4000	other	0
2109	95	Pulse	5	2104003	16657	2
2109	96	Picture	20	2105416	0	1	4145	2	0	4000	other	0
2109	97	Picture	20	2123487	0	1	4144	3	0	4000	other	0
2109	97	Pulse	5	2123992	505	3
2109	98	Picture	21	2141557	0	1	4145	2	0	4000	hit	202
2109	98	Pulse	5	2143991	2434	3
2109	98	Response	1	2147191	5634	3
2109	99	Picture	20	2159628	0	1	4144	3	0	4000	other	0
2109	99	Pulse	5	2163991	4363	2
2109	100	Picture	20	2177698	0	2	4145	3	0	4000	other	0
2109	100	Pulse	5	2183980	6282	2
2109	101	Picture	21	2195769	0	1	4145	2	0	4000	hit	208
2109	101	Response	1	2200140	4371	2
2109	101	Pulse	5	2203980	8211	2
2109	102	Picture	20	2213840	0	1	4144	2	0	4000	other	0
2109	102	Pulse	5	2223979	10139	2
2109	103	Picture	20	2232076	0	1	4144	3	0	4000	other	0
2109	103	Pulse	5	2243968	11892	2
2109	104	Pulse	5	2263968	13821	2
2109	105	Picture	10	2275180	0	1	4145	2	0	4000	other	0
2109	105	Pulse	5	2283967	8787	2
2109	106	Picture	10	2293251	0	1	4144	2	0	4000	other	0
2109	106	Pulse	5	2303957	10706	1
2109	107	Picture	11	2311264	0	224	4036	225	0	4000	hit	220
2109	107	Response	1	2315316	4052	2
2109	107	Pulse	5	2323956	12692	2
2109	108	Picture	10	2329392	0	1	4144	3	0	4000	other	0
2109	108	Pulse	5	2343955	14563	2
2109	109	Picture	11	2347462	0	1	4145	2	0	4000	hit	225
2109	109	Response	1	2351795	4333	2
2109	109	Pulse	5	2363945	16483	2
2109	110	Picture	10	2365533	0	1	4145	2	0	4000	other	0
2109	111	Picture	10	2383603	0	2	4145	3	0	4000	other	0
2109	111	Pulse	5	2383944	341	2
2109	112	Picture	11	2401674	0	1	4145	2	0	4000	hit	232
2109	112	Pulse	5	2403943	2269	3
2109	112	Response	1	2405063	3389	2
2109	113	Picture	10	2419745	0	1	4144	2	0	4000	other	0
2109	113	Pulse	5	2423933	4188	2
2109	114	Picture	10	2437815	0	1	4145	2	0	4000	other	0
2109	114	Pulse	5	2443932	6117	2
2109	115	Picture	10	2455886	0	1	4144	3	0	4000	other	0
2109	115	Pulse	5	2463932	8046	1
2109	116	Picture	10	2473956	0	2	4145	3	0	4000	other	0
2109	116	Pulse	5	2483921	9965	2
2109	117	Picture	10	2492027	0	1	4145	2	0	4000	other	0
2109	117	Pulse	5	2504080	12053	3
2109	118	Picture	11	2510097	0	2	4145	3	0	4000	hit	244
2109	118	Response	1	2514320	4223	2
2109	118	Pulse	5	2524080	13983	2
2109	119	Picture	10	2528168	0	1	4145	2	0	4000	other	0
2109	119	Pulse	5	2544069	15901	2
2109	120	Picture	10	2546239	0	1	4144	2	0	4000	other	0
2109	120	Pulse	5	2564069	17830	1
2109	121	Pulse	5	2584068	19759	2
2109	122	Picture	30	2589343	0	1	4144	3	0	4000	other	0
2109	122	Pulse	5	2604057	14714	3
2109	123	Picture	30	2607579	0	1	4145	2	0	4000	other	0
2109	123	Pulse	5	2624056	16477	3
2109	124	Picture	30	2625650	0	1	4144	3	0	4000	other	0
2109	125	Picture	31	2643720	0	2	4145	3	0	4000	hit	258
2109	125	Pulse	5	2644056	336	2
2109	125	Response	1	2647416	3696	2
2109	126	Picture	31	2661791	0	1	4144	3	0	4000	hit	261
2109	126	Pulse	5	2664045	2254	2
2109	126	Response	1	2671725	9934	2
2109	127	Picture	30	2679861	0	2	4145	3	0	4000	other	0
2109	127	Pulse	5	2684045	4184	1
2109	128	Picture	30	2697932	0	1	4145	2	0	4000	other	0
2109	128	Pulse	5	2704044	6112	2
2109	129	Picture	30	2716003	0	1	4144	2	0	4000	other	0
2109	129	Pulse	5	2724033	8030	2
2109	130	Picture	31	2734073	0	1	4145	2	0	4000	hit	269
2109	130	Response	1	2737793	3720	2
2109	130	Pulse	5	2744033	9960	2
2109	131	Picture	30	2752144	0	1	4144	3	0	4000	other	0
2109	131	Pulse	5	2764032	11888	2
2109	132	Picture	30	2770214	0	1	4145	2	0	4000	other	0
2109	132	Pulse	5	2784022	13808	1
2109	133	Picture	30	2788285	0	1	4145	2	0	4000	other	0
2109	133	Pulse	5	2804021	15736	2
2109	134	Picture	30	2806355	0	2	4145	3	0	4000	other	0
2109	134	Pulse	5	2824020	17665	2
2109	135	Picture	31	2824360	0	233	4045	234	0	4000	hit	280
2109	135	Response	1	2830580	6220	2
2109	136	Picture	30	2842497	0	1	4144	2	0	4000	other	0
2109	136	Pulse	5	2844010	1513	2
2109	137	Picture	30	2860567	0	1	4145	2	0	4000	other	0
2109	137	Pulse	5	2864009	3442	2
