Scenario - 1-back
Logfile written - 01/29/2015 11:33:32

Subject	Trial	Event Type	Code	Time	TTime	Uncertainty	Duration	Uncertainty	ReqTime	ReqDur	Stim Type	Pair Index

2109	1	Pulse	5	330014	339848	2
2109	2	Pulse	5	350004	19814	2
2109	3	Picture	10	355224	0	1	4145	2	0	4000	other	0
2109	3	Pulse	5	370003	14779	2
2109	4	Picture	10	373295	0	1	4144	2	0	4000	other	0
2109	4	Pulse	5	390003	16708	1
2109	5	Picture	11	391365	0	1	4145	2	0	4000	hit	8
2109	5	Response	1	399122	7757	2
2109	6	Picture	10	409436	0	1	4144	3	0	4000	other	0
2109	6	Pulse	5	409992	556	2
2109	7	Picture	11	427506	0	2	4145	3	0	4000	hit	13
2109	7	Pulse	5	429991	2485	3
2109	7	Response	1	431911	4405	3
2109	8	Picture	10	445577	0	1	4145	2	0	4000	other	0
2109	8	Pulse	5	449991	4414	2
2109	9	Picture	10	463648	0	1	4144	2	0	4000	other	0
2109	9	Pulse	5	469980	6332	2
2109	10	Picture	10	481718	0	1	4145	2	0	4000	other	0
2109	10	Pulse	5	489979	8261	2
2109	11	Picture	11	499789	0	1	4144	3	0	4000	hit	21
2109	11	Response	1	505179	5390	2
2109	11	Pulse	5	509979	10190	2
2109	12	Picture	10	517859	0	2	4145	3	0	4000	other	0
2109	12	Pulse	5	529968	12109	2
2109	13	Picture	10	535930	0	1	4145	2	0	4000	other	0
2109	13	Pulse	5	549968	14038	1
2109	14	Picture	11	554001	0	1	4144	2	0	4000	hit	28
2109	14	Response	1	558287	4286	2
2109	14	Pulse	5	569967	15966	2
2109	15	Picture	10	572071	0	1	4145	2	0	4000	other	0
2109	15	Pulse	5	589956	17885	2
2109	16	Picture	10	590142	0	1	4144	3	0	4000	other	0
2109	17	Picture	10	608212	0	1	4145	2	0	4000	other	0
2109	17	Pulse	5	609956	1744	1
2109	18	Picture	10	626283	0	1	4145	2	0	4000	other	0
2109	18	Pulse	5	629955	3672	2
2109	19	Pulse	5	649944	5591	2
2109	20	Picture	30	669387	0	1	4145	2	0	4000	other	0
2109	20	Pulse	5	669944	557	2
2109	21	Picture	30	687458	0	1	4144	2	0	4000	other	0
2109	21	Pulse	5	689943	2485	2
2109	22	Picture	31	705528	0	1	4145	2	0	4000	hit	43
2109	22	Response	1	709133	3605	1
2109	22	Pulse	5	709933	4405	1
2109	23	Picture	30	723599	0	1	4145	2	0	4000	other	0
2109	23	Pulse	5	729932	6333	2
2109	24	Picture	30	741669	0	2	4145	3	0	4000	other	0
2109	24	Pulse	5	749931	8262	2
2109	25	Picture	30	759740	0	1	4145	2	0	4000	other	0
2109	25	Pulse	5	769921	10181	1
2109	26	Picture	31	777811	0	1	4144	2	0	4000	hit	52
2109	26	Response	1	781280	3469	2
2109	26	Pulse	5	789920	12109	2
2109	27	Picture	31	795881	0	1	4145	2	0	4000	hit	55
2109	27	Response	1	807199	11318	2
2109	27	Pulse	5	809919	14038	2
2109	28	Picture	30	813952	0	1	4144	3	0	4000	other	0
2109	28	Pulse	5	829909	15957	2
2109	29	Picture	30	832022	0	2	4145	3	0	4000	other	0
2109	29	Pulse	5	849908	17886	2
2109	30	Picture	30	850093	0	1	4145	2	0	4000	other	0
2109	31	Picture	31	868163	0	2	4144	5	0	4000	hit	64
2109	31	Pulse	5	869907	1744	3
2109	31	Response	1	871667	3504	3
2109	32	Picture	30	886234	0	1	4143	5	0	4000	other	0
2109	32	Pulse	5	889897	3663	3
2109	33	Picture	30	904305	0	1	4144	3	0	4000	other	0
2109	33	Pulse	5	910056	5751	3
2109	34	Picture	30	922375	0	2	4145	3	0	4000	other	0
2109	34	Pulse	5	930056	7681	3
2109	35	Picture	30	940446	0	1	4145	2	0	4000	other	0
2109	35	Pulse	5	950045	9599	2
2109	36	Pulse	5	970044	11527	2
2109	37	Picture	10	983550	0	1	4145	2	0	4000	other	0
2109	37	Pulse	5	990044	6494	2
2109	38	Picture	10	1001621	0	1	4144	3	0	4000	other	0
2109	38	Pulse	5	1010033	8412	2
2109	39	Picture	11	1019677	0	20	4159	21	0	4000	hit	79
2109	39	Response	1	1024273	4596	2
2109	39	Pulse	5	1030033	10356	1
2109	40	Picture	10	1037762	0	1	4144	3	0	4000	other	0
2109	40	Pulse	5	1050032	12270	2
2109	41	Picture	11	1055832	0	2	4130	22	0	4000	hit	84
2109	41	Response	1	1061711	5879	2
2109	41	Pulse	5	1070021	14189	2
2109	42	Picture	10	1073903	0	1	4145	2	0	4000	other	0
2109	42	Pulse	5	1090021	16118	1
2109	43	Picture	10	1091974	0	1	4144	2	0	4000	other	0
2109	43	Pulse	5	1110020	18046	2
2109	44	Picture	10	1110044	0	2	4145	3	0	4000	other	0
2109	45	Picture	11	1128115	0	1	4144	3	0	4000	hit	93
2109	45	Pulse	5	1130009	1894	2
2109	45	Response	1	1133049	4934	2
2109	46	Picture	10	1146185	0	2	4145	3	0	4000	other	0
2109	46	Pulse	5	1150009	3824	2
2109	47	Picture	10	1164256	0	1	4145	2	0	4000	other	0
2109	47	Pulse	5	1170008	5752	2
2109	48	Picture	11	1182327	0	1	4144	2	0	4000	hit	99
2109	48	Response	1	1187918	5591	1
2109	48	Pulse	5	1189997	7670	2
2109	49	Picture	10	1200397	0	3	4145	4	0	4000	other	0
2109	49	Pulse	5	1209997	9600	2
2109	50	Picture	10	1218468	0	1	4144	3	0	4000	other	0
2109	50	Pulse	5	1229996	11528	2
2109	51	Picture	10	1236538	0	1	4145	2	0	4000	other	0
2109	51	Pulse	5	1249986	13448	1
2109	52	Picture	10	1254609	0	1	4145	2	0	4000	other	0
2109	52	Pulse	5	1269986	15377	1
2109	53	Pulse	5	1289984	17304	2
2109	54	Picture	20	1297713	0	1	4145	2	0	4000	other	0
2109	54	Pulse	5	1309974	12261	2
2109	55	Picture	20	1315784	0	1	4144	2	0	4000	other	0
2109	55	Pulse	5	1329973	14189	2
2109	56	Picture	21	1333854	0	1	4145	2	0	4000	hit	115
2109	56	Response	1	1337653	3799	2
2109	56	Pulse	5	1349972	16118	2
2109	57	Picture	20	1351925	0	1	4145	2	0	4000	other	0
2109	57	Pulse	5	1369962	18037	2
2109	58	Picture	20	1369995	0	2	4145	3	0	4000	other	0
2109	59	Picture	20	1388066	0	1	4145	2	0	4000	other	0
2109	59	Pulse	5	1389961	1895	3
2109	60	Picture	21	1406137	0	1	4143	4	0	4000	hit	123
2109	60	Response	1	1409961	3824	2
2109	60	Pulse	5	1409961	3824	2
2109	61	Picture	20	1424207	0	1	4145	2	0	4000	other	0
2109	61	Pulse	5	1429950	5743	2
2109	62	Picture	20	1442278	0	1	4145	2	0	4000	other	0
2109	62	Pulse	5	1449949	7671	2
2109	63	Picture	20	1460348	0	2	4145	3	0	4000	other	0
2109	63	Pulse	5	1469949	9601	2
2109	64	Picture	20	1478419	0	1	4145	2	0	4000	other	0
2109	64	Pulse	5	1489938	11519	2
2109	65	Picture	20	1496490	0	1	4144	2	0	4000	other	0
2109	65	Pulse	5	1509937	13447	2
2109	66	Picture	21	1514560	0	1	4145	2	0	4000	hit	136
2109	66	Response	1	1519697	5137	2
2109	66	Pulse	5	1529937	15377	2
2109	67	Picture	20	1532631	0	1	4144	3	0	4000	other	0
2109	67	Pulse	5	1549926	17295	2
2109	68	Picture	20	1550701	0	2	4145	4	0	4000	other	0
2109	69	Picture	21	1568772	0	1	4145	2	0	4000	miss	0
2109	69	Pulse	5	1569926	1154	1
2109	70	Pulse	5	1589925	3083	2
2109	70	Pulse	5	1609914	23072	2
2109	71	Picture	10	1611876	0	1	4145	2	0	4000	other	0
2109	71	Pulse	5	1629914	18038	2
2109	72	Picture	10	1629947	0	1	4144	3	0	4000	other	0
2109	73	Picture	11	1648017	0	2	4145	3	0	4000	hit	150
2109	73	Pulse	5	1649913	1896	2
2109	73	Response	1	1652633	4616	2
2109	74	Picture	10	1666088	0	1	4145	2	0	4000	other	0
2109	74	Pulse	5	1669902	3814	2
2109	75	Picture	11	1684158	0	2	4145	3	0	4000	hit	154
2109	75	Response	1	1687822	3664	2
2109	75	Pulse	5	1689902	5744	2
2109	76	Picture	10	1702229	0	1	4145	2	0	4000	other	0
2109	76	Pulse	5	1709901	7672	2
2109	77	Picture	10	1720300	0	1	4144	2	0	4000	other	0
2109	77	Pulse	5	1729891	9591	1
2109	78	Picture	11	1738370	0	2	4145	3	0	4000	hit	161
2109	78	Response	1	1746370	8000	2
2109	78	Pulse	5	1749890	11520	2
2109	79	Picture	10	1756441	0	1	4144	3	0	4000	other	0
2109	79	Pulse	5	1769889	13448	2
2109	80	Picture	10	1774511	0	2	4145	3	0	4000	other	0
2109	80	Pulse	5	1789879	15368	2
2109	81	Picture	10	1792582	0	1	4145	2	0	4000	other	0
2109	81	Pulse	5	1809878	17296	2
2109	82	Picture	10	1810653	0	1	4144	3	0	4000	other	0
2109	83	Picture	10	1828723	0	1	4145	2	0	4000	other	0
2109	83	Pulse	5	1829877	1154	3
2109	84	Picture	11	1846794	0	1	4144	3	0	4000	hit	174
2109	84	Pulse	5	1849867	3073	2
2109	84	Response	1	1856267	9473	2
2109	85	Picture	10	1864864	0	2	4145	3	0	4000	other	0
2109	85	Pulse	5	1869866	5002	3
2109	86	Picture	10	1882935	0	1	4145	2	0	4000	other	0
2109	86	Pulse	5	1889865	6930	3
2109	87	Pulse	5	1909855	8849	2
2109	88	Picture	30	1926039	0	1	4145	2	0	4000	other	0
2109	88	Pulse	5	1929854	3815	2
2109	89	Picture	30	1944110	0	1	4144	2	0	4000	other	0
2109	89	Pulse	5	1950014	5904	2
2109	90	Picture	30	1962180	0	1	4145	2	0	4000	other	0
2109	90	Pulse	5	1970003	7823	2
2109	91	Picture	31	1980251	0	1	4144	3	0	4000	hit	187
2109	91	Response	1	1984083	3832	1
2109	91	Pulse	5	1990002	9751	2
2109	92	Picture	31	1998321	0	2	4145	3	0	4000	hit	190
2109	92	Response	1	2007442	9121	2
2109	92	Pulse	5	2010002	11681	2
2109	93	Picture	30	2016392	0	1	4145	2	0	4000	other	0
2109	93	Pulse	5	2029991	13599	2
2109	94	Picture	30	2034463	0	1	4144	3	0	4000	other	0
2109	94	Pulse	5	2049991	15528	1
2109	95	Picture	30	2052533	0	1	4145	2	0	4000	other	0
2109	95	Pulse	5	2069990	17457	2
2109	96	Picture	31	2070604	0	1	4144	3	0	4000	hit	199
2109	96	Response	1	2073830	3226	2
2109	97	Picture	30	2088674	0	2	4145	4	0	4000	other	0
2109	97	Pulse	5	2089979	1305	2
2109	98	Picture	30	2106745	0	1	4145	2	0	4000	other	0
2109	98	Pulse	5	2109979	3234	1
2109	99	Picture	30	2124816	0	1	4144	2	0	4000	other	0
2109	99	Pulse	5	2129978	5162	2
2109	100	Picture	30	2142886	0	1	4145	2	0	4000	other	0
2109	100	Pulse	5	2149967	7081	2
2109	101	Picture	31	2160957	0	1	4144	3	0	4000	hit	209
2109	101	Response	1	2164687	3730	2
2109	101	Pulse	5	2169967	9010	2
2109	102	Picture	30	2179027	0	2	4145	3	0	4000	other	0
2109	102	Pulse	5	2189966	10939	2
2109	103	Picture	30	2197098	0	1	4145	2	0	4000	other	0
2109	103	Pulse	5	2209956	12858	1
2109	104	Pulse	5	2229955	14786	2
2109	105	Picture	10	2240202	0	1	4145	2	0	4000	other	0
2109	105	Pulse	5	2249954	9752	2
2109	106	Picture	10	2258273	0	1	4144	3	0	4000	other	0
2109	106	Pulse	5	2269944	11671	1
2109	107	Picture	11	2276343	0	1	4145	2	0	4000	hit	221
2109	107	Response	1	2281623	5280	2
2109	107	Pulse	5	2289943	13600	2
2109	108	Picture	10	2294414	0	1	4144	3	0	4000	other	0
2109	108	Pulse	5	2309942	15528	2
2109	109	Picture	11	2312484	0	2	4145	3	0	4000	hit	226
2109	109	Response	1	2317782	5298	2
2109	109	Pulse	5	2329932	17448	2
2109	110	Picture	10	2330555	0	1	4145	2	0	4000	other	0
2109	111	Picture	10	2348626	0	1	4144	2	0	4000	other	0
2109	111	Pulse	5	2349931	1305	3
2109	112	Picture	11	2366696	0	1	4145	2	0	4000	hit	233
2109	112	Pulse	5	2369930	3234	3
2109	112	Response	1	2373290	6594	3
2109	113	Picture	10	2384767	0	1	4145	2	0	4000	other	0
2109	113	Pulse	5	2389920	5153	2
2109	114	Picture	10	2402837	0	2	4145	3	0	4000	other	0
2109	114	Pulse	5	2409919	7082	2
2109	115	Picture	10	2420908	0	1	4145	2	0	4000	other	0
2109	115	Pulse	5	2429919	9011	1
2109	116	Picture	10	2438979	0	1	4144	2	0	4000	other	0
2109	116	Pulse	5	2449908	10929	2
2109	117	Picture	10	2457049	0	2	4145	3	0	4000	other	0
2109	117	Pulse	5	2469907	12858	2
2109	118	Picture	11	2475120	0	1	4144	3	0	4000	hit	245
2109	118	Response	1	2479667	4547	2
2109	118	Pulse	5	2489907	14787	2
2109	119	Picture	10	2493190	0	2	4145	3	0	4000	other	0
2109	119	Pulse	5	2509896	16706	2
2109	120	Picture	10	2511261	0	1	4145	2	0	4000	other	0
2109	121	Pulse	5	2529896	564	1
2109	121	Pulse	5	2549895	20563	2
2109	122	Picture	20	2554365	0	1	4145	2	0	4000	other	0
2109	122	Pulse	5	2569885	15520	1
2109	123	Picture	20	2572436	0	1	4144	3	0	4000	other	0
2109	123	Pulse	5	2589884	17448	1
2109	124	Picture	20	2590506	0	2	4145	3	0	4000	other	0
2109	125	Picture	21	2608577	0	1	4145	2	0	4000	hit	259
2109	125	Pulse	5	2609883	1306	2
2109	125	Response	1	2612443	3866	2
2109	126	Picture	20	2626648	0	1	4144	2	0	4000	other	0
2109	126	Pulse	5	2629872	3224	2
2109	127	Picture	20	2644718	0	1	4145	2	0	4000	other	0
2109	127	Pulse	5	2649872	5154	2
2109	128	Picture	21	2662789	0	1	4144	3	0	4000	hit	265
2109	128	Response	1	2666351	3562	2
2109	128	Pulse	5	2669871	7082	2
2109	129	Picture	20	2680859	0	1	4145	2	0	4000	other	0
2109	129	Pulse	5	2689860	9001	2
2109	130	Picture	20	2698930	0	1	4145	2	0	4000	other	0
2109	130	Pulse	5	2709860	10930	2
2109	131	Picture	20	2717000	0	2	4145	3	0	4000	other	0
2109	131	Pulse	5	2729851	12851	280
2109	132	Picture	21	2735071	0	1	4145	2	0	4000	hit	274
2109	132	Response	1	2738979	3908	2
2109	132	Pulse	5	2749849	14778	1
2109	133	Picture	20	2753142	0	1	4144	2	0	4000	other	0
2109	133	Pulse	5	2769848	16706	2
2109	134	Picture	20	2771212	0	1	4145	2	0	4000	other	0
2109	135	Picture	21	2789283	0	1	4144	3	0	4000	hit	281
2109	135	Pulse	5	2789847	564	2
2109	135	Response	1	2796247	6964	2
2109	136	Picture	20	2807353	0	2	4145	3	0	4000	other	0
2109	136	Pulse	5	2809837	2484	3
2109	137	Picture	20	2825424	0	2	4145	3	0	4000	other	0
2109	137	Pulse	5	2829836	4412	3
