Scenario - 1-back
Logfile written - 01/29/2015 11:23:39

Subject	Trial	Event Type	Code	Time	TTime	Uncertainty	Duration	Uncertainty	ReqTime	ReqDur	Stim Type	Pair Index

2109	1	Pulse	5	763599	773443	2
2109	2	Response	1	772069	8361	1
2109	2	Pulse	5	783588	19880	2
2109	3	Picture	10	788742	0	1	4145	2	0	4000	other	0
2109	3	Pulse	5	803588	14846	1
2109	4	Picture	10	806812	0	2	4145	3	0	4000	other	0
2109	4	Pulse	5	823587	16775	2
2109	5	Picture	11	824883	0	1	4145	2	0	4000	hit	9
2109	5	Response	1	830457	5574	2
2109	6	Picture	10	842954	0	1	4144	2	0	4000	other	0
2109	6	Pulse	5	843576	622	2
2109	7	Picture	11	861024	0	1	4145	2	0	4000	hit	14
2109	7	Pulse	5	863576	2552	2
2109	7	Response	1	866136	5112	2
2109	8	Picture	10	879095	0	1	4144	3	0	4000	other	0
2109	8	Pulse	5	883575	4480	2
2109	9	Picture	10	897165	0	2	4145	3	0	4000	other	0
2109	9	Pulse	5	903565	6400	1
2109	10	Picture	10	915236	0	1	4144	3	0	4000	other	0
2109	10	Pulse	5	923564	8328	2
2109	11	Picture	11	933306	0	2	4145	3	0	4000	hit	22
2109	11	Response	1	937963	4657	2
2109	11	Pulse	5	943563	10257	2
2109	12	Picture	10	951377	0	1	4145	2	0	4000	other	0
2109	12	Pulse	5	963553	12176	1
2109	13	Picture	10	969448	0	1	4144	2	0	4000	other	0
2109	13	Pulse	5	983552	14104	2
2109	14	Picture	11	987518	0	1	4145	2	0	4000	hit	29
2109	14	Response	1	991552	4034	2
2109	14	Pulse	5	1003551	16033	2
2109	15	Picture	10	1005589	0	1	4144	3	0	4000	other	0
2109	15	Pulse	5	1023541	17952	2
2109	16	Picture	10	1023659	0	2	4145	3	0	4000	other	0
2109	17	Picture	10	1041730	0	1	4145	2	0	4000	other	0
2109	17	Pulse	5	1043540	1810	2
2109	18	Picture	10	1059801	0	1	4144	2	0	4000	other	0
2109	18	Pulse	5	1063540	3739	1
2109	19	Pulse	5	1083529	5658	2
2109	20	Picture	30	1102905	0	1	4143	3	0	4000	other	0
2109	20	Pulse	5	1103524	619	10
2109	21	Picture	30	1120975	0	1	4145	2	0	4000	other	0
2109	21	Pulse	5	1123528	2553	2
2109	22	Picture	31	1139046	0	1	4144	3	0	4000	hit	44
2109	22	Response	1	1143197	4151	2
2109	22	Pulse	5	1143517	4471	2
2109	23	Picture	30	1157116	0	2	4145	3	0	4000	other	0
2109	23	Pulse	5	1163517	6401	1
2109	24	Picture	30	1175187	0	1	4145	2	0	4000	other	0
2109	24	Pulse	5	1183676	8489	2
2109	25	Picture	30	1193257	0	2	4145	3	0	4000	other	0
2109	25	Pulse	5	1203666	10409	1
2109	26	Picture	31	1211328	0	1	4145	2	0	4000	hit	53
2109	26	Response	1	1217425	6097	2
2109	26	Pulse	5	1223664	12336	2
2109	27	Picture	31	1229399	0	1	4144	3	0	4000	hit	56
2109	27	Response	1	1234544	5145	2
2109	27	Pulse	5	1243664	14265	2
2109	28	Picture	30	1247469	0	1	4145	2	0	4000	false_alarm	59
2109	28	Response	1	1255653	8184	3
2109	28	Pulse	5	1263653	16184	2
2109	29	Picture	30	1265540	0	1	4144	3	0	4000	other	0
2109	30	Picture	30	1283610	0	2	4145	3	0	4000	other	0
2109	30	Pulse	5	1283653	43	1
2109	31	Picture	31	1301681	0	1	4145	2	0	4000	hit	66
2109	31	Pulse	5	1303652	1971	2
2109	31	Response	1	1307802	6121	2
2109	32	Picture	30	1319752	0	1	4144	2	0	4000	other	0
2109	32	Pulse	5	1323641	3889	2
2109	33	Picture	30	1337822	0	1	4145	2	0	4000	other	0
2109	33	Pulse	5	1343641	5819	2
2109	34	Picture	30	1355893	0	1	4144	3	0	4000	other	0
2109	34	Pulse	5	1363640	7747	2
2109	35	Picture	30	1373963	0	2	4145	3	0	4000	other	0
2109	35	Pulse	5	1383630	9667	1
2109	36	Pulse	5	1403629	11595	2
2109	37	Picture	10	1417067	0	2	4145	3	0	4000	other	0
2109	37	Pulse	5	1423628	6561	2
2109	38	Picture	10	1435138	0	2	4145	3	0	4000	other	0
2109	38	Pulse	5	1443618	8480	1
2109	39	Picture	11	1453209	0	1	4144	2	0	4000	hit	81
2109	39	Response	1	1458177	4968	2
2109	39	Pulse	5	1463617	10408	2
2109	40	Picture	10	1471279	0	1	4145	2	0	4000	other	0
2109	40	Pulse	5	1483616	12337	2
2109	41	Picture	11	1489350	0	1	4144	3	0	4000	hit	86
2109	41	Response	1	1493686	4336	2
2109	41	Pulse	5	1503606	14256	2
2109	42	Picture	10	1507420	0	2	4145	3	0	4000	other	0
2109	42	Pulse	5	1523605	16185	2
2109	43	Picture	10	1525491	0	1	4145	2	0	4000	other	0
2109	44	Picture	10	1543562	0	1	4144	2	0	4000	other	0
2109	44	Pulse	5	1543604	42	2
2109	45	Picture	11	1561632	0	1	4145	2	0	4000	hit	95
2109	45	Pulse	5	1563594	1962	2
2109	45	Response	1	1565354	3722	2
2109	46	Picture	10	1579703	0	1	4144	2	0	4000	other	0
2109	46	Pulse	5	1583593	3890	3
2109	47	Picture	10	1597773	0	1	4145	2	0	4000	other	0
2109	47	Pulse	5	1603583	5810	2
2109	48	Picture	11	1615844	0	1	4144	3	0	4000	hit	101
2109	48	Response	1	1620062	4218	2
2109	48	Pulse	5	1623582	7738	2
2109	49	Picture	10	1633914	0	2	4145	3	0	4000	other	0
2109	49	Pulse	5	1643581	9667	2
2109	50	Picture	10	1651985	0	1	4145	2	0	4000	other	0
2109	50	Pulse	5	1663581	11596	2
2109	51	Picture	10	1670055	0	2	4145	3	0	4000	other	0
2109	51	Pulse	5	1683570	13515	2
2109	52	Picture	10	1688126	0	1	4145	2	0	4000	other	0
2109	52	Pulse	5	1703569	15443	3
2109	53	Pulse	5	1723569	17372	2
2109	54	Picture	20	1731230	0	1	4145	2	0	4000	other	0
2109	54	Pulse	5	1743558	12328	2
2109	55	Picture	20	1749301	0	1	4144	3	0	4000	other	0
2109	55	Pulse	5	1763558	14257	1
2109	56	Picture	21	1767371	0	2	4145	3	0	4000	hit	117
2109	56	Response	1	1772037	4666	2
2109	56	Pulse	5	1783557	16186	2
2109	57	Picture	20	1785442	0	1	4145	2	0	4000	other	0
2109	58	Picture	20	1803513	0	1	4144	2	0	4000	other	0
2109	58	Pulse	5	1803547	34	1
2109	59	Picture	20	1821583	0	1	4145	2	0	4000	other	0
2109	59	Pulse	5	1823546	1963	2
2109	60	Picture	21	1839654	0	1	4144	3	0	4000	hit	125
2109	60	Response	1	1843385	3731	2
2109	60	Pulse	5	1843545	3891	2
2109	61	Picture	20	1857724	0	2	4145	3	0	4000	other	0
2109	61	Pulse	5	1863534	5810	2
2109	62	Picture	20	1875795	0	1	4144	3	0	4000	other	0
2109	62	Pulse	5	1883534	7739	2
2109	63	Picture	20	1893865	0	2	4145	3	0	4000	other	0
2109	63	Pulse	5	1903533	9668	2
2109	64	Picture	20	1911936	0	1	4145	2	0	4000	other	0
2109	64	Pulse	5	1923523	11587	1
2109	65	Picture	20	1930007	0	1	4144	2	0	4000	other	0
2109	65	Pulse	5	1943522	13515	2
2109	66	Picture	21	1948077	0	1	4145	2	0	4000	hit	138
2109	66	Response	1	1952802	4725	1
2109	66	Pulse	5	1963521	15444	2
2109	67	Picture	20	1966148	0	1	4144	3	0	4000	other	0
2109	67	Pulse	5	1983511	17363	1
2109	68	Picture	20	1984218	0	2	4145	3	0	4000	other	0
2109	69	Picture	21	2002289	0	1	4145	2	0	4000	hit	145
2109	69	Pulse	5	2003510	1221	2
2109	69	Response	1	2005910	3621	2
2109	70	Pulse	5	2023509	3149	2
2109	70	Pulse	5	2043499	23139	2
2109	71	Picture	10	2045393	0	1	4145	2	0	4000	other	0
2109	72	Picture	10	2063464	0	1	4144	3	0	4000	other	0
2109	72	Pulse	5	2063498	34	3
2109	73	Picture	11	2081534	0	1	4145	2	0	4000	hit	153
2109	73	Pulse	5	2083498	1964	2
2109	73	Response	1	2087007	5473	2
2109	74	Picture	10	2099605	0	1	4144	3	0	4000	other	0
2109	74	Pulse	5	2103487	3882	2
2109	75	Picture	11	2117675	0	2	4145	3	0	4000	hit	157
2109	75	Response	1	2122206	4531	2
2109	75	Pulse	5	2123486	5811	2
2109	76	Picture	10	2135746	0	1	4145	2	0	4000	other	0
2109	76	Pulse	5	2143486	7740	1
2109	77	Picture	10	2153817	0	1	4144	2	0	4000	other	0
2109	77	Pulse	5	2163475	9658	2
2109	78	Picture	11	2171887	0	1	4145	2	0	4000	hit	164
2109	78	Response	1	2175955	4068	2
2109	78	Pulse	5	2183474	11587	2
2109	79	Picture	10	2189958	0	1	4144	3	0	4000	other	0
2109	79	Pulse	5	2203474	13516	2
2109	80	Picture	10	2208028	0	2	4142	9	0	4000	other	0
2109	80	Pulse	5	2223623	15595	2
2109	81	Picture	10	2226099	0	1	4145	2	0	4000	other	0
2109	81	Pulse	5	2243623	17524	1
2109	82	Picture	10	2244169	0	2	4145	3	0	4000	other	0
2109	83	Picture	10	2262240	0	1	4145	2	0	4000	other	0
2109	83	Pulse	5	2263622	1382	2
2109	84	Picture	11	2280311	0	1	4144	3	0	4000	hit	177
2109	84	Pulse	5	2283611	3300	2
2109	84	Response	1	2283771	3460	2
2109	85	Picture	10	2298381	0	1	4145	2	0	4000	other	0
2109	85	Pulse	5	2303611	5230	2
2109	86	Picture	10	2316452	0	1	4144	3	0	4000	other	0
2109	86	Pulse	5	2323610	7158	2
2109	87	Pulse	5	2343599	9077	2
2109	88	Picture	30	2359556	0	1	4145	2	0	4000	other	0
2109	88	Pulse	5	2363599	4043	2
2109	89	Picture	30	2377627	0	1	4144	2	0	4000	other	0
2109	89	Pulse	5	2383598	5971	2
2109	90	Picture	30	2395697	0	1	4145	2	0	4000	other	0
2109	90	Pulse	5	2403588	7891	1
2109	91	Picture	31	2413768	0	1	4144	3	0	4000	hit	190
2109	91	Response	1	2418147	4379	2
2109	91	Pulse	5	2423586	9818	4
2109	92	Picture	31	2431838	0	2	4145	3	0	4000	hit	193
2109	92	Response	1	2436546	4708	2
2109	92	Pulse	5	2443586	11748	3
2109	93	Picture	30	2449909	0	1	4144	3	0	4000	other	0
2109	93	Pulse	5	2463576	13667	1
2109	94	Picture	30	2467979	0	2	4145	3	0	4000	other	0
2109	94	Pulse	5	2483575	15596	2
2109	95	Picture	30	2486050	0	1	4145	2	0	4000	other	0
2109	95	Pulse	5	2503574	17524	2
2109	96	Picture	31	2504121	0	1	4144	2	0	4000	hit	202
2109	96	Response	1	2507884	3763	3
2109	97	Picture	30	2522191	0	1	4145	2	0	4000	other	0
2109	97	Pulse	5	2523563	1372	3
2109	98	Picture	30	2540262	0	1	4144	3	0	4000	other	0
2109	98	Pulse	5	2543563	3301	3
2109	99	Picture	30	2558332	0	2	4145	3	0	4000	false_alarm	208
2109	99	Response	1	2562922	4590	3
2109	99	Pulse	5	2563561	5229	5
2109	100	Picture	30	2576403	0	1	4145	2	0	4000	other	0
2109	100	Pulse	5	2583553	7150	1
2109	101	Picture	31	2594473	0	2	4145	3	0	4000	miss	0
2109	101	Pulse	5	2603551	9078	2
2109	102	Picture	30	2612544	0	1	4145	2	0	4000	other	0
2109	102	Pulse	5	2623541	10997	2
2109	103	Picture	30	2630615	0	1	4144	3	0	4000	false_alarm	217
2109	103	Response	1	2637460	6845	2
2109	103	Pulse	5	2643540	12925	2
2109	104	Pulse	5	2663539	14854	2
2109	105	Picture	10	2673719	0	2	4144	4	0	4000	other	0
2109	105	Pulse	5	2683539	9820	2
2109	106	Picture	10	2691789	0	2	4145	3	0	4000	other	0
2109	106	Pulse	5	2703528	11739	2
2109	107	Picture	11	2709860	0	1	4145	2	0	4000	hit	225
2109	107	Response	1	2716008	6148	2
2109	107	Pulse	5	2723527	13667	3
2109	108	Picture	10	2727931	0	1	4144	2	0	4000	other	0
2109	108	Pulse	5	2743527	15596	2
2109	109	Picture	11	2746001	0	1	4145	2	0	4000	hit	230
2109	109	Response	1	2751357	5356	1
2109	109	Pulse	5	2763516	17515	2
2109	110	Picture	10	2764072	0	1	4144	3	0	4000	other	0
2109	111	Picture	10	2782142	0	2	4145	3	0	4000	other	0
2109	111	Pulse	5	2783516	1374	2
2109	112	Picture	11	2800213	0	1	4145	2	0	4000	hit	237
2109	112	Pulse	5	2803516	3303	1
2109	112	Response	1	2804316	4103	1
2109	113	Picture	10	2818284	0	1	4144	2	0	4000	other	0
2109	113	Pulse	5	2823504	5220	2
2109	114	Picture	10	2836354	0	2	4145	3	0	4000	other	0
2109	114	Pulse	5	2843504	7150	2
2109	115	Picture	10	2854425	0	1	4144	2	0	4000	other	0
2109	115	Pulse	5	2863503	9078	2
2109	116	Picture	10	2872495	0	1	4145	2	0	4000	other	0
2109	116	Pulse	5	2883493	10998	1
2109	117	Picture	10	2890566	0	1	4144	3	0	4000	other	0
2109	117	Pulse	5	2903492	12926	2
2109	118	Picture	11	2908636	0	2	4145	3	0	4000	hit	249
2109	118	Response	1	2914531	5895	2
2109	118	Pulse	5	2923491	14855	2
2109	119	Picture	10	2926707	0	1	4145	2	0	4000	other	0
2109	119	Pulse	5	2943481	16774	1
2109	120	Picture	10	2944778	0	1	4144	2	0	4000	other	0
2109	121	Pulse	5	2963480	632	2
2109	121	Pulse	5	2983480	20632	1
2109	122	Picture	20	2987882	0	1	4144	3	0	4000	other	0
2109	122	Pulse	5	3003469	15587	2
2109	123	Picture	20	3005952	0	2	4145	3	0	4000	other	0
2109	123	Pulse	5	3023468	17516	2
2109	124	Picture	20	3024023	0	1	4145	2	0	4000	other	0
2109	125	Picture	21	3042093	0	2	4145	3	0	4000	hit	263
2109	125	Pulse	5	3043467	1374	3
2109	125	Response	1	3046027	3934	3
2109	126	Picture	20	3060164	0	1	4145	2	0	4000	other	0
2109	126	Pulse	5	3063457	3293	2
2109	127	Picture	20	3078235	0	1	4144	2	0	4000	other	0
2109	127	Pulse	5	3083456	5221	2
2109	128	Picture	21	3096305	0	1	4145	2	0	4000	hit	269
2109	128	Response	1	3100256	3951	2
2109	128	Pulse	5	3103456	7151	1
2109	129	Picture	20	3114376	0	1	4144	3	0	4000	other	0
2109	129	Pulse	5	3123445	9069	2
2109	130	Picture	20	3132446	0	2	4145	3	0	4000	other	0
2109	130	Pulse	5	3143444	10998	2
2109	131	Picture	20	3150517	0	1	4145	2	0	4000	other	0
2109	131	Pulse	5	3163444	12927	2
2109	132	Picture	21	3168588	0	1	4144	2	0	4000	hit	278
2109	132	Response	1	3175273	6685	2
2109	132	Pulse	5	3183433	14845	2
2109	133	Picture	20	3186658	0	1	4145	2	0	4000	other	0
2109	133	Pulse	5	3203432	16774	2
2109	134	Picture	20	3204729	0	1	4144	3	0	4000	other	0
2109	135	Picture	21	3222799	0	2	4145	3	0	4000	hit	285
2109	135	Pulse	5	3223433	634	1
2109	135	Response	1	3226942	4143	2
2109	136	Picture	20	3240870	0	1	4144	3	0	4000	other	0
2109	136	Pulse	5	3243421	2551	2
2109	137	Picture	20	3258940	0	2	4145	3	0	4000	other	0
2109	137	Pulse	5	3263581	4641	1
