Scenario - 1-back
Logfile written - 01/29/2015 11:28:45

Subject	Trial	Event Type	Code	Time	TTime	Uncertainty	Duration	Uncertainty	ReqTime	ReqDur	Stim Type	Pair Index

2109	1	Pulse	5	514136	523970	2
2109	2	Pulse	5	534125	19913	2
2109	3	Picture	10	539245	0	2	4145	3	0	4000	other	0
2109	3	Pulse	5	554125	14880	2
2109	4	Picture	10	557316	0	1	4145	2	0	4000	other	0
2109	4	Pulse	5	574124	16808	2
2109	5	Picture	11	575387	0	1	4144	2	0	4000	miss	0
2109	6	Picture	10	593457	0	1	4145	2	0	4000	other	0
2109	6	Pulse	5	594113	656	3
2109	7	Picture	11	611528	0	1	4144	3	0	4000	hit	12
2109	7	Pulse	5	614113	2585	2
2109	7	Response	1	615553	4025	2
2109	8	Picture	10	629598	0	2	4145	3	0	4000	other	0
2109	8	Pulse	5	634112	4514	3
2109	9	Picture	10	647669	0	1	4145	2	0	4000	other	0
2109	9	Pulse	5	654102	6433	1
2109	10	Picture	10	665740	0	1	4144	2	0	4000	other	0
2109	10	Pulse	5	674101	8361	2
2109	11	Picture	11	683810	0	1	4145	2	0	4000	hit	20
2109	11	Response	1	688980	5170	2
2109	11	Pulse	5	694100	10290	2
2109	12	Picture	10	701881	0	1	4144	3	0	4000	other	0
2109	12	Pulse	5	714091	12210	1
2109	13	Picture	10	719951	0	2	4145	3	0	4000	other	0
2109	13	Pulse	5	734089	14138	2
2109	14	Picture	11	738022	0	1	4145	2	0	4000	hit	27
2109	14	Response	1	743049	5027	2
2109	14	Pulse	5	754088	16066	2
2109	15	Picture	10	756093	0	1	4144	2	0	4000	other	0
2109	15	Pulse	5	774078	17985	2
2109	16	Picture	10	774163	0	1	4145	3	0	4000	other	0
2109	17	Picture	10	792234	0	1	4144	3	0	4000	other	0
2109	17	Pulse	5	794077	1843	2
2109	18	Picture	10	810304	0	2	4145	3	0	4000	other	0
2109	18	Pulse	5	814077	3773	1
2109	19	Pulse	5	834066	5691	2
2109	20	Picture	20	853408	0	2	4145	3	0	4000	other	0
2109	20	Pulse	5	854065	657	2
2109	21	Picture	20	871479	0	1	4145	2	0	4000	other	0
2109	21	Pulse	5	874065	2586	2
2109	22	Picture	21	889550	0	1	4144	3	0	4000	hit	42
2109	22	Response	1	893254	3704	2
2109	22	Pulse	5	894054	4504	2
2109	23	Picture	20	907620	0	1	4145	2	0	4000	other	0
2109	23	Pulse	5	914053	6433	2
2109	24	Picture	20	925691	0	1	4144	3	0	4000	other	0
2109	24	Pulse	5	934053	8362	2
2109	25	Picture	20	943761	0	2	4145	3	0	4000	other	0
2109	25	Pulse	5	954042	10281	2
2109	26	Picture	21	961832	0	1	4145	2	0	4000	hit	51
2109	26	Response	1	966042	4210	2
2109	26	Pulse	5	974042	12210	1
2109	27	Picture	20	979903	0	1	4144	2	0	4000	other	0
2109	27	Pulse	5	994041	14138	2
2109	28	Picture	20	997973	0	1	4145	2	0	4000	other	0
2109	28	Pulse	5	1014030	16057	2
2109	29	Picture	20	1016044	0	1	4144	3	0	4000	other	0
2109	29	Pulse	5	1034030	17986	1
2109	30	Picture	20	1034114	0	2	4145	3	0	4000	other	0
2109	31	Picture	20	1052185	0	1	4145	2	0	4000	other	0
2109	31	Pulse	5	1054029	1844	2
2109	32	Picture	21	1070255	0	2	4145	3	0	4000	hit	64
2109	32	Pulse	5	1074018	3763	3
2109	32	Response	1	1075138	4883	3
2109	33	Picture	20	1088326	0	1	4145	2	0	4000	other	0
2109	33	Pulse	5	1094018	5692	3
2109	34	Picture	20	1106397	0	1	4144	3	0	4000	other	0
2109	34	Pulse	5	1114017	7620	3
2109	35	Picture	21	1124467	0	2	4145	3	0	4000	hit	70
2109	35	Response	1	1129047	4580	1
2109	35	Pulse	5	1134006	9539	3
2109	36	Pulse	5	1154006	11468	2
2109	37	Picture	10	1167571	0	2	4145	3	0	4000	other	0
2109	37	Pulse	5	1174006	6435	1
2109	38	Picture	10	1185642	0	1	4145	2	0	4000	other	0
2109	38	Pulse	5	1193995	8353	1
2109	39	Picture	11	1203713	0	1	4144	3	0	4000	hit	78
2109	39	Response	1	1208714	5001	2
2109	39	Pulse	5	1213994	10281	2
2109	40	Picture	10	1221783	0	1	4145	2	0	4000	other	0
2109	40	Pulse	5	1233993	12210	2
2109	41	Picture	11	1239853	0	2	4145	4	0	4000	hit	83
2109	41	Response	1	1246303	6450	2
2109	41	Pulse	5	1253983	14130	2
2109	42	Picture	10	1257924	0	2	4145	3	0	4000	other	0
2109	42	Pulse	5	1273982	16058	2
2109	43	Picture	10	1275995	0	1	4145	2	0	4000	other	0
2109	43	Pulse	5	1293982	17987	1
2109	44	Picture	10	1294066	0	1	4144	2	0	4000	other	0
2109	45	Picture	11	1312136	0	1	4145	2	0	4000	hit	92
2109	45	Pulse	5	1313971	1835	2
2109	45	Response	1	1317971	5835	2
2109	46	Picture	10	1330207	0	1	4144	3	0	4000	other	0
2109	46	Pulse	5	1333970	3763	2
2109	47	Picture	10	1348277	0	1	4145	2	0	4000	other	0
2109	47	Pulse	5	1353970	5693	1
2109	48	Picture	11	1366348	0	1	4145	2	0	4000	hit	98
2109	48	Response	1	1371079	4731	2
2109	48	Pulse	5	1373959	7611	2
2109	49	Picture	10	1384418	0	2	4145	3	0	4000	other	0
2109	49	Pulse	5	1393958	9540	2
2109	50	Picture	10	1402489	0	1	4145	2	0	4000	other	0
2109	50	Pulse	5	1414118	11629	2
2109	51	Picture	10	1420560	0	1	4144	2	0	4000	other	0
2109	51	Pulse	5	1434107	13547	2
2109	52	Picture	10	1438630	0	2	4145	3	0	4000	other	0
2109	52	Pulse	5	1454106	15476	2
2109	53	Pulse	5	1474106	17405	2
2109	54	Picture	30	1481734	0	2	4145	3	0	4000	other	0
2109	54	Pulse	5	1494096	12362	1
2109	55	Picture	30	1499805	0	1	4145	2	0	4000	other	0
2109	55	Pulse	5	1514095	14290	1
2109	56	Picture	31	1517876	0	1	4144	3	0	4000	hit	114
2109	56	Response	1	1522894	5018	2
2109	56	Pulse	5	1534094	16218	2
2109	57	Picture	30	1535946	0	1	4145	2	0	4000	other	0
2109	58	Picture	30	1554017	0	1	4144	3	0	4000	other	0
2109	58	Pulse	5	1554083	66	3
2109	59	Picture	30	1572087	0	2	4145	3	0	4000	other	0
2109	59	Pulse	5	1574083	1996	2
2109	60	Picture	31	1590158	0	1	4145	2	0	4000	hit	122
2109	60	Response	1	1593762	3604	2
2109	60	Pulse	5	1594082	3924	2
2109	61	Picture	31	1608229	0	1	4144	2	0	4000	hit	125
2109	61	Response	1	1612152	3923	1
2109	61	Pulse	5	1614071	5842	2
2109	62	Picture	30	1626299	0	1	4145	2	0	4000	other	0
2109	62	Pulse	5	1634071	7772	2
2109	63	Picture	30	1644370	0	1	4144	3	0	4000	other	0
2109	63	Pulse	5	1654070	9700	2
2109	64	Picture	30	1662440	0	2	4145	3	0	4000	other	0
2109	64	Pulse	5	1674060	11620	1
2109	65	Picture	31	1680511	0	1	4144	3	0	4000	hit	134
2109	65	Response	1	1693099	12588	2
2109	65	Pulse	5	1694059	13548	2
2109	66	Picture	30	1698582	0	1	4144	2	0	4000	other	0
2109	66	Pulse	5	1714058	15476	2
2109	67	Picture	30	1716652	0	1	4145	2	0	4000	other	0
2109	67	Pulse	5	1734048	17396	2
2109	68	Picture	30	1734723	0	1	4144	2	0	4000	other	0
2109	69	Picture	30	1752793	0	1	4145	2	0	4000	other	0
2109	69	Pulse	5	1754047	1254	2
2109	70	Pulse	5	1774046	3182	2
2109	70	Pulse	5	1794036	23172	2
2109	71	Picture	10	1795897	0	2	4145	3	0	4000	other	0
2109	72	Picture	10	1813968	0	1	4145	2	0	4000	other	0
2109	72	Pulse	5	1814035	67	2
2109	73	Picture	11	1832039	0	1	4144	2	0	4000	hit	150
2109	73	Pulse	5	1834035	1996	1
2109	73	Response	1	1837714	5675	3
2109	74	Picture	10	1850109	0	1	4145	2	0	4000	other	0
2109	74	Pulse	5	1854024	3915	2
2109	75	Picture	11	1868180	0	1	4144	3	0	4000	hit	154
2109	75	Response	1	1872103	3923	2
2109	75	Pulse	5	1874023	5843	2
2109	76	Picture	10	1886250	0	2	4145	3	0	4000	other	0
2109	76	Pulse	5	1894023	7773	2
2109	77	Picture	10	1904321	0	1	4145	2	0	4000	other	0
2109	77	Pulse	5	1914012	9691	2
2109	78	Picture	11	1922392	0	1	4144	2	0	4000	hit	161
2109	78	Response	1	1926972	4580	2
2109	78	Pulse	5	1934011	11619	2
2109	79	Picture	10	1940462	0	1	4145	2	0	4000	other	0
2109	79	Pulse	5	1954011	13549	2
2109	80	Picture	10	1958533	0	1	4144	3	0	4000	other	0
2109	80	Pulse	5	1974000	15467	2
2109	81	Picture	10	1976603	0	2	4145	3	0	4000	other	0
2109	81	Pulse	5	1994000	17397	1
2109	82	Picture	10	1994674	0	1	4145	2	0	4000	other	0
2109	83	Picture	10	2012745	0	1	4144	2	0	4000	other	0
2109	83	Pulse	5	2013989	1244	3
2109	84	Picture	11	2030815	0	1	4145	2	0	4000	hit	174
2109	84	Pulse	5	2033988	3173	3
2109	84	Response	1	2036708	5893	3
2109	85	Picture	10	2048886	0	1	4144	2	0	4000	other	0
2109	85	Pulse	5	2053988	5102	2
2109	86	Picture	10	2066956	0	2	4145	3	0	4000	other	0
2109	86	Pulse	5	2073987	7031	3
2109	87	Pulse	5	2093976	8949	3
2109	88	Picture	20	2110060	0	2	4145	3	0	4000	other	0
2109	88	Pulse	5	2113976	3916	2
2109	89	Picture	20	2128131	0	1	4145	2	0	4000	other	0
2109	89	Pulse	5	2133975	5844	2
2109	90	Picture	20	2146202	0	1	4144	3	0	4000	other	0
2109	90	Pulse	5	2153965	7763	2
2109	91	Picture	21	2164272	0	1	4145	2	0	4000	hit	187
2109	91	Response	1	2168364	4092	2
2109	91	Pulse	5	2173964	9692	2
2109	92	Picture	20	2182343	0	1	4144	3	0	4000	other	0
2109	92	Pulse	5	2193963	11620	2
2109	93	Picture	20	2200413	0	2	4145	3	0	4000	other	0
2109	93	Pulse	5	2213953	13540	1
2109	94	Picture	21	2218484	0	1	4145	2	0	4000	hit	194
2109	94	Response	1	2222592	4108	2
2109	94	Pulse	5	2233952	15468	2
2109	95	Picture	20	2236555	0	1	4144	2	0	4000	other	0
2109	95	Pulse	5	2253951	17396	2
2109	96	Picture	20	2254625	0	1	4145	2	0	4000	other	0
2109	97	Picture	20	2272696	0	1	4144	3	0	4000	other	0
2109	97	Pulse	5	2273941	1245	2
2109	98	Picture	21	2290766	0	2	4145	3	0	4000	hit	203
2109	98	Pulse	5	2293940	3174	2
2109	98	Response	1	2294741	3975	1
2109	99	Picture	20	2308837	0	1	4145	2	0	4000	other	0
2109	99	Pulse	5	2313940	5103	1
2109	100	Picture	20	2326908	0	1	4144	2	0	4000	other	0
2109	100	Pulse	5	2333929	7021	2
2109	101	Picture	21	2344978	0	1	4145	2	0	4000	miss	0
2109	101	Pulse	5	2353928	8950	2
2109	102	Picture	20	2363048	0	3	4145	5	0	4000	other	0
2109	102	Pulse	5	2373928	10880	1
2109	103	Picture	20	2381119	0	1	4145	2	0	4000	other	0
2109	103	Pulse	5	2393917	12798	2
2109	104	Pulse	5	2413917	14727	1
2109	105	Picture	10	2424223	0	2	4145	3	0	4000	other	0
2109	105	Pulse	5	2433916	9693	2
2109	106	Picture	10	2442294	0	1	4145	2	0	4000	other	0
2109	106	Pulse	5	2454065	11771	2
2109	107	Picture	11	2460365	0	1	4144	2	0	4000	hit	220
2109	107	Response	1	2465905	5540	2
2109	107	Pulse	5	2474065	13700	1
2109	108	Picture	10	2478435	0	1	4145	2	0	4000	other	0
2109	108	Pulse	5	2494064	15629	2
2109	109	Picture	11	2496506	0	1	4144	3	0	4000	hit	225
2109	109	Response	1	2501414	4908	2
2109	109	Pulse	5	2514053	17547	3
2109	110	Picture	10	2514576	0	2	4145	3	0	4000	other	0
2109	111	Picture	10	2532647	0	1	4145	2	0	4000	other	0
2109	111	Pulse	5	2534053	1406	2
2109	112	Picture	11	2550718	0	1	4144	2	0	4000	hit	232
2109	112	Pulse	5	2554051	3333	3
2109	112	Response	1	2555491	4773	4
2109	113	Picture	10	2568788	0	1	4145	2	0	4000	other	0
2109	113	Pulse	5	2574041	5253	2
2109	114	Picture	10	2586859	0	1	4144	3	0	4000	other	0
2109	114	Pulse	5	2594041	7182	2
2109	115	Picture	10	2604929	0	2	4145	3	0	4000	other	0
2109	115	Pulse	5	2614040	9111	2
2109	116	Picture	10	2623000	0	1	4145	2	0	4000	other	0
2109	116	Pulse	5	2634030	11030	1
2109	117	Picture	10	2641071	0	1	4144	2	0	4000	other	0
2109	117	Pulse	5	2654029	12958	2
2109	118	Picture	11	2659141	0	1	4145	2	0	4000	hit	244
2109	118	Response	1	2663629	4488	1
2109	118	Pulse	5	2674028	14887	2
2109	119	Picture	10	2677212	0	1	4144	3	0	4000	other	0
2109	119	Pulse	5	2694018	16806	1
2109	120	Picture	10	2695282	0	2	4145	3	0	4000	other	0
2109	121	Pulse	5	2714017	664	2
2109	121	Pulse	5	2734016	20663	2
2109	122	Picture	30	2738386	0	2	4145	3	0	4000	other	0
2109	122	Pulse	5	2754006	15620	2
2109	123	Picture	30	2756457	0	1	4145	2	0	4000	other	0
2109	123	Pulse	5	2774005	17548	2
2109	124	Picture	30	2774528	0	1	4144	3	0	4000	other	0
2109	125	Picture	31	2792598	0	2	4145	3	0	4000	hit	258
2109	125	Pulse	5	2794005	1407	1
2109	125	Response	1	2796564	3966	2
2109	126	Picture	31	2810669	0	1	4144	3	0	4000	hit	261
2109	126	Pulse	5	2813994	3325	2
2109	126	Response	1	2816554	5885	2
2109	127	Picture	30	2828739	0	2	4145	3	0	4000	other	0
2109	127	Pulse	5	2833993	5254	2
2109	128	Picture	30	2846810	0	1	4145	2	0	4000	other	0
2109	128	Pulse	5	2853993	7183	1
2109	129	Picture	30	2864881	0	1	4144	2	0	4000	other	0
2109	129	Pulse	5	2873982	9101	2
2109	130	Picture	31	2882951	0	1	4145	2	0	4000	hit	269
2109	130	Response	1	2887262	4311	1
2109	130	Pulse	5	2893981	11030	2
2109	131	Picture	30	2901021	0	2	4145	4	0	4000	other	0
2109	131	Pulse	5	2913981	12960	2
2109	132	Picture	30	2919092	0	2	4145	3	0	4000	other	0
2109	132	Pulse	5	2933970	14878	2
2109	133	Picture	30	2937163	0	1	4145	2	0	4000	false_alarm	276
2109	133	Response	1	2946930	9767	2
2109	133	Pulse	5	2953969	16806	2
2109	134	Picture	30	2955234	0	1	4144	2	0	4000	other	0
2109	135	Picture	31	2973304	0	1	4145	2	0	4000	miss	0
2109	135	Pulse	5	2973969	665	2
2109	136	Picture	30	2991375	0	1	4144	3	0	4000	other	0
2109	136	Pulse	5	2993958	2583	3
2109	137	Picture	30	3009445	0	2	4145	3	0	4000	other	0
2109	137	Pulse	5	3013958	4513	2
