Scenario - 1-back
Logfile written - 07/24/2014 13:53:43

Subject	Trial	Event Type	Code	Time	TTime	Uncertainty	Duration	Uncertainty	ReqTime	ReqDur	Stim Type	Pair Index

2123_nback	1	Pulse	5	1040390	1050224	2
2123_nback	2	Pulse	5	1060381	19957	1
2123_nback	3	Picture	10	1065458	0	1	4144	3	0	4000	other	0
2123_nback	3	Pulse	5	1080380	14922	1
2123_nback	4	Picture	10	1083529	0	2	4144	3	0	4000	false_alarm	6
2123_nback	4	Response	1	1087099	3570	2
2123_nback	4	Pulse	5	1100380	16851	1
2123_nback	5	Picture	11	1101599	0	2	4145	3	0	4000	hit	9
2123_nback	5	Response	1	1105500	3901	1
2123_nback	6	Picture	10	1119670	0	1	4145	2	0	4000	other	0
2123_nback	6	Pulse	5	1120367	697	4
2123_nback	7	Picture	11	1137741	0	1	4145	2	0	4000	hit	14
2123_nback	7	Pulse	5	1140368	2627	2
2123_nback	7	Response	1	1141809	4068	1
2123_nback	8	Picture	10	1155812	0	1	4144	2	0	4000	other	0
2123_nback	8	Pulse	5	1160368	4556	2
2123_nback	9	Picture	10	1173882	0	2	4145	3	0	4000	other	0
2123_nback	9	Pulse	5	1180358	6476	2
2123_nback	10	Picture	10	1191953	0	1	4145	2	0	4000	other	0
2123_nback	10	Pulse	5	1200357	8404	2
2123_nback	11	Picture	11	1210024	0	1	4145	2	0	4000	hit	22
2123_nback	11	Response	1	1215077	5053	2
2123_nback	11	Pulse	5	1220517	10493	2
2123_nback	12	Picture	10	1228095	0	1	4144	3	0	4000	other	0
2123_nback	12	Pulse	5	1240506	12411	2
2123_nback	13	Picture	10	1246165	0	2	4145	3	0	4000	other	0
2123_nback	13	Pulse	5	1260465	14300	44
2123_nback	14	Picture	11	1264236	0	1	4145	2	0	4000	hit	29
2123_nback	14	Response	1	1268827	4591	1
2123_nback	14	Pulse	5	1280506	16270	2
2123_nback	15	Picture	10	1282307	0	1	4145	2	0	4000	other	0
2123_nback	16	Picture	10	1300378	0	1	4144	3	0	4000	other	0
2123_nback	16	Pulse	5	1300495	117	2
2123_nback	17	Picture	10	1318449	0	1	4144	2	0	4000	other	0
2123_nback	17	Pulse	5	1320495	2046	46
2123_nback	18	Picture	10	1336519	0	2	4145	3	0	4000	other	0
2123_nback	18	Pulse	5	1340495	3976	2
2123_nback	19	Pulse	5	1360484	5894	2
2123_nback	20	Picture	20	1379624	0	1	4145	2	0	4000	other	0
2123_nback	20	Pulse	5	1380485	861	1
2123_nback	21	Picture	20	1397695	0	1	4144	3	0	4000	other	0
2123_nback	21	Pulse	5	1400484	2789	1
2123_nback	22	Picture	21	1415765	0	2	4145	3	0	4000	hit	45
2123_nback	22	Pulse	5	1420469	4704	9
2123_nback	22	Response	1	1422714	6949	1
2123_nback	23	Picture	20	1433836	0	1	4145	2	0	4000	other	0
2123_nback	23	Pulse	5	1440473	6637	2
2123_nback	24	Picture	20	1451907	0	1	4145	2	0	4000	other	0
2123_nback	24	Pulse	5	1460472	8565	2
2123_nback	25	Picture	20	1469978	0	1	4144	3	0	4000	other	0
2123_nback	25	Pulse	5	1480462	10484	2
2123_nback	26	Picture	21	1488049	0	1	4144	2	0	4000	hit	53
2123_nback	26	Response	1	1493732	5683	53
2123_nback	26	Pulse	5	1500462	12413	1
2123_nback	27	Picture	20	1506119	0	1	4145	2	0	4000	other	0
2123_nback	27	Pulse	5	1520461	14342	2
2123_nback	28	Picture	20	1524190	0	1	4145	2	0	4000	other	0
2123_nback	28	Pulse	5	1540437	16247	20
2123_nback	29	Picture	20	1542261	0	1	4144	3	0	4000	other	0
2123_nback	30	Picture	20	1560332	0	1	4144	2	0	4000	other	0
2123_nback	30	Pulse	5	1560451	119	1
2123_nback	31	Picture	20	1578402	0	1	4145	2	0	4000	false_alarm	64
2123_nback	31	Pulse	5	1580435	2033	21
2123_nback	31	Response	1	1583011	4609	1
2123_nback	32	Picture	21	1596473	0	1	4145	2	0	4000	hit	67
2123_nback	32	Pulse	5	1600440	3967	2
2123_nback	32	Response	1	1602200	5727	2
2123_nback	33	Picture	20	1614544	0	1	4144	3	0	4000	other	0
2123_nback	33	Pulse	5	1620439	5895	2
2123_nback	34	Picture	20	1632615	0	1	4144	3	0	4000	other	0
2123_nback	34	Pulse	5	1640440	7825	1
2123_nback	35	Picture	21	1650685	0	2	4145	3	0	4000	hit	73
2123_nback	35	Response	1	1656429	5744	22
2123_nback	35	Pulse	5	1660429	9744	1
2123_nback	36	Pulse	5	1680429	11673	1
2123_nback	37	Picture	10	1693790	0	1	4145	2	0	4000	other	0
2123_nback	37	Pulse	5	1700429	6639	1
2123_nback	38	Picture	10	1711861	0	1	4144	3	0	4000	other	0
2123_nback	38	Pulse	5	1720417	8556	3
2123_nback	39	Picture	11	1729931	0	2	4145	3	0	4000	hit	81
2123_nback	39	Response	1	1734499	4568	1
2123_nback	39	Pulse	5	1740419	10488	1
2123_nback	40	Picture	10	1748002	0	1	4145	2	0	4000	other	0
2123_nback	40	Pulse	5	1760417	12415	11
2123_nback	41	Picture	11	1766073	0	1	4145	2	0	4000	hit	86
2123_nback	41	Response	1	1770175	4102	5
2123_nback	41	Pulse	5	1780391	14318	26
2123_nback	42	Picture	10	1784144	0	1	4145	2	0	4000	other	0
2123_nback	42	Pulse	5	1800406	16262	2
2123_nback	43	Picture	10	1802215	0	1	4144	2	0	4000	other	0
2123_nback	44	Picture	10	1820285	0	2	4145	3	0	4000	other	0
2123_nback	44	Pulse	5	1820406	121	1
2123_nback	45	Picture	11	1838356	0	1	4145	2	0	4000	hit	95
2123_nback	45	Pulse	5	1840396	2040	1
2123_nback	45	Response	1	1842315	3959	2
2123_nback	46	Picture	10	1856427	0	1	4145	2	0	4000	other	0
2123_nback	46	Pulse	5	1860396	3969	1
2123_nback	47	Picture	10	1874498	0	2	4144	4	0	4000	other	0
2123_nback	47	Pulse	5	1880395	5897	1
2123_nback	48	Picture	11	1892568	0	2	4145	3	0	4000	hit	101
2123_nback	48	Response	1	1895904	3336	3
2123_nback	48	Pulse	5	1900385	7817	1
2123_nback	49	Picture	10	1910805	0	1	4145	2	0	4000	other	0
2123_nback	49	Pulse	5	1920384	9579	2
2123_nback	50	Picture	10	1928876	0	1	4144	3	0	4000	other	0
2123_nback	50	Pulse	5	1940383	11507	2
2123_nback	51	Picture	10	1946946	0	2	4145	3	0	4000	other	0
2123_nback	51	Pulse	5	1960373	13427	2
2123_nback	52	Picture	10	1965017	0	2	4145	3	0	4000	other	0
2123_nback	52	Pulse	5	1980373	15356	2
2123_nback	53	Pulse	5	2000372	17284	3
2123_nback	54	Picture	30	2008122	0	1	4145	2	0	4000	other	0
2123_nback	54	Pulse	5	2020362	12240	2
2123_nback	55	Picture	30	2026193	0	1	4144	3	0	4000	other	0
2123_nback	55	Pulse	5	2040361	14168	3
2123_nback	56	Picture	31	2044263	0	2	4145	4	0	4000	hit	117
2123_nback	56	Response	1	2048521	4258	2
2123_nback	56	Pulse	5	2060362	16099	1
2123_nback	57	Picture	30	2062334	0	1	4145	2	0	4000	other	0
2123_nback	57	Pulse	5	2080345	18011	8
2123_nback	58	Picture	30	2080405	0	1	4145	3	0	4000	other	0
2123_nback	59	Picture	30	2098476	0	1	4144	3	0	4000	other	0
2123_nback	59	Pulse	5	2100350	1874	2
2123_nback	60	Picture	31	2116547	0	1	4144	2	0	4000	hit	125
2123_nback	60	Response	1	2120350	3803	2
2123_nback	60	Pulse	5	2120350	3803	2
2123_nback	61	Picture	31	2134617	0	1	4145	2	0	4000	miss	0
2123_nback	61	Pulse	5	2140338	5721	4
2123_nback	62	Picture	30	2152688	0	1	4145	2	0	4000	other	0
2123_nback	62	Pulse	5	2160337	7649	5
2123_nback	63	Picture	30	2170759	0	1	4144	3	0	4000	other	0
2123_nback	63	Pulse	5	2180341	9582	1
2123_nback	64	Picture	30	2188830	0	1	4144	2	0	4000	false_alarm	134
2123_nback	64	Response	1	2196009	7179	1
2123_nback	64	Pulse	5	2200329	11499	1
2123_nback	65	Picture	31	2206900	0	2	4145	3	0	4000	miss	0
2123_nback	65	Pulse	5	2220329	13429	1
2123_nback	66	Picture	30	2224971	0	1	4145	2	0	4000	other	0
2123_nback	66	Pulse	5	2240326	15355	4
2123_nback	67	Picture	30	2243042	0	1	4145	2	0	4000	other	0
2123_nback	67	Pulse	5	2260452	17410	43
2123_nback	68	Picture	30	2261113	0	1	4144	3	0	4000	other	0
2123_nback	69	Picture	30	2279184	0	1	4144	2	0	4000	other	0
2123_nback	69	Pulse	5	2280477	1293	2
2123_nback	70	Pulse	5	2300477	3223	2
2123_nback	70	Pulse	5	2320466	23212	2
2123_nback	71	Picture	10	2322288	0	1	4145	2	0	4000	other	0
2123_nback	72	Picture	10	2340359	0	1	4144	3	0	4000	other	0
2123_nback	72	Pulse	5	2340467	108	1
2123_nback	73	Picture	11	2358430	0	1	4137	11	0	4000	hit	152
2123_nback	73	Pulse	5	2360467	2037	1
2123_nback	73	Response	1	2361747	3317	1
2123_nback	74	Picture	10	2376500	0	2	4145	3	0	4000	other	0
2123_nback	74	Pulse	5	2380456	3956	1
2123_nback	75	Picture	11	2394571	0	1	4145	2	0	4000	hit	156
2123_nback	75	Response	1	2399336	4765	1
2123_nback	75	Pulse	5	2400456	5885	1
2123_nback	76	Picture	10	2412642	0	1	4145	2	0	4000	other	0
2123_nback	76	Pulse	5	2420455	7813	1
2123_nback	77	Picture	10	2430713	0	1	4144	3	0	4000	other	0
2123_nback	77	Pulse	5	2440445	9732	1
2123_nback	78	Picture	11	2448783	0	2	4145	3	0	4000	hit	163
2123_nback	78	Response	1	2453084	4301	2
2123_nback	78	Pulse	5	2460444	11661	2
2123_nback	79	Picture	10	2466854	0	1	4145	2	0	4000	other	0
2123_nback	79	Pulse	5	2480445	13591	1
2123_nback	80	Picture	10	2484925	0	1	4145	2	0	4000	other	0
2123_nback	80	Pulse	5	2500433	15508	2
2123_nback	81	Picture	10	2502996	0	1	4145	2	0	4000	other	0
2123_nback	81	Pulse	5	2520432	17436	2
2123_nback	82	Picture	10	2521067	0	1	4144	3	0	4000	other	0
2123_nback	83	Picture	10	2539137	0	2	4145	3	0	4000	other	0
2123_nback	83	Pulse	5	2540433	1296	1
2123_nback	84	Picture	11	2557208	0	1	4145	2	0	4000	hit	176
2123_nback	84	Pulse	5	2560423	3215	1
2123_nback	84	Response	1	2561542	4334	2
2123_nback	85	Picture	10	2575279	0	1	4145	2	0	4000	other	0
2123_nback	85	Pulse	5	2580421	5142	2
2123_nback	86	Picture	10	2593350	0	1	4144	3	0	4000	other	0
2123_nback	86	Pulse	5	2600421	7071	2
2123_nback	87	Pulse	5	2620411	8991	1
2123_nback	88	Picture	20	2636454	0	1	4145	2	0	4000	other	0
2123_nback	88	Pulse	5	2640411	3957	1
2123_nback	89	Picture	20	2654525	0	1	4145	2	0	4000	other	0
2123_nback	89	Pulse	5	2660410	5885	2
2123_nback	90	Picture	20	2672596	0	1	4144	3	0	4000	other	0
2123_nback	90	Pulse	5	2680399	7803	3
2123_nback	91	Picture	21	2690667	0	1	4144	3	0	4000	hit	189
2123_nback	91	Response	1	2696509	5842	57
2123_nback	91	Pulse	5	2700399	9732	2
2123_nback	92	Picture	20	2708737	0	2	4145	3	0	4000	other	0
2123_nback	92	Pulse	5	2720399	11662	2
2123_nback	93	Picture	20	2726808	0	1	4145	2	0	4000	other	0
2123_nback	93	Pulse	5	2740389	13581	1
2123_nback	94	Picture	21	2744879	0	1	4145	2	0	4000	hit	196
2123_nback	94	Response	1	2748706	3827	4
2123_nback	94	Pulse	5	2760388	15509	8
2123_nback	95	Picture	20	2762950	0	1	4144	3	0	4000	other	0
2123_nback	95	Pulse	5	2780388	17438	2
2123_nback	96	Picture	20	2781021	0	1	4144	2	0	4000	other	0
2123_nback	97	Picture	20	2799091	0	1	4145	2	0	4000	other	0
2123_nback	97	Pulse	5	2800357	1266	26
2123_nback	98	Picture	21	2817162	0	1	4145	3	0	4000	hit	205
2123_nback	98	Pulse	5	2820376	3214	4
2123_nback	98	Response	1	2822617	5455	2
2123_nback	99	Picture	20	2835233	0	1	4145	2	0	4000	other	0
2123_nback	99	Pulse	5	2840375	5142	7
2123_nback	100	Picture	20	2853304	0	1	4144	2	0	4000	other	0
2123_nback	100	Pulse	5	2860366	7062	16
2123_nback	101	Picture	21	2871374	0	2	4145	3	0	4000	miss	0
2123_nback	101	Pulse	5	2880366	8992	2
2123_nback	102	Picture	20	2889445	0	1	4145	2	0	4000	false_alarm	213
2123_nback	102	Response	1	2896205	6760	3
2123_nback	102	Pulse	5	2900355	10910	25
2123_nback	103	Picture	20	2907516	0	1	4145	2	0	4000	other	0
2123_nback	103	Pulse	5	2920353	12837	13
2123_nback	104	Pulse	5	2940354	14767	24
2123_nback	105	Picture	10	2950620	0	2	4145	3	0	4000	other	0
2123_nback	105	Pulse	5	2960354	9734	11
2123_nback	106	Picture	10	2968691	0	2	4145	3	0	4000	false_alarm	221
2123_nback	106	Response	1	2972345	3654	1
2123_nback	106	Pulse	5	2980344	11653	2
2123_nback	107	Picture	11	2986762	0	1	4145	2	0	4000	hit	224
2123_nback	107	Response	1	2991384	4622	2
2123_nback	107	Pulse	5	3000343	13581	2
2123_nback	108	Picture	10	3004833	0	1	4144	3	0	4000	other	0
2123_nback	108	Pulse	5	3020343	15510	2
2123_nback	109	Picture	11	3022903	0	2	4145	4	0	4000	hit	229
2123_nback	109	Response	1	3027215	4312	1
2123_nback	109	Pulse	5	3040333	17430	2
2123_nback	110	Picture	10	3040974	0	2	4145	3	0	4000	other	0
2123_nback	111	Picture	10	3059045	0	1	4145	2	0	4000	other	0
2123_nback	111	Pulse	5	3060334	1289	1
2123_nback	112	Picture	11	3077116	0	3	4145	4	0	4000	hit	236
2123_nback	112	Pulse	5	3080332	3216	2
2123_nback	112	Response	1	3081292	4176	2
2123_nback	113	Picture	10	3095187	0	1	4144	3	0	4000	other	0
2123_nback	113	Pulse	5	3100322	5135	2
2123_nback	114	Picture	10	3113257	0	2	4145	3	0	4000	other	0
2123_nback	114	Pulse	5	3120321	7064	2
2123_nback	115	Picture	10	3131328	0	1	4145	2	0	4000	other	0
2123_nback	115	Pulse	5	3140321	8993	2
2123_nback	116	Picture	10	3149399	0	1	4145	2	0	4000	other	0
2123_nback	116	Pulse	5	3160310	10911	2
2123_nback	117	Picture	10	3167470	0	1	4145	2	0	4000	other	0
2123_nback	117	Pulse	5	3180311	12841	1
2123_nback	118	Picture	11	3185541	0	1	4144	2	0	4000	hit	248
2123_nback	118	Response	1	3189750	4209	2
2123_nback	118	Pulse	5	3200310	14769	2
2123_nback	119	Picture	10	3203611	0	2	4145	3	0	4000	other	0
2123_nback	119	Pulse	5	3220297	16686	4
2123_nback	120	Picture	10	3221682	0	1	4145	2	0	4000	other	0
2123_nback	121	Pulse	5	3240299	546	2
2123_nback	121	Pulse	5	3260297	20544	4
2123_nback	122	Picture	30	3264787	0	1	4144	3	0	4000	other	0
2123_nback	122	Pulse	5	3280288	15501	2
2123_nback	123	Picture	30	3282858	0	1	4144	3	0	4000	other	0
2123_nback	123	Pulse	5	3300446	17588	5
2123_nback	124	Picture	30	3300928	0	2	4145	3	0	4000	other	0
2123_nback	125	Picture	31	3318999	0	2	4145	3	0	4000	miss	0
2123_nback	125	Pulse	5	3320445	1446	5
2123_nback	126	Picture	31	3337070	0	1	4145	2	0	4000	miss	0
2123_nback	126	Pulse	5	3340438	3368	1
2123_nback	127	Picture	30	3355141	0	1	4144	3	0	4000	other	0
2123_nback	127	Pulse	5	3360437	5296	2
2123_nback	128	Picture	30	3373210	0	3	4146	4	0	4000	other	0
2123_nback	128	Pulse	5	3380434	7224	5
2123_nback	129	Picture	30	3391282	0	1	4145	2	0	4000	other	0
2123_nback	129	Pulse	5	3400426	9144	2
2123_nback	130	Picture	31	3409519	0	1	4144	3	0	4000	miss	0
2123_nback	130	Pulse	5	3420426	10907	1
2123_nback	131	Picture	30	3427590	0	1	4144	2	0	4000	other	0
2123_nback	131	Pulse	5	3440425	12835	2
2123_nback	132	Picture	30	3445660	0	2	4145	3	0	4000	false_alarm	275
2123_nback	132	Response	1	3454335	8675	2
2123_nback	132	Pulse	5	3460415	14755	2
2123_nback	133	Picture	30	3463731	0	1	4145	2	0	4000	other	0
2123_nback	133	Pulse	5	3480414	16683	2
2123_nback	134	Picture	30	3481802	0	1	4145	2	0	4000	other	0
2123_nback	135	Picture	31	3499873	0	1	4144	3	0	4000	hit	282
2123_nback	135	Pulse	5	3500415	542	1
2123_nback	135	Response	1	3503615	3742	1
2123_nback	136	Picture	30	3517943	0	2	4145	3	0	4000	false_alarm	285
2123_nback	136	Pulse	5	3520404	2461	2
2123_nback	136	Response	1	3525684	7741	1
2123_nback	137	Picture	30	3536014	0	1	4145	2	0	4000	false_alarm	288
2123_nback	137	Pulse	5	3540403	4389	2
2123_nback	137	Response	1	3544083	8069	2
