Scenario - 1-back
Logfile written - 07/24/2014 13:59:24

Subject	Trial	Event Type	Code	Time	TTime	Uncertainty	Duration	Uncertainty	ReqTime	ReqDur	Stim Type	Pair Index

2123_nback	1	Pulse	5	556120	565955	1
2123_nback	2	Pulse	5	576109	19948	1
2123_nback	3	Picture	10	581195	0	1	4145	2	0	4000	other	0
2123_nback	3	Pulse	5	596108	14913	2
2123_nback	4	Picture	10	599266	0	1	4144	2	0	4000	other	0
2123_nback	4	Pulse	5	616108	16842	2
2123_nback	5	Picture	11	617336	0	2	4145	3	0	4000	hit	8
2123_nback	5	Response	1	621388	4052	2
2123_nback	6	Picture	10	635407	0	1	4145	2	0	4000	other	0
2123_nback	6	Pulse	5	636097	690	2
2123_nback	7	Picture	11	653478	0	1	4145	2	0	4000	hit	13
2123_nback	7	Pulse	5	656097	2619	2
2123_nback	7	Response	1	657697	4219	2
2123_nback	8	Picture	10	671549	0	1	4144	3	0	4000	other	0
2123_nback	8	Pulse	5	676097	4548	2
2123_nback	9	Picture	10	689620	0	1	4144	2	0	4000	other	0
2123_nback	9	Pulse	5	696086	6466	2
2123_nback	10	Picture	10	707690	0	1	4145	2	0	4000	other	0
2123_nback	10	Pulse	5	716086	8396	2
2123_nback	11	Picture	11	725761	0	1	4143	4	0	4000	hit	21
2123_nback	11	Response	1	730006	4245	2
2123_nback	11	Pulse	5	736086	10325	1
2123_nback	12	Picture	10	743832	0	1	4144	3	0	4000	other	0
2123_nback	12	Pulse	5	756075	12243	2
2123_nback	13	Picture	10	761903	0	1	4144	3	0	4000	other	0
2123_nback	13	Pulse	5	776075	14172	2
2123_nback	14	Picture	11	779973	0	2	4145	3	0	4000	hit	28
2123_nback	14	Response	1	784075	4102	2
2123_nback	14	Pulse	5	796074	16101	2
2123_nback	15	Picture	10	798044	0	1	4145	2	0	4000	other	0
2123_nback	15	Pulse	5	816064	18020	2
2123_nback	16	Picture	10	816115	0	1	4145	2	0	4000	other	0
2123_nback	17	Picture	10	834186	0	1	4144	3	0	4000	other	0
2123_nback	17	Pulse	5	836064	1878	2
2123_nback	18	Picture	10	852257	0	1	4144	2	0	4000	other	0
2123_nback	18	Pulse	5	856063	3806	2
2123_nback	19	Pulse	5	876054	5727	1
2123_nback	20	Picture	30	895361	0	1	4145	2	0	4000	other	0
2123_nback	20	Pulse	5	896053	692	1
2123_nback	21	Picture	30	913432	0	1	4145	2	0	4000	other	0
2123_nback	21	Pulse	5	916052	2620	2
2123_nback	22	Picture	31	931503	0	1	4144	2	0	4000	hit	44
2123_nback	22	Pulse	5	936042	4539	2
2123_nback	22	Response	1	937002	5499	2
2123_nback	23	Picture	30	949573	0	2	4145	3	0	4000	other	0
2123_nback	23	Pulse	5	956041	6468	2
2123_nback	24	Picture	30	967644	0	1	4145	2	0	4000	other	0
2123_nback	24	Pulse	5	976041	8397	2
2123_nback	25	Picture	30	985715	0	1	4145	2	0	4000	other	0
2123_nback	25	Pulse	5	996031	10316	2
2123_nback	26	Picture	31	1003786	0	1	4144	3	0	4000	hit	52
2123_nback	26	Response	1	1009150	5364	2
2123_nback	26	Pulse	5	1016030	12244	2
2123_nback	27	Picture	31	1021857	0	1	4144	2	0	4000	miss	0
2123_nback	27	Pulse	5	1036030	14173	2
2123_nback	28	Picture	30	1039927	0	1	4145	2	0	4000	other	0
2123_nback	28	Pulse	5	1056020	16093	1
2123_nback	29	Picture	30	1057998	0	1	4145	2	0	4000	other	0
2123_nback	29	Pulse	5	1076019	18021	2
2123_nback	30	Picture	30	1076069	0	1	4145	2	0	4000	other	0
2123_nback	31	Picture	31	1094140	0	1	4144	2	0	4000	miss	0
2123_nback	31	Pulse	5	1096019	1879	2
2123_nback	32	Picture	30	1112210	0	2	4145	3	0	4000	other	0
2123_nback	32	Pulse	5	1116008	3798	2
2123_nback	33	Picture	30	1130281	0	1	4145	2	0	4000	other	0
2123_nback	33	Pulse	5	1136008	5727	2
2123_nback	34	Picture	30	1148352	0	1	4145	2	0	4000	other	0
2123_nback	34	Pulse	5	1156008	7656	1
2123_nback	35	Picture	30	1166423	0	1	4144	3	0	4000	other	0
2123_nback	35	Pulse	5	1175997	9574	2
2123_nback	36	Pulse	5	1195997	11504	2
2123_nback	37	Picture	10	1209527	0	2	4145	3	0	4000	other	0
2123_nback	37	Pulse	5	1215997	6470	1
2123_nback	38	Picture	10	1227598	0	1	4145	2	0	4000	other	0
2123_nback	38	Pulse	5	1235986	8388	2
2123_nback	39	Picture	11	1245669	0	1	4144	3	0	4000	hit	77
2123_nback	39	Response	1	1249106	3437	2
2123_nback	39	Pulse	5	1255986	10317	2
2123_nback	40	Picture	10	1263740	0	1	4144	3	0	4000	other	0
2123_nback	40	Pulse	5	1275985	12245	2
2123_nback	41	Picture	11	1281810	0	2	4145	3	0	4000	hit	82
2123_nback	41	Response	1	1286225	4415	2
2123_nback	41	Pulse	5	1295976	14166	1
2123_nback	42	Picture	10	1299881	0	2	4145	3	0	4000	other	0
2123_nback	42	Pulse	5	1315975	16094	2
2123_nback	43	Picture	10	1317952	0	1	4145	2	0	4000	other	0
2123_nback	43	Pulse	5	1335974	18022	2
2123_nback	44	Picture	10	1336023	0	1	4144	3	0	4000	other	0
2123_nback	45	Picture	11	1354094	0	1	4144	3	0	4000	hit	91
2123_nback	45	Pulse	5	1355964	1870	2
2123_nback	45	Response	1	1357884	3790	2
2123_nback	46	Picture	10	1372164	0	2	4145	3	0	4000	other	0
2123_nback	46	Pulse	5	1375964	3800	1
2123_nback	47	Picture	10	1390235	0	1	4145	2	0	4000	other	0
2123_nback	47	Pulse	5	1395963	5728	2
2123_nback	48	Picture	11	1408306	0	1	4145	2	0	4000	hit	97
2123_nback	48	Response	1	1411643	3337	2
2123_nback	48	Pulse	5	1415954	7648	1
2123_nback	49	Picture	10	1426377	0	1	4144	3	0	4000	other	0
2123_nback	49	Pulse	5	1435954	9577	1
2123_nback	50	Picture	10	1444447	0	2	4145	4	0	4000	other	0
2123_nback	50	Pulse	5	1455953	11506	2
2123_nback	51	Picture	10	1462518	0	1	4145	2	0	4000	other	0
2123_nback	51	Pulse	5	1475942	13424	1
2123_nback	52	Picture	10	1480589	0	1	4145	2	0	4000	other	0
2123_nback	52	Pulse	5	1495943	15354	1
2123_nback	53	Pulse	5	1516101	17441	2
2123_nback	54	Picture	20	1523694	0	1	4144	3	0	4000	other	0
2123_nback	54	Pulse	5	1536091	12397	1
2123_nback	55	Picture	20	1541764	0	2	4145	3	0	4000	other	0
2123_nback	55	Pulse	5	1556090	14326	2
2123_nback	56	Picture	21	1559835	0	1	4145	2	0	4000	hit	113
2123_nback	56	Response	1	1563930	4095	2
2123_nback	56	Pulse	5	1576090	16255	2
2123_nback	57	Picture	20	1577906	0	1	4145	2	0	4000	other	0
2123_nback	58	Picture	20	1595977	0	1	4144	3	0	4000	other	0
2123_nback	58	Pulse	5	1596079	102	2
2123_nback	59	Picture	20	1614048	0	1	4144	2	0	4000	other	0
2123_nback	59	Pulse	5	1616079	2031	2
2123_nback	60	Picture	21	1632118	0	2	4145	3	0	4000	hit	122
2123_nback	60	Pulse	5	1636079	3961	2
2123_nback	60	Response	1	1637039	4921	1
2123_nback	61	Picture	20	1650189	0	1	4145	2	0	4000	other	0
2123_nback	61	Pulse	5	1656068	5879	2
2123_nback	62	Picture	20	1668260	0	1	4145	2	0	4000	other	0
2123_nback	62	Pulse	5	1676068	7808	2
2123_nback	63	Picture	20	1686331	0	1	4144	2	0	4000	other	0
2123_nback	63	Pulse	5	1696068	9737	1
2123_nback	64	Picture	20	1704401	0	2	4145	3	0	4000	other	0
2123_nback	64	Pulse	5	1716058	11657	1
2123_nback	65	Picture	20	1722472	0	1	4145	3	0	4000	other	0
2123_nback	65	Pulse	5	1736057	13585	2
2123_nback	66	Picture	21	1740543	0	1	4145	2	0	4000	hit	134
2123_nback	66	Response	1	1745497	4954	1
2123_nback	66	Pulse	5	1756057	15514	1
2123_nback	67	Picture	20	1758614	0	1	4144	3	0	4000	other	0
2123_nback	67	Pulse	5	1776046	17432	2
2123_nback	68	Picture	20	1776685	0	1	4144	2	0	4000	other	0
2123_nback	69	Picture	21	1794755	0	2	4145	3	0	4000	hit	141
2123_nback	69	Pulse	5	1796046	1291	1
2123_nback	69	Response	1	1800686	5931	1
2123_nback	69	Response	1	1802765	8010	2
2123_nback	70	Pulse	5	1816045	3219	2
2123_nback	70	Pulse	5	1836035	23209	2
2123_nback	71	Picture	10	1837860	0	1	4145	2	0	4000	other	0
2123_nback	72	Picture	10	1855931	0	1	4144	3	0	4000	other	0
2123_nback	72	Pulse	5	1856035	104	1
2123_nback	73	Picture	11	1874001	0	2	4145	3	0	4000	hit	150
2123_nback	73	Pulse	5	1876034	2033	2
2123_nback	73	Response	1	1877956	3955	1
2123_nback	74	Picture	10	1892072	0	2	4145	3	0	4000	other	0
2123_nback	74	Pulse	5	1896024	3952	2
2123_nback	75	Picture	11	1910143	0	1	4145	2	0	4000	hit	154
2123_nback	75	Response	1	1914423	4280	2
2123_nback	75	Pulse	5	1916023	5880	2
2123_nback	76	Picture	10	1928214	0	1	4145	2	0	4000	other	0
2123_nback	76	Pulse	5	1936023	7809	2
2123_nback	77	Picture	10	1946285	0	1	4144	3	0	4000	other	0
2123_nback	77	Pulse	5	1956013	9728	1
2123_nback	78	Picture	11	1964355	0	2	4145	3	0	4000	hit	161
2123_nback	78	Response	1	1967852	3497	2
2123_nback	78	Pulse	5	1976012	11657	2
2123_nback	79	Picture	10	1982426	0	1	4145	2	0	4000	other	0
2123_nback	79	Pulse	5	1996012	13586	2
2123_nback	80	Picture	10	2000497	0	1	4144	3	0	4000	other	0
2123_nback	80	Pulse	5	2016002	15505	1
2123_nback	81	Picture	10	2018568	0	1	4144	3	0	4000	other	0
2123_nback	81	Pulse	5	2036001	17433	2
2123_nback	82	Picture	10	2036639	0	1	4144	2	0	4000	other	0
2123_nback	83	Picture	10	2054709	0	1	4145	2	0	4000	other	0
2123_nback	83	Pulse	5	2056001	1292	2
2123_nback	84	Picture	11	2072780	0	1	4145	2	0	4000	hit	174
2123_nback	84	Pulse	5	2075990	3210	2
2123_nback	84	Response	1	2077110	4330	2
2123_nback	85	Picture	10	2090851	0	1	4144	3	0	4000	other	0
2123_nback	85	Pulse	5	2095990	5139	2
2123_nback	86	Picture	10	2108922	0	1	4144	2	0	4000	other	0
2123_nback	86	Pulse	5	2115990	7068	1
2123_nback	87	Pulse	5	2135979	8987	2
2123_nback	88	Picture	30	2152026	0	1	4145	2	0	4000	other	0
2123_nback	88	Pulse	5	2155979	3953	2
2123_nback	89	Picture	30	2170097	0	1	4145	2	0	4000	other	0
2123_nback	89	Pulse	5	2175979	5882	1
2123_nback	90	Picture	30	2188168	0	1	4144	3	0	4000	other	0
2123_nback	90	Pulse	5	2195968	7800	2
2123_nback	91	Picture	31	2206239	0	1	4144	2	0	4000	hit	187
2123_nback	91	Response	1	2215008	8769	2
2123_nback	91	Pulse	5	2215968	9729	2
2123_nback	92	Picture	31	2224309	0	2	4145	3	0	4000	hit	190
2123_nback	92	Response	1	2234849	10540	1
2123_nback	92	Pulse	5	2235967	11658	2
2123_nback	93	Picture	30	2242380	0	1	4145	2	0	4000	other	0
2123_nback	93	Pulse	5	2255957	13577	2
2123_nback	94	Picture	30	2260451	0	1	4145	2	0	4000	other	0
2123_nback	94	Pulse	5	2275957	15506	1
2123_nback	95	Picture	30	2278522	0	1	4144	3	0	4000	other	0
2123_nback	95	Pulse	5	2295956	17434	2
2123_nback	96	Picture	31	2296593	0	1	4144	2	0	4000	hit	199
2123_nback	96	Response	1	2304436	7843	2
2123_nback	97	Picture	30	2314663	0	1	4145	2	0	4000	other	0
2123_nback	97	Pulse	5	2315946	1283	2
2123_nback	98	Picture	30	2332734	0	1	4145	2	0	4000	other	0
2123_nback	98	Pulse	5	2335946	3212	1
2123_nback	99	Picture	30	2350805	0	1	4144	3	0	4000	other	0
2123_nback	99	Pulse	5	2355945	5140	2
2123_nback	100	Picture	30	2368876	0	1	4144	3	0	4000	other	0
2123_nback	100	Pulse	5	2375935	7059	2
2123_nback	101	Picture	31	2386946	0	1	4145	2	0	4000	miss	0
2123_nback	101	Pulse	5	2395934	8988	2
2123_nback	102	Picture	30	2405017	0	1	4145	2	0	4000	other	0
2123_nback	102	Pulse	5	2415934	10917	2
2123_nback	103	Picture	30	2423088	0	1	4145	2	0	4000	false_alarm	213
2123_nback	103	Response	1	2429374	6286	2
2123_nback	103	Pulse	5	2435925	12837	1
2123_nback	104	Pulse	5	2455925	14766	1
2123_nback	105	Picture	10	2466192	0	2	4145	3	0	4000	other	0
2123_nback	105	Pulse	5	2475925	9733	1
2123_nback	106	Picture	10	2484263	0	1	4145	2	0	4000	other	0
2123_nback	106	Pulse	5	2495914	11651	1
2123_nback	107	Picture	11	2502334	0	1	4145	2	0	4000	hit	221
2123_nback	107	Response	1	2507592	5258	2
2123_nback	107	Pulse	5	2515912	13578	2
2123_nback	108	Picture	10	2520405	0	1	4144	3	0	4000	other	0
2123_nback	108	Pulse	5	2535912	15507	2
2123_nback	109	Picture	11	2538476	0	1	4144	2	0	4000	hit	226
2123_nback	109	Response	1	2542952	4476	1
2123_nback	109	Pulse	5	2556061	17585	2
2123_nback	110	Picture	10	2556546	0	2	4145	3	0	4000	other	0
2123_nback	111	Picture	10	2574617	0	1	4145	2	0	4000	other	0
2123_nback	111	Pulse	5	2576061	1444	2
2123_nback	112	Picture	11	2592688	0	1	4145	2	0	4000	hit	233
2123_nback	112	Pulse	5	2596061	3373	1
2123_nback	112	Response	1	2597341	4653	1
2123_nback	113	Picture	10	2610759	0	1	4144	3	0	4000	other	0
2123_nback	113	Pulse	5	2616050	5291	2
2123_nback	114	Picture	10	2628829	0	2	4145	3	0	4000	other	0
2123_nback	114	Pulse	5	2636050	7221	2
2123_nback	115	Picture	10	2646900	0	1	4145	2	0	4000	other	0
2123_nback	115	Pulse	5	2656049	9149	2
2123_nback	116	Picture	10	2664971	0	1	4145	2	0	4000	other	0
2123_nback	116	Pulse	5	2676039	11068	2
2123_nback	117	Picture	10	2683042	0	1	4145	2	0	4000	other	0
2123_nback	117	Pulse	5	2696039	12997	2
2123_nback	118	Picture	11	2701113	0	1	4144	3	0	4000	hit	245
2123_nback	118	Response	1	2705319	4206	1
2123_nback	118	Pulse	5	2716038	14925	2
2123_nback	119	Picture	10	2719183	0	2	4145	4	0	4000	other	0
2123_nback	119	Pulse	5	2736028	16845	2
2123_nback	120	Picture	10	2737254	0	1	4145	2	0	4000	other	0
2123_nback	121	Pulse	5	2756028	703	1
2123_nback	121	Pulse	5	2776027	20702	2
2123_nback	122	Picture	20	2780359	0	1	4144	3	0	4000	other	0
2123_nback	122	Pulse	5	2796017	15658	2
2123_nback	123	Picture	20	2798430	0	1	4144	2	0	4000	other	0
2123_nback	123	Pulse	5	2816016	17586	2
2123_nback	124	Picture	20	2816500	0	2	4145	3	0	4000	other	0
2123_nback	125	Picture	21	2834571	0	1	4145	2	0	4000	hit	259
2123_nback	125	Pulse	5	2836016	1445	2
2123_nback	125	Response	1	2840176	5605	2
2123_nback	126	Picture	20	2852642	0	1	4145	2	0	4000	other	0
2123_nback	126	Pulse	5	2856006	3364	2
2123_nback	127	Picture	20	2870713	0	1	4144	3	0	4000	other	0
2123_nback	127	Pulse	5	2876005	5292	2
2123_nback	128	Picture	21	2888784	0	1	4144	2	0	4000	hit	265
2123_nback	128	Response	1	2893606	4822	1
2123_nback	128	Pulse	5	2896005	7221	2
2123_nback	129	Picture	20	2906854	0	1	4145	2	0	4000	other	0
2123_nback	129	Pulse	5	2915995	9141	1
2123_nback	130	Picture	20	2924925	0	1	4145	2	0	4000	false_alarm	270
2123_nback	130	Response	1	2929754	4829	2
2123_nback	130	Pulse	5	2935994	11069	2
2123_nback	131	Picture	20	2942996	0	1	4145	2	0	4000	other	0
2123_nback	131	Pulse	5	2955994	12998	2
2123_nback	132	Picture	21	2961067	0	1	4144	2	0	4000	hit	275
2123_nback	132	Response	1	2964634	3567	1
2123_nback	132	Pulse	5	2975983	14916	2
2123_nback	133	Picture	20	2979137	0	2	4145	3	0	4000	other	0
2123_nback	133	Pulse	5	2995983	16846	2
2123_nback	134	Picture	20	2997208	0	1	4145	2	0	4000	other	0
2123_nback	135	Picture	21	3015279	0	1	4145	2	0	4000	hit	282
2123_nback	135	Pulse	5	3015983	704	2
2123_nback	135	Response	1	3020783	5504	1
2123_nback	136	Picture	20	3033350	0	1	4144	3	0	4000	other	0
2123_nback	136	Pulse	5	3035972	2622	2
2123_nback	137	Picture	20	3051421	0	1	4144	3	0	4000	other	0
2123_nback	137	Pulse	5	3055972	4551	2
