Scenario - 1-back
Logfile written - 07/24/2014 14:08:51

Subject	Trial	Event Type	Code	Time	TTime	Uncertainty	Duration	Uncertainty	ReqTime	ReqDur	Stim Type	Pair Index

2123_nback	1	Pulse	5	96653	106487	2
2123_nback	2	Pulse	5	116652	19886	2
2123_nback	3	Picture	10	121800	0	1	4144	3	0	4000	other	0
2123_nback	3	Pulse	5	136652	14852	2
2123_nback	4	Picture	10	139870	0	2	4145	3	0	4000	other	0
2123_nback	4	Pulse	5	156642	16772	1
2123_nback	5	Picture	11	157941	0	1	4145	2	0	4000	hit	8
2123_nback	5	Response	1	161922	3981	1
2123_nback	6	Picture	10	176012	0	1	4145	2	0	4000	other	0
2123_nback	6	Pulse	5	176641	629	2
2123_nback	7	Picture	11	194083	0	1	4144	3	0	4000	hit	13
2123_nback	7	Pulse	5	196641	2558	2
2123_nback	7	Response	1	198241	4158	2
2123_nback	8	Picture	10	212153	0	2	4145	3	0	4000	other	0
2123_nback	8	Pulse	5	216630	4477	3
2123_nback	9	Picture	10	230224	0	2	4145	3	0	4000	other	0
2123_nback	9	Pulse	5	236630	6406	2
2123_nback	10	Picture	10	248295	0	1	4145	2	0	4000	other	0
2123_nback	10	Pulse	5	256631	8336	1
2123_nback	11	Picture	11	266366	0	1	4145	2	0	4000	hit	21
2123_nback	11	Response	1	270060	3694	1
2123_nback	11	Pulse	5	276619	10253	2
2123_nback	12	Picture	10	284437	0	1	4144	3	0	4000	other	0
2123_nback	12	Pulse	5	296619	12182	2
2123_nback	13	Picture	10	302507	0	2	4145	3	0	4000	other	0
2123_nback	13	Pulse	5	316780	14273	1
2123_nback	14	Picture	11	320578	0	1	4145	2	0	4000	hit	28
2123_nback	14	Response	1	324608	4030	2
2123_nback	14	Pulse	5	336770	16192	1
2123_nback	15	Picture	10	338649	0	1	4145	2	0	4000	other	0
2123_nback	16	Picture	10	356720	0	1	4144	3	0	4000	other	0
2123_nback	16	Pulse	5	356769	49	1
2123_nback	17	Picture	10	374790	0	2	4145	3	0	4000	other	0
2123_nback	17	Pulse	5	376769	1979	1
2123_nback	18	Picture	10	392861	0	1	4145	2	0	4000	other	0
2123_nback	18	Pulse	5	396757	3896	2
2123_nback	19	Pulse	5	416758	5826	1
2123_nback	20	Picture	30	435966	0	1	4145	2	0	4000	other	0
2123_nback	20	Pulse	5	436756	790	2
2123_nback	21	Picture	30	454037	0	1	4144	3	0	4000	other	0
2123_nback	21	Pulse	5	456746	2709	2
2123_nback	22	Picture	31	472107	0	2	4145	3	0	4000	hit	44
2123_nback	22	Pulse	5	476746	4639	1
2123_nback	22	Response	1	476906	4799	1
2123_nback	23	Picture	30	490178	0	1	4145	2	0	4000	other	0
2123_nback	23	Pulse	5	496745	6567	2
2123_nback	24	Picture	30	508249	0	1	4145	2	0	4000	other	0
2123_nback	24	Pulse	5	516735	8486	2
2123_nback	25	Picture	30	526320	0	1	4144	3	0	4000	other	0
2123_nback	25	Pulse	5	536735	10415	1
2123_nback	26	Picture	31	544390	0	2	4145	3	0	4000	hit	52
2123_nback	26	Response	1	549374	4984	2
2123_nback	26	Pulse	5	556734	12344	2
2123_nback	27	Picture	31	562461	0	1	4145	2	0	4000	hit	55
2123_nback	27	Response	1	574324	11863	2
2123_nback	27	Pulse	5	576724	14263	2
2123_nback	28	Picture	30	580532	0	1	4145	2	0	4000	other	0
2123_nback	28	Pulse	5	596723	16191	2
2123_nback	29	Picture	30	598603	0	1	4145	2	0	4000	other	0
2123_nback	30	Picture	30	616674	0	1	4144	2	0	4000	other	0
2123_nback	30	Pulse	5	616723	49	2
2123_nback	31	Picture	31	634744	0	2	4145	3	0	4000	hit	64
2123_nback	31	Pulse	5	636713	1969	1
2123_nback	31	Response	1	641031	6287	4
2123_nback	32	Picture	30	652815	0	1	4145	2	0	4000	other	0
2123_nback	32	Pulse	5	656712	3897	2
2123_nback	33	Picture	30	670886	0	1	4145	2	0	4000	other	0
2123_nback	33	Pulse	5	676712	5826	2
2123_nback	34	Picture	30	688957	0	1	4144	3	0	4000	other	0
2123_nback	34	Pulse	5	696702	7745	1
2123_nback	35	Picture	30	707027	0	2	4145	3	0	4000	other	0
2123_nback	35	Pulse	5	716701	9674	2
2123_nback	36	Pulse	5	736701	11603	2
2123_nback	37	Picture	10	750130	0	3	4147	4	0	4000	other	0
2123_nback	37	Pulse	5	756691	6561	1
2123_nback	38	Picture	10	768203	0	1	4145	2	0	4000	other	0
2123_nback	38	Pulse	5	776690	8487	2
2123_nback	39	Picture	11	786274	0	1	4144	3	0	4000	hit	79
2123_nback	39	Response	1	790610	4336	2
2123_nback	39	Pulse	5	796690	10416	1
2123_nback	40	Picture	10	804344	0	2	4145	3	0	4000	other	0
2123_nback	40	Pulse	5	816679	12335	2
2123_nback	41	Picture	11	822415	0	1	4145	2	0	4000	hit	84
2123_nback	41	Response	1	827239	4824	2
2123_nback	41	Pulse	5	836679	14264	2
2123_nback	42	Picture	10	840486	0	1	4145	2	0	4000	other	0
2123_nback	42	Pulse	5	856678	16192	2
2123_nback	43	Picture	10	858557	0	1	4144	3	0	4000	other	0
2123_nback	44	Picture	10	876627	0	2	4145	3	0	4000	other	0
2123_nback	44	Pulse	5	876668	41	2
2123_nback	45	Picture	11	894698	0	2	4145	3	0	4000	hit	93
2123_nback	45	Pulse	5	896668	1970	2
2123_nback	45	Response	1	898908	4210	2
2123_nback	46	Picture	10	912769	0	1	4145	2	0	4000	other	0
2123_nback	46	Pulse	5	916667	3898	2
2123_nback	47	Picture	10	930840	0	1	4144	3	0	4000	other	0
2123_nback	47	Pulse	5	936657	5817	2
2123_nback	48	Picture	11	948911	0	1	4144	3	0	4000	hit	99
2123_nback	48	Response	1	953457	4546	2
2123_nback	48	Pulse	5	956657	7746	1
2123_nback	49	Picture	10	966981	0	2	4145	3	0	4000	other	0
2123_nback	49	Pulse	5	976656	9675	2
2123_nback	50	Picture	10	985052	0	1	4145	2	0	4000	other	0
2123_nback	50	Pulse	5	996646	11594	2
2123_nback	51	Picture	10	1003123	0	1	4145	2	0	4000	other	0
2123_nback	51	Pulse	5	1016645	13522	2
2123_nback	52	Picture	10	1021194	0	1	4144	3	0	4000	other	0
2123_nback	52	Pulse	5	1036645	15451	2
2123_nback	53	Pulse	5	1056635	17371	2
2123_nback	54	Picture	20	1064298	0	2	4145	3	0	4000	other	0
2123_nback	54	Pulse	5	1076634	12336	2
2123_nback	55	Picture	20	1082369	0	1	4145	2	0	4000	other	0
2123_nback	55	Pulse	5	1096634	14265	2
2123_nback	56	Picture	21	1100440	0	1	4145	2	0	4000	hit	115
2123_nback	56	Response	1	1104624	4184	2
2123_nback	56	Pulse	5	1116624	16184	1
2123_nback	57	Picture	20	1118511	0	1	4144	3	0	4000	other	0
2123_nback	58	Picture	20	1136581	0	2	4145	3	0	4000	other	0
2123_nback	58	Pulse	5	1136624	43	1
2123_nback	59	Picture	20	1154652	0	1	4145	2	0	4000	other	0
2123_nback	59	Pulse	5	1156624	1972	1
2123_nback	60	Picture	21	1172723	0	1	4145	2	0	4000	hit	123
2123_nback	60	Response	1	1176612	3889	2
2123_nback	60	Pulse	5	1176612	3889	2
2123_nback	61	Picture	20	1190794	0	1	4144	3	0	4000	other	0
2123_nback	61	Pulse	5	1196612	5818	2
2123_nback	62	Picture	20	1208865	0	1	4144	2	0	4000	other	0
2123_nback	62	Pulse	5	1216612	7747	2
2123_nback	63	Picture	20	1226935	0	2	4145	3	0	4000	other	0
2123_nback	63	Pulse	5	1236601	9666	2
2123_nback	64	Picture	20	1245006	0	1	4145	2	0	4000	other	0
2123_nback	64	Pulse	5	1256602	11596	1
2123_nback	65	Picture	20	1263077	0	1	4144	3	0	4000	other	0
2123_nback	65	Pulse	5	1276592	13515	1
2123_nback	66	Picture	21	1281148	0	1	4144	3	0	4000	hit	136
2123_nback	66	Response	1	1285388	4240	40
2123_nback	66	Pulse	5	1296590	15442	2
2123_nback	67	Picture	20	1299218	0	2	4145	3	0	4000	other	0
2123_nback	67	Pulse	5	1316591	17373	1
2123_nback	68	Picture	20	1317289	0	1	4145	2	0	4000	other	0
2123_nback	69	Picture	21	1335360	0	1	4145	2	0	4000	hit	143
2123_nback	69	Pulse	5	1336591	1231	1
2123_nback	69	Response	1	1340899	5539	2
2123_nback	70	Pulse	5	1356739	3308	2
2123_nback	70	Pulse	5	1376740	23309	1
2123_nback	71	Picture	10	1378465	0	1	4144	2	0	4000	other	0
2123_nback	72	Picture	10	1396535	0	2	4145	3	0	4000	other	0
2123_nback	72	Pulse	5	1396740	205	1
2123_nback	73	Picture	11	1414606	0	1	4145	2	0	4000	hit	151
2123_nback	73	Pulse	5	1416729	2123	2
2123_nback	73	Response	1	1418808	4202	2
2123_nback	74	Picture	10	1432677	0	1	4145	2	0	4000	other	0
2123_nback	74	Pulse	5	1436726	4049	9
2123_nback	75	Picture	11	1450748	0	1	4144	3	0	4000	hit	155
2123_nback	75	Response	1	1454967	4219	2
2123_nback	75	Pulse	5	1456727	5979	2
2123_nback	76	Picture	10	1468818	0	2	4145	3	0	4000	other	0
2123_nback	76	Pulse	5	1476717	7899	2
2123_nback	77	Picture	10	1486889	0	1	4145	2	0	4000	other	0
2123_nback	77	Pulse	5	1496716	9827	2
2123_nback	78	Picture	11	1504960	0	1	4145	2	0	4000	hit	162
2123_nback	78	Response	1	1509196	4236	2
2123_nback	78	Pulse	5	1516716	11756	2
2123_nback	79	Picture	10	1523031	0	1	4144	3	0	4000	other	0
2123_nback	79	Pulse	5	1536706	13675	2
2123_nback	80	Picture	10	1541102	0	1	4144	2	0	4000	other	0
2123_nback	80	Pulse	5	1556705	15603	2
2123_nback	81	Picture	10	1559172	0	1	4145	2	0	4000	other	0
2123_nback	81	Pulse	5	1576705	17533	2
2123_nback	82	Picture	10	1577243	0	1	4145	2	0	4000	other	0
2123_nback	83	Picture	10	1595314	0	1	4144	3	0	4000	other	0
2123_nback	83	Pulse	5	1596695	1381	1
2123_nback	84	Picture	11	1613385	0	1	4144	3	0	4000	hit	175
2123_nback	84	Pulse	5	1616694	3309	2
2123_nback	84	Response	1	1617494	4109	2
2123_nback	85	Picture	10	1631455	0	2	4145	3	0	4000	other	0
2123_nback	85	Pulse	5	1636694	5239	2
2123_nback	86	Picture	10	1649526	0	1	4145	2	0	4000	other	0
2123_nback	86	Pulse	5	1656683	7157	2
2123_nback	87	Pulse	5	1676683	9086	2
2123_nback	88	Picture	30	1692631	0	1	4144	3	0	4000	other	0
2123_nback	88	Pulse	5	1696683	4052	2
2123_nback	89	Picture	30	1710702	0	1	4144	2	0	4000	other	0
2123_nback	89	Pulse	5	1716672	5970	2
2123_nback	90	Picture	30	1728772	0	1	4145	2	0	4000	other	0
2123_nback	90	Pulse	5	1736672	7900	2
2123_nback	91	Picture	31	1746843	0	1	4145	2	0	4000	hit	188
2123_nback	91	Response	1	1751392	4549	1
2123_nback	91	Pulse	5	1756672	9829	1
2123_nback	92	Picture	31	1764914	0	1	4145	2	0	4000	hit	191
2123_nback	92	Response	1	1772661	7747	2
2123_nback	92	Pulse	5	1776661	11747	2
2123_nback	93	Picture	30	1782985	0	1	4144	3	0	4000	other	0
2123_nback	93	Pulse	5	1796661	13676	2
2123_nback	94	Picture	30	1801055	0	2	4145	3	0	4000	other	0
2123_nback	94	Pulse	5	1816661	15606	1
2123_nback	95	Picture	30	1819126	0	1	4145	2	0	4000	other	0
2123_nback	95	Pulse	5	1836650	17524	2
2123_nback	96	Picture	31	1837197	0	1	4145	2	0	4000	hit	200
2123_nback	96	Response	1	1845450	8253	2
2123_nback	97	Picture	30	1855268	0	1	4144	3	0	4000	other	0
2123_nback	97	Pulse	5	1856650	1382	2
2123_nback	98	Picture	30	1873338	0	2	4145	3	0	4000	other	0
2123_nback	98	Pulse	5	1876649	3311	2
2123_nback	99	Picture	30	1891409	0	1	4145	2	0	4000	other	0
2123_nback	99	Pulse	5	1896639	5230	2
2123_nback	100	Picture	30	1909480	0	1	4145	2	0	4000	other	0
2123_nback	100	Pulse	5	1916639	7159	1
2123_nback	101	Picture	31	1927551	0	1	4145	2	0	4000	miss	0
2123_nback	101	Pulse	5	1936638	9087	2
2123_nback	102	Picture	30	1945622	0	1	4144	2	0	4000	other	0
2123_nback	102	Pulse	5	1956628	11006	2
2123_nback	103	Picture	30	1963692	0	2	4145	3	0	4000	false_alarm	214
2123_nback	103	Response	1	1969108	5416	1
2123_nback	103	Pulse	5	1976627	12935	2
2123_nback	104	Pulse	5	1996627	14864	2
2123_nback	105	Picture	10	2006797	0	1	4145	2	0	4000	other	0
2123_nback	105	Pulse	5	2016617	9820	2
2123_nback	106	Picture	10	2024868	0	1	4144	3	0	4000	other	0
2123_nback	106	Pulse	5	2036616	11748	2
2123_nback	107	Picture	11	2042939	0	1	4144	2	0	4000	hit	222
2123_nback	107	Response	1	2047336	4397	2
2123_nback	107	Pulse	5	2056616	13677	2
2123_nback	108	Picture	10	2061009	0	2	4145	3	0	4000	other	0
2123_nback	108	Pulse	5	2076606	15597	1
2123_nback	109	Picture	11	2079080	0	1	4145	2	0	4000	hit	227
2123_nback	109	Response	1	2083167	4087	1
2123_nback	109	Pulse	5	2096605	17525	2
2123_nback	110	Picture	10	2097151	0	1	4145	2	0	4000	other	0
2123_nback	111	Picture	10	2115222	0	1	4144	3	0	4000	other	0
2123_nback	111	Pulse	5	2116605	1383	2
2123_nback	112	Picture	11	2133292	0	2	4145	3	0	4000	hit	234
2123_nback	112	Pulse	5	2136594	3302	2
2123_nback	112	Response	1	2137234	3942	2
2123_nback	113	Picture	10	2151363	0	1	4145	2	0	4000	other	0
2123_nback	113	Pulse	5	2156594	5231	2
2123_nback	114	Picture	10	2169434	0	1	4145	2	0	4000	other	0
2123_nback	114	Pulse	5	2176594	7160	2
2123_nback	115	Picture	10	2187505	0	1	4144	3	0	4000	other	0
2123_nback	115	Pulse	5	2196583	9078	2
2123_nback	116	Picture	10	2205576	0	1	4144	2	0	4000	other	0
2123_nback	116	Pulse	5	2216583	11007	2
2123_nback	117	Picture	10	2223646	0	1	4145	2	0	4000	other	0
2123_nback	117	Pulse	5	2236583	12937	1
2123_nback	118	Picture	11	2241717	0	1	4145	2	0	4000	hit	246
2123_nback	118	Response	1	2246012	4295	2
2123_nback	118	Pulse	5	2256572	14855	2
2123_nback	119	Picture	10	2259788	0	1	4144	3	0	4000	other	0
2123_nback	119	Pulse	5	2276572	16784	2
2123_nback	120	Picture	10	2277859	0	1	4144	2	0	4000	other	0
2123_nback	121	Pulse	5	2296563	634	1
2123_nback	121	Pulse	5	2316561	20632	2
2123_nback	122	Picture	20	2320963	0	1	4145	2	0	4000	other	0
2123_nback	122	Pulse	5	2336561	15598	2
2123_nback	123	Picture	20	2339034	0	1	4145	2	0	4000	other	0
2123_nback	123	Pulse	5	2356562	17528	1
2123_nback	124	Picture	20	2357105	0	1	4144	3	0	4000	other	0
2123_nback	125	Picture	21	2375176	0	1	4144	3	0	4000	hit	260
2123_nback	125	Pulse	5	2376551	1375	1
2123_nback	125	Response	1	2379750	4574	2
2123_nback	126	Picture	20	2393246	0	2	4145	3	0	4000	other	0
2123_nback	126	Pulse	5	2396711	3465	1
2123_nback	127	Picture	20	2411317	0	1	4145	2	0	4000	other	0
2123_nback	127	Pulse	5	2416711	5394	1
2123_nback	128	Picture	21	2429388	0	1	4145	2	0	4000	hit	266
2123_nback	128	Response	1	2434459	5071	2
2123_nback	128	Pulse	5	2436699	7311	2
2123_nback	129	Picture	20	2447459	0	1	4144	3	0	4000	other	0
2123_nback	129	Pulse	5	2456698	9239	2
2123_nback	130	Picture	20	2465529	0	2	4145	3	0	4000	other	0
2123_nback	130	Pulse	5	2476698	11169	2
2123_nback	131	Picture	20	2483600	0	1	4145	2	0	4000	other	0
2123_nback	131	Pulse	5	2496688	13088	2
2123_nback	132	Picture	21	2501671	0	1	4145	2	0	4000	hit	275
2123_nback	132	Response	1	2505488	3817	1
2123_nback	132	Pulse	5	2516687	15016	2
2123_nback	133	Picture	20	2519742	0	1	4144	3	0	4000	other	0
2123_nback	133	Pulse	5	2536687	16945	2
2123_nback	134	Picture	20	2537813	0	1	4144	3	0	4000	other	0
2123_nback	135	Picture	21	2555883	0	2	4145	3	0	4000	hit	282
2123_nback	135	Pulse	5	2556677	794	1
2123_nback	135	Response	1	2560516	4633	2
2123_nback	136	Picture	20	2573954	0	1	4145	2	0	4000	other	0
2123_nback	136	Pulse	5	2576676	2722	2
2123_nback	137	Picture	20	2592025	0	1	4145	2	0	4000	other	0
2123_nback	137	Pulse	5	2596676	4651	2
