Scenario - 1-back
Logfile written - 07/24/2014 14:04:01

Subject	Trial	Event Type	Code	Time	TTime	Uncertainty	Duration	Uncertainty	ReqTime	ReqDur	Stim Type	Pair Index

2123_nback	1	Pulse	5	88008	97842	2
2123_nback	2	Pulse	5	107998	19853	1
2123_nback	3	Picture	10	113179	0	1	4145	2	0	4000	other	0
2123_nback	3	Pulse	5	127997	14818	2
2123_nback	4	Picture	10	131250	0	1	4144	2	0	4000	other	0
2123_nback	4	Pulse	5	147997	16747	1
2123_nback	5	Picture	11	149320	0	2	4145	3	0	4000	hit	8
2123_nback	5	Response	1	153916	4596	2
2123_nback	6	Picture	10	167391	0	1	4145	2	0	4000	other	0
2123_nback	6	Pulse	5	167987	596	1
2123_nback	7	Picture	11	185462	0	1	4145	2	0	4000	hit	13
2123_nback	7	Pulse	5	187986	2524	2
2123_nback	7	Response	1	189266	3804	2
2123_nback	8	Picture	10	203533	0	1	4144	3	0	4000	other	0
2123_nback	8	Pulse	5	207985	4452	2
2123_nback	9	Picture	10	221604	0	1	4144	2	0	4000	other	0
2123_nback	9	Pulse	5	227975	6371	2
2123_nback	10	Picture	10	239674	0	1	4145	2	0	4000	other	0
2123_nback	10	Pulse	5	247975	8301	2
2123_nback	11	Picture	11	257745	0	1	4145	2	0	4000	hit	21
2123_nback	11	Response	1	261414	3669	2
2123_nback	11	Pulse	5	267974	10229	2
2123_nback	12	Picture	10	275816	0	1	4144	3	0	4000	other	0
2123_nback	12	Pulse	5	287964	12148	2
2123_nback	13	Picture	10	293887	0	1	4144	2	0	4000	other	0
2123_nback	13	Pulse	5	307964	14077	1
2123_nback	14	Picture	11	311957	0	2	4145	3	0	4000	hit	28
2123_nback	14	Response	1	315643	3686	2
2123_nback	14	Pulse	5	327963	16006	2
2123_nback	15	Picture	10	330028	0	1	4145	2	0	4000	other	0
2123_nback	15	Pulse	5	347953	17925	2
2123_nback	16	Picture	10	348099	0	1	4145	2	0	4000	other	0
2123_nback	17	Picture	10	366170	0	1	4144	3	0	4000	other	0
2123_nback	17	Pulse	5	367952	1782	2
2123_nback	18	Picture	10	384241	0	1	4144	2	0	4000	other	0
2123_nback	18	Pulse	5	387952	3711	2
2123_nback	19	Pulse	5	407942	5631	1
2123_nback	20	Picture	20	427345	0	1	4145	2	0	4000	other	0
2123_nback	20	Pulse	5	427941	596	2
2123_nback	21	Picture	20	445416	0	1	4145	2	0	4000	other	0
2123_nback	21	Pulse	5	447941	2525	2
2123_nback	22	Picture	21	463487	0	1	4144	3	0	4000	hit	43
2123_nback	22	Response	1	467131	3644	1
2123_nback	22	Pulse	5	467931	4444	1
2123_nback	23	Picture	20	481557	0	2	4145	3	0	4000	other	0
2123_nback	23	Pulse	5	487930	6373	2
2123_nback	24	Picture	20	499628	0	1	4145	2	0	4000	other	0
2123_nback	24	Pulse	5	507930	8302	2
2123_nback	25	Picture	20	517699	0	1	4145	2	0	4000	other	0
2123_nback	25	Pulse	5	527919	10220	2
2123_nback	26	Picture	21	535770	0	1	4144	3	0	4000	hit	52
2123_nback	26	Response	1	541359	5589	2
2123_nback	26	Pulse	5	547919	12149	2
2123_nback	27	Picture	20	553841	0	1	4144	2	0	4000	other	0
2123_nback	27	Pulse	5	567919	14078	1
2123_nback	28	Picture	20	571911	0	2	4145	3	0	4000	other	0
2123_nback	28	Pulse	5	587908	15997	2
2123_nback	29	Picture	20	589982	0	1	4145	2	0	4000	other	0
2123_nback	29	Pulse	5	607908	17926	2
2123_nback	30	Picture	20	608053	0	1	4145	2	0	4000	other	0
2123_nback	31	Picture	20	626124	0	1	4144	3	0	4000	other	0
2123_nback	31	Pulse	5	627908	1784	1
2123_nback	32	Picture	21	644194	0	2	4145	3	0	4000	hit	65
2123_nback	32	Pulse	5	647897	3703	2
2123_nback	32	Response	1	649657	5463	2
2123_nback	33	Picture	20	662265	0	2	4145	3	0	4000	other	0
2123_nback	33	Pulse	5	667897	5632	2
2123_nback	34	Picture	20	680336	0	1	4145	2	0	4000	other	0
2123_nback	34	Pulse	5	687896	7560	2
2123_nback	35	Picture	21	698406	0	2	4146	3	0	4000	hit	71
2123_nback	35	Response	1	703404	4998	4
2123_nback	35	Pulse	5	707886	9480	2
2123_nback	36	Pulse	5	727886	11408	1
2123_nback	37	Picture	10	741511	0	2	4145	3	0	4000	other	0
2123_nback	37	Pulse	5	747885	6374	2
2123_nback	38	Picture	10	759582	0	1	4145	2	0	4000	other	0
2123_nback	38	Pulse	5	767875	8293	2
2123_nback	39	Picture	11	777653	0	1	4145	2	0	4000	hit	79
2123_nback	39	Response	1	781955	4302	1
2123_nback	39	Pulse	5	787875	10222	1
2123_nback	40	Picture	10	795723	0	2	4145	4	0	4000	other	0
2123_nback	40	Pulse	5	807875	12152	2
2123_nback	41	Picture	11	813794	0	2	4145	3	0	4000	hit	84
2123_nback	41	Response	1	818434	4640	2
2123_nback	41	Pulse	5	827865	14071	1
2123_nback	42	Picture	10	831865	0	2	4145	3	0	4000	other	0
2123_nback	42	Pulse	5	847865	16000	1
2123_nback	43	Picture	10	849936	0	1	4145	2	0	4000	other	0
2123_nback	43	Pulse	5	867863	17927	2
2123_nback	44	Picture	10	868007	0	1	4145	2	0	4000	other	0
2123_nback	45	Picture	11	886078	0	1	4144	2	0	4000	hit	93
2123_nback	45	Pulse	5	887853	1775	1
2123_nback	45	Response	1	889933	3855	1
2123_nback	46	Picture	10	904149	0	1	4144	2	0	4000	other	0
2123_nback	46	Pulse	5	907854	3705	1
2123_nback	47	Picture	10	922219	0	1	4145	2	0	4000	other	0
2123_nback	47	Pulse	5	927852	5633	2
2123_nback	48	Picture	11	940290	0	1	4145	2	0	4000	hit	99
2123_nback	48	Response	1	944642	4352	1
2123_nback	48	Pulse	5	947841	7551	2
2123_nback	49	Picture	10	958360	0	2	4145	4	0	4000	other	0
2123_nback	49	Pulse	5	967841	9481	2
2123_nback	50	Picture	10	976432	0	1	4144	2	0	4000	other	0
2123_nback	50	Pulse	5	987841	11409	2
2123_nback	51	Picture	10	994502	0	1	4145	2	0	4000	other	0
2123_nback	51	Pulse	5	1007830	13328	2
2123_nback	52	Picture	10	1012573	0	1	4145	2	0	4000	other	0
2123_nback	52	Pulse	5	1027831	15258	1
2123_nback	53	Pulse	5	1047830	17186	1
2123_nback	54	Picture	30	1055678	0	1	4144	3	0	4000	other	0
2123_nback	54	Pulse	5	1067980	12302	1
2123_nback	55	Picture	30	1073749	0	1	4144	2	0	4000	other	0
2123_nback	55	Pulse	5	1087977	14228	7
2123_nback	56	Picture	31	1091819	0	2	4145	3	0	4000	miss	0
2123_nback	56	Pulse	5	1107978	16159	2
2123_nback	57	Picture	30	1109890	0	1	4145	2	0	4000	other	0
2123_nback	58	Picture	30	1127961	0	1	4145	2	0	4000	other	0
2123_nback	58	Pulse	5	1127968	7	2
2123_nback	59	Picture	30	1146032	0	1	4144	3	0	4000	other	0
2123_nback	59	Pulse	5	1147968	1936	2
2123_nback	60	Picture	31	1164102	0	2	4145	3	0	4000	hit	122
2123_nback	60	Response	1	1167487	3385	2
2123_nback	60	Pulse	5	1167967	3865	2
2123_nback	61	Picture	31	1182173	0	1	4144	3	0	4000	hit	126
2123_nback	61	Pulse	5	1187957	5784	2
2123_nback	61	Response	1	1194677	12504	2
2123_nback	62	Picture	30	1200244	0	1	4145	2	0	4000	other	0
2123_nback	62	Pulse	5	1207957	7713	1
2123_nback	63	Picture	30	1218315	0	1	4144	3	0	4000	other	0
2123_nback	63	Pulse	5	1227956	9641	2
2123_nback	64	Picture	30	1236386	0	1	4144	2	0	4000	other	0
2123_nback	64	Pulse	5	1247946	11560	2
2123_nback	65	Picture	31	1254456	0	1	4145	2	0	4000	miss	0
2123_nback	65	Pulse	5	1267945	13489	2
2123_nback	66	Picture	30	1272527	0	1	4145	2	0	4000	other	0
2123_nback	66	Pulse	5	1287945	15418	2
2123_nback	67	Picture	30	1290598	0	1	4144	3	0	4000	other	0
2123_nback	67	Pulse	5	1307935	17337	2
2123_nback	68	Picture	30	1308669	0	1	4144	3	0	4000	false_alarm	140
2123_nback	68	Response	1	1317375	8706	1
2123_nback	69	Picture	30	1326739	0	2	4145	3	0	4000	other	0
2123_nback	69	Pulse	5	1327934	1195	2
2123_nback	70	Pulse	5	1347934	3124	2
2123_nback	70	Pulse	5	1367924	23114	1
2123_nback	71	Picture	10	1369843	0	2	4146	3	0	4000	other	0
2123_nback	72	Picture	10	1387915	0	1	4144	3	0	4000	other	0
2123_nback	72	Pulse	5	1387923	8	2
2123_nback	73	Picture	11	1405986	0	1	4144	2	0	4000	hit	150
2123_nback	73	Pulse	5	1407923	1937	2
2123_nback	73	Response	1	1410003	4017	2
2123_nback	74	Picture	10	1424056	0	2	4145	3	0	4000	other	0
2123_nback	74	Pulse	5	1427912	3856	2
2123_nback	75	Picture	11	1442127	0	1	4144	3	0	4000	hit	154
2123_nback	75	Response	1	1446633	4506	2
2123_nback	75	Pulse	5	1447912	5785	2
2123_nback	76	Picture	10	1460198	0	1	4145	2	0	4000	other	0
2123_nback	76	Pulse	5	1467912	7714	2
2123_nback	77	Picture	10	1478269	0	1	4144	3	0	4000	other	0
2123_nback	77	Pulse	5	1487901	9632	2
2123_nback	78	Picture	11	1496339	0	2	4145	3	0	4000	hit	161
2123_nback	78	Response	1	1500061	3722	2
2123_nback	78	Pulse	5	1507901	11562	2
2123_nback	79	Picture	10	1514410	0	1	4145	2	0	4000	other	0
2123_nback	79	Pulse	5	1527901	13491	1
2123_nback	80	Picture	10	1532481	0	1	4145	2	0	4000	other	0
2123_nback	80	Pulse	5	1547890	15409	2
2123_nback	81	Picture	10	1550552	0	1	4144	3	0	4000	other	0
2123_nback	81	Pulse	5	1567890	17338	2
2123_nback	82	Picture	10	1568623	0	1	4144	2	0	4000	other	0
2123_nback	83	Picture	10	1586693	0	2	4145	3	0	4000	other	0
2123_nback	83	Pulse	5	1587889	1196	2
2123_nback	84	Picture	11	1604764	0	1	4144	3	0	4000	hit	174
2123_nback	84	Pulse	5	1607879	3115	2
2123_nback	84	Response	1	1608839	4075	2
2123_nback	85	Picture	10	1622835	0	1	4145	2	0	4000	other	0
2123_nback	85	Pulse	5	1627879	5044	2
2123_nback	86	Picture	10	1640906	0	1	4144	3	0	4000	other	0
2123_nback	86	Pulse	5	1647878	6972	2
2123_nback	87	Pulse	5	1667868	8892	2
2123_nback	88	Picture	20	1684010	0	1	4145	2	0	4000	other	0
2123_nback	88	Pulse	5	1687868	3858	1
2123_nback	89	Picture	20	1702081	0	1	4145	2	0	4000	other	0
2123_nback	89	Pulse	5	1707867	5786	2
2123_nback	90	Picture	20	1720152	0	1	4144	3	0	4000	other	0
2123_nback	90	Pulse	5	1727857	7705	2
2123_nback	91	Picture	21	1738223	0	1	4144	2	0	4000	hit	187
2123_nback	91	Response	1	1742897	4674	2
2123_nback	91	Pulse	5	1747856	9633	2
2123_nback	92	Picture	20	1756293	0	2	4145	3	0	4000	other	0
2123_nback	92	Pulse	5	1767856	11563	2
2123_nback	93	Picture	20	1774364	0	1	4145	2	0	4000	other	0
2123_nback	93	Pulse	5	1787846	13482	2
2123_nback	94	Picture	21	1792435	0	1	4145	2	0	4000	hit	194
2123_nback	94	Response	1	1796006	3571	1
2123_nback	94	Pulse	5	1807845	15410	2
2123_nback	95	Picture	20	1810506	0	1	4144	3	0	4000	other	0
2123_nback	95	Pulse	5	1827845	17339	2
2123_nback	96	Picture	20	1828576	0	2	4145	3	0	4000	other	0
2123_nback	97	Picture	20	1846647	0	1	4145	2	0	4000	other	0
2123_nback	97	Pulse	5	1847835	1188	1
2123_nback	98	Picture	21	1864718	0	1	4145	2	0	4000	hit	203
2123_nback	98	Pulse	5	1867834	3116	2
2123_nback	98	Response	1	1868794	4076	2
2123_nback	99	Picture	20	1882789	0	1	4144	3	0	4000	other	0
2123_nback	99	Pulse	5	1887835	5046	1
2123_nback	100	Picture	20	1900860	0	1	4144	3	0	4000	other	0
2123_nback	100	Pulse	5	1907825	6965	1
2123_nback	101	Picture	21	1918930	0	2	4145	3	0	4000	hit	209
2123_nback	101	Response	1	1923183	4253	2
2123_nback	101	Pulse	5	1927824	8894	2
2123_nback	102	Picture	20	1937001	0	1	4145	2	0	4000	other	0
2123_nback	102	Pulse	5	1947823	10822	2
2123_nback	103	Picture	20	1955072	0	1	4145	2	0	4000	other	0
2123_nback	103	Pulse	5	1967812	12740	2
2123_nback	104	Pulse	5	1987813	14670	1
2123_nback	105	Picture	10	1998177	0	1	4144	2	0	4000	other	0
2123_nback	105	Pulse	5	2007812	9635	1
2123_nback	106	Picture	10	2016247	0	2	4145	3	0	4000	other	0
2123_nback	106	Pulse	5	2027801	11554	2
2123_nback	107	Picture	11	2034318	0	1	4145	2	0	4000	hit	221
2123_nback	107	Response	1	2039802	5484	1
2123_nback	107	Pulse	5	2047801	13483	2
2123_nback	108	Picture	10	2052389	0	1	4145	2	0	4000	other	0
2123_nback	108	Pulse	5	2067800	15411	2
2123_nback	109	Picture	11	2070460	0	1	4144	3	0	4000	hit	226
2123_nback	109	Response	1	2075480	5020	2
2123_nback	109	Pulse	5	2087790	17330	2
2123_nback	110	Picture	10	2088530	0	2	4145	3	0	4000	other	0
2123_nback	111	Picture	10	2106601	0	1	4145	2	0	4000	other	0
2123_nback	111	Pulse	5	2107950	1349	1
2123_nback	112	Picture	11	2124672	0	1	4145	2	0	4000	hit	233
2123_nback	112	Pulse	5	2127949	3277	2
2123_nback	112	Response	1	2128429	3757	2
2123_nback	113	Picture	10	2142743	0	1	4144	3	0	4000	other	0
2123_nback	113	Pulse	5	2147939	5196	2
2123_nback	114	Picture	10	2160814	0	1	4144	2	0	4000	other	0
2123_nback	114	Pulse	5	2167939	7125	1
2123_nback	115	Picture	10	2178884	0	2	4145	3	0	4000	other	0
2123_nback	115	Pulse	5	2187938	9054	2
2123_nback	116	Picture	10	2196955	0	1	4145	2	0	4000	false_alarm	241
2123_nback	116	Response	1	2200568	3613	2
2123_nback	116	Pulse	5	2207929	10974	1
2123_nback	117	Picture	10	2215026	0	1	4144	3	0	4000	other	0
2123_nback	117	Pulse	5	2227927	12901	2
2123_nback	118	Picture	11	2233097	0	1	4144	3	0	4000	hit	246
2123_nback	118	Response	1	2236887	3790	2
2123_nback	118	Pulse	5	2247927	14830	2
2123_nback	119	Picture	10	2251167	0	2	4145	3	0	4000	other	0
2123_nback	119	Pulse	5	2267917	16750	2
2123_nback	120	Picture	10	2269238	0	1	4145	2	0	4000	other	0
2123_nback	121	Pulse	5	2287916	607	2
2123_nback	121	Pulse	5	2307916	20607	2
2123_nback	122	Picture	30	2312343	0	1	4145	2	0	4000	other	0
2123_nback	122	Pulse	5	2327906	15563	1
2123_nback	123	Picture	30	2330414	0	1	4144	3	0	4000	other	0
2123_nback	123	Pulse	5	2347905	17491	2
2123_nback	124	Picture	30	2348484	0	2	4145	3	0	4000	other	0
2123_nback	125	Picture	31	2366555	0	1	4145	2	0	4000	hit	260
2123_nback	125	Pulse	5	2367905	1350	2
2123_nback	125	Response	1	2370945	4390	2
2123_nback	126	Picture	31	2384626	0	1	4145	2	0	4000	hit	263
2123_nback	126	Pulse	5	2387894	3268	2
2123_nback	126	Response	1	2392854	8228	2
2123_nback	127	Picture	30	2402697	0	1	4144	3	0	4000	other	0
2123_nback	127	Pulse	5	2407894	5197	2
2123_nback	128	Picture	30	2420767	0	2	4145	3	0	4000	other	0
2123_nback	128	Pulse	5	2427894	7127	2
2123_nback	129	Picture	30	2438838	0	1	4145	2	0	4000	other	0
2123_nback	129	Pulse	5	2447883	9045	2
2123_nback	130	Picture	31	2456909	0	1	4145	2	0	4000	miss	0
2123_nback	130	Pulse	5	2467883	10974	2
2123_nback	131	Picture	30	2474980	0	1	4144	3	0	4000	other	0
2123_nback	131	Pulse	5	2487883	12903	1
2123_nback	132	Picture	30	2493051	0	1	4144	2	0	4000	other	0
2123_nback	132	Pulse	5	2507872	14821	2
2123_nback	133	Picture	30	2511121	0	2	4145	3	0	4000	other	0
2123_nback	133	Pulse	5	2527872	16751	2
2123_nback	134	Picture	30	2529192	0	1	4145	2	0	4000	other	0
2123_nback	135	Picture	31	2547263	0	1	4145	2	0	4000	hit	281
2123_nback	135	Pulse	5	2547871	608	2
2123_nback	135	Response	1	2559061	11798	2
2123_nback	136	Picture	30	2565334	0	1	4144	3	0	4000	other	0
2123_nback	136	Pulse	5	2567861	2527	2
2123_nback	137	Picture	30	2583405	0	1	4144	2	0	4000	false_alarm	286
2123_nback	137	Pulse	5	2587861	4456	2
2123_nback	137	Response	1	2588181	4776	1
