Scenario - 1-back
Logfile written - 07/24/2014 14:58:44

Subject	Trial	Event Type	Code	Time	TTime	Uncertainty	Duration	Uncertainty	ReqTime	ReqDur	Stim Type	Pair Index

2135_nback	1	Pulse	5	112195	122029	1
2135_nback	2	Pulse	5	132194	19844	2
2135_nback	3	Picture	10	137384	0	1	4144	3	0	4000	other	0
2135_nback	3	Pulse	5	152194	14810	2
2135_nback	4	Picture	10	155455	0	1	4144	2	0	4000	other	0
2135_nback	4	Pulse	5	172183	16728	2
2135_nback	5	Picture	11	173525	0	2	4145	3	0	4000	hit	8
2135_nback	5	Response	1	177943	4418	2
2135_nback	6	Picture	10	191596	0	1	4145	2	0	4000	other	0
2135_nback	6	Pulse	5	192183	587	2
2135_nback	7	Picture	11	209667	0	1	4145	2	0	4000	hit	13
2135_nback	7	Pulse	5	212183	2516	1
2135_nback	7	Response	1	213783	4116	1
2135_nback	8	Picture	10	227738	0	1	4144	3	0	4000	other	0
2135_nback	8	Pulse	5	232172	4434	2
2135_nback	9	Picture	10	245808	0	2	4145	3	0	4000	other	0
2135_nback	9	Pulse	5	252172	6364	2
2135_nback	10	Picture	10	263879	0	1	4145	2	0	4000	other	0
2135_nback	10	Pulse	5	272171	8292	2
2135_nback	11	Picture	11	281950	0	1	4145	2	0	4000	hit	21
2135_nback	11	Response	1	285129	3179	5
2135_nback	11	Pulse	5	292161	10211	2
2135_nback	12	Picture	10	300021	0	1	4144	3	0	4000	other	0
2135_nback	12	Pulse	5	312161	12140	2
2135_nback	13	Picture	10	318092	0	1	4144	2	0	4000	other	0
2135_nback	13	Pulse	5	332160	14068	2
2135_nback	14	Picture	11	336162	0	1	4145	2	0	4000	hit	28
2135_nback	14	Response	1	339361	3199	1
2135_nback	14	Pulse	5	352150	15988	2
2135_nback	15	Picture	10	354233	0	1	4145	2	0	4000	other	0
2135_nback	15	Pulse	5	372150	17917	2
2135_nback	16	Picture	10	372304	0	1	4144	3	0	4000	other	0
2135_nback	17	Picture	10	390375	0	1	4144	4	0	4000	other	0
2135_nback	17	Pulse	5	392149	1774	2
2135_nback	18	Picture	10	408445	0	2	4145	3	0	4000	other	0
2135_nback	18	Pulse	5	412139	3694	2
2135_nback	19	Pulse	5	432140	5624	1
2135_nback	20	Picture	20	451550	0	1	4145	2	0	4000	other	0
2135_nback	20	Pulse	5	452138	588	2
2135_nback	21	Picture	20	469621	0	1	4145	2	0	4000	other	0
2135_nback	21	Pulse	5	472289	2668	1
2135_nback	22	Picture	21	487692	0	1	4144	3	0	4000	hit	44
2135_nback	22	Pulse	5	492287	4595	2
2135_nback	22	Response	1	492447	4755	2
2135_nback	23	Picture	20	505762	0	2	4145	3	0	4000	other	0
2135_nback	23	Pulse	5	512287	6525	2
2135_nback	24	Picture	20	523833	0	1	4145	2	0	4000	other	0
2135_nback	24	Pulse	5	532277	8444	1
2135_nback	25	Picture	20	541904	0	1	4145	2	0	4000	other	0
2135_nback	25	Pulse	5	552276	10372	2
2135_nback	26	Picture	21	559975	0	1	4144	3	0	4000	hit	52
2135_nback	26	Response	1	564436	4461	2
2135_nback	26	Pulse	5	572276	12301	2
2135_nback	27	Picture	20	578045	0	2	4145	3	0	4000	other	0
2135_nback	27	Pulse	5	592267	14222	1
2135_nback	28	Picture	20	596116	0	1	4145	2	0	4000	other	0
2135_nback	28	Pulse	5	612266	16150	2
2135_nback	29	Picture	20	614185	0	3	4147	4	0	4000	other	0
2135_nback	30	Picture	20	632258	0	1	4144	3	0	4000	other	0
2135_nback	30	Pulse	5	632265	7	2
2135_nback	31	Picture	20	650329	0	1	4144	2	0	4000	other	0
2135_nback	31	Pulse	5	652256	1927	1
2135_nback	32	Picture	21	668399	0	2	4145	3	0	4000	hit	64
2135_nback	32	Response	1	671934	3535	2
2135_nback	32	Pulse	5	672254	3855	2
2135_nback	33	Picture	20	686470	0	1	4145	2	0	4000	other	0
2135_nback	33	Pulse	5	692254	5784	1
2135_nback	34	Picture	20	704541	0	1	4143	4	0	4000	other	0
2135_nback	34	Pulse	5	712243	7702	2
2135_nback	35	Picture	21	722612	0	1	4144	3	0	4000	hit	71
2135_nback	35	Response	1	729043	6431	2
2135_nback	35	Pulse	5	732244	9632	1
2135_nback	36	Pulse	5	752242	11559	2
2135_nback	37	Picture	10	765716	0	1	4145	2	0	4000	other	0
2135_nback	37	Pulse	5	772233	6517	1
2135_nback	38	Picture	10	783787	0	1	4145	2	0	4000	other	0
2135_nback	38	Pulse	5	792232	8445	2
2135_nback	39	Picture	11	801858	0	1	4145	2	0	4000	hit	79
2135_nback	39	Response	1	805831	3973	2
2135_nback	39	Pulse	5	812231	10373	2
2135_nback	40	Picture	10	819929	0	1	4144	2	0	4000	other	0
2135_nback	40	Pulse	5	832221	12292	2
2135_nback	41	Picture	11	837999	0	2	4145	3	0	4000	hit	84
2135_nback	41	Response	1	842461	4462	2
2135_nback	41	Pulse	5	852221	14222	1
2135_nback	42	Picture	10	856070	0	1	4145	2	0	4000	other	0
2135_nback	42	Pulse	5	872220	16150	2
2135_nback	43	Picture	10	874141	0	1	4145	2	0	4000	other	0
2135_nback	43	Pulse	5	892210	18069	2
2135_nback	44	Picture	10	892212	0	1	4144	3	0	4000	other	0
2135_nback	45	Picture	11	910283	0	1	4144	2	0	4000	hit	93
2135_nback	45	Pulse	5	912209	1926	2
2135_nback	45	Response	1	914129	3846	2
2135_nback	46	Picture	10	928353	0	1	4145	2	0	4000	other	0
2135_nback	46	Pulse	5	932209	3856	2
2135_nback	47	Picture	10	946424	0	1	4145	2	0	4000	other	0
2135_nback	47	Pulse	5	952199	5775	2
2135_nback	48	Picture	11	964495	0	1	4145	2	0	4000	hit	99
2135_nback	48	Response	1	969158	4663	2
2135_nback	48	Pulse	5	972198	7703	2
2135_nback	49	Picture	10	982566	0	1	4144	3	0	4000	other	0
2135_nback	49	Pulse	5	992198	9632	2
2135_nback	50	Picture	10	1000636	0	2	4145	3	0	4000	other	0
2135_nback	50	Pulse	5	1012188	11552	1
2135_nback	51	Picture	10	1018707	0	1	4145	2	0	4000	other	0
2135_nback	51	Pulse	5	1032187	13480	2
2135_nback	52	Picture	10	1036778	0	1	4145	2	0	4000	other	0
2135_nback	52	Pulse	5	1052187	15409	2
2135_nback	53	Pulse	5	1072176	17327	2
2135_nback	54	Picture	30	1079883	0	1	4144	3	0	4000	other	0
2135_nback	54	Pulse	5	1092176	12293	2
2135_nback	55	Picture	30	1097953	0	2	4145	3	0	4000	other	0
2135_nback	55	Pulse	5	1112176	14223	2
2135_nback	56	Picture	31	1116024	0	1	4145	2	0	4000	hit	115
2135_nback	56	Response	1	1121776	5752	1
2135_nback	56	Pulse	5	1132165	16141	2
2135_nback	57	Picture	30	1134095	0	1	4145	2	0	4000	other	0
2135_nback	58	Picture	30	1152165	0	2	4145	4	0	4000	other	0
2135_nback	58	Pulse	5	1152165	0	2
2135_nback	59	Picture	30	1170236	0	2	4145	3	0	4000	other	0
2135_nback	59	Pulse	5	1172165	1929	1
2135_nback	60	Picture	31	1188307	0	2	4145	3	0	4000	hit	123
2135_nback	60	Response	1	1191674	3367	2
2135_nback	60	Pulse	5	1192155	3848	1
2135_nback	61	Picture	31	1206378	0	1	4145	2	0	4000	miss	0
2135_nback	61	Pulse	5	1212154	5776	2
2135_nback	62	Picture	30	1224449	0	1	4144	3	0	4000	other	0
2135_nback	62	Pulse	5	1232153	7704	2
2135_nback	63	Picture	30	1242520	0	1	4144	2	0	4000	other	0
2135_nback	63	Pulse	5	1252143	9623	2
2135_nback	64	Picture	30	1260590	0	2	4145	3	0	4000	other	0
2135_nback	64	Pulse	5	1272143	11553	2
2135_nback	65	Picture	31	1278661	0	1	4145	2	0	4000	hit	134
2135_nback	65	Response	1	1282862	4201	2
2135_nback	65	Pulse	5	1292142	13481	2
2135_nback	66	Picture	30	1296732	0	1	4145	2	0	4000	other	0
2135_nback	66	Pulse	5	1312132	15400	2
2135_nback	67	Picture	30	1314803	0	1	4144	3	0	4000	other	0
2135_nback	67	Pulse	5	1332132	17329	2
2135_nback	68	Picture	30	1332874	0	1	4144	2	0	4000	other	0
2135_nback	69	Picture	30	1350944	0	1	4145	2	0	4000	other	0
2135_nback	69	Pulse	5	1352131	1187	2
2135_nback	70	Pulse	5	1372121	3106	2
2135_nback	70	Pulse	5	1392120	23105	2
2135_nback	71	Picture	10	1394049	0	1	4145	2	0	4000	other	0
2135_nback	72	Picture	10	1412120	0	1	4144	3	0	4000	other	0
2135_nback	72	Pulse	5	1412120	0	2
2135_nback	73	Picture	11	1430190	0	2	4145	3	0	4000	hit	150
2135_nback	73	Pulse	5	1432110	1920	2
2135_nback	73	Response	1	1434510	4320	2
2135_nback	74	Picture	10	1448261	0	1	4145	2	0	4000	other	0
2135_nback	74	Pulse	5	1452109	3848	2
2135_nback	75	Picture	11	1466332	0	1	4145	2	0	4000	hit	154
2135_nback	75	Response	1	1470670	4338	1
2135_nback	75	Pulse	5	1472110	5778	1
2135_nback	76	Picture	10	1484403	0	1	4144	3	0	4000	other	0
2135_nback	76	Pulse	5	1492099	7696	1
2135_nback	77	Picture	10	1502474	0	1	4144	2	0	4000	other	0
2135_nback	77	Pulse	5	1512258	9784	2
2135_nback	78	Picture	11	1520544	0	2	4145	3	0	4000	hit	161
2135_nback	78	Response	1	1525059	4515	1
2135_nback	78	Pulse	5	1532258	11714	2
2135_nback	79	Picture	10	1538615	0	1	4145	2	0	4000	other	0
2135_nback	79	Pulse	5	1552247	13632	2
2135_nback	80	Picture	10	1556686	0	1	4145	2	0	4000	other	0
2135_nback	80	Pulse	5	1572248	15562	2
2135_nback	81	Picture	10	1574757	0	1	4144	3	0	4000	other	0
2135_nback	81	Pulse	5	1592247	17490	2
2135_nback	82	Picture	10	1592827	0	2	4145	3	0	4000	other	0
2135_nback	83	Picture	10	1610898	0	1	4145	2	0	4000	other	0
2135_nback	83	Pulse	5	1612236	1338	2
2135_nback	84	Picture	11	1628969	0	1	4145	2	0	4000	hit	174
2135_nback	84	Pulse	5	1632236	3267	2
2135_nback	84	Response	1	1633036	4067	2
2135_nback	85	Picture	10	1647040	0	1	4144	3	0	4000	other	0
2135_nback	85	Pulse	5	1652236	5196	1
2135_nback	86	Picture	10	1665111	0	1	4144	2	0	4000	other	0
2135_nback	86	Pulse	5	1672224	7113	3
2135_nback	87	Pulse	5	1692225	9044	2
2135_nback	88	Picture	20	1708215	0	1	4145	2	0	4000	other	0
2135_nback	88	Pulse	5	1712224	4009	3
2135_nback	89	Picture	20	1726286	0	1	4145	2	0	4000	other	0
2135_nback	89	Pulse	5	1732214	5928	2
2135_nback	90	Picture	20	1744357	0	1	4144	3	0	4000	other	0
2135_nback	90	Pulse	5	1752214	7857	1
2135_nback	91	Picture	21	1762428	0	1	4144	2	0	4000	hit	187
2135_nback	91	Response	1	1765814	3386	1
2135_nback	91	Pulse	5	1772213	9785	2
2135_nback	92	Picture	20	1780498	0	2	4145	3	0	4000	other	0
2135_nback	92	Pulse	5	1792204	11706	1
2135_nback	93	Picture	20	1798569	0	1	4145	2	0	4000	other	0
2135_nback	93	Pulse	5	1812203	13634	1
2135_nback	94	Picture	21	1816640	0	1	4145	2	0	4000	hit	194
2135_nback	94	Response	1	1820042	3402	2
2135_nback	94	Pulse	5	1832202	15562	2
2135_nback	95	Picture	20	1834711	0	1	4144	2	0	4000	other	0
2135_nback	95	Pulse	5	1852192	17481	2
2135_nback	96	Picture	20	1852781	0	2	4145	3	0	4000	other	0
2135_nback	97	Picture	20	1870852	0	1	4145	2	0	4000	other	0
2135_nback	97	Pulse	5	1872191	1339	2
2135_nback	98	Picture	21	1888923	0	1	4145	2	0	4000	hit	202
2135_nback	98	Response	1	1892031	3108	2
2135_nback	98	Pulse	5	1892191	3268	2
2135_nback	99	Picture	20	1906994	0	1	4143	4	0	4000	other	0
2135_nback	99	Pulse	5	1912181	5187	1
2135_nback	100	Picture	20	1925064	0	2	4145	3	0	4000	other	0
2135_nback	100	Pulse	5	1932180	7116	2
2135_nback	101	Picture	21	1943135	0	2	4145	3	0	4000	hit	209
2135_nback	101	Response	1	1947380	4245	2
2135_nback	101	Pulse	5	1952180	9045	2
2135_nback	102	Picture	20	1961206	0	1	4145	2	0	4000	other	0
2135_nback	102	Pulse	5	1972170	10964	1
2135_nback	103	Picture	20	1979277	0	1	4145	2	0	4000	other	0
2135_nback	103	Pulse	5	1992169	12892	2
2135_nback	104	Pulse	5	2012169	14821	2
2135_nback	105	Picture	10	2022381	0	2	4145	3	0	4000	other	0
2135_nback	105	Pulse	5	2032158	9777	2
2135_nback	106	Picture	10	2040452	0	1	4145	2	0	4000	other	0
2135_nback	106	Pulse	5	2052158	11706	2
2135_nback	107	Picture	11	2058523	0	1	4145	2	0	4000	hit	221
2135_nback	107	Response	1	2062558	4035	2
2135_nback	107	Pulse	5	2072158	13635	2
2135_nback	108	Picture	10	2076594	0	1	4145	2	0	4000	other	0
2135_nback	108	Pulse	5	2092147	15553	2
2135_nback	109	Picture	11	2094665	0	1	4144	2	0	4000	hit	226
2135_nback	109	Response	1	2098227	3562	2
2135_nback	109	Pulse	5	2112149	17484	1
2135_nback	110	Picture	10	2112735	0	2	4145	3	0	4000	other	0
2135_nback	111	Picture	10	2130806	0	1	4145	2	0	4000	other	0
2135_nback	111	Pulse	5	2132148	1342	1
2135_nback	112	Picture	11	2148877	0	1	4145	2	0	4000	hit	233
2135_nback	112	Pulse	5	2152136	3259	2
2135_nback	112	Response	1	2153576	4699	2
2135_nback	113	Picture	10	2166948	0	1	4144	3	0	4000	other	0
2135_nback	113	Pulse	5	2172136	5188	2
2135_nback	114	Picture	10	2185019	0	1	4144	2	0	4000	other	0
2135_nback	114	Pulse	5	2192135	7116	2
2135_nback	115	Picture	10	2203089	0	1	4145	2	0	4000	other	0
2135_nback	115	Pulse	5	2212125	9036	2
2135_nback	116	Picture	10	2221160	0	1	4145	2	0	4000	other	0
2135_nback	116	Pulse	5	2232125	10965	1
2135_nback	117	Picture	10	2239231	0	1	4144	3	0	4000	other	0
2135_nback	117	Pulse	5	2252124	12893	2
2135_nback	118	Picture	11	2257302	0	1	4144	2	0	4000	hit	245
2135_nback	118	Response	1	2260764	3462	2
2135_nback	118	Pulse	5	2272114	14812	2
2135_nback	119	Picture	10	2275372	0	2	4145	3	0	4000	other	0
2135_nback	119	Pulse	5	2292114	16742	1
2135_nback	120	Picture	10	2293443	0	1	4145	2	0	4000	other	0
2135_nback	121	Pulse	5	2312113	599	2
2135_nback	121	Pulse	5	2332103	20589	2
2135_nback	122	Picture	30	2336548	0	1	4144	3	0	4000	other	0
2135_nback	122	Pulse	5	2352102	15554	2
2135_nback	123	Picture	30	2354619	0	1	4144	2	0	4000	other	0
2135_nback	123	Pulse	5	2372102	17483	2
2135_nback	124	Picture	30	2372689	0	2	4145	3	0	4000	other	0
2135_nback	125	Picture	31	2390760	0	1	4145	2	0	4000	hit	259
2135_nback	125	Pulse	5	2392092	1332	2
2135_nback	125	Response	1	2396252	5492	1
2135_nback	126	Picture	31	2408831	0	1	4145	2	0	4000	miss	0
2135_nback	126	Pulse	5	2412091	3260	2
2135_nback	127	Picture	30	2426902	0	1	4144	3	0	4000	other	0
2135_nback	127	Pulse	5	2432091	5189	2
2135_nback	128	Picture	30	2444972	0	2	4145	3	0	4000	other	0
2135_nback	128	Pulse	5	2452080	7108	2
2135_nback	129	Picture	30	2463043	0	1	4145	2	0	4000	other	0
2135_nback	129	Pulse	5	2472080	9037	2
2135_nback	130	Picture	31	2481114	0	1	4145	2	0	4000	hit	269
2135_nback	130	Response	1	2484880	3766	2
2135_nback	130	Pulse	5	2492080	10966	2
2135_nback	131	Picture	30	2499185	0	1	4144	3	0	4000	other	0
2135_nback	131	Pulse	5	2512069	12884	2
2135_nback	132	Picture	30	2517255	0	2	4145	3	0	4000	other	0
2135_nback	132	Pulse	5	2532070	14815	1
2135_nback	133	Picture	30	2535326	0	2	4145	3	0	4000	other	0
2135_nback	133	Pulse	5	2552229	16903	2
2135_nback	134	Picture	30	2553397	0	1	4145	2	0	4000	other	0
2135_nback	135	Picture	31	2571468	0	1	4145	2	0	4000	hit	280
2135_nback	135	Pulse	5	2572218	750	2
2135_nback	135	Response	1	2575258	3790	2
2135_nback	136	Picture	30	2589539	0	1	4144	3	0	4000	other	0
2135_nback	136	Pulse	5	2592218	2679	2
2135_nback	137	Picture	30	2607609	0	2	4145	3	0	4000	other	0
2135_nback	137	Pulse	5	2612217	4608	2
