Scenario - 1-back
Logfile written - 07/24/2014 14:49:13

Subject	Trial	Event Type	Code	Time	TTime	Uncertainty	Duration	Uncertainty	ReqTime	ReqDur	Stim Type	Pair Index

2135_nback	1	Pulse	5	103235	113069	1
2135_nback	2	Pulse	5	123226	19829	1
2135_nback	3	Picture	10	128431	0	1	4145	2	0	4000	other	0
2135_nback	3	Pulse	5	143222	14791	4
2135_nback	4	Picture	10	146502	0	1	4144	3	0	4000	other	0
2135_nback	4	Pulse	5	163221	16719	4
2135_nback	5	Picture	11	164573	0	1	4144	3	0	4000	hit	8
2135_nback	5	Response	1	167861	3288	5
2135_nback	6	Picture	10	182643	0	2	4145	3	0	4000	other	0
2135_nback	6	Pulse	5	183213	570	2
2135_nback	7	Picture	11	200714	0	1	4145	2	0	4000	hit	13
2135_nback	7	Pulse	5	203213	2499	2
2135_nback	7	Response	1	204013	3299	2
2135_nback	8	Picture	10	218785	0	1	4145	2	0	4000	other	0
2135_nback	8	Pulse	5	223212	4427	2
2135_nback	9	Picture	10	236856	0	1	4144	3	0	4000	other	0
2135_nback	9	Pulse	5	243202	6346	2
2135_nback	10	Picture	10	254926	0	2	4145	3	0	4000	other	0
2135_nback	10	Pulse	5	263202	8276	1
2135_nback	11	Picture	11	272997	0	1	4145	2	0	4000	hit	21
2135_nback	11	Response	1	276323	3326	1
2135_nback	11	Pulse	5	283203	10206	1
2135_nback	12	Picture	10	291068	0	1	4145	2	0	4000	other	0
2135_nback	12	Pulse	5	303192	12124	1
2135_nback	13	Picture	10	309139	0	1	4144	3	0	4000	other	0
2135_nback	13	Pulse	5	323190	14051	2
2135_nback	14	Picture	11	327209	0	2	4145	3	0	4000	hit	28
2135_nback	14	Response	1	331190	3981	2
2135_nback	14	Pulse	5	343190	15981	2
2135_nback	15	Picture	10	345280	0	1	4145	2	0	4000	other	0
2135_nback	15	Pulse	5	363180	17900	2
2135_nback	16	Picture	10	363351	0	1	4145	2	0	4000	other	0
2135_nback	17	Picture	10	381422	0	1	4144	3	0	4000	other	0
2135_nback	17	Pulse	5	383179	1757	2
2135_nback	18	Picture	10	399493	0	1	4144	2	0	4000	other	0
2135_nback	18	Pulse	5	403179	3686	2
2135_nback	19	Pulse	5	423169	5606	1
2135_nback	20	Picture	20	442597	0	1	4145	2	0	4000	other	0
2135_nback	20	Pulse	5	443169	572	1
2135_nback	21	Picture	20	460668	0	1	4144	3	0	4000	other	0
2135_nback	21	Pulse	5	463168	2500	2
2135_nback	22	Picture	21	478739	0	1	4144	2	0	4000	miss	0
2135_nback	22	Pulse	5	483157	4418	2
2135_nback	23	Picture	20	496809	0	1	4145	2	0	4000	other	0
2135_nback	23	Pulse	5	503157	6348	2
2135_nback	24	Picture	20	514880	0	1	4145	2	0	4000	other	0
2135_nback	24	Pulse	5	523157	8277	2
2135_nback	25	Picture	20	532951	0	1	4145	2	0	4000	other	0
2135_nback	25	Pulse	5	543146	10195	2
2135_nback	26	Picture	21	551022	0	1	4144	2	0	4000	hit	51
2135_nback	26	Response	1	558666	7644	2
2135_nback	26	Pulse	5	563146	12124	2
2135_nback	27	Picture	20	569092	0	2	4145	3	0	4000	other	0
2135_nback	27	Pulse	5	583146	14054	1
2135_nback	28	Picture	20	587163	0	1	4145	2	0	4000	other	0
2135_nback	28	Pulse	5	603135	15972	2
2135_nback	29	Picture	20	605234	0	1	4145	2	0	4000	other	0
2135_nback	29	Pulse	5	623135	17901	2
2135_nback	30	Picture	20	623305	0	1	4144	3	0	4000	other	0
2135_nback	31	Picture	20	641375	0	2	4145	3	0	4000	other	0
2135_nback	31	Pulse	5	643134	1759	2
2135_nback	32	Picture	21	659446	0	1	4145	2	0	4000	hit	63
2135_nback	32	Response	1	662804	3358	2
2135_nback	32	Pulse	5	663124	3678	2
2135_nback	33	Picture	20	677517	0	1	4145	2	0	4000	other	0
2135_nback	33	Pulse	5	683124	5607	2
2135_nback	34	Picture	20	695588	0	1	4144	3	0	4000	other	0
2135_nback	34	Pulse	5	703123	7535	2
2135_nback	35	Picture	21	713658	0	2	4145	3	0	4000	hit	70
2135_nback	35	Response	1	719593	5935	2
2135_nback	35	Pulse	5	723113	9455	2
2135_nback	36	Pulse	5	743113	11384	1
2135_nback	37	Picture	10	756763	0	1	4145	2	0	4000	other	0
2135_nback	37	Pulse	5	763112	6349	2
2135_nback	38	Picture	10	774999	0	7	4145	8	0	4000	other	0
2135_nback	38	Pulse	5	783102	8103	2
2135_nback	39	Picture	11	793070	0	2	4145	3	0	4000	hit	78
2135_nback	39	Response	1	796222	3152	1
2135_nback	39	Pulse	5	803101	10031	2
2135_nback	40	Picture	10	811141	0	1	4145	2	0	4000	other	0
2135_nback	40	Pulse	5	823101	11960	2
2135_nback	41	Picture	11	829212	0	1	4145	2	0	4000	hit	83
2135_nback	41	Response	1	832541	3329	2
2135_nback	41	Pulse	5	843091	13879	1
2135_nback	42	Picture	10	847283	0	1	4144	2	0	4000	other	0
2135_nback	42	Pulse	5	863090	15807	2
2135_nback	43	Picture	10	865353	0	2	4145	3	0	4000	other	0
2135_nback	43	Pulse	5	883090	17737	2
2135_nback	44	Picture	10	883424	0	1	4145	2	0	4000	other	0
2135_nback	45	Picture	11	901495	0	1	4144	3	0	4000	hit	92
2135_nback	45	Pulse	5	903080	1585	1
2135_nback	45	Response	1	904520	3025	1
2135_nback	46	Picture	10	919566	0	1	4144	3	0	4000	other	0
2135_nback	46	Pulse	5	923079	3513	2
2135_nback	47	Picture	10	937637	0	1	4144	2	0	4000	other	0
2135_nback	47	Pulse	5	943079	5442	2
2135_nback	48	Picture	11	955707	0	1	4145	2	0	4000	hit	98
2135_nback	48	Response	1	959229	3522	1
2135_nback	48	Pulse	5	963068	7361	2
2135_nback	49	Picture	10	973778	0	1	4145	2	0	4000	other	0
2135_nback	49	Pulse	5	983068	9290	2
2135_nback	50	Picture	10	991849	0	1	4144	3	0	4000	other	0
2135_nback	50	Pulse	5	1003068	11219	2
2135_nback	51	Picture	10	1009919	0	2	4145	3	0	4000	other	0
2135_nback	51	Pulse	5	1023057	13138	2
2135_nback	52	Picture	10	1027990	0	1	4145	2	0	4000	other	0
2135_nback	52	Pulse	5	1043057	15067	2
2135_nback	53	Pulse	5	1063056	16995	2
2135_nback	54	Picture	30	1071095	0	1	4144	3	0	4000	other	0
2135_nback	54	Pulse	5	1083046	11951	2
2135_nback	55	Picture	30	1089166	0	1	4144	3	0	4000	other	0
2135_nback	55	Pulse	5	1103046	13880	2
2135_nback	56	Picture	31	1107236	0	2	4145	3	0	4000	hit	114
2135_nback	56	Response	1	1112326	5090	1
2135_nback	56	Pulse	5	1123205	15969	2
2135_nback	57	Picture	30	1125307	0	1	4145	2	0	4000	other	0
2135_nback	57	Pulse	5	1143195	17888	2
2135_nback	58	Picture	30	1143378	0	1	4145	2	0	4000	other	0
2135_nback	59	Picture	30	1161449	0	1	4144	3	0	4000	other	0
2135_nback	59	Pulse	5	1163195	1746	2
2135_nback	60	Picture	31	1179519	0	2	4145	3	0	4000	miss	0
2135_nback	60	Pulse	5	1183194	3675	2
2135_nback	61	Picture	31	1197590	0	1	4145	2	0	4000	miss	0
2135_nback	61	Pulse	5	1203184	5594	2
2135_nback	62	Picture	30	1215661	0	1	4145	2	0	4000	other	0
2135_nback	62	Pulse	5	1223184	7523	1
2135_nback	63	Picture	30	1233732	0	1	4144	3	0	4000	other	0
2135_nback	63	Pulse	5	1243183	9451	2
2135_nback	64	Picture	30	1251802	0	2	4145	3	0	4000	other	0
2135_nback	64	Pulse	5	1263173	11371	2
2135_nback	65	Picture	31	1269873	0	1	4145	2	0	4000	hit	132
2135_nback	65	Response	1	1273892	4019	2
2135_nback	65	Pulse	5	1283172	13299	2
2135_nback	66	Picture	30	1287944	0	1	4145	2	0	4000	other	0
2135_nback	66	Pulse	5	1303173	15229	2
2135_nback	67	Picture	30	1306015	0	1	4144	3	0	4000	other	0
2135_nback	67	Pulse	5	1323162	17147	1
2135_nback	68	Picture	30	1324085	0	2	4145	3	0	4000	other	0
2135_nback	69	Picture	30	1342156	0	2	4145	3	0	4000	other	0
2135_nback	69	Pulse	5	1343161	1005	2
2135_nback	70	Pulse	5	1363161	2934	2
2135_nback	70	Pulse	5	1383151	22924	1
2135_nback	71	Picture	10	1385261	0	1	4145	2	0	4000	other	0
2135_nback	71	Pulse	5	1403151	17890	2
2135_nback	72	Picture	10	1403332	0	1	4144	2	0	4000	other	0
2135_nback	73	Picture	11	1421402	0	2	4145	3	0	4000	hit	148
2135_nback	73	Pulse	5	1423150	1748	2
2135_nback	73	Response	1	1425390	3988	2
2135_nback	74	Picture	10	1439473	0	1	4145	2	0	4000	other	0
2135_nback	74	Pulse	5	1443139	3666	2
2135_nback	75	Picture	11	1457544	0	1	4145	2	0	4000	hit	152
2135_nback	75	Response	1	1460899	3355	2
2135_nback	75	Pulse	5	1463139	5595	2
2135_nback	76	Picture	10	1475615	0	1	4144	3	0	4000	other	0
2135_nback	76	Pulse	5	1483140	7525	1
2135_nback	77	Picture	10	1493685	0	2	4145	3	0	4000	other	0
2135_nback	77	Pulse	5	1503128	9443	2
2135_nback	78	Picture	11	1511756	0	1	4145	2	0	4000	hit	159
2135_nback	78	Response	1	1514808	3052	2
2135_nback	78	Pulse	5	1523128	11372	2
2135_nback	79	Picture	10	1529827	0	1	4145	2	0	4000	other	0
2135_nback	79	Pulse	5	1543127	13300	2
2135_nback	80	Picture	10	1547898	0	1	4144	3	0	4000	other	0
2135_nback	80	Pulse	5	1563117	15219	2
2135_nback	81	Picture	10	1565969	0	1	4144	2	0	4000	other	0
2135_nback	81	Pulse	5	1583117	17148	2
2135_nback	82	Picture	10	1584039	0	2	4145	3	0	4000	other	0
2135_nback	83	Picture	10	1602110	0	1	4145	2	0	4000	other	0
2135_nback	83	Pulse	5	1603117	1007	1
2135_nback	84	Picture	11	1620181	0	1	4144	3	0	4000	hit	172
2135_nback	84	Pulse	5	1623106	2925	2
2135_nback	84	Response	1	1624866	4685	2
2135_nback	85	Picture	10	1638252	0	1	4144	3	0	4000	other	0
2135_nback	85	Pulse	5	1643106	4854	1
2135_nback	86	Picture	10	1656322	0	2	4145	3	0	4000	other	0
2135_nback	86	Pulse	5	1663105	6783	2
2135_nback	87	Pulse	5	1683095	8702	2
2135_nback	88	Picture	20	1699427	0	1	4145	2	0	4000	other	0
2135_nback	88	Pulse	5	1703094	3667	2
2135_nback	89	Picture	20	1717498	0	1	4144	3	0	4000	other	0
2135_nback	89	Pulse	5	1723094	5596	2
2135_nback	90	Picture	20	1735568	0	2	4145	3	0	4000	other	0
2135_nback	90	Pulse	5	1743084	7516	2
2135_nback	91	Picture	21	1753639	0	1	4145	2	0	4000	hit	185
2135_nback	91	Response	1	1759563	5924	2
2135_nback	91	Pulse	5	1763083	9444	2
2135_nback	92	Picture	20	1771710	0	1	4145	2	0	4000	other	0
2135_nback	92	Pulse	5	1783083	11373	2
2135_nback	93	Picture	20	1789781	0	1	4145	2	0	4000	other	0
2135_nback	93	Pulse	5	1803073	13292	1
2135_nback	94	Picture	21	1807852	0	1	4144	2	0	4000	hit	192
2135_nback	94	Response	1	1812032	4180	2
2135_nback	94	Pulse	5	1823072	15220	2
2135_nback	95	Picture	20	1825922	0	2	4145	3	0	4000	other	0
2135_nback	95	Pulse	5	1843072	17150	2
2135_nback	96	Picture	20	1843993	0	1	4145	2	0	4000	other	0
2135_nback	97	Picture	20	1862064	0	1	4145	2	0	4000	other	0
2135_nback	97	Pulse	5	1863061	997	2
2135_nback	98	Picture	21	1880135	0	1	4144	3	0	4000	hit	201
2135_nback	98	Pulse	5	1883061	2926	2
2135_nback	98	Response	1	1883701	3566	2
2135_nback	99	Picture	20	1898205	0	2	4145	3	0	4000	other	0
2135_nback	99	Pulse	5	1903061	4856	2
2135_nback	100	Picture	20	1916276	0	1	4145	2	0	4000	other	0
2135_nback	100	Pulse	5	1923050	6774	2
2135_nback	101	Picture	21	1934347	0	1	4145	2	0	4000	hit	207
2135_nback	101	Response	1	1939210	4863	2
2135_nback	101	Pulse	5	1943051	8704	1
2135_nback	102	Picture	20	1952418	0	1	4144	3	0	4000	other	0
2135_nback	102	Pulse	5	1963050	10632	2
2135_nback	103	Picture	20	1970489	0	1	4144	2	0	4000	other	0
2135_nback	103	Pulse	5	1983039	12550	2
2135_nback	104	Pulse	5	2003039	14480	2
2135_nback	105	Picture	10	2013593	0	1	4145	2	0	4000	other	0
2135_nback	105	Pulse	5	2023039	9446	1
2135_nback	106	Picture	10	2031664	0	1	4145	2	0	4000	other	0
2135_nback	106	Pulse	5	2043026	11362	4
2135_nback	107	Picture	11	2049735	0	1	4144	2	0	4000	hit	219
2135_nback	107	Response	1	2053428	3693	2
2135_nback	107	Pulse	5	2063027	13292	3
2135_nback	108	Picture	10	2067805	0	2	4145	3	0	4000	other	0
2135_nback	108	Pulse	5	2083028	15223	1
2135_nback	109	Picture	11	2085876	0	1	4145	2	0	4000	hit	224
2135_nback	109	Response	1	2089106	3230	3
2135_nback	109	Pulse	5	2103017	17141	2
2135_nback	110	Picture	10	2103947	0	1	4145	2	0	4000	other	0
2135_nback	111	Picture	10	2122018	0	1	4144	3	0	4000	other	0
2135_nback	111	Pulse	5	2123017	999	1
2135_nback	112	Picture	11	2140088	0	2	4145	3	0	4000	hit	231
2135_nback	112	Pulse	5	2143016	2928	2
2135_nback	112	Response	1	2143976	3888	2
2135_nback	113	Picture	10	2158159	0	1	4145	2	0	4000	other	0
2135_nback	113	Pulse	5	2163006	4847	2
2135_nback	114	Picture	10	2176230	0	1	4145	2	0	4000	other	0
2135_nback	114	Pulse	5	2183165	6935	2
2135_nback	115	Picture	10	2194301	0	1	4144	3	0	4000	other	0
2135_nback	115	Pulse	5	2203165	8864	2
2135_nback	116	Picture	10	2212372	0	1	4144	2	0	4000	other	0
2135_nback	116	Pulse	5	2223156	10784	1
2135_nback	117	Picture	10	2230442	0	2	4145	3	0	4000	other	0
2135_nback	117	Pulse	5	2243154	12712	2
2135_nback	118	Picture	11	2248513	0	1	4145	2	0	4000	hit	243
2135_nback	118	Response	1	2252274	3761	2
2135_nback	118	Pulse	5	2263154	14641	2
2135_nback	119	Picture	10	2266584	0	1	4144	3	0	4000	other	0
2135_nback	119	Pulse	5	2283146	16562	1
2135_nback	120	Picture	10	2284655	0	1	4144	3	0	4000	other	0
2135_nback	121	Pulse	5	2303143	418	2
2135_nback	121	Pulse	5	2323143	20418	2
2135_nback	122	Picture	30	2327759	0	1	4145	2	0	4000	other	0
2135_nback	122	Pulse	5	2343132	15373	2
2135_nback	123	Picture	30	2345830	0	1	4145	2	0	4000	other	0
2135_nback	123	Pulse	5	2363133	17303	1
2135_nback	124	Picture	30	2363901	0	1	4144	3	0	4000	other	0
2135_nback	125	Picture	31	2381971	0	2	4145	3	0	4000	hit	257
2135_nback	125	Pulse	5	2383133	1162	1
2135_nback	125	Response	1	2386973	5002	1
2135_nback	126	Picture	31	2400042	0	1	4145	2	0	4000	miss	0
2135_nback	126	Pulse	5	2403121	3079	2
2135_nback	127	Picture	30	2418113	0	1	4145	2	0	4000	other	0
2135_nback	127	Pulse	5	2423121	5008	2
2135_nback	128	Picture	30	2436184	0	1	4144	3	0	4000	other	0
2135_nback	128	Pulse	5	2443121	6937	1
2135_nback	129	Picture	30	2454255	0	1	4144	3	0	4000	other	0
2135_nback	129	Pulse	5	2463110	8855	2
2135_nback	130	Picture	31	2472325	0	2	4145	3	0	4000	hit	267
2135_nback	130	Response	1	2477830	5505	2
2135_nback	130	Pulse	5	2483111	10786	1
2135_nback	131	Picture	30	2490396	0	1	4145	2	0	4000	other	0
2135_nback	131	Pulse	5	2503109	12713	2
2135_nback	132	Picture	30	2508467	0	1	4145	2	0	4000	other	0
2135_nback	132	Pulse	5	2523099	14632	2
2135_nback	133	Picture	30	2526538	0	1	4144	3	0	4000	other	0
2135_nback	133	Pulse	5	2543099	16561	2
2135_nback	134	Picture	30	2544608	0	2	4145	3	0	4000	other	0
2135_nback	135	Picture	31	2562679	0	1	4145	2	0	4000	hit	278
2135_nback	135	Pulse	5	2563098	419	2
2135_nback	135	Response	1	2568698	6019	2
2135_nback	136	Picture	30	2580750	0	1	4145	2	0	4000	other	0
2135_nback	136	Pulse	5	2583088	2338	2
2135_nback	137	Picture	30	2598821	0	1	4144	3	0	4000	false_alarm	283
2135_nback	137	Pulse	5	2603088	4267	1
2135_nback	137	Response	1	2604528	5707	1
