Scenario - 1-back
Logfile written - 07/24/2014 14:53:54

Subject	Trial	Event Type	Code	Time	TTime	Uncertainty	Duration	Uncertainty	ReqTime	ReqDur	Stim Type	Pair Index

2135_nback	1	Pulse	5	99410	109244	2
2135_nback	2	Pulse	5	119400	19816	2
2135_nback	3	Picture	10	124618	0	1	4145	2	0	4000	other	0
2135_nback	3	Pulse	5	139399	14781	2
2135_nback	4	Picture	10	142689	0	1	4145	2	0	4000	other	0
2135_nback	4	Pulse	5	159399	16710	2
2135_nback	5	Picture	11	160760	0	1	4144	3	0	4000	hit	8
2135_nback	5	Response	1	164679	3919	2
2135_nback	6	Picture	10	178830	0	2	4145	3	0	4000	other	0
2135_nback	6	Pulse	5	179390	560	1
2135_nback	7	Picture	11	196901	0	1	4145	2	0	4000	hit	13
2135_nback	7	Pulse	5	199390	2489	1
2135_nback	7	Response	1	202750	5849	1
2135_nback	8	Picture	10	214972	0	1	4145	2	0	4000	other	0
2135_nback	8	Pulse	5	219388	4416	2
2135_nback	9	Picture	10	233043	0	1	4144	3	0	4000	other	0
2135_nback	9	Pulse	5	239378	6335	1
2135_nback	10	Picture	10	251114	0	1	4144	2	0	4000	other	0
2135_nback	10	Pulse	5	259377	8263	2
2135_nback	11	Picture	11	269184	0	1	4145	2	0	4000	hit	21
2135_nback	11	Response	1	272817	3633	2
2135_nback	11	Pulse	5	279377	10193	2
2135_nback	12	Picture	10	287255	0	1	4145	2	0	4000	other	0
2135_nback	12	Pulse	5	299366	12111	2
2135_nback	13	Picture	10	305326	0	1	4145	2	0	4000	other	0
2135_nback	13	Pulse	5	319366	14040	2
2135_nback	14	Picture	11	323397	0	1	4144	2	0	4000	hit	28
2135_nback	14	Response	1	327046	3649	2
2135_nback	14	Pulse	5	339366	15969	1
2135_nback	15	Picture	10	341467	0	2	4145	3	0	4000	other	0
2135_nback	15	Pulse	5	359355	17888	2
2135_nback	16	Picture	10	359538	0	1	4145	2	0	4000	other	0
2135_nback	17	Picture	10	377609	0	1	4145	2	0	4000	other	0
2135_nback	17	Pulse	5	379356	1747	1
2135_nback	18	Picture	10	395680	0	1	4144	3	0	4000	other	0
2135_nback	18	Pulse	5	399354	3674	2
2135_nback	19	Pulse	5	419344	5594	2
2135_nback	20	Picture	30	438784	0	1	4145	2	0	4000	other	0
2135_nback	20	Pulse	5	439344	560	2
2135_nback	21	Picture	30	456855	0	1	4145	2	0	4000	other	0
2135_nback	21	Pulse	5	459343	2488	2
2135_nback	22	Picture	31	474926	0	1	4144	3	0	4000	hit	43
2135_nback	22	Response	1	478533	3607	2
2135_nback	22	Pulse	5	479333	4407	2
2135_nback	23	Picture	30	492997	0	1	4144	3	0	4000	other	0
2135_nback	23	Pulse	5	499333	6336	1
2135_nback	24	Picture	30	511067	0	2	4145	3	0	4000	other	0
2135_nback	24	Pulse	5	519332	8265	2
2135_nback	25	Picture	30	529138	0	1	4145	2	0	4000	other	0
2135_nback	25	Pulse	5	539322	10184	2
2135_nback	26	Picture	31	547209	0	1	4145	2	0	4000	miss	0
2135_nback	26	Pulse	5	559321	12112	2
2135_nback	27	Picture	31	565280	0	1	4144	3	0	4000	hit	54
2135_nback	27	Response	1	568441	3161	2
2135_nback	27	Pulse	5	579321	14041	2
2135_nback	28	Picture	30	583350	0	2	4145	3	0	4000	other	0
2135_nback	28	Pulse	5	599311	15961	2
2135_nback	29	Picture	30	601421	0	1	4145	2	0	4000	other	0
2135_nback	29	Pulse	5	619310	17889	2
2135_nback	30	Picture	30	619492	0	1	4145	2	0	4000	other	0
2135_nback	31	Picture	31	637563	0	1	4145	2	0	4000	hit	63
2135_nback	31	Pulse	5	639310	1747	2
2135_nback	31	Response	1	641230	3667	2
2135_nback	32	Picture	30	655634	0	1	4144	3	0	4000	other	0
2135_nback	32	Pulse	5	659300	3666	1
2135_nback	33	Picture	30	673704	0	2	4145	3	0	4000	other	0
2135_nback	33	Pulse	5	679299	5595	2
2135_nback	34	Picture	30	691775	0	1	4145	2	0	4000	other	0
2135_nback	34	Pulse	5	699299	7524	2
2135_nback	35	Picture	30	709846	0	1	4145	2	0	4000	other	0
2135_nback	35	Pulse	5	719288	9442	2
2135_nback	36	Pulse	5	739288	11371	2
2135_nback	37	Picture	10	752951	0	1	4144	2	0	4000	other	0
2135_nback	37	Pulse	5	759288	6337	2
2135_nback	38	Picture	10	771021	0	1	4145	2	0	4000	other	0
2135_nback	38	Pulse	5	779277	8256	2
2135_nback	39	Picture	11	789092	0	1	4145	2	0	4000	hit	78
2135_nback	39	Response	1	792877	3785	2
2135_nback	39	Pulse	5	799277	10185	2
2135_nback	40	Picture	10	807163	0	1	4145	2	0	4000	other	0
2135_nback	40	Pulse	5	819277	12114	1
2135_nback	41	Picture	11	825234	0	1	4144	3	0	4000	hit	83
2135_nback	41	Response	1	830476	5242	2
2135_nback	41	Pulse	5	839266	14032	2
2135_nback	42	Picture	10	843304	0	2	4145	3	0	4000	other	0
2135_nback	42	Pulse	5	859266	15962	2
2135_nback	43	Picture	10	861375	0	2	4145	3	0	4000	other	0
2135_nback	43	Pulse	5	879266	17891	1
2135_nback	44	Picture	10	879446	0	1	4145	2	0	4000	other	0
2135_nback	45	Picture	11	897517	0	1	4144	3	0	4000	hit	92
2135_nback	45	Pulse	5	899255	1738	2
2135_nback	45	Response	1	901015	3498	2
2135_nback	46	Picture	10	915587	0	2	4145	3	0	4000	other	0
2135_nback	46	Pulse	5	919256	3669	1
2135_nback	47	Picture	10	933658	0	1	4145	2	0	4000	other	0
2135_nback	47	Pulse	5	939254	5596	2
2135_nback	48	Picture	11	951729	0	1	4145	2	0	4000	hit	98
2135_nback	48	Response	1	955244	3515	2
2135_nback	48	Pulse	5	959244	7515	2
2135_nback	49	Picture	10	969800	0	1	4144	3	0	4000	other	0
2135_nback	49	Pulse	5	979244	9444	2
2135_nback	50	Picture	10	987871	0	1	4144	2	0	4000	other	0
2135_nback	50	Pulse	5	999243	11372	2
2135_nback	51	Picture	10	1005941	0	2	4145	3	0	4000	other	0
2135_nback	51	Pulse	5	1019233	13292	2
2135_nback	52	Picture	10	1024012	0	2	4145	3	0	4000	other	0
2135_nback	52	Pulse	5	1039234	15222	1
2135_nback	53	Pulse	5	1059392	17309	2
2135_nback	54	Picture	20	1067117	0	1	4144	3	0	4000	other	0
2135_nback	54	Pulse	5	1079382	12265	2
2135_nback	55	Picture	20	1085188	0	1	4144	2	0	4000	other	0
2135_nback	55	Pulse	5	1099381	14193	2
2135_nback	56	Picture	21	1103258	0	1	4145	2	0	4000	hit	114
2135_nback	56	Response	1	1106741	3483	2
2135_nback	56	Pulse	5	1119381	16123	2
2135_nback	57	Picture	20	1121329	0	1	4145	2	0	4000	other	0
2135_nback	57	Pulse	5	1139372	18043	2
2135_nback	58	Picture	20	1139400	0	1	4145	2	0	4000	other	0
2135_nback	59	Picture	20	1157471	0	1	4144	2	0	4000	other	0
2135_nback	59	Pulse	5	1159370	1899	2
2135_nback	60	Picture	21	1175541	0	2	4145	3	0	4000	hit	122
2135_nback	60	Response	1	1178731	3190	1
2135_nback	60	Pulse	5	1179371	3830	2
2135_nback	61	Picture	20	1193612	0	1	4145	2	0	4000	other	0
2135_nback	61	Pulse	5	1199359	5747	2
2135_nback	62	Picture	20	1211683	0	1	4145	2	0	4000	other	0
2135_nback	62	Pulse	5	1219359	7676	2
2135_nback	63	Picture	20	1229754	0	1	4144	3	0	4000	other	0
2135_nback	63	Pulse	5	1239359	9605	2
2135_nback	64	Picture	20	1247825	0	1	4144	2	0	4000	other	0
2135_nback	64	Pulse	5	1259349	11524	1
2135_nback	65	Picture	20	1265895	0	2	4145	3	0	4000	other	0
2135_nback	65	Pulse	5	1279348	13453	2
2135_nback	66	Picture	21	1283966	0	1	4145	2	0	4000	hit	135
2135_nback	66	Response	1	1287508	3542	2
2135_nback	66	Pulse	5	1299348	15382	1
2135_nback	67	Picture	20	1302037	0	1	4145	2	0	4000	other	0
2135_nback	67	Pulse	5	1319337	17300	2
2135_nback	68	Picture	20	1320108	0	1	4144	3	0	4000	other	0
2135_nback	69	Picture	21	1338178	0	2	4145	3	0	4000	hit	142
2135_nback	69	Pulse	5	1339337	1159	2
2135_nback	69	Response	1	1344617	6439	2
2135_nback	70	Pulse	5	1359337	3088	1
2135_nback	70	Pulse	5	1379326	23077	2
2135_nback	71	Picture	10	1381283	0	1	4145	2	0	4000	other	0
2135_nback	71	Pulse	5	1399326	18043	2
2135_nback	72	Picture	10	1399354	0	1	4145	2	0	4000	other	0
2135_nback	73	Picture	11	1417425	0	1	4144	3	0	4000	hit	150
2135_nback	73	Pulse	5	1419325	1900	2
2135_nback	73	Response	1	1420765	3340	2
2135_nback	74	Picture	10	1435495	0	2	4145	3	0	4000	other	0
2135_nback	74	Pulse	5	1439315	3820	2
2135_nback	75	Picture	11	1453566	0	1	4145	2	0	4000	hit	154
2135_nback	75	Response	1	1458835	5269	1
2135_nback	75	Pulse	5	1459315	5749	1
2135_nback	76	Picture	10	1471637	0	1	4145	2	0	4000	other	0
2135_nback	76	Pulse	5	1479314	7677	2
2135_nback	77	Picture	10	1489708	0	1	4144	3	0	4000	other	0
2135_nback	77	Pulse	5	1499304	9596	2
2135_nback	78	Picture	11	1507778	0	2	4145	3	0	4000	hit	161
2135_nback	78	Response	1	1512104	4326	1
2135_nback	78	Pulse	5	1519303	11525	2
2135_nback	79	Picture	10	1525849	0	1	4145	2	0	4000	other	0
2135_nback	79	Pulse	5	1539303	13454	2
2135_nback	80	Picture	10	1543920	0	1	4145	2	0	4000	other	0
2135_nback	80	Pulse	5	1559293	15373	1
2135_nback	81	Picture	10	1561991	0	1	4144	3	0	4000	other	0
2135_nback	81	Pulse	5	1579292	17301	2
2135_nback	82	Picture	10	1580062	0	1	4144	2	0	4000	other	0
2135_nback	83	Picture	10	1598132	0	2	4145	3	0	4000	other	0
2135_nback	83	Pulse	5	1599292	1160	2
2135_nback	84	Picture	11	1616203	0	1	4145	2	0	4000	hit	174
2135_nback	84	Pulse	5	1619282	3079	1
2135_nback	84	Response	1	1620082	3879	1
2135_nback	85	Picture	10	1634274	0	1	4145	2	0	4000	other	0
2135_nback	85	Pulse	5	1639281	5007	2
2135_nback	86	Picture	10	1652345	0	1	4144	2	0	4000	other	0
2135_nback	86	Pulse	5	1659281	6936	2
2135_nback	87	Pulse	5	1679271	8856	1
2135_nback	88	Picture	30	1695449	0	2	4145	3	0	4000	other	0
2135_nback	88	Pulse	5	1699270	3821	2
2135_nback	89	Picture	30	1713520	0	1	4145	2	0	4000	other	0
2135_nback	89	Pulse	5	1719270	5750	2
2135_nback	90	Picture	30	1731591	0	1	4144	3	0	4000	other	0
2135_nback	90	Pulse	5	1739259	7668	2
2135_nback	91	Picture	31	1749662	0	1	4144	3	0	4000	hit	187
2135_nback	91	Response	1	1753019	3357	2
2135_nback	91	Pulse	5	1759260	9598	1
2135_nback	92	Picture	31	1767732	0	2	4145	3	0	4000	miss	0
2135_nback	92	Pulse	5	1779259	11527	1
2135_nback	93	Picture	30	1785803	0	1	4145	2	0	4000	other	0
2135_nback	93	Pulse	5	1799248	13445	2
2135_nback	94	Picture	30	1803874	0	1	4145	2	0	4000	other	0
2135_nback	94	Pulse	5	1819248	15374	2
2135_nback	95	Picture	30	1821945	0	1	4144	3	0	4000	other	0
2135_nback	95	Pulse	5	1839247	17302	2
2135_nback	96	Picture	31	1840015	0	2	4145	3	0	4000	hit	198
2135_nback	96	Response	1	1845487	5472	2
2135_nback	97	Picture	30	1858086	0	1	4145	2	0	4000	other	0
2135_nback	97	Pulse	5	1859237	1151	2
2135_nback	98	Picture	30	1876157	0	1	4145	2	0	4000	other	0
2135_nback	98	Pulse	5	1879237	3080	2
2135_nback	99	Picture	30	1894228	0	1	4144	3	0	4000	other	0
2135_nback	99	Pulse	5	1899237	5009	1
2135_nback	100	Picture	30	1912299	0	1	4144	2	0	4000	other	0
2135_nback	100	Pulse	5	1919226	6927	2
2135_nback	101	Picture	31	1930369	0	2	4145	3	0	4000	hit	208
2135_nback	101	Response	1	1934106	3737	1
2135_nback	101	Pulse	5	1939226	8857	1
2135_nback	102	Picture	30	1948440	0	1	4145	2	0	4000	other	0
2135_nback	102	Pulse	5	1959225	10785	2
2135_nback	103	Picture	30	1966511	0	1	4145	2	0	4000	false_alarm	213
2135_nback	103	Response	1	1971385	4874	2
2135_nback	103	Pulse	5	1979215	12704	2
2135_nback	104	Pulse	5	1999214	14632	2
2135_nback	105	Picture	10	2009616	0	1	4144	2	0	4000	other	0
2135_nback	105	Pulse	5	2019214	9598	2
2135_nback	106	Picture	10	2027686	0	2	4145	3	0	4000	other	0
2135_nback	106	Pulse	5	2039204	11518	2
2135_nback	107	Picture	11	2045757	0	1	4145	2	0	4000	hit	221
2135_nback	107	Response	1	2049923	4166	2
2135_nback	107	Pulse	5	2059204	13447	1
2135_nback	108	Picture	10	2063828	0	1	4145	2	0	4000	other	0
2135_nback	108	Pulse	5	2079203	15375	2
2135_nback	109	Picture	11	2081899	0	1	4144	3	0	4000	hit	226
2135_nback	109	Response	1	2085763	3864	2
2135_nback	109	Pulse	5	2099193	17294	1
2135_nback	110	Picture	10	2099970	0	1	4144	2	0	4000	other	0
2135_nback	111	Picture	10	2118040	0	1	4145	2	0	4000	other	0
2135_nback	111	Pulse	5	2119350	1310	4
2135_nback	112	Picture	11	2136111	0	1	4145	2	0	4000	hit	233
2135_nback	112	Pulse	5	2139350	3239	4
2135_nback	112	Response	1	2139672	3561	2
2135_nback	113	Picture	10	2154182	0	1	4144	3	0	4000	other	0
2135_nback	113	Pulse	5	2159341	5159	2
2135_nback	114	Picture	10	2172253	0	1	4144	2	0	4000	other	0
2135_nback	114	Pulse	5	2179342	7089	1
2135_nback	115	Picture	10	2190323	0	1	4145	2	0	4000	other	0
2135_nback	115	Pulse	5	2199341	9018	1
2135_nback	116	Picture	10	2208394	0	1	4145	2	0	4000	other	0
2135_nback	116	Pulse	5	2219330	10936	2
2135_nback	117	Picture	10	2226465	0	1	4145	2	0	4000	other	0
2135_nback	117	Pulse	5	2239331	12866	1
2135_nback	118	Picture	11	2244536	0	1	4144	3	0	4000	hit	245
2135_nback	118	Response	1	2248290	3754	2
2135_nback	118	Pulse	5	2259330	14794	1
2135_nback	119	Picture	10	2262606	0	2	4145	3	0	4000	other	0
2135_nback	119	Pulse	5	2279321	16715	1
2135_nback	120	Picture	10	2280677	0	1	4145	2	0	4000	other	0
2135_nback	121	Pulse	5	2299320	572	1
2135_nback	121	Pulse	5	2319318	20570	2
2135_nback	122	Picture	20	2323782	0	1	4144	3	0	4000	other	0
2135_nback	122	Pulse	5	2339309	15527	1
2135_nback	123	Picture	20	2341853	0	1	4144	2	0	4000	other	0
2135_nback	123	Pulse	5	2359308	17455	1
2135_nback	124	Picture	20	2359923	0	2	4145	3	0	4000	other	0
2135_nback	125	Picture	21	2377994	0	1	4145	2	0	4000	hit	259
2135_nback	125	Pulse	5	2379307	1313	2
2135_nback	125	Response	1	2381387	3393	2
2135_nback	126	Picture	20	2396065	0	1	4145	2	0	4000	other	0
2135_nback	126	Pulse	5	2399297	3232	2
2135_nback	127	Picture	20	2414136	0	1	4144	3	0	4000	other	0
2135_nback	127	Pulse	5	2419297	5161	1
2135_nback	128	Picture	21	2432207	0	1	4144	2	0	4000	hit	265
2135_nback	128	Response	1	2436736	4529	2
2135_nback	128	Pulse	5	2439296	7089	2
2135_nback	129	Picture	20	2450277	0	2	4145	3	0	4000	other	0
2135_nback	129	Pulse	5	2459286	9009	2
2135_nback	130	Picture	20	2468348	0	1	4145	2	0	4000	other	0
2135_nback	130	Pulse	5	2479285	10937	2
2135_nback	131	Picture	20	2486419	0	1	4145	2	0	4000	other	0
2135_nback	131	Pulse	5	2499285	12866	2
2135_nback	132	Picture	21	2504490	0	1	4144	2	0	4000	hit	274
2135_nback	132	Response	1	2507605	3115	2
2135_nback	132	Pulse	5	2519275	14785	1
2135_nback	133	Picture	20	2522560	0	2	4145	3	0	4000	other	0
2135_nback	133	Pulse	5	2539274	16714	2
2135_nback	134	Picture	20	2540631	0	1	4145	2	0	4000	other	0
2135_nback	135	Picture	21	2558702	0	1	4145	2	0	4000	hit	281
2135_nback	135	Pulse	5	2559274	572	2
2135_nback	135	Response	1	2563115	4413	1
2135_nback	136	Picture	20	2576773	0	1	4144	3	0	4000	other	0
2135_nback	136	Pulse	5	2579263	2490	2
2135_nback	137	Picture	20	2594843	0	2	4145	3	0	4000	other	0
2135_nback	137	Pulse	5	2599263	4420	2
