Scenario - 1-back
Logfile written - 12/19/2014 12:11:20

Subject	Trial	Event Type	Code	Time	TTime	Uncertainty	Duration	Uncertainty	ReqTime	ReqDur	Stim Type	Pair Index

2146	1	Pulse	5	133941	143775	2
2146	2	Pulse	5	153940	19872	2
2146	3	Picture	10	159102	0	1	4144	2	0	4000	other	0
2146	3	Pulse	5	173930	14828	2
2146	4	Picture	10	177172	0	1	4145	2	0	4000	other	0
2146	4	Pulse	5	193929	16757	3
2146	5	Picture	11	195243	0	1	4145	2	0	4000	hit	8
2146	5	Response	1	198409	3166	3
2146	6	Picture	10	213314	0	1	4145	2	0	4000	other	0
2146	6	Pulse	5	213929	615	2
2146	7	Picture	11	231385	0	1	4144	2	0	4000	hit	13
2146	7	Pulse	5	233918	2533	2
2146	7	Response	1	235038	3653	2
2146	8	Picture	10	249455	0	2	4143	5	0	4000	other	0
2146	8	Pulse	5	253918	4463	2
2146	9	Picture	10	267526	0	1	4145	2	0	4000	other	0
2146	9	Pulse	5	273918	6392	1
2146	10	Picture	10	285597	0	1	4145	2	0	4000	other	0
2146	10	Pulse	5	293907	8310	2
2146	11	Picture	11	303667	0	2	4145	3	0	4000	hit	21
2146	11	Response	1	307987	4320	2
2146	11	Pulse	5	313907	10240	2
2146	12	Picture	10	321738	0	2	4145	3	0	4000	other	0
2146	12	Pulse	5	333906	12168	2
2146	13	Picture	10	339809	0	1	4145	2	0	4000	other	0
2146	13	Pulse	5	353896	14087	2
2146	14	Picture	11	357880	0	1	4144	3	0	4000	hit	28
2146	14	Response	1	361256	3376	1
2146	14	Pulse	5	373895	16015	2
2146	15	Picture	10	375951	0	1	4144	3	0	4000	other	0
2146	15	Pulse	5	393895	17944	2
2146	16	Picture	10	394021	0	1	4145	2	0	4000	other	0
2146	17	Picture	10	412092	0	1	4145	2	0	4000	other	0
2146	17	Pulse	5	413884	1792	2
2146	18	Picture	10	430163	0	1	4144	3	0	4000	other	0
2146	18	Pulse	5	433884	3721	2
2146	19	Pulse	5	453884	5650	1
2146	20	Picture	30	473267	0	2	4145	3	0	4000	other	0
2146	20	Pulse	5	473873	606	2
2146	21	Picture	30	491338	0	1	4145	2	0	4000	other	0
2146	21	Pulse	5	493873	2535	2
2146	22	Picture	31	509409	0	1	4145	2	0	4000	hit	43
2146	22	Response	1	513232	3823	3
2146	22	Pulse	5	513872	4463	2
2146	23	Picture	30	527480	0	1	4144	3	0	4000	other	0
2146	23	Pulse	5	533862	6382	3
2146	24	Picture	30	545550	0	2	4145	3	0	4000	other	0
2146	24	Pulse	5	553861	8311	3
2146	25	Picture	30	563621	0	3	4145	4	0	4000	other	0
2146	25	Pulse	5	573861	10240	2
2146	26	Picture	31	581692	0	1	4145	2	0	4000	hit	52
2146	26	Response	1	584891	3199	2
2146	26	Pulse	5	593850	12158	2
2146	27	Picture	31	599763	0	1	4144	2	0	4000	hit	55
2146	27	Response	1	604410	4647	3
2146	27	Pulse	5	613850	14087	2
2146	28	Picture	30	617833	0	1	4145	2	0	4000	other	0
2146	28	Pulse	5	633850	16017	2
2146	29	Picture	30	635904	0	1	4145	2	0	4000	other	0
2146	29	Pulse	5	653839	17935	3
2146	30	Picture	30	653975	0	1	4145	2	0	4000	other	0
2146	31	Picture	31	672046	0	1	4144	2	0	4000	hit	64
2146	31	Pulse	5	673839	1793	2
2146	31	Response	1	676399	4353	2
2146	32	Picture	30	690116	0	2	4145	3	0	4000	other	0
2146	32	Pulse	5	693828	3712	3
2146	33	Picture	30	708187	0	1	4145	2	0	4000	other	0
2146	33	Pulse	5	713828	5641	2
2146	34	Picture	30	726258	0	1	4145	2	0	4000	other	0
2146	34	Pulse	5	733827	7569	3
2146	35	Picture	30	744329	0	1	4144	2	0	4000	other	0
2146	35	Pulse	5	753827	9498	2
2146	36	Pulse	5	773817	11418	1
2146	37	Picture	10	787433	0	1	4145	3	0	4000	other	0
2146	37	Pulse	5	793816	6383	2
2146	38	Picture	10	805504	0	1	4145	2	0	4000	other	0
2146	38	Pulse	5	813816	8312	2
2146	39	Picture	11	823575	0	1	4144	2	0	4000	hit	79
2146	39	Response	1	827885	4310	2
2146	39	Pulse	5	833805	10230	2
2146	40	Picture	10	841645	0	2	4145	3	0	4000	other	0
2146	40	Pulse	5	853805	12160	2
2146	41	Picture	11	859716	0	1	4145	2	0	4000	hit	84
2146	41	Response	1	865165	5449	1
2146	41	Pulse	5	873804	14088	2
2146	42	Picture	10	877787	0	1	4145	2	0	4000	other	0
2146	42	Pulse	5	893794	16007	2
2146	43	Picture	10	895858	0	1	4144	3	0	4000	other	0
2146	43	Pulse	5	913794	17936	1
2146	44	Picture	10	913928	0	2	4145	3	0	4000	other	0
2146	45	Picture	11	931999	0	1	4145	2	0	4000	hit	93
2146	45	Pulse	5	933953	1954	2
2146	45	Response	1	936503	4504	2
2146	46	Picture	10	950068	0	3	4147	4	0	4000	other	0
2146	46	Pulse	5	953943	3875	2
2146	47	Picture	10	968141	0	1	4144	3	0	4000	other	0
2146	47	Pulse	5	973942	5801	2
2146	48	Picture	11	986211	0	2	4145	3	0	4000	hit	99
2146	48	Response	1	991062	4851	2
2146	48	Pulse	5	993942	7731	2
2146	49	Picture	10	1004282	0	1	4145	2	0	4000	other	0
2146	49	Pulse	5	1013931	9649	2
2146	50	Picture	10	1022353	0	1	4145	2	0	4000	other	0
2146	50	Pulse	5	1033931	11578	2
2146	51	Picture	10	1040424	0	1	4144	3	0	4000	other	0
2146	51	Pulse	5	1053930	13506	2
2146	52	Picture	10	1058494	0	2	4145	3	0	4000	other	0
2146	52	Pulse	5	1073920	15426	2
2146	53	Pulse	5	1093920	17355	1
2146	54	Picture	20	1101599	0	1	4145	2	0	4000	other	0
2146	54	Pulse	5	1113919	12320	2
2146	55	Picture	20	1119669	0	2	4145	4	0	4000	other	0
2146	55	Pulse	5	1133909	14240	2
2146	56	Picture	21	1137740	0	2	4145	3	0	4000	hit	115
2146	56	Response	1	1143028	5288	3
2146	56	Pulse	5	1153908	16168	3
2146	57	Picture	20	1155811	0	1	4145	2	0	4000	other	0
2146	58	Picture	20	1173882	0	1	4145	2	0	4000	other	0
2146	58	Pulse	5	1173908	26	2
2146	59	Picture	20	1191953	0	1	4144	3	0	4000	other	0
2146	59	Pulse	5	1193897	1944	4
2146	60	Picture	21	1210023	0	2	4145	3	0	4000	hit	124
2146	60	Pulse	5	1213897	3874	3
2146	60	Response	1	1214057	4034	2
2146	61	Picture	20	1228094	0	1	4145	2	0	4000	other	0
2146	61	Pulse	5	1233896	5802	4
2146	62	Picture	20	1246165	0	1	4145	2	0	4000	other	0
2146	62	Pulse	5	1253886	7721	2
2146	63	Picture	20	1264236	0	1	4144	3	0	4000	other	0
2146	63	Pulse	5	1273886	9650	1
2146	64	Picture	20	1282306	0	2	4145	3	0	4000	other	0
2146	64	Pulse	5	1293885	11579	2
2146	65	Picture	20	1300377	0	1	4145	2	0	4000	other	0
2146	65	Pulse	5	1313875	13498	2
2146	66	Picture	21	1318448	0	1	4145	2	0	4000	hit	136
2146	66	Response	1	1326354	7906	3
2146	66	Pulse	5	1333874	15426	2
2146	67	Picture	20	1336519	0	1	4144	3	0	4000	other	0
2146	67	Pulse	5	1353874	17355	2
2146	68	Picture	20	1354589	0	2	4145	3	0	4000	other	0
2146	69	Picture	21	1372660	0	1	4145	2	0	4000	hit	143
2146	69	Pulse	5	1373863	1203	2
2146	69	Response	1	1378183	5523	2
2146	70	Pulse	5	1393863	3132	2
2146	70	Pulse	5	1413863	23132	1
2146	71	Picture	10	1415765	0	1	4144	3	0	4000	other	0
2146	72	Picture	10	1433835	0	2	4145	3	0	4000	other	0
2146	72	Pulse	5	1433852	17	2
2146	73	Picture	11	1451906	0	1	4145	2	0	4000	hit	151
2146	73	Pulse	5	1453852	1946	2
2146	73	Response	1	1455292	3386	2
2146	74	Picture	10	1469977	0	1	4145	2	0	4000	other	0
2146	74	Pulse	5	1473851	3874	2
2146	75	Picture	11	1488048	0	1	4144	2	0	4000	hit	155
2146	75	Response	1	1493361	5313	2
2146	75	Pulse	5	1493841	5793	2
2146	76	Picture	10	1506118	0	2	4145	3	0	4000	other	0
2146	76	Pulse	5	1513840	7722	2
2146	77	Picture	10	1524189	0	1	4145	2	0	4000	other	0
2146	77	Pulse	5	1533840	9651	2
2146	78	Picture	11	1542260	0	1	4145	2	0	4000	hit	162
2146	78	Response	1	1546150	3890	2
2146	78	Pulse	5	1553830	11570	1
2146	79	Picture	10	1560331	0	1	4144	3	0	4000	other	0
2146	79	Pulse	5	1573830	13499	1
2146	80	Picture	10	1578401	0	2	4145	3	0	4000	other	0
2146	80	Pulse	5	1593829	15428	1
2146	81	Picture	10	1596472	0	1	4145	2	0	4000	other	0
2146	81	Pulse	5	1613818	17346	3
2146	82	Picture	10	1614543	0	1	4145	3	0	4000	other	0
2146	83	Picture	10	1632614	0	1	4144	3	0	4000	other	0
2146	83	Pulse	5	1633818	1204	2
2146	84	Picture	11	1650684	0	2	4145	3	0	4000	hit	175
2146	84	Pulse	5	1653817	3133	3
2146	84	Response	1	1653977	3293	3
2146	85	Picture	10	1668755	0	1	4145	2	0	4000	other	0
2146	85	Pulse	5	1673807	5052	2
2146	86	Picture	10	1686826	0	1	4145	2	0	4000	other	0
2146	86	Pulse	5	1693806	6980	2
2146	87	Pulse	5	1713796	8899	2
2146	88	Picture	30	1729930	0	2	4144	5	0	4000	other	0
2146	88	Pulse	5	1733796	3866	2
2146	89	Picture	30	1748001	0	1	4145	2	0	4000	other	0
2146	89	Pulse	5	1753795	5794	2
2146	90	Picture	30	1766072	0	1	4145	2	0	4000	other	0
2146	90	Pulse	5	1773785	7713	2
2146	91	Picture	31	1784143	0	1	4144	3	0	4000	hit	188
2146	91	Response	1	1787704	3561	4
2146	91	Pulse	5	1793784	9641	3
2146	92	Picture	31	1802213	0	2	4145	3	0	4000	hit	191
2146	92	Response	1	1805784	3571	2
2146	92	Pulse	5	1813784	11571	2
2146	93	Picture	30	1820284	0	1	4145	2	0	4000	other	0
2146	93	Pulse	5	1833784	13500	1
2146	94	Picture	30	1838355	0	1	4145	2	0	4000	other	0
2146	94	Pulse	5	1853773	15418	2
2146	95	Picture	30	1856426	0	1	4144	3	0	4000	other	0
2146	95	Pulse	5	1873772	17346	3
2146	96	Picture	31	1874496	0	2	4145	3	0	4000	hit	200
2146	96	Response	1	1879052	4556	2
2146	97	Picture	30	1892567	0	1	4145	2	0	4000	other	0
2146	97	Pulse	5	1893772	1205	2
2146	98	Picture	30	1910638	0	1	4145	2	0	4000	other	0
2146	98	Pulse	5	1913762	3124	2
2146	99	Picture	30	1928709	0	1	4144	3	0	4000	other	0
2146	99	Pulse	5	1933761	5052	2
2146	100	Picture	30	1946779	0	2	4145	3	0	4000	other	0
2146	100	Pulse	5	1953761	6982	2
2146	101	Picture	31	1964850	0	1	4145	2	0	4000	hit	210
2146	101	Response	1	1972150	7300	2
2146	101	Pulse	5	1973910	9060	3
2146	102	Picture	30	1982921	0	1	4145	2	0	4000	other	0
2146	102	Pulse	5	1993910	10989	2
2146	103	Picture	30	2000992	0	1	4144	3	0	4000	other	0
2146	103	Pulse	5	2013899	12907	3
2146	104	Pulse	5	2033899	14837	2
2146	105	Picture	10	2044096	0	1	4145	2	0	4000	other	0
2146	105	Pulse	5	2053899	9803	1
2146	106	Picture	10	2062167	0	1	4145	2	0	4000	other	0
2146	106	Pulse	5	2073898	11731	2
2146	107	Picture	11	2080238	0	1	4144	3	0	4000	hit	222
2146	107	Response	1	2083968	3730	2
2146	107	Pulse	5	2093888	13650	2
2146	108	Picture	10	2098309	0	1	4144	2	0	4000	other	0
2146	108	Pulse	5	2113887	15578	3
2146	109	Picture	11	2116379	0	1	4145	2	0	4000	hit	227
2146	109	Response	1	2121567	5188	2
2146	109	Pulse	5	2133887	17508	2
2146	110	Picture	10	2134450	0	1	4145	2	0	4000	other	0
2146	111	Picture	10	2152521	0	1	4144	3	0	4000	other	0
2146	111	Pulse	5	2153876	1355	2
2146	112	Picture	11	2170592	0	1	4144	2	0	4000	hit	233
2146	112	Response	1	2173876	3284	2
2146	112	Pulse	5	2173876	3284	2
2146	113	Picture	10	2188662	0	1	4145	2	0	4000	other	0
2146	113	Pulse	5	2193876	5214	1
2146	114	Picture	10	2206733	0	1	4145	2	0	4000	other	0
2146	114	Pulse	5	2213865	7132	2
2146	115	Picture	10	2224804	0	1	4144	3	0	4000	other	0
2146	115	Pulse	5	2233865	9061	1
2146	116	Picture	10	2242874	0	2	4145	3	0	4000	other	0
2146	116	Pulse	5	2253864	10990	2
2146	117	Picture	10	2260945	0	1	4145	2	0	4000	other	0
2146	117	Pulse	5	2273854	12909	2
2146	118	Picture	11	2279016	0	1	4145	2	0	4000	hit	246
2146	118	Response	1	2283453	4437	2
2146	118	Pulse	5	2293854	14838	1
2146	119	Picture	10	2297087	0	1	4144	3	0	4000	other	0
2146	119	Pulse	5	2313853	16766	2
2146	120	Picture	10	2315157	0	2	4145	3	0	4000	other	0
2146	121	Pulse	5	2333842	614	2
2146	121	Pulse	5	2353842	20614	2
2146	122	Picture	20	2358262	0	1	4145	2	0	4000	other	0
2146	122	Pulse	5	2373842	15580	1
2146	123	Picture	20	2376333	0	1	4144	3	0	4000	other	0
2146	123	Pulse	5	2393831	17498	2
2146	124	Picture	20	2394404	0	1	4144	2	0	4000	other	0
2146	125	Picture	21	2412474	0	1	4145	2	0	4000	hit	260
2146	125	Pulse	5	2413831	1357	1
2146	125	Response	1	2427750	15276	2
2146	126	Picture	20	2430544	0	3	4146	4	0	4000	other	0
2146	126	Pulse	5	2433830	3286	2
2146	127	Picture	20	2448616	0	1	4144	3	0	4000	other	0
2146	127	Pulse	5	2453820	5204	2
2146	128	Picture	21	2466687	0	1	4144	2	0	4000	hit	266
2146	128	Response	1	2470619	3932	2
2146	128	Pulse	5	2473819	7132	2
2146	129	Picture	20	2484757	0	1	4145	2	0	4000	other	0
2146	129	Pulse	5	2493819	9062	2
2146	130	Picture	20	2502828	0	1	4145	2	0	4000	other	0
2146	130	Pulse	5	2513808	10980	2
2146	131	Picture	20	2520899	0	1	4144	3	0	4000	other	0
2146	131	Pulse	5	2533808	12909	2
2146	132	Picture	21	2538970	0	1	4144	2	0	4000	hit	275
2146	132	Response	1	2542128	3158	2
2146	132	Pulse	5	2553808	14838	1
2146	133	Picture	20	2557040	0	2	4144	4	0	4000	other	0
2146	133	Pulse	5	2573797	16757	3
2146	134	Picture	20	2575111	0	1	4145	2	0	4000	other	0
2146	135	Picture	21	2593182	0	1	4144	3	0	4000	hit	282
2146	135	Pulse	5	2593797	615	2
2146	135	Response	1	2597316	4134	3
2146	136	Picture	20	2611252	0	2	4144	5	0	4000	other	0
2146	136	Pulse	5	2613786	2534	2
2146	137	Picture	20	2629323	0	1	4145	2	0	4000	other	0
2146	137	Pulse	5	2633786	4463	2
