Scenario - 1-back
Logfile written - 12/19/2014 11:56:44

Subject	Trial	Event Type	Code	Time	TTime	Uncertainty	Duration	Uncertainty	ReqTime	ReqDur	Stim Type	Pair Index

2146	1	Pulse	5	283562	293396	2
2146	2	Pulse	5	303562	19955	1
2146	3	Picture	10	308641	0	1	4145	2	0	4000	other	0
2146	3	Pulse	5	323561	14920	2
2146	4	Picture	10	326712	0	1	4144	3	0	4000	other	0
2146	4	Pulse	5	343551	16839	1
2146	5	Picture	11	344782	0	2	4145	3	0	4000	miss	0
2146	6	Picture	10	362853	0	1	4145	2	0	4000	other	0
2146	6	Pulse	5	363550	697	2
2146	7	Picture	11	380924	0	1	4145	2	0	4000	hit	12
2146	7	Pulse	5	383550	2626	2
2146	7	Response	1	384990	4066	2
2146	8	Picture	10	398995	0	1	4144	3	0	4000	other	0
2146	8	Pulse	5	403539	4544	3
2146	9	Picture	10	417065	0	2	4145	3	0	4000	other	0
2146	9	Pulse	5	423539	6474	2
2146	10	Picture	10	435136	0	1	4145	2	0	4000	other	0
2146	10	Pulse	5	443538	8402	3
2146	11	Picture	11	453207	0	1	4144	3	0	4000	hit	20
2146	11	Response	1	456808	3601	2
2146	11	Pulse	5	463528	10321	2
2146	12	Picture	10	471278	0	1	4144	2	0	4000	other	0
2146	12	Pulse	5	483528	12250	2
2146	13	Picture	10	489348	0	2	4145	3	0	4000	other	0
2146	13	Pulse	5	503517	14169	2
2146	14	Picture	11	507419	0	1	4145	2	0	4000	hit	27
2146	14	Response	1	511037	3618	2
2146	14	Pulse	5	523517	16098	2
2146	15	Picture	10	525490	0	1	4145	2	0	4000	other	0
2146	15	Pulse	5	543516	18026	2
2146	16	Picture	10	543561	0	1	4144	2	0	4000	other	0
2146	17	Picture	10	561631	0	2	4145	4	0	4000	other	0
2146	17	Pulse	5	563516	1885	2
2146	18	Picture	10	579702	0	1	4145	2	0	4000	other	0
2146	18	Pulse	5	583505	3803	2
2146	19	Pulse	5	603505	5732	2
2146	20	Picture	20	622807	0	1	4144	2	0	4000	other	0
2146	20	Pulse	5	623505	698	1
2146	21	Picture	20	640877	0	2	4145	3	0	4000	other	0
2146	21	Pulse	5	643494	2617	2
2146	22	Picture	21	658948	0	1	4145	2	0	4000	hit	43
2146	22	Pulse	5	663494	4546	1
2146	22	Response	1	666374	7426	1
2146	23	Picture	20	677019	0	1	4144	3	0	4000	other	0
2146	23	Pulse	5	683493	6474	2
2146	24	Picture	20	695090	0	1	4144	2	0	4000	other	0
2146	24	Pulse	5	703483	8393	3
2146	25	Picture	20	713160	0	1	4145	2	0	4000	other	0
2146	25	Pulse	5	723482	10322	2
2146	26	Picture	21	731231	0	1	4145	2	0	4000	hit	51
2146	26	Response	1	735002	3771	2
2146	26	Pulse	5	743472	12241	3
2146	27	Picture	20	749302	0	1	4144	3	0	4000	other	0
2146	27	Pulse	5	763471	14169	3
2146	28	Picture	20	767373	0	1	4144	2	0	4000	other	0
2146	28	Pulse	5	783471	16098	3
2146	29	Picture	20	785443	0	1	4145	2	0	4000	other	0
2146	29	Pulse	5	803470	18027	3
2146	30	Picture	20	803514	0	1	4145	2	0	4000	other	0
2146	31	Picture	20	821585	0	1	4144	3	0	4000	other	0
2146	31	Pulse	5	823460	1875	2
2146	32	Picture	21	839656	0	1	4144	2	0	4000	hit	63
2146	32	Response	1	843140	3484	2
2146	32	Pulse	5	843460	3804	2
2146	33	Picture	20	857726	0	3	4145	4	0	4000	other	0
2146	33	Pulse	5	863459	5733	2
2146	34	Picture	20	875797	0	1	4145	2	0	4000	other	0
2146	34	Pulse	5	883449	7652	2
2146	35	Picture	21	893868	0	1	4144	3	0	4000	hit	70
2146	35	Response	1	898328	4460	3
2146	35	Pulse	5	903448	9580	3
2146	36	Pulse	5	923448	11510	2
2146	37	Picture	10	936972	0	1	4145	2	0	4000	other	0
2146	37	Pulse	5	943438	6466	1
2146	38	Picture	10	955043	0	1	4145	2	0	4000	other	0
2146	38	Pulse	5	963437	8394	2
2146	39	Picture	11	973114	0	1	4144	3	0	4000	hit	78
2146	39	Response	1	977197	4083	2
2146	39	Pulse	5	983437	10323	2
2146	40	Picture	10	991184	0	2	4145	3	0	4000	other	0
2146	40	Pulse	5	1003586	12402	2
2146	41	Picture	11	1009255	0	1	4145	2	0	4000	hit	83
2146	41	Response	1	1013186	3931	2
2146	41	Pulse	5	1023586	14331	2
2146	42	Picture	10	1027326	0	1	4144	3	0	4000	other	0
2146	42	Pulse	5	1043585	16259	2
2146	43	Picture	10	1045397	0	1	4144	3	0	4000	other	0
2146	44	Picture	10	1063467	0	2	4145	3	0	4000	other	0
2146	44	Pulse	5	1063576	109	1
2146	45	Picture	11	1081538	0	1	4145	2	0	4000	hit	92
2146	45	Pulse	5	1083574	2036	2
2146	45	Response	1	1085334	3796	2
2146	46	Picture	10	1099609	0	1	4144	3	0	4000	other	0
2146	46	Pulse	5	1103574	3965	2
2146	47	Picture	10	1117680	0	1	4144	2	0	4000	other	0
2146	47	Pulse	5	1123564	5884	1
2146	48	Picture	11	1135750	0	2	4145	3	0	4000	hit	98
2146	48	Response	1	1139723	3973	2
2146	48	Pulse	5	1143563	7813	2
2146	49	Picture	10	1153821	0	1	4145	2	0	4000	other	0
2146	49	Pulse	5	1163563	9742	2
2146	50	Picture	10	1171892	0	1	4143	4	0	4000	other	0
2146	50	Pulse	5	1183552	11660	2
2146	51	Picture	10	1189963	0	1	4144	2	0	4000	other	0
2146	51	Pulse	5	1203552	13589	2
2146	52	Picture	10	1208033	0	2	4145	3	0	4000	other	0
2146	52	Pulse	5	1223551	15518	2
2146	53	Pulse	5	1243541	17437	2
2146	54	Picture	30	1251138	0	1	4144	3	0	4000	other	0
2146	54	Pulse	5	1263540	12402	2
2146	55	Picture	30	1269209	0	1	4144	2	0	4000	other	0
2146	55	Pulse	5	1283540	14331	2
2146	56	Picture	31	1287279	0	2	4145	3	0	4000	hit	114
2146	56	Response	1	1294090	6811	2
2146	56	Pulse	5	1303530	16251	1
2146	57	Picture	30	1305350	0	1	4145	2	0	4000	other	0
2146	58	Picture	30	1323421	0	1	4145	2	0	4000	other	0
2146	58	Pulse	5	1323529	108	2
2146	59	Picture	30	1341492	0	1	4144	2	0	4000	other	0
2146	59	Pulse	5	1343529	2037	2
2146	60	Picture	31	1359562	0	2	4145	3	0	4000	miss	0
2146	60	Pulse	5	1363518	3956	3
2146	61	Picture	31	1377633	0	1	4145	2	0	4000	miss	0
2146	61	Pulse	5	1383518	5885	2
2146	62	Picture	30	1395704	0	1	4144	3	0	4000	false_alarm	126
2146	62	Response	1	1401917	6213	3
2146	62	Pulse	5	1403517	7813	3
2146	63	Picture	30	1413775	0	1	4144	2	0	4000	other	0
2146	63	Pulse	5	1423507	9732	2
2146	64	Picture	30	1431845	0	2	4145	3	0	4000	other	0
2146	64	Pulse	5	1443507	11662	1
2146	65	Picture	31	1449916	0	1	4145	2	0	4000	hit	133
2146	65	Response	1	1453746	3830	2
2146	65	Pulse	5	1463506	13590	2
2146	66	Picture	30	1467987	0	1	4144	3	0	4000	other	0
2146	66	Pulse	5	1483495	15508	3
2146	67	Picture	30	1486058	0	1	4144	2	0	4000	other	0
2146	67	Pulse	5	1503494	17436	4
2146	68	Picture	30	1504128	0	1	4145	2	0	4000	other	0
2146	69	Picture	30	1522199	0	1	4145	2	0	4000	other	0
2146	69	Pulse	5	1523494	1295	3
2146	70	Pulse	5	1543484	3214	2
2146	70	Pulse	5	1563484	23214	2
2146	71	Picture	10	1565304	0	1	4144	2	0	4000	other	0
2146	72	Picture	10	1583374	0	2	4145	3	0	4000	other	0
2146	72	Pulse	5	1583473	99	3
2146	73	Picture	11	1601445	0	1	4145	2	0	4000	hit	149
2146	73	Pulse	5	1603473	2028	2
2146	73	Response	1	1607793	6348	2
2146	74	Picture	10	1619516	0	2	4144	4	0	4000	other	0
2146	74	Pulse	5	1623473	3957	2
2146	75	Picture	11	1637586	0	2	4145	3	0	4000	hit	153
2146	75	Response	1	1641382	3796	2
2146	75	Pulse	5	1643462	5876	3
2146	76	Picture	10	1655657	0	1	4145	2	0	4000	other	0
2146	76	Pulse	5	1663462	7805	2
2146	77	Picture	10	1673728	0	1	4145	2	0	4000	other	0
2146	77	Pulse	5	1683461	9733	2
2146	78	Picture	11	1691799	0	1	4144	3	0	4000	hit	160
2146	78	Response	1	1695461	3662	2
2146	78	Pulse	5	1703451	11652	2
2146	79	Picture	10	1709869	0	2	4145	3	0	4000	other	0
2146	79	Pulse	5	1723450	13581	2
2146	80	Picture	10	1727940	0	1	4145	2	0	4000	other	0
2146	80	Pulse	5	1743450	15510	2
2146	81	Picture	10	1746011	0	1	4145	2	0	4000	other	0
2146	81	Pulse	5	1763450	17439	1
2146	82	Picture	10	1764081	0	2	4145	4	0	4000	other	0
2146	83	Picture	10	1782153	0	1	4144	2	0	4000	other	0
2146	83	Pulse	5	1783439	1286	2
2146	84	Picture	11	1800223	0	1	4145	2	0	4000	hit	173
2146	84	Pulse	5	1803439	3216	2
2146	84	Response	1	1803759	3536	2
2146	85	Picture	10	1818294	0	1	4144	3	0	4000	other	0
2146	85	Pulse	5	1823438	5144	3
2146	86	Picture	10	1836365	0	1	4144	3	0	4000	other	0
2146	86	Pulse	5	1843428	7063	3
2146	87	Pulse	5	1863427	8992	3
2146	88	Picture	20	1879469	0	1	4145	2	0	4000	other	0
2146	88	Pulse	5	1883427	3958	3
2146	89	Picture	20	1897540	0	1	4145	2	0	4000	other	0
2146	89	Pulse	5	1903416	5876	2
2146	90	Picture	20	1915611	0	1	4144	3	0	4000	other	0
2146	90	Pulse	5	1923416	7805	2
2146	91	Picture	21	1933681	0	2	4144	5	0	4000	hit	186
2146	91	Response	1	1937976	4295	2
2146	91	Pulse	5	1943416	9735	1
2146	92	Picture	20	1951752	0	1	4145	2	0	4000	other	0
2146	92	Pulse	5	1963405	11653	2
2146	93	Picture	20	1969823	0	1	4145	2	0	4000	other	0
2146	93	Pulse	5	1983405	13582	2
2146	94	Picture	21	1987894	0	1	4144	3	0	4000	hit	193
2146	94	Response	1	1991565	3671	1
2146	94	Pulse	5	2003404	15510	2
2146	95	Picture	20	2005964	0	2	4145	3	0	4000	other	0
2146	95	Pulse	5	2023394	17430	2
2146	96	Picture	20	2024035	0	1	4145	2	0	4000	other	0
2146	97	Picture	20	2042106	0	1	4145	2	0	4000	other	0
2146	97	Pulse	5	2043553	1447	2
2146	98	Picture	21	2060177	0	1	4144	3	0	4000	hit	202
2146	98	Pulse	5	2063553	3376	2
2146	98	Response	1	2066583	6406	2
2146	99	Picture	20	2078247	0	2	4145	3	0	4000	other	0
2146	99	Pulse	5	2083543	5296	1
2146	100	Picture	20	2096318	0	1	4145	2	0	4000	other	0
2146	100	Pulse	5	2103542	7224	2
2146	101	Picture	21	2114389	0	1	4145	2	0	4000	hit	208
2146	101	Response	1	2118582	4193	2
2146	101	Pulse	5	2123542	9153	2
2146	102	Picture	20	2132460	0	1	4144	2	0	4000	other	0
2146	102	Pulse	5	2143531	11071	2
2146	103	Picture	20	2150530	0	2	4145	3	0	4000	other	0
2146	103	Pulse	5	2163531	13001	2
2146	104	Pulse	5	2183531	14930	1
2146	105	Picture	10	2193635	0	1	4145	2	0	4000	other	0
2146	105	Pulse	5	2203520	9885	2
2146	106	Picture	10	2211706	0	1	4144	3	0	4000	other	0
2146	106	Pulse	5	2223519	11813	2
2146	107	Picture	11	2229776	0	2	4145	3	0	4000	hit	220
2146	107	Response	1	2233919	4143	2
2146	107	Pulse	5	2243519	13743	2
2146	108	Picture	10	2247847	0	1	4145	2	0	4000	other	0
2146	108	Pulse	5	2263509	15662	1
2146	109	Picture	11	2265918	0	1	4145	2	0	4000	hit	225
2146	109	Response	1	2269588	3670	2
2146	109	Pulse	5	2283508	17590	3
2146	110	Picture	10	2283988	0	2	4145	3	0	4000	other	0
2146	111	Picture	10	2302059	0	2	4145	3	0	4000	other	0
2146	111	Pulse	5	2303508	1449	2
2146	112	Picture	11	2320130	0	1	4145	2	0	4000	hit	232
2146	112	Pulse	5	2323497	3367	3
2146	112	Response	1	2324777	4647	3
2146	113	Picture	10	2338201	0	1	4144	3	0	4000	other	0
2146	113	Pulse	5	2343497	5296	2
2146	114	Picture	10	2356272	0	1	4144	3	0	4000	other	0
2146	114	Pulse	5	2363496	7224	3
2146	115	Picture	10	2374342	0	2	4145	3	0	4000	other	0
2146	115	Pulse	5	2383486	9144	2
2146	116	Picture	10	2392413	0	1	4145	2	0	4000	other	0
2146	116	Pulse	5	2403486	11073	1
2146	117	Picture	10	2410484	0	1	4145	2	0	4000	other	0
2146	117	Pulse	5	2423485	13001	2
2146	118	Picture	11	2428555	0	1	4144	2	0	4000	hit	244
2146	118	Response	1	2431955	3400	2
2146	118	Pulse	5	2443475	14920	1
2146	119	Picture	10	2446625	0	2	4145	3	0	4000	other	0
2146	119	Pulse	5	2463474	16849	2
2146	120	Picture	10	2464696	0	1	4145	2	0	4000	other	0
2146	121	Pulse	5	2483474	707	2
2146	121	Pulse	5	2503463	20696	3
2146	122	Picture	30	2507801	0	1	4144	4	0	4000	other	0
2146	122	Pulse	5	2523463	15662	2
2146	123	Picture	30	2525871	0	2	4145	3	0	4000	other	0
2146	123	Pulse	5	2543462	17591	2
2146	124	Picture	30	2543942	0	1	4145	2	0	4000	other	0
2146	125	Picture	31	2562013	0	1	4144	3	0	4000	miss	0
2146	125	Pulse	5	2563452	1439	2
2146	126	Picture	31	2580084	0	1	4144	3	0	4000	hit	260
2146	126	Pulse	5	2583452	3368	1
2146	126	Response	1	2591611	11527	2
2146	127	Picture	30	2598154	0	2	4145	3	0	4000	other	0
2146	127	Pulse	5	2603451	5297	2
2146	128	Picture	30	2616225	0	1	4145	2	0	4000	other	0
2146	128	Pulse	5	2623441	7216	2
2146	129	Picture	30	2634294	0	4	4147	5	0	4000	other	0
2146	129	Pulse	5	2643440	9146	2
2146	130	Picture	31	2652367	0	1	4144	2	0	4000	miss	0
2146	130	Pulse	5	2663440	11073	2
2146	131	Picture	30	2670437	0	2	4145	3	0	4000	other	0
2146	131	Pulse	5	2683429	12992	2
2146	132	Picture	30	2688508	0	1	4145	2	0	4000	other	0
2146	132	Pulse	5	2703429	14921	2
2146	133	Picture	30	2706579	0	1	4145	2	0	4000	other	0
2146	133	Pulse	5	2723429	16850	2
2146	134	Picture	30	2724650	0	1	4144	3	0	4000	other	0
2146	135	Picture	31	2742720	0	2	4145	3	0	4000	miss	0
2146	135	Pulse	5	2743418	698	2
2146	136	Picture	30	2760791	0	1	4145	2	0	4000	other	0
2146	136	Pulse	5	2763418	2627	1
2146	137	Picture	30	2778862	0	1	4145	2	0	4000	false_alarm	282
2146	137	Pulse	5	2783417	4555	2
2146	137	Response	1	2785327	6465	2
