Scenario - 1-back
Logfile written - 12/19/2014 12:01:51

Subject	Trial	Event Type	Code	Time	TTime	Uncertainty	Duration	Uncertainty	ReqTime	ReqDur	Stim Type	Pair Index

2146	1	Pulse	5	126013	135847	2
2146	2	Pulse	5	146014	19904	1
2146	3	Picture	10	151144	0	1	4144	3	0	4000	other	0
2146	3	Pulse	5	166003	14859	1
2146	4	Picture	10	169214	0	2	4145	3	0	4000	other	0
2146	4	Pulse	5	186002	16788	2
2146	5	Picture	11	187285	0	1	4145	2	0	4000	hit	8
2146	5	Response	1	191282	3997	2
2146	6	Picture	10	205356	0	1	4145	2	0	4000	other	0
2146	6	Pulse	5	206002	646	2
2146	7	Picture	11	223427	0	1	4144	3	0	4000	hit	13
2146	7	Pulse	5	225991	2564	2
2146	7	Response	1	226791	3364	2
2146	8	Picture	10	241497	0	2	4145	3	0	4000	other	0
2146	8	Pulse	5	245991	4494	2
2146	9	Picture	10	259568	0	1	4145	2	0	4000	other	0
2146	9	Pulse	5	265990	6422	2
2146	10	Picture	10	277639	0	1	4145	2	0	4000	other	0
2146	10	Pulse	5	285980	8341	2
2146	11	Picture	11	295710	0	1	4144	3	0	4000	hit	21
2146	11	Response	1	299580	3870	2
2146	11	Pulse	5	305979	10269	3
2146	12	Picture	10	313780	0	2	4145	3	0	4000	other	0
2146	12	Pulse	5	325979	12199	3
2146	13	Picture	10	331851	0	1	4145	2	0	4000	other	0
2146	13	Pulse	5	345969	14118	1
2146	14	Picture	11	349922	0	1	4145	2	0	4000	hit	28
2146	14	Response	1	353808	3886	2
2146	14	Pulse	5	365968	16046	2
2146	15	Picture	10	367993	0	1	4144	2	0	4000	other	0
2146	15	Pulse	5	385968	17975	2
2146	16	Picture	10	386063	0	2	4145	3	0	4000	other	0
2146	17	Picture	10	404134	0	1	4145	2	0	4000	other	0
2146	17	Pulse	5	405957	1823	2
2146	18	Picture	10	422205	0	1	4145	2	0	4000	other	0
2146	18	Pulse	5	425957	3752	2
2146	19	Pulse	5	445956	5680	2
2146	20	Picture	30	465309	0	2	4145	3	0	4000	other	0
2146	20	Pulse	5	465946	637	2
2146	21	Picture	30	483380	0	1	4145	2	0	4000	other	0
2146	21	Pulse	5	485946	2566	1
2146	22	Picture	31	501451	0	1	4145	2	0	4000	hit	43
2146	22	Response	1	505145	3694	2
2146	22	Pulse	5	505945	4494	2
2146	23	Picture	30	519522	0	1	4144	2	0	4000	other	0
2146	23	Pulse	5	525935	6413	2
2146	24	Picture	30	537592	0	2	4145	3	0	4000	other	0
2146	24	Pulse	5	545934	8342	2
2146	25	Picture	30	555663	0	1	4145	2	0	4000	other	0
2146	25	Pulse	5	565934	10271	2
2146	26	Picture	31	573734	0	2	4145	3	0	4000	hit	52
2146	26	Response	1	581443	7709	2
2146	26	Pulse	5	585923	12189	2
2146	27	Picture	31	591804	0	3	4145	5	0	4000	miss	0
2146	27	Pulse	5	605923	14119	2
2146	28	Picture	30	609875	0	2	4145	3	0	4000	other	0
2146	28	Pulse	5	625922	16047	2
2146	29	Picture	30	627946	0	1	4145	2	0	4000	other	0
2146	29	Pulse	5	645912	17966	2
2146	30	Picture	30	646017	0	1	4145	2	0	4000	other	0
2146	31	Picture	31	664087	0	2	4145	4	0	4000	hit	63
2146	31	Pulse	5	665912	1825	1
2146	31	Response	1	667672	3585	1
2146	32	Picture	30	682158	0	2	4145	3	0	4000	other	0
2146	32	Pulse	5	685911	3753	2
2146	33	Picture	30	700229	0	1	4145	2	0	4000	other	0
2146	33	Pulse	5	705901	5672	2
2146	34	Picture	30	718300	0	1	4145	2	0	4000	other	0
2146	34	Pulse	5	725900	7600	2
2146	35	Picture	30	736370	0	2	4145	4	0	4000	other	0
2146	35	Pulse	5	745900	9530	3
2146	36	Pulse	5	765889	11448	3
2146	37	Picture	10	779475	0	1	4145	2	0	4000	other	0
2146	37	Pulse	5	785889	6414	2
2146	38	Picture	10	797546	0	1	4144	3	0	4000	other	0
2146	38	Pulse	5	805888	8342	3
2146	39	Picture	11	815617	0	1	4144	2	0	4000	hit	78
2146	39	Response	1	819478	3861	2
2146	39	Pulse	5	825878	10261	2
2146	40	Picture	10	833687	0	2	4145	3	0	4000	other	0
2146	40	Pulse	5	845878	12191	2
2146	41	Picture	11	851758	0	1	4145	2	0	4000	hit	83
2146	41	Response	1	856277	4519	2
2146	41	Pulse	5	865877	14119	2
2146	42	Picture	10	869829	0	1	4145	2	0	4000	other	0
2146	42	Pulse	5	885866	16037	3
2146	43	Picture	10	887900	0	1	4144	2	0	4000	other	0
2146	43	Pulse	5	905866	17966	2
2146	44	Picture	10	905970	0	2	4145	3	0	4000	other	0
2146	45	Picture	11	924041	0	1	4145	2	0	4000	hit	92
2146	45	Pulse	5	925856	1815	2
2146	45	Response	1	927456	3415	2
2146	46	Picture	10	942112	0	1	4144	3	0	4000	other	0
2146	46	Pulse	5	945856	3744	1
2146	47	Picture	10	960183	0	1	4144	3	0	4000	other	0
2146	47	Pulse	5	965855	5672	2
2146	48	Picture	11	978253	0	2	4145	3	0	4000	hit	98
2146	48	Response	1	981215	2962	3
2146	48	Pulse	5	985855	7602	1
2146	49	Picture	10	996324	0	1	4145	2	0	4000	other	0
2146	49	Pulse	5	1005844	9520	2
2146	50	Picture	10	1014395	0	1	4144	3	0	4000	other	0
2146	50	Pulse	5	1025844	11449	2
2146	51	Picture	10	1032466	0	1	4144	2	0	4000	other	0
2146	51	Pulse	5	1045843	13377	2
2146	52	Picture	10	1050536	0	2	4145	3	0	4000	other	0
2146	52	Pulse	5	1065833	15297	2
2146	53	Pulse	5	1085832	17225	2
2146	54	Picture	20	1093641	0	1	4144	3	0	4000	other	0
2146	54	Pulse	5	1105992	12351	2
2146	55	Picture	20	1111712	0	1	4144	3	0	4000	other	0
2146	55	Pulse	5	1125982	14270	1
2146	56	Picture	21	1129782	0	2	4145	3	0	4000	hit	114
2146	56	Response	1	1133981	4199	2
2146	56	Pulse	5	1145981	16199	2
2146	57	Picture	20	1147853	0	1	4145	2	0	4000	other	0
2146	58	Picture	20	1165924	0	1	4145	2	0	4000	other	0
2146	58	Pulse	5	1165981	57	3
2146	59	Picture	20	1183995	0	1	4144	2	0	4000	other	0
2146	59	Pulse	5	1185970	1975	2
2146	60	Picture	21	1202065	0	2	4145	3	0	4000	hit	122
2146	60	Response	1	1205330	3265	2
2146	60	Pulse	5	1205970	3905	2
2146	61	Picture	20	1220136	0	1	4145	2	0	4000	other	0
2146	61	Pulse	5	1225969	5833	2
2146	62	Picture	20	1238207	0	1	4145	2	0	4000	other	0
2146	62	Pulse	5	1245959	7752	2
2146	63	Picture	20	1256278	0	1	4144	3	0	4000	other	0
2146	63	Pulse	5	1265958	9680	3
2146	64	Picture	20	1274348	0	2	4145	3	0	4000	other	0
2146	64	Pulse	5	1285958	11610	3
2146	65	Picture	20	1292419	0	1	4145	2	0	4000	other	0
2146	65	Pulse	5	1305948	13529	1
2146	66	Picture	21	1310490	0	1	4145	2	0	4000	hit	135
2146	66	Response	1	1313947	3457	2
2146	66	Pulse	5	1325947	15457	2
2146	67	Picture	20	1328561	0	1	4144	2	0	4000	other	0
2146	67	Pulse	5	1345947	17386	2
2146	68	Picture	20	1346631	0	2	4145	3	0	4000	other	0
2146	69	Picture	21	1364702	0	1	4145	2	0	4000	hit	142
2146	69	Pulse	5	1365937	1235	1
2146	69	Response	1	1370256	5554	2
2146	70	Pulse	5	1385936	3163	2
2146	70	Pulse	5	1405935	23162	2
2146	71	Picture	10	1407807	0	1	4144	2	0	4000	other	0
2146	72	Picture	10	1425877	0	2	4145	3	0	4000	other	0
2146	72	Pulse	5	1425925	48	2
2146	73	Picture	11	1443948	0	1	4145	3	0	4000	hit	150
2146	73	Pulse	5	1445925	1977	1
2146	73	Response	1	1448165	4217	1
2146	74	Picture	10	1462019	0	1	4144	3	0	4000	other	0
2146	74	Pulse	5	1465924	3905	2
2146	75	Picture	11	1480090	0	1	4144	3	0	4000	hit	154
2146	75	Response	1	1484314	4224	2
2146	75	Pulse	5	1485914	5824	2
2146	76	Picture	10	1498160	0	2	4145	3	0	4000	other	0
2146	76	Pulse	5	1505913	7753	2
2146	77	Picture	10	1516231	0	1	4145	2	0	4000	other	0
2146	77	Pulse	5	1525913	9682	2
2146	78	Picture	11	1534302	0	1	4145	2	0	4000	hit	161
2146	78	Response	1	1537263	2961	1
2146	78	Pulse	5	1545902	11600	3
2146	79	Picture	10	1552372	0	2	4145	3	0	4000	other	0
2146	79	Pulse	5	1565902	13530	2
2146	80	Picture	10	1570443	0	2	4145	3	0	4000	other	0
2146	80	Pulse	5	1585901	15458	2
2146	81	Picture	10	1588514	0	1	4124	25	0	4000	other	0
2146	81	Pulse	5	1605891	17377	2
2146	82	Picture	10	1606585	0	1	4145	2	0	4000	other	0
2146	83	Picture	10	1624656	0	1	4144	2	0	4000	other	0
2146	83	Pulse	5	1625891	1235	1
2146	84	Picture	11	1642726	0	2	4145	3	0	4000	hit	174
2146	84	Pulse	5	1645890	3164	2
2146	84	Response	1	1646050	3324	2
2146	85	Picture	10	1660797	0	1	4145	2	0	4000	other	0
2146	85	Pulse	5	1665880	5083	2
2146	86	Picture	10	1678868	0	1	4145	2	0	4000	other	0
2146	86	Pulse	5	1685879	7011	2
2146	87	Pulse	5	1705879	8940	2
2146	88	Picture	30	1721972	0	2	4145	3	0	4000	other	0
2146	88	Pulse	5	1725868	3896	3
2146	89	Picture	30	1740043	0	1	4145	3	0	4000	other	0
2146	89	Pulse	5	1745868	5825	2
2146	90	Picture	30	1758114	0	1	4145	2	0	4000	other	0
2146	90	Pulse	5	1765867	7753	3
2146	91	Picture	31	1776185	0	1	4144	3	0	4000	hit	187
2146	91	Response	1	1780737	4552	2
2146	91	Pulse	5	1785857	9672	2
2146	92	Picture	31	1794255	0	2	4145	3	0	4000	miss	0
2146	92	Pulse	5	1805857	11602	1
2146	93	Picture	30	1812326	0	1	4145	2	0	4000	other	0
2146	93	Pulse	5	1825856	13530	2
2146	94	Picture	30	1830397	0	1	4144	3	0	4000	other	0
2146	94	Pulse	5	1845846	15449	2
2146	95	Picture	30	1848468	0	1	4144	2	0	4000	other	0
2146	95	Pulse	5	1865845	17377	2
2146	96	Picture	31	1866538	0	2	4145	3	0	4000	hit	198
2146	96	Response	1	1872725	6187	2
2146	97	Picture	30	1884609	0	1	4145	2	0	4000	other	0
2146	97	Pulse	5	1885845	1236	2
2146	98	Picture	30	1902680	0	1	4144	3	0	4000	other	0
2146	98	Pulse	5	1905834	3154	2
2146	99	Picture	30	1920751	0	1	4144	3	0	4000	other	0
2146	99	Pulse	5	1925834	5083	2
2146	100	Picture	30	1938821	0	2	4145	3	0	4000	other	0
2146	100	Pulse	5	1945824	7003	2
2146	101	Picture	31	1956892	0	1	4145	2	0	4000	hit	208
2146	101	Response	1	1960223	3331	2
2146	101	Pulse	5	1965823	8931	2
2146	102	Picture	30	1974963	0	1	4145	2	0	4000	other	0
2146	102	Pulse	5	1985823	10860	2
2146	103	Picture	30	1993034	0	1	4144	2	0	4000	other	0
2146	103	Pulse	5	2005822	12788	2
2146	104	Pulse	5	2025812	14708	2
2146	105	Picture	10	2036138	0	1	4145	2	0	4000	other	0
2146	105	Pulse	5	2045811	9673	2
2146	106	Picture	10	2054209	0	1	4145	2	0	4000	other	0
2146	106	Pulse	5	2065812	11603	1
2146	107	Picture	11	2072280	0	1	4144	2	0	4000	hit	220
2146	107	Response	1	2075881	3601	2
2146	107	Pulse	5	2085800	13520	2
2146	108	Picture	10	2090350	0	2	4145	3	0	4000	other	0
2146	108	Pulse	5	2105801	15451	1
2146	109	Picture	11	2108421	0	1	4145	2	0	4000	hit	225
2146	109	Response	1	2114280	5859	2
2146	109	Pulse	5	2125800	17379	1
2146	110	Picture	10	2126492	0	1	4144	3	0	4000	other	0
2146	111	Picture	10	2144563	0	1	4144	2	0	4000	other	0
2146	111	Pulse	5	2145949	1386	2
2146	112	Picture	11	2162633	0	2	4145	3	0	4000	hit	232
2146	112	Pulse	5	2165949	3316	2
2146	112	Response	1	2166749	4116	2
2146	113	Picture	10	2180704	0	1	4145	2	0	4000	other	0
2146	113	Pulse	5	2185948	5244	2
2146	114	Picture	10	2198775	0	1	4145	2	0	4000	other	0
2146	114	Pulse	5	2205938	7163	2
2146	115	Picture	10	2216846	0	1	4144	2	0	4000	other	0
2146	115	Pulse	5	2225937	9091	3
2146	116	Picture	10	2234916	0	2	4145	3	0	4000	other	0
2146	116	Pulse	5	2245927	11011	2
2146	117	Picture	10	2252987	0	1	4145	2	0	4000	other	0
2146	117	Pulse	5	2265927	12940	1
2146	118	Picture	11	2271058	0	1	4145	2	0	4000	hit	244
2146	118	Response	1	2275366	4308	2
2146	118	Pulse	5	2285926	14868	2
2146	119	Picture	10	2289129	0	1	4144	2	0	4000	other	0
2146	119	Pulse	5	2305926	16797	2
2146	120	Picture	10	2307199	0	2	4145	3	0	4000	other	0
2146	121	Pulse	5	2325915	645	2
2146	121	Pulse	5	2345915	20645	2
2146	122	Picture	20	2350304	0	1	4145	2	0	4000	other	0
2146	122	Pulse	5	2365915	15611	1
2146	123	Picture	20	2368375	0	1	4144	3	0	4000	other	0
2146	123	Pulse	5	2385904	17529	2
2146	124	Picture	20	2386445	0	2	4144	5	0	4000	other	0
2146	125	Picture	21	2404516	0	1	4145	2	0	4000	hit	258
2146	125	Pulse	5	2405903	1387	3
2146	125	Response	1	2408143	3627	2
2146	126	Picture	20	2422587	0	1	4145	2	0	4000	other	0
2146	126	Pulse	5	2425903	3316	2
2146	127	Picture	20	2440658	0	1	4144	3	0	4000	other	0
2146	127	Pulse	5	2445893	5235	1
2146	128	Picture	21	2458728	0	2	4145	3	0	4000	hit	264
2146	128	Response	1	2462372	3644	2
2146	128	Pulse	5	2465892	7164	2
2146	129	Picture	20	2476799	0	1	4145	2	0	4000	other	0
2146	129	Pulse	5	2485892	9093	2
2146	130	Picture	20	2494870	0	1	4145	2	0	4000	other	0
2146	130	Pulse	5	2505881	11011	2
2146	131	Picture	20	2512941	0	1	4144	3	0	4000	other	0
2146	131	Pulse	5	2525881	12940	2
2146	132	Picture	21	2531011	0	2	4145	3	0	4000	hit	273
2146	132	Response	1	2534681	3670	2
2146	132	Pulse	5	2545880	14869	2
2146	133	Picture	20	2549082	0	1	4145	2	0	4000	other	0
2146	133	Pulse	5	2565870	16788	2
2146	134	Picture	20	2567153	0	1	4145	2	0	4000	other	0
2146	135	Picture	21	2585224	0	1	4144	3	0	4000	miss	0
2146	135	Pulse	5	2585870	646	1
2146	136	Picture	20	2603294	0	2	4145	3	0	4000	other	0
2146	136	Pulse	5	2605869	2575	2
2146	137	Picture	20	2621365	0	1	4145	2	0	4000	other	0
2146	137	Pulse	5	2625859	4494	2
