Scenario - 1-back
Logfile written - 12/19/2014 12:06:32

Subject	Trial	Event Type	Code	Time	TTime	Uncertainty	Duration	Uncertainty	ReqTime	ReqDur	Stim Type	Pair Index

2146	1	Pulse	5	196178	206012	3
2146	2	Pulse	5	216177	19939	3
2146	3	Picture	10	221272	0	1	4144	2	0	4000	other	0
2146	3	Pulse	5	236167	14895	2
2146	4	Picture	10	239342	0	1	4145	2	0	4000	other	0
2146	4	Pulse	5	256166	16824	2
2146	5	Picture	11	257413	0	1	4145	2	0	4000	hit	8
2146	5	Response	1	260806	3393	2
2146	6	Picture	10	275484	0	1	4144	3	0	4000	other	0
2146	6	Pulse	5	276166	682	2
2146	7	Picture	11	293555	0	1	4144	2	0	4000	hit	13
2146	7	Pulse	5	296155	2600	2
2146	7	Response	1	298235	4680	2
2146	8	Picture	10	311625	0	2	4145	3	0	4000	other	0
2146	8	Pulse	5	316155	4530	2
2146	9	Picture	10	329696	0	1	4145	2	0	4000	other	0
2146	9	Pulse	5	336155	6459	1
2146	10	Picture	10	347767	0	1	4145	2	0	4000	other	0
2146	10	Pulse	5	356144	8377	2
2146	11	Picture	11	365838	0	1	4144	2	0	4000	hit	21
2146	11	Response	1	368944	3106	2
2146	11	Pulse	5	376144	10306	2
2146	12	Picture	10	383908	0	2	4145	3	0	4000	other	0
2146	12	Pulse	5	396143	12235	2
2146	13	Picture	10	401979	0	1	4145	2	0	4000	other	0
2146	13	Pulse	5	416132	14153	3
2146	14	Picture	11	420050	0	1	4144	3	0	4000	hit	28
2146	14	Response	1	423333	3283	2
2146	14	Pulse	5	436132	16082	3
2146	15	Picture	10	438121	0	1	4144	3	0	4000	other	0
2146	15	Pulse	5	456129	18008	7
2146	16	Picture	10	456191	0	1	4145	2	0	4000	other	0
2146	17	Picture	10	474262	0	1	4145	2	0	4000	other	0
2146	17	Pulse	5	476122	1860	1
2146	18	Picture	10	492332	0	2	4145	4	0	4000	other	0
2146	18	Pulse	5	496121	3789	2
2146	19	Pulse	5	516121	5717	2
2146	20	Picture	20	535437	0	2	4145	3	0	4000	other	0
2146	20	Pulse	5	536110	673	2
2146	21	Picture	20	553508	0	1	4145	2	0	4000	other	0
2146	21	Pulse	5	556110	2602	2
2146	22	Picture	21	571579	0	1	4145	2	0	4000	hit	44
2146	22	Pulse	5	576269	4690	2
2146	22	Response	1	576429	4850	2
2146	23	Picture	20	589650	0	1	4144	2	0	4000	other	0
2146	23	Pulse	5	596259	6609	2
2146	24	Picture	20	607720	0	2	4145	3	0	4000	other	0
2146	24	Pulse	5	616258	8538	2
2146	25	Picture	20	625791	0	1	4145	2	0	4000	other	0
2146	25	Pulse	5	636258	10467	2
2146	26	Picture	21	643862	0	1	4145	2	0	4000	hit	52
2146	26	Response	1	648248	4386	2
2146	26	Pulse	5	656247	12385	3
2146	27	Picture	20	661933	0	1	4144	3	0	4000	other	0
2146	27	Pulse	5	676247	14314	3
2146	28	Picture	20	680003	0	2	4145	3	0	4000	other	0
2146	28	Pulse	5	696247	16244	2
2146	29	Picture	20	698074	0	1	4145	2	0	4000	other	0
2146	30	Picture	20	716145	0	1	4145	2	0	4000	other	0
2146	30	Pulse	5	716236	91	2
2146	31	Picture	20	734216	0	1	4144	2	0	4000	other	0
2146	31	Pulse	5	736236	2020	2
2146	32	Picture	21	752286	0	2	4145	3	0	4000	hit	65
2146	32	Pulse	5	756236	3950	1
2146	32	Response	1	758955	6669	2
2146	33	Picture	20	770357	0	1	4145	2	0	4000	other	0
2146	33	Pulse	5	776225	5868	2
2146	34	Picture	20	788428	0	1	4144	3	0	4000	other	0
2146	34	Pulse	5	796224	7796	4
2146	35	Picture	21	806499	0	1	4144	2	0	4000	hit	71
2146	35	Response	1	810144	3645	2
2146	35	Pulse	5	816224	9725	2
2146	36	Pulse	5	836214	11645	2
2146	37	Picture	10	849602	0	4	4146	5	0	4000	other	0
2146	37	Pulse	5	856213	6611	2
2146	38	Picture	10	867674	0	1	4145	2	0	4000	other	0
2146	38	Pulse	5	876213	8539	2
2146	39	Picture	11	885745	0	1	4144	3	0	4000	hit	79
2146	39	Response	1	889482	3737	2
2146	39	Pulse	5	896202	10457	4
2146	40	Picture	10	903815	0	2	4145	5	0	4000	other	0
2146	40	Pulse	5	916202	12387	3
2146	41	Picture	11	921886	0	1	4145	2	0	4000	hit	84
2146	41	Response	1	926122	4236	2
2146	41	Pulse	5	936201	14315	4
2146	42	Picture	10	939957	0	1	4144	3	0	4000	other	0
2146	42	Pulse	5	956191	16234	2
2146	43	Picture	10	958028	0	1	4144	2	0	4000	other	0
2146	44	Picture	10	976098	0	2	4145	3	0	4000	other	0
2146	44	Pulse	5	976191	93	1
2146	45	Picture	11	994168	0	3	4146	4	0	4000	hit	93
2146	45	Pulse	5	996190	2022	2
2146	45	Response	1	998590	4422	2
2146	46	Picture	10	1012239	0	3	4146	4	0	4000	other	0
2146	46	Pulse	5	1016180	3941	2
2146	47	Picture	10	1030309	0	4	4146	6	0	4000	other	0
2146	47	Pulse	5	1036179	5870	2
2146	48	Picture	11	1048381	0	2	4145	3	0	4000	hit	99
2146	48	Response	1	1051539	3158	2
2146	48	Pulse	5	1056179	7798	2
2146	49	Picture	10	1066452	0	1	4145	2	0	4000	other	0
2146	49	Pulse	5	1076167	9715	3
2146	50	Picture	10	1084523	0	1	4145	2	0	4000	other	0
2146	50	Pulse	5	1096167	11644	3
2146	51	Picture	10	1102594	0	1	4144	2	0	4000	other	0
2146	51	Pulse	5	1116167	13573	2
2146	52	Picture	10	1120664	0	2	4145	3	0	4000	other	0
2146	52	Pulse	5	1136157	15493	2
2146	53	Pulse	5	1156157	17422	2
2146	54	Picture	30	1163769	0	1	4145	2	0	4000	other	0
2146	54	Pulse	5	1176156	12387	3
2146	55	Picture	30	1181840	0	1	4144	3	0	4000	other	0
2146	55	Pulse	5	1196146	14306	2
2146	56	Picture	31	1199910	0	2	4145	3	0	4000	hit	115
2146	56	Response	1	1203506	3596	1
2146	56	Pulse	5	1216145	16235	2
2146	57	Picture	30	1217981	0	1	4145	2	0	4000	other	0
2146	58	Picture	30	1236052	0	1	4145	2	0	4000	other	0
2146	58	Pulse	5	1236146	94	1
2146	59	Picture	30	1254123	0	1	4144	3	0	4000	other	0
2146	59	Pulse	5	1256134	2011	3
2146	60	Picture	31	1272194	0	1	4144	2	0	4000	hit	124
2146	60	Pulse	5	1276134	3940	2
2146	60	Response	1	1276934	4740	2
2146	61	Picture	31	1290264	0	1	4145	2	0	4000	miss	0
2146	61	Pulse	5	1296134	5870	1
2146	62	Picture	30	1308335	0	1	4145	2	0	4000	other	0
2146	62	Pulse	5	1316123	7788	2
2146	63	Picture	30	1326406	0	1	4144	3	0	4000	other	0
2146	63	Pulse	5	1336123	9717	2
2146	64	Picture	30	1344476	0	2	4145	3	0	4000	other	0
2146	64	Pulse	5	1356122	11646	2
2146	65	Picture	31	1362547	0	1	4145	2	0	4000	hit	134
2146	65	Response	1	1367323	4776	1
2146	65	Pulse	5	1376112	13565	2
2146	66	Picture	30	1380618	0	1	4145	2	0	4000	other	0
2146	66	Pulse	5	1396111	15493	2
2146	67	Picture	30	1398689	0	1	4144	3	0	4000	other	0
2146	67	Pulse	5	1416111	17422	2
2146	68	Picture	30	1416759	0	2	4145	3	0	4000	other	0
2146	69	Picture	30	1434830	0	1	4145	2	0	4000	other	0
2146	69	Pulse	5	1436100	1270	2
2146	70	Pulse	5	1456101	3200	1
2146	70	Pulse	5	1476100	23199	1
2146	71	Picture	10	1477935	0	1	4144	3	0	4000	other	0
2146	72	Picture	10	1496005	0	2	4145	3	0	4000	other	0
2146	72	Pulse	5	1496089	84	2
2146	73	Picture	11	1514076	0	1	4145	2	0	4000	hit	150
2146	73	Pulse	5	1516089	2013	2
2146	73	Response	1	1518489	4413	1
2146	74	Picture	10	1532147	0	1	4145	2	0	4000	other	0
2146	74	Pulse	5	1536088	3941	2
2146	75	Picture	11	1550218	0	1	4144	3	0	4000	hit	154
2146	75	Response	1	1553998	3780	2
2146	75	Pulse	5	1556078	5860	2
2146	76	Picture	10	1568289	0	1	4144	2	0	4000	other	0
2146	76	Pulse	5	1576077	7788	2
2146	77	Picture	10	1586359	0	1	4145	2	0	4000	other	0
2146	77	Pulse	5	1596077	9718	2
2146	78	Picture	11	1604430	0	1	4145	2	0	4000	hit	161
2146	78	Response	1	1609507	5077	2
2146	78	Pulse	5	1616226	11796	3
2146	79	Picture	10	1622501	0	1	4144	3	0	4000	other	0
2146	79	Pulse	5	1636226	13725	2
2146	80	Picture	10	1640571	0	2	4145	3	0	4000	other	0
2146	80	Pulse	5	1656226	15655	2
2146	81	Picture	10	1658642	0	1	4145	2	0	4000	other	0
2146	81	Pulse	5	1676215	17573	2
2146	82	Picture	10	1676713	0	1	4145	2	0	4000	other	0
2146	83	Picture	10	1694784	0	1	4144	3	0	4000	other	0
2146	83	Pulse	5	1696215	1431	2
2146	84	Picture	11	1712854	0	2	4145	3	0	4000	hit	173
2146	84	Response	1	1716055	3201	1
2146	84	Pulse	5	1716214	3360	2
2146	85	Picture	10	1730925	0	1	4145	2	0	4000	other	0
2146	85	Pulse	5	1736204	5279	2
2146	86	Picture	10	1748996	0	1	4145	2	0	4000	other	0
2146	86	Pulse	5	1756203	7207	3
2146	87	Pulse	5	1776203	9136	2
2146	88	Picture	20	1792100	0	2	4145	3	0	4000	other	0
2146	88	Pulse	5	1796193	4093	1
2146	89	Picture	20	1810171	0	2	4144	5	0	4000	other	0
2146	89	Pulse	5	1816192	6021	2
2146	90	Picture	20	1828242	0	1	4145	2	0	4000	other	0
2146	90	Pulse	5	1836192	7950	2
2146	91	Picture	21	1846313	0	1	4144	3	0	4000	hit	187
2146	91	Response	1	1849781	3468	3
2146	91	Pulse	5	1856181	9868	3
2146	92	Picture	20	1864384	0	1	4144	2	0	4000	other	0
2146	92	Pulse	5	1876181	11797	2
2146	93	Picture	20	1882454	0	2	4145	3	0	4000	other	0
2146	93	Pulse	5	1896181	13727	1
2146	94	Picture	21	1900525	0	1	4145	2	0	4000	hit	194
2146	94	Response	1	1905140	4615	2
2146	94	Pulse	5	1916170	15645	2
2146	95	Picture	20	1918596	0	1	4144	3	0	4000	other	0
2146	95	Pulse	5	1936169	17573	3
2146	96	Picture	20	1936667	0	1	4144	2	0	4000	other	0
2146	97	Picture	20	1954737	0	1	4145	2	0	4000	other	0
2146	97	Pulse	5	1956169	1432	2
2146	98	Picture	21	1972808	0	1	4145	2	0	4000	hit	203
2146	98	Pulse	5	1976159	3351	2
2146	98	Response	1	1977439	4631	2
2146	99	Picture	20	1990878	0	2	4145	4	0	4000	other	0
2146	99	Pulse	5	1996158	5280	2
2146	100	Picture	20	2008949	0	2	4145	3	0	4000	other	0
2146	100	Pulse	5	2016158	7209	2
2146	101	Picture	21	2027020	0	1	4145	2	0	4000	hit	209
2146	101	Response	1	2031987	4967	2
2146	101	Pulse	5	2036147	9127	2
2146	102	Picture	20	2045091	0	1	4145	2	0	4000	other	0
2146	102	Pulse	5	2056147	11056	2
2146	103	Picture	20	2063162	0	1	4144	3	0	4000	other	0
2146	103	Pulse	5	2076146	12984	3
2146	104	Pulse	5	2096136	14903	3
2146	105	Picture	10	2106266	0	1	4145	2	0	4000	other	0
2146	105	Pulse	5	2116135	9869	3
2146	106	Picture	10	2124337	0	1	4145	2	0	4000	other	0
2146	106	Pulse	5	2136135	11798	2
2146	107	Picture	11	2142408	0	1	4145	2	0	4000	hit	221
2146	107	Response	1	2146055	3647	2
2146	107	Pulse	5	2156125	13717	2
2146	108	Picture	10	2160479	0	1	4144	2	0	4000	other	0
2146	108	Pulse	5	2176124	15645	2
2146	109	Picture	11	2178549	0	2	4145	4	0	4000	hit	226
2146	109	Response	1	2182044	3495	2
2146	109	Pulse	5	2196124	17575	2
2146	110	Picture	10	2196620	0	1	4145	2	0	4000	other	0
2146	111	Picture	10	2214691	0	1	4144	3	0	4000	other	0
2146	111	Pulse	5	2216113	1422	2
2146	112	Picture	11	2232762	0	1	4144	2	0	4000	hit	233
2146	112	Pulse	5	2236113	3351	2
2146	112	Response	1	2236913	4151	2
2146	113	Picture	10	2250832	0	2	4145	3	0	4000	other	0
2146	113	Pulse	5	2256113	5281	1
2146	114	Picture	10	2268902	0	3	4146	4	0	4000	other	0
2146	114	Pulse	5	2276102	7200	2
2146	115	Picture	10	2286973	0	2	4145	4	0	4000	other	0
2146	115	Pulse	5	2296102	9129	1
2146	116	Picture	10	2305045	0	1	4144	2	0	4000	other	0
2146	116	Pulse	5	2316101	11056	2
2146	117	Picture	10	2323115	0	2	4145	3	0	4000	other	0
2146	117	Pulse	5	2336091	12976	2
2146	118	Picture	11	2341186	0	1	4144	3	0	4000	hit	245
2146	118	Response	1	2344731	3545	1
2146	118	Pulse	5	2356090	14904	2
2146	119	Picture	10	2359257	0	1	4145	2	0	4000	other	0
2146	119	Pulse	5	2376090	16833	2
2146	120	Picture	10	2377328	0	1	4144	2	0	4000	other	0
2146	121	Pulse	5	2396079	681	2
2146	121	Pulse	5	2416079	20681	2
2146	122	Picture	30	2420432	0	1	4145	2	0	4000	other	0
2146	122	Pulse	5	2436079	15647	1
2146	123	Picture	30	2438503	0	1	4145	2	0	4000	other	0
2146	123	Pulse	5	2456068	17565	2
2146	124	Picture	30	2456574	0	1	4144	2	0	4000	other	0
2146	125	Picture	31	2474644	0	2	4145	3	0	4000	hit	259
2146	125	Pulse	5	2476068	1424	1
2146	125	Response	1	2484868	10224	1
2146	126	Picture	31	2492715	0	1	4145	2	0	4000	hit	262
2146	126	Pulse	5	2496067	3352	2
2146	126	Response	1	2503267	10552	2
2146	127	Picture	30	2510785	0	3	4146	4	0	4000	other	0
2146	127	Pulse	5	2516057	5272	2
2146	128	Picture	30	2528856	0	2	4145	4	0	4000	other	0
2146	128	Pulse	5	2536056	7200	2
2146	129	Picture	30	2546927	0	2	4145	3	0	4000	other	0
2146	129	Pulse	5	2556056	9129	2
2146	130	Picture	31	2564998	0	1	4145	2	0	4000	hit	270
2146	130	Response	1	2568526	3528	2
2146	130	Pulse	5	2576045	11047	3
2146	131	Picture	30	2583069	0	1	4145	2	0	4000	other	0
2146	131	Pulse	5	2596045	12976	2
2146	132	Picture	30	2601140	0	1	4144	4	0	4000	other	0
2146	132	Pulse	5	2616045	14905	2
2146	133	Picture	30	2619210	0	2	4144	4	0	4000	other	0
2146	133	Pulse	5	2636034	16824	2
2146	134	Picture	30	2637281	0	1	4145	2	0	4000	other	0
2146	135	Picture	31	2655352	0	1	4145	2	0	4000	hit	281
2146	135	Pulse	5	2656034	682	2
2146	135	Response	1	2659394	4042	3
2146	136	Picture	30	2673423	0	1	4144	2	0	4000	false_alarm	284
2146	136	Pulse	5	2676193	2770	2
2146	136	Response	1	2682273	8850	3
2146	137	Picture	30	2691492	0	3	4146	4	0	4000	other	0
2146	137	Pulse	5	2696183	4691	2
