Scenario - 1-back
Logfile written - 11/20/2014 15:16:49

Subject	Trial	Event Type	Code	Time	TTime	Uncertainty	Duration	Uncertainty	ReqTime	ReqDur	Stim Type	Pair Index

2152	1	Pulse	5	105328	115163	1
2152	2	Pulse	5	125327	19942	2
2152	3	Picture	10	130419	0	1	4145	2	0	4000	other	0
2152	3	Pulse	5	145326	14907	2
2152	4	Picture	10	148490	0	1	4144	3	0	4000	other	0
2152	4	Pulse	5	165476	16986	2
2152	5	Picture	11	166560	0	2	4145	3	0	4000	hit	8
2152	5	Response	1	170596	4036	2
2152	6	Picture	10	184631	0	1	4144	3	0	4000	other	0
2152	6	Pulse	5	185475	844	2
2152	7	Picture	11	202867	0	2	4145	3	0	4000	hit	13
2152	7	Pulse	5	205475	2608	2
2152	7	Response	1	207705	4838	2
2152	8	Picture	10	220938	0	1	4145	2	0	4000	other	0
2152	8	Pulse	5	225464	4526	2
2152	9	Picture	10	239009	0	1	4144	3	0	4000	other	0
2152	9	Pulse	5	245464	6455	2
2152	10	Picture	10	257079	0	2	4145	3	0	4000	other	0
2152	10	Pulse	5	265463	8384	2
2152	11	Picture	11	275150	0	1	4145	2	0	4000	hit	21
2152	11	Response	1	278573	3423	2
2152	11	Pulse	5	285453	10303	2
2152	12	Picture	10	293221	0	1	4145	2	0	4000	other	0
2152	12	Pulse	5	305452	12231	2
2152	13	Picture	10	311291	0	2	4145	3	0	4000	other	0
2152	13	Pulse	5	325452	14161	2
2152	14	Picture	11	329362	0	1	4145	2	0	4000	hit	28
2152	14	Response	1	333122	3760	2
2152	14	Pulse	5	345441	16079	2
2152	15	Picture	10	347433	0	1	4145	2	0	4000	other	0
2152	15	Pulse	5	365440	18007	4
2152	16	Picture	10	365503	0	2	4145	3	0	4000	other	0
2152	17	Picture	10	383574	0	1	4145	2	0	4000	other	0
2152	17	Pulse	5	385432	1858	1
2152	18	Picture	10	401645	0	1	4145	2	0	4000	other	0
2152	18	Pulse	5	405431	3786	1
2152	19	Pulse	5	425431	5715	1
2152	20	Picture	20	444749	0	1	4145	2	0	4000	other	0
2152	20	Pulse	5	445431	682	1
2152	21	Picture	20	462820	0	1	4145	2	0	4000	other	0
2152	21	Pulse	5	465418	2598	2
2152	22	Picture	21	480891	0	1	4144	3	0	4000	hit	43
2152	22	Response	1	484938	4047	2
2152	22	Pulse	5	485418	4527	2
2152	23	Picture	20	498906	0	222	4034	223	0	4000	other	0
2152	23	Pulse	5	505417	6511	2
2152	24	Picture	20	517032	0	1	4145	2	0	4000	other	0
2152	24	Pulse	5	525407	8375	2
2152	25	Picture	20	535103	0	1	4144	2	0	4000	other	0
2152	25	Pulse	5	545406	10303	3
2152	26	Picture	21	553173	0	2	4145	3	0	4000	hit	52
2152	26	Response	1	557886	4713	3
2152	26	Pulse	5	565406	12233	2
2152	27	Picture	20	571244	0	1	4145	2	0	4000	other	0
2152	27	Pulse	5	585395	14151	2
2152	28	Picture	20	589315	0	1	4144	2	0	4000	other	0
2152	28	Pulse	5	605395	16080	2
2152	29	Picture	20	607385	0	2	4145	3	0	4000	other	0
2152	29	Pulse	5	625394	18009	2
2152	30	Picture	20	625456	0	1	4145	2	0	4000	other	0
2152	31	Picture	20	643527	0	1	4144	3	0	4000	other	0
2152	31	Pulse	5	645384	1857	2
2152	32	Picture	21	661597	0	2	4145	3	0	4000	hit	65
2152	32	Pulse	5	665383	3786	2
2152	32	Response	1	665543	3946	2
2152	33	Picture	20	679668	0	1	4145	2	0	4000	other	0
2152	33	Pulse	5	685384	5716	1
2152	34	Picture	20	697731	0	10	4152	12	0	4000	other	0
2152	34	Pulse	5	705372	7641	2
2152	35	Picture	21	715809	0	2	4145	3	0	4000	hit	71
2152	35	Response	1	720252	4443	2
2152	35	Pulse	5	725372	9563	2
2152	36	Pulse	5	745371	11491	2
2152	37	Picture	10	758914	0	1	4144	3	0	4000	other	0
2152	37	Pulse	5	765361	6447	2
2152	38	Picture	10	776984	0	2	4145	3	0	4000	other	0
2152	38	Pulse	5	785360	8376	2
2152	39	Picture	11	794994	0	228	4040	229	0	4000	hit	79
2152	39	Response	1	799280	4286	2
2152	39	Pulse	5	805360	10366	2
2152	40	Picture	10	813126	0	1	4144	3	0	4000	other	0
2152	40	Pulse	5	825349	12223	2
2152	41	Picture	11	831196	0	2	4145	3	0	4000	hit	84
2152	41	Response	1	837669	6473	2
2152	41	Pulse	5	845349	14153	2
2152	42	Picture	10	849267	0	1	4145	2	0	4000	other	0
2152	42	Pulse	5	865348	16081	2
2152	43	Picture	10	867338	0	1	4144	3	0	4000	other	0
2152	43	Pulse	5	885338	18000	2
2152	44	Picture	10	885408	0	2	4145	3	0	4000	other	0
2152	45	Picture	11	903479	0	1	4145	2	0	4000	hit	93
2152	45	Pulse	5	905337	1858	2
2152	45	Response	1	906937	3458	2
2152	46	Picture	10	921550	0	1	4144	3	0	4000	other	0
2152	46	Pulse	5	925337	3787	2
2152	47	Picture	10	939621	0	1	4144	2	0	4000	other	0
2152	47	Pulse	5	945326	5705	2
2152	48	Picture	11	957691	0	1	4145	2	0	4000	hit	99
2152	48	Response	1	962607	4916	1
2152	48	Pulse	5	965326	7635	2
2152	49	Picture	10	975762	0	1	4145	2	0	4000	other	0
2152	49	Pulse	5	985325	9563	2
2152	50	Picture	10	993832	0	2	4000	646	0	4000	other	0
2152	50	Pulse	5	1005315	11483	2
2152	51	Picture	10	1011903	0	1	4145	2	0	4000	other	0
2152	51	Pulse	5	1025314	13411	3
2152	52	Picture	10	1029974	0	1	4144	3	0	4000	other	0
2152	52	Pulse	5	1045314	15340	2
2152	53	Pulse	5	1065303	17258	2
2152	54	Picture	30	1073078	0	1	4145	2	0	4000	other	0
2152	54	Pulse	5	1085303	12225	2
2152	55	Picture	30	1091088	0	228	4040	229	0	4000	other	0
2152	55	Pulse	5	1105302	14214	2
2152	56	Picture	31	1109220	0	1	4144	3	0	4000	hit	115
2152	56	Response	1	1113773	4553	1
2152	56	Pulse	5	1125292	16072	2
2152	57	Picture	30	1127290	0	1	4145	2	0	4000	other	0
2152	57	Pulse	5	1145290	18000	14
2152	58	Picture	30	1145361	0	1	4145	2	0	4000	other	0
2152	59	Picture	30	1163597	0	2	4145	3	0	4000	other	0
2152	59	Pulse	5	1165291	1694	2
2152	60	Picture	31	1181668	0	1	4145	2	0	4000	hit	124
2152	60	Pulse	5	1185280	3612	2
2152	60	Response	1	1188800	7132	2
2152	61	Picture	31	1199739	0	1	4144	3	0	4000	hit	127
2152	61	Pulse	5	1205440	5701	2
2152	61	Response	1	1207840	8101	2
2152	62	Picture	30	1217809	0	2	4145	3	0	4000	false_alarm	130
2152	62	Pulse	5	1225439	7630	2
2152	62	Response	1	1227510	9701	1
2152	63	Picture	30	1236046	0	1	4144	3	0	4000	other	0
2152	63	Pulse	5	1245429	9383	2
2152	64	Picture	30	1254117	0	1	4144	2	0	4000	other	0
2152	64	Pulse	5	1265428	11311	2
2152	65	Picture	31	1272187	0	2	4145	3	0	4000	miss	0
2152	65	Pulse	5	1285428	13241	2
2152	66	Picture	30	1290258	0	1	4145	2	0	4000	false_alarm	138
2152	66	Response	1	1298698	8440	1
2152	66	Pulse	5	1305418	15160	1
2152	67	Picture	30	1308329	0	1	4144	2	0	4000	other	0
2152	67	Pulse	5	1325417	17088	2
2152	68	Picture	30	1326399	0	2	4145	3	0	4000	other	0
2152	69	Picture	30	1344470	0	1	4145	2	0	4000	false_alarm	145
2152	69	Pulse	5	1345416	946	2
2152	69	Response	1	1351006	6536	2
2152	70	Pulse	5	1365406	2865	2
2152	70	Pulse	5	1385405	22864	2
2152	71	Picture	10	1387574	0	2	4145	3	0	4000	other	0
2152	71	Pulse	5	1405396	17822	1
2152	72	Picture	10	1405645	0	1	4145	2	0	4000	other	0
2152	73	Picture	11	1423716	0	1	4144	3	0	4000	hit	153
2152	73	Pulse	5	1425396	1680	1
2152	73	Response	1	1427476	3760	1
2152	74	Picture	10	1441786	0	2	4000	480	0	4000	other	0
2152	74	Pulse	5	1445395	3609	1
2152	75	Picture	11	1459857	0	1	4145	2	0	4000	hit	158
2152	75	Pulse	5	1465395	5538	1
2152	75	Response	1	1465873	6016	3
2152	76	Picture	10	1477928	0	1	4144	3	0	4000	other	0
2152	76	Pulse	5	1485383	7455	2
2152	77	Picture	10	1495998	0	2	4145	3	0	4000	other	0
2152	77	Pulse	5	1505382	9384	3
2152	78	Picture	11	1514069	0	1	4145	2	0	4000	hit	164
2152	78	Response	1	1517062	2993	2
2152	78	Pulse	5	1525384	11315	1
2152	79	Picture	10	1532140	0	1	4144	3	0	4000	other	0
2152	79	Pulse	5	1545371	13231	2
2152	80	Picture	10	1550210	0	2	4145	3	0	4000	other	0
2152	80	Pulse	5	1565371	15161	2
2152	81	Picture	10	1568281	0	1	4145	2	0	4000	other	0
2152	81	Pulse	5	1585370	17089	2
2152	82	Picture	10	1586291	0	228	4040	229	0	4000	false_alarm	173
2152	82	Response	1	1589360	3069	2
2152	83	Picture	10	1604423	0	1	4144	2	0	4000	other	0
2152	83	Pulse	5	1605360	937	2
2152	84	Picture	11	1622493	0	1	4145	2	0	4000	hit	178
2152	84	Pulse	5	1625359	2866	2
2152	84	Response	1	1626159	3666	2
2152	85	Picture	10	1640564	0	1	4145	2	0	4000	other	0
2152	85	Pulse	5	1645360	4796	1
2152	86	Picture	10	1658635	0	1	4144	2	0	4000	other	0
2152	86	Pulse	5	1665348	6713	2
2152	87	Pulse	5	1685348	8643	2
2152	88	Picture	20	1701739	0	1	4145	2	0	4000	other	0
2152	88	Pulse	5	1705347	3608	2
2152	89	Picture	20	1719810	0	1	4144	2	0	4000	other	0
2152	89	Pulse	5	1725337	5527	2
2152	90	Picture	20	1737880	0	1	4145	2	0	4000	other	0
2152	90	Pulse	5	1745336	7456	2
2152	91	Picture	21	1755951	0	1	4145	2	0	4000	hit	191
2152	91	Response	1	1760376	4425	2
2152	91	Pulse	5	1765336	9385	2
2152	92	Picture	20	1774022	0	1	4144	2	0	4000	other	0
2152	92	Pulse	5	1785325	11303	2
2152	93	Picture	20	1792092	0	1	4145	2	0	4000	other	0
2152	93	Pulse	5	1805325	13233	2
2152	94	Picture	21	1810163	0	1	4145	2	0	4000	hit	198
2152	94	Response	1	1813645	3482	1
2152	94	Pulse	5	1825324	15161	2
2152	95	Picture	20	1828234	0	1	4144	3	0	4000	other	0
2152	95	Pulse	5	1845314	17080	2
2152	96	Picture	20	1846304	0	2	4145	3	0	4000	other	0
2152	97	Picture	20	1864375	0	1	4145	2	0	4000	other	0
2152	97	Pulse	5	1865313	938	2
2152	98	Picture	21	1882446	0	1	4144	2	0	4000	hit	207
2152	98	Pulse	5	1885313	2867	2
2152	98	Response	1	1885793	3347	2
2152	99	Picture	20	1900516	0	1	4145	2	0	4000	other	0
2152	99	Pulse	5	1905302	4786	2
2152	100	Picture	20	1918587	0	1	4144	3	0	4000	other	0
2152	100	Pulse	5	1925302	6715	2
2152	101	Picture	21	1936658	0	1	4144	3	0	4000	hit	213
2152	101	Response	1	1942581	5923	2
2152	101	Pulse	5	1945301	8643	2
2152	102	Picture	20	1954728	0	2	4145	3	0	4000	other	0
2152	102	Pulse	5	1965291	10563	3
2152	103	Picture	20	1972799	0	1	4145	2	0	4000	other	0
2152	103	Pulse	5	1985290	12491	3
2152	104	Pulse	5	2005290	14420	2
2152	105	Picture	10	2015903	0	2	4145	3	0	4000	other	0
2152	105	Pulse	5	2025279	9376	2
2152	106	Picture	10	2033974	0	1	4145	2	0	4000	other	0
2152	106	Pulse	5	2045279	11305	2
2152	107	Picture	11	2051983	0	229	4041	230	0	4000	hit	225
2152	107	Response	1	2055999	4016	1
2152	107	Pulse	5	2065278	13295	2
2152	108	Picture	10	2070115	0	2	4145	3	0	4000	other	0
2152	108	Pulse	5	2085268	15153	2
2152	109	Picture	11	2088186	0	1	4145	2	0	4000	hit	230
2152	109	Response	1	2093108	4922	1
2152	109	Pulse	5	2105267	17081	2
2152	110	Picture	10	2106257	0	1	4145	2	0	4000	other	0
2152	111	Picture	10	2124327	0	2	4145	3	0	4000	other	0
2152	111	Pulse	5	2125267	940	2
2152	112	Picture	11	2142398	0	1	4145	2	0	4000	hit	237
2152	112	Pulse	5	2145256	2858	2
2152	112	Response	1	2146216	3818	2
2152	113	Picture	10	2160469	0	1	4145	2	0	4000	other	0
2152	113	Pulse	5	2165256	4787	2
2152	114	Picture	10	2178540	0	1	4144	2	0	4000	other	0
2152	114	Pulse	5	2185255	6715	2
2152	115	Picture	10	2196610	0	2	4145	3	0	4000	other	0
2152	115	Pulse	5	2205245	8635	2
2152	116	Picture	10	2214681	0	1	4145	2	0	4000	other	0
2152	116	Pulse	5	2225244	10563	2
2152	117	Picture	10	2232752	0	1	4144	3	0	4000	other	0
2152	117	Pulse	5	2245404	12652	2
2152	118	Picture	11	2250822	0	1	4145	2	0	4000	hit	249
2152	118	Response	1	2253874	3052	1
2152	118	Pulse	5	2265393	14571	2
2152	119	Picture	10	2268893	0	1	4145	2	0	4000	other	0
2152	119	Pulse	5	2285393	16500	2
2152	120	Picture	10	2286963	0	2	4145	4	0	4000	other	0
2152	121	Pulse	5	2305392	358	2
2152	121	Pulse	5	2325382	20348	2
2152	122	Picture	30	2330068	0	1	4145	2	0	4000	other	0
2152	122	Pulse	5	2345381	15313	2
2152	123	Picture	30	2348139	0	1	4144	3	0	4000	other	0
2152	123	Pulse	5	2365372	17233	1
2152	124	Picture	30	2366209	0	2	4145	3	0	4000	other	0
2152	125	Picture	31	2384280	0	1	4145	2	0	4000	hit	263
2152	125	Pulse	5	2385370	1090	2
2152	125	Response	1	2390490	6210	2
2152	126	Picture	31	2402351	0	1	4144	3	0	4000	hit	266
2152	126	Pulse	5	2405370	3019	2
2152	126	Response	1	2410330	7979	2
2152	127	Picture	30	2420421	0	2	4145	3	0	4000	other	0
2152	127	Pulse	5	2425369	4948	2
2152	128	Picture	30	2438492	0	1	4145	2	0	4000	other	0
2152	128	Pulse	5	2445359	6867	2
2152	129	Picture	30	2456563	0	1	4144	3	0	4000	other	0
2152	129	Pulse	5	2465358	8795	3
2152	130	Picture	31	2474633	0	2	4145	3	0	4000	hit	274
2152	130	Response	1	2479749	5116	1
2152	130	Pulse	5	2485349	10716	1
2152	131	Picture	30	2492704	0	1	4145	2	0	4000	other	0
2152	131	Pulse	5	2505349	12645	1
2152	132	Picture	30	2510775	0	1	4145	2	0	4000	false_alarm	279
2152	132	Response	1	2516708	5933	2
2152	132	Pulse	5	2525348	14573	2
2152	133	Picture	30	2528845	0	2	4145	3	0	4000	other	0
2152	133	Pulse	5	2545348	16503	1
2152	134	Picture	30	2546916	0	1	4145	2	0	4000	other	0
2152	135	Picture	31	2564920	0	234	4046	235	0	4000	hit	286
2152	135	Pulse	5	2565336	416	2
2152	135	Response	1	2570456	5536	2
2152	136	Picture	30	2583058	0	1	4144	2	0	4000	false_alarm	289
2152	136	Pulse	5	2585335	2277	2
2152	136	Response	1	2592535	9477	2
2152	137	Picture	30	2601128	0	1	4145	2	0	4000	false_alarm	292
2152	137	Pulse	5	2605335	4207	2
2152	137	Response	1	2609325	8197	2
