Scenario - 1-back
Logfile written - 11/20/2014 15:28:00

Subject	Trial	Event Type	Code	Time	TTime	Uncertainty	Duration	Uncertainty	ReqTime	ReqDur	Stim Type	Pair Index

2152	1	Pulse	5	174654	184488	2
2152	2	Pulse	5	194653	19968	2
2152	3	Picture	10	199718	0	2	4145	3	0	4000	other	0
2152	3	Pulse	5	214654	14936	1
2152	4	Picture	10	217789	0	1	4145	2	0	4000	other	0
2152	4	Pulse	5	234644	16855	1
2152	5	Picture	11	235860	0	1	4145	2	0	4000	hit	8
2152	5	Response	1	239442	3582	3
2152	6	Picture	10	253931	0	1	4144	2	0	4000	other	0
2152	6	Pulse	5	254644	713	1
2152	7	Picture	11	272001	0	2	4145	3	0	4000	hit	13
2152	7	Pulse	5	274643	2642	1
2152	7	Response	1	276391	4390	2
2152	8	Picture	10	290072	0	1	4145	2	0	4000	other	0
2152	8	Pulse	5	294631	4559	2
2152	9	Picture	10	308143	0	1	4144	2	0	4000	other	0
2152	9	Pulse	5	314630	6487	2
2152	10	Picture	10	326213	0	1	4145	2	0	4000	other	0
2152	10	Pulse	5	334630	8417	2
2152	11	Picture	11	344284	0	1	4145	2	0	4000	hit	21
2152	11	Response	1	348059	3775	2
2152	11	Pulse	5	354621	10337	1
2152	12	Picture	10	362355	0	1	4144	3	0	4000	other	0
2152	12	Pulse	5	374620	12265	1
2152	13	Picture	10	380425	0	2	4145	3	0	4000	other	0
2152	13	Pulse	5	394618	14193	2
2152	14	Picture	11	398496	0	1	4145	2	0	4000	hit	28
2152	14	Response	1	402128	3632	2
2152	14	Pulse	5	414608	16112	2
2152	15	Picture	10	416567	0	1	4144	3	0	4000	other	0
2152	16	Picture	10	434637	0	2	4145	3	0	4000	other	0
2152	16	Pulse	5	434767	130	2
2152	17	Picture	10	452708	0	1	4145	2	0	4000	other	0
2152	17	Pulse	5	454767	2059	2
2152	18	Picture	10	470779	0	1	4144	3	0	4000	other	0
2152	18	Pulse	5	474756	3977	2
2152	19	Pulse	5	494756	5907	2
2152	20	Picture	20	513883	0	1	4145	2	0	4000	other	0
2152	20	Pulse	5	514755	872	2
2152	21	Picture	20	531954	0	1	4144	3	0	4000	other	0
2152	21	Pulse	5	534745	2791	2
2152	22	Picture	21	550024	0	2	4145	3	0	4000	hit	43
2152	22	Response	1	554425	4401	1
2152	22	Pulse	5	554744	4720	2
2152	23	Picture	20	568095	0	1	4145	2	0	4000	other	0
2152	23	Pulse	5	574744	6649	2
2152	24	Picture	20	586166	0	1	4145	2	0	4000	other	0
2152	24	Pulse	5	594733	8567	2
2152	25	Picture	20	604237	0	1	4144	2	0	4000	other	0
2152	25	Pulse	5	614733	10496	2
2152	26	Picture	21	622307	0	1	4145	2	0	4000	hit	52
2152	26	Response	1	625932	3625	2
2152	26	Pulse	5	634732	12425	2
2152	27	Picture	20	640378	0	1	4145	2	0	4000	other	0
2152	27	Pulse	5	654722	14344	1
2152	28	Picture	20	658449	0	1	4144	2	0	4000	other	0
2152	28	Pulse	5	674721	16272	2
2152	29	Picture	20	676519	0	1	4145	2	0	4000	other	0
2152	30	Picture	20	694590	0	1	4144	3	0	4000	other	0
2152	30	Pulse	5	694721	131	2
2152	31	Picture	20	712661	0	1	4144	2	0	4000	false_alarm	63
2152	31	Pulse	5	714710	2049	3
2152	31	Response	1	717590	4929	3
2152	32	Picture	21	730731	0	1	4145	2	0	4000	hit	66
2152	32	Pulse	5	734710	3979	2
2152	32	Response	1	735352	4621	1
2152	33	Picture	20	748802	0	1	4145	2	0	4000	other	0
2152	33	Pulse	5	754709	5907	3
2152	34	Picture	20	766873	0	1	4144	3	0	4000	other	0
2152	34	Pulse	5	774699	7826	2
2152	35	Picture	21	784943	0	1	4145	2	0	4000	hit	72
2152	35	Response	1	792618	7675	2
2152	35	Pulse	5	794698	9755	2
2152	36	Pulse	5	814698	11684	2
2152	37	Picture	10	828048	0	1	4144	3	0	4000	other	0
2152	37	Pulse	5	834687	6639	2
2152	38	Picture	10	846118	0	2	4145	3	0	4000	other	0
2152	38	Pulse	5	854687	8569	2
2152	39	Picture	11	864189	0	1	4145	2	0	4000	hit	80
2152	39	Response	1	867646	3457	2
2152	39	Pulse	5	874686	10497	2
2152	40	Picture	10	882260	0	1	4144	3	0	4000	other	0
2152	40	Pulse	5	894676	12416	1
2152	41	Picture	11	900330	0	2	4145	3	0	4000	hit	85
2152	41	Response	1	904115	3785	2
2152	41	Pulse	5	914675	14345	2
2152	42	Picture	10	918401	0	1	4145	2	0	4000	other	0
2152	42	Pulse	5	934675	16274	1
2152	43	Picture	10	936472	0	1	4144	3	0	4000	other	0
2152	44	Picture	10	954542	0	2	4145	3	0	4000	other	0
2152	44	Pulse	5	954664	122	2
2152	45	Picture	11	972613	0	1	4145	2	0	4000	hit	94
2152	45	Pulse	5	974664	2051	1
2152	45	Response	1	977544	4931	1
2152	46	Picture	10	990684	0	1	4145	2	0	4000	other	0
2152	46	Pulse	5	994663	3979	2
2152	47	Picture	10	1008754	0	2	4145	3	0	4000	other	0
2152	47	Pulse	5	1014653	5899	1
2152	48	Picture	11	1026825	0	1	4145	2	0	4000	hit	100
2152	48	Response	1	1030334	3509	1
2152	48	Pulse	5	1034652	7827	2
2152	49	Picture	10	1044896	0	1	4144	3	0	4000	other	0
2152	49	Pulse	5	1054652	9756	1
2152	50	Picture	10	1062966	0	2	4145	3	0	4000	other	0
2152	50	Pulse	5	1074641	11675	2
2152	51	Picture	10	1081037	0	1	4145	2	0	4000	other	0
2152	51	Pulse	5	1094641	13604	1
2152	52	Picture	10	1099108	0	1	4145	2	0	4000	other	0
2152	52	Pulse	5	1114640	15532	2
2152	53	Pulse	5	1134630	17451	1
2152	54	Picture	30	1142212	0	1	4145	2	0	4000	other	0
2152	54	Pulse	5	1154629	12417	2
2152	55	Picture	30	1160283	0	1	4145	2	0	4000	other	0
2152	55	Pulse	5	1174629	14346	2
2152	56	Picture	31	1178354	0	1	4144	2	0	4000	hit	116
2152	56	Response	1	1181818	3464	3
2152	56	Pulse	5	1194618	16264	3
2152	57	Picture	30	1196424	0	1	4145	2	0	4000	other	0
2152	58	Picture	30	1214495	0	1	4145	2	0	4000	other	0
2152	58	Pulse	5	1214618	123	2
2152	59	Picture	30	1232566	0	1	4144	3	0	4000	other	0
2152	59	Pulse	5	1234608	2042	2
2152	60	Picture	31	1250636	0	2	4145	3	0	4000	hit	125
2152	60	Pulse	5	1254607	3971	1
2152	60	Response	1	1257007	6371	1
2152	61	Picture	31	1268707	0	1	4145	2	0	4000	miss	0
2152	61	Pulse	5	1274606	5899	2
2152	62	Picture	30	1286778	0	1	4144	2	0	4000	false_alarm	129
2152	62	Response	1	1291726	4948	2
2152	62	Pulse	5	1294607	7829	1
2152	63	Picture	30	1304848	0	2	4145	3	0	4000	other	0
2152	63	Pulse	5	1314596	9748	2
2152	64	Picture	30	1322919	0	1	4145	2	0	4000	other	0
2152	64	Pulse	5	1334596	11677	1
2152	65	Picture	31	1340990	0	1	4144	3	0	4000	hit	136
2152	65	Response	1	1344354	3364	2
2152	65	Pulse	5	1354594	13604	2
2152	66	Picture	30	1359060	0	2	4145	3	0	4000	other	0
2152	66	Pulse	5	1374584	15524	1
2152	67	Picture	30	1377131	0	1	4145	2	0	4000	other	0
2152	67	Pulse	5	1394583	17452	2
2152	68	Picture	30	1395202	0	1	4144	3	0	4000	other	0
2152	69	Picture	30	1413272	0	2	4145	3	0	4000	false_alarm	145
2152	69	Pulse	5	1414583	1311	2
2152	69	Response	1	1419053	5781	1
2152	70	Pulse	5	1434572	3229	2
2152	70	Pulse	5	1454572	23229	2
2152	71	Picture	10	1456377	0	1	4144	3	0	4000	other	0
2152	72	Picture	10	1474447	0	2	4145	3	0	4000	other	0
2152	72	Pulse	5	1474571	124	2
2152	73	Picture	11	1492518	0	1	4145	2	0	4000	hit	153
2152	73	Pulse	5	1494721	2203	1
2152	73	Response	1	1496641	4123	1
2152	74	Picture	10	1510589	0	1	4145	2	0	4000	other	0
2152	74	Pulse	5	1514720	4131	2
2152	75	Picture	11	1528659	0	2	4145	3	0	4000	hit	157
2152	75	Response	1	1532960	4301	2
2152	75	Pulse	5	1534720	6061	1
2152	76	Picture	10	1546730	0	1	4145	2	0	4000	other	0
2152	76	Pulse	5	1554709	7979	2
2152	77	Picture	10	1564801	0	1	4145	2	0	4000	other	0
2152	77	Pulse	5	1574709	9908	1
2152	78	Picture	11	1582872	0	1	4144	2	0	4000	hit	164
2152	78	Response	1	1587028	4156	2
2152	78	Pulse	5	1594708	11836	2
2152	79	Picture	10	1600942	0	2	4145	3	0	4000	other	0
2152	79	Pulse	5	1614698	13756	1
2152	80	Picture	10	1619013	0	1	4145	2	0	4000	other	0
2152	80	Pulse	5	1634697	15684	2
2152	81	Picture	10	1637084	0	1	4144	2	0	4000	other	0
2152	81	Pulse	5	1654697	17613	1
2152	82	Picture	10	1655154	0	2	4145	3	0	4000	other	0
2152	83	Picture	10	1673225	0	1	4145	2	0	4000	other	0
2152	83	Pulse	5	1674686	1461	2
2152	84	Picture	11	1691296	0	1	4144	3	0	4000	hit	177
2152	84	Pulse	5	1694686	3390	2
2152	84	Response	1	1695646	4350	2
2152	85	Picture	10	1709366	0	2	4145	3	0	4000	other	0
2152	85	Pulse	5	1714685	5319	2
2152	86	Picture	10	1727437	0	1	4145	2	0	4000	other	0
2152	86	Pulse	5	1734675	7238	1
2152	87	Pulse	5	1754674	9166	2
2152	88	Picture	20	1770541	0	2	4145	3	0	4000	other	0
2152	88	Pulse	5	1774674	4133	1
2152	89	Picture	20	1788612	0	1	4145	2	0	4000	other	0
2152	89	Pulse	5	1794663	6051	2
2152	90	Picture	20	1806683	0	2	4144	4	0	4000	other	0
2152	90	Pulse	5	1814663	7980	1
2152	91	Picture	21	1824753	0	2	4145	3	0	4000	hit	190
2152	91	Response	1	1828902	4149	2
2152	91	Pulse	5	1834662	9909	2
2152	92	Picture	20	1842824	0	1	4145	2	0	4000	other	0
2152	92	Pulse	5	1854652	11828	2
2152	93	Picture	20	1860895	0	1	4144	3	0	4000	other	0
2152	93	Pulse	5	1874651	13756	2
2152	94	Picture	21	1878965	0	2	4145	3	0	4000	hit	197
2152	94	Response	1	1882651	3686	2
2152	94	Pulse	5	1894651	15686	1
2152	95	Picture	20	1897036	0	1	4144	3	0	4000	other	0
2152	95	Pulse	5	1914640	17604	2
2152	96	Picture	20	1915107	0	1	4145	2	0	4000	other	0
2152	97	Picture	20	1933178	0	1	4144	2	0	4000	other	0
2152	97	Pulse	5	1934640	1462	1
2152	98	Picture	21	1951248	0	1	4145	2	0	4000	hit	205
2152	98	Response	1	1954319	3071	2
2152	98	Pulse	5	1954639	3391	2
2152	99	Picture	20	1969319	0	2	4145	3	0	4000	other	0
2152	99	Pulse	5	1974629	5310	1
2152	100	Picture	20	1987390	0	1	4144	2	0	4000	other	0
2152	100	Pulse	5	1994628	7238	2
2152	101	Picture	21	2005460	0	1	4145	2	0	4000	hit	212
2152	101	Response	1	2011419	5959	1
2152	101	Pulse	5	2014618	9158	1
2152	102	Picture	20	2023531	0	1	4145	2	0	4000	other	0
2152	102	Pulse	5	2034617	11086	2
2152	103	Picture	20	2041602	0	1	4144	3	0	4000	other	0
2152	103	Pulse	5	2054617	13015	1
2152	104	Pulse	5	2074606	14934	2
2152	105	Picture	10	2084706	0	1	4145	2	0	4000	other	0
2152	105	Pulse	5	2094606	9900	1
2152	106	Picture	10	2102777	0	1	4144	2	0	4000	other	0
2152	106	Pulse	5	2114605	11828	2
2152	107	Picture	11	2120847	0	2	4145	3	0	4000	hit	224
2152	107	Response	1	2125165	4318	2
2152	107	Pulse	5	2134595	13748	2
2152	108	Picture	10	2138918	0	1	4145	2	0	4000	other	0
2152	108	Pulse	5	2154594	15676	2
2152	109	Picture	11	2156989	0	1	4144	3	0	4000	hit	229
2152	109	Response	1	2160514	3525	2
2152	109	Pulse	5	2174594	17605	2
2152	110	Picture	10	2175059	0	2	4145	3	0	4000	other	0
2152	111	Picture	10	2193130	0	1	4145	2	0	4000	other	0
2152	111	Pulse	5	2194583	1453	2
2152	112	Picture	11	2211201	0	1	4145	2	0	4000	hit	236
2152	112	Pulse	5	2214583	3382	1
2152	112	Response	1	2215703	4502	1
2152	113	Picture	10	2229271	0	2	4145	3	0	4000	other	0
2152	113	Pulse	5	2234582	5311	2
2152	114	Picture	10	2247342	0	1	4145	2	0	4000	other	0
2152	114	Pulse	5	2254573	7231	1
2152	115	Picture	10	2265413	0	1	4144	3	0	4000	other	0
2152	115	Pulse	5	2274571	9158	2
2152	116	Picture	10	2283484	0	1	4144	2	0	4000	other	0
2152	116	Pulse	5	2294571	11087	1
2152	117	Picture	10	2301554	0	1	4145	2	0	4000	other	0
2152	117	Pulse	5	2314560	13006	2
2152	118	Picture	11	2319625	0	1	4145	2	0	4000	hit	248
2152	118	Response	1	2323840	4215	2
2152	118	Pulse	5	2334561	14936	1
2152	119	Picture	10	2337696	0	1	4144	2	0	4000	false_alarm	251
2152	119	Response	1	2341919	4223	2
2152	119	Pulse	5	2354560	16864	2
2152	120	Picture	10	2355766	0	1	4145	2	0	4000	other	0
2152	121	Pulse	5	2374549	712	1
2152	121	Pulse	5	2394548	20711	2
2152	122	Picture	30	2398871	0	1	4144	2	0	4000	other	0
2152	122	Pulse	5	2414548	15677	1
2152	123	Picture	30	2416941	0	2	4145	3	0	4000	other	0
2152	123	Pulse	5	2434538	17597	1
2152	124	Picture	30	2435012	0	1	4145	2	0	4000	other	0
2152	125	Picture	31	2453083	0	1	4144	3	0	4000	hit	263
2152	125	Pulse	5	2454537	1454	1
2152	125	Response	1	2456297	3214	1
2152	126	Picture	31	2471153	0	2	4145	3	0	4000	hit	266
2152	126	Pulse	5	2474536	3383	2
2152	126	Response	1	2476616	5463	2
2152	127	Picture	30	2489224	0	1	4145	2	0	4000	other	0
2152	127	Pulse	5	2494526	5302	1
2152	128	Picture	30	2507295	0	1	4144	3	0	4000	other	0
2152	128	Pulse	5	2514525	7230	2
2152	129	Picture	30	2525365	0	2	4145	3	0	4000	other	0
2152	129	Pulse	5	2534685	9320	1
2152	130	Picture	31	2543436	0	1	4145	2	0	4000	hit	274
2152	130	Response	1	2547965	4529	1
2152	130	Pulse	5	2554674	11238	2
2152	131	Picture	30	2561507	0	1	4144	3	0	4000	other	0
2152	131	Pulse	5	2574674	13167	1
2152	132	Picture	30	2579578	0	1	4144	2	0	4000	false_alarm	279
2152	132	Response	1	2587793	8215	2
2152	132	Pulse	5	2594673	15095	2
2152	133	Picture	30	2597648	0	1	4145	3	0	4000	false_alarm	282
2152	133	Response	1	2606513	8865	2
2152	133	Pulse	5	2614663	17015	2
2152	134	Picture	30	2615719	0	1	4144	3	0	4000	other	0
2152	135	Picture	31	2633790	0	1	4144	2	0	4000	hit	287
2152	135	Pulse	5	2634662	872	2
2152	135	Response	1	2639142	5352	2
2152	136	Picture	30	2651860	0	1	4145	2	0	4000	false_alarm	290
2152	136	Pulse	5	2654661	2801	3
2152	136	Response	1	2660101	8241	3
2152	137	Picture	30	2669931	0	1	4145	2	0	4000	false_alarm	293
2152	137	Pulse	5	2674651	4720	2
2152	137	Response	1	2678171	8240	2
