Scenario - 1-back
Logfile written - 11/20/2014 15:32:38

Subject	Trial	Event Type	Code	Time	TTime	Uncertainty	Duration	Uncertainty	ReqTime	ReqDur	Stim Type	Pair Index

2152	1	Pulse	5	235108	244942	2
2152	2	Pulse	5	255108	19911	2
2152	3	Picture	10	260230	0	2	4145	3	0	4000	other	0
2152	3	Pulse	5	275097	14867	2
2152	4	Picture	10	278301	0	1	4145	2	0	4000	other	0
2152	4	Pulse	5	295097	16796	2
2152	5	Picture	11	296372	0	1	4144	3	0	4000	hit	8
2152	5	Response	1	300057	3685	1
2152	6	Picture	10	314442	0	1	4145	2	0	4000	other	0
2152	6	Pulse	5	315096	654	2
2152	7	Picture	11	332513	0	1	4145	2	0	4000	hit	13
2152	7	Pulse	5	335086	2573	2
2152	7	Response	1	336526	4013	2
2152	8	Picture	10	350584	0	1	4144	3	0	4000	other	0
2152	8	Pulse	5	355085	4501	2
2152	9	Picture	10	368654	0	2	4145	3	0	4000	other	0
2152	9	Pulse	5	375085	6431	2
2152	10	Picture	10	386725	0	1	4145	2	0	4000	other	0
2152	10	Pulse	5	395234	8509	3
2152	11	Picture	11	404796	0	1	4144	3	0	4000	hit	21
2152	11	Response	1	409154	4358	2
2152	11	Pulse	5	415234	10438	2
2152	12	Picture	10	422866	0	2	4145	3	0	4000	other	0
2152	12	Pulse	5	435233	12367	3
2152	13	Picture	10	440937	0	1	4145	2	0	4000	other	0
2152	13	Pulse	5	455223	14286	2
2152	14	Picture	11	459008	0	1	4144	3	0	4000	hit	28
2152	14	Response	1	462903	3895	1
2152	14	Pulse	5	475222	16214	2
2152	15	Picture	10	477079	0	1	4144	2	0	4000	other	0
2152	16	Picture	10	495149	0	1	4145	2	0	4000	other	0
2152	16	Pulse	5	495222	73	2
2152	17	Picture	10	513220	0	1	4145	2	0	4000	other	0
2152	17	Pulse	5	515211	1991	2
2152	18	Picture	10	531291	0	1	4144	2	0	4000	other	0
2152	18	Pulse	5	535211	3920	2
2152	19	Pulse	5	555210	5849	2
2152	20	Picture	30	574395	0	1	4145	2	0	4000	other	0
2152	20	Pulse	5	575200	805	2
2152	21	Picture	30	592466	0	1	4144	2	0	4000	other	0
2152	21	Pulse	5	595199	2733	2
2152	22	Picture	31	610536	0	2	4145	3	0	4000	hit	44
2152	22	Pulse	5	615199	4663	2
2152	22	Response	1	618399	7863	1
2152	23	Picture	30	628607	0	1	4145	2	0	4000	other	0
2152	23	Pulse	5	635188	6581	2
2152	24	Picture	30	646678	0	1	4144	3	0	4000	other	0
2152	24	Pulse	5	655188	8510	2
2152	25	Picture	30	664748	0	2	4145	3	0	4000	other	0
2152	25	Pulse	5	675187	10439	2
2152	26	Picture	31	682819	0	1	4145	2	0	4000	hit	52
2152	26	Response	1	686057	3238	2
2152	26	Pulse	5	695177	12358	2
2152	27	Picture	31	700890	0	1	4144	3	0	4000	hit	55
2152	27	Response	1	709416	8526	2
2152	27	Pulse	5	715176	14286	2
2152	28	Picture	30	718960	0	2	4145	3	0	4000	false_alarm	58
2152	28	Response	1	729416	10456	2
2152	28	Pulse	5	735176	16216	2
2152	29	Picture	30	737031	0	1	4145	2	0	4000	other	0
2152	30	Picture	30	755102	0	1	4144	3	0	4000	other	0
2152	30	Pulse	5	755165	63	2
2152	31	Picture	31	773172	0	2	4145	3	0	4000	hit	65
2152	31	Pulse	5	775165	1993	2
2152	31	Response	1	776925	3753	1
2152	32	Picture	30	791243	0	1	4145	2	0	4000	other	0
2152	32	Pulse	5	795164	3921	2
2152	33	Picture	30	809314	0	1	4144	3	0	4000	other	0
2152	33	Pulse	5	815154	5840	2
2152	34	Picture	30	827385	0	1	4144	2	0	4000	other	0
2152	34	Pulse	5	835153	7768	2
2152	35	Picture	30	845455	0	1	4145	2	0	4000	other	0
2152	35	Pulse	5	855153	9698	2
2152	36	Pulse	5	875142	11616	3
2152	37	Picture	10	888560	0	1	4144	2	0	4000	other	0
2152	37	Pulse	5	895142	6582	2
2152	38	Picture	10	906630	0	1	4145	2	0	4000	other	0
2152	38	Pulse	5	915133	8503	1
2152	39	Picture	11	924701	0	1	4145	2	0	4000	hit	80
2152	39	Response	1	929372	4671	1
2152	39	Pulse	5	935132	10431	1
2152	40	Picture	10	942772	0	1	4144	2	0	4000	other	0
2152	40	Pulse	5	955132	12360	1
2152	41	Picture	11	960842	0	1	4145	2	0	4000	hit	85
2152	41	Response	1	964891	4049	1
2152	41	Pulse	5	975131	14289	1
2152	42	Picture	10	978913	0	1	4145	2	0	4000	other	0
2152	42	Pulse	5	995120	16207	1
2152	43	Picture	10	996984	0	1	4144	3	0	4000	other	0
2152	44	Picture	10	1015054	0	2	4145	3	0	4000	other	0
2152	44	Pulse	5	1015119	65	2
2152	45	Picture	11	1033125	0	1	4145	2	0	4000	hit	94
2152	45	Pulse	5	1035118	1993	2
2152	45	Response	1	1036558	3433	2
2152	46	Picture	10	1051196	0	1	4144	3	0	4000	other	0
2152	46	Pulse	5	1055108	3912	2
2152	47	Picture	10	1069266	0	2	4145	3	0	4000	other	0
2152	47	Pulse	5	1075107	5841	2
2152	48	Picture	11	1087337	0	1	4145	2	0	4000	hit	100
2152	48	Response	1	1090947	3610	2
2152	48	Pulse	5	1095107	7770	2
2152	49	Picture	10	1105408	0	1	4145	2	0	4000	other	0
2152	49	Pulse	5	1115096	9688	2
2152	50	Picture	10	1123479	0	1	4144	2	0	4000	other	0
2152	50	Pulse	5	1135096	11617	2
2152	51	Picture	10	1141549	0	1	4145	2	0	4000	other	0
2152	51	Pulse	5	1155095	13546	2
2152	52	Picture	10	1159620	0	1	4145	2	0	4000	other	0
2152	52	Pulse	5	1175085	15465	2
2152	53	Pulse	5	1195084	17393	2
2152	54	Picture	20	1202724	0	2	4145	3	0	4000	other	0
2152	54	Pulse	5	1215084	12360	2
2152	55	Picture	20	1220795	0	1	4145	2	0	4000	other	0
2152	55	Pulse	5	1235073	14278	2
2152	56	Picture	21	1238866	0	1	4144	3	0	4000	hit	116
2152	56	Response	1	1242113	3247	2
2152	56	Pulse	5	1255073	16207	2
2152	57	Picture	20	1256936	0	2	4145	3	0	4000	other	0
2152	58	Picture	20	1275007	0	1	4145	2	0	4000	other	0
2152	58	Pulse	5	1275072	65	2
2152	59	Picture	20	1293078	0	1	4144	3	0	4000	other	0
2152	59	Pulse	5	1295062	1984	2
2152	60	Picture	21	1311148	0	2	4145	3	0	4000	hit	124
2152	60	Response	1	1314741	3593	2
2152	60	Pulse	5	1315061	3913	2
2152	61	Picture	20	1329219	0	1	4145	2	0	4000	other	0
2152	61	Pulse	5	1335061	5842	2
2152	62	Picture	20	1347290	0	1	4144	3	0	4000	other	0
2152	62	Pulse	5	1355050	7760	3
2152	63	Picture	20	1365360	0	2	4145	3	0	4000	other	0
2152	63	Pulse	5	1375051	9691	1
2152	64	Picture	20	1383431	0	1	4145	2	0	4000	other	0
2152	64	Pulse	5	1395049	11618	3
2152	65	Picture	20	1401502	0	1	4145	2	0	4000	other	0
2152	65	Pulse	5	1415039	13537	1
2152	66	Picture	21	1419572	0	2	4145	3	0	4000	hit	137
2152	66	Response	1	1422719	3147	1
2152	66	Pulse	5	1435199	15627	1
2152	67	Picture	20	1437643	0	1	4145	2	0	4000	other	0
2152	67	Pulse	5	1455198	17555	2
2152	68	Picture	20	1455714	0	1	4145	2	0	4000	other	0
2152	69	Picture	21	1473785	0	1	4144	2	0	4000	hit	144
2152	69	Pulse	5	1475187	1402	2
2152	69	Response	1	1478067	4282	3
2152	70	Pulse	5	1495188	3333	1
2152	70	Pulse	5	1515186	23331	2
2152	71	Picture	10	1516889	0	1	4145	2	0	4000	other	0
2152	72	Picture	10	1534960	0	1	4144	2	0	4000	other	0
2152	72	Pulse	5	1535176	216	2
2152	73	Picture	11	1553030	0	1	4145	2	0	4000	hit	152
2152	73	Pulse	5	1555175	2145	2
2152	73	Response	1	1557735	4705	2
2152	74	Picture	10	1571101	0	1	4145	2	0	4000	other	0
2152	74	Pulse	5	1575175	4074	2
2152	75	Picture	11	1589172	0	1	4144	3	0	4000	hit	156
2152	75	Response	1	1592605	3433	1
2152	75	Pulse	5	1595164	5992	2
2152	76	Picture	10	1607242	0	2	4145	3	0	4000	other	0
2152	76	Pulse	5	1615164	7922	2
2152	77	Picture	10	1625313	0	1	4145	2	0	4000	other	0
2152	77	Pulse	5	1635164	9851	1
2152	78	Picture	11	1643384	0	1	4144	3	0	4000	hit	163
2152	78	Response	1	1647153	3769	2
2152	78	Pulse	5	1655153	11769	2
2152	79	Picture	10	1661454	0	2	4145	3	0	4000	other	0
2152	79	Pulse	5	1675152	13698	2
2152	80	Picture	10	1679525	0	1	4145	3	0	4000	other	0
2152	80	Pulse	5	1695152	15627	2
2152	81	Picture	10	1697596	0	1	4144	3	0	4000	other	0
2152	81	Pulse	5	1715141	17545	2
2152	82	Picture	10	1715666	0	2	4145	3	0	4000	other	0
2152	83	Picture	10	1733737	0	1	4145	2	0	4000	other	0
2152	83	Pulse	5	1735141	1404	2
2152	84	Picture	11	1751808	0	1	4144	3	0	4000	hit	176
2152	84	Pulse	5	1755140	3332	2
2152	84	Response	1	1755940	4132	2
2152	85	Picture	10	1769879	0	1	4144	2	0	4000	other	0
2152	85	Pulse	5	1775130	5251	1
2152	86	Picture	10	1787949	0	1	4145	2	0	4000	other	0
2152	86	Pulse	5	1795129	7180	2
2152	87	Pulse	5	1815129	9109	2
2152	88	Picture	30	1831054	0	1	4144	3	0	4000	other	0
2152	88	Pulse	5	1835118	4064	3
2152	89	Picture	30	1849124	0	1	4145	2	0	4000	other	0
2152	89	Pulse	5	1855118	5994	2
2152	90	Picture	30	1867195	0	1	4145	2	0	4000	other	0
2152	90	Pulse	5	1875117	7922	3
2152	91	Picture	31	1885266	0	1	4144	3	0	4000	hit	189
2152	91	Response	1	1889187	3921	2
2152	91	Pulse	5	1895107	9841	2
2152	92	Picture	31	1903336	0	2	4145	3	0	4000	hit	192
2152	92	Response	1	1907106	3770	2
2152	92	Pulse	5	1915106	11770	2
2152	93	Picture	30	1921407	0	1	4145	2	0	4000	other	0
2152	93	Pulse	5	1935106	13699	1
2152	94	Picture	30	1939478	0	1	4144	3	0	4000	other	0
2152	94	Pulse	5	1955097	15619	1
2152	95	Picture	30	1957548	0	2	4145	3	0	4000	other	0
2152	95	Pulse	5	1975095	17547	2
2152	96	Picture	31	1975619	0	1	4145	2	0	4000	hit	201
2152	96	Response	1	1978775	3156	1
2152	97	Picture	30	1993690	0	1	4144	3	0	4000	other	0
2152	97	Pulse	5	1995086	1396	1
2152	98	Picture	30	2011760	0	2	4145	3	0	4000	other	0
2152	98	Pulse	5	2015085	3325	1
2152	99	Picture	30	2029831	0	1	4145	2	0	4000	other	0
2152	99	Pulse	5	2035085	5254	1
2152	100	Picture	30	2047902	0	1	4144	3	0	4000	other	0
2152	100	Pulse	5	2055084	7182	1
2152	101	Picture	31	2065973	0	1	4144	2	0	4000	hit	211
2152	101	Response	1	2071712	5739	2
2152	101	Pulse	5	2075073	9100	1
2152	102	Picture	30	2084043	0	1	4145	2	0	4000	other	0
2152	102	Pulse	5	2095072	11029	1
2152	103	Picture	30	2102114	0	1	4145	2	0	4000	false_alarm	216
2152	103	Response	1	2107391	5277	2
2152	103	Pulse	5	2115072	12958	1
2152	104	Pulse	5	2135061	14876	1
2152	105	Picture	10	2145218	0	1	4145	2	0	4000	other	0
2152	105	Pulse	5	2155060	9842	2
2152	106	Picture	10	2163289	0	1	4145	2	0	4000	other	0
2152	106	Pulse	5	2175060	11771	2
2152	107	Picture	11	2181359	0	2	4145	3	0	4000	hit	224
2152	107	Response	1	2184969	3610	2
2152	107	Pulse	5	2195049	13690	2
2152	108	Picture	10	2199430	0	2	4145	3	0	4000	other	0
2152	108	Pulse	5	2215049	15619	1
2152	109	Picture	11	2217501	0	1	4145	2	0	4000	hit	229
2152	109	Response	1	2220329	2828	1
2152	109	Pulse	5	2235048	17547	2
2152	110	Picture	10	2235572	0	1	4144	3	0	4000	other	0
2152	111	Picture	10	2253642	0	2	4145	3	0	4000	other	0
2152	111	Pulse	5	2255038	1396	1
2152	112	Picture	11	2271713	0	1	4145	2	0	4000	hit	236
2152	112	Pulse	5	2275037	3324	2
2152	112	Response	1	2276317	4604	2
2152	113	Picture	10	2289784	0	1	4144	3	0	4000	other	0
2152	113	Pulse	5	2295037	5253	1
2152	114	Picture	10	2307854	0	2	4145	3	0	4000	other	0
2152	114	Pulse	5	2315026	7172	3
2152	115	Picture	10	2325925	0	1	4145	2	0	4000	other	0
2152	115	Pulse	5	2335026	9101	2
2152	116	Picture	10	2343996	0	1	4144	3	0	4000	other	0
2152	116	Pulse	5	2355025	11029	2
2152	117	Picture	10	2362066	0	2	4145	3	0	4000	other	0
2152	117	Pulse	5	2375015	12949	1
2152	118	Picture	11	2380137	0	1	4145	2	0	4000	hit	248
2152	118	Response	1	2383974	3837	2
2152	118	Pulse	5	2395014	14877	2
2152	119	Picture	10	2398208	0	1	4144	3	0	4000	other	0
2152	119	Pulse	5	2415014	16806	1
2152	120	Picture	10	2416279	0	1	4144	2	0	4000	other	0
2152	121	Pulse	5	2435003	654	2
2152	121	Pulse	5	2455003	20654	1
2152	122	Picture	20	2459383	0	1	4145	2	0	4000	other	0
2152	122	Pulse	5	2475162	15779	2
2152	123	Picture	20	2477454	0	1	4144	2	0	4000	other	0
2152	123	Pulse	5	2495152	17698	1
2152	124	Picture	20	2495524	0	2	4145	3	0	4000	other	0
2152	125	Picture	21	2513595	0	1	4145	2	0	4000	hit	262
2152	125	Pulse	5	2515151	1556	2
2152	125	Response	1	2516911	3316	2
2152	126	Picture	20	2531666	0	1	4144	3	0	4000	other	0
2152	126	Pulse	5	2535151	3485	1
2152	127	Picture	20	2549736	0	2	4145	3	0	4000	other	0
2152	127	Pulse	5	2555140	5404	2
2152	128	Picture	21	2567807	0	1	4145	2	0	4000	miss	0
2152	128	Pulse	5	2575140	7333	1
2152	129	Picture	20	2585878	0	1	4144	3	0	4000	other	0
2152	129	Pulse	5	2595139	9261	2
2152	130	Picture	20	2603948	0	2	4145	3	0	4000	other	0
2152	130	Pulse	5	2615129	11181	1
2152	131	Picture	20	2622019	0	1	4145	2	0	4000	other	0
2152	131	Pulse	5	2635128	13109	2
2152	132	Picture	21	2640090	0	1	4144	3	0	4000	hit	276
2152	132	Response	1	2643128	3038	2
2152	132	Pulse	5	2655128	15038	1
2152	133	Picture	20	2658160	0	2	4145	3	0	4000	other	0
2152	133	Pulse	5	2675117	16957	2
2152	134	Picture	20	2676231	0	1	4145	2	0	4000	other	0
2152	135	Picture	21	2694302	0	1	4145	2	0	4000	hit	283
2152	135	Pulse	5	2695117	815	1
2152	135	Response	1	2697837	3535	1
2152	136	Picture	20	2712373	0	1	4144	2	0	4000	other	0
2152	136	Pulse	5	2715117	2744	1
2152	137	Picture	20	2730443	0	2	4145	3	0	4000	other	0
2152	137	Pulse	5	2735106	4663	1
