Scenario - 1-back
Logfile written - 11/20/2014 15:22:23

Subject	Trial	Event Type	Code	Time	TTime	Uncertainty	Duration	Uncertainty	ReqTime	ReqDur	Stim Type	Pair Index

2152	1	Pulse	5	90665	100499	1
2152	2	Pulse	5	110664	19867	2
2152	3	Picture	10	115831	0	1	4144	3	0	4000	other	0
2152	3	Pulse	5	130664	14833	1
2152	4	Picture	10	133901	0	2	4145	3	0	4000	other	0
2152	4	Pulse	5	150652	16751	2
2152	5	Picture	11	151972	0	1	4145	2	0	4000	hit	8
2152	5	Response	1	155772	3800	2
2152	6	Picture	10	170043	0	1	4144	3	0	4000	other	0
2152	6	Pulse	5	170652	609	1
2152	7	Picture	11	188445	0	1	4145	2	0	4000	hit	13
2152	7	Pulse	5	190651	2206	2
2152	7	Response	1	192091	3646	2
2152	8	Picture	10	206516	0	1	4144	2	0	4000	other	0
2152	8	Pulse	5	210641	4125	2
2152	9	Picture	10	224586	0	2	4145	3	0	4000	other	0
2152	9	Pulse	5	230640	6054	2
2152	10	Picture	10	242657	0	1	4145	2	0	4000	other	0
2152	10	Pulse	5	250640	7983	2
2152	11	Picture	11	260728	0	1	4144	3	0	4000	hit	21
2152	11	Response	1	264559	3831	3
2152	11	Pulse	5	270629	9901	2
2152	12	Picture	10	278798	0	2	4145	3	0	4000	other	0
2152	12	Pulse	5	290629	11831	1
2152	13	Picture	10	296868	0	2	4146	3	0	4000	other	0
2152	13	Pulse	5	310628	13760	2
2152	14	Picture	11	314940	0	1	4144	3	0	4000	hit	28
2152	14	Response	1	317988	3048	2
2152	14	Pulse	5	330618	15678	1
2152	15	Picture	10	333010	0	2	4145	3	0	4000	other	0
2152	15	Pulse	5	350617	17607	2
2152	16	Picture	10	351081	0	1	4145	2	0	4000	other	0
2152	17	Picture	10	369152	0	1	4144	3	0	4000	other	0
2152	17	Pulse	5	370617	1465	1
2152	18	Picture	10	387222	0	2	4145	3	0	4000	other	0
2152	18	Pulse	5	390606	3384	2
2152	19	Pulse	5	410606	5313	1
2152	20	Picture	30	430327	0	1	4144	3	0	4000	other	0
2152	20	Pulse	5	430606	279	1
2152	21	Picture	30	448397	0	2	4145	3	0	4000	other	0
2152	21	Pulse	5	450595	2198	1
2152	22	Picture	31	466468	0	1	4145	2	0	4000	hit	43
2152	22	Response	1	470274	3806	2
2152	22	Pulse	5	470594	4126	2
2152	23	Picture	30	484539	0	1	4144	3	0	4000	other	0
2152	23	Pulse	5	490594	6055	2
2152	24	Picture	30	502610	0	1	4144	2	0	4000	other	0
2152	24	Pulse	5	510583	7973	2
2152	25	Picture	30	520680	0	1	4145	2	0	4000	other	0
2152	25	Pulse	5	530583	9903	1
2152	26	Picture	31	538751	0	1	4144	3	0	4000	miss	0
2152	26	Pulse	5	550583	11832	1
2152	27	Picture	31	557153	0	1	4145	2	0	4000	hit	54
2152	27	Response	1	564342	7189	2
2152	27	Pulse	5	570572	13419	1
2152	28	Picture	30	575224	0	1	4144	3	0	4000	other	0
2152	28	Pulse	5	590571	15347	2
2152	29	Picture	30	593295	0	1	4144	2	0	4000	other	0
2152	29	Pulse	5	610571	17276	1
2152	30	Picture	30	611365	0	1	4145	2	0	4000	other	0
2152	31	Picture	31	629436	0	1	4144	3	0	4000	hit	63
2152	31	Pulse	5	630560	1124	2
2152	31	Response	1	633920	4484	2
2152	32	Picture	30	647506	0	2	4145	3	0	4000	false_alarm	66
2152	32	Pulse	5	650560	3054	1
2152	32	Response	1	654239	6733	2
2152	33	Picture	30	665577	0	1	4145	2	0	4000	other	0
2152	33	Pulse	5	670559	4982	2
2152	34	Picture	30	683648	0	1	4000	312	0	4000	other	0
2152	34	Pulse	5	690549	6901	2
2152	35	Picture	30	701719	0	1	4144	2	0	4000	other	0
2152	35	Pulse	5	710548	8829	2
2152	36	Pulse	5	730548	10759	2
2152	37	Picture	10	744823	0	1	4145	2	0	4000	other	0
2152	37	Pulse	5	750537	5714	2
2152	38	Picture	10	762894	0	1	4144	2	0	4000	other	0
2152	38	Pulse	5	770537	7643	1
2152	39	Picture	11	780964	0	1	4145	2	0	4000	hit	80
2152	39	Pulse	5	790536	9572	2
2152	39	Response	1	791336	10372	2
2152	40	Picture	10	799035	0	1	4145	2	0	4000	other	0
2152	40	Pulse	5	810526	11491	1
2152	41	Picture	11	817105	0	3	4145	5	0	4000	hit	84
2152	41	Response	1	821085	3980	2
2152	41	Pulse	5	830685	13580	2
2152	42	Picture	10	835176	0	2	4145	3	0	4000	other	0
2152	42	Pulse	5	850685	15509	1
2152	43	Picture	10	853247	0	1	4145	2	0	4000	other	0
2152	43	Pulse	5	870674	17427	2
2152	44	Picture	10	871318	0	1	4144	2	0	4000	other	0
2152	45	Picture	11	889388	0	2	4145	3	0	4000	hit	93
2152	45	Pulse	5	890674	1286	1
2152	45	Response	1	892754	3366	1
2152	46	Picture	10	907459	0	1	4145	2	0	4000	other	0
2152	46	Pulse	5	910673	3214	2
2152	47	Picture	10	925530	0	1	4144	3	0	4000	other	0
2152	47	Pulse	5	930663	5133	1
2152	48	Picture	11	943600	0	2	4145	3	0	4000	hit	99
2152	48	Response	1	947623	4023	1
2152	48	Pulse	5	950662	7062	2
2152	49	Picture	10	961671	0	1	4145	2	0	4000	other	0
2152	49	Pulse	5	970662	8991	1
2152	50	Picture	10	979741	0	2	4145	4	0	4000	other	0
2152	50	Pulse	5	990651	10910	2
2152	51	Picture	10	997812	0	2	4145	3	0	4000	other	0
2152	51	Pulse	5	1010651	12839	1
2152	52	Picture	10	1015883	0	1	4145	2	0	4000	other	0
2152	52	Pulse	5	1030650	14767	2
2152	53	Pulse	5	1050640	16686	1
2152	54	Picture	20	1058987	0	2	4000	314	0	4000	other	0
2152	54	Pulse	5	1070639	11652	2
2152	55	Picture	20	1077058	0	1	4145	2	0	4000	other	0
2152	55	Pulse	5	1090639	13581	1
2152	56	Picture	21	1095129	0	1	4145	2	0	4000	hit	115
2152	56	Response	1	1098478	3349	2
2152	56	Pulse	5	1110629	15500	2
2152	57	Picture	20	1113200	0	1	4144	2	0	4000	other	0
2152	57	Pulse	5	1130629	17429	1
2152	58	Picture	20	1131270	0	1	4145	2	0	4000	other	0
2152	59	Picture	20	1149341	0	1	4145	2	0	4000	other	0
2152	59	Pulse	5	1150628	1287	2
2152	60	Picture	21	1167412	0	1	4144	2	0	4000	hit	124
2152	60	Pulse	5	1170617	3205	2
2152	60	Response	1	1171256	3844	3
2152	61	Picture	20	1185482	0	2	4145	3	0	4000	other	0
2152	61	Pulse	5	1190616	5134	2
2152	62	Picture	20	1203553	0	1	4145	2	0	4000	other	0
2152	62	Pulse	5	1210615	7062	3
2152	63	Picture	20	1221624	0	1	4144	2	0	4000	other	0
2152	63	Pulse	5	1230605	8981	2
2152	64	Picture	20	1239694	0	1	4145	2	0	4000	false_alarm	132
2152	64	Response	1	1242445	2751	2
2152	64	Pulse	5	1250605	10911	1
2152	65	Picture	20	1257765	0	1	4145	2	0	4000	other	0
2152	65	Pulse	5	1270604	12839	2
2152	66	Picture	21	1275836	0	1	4144	3	0	4000	miss	0
2152	66	Pulse	5	1290594	14758	1
2152	67	Picture	20	1293906	0	2	4145	3	0	4000	other	0
2152	67	Pulse	5	1310593	16687	2
2152	68	Picture	20	1311977	0	1	4145	2	0	4000	other	0
2152	69	Picture	21	1330048	0	1	4144	3	0	4000	hit	143
2152	69	Pulse	5	1330593	545	1
2152	69	Response	1	1335712	5664	2
2152	70	Pulse	5	1350582	2464	2
2152	70	Pulse	5	1370582	22464	1
2152	71	Picture	10	1373152	0	1	4145	2	0	4000	other	0
2152	71	Pulse	5	1390581	17429	2
2152	72	Picture	10	1391223	0	1	4144	3	0	4000	other	0
2152	73	Picture	11	1409293	0	2	4145	3	0	4000	hit	151
2152	73	Pulse	5	1410571	1278	1
2152	73	Response	1	1413930	4637	2
2152	74	Picture	10	1427364	0	1	4145	2	0	4000	other	0
2152	74	Pulse	5	1430570	3206	2
2152	75	Picture	11	1445435	0	1	4144	3	0	4000	hit	156
2152	75	Pulse	5	1450570	5135	1
2152	75	Response	1	1451529	6094	2
2152	76	Picture	10	1463505	0	2	4145	3	0	4000	other	0
2152	76	Pulse	5	1470559	7054	2
2152	77	Picture	10	1481576	0	1	4145	2	0	4000	other	0
2152	77	Pulse	5	1490559	8983	1
2152	78	Picture	11	1499647	0	1	4145	2	0	4000	hit	162
2152	78	Response	1	1503038	3391	2
2152	78	Pulse	5	1510558	10911	2
2152	79	Picture	10	1517718	0	1	4144	2	0	4000	other	0
2152	79	Pulse	5	1530548	12830	1
2152	80	Picture	10	1535788	0	1	4145	2	0	4000	other	0
2152	80	Pulse	5	1550547	14759	2
2152	81	Picture	10	1553859	0	1	4145	2	0	4000	other	0
2152	81	Pulse	5	1570547	16688	1
2152	82	Picture	10	1571868	0	229	4040	231	0	4000	other	0
2152	83	Picture	10	1590000	0	1	4145	2	0	4000	other	0
2152	83	Pulse	5	1590536	536	2
2152	84	Picture	11	1608071	0	1	4145	2	0	4000	hit	175
2152	84	Pulse	5	1610536	2465	1
2152	84	Response	1	1611975	3904	2
2152	85	Picture	10	1626142	0	1	4143	4	0	4000	other	0
2152	85	Pulse	5	1630535	4393	2
2152	86	Picture	10	1644212	0	1	4145	2	0	4000	other	0
2152	86	Pulse	5	1650524	6312	3
2152	87	Pulse	5	1670524	8241	2
2152	88	Picture	30	1687317	0	1	4144	3	0	4000	other	0
2152	88	Pulse	5	1690523	3206	3
2152	89	Picture	30	1705387	0	2	4145	3	0	4000	other	0
2152	89	Pulse	5	1710513	5126	2
2152	90	Picture	30	1723458	0	1	4145	2	0	4000	other	0
2152	90	Pulse	5	1730513	7055	1
2152	91	Picture	31	1741529	0	1	4144	3	0	4000	hit	188
2152	91	Response	1	1744913	3384	2
2152	91	Pulse	5	1750512	8983	2
2152	92	Picture	31	1759599	0	2	4145	3	0	4000	hit	191
2152	92	Response	1	1769863	10264	1
2152	92	Pulse	5	1770502	10903	1
2152	93	Picture	30	1777670	0	1	4145	2	0	4000	other	0
2152	93	Pulse	5	1790501	12831	2
2152	94	Picture	30	1795741	0	1	4144	3	0	4000	other	0
2152	94	Pulse	5	1810501	14760	1
2152	95	Picture	30	1813811	0	2	4145	3	0	4000	false_alarm	198
2152	95	Response	1	1818340	4529	2
2152	95	Pulse	5	1830490	16679	2
2152	96	Picture	31	1831882	0	1	4145	2	0	4000	hit	201
2152	96	Response	1	1836090	4208	2
2152	97	Picture	30	1849953	0	1	4144	3	0	4000	other	0
2152	97	Pulse	5	1850490	537	1
2152	98	Picture	30	1868023	0	2	4145	3	0	4000	other	0
2152	98	Pulse	5	1870649	2626	2
2152	99	Picture	30	1886094	0	1	4145	2	0	4000	other	0
2152	99	Pulse	5	1890639	4545	1
2152	100	Picture	30	1904165	0	1	4144	3	0	4000	other	0
2152	100	Pulse	5	1910638	6473	2
2152	101	Picture	31	1922235	0	2	4145	3	0	4000	hit	211
2152	101	Response	1	1928718	6483	1
2152	101	Pulse	5	1930638	8403	1
2152	102	Picture	30	1940306	0	1	4145	2	0	4000	other	0
2152	102	Pulse	5	1950627	10321	2
2152	103	Picture	30	1958377	0	1	4145	2	0	4000	false_alarm	216
2152	103	Response	1	1964387	6010	1
2152	103	Pulse	5	1970626	12249	2
2152	104	Pulse	5	1990626	14179	2
2152	105	Picture	10	2001481	0	1	4145	2	0	4000	other	0
2152	105	Pulse	5	2010616	9135	1
2152	106	Picture	10	2019552	0	1	4145	2	0	4000	other	0
2152	106	Pulse	5	2030615	11063	2
2152	107	Picture	11	2037563	0	227	4038	229	0	4000	hit	224
2152	107	Response	1	2042135	4572	2
2152	107	Pulse	5	2050615	13052	1
2152	108	Picture	10	2055693	0	1	4145	2	0	4000	other	0
2152	108	Pulse	5	2070604	14911	2
2152	109	Picture	11	2073764	0	1	4145	2	0	4000	hit	229
2152	109	Response	1	2079724	5960	2
2152	109	Pulse	5	2090604	16840	1
2152	110	Picture	10	2091835	0	1	4144	3	0	4000	other	0
2152	111	Picture	10	2110071	0	1	4145	2	0	4000	other	0
2152	111	Pulse	5	2110603	532	2
2152	112	Picture	11	2128142	0	1	4144	3	0	4000	hit	236
2152	112	Pulse	5	2130594	2452	1
2152	112	Response	1	2132512	4370	3
2152	113	Picture	10	2146212	0	2	4145	3	0	4000	other	0
2152	113	Pulse	5	2150592	4380	2
2152	114	Picture	10	2164283	0	1	4145	2	0	4000	other	0
2152	114	Pulse	5	2170591	6308	3
2152	115	Picture	10	2182354	0	1	4145	2	0	4000	other	0
2152	115	Pulse	5	2190582	8228	2
2152	116	Picture	10	2200425	0	1	4144	2	0	4000	other	0
2152	116	Pulse	5	2210582	10157	1
2152	117	Picture	10	2218495	0	1	4145	2	0	4000	other	0
2152	117	Pulse	5	2230581	12086	1
2152	118	Picture	11	2236566	0	1	4144	3	0	4000	hit	248
2152	118	Response	1	2239540	2974	2
2152	118	Pulse	5	2250569	14003	2
2152	119	Picture	10	2254637	0	1	4144	2	0	4000	other	0
2152	119	Pulse	5	2270569	15932	2
2152	120	Picture	10	2272707	0	1	4145	2	0	4000	other	0
2152	120	Pulse	5	2290568	17861	2
2152	121	Pulse	5	2310558	19780	2
2152	122	Picture	20	2315812	0	1	4144	3	0	4000	other	0
2152	122	Pulse	5	2330558	14746	1
2152	123	Picture	20	2333882	0	2	4145	3	0	4000	other	0
2152	123	Pulse	5	2350557	16675	2
2152	124	Picture	20	2351953	0	1	4145	2	0	4000	other	0
2152	125	Picture	21	2370024	0	1	4144	3	0	4000	hit	262
2152	125	Pulse	5	2370546	522	2
2152	125	Response	1	2373426	3402	2
2152	126	Picture	20	2388094	0	2	4145	4	0	4000	other	0
2152	126	Pulse	5	2390546	2452	2
2152	127	Picture	20	2406165	0	1	4145	2	0	4000	other	0
2152	127	Pulse	5	2410546	4381	1
2152	128	Picture	21	2424236	0	1	4144	3	0	4000	hit	268
2152	128	Response	1	2428145	3909	2
2152	128	Pulse	5	2430535	6299	2
2152	129	Picture	20	2442306	0	2	4145	3	0	4000	other	0
2152	129	Pulse	5	2450534	8228	2
2152	130	Picture	20	2460377	0	1	4145	2	0	4000	other	0
2152	130	Pulse	5	2470534	10157	2
2152	131	Picture	20	2478448	0	1	4144	3	0	4000	other	0
2152	131	Pulse	5	2490523	12075	2
2152	132	Picture	21	2496518	0	2	4145	4	0	4000	hit	277
2152	132	Response	1	2503163	6645	2
2152	132	Pulse	5	2510523	14005	2
2152	133	Picture	20	2514589	0	1	4145	2	0	4000	other	0
2152	133	Pulse	5	2530522	15933	2
2152	134	Picture	20	2532660	0	1	4145	2	0	4000	other	0
2152	134	Pulse	5	2550512	17852	2
2152	135	Picture	21	2550731	0	1	4144	2	0	4000	hit	284
2152	135	Response	1	2554672	3941	2
2152	136	Picture	20	2568801	0	1	4145	2	0	4000	other	0
2152	136	Pulse	5	2570511	1710	2
2152	137	Picture	20	2586872	0	1	4144	3	0	4000	other	0
2152	137	Pulse	5	2590511	3639	2
