Scenario - 1-back
Logfile written - 10/24/2014 10:21:39

Subject	Trial	Event Type	Code	Time	TTime	Uncertainty	Duration	Uncertainty	ReqTime	ReqDur	Stim Type	Pair Index

2168	1	Pulse	5	145366	155200	2
2168	2	Pulse	5	165366	19859	2
2168	3	Picture	10	170541	0	1	4145	2	0	4000	other	0
2168	3	Pulse	5	185355	14814	2
2168	4	Picture	10	188612	0	1	4145	2	0	4000	other	0
2168	4	Pulse	5	205355	16743	2
2168	5	Picture	11	206683	0	1	4144	3	0	4000	hit	8
2168	5	Response	1	213035	6352	2
2168	6	Picture	10	224754	0	1	4144	2	0	4000	other	0
2168	6	Pulse	5	225355	601	1
2168	7	Picture	11	242824	0	2	4145	3	0	4000	hit	13
2168	7	Pulse	5	245344	2520	2
2168	7	Response	1	247904	5080	2
2168	8	Picture	10	260895	0	1	4145	2	0	4000	other	0
2168	8	Pulse	5	265344	4449	2
2168	9	Picture	10	278966	0	1	4145	2	0	4000	other	0
2168	9	Pulse	5	285343	6377	2
2168	10	Picture	10	297037	0	1	4144	3	0	4000	other	0
2168	10	Pulse	5	305333	8296	2
2168	11	Picture	11	315107	0	2	4145	3	0	4000	hit	21
2168	11	Response	1	319573	4466	2
2168	11	Pulse	5	325333	10226	2
2168	12	Picture	10	333178	0	1	4145	2	0	4000	other	0
2168	12	Pulse	5	345332	12154	2
2168	13	Picture	10	351249	0	1	4145	2	0	4000	other	0
2168	13	Pulse	5	365322	14073	2
2168	14	Picture	11	369320	0	1	4144	3	0	4000	hit	28
2168	14	Response	1	374282	4962	2
2168	14	Pulse	5	385322	16002	1
2168	15	Picture	10	387391	0	1	4144	3	0	4000	other	0
2168	15	Pulse	5	405321	17930	2
2168	16	Picture	10	405461	0	2	4145	3	0	4000	other	0
2168	17	Picture	10	423532	0	1	4145	2	0	4000	other	0
2168	17	Pulse	5	425311	1779	2
2168	18	Picture	10	441603	0	1	4145	2	0	4000	other	0
2168	18	Pulse	5	445311	3708	1
2168	19	Pulse	5	465310	5636	2
2168	20	Picture	20	484708	0	1	4144	3	0	4000	other	0
2168	20	Pulse	5	485300	592	2
2168	21	Picture	20	502778	0	2	4145	3	0	4000	other	0
2168	21	Pulse	5	505299	2521	2
2168	22	Picture	21	520849	0	1	4145	2	0	4000	miss	0
2168	22	Pulse	5	525299	4450	2
2168	23	Picture	20	538920	0	1	4145	2	0	4000	other	0
2168	23	Pulse	5	545289	6369	2
2168	24	Picture	20	556991	0	1	4144	3	0	4000	other	0
2168	24	Pulse	5	565288	8297	3
2168	25	Picture	20	575062	0	1	4144	2	0	4000	other	0
2168	25	Pulse	5	585288	10226	2
2168	26	Picture	21	593132	0	1	4145	2	0	4000	hit	52
2168	26	Pulse	5	605278	12146	1
2168	26	Response	1	606398	13266	1
2168	27	Picture	20	611203	0	1	4144	3	0	4000	other	0
2168	27	Pulse	5	625277	14074	2
2168	28	Picture	20	629274	0	1	4145	2	0	4000	other	0
2168	28	Pulse	5	645277	16003	2
2168	29	Picture	20	647345	0	1	4144	3	0	4000	other	0
2168	29	Pulse	5	665266	17921	2
2168	30	Picture	20	665415	0	2	4145	3	0	4000	other	0
2168	31	Picture	20	683486	0	1	4145	2	0	4000	other	0
2168	31	Pulse	5	685267	1781	1
2168	32	Picture	21	701557	0	1	4145	2	0	4000	hit	64
2168	32	Pulse	5	705266	3709	1
2168	32	Response	1	707666	6109	1
2168	33	Picture	20	719628	0	1	4144	3	0	4000	other	0
2168	33	Pulse	5	725255	5627	2
2168	34	Picture	20	737699	0	1	4144	3	0	4000	other	0
2168	34	Pulse	5	745255	7556	2
2168	35	Picture	21	755769	0	1	4145	2	0	4000	hit	70
2168	35	Response	1	760295	4526	1
2168	35	Pulse	5	765255	9486	1
2168	36	Pulse	5	785244	11404	2
2168	37	Picture	10	798874	0	1	4145	2	0	4000	other	0
2168	37	Pulse	5	805244	6370	2
2168	38	Picture	10	816945	0	1	4144	3	0	4000	other	0
2168	38	Pulse	5	825243	8298	2
2168	39	Picture	11	835016	0	1	4144	2	0	4000	hit	78
2168	39	Response	1	839953	4937	2
2168	39	Pulse	5	845233	10217	2
2168	40	Picture	10	853086	0	2	4145	3	0	4000	other	0
2168	40	Pulse	5	865233	12147	2
2168	41	Picture	11	871157	0	1	4145	2	0	4000	hit	83
2168	41	Response	1	875952	4795	2
2168	41	Pulse	5	885232	14075	2
2168	42	Picture	10	889228	0	1	4145	2	0	4000	other	0
2168	42	Pulse	5	905222	15994	2
2168	43	Picture	10	907299	0	1	4144	3	0	4000	other	0
2168	44	Picture	10	925369	0	2	4145	3	0	4000	other	0
2168	44	Pulse	5	925381	12	2
2168	45	Picture	11	943440	0	1	4145	2	0	4000	hit	92
2168	45	Pulse	5	945381	1941	2
2168	45	Response	1	949061	5621	2
2168	46	Picture	10	961511	0	1	4145	2	0	4000	other	0
2168	46	Pulse	5	965371	3860	2
2168	47	Picture	10	979582	0	1	4145	2	0	4000	other	0
2168	47	Pulse	5	985370	5788	2
2168	48	Picture	11	997653	0	1	4144	3	0	4000	hit	98
2168	48	Response	1	1004570	6917	2
2168	48	Pulse	5	1005370	7717	2
2168	49	Picture	10	1015723	0	2	4145	3	0	4000	other	0
2168	49	Pulse	5	1025360	9637	2
2168	50	Picture	10	1033794	0	1	4145	2	0	4000	other	0
2168	50	Pulse	5	1045359	11565	3
2168	51	Picture	10	1051865	0	1	4145	2	0	4000	other	0
2168	51	Pulse	5	1065359	13494	2
2168	52	Picture	10	1069936	0	1	4144	3	0	4000	other	0
2168	52	Pulse	5	1085348	15412	2
2168	53	Pulse	5	1105348	17341	2
2168	54	Picture	30	1113040	0	2	4145	3	0	4000	other	0
2168	54	Pulse	5	1125348	12308	2
2168	55	Picture	30	1131111	0	1	4145	2	0	4000	other	0
2168	55	Pulse	5	1145337	14226	2
2168	56	Picture	31	1149182	0	1	4145	2	0	4000	miss	0
2168	56	Pulse	5	1165337	16155	2
2168	57	Picture	30	1167253	0	1	4144	3	0	4000	other	0
2168	58	Picture	30	1185324	0	1	4144	2	0	4000	other	0
2168	58	Pulse	5	1185337	13	1
2168	59	Picture	30	1203394	0	1	4145	2	0	4000	other	0
2168	59	Pulse	5	1205326	1932	2
2168	60	Picture	31	1221465	0	1	4145	2	0	4000	miss	0
2168	60	Pulse	5	1225326	3861	2
2168	61	Picture	31	1239536	0	1	4145	2	0	4000	miss	0
2168	61	Pulse	5	1245325	5789	2
2168	61	Quit		1254177	14641
