Scenario - 1-back
Logfile written - 10/24/2014 10:35:53

Subject	Trial	Event Type	Code	Time	TTime	Uncertainty	Duration	Uncertainty	ReqTime	ReqDur	Stim Type	Pair Index

2168	1	Pulse	5	127156	136990	2
2168	2	Pulse	5	147146	19875	2
2168	3	Picture	10	152305	0	1	4144	2	0	4000	other	0
2168	3	Pulse	5	167145	14840	2
2168	4	Picture	10	170375	0	1	4145	2	0	4000	other	0
2168	4	Pulse	5	187145	16770	2
2168	5	Picture	11	188446	0	1	4145	2	0	4000	hit	8
2168	5	Response	1	193545	5099	2
2168	6	Picture	10	206517	0	1	4144	3	0	4000	other	0
2168	6	Pulse	5	207135	618	2
2168	7	Picture	11	224588	0	1	4144	2	0	4000	hit	13
2168	7	Pulse	5	227134	2546	2
2168	7	Response	1	229374	4786	2
2168	8	Picture	10	242658	0	1	4145	2	0	4000	other	0
2168	8	Pulse	5	247134	4476	2
2168	9	Picture	10	260729	0	1	4145	2	0	4000	other	0
2168	9	Pulse	5	267123	6394	3
2168	10	Picture	10	278800	0	1	4144	3	0	4000	other	0
2168	10	Pulse	5	287123	8323	3
2168	11	Picture	11	296871	0	1	4144	2	0	4000	hit	21
2168	11	Response	1	302163	5292	2
2168	11	Pulse	5	307123	10252	2
2168	12	Picture	10	314941	0	2	4145	3	0	4000	other	0
2168	12	Pulse	5	327112	12171	2
2168	13	Picture	10	333012	0	1	4145	2	0	4000	other	0
2168	13	Pulse	5	347112	14100	2
2168	14	Picture	11	351083	0	1	4145	2	0	4000	hit	28
2168	14	Response	1	356872	5789	2
2168	14	Pulse	5	367112	16029	2
2168	15	Picture	10	369154	0	1	4144	3	0	4000	other	0
2168	15	Pulse	5	387101	17947	2
2168	16	Picture	10	387224	0	2	4145	3	0	4000	other	0
2168	17	Picture	10	405295	0	1	4145	2	0	4000	other	0
2168	17	Pulse	5	407101	1806	2
2168	18	Picture	10	423366	0	1	4145	2	0	4000	other	0
2168	18	Pulse	5	427101	3735	2
2168	19	Pulse	5	447250	5813	2
2168	20	Picture	20	466471	0	1	4144	2	0	4000	other	0
2168	20	Pulse	5	467250	779	2
2168	21	Picture	20	484541	0	2	4145	3	0	4000	other	0
2168	21	Pulse	5	487249	2708	2
2168	22	Picture	21	502612	0	1	4145	2	0	4000	hit	44
2168	22	Pulse	5	507239	4627	2
2168	22	Response	1	510439	7827	2
2168	23	Picture	20	520683	0	1	4144	3	0	4000	other	0
2168	23	Pulse	5	527239	6556	1
2168	24	Picture	20	538754	0	1	4144	3	0	4000	other	0
2168	24	Pulse	5	547238	8484	2
2168	25	Picture	20	556824	0	2	4145	3	0	4000	other	0
2168	25	Pulse	5	567228	10404	2
2168	26	Picture	21	574895	0	1	4145	2	0	4000	hit	52
2168	26	Response	1	580348	5453	1
2168	26	Pulse	5	587227	12332	2
2168	27	Picture	20	592966	0	1	4145	2	0	4000	other	0
2168	27	Pulse	5	607227	14261	2
2168	28	Picture	20	611037	0	1	4144	3	0	4000	other	0
2168	28	Pulse	5	627217	16180	2
2168	29	Picture	20	629107	0	2	4145	3	0	4000	other	0
2168	30	Picture	20	647178	0	1	4145	2	0	4000	other	0
2168	30	Pulse	5	647216	38	2
2168	31	Picture	20	665249	0	1	4145	2	0	4000	other	0
2168	31	Pulse	5	667216	1967	2
2168	32	Picture	21	683320	0	1	4144	3	0	4000	hit	65
2168	32	Pulse	5	687206	3886	1
2168	32	Response	1	689926	6606	1
2168	33	Picture	20	701390	0	2	4145	3	0	4000	other	0
2168	33	Pulse	5	707205	5815	2
2168	34	Picture	20	719461	0	2	4145	3	0	4000	other	0
2168	34	Pulse	5	727205	7744	2
2168	35	Picture	21	737532	0	1	4145	2	0	4000	hit	71
2168	35	Response	1	742565	5033	1
2168	35	Pulse	5	747194	9662	3
2168	36	Pulse	5	767194	11591	2
2168	37	Picture	10	780637	0	1	4144	3	0	4000	other	0
2168	37	Pulse	5	787194	6557	2
2168	38	Picture	10	798707	0	2	4145	3	0	4000	other	0
2168	38	Pulse	5	807183	8476	2
2168	39	Picture	11	816778	0	1	4145	2	0	4000	hit	79
2168	39	Response	1	822543	5765	2
2168	39	Pulse	5	827183	10405	2
2168	40	Picture	10	834849	0	1	4145	2	0	4000	other	0
2168	40	Pulse	5	847183	12334	1
2168	41	Picture	11	852920	0	1	4144	3	0	4000	hit	84
2168	41	Response	1	858542	5622	2
2168	41	Pulse	5	867172	14252	2
2168	42	Picture	10	870990	0	2	4145	3	0	4000	other	0
2168	42	Pulse	5	887172	16182	2
2168	43	Picture	10	889061	0	1	4145	2	0	4000	other	0
2168	44	Picture	10	907131	0	2	4146	3	0	4000	other	0
2168	44	Pulse	5	907172	41	2
2168	45	Picture	11	925203	0	1	4144	3	0	4000	hit	93
2168	45	Pulse	5	927161	1958	2
2168	45	Response	1	930361	5158	2
2168	46	Picture	10	943274	0	1	4144	2	0	4000	other	0
2168	46	Pulse	5	947161	3887	2
2168	47	Picture	10	961344	0	2	4145	3	0	4000	other	0
2168	47	Pulse	5	967160	5816	2
2168	48	Picture	11	979415	0	1	4145	2	0	4000	hit	99
2168	48	Response	1	983470	4055	2
2168	48	Pulse	5	987150	7735	2
2168	49	Picture	10	997486	0	1	4145	2	0	4000	other	0
2168	49	Pulse	5	1007150	9664	1
2168	50	Picture	10	1015557	0	1	4144	3	0	4000	other	0
2168	50	Pulse	5	1027149	11592	2
2168	51	Picture	10	1033627	0	2	4145	3	0	4000	other	0
2168	51	Pulse	5	1047139	13512	2
2168	52	Picture	10	1051698	0	1	4145	2	0	4000	other	0
2168	52	Pulse	5	1067139	15441	1
2168	53	Pulse	5	1087139	17370	1
2168	54	Picture	30	1094803	0	1	4144	3	0	4000	other	0
2168	54	Pulse	5	1107128	12325	2
2168	55	Picture	30	1112874	0	1	4144	2	0	4000	other	0
2168	55	Pulse	5	1127127	14253	2
2168	56	Picture	31	1130944	0	2	4145	3	0	4000	hit	115
2168	56	Response	1	1137207	6263	2
2168	56	Pulse	5	1147127	16183	2
2168	57	Picture	30	1149015	0	1	4145	2	0	4000	other	0
2168	58	Picture	30	1167086	0	1	4145	2	0	4000	other	0
2168	58	Pulse	5	1167117	31	1
2168	59	Picture	30	1185156	0	2	4145	4	0	4000	other	0
2168	59	Pulse	5	1187116	1960	2
2168	60	Picture	31	1203227	0	2	4145	3	0	4000	hit	124
2168	60	Pulse	5	1207116	3889	2
2168	60	Response	1	1209676	6449	2
2168	61	Picture	31	1221298	0	1	4145	2	0	4000	miss	0
2168	61	Pulse	5	1227105	5807	3
2168	62	Picture	30	1239369	0	1	4145	2	0	4000	other	0
2168	62	Pulse	5	1247105	7736	3
2168	63	Picture	30	1257440	0	1	4144	3	0	4000	other	0
2168	63	Pulse	5	1267105	9665	2
2168	64	Picture	30	1275510	0	2	4145	3	0	4000	other	0
2168	64	Pulse	5	1287094	11584	2
2168	65	Picture	31	1293581	0	1	4145	3	0	4000	miss	0
2168	65	Pulse	5	1307094	13513	2
2168	66	Picture	30	1311652	0	1	4145	2	0	4000	other	0
2168	66	Pulse	5	1327094	15442	1
2168	67	Picture	30	1329723	0	1	4144	3	0	4000	other	0
2168	67	Pulse	5	1347083	17360	2
2168	68	Picture	30	1347794	0	1	4144	3	0	4000	other	0
2168	69	Picture	30	1365864	0	2	4145	3	0	4000	other	0
2168	69	Pulse	5	1367083	1219	2
2168	70	Pulse	5	1387082	3147	2
2168	70	Pulse	5	1407073	23138	1
2168	71	Picture	10	1408969	0	1	4145	2	0	4000	other	0
2168	72	Picture	10	1427040	0	1	4144	3	0	4000	other	0
2168	72	Pulse	5	1427072	32	2
2168	73	Picture	11	1445111	0	1	4144	3	0	4000	hit	149
2168	73	Pulse	5	1447071	1960	2
2168	73	Response	1	1451711	6600	2
2168	74	Picture	10	1463181	0	2	4145	3	0	4000	other	0
2168	74	Pulse	5	1467061	3880	2
2168	75	Picture	11	1481252	0	1	4145	2	0	4000	hit	154
2168	75	Pulse	5	1487221	5969	1
2168	75	Response	1	1488341	7089	1
2168	76	Picture	10	1499323	0	1	4145	2	0	4000	other	0
2168	76	Pulse	5	1507221	7898	1
2168	77	Picture	10	1517394	0	1	4144	3	0	4000	other	0
2168	77	Pulse	5	1527210	9816	2
2168	78	Picture	11	1535464	0	2	4145	3	0	4000	hit	160
2168	78	Response	1	1540810	5346	1
2168	78	Pulse	5	1547209	11745	2
2168	79	Picture	10	1553535	0	1	4145	2	0	4000	other	0
2168	79	Pulse	5	1567209	13674	2
2168	80	Picture	10	1571606	0	1	4145	2	0	4000	other	0
2168	80	Pulse	5	1587199	15593	2
2168	81	Picture	10	1589677	0	1	4144	3	0	4000	other	0
2168	81	Pulse	5	1607198	17521	2
2168	82	Picture	10	1607748	0	1	4144	2	0	4000	other	0
2168	83	Picture	10	1625818	0	2	4145	3	0	4000	other	0
2168	83	Pulse	5	1627198	1380	2
2168	84	Picture	11	1643889	0	1	4145	2	0	4000	hit	173
2168	84	Pulse	5	1647188	3299	1
2168	84	Response	1	1649588	5699	1
2168	85	Picture	10	1661960	0	1	4145	2	0	4000	other	0
2168	85	Pulse	5	1667187	5227	2
2168	86	Picture	10	1680031	0	1	4144	3	0	4000	other	0
2168	86	Pulse	5	1687187	7156	2
2168	87	Pulse	5	1707176	9075	3
2168	88	Picture	20	1723135	0	1	4145	2	0	4000	other	0
2168	88	Pulse	5	1727176	4041	3
2168	89	Picture	20	1741206	0	1	4145	2	0	4000	other	0
2168	89	Pulse	5	1747176	5970	2
2168	90	Picture	20	1759277	0	1	4144	3	0	4000	other	0
2168	90	Pulse	5	1767166	7889	1
2168	91	Picture	21	1777348	0	1	4144	2	0	4000	hit	186
2168	91	Response	1	1785245	7897	2
2168	91	Pulse	5	1787165	9817	2
2168	92	Picture	20	1795418	0	2	4145	3	0	4000	other	0
2168	92	Pulse	5	1807165	11747	1
2168	93	Picture	20	1813489	0	1	4145	2	0	4000	other	0
2168	93	Pulse	5	1827154	13665	2
2168	94	Picture	21	1831560	0	1	4145	2	0	4000	hit	193
2168	94	Response	1	1837554	5994	2
2168	94	Pulse	5	1847154	15594	2
2168	95	Picture	20	1849631	0	1	4144	3	0	4000	other	0
2168	95	Pulse	5	1867153	17522	2
2168	96	Picture	20	1867701	0	2	4145	3	0	4000	other	0
2168	97	Picture	20	1885772	0	1	4145	2	0	4000	other	0
2168	97	Pulse	5	1887143	1371	2
2168	98	Picture	21	1903843	0	1	4145	2	0	4000	hit	202
2168	98	Pulse	5	1907143	3300	2
2168	98	Response	1	1910503	6660	1
2168	99	Picture	20	1921914	0	1	4144	3	0	4000	other	0
2168	99	Pulse	5	1927142	5228	2
2168	100	Picture	20	1939985	0	1	4144	2	0	4000	other	0
2168	100	Pulse	5	1947132	7147	2
2168	101	Picture	21	1958055	0	2	4145	3	0	4000	hit	208
2168	101	Response	1	1962492	4437	1
2168	101	Pulse	5	1967132	9077	1
2168	102	Picture	20	1976126	0	1	4145	2	0	4000	other	0
2168	102	Pulse	5	1987131	11005	2
2168	103	Picture	20	1994197	0	1	4145	2	0	4000	other	0
2168	103	Pulse	5	2007121	12924	2
2168	104	Pulse	5	2027120	14852	2
2168	105	Picture	10	2037302	0	1	4144	2	0	4000	other	0
2168	105	Pulse	5	2047120	9818	2
2168	106	Picture	10	2055372	0	2	4145	3	0	4000	other	0
2168	106	Pulse	5	2067110	11738	2
2168	107	Picture	11	2073443	0	1	4145	2	0	4000	hit	220
2168	107	Response	1	2077990	4547	1
2168	107	Pulse	5	2087109	13666	2
2168	108	Picture	10	2091514	0	1	4145	2	0	4000	other	0
2168	108	Pulse	5	2107109	15595	2
2168	109	Picture	11	2109585	0	1	4144	3	0	4000	hit	225
2168	109	Response	1	2116069	6484	2
2168	109	Pulse	5	2127099	17514	1
2168	110	Picture	10	2127655	0	2	4145	3	0	4000	other	0
2168	111	Picture	10	2145726	0	1	4145	2	0	4000	other	0
2168	111	Pulse	5	2147098	1372	2
2168	112	Picture	11	2163797	0	1	4145	2	0	4000	hit	232
2168	112	Pulse	5	2167098	3301	2
2168	112	Response	1	2169018	5221	2
2168	113	Picture	10	2181868	0	1	4144	3	0	4000	other	0
2168	113	Pulse	5	2187087	5219	3
2168	114	Picture	10	2199939	0	1	4144	2	0	4000	other	0
2168	114	Pulse	5	2207087	7148	2
2168	115	Picture	10	2218009	0	2	4145	3	0	4000	other	0
2168	115	Pulse	5	2227087	9078	2
2168	116	Picture	10	2236080	0	1	4145	2	0	4000	other	0
2168	116	Pulse	5	2247076	10996	2
2168	117	Picture	10	2254151	0	1	4145	2	0	4000	other	0
2168	117	Pulse	5	2267076	12925	2
2168	118	Picture	11	2272222	0	1	4144	3	0	4000	hit	244
2168	118	Response	1	2280516	8294	2
2168	118	Pulse	5	2287076	14854	1
2168	119	Picture	10	2290292	0	2	4145	3	0	4000	other	0
2168	119	Pulse	5	2307065	16773	2
2168	120	Picture	10	2308363	0	1	4145	2	0	4000	other	0
2168	121	Pulse	5	2327065	631	2
2168	121	Pulse	5	2347064	20630	2
2168	122	Picture	30	2351468	0	1	4145	2	0	4000	other	0
2168	122	Pulse	5	2367054	15586	2
2168	123	Picture	30	2369539	0	1	4144	3	0	4000	other	0
2168	123	Pulse	5	2387054	17515	1
2168	124	Picture	30	2387609	0	2	4145	3	0	4000	other	0
2168	125	Picture	31	2405680	0	1	4145	2	0	4000	hit	258
2168	125	Pulse	5	2407053	1373	2
2168	125	Response	1	2411693	6013	2
2168	126	Picture	31	2423751	0	1	4145	2	0	4000	hit	261
2168	126	Pulse	5	2427043	3292	2
2168	126	Response	1	2430083	6332	2
2168	127	Picture	30	2441822	0	1	4144	3	0	4000	other	0
2168	127	Pulse	5	2447043	5221	1
2168	128	Picture	30	2459893	0	1	4144	2	0	4000	other	0
2168	128	Pulse	5	2467042	7149	2
2168	129	Picture	30	2477963	0	2	4145	3	0	4000	other	0
2168	129	Pulse	5	2487032	9069	2
2168	130	Picture	31	2496034	0	1	4145	2	0	4000	hit	269
2168	130	Response	1	2501592	5558	2
2168	130	Pulse	5	2507031	10997	2
2168	131	Picture	30	2514105	0	1	4145	2	0	4000	other	0
2168	131	Pulse	5	2527191	13086	2
2168	132	Picture	30	2532176	0	1	4144	3	0	4000	other	0
2168	132	Pulse	5	2547181	15005	2
2168	133	Picture	30	2550246	0	2	4145	3	0	4000	other	0
2168	133	Pulse	5	2567180	16934	2
2168	134	Picture	30	2568317	0	1	4145	2	0	4000	other	0
2168	135	Picture	31	2586388	0	1	4145	2	0	4000	hit	280
2168	135	Pulse	5	2587180	792	2
2168	135	Response	1	2591500	5112	2
2168	136	Picture	30	2604459	0	1	4144	3	0	4000	other	0
2168	136	Pulse	5	2607170	2711	1
2168	137	Picture	30	2622529	0	2	4145	3	0	4000	other	0
2168	137	Pulse	5	2627169	4640	2
