Scenario - 1-back
Logfile written - 10/24/2014 10:50:00

Subject	Trial	Event Type	Code	Time	TTime	Uncertainty	Duration	Uncertainty	ReqTime	ReqDur	Stim Type	Pair Index

2168	1	Pulse	5	88302	98136	2
2168	2	Pulse	5	108291	19814	2
2168	3	Picture	10	113510	0	2	4145	3	0	4000	other	0
2168	3	Pulse	5	128291	14781	2
2168	4	Picture	10	131581	0	2	4145	3	0	4000	other	0
2168	4	Pulse	5	148291	16710	1
2168	5	Picture	11	149652	0	2	4145	3	0	4000	miss	0
2168	6	Picture	10	167723	0	1	4145	2	0	4000	other	0
2168	6	Pulse	5	168280	557	2
2168	7	Picture	11	185794	0	1	4144	3	0	4000	hit	12
2168	7	Pulse	5	188280	2486	2
2168	7	Response	1	191480	5686	2
2168	8	Picture	10	203864	0	2	4145	3	0	4000	other	0
2168	8	Pulse	5	208269	4405	4
2168	9	Picture	10	221935	0	1	4145	2	0	4000	other	0
2168	9	Pulse	5	228269	6334	3
2168	10	Picture	10	240006	0	1	4145	2	0	4000	other	0
2168	10	Pulse	5	248269	8263	2
2168	11	Picture	11	258077	0	1	4145	2	0	4000	hit	20
2168	11	Response	1	266828	8751	3
2168	11	Pulse	5	268268	10191	3
2168	12	Picture	10	276148	0	1	4144	3	0	4000	other	0
2168	12	Pulse	5	288258	12110	2
2168	13	Picture	10	294218	0	2	4145	3	0	4000	other	0
2168	13	Pulse	5	308418	14200	1
2168	14	Picture	11	312289	0	1	4145	2	0	4000	hit	28
2168	14	Pulse	5	328417	16128	2
2168	14	Response	1	329377	17088	2
2168	15	Picture	10	330360	0	1	4145	2	0	4000	other	0
2168	15	Pulse	5	348407	18047	2
2168	16	Picture	10	348431	0	1	4144	3	0	4000	other	0
2168	17	Picture	10	366502	0	1	4144	2	0	4000	other	0
2168	17	Pulse	5	368406	1904	2
2168	18	Picture	10	384572	0	2	4145	3	0	4000	other	0
2168	18	Pulse	5	388406	3834	2
2168	19	Pulse	5	408396	5753	2
2168	20	Picture	30	427677	0	1	4145	2	0	4000	other	0
2168	20	Pulse	5	428395	718	2
2168	21	Picture	30	445748	0	1	4144	3	0	4000	other	0
2168	21	Pulse	5	448395	2647	2
2168	22	Picture	31	463819	0	1	4144	2	0	4000	hit	43
2168	22	Pulse	5	468385	4566	1
2168	22	Response	1	473025	9206	1
2168	23	Picture	30	481889	0	2	4145	3	0	4000	other	0
2168	23	Pulse	5	488384	6495	2
2168	24	Picture	30	499960	0	1	4145	2	0	4000	other	0
2168	24	Pulse	5	508384	8424	2
2168	25	Picture	30	518031	0	1	4145	2	0	4000	other	0
2168	25	Pulse	5	528374	10343	1
2168	26	Picture	31	536102	0	1	4144	3	0	4000	hit	52
2168	26	Pulse	5	548373	12271	2
2168	26	Response	1	552373	16271	2
2168	27	Picture	31	554173	0	1	4144	2	0	4000	miss	0
2168	27	Pulse	5	568373	14200	2
2168	28	Picture	30	572243	0	2	4145	3	0	4000	other	0
2168	28	Pulse	5	588362	16119	2
2168	29	Picture	30	590314	0	1	4145	2	0	4000	other	0
2168	29	Pulse	5	608362	18048	2
2168	30	Picture	30	608385	0	1	4145	2	0	4000	other	0
2168	31	Picture	31	626456	0	1	4144	3	0	4000	miss	0
2168	31	Pulse	5	628362	1906	1
2168	32	Picture	30	644526	0	2	4145	4	0	4000	other	0
2168	32	Pulse	5	648351	3825	2
2168	33	Picture	30	662597	0	2	4144	4	0	4000	other	0
2168	33	Pulse	5	668351	5754	2
2168	34	Picture	30	680668	0	1	4145	2	0	4000	false_alarm	67
2168	34	Response	1	684831	4163	1
2168	34	Pulse	5	688340	7672	3
2168	35	Picture	30	698739	0	1	4145	2	0	4000	other	0
2168	35	Pulse	5	708340	9601	2
2168	36	Pulse	5	728340	11530	2
2168	37	Picture	10	741843	0	2	4145	3	0	4000	other	0
2168	37	Pulse	5	748339	6496	3
2168	38	Picture	10	759914	0	2	4145	3	0	4000	other	0
2168	38	Pulse	5	768329	8415	2
2168	39	Picture	11	777985	0	1	4145	2	0	4000	hit	77
2168	39	Response	1	783689	5704	1
2168	39	Pulse	5	788329	10344	1
2168	40	Picture	10	796056	0	1	4145	2	0	4000	other	0
2168	40	Pulse	5	808328	12272	2
2168	41	Picture	11	814127	0	1	4144	3	0	4000	hit	82
2168	41	Response	1	818878	4751	2
2168	41	Pulse	5	828318	14191	2
2168	42	Picture	10	832197	0	2	4145	3	0	4000	other	0
2168	42	Pulse	5	848317	16120	2
2168	43	Picture	10	850268	0	1	4145	2	0	4000	other	0
2168	43	Pulse	5	868317	18049	2
2168	44	Picture	10	868339	0	1	4145	2	0	4000	other	0
2168	45	Picture	11	886410	0	1	4144	3	0	4000	hit	91
2168	45	Pulse	5	888307	1897	2
2168	45	Response	1	891347	4937	2
2168	46	Picture	10	904481	0	1	4144	3	0	4000	other	0
2168	46	Pulse	5	908306	3825	2
2168	47	Picture	10	922551	0	2	4145	4	0	4000	other	0
2168	47	Pulse	5	928306	5755	2
2168	48	Picture	11	940622	0	1	4145	2	0	4000	hit	97
2168	48	Response	1	945896	5274	1
2168	48	Pulse	5	948296	7674	1
2168	49	Picture	10	958693	0	1	4145	2	0	4000	other	0
2168	49	Pulse	5	968295	9602	2
2168	50	Picture	10	976764	0	1	4144	3	0	4000	other	0
2168	50	Pulse	5	988295	11531	2
2168	51	Picture	10	994835	0	1	4144	2	0	4000	other	0
2168	51	Pulse	5	1008284	13449	2
2168	52	Picture	10	1012905	0	2	4145	3	0	4000	other	0
2168	52	Pulse	5	1028284	15379	2
2168	53	Pulse	5	1048284	17308	2
2168	54	Picture	20	1056010	0	1	4145	2	0	4000	other	0
2168	54	Pulse	5	1068274	12264	1
2168	55	Picture	20	1074081	0	1	4144	3	0	4000	other	0
2168	55	Pulse	5	1088273	14192	2
2168	56	Picture	21	1092152	0	1	4144	2	0	4000	hit	113
2168	56	Response	1	1099793	7641	2
2168	56	Pulse	5	1108273	16121	1
2168	57	Picture	20	1110222	0	2	4145	3	0	4000	other	0
2168	57	Pulse	5	1128262	18040	2
2168	58	Picture	20	1128293	0	1	4145	2	0	4000	other	0
2168	59	Picture	20	1146364	0	1	4145	2	0	4000	other	0
2168	59	Pulse	5	1148263	1899	1
2168	60	Picture	21	1164435	0	1	4144	3	0	4000	hit	122
2168	60	Pulse	5	1168251	3816	3
2168	60	Response	1	1170971	6536	3
2168	61	Picture	20	1182506	0	1	4144	3	0	4000	other	0
2168	61	Pulse	5	1188251	5745	2
2168	62	Picture	20	1200576	0	2	4145	4	0	4000	other	0
2168	62	Pulse	5	1208251	7675	2
2168	63	Picture	20	1218647	0	1	4145	2	0	4000	other	0
2168	63	Pulse	5	1228250	9603	3
2168	64	Picture	20	1236718	0	1	4145	2	0	4000	other	0
2168	64	Pulse	5	1248240	11522	2
2168	65	Picture	20	1254789	0	1	4144	3	0	4000	other	0
2168	65	Pulse	5	1268240	13451	1
2168	66	Picture	21	1272860	0	1	4144	2	0	4000	hit	134
2168	66	Response	1	1279439	6579	2
2168	66	Pulse	5	1288239	15379	2
2168	67	Picture	20	1290930	0	2	4145	3	0	4000	other	0
2168	67	Pulse	5	1308229	17299	2
2168	68	Picture	20	1309001	0	1	4145	2	0	4000	other	0
2168	69	Picture	21	1327072	0	1	4145	2	0	4000	hit	141
2168	69	Pulse	5	1328228	1156	2
2168	69	Response	1	1334949	7877	1
2168	70	Pulse	5	1348389	3246	1
2168	70	Pulse	5	1368378	23235	1
2168	71	Picture	10	1370177	0	1	4144	2	0	4000	other	0
2168	72	Picture	10	1388247	0	2	4145	3	0	4000	other	0
2168	72	Pulse	5	1388377	130	2
2168	73	Picture	11	1406318	0	1	4145	2	0	4000	miss	0
2168	73	Pulse	5	1408377	2059	2
2168	74	Picture	10	1424389	0	1	4145	2	0	4000	other	0
2168	74	Pulse	5	1428367	3978	1
2168	75	Picture	11	1442460	0	1	4144	3	0	4000	hit	152
2168	75	Response	1	1447886	5426	2
2168	75	Pulse	5	1448366	5906	2
2168	76	Picture	10	1460530	0	2	4145	3	0	4000	other	0
2168	76	Pulse	5	1468366	7836	2
2168	77	Picture	10	1478601	0	1	4145	2	0	4000	other	0
2168	77	Pulse	5	1488355	9754	2
2168	78	Picture	11	1496672	0	1	4145	2	0	4000	hit	159
2168	78	Response	1	1500835	4163	2
2168	78	Pulse	5	1508355	11683	2
2168	79	Picture	10	1514743	0	1	4145	2	0	4000	other	0
2168	79	Pulse	5	1528355	13612	2
2168	80	Picture	10	1532814	0	1	4144	3	0	4000	other	0
2168	80	Pulse	5	1548345	15531	1
2168	81	Picture	10	1550884	0	2	4145	3	0	4000	other	0
2168	81	Pulse	5	1568345	17461	1
2168	82	Picture	10	1568955	0	1	4145	2	0	4000	other	0
2168	83	Picture	10	1587026	0	1	4144	3	0	4000	other	0
2168	83	Pulse	5	1588344	1318	1
2168	84	Picture	11	1605097	0	1	4144	3	0	4000	miss	0
2168	84	Pulse	5	1608333	3236	2
2168	85	Picture	10	1623168	0	1	4144	2	0	4000	other	0
2168	85	Pulse	5	1628333	5165	2
2168	86	Picture	10	1641238	0	2	4145	3	0	4000	other	0
2168	86	Pulse	5	1648322	7084	3
2168	87	Pulse	5	1668322	9013	2
2168	88	Picture	30	1684343	0	1	4145	2	0	4000	other	0
2168	88	Pulse	5	1688322	3979	2
2168	89	Picture	30	1702414	0	1	4145	2	0	4000	other	0
2168	89	Pulse	5	1708321	5907	3
2168	90	Picture	30	1720485	0	1	4144	2	0	4000	other	0
2168	90	Pulse	5	1728311	7826	2
2168	91	Picture	31	1738555	0	2	4145	3	0	4000	hit	184
2168	91	Response	1	1745271	6716	1
2168	91	Pulse	5	1748311	9756	1
2168	92	Picture	31	1756626	0	1	4145	2	0	4000	hit	187
2168	92	Response	1	1761750	5124	2
2168	92	Pulse	5	1768310	11684	2
2168	93	Picture	30	1774697	0	1	4145	2	0	4000	other	0
2168	93	Pulse	5	1788300	13603	2
2168	94	Picture	30	1792768	0	1	4145	2	0	4000	other	0
2168	94	Pulse	5	1808299	15531	2
2168	95	Picture	30	1810839	0	1	4144	3	0	4000	other	0
2168	95	Pulse	5	1828299	17460	2
2168	96	Picture	31	1828909	0	2	4145	3	0	4000	miss	0
2168	97	Picture	30	1846980	0	1	4145	2	0	4000	other	0
2168	97	Pulse	5	1848289	1309	1
2168	98	Picture	30	1865051	0	1	4145	2	0	4000	other	0
2168	98	Pulse	5	1868289	3238	1
2168	99	Picture	30	1883122	0	1	4144	3	0	4000	other	0
2168	99	Pulse	5	1888288	5166	2
2168	100	Picture	30	1901193	0	1	4144	2	0	4000	other	0
2168	100	Pulse	5	1908278	7085	1
2168	101	Picture	31	1919263	0	2	4145	3	0	4000	hit	205
2168	101	Response	1	1928117	8854	2
2168	101	Pulse	5	1928277	9014	2
2168	102	Picture	30	1937334	0	1	4145	2	0	4000	other	0
2168	102	Pulse	5	1948277	10943	2
2168	103	Picture	30	1955405	0	1	4145	2	0	4000	other	0
2168	103	Pulse	5	1968266	12861	2
2168	104	Pulse	5	1988266	14790	2
2168	105	Picture	10	1998510	0	1	4144	2	0	4000	other	0
2168	105	Pulse	5	2008266	9756	1
2168	106	Picture	10	2016580	0	2	4145	3	0	4000	other	0
2168	106	Pulse	5	2028255	11675	2
2168	107	Picture	11	2034651	0	1	4145	2	0	4000	hit	217
2168	107	Response	1	2040255	5604	2
2168	107	Pulse	5	2048256	13605	1
2168	108	Picture	10	2052722	0	1	4145	2	0	4000	other	0
2168	108	Pulse	5	2068255	15533	1
2168	109	Picture	11	2070793	0	1	4144	3	0	4000	hit	222
2168	109	Response	1	2075764	4971	3
2168	109	Pulse	5	2088244	17451	2
2168	110	Picture	10	2088863	0	2	4145	3	0	4000	other	0
2168	111	Picture	10	2106934	0	2	4145	3	0	4000	other	0
2168	111	Pulse	5	2108244	1310	2
2168	112	Picture	11	2125005	0	1	4145	2	0	4000	hit	229
2168	112	Pulse	5	2128233	3228	3
2168	112	Response	1	2130473	5468	3
2168	113	Picture	10	2143076	0	1	4145	2	0	4000	other	0
2168	113	Pulse	5	2148233	5157	2
2168	114	Picture	10	2161147	0	1	4144	3	0	4000	other	0
2168	114	Pulse	5	2168233	7086	2
2168	115	Picture	10	2179217	0	2	4145	3	0	4000	other	0
2168	115	Pulse	5	2188232	9015	3
2168	116	Picture	10	2197288	0	1	4145	2	0	4000	other	0
2168	116	Pulse	5	2208222	10934	2
2168	117	Picture	10	2215359	0	1	4145	2	0	4000	false_alarm	239
2168	117	Response	1	2228062	12703	1
2168	117	Pulse	5	2228221	12862	2
2168	118	Picture	11	2233430	0	1	4144	3	0	4000	hit	242
2168	118	Response	1	2245021	11591	2
2168	118	Pulse	5	2248221	14791	2
2168	119	Picture	10	2251501	0	1	4144	3	0	4000	other	0
2168	119	Pulse	5	2268211	16710	2
2168	120	Picture	10	2269571	0	2	4145	3	0	4000	other	0
2168	121	Pulse	5	2288211	569	1
2168	121	Pulse	5	2308210	20568	2
2168	122	Picture	20	2312676	0	1	4145	2	0	4000	other	0
2168	122	Pulse	5	2328200	15524	1
2168	123	Picture	20	2330747	0	1	4144	3	0	4000	other	0
2168	123	Pulse	5	2348200	17453	1
2168	124	Picture	20	2348818	0	1	4144	2	0	4000	other	0
2168	125	Picture	21	2366888	0	2	4145	3	0	4000	hit	256
2168	125	Pulse	5	2368199	1311	2
2168	125	Response	1	2373149	6261	2
2168	126	Picture	20	2384959	0	1	4145	2	0	4000	other	0
2168	126	Pulse	5	2388349	3390	1
2168	127	Picture	20	2403030	0	9	4145	10	0	4000	other	0
2168	127	Pulse	5	2408348	5318	2
2168	128	Picture	21	2421101	0	1	4144	3	0	4000	miss	0
2168	128	Pulse	5	2428348	7247	2
2168	129	Picture	20	2439172	0	1	4144	2	0	4000	other	0
2168	129	Pulse	5	2448337	9165	2
2168	130	Picture	20	2457242	0	2	4145	3	0	4000	other	0
2168	130	Pulse	5	2468337	11095	2
2168	131	Picture	20	2475313	0	1	4145	2	0	4000	other	0
2168	131	Pulse	5	2488337	13024	1
2168	132	Picture	21	2493384	0	1	4145	2	0	4000	miss	0
2168	132	Pulse	5	2508326	14942	2
2168	133	Picture	20	2511452	0	6	4147	8	0	4000	other	0
2168	133	Pulse	5	2528326	16874	3
2168	134	Picture	20	2529526	0	1	4144	2	0	4000	other	0
2168	135	Picture	21	2547596	0	2	4145	3	0	4000	miss	0
2168	135	Pulse	5	2548325	729	3
2168	136	Picture	20	2565667	0	1	4145	2	0	4000	false_alarm	278
2168	136	Pulse	5	2568315	2648	2
2168	136	Response	1	2574075	8408	2
2168	137	Picture	20	2583738	0	1	4145	2	0	4000	other	0
2168	137	Pulse	5	2588315	4577	2
