Scenario - 1-back
Logfile written - 10/24/2014 10:45:19

Subject	Trial	Event Type	Code	Time	TTime	Uncertainty	Duration	Uncertainty	ReqTime	ReqDur	Stim Type	Pair Index

2168	1	Pulse	5	108085	117919	2
2168	2	Pulse	5	128085	19880	2
2168	3	Picture	10	133239	0	1	4145	2	0	4000	other	0
2168	3	Pulse	5	148084	14845	2
2168	4	Picture	10	151310	0	1	4145	2	0	4000	other	0
2168	4	Pulse	5	168074	16764	2
2168	5	Picture	11	169381	0	1	4144	3	0	4000	hit	8
2168	5	Response	1	174474	5093	2
2168	6	Picture	10	187451	0	2	4145	3	0	4000	other	0
2168	6	Pulse	5	188074	623	1
2168	7	Picture	11	205522	0	2	4145	3	0	4000	hit	13
2168	7	Pulse	5	208073	2551	2
2168	7	Response	1	211753	6231	2
2168	8	Picture	10	223593	0	1	4145	2	0	4000	other	0
2168	8	Pulse	5	228063	4470	2
2168	9	Picture	10	241664	0	1	4145	2	0	4000	other	0
2168	9	Pulse	5	248062	6398	2
2168	10	Picture	10	259735	0	1	4144	3	0	4000	other	0
2168	10	Pulse	5	268062	8327	2
2168	11	Picture	11	277805	0	2	4145	3	0	4000	hit	21
2168	11	Response	1	284372	6567	2
2168	11	Pulse	5	288052	10247	2
2168	12	Picture	10	295876	0	1	4145	2	0	4000	other	0
2168	12	Pulse	5	308051	12175	3
2168	13	Picture	10	313947	0	1	4145	2	0	4000	other	0
2168	13	Pulse	5	328051	14104	2
2168	14	Picture	11	332018	0	1	4145	2	0	4000	hit	28
2168	14	Response	1	338131	6113	2
2168	14	Pulse	5	348041	16023	1
2168	15	Picture	10	350089	0	1	4144	2	0	4000	other	0
2168	15	Pulse	5	368040	17951	2
2168	16	Picture	10	368159	0	2	4145	3	0	4000	other	0
2168	17	Picture	10	386230	0	1	4145	2	0	4000	other	0
2168	17	Pulse	5	388040	1810	2
2168	18	Picture	10	404301	0	1	4145	2	0	4000	other	0
2168	18	Pulse	5	408189	3888	2
2168	19	Pulse	5	428190	5818	1
2168	20	Picture	20	447406	0	1	4144	3	0	4000	other	0
2168	20	Pulse	5	448189	783	2
2168	21	Picture	20	465476	0	2	4145	3	0	4000	other	0
2168	21	Pulse	5	468178	2702	2
2168	22	Picture	21	483547	0	1	4145	2	0	4000	hit	44
2168	22	Pulse	5	488178	4631	3
2168	22	Response	1	489298	5751	2
2168	23	Picture	20	501618	0	2	4145	3	0	4000	other	0
2168	23	Pulse	5	508178	6560	1
2168	24	Picture	20	519689	0	1	4144	3	0	4000	other	0
2168	24	Pulse	5	528167	8478	2
2168	25	Picture	20	537760	0	1	4144	2	0	4000	other	0
2168	25	Pulse	5	548167	10407	2
2168	26	Picture	21	555830	0	2	4145	3	0	4000	hit	52
2168	26	Response	1	563206	7376	2
2168	26	Pulse	5	568166	12336	2
2168	27	Picture	20	573901	0	1	4145	2	0	4000	other	0
2168	27	Pulse	5	588156	14255	2
2168	28	Picture	20	591972	0	1	4145	2	0	4000	other	0
2168	28	Pulse	5	608156	16184	1
2168	29	Picture	20	610043	0	1	4144	3	0	4000	other	0
2168	30	Picture	20	628113	0	2	4145	3	0	4000	other	0
2168	30	Pulse	5	628155	42	2
2168	31	Picture	20	646184	0	1	4145	2	0	4000	other	0
2168	31	Pulse	5	648145	1961	2
2168	32	Picture	21	664255	0	1	4145	2	0	4000	hit	65
2168	32	Pulse	5	668145	3890	1
2168	32	Response	1	671984	7729	2
2168	33	Picture	20	682326	0	1	4145	2	0	4000	other	0
2168	33	Pulse	5	688144	5818	2
2168	34	Picture	20	700397	0	1	4144	3	0	4000	other	0
2168	34	Pulse	5	708134	7737	2
2168	35	Picture	21	718468	0	1	4144	2	0	4000	hit	71
2168	35	Response	1	727333	8865	2
2168	35	Pulse	5	728133	9665	2
2168	36	Pulse	5	748133	11595	2
2168	37	Picture	10	761572	0	1	4145	2	0	4000	other	0
2168	37	Pulse	5	768123	6551	2
2168	38	Picture	10	779642	0	3	4146	4	0	4000	other	0
2168	38	Pulse	5	788122	8480	3
2168	39	Picture	11	797714	0	1	4144	3	0	4000	hit	79
2168	39	Response	1	803802	6088	2
2168	39	Pulse	5	808122	10408	2
2168	40	Picture	10	815785	0	1	4144	2	0	4000	other	0
2168	40	Pulse	5	828112	12327	1
2168	41	Picture	11	833855	0	1	4145	2	0	4000	hit	84
2168	41	Response	1	841551	7696	2
2168	41	Pulse	5	848111	14256	2
2168	42	Picture	10	851926	0	1	4145	2	0	4000	other	0
2168	42	Pulse	5	868111	16185	2
2168	43	Picture	10	869997	0	1	4145	2	0	4000	other	0
2168	44	Picture	10	888068	0	1	4144	2	0	4000	other	0
2168	44	Pulse	5	888100	32	2
2168	45	Picture	11	906138	0	2	4145	3	0	4000	hit	93
2168	45	Pulse	5	908100	1962	2
2168	45	Response	1	914980	8842	2
2168	46	Picture	10	924209	0	1	4145	2	0	4000	other	0
2168	46	Pulse	5	928100	3891	2
2168	47	Picture	10	942279	0	2	4146	3	0	4000	other	0
2168	47	Pulse	5	948089	5810	2
2168	48	Picture	11	960351	0	1	4144	3	0	4000	hit	99
2168	48	Response	1	966169	5818	2
2168	48	Pulse	5	968089	7738	2
2168	49	Picture	10	978422	0	1	4144	2	0	4000	other	0
2168	49	Pulse	5	988089	9667	1
2168	50	Picture	10	996492	0	2	4145	3	0	4000	other	0
2168	50	Pulse	5	1008078	11586	2
2168	51	Picture	10	1014563	0	1	4145	2	0	4000	other	0
2168	51	Pulse	5	1028078	13515	2
2168	52	Picture	10	1032634	0	1	4145	2	0	4000	other	0
2168	52	Pulse	5	1048077	15443	2
2168	53	Pulse	5	1068067	17362	2
2168	54	Picture	30	1075739	0	1	4144	2	0	4000	other	0
2168	54	Pulse	5	1088067	12328	2
2168	55	Picture	30	1093809	0	2	4145	3	0	4000	other	0
2168	55	Pulse	5	1108066	14257	2
2168	56	Picture	31	1111880	0	1	4145	2	0	4000	hit	116
2168	56	Pulse	5	1128056	16176	2
2168	56	Response	1	1129656	17776	2
2168	57	Picture	30	1129951	0	1	4145	2	0	4000	other	0
2168	58	Picture	30	1148022	0	1	4144	3	0	4000	other	0
2168	58	Pulse	5	1148056	34	1
2168	59	Picture	30	1166093	0	1	4144	2	0	4000	other	0
2168	59	Pulse	5	1168055	1962	2
2168	60	Picture	31	1184163	0	2	4145	3	0	4000	hit	124
2168	60	Pulse	5	1188045	3882	2
2168	60	Response	1	1189645	5482	2
2168	61	Picture	31	1202234	0	1	4145	2	0	4000	miss	0
2168	61	Pulse	5	1208044	5810	2
2168	62	Picture	30	1220305	0	1	4145	2	0	4000	other	0
2168	62	Pulse	5	1228044	7739	2
2168	63	Picture	30	1238376	0	1	4144	3	0	4000	other	0
2168	63	Pulse	5	1248034	9658	2
2168	64	Picture	30	1256446	0	2	4145	3	0	4000	other	0
2168	64	Pulse	5	1268033	11587	3
2168	65	Picture	31	1274517	0	2	4145	3	0	4000	miss	0
2168	65	Pulse	5	1288033	13516	2
2168	66	Picture	30	1292588	0	1	4145	2	0	4000	other	0
2168	66	Pulse	5	1308023	15435	1
2168	67	Picture	30	1310659	0	1	4145	2	0	4000	other	0
2168	67	Pulse	5	1328022	17363	2
2168	68	Picture	30	1328730	0	1	4144	3	0	4000	other	0
2168	69	Picture	30	1346800	0	2	4145	3	0	4000	other	0
2168	69	Pulse	5	1348022	1222	2
2168	70	Pulse	5	1368011	3140	2
2168	70	Pulse	5	1388011	23140	2
2168	71	Picture	10	1389905	0	1	4145	2	0	4000	other	0
2168	72	Picture	10	1407976	0	1	4145	2	0	4000	other	0
2168	72	Pulse	5	1408011	35	1
2168	73	Picture	11	1426047	0	1	4144	3	0	4000	hit	149
2168	73	Pulse	5	1428000	1953	2
2168	73	Response	1	1432641	6594	1
2168	74	Picture	10	1444118	0	1	4144	2	0	4000	other	0
2168	74	Pulse	5	1448000	3882	2
2168	75	Picture	11	1462188	0	1	4145	2	0	4000	hit	153
2168	75	Response	1	1467200	5012	1
2168	75	Pulse	5	1468159	5971	2
2168	76	Picture	10	1480259	0	1	4145	2	0	4000	other	0
2168	76	Pulse	5	1488149	7890	2
2168	77	Picture	10	1498330	0	1	4145	2	0	4000	other	0
2168	77	Pulse	5	1508149	9819	2
2168	78	Picture	11	1516401	0	1	4144	3	0	4000	hit	160
2168	78	Response	1	1521109	4708	1
2168	78	Pulse	5	1528148	11747	2
2168	79	Picture	10	1534471	0	2	4145	3	0	4000	other	0
2168	79	Pulse	5	1548138	13667	2
2168	80	Picture	10	1552542	0	1	4145	2	0	4000	other	0
2168	80	Pulse	5	1568138	15596	1
2168	81	Picture	10	1570613	0	1	4145	2	0	4000	other	0
2168	81	Pulse	5	1588137	17524	2
2168	82	Picture	10	1588684	0	1	4143	4	0	4000	other	0
2168	83	Picture	10	1606755	0	1	4144	3	0	4000	other	0
2168	83	Pulse	5	1608127	1372	2
2168	84	Picture	11	1624825	0	2	4145	3	0	4000	miss	0
2168	84	Pulse	5	1628126	3301	2
2168	85	Picture	10	1642896	0	2	4145	3	0	4000	other	0
2168	85	Pulse	5	1648127	5231	1
2168	86	Picture	10	1660967	0	1	4145	2	0	4000	other	0
2168	86	Pulse	5	1668116	7149	2
2168	87	Pulse	5	1688115	9077	2
2168	88	Picture	20	1704072	0	1	4144	3	0	4000	other	0
2168	88	Pulse	5	1708116	4044	1
2168	89	Picture	20	1722142	0	2	4145	3	0	4000	other	0
2168	89	Pulse	5	1728105	5963	2
2168	90	Picture	20	1740213	0	1	4145	2	0	4000	other	0
2168	90	Pulse	5	1748104	7891	3
2168	91	Picture	21	1758284	0	1	4145	2	0	4000	hit	185
2168	91	Response	1	1764264	5980	2
2168	91	Pulse	5	1768104	9820	2
2168	92	Picture	20	1776355	0	1	4144	3	0	4000	other	0
2168	92	Pulse	5	1788093	11738	2
2168	93	Picture	20	1794426	0	1	4144	2	0	4000	other	0
2168	93	Pulse	5	1808093	13667	2
2168	94	Picture	21	1812496	0	2	4145	3	0	4000	hit	192
2168	94	Response	1	1818973	6477	2
2168	94	Pulse	5	1828093	15597	2
2168	95	Picture	20	1830567	0	1	4145	2	0	4000	other	0
2168	95	Pulse	5	1848082	17515	2
2168	96	Picture	20	1848638	0	1	4145	2	0	4000	other	0
2168	97	Picture	20	1866709	0	1	4144	3	0	4000	other	0
2168	97	Pulse	5	1868082	1373	2
2168	98	Picture	21	1884780	0	1	4144	2	0	4000	miss	0
2168	98	Pulse	5	1888082	3302	1
2168	99	Picture	20	1902850	0	2	4145	3	0	4000	other	0
2168	99	Pulse	5	1908071	5221	2
2168	100	Picture	20	1920921	0	2	4145	3	0	4000	other	0
2168	100	Pulse	5	1928071	7150	2
2168	101	Picture	21	1938992	0	1	4145	2	0	4000	miss	0
2168	101	Pulse	5	1948070	9078	2
2168	102	Picture	20	1957062	0	2	4145	3	0	4000	other	0
2168	102	Pulse	5	1968060	10998	2
2168	103	Picture	20	1975133	0	2	4145	3	0	4000	other	0
2168	103	Pulse	5	1988060	12927	2
2168	104	Pulse	5	2008059	14855	2
2168	105	Picture	10	2018238	0	1	4145	2	0	4000	other	0
2168	105	Pulse	5	2028049	9811	2
2168	106	Picture	10	2036309	0	1	4145	2	0	4000	other	0
2168	106	Pulse	5	2048049	11740	1
2168	107	Picture	11	2054380	0	1	4144	3	0	4000	hit	217
2168	107	Response	1	2060208	5828	2
2168	107	Pulse	5	2068048	13668	2
2168	108	Picture	10	2072450	0	2	4145	3	0	4000	other	0
2168	108	Pulse	5	2088038	15588	2
2168	109	Picture	11	2090521	0	2	4145	3	0	4000	hit	222
2168	109	Response	1	2095398	4877	2
2168	109	Pulse	5	2108037	17516	2
2168	110	Picture	10	2108592	0	1	4145	2	0	4000	other	0
2168	111	Picture	10	2126663	0	1	4144	3	0	4000	other	0
2168	111	Pulse	5	2128037	1374	2
2168	112	Picture	11	2144734	0	1	4144	3	0	4000	hit	229
2168	112	Pulse	5	2148027	3293	2
2168	112	Response	1	2149307	4573	2
2168	113	Picture	10	2162804	0	2	4145	3	0	4000	other	0
2168	113	Pulse	5	2168026	5222	2
2168	114	Picture	10	2180875	0	1	4145	2	0	4000	other	0
2168	114	Pulse	5	2188026	7151	2
2168	115	Picture	10	2198946	0	1	4145	2	0	4000	other	0
2168	115	Pulse	5	2208016	9070	2
2168	116	Picture	10	2217017	0	1	4144	3	0	4000	other	0
2168	116	Pulse	5	2228015	10998	3
2168	117	Picture	10	2235088	0	1	4144	3	0	4000	other	0
2168	117	Pulse	5	2248015	12927	2
2168	118	Picture	11	2253158	0	2	4145	3	0	4000	hit	241
2168	118	Response	1	2259055	5897	2
2168	118	Pulse	5	2268004	14846	2
2168	119	Picture	10	2271229	0	1	4145	2	0	4000	other	0
2168	119	Pulse	5	2288004	16775	2
2168	120	Picture	10	2289300	0	1	4144	3	0	4000	other	0
2168	121	Pulse	5	2308004	633	2
2168	121	Pulse	5	2327993	20622	2
2168	122	Picture	30	2332405	0	1	4144	2	0	4000	other	0
2168	122	Pulse	5	2347993	15588	2
2168	123	Picture	30	2350475	0	2	4145	3	0	4000	other	0
2168	123	Pulse	5	2367993	17518	1
2168	124	Picture	30	2368546	0	1	4145	2	0	4000	other	0
2168	125	Picture	31	2386617	0	1	4145	2	0	4000	hit	255
2168	125	Pulse	5	2387982	1365	2
2168	125	Response	1	2395183	8566	1
2168	126	Picture	31	2404688	0	1	4144	3	0	4000	hit	258
2168	126	Pulse	5	2407982	3294	2
2168	126	Response	1	2419182	14494	1
2168	127	Picture	30	2422759	0	1	4144	2	0	4000	other	0
2168	127	Pulse	5	2427981	5222	2
2168	128	Picture	30	2440829	0	2	4145	3	0	4000	other	0
2168	128	Pulse	5	2447971	7142	2
2168	129	Picture	30	2458900	0	1	4145	2	0	4000	other	0
2168	129	Pulse	5	2467971	9071	2
2168	130	Picture	31	2476971	0	1	4145	2	0	4000	hit	266
2168	130	Response	1	2480770	3799	2
2168	130	Pulse	5	2487970	10999	2
2168	131	Picture	30	2495042	0	1	4144	3	0	4000	other	0
2168	131	Pulse	5	2508120	13078	2
2168	132	Picture	30	2513112	0	2	4145	3	0	4000	other	0
2168	132	Pulse	5	2528120	15008	1
2168	133	Picture	30	2531183	0	2	4145	3	0	4000	other	0
2168	133	Pulse	5	2548119	16936	2
2168	134	Picture	30	2549254	0	1	4145	2	0	4000	other	0
2168	135	Picture	31	2567325	0	1	4145	2	0	4000	miss	0
2168	135	Pulse	5	2568109	784	2
2168	136	Picture	30	2585396	0	1	4144	3	0	4000	other	0
2168	136	Pulse	5	2588108	2712	2
2168	137	Picture	30	2603467	0	1	4144	2	0	4000	other	0
2168	137	Pulse	5	2608108	4641	2
