Scenario - 1-back
Logfile written - 10/24/2014 10:40:36

Subject	Trial	Event Type	Code	Time	TTime	Uncertainty	Duration	Uncertainty	ReqTime	ReqDur	Stim Type	Pair Index

2168	1	Pulse	5	200172	210006	1
2168	2	Pulse	5	220161	19944	2
2168	3	Picture	10	225251	0	1	4144	3	0	4000	other	0
2168	3	Pulse	5	240161	14910	2
2168	4	Picture	10	243321	0	2	4145	3	0	4000	other	0
2168	4	Pulse	5	260160	16839	2
2168	5	Picture	11	261392	0	2	4145	3	0	4000	hit	8
2168	5	Response	1	267030	5638	2
2168	6	Picture	10	279463	0	1	4145	2	0	4000	other	0
2168	6	Pulse	5	280150	687	2
2168	7	Picture	11	297534	0	1	4145	2	0	4000	hit	13
2168	7	Pulse	5	300150	2616	2
2168	7	Response	1	304470	6936	1
2168	8	Picture	10	315605	0	1	4144	3	0	4000	other	0
2168	8	Pulse	5	320149	4544	2
2168	9	Picture	10	333675	0	2	4145	3	0	4000	other	0
2168	9	Pulse	5	340139	6464	2
2168	10	Picture	10	351746	0	1	4145	2	0	4000	other	0
2168	10	Pulse	5	360139	8393	1
2168	11	Picture	11	369817	0	1	4145	2	0	4000	hit	21
2168	11	Response	1	375979	6162	1
2168	11	Pulse	5	380138	10321	2
2168	12	Picture	10	387888	0	1	4144	3	0	4000	other	0
2168	12	Pulse	5	400128	12240	2
2168	13	Picture	10	405959	0	1	4144	2	0	4000	other	0
2168	13	Pulse	5	420127	14168	2
2168	14	Picture	11	424029	0	2	4145	3	0	4000	hit	28
2168	14	Response	1	431007	6978	2
2168	14	Pulse	5	440127	16098	2
2168	15	Picture	10	442100	0	1	4145	2	0	4000	other	0
2168	16	Picture	10	460171	0	1	4145	2	0	4000	other	0
2168	16	Pulse	5	460277	106	2
2168	17	Picture	10	478242	0	1	4144	3	0	4000	other	0
2168	17	Pulse	5	480276	2034	2
2168	18	Picture	10	496312	0	2	4145	3	0	4000	other	0
2168	18	Pulse	5	500277	3965	1
2168	19	Pulse	5	520266	5883	2
2168	20	Picture	30	539417	0	1	4145	2	0	4000	other	0
2168	20	Pulse	5	540265	848	3
2168	21	Picture	30	557488	0	1	4145	2	0	4000	other	0
2168	21	Pulse	5	560265	2777	2
2168	22	Picture	31	575559	0	1	4144	3	0	4000	hit	44
2168	22	Pulse	5	580254	4695	2
2168	22	Response	1	582014	6455	2
2168	23	Picture	30	593630	0	1	4144	2	0	4000	other	0
2168	23	Pulse	5	600254	6624	2
2168	24	Picture	30	611700	0	1	4145	2	0	4000	other	0
2168	24	Pulse	5	620254	8554	2
2168	25	Picture	30	629771	0	1	4145	2	0	4000	other	0
2168	25	Pulse	5	640243	10472	2
2168	26	Picture	31	647842	0	1	4145	2	0	4000	hit	52
2168	26	Response	1	654963	7121	2
2168	26	Pulse	5	660243	12401	2
2168	27	Picture	31	665913	0	1	4144	2	0	4000	miss	0
2168	27	Pulse	5	680243	14330	1
2168	28	Picture	30	683983	0	2	4145	3	0	4000	other	0
2168	28	Pulse	5	700232	16249	2
2168	29	Picture	30	702054	0	1	4145	2	0	4000	other	0
2168	30	Picture	30	720125	0	1	4145	2	0	4000	other	0
2168	30	Pulse	5	720232	107	2
2168	31	Picture	31	738196	0	1	4144	3	0	4000	miss	0
2168	31	Pulse	5	740231	2035	2
2168	32	Picture	30	756267	0	1	4144	2	0	4000	other	0
2168	32	Pulse	5	760221	3954	2
2168	33	Picture	30	774337	0	2	4145	3	0	4000	other	0
2168	33	Pulse	5	780221	5884	2
2168	34	Picture	30	792408	0	1	4145	2	0	4000	other	0
2168	34	Pulse	5	800220	7812	2
2168	35	Picture	30	810479	0	1	4145	2	0	4000	other	0
2168	35	Pulse	5	820210	9731	2
2168	36	Pulse	5	840210	11660	1
2168	37	Picture	10	853583	0	2	4145	3	0	4000	other	0
2168	37	Pulse	5	860209	6626	2
2168	38	Picture	10	871654	0	2	4145	3	0	4000	other	0
2168	38	Pulse	5	880199	8545	2
2168	39	Picture	11	889725	0	1	4145	2	0	4000	hit	77
2168	39	Response	1	896199	6474	1
2168	39	Pulse	5	900198	10473	2
2168	40	Picture	10	907796	0	1	4145	2	0	4000	other	0
2168	40	Pulse	5	920198	12402	2
2168	41	Picture	11	925867	0	1	4144	3	0	4000	hit	82
2168	41	Response	1	932508	6641	2
2168	41	Pulse	5	940188	14321	2
2168	42	Picture	10	943937	0	2	4145	3	0	4000	other	0
2168	42	Pulse	5	960187	16250	2
2168	43	Picture	10	962008	0	1	4145	2	0	4000	other	0
2168	44	Picture	10	980079	0	1	4145	2	0	4000	other	0
2168	44	Pulse	5	980187	108	2
2168	45	Picture	11	998150	0	1	4145	2	0	4000	hit	91
2168	45	Pulse	5	1000177	2027	2
2168	45	Response	1	1005616	7466	3
2168	46	Picture	10	1016221	0	1	4144	2	0	4000	other	0
2168	46	Pulse	5	1020176	3955	3
2168	47	Picture	10	1034291	0	2	4145	4	0	4000	other	0
2168	47	Pulse	5	1040176	5885	2
2168	48	Picture	11	1052362	0	1	4145	2	0	4000	hit	97
2168	48	Response	1	1059846	7484	1
2168	48	Pulse	5	1060165	7803	2
2168	49	Picture	10	1070433	0	1	4145	2	0	4000	other	0
2168	49	Pulse	5	1080165	9732	2
2168	50	Picture	10	1088504	0	1	4144	3	0	4000	other	0
2168	50	Pulse	5	1100165	11661	2
2168	51	Picture	10	1106574	0	2	4145	3	0	4000	other	0
2168	51	Pulse	5	1120154	13580	2
2168	52	Picture	10	1124645	0	2	4145	3	0	4000	other	0
2168	52	Pulse	5	1140154	15509	2
2168	53	Pulse	5	1160154	17438	1
2168	54	Picture	20	1167750	0	1	4145	2	0	4000	other	0
2168	54	Pulse	5	1180143	12393	2
2168	55	Picture	20	1185821	0	1	4144	3	0	4000	other	0
2168	55	Pulse	5	1200143	14322	2
2168	56	Picture	21	1203891	0	2	4145	3	0	4000	hit	113
2168	56	Response	1	1211663	7772	2
2168	56	Pulse	5	1220142	16251	2
2168	57	Picture	20	1221962	0	2	4145	3	0	4000	other	0
2168	58	Picture	20	1240033	0	1	4145	2	0	4000	other	0
2168	58	Pulse	5	1240132	99	2
2168	59	Picture	20	1258104	0	1	4145	2	0	4000	other	0
2168	59	Pulse	5	1260132	2028	2
2168	60	Picture	21	1276175	0	1	4144	3	0	4000	hit	122
2168	60	Pulse	5	1280131	3956	2
2168	60	Response	1	1282531	6356	2
2168	61	Picture	20	1294245	0	2	4145	3	0	4000	other	0
2168	61	Pulse	5	1300121	5876	2
2168	62	Picture	20	1312316	0	2	4145	4	0	4000	other	0
2168	62	Pulse	5	1320121	7805	1
2168	63	Picture	20	1330387	0	1	4145	2	0	4000	other	0
2168	63	Pulse	5	1340120	9733	2
2168	64	Picture	20	1348458	0	1	4145	2	0	4000	other	0
2168	64	Pulse	5	1360110	11652	2
2168	65	Picture	20	1366529	0	1	4144	2	0	4000	other	0
2168	65	Pulse	5	1380109	13580	2
2168	66	Picture	21	1384599	0	2	4145	3	0	4000	hit	134
2168	66	Response	1	1394029	9430	2
2168	66	Pulse	5	1400109	15510	2
2168	67	Picture	20	1402670	0	1	4145	2	0	4000	other	0
2168	67	Pulse	5	1420099	17429	1
2168	68	Picture	20	1420741	0	1	4145	2	0	4000	other	0
2168	69	Picture	21	1438812	0	1	4144	3	0	4000	hit	141
2168	69	Pulse	5	1440098	1286	2
2168	69	Response	1	1445538	6726	2
2168	70	Pulse	5	1460098	3215	2
2168	70	Pulse	5	1480088	23205	2
2168	71	Picture	10	1481916	0	2	4145	3	0	4000	other	0
2168	72	Picture	10	1499987	0	1	4145	2	0	4000	other	0
2168	72	Pulse	5	1500247	260	3
2168	73	Picture	11	1518058	0	1	4145	2	0	4000	hit	149
2168	73	Pulse	5	1520247	2189	2
2168	73	Response	1	1524247	6189	2
2168	74	Picture	10	1536129	0	1	4144	3	0	4000	other	0
2168	74	Pulse	5	1540236	4107	2
2168	75	Picture	11	1554200	0	1	4144	2	0	4000	hit	154
2168	75	Pulse	5	1560236	6036	2
2168	75	Response	1	1561356	7156	2
2168	76	Picture	10	1572270	0	2	4145	3	0	4000	other	0
2168	76	Pulse	5	1580236	7966	2
2168	77	Picture	10	1590341	0	1	4144	4	0	4000	other	0
2168	77	Pulse	5	1600225	9884	2
2168	78	Picture	11	1608412	0	1	4145	2	0	4000	hit	160
2168	78	Response	1	1615425	7013	2
2168	78	Pulse	5	1620225	11813	2
2168	79	Picture	10	1626483	0	1	4144	3	0	4000	other	0
2168	79	Pulse	5	1640225	13742	1
2168	80	Picture	10	1644554	0	1	4144	2	0	4000	other	0
2168	80	Pulse	5	1660214	15660	2
2168	81	Picture	10	1662624	0	2	4145	3	0	4000	other	0
2168	81	Pulse	5	1680215	17591	1
2168	82	Picture	10	1680695	0	1	4145	2	0	4000	other	0
2168	83	Picture	10	1698766	0	1	4145	2	0	4000	other	0
2168	83	Pulse	5	1700213	1447	2
2168	84	Picture	11	1716837	0	1	4144	2	0	4000	hit	173
2168	84	Pulse	5	1720203	3366	2
2168	84	Response	1	1724043	7206	2
2168	85	Picture	10	1734908	0	1	4144	2	0	4000	other	0
2168	85	Pulse	5	1740203	5295	1
2168	86	Picture	10	1752978	0	1	4145	2	0	4000	other	0
2168	86	Pulse	5	1760202	7224	2
2168	87	Pulse	5	1780192	9143	2
2168	88	Picture	30	1796083	0	1	4145	2	0	4000	other	0
2168	88	Pulse	5	1800191	4108	2
2168	89	Picture	30	1814154	0	1	4144	3	0	4000	other	0
2168	89	Pulse	5	1820191	6037	2
2168	90	Picture	30	1832224	0	2	4145	3	0	4000	other	0
2168	90	Pulse	5	1840181	7957	2
2168	91	Picture	31	1850295	0	1	4145	2	0	4000	miss	0
2168	91	Pulse	5	1860180	9885	2
2168	92	Picture	31	1868366	0	1	4145	2	0	4000	miss	0
2168	92	Pulse	5	1880180	11814	2
2168	93	Picture	30	1886437	0	1	4144	3	0	4000	other	0
2168	93	Pulse	5	1900170	13733	2
2168	94	Picture	30	1904508	0	1	4144	2	0	4000	other	0
2168	94	Pulse	5	1920169	15661	2
2168	95	Picture	30	1922578	0	2	4145	3	0	4000	other	0
2168	95	Pulse	5	1940169	17591	2
2168	96	Picture	31	1940649	0	2	4145	3	0	4000	hit	196
2168	96	Response	1	1948319	7670	2
2168	97	Picture	30	1958718	0	3	4147	4	0	4000	other	0
2168	97	Pulse	5	1960159	1441	2
2168	98	Picture	30	1976791	0	1	4144	3	0	4000	other	0
2168	98	Pulse	5	1980158	3367	3
2168	99	Picture	30	1994862	0	1	4144	2	0	4000	other	0
2168	99	Pulse	5	2000158	5296	2
2168	100	Picture	30	2012932	0	2	4145	3	0	4000	other	0
2168	100	Pulse	5	2020148	7216	1
2168	101	Picture	31	2031003	0	1	4145	2	0	4000	hit	206
2168	101	Response	1	2037267	6264	2
2168	101	Pulse	5	2040147	9144	2
2168	102	Picture	30	2049074	0	1	4145	2	0	4000	other	0
2168	102	Pulse	5	2060147	11073	2
2168	103	Picture	30	2067145	0	1	4144	3	0	4000	other	0
2168	103	Pulse	5	2080136	12991	2
2168	104	Pulse	5	2100136	14920	2
2168	105	Picture	10	2110249	0	2	4145	3	0	4000	other	0
2168	105	Pulse	5	2120136	9887	1
2168	106	Picture	10	2128320	0	1	4145	2	0	4000	other	0
2168	106	Pulse	5	2140125	11805	2
2168	107	Picture	11	2146391	0	1	4145	2	0	4000	hit	218
2168	107	Response	1	2151485	5094	2
2168	107	Pulse	5	2160125	13734	2
2168	108	Picture	10	2164462	0	1	4144	3	0	4000	other	0
2168	108	Pulse	5	2180124	15662	2
2168	109	Picture	11	2182533	0	1	4144	2	0	4000	hit	223
2168	109	Response	1	2188274	5741	2
2168	109	Pulse	5	2200114	17581	2
2168	110	Picture	10	2200603	0	2	4145	3	0	4000	other	0
2168	111	Picture	10	2218674	0	2	4145	3	0	4000	other	0
2168	111	Pulse	5	2220114	1440	1
2168	112	Picture	11	2236745	0	1	4145	2	0	4000	hit	230
2168	112	Pulse	5	2240113	3368	2
2168	112	Response	1	2242343	5598	2
2168	113	Picture	10	2254816	0	1	4144	3	0	4000	other	0
2168	113	Pulse	5	2260103	5287	2
2168	114	Picture	10	2272886	0	2	4145	3	0	4000	other	0
2168	114	Pulse	5	2280103	7217	1
2168	115	Picture	10	2290957	0	2	4145	3	0	4000	other	0
2168	115	Pulse	5	2300102	9145	2
2168	116	Picture	10	2309028	0	1	4145	2	0	4000	other	0
2168	116	Pulse	5	2320092	11064	2
2168	117	Picture	10	2327099	0	1	4145	2	0	4000	other	0
2168	117	Pulse	5	2340091	12992	2
2168	118	Picture	11	2345170	0	1	4144	3	0	4000	hit	242
2168	118	Response	1	2349211	4041	2
2168	118	Pulse	5	2360091	14921	2
2168	119	Picture	10	2363240	0	2	4145	3	0	4000	other	0
2168	119	Pulse	5	2380081	16841	1
2168	120	Picture	10	2381311	0	1	4145	2	0	4000	other	0
2168	121	Pulse	5	2400080	698	2
2168	121	Pulse	5	2420080	20698	2
2168	122	Picture	20	2424416	0	1	4145	2	0	4000	other	0
2168	122	Pulse	5	2440069	15653	3
2168	123	Picture	20	2442487	0	1	4144	2	0	4000	other	0
2168	123	Pulse	5	2460069	17582	3
2168	124	Picture	20	2460557	0	2	4145	3	0	4000	other	0
2168	125	Picture	21	2478628	0	1	4145	2	0	4000	hit	256
2168	125	Pulse	5	2480069	1441	2
2168	125	Response	1	2484389	5761	2
2168	126	Picture	20	2496698	0	2	4146	3	0	4000	other	0
2168	126	Pulse	5	2500058	3360	2
2168	127	Picture	20	2514770	0	1	4144	3	0	4000	other	0
2168	127	Pulse	5	2520058	5288	2
2168	128	Picture	21	2532841	0	1	4144	2	0	4000	hit	263
2168	128	Pulse	5	2540218	7377	1
2168	128	Response	1	2542298	9457	1
2168	129	Picture	20	2550911	0	2	4145	3	0	4000	other	0
2168	129	Pulse	5	2560207	9296	2
2168	130	Picture	20	2568982	0	1	4145	2	0	4000	other	0
2168	130	Pulse	5	2580207	11225	2
2168	131	Picture	20	2587053	0	1	4145	2	0	4000	other	0
2168	131	Pulse	5	2600207	13154	1
2168	132	Picture	21	2605124	0	1	4144	3	0	4000	hit	271
2168	132	Response	1	2612996	7872	2
2168	132	Pulse	5	2620196	15072	2
2168	133	Picture	20	2623195	0	1	4144	2	0	4000	other	0
2168	133	Pulse	5	2640196	17001	2
2168	134	Picture	20	2641265	0	2	4145	3	0	4000	other	0
2168	135	Picture	21	2659336	0	1	4145	2	0	4000	hit	278
2168	135	Pulse	5	2660195	859	2
2168	135	Response	1	2671865	12529	2
2168	136	Picture	20	2677407	0	1	4145	2	0	4000	other	0
2168	136	Pulse	5	2680185	2778	2
2168	137	Picture	20	2695478	0	1	4144	3	0	4000	other	0
2168	137	Pulse	5	2700185	4707	1
