Scenario - 1-back
Logfile written - 12/17/2014 18:51:55

Subject	Trial	Event Type	Code	Time	TTime	Uncertainty	Duration	Uncertainty	ReqTime	ReqDur	Stim Type	Pair Index

2175	1	Pulse	5	835684	845518	3
2175	2	Pulse	5	855684	19842	2
2175	3	Picture	10	860876	0	1	4145	2	0	4000	false_alarm	4
2175	3	Response	1	868314	7438	1
2175	3	Pulse	5	875674	14798	1
2175	4	Picture	10	878947	0	1	4144	3	0	4000	other	0
2175	4	Pulse	5	895673	16726	2
2175	5	Picture	11	897018	0	1	4144	2	0	4000	miss	0
2175	6	Picture	10	915088	0	1	4145	2	0	4000	other	0
2175	6	Pulse	5	915673	585	1
2175	7	Picture	11	933159	0	1	4145	2	0	4000	hit	13
2175	7	Pulse	5	935662	2503	2
2175	7	Response	1	937903	4744	1
2175	8	Picture	10	951230	0	1	4144	3	0	4000	other	0
2175	8	Pulse	5	955662	4432	2
2175	9	Picture	10	969300	0	2	4145	3	0	4000	other	0
2175	9	Pulse	5	975661	6361	2
2175	10	Picture	10	987371	0	1	4145	2	0	4000	other	0
2175	10	Pulse	5	995651	8280	2
2175	11	Picture	11	1005442	0	1	4145	2	0	4000	hit	21
2175	11	Response	1	1008931	3489	1
2175	11	Pulse	5	1015650	10208	2
2175	12	Picture	10	1023513	0	1	4144	3	0	4000	other	0
2175	12	Pulse	5	1035650	12137	2
2175	13	Picture	10	1041583	0	2	4145	3	0	4000	other	0
2175	13	Pulse	5	1055640	14057	1
2175	14	Picture	11	1059654	0	1	4145	2	0	4000	hit	28
2175	14	Response	1	1063319	3665	2
2175	14	Pulse	5	1075639	15985	2
2175	15	Picture	10	1077725	0	1	4145	2	0	4000	other	0
2175	15	Pulse	5	1095639	17914	1
2175	16	Picture	10	1095796	0	1	4144	2	0	4000	other	0
2175	17	Picture	10	1113866	0	2	4145	3	0	4000	other	0
2175	17	Pulse	5	1115628	1762	2
2175	18	Picture	10	1131937	0	1	4145	2	0	4000	other	0
2175	18	Pulse	5	1135628	3691	2
2175	19	Pulse	5	1155627	5619	2
2175	20	Picture	30	1175042	0	1	4144	2	0	4000	other	0
2175	20	Pulse	5	1175618	576	1
2175	21	Picture	30	1193112	0	2	4145	3	0	4000	other	0
2175	21	Pulse	5	1195617	2505	1
2175	22	Picture	31	1211183	0	1	4145	2	0	4000	hit	43
2175	22	Response	1	1214656	3473	2
2175	22	Pulse	5	1215616	4433	2
2175	23	Picture	30	1229254	0	1	4144	3	0	4000	other	0
2175	23	Pulse	5	1235606	6352	1
2175	24	Picture	30	1247325	0	1	4144	2	0	4000	other	0
2175	24	Pulse	5	1255605	8280	2
2175	25	Picture	30	1265395	0	2	4145	3	0	4000	other	0
2175	25	Pulse	5	1275605	10210	2
2175	26	Picture	31	1283466	0	1	4145	2	0	4000	hit	52
2175	26	Response	1	1287754	4288	3
2175	26	Pulse	5	1295594	12128	3
2175	27	Picture	31	1301537	0	1	4144	3	0	4000	hit	55
2175	27	Response	1	1306954	5417	2
2175	27	Pulse	5	1315594	14057	2
2175	28	Picture	30	1319608	0	1	4144	2	0	4000	other	0
2175	28	Pulse	5	1335593	15985	3
2175	29	Picture	30	1337678	0	2	4145	3	0	4000	other	0
2175	29	Pulse	5	1355583	17905	2
2175	30	Picture	30	1355749	0	1	4145	2	0	4000	other	0
2175	31	Picture	31	1373820	0	1	4144	3	0	4000	hit	64
2175	31	Pulse	5	1375583	1763	1
2175	31	Response	1	1377503	3683	1
2175	32	Picture	30	1391890	0	2	4145	3	0	4000	other	0
2175	32	Pulse	5	1395582	3692	2
2175	33	Picture	30	1409961	0	1	4145	2	0	4000	other	0
2175	33	Pulse	5	1415572	5611	1
2175	34	Picture	30	1428032	0	1	4145	2	0	4000	other	0
2175	34	Pulse	5	1435571	7539	2
2175	35	Picture	30	1446103	0	1	4144	3	0	4000	other	0
2175	35	Pulse	5	1455571	9468	2
2175	36	Pulse	5	1475560	11387	2
2175	37	Picture	10	1489207	0	1	4145	2	0	4000	other	0
2175	37	Pulse	5	1495560	6353	2
2175	38	Picture	10	1507278	0	1	4145	2	0	4000	other	0
2175	38	Pulse	5	1515559	8281	2
2175	39	Picture	11	1525349	0	1	4144	3	0	4000	hit	79
2175	39	Response	1	1529949	4600	2
2175	39	Pulse	5	1535550	10201	1
2175	40	Picture	10	1543419	0	2	4145	3	0	4000	other	0
2175	40	Pulse	5	1555549	12130	1
2175	41	Picture	11	1561490	0	1	4145	2	0	4000	hit	84
2175	41	Response	1	1565948	4458	2
2175	41	Pulse	5	1575548	14058	2
2175	42	Picture	10	1579561	0	1	4145	2	0	4000	other	0
2175	42	Pulse	5	1595538	15977	2
2175	43	Picture	10	1597632	0	1	4144	3	0	4000	other	0
2175	43	Pulse	5	1615697	18065	2
2175	44	Picture	10	1615702	0	2	4145	3	0	4000	other	0
2175	45	Picture	11	1633773	0	1	4145	2	0	4000	hit	93
2175	45	Pulse	5	1635697	1924	2
2175	45	Response	1	1637617	3844	2
2175	46	Picture	10	1651844	0	1	4145	2	0	4000	other	0
2175	46	Pulse	5	1655686	3842	2
2175	47	Picture	10	1669915	0	1	4144	3	0	4000	other	0
2175	47	Pulse	5	1675686	5771	2
2175	48	Picture	11	1687985	0	2	4145	3	0	4000	hit	99
2175	48	Response	1	1693286	5301	1
2175	48	Pulse	5	1695686	7701	1
2175	49	Picture	10	1706056	0	1	4145	2	0	4000	other	0
2175	49	Pulse	5	1715675	9619	2
2175	50	Picture	10	1724127	0	1	4144	3	0	4000	other	0
2175	50	Pulse	5	1735675	11548	1
2175	51	Picture	10	1742198	0	1	4144	2	0	4000	other	0
2175	51	Pulse	5	1755674	13476	2
2175	52	Picture	10	1760268	0	2	4145	3	0	4000	other	0
2175	52	Pulse	5	1775664	15396	2
2175	53	Pulse	5	1795663	17324	3
2175	54	Picture	20	1803373	0	1	4145	2	0	4000	other	0
2175	54	Pulse	5	1815663	12290	2
2175	55	Picture	20	1821444	0	1	4144	2	0	4000	other	0
2175	55	Pulse	5	1835652	14208	2
2175	56	Picture	21	1839514	0	1	4145	2	0	4000	hit	115
2175	56	Response	1	1842853	3339	1
2175	56	Pulse	5	1855652	16138	2
2175	57	Picture	20	1857585	0	1	4145	2	0	4000	other	0
2175	57	Pulse	5	1875652	18067	2
2175	58	Picture	20	1875656	0	1	4144	3	0	4000	other	0
2175	59	Picture	20	1893727	0	1	4144	2	0	4000	other	0
2175	59	Pulse	5	1895641	1914	2
2175	60	Picture	21	1911797	0	1	4145	2	0	4000	hit	124
2175	60	Pulse	5	1915641	3844	1
2175	60	Response	1	1915801	4004	2
2175	61	Picture	20	1929868	0	1	4145	2	0	4000	other	0
2175	61	Pulse	5	1935640	5772	2
2175	62	Picture	20	1947939	0	1	4144	3	0	4000	other	0
2175	62	Pulse	5	1955630	7691	2
2175	63	Picture	20	1966009	0	2	4145	3	0	4000	other	0
2175	63	Pulse	5	1975629	9620	2
2175	64	Picture	20	1984080	0	1	4145	2	0	4000	other	0
2175	64	Pulse	5	1995629	11549	2
2175	65	Picture	20	2002151	0	1	4145	2	0	4000	other	0
2175	65	Pulse	5	2015619	13468	1
2175	66	Picture	21	2020222	0	1	4144	3	0	4000	hit	136
2175	66	Response	1	2025058	4836	2
2175	66	Pulse	5	2035619	15397	1
2175	67	Picture	20	2038292	0	2	4145	3	0	4000	other	0
2175	67	Pulse	5	2055618	17326	1
2175	68	Picture	20	2056363	0	1	4145	2	0	4000	other	0
2175	69	Picture	21	2074434	0	1	4145	2	0	4000	hit	143
2175	69	Pulse	5	2075607	1173	2
2175	69	Response	1	2077687	3253	2
2175	70	Pulse	5	2095607	3102	2
2175	70	Pulse	5	2115606	23101	3
2175	71	Picture	10	2117538	0	2	4145	3	0	4000	other	0
2175	71	Pulse	5	2135596	18058	2
2175	72	Picture	10	2135609	0	1	4145	2	0	4000	other	0
2175	73	Picture	11	2153680	0	1	4145	2	0	4000	hit	151
2175	73	Pulse	5	2155595	1915	2
2175	73	Response	1	2157836	4156	1
2175	74	Picture	10	2171751	0	1	4144	3	0	4000	other	0
2175	74	Pulse	5	2175595	3844	2
2175	75	Picture	11	2189821	0	2	4145	3	0	4000	hit	155
2175	75	Response	1	2194785	4964	1
2175	75	Pulse	5	2195585	5764	1
2175	76	Picture	10	2207892	0	1	4145	2	0	4000	other	0
2175	76	Pulse	5	2215584	7692	2
2175	77	Picture	10	2225963	0	1	4145	2	0	4000	other	0
2175	77	Pulse	5	2235585	9622	1
2175	78	Picture	11	2244034	0	1	4144	2	0	4000	hit	162
2175	78	Response	1	2247413	3379	3
2175	78	Pulse	5	2255573	11539	3
2175	79	Picture	10	2262104	0	2	4144	4	0	4000	other	0
2175	79	Pulse	5	2275573	13469	2
2175	80	Picture	10	2280175	0	1	4145	2	0	4000	other	0
2175	80	Pulse	5	2295572	15397	3
2175	81	Picture	10	2298246	0	1	4145	2	0	4000	other	0
2175	81	Pulse	5	2315562	17316	2
2175	82	Picture	10	2316317	0	1	4144	2	0	4000	other	0
2175	83	Picture	10	2334387	0	2	4144	4	0	4000	other	0
2175	83	Pulse	5	2335561	1174	2
2175	84	Picture	11	2352458	0	1	4145	2	0	4000	hit	175
2175	84	Pulse	5	2355561	3103	2
2175	84	Response	1	2356841	4383	2
2175	85	Picture	10	2370529	0	1	4144	3	0	4000	other	0
2175	85	Pulse	5	2375551	5022	1
2175	86	Picture	10	2388600	0	1	4144	2	0	4000	other	0
2175	86	Pulse	5	2395550	6950	2
2175	87	Pulse	5	2415550	8880	2
2175	88	Picture	30	2431704	0	1	4145	2	0	4000	other	0
2175	88	Pulse	5	2435539	3835	2
2175	89	Picture	30	2449775	0	1	4145	2	0	4000	other	0
2175	89	Pulse	5	2455540	5765	1
2175	90	Picture	30	2467846	0	1	4144	2	0	4000	other	0
2175	90	Pulse	5	2475538	7692	2
2175	91	Picture	31	2485916	0	2	4145	3	0	4000	hit	188
2175	91	Response	1	2489288	3372	2
2175	91	Pulse	5	2495528	9612	2
2175	92	Picture	31	2503987	0	1	4145	2	0	4000	hit	191
2175	92	Response	1	2507848	3861	1
2175	92	Pulse	5	2515528	11541	1
2175	93	Picture	30	2522058	0	1	4144	3	0	4000	other	0
2175	93	Pulse	5	2535527	13469	2
2175	94	Picture	30	2540129	0	1	4144	2	0	4000	other	0
2175	94	Pulse	5	2555517	15388	1
2175	95	Picture	30	2558199	0	2	4145	3	0	4000	other	0
2175	95	Pulse	5	2575516	17317	2
2175	96	Picture	31	2576270	0	1	4145	2	0	4000	hit	200
2175	96	Response	1	2581116	4846	2
2175	97	Picture	30	2594341	0	1	4144	3	0	4000	other	0
2175	97	Pulse	5	2595497	1156	27
2175	98	Picture	30	2612412	0	1	4144	2	0	4000	other	0
2175	98	Pulse	5	2615505	3093	2
2175	99	Picture	30	2630482	0	1	4145	2	0	4000	other	0
2175	99	Pulse	5	2635505	5023	2
2175	100	Picture	30	2648553	0	1	4145	2	0	4000	other	0
2175	100	Pulse	5	2655665	7112	1
2175	101	Picture	31	2666624	0	1	4144	3	0	4000	hit	210
2175	101	Response	1	2669734	3110	2
2175	101	Pulse	5	2675654	9030	2
2175	102	Picture	30	2684695	0	1	4144	2	0	4000	other	0
2175	102	Pulse	5	2695654	10959	1
2175	103	Picture	30	2702765	0	1	4145	2	0	4000	other	0
2175	103	Pulse	5	2715653	12888	2
2175	104	Pulse	5	2735643	14807	2
2175	105	Picture	10	2745870	0	1	4144	3	0	4000	other	0
2175	105	Pulse	5	2755642	9772	3
2175	106	Picture	10	2763940	0	2	4145	3	0	4000	other	0
2175	106	Pulse	5	2775642	11702	2
2175	107	Picture	11	2782010	0	5	4146	6	0	4000	hit	222
2175	107	Response	1	2786992	4982	1
2175	107	Pulse	5	2795631	13621	2
2175	108	Picture	10	2800082	0	1	4145	2	0	4000	other	0
2175	108	Pulse	5	2815631	15549	2
2175	109	Picture	11	2818153	0	1	4144	3	0	4000	hit	227
2175	109	Response	1	2822351	4198	2
2175	109	Pulse	5	2835631	17478	1
2175	110	Picture	10	2836223	0	2	4145	3	0	4000	other	0
2175	111	Picture	10	2854294	0	1	4145	2	0	4000	other	0
2175	111	Pulse	5	2855620	1326	2
2175	112	Picture	11	2872365	0	1	4145	2	0	4000	hit	234
2175	112	Pulse	5	2875620	3255	1
2175	112	Response	1	2876740	4375	1
2175	113	Picture	10	2890436	0	1	4144	3	0	4000	other	0
2175	113	Pulse	5	2895619	5183	2
2175	114	Picture	10	2908506	0	2	4145	3	0	4000	other	0
2175	114	Pulse	5	2915609	7103	2
2175	115	Picture	10	2926577	0	1	4145	2	0	4000	other	0
2175	115	Pulse	5	2935608	9031	2
2175	116	Picture	10	2944648	0	1	4145	2	0	4000	other	0
2175	116	Pulse	5	2955608	10960	2
2175	117	Picture	10	2962719	0	1	4144	2	0	4000	other	0
2175	117	Pulse	5	2975598	12879	1
2175	118	Picture	11	2980789	0	2	4145	3	0	4000	hit	246
2175	118	Response	1	2984397	3608	2
2175	118	Pulse	5	2995597	14808	2
2175	119	Picture	10	2998860	0	1	4145	2	0	4000	other	0
2175	119	Pulse	5	3015597	16737	1
2175	120	Picture	10	3016931	0	1	4145	2	0	4000	other	0
2175	121	Pulse	5	3035586	584	2
2175	121	Pulse	5	3055586	20584	1
2175	122	Picture	20	3060035	0	2	4145	3	0	4000	other	0
2175	122	Pulse	5	3075585	15550	2
2175	123	Picture	20	3078104	0	4	4147	5	0	4000	other	0
2175	123	Pulse	5	3095575	17471	2
2175	124	Picture	20	3096177	0	1	4145	2	0	4000	other	0
2175	125	Picture	21	3114248	0	1	4144	2	0	4000	hit	260
2175	125	Pulse	5	3115574	1326	2
2175	125	Response	1	3117494	3246	2
2175	126	Picture	20	3132318	0	2	4145	3	0	4000	other	0
2175	126	Pulse	5	3135574	3256	2
2175	127	Picture	20	3150389	0	1	4145	2	0	4000	other	0
2175	127	Pulse	5	3155564	5175	1
2175	128	Picture	21	3168460	0	1	4145	2	0	4000	hit	266
2175	128	Response	1	3171883	3423	2
2175	128	Pulse	5	3175563	7103	2
2175	129	Picture	20	3186531	0	1	4144	2	0	4000	other	0
2175	129	Pulse	5	3195563	9032	1
2175	130	Picture	20	3204601	0	2	4145	3	0	4000	other	0
2175	130	Pulse	5	3215552	10951	3
2175	131	Picture	20	3222672	0	2	4145	3	0	4000	other	0
2175	131	Pulse	5	3235552	12880	2
2175	132	Picture	21	3240743	0	1	4145	2	0	4000	hit	275
2175	132	Response	1	3244511	3768	3
2175	132	Pulse	5	3255551	14808	3
2175	133	Picture	20	3258814	0	1	4144	2	0	4000	other	0
2175	133	Pulse	5	3275541	16727	2
2175	134	Picture	20	3276884	0	2	4145	3	0	4000	other	0
2175	135	Picture	21	3294955	0	1	4145	2	0	4000	hit	282
2175	135	Pulse	5	3295540	585	2
2175	135	Response	1	3298901	3946	1
2175	136	Picture	20	3313026	0	1	4144	3	0	4000	other	0
2175	136	Pulse	5	3315540	2514	2
2175	137	Picture	20	3331097	0	1	4144	2	0	4000	other	0
2175	137	Pulse	5	3335530	4433	1
