Scenario - 1-back
Logfile written - 12/17/2014 19:01:03

Subject	Trial	Event Type	Code	Time	TTime	Uncertainty	Duration	Uncertainty	ReqTime	ReqDur	Stim Type	Pair Index

2175	1	Pulse	5	102277	112111	20
2175	2	Pulse	5	122290	19888	3
2175	3	Picture	10	127436	0	1	4145	2	0	4000	other	0
2175	3	Pulse	5	142290	14854	2
2175	4	Picture	10	145507	0	1	4145	2	0	4000	other	0
2175	4	Pulse	5	162280	16773	1
2175	5	Picture	11	163578	0	1	4144	3	0	4000	hit	8
2175	5	Response	1	169319	5741	2
2175	6	Picture	10	181649	0	1	4144	2	0	4000	other	0
2175	6	Pulse	5	182279	630	2
2175	7	Picture	11	199719	0	2	4145	3	0	4000	hit	13
2175	7	Pulse	5	202279	2560	1
2175	7	Response	1	204519	4800	1
2175	8	Picture	10	217790	0	1	4145	2	0	4000	other	0
2175	8	Pulse	5	222268	4478	2
2175	9	Picture	10	235861	0	1	4144	3	0	4000	other	0
2175	9	Pulse	5	242268	6407	2
2175	10	Picture	10	253932	0	1	4144	2	0	4000	other	0
2175	10	Pulse	5	262267	8335	2
2175	11	Picture	11	272002	0	1	4145	2	0	4000	hit	21
2175	11	Response	1	276017	4015	2
2175	11	Pulse	5	282257	10255	2
2175	12	Picture	10	290073	0	1	4145	2	0	4000	other	0
2175	12	Pulse	5	302256	12183	2
2175	13	Picture	10	308144	0	1	4144	3	0	4000	other	0
2175	13	Pulse	5	322256	14112	2
2175	14	Picture	11	326215	0	1	4144	2	0	4000	hit	28
2175	14	Response	1	330096	3881	2
2175	14	Pulse	5	342246	16031	1
2175	15	Picture	10	344285	0	1	4145	2	0	4000	other	0
2175	15	Pulse	5	362245	17960	2
2175	16	Picture	10	362356	0	1	4145	2	0	4000	other	0
2175	17	Picture	10	380427	0	1	4144	3	0	4000	other	0
2175	17	Pulse	5	382245	1818	2
2175	18	Picture	10	398498	0	1	4144	2	0	4000	other	0
2175	18	Pulse	5	402234	3736	2
2175	19	Pulse	5	422234	5666	2
2175	20	Picture	30	441602	0	1	4145	2	0	4000	other	0
2175	20	Pulse	5	442233	631	2
2175	21	Picture	30	459673	0	1	4144	3	0	4000	other	0
2175	21	Pulse	5	462223	2550	2
2175	22	Picture	31	477744	0	1	4144	2	0	4000	hit	44
2175	22	Pulse	5	482223	4479	1
2175	22	Response	1	484783	7039	1
2175	23	Picture	30	495814	0	1	4145	2	0	4000	other	0
2175	23	Pulse	5	502222	6408	2
2175	24	Picture	30	513879	0	10	4151	11	0	4000	other	0
2175	24	Pulse	5	522212	8333	1
2175	25	Picture	30	531956	0	1	4144	3	0	4000	other	0
2175	25	Pulse	5	542211	10255	2
2175	26	Picture	31	550026	0	2	4145	3	0	4000	hit	52
2175	26	Response	1	554691	4665	2
2175	26	Pulse	5	562211	12185	2
2175	27	Picture	31	568097	0	1	4145	2	0	4000	hit	55
2175	27	Response	1	572761	4664	2
2175	27	Pulse	5	582200	14103	3
2175	28	Picture	30	586168	0	1	4145	2	0	4000	other	0
2175	28	Pulse	5	602200	16032	2
2175	29	Picture	30	604239	0	1	4144	3	0	4000	other	0
2175	29	Pulse	5	622199	17960	3
2175	30	Picture	30	622309	0	2	4145	3	0	4000	other	0
2175	31	Picture	31	640380	0	1	4145	2	0	4000	hit	64
2175	31	Pulse	5	642189	1809	2
2175	31	Response	1	646989	6609	2
2175	32	Picture	30	658451	0	1	4145	2	0	4000	other	0
2175	32	Pulse	5	662189	3738	1
2175	33	Picture	30	676522	0	1	4144	3	0	4000	other	0
2175	33	Pulse	5	682188	5666	2
2175	34	Picture	30	694593	0	1	4144	2	0	4000	other	0
2175	34	Pulse	5	702178	7585	2
2175	35	Picture	30	712663	0	1	4145	2	0	4000	other	0
2175	35	Pulse	5	722177	9514	2
2175	36	Pulse	5	742177	11443	2
2175	37	Picture	10	755768	0	1	4144	3	0	4000	other	0
2175	37	Pulse	5	762166	6398	2
2175	38	Picture	10	773838	0	2	4145	3	0	4000	other	0
2175	38	Pulse	5	782166	8328	2
2175	39	Picture	11	791909	0	1	4145	2	0	4000	hit	79
2175	39	Response	1	797046	5137	1
2175	39	Pulse	5	802166	10257	1
2175	40	Picture	10	809980	0	1	4145	2	0	4000	other	0
2175	40	Pulse	5	822155	12175	2
2175	41	Picture	11	828051	0	1	4144	3	0	4000	hit	84
2175	41	Response	1	832235	4184	2
2175	41	Pulse	5	842155	14104	1
2175	42	Picture	10	846121	0	2	4145	3	0	4000	other	0
2175	42	Pulse	5	862154	16033	2
2175	43	Picture	10	864192	0	1	4145	2	0	4000	other	0
2175	43	Pulse	5	882144	17952	2
2175	44	Picture	10	882263	0	1	4145	2	0	4000	other	0
2175	45	Picture	11	900334	0	1	4144	3	0	4000	hit	93
2175	45	Pulse	5	902143	1809	2
2175	45	Response	1	904703	4369	2
2175	46	Picture	10	918404	0	2	4145	3	0	4000	other	0
2175	46	Pulse	5	922143	3739	2
2175	47	Picture	10	936475	0	1	4145	2	0	4000	other	0
2175	47	Pulse	5	942133	5658	1
2175	48	Picture	11	954546	0	1	4145	2	0	4000	hit	99
2175	48	Response	1	960372	5826	2
2175	48	Pulse	5	962132	7586	2
2175	49	Picture	10	972617	0	1	4144	2	0	4000	other	0
2175	49	Pulse	5	982292	9675	1
2175	50	Picture	10	990687	0	2	4145	3	0	4000	other	0
2175	50	Pulse	5	1002281	11594	2
2175	51	Picture	10	1008758	0	1	4145	2	0	4000	other	0
2175	51	Pulse	5	1022281	13523	1
2175	52	Picture	10	1026829	0	1	4145	2	0	4000	other	0
2175	52	Pulse	5	1042280	15451	2
2175	53	Pulse	5	1062270	17370	2
2175	54	Picture	20	1069933	0	2	4145	3	0	4000	other	0
2175	54	Pulse	5	1082269	12336	3
2175	55	Picture	20	1088004	0	1	4145	2	0	4000	other	0
2175	55	Pulse	5	1102269	14265	2
2175	56	Picture	21	1106075	0	1	4145	2	0	4000	hit	115
2175	56	Response	1	1109299	3224	2
2175	56	Pulse	5	1122259	16184	1
2175	57	Picture	20	1124146	0	1	4144	3	0	4000	other	0
2175	58	Picture	20	1142216	0	2	4145	3	0	4000	other	0
2175	58	Pulse	5	1142258	42	2
2175	59	Picture	20	1160287	0	1	4145	2	0	4000	other	0
2175	59	Pulse	5	1162258	1971	1
2175	60	Picture	21	1178358	0	1	4145	2	0	4000	hit	123
2175	60	Response	1	1181767	3409	2
2175	60	Pulse	5	1182247	3889	2
2175	61	Picture	20	1196429	0	1	4144	3	0	4000	other	0
2175	61	Pulse	5	1202247	5818	2
2175	62	Picture	20	1214499	0	2	4145	3	0	4000	other	0
2175	62	Pulse	5	1222246	7747	2
2175	63	Picture	20	1232570	0	1	4145	2	0	4000	other	0
2175	63	Pulse	5	1242236	9666	2
2175	64	Picture	20	1250641	0	1	4145	2	0	4000	other	0
2175	64	Pulse	5	1262235	11594	2
2175	65	Picture	20	1268712	0	1	4144	3	0	4000	other	0
2175	65	Pulse	5	1282235	13523	2
2175	66	Picture	21	1286782	0	2	4145	3	0	4000	hit	136
2175	66	Response	1	1291185	4403	2
2175	66	Pulse	5	1302225	15443	1
2175	67	Picture	20	1304853	0	1	4145	2	0	4000	other	0
2175	67	Pulse	5	1322224	17371	2
2175	68	Picture	20	1322924	0	1	4145	2	0	4000	other	0
2175	69	Picture	21	1340995	0	1	4144	3	0	4000	hit	143
2175	69	Pulse	5	1342224	1229	2
2175	69	Response	1	1344624	3629	1
2175	70	Pulse	5	1362213	3148	2
2175	70	Pulse	5	1382213	23148	2
2175	71	Picture	10	1384099	0	1	4145	2	0	4000	other	0
2175	72	Picture	10	1402170	0	1	4145	2	0	4000	other	0
2175	72	Pulse	5	1402212	42	2
2175	73	Picture	11	1420241	0	1	4144	2	0	4000	hit	151
2175	73	Pulse	5	1422202	1961	2
2175	73	Response	1	1424442	4201	2
2175	74	Picture	10	1438311	0	2	4145	3	0	4000	other	0
2175	74	Pulse	5	1442202	3891	1
2175	75	Picture	11	1456382	0	1	4145	2	0	4000	hit	155
2175	75	Response	1	1460921	4539	2
2175	75	Pulse	5	1462201	5819	2
2175	76	Picture	10	1474453	0	1	4144	3	0	4000	other	0
2175	76	Pulse	5	1482191	7738	1
2175	77	Picture	10	1492524	0	1	4144	3	0	4000	other	0
2175	77	Pulse	5	1502190	9666	2
2175	78	Picture	11	1510594	0	2	4145	3	0	4000	hit	162
2175	78	Response	1	1514510	3916	2
2175	78	Pulse	5	1522190	11596	2
2175	79	Picture	10	1528665	0	1	4145	2	0	4000	other	0
2175	79	Pulse	5	1542179	13514	3
2175	80	Picture	10	1546736	0	1	4144	3	0	4000	other	0
2175	80	Pulse	5	1562179	15443	2
2175	81	Picture	10	1564807	0	1	4144	2	0	4000	other	0
2175	81	Pulse	5	1582178	17371	3
2175	82	Picture	10	1582877	0	2	4145	3	0	4000	other	0
2175	83	Picture	10	1600948	0	1	4145	2	0	4000	other	0
2175	83	Pulse	5	1602168	1220	2
2175	84	Picture	11	1619019	0	1	4144	3	0	4000	hit	175
2175	84	Pulse	5	1622168	3149	1
2175	84	Response	1	1623768	4749	1
2175	85	Picture	10	1637090	0	1	4144	3	0	4000	other	0
2175	85	Pulse	5	1642167	5077	2
2175	86	Picture	10	1655160	0	2	4145	3	0	4000	other	0
2175	86	Pulse	5	1662157	6997	2
2175	87	Pulse	5	1682157	8926	1
2175	88	Picture	30	1698265	0	1	4145	2	0	4000	other	0
2175	88	Pulse	5	1702156	3891	2
2175	89	Picture	30	1716335	0	2	4145	4	0	4000	other	0
2175	89	Pulse	5	1722145	5810	2
2175	90	Picture	30	1734406	0	2	4145	3	0	4000	other	0
2175	90	Pulse	5	1742145	7739	2
2175	91	Picture	31	1752477	0	1	4145	2	0	4000	hit	188
2175	91	Response	1	1757025	4548	1
2175	91	Pulse	5	1762144	9667	2
2175	92	Picture	31	1770548	0	1	4145	2	0	4000	hit	191
2175	92	Response	1	1774294	3746	2
2175	92	Pulse	5	1782134	11586	2
2175	93	Picture	30	1788619	0	1	4144	2	0	4000	other	0
2175	93	Pulse	5	1802134	13515	1
2175	94	Picture	30	1806689	0	2	4145	3	0	4000	other	0
2175	94	Pulse	5	1822133	15444	2
2175	95	Picture	30	1824760	0	1	4145	2	0	4000	other	0
2175	95	Pulse	5	1842123	17363	2
2175	96	Picture	31	1842831	0	1	4144	3	0	4000	hit	200
2175	96	Response	1	1846283	3452	1
2175	97	Picture	30	1860902	0	1	4144	2	0	4000	other	0
2175	97	Pulse	5	1862122	1220	2
2175	98	Picture	30	1878972	0	2	4145	3	0	4000	other	0
2175	98	Pulse	5	1882122	3150	2
2175	99	Picture	30	1897043	0	1	4145	2	0	4000	other	0
2175	99	Pulse	5	1902111	5068	2
2175	100	Picture	30	1915114	0	1	4144	3	0	4000	other	0
2175	100	Pulse	5	1922111	6997	2
2175	101	Picture	31	1933185	0	1	4144	3	0	4000	hit	210
2175	101	Response	1	1936671	3486	2
2175	101	Pulse	5	1942111	8926	1
2175	102	Picture	30	1951255	0	2	4145	3	0	4000	other	0
2175	102	Pulse	5	1962101	10846	1
2175	103	Picture	30	1969326	0	1	4145	2	0	4000	other	0
2175	103	Pulse	5	1982100	12774	1
2175	104	Pulse	5	2002099	14702	2
2175	105	Picture	10	2012431	0	1	4144	2	0	4000	other	0
2175	105	Pulse	5	2022249	9818	2
2175	106	Picture	10	2030501	0	2	4145	3	0	4000	other	0
2175	106	Pulse	5	2042248	11747	3
2175	107	Picture	11	2048572	0	1	4145	2	0	4000	hit	222
2175	107	Response	1	2053928	5356	2
2175	107	Pulse	5	2062248	13676	2
2175	108	Picture	10	2066643	0	1	4145	2	0	4000	other	0
2175	108	Pulse	5	2082237	15594	2
2175	109	Picture	11	2084714	0	1	4144	2	0	4000	hit	227
2175	109	Response	1	2089757	5043	2
2175	109	Pulse	5	2102237	17523	2
2175	110	Picture	10	2102784	0	2	4145	3	0	4000	other	0
2175	111	Picture	10	2120855	0	1	4145	2	0	4000	other	0
2175	111	Pulse	5	2122237	1382	1
2175	112	Picture	11	2138926	0	1	4144	3	0	4000	hit	234
2175	112	Pulse	5	2142226	3300	2
2175	112	Response	1	2143506	4580	2
2175	113	Picture	10	2156997	0	1	4144	2	0	4000	other	0
2175	113	Pulse	5	2162226	5229	2
2175	114	Picture	10	2175067	0	1	4145	2	0	4000	other	0
2175	114	Pulse	5	2182225	7158	2
2175	115	Picture	10	2193138	0	1	4145	2	0	4000	other	0
2175	115	Pulse	5	2202215	9077	2
2175	116	Picture	10	2211209	0	1	4144	3	0	4000	other	0
2175	116	Pulse	5	2222214	11005	2
2175	117	Picture	10	2229280	0	1	4144	2	0	4000	other	0
2175	117	Pulse	5	2242214	12934	2
2175	118	Picture	11	2247350	0	1	4145	2	0	4000	hit	246
2175	118	Response	1	2252764	5414	1
2175	118	Pulse	5	2262204	14854	1
2175	119	Picture	10	2265421	0	1	4145	2	0	4000	other	0
2175	119	Pulse	5	2282203	16782	2
2175	120	Picture	10	2283492	0	1	4144	3	0	4000	other	0
2175	121	Pulse	5	2302203	640	1
2175	121	Pulse	5	2322192	20629	2
2175	122	Picture	20	2326596	0	1	4145	2	0	4000	other	0
2175	122	Pulse	5	2342192	15596	2
2175	123	Picture	20	2344667	0	1	4145	2	0	4000	other	0
2175	123	Pulse	5	2362181	17514	2
2175	124	Picture	20	2362738	0	1	4144	3	0	4000	other	0
2175	125	Picture	21	2380809	0	1	4144	2	0	4000	hit	260
2175	125	Pulse	5	2382181	1372	2
2175	125	Response	1	2384261	3452	2
2175	126	Picture	20	2398879	0	1	4145	2	0	4000	other	0
2175	126	Pulse	5	2402180	3301	2
2175	127	Picture	20	2416950	0	1	4145	2	0	4000	other	0
2175	127	Pulse	5	2422170	5220	2
2175	128	Picture	21	2435021	0	1	4144	3	0	4000	hit	267
2175	128	Pulse	5	2442170	7149	1
2175	128	Response	1	2443130	8109	1
2175	129	Picture	20	2453092	0	1	4144	2	0	4000	other	0
2175	129	Pulse	5	2462169	9077	2
2175	130	Picture	20	2471162	0	2	4145	3	0	4000	other	0
2175	130	Pulse	5	2482159	10997	2
2175	131	Picture	20	2489233	0	1	4145	2	0	4000	other	0
2175	131	Pulse	5	2502158	12925	3
2175	132	Picture	21	2507304	0	1	4144	3	0	4000	hit	275
2175	132	Response	1	2510958	3654	2
2175	132	Pulse	5	2522158	14854	2
2175	133	Picture	20	2525375	0	1	4144	2	0	4000	other	0
2175	133	Pulse	5	2542147	16772	2
2175	134	Picture	20	2543445	0	2	4145	3	0	4000	other	0
2175	135	Picture	21	2561516	0	1	4145	2	0	4000	hit	282
2175	135	Pulse	5	2562147	631	2
2175	135	Response	1	2565347	3831	2
2175	136	Picture	20	2579586	0	2	4145	4	0	4000	other	0
2175	136	Pulse	5	2582147	2561	1
2175	137	Picture	20	2597657	0	2	4145	3	0	4000	other	0
2175	137	Pulse	5	2602136	4479	2
