Scenario - 1-back
Logfile written - 12/17/2014 18:45:01

Subject	Trial	Event Type	Code	Time	TTime	Uncertainty	Duration	Uncertainty	ReqTime	ReqDur	Stim Type	Pair Index

2175	1	Pulse	5	398368	408202	2
2175	2	Pulse	5	418358	19861	2
2175	3	Picture	10	423531	0	1	4144	2	0	4000	other	0
2175	3	Pulse	5	438357	14826	2
2175	4	Picture	10	441601	0	1	4145	2	0	4000	other	0
2175	4	Pulse	5	458357	16756	2
2175	5	Picture	11	459672	0	1	4145	2	0	4000	miss	0
2175	6	Picture	10	477742	0	2	4145	3	0	4000	other	0
2175	6	Pulse	5	478347	605	1
2175	7	Picture	11	495813	0	2	4145	3	0	4000	miss	0
2175	7	Pulse	5	498346	2533	2
2175	8	Picture	10	513884	0	1	4145	2	0	4000	other	0
2175	8	Pulse	5	518346	4462	2
2175	9	Picture	10	531955	0	1	4144	3	0	4000	other	0
2175	9	Pulse	5	538335	6380	2
2175	10	Picture	10	550025	0	2	4145	3	0	4000	other	0
2175	10	Pulse	5	558335	8310	2
2175	11	Picture	11	568096	0	1	4145	2	0	4000	miss	0
2175	11	Pulse	5	578334	10238	2
2175	12	Picture	10	586167	0	1	4145	2	0	4000	other	0
2175	12	Pulse	5	598324	12157	2
2175	13	Picture	10	604238	0	1	4144	3	0	4000	other	0
2175	13	Pulse	5	618324	14086	1
2175	14	Picture	11	622308	0	2	4145	3	0	4000	miss	0
2175	14	Pulse	5	638323	16015	2
2175	15	Picture	10	640379	0	1	4145	2	0	4000	other	0
2175	15	Pulse	5	658313	17934	1
2175	16	Picture	10	658450	0	1	4145	2	0	4000	other	0
2175	17	Picture	10	676521	0	1	4144	2	0	4000	other	0
2175	17	Pulse	5	678312	1791	2
2175	18	Picture	10	694591	0	1	4145	2	0	4000	other	0
2175	18	Pulse	5	698312	3721	2
2175	19	Pulse	5	718301	5639	3
2175	20	Picture	20	737696	0	1	4144	3	0	4000	other	0
2175	20	Pulse	5	738301	605	2
2175	21	Picture	20	755766	0	2	4145	3	0	4000	other	0
2175	21	Pulse	5	758300	2534	3
2175	22	Picture	21	773837	0	1	4145	2	0	4000	miss	0
2175	22	Pulse	5	778290	4453	2
2175	23	Picture	20	791908	0	1	4145	2	0	4000	other	0
2175	23	Pulse	5	798290	6382	1
2175	24	Picture	20	809979	0	1	4144	2	0	4000	other	0
2175	24	Pulse	5	818289	8310	2
2175	25	Picture	20	828049	0	2	4145	3	0	4000	other	0
2175	25	Pulse	5	838279	10230	1
2175	26	Picture	21	846120	0	1	4145	2	0	4000	miss	0
2175	26	Pulse	5	858278	12158	2
2175	27	Picture	20	864191	0	1	4144	3	0	4000	other	0
2175	27	Pulse	5	878278	14087	2
2175	28	Picture	20	882261	0	2	4145	3	0	4000	other	0
2175	28	Pulse	5	898267	16006	2
2175	29	Picture	20	900332	0	1	4145	2	0	4000	other	0
2175	29	Pulse	5	918267	17935	2
2175	30	Picture	20	918403	0	1	4145	2	0	4000	other	0
2175	31	Picture	20	936474	0	1	4144	3	0	4000	other	0
2175	31	Pulse	5	938266	1792	2
2175	32	Picture	21	954529	0	182	4160	183	0	4000	miss	0
2175	32	Pulse	5	958256	3727	2
2175	33	Picture	20	972615	0	1	4145	2	0	4000	other	0
2175	33	Pulse	5	978256	5641	1
2175	34	Picture	20	990686	0	1	4145	2	0	4000	other	0
2175	34	Pulse	5	998255	7569	2
2175	35	Picture	21	1008757	0	1	4144	2	0	4000	miss	0
2175	35	Pulse	5	1018245	9488	2
2175	36	Pulse	5	1038244	11417	2
2175	37	Picture	10	1051861	0	1	4145	2	0	4000	other	0
2175	37	Pulse	5	1058244	6383	2
2175	38	Picture	10	1069932	0	1	4144	3	0	4000	other	0
2175	38	Pulse	5	1078233	8301	2
2175	39	Picture	11	1088003	0	1	4144	2	0	4000	miss	0
2175	39	Pulse	5	1098233	10230	2
2175	40	Picture	10	1106073	0	2	4145	3	0	4000	other	0
2175	40	Pulse	5	1118233	12160	1
2175	41	Picture	11	1124144	0	1	4145	2	0	4000	miss	0
2175	41	Pulse	5	1138222	14078	2
2175	42	Picture	10	1142215	0	1	4144	2	0	4000	other	0
2175	42	Pulse	5	1158222	16007	1
2175	43	Picture	10	1160285	0	2	4145	3	0	4000	other	0
2175	43	Pulse	5	1178221	17936	2
2175	44	Picture	10	1178356	0	1	4145	2	0	4000	other	0
2175	45	Picture	11	1196427	0	1	4144	3	0	4000	miss	0
2175	45	Pulse	5	1198211	1784	2
2175	46	Picture	10	1214498	0	1	4144	2	0	4000	other	0
2175	46	Pulse	5	1218210	3712	3
2175	47	Picture	10	1232568	0	2	4145	3	0	4000	other	0
2175	47	Pulse	5	1238210	5642	2
2175	48	Picture	11	1250639	0	1	4145	2	0	4000	miss	0
2175	48	Pulse	5	1258199	7560	2
2175	49	Picture	10	1268710	0	1	4144	3	0	4000	other	0
2175	49	Pulse	5	1278199	9489	2
2175	50	Picture	10	1286780	0	2	4145	3	0	4000	other	0
2175	50	Pulse	5	1298359	11579	1
2175	51	Picture	10	1304851	0	1	4145	2	0	4000	other	0
2175	51	Pulse	5	1318348	13497	2
2175	52	Picture	10	1322922	0	1	4145	2	0	4000	other	0
2175	52	Pulse	5	1338348	15426	1
2175	53	Pulse	5	1358348	17355	1
2175	54	Picture	30	1366026	0	2	4145	3	0	4000	other	0
2175	54	Pulse	5	1378337	12311	2
2175	55	Picture	30	1384097	0	1	4145	2	0	4000	other	0
2175	55	Pulse	5	1398336	14239	2
2175	56	Picture	31	1402168	0	1	4144	3	0	4000	miss	0
2175	56	Pulse	5	1418336	16168	2
2175	57	Picture	30	1420239	0	1	4144	2	0	4000	other	0
2175	58	Picture	30	1438309	0	2	4145	3	0	4000	other	0
2175	58	Pulse	5	1438325	16	2
2175	59	Picture	30	1456380	0	1	4145	2	0	4000	other	0
2175	59	Pulse	5	1458325	1945	2
2175	60	Picture	31	1474451	0	1	4144	3	0	4000	miss	0
2175	60	Pulse	5	1478325	3874	1
2175	61	Picture	31	1492522	0	1	4144	2	0	4000	miss	0
2175	61	Pulse	5	1498314	5792	2
2175	62	Picture	30	1510592	0	1	4145	2	0	4000	other	0
2175	62	Pulse	5	1518314	7722	2
2175	63	Picture	30	1528663	0	1	4145	2	0	4000	other	0
2175	63	Pulse	5	1538313	9650	2
2175	64	Picture	30	1546734	0	1	4144	3	0	4000	other	0
2175	64	Pulse	5	1558303	11569	2
2175	65	Picture	31	1564804	0	2	4145	3	0	4000	miss	0
2175	65	Pulse	5	1578302	13498	2
2175	66	Picture	30	1582875	0	1	4145	2	0	4000	other	0
2175	66	Pulse	5	1598302	15427	2
2175	67	Picture	30	1600946	0	1	4144	3	0	4000	other	0
2175	67	Pulse	5	1618292	17346	1
2175	68	Picture	30	1619017	0	1	4144	3	0	4000	other	0
2175	69	Picture	30	1637087	0	2	4145	3	0	4000	other	0
2175	69	Pulse	5	1638291	1204	2
2175	70	Pulse	5	1658291	3133	2
2175	70	Pulse	5	1678280	23122	3
2175	71	Picture	10	1680192	0	1	4144	3	0	4000	other	0
2175	72	Picture	10	1698263	0	1	4144	2	0	4000	other	0
2175	72	Pulse	5	1698280	17	2
2175	73	Picture	11	1716333	0	1	4145	2	0	4000	miss	0
2175	73	Pulse	5	1718279	1946	3
2175	74	Picture	10	1734404	0	1	4145	2	0	4000	other	0
2175	74	Pulse	5	1738269	3865	2
2175	75	Picture	11	1752475	0	1	4144	3	0	4000	miss	0
2175	75	Pulse	5	1758269	5794	1
2175	76	Picture	10	1770545	0	2	4145	3	0	4000	other	0
2175	76	Pulse	5	1778268	7723	2
2175	77	Picture	10	1788616	0	1	4145	2	0	4000	other	0
2175	77	Pulse	5	1798258	9642	1
2175	78	Picture	11	1806687	0	1	4145	2	0	4000	miss	0
2175	78	Pulse	5	1818257	11570	2
2175	79	Picture	10	1824757	0	2	4145	3	0	4000	other	0
2175	79	Pulse	5	1838257	13500	2
2175	80	Picture	10	1842828	0	2	4145	3	0	4000	other	0
2175	80	Pulse	5	1858246	15418	2
2175	81	Picture	10	1860899	0	1	4145	2	0	4000	other	0
2175	81	Pulse	5	1878246	17347	2
2175	82	Picture	10	1878970	0	1	4144	3	0	4000	other	0
2175	83	Picture	10	1897041	0	1	4144	2	0	4000	other	0
2175	83	Pulse	5	1898245	1204	2
2175	84	Picture	11	1915111	0	2	4145	3	0	4000	miss	0
2175	84	Pulse	5	1918235	3124	2
2175	85	Picture	10	1933182	0	1	4145	2	0	4000	other	0
2175	85	Pulse	5	1938235	5053	2
2175	86	Picture	10	1951253	0	1	4144	3	0	4000	other	0
2175	86	Pulse	5	1958234	6981	2
2175	87	Pulse	5	1978224	8900	1
2175	88	Picture	20	1994357	0	1	4145	2	0	4000	other	0
2175	88	Pulse	5	1998223	3866	2
2175	89	Picture	20	2012428	0	1	4145	2	0	4000	other	0
2175	89	Pulse	5	2018223	5795	2
2175	90	Picture	20	2030499	0	1	4144	3	0	4000	other	0
2175	90	Pulse	5	2038212	7713	2
2175	91	Picture	21	2048569	0	2	4145	3	0	4000	miss	0
2175	91	Pulse	5	2058212	9643	2
2175	92	Picture	20	2066640	0	1	4145	2	0	4000	other	0
2175	92	Pulse	5	2078211	11571	2
2175	93	Picture	20	2084711	0	1	4145	2	0	4000	other	0
2175	93	Pulse	5	2098201	13490	2
2175	94	Picture	21	2102782	0	1	4144	3	0	4000	miss	0
2175	94	Pulse	5	2118201	15419	1
2175	95	Picture	20	2120852	0	2	4145	3	0	4000	other	0
2175	95	Pulse	5	2138200	17348	2
2175	96	Picture	20	2138923	0	1	4145	2	0	4000	other	0
2175	97	Picture	20	2156994	0	1	4145	2	0	4000	other	0
2175	97	Pulse	5	2158190	1196	2
2175	98	Picture	21	2175065	0	1	4144	2	0	4000	miss	0
2175	98	Pulse	5	2178189	3124	3
2175	99	Picture	20	2193135	0	1	4145	2	0	4000	other	0
2175	99	Pulse	5	2198189	5054	2
2175	100	Picture	20	2211206	0	1	4145	2	0	4000	other	0
2175	100	Pulse	5	2218178	6972	2
2175	101	Picture	21	2229277	0	1	4144	3	0	4000	miss	0
2175	101	Pulse	5	2238178	8901	2
2175	102	Picture	20	2247347	0	2	4145	3	0	4000	other	0
2175	102	Pulse	5	2258178	10831	1
2175	103	Picture	20	2265418	0	2	4145	3	0	4000	other	0
2175	103	Pulse	5	2278167	12749	2
2175	104	Pulse	5	2298167	14678	1
2175	105	Picture	10	2308523	0	1	4144	3	0	4000	other	0
2175	105	Pulse	5	2318166	9643	2
2175	106	Picture	10	2326593	0	2	4145	3	0	4000	other	0
2175	106	Pulse	5	2338316	11723	2
2175	107	Picture	11	2344664	0	1	4145	2	0	4000	miss	0
2175	107	Pulse	5	2358315	13651	2
2175	108	Picture	10	2362735	0	1	4145	2	0	4000	other	0
2175	108	Pulse	5	2378314	15579	4
2175	109	Picture	11	2380806	0	1	4144	3	0	4000	miss	0
2175	109	Pulse	5	2398304	17498	5
2175	110	Picture	10	2398876	0	2	4145	3	0	4000	other	0
2175	111	Picture	10	2416947	0	1	4145	2	0	4000	other	0
2175	111	Pulse	5	2418304	1357	2
2175	112	Picture	11	2435018	0	1	4145	2	0	4000	miss	0
2175	112	Pulse	5	2438302	3284	6
2175	113	Picture	10	2453089	0	1	4144	3	0	4000	other	0
2175	113	Pulse	5	2458294	5205	1
2175	114	Picture	10	2471159	0	2	4145	3	0	4000	other	0
2175	114	Pulse	5	2478293	7134	2
2175	115	Picture	10	2489230	0	1	4145	2	0	4000	other	0
2175	115	Pulse	5	2498292	9062	2
2175	116	Picture	10	2507301	0	1	4144	3	0	4000	other	0
2175	116	Pulse	5	2518282	10981	2
2175	117	Picture	10	2525372	0	1	4144	2	0	4000	other	0
2175	117	Pulse	5	2538281	12909	2
2175	118	Picture	11	2543442	0	2	4145	3	0	4000	miss	0
2175	118	Pulse	5	2558281	14839	2
2175	119	Picture	10	2561513	0	1	4145	2	0	4000	other	0
2175	119	Pulse	5	2578271	16758	1
2175	120	Picture	10	2579584	0	1	4144	3	0	4000	other	0
2175	121	Pulse	5	2598270	616	2
2175	121	Pulse	5	2618270	20616	1
2175	122	Picture	30	2622688	0	2	4145	3	0	4000	other	0
2175	122	Pulse	5	2638259	15571	2
2175	123	Picture	30	2640759	0	1	4145	2	0	4000	other	0
2175	123	Pulse	5	2658259	17500	2
2175	124	Picture	30	2658830	0	1	4144	3	0	4000	other	0
2175	125	Picture	31	2676901	0	1	4144	2	0	4000	miss	0
2175	125	Pulse	5	2678249	1348	1
2175	126	Picture	31	2694971	0	1	4145	2	0	4000	miss	0
2175	126	Pulse	5	2698248	3277	2
2175	127	Picture	30	2713042	0	1	4145	2	0	4000	other	0
2175	127	Pulse	5	2718247	5205	2
2175	128	Picture	30	2731113	0	1	4144	3	0	4000	other	0
2175	128	Pulse	5	2738237	7124	2
2175	129	Picture	30	2749183	0	2	4145	3	0	4000	other	0
2175	129	Pulse	5	2758237	9054	1
2175	130	Picture	31	2767254	0	1	4145	2	0	4000	miss	0
2175	130	Pulse	5	2778236	10982	2
2175	131	Picture	30	2785325	0	2	4145	3	0	4000	other	0
2175	131	Pulse	5	2798226	12901	2
2175	132	Picture	30	2803396	0	1	4144	3	0	4000	other	0
2175	132	Pulse	5	2818225	14829	2
2175	133	Picture	30	2821466	0	2	4145	3	0	4000	other	0
2175	133	Pulse	5	2838225	16759	2
2175	134	Picture	30	2839537	0	1	4145	2	0	4000	other	0
2175	135	Picture	31	2857608	0	1	4144	3	0	4000	miss	0
2175	135	Pulse	5	2858214	606	2
2175	136	Picture	30	2875679	0	1	4144	2	0	4000	other	0
2175	136	Pulse	5	2878214	2535	2
2175	137	Picture	30	2893749	0	2	4144	4	0	4000	other	0
2175	137	Pulse	5	2898214	4465	1
