Scenario - 1-back
Logfile written - 03/12/2015 12:07:22

Subject	Trial	Event Type	Code	Time	TTime	Uncertainty	Duration	Uncertainty	ReqTime	ReqDur	Stim Type	Pair Index

2184	1	Pulse	5	180393	190227	2
2184	2	Pulse	5	200383	19894	2
2184	3	Picture	10	205523	0	1	4144	2	0	4000	other	0
2184	3	Pulse	5	220382	14859	2
2184	4	Picture	10	223593	0	2	4145	3	0	4000	other	0
2184	4	Pulse	5	240382	16789	2
2184	5	Picture	11	241664	0	1	4145	2	0	4000	hit	8
2184	5	Response	1	245022	3358	2
2184	6	Picture	10	259735	0	1	4145	2	0	4000	other	0
2184	6	Pulse	5	260372	637	1
2184	7	Picture	11	277806	0	1	4144	3	0	4000	hit	13
2184	7	Pulse	5	280371	2565	2
2184	7	Response	1	281811	4005	2
2184	8	Picture	10	295877	0	1	4144	2	0	4000	other	0
2184	8	Pulse	5	300371	4494	2
2184	9	Picture	10	313947	0	2	4145	3	0	4000	other	0
2184	9	Pulse	5	320360	6413	2
2184	10	Picture	10	332018	0	1	4145	2	0	4000	other	0
2184	10	Pulse	5	340360	8342	2
2184	11	Picture	11	350089	0	1	4145	2	0	4000	hit	21
2184	11	Response	1	354280	4191	2
2184	11	Pulse	5	360360	10271	2
2184	12	Picture	10	368160	0	1	4145	2	0	4000	other	0
2184	12	Pulse	5	380349	12189	3
2184	13	Picture	10	386231	0	1	4144	3	0	4000	other	0
2184	13	Pulse	5	400349	14118	2
2184	14	Picture	11	404302	0	1	4144	2	0	4000	hit	28
2184	14	Response	1	408029	3727	2
2184	14	Pulse	5	420349	16047	2
2184	15	Picture	10	422372	0	1	4145	2	0	4000	other	0
2184	15	Pulse	5	440338	17966	2
2184	16	Picture	10	440443	0	1	4145	2	0	4000	other	0
2184	17	Picture	10	458514	0	1	4145	2	0	4000	other	0
2184	17	Pulse	5	460338	1824	2
2184	18	Picture	10	476585	0	1	4144	3	0	4000	other	0
2184	18	Pulse	5	480337	3752	2
2184	19	Pulse	5	500327	5671	2
2184	20	Picture	20	519690	0	1	4144	2	0	4000	other	0
2184	20	Pulse	5	520327	637	2
2184	21	Picture	20	537760	0	2	4145	3	0	4000	other	0
2184	21	Pulse	5	540326	2566	2
2184	22	Picture	21	555831	0	1	4145	2	0	4000	hit	43
2184	22	Response	1	559356	3525	2
2184	22	Pulse	5	560316	4485	2
2184	23	Picture	20	573902	0	1	4145	2	0	4000	other	0
2184	23	Pulse	5	580316	6414	1
2184	24	Picture	20	591973	0	1	4144	3	0	4000	other	0
2184	24	Pulse	5	600316	8343	1
2184	25	Picture	20	610044	0	1	4144	3	0	4000	other	0
2184	25	Pulse	5	620305	10261	2
2184	26	Picture	21	628114	0	2	4145	3	0	4000	hit	52
2184	26	Response	1	632785	4671	1
2184	26	Pulse	5	640304	12190	2
2184	27	Picture	20	646185	0	1	4145	2	0	4000	other	0
2184	27	Pulse	5	660304	14119	2
2184	28	Picture	20	664256	0	1	4145	2	0	4000	other	0
2184	28	Pulse	5	680294	16038	2
2184	29	Picture	20	682327	0	1	4145	2	0	4000	other	0
2184	29	Pulse	5	700293	17966	2
2184	30	Picture	20	700398	0	1	4144	3	0	4000	other	0
2184	31	Picture	20	718468	0	2	4145	3	0	4000	false_alarm	63
2184	31	Pulse	5	720293	1825	2
2184	31	Response	1	722853	4385	2
2184	32	Picture	21	736539	0	2	4145	3	0	4000	miss	0
2184	32	Pulse	5	740283	3744	2
2184	33	Picture	20	754610	0	1	4145	2	0	4000	other	0
2184	33	Pulse	5	760282	5672	2
2184	34	Picture	20	772681	0	1	4145	2	0	4000	other	0
2184	34	Pulse	5	780282	7601	2
2184	35	Picture	21	790752	0	1	4144	3	0	4000	hit	71
2184	35	Response	1	794672	3920	1
2184	35	Pulse	5	800271	9519	2
2184	36	Pulse	5	820271	11448	2
2184	37	Picture	10	833856	0	2	4145	3	0	4000	other	0
2184	37	Pulse	5	840271	6415	2
2184	38	Picture	10	851927	0	2	4145	3	0	4000	other	0
2184	38	Pulse	5	860260	8333	3
2184	39	Picture	11	869998	0	1	4145	2	0	4000	hit	79
2184	39	Response	1	873702	3704	1
2184	39	Pulse	5	880260	10262	2
2184	40	Picture	10	888069	0	1	4145	2	0	4000	other	0
2184	40	Pulse	5	900260	12191	2
2184	41	Picture	11	906140	0	1	4144	3	0	4000	hit	84
2184	41	Response	1	911129	4989	2
2184	41	Pulse	5	920249	14109	2
2184	42	Picture	10	924211	0	1	4144	2	0	4000	other	0
2184	42	Pulse	5	940249	16038	2
2184	43	Picture	10	942281	0	2	4145	3	0	4000	other	0
2184	43	Pulse	5	960248	17967	2
2184	44	Picture	10	960352	0	1	4145	2	0	4000	other	0
2184	45	Picture	11	978423	0	1	4145	2	0	4000	hit	93
2184	45	Pulse	5	980239	1816	1
2184	45	Response	1	982159	3736	1
2184	46	Picture	10	996494	0	1	4144	3	0	4000	other	0
2184	46	Pulse	5	1000238	3744	2
2184	47	Picture	10	1014565	0	1	4144	3	0	4000	other	0
2184	47	Pulse	5	1020237	5672	2
2184	48	Picture	11	1032636	0	1	4144	2	0	4000	hit	99
2184	48	Response	1	1036547	3911	2
2184	48	Pulse	5	1040227	7591	2
2184	49	Picture	10	1050706	0	2	4145	3	0	4000	other	0
2184	49	Pulse	5	1060227	9521	1
2184	50	Picture	10	1068777	0	1	4145	2	0	4000	other	0
2184	50	Pulse	5	1080226	11449	2
2184	51	Picture	10	1086848	0	1	4145	2	0	4000	other	0
2184	51	Pulse	5	1100217	13369	1
2184	52	Picture	10	1104919	0	1	4144	3	0	4000	other	0
2184	52	Pulse	5	1120375	15456	2
2184	53	Pulse	5	1140375	17385	2
2184	54	Picture	30	1148023	0	2	4145	3	0	4000	other	0
2184	54	Pulse	5	1160365	12342	2
2184	55	Picture	30	1166094	0	1	4145	2	0	4000	other	0
2184	55	Pulse	5	1180364	14270	2
2184	56	Picture	31	1184165	0	1	4145	2	0	4000	hit	115
2184	56	Response	1	1192204	8039	2
2184	56	Pulse	5	1200364	16199	2
2184	57	Picture	30	1202236	0	1	4145	2	0	4000	other	0
2184	58	Picture	30	1220307	0	1	4144	3	0	4000	other	0
2184	58	Pulse	5	1220354	47	1
2184	59	Picture	30	1238378	0	1	4144	2	0	4000	other	0
2184	59	Pulse	5	1240353	1975	2
2184	60	Picture	31	1256448	0	2	4145	3	0	4000	hit	124
2184	60	Pulse	5	1260353	3905	2
2184	60	Response	1	1262273	5825	2
2184	61	Picture	31	1274519	0	1	4145	2	0	4000	miss	0
2184	61	Pulse	5	1280342	5823	2
2184	62	Picture	30	1292590	0	1	4145	2	0	4000	false_alarm	128
2184	62	Response	1	1297782	5192	2
2184	62	Pulse	5	1300342	7752	2
2184	63	Picture	30	1310661	0	1	4145	2	0	4000	other	0
2184	63	Pulse	5	1320342	9681	2
2184	64	Picture	30	1328731	0	2	4145	4	0	4000	other	0
2184	64	Pulse	5	1340331	11600	3
2184	65	Picture	31	1346802	0	2	4145	3	0	4000	hit	135
2184	65	Response	1	1351211	4409	2
2184	65	Pulse	5	1360331	13529	2
2184	66	Picture	30	1364873	0	2	4145	3	0	4000	other	0
2184	66	Pulse	5	1380330	15457	3
2184	67	Picture	30	1382944	0	1	4145	2	0	4000	other	0
2184	67	Pulse	5	1400320	17376	2
2184	68	Picture	30	1401015	0	1	4145	2	0	4000	other	0
2184	69	Picture	30	1419086	0	1	4144	3	0	4000	other	0
2184	69	Pulse	5	1420320	1234	2
2184	70	Pulse	5	1440319	3162	2
2184	70	Pulse	5	1460309	23152	2
2184	71	Picture	10	1462190	0	2	4145	3	0	4000	other	0
2184	72	Picture	10	1480261	0	1	4145	2	0	4000	other	0
2184	72	Pulse	5	1480309	48	2
2184	73	Picture	11	1498332	0	1	4145	2	0	4000	hit	151
2184	73	Pulse	5	1500309	1977	1
2184	73	Response	1	1502708	4376	2
2184	74	Picture	10	1516403	0	1	4145	2	0	4000	other	0
2184	74	Pulse	5	1520298	3895	2
2184	75	Picture	11	1534474	0	1	4144	3	0	4000	hit	155
2184	75	Response	1	1538538	4064	1
2184	75	Pulse	5	1540298	5824	1
2184	76	Picture	10	1552544	0	2	4145	3	0	4000	other	0
2184	76	Pulse	5	1560297	7753	2
2184	77	Picture	10	1570615	0	2	4145	3	0	4000	other	0
2184	77	Pulse	5	1580287	9672	2
2184	78	Picture	11	1588686	0	1	4145	2	0	4000	hit	162
2184	78	Response	1	1593407	4721	1
2184	78	Pulse	5	1600286	11600	2
2184	79	Picture	10	1606757	0	1	4145	2	0	4000	other	0
2184	79	Pulse	5	1620286	13529	2
2184	80	Picture	10	1624828	0	1	4145	2	0	4000	other	0
2184	80	Pulse	5	1640276	15448	1
2184	81	Picture	10	1642899	0	1	4144	3	0	4000	other	0
2184	81	Pulse	5	1660275	17376	2
2184	82	Picture	10	1660970	0	1	4144	2	0	4000	other	0
2184	83	Picture	10	1679040	0	1	4145	3	0	4000	other	0
2184	83	Pulse	5	1680275	1235	2
2184	84	Picture	11	1697111	0	1	4145	2	0	4000	hit	175
2184	84	Pulse	5	1700265	3154	1
2184	84	Response	1	1701065	3954	1
2184	85	Picture	10	1715182	0	1	4145	2	0	4000	other	0
2184	85	Pulse	5	1720265	5083	1
2184	86	Picture	10	1733253	0	1	4144	3	0	4000	other	0
2184	86	Pulse	5	1740265	7012	1
2184	87	Pulse	5	1760254	8931	1
2184	88	Picture	20	1776357	0	2	4145	3	0	4000	other	0
2184	88	Pulse	5	1780253	3896	2
2184	89	Picture	20	1794428	0	2	4145	3	0	4000	other	0
2184	89	Pulse	5	1800253	5825	1
2184	90	Picture	20	1812499	0	1	4145	2	0	4000	other	0
2184	90	Pulse	5	1820242	7743	3
2184	91	Picture	21	1830570	0	1	4145	2	0	4000	hit	188
2184	91	Response	1	1834162	3592	2
2184	91	Pulse	5	1840242	9672	2
2184	92	Picture	20	1848641	0	1	4144	3	0	4000	other	0
2184	92	Pulse	5	1860242	11601	2
2184	93	Picture	20	1866712	0	1	4144	3	0	4000	other	0
2184	93	Pulse	5	1880231	13519	2
2184	94	Picture	21	1884782	0	2	4145	3	0	4000	hit	195
2184	94	Response	1	1888551	3769	2
2184	94	Pulse	5	1900231	15449	2
2184	95	Picture	20	1902853	0	1	4145	2	0	4000	other	0
2184	95	Pulse	5	1920230	17377	2
2184	96	Picture	20	1920924	0	1	4145	2	0	4000	other	0
2184	97	Picture	20	1938995	0	1	4145	2	0	4000	other	0
2184	97	Pulse	5	1940220	1225	2
2184	98	Picture	21	1957066	0	1	4144	3	0	4000	hit	204
2184	98	Pulse	5	1960220	3154	1
2184	98	Response	1	1960380	3314	1
2184	99	Picture	20	1975136	0	2	4145	3	0	4000	other	0
2184	99	Pulse	5	1980219	5083	2
2184	100	Picture	20	1993207	0	2	4145	3	0	4000	other	0
2184	100	Pulse	5	2000210	7003	1
2184	101	Picture	21	2011278	0	1	4145	2	0	4000	hit	210
2184	101	Response	1	2014769	3491	1
2184	101	Pulse	5	2020209	8931	1
2184	102	Picture	20	2029349	0	1	4145	2	0	4000	other	0
2184	102	Pulse	5	2040208	10859	2
2184	103	Picture	20	2047420	0	1	4145	2	0	4000	other	0
2184	103	Pulse	5	2060198	12778	2
2184	104	Pulse	5	2080197	14706	2
2184	105	Picture	10	2090525	0	1	4144	2	0	4000	other	0
2184	105	Pulse	5	2100197	9672	2
2184	106	Picture	10	2108595	0	2	4145	3	0	4000	other	0
2184	106	Pulse	5	2120187	11592	1
2184	107	Picture	11	2126666	0	1	4145	2	0	4000	hit	222
2184	107	Response	1	2131066	4400	2
2184	107	Pulse	5	2140186	13520	2
2184	108	Picture	10	2144737	0	1	4145	2	0	4000	other	0
2184	108	Pulse	5	2160347	15610	1
2184	109	Picture	11	2162808	0	1	4144	3	0	4000	hit	227
2184	109	Response	1	2167536	4728	2
2184	109	Pulse	5	2180336	17528	1
2184	110	Picture	10	2180879	0	1	4144	2	0	4000	other	0
2184	111	Picture	10	2198949	0	2	4145	3	0	4000	other	0
2184	111	Pulse	5	2200335	1386	2
2184	112	Picture	11	2217020	0	1	4145	3	0	4000	hit	234
2184	112	Pulse	5	2220335	3315	2
2184	112	Response	1	2221135	4115	2
2184	113	Picture	10	2235091	0	1	4145	2	0	4000	other	0
2184	113	Pulse	5	2240325	5234	1
2184	114	Picture	10	2253162	0	1	4145	2	0	4000	other	0
2184	114	Pulse	5	2260324	7162	2
2184	115	Picture	10	2271233	0	3	4144	5	0	4000	other	0
2184	115	Pulse	5	2280316	9083	10
2184	116	Picture	10	2289303	0	2	4145	3	0	4000	other	0
2184	116	Pulse	5	2300313	11010	3
2184	117	Picture	10	2307374	0	1	4145	2	0	4000	other	0
2184	117	Pulse	5	2320313	12939	2
2184	118	Picture	11	2325445	0	1	4145	2	0	4000	hit	246
2184	118	Response	1	2328793	3348	2
2184	118	Pulse	5	2340312	14867	3
2184	119	Picture	10	2343516	0	1	4145	2	0	4000	other	0
2184	119	Pulse	5	2360302	16786	2
2184	120	Picture	10	2361587	0	1	4144	3	0	4000	other	0
2184	121	Pulse	5	2380302	644	2
2184	121	Pulse	5	2400301	20643	2
2184	122	Picture	30	2404691	0	2	4145	3	0	4000	other	0
2184	122	Pulse	5	2420291	15600	2
2184	123	Picture	30	2422762	0	1	4145	2	0	4000	other	0
2184	123	Pulse	5	2440291	17529	1
2184	124	Picture	30	2440833	0	1	4145	2	0	4000	other	0
2184	125	Picture	31	2458904	0	1	4145	2	0	4000	miss	0
2184	125	Pulse	5	2460291	1387	1
2184	126	Picture	31	2476975	0	1	4144	3	0	4000	hit	261
2184	126	Response	1	2478200	1225	2
2184	126	Pulse	5	2480280	3305	2
2184	127	Picture	30	2495046	0	1	4143	4	0	4000	other	0
2184	127	Pulse	5	2500279	5233	2
2184	128	Picture	30	2513116	0	2	4145	3	0	4000	other	0
2184	128	Pulse	5	2520279	7163	2
2184	129	Picture	30	2531187	0	1	4145	2	0	4000	other	0
2184	129	Pulse	5	2540269	9082	2
2184	130	Picture	31	2549258	0	1	4145	2	0	4000	hit	270
2184	130	Response	1	2555468	6210	2
2184	130	Pulse	5	2560268	11010	2
2184	131	Picture	30	2567329	0	1	4144	3	0	4000	other	0
2184	131	Pulse	5	2580268	12939	2
2184	132	Picture	30	2585400	0	1	4144	3	0	4000	other	0
2184	132	Pulse	5	2600258	14858	1
2184	133	Picture	30	2603470	0	2	4145	3	0	4000	other	0
2184	133	Pulse	5	2620257	16787	2
2184	134	Picture	30	2621541	0	1	4145	2	0	4000	other	0
2184	135	Picture	31	2639612	0	1	4145	2	0	4000	hit	281
2184	135	Pulse	5	2640257	645	2
2184	135	Response	1	2644257	4645	2
2184	136	Picture	30	2657683	0	1	4145	2	0	4000	other	0
2184	136	Pulse	5	2660247	2564	1
2184	137	Picture	30	2675754	0	1	4144	3	0	4000	false_alarm	286
2184	137	Pulse	5	2680246	4492	2
2184	137	Response	1	2680726	4972	2
