Scenario - 1-back
Logfile written - 03/12/2015 12:11:53

Subject	Trial	Event Type	Code	Time	TTime	Uncertainty	Duration	Uncertainty	ReqTime	ReqDur	Stim Type	Pair Index

2184	1	Pulse	5	177668	187502	2
2184	2	Pulse	5	197669	19833	1
2184	3	Picture	10	202870	0	1	4145	2	0	4000	other	0
2184	3	Pulse	5	217668	14798	2
2184	4	Picture	10	220941	0	1	4145	2	0	4000	other	0
2184	4	Pulse	5	237657	16716	2
2184	5	Picture	11	239012	0	1	4144	3	0	4000	hit	8
2184	5	Response	1	243097	4085	2
2184	6	Picture	10	257083	0	1	4144	2	0	4000	other	0
2184	6	Pulse	5	257657	574	2
2184	7	Picture	11	275153	0	2	4145	3	0	4000	hit	13
2184	7	Pulse	5	277656	2503	2
2184	7	Response	1	279096	3943	2
2184	8	Picture	10	293224	0	1	4145	2	0	4000	other	0
2184	8	Pulse	5	297646	4422	2
2184	9	Picture	10	311295	0	1	4145	2	0	4000	other	0
2184	9	Pulse	5	317646	6351	2
2184	10	Picture	10	329366	0	1	4145	2	0	4000	other	0
2184	10	Pulse	5	337645	8279	2
2184	11	Picture	11	347437	0	1	4144	3	0	4000	hit	21
2184	11	Response	1	350595	3158	2
2184	11	Pulse	5	357635	10198	2
2184	12	Picture	10	365507	0	2	4145	3	0	4000	other	0
2184	12	Pulse	5	377635	12128	1
2184	13	Picture	10	383578	0	1	4145	2	0	4000	other	0
2184	13	Pulse	5	397634	14056	2
2184	14	Picture	11	401649	0	1	4145	2	0	4000	hit	28
2184	14	Response	1	405634	3985	2
2184	14	Pulse	5	417624	15975	2
2184	15	Picture	10	419720	0	1	4145	2	0	4000	other	0
2184	15	Pulse	5	437624	17904	1
2184	16	Picture	10	437791	0	1	4144	3	0	4000	other	0
2184	17	Picture	10	455862	0	1	4144	2	0	4000	other	0
2184	17	Pulse	5	457623	1761	2
2184	18	Picture	10	473932	0	2	4145	3	0	4000	false_alarm	37
2184	18	Pulse	5	477613	3681	2
2184	18	Response	1	478093	4161	2
2184	19	Pulse	5	497612	5609	3
2184	20	Picture	30	517037	0	1	4145	2	0	4000	other	0
2184	20	Pulse	5	517612	575	2
2184	21	Picture	30	535108	0	1	4145	2	0	4000	other	0
2184	21	Pulse	5	537602	2494	1
2184	22	Picture	31	553179	0	1	4144	3	0	4000	hit	44
2184	22	Response	1	557441	4262	2
2184	22	Pulse	5	557601	4422	2
2184	23	Picture	30	571250	0	1	4144	3	0	4000	other	0
2184	23	Pulse	5	577601	6351	2
2184	24	Picture	30	589320	0	2	4145	3	0	4000	other	0
2184	24	Pulse	5	597590	8270	2
2184	25	Picture	30	607391	0	1	4145	2	0	4000	other	0
2184	25	Pulse	5	617590	10199	2
2184	26	Picture	31	625462	0	1	4145	2	0	4000	hit	53
2184	26	Response	1	631990	6528	2
2184	26	Pulse	5	637590	12128	2
2184	27	Picture	31	643533	0	1	4144	3	0	4000	hit	56
2184	27	Response	1	651819	8286	2
2184	27	Pulse	5	657579	14046	2
2184	28	Picture	30	661604	0	1	4144	3	0	4000	other	0
2184	28	Pulse	5	677580	15976	1
2184	29	Picture	30	679675	0	1	4144	3	0	4000	other	0
2184	29	Pulse	5	697579	17904	1
2184	30	Picture	30	697745	0	1	4145	2	0	4000	other	0
2184	31	Picture	31	715816	0	1	4145	2	0	4000	hit	65
2184	31	Pulse	5	717568	1752	2
2184	31	Response	1	720768	4952	2
2184	32	Picture	30	733887	0	1	4145	2	0	4000	other	0
2184	32	Pulse	5	737568	3681	2
2184	33	Picture	30	751958	0	1	4144	3	0	4000	other	0
2184	33	Pulse	5	757567	5609	2
2184	34	Picture	30	770029	0	1	4144	2	0	4000	other	0
2184	34	Pulse	5	777557	7528	2
2184	35	Picture	30	788099	0	2	4145	3	0	4000	other	0
2184	35	Pulse	5	797557	9458	2
2184	36	Pulse	5	817557	11387	1
2184	37	Picture	10	831204	0	1	4145	2	0	4000	other	0
2184	37	Pulse	5	837706	6502	2
2184	38	Picture	10	849275	0	1	4145	2	0	4000	other	0
2184	38	Pulse	5	857706	8431	1
2184	39	Picture	11	867346	0	1	4144	3	0	4000	hit	80
2184	39	Response	1	871465	4119	2
2184	39	Pulse	5	877705	10359	2
2184	40	Picture	10	885417	0	1	4144	2	0	4000	other	0
2184	40	Pulse	5	897695	12278	2
2184	41	Picture	11	903487	0	2	4145	3	0	4000	hit	85
2184	41	Response	1	907455	3968	2
2184	41	Pulse	5	917694	14207	2
2184	42	Picture	10	921558	0	1	4145	2	0	4000	other	0
2184	42	Pulse	5	937694	16136	2
2184	43	Picture	10	939629	0	1	4145	2	0	4000	other	0
2184	43	Pulse	5	957684	18055	2
2184	44	Picture	10	957700	0	1	4144	3	0	4000	other	0
2184	45	Picture	11	975771	0	1	4144	3	0	4000	hit	94
2184	45	Pulse	5	977683	1912	3
2184	45	Response	1	980723	4952	3
2184	46	Picture	10	993842	0	1	4144	2	0	4000	other	0
2184	46	Pulse	5	997683	3841	2
2184	47	Picture	10	1011912	0	2	4145	3	0	4000	other	0
2184	47	Pulse	5	1017673	5761	1
2184	48	Picture	11	1029983	0	1	4145	2	0	4000	hit	100
2184	48	Response	1	1033832	3849	2
2184	48	Pulse	5	1037672	7689	2
2184	49	Picture	10	1048054	0	1	4145	2	0	4000	other	0
2184	49	Pulse	5	1057672	9618	2
2184	50	Picture	10	1066125	0	1	4144	3	0	4000	other	0
2184	50	Pulse	5	1077661	11536	2
2184	51	Picture	10	1084196	0	1	4144	2	0	4000	other	0
2184	51	Pulse	5	1097661	13465	2
2184	52	Picture	10	1102266	0	2	4145	3	0	4000	other	0
2184	52	Pulse	5	1117661	15395	1
2184	53	Pulse	5	1137651	17314	1
2184	54	Picture	20	1145371	0	1	4145	2	0	4000	other	0
2184	54	Pulse	5	1157650	12279	2
2184	55	Picture	20	1163442	0	1	4145	2	0	4000	other	0
2184	55	Pulse	5	1177650	14208	1
2184	56	Picture	21	1181513	0	1	4145	2	0	4000	hit	116
2184	56	Response	1	1186439	4926	2
2184	56	Pulse	5	1197639	16126	2
2184	57	Picture	20	1199584	0	1	4144	2	0	4000	other	0
2184	57	Pulse	5	1217639	18055	2
2184	58	Picture	20	1217654	0	2	4145	4	0	4000	other	0
2184	59	Picture	20	1235725	0	1	4145	2	0	4000	other	0
2184	59	Pulse	5	1237638	1913	2
2184	60	Picture	21	1253796	0	1	4145	2	0	4000	hit	124
2184	60	Response	1	1257308	3512	2
2184	60	Pulse	5	1257628	3832	2
2184	61	Picture	20	1271867	0	1	4145	2	0	4000	other	0
2184	61	Pulse	5	1277628	5761	1
2184	62	Picture	20	1289938	0	1	4144	3	0	4000	other	0
2184	62	Pulse	5	1297628	7690	1
2184	63	Picture	20	1308009	0	1	4144	2	0	4000	other	0
2184	63	Pulse	5	1317617	9608	2
2184	64	Picture	20	1326079	0	2	4145	3	0	4000	other	0
2184	64	Pulse	5	1337617	11538	1
2184	65	Picture	20	1344150	0	1	4145	2	0	4000	other	0
2184	65	Pulse	5	1357616	13466	2
2184	66	Picture	21	1362221	0	1	4145	2	0	4000	hit	137
2184	66	Response	1	1369126	6905	2
2184	66	Pulse	5	1377606	15385	2
2184	67	Picture	20	1380292	0	1	4144	3	0	4000	other	0
2184	67	Pulse	5	1397605	17313	2
2184	68	Picture	20	1398363	0	1	4144	3	0	4000	other	0
2184	69	Picture	21	1416433	0	2	4145	3	0	4000	hit	144
2184	69	Pulse	5	1417605	1172	2
2184	69	Response	1	1422885	6452	2
2184	70	Pulse	5	1437595	3091	2
2184	70	Pulse	5	1457594	23090	3
2184	71	Picture	10	1459538	0	1	4145	2	0	4000	other	0
2184	71	Pulse	5	1477594	18056	2
2184	72	Picture	10	1477609	0	1	4145	3	0	4000	other	0
2184	73	Picture	11	1495680	0	1	4144	3	0	4000	hit	152
2184	73	Pulse	5	1497584	1904	1
2184	73	Response	1	1499823	4143	2
2184	74	Picture	10	1513751	0	1	4144	2	0	4000	other	0
2184	74	Pulse	5	1517583	3832	2
2184	75	Picture	11	1531821	0	2	4145	3	0	4000	hit	156
2184	75	Response	1	1536303	4482	2
2184	75	Pulse	5	1537584	5763	1
2184	76	Picture	10	1549892	0	1	4145	2	0	4000	other	0
2184	76	Pulse	5	1557572	7680	2
2184	77	Picture	10	1567963	0	1	4145	2	0	4000	other	0
2184	77	Pulse	5	1577572	9609	2
2184	78	Picture	11	1586034	0	1	4145	2	0	4000	hit	163
2184	78	Response	1	1590052	4018	2
2184	78	Pulse	5	1597572	11538	2
2184	79	Picture	10	1604105	0	1	4144	3	0	4000	other	0
2184	79	Pulse	5	1617561	13456	2
2184	80	Picture	10	1622176	0	1	4144	2	0	4000	other	0
2184	80	Pulse	5	1637561	15385	2
2184	81	Picture	10	1640246	0	1	4145	2	0	4000	other	0
2184	81	Pulse	5	1657561	17315	1
2184	82	Picture	10	1658317	0	1	4145	2	0	4000	other	0
2184	83	Picture	10	1676388	0	1	4145	2	0	4000	other	0
2184	83	Pulse	5	1677550	1162	2
2184	84	Picture	11	1694459	0	1	4144	3	0	4000	hit	176
2184	84	Pulse	5	1697550	3091	2
2184	84	Response	1	1699150	4691	2
2184	85	Picture	10	1712530	0	1	4144	2	0	4000	other	0
2184	85	Pulse	5	1717549	5019	2
2184	86	Picture	10	1730600	0	2	4145	3	0	4000	other	0
2184	86	Pulse	5	1737539	6939	2
2184	87	Pulse	5	1757539	8868	2
2184	88	Picture	30	1773705	0	1	4145	2	0	4000	other	0
2184	88	Pulse	5	1777538	3833	2
2184	89	Picture	30	1791776	0	1	4145	2	0	4000	other	0
2184	89	Pulse	5	1797528	5752	2
2184	90	Picture	30	1809847	0	1	4144	3	0	4000	other	0
2184	90	Pulse	5	1817528	7681	1
2184	91	Picture	31	1827918	0	1	4144	2	0	4000	hit	189
2184	91	Response	1	1831927	4009	2
2184	91	Pulse	5	1837527	9609	2
2184	92	Picture	31	1845988	0	2	4145	3	0	4000	hit	192
2184	92	Response	1	1851757	5769	2
2184	92	Pulse	5	1857517	11529	2
2184	93	Picture	30	1864059	0	1	4145	2	0	4000	other	0
2184	93	Pulse	5	1877676	13617	2
2184	94	Picture	30	1882130	0	1	4145	2	0	4000	other	0
2184	94	Pulse	5	1897676	15546	2
2184	95	Picture	30	1900201	0	1	4145	2	0	4000	other	0
2184	95	Pulse	5	1917666	17465	2
2184	96	Picture	31	1918272	0	1	4144	3	0	4000	hit	201
2184	96	Response	1	1921986	3714	2
2184	97	Picture	30	1936342	0	2	4145	3	0	4000	other	0
2184	97	Pulse	5	1937665	1323	3
2184	98	Picture	30	1954413	0	2	4145	3	0	4000	other	0
2184	98	Pulse	5	1957665	3252	2
2184	99	Picture	30	1972484	0	1	4145	2	0	4000	other	0
2184	99	Pulse	5	1977655	5171	1
2184	100	Picture	30	1990555	0	1	4145	2	0	4000	other	0
2184	100	Pulse	5	1997654	7099	2
2184	101	Picture	31	2008626	0	1	4144	3	0	4000	hit	211
2184	101	Response	1	2012374	3748	2
2184	101	Pulse	5	2017654	9028	2
2184	102	Picture	30	2026697	0	1	4144	3	0	4000	other	0
2184	102	Pulse	5	2037643	10946	2
2184	103	Picture	30	2044767	0	2	4145	3	0	4000	other	0
2184	103	Pulse	5	2057643	12876	2
2184	104	Pulse	5	2077643	14805	1
2184	105	Picture	10	2087872	0	1	4145	2	0	4000	other	0
2184	105	Pulse	5	2097632	9760	2
2184	106	Picture	10	2105943	0	1	4145	2	0	4000	other	0
2184	106	Pulse	5	2117632	11689	2
2184	107	Picture	11	2124014	0	1	4144	3	0	4000	hit	223
2184	107	Response	1	2128672	4658	2
2184	107	Pulse	5	2137632	13618	1
2184	108	Picture	10	2142085	0	1	4144	2	0	4000	other	0
2184	108	Pulse	5	2157621	15536	2
2184	109	Picture	11	2160155	0	2	4145	3	0	4000	hit	228
2184	109	Response	1	2164501	4346	2
2184	109	Pulse	5	2177621	17466	2
2184	110	Picture	10	2178226	0	1	4145	2	0	4000	other	0
2184	111	Picture	10	2196297	0	1	4145	2	0	4000	other	0
2184	111	Pulse	5	2197620	1323	2
2184	112	Picture	11	2214368	0	1	4145	2	0	4000	hit	235
2184	112	Pulse	5	2217610	3242	2
2184	112	Response	1	2218890	4522	2
2184	113	Picture	10	2232439	0	1	4144	3	0	4000	other	0
2184	113	Pulse	5	2237610	5171	1
2184	114	Picture	10	2250510	0	1	4144	2	0	4000	other	0
2184	114	Pulse	5	2257609	7099	2
2184	115	Picture	10	2268580	0	2	4145	3	0	4000	other	0
2184	115	Pulse	5	2277599	9019	2
2184	116	Picture	10	2286651	0	1	4145	2	0	4000	other	0
2184	116	Pulse	5	2297599	10948	1
2184	117	Picture	10	2304722	0	1	4145	2	0	4000	other	0
2184	117	Pulse	5	2317598	12876	2
2184	118	Picture	11	2322793	0	1	4144	3	0	4000	hit	247
2184	118	Response	1	2327668	4875	2
2184	118	Pulse	5	2337588	14795	2
2184	119	Picture	10	2340864	0	1	4144	3	0	4000	other	0
2184	119	Pulse	5	2357587	16723	2
2184	120	Picture	10	2358934	0	2	4145	3	0	4000	other	0
2184	121	Pulse	5	2377587	582	2
2184	121	Pulse	5	2397577	20572	2
2184	122	Picture	20	2402039	0	1	4145	2	0	4000	other	0
2184	122	Pulse	5	2417576	15537	3
2184	123	Picture	20	2420110	0	1	4145	2	0	4000	other	0
2184	123	Pulse	5	2437576	17466	2
2184	124	Picture	20	2438181	0	1	4144	3	0	4000	other	0
2184	125	Picture	21	2456252	0	1	4144	3	0	4000	hit	261
2184	125	Pulse	5	2457565	1313	2
2184	125	Response	1	2459645	3393	2
2184	126	Picture	20	2474322	0	2	4145	3	0	4000	other	0
2184	126	Pulse	5	2477565	3243	2
2184	127	Picture	20	2492393	0	1	4145	2	0	4000	other	0
2184	127	Pulse	5	2497565	5172	2
2184	128	Picture	21	2510464	0	1	4145	2	0	4000	hit	267
2184	128	Response	1	2514194	3730	2
2184	128	Pulse	5	2517554	7090	2
2184	129	Picture	20	2528534	0	2	4146	3	0	4000	other	0
2184	129	Pulse	5	2537554	9020	2
2184	130	Picture	20	2546606	0	1	4144	3	0	4000	other	0
2184	130	Pulse	5	2557554	10948	1
2184	131	Picture	20	2564676	0	2	4145	3	0	4000	other	0
2184	131	Pulse	5	2577543	12867	2
2184	132	Picture	21	2582747	0	1	4145	2	0	4000	hit	276
2184	132	Response	1	2587303	4556	2
2184	132	Pulse	5	2597543	14796	2
2184	133	Picture	20	2600818	0	1	4145	2	0	4000	other	0
2184	133	Pulse	5	2617542	16724	2
2184	134	Picture	20	2618889	0	1	4145	2	0	4000	other	0
2184	135	Picture	21	2636960	0	1	4144	3	0	4000	hit	283
2184	135	Pulse	5	2637532	572	2
2184	135	Response	1	2641372	4412	2
2184	136	Picture	20	2655031	0	1	4144	2	0	4000	other	0
2184	136	Pulse	5	2657532	2501	2
2184	137	Picture	20	2673101	0	2	4145	3	0	4000	other	0
2184	137	Pulse	5	2677531	4430	2
