Scenario - 1-back
Logfile written - 03/12/2015 12:02:50

Subject	Trial	Event Type	Code	Time	TTime	Uncertainty	Duration	Uncertainty	ReqTime	ReqDur	Stim Type	Pair Index

2184	1	Pulse	5	280863	290697	2
2184	2	Pulse	5	300863	19907	2
2184	3	Picture	10	305990	0	1	4144	3	0	4000	other	0
2184	3	Pulse	5	320853	14863	2
2184	4	Picture	10	324061	0	1	4144	2	0	4000	other	0
2184	4	Pulse	5	340852	16791	3
2184	5	Picture	11	342131	0	1	4145	2	0	4000	hit	8
2184	5	Response	1	346452	4321	3
2184	6	Picture	10	360202	0	1	4145	2	0	4000	other	0
2184	6	Pulse	5	360852	650	2
2184	7	Picture	11	378273	0	1	4145	2	0	4000	hit	13
2184	7	Pulse	5	380841	2568	2
2184	7	Response	1	382121	3848	2
2184	8	Picture	10	396344	0	1	4144	3	0	4000	other	0
2184	8	Pulse	5	400841	4497	2
2184	9	Picture	10	414415	0	1	4144	2	0	4000	other	0
2184	9	Pulse	5	420841	6426	2
2184	10	Picture	10	432485	0	2	4145	3	0	4000	other	0
2184	10	Pulse	5	440831	8346	1
2184	11	Picture	11	450556	0	1	4145	2	0	4000	hit	21
2184	11	Response	1	455070	4514	2
2184	11	Pulse	5	460831	10275	1
2184	12	Picture	10	468627	0	1	4145	2	0	4000	other	0
2184	12	Pulse	5	480830	12203	1
2184	13	Picture	10	486698	0	1	4145	2	0	4000	other	0
2184	13	Pulse	5	500819	14121	2
2184	14	Picture	11	504769	0	1	4144	2	0	4000	hit	28
2184	14	Response	1	508179	3410	2
2184	14	Pulse	5	520819	16050	2
2184	15	Picture	10	522839	0	2	4145	3	0	4000	other	0
2184	15	Pulse	5	540818	17979	2
2184	16	Picture	10	540910	0	2	4145	3	0	4000	other	0
2184	17	Picture	10	558981	0	1	4145	2	0	4000	other	0
2184	17	Pulse	5	560808	1827	2
2184	18	Picture	10	577052	0	1	4145	2	0	4000	other	0
2184	18	Pulse	5	580808	3756	2
2184	19	Pulse	5	600807	5684	2
2184	20	Picture	30	620157	0	1	4144	2	0	4000	other	0
2184	20	Pulse	5	620797	640	2
2184	21	Picture	30	638227	0	2	4145	3	0	4000	other	0
2184	21	Pulse	5	640797	2570	1
2184	22	Picture	31	656298	0	1	4145	2	0	4000	hit	44
2184	22	Pulse	5	660796	4498	2
2184	22	Response	1	660956	4658	2
2184	23	Picture	30	674369	0	1	4145	2	0	4000	other	0
2184	23	Pulse	5	680786	6417	2
2184	24	Picture	30	692440	0	1	4145	2	0	4000	other	0
2184	24	Pulse	5	700785	8345	2
2184	25	Picture	30	710511	0	1	4144	3	0	4000	other	0
2184	25	Pulse	5	720786	10275	1
2184	26	Picture	31	728582	0	1	4144	2	0	4000	hit	52
2184	26	Response	1	732455	3873	2
2184	26	Pulse	5	740775	12193	2
2184	27	Picture	31	746652	0	1	4145	2	0	4000	hit	55
2184	27	Response	1	750374	3722	2
2184	27	Pulse	5	760774	14122	2
2184	28	Picture	30	764723	0	1	4145	2	0	4000	other	0
2184	28	Pulse	5	780774	16051	2
2184	29	Picture	30	782794	0	1	4145	2	0	4000	other	0
2184	29	Pulse	5	800763	17969	3
2184	30	Picture	30	800865	0	1	4144	3	0	4000	other	0
2184	31	Picture	31	818936	0	1	4144	2	0	4000	hit	64
2184	31	Pulse	5	820763	1827	3
2184	31	Response	1	822363	3427	3
2184	32	Picture	30	837006	0	2	4145	3	0	4000	other	0
2184	32	Pulse	5	840763	3757	2
2184	33	Picture	30	855077	0	1	4145	2	0	4000	false_alarm	68
2184	33	Response	1	859472	4395	2
2184	33	Pulse	5	860752	5675	2
2184	34	Picture	30	873148	0	1	4145	2	0	4000	other	0
2184	34	Pulse	5	880752	7604	2
2184	35	Picture	30	891219	0	1	4145	2	0	4000	other	0
2184	35	Pulse	5	900752	9533	2
2184	36	Pulse	5	920741	11451	2
2184	37	Picture	10	934324	0	1	4144	2	0	4000	other	0
2184	37	Pulse	5	940741	6417	2
2184	38	Picture	10	952394	0	2	4145	3	0	4000	other	0
2184	38	Pulse	5	960741	8347	1
2184	39	Picture	11	970465	0	1	4145	2	0	4000	hit	80
2184	39	Response	1	974490	4025	2
2184	39	Pulse	5	980730	10265	2
2184	40	Picture	10	988536	0	1	4145	2	0	4000	other	0
2184	40	Pulse	5	1000730	12194	2
2184	41	Picture	11	1006607	0	1	4145	2	0	4000	hit	85
2184	41	Response	1	1013210	6603	1
2184	41	Pulse	5	1020729	14122	2
2184	42	Picture	10	1024678	0	1	4144	2	0	4000	other	0
2184	42	Pulse	5	1040719	16041	2
2184	43	Picture	10	1042748	0	2	4145	3	0	4000	other	0
2184	43	Pulse	5	1060719	17971	2
2184	44	Picture	10	1060819	0	1	4145	2	0	4000	other	0
2184	45	Picture	11	1078890	0	1	4145	2	0	4000	hit	94
2184	45	Pulse	5	1080718	1828	2
2184	45	Response	1	1082319	3429	1
2184	46	Picture	10	1096961	0	1	4145	2	0	4000	other	0
2184	46	Pulse	5	1100707	3746	17
2184	47	Picture	10	1115032	0	1	4144	3	0	4000	other	0
2184	47	Pulse	5	1120708	5676	1
2184	48	Picture	11	1133102	0	2	4145	3	0	4000	hit	100
2184	48	Response	1	1136547	3445	2
2184	48	Pulse	5	1140707	7605	2
2184	49	Picture	10	1151173	0	1	4145	2	0	4000	other	0
2184	49	Pulse	5	1160697	9524	2
2184	50	Picture	10	1169244	0	1	4145	2	0	4000	other	0
2184	50	Pulse	5	1180696	11452	2
2184	51	Picture	10	1187315	0	1	4145	2	0	4000	other	0
2184	51	Pulse	5	1200696	13381	2
2184	52	Picture	10	1205386	0	1	4144	3	0	4000	other	0
2184	52	Pulse	5	1220686	15300	2
2184	53	Pulse	5	1240685	17228	2
2184	54	Picture	20	1248490	0	2	4145	3	0	4000	other	0
2184	54	Pulse	5	1260846	12356	1
2184	55	Picture	20	1266561	0	1	4145	2	0	4000	other	0
2184	55	Pulse	5	1280834	14273	3
2184	56	Picture	21	1284632	0	1	4145	2	0	4000	hit	116
2184	56	Response	1	1289954	5322	3
2184	56	Pulse	5	1300834	16202	3
2184	57	Picture	20	1302703	0	1	4145	2	0	4000	other	0
2184	58	Picture	20	1320774	0	1	4144	3	0	4000	other	0
2184	58	Pulse	5	1320835	61	1
2184	59	Picture	20	1338845	0	1	4144	2	0	4000	other	0
2184	59	Pulse	5	1340823	1978	2
2184	60	Picture	21	1356915	0	2	4145	3	0	4000	hit	124
2184	60	Response	1	1360663	3748	2
2184	60	Pulse	5	1360823	3908	2
2184	61	Picture	20	1374986	0	1	4145	2	0	4000	other	0
2184	61	Pulse	5	1380823	5837	1
2184	62	Picture	20	1393057	0	1	4145	2	0	4000	other	0
2184	62	Pulse	5	1400812	7755	2
2184	63	Picture	20	1411128	0	1	4144	3	0	4000	other	0
2184	63	Pulse	5	1420812	9684	2
2184	64	Picture	20	1429199	0	1	4144	3	0	4000	other	0
2184	64	Pulse	5	1440812	11613	1
2184	65	Picture	20	1447269	0	2	4145	3	0	4000	other	0
2184	65	Pulse	5	1460801	13532	2
2184	66	Picture	21	1465340	0	1	4145	2	0	4000	hit	137
2184	66	Response	1	1470561	5221	2
2184	66	Pulse	5	1480801	15461	2
2184	67	Picture	20	1483411	0	1	4145	2	0	4000	other	0
2184	67	Pulse	5	1500800	17389	2
2184	68	Picture	20	1501482	0	1	4145	2	0	4000	other	0
2184	69	Picture	21	1519553	0	1	4144	3	0	4000	hit	144
2184	69	Pulse	5	1520790	1237	2
2184	69	Response	1	1522870	3317	2
2184	70	Pulse	5	1540790	3166	1
2184	70	Pulse	5	1560789	23165	2
2184	71	Picture	10	1562657	0	2	4145	3	0	4000	other	0
2184	72	Picture	10	1580728	0	1	4145	2	0	4000	other	0
2184	72	Pulse	5	1580779	51	2
2184	73	Picture	11	1598799	0	1	4145	2	0	4000	hit	152
2184	73	Pulse	5	1600779	1980	1
2184	73	Response	1	1603498	4699	2
2184	74	Picture	10	1616870	0	1	4145	2	0	4000	other	0
2184	74	Pulse	5	1620778	3908	2
2184	75	Picture	11	1634941	0	1	4144	3	0	4000	hit	156
2184	75	Response	1	1639009	4068	1
2184	75	Pulse	5	1640768	5827	2
2184	76	Picture	10	1653011	0	2	4145	3	0	4000	other	0
2184	76	Pulse	5	1660767	7756	2
2184	77	Picture	10	1671082	0	2	4145	4	0	4000	other	0
2184	77	Pulse	5	1680767	9685	2
2184	78	Picture	11	1689153	0	1	4145	2	0	4000	hit	163
2184	78	Response	1	1692757	3604	2
2184	78	Pulse	5	1700757	11604	1
2184	79	Picture	10	1707224	0	1	4144	3	0	4000	other	0
2184	79	Pulse	5	1720756	13532	2
2184	80	Picture	10	1725295	0	1	4144	3	0	4000	other	0
2184	80	Pulse	5	1740756	15461	2
2184	81	Picture	10	1743366	0	1	4144	2	0	4000	other	0
2184	81	Pulse	5	1760745	17379	3
2184	82	Picture	10	1761436	0	2	4145	3	0	4000	other	0
2184	83	Picture	10	1779507	0	1	4145	2	0	4000	other	0
2184	83	Pulse	5	1780745	1238	2
2184	84	Picture	11	1797578	0	1	4145	2	0	4000	hit	175
2184	84	Response	1	1800584	3006	3
2184	84	Pulse	5	1800745	3167	2
2184	85	Picture	10	1815649	0	1	4145	2	0	4000	other	0
2184	85	Pulse	5	1820734	5085	2
2184	86	Picture	10	1833720	0	1	4144	3	0	4000	other	0
2184	86	Pulse	5	1840734	7014	2
2184	87	Pulse	5	1860735	8945	1
2184	88	Picture	30	1876824	0	2	4145	3	0	4000	other	0
2184	88	Pulse	5	1880723	3899	2
2184	89	Picture	30	1894895	0	1	4145	2	0	4000	other	0
2184	89	Pulse	5	1900723	5828	2
2184	90	Picture	30	1912966	0	1	4145	2	0	4000	other	0
2184	90	Pulse	5	1920723	7757	1
2184	91	Picture	31	1931037	0	1	4145	2	0	4000	hit	189
2184	91	Response	1	1938632	7595	2
2184	91	Pulse	5	1940712	9675	2
2184	92	Picture	31	1949108	0	1	4144	3	0	4000	hit	192
2184	92	Response	1	1956712	7604	2
2184	92	Pulse	5	1960712	11604	2
2184	93	Picture	30	1967178	0	2	4145	3	0	4000	other	0
2184	93	Pulse	5	1980711	13533	2
2184	94	Picture	30	1985249	0	2	4145	3	0	4000	other	0
2184	94	Pulse	5	2000701	15452	2
2184	95	Picture	30	2003320	0	1	4145	2	0	4000	other	0
2184	95	Pulse	5	2020701	17381	1
2184	96	Picture	31	2021391	0	1	4145	2	0	4000	hit	201
2184	96	Response	1	2026141	4750	1
2184	97	Picture	30	2039462	0	1	4144	3	0	4000	other	0
2184	97	Pulse	5	2040700	1238	2
2184	98	Picture	30	2057533	0	1	4144	2	0	4000	other	0
2184	98	Pulse	5	2060690	3157	2
2184	99	Picture	30	2075603	0	2	4145	3	0	4000	other	0
2184	99	Pulse	5	2080689	5086	2
2184	100	Picture	30	2093674	0	1	4145	2	0	4000	other	0
2184	100	Pulse	5	2100689	7015	2
2184	101	Picture	31	2111745	0	1	4145	2	0	4000	hit	211
2184	101	Response	1	2117319	5574	2
2184	101	Pulse	5	2120679	8934	2
2184	102	Picture	30	2129816	0	1	4145	2	0	4000	other	0
2184	102	Pulse	5	2140678	10862	2
2184	103	Picture	30	2147887	0	1	4144	3	0	4000	false_alarm	216
2184	103	Response	1	2153478	5591	2
2184	103	Pulse	5	2160678	12791	2
2184	104	Pulse	5	2180668	14711	1
2184	105	Picture	10	2190991	0	2	4145	3	0	4000	other	0
2184	105	Pulse	5	2200667	9676	2
2184	106	Picture	10	2209062	0	1	4145	2	0	4000	other	0
2184	106	Pulse	5	2220667	11605	2
2184	107	Picture	11	2227133	0	1	4145	2	0	4000	hit	224
2184	107	Response	1	2232497	5364	2
2184	107	Pulse	5	2240656	13523	3
2184	108	Picture	10	2245204	0	1	4144	3	0	4000	other	0
2184	108	Pulse	5	2260656	15452	2
2184	109	Picture	11	2263275	0	1	4144	3	0	4000	hit	229
2184	109	Response	1	2267696	4421	2
2184	109	Pulse	5	2280656	17381	2
2184	110	Picture	10	2281345	0	2	4145	3	0	4000	other	0
2184	111	Picture	10	2299416	0	1	4145	2	0	4000	other	0
2184	111	Pulse	5	2300805	1389	2
2184	112	Picture	11	2317487	0	1	4145	2	0	4000	hit	236
2184	112	Pulse	5	2320805	3318	2
2184	112	Response	1	2322885	5398	2
2184	113	Picture	10	2335558	0	1	4145	2	0	4000	other	0
2184	113	Pulse	5	2340805	5247	1
2184	114	Picture	10	2353629	0	1	4144	3	0	4000	other	0
2184	114	Pulse	5	2360794	7165	2
2184	115	Picture	10	2371699	0	2	4145	3	0	4000	other	0
2184	115	Pulse	5	2380794	9095	2
2184	116	Picture	10	2389770	0	1	4145	2	0	4000	false_alarm	244
2184	116	Response	1	2393274	3504	1
2184	116	Pulse	5	2400794	11024	1
2184	117	Picture	10	2407841	0	1	4145	2	0	4000	other	0
2184	117	Pulse	5	2420783	12942	2
2184	118	Picture	11	2425912	0	1	4145	2	0	4000	hit	249
2184	118	Response	1	2429263	3351	2
2184	118	Pulse	5	2440783	14871	2
2184	119	Picture	10	2443983	0	2	4145	3	0	4000	other	0
2184	119	Pulse	5	2460782	16799	2
2184	120	Picture	10	2462054	0	1	4144	2	0	4000	other	0
2184	121	Pulse	5	2480772	648	2
2184	121	Pulse	5	2500772	20648	1
2184	122	Picture	20	2505158	0	1	4145	2	0	4000	other	0
2184	122	Pulse	5	2520771	15613	2
2184	123	Picture	20	2523229	0	1	4145	2	0	4000	other	0
2184	123	Pulse	5	2540761	17532	2
2184	124	Picture	20	2541300	0	1	4145	2	0	4000	other	0
2184	125	Picture	21	2559370	0	2	4145	4	0	4000	hit	263
2184	125	Pulse	5	2560760	1390	2
2184	125	Response	1	2563800	4430	2
2184	126	Picture	20	2577442	0	1	4144	2	0	4000	other	0
2184	126	Pulse	5	2580760	3318	2
2184	127	Picture	20	2595512	0	2	4145	3	0	4000	other	0
2184	127	Pulse	5	2600750	5238	2
2184	128	Picture	21	2613583	0	1	4145	2	0	4000	hit	269
2184	128	Response	1	2617229	3646	2
2184	128	Pulse	5	2620749	7166	2
2184	129	Picture	20	2631654	0	1	4145	2	0	4000	other	0
2184	129	Pulse	5	2640749	9095	2
2184	130	Picture	20	2649725	0	1	4145	2	0	4000	other	0
2184	130	Pulse	5	2660739	11014	1
2184	131	Picture	20	2667796	0	1	4144	3	0	4000	other	0
2184	131	Pulse	5	2680738	12942	2
2184	132	Picture	21	2685866	0	2	4145	3	0	4000	hit	278
2184	132	Response	1	2689378	3512	2
2184	132	Pulse	5	2700738	14872	2
2184	133	Picture	20	2703937	0	2	4145	3	0	4000	other	0
2184	133	Pulse	5	2720727	16790	3
2184	134	Picture	20	2722007	0	3	4146	4	0	4000	other	0
2184	135	Picture	21	2740079	0	1	4145	2	0	4000	hit	285
2184	135	Pulse	5	2740727	648	2
2184	135	Response	1	2743447	3368	2
2184	136	Picture	20	2758150	0	1	4144	3	0	4000	other	0
2184	136	Pulse	5	2760727	2577	2
2184	137	Picture	20	2776221	0	1	4144	2	0	4000	other	0
2184	137	Pulse	5	2780716	4495	2
