Scenario - 1-back
Logfile written - 03/12/2015 11:58:07

Subject	Trial	Event Type	Code	Time	TTime	Uncertainty	Duration	Uncertainty	ReqTime	ReqDur	Stim Type	Pair Index

2184	1	Response	1	96373	106207	2
2184	1	Pulse	5	274580	284414	2
2184	2	Pulse	5	294580	19924	1
2184	3	Picture	10	299689	0	2	4145	3	0	4000	other	0
2184	3	Pulse	5	314569	14880	2
2184	4	Picture	10	317760	0	2	4145	3	0	4000	other	0
2184	4	Pulse	5	334569	16809	2
2184	5	Picture	11	335831	0	1	4145	2	0	4000	hit	9
2184	5	Response	1	339849	4018	2
2184	6	Picture	10	353901	0	3	4146	4	0	4000	other	0
2184	6	Pulse	5	354568	667	2
2184	7	Picture	11	371973	0	1	4144	3	0	4000	hit	14
2184	7	Pulse	5	374558	2585	2
2184	7	Response	1	375998	4025	2
2184	8	Picture	10	390044	0	1	4144	2	0	4000	other	0
2184	8	Pulse	5	394558	4514	1
2184	9	Picture	10	408114	0	1	4145	2	0	4000	other	0
2184	9	Pulse	5	414557	6443	2
2184	10	Picture	10	426185	0	1	4145	2	0	4000	other	0
2184	10	Pulse	5	434547	8362	2
2184	11	Picture	11	444256	0	1	4145	2	0	4000	hit	22
2184	11	Response	1	448467	4211	2
2184	11	Pulse	5	454547	10291	1
2184	12	Picture	10	462327	0	1	4144	3	0	4000	other	0
2184	12	Pulse	5	474546	12219	2
2184	13	Picture	10	480397	0	2	4145	3	0	4000	other	0
2184	13	Pulse	5	494536	14139	2
2184	14	Picture	11	498468	0	1	4145	2	0	4000	miss	0
2184	14	Pulse	5	514535	16067	3
2184	15	Picture	10	516539	0	1	4145	2	0	4000	other	0
2184	15	Pulse	5	534535	17996	2
2184	16	Picture	10	534610	0	1	4144	3	0	4000	other	0
2184	17	Picture	10	552681	0	1	4144	3	0	4000	other	0
2184	17	Pulse	5	554525	1844	1
2184	18	Picture	10	570752	0	1	4144	2	0	4000	false_alarm	36
2184	18	Response	1	573244	2492	2
2184	18	Pulse	5	574684	3932	2
2184	19	Pulse	5	594685	5863	1
2184	20	Picture	20	613856	0	1	4145	2	0	4000	other	0
2184	20	Pulse	5	614673	817	2
2184	21	Picture	20	631927	0	1	4145	2	0	4000	other	0
2184	21	Pulse	5	634673	2746	4
2184	22	Picture	21	649998	0	1	4144	3	0	4000	miss	0
2184	22	Pulse	5	654672	4674	5
2184	23	Picture	20	668069	0	1	4144	2	0	4000	other	0
2184	23	Pulse	5	674662	6593	2
2184	24	Picture	20	686139	0	2	4145	3	0	4000	other	0
2184	24	Pulse	5	694662	8523	2
2184	25	Picture	20	704210	0	1	4145	2	0	4000	other	0
2184	25	Pulse	5	714662	10452	1
2184	26	Picture	21	722281	0	1	4145	2	0	4000	miss	0
2184	26	Pulse	5	734651	12370	2
2184	27	Picture	20	740352	0	1	4144	3	0	4000	false_alarm	54
2184	27	Response	1	742171	1819	2
2184	27	Pulse	5	754651	14299	2
2184	28	Picture	20	758423	0	1	4144	2	0	4000	false_alarm	57
2184	28	Response	1	773211	14788	1
2184	28	Pulse	5	774651	16228	1
2184	29	Picture	20	776493	0	2	4145	3	0	4000	other	0
2184	30	Picture	20	794564	0	1	4145	2	0	4000	other	0
2184	30	Pulse	5	794640	76	2
2184	31	Picture	20	812635	0	1	4145	2	0	4000	false_alarm	64
2184	31	Pulse	5	814640	2005	2
2184	31	Response	1	816400	3765	2
2184	32	Picture	21	830706	0	1	4144	3	0	4000	hit	67
2184	32	Pulse	5	834639	3933	2
2184	32	Response	1	836719	6013	2
2184	33	Picture	20	848777	0	1	4144	2	0	4000	other	0
2184	33	Pulse	5	854629	5852	2
2184	34	Picture	20	866847	0	2	4145	3	0	4000	other	0
2184	34	Pulse	5	874629	7782	1
2184	35	Picture	21	884918	0	1	4145	2	0	4000	hit	73
2184	35	Response	1	889988	5070	2
2184	35	Pulse	5	894628	9710	2
2184	36	Pulse	5	914618	11629	2
2184	37	Picture	10	928023	0	1	4145	2	0	4000	other	0
2184	37	Pulse	5	934618	6595	1
2184	38	Picture	10	946094	0	1	4144	3	0	4000	other	0
2184	38	Pulse	5	954617	8523	2
2184	39	Picture	11	964164	0	2	4145	3	0	4000	hit	81
2184	39	Response	1	967567	3403	2
2184	39	Pulse	5	974607	10443	2
2184	40	Picture	10	982235	0	1	4145	2	0	4000	other	0
2184	40	Pulse	5	994606	12371	3
2184	41	Picture	11	1000306	0	1	4145	2	0	4000	hit	86
2184	41	Response	1	1004366	4060	3
2184	41	Pulse	5	1014606	14300	2
2184	42	Picture	10	1018377	0	1	4145	2	0	4000	other	0
2184	42	Pulse	5	1034596	16219	1
2184	43	Picture	10	1036448	0	1	4144	3	0	4000	other	0
2184	44	Picture	10	1054518	0	2	4145	3	0	4000	other	0
2184	44	Pulse	5	1054595	77	2
2184	45	Picture	11	1072589	0	2	4145	3	0	4000	hit	95
2184	45	Pulse	5	1074595	2006	2
2184	45	Response	1	1076515	3926	2
2184	46	Picture	10	1090660	0	1	4145	2	0	4000	other	0
2184	46	Pulse	5	1094584	3924	2
2184	47	Picture	10	1108731	0	1	4145	2	0	4000	other	0
2184	47	Pulse	5	1114584	5853	2
2184	48	Picture	11	1126802	0	1	4144	2	0	4000	hit	101
2184	48	Response	1	1130744	3942	2
2184	48	Pulse	5	1134584	7782	2
2184	49	Picture	10	1144872	0	2	4145	3	0	4000	other	0
2184	49	Pulse	5	1154573	9701	2
2184	50	Picture	10	1162943	0	1	4145	2	0	4000	other	0
2184	50	Pulse	5	1174573	11630	2
2184	51	Picture	10	1181014	0	1	4145	2	0	4000	other	0
2184	51	Pulse	5	1194573	13559	1
2184	52	Picture	10	1199085	0	1	4145	2	0	4000	other	0
2184	52	Pulse	5	1214562	15477	2
2184	53	Pulse	5	1234562	17406	2
2184	54	Picture	30	1242190	0	1	4144	2	0	4000	other	0
2184	54	Pulse	5	1254561	12371	2
2184	55	Picture	30	1260260	0	2	4145	3	0	4000	other	0
2184	55	Pulse	5	1274551	14291	2
2184	56	Picture	31	1278331	0	1	4145	2	0	4000	hit	117
2184	56	Response	1	1282711	4380	2
2184	56	Pulse	5	1294551	16220	2
2184	57	Picture	30	1296402	0	1	4145	2	0	4000	other	0
2184	58	Picture	30	1314473	0	1	4144	3	0	4000	other	0
2184	58	Pulse	5	1314550	77	2
2184	59	Picture	30	1332544	0	1	4144	2	0	4000	other	0
2184	59	Pulse	5	1334541	1997	1
2184	60	Picture	31	1350614	0	2	4145	3	0	4000	hit	126
2184	60	Pulse	5	1354540	3926	1
2184	60	Response	1	1361579	10965	2
2184	61	Picture	31	1368685	0	1	4145	2	0	4000	hit	129
2184	61	Pulse	5	1374539	5854	2
2184	61	Response	1	1375819	7134	2
2184	62	Picture	30	1386756	0	1	4145	2	0	4000	other	0
2184	62	Pulse	5	1394529	7773	2
2184	63	Picture	30	1404827	0	1	4144	3	0	4000	other	0
2184	63	Pulse	5	1414528	9701	2
2184	64	Picture	30	1422898	0	1	4144	3	0	4000	other	0
2184	64	Pulse	5	1434528	11630	2
2184	65	Picture	31	1440968	0	2	4145	3	0	4000	hit	137
2184	65	Response	1	1444608	3640	2
2184	65	Pulse	5	1454518	13550	2
2184	66	Picture	30	1459039	0	1	4145	2	0	4000	other	0
2184	66	Pulse	5	1474517	15478	3
2184	67	Picture	30	1477110	0	1	4145	2	0	4000	other	0
2184	67	Pulse	5	1494517	17407	2
2184	68	Picture	30	1495181	0	1	4144	3	0	4000	other	0
2184	69	Picture	30	1513252	0	1	4144	2	0	4000	false_alarm	146
2184	69	Pulse	5	1514507	1255	1
2184	69	Response	1	1517707	4455	1
2184	70	Pulse	5	1534506	3184	2
2184	70	Pulse	5	1554506	23184	2
2184	71	Picture	10	1556356	0	2	4145	3	0	4000	other	0
2184	72	Picture	10	1574427	0	1	4145	2	0	4000	other	0
2184	72	Pulse	5	1574495	68	2
2184	73	Picture	11	1592498	0	1	4145	2	0	4000	hit	154
2184	73	Pulse	5	1594495	1997	2
2184	73	Response	1	1596735	4237	2
2184	74	Picture	10	1610569	0	1	4144	3	0	4000	other	0
2184	74	Pulse	5	1614655	4086	2
2184	75	Picture	11	1628640	0	1	4144	2	0	4000	hit	158
2184	75	Response	1	1632404	3764	2
2184	75	Pulse	5	1634644	6004	3
2184	76	Picture	10	1646710	0	1	4145	2	0	4000	other	0
2184	76	Pulse	5	1654644	7934	3
2184	77	Picture	10	1664781	0	1	4145	2	0	4000	other	0
2184	77	Pulse	5	1674643	9862	3
2184	78	Picture	11	1682852	0	1	4145	2	0	4000	hit	165
2184	78	Response	1	1686323	3471	2
2184	78	Pulse	5	1694633	11781	2
2184	79	Picture	10	1700923	0	1	4144	3	0	4000	false_alarm	168
2184	79	Response	1	1705673	4750	2
2184	79	Pulse	5	1714633	13710	2
2184	80	Picture	10	1718993	0	2	4145	4	0	4000	other	0
2184	80	Pulse	5	1734632	15639	2
2184	81	Picture	10	1737064	0	2	4145	3	0	4000	other	0
2184	81	Pulse	5	1754622	17558	2
2184	82	Picture	10	1755135	0	1	4145	2	0	4000	other	0
2184	83	Picture	10	1773206	0	1	4145	2	0	4000	other	0
2184	83	Pulse	5	1774622	1416	2
2184	84	Picture	11	1791277	0	1	4144	3	0	4000	hit	179
2184	84	Pulse	5	1794621	3344	2
2184	84	Response	1	1796061	4784	2
2184	85	Picture	10	1809348	0	1	4144	3	0	4000	other	0
2184	85	Pulse	5	1814611	5263	2
2184	86	Picture	10	1827418	0	2	4145	3	0	4000	other	0
2184	86	Pulse	5	1834611	7193	1
2184	87	Pulse	5	1854610	9121	2
2184	88	Picture	20	1870523	0	1	4145	2	0	4000	other	0
2184	88	Pulse	5	1874600	4077	2
2184	89	Picture	20	1888594	0	1	4145	2	0	4000	other	0
2184	89	Pulse	5	1894599	6005	2
2184	90	Picture	20	1906665	0	1	4144	3	0	4000	other	0
2184	90	Pulse	5	1914599	7934	2
2184	91	Picture	21	1924736	0	1	4144	2	0	4000	hit	192
2184	91	Response	1	1928669	3933	2
2184	91	Pulse	5	1934589	9853	2
2184	92	Picture	20	1942806	0	2	4145	3	0	4000	other	0
2184	92	Pulse	5	1954588	11782	3
2184	93	Picture	20	1960877	0	1	4145	2	0	4000	other	0
2184	93	Pulse	5	1974588	13711	2
2184	94	Picture	21	1978948	0	1	4145	2	0	4000	hit	199
2184	94	Response	1	1982268	3320	2
2184	94	Pulse	5	1994578	15630	1
2184	95	Picture	20	1997019	0	1	4144	3	0	4000	other	0
2184	95	Pulse	5	2014577	17558	2
2184	96	Picture	20	2015090	0	1	4144	2	0	4000	other	0
2184	97	Picture	20	2033160	0	2	4145	3	0	4000	other	0
2184	97	Pulse	5	2034577	1417	2
2184	98	Picture	21	2051231	0	1	4145	2	0	4000	hit	208
2184	98	Pulse	5	2054566	3335	2
2184	98	Response	1	2054726	3495	3
2184	99	Picture	20	2069302	0	1	4144	3	0	4000	other	0
2184	99	Pulse	5	2074566	5264	2
2184	100	Picture	20	2087373	0	1	4144	3	0	4000	other	0
2184	100	Pulse	5	2094566	7193	2
2184	101	Picture	21	2105444	0	1	4144	2	0	4000	hit	214
2184	101	Response	1	2109275	3831	2
2184	101	Pulse	5	2114555	9111	2
2184	102	Picture	20	2123514	0	2	4145	3	0	4000	other	0
2184	102	Pulse	5	2134555	11041	2
2184	103	Picture	20	2141585	0	1	4145	2	0	4000	other	0
2184	103	Pulse	5	2154555	12970	1
2184	104	Pulse	5	2174544	14888	2
2184	105	Picture	10	2184690	0	1	4145	2	0	4000	other	0
2184	105	Pulse	5	2194544	9854	2
2184	106	Picture	10	2202761	0	1	4144	3	0	4000	other	0
2184	106	Pulse	5	2214543	11782	2
2184	107	Picture	11	2220832	0	1	4144	2	0	4000	hit	226
2184	107	Response	1	2223983	3151	2
2184	107	Pulse	5	2234533	13701	2
2184	108	Picture	10	2238902	0	1	4145	2	0	4000	other	0
2184	108	Pulse	5	2254533	15631	2
2184	109	Picture	11	2256973	0	1	4145	2	0	4000	hit	231
2184	109	Response	1	2262533	5560	1
2184	109	Pulse	5	2274532	17559	2
2184	110	Picture	10	2275044	0	1	4145	2	0	4000	other	0
2184	111	Picture	10	2293115	0	1	4144	3	0	4000	other	0
2184	111	Pulse	5	2294522	1407	2
2184	112	Picture	11	2311186	0	1	4144	2	0	4000	hit	238
2184	112	Pulse	5	2314522	3336	1
2184	112	Response	1	2314842	3656	1
2184	113	Picture	10	2329256	0	2	4145	4	0	4000	other	0
2184	113	Pulse	5	2334521	5265	2
2184	114	Picture	10	2347327	0	1	4145	2	0	4000	other	0
2184	114	Pulse	5	2354511	7184	2
2184	115	Picture	10	2365398	0	1	4145	2	0	4000	other	0
2184	115	Pulse	5	2374510	9112	2
2184	116	Picture	10	2383469	0	1	4144	3	0	4000	other	0
2184	116	Pulse	5	2394510	11041	2
2184	117	Picture	10	2401540	0	1	4144	3	0	4000	other	0
2184	117	Pulse	5	2414500	12960	2
2184	118	Picture	11	2419610	0	2	4145	3	0	4000	hit	250
2184	118	Response	1	2422659	3049	3
2184	118	Pulse	5	2434499	14889	3
2184	119	Picture	10	2437681	0	2	4145	3	0	4000	other	0
2184	119	Pulse	5	2454499	16818	2
2184	120	Picture	10	2455752	0	1	4145	2	0	4000	other	0
2184	121	Pulse	5	2474489	666	1
2184	121	Pulse	5	2494488	20665	2
2184	122	Picture	30	2498857	0	1	4144	3	0	4000	other	0
2184	122	Pulse	5	2514488	15631	2
2184	123	Picture	30	2516928	0	1	4144	2	0	4000	other	0
2184	123	Pulse	5	2534477	17549	2
2184	124	Picture	30	2534998	0	2	4145	3	0	4000	other	0
2184	125	Picture	31	2553069	0	1	4145	2	0	4000	hit	264
2184	125	Pulse	5	2554477	1408	2
2184	125	Response	1	2564393	11324	13
2184	126	Picture	31	2571140	0	1	4145	2	0	4000	miss	0
2184	126	Pulse	5	2574477	3337	2
2184	127	Picture	30	2589211	0	1	4145	2	0	4000	other	0
2184	127	Pulse	5	2594466	5255	2
2184	128	Picture	30	2607282	0	1	4144	3	0	4000	other	0
2184	128	Pulse	5	2614466	7184	2
2184	129	Picture	30	2625352	0	2	4145	3	0	4000	other	0
2184	129	Pulse	5	2634466	9114	1
2184	130	Picture	31	2643423	0	2	4145	3	0	4000	hit	274
2184	130	Response	1	2648855	5432	2
2184	130	Pulse	5	2654615	11192	2
2184	131	Picture	30	2661494	0	1	4145	2	0	4000	other	0
2184	131	Pulse	5	2674614	13120	4
2184	132	Picture	30	2679565	0	1	4145	2	0	4000	other	0
2184	132	Pulse	5	2694614	15049	2
2184	133	Picture	30	2697636	0	1	4144	3	0	4000	other	0
2184	133	Pulse	5	2714605	16969	1
2184	134	Picture	30	2715707	0	1	4144	2	0	4000	other	0
2184	135	Picture	31	2733777	0	2	4145	3	0	4000	hit	285
2184	135	Pulse	5	2734604	827	2
2184	135	Response	1	2739084	5307	1
2184	136	Picture	30	2751848	0	1	4145	2	0	4000	false_alarm	288
2184	136	Pulse	5	2754603	2755	2
2184	136	Response	1	2762283	10435	2
2184	137	Picture	30	2769919	0	1	4145	2	0	4000	false_alarm	291
2184	137	Pulse	5	2774593	4674	2
2184	137	Response	1	2778753	8834	2
