Scenario - 1-back
Logfile written - 11/20/2014 17:35:44

Subject	Trial	Event Type	Code	Time	TTime	Uncertainty	Duration	Uncertainty	ReqTime	ReqDur	Stim Type	Pair Index

2207	1	Pulse	5	104674	114508	1
2207	2	Pulse	5	124673	19949	2
2207	3	Picture	10	129757	0	2	4145	3	0	4000	other	0
2207	3	Pulse	5	144663	14906	2
2207	4	Picture	10	147828	0	1	4145	2	0	4000	other	0
2207	4	Pulse	5	164662	16834	2
2207	5	Picture	11	165899	0	1	4145	2	0	4000	hit	8
2207	5	Response	1	170102	4203	2
2207	6	Picture	10	183970	0	1	4144	3	0	4000	other	0
2207	6	Pulse	5	184662	692	2
2207	7	Picture	11	202041	0	1	4144	3	0	4000	hit	13
2207	7	Pulse	5	204652	2611	1
2207	7	Response	1	206570	4529	4
2207	8	Picture	10	220111	0	2	4145	3	0	4000	other	0
2207	8	Pulse	5	224651	4540	2
2207	9	Picture	10	238182	0	1	4145	2	0	4000	other	0
2207	9	Pulse	5	244651	6469	2
2207	10	Picture	10	256253	0	1	4145	2	0	4000	other	0
2207	10	Pulse	5	264641	8388	1
2207	11	Picture	11	274324	0	1	4144	3	0	4000	hit	21
2207	11	Response	1	278080	3756	2
2207	11	Pulse	5	284640	10316	2
2207	12	Picture	10	292394	0	2	4145	3	0	4000	other	0
2207	12	Pulse	5	304640	12246	2
2207	13	Picture	10	310465	0	1	4145	2	0	4000	other	0
2207	13	Pulse	5	324629	14164	2
2207	14	Picture	11	328536	0	1	4145	2	0	4000	hit	28
2207	14	Response	1	332629	4093	2
2207	14	Pulse	5	344629	16093	2
2207	15	Picture	10	346607	0	1	4144	3	0	4000	other	0
2207	15	Pulse	5	364629	18022	1
2207	16	Picture	10	364678	0	1	4144	2	0	4000	other	0
2207	17	Picture	10	382748	0	2	4145	3	0	4000	other	0
2207	17	Pulse	5	384617	1869	3
2207	18	Picture	10	400819	0	1	4145	2	0	4000	other	0
2207	18	Pulse	5	404616	3797	4
2207	19	Pulse	5	424616	5726	3
2207	20	Picture	20	443924	0	1	4144	3	0	4000	other	0
2207	20	Pulse	5	444608	684	1
2207	21	Picture	20	461995	0	1	4144	2	0	4000	other	0
2207	21	Pulse	5	464767	2772	2
2207	22	Picture	21	480065	0	1	4145	2	0	4000	hit	44
2207	22	Pulse	5	484756	4691	2
2207	22	Response	1	486196	6131	2
2207	23	Picture	20	498136	0	1	4145	2	0	4000	other	0
2207	23	Pulse	5	504756	6620	2
2207	24	Picture	20	516207	0	1	4144	3	0	4000	other	0
2207	24	Pulse	5	524756	8549	1
2207	25	Picture	20	534278	0	1	4144	3	0	4000	other	0
2207	25	Pulse	5	544745	10467	2
2207	26	Picture	21	552348	0	2	4145	3	0	4000	hit	52
2207	26	Response	1	557545	5197	2
2207	26	Pulse	5	564745	12397	2
2207	27	Picture	20	570419	0	1	4145	3	0	4000	false_alarm	55
2207	27	Response	1	577545	7126	1
2207	27	Pulse	5	584745	14326	1
2207	28	Picture	20	588490	0	1	4144	3	0	4000	false_alarm	58
2207	28	Response	1	597065	8575	1
2207	28	Pulse	5	604734	16244	2
2207	29	Picture	20	606561	0	1	4144	3	0	4000	other	0
2207	30	Picture	20	624631	0	2	4145	3	0	4000	other	0
2207	30	Pulse	5	624734	103	2
2207	31	Picture	20	642702	0	1	4145	2	0	4000	false_alarm	65
2207	31	Pulse	5	644733	2031	2
2207	31	Response	1	646653	3951	2
2207	32	Picture	21	660773	0	1	4145	2	0	4000	hit	68
2207	32	Pulse	5	664723	3950	2
2207	32	Response	1	668243	7470	2
2207	33	Picture	20	678844	0	1	4144	3	0	4000	false_alarm	71
2207	33	Pulse	5	684723	5879	1
2207	33	Response	1	687603	8759	1
2207	34	Picture	20	696914	0	2	4145	3	0	4000	other	0
2207	34	Pulse	5	704723	7809	1
2207	35	Picture	21	714985	0	2	4145	3	0	4000	hit	75
2207	35	Response	1	718962	3977	2
2207	35	Pulse	5	724712	9727	2
2207	36	Pulse	5	744712	11656	1
2207	37	Picture	10	758090	0	1	4145	2	0	4000	other	0
2207	37	Pulse	5	764711	6621	2
2207	38	Picture	10	776160	0	2	4145	4	0	4000	other	0
2207	38	Pulse	5	784701	8541	2
2207	39	Picture	11	794231	0	2	4145	3	0	4000	hit	83
2207	39	Response	1	800061	5830	1
2207	39	Pulse	5	804700	10469	6
2207	40	Picture	10	812302	0	1	4145	2	0	4000	other	0
2207	40	Pulse	5	824700	12398	6
2207	41	Picture	11	830373	0	1	4145	2	0	4000	hit	88
2207	41	Response	1	834780	4407	2
2207	41	Pulse	5	844690	14317	1
2207	42	Picture	10	848444	0	1	4144	3	0	4000	other	0
2207	42	Pulse	5	864689	16245	2
2207	43	Picture	10	866515	0	1	4144	2	0	4000	other	0
2207	44	Picture	10	884585	0	2	4145	3	0	4000	other	0
2207	44	Pulse	5	884689	104	2
2207	45	Picture	11	902656	0	1	4145	2	0	4000	hit	97
2207	45	Pulse	5	904679	2023	1
2207	45	Response	1	910598	7942	2
2207	46	Picture	10	920727	0	1	4145	2	0	4000	other	0
2207	46	Pulse	5	924679	3952	1
2207	47	Picture	10	938797	0	2	4145	4	0	4000	other	0
2207	47	Pulse	5	944678	5881	2
2207	48	Picture	11	956868	0	2	4145	3	0	4000	hit	103
2207	48	Response	1	964187	7319	2
2207	48	Pulse	5	964667	7799	2
2207	49	Picture	10	974939	0	1	4145	2	0	4000	other	0
2207	49	Pulse	5	984667	9728	2
2207	50	Picture	10	993010	0	1	4145	2	0	4000	other	0
2207	50	Pulse	5	1004667	11657	1
2207	51	Picture	10	1011081	0	1	4144	3	0	4000	other	0
2207	51	Pulse	5	1024656	13575	2
2207	52	Picture	10	1029152	0	1	4144	3	0	4000	other	0
2207	52	Pulse	5	1044656	15504	2
2207	53	Pulse	5	1064656	17434	1
2207	54	Picture	30	1072256	0	1	4145	2	0	4000	other	0
2207	54	Pulse	5	1084645	12389	2
2207	55	Picture	30	1090327	0	1	4145	2	0	4000	other	0
2207	55	Pulse	5	1104645	14318	2
2207	56	Picture	31	1108398	0	1	4144	3	0	4000	hit	119
2207	56	Response	1	1113125	4727	1
2207	56	Pulse	5	1124644	16246	2
2207	57	Picture	30	1126468	0	2	4145	3	0	4000	other	0
2207	58	Picture	30	1144539	0	1	4145	2	0	4000	other	0
2207	58	Pulse	5	1144633	94	3
2207	59	Picture	30	1162610	0	1	4145	2	0	4000	other	0
2207	59	Pulse	5	1164634	2024	1
2207	60	Picture	31	1180681	0	1	4145	2	0	4000	hit	128
2207	60	Pulse	5	1184633	3952	2
2207	60	Response	1	1189593	8912	2
2207	61	Picture	31	1198752	0	1	4144	3	0	4000	miss	0
2207	61	Pulse	5	1204623	5871	2
2207	62	Picture	30	1216822	0	2	4145	3	0	4000	false_alarm	132
2207	62	Response	1	1223182	6360	2
2207	62	Pulse	5	1224623	7801	1
2207	63	Picture	30	1234893	0	1	4145	2	0	4000	false_alarm	135
2207	63	Response	1	1244463	9570	1
2207	63	Pulse	5	1244622	9729	2
2207	64	Picture	30	1252964	0	1	4145	2	0	4000	other	0
2207	64	Pulse	5	1264612	11648	2
2207	65	Picture	31	1271035	0	1	4144	3	0	4000	hit	140
2207	65	Response	1	1280291	9256	2
2207	65	Pulse	5	1284611	13576	2
2207	66	Picture	30	1289106	0	1	4144	2	0	4000	false_alarm	143
2207	66	Response	1	1299011	9905	2
2207	66	Pulse	5	1304611	15505	2
2207	67	Picture	30	1307176	0	2	4145	3	0	4000	other	0
2207	67	Pulse	5	1324601	17425	1
2207	68	Picture	30	1325247	0	1	4145	2	0	4000	other	0
2207	69	Picture	30	1343318	0	1	4145	2	0	4000	false_alarm	150
2207	69	Pulse	5	1344600	1282	2
2207	69	Response	1	1350680	7362	2
2207	70	Pulse	5	1364600	3211	2
2207	70	Pulse	5	1384588	23199	3
2207	71	Picture	10	1386422	0	2	4145	3	0	4000	other	0
2207	72	Picture	10	1404493	0	2	4145	3	0	4000	other	0
2207	72	Pulse	5	1404587	94	4
2207	73	Picture	11	1422564	0	1	4145	2	0	4000	hit	158
2207	73	Pulse	5	1424587	2023	4
2207	73	Response	1	1431789	9225	1
2207	74	Picture	10	1440635	0	1	4145	2	0	4000	other	0
2207	74	Pulse	5	1444579	3944	1
2207	75	Picture	11	1458706	0	1	4144	3	0	4000	hit	163
2207	75	Pulse	5	1464578	5872	2
2207	75	Response	1	1466818	8112	2
2207	76	Picture	10	1476776	0	2	4145	3	0	4000	other	0
2207	76	Pulse	5	1484738	7962	1
2207	77	Picture	10	1494847	0	1	4145	2	0	4000	other	0
2207	77	Pulse	5	1504727	9880	2
2207	78	Picture	11	1512918	0	1	4145	2	0	4000	hit	169
2207	78	Response	1	1520087	7169	2
2207	78	Pulse	5	1524727	11809	2
2207	79	Picture	10	1530989	0	1	4144	3	0	4000	other	0
2207	79	Pulse	5	1544726	13737	2
2207	80	Picture	10	1549060	0	1	4144	2	0	4000	other	0
2207	80	Pulse	5	1564716	15656	2
2207	81	Picture	10	1567130	0	2	4145	3	0	4000	other	0
2207	81	Pulse	5	1584716	17586	2
2207	82	Picture	10	1585201	0	1	4145	2	0	4000	other	0
2207	83	Picture	10	1603272	0	1	4145	2	0	4000	other	0
2207	83	Pulse	5	1604715	1443	2
2207	84	Picture	11	1621343	0	1	4144	3	0	4000	hit	182
2207	84	Pulse	5	1624705	3362	2
2207	84	Response	1	1628065	6722	2
2207	85	Picture	10	1639413	0	2	4145	3	0	4000	other	0
2207	85	Pulse	5	1644705	5292	1
2207	86	Picture	10	1657484	0	2	4145	3	0	4000	other	0
2207	86	Pulse	5	1664704	7220	2
2207	87	Pulse	5	1684694	9139	2
2207	88	Picture	20	1700589	0	1	4144	3	0	4000	other	0
2207	88	Pulse	5	1704693	4104	2
2207	89	Picture	20	1718660	0	1	4144	3	0	4000	other	0
2207	89	Pulse	5	1724693	6033	2
2207	90	Picture	20	1736730	0	2	4145	3	0	4000	other	0
2207	90	Pulse	5	1744683	7953	2
2207	91	Picture	21	1754801	0	1	4145	2	0	4000	hit	195
2207	91	Response	1	1760202	5401	2
2207	91	Pulse	5	1764682	9881	2
2207	92	Picture	20	1772872	0	1	4145	2	0	4000	other	0
2207	92	Pulse	5	1784683	11811	1
2207	93	Picture	20	1790943	0	1	4144	3	0	4000	other	0
2207	93	Pulse	5	1804672	13729	1
2207	94	Picture	21	1809013	0	2	4145	3	0	4000	hit	202
2207	94	Response	1	1818111	9098	2
2207	94	Pulse	5	1824671	15658	2
2207	95	Picture	20	1827084	0	2	4145	3	0	4000	other	0
2207	95	Pulse	5	1844671	17587	2
2207	96	Picture	20	1845155	0	1	4145	2	0	4000	false_alarm	207
2207	96	Response	1	1855711	10556	1
2207	97	Picture	20	1863226	0	1	4145	2	0	4000	false_alarm	210
2207	97	Pulse	5	1864661	1435	1
2207	97	Response	1	1872341	9115	1
2207	98	Picture	21	1881297	0	1	4144	3	0	4000	hit	213
2207	98	Pulse	5	1884660	3363	2
2207	98	Response	1	1892020	10723	2
2207	99	Picture	20	1899367	0	2	4145	3	0	4000	false_alarm	216
2207	99	Pulse	5	1904660	5293	1
2207	99	Response	1	1908500	9133	1
2207	100	Picture	20	1917438	0	1	4145	2	0	4000	other	0
2207	100	Pulse	5	1924649	7211	2
2207	101	Picture	21	1935509	0	1	4145	2	0	4000	miss	0
2207	101	Pulse	5	1944649	9140	2
2207	102	Picture	20	1953580	0	1	4145	2	0	4000	false_alarm	222
2207	102	Response	1	1959689	6109	1
2207	102	Pulse	5	1964649	11069	1
2207	103	Picture	20	1971651	0	1	4144	3	0	4000	false_alarm	225
2207	103	Response	1	1980158	8507	2
2207	103	Pulse	5	1984638	12987	2
2207	104	Pulse	5	2004639	14918	1
2207	105	Picture	10	2014755	0	2	4145	3	0	4000	other	0
2207	105	Pulse	5	2024637	9882	2
2207	106	Picture	10	2032826	0	1	4145	2	0	4000	other	0
2207	106	Pulse	5	2044627	11801	2
2207	107	Picture	11	2050897	0	1	4145	2	0	4000	hit	233
2207	107	Response	1	2055827	4930	2
2207	107	Pulse	5	2064627	13730	1
2207	108	Picture	10	2068968	0	1	4144	2	0	4000	other	0
2207	108	Pulse	5	2084626	15658	2
2207	109	Picture	11	2087038	0	2	4145	3	0	4000	hit	238
2207	109	Response	1	2095506	8468	2
2207	109	Pulse	5	2104616	17578	2
2207	110	Picture	10	2105109	0	1	4145	2	0	4000	other	0
2207	111	Picture	10	2123180	0	1	4145	2	0	4000	other	0
2207	111	Pulse	5	2124616	1436	1
2207	112	Picture	11	2141251	0	1	4144	3	0	4000	hit	245
2207	112	Pulse	5	2144615	3364	2
2207	112	Response	1	2147974	6723	3
2207	113	Picture	10	2159322	0	1	4144	2	0	4000	other	0
2207	113	Pulse	5	2164605	5283	2
2207	114	Picture	10	2177392	0	1	4145	2	0	4000	other	0
2207	114	Pulse	5	2184604	7212	2
2207	115	Picture	10	2195463	0	1	4145	2	0	4000	other	0
2207	115	Pulse	5	2204604	9141	2
2207	116	Picture	10	2213534	0	1	4145	2	0	4000	other	0
2207	116	Pulse	5	2224594	11060	1
2207	117	Picture	10	2231605	0	1	4144	3	0	4000	other	0
2207	117	Pulse	5	2244594	12989	1
2207	118	Picture	11	2249675	0	2	4145	3	0	4000	hit	257
2207	118	Response	1	2257393	7718	2
2207	118	Pulse	5	2264593	14918	2
2207	119	Picture	10	2267746	0	2	4145	3	0	4000	other	0
2207	119	Pulse	5	2284583	16837	1
2207	120	Picture	10	2285817	0	1	4145	2	0	4000	other	0
2207	121	Pulse	5	2304582	694	2
2207	121	Pulse	5	2324582	20694	2
2207	122	Picture	30	2328922	0	1	4144	3	0	4000	other	0
2207	122	Pulse	5	2344571	15649	2
2207	123	Picture	30	2346992	0	2	4145	3	0	4000	other	0
2207	123	Pulse	5	2364571	17579	2
2207	124	Picture	30	2365063	0	2	4145	3	0	4000	other	0
2207	125	Picture	31	2383134	0	1	4145	2	0	4000	hit	271
2207	125	Pulse	5	2384571	1437	1
2207	125	Response	1	2393051	9917	2
2207	126	Picture	31	2401205	0	1	4144	3	0	4000	hit	274
2207	126	Pulse	5	2404559	3354	3
2207	126	Response	1	2411440	10235	2
2207	127	Picture	30	2419276	0	1	4144	2	0	4000	other	0
2207	127	Pulse	5	2424561	5285	1
2207	128	Picture	30	2437346	0	2	4145	3	0	4000	other	0
2207	128	Pulse	5	2444560	7214	1
2207	129	Picture	30	2455417	0	1	4145	2	0	4000	other	0
2207	129	Pulse	5	2464548	9131	3
2207	130	Picture	31	2473488	0	2	4145	3	0	4000	hit	282
2207	130	Response	1	2480389	6901	2
2207	130	Pulse	5	2484549	11061	2
2207	131	Picture	30	2491559	0	1	4144	3	0	4000	false_alarm	285
2207	131	Response	1	2499909	8350	1
2207	131	Pulse	5	2504548	12989	2
2207	132	Picture	30	2509630	0	1	4144	2	0	4000	false_alarm	288
2207	132	Response	1	2518458	8828	2
2207	132	Pulse	5	2524699	15069	1
2207	133	Picture	30	2527700	0	2	4145	3	0	4000	other	0
2207	133	Pulse	5	2544698	16998	1
2207	134	Picture	30	2545771	0	1	4145	2	0	4000	other	0
2207	135	Picture	31	2563842	0	1	4145	2	0	4000	hit	295
2207	135	Pulse	5	2564697	855	2
2207	135	Response	1	2572217	8375	2
2207	136	Picture	30	2581913	0	1	4144	3	0	4000	false_alarm	298
2207	136	Pulse	5	2584687	2774	2
2207	136	Response	1	2590605	8692	4
2207	137	Picture	30	2599983	0	2	4145	3	0	4000	false_alarm	301
2207	137	Pulse	5	2604687	4704	1
2207	137	Response	1	2612686	12703	2
