Scenario - 1-back
Logfile written - 11/20/2014 17:45:58

Subject	Trial	Event Type	Code	Time	TTime	Uncertainty	Duration	Uncertainty	ReqTime	ReqDur	Stim Type	Pair Index

2207	1	Pulse	5	93048	102882	1
2207	2	Pulse	5	113047	19928	1
2207	3	Picture	10	118153	0	1	4144	2	0	4000	other	0
2207	3	Pulse	5	133036	14883	2
2207	4	Picture	10	136223	0	2	4145	3	0	4000	other	0
2207	4	Pulse	5	153037	16814	1
2207	5	Picture	11	154294	0	1	4145	2	0	4000	hit	8
2207	5	Response	1	162316	8022	1
2207	6	Picture	10	172365	0	1	4145	2	0	4000	other	0
2207	6	Pulse	5	173036	671	1
2207	7	Picture	11	190436	0	1	4144	3	0	4000	hit	13
2207	7	Pulse	5	193026	2590	1
2207	7	Response	1	198303	7867	27
2207	8	Picture	10	208507	0	1	4144	3	0	4000	other	0
2207	8	Pulse	5	213025	4518	2
2207	9	Picture	10	226577	0	2	4145	3	0	4000	other	0
2207	9	Pulse	5	233024	6447	2
2207	10	Picture	10	244648	0	1	4145	2	0	4000	other	0
2207	10	Pulse	5	253014	8366	2
2207	11	Picture	11	262719	0	1	4145	2	0	4000	hit	21
2207	11	Response	1	267254	4535	2
2207	11	Pulse	5	273014	10295	1
2207	12	Picture	10	280790	0	1	4144	3	0	4000	other	0
2207	12	Pulse	5	293014	12224	1
2207	13	Picture	10	298861	0	1	4144	2	0	4000	other	0
2207	13	Pulse	5	313003	14142	2
2207	14	Picture	11	316931	0	2	4145	3	0	4000	hit	28
2207	14	Response	1	325803	8872	1
2207	14	Pulse	5	333003	16072	1
2207	15	Picture	10	335002	0	1	4145	2	0	4000	other	0
2207	15	Pulse	5	353002	18000	9
2207	16	Picture	10	353073	0	1	4145	2	0	4000	other	0
2207	17	Picture	10	371144	0	1	4144	3	0	4000	other	0
2207	17	Pulse	5	372992	1848	2
2207	18	Picture	10	389215	0	1	4144	3	0	4000	other	0
2207	18	Pulse	5	392991	3776	2
2207	19	Pulse	5	412991	5706	2
2207	20	Picture	20	432319	0	2	4145	3	0	4000	other	0
2207	20	Pulse	5	432981	662	1
2207	21	Picture	20	450390	0	1	4145	2	0	4000	other	0
2207	21	Pulse	5	452980	2590	2
2207	22	Picture	21	468461	0	1	4145	2	0	4000	hit	44
2207	22	Pulse	5	472981	4520	1
2207	22	Response	1	477300	8839	2
2207	23	Picture	20	486532	0	1	4144	3	0	4000	other	0
2207	23	Pulse	5	492970	6438	1
2207	24	Picture	20	504602	0	2	4145	3	0	4000	other	0
2207	24	Pulse	5	512969	8367	2
2207	25	Picture	20	522673	0	1	4145	2	0	4000	other	0
2207	25	Pulse	5	532969	10296	2
2207	26	Picture	21	540744	0	1	4145	2	0	4000	hit	52
2207	26	Response	1	548168	7424	2
2207	26	Pulse	5	552958	12214	2
2207	27	Picture	20	558815	0	1	4145	2	0	4000	other	0
2207	27	Pulse	5	572958	14143	2
2207	28	Picture	20	576886	0	1	4144	2	0	4000	other	0
2207	28	Pulse	5	592958	16072	1
2207	29	Picture	20	594956	0	2	4145	3	0	4000	false_alarm	59
2207	29	Response	1	603517	8561	2
2207	29	Pulse	5	612947	17991	2
2207	30	Picture	20	613027	0	1	4145	2	0	4000	other	0
2207	31	Picture	20	631098	0	1	4145	2	0	4000	false_alarm	64
2207	31	Pulse	5	632947	1849	2
2207	31	Response	1	639667	8569	2
2207	32	Picture	21	649169	0	1	4145	2	0	4000	hit	67
2207	32	Pulse	5	652947	3778	1
2207	32	Response	1	659826	10657	2
2207	33	Picture	20	667240	0	1	4144	3	0	4000	other	0
2207	33	Pulse	5	672936	5696	2
2207	34	Picture	20	685310	0	2	4145	3	0	4000	other	0
2207	34	Pulse	5	692936	7626	2
2207	35	Picture	21	703381	0	1	4145	2	0	4000	hit	73
2207	35	Response	1	711335	7954	2
2207	35	Pulse	5	712935	9554	2
2207	36	Pulse	5	732925	11473	2
2207	37	Picture	10	746486	0	1	4145	2	0	4000	other	0
2207	37	Pulse	5	752925	6439	2
2207	38	Picture	10	764557	0	1	4144	3	0	4000	other	0
2207	38	Pulse	5	772924	8367	2
2207	39	Picture	11	782627	0	2	4145	3	0	4000	hit	81
2207	39	Response	1	790034	7407	2
2207	39	Pulse	5	792914	10287	2
2207	40	Picture	10	800698	0	1	4145	2	0	4000	other	0
2207	40	Pulse	5	812912	12214	4
2207	41	Picture	11	818769	0	1	4145	2	0	4000	hit	86
2207	41	Response	1	826513	7744	2
2207	41	Pulse	5	832912	14143	3
2207	42	Picture	10	836840	0	1	4144	3	0	4000	other	0
2207	42	Pulse	5	852903	16063	2
2207	43	Picture	10	854911	0	1	4144	3	0	4000	other	0
2207	43	Pulse	5	872902	17991	2
2207	44	Picture	10	872981	0	2	4145	3	0	4000	other	0
2207	45	Picture	11	891052	0	1	4145	2	0	4000	hit	95
2207	45	Pulse	5	892902	1850	2
2207	45	Response	1	898983	7931	1
2207	46	Picture	10	909123	0	1	4145	2	0	4000	other	0
2207	46	Pulse	5	913052	3929	1
2207	47	Picture	10	927194	0	1	4145	2	0	4000	other	0
2207	47	Pulse	5	933051	5857	2
2207	48	Picture	11	945265	0	1	4144	3	0	4000	hit	101
2207	48	Response	1	952251	6986	2
2207	48	Pulse	5	953051	7786	2
2207	49	Picture	10	963335	0	2	4145	3	0	4000	other	0
2207	49	Pulse	5	973041	9706	1
2207	50	Picture	10	981406	0	1	4145	2	0	4000	other	0
2207	50	Pulse	5	993040	11634	2
2207	51	Picture	10	999477	0	1	4145	2	0	4000	other	0
2207	51	Pulse	5	1013040	13563	2
2207	52	Picture	10	1017548	0	1	4144	3	0	4000	other	0
2207	52	Pulse	5	1033029	15481	2
2207	53	Pulse	5	1053029	17410	2
2207	54	Picture	30	1060652	0	2	4145	3	0	4000	other	0
2207	54	Pulse	5	1073029	12377	1
2207	55	Picture	30	1078723	0	2	4145	3	0	4000	other	0
2207	55	Pulse	5	1093018	14295	2
2207	56	Picture	31	1096794	0	1	4145	2	0	4000	hit	117
2207	56	Response	1	1107098	10304	2
2207	56	Pulse	5	1113019	16225	1
2207	57	Picture	30	1114865	0	1	4145	2	0	4000	other	0
2207	58	Picture	30	1132936	0	1	4144	3	0	4000	other	0
2207	58	Pulse	5	1133018	82	1
2207	59	Picture	30	1151006	0	2	4145	3	0	4000	other	0
2207	59	Pulse	5	1153007	2001	2
2207	60	Picture	31	1169077	0	1	4145	2	0	4000	hit	126
2207	60	Pulse	5	1173007	3930	2
2207	60	Response	1	1175567	6490	1
2207	61	Picture	31	1187148	0	1	4145	2	0	4000	hit	129
2207	61	Pulse	5	1193006	5858	2
2207	61	Response	1	1196526	9378	2
2207	62	Picture	30	1205219	0	1	4144	3	0	4000	other	0
2207	62	Pulse	5	1212996	7777	2
2207	63	Picture	30	1223290	0	1	4144	3	0	4000	false_alarm	133
2207	63	Response	1	1228516	5226	2
2207	63	Pulse	5	1232996	9706	1
2207	64	Picture	30	1241360	0	2	4145	3	0	4000	other	0
2207	64	Pulse	5	1252995	11635	2
2207	65	Picture	31	1259431	0	2	4145	3	0	4000	hit	138
2207	65	Response	1	1266435	7004	2
2207	65	Pulse	5	1272985	13554	2
2207	66	Picture	30	1277502	0	1	4145	2	0	4000	false_alarm	141
2207	66	Response	1	1286105	8603	1
2207	66	Pulse	5	1292984	15482	2
2207	67	Picture	30	1295573	0	1	4145	2	0	4000	other	0
2207	67	Pulse	5	1312984	17411	2
2207	68	Picture	30	1313643	0	2	4145	4	0	4000	other	0
2207	69	Picture	30	1331714	0	2	4145	3	0	4000	false_alarm	148
2207	69	Pulse	5	1332974	1260	1
2207	69	Response	1	1339374	7660	1
2207	70	Pulse	5	1352973	3188	2
2207	70	Pulse	5	1372973	23188	2
2207	71	Picture	10	1374819	0	1	4145	2	0	4000	other	0
2207	72	Picture	10	1392890	0	1	4145	2	0	4000	other	0
2207	72	Pulse	5	1392963	73	1
2207	73	Picture	11	1410961	0	1	4144	3	0	4000	hit	156
2207	73	Pulse	5	1412962	2001	2
2207	73	Response	1	1418402	7441	2
2207	74	Picture	10	1429031	0	2	4145	3	0	4000	other	0
2207	74	Pulse	5	1432962	3931	2
2207	75	Picture	11	1447102	0	1	4145	2	0	4000	hit	161
2207	75	Pulse	5	1452951	5849	2
2207	75	Response	1	1454391	7289	2
2207	76	Picture	10	1465173	0	1	4145	2	0	4000	other	0
2207	76	Pulse	5	1472951	7778	2
2207	77	Picture	10	1483244	0	1	4145	2	0	4000	other	0
2207	77	Pulse	5	1492951	9707	2
2207	78	Picture	11	1501315	0	1	4144	3	0	4000	hit	167
2207	78	Response	1	1508300	6985	2
2207	78	Pulse	5	1512940	11625	2
2207	79	Picture	10	1519385	0	2	4145	3	0	4000	other	0
2207	79	Pulse	5	1532940	13555	2
2207	80	Picture	10	1537456	0	1	4145	2	0	4000	other	0
2207	80	Pulse	5	1552940	15484	1
2207	81	Picture	10	1555527	0	1	4145	2	0	4000	other	0
2207	81	Pulse	5	1572930	17403	1
2207	82	Picture	10	1573598	0	1	4145	2	0	4000	other	0
2207	83	Picture	10	1591669	0	1	4144	3	0	4000	other	0
2207	83	Pulse	5	1592929	1260	2
2207	84	Picture	11	1609739	0	2	4145	3	0	4000	hit	180
2207	84	Pulse	5	1612928	3189	2
2207	84	Response	1	1615968	6229	2
2207	85	Picture	10	1627810	0	1	4145	2	0	4000	other	0
2207	85	Pulse	5	1632918	5108	2
2207	86	Picture	10	1645881	0	1	4145	2	0	4000	other	0
2207	86	Pulse	5	1652918	7037	1
2207	87	Pulse	5	1672917	8965	2
2207	88	Picture	20	1688986	0	1	4144	3	0	4000	other	0
2207	88	Pulse	5	1692907	3921	2
2207	89	Picture	20	1707057	0	1	4144	2	0	4000	other	0
2207	89	Pulse	5	1712907	5850	1
2207	90	Picture	20	1725127	0	2	4145	3	0	4000	other	0
2207	90	Pulse	5	1732907	7780	1
2207	91	Picture	21	1743198	0	1	4145	2	0	4000	hit	193
2207	91	Response	1	1752736	9538	2
2207	91	Pulse	5	1752897	9699	1
2207	92	Picture	20	1761269	0	1	4145	2	0	4000	other	0
2207	92	Pulse	5	1772895	11626	2
2207	93	Picture	20	1779340	0	1	4144	3	0	4000	other	0
2207	93	Pulse	5	1792895	13555	2
2207	94	Picture	21	1797411	0	1	4144	2	0	4000	hit	200
2207	94	Response	1	1806965	9554	2
2207	94	Pulse	5	1812885	15474	2
2207	95	Picture	20	1815481	0	1	4145	2	0	4000	other	0
2207	95	Pulse	5	1832885	17404	1
2207	96	Picture	20	1833552	0	1	4145	2	0	4000	other	0
2207	97	Picture	20	1851623	0	1	4145	2	0	4000	false_alarm	207
2207	97	Pulse	5	1852884	1261	2
2207	97	Response	1	1858004	6381	2
2207	98	Picture	21	1869694	0	1	4144	3	0	4000	hit	210
2207	98	Pulse	5	1872872	3178	4
2207	98	Response	1	1879913	10219	2
2207	99	Picture	20	1887764	0	2	4145	3	0	4000	false_alarm	213
2207	99	Pulse	5	1892872	5108	3
2207	99	Response	1	1896873	9109	2
2207	100	Picture	20	1905835	0	1	4145	2	0	4000	other	0
2207	100	Pulse	5	1912871	7036	4
2207	101	Picture	21	1923906	0	1	4145	2	0	4000	hit	218
2207	101	Pulse	5	1932862	8956	2
2207	101	Response	1	1935262	11356	2
2207	102	Picture	20	1941977	0	1	4145	2	0	4000	false_alarm	220
2207	102	Response	1	1952222	10245	2
2207	102	Pulse	5	1953022	11045	2
2207	103	Picture	20	1960048	0	1	4144	3	0	4000	other	0
2207	103	Pulse	5	1973022	12974	1
2207	104	Pulse	5	1993011	14892	2
2207	105	Picture	10	2003152	0	2	4145	3	0	4000	other	0
2207	105	Pulse	5	2013012	9860	1
2207	106	Picture	10	2021223	0	1	4145	2	0	4000	other	0
2207	106	Pulse	5	2033011	11788	1
2207	107	Picture	11	2039294	0	1	4145	2	0	4000	hit	230
2207	107	Response	1	2047079	7785	3
2207	107	Pulse	5	2053000	13706	2
2207	108	Picture	10	2057365	0	1	4144	3	0	4000	other	0
2207	108	Pulse	5	2073000	15635	2
2207	109	Picture	11	2075436	0	1	4144	2	0	4000	hit	235
2207	109	Response	1	2083240	7804	1
2207	109	Pulse	5	2092999	17563	2
2207	110	Picture	10	2093506	0	2	4145	3	0	4000	other	0
2207	111	Picture	10	2111577	0	1	4145	2	0	4000	other	0
2207	111	Pulse	5	2112989	1412	2
2207	112	Picture	11	2129648	0	1	4145	2	0	4000	hit	242
2207	112	Pulse	5	2132989	3341	1
2207	112	Response	1	2134749	5101	1
2207	113	Picture	10	2147719	0	1	4145	2	0	4000	other	0
2207	113	Pulse	5	2152988	5269	2
2207	114	Picture	10	2165790	0	1	4144	2	0	4000	other	0
2207	114	Pulse	5	2172978	7188	2
2207	115	Picture	10	2183860	0	2	4145	3	0	4000	other	0
2207	115	Pulse	5	2192978	9118	1
2207	116	Picture	10	2201931	0	1	4145	2	0	4000	other	0
2207	116	Pulse	5	2212977	11046	2
2207	117	Picture	10	2220002	0	1	4145	2	0	4000	other	0
2207	117	Pulse	5	2232967	12965	2
2207	118	Picture	11	2238073	0	1	4145	2	0	4000	hit	254
2207	118	Response	1	2246087	8014	1
2207	118	Pulse	5	2252966	14893	2
2207	119	Picture	10	2256143	0	2	4145	3	0	4000	other	0
2207	119	Pulse	5	2272966	16823	2
2207	120	Picture	10	2274214	0	2	4145	3	0	4000	other	0
2207	121	Pulse	5	2292956	671	1
2207	121	Pulse	5	2312955	20670	2
2207	122	Picture	30	2317319	0	1	4145	2	0	4000	other	0
2207	122	Pulse	5	2332955	15636	2
2207	123	Picture	30	2335390	0	1	4145	2	0	4000	other	0
2207	123	Pulse	5	2352945	17555	1
2207	124	Picture	30	2353461	0	1	4144	2	0	4000	other	0
2207	125	Picture	31	2371531	0	2	4145	3	0	4000	miss	0
2207	125	Pulse	5	2372944	1413	2
2207	126	Picture	31	2389602	0	1	4145	2	0	4000	miss	0
2207	126	Pulse	5	2392944	3342	2
2207	127	Picture	30	2407673	0	1	4145	2	0	4000	other	0
2207	127	Pulse	5	2412933	5260	2
2207	128	Picture	30	2425744	0	1	4144	3	0	4000	false_alarm	273
2207	128	Response	1	2432933	7189	2
2207	128	Pulse	5	2432933	7189	2
2207	129	Picture	30	2443815	0	1	4144	3	0	4000	other	0
2207	129	Pulse	5	2452934	9119	1
2207	130	Picture	31	2461885	0	2	4145	3	0	4000	hit	278
2207	130	Response	1	2470202	8317	2
2207	130	Pulse	5	2472922	11037	2
2207	131	Picture	30	2479956	0	1	4145	2	0	4000	other	0
2207	131	Pulse	5	2492922	12966	2
2207	132	Picture	30	2498027	0	1	4145	2	0	4000	false_alarm	283
2207	132	Response	1	2504282	6255	1
2207	132	Pulse	5	2512922	14895	1
2207	133	Picture	30	2516098	0	1	4144	3	0	4000	false_alarm	286
2207	133	Response	1	2525551	9453	2
2207	133	Pulse	5	2532911	16813	2
2207	134	Picture	30	2534169	0	1	4144	3	0	4000	other	0
2207	135	Picture	31	2552239	0	2	4145	3	0	4000	hit	291
2207	135	Pulse	5	2552911	672	2
2207	135	Response	1	2566511	14272	1
2207	136	Picture	30	2570310	0	1	4145	2	0	4000	other	0
2207	136	Pulse	5	2572910	2600	2
2207	137	Picture	30	2588381	0	1	4145	2	0	4000	false_alarm	296
2207	137	Pulse	5	2592901	4520	1
2207	137	Response	1	2596260	7879	2
