Scenario - 1-back
Logfile written - 11/20/2014 17:41:24

Subject	Trial	Event Type	Code	Time	TTime	Uncertainty	Duration	Uncertainty	ReqTime	ReqDur	Stim Type	Pair Index

2207	1	Pulse	5	778603	788437	2
2207	2	Pulse	5	798602	19954	2
2207	3	Picture	10	803681	0	2	4146	3	0	4000	other	0
2207	3	Pulse	5	818602	14921	2
2207	4	Picture	10	821753	0	1	4145	2	0	4000	other	0
2207	4	Pulse	5	838592	16839	1
2207	5	Picture	11	839824	0	1	4144	3	0	4000	hit	8
2207	5	Response	1	847391	7567	2
2207	6	Picture	10	857895	0	1	4144	2	0	4000	other	0
2207	6	Pulse	5	858591	696	2
2207	7	Picture	11	875965	0	1	4145	2	0	4000	hit	13
2207	7	Pulse	5	878591	2626	2
2207	7	Response	1	883711	7746	2
2207	8	Picture	10	894036	0	1	4145	2	0	4000	other	0
2207	8	Pulse	5	898580	4544	2
2207	9	Picture	10	912107	0	1	4145	2	0	4000	other	0
2207	9	Pulse	5	918580	6473	2
2207	10	Picture	10	930178	0	1	4144	3	0	4000	other	0
2207	10	Pulse	5	938580	8402	2
2207	11	Picture	11	948248	0	2	4145	3	0	4000	hit	21
2207	11	Response	1	955209	6961	2
2207	11	Pulse	5	958569	10321	2
2207	12	Picture	10	966319	0	2	4145	3	0	4000	other	0
2207	12	Pulse	5	978569	12250	2
2207	13	Picture	10	984390	0	1	4145	2	0	4000	other	0
2207	13	Pulse	5	998569	14179	1
2207	14	Picture	11	1002461	0	1	4145	2	0	4000	hit	28
2207	14	Response	1	1008808	6347	2
2207	14	Pulse	5	1018557	16096	4
2207	15	Picture	10	1020532	0	1	4144	3	0	4000	other	0
2207	15	Pulse	5	1038556	18024	5
2207	16	Picture	10	1038602	0	2	4145	3	0	4000	other	0
2207	17	Picture	10	1056673	0	1	4145	2	0	4000	other	0
2207	17	Pulse	5	1058556	1883	4
2207	18	Picture	10	1074744	0	1	4145	2	0	4000	other	0
2207	18	Pulse	5	1078547	3803	2
2207	19	Pulse	5	1098707	5892	2
2207	20	Picture	30	1117849	0	1	4144	3	0	4000	other	0
2207	20	Pulse	5	1118706	857	2
2207	21	Picture	30	1135919	0	2	4145	3	0	4000	other	0
2207	21	Pulse	5	1138696	2777	2
2207	22	Picture	31	1153990	0	1	4145	2	0	4000	hit	44
2207	22	Pulse	5	1158696	4706	1
2207	22	Response	1	1160456	6466	1
2207	23	Picture	30	1172061	0	1	4145	2	0	4000	other	0
2207	23	Pulse	5	1178695	6634	2
2207	24	Picture	30	1190132	0	1	4144	3	0	4000	other	0
2207	24	Pulse	5	1198685	8553	2
2207	25	Picture	30	1208203	0	1	4144	2	0	4000	other	0
2207	25	Pulse	5	1218684	10481	2
2207	26	Picture	31	1226273	0	2	4145	3	0	4000	hit	52
2207	26	Response	1	1231644	5371	2
2207	26	Pulse	5	1238684	12411	2
2207	27	Picture	31	1244344	0	1	4145	2	0	4000	hit	55
2207	27	Response	1	1252914	8570	2
2207	27	Pulse	5	1258674	14330	1
2207	28	Picture	30	1262415	0	1	4145	2	0	4000	false_alarm	58
2207	28	Response	1	1271474	9059	1
2207	28	Pulse	5	1278673	16258	2
2207	29	Picture	30	1280486	0	1	4144	3	0	4000	false_alarm	61
2207	29	Response	1	1289391	8905	4
2207	30	Picture	30	1298557	0	1	4144	3	0	4000	other	0
2207	30	Pulse	5	1298674	117	1
2207	31	Picture	31	1316627	0	2	4145	3	0	4000	hit	66
2207	31	Pulse	5	1318663	2036	1
2207	31	Response	1	1324422	7795	2
2207	32	Picture	30	1334698	0	1	4145	2	0	4000	false_alarm	69
2207	32	Pulse	5	1338663	3965	1
2207	32	Response	1	1344103	9405	1
2207	33	Picture	30	1352769	0	1	4145	2	0	4000	false_alarm	72
2207	33	Pulse	5	1358662	5893	2
2207	33	Response	1	1362342	9573	2
2207	34	Picture	30	1370840	0	1	4145	2	0	4000	other	0
2207	34	Pulse	5	1378651	7811	2
2207	35	Picture	30	1388911	0	1	4144	2	0	4000	false_alarm	76
2207	35	Response	1	1396731	7820	2
2207	35	Pulse	5	1398651	9740	2
2207	36	Pulse	5	1418651	11670	2
2207	37	Picture	10	1432015	0	1	4145	2	0	4000	other	0
2207	37	Pulse	5	1438640	6625	2
2207	38	Picture	10	1450086	0	1	4145	2	0	4000	other	0
2207	38	Pulse	5	1458640	8554	2
2207	39	Picture	11	1468157	0	1	4144	3	0	4000	hit	84
2207	39	Response	1	1476240	8083	1
2207	39	Pulse	5	1478640	10483	1
2207	40	Picture	10	1486228	0	1	4144	2	0	4000	other	0
2207	40	Pulse	5	1498629	12401	2
2207	41	Picture	11	1504298	0	2	4145	3	0	4000	hit	89
2207	41	Response	1	1511589	7291	2
2207	41	Pulse	5	1518629	14331	2
2207	42	Picture	10	1522369	0	1	4145	2	0	4000	other	0
2207	42	Pulse	5	1538628	16259	2
2207	43	Picture	10	1540440	0	1	4145	2	0	4000	other	0
2207	44	Picture	10	1558511	0	1	4144	3	0	4000	other	0
2207	44	Pulse	5	1558618	107	2
2207	45	Picture	11	1576582	0	1	4144	3	0	4000	hit	98
2207	45	Pulse	5	1578618	2036	2
2207	45	Response	1	1583098	6516	1
2207	46	Picture	10	1594652	0	2	4145	3	0	4000	other	0
2207	46	Pulse	5	1598617	3965	2
2207	47	Picture	10	1612723	0	1	4145	2	0	4000	other	0
2207	47	Pulse	5	1618607	5884	2
2207	48	Picture	11	1630794	0	1	4145	2	0	4000	hit	104
2207	48	Response	1	1638127	7333	1
2207	48	Pulse	5	1638607	7813	1
2207	49	Picture	10	1648865	0	1	4144	3	0	4000	other	0
2207	49	Pulse	5	1658606	9741	2
2207	50	Picture	10	1666936	0	1	4144	2	0	4000	other	0
2207	50	Pulse	5	1678596	11660	2
2207	51	Picture	10	1685006	0	2	4145	3	0	4000	other	0
2207	51	Pulse	5	1698595	13589	2
2207	52	Picture	10	1703077	0	1	4145	2	0	4000	other	0
2207	52	Pulse	5	1718595	15518	2
2207	53	Pulse	5	1738585	17437	1
2207	54	Picture	20	1746182	0	1	4144	3	0	4000	other	0
2207	54	Pulse	5	1758584	12402	2
2207	55	Picture	20	1764253	0	1	4144	2	0	4000	other	0
2207	55	Pulse	5	1778584	14331	2
2207	56	Picture	21	1782323	0	2	4145	3	0	4000	hit	120
2207	56	Response	1	1788014	5691	2
2207	56	Pulse	5	1798574	16251	1
2207	57	Picture	20	1800394	0	1	4145	2	0	4000	other	0
2207	58	Picture	20	1818465	0	1	4145	2	0	4000	other	0
2207	58	Pulse	5	1818574	109	1
2207	59	Picture	20	1836536	0	1	4144	3	0	4000	false_alarm	127
2207	59	Pulse	5	1838573	2037	2
2207	59	Response	1	1850563	14027	1
2207	60	Picture	21	1854607	0	1	4144	2	0	4000	miss	0
2207	60	Pulse	5	1858562	3955	2
2207	61	Picture	20	1872677	0	2	4145	3	0	4000	false_alarm	132
2207	61	Pulse	5	1878562	5885	2
2207	61	Response	1	1880322	7645	2
2207	62	Picture	20	1890748	0	1	4145	2	0	4000	false_alarm	135
2207	62	Pulse	5	1898562	7814	1
2207	62	Response	1	1899203	8455	1
2207	63	Picture	20	1908819	0	1	4145	2	0	4000	false_alarm	137
2207	63	Response	1	1915352	6533	1
2207	63	Pulse	5	1918551	9732	2
2207	64	Picture	20	1926890	0	1	4144	3	0	4000	other	0
2207	64	Pulse	5	1938551	11661	2
2207	65	Picture	20	1944961	0	1	4144	2	0	4000	false_alarm	142
2207	65	Response	1	1951191	6230	1
2207	65	Pulse	5	1958551	13590	1
2207	66	Picture	21	1963031	0	2	4145	3	0	4000	hit	145
2207	66	Response	1	1971660	8629	2
2207	66	Pulse	5	1978540	15509	2
2207	67	Picture	20	1981102	0	1	4145	2	0	4000	other	0
2207	67	Pulse	5	1998540	17438	2
2207	68	Picture	20	1999173	0	1	4145	2	0	4000	other	0
2207	69	Picture	21	2017244	0	1	4144	3	0	4000	hit	152
2207	69	Pulse	5	2018539	1295	2
2207	69	Response	1	2023019	5775	2
2207	70	Pulse	5	2038527	3212	4
2207	70	Pulse	5	2058527	23212	4
2207	71	Picture	10	2060348	0	2	4145	3	0	4000	other	0
2207	72	Picture	10	2078419	0	1	4145	2	0	4000	other	0
2207	72	Pulse	5	2078527	108	3
2207	73	Picture	11	2096490	0	1	4145	2	0	4000	hit	160
2207	73	Pulse	5	2098518	2028	2
2207	73	Response	1	2104758	8268	2
2207	74	Picture	10	2114561	0	1	4144	3	0	4000	other	0
2207	74	Pulse	5	2118518	3957	1
2207	75	Picture	11	2132632	0	1	4144	3	0	4000	hit	165
2207	75	Pulse	5	2138677	6045	2
2207	75	Response	1	2139957	7325	2
2207	76	Picture	10	2150702	0	2	4145	3	0	4000	other	0
2207	76	Pulse	5	2158667	7965	2
2207	77	Picture	10	2168773	0	1	4145	2	0	4000	other	0
2207	77	Pulse	5	2178666	9893	2
2207	78	Picture	11	2186844	0	1	4145	2	0	4000	hit	171
2207	78	Response	1	2193387	6543	1
2207	78	Pulse	5	2198666	11822	2
2207	79	Picture	10	2204915	0	1	4144	3	0	4000	other	0
2207	79	Pulse	5	2218656	13741	1
2207	80	Picture	10	2222986	0	1	4144	2	0	4000	other	0
2207	80	Pulse	5	2238655	15669	2
2207	81	Picture	10	2241056	0	2	4145	3	0	4000	other	0
2207	81	Pulse	5	2258655	17599	2
2207	82	Picture	10	2259127	0	1	4145	2	0	4000	other	0
2207	83	Picture	10	2277198	0	1	4145	2	0	4000	other	0
2207	83	Pulse	5	2278645	1447	1
2207	84	Picture	11	2295269	0	1	4144	3	0	4000	hit	184
2207	84	Pulse	5	2298644	3375	2
2207	84	Response	1	2302964	7695	2
2207	85	Picture	10	2313339	0	2	4145	3	0	4000	other	0
2207	85	Pulse	5	2318644	5305	2
2207	86	Picture	10	2331410	0	1	4145	2	0	4000	other	0
2207	86	Pulse	5	2338633	7223	2
2207	87	Pulse	5	2358633	9152	2
2207	88	Picture	30	2374515	0	1	4145	2	0	4000	other	0
2207	88	Pulse	5	2378633	4118	1
2207	89	Picture	30	2392586	0	1	4144	3	0	4000	other	0
2207	89	Pulse	5	2398622	6036	2
2207	90	Picture	30	2410657	0	1	4144	2	0	4000	other	0
2207	90	Pulse	5	2418622	7965	2
2207	91	Picture	31	2428727	0	2	4145	3	0	4000	miss	0
2207	91	Pulse	5	2438622	9895	1
2207	92	Picture	31	2446798	0	1	4145	2	0	4000	miss	0
2207	92	Pulse	5	2458611	11813	2
2207	93	Picture	30	2464869	0	1	4145	2	0	4000	false_alarm	201
2207	93	Response	1	2471091	6222	2
2207	93	Pulse	5	2478611	13742	2
2207	94	Picture	30	2482940	0	1	4144	3	0	4000	other	0
2207	94	Pulse	5	2498610	15670	2
2207	95	Picture	30	2501010	0	2	4145	4	0	4000	other	0
2207	95	Pulse	5	2518600	17590	2
2207	96	Picture	31	2519081	0	1	4145	2	0	4000	hit	208
2207	96	Response	1	2526920	7839	2
2207	97	Picture	30	2537152	0	1	4145	2	0	4000	other	0
2207	97	Pulse	5	2538600	1448	1
2207	98	Picture	30	2555223	0	1	4145	2	0	4000	false_alarm	213
2207	98	Pulse	5	2558599	3376	2
2207	98	Response	1	2562439	7216	2
2207	99	Picture	30	2573294	0	1	4144	3	0	4000	false_alarm	216
2207	99	Pulse	5	2578589	5295	2
2207	99	Response	1	2585309	12015	2
2207	100	Picture	30	2591365	0	1	4144	2	0	4000	other	0
2207	100	Pulse	5	2598589	7224	1
2207	101	Picture	31	2609435	0	2	4145	3	0	4000	hit	221
2207	101	Pulse	5	2618588	9153	2
2207	101	Response	1	2620188	10753	2
2207	102	Picture	30	2627506	0	1	4145	2	0	4000	false_alarm	223
2207	102	Response	1	2638258	10752	2
2207	102	Pulse	5	2638578	11072	2
2207	103	Picture	30	2645577	0	1	4145	2	0	4000	other	0
2207	103	Pulse	5	2658577	13000	2
2207	104	Pulse	5	2678578	14930	1
2207	105	Picture	10	2688682	0	1	4144	2	0	4000	other	0
2207	105	Pulse	5	2698567	9885	1
2207	106	Picture	10	2706752	0	2	4145	3	0	4000	other	0
2207	106	Pulse	5	2718566	11814	2
2207	107	Picture	11	2724823	0	1	4145	2	0	4000	hit	233
2207	107	Response	1	2732486	7663	2
2207	107	Pulse	5	2738566	13743	2
2207	108	Picture	10	2742894	0	1	4145	2	0	4000	other	0
2207	108	Pulse	5	2758556	15662	1
2207	109	Picture	11	2760965	0	1	4144	3	0	4000	hit	238
2207	109	Response	1	2768795	7830	2
2207	109	Pulse	5	2778555	17590	2
2207	110	Picture	10	2779035	0	2	4145	4	0	4000	other	0
2207	111	Picture	10	2797106	0	2	4145	3	0	4000	other	0
2207	111	Pulse	5	2798555	1449	2
2207	112	Picture	11	2815177	0	1	4145	2	0	4000	hit	245
2207	112	Pulse	5	2818544	3367	2
2207	112	Response	1	2822384	7207	2
2207	113	Picture	10	2833248	0	1	4145	2	0	4000	other	0
2207	113	Pulse	5	2838545	5297	1
2207	114	Picture	10	2851319	0	1	4144	3	0	4000	other	0
2207	114	Pulse	5	2858544	7225	1
2207	115	Picture	10	2869390	0	1	4144	2	0	4000	other	0
2207	115	Pulse	5	2878533	9143	2
2207	116	Picture	10	2887460	0	2	4145	3	0	4000	other	0
2207	116	Pulse	5	2898534	11074	1
2207	117	Picture	10	2905531	0	1	4145	2	0	4000	other	0
2207	117	Pulse	5	2918533	13002	1
2207	118	Picture	11	2923602	0	1	4145	2	0	4000	hit	257
2207	118	Response	1	2931003	7401	1
2207	118	Pulse	5	2938522	14920	2
2207	119	Picture	10	2941673	0	1	4144	3	0	4000	other	0
2207	119	Pulse	5	2958522	16849	2
2207	120	Picture	10	2959744	0	1	4144	2	0	4000	other	0
2207	121	Pulse	5	2978521	707	2
2207	121	Pulse	5	2998512	20698	1
2207	122	Picture	20	3002848	0	1	4145	2	0	4000	other	0
2207	122	Pulse	5	3018511	15663	1
2207	123	Picture	20	3020919	0	1	4145	2	0	4000	other	0
2207	123	Pulse	5	3038510	17591	2
2207	124	Picture	20	3038990	0	1	4145	2	0	4000	other	0
2207	125	Picture	21	3057060	0	2	4145	3	0	4000	hit	271
2207	125	Pulse	5	3058498	1438	4
2207	125	Response	1	3062500	5440	2
2207	126	Picture	20	3075131	0	2	4145	3	0	4000	other	0
2207	126	Pulse	5	3078498	3367	3
2207	127	Picture	20	3093202	0	1	4145	2	0	4000	other	0
2207	127	Pulse	5	3098498	5296	3
2207	128	Picture	21	3111273	0	1	4145	2	0	4000	hit	278
2207	128	Pulse	5	3118489	7216	2
2207	128	Response	1	3118809	7536	2
2207	129	Picture	20	3129344	0	1	4144	3	0	4000	other	0
2207	129	Pulse	5	3138488	9144	2
2207	130	Picture	20	3147415	0	1	4144	2	0	4000	other	0
2207	130	Pulse	5	3158488	11073	2
2207	131	Picture	20	3165485	0	2	4145	3	0	4000	false_alarm	284
2207	131	Response	1	3174158	8673	2
2207	131	Pulse	5	3178638	13153	1
2207	132	Picture	21	3183556	0	1	4145	2	0	4000	hit	287
2207	132	Response	1	3196397	12841	2
2207	132	Pulse	5	3198637	15081	2
2207	133	Picture	20	3201627	0	1	4145	2	0	4000	other	0
2207	133	Pulse	5	3218637	17010	2
2207	134	Picture	20	3219698	0	1	4144	3	0	4000	other	0
2207	135	Picture	21	3237769	0	1	4144	2	0	4000	hit	294
2207	135	Pulse	5	3238626	857	2
2207	135	Response	1	3245346	7577	2
2207	136	Picture	20	3255839	0	1	4145	2	0	4000	other	0
2207	136	Pulse	5	3258626	2787	2
2207	137	Picture	20	3273910	0	1	4145	2	0	4000	other	0
2207	137	Pulse	5	3278626	4716	2
