Scenario - 1-back
Logfile written - 11/20/2014 12:24:02

Subject	Trial	Event Type	Code	Time	TTime	Uncertainty	Duration	Uncertainty	ReqTime	ReqDur	Stim Type	Pair Index

2218	1	Pulse	5	139793	149627	2
2218	2	Pulse	5	159792	19923	3
2218	3	Picture	10	164903	0	1	4145	2	0	4000	other	0
2218	3	Pulse	5	179782	14879	2
2218	4	Picture	10	182974	0	1	4144	3	0	4000	other	0
2218	4	Pulse	5	199781	16807	2
2218	5	Picture	11	201044	0	2	4145	3	0	4000	hit	8
2218	5	Response	1	205861	4817	2
2218	6	Picture	10	219115	0	1	4145	2	0	4000	other	0
2218	6	Pulse	5	219781	666	2
2218	7	Picture	11	237186	0	1	4144	3	0	4000	hit	13
2218	7	Pulse	5	239771	2585	1
2218	7	Response	1	242810	5624	2
2218	8	Picture	10	255256	0	2	4145	3	0	4000	other	0
2218	8	Pulse	5	259770	4514	2
2218	9	Picture	10	273327	0	1	4145	2	0	4000	other	0
2218	9	Pulse	5	279769	6442	2
2218	10	Picture	10	291398	0	1	4144	3	0	4000	other	0
2218	10	Pulse	5	299759	8361	2
2218	11	Picture	11	309468	0	2	4145	3	0	4000	hit	21
2218	11	Response	1	316719	7251	1
2218	11	Pulse	5	319758	10290	2
2218	12	Picture	10	327539	0	1	4145	2	0	4000	other	0
2218	12	Pulse	5	339758	12219	2
2218	13	Picture	10	345610	0	1	4144	3	0	4000	other	0
2218	13	Pulse	5	359747	14137	2
2218	14	Picture	11	363680	0	2	4145	3	0	4000	hit	28
2218	14	Response	1	369507	5827	2
2218	14	Pulse	5	379747	16067	2
2218	15	Picture	10	381751	0	1	4145	2	0	4000	other	0
2218	15	Pulse	5	399746	17995	2
2218	16	Picture	10	399822	0	1	4144	3	0	4000	other	0
2218	17	Picture	10	417892	0	2	4145	3	0	4000	other	0
2218	17	Pulse	5	419736	1844	2
2218	18	Picture	10	435963	0	1	4145	2	0	4000	other	0
2218	18	Pulse	5	439735	3772	2
2218	19	Pulse	5	459735	5701	2
2218	20	Picture	30	479068	0	1	4144	2	0	4000	other	0
2218	20	Pulse	5	479724	656	2
2218	21	Picture	30	497138	0	1	4145	2	0	4000	other	0
2218	21	Pulse	5	499724	2586	2
2218	22	Picture	31	515209	0	1	4145	2	0	4000	hit	44
2218	22	Pulse	5	519723	4514	2
2218	22	Response	1	520363	5154	2
2218	23	Picture	30	533280	0	1	4144	3	0	4000	other	0
2218	23	Pulse	5	540033	6753	2
2218	24	Picture	30	551350	0	2	4145	3	0	4000	other	0
2218	24	Pulse	5	559712	8362	2
2218	25	Picture	30	569421	0	1	4145	2	0	4000	other	0
2218	25	Pulse	5	579712	10291	2
2218	26	Picture	31	587492	0	1	4144	3	0	4000	hit	52
2218	26	Response	1	592832	5340	1
2218	26	Pulse	5	599701	12209	3
2218	27	Picture	31	605562	0	2	4145	3	0	4000	hit	55
2218	27	Response	1	615701	10139	2
2218	27	Pulse	5	619701	14139	2
2218	28	Picture	30	623633	0	1	4145	2	0	4000	other	0
2218	28	Pulse	5	639700	16067	3
2218	29	Picture	30	641704	0	1	4144	3	0	4000	other	0
2218	29	Pulse	5	659690	17986	2
2218	30	Picture	30	659774	0	2	4145	3	0	4000	other	0
2218	31	Picture	31	677845	0	1	4145	2	0	4000	miss	0
2218	31	Pulse	5	679689	1844	2
2218	32	Picture	30	695916	0	1	4144	3	0	4000	other	0
2218	32	Pulse	5	699689	3773	2
2218	33	Picture	30	713986	0	2	4145	3	0	4000	other	0
2218	33	Pulse	5	719678	5692	2
2218	34	Picture	30	732057	0	1	4145	2	0	4000	other	0
2218	34	Pulse	5	739678	7621	2
2218	35	Picture	30	750128	0	1	4144	3	0	4000	other	0
2218	35	Pulse	5	759677	9549	2
2218	36	Pulse	5	779667	11468	2
2218	37	Picture	10	793232	0	1	4144	3	0	4000	other	0
2218	37	Pulse	5	799667	6435	1
2218	38	Picture	10	811303	0	1	4144	3	0	4000	other	0
2218	38	Pulse	5	819826	8523	2
2218	39	Picture	11	829373	0	2	4145	3	0	4000	hit	78
2218	39	Response	1	834866	5493	1
2218	39	Pulse	5	839815	10442	2
2218	40	Picture	10	847444	0	1	4145	2	0	4000	other	0
2218	40	Pulse	5	859815	12371	2
2218	41	Picture	11	865515	0	1	4145	2	0	4000	hit	83
2218	41	Response	1	871335	5820	1
2218	41	Pulse	5	879814	14299	2
2218	42	Picture	10	883586	0	1	4144	3	0	4000	other	0
2218	42	Pulse	5	899804	16218	2
2218	43	Picture	10	901656	0	2	4145	3	0	4000	other	0
2218	44	Picture	10	919727	0	1	4145	2	0	4000	other	0
2218	44	Pulse	5	919803	76	2
2218	45	Picture	11	937798	0	1	4144	3	0	4000	hit	92
2218	45	Pulse	5	939803	2005	2
2218	45	Response	1	942043	4245	2
2218	46	Picture	10	955868	0	1	4144	3	0	4000	other	0
2218	46	Pulse	5	959792	3924	2
2218	47	Picture	10	973939	0	1	4145	2	0	4000	other	0
2218	47	Pulse	5	979792	5853	2
2218	48	Picture	11	992010	0	1	4144	3	0	4000	hit	98
2218	48	Response	1	997232	5222	1
2218	48	Pulse	5	999791	7781	2
2218	49	Picture	10	1010080	0	2	4145	3	0	4000	other	0
2218	49	Pulse	5	1019782	9702	1
2218	50	Picture	10	1028151	0	1	4145	2	0	4000	other	0
2218	50	Pulse	5	1039782	11631	1
2218	51	Picture	10	1046222	0	1	4144	3	0	4000	other	0
2218	51	Pulse	5	1059780	13558	2
2218	52	Picture	10	1064292	0	2	4145	3	0	4000	other	0
2218	52	Pulse	5	1079769	15477	3
2218	53	Pulse	5	1099769	17406	2
2218	54	Picture	20	1107397	0	1	4144	3	0	4000	other	0
2218	54	Pulse	5	1119768	12371	3
2218	55	Picture	20	1125468	0	1	4144	2	0	4000	other	0
2218	55	Pulse	5	1139758	14290	2
2218	56	Picture	21	1143538	0	1	4145	2	0	4000	hit	114
2218	56	Response	1	1148078	4540	2
2218	56	Pulse	5	1159757	16219	2
2218	57	Picture	20	1161609	0	1	4144	3	0	4000	other	0
2218	58	Picture	20	1179679	0	2	4145	3	0	4000	other	0
2218	58	Pulse	5	1179757	78	2
2218	59	Picture	20	1197750	0	1	4145	2	0	4000	other	0
2218	59	Pulse	5	1199746	1996	2
2218	60	Picture	21	1215821	0	1	4145	2	0	4000	hit	123
2218	60	Pulse	5	1219746	3925	2
2218	60	Response	1	1221666	5845	2
2218	61	Picture	20	1233892	0	1	4144	2	0	4000	other	0
2218	61	Pulse	5	1239745	5853	2
2218	62	Picture	20	1251962	0	1	4145	2	0	4000	other	0
2218	62	Pulse	5	1259735	7773	2
2218	63	Picture	20	1270033	0	1	4145	2	0	4000	other	0
2218	63	Pulse	5	1279734	9701	2
2218	64	Picture	20	1288104	0	1	4144	3	0	4000	other	0
2218	64	Pulse	5	1299734	11630	2
2218	65	Picture	20	1306174	0	2	4145	3	0	4000	other	0
2218	65	Pulse	5	1319723	13549	2
2218	66	Picture	21	1324245	0	1	4145	2	0	4000	hit	135
2218	66	Response	1	1328523	4278	2
2218	66	Pulse	5	1339723	15478	2
2218	67	Picture	20	1342316	0	1	4144	3	0	4000	other	0
2218	67	Pulse	5	1359722	17406	2
2218	68	Picture	20	1360386	0	1	4145	2	0	4000	other	0
2218	69	Picture	21	1378457	0	1	4145	2	0	4000	hit	142
2218	69	Pulse	5	1379712	1255	2
2218	69	Response	1	1386752	8295	2
2218	70	Pulse	5	1399711	3183	2
2218	70	Pulse	5	1419711	23183	2
2218	71	Picture	10	1421561	0	2	4145	3	0	4000	other	0
2218	72	Picture	10	1439632	0	1	4145	2	0	4000	other	0
2218	72	Pulse	5	1439700	68	2
2218	73	Picture	11	1457703	0	1	4144	3	0	4000	hit	150
2218	73	Pulse	5	1459701	1998	1
2218	73	Response	1	1463221	5518	1
2218	74	Picture	10	1475773	0	2	4145	3	0	4000	other	0
2218	74	Pulse	5	1479699	3926	2
2218	75	Picture	11	1493844	0	1	4145	2	0	4000	miss	0
2218	75	Pulse	5	1499689	5845	2
2218	76	Picture	10	1511915	0	1	4144	3	0	4000	other	0
2218	76	Pulse	5	1519688	7773	2
2218	77	Picture	10	1529985	0	2	4145	3	0	4000	other	0
2218	77	Pulse	5	1539688	9703	2
2218	78	Picture	11	1548056	0	1	4145	2	0	4000	hit	160
2218	78	Response	1	1552808	4752	1
2218	78	Pulse	5	1559677	11621	3
2218	79	Picture	10	1566127	0	1	4144	3	0	4000	other	0
2218	79	Pulse	5	1579677	13550	2
2218	80	Picture	10	1584198	0	1	4144	2	0	4000	other	0
2218	80	Pulse	5	1599676	15478	3
2218	81	Picture	10	1602268	0	1	4145	2	0	4000	other	0
2218	81	Pulse	5	1619666	17398	3
2218	82	Picture	10	1620339	0	1	4145	2	0	4000	other	0
2218	83	Picture	10	1638410	0	1	4144	2	0	4000	other	0
2218	83	Pulse	5	1639665	1255	2
2218	84	Picture	11	1656480	0	2	4145	4	0	4000	hit	173
2218	84	Pulse	5	1659665	3185	2
2218	84	Response	1	1662225	5745	2
2218	85	Picture	10	1674551	0	1	4145	2	0	4000	other	0
2218	85	Pulse	5	1679654	5103	2
2218	86	Picture	10	1692622	0	1	4144	3	0	4000	other	0
2218	86	Pulse	5	1699654	7032	2
2218	87	Pulse	5	1719653	8961	2
2218	88	Picture	30	1735726	0	1	4145	2	0	4000	other	0
2218	88	Pulse	5	1739643	3917	2
2218	89	Picture	30	1753797	0	1	4144	3	0	4000	other	0
2218	89	Pulse	5	1759642	5845	2
2218	90	Picture	30	1771867	0	2	4145	3	0	4000	other	0
2218	90	Pulse	5	1779642	7775	2
2218	91	Picture	31	1789938	0	1	4145	2	0	4000	hit	186
2218	91	Response	1	1797232	7294	1
2218	91	Pulse	5	1799631	9693	2
2218	92	Picture	31	1808009	0	1	4144	3	0	4000	hit	189
2218	92	Response	1	1816591	8582	2
2218	92	Pulse	5	1819631	11622	2
2218	93	Picture	30	1826079	0	2	4145	3	0	4000	other	0
2218	93	Pulse	5	1839630	13551	2
2218	94	Picture	30	1844150	0	1	4145	2	0	4000	other	0
2218	94	Pulse	5	1859780	15630	2
2218	95	Picture	30	1862221	0	1	4145	2	0	4000	other	0
2218	95	Pulse	5	1879779	17558	2
2218	96	Picture	31	1880291	0	2	4145	3	0	4000	hit	198
2218	96	Response	1	1885699	5408	2
2218	97	Picture	30	1898362	0	1	4145	2	0	4000	other	0
2218	97	Pulse	5	1899779	1417	2
2218	98	Picture	30	1916433	0	1	4145	2	0	4000	other	0
2218	98	Pulse	5	1919768	3335	2
2218	99	Picture	30	1934504	0	1	4144	3	0	4000	other	0
2218	99	Pulse	5	1939768	5264	2
2218	100	Picture	30	1952574	0	1	4145	2	0	4000	other	0
2218	100	Pulse	5	1959767	7193	2
2218	101	Picture	31	1970645	0	1	4145	2	0	4000	hit	208
2218	101	Response	1	1975597	4952	2
2218	101	Pulse	5	1979757	9112	2
2218	102	Picture	30	1988716	0	1	4144	2	0	4000	other	0
2218	102	Pulse	5	1999756	11040	2
2218	103	Picture	30	2006786	0	3	4145	4	0	4000	other	0
2218	103	Pulse	5	2019756	12970	2
2218	104	Pulse	5	2039747	14890	1
2218	105	Picture	10	2049891	0	1	4144	3	0	4000	other	0
2218	105	Pulse	5	2059747	9856	1
2218	106	Picture	10	2067961	0	2	4145	3	0	4000	other	0
2218	106	Pulse	5	2079746	11785	1
2218	107	Picture	11	2086032	0	1	4145	2	0	4000	hit	220
2218	107	Response	1	2091906	5874	1
2218	107	Pulse	5	2099734	13702	2
2218	108	Picture	10	2104103	0	1	4144	3	0	4000	other	0
2218	108	Pulse	5	2119733	15630	2
2218	109	Picture	11	2122173	0	2	4145	3	0	4000	hit	225
2218	109	Response	1	2127574	5401	1
2218	109	Pulse	5	2139733	17560	2
2218	110	Picture	10	2140244	0	1	4145	2	0	4000	other	0
2218	111	Picture	10	2158315	0	1	4144	3	0	4000	other	0
2218	111	Pulse	5	2159722	1407	2
2218	112	Picture	11	2176385	0	2	4145	3	0	4000	hit	232
2218	112	Pulse	5	2179722	3337	2
2218	112	Response	1	2180842	4457	2
2218	113	Picture	10	2194456	0	1	4145	2	0	4000	other	0
2218	113	Pulse	5	2199721	5265	2
2218	114	Picture	10	2212527	0	1	4144	3	0	4000	other	0
2218	114	Pulse	5	2219711	7184	2
2218	115	Picture	10	2230597	0	2	4145	3	0	4000	other	0
2218	115	Pulse	5	2239710	9113	2
2218	116	Picture	10	2248668	0	1	4145	2	0	4000	other	0
2218	116	Pulse	5	2259710	11042	2
2218	117	Picture	10	2266739	0	1	4144	3	0	4000	other	0
2218	117	Pulse	5	2279699	12960	2
2218	118	Picture	11	2284810	0	1	4144	2	0	4000	hit	244
2218	118	Response	1	2291059	6249	2
2218	118	Pulse	5	2299699	14889	2
2218	119	Picture	10	2302880	0	1	4145	2	0	4000	other	0
2218	119	Pulse	5	2319699	16819	1
2218	120	Picture	10	2320951	0	1	4145	2	0	4000	other	0
2218	121	Pulse	5	2339688	666	2
2218	121	Pulse	5	2359687	20665	2
2218	122	Picture	20	2364055	0	1	4145	2	0	4000	other	0
2218	122	Pulse	5	2379687	15632	2
2218	123	Picture	20	2382126	0	1	4145	2	0	4000	other	0
2218	123	Pulse	5	2399676	17550	2
2218	124	Picture	20	2400197	0	1	4144	2	0	4000	other	0
2218	125	Picture	21	2418267	0	2	4145	3	0	4000	hit	258
2218	125	Pulse	5	2419676	1409	2
2218	125	Response	1	2423836	5569	2
2218	126	Picture	20	2436338	0	1	4145	2	0	4000	other	0
2218	126	Pulse	5	2439675	3337	2
2218	127	Picture	20	2454409	0	1	4144	3	0	4000	other	0
2218	127	Pulse	5	2459666	5257	1
2218	128	Picture	21	2472479	0	2	4145	3	0	4000	hit	264
2218	128	Response	1	2477904	5425	2
2218	128	Pulse	5	2479664	7185	2
2218	129	Picture	20	2490550	0	1	4144	3	0	4000	other	0
2218	129	Pulse	5	2499664	9114	2
2218	130	Picture	20	2508621	0	1	4144	3	0	4000	other	0
2218	130	Pulse	5	2519653	11032	3
2218	131	Picture	20	2526691	0	2	4145	3	0	4000	other	0
2218	131	Pulse	5	2539653	12962	2
2218	132	Picture	21	2544762	0	1	4145	2	0	4000	hit	273
2218	132	Response	1	2552132	7370	4
2218	132	Pulse	5	2559652	14890	3
2218	133	Picture	20	2562833	0	1	4144	3	0	4000	other	0
2218	133	Pulse	5	2579642	16809	2
2218	134	Picture	20	2580903	0	2	4145	3	0	4000	other	0
2218	135	Picture	21	2598974	0	1	4145	2	0	4000	hit	280
2218	135	Pulse	5	2599641	667	2
2218	135	Response	1	2603801	4827	2
2218	136	Picture	20	2617045	0	1	4144	3	0	4000	other	0
2218	136	Pulse	5	2619641	2596	2
2218	137	Picture	20	2635116	0	1	4144	2	0	4000	other	0
2218	137	Pulse	5	2639630	4514	2
