Scenario - 1-back
Logfile written - 11/20/2014 12:12:34

Subject	Trial	Event Type	Code	Time	TTime	Uncertainty	Duration	Uncertainty	ReqTime	ReqDur	Stim Type	Pair Index

2218	1	Pulse	5	109235	119069	2
2218	2	Pulse	5	129234	19869	2
2218	3	Picture	10	134398	0	2	4145	3	0	4000	other	0
2218	3	Pulse	5	149224	14826	2
2218	4	Picture	10	152469	0	1	4145	3	0	4000	other	0
2218	4	Pulse	5	169223	16754	2
2218	5	Picture	11	170540	0	1	4144	3	0	4000	miss	0
2218	6	Picture	10	188610	0	2	4145	3	0	4000	other	0
2218	6	Pulse	5	189214	604	1
2218	7	Picture	11	206681	0	1	4145	2	0	4000	miss	0
2218	7	Pulse	5	209214	2533	1
2218	8	Picture	10	224752	0	1	4144	3	0	4000	other	0
2218	8	Pulse	5	229213	4461	1
2218	9	Picture	10	242822	0	2	4145	3	0	4000	other	0
2218	9	Pulse	5	249213	6391	1
2218	10	Picture	10	260893	0	1	4145	2	0	4000	other	0
2218	10	Pulse	5	269201	8308	2
2218	11	Picture	11	278964	0	1	4144	3	0	4000	miss	0
2218	11	Pulse	5	289200	10236	2
2218	12	Picture	10	297035	0	1	4144	2	0	4000	other	0
2218	12	Pulse	5	309200	12165	2
2218	13	Picture	10	315105	0	1	4145	2	0	4000	other	0
2218	13	Pulse	5	329189	14084	2
2218	14	Picture	11	333176	0	1	4144	3	0	4000	miss	0
2218	14	Pulse	5	349189	16013	2
2218	15	Picture	10	351247	0	1	4143	4	0	4000	other	0
2218	15	Pulse	5	369188	17941	2
2218	16	Picture	10	369317	0	1	4145	2	0	4000	other	0
2218	17	Picture	10	387388	0	1	4145	2	0	4000	other	0
2218	17	Pulse	5	389179	1791	1
2218	18	Picture	10	405459	0	1	4144	2	0	4000	other	0
2218	18	Pulse	5	409177	3718	2
2218	19	Pulse	5	429177	5648	2
2218	20	Picture	30	448563	0	1	4145	2	0	4000	other	0
2218	20	Pulse	5	449166	603	3
2218	21	Picture	30	466634	0	1	4144	2	0	4000	other	0
2218	21	Pulse	5	469166	2532	2
2218	22	Picture	31	484704	0	2	4145	3	0	4000	miss	0
2218	22	Pulse	5	489167	4463	1
2218	23	Picture	30	502775	0	1	4145	2	0	4000	other	0
2218	23	Pulse	5	509155	6380	2
2218	24	Picture	30	520846	0	1	4144	2	0	4000	other	0
2218	24	Pulse	5	529154	8308	2
2218	25	Picture	30	538916	0	2	4145	3	0	4000	other	0
2218	25	Pulse	5	549154	10238	2
2218	26	Picture	31	556987	0	1	4145	2	0	4000	miss	0
2218	26	Pulse	5	569143	12156	2
2218	27	Picture	31	575058	0	1	4144	3	0	4000	miss	0
2218	27	Pulse	5	589143	14085	2
2218	28	Picture	30	593128	0	2	4145	3	0	4000	other	0
2218	28	Pulse	5	609142	16014	2
2218	29	Picture	30	611199	0	1	4145	2	0	4000	other	0
2218	29	Pulse	5	629132	17933	2
2218	30	Picture	30	629270	0	1	4144	3	0	4000	other	0
2218	31	Picture	31	647340	0	2	4145	3	0	4000	miss	0
2218	31	Pulse	5	649131	1791	2
2218	32	Picture	30	665411	0	1	4145	2	0	4000	other	0
2218	32	Pulse	5	669131	3720	2
2218	33	Picture	30	683482	0	1	4144	3	0	4000	other	0
2218	33	Pulse	5	689120	5638	2
2218	34	Picture	30	701552	0	2	4145	3	0	4000	other	0
2218	34	Pulse	5	709120	7568	2
2218	35	Picture	30	719623	0	1	4145	2	0	4000	other	0
2218	35	Pulse	5	729119	9496	2
2218	36	Pulse	5	749109	11415	2
2218	37	Picture	10	762728	0	1	4144	2	0	4000	other	0
2218	37	Pulse	5	769268	6540	2
2218	38	Picture	10	780798	0	1	4145	2	0	4000	other	0
2218	38	Pulse	5	789268	8470	2
2218	39	Picture	11	798869	0	1	4145	2	0	4000	miss	0
2218	39	Pulse	5	809257	10388	2
2218	40	Picture	10	816940	0	1	4144	2	0	4000	other	0
2218	40	Pulse	5	829257	12317	2
2218	41	Picture	11	835010	0	1	4145	2	0	4000	miss	0
2218	41	Pulse	5	849256	14246	2
2218	42	Picture	10	853081	0	1	4145	2	0	4000	other	0
2218	42	Pulse	5	869246	16165	2
2218	43	Picture	10	871152	0	1	4144	2	0	4000	other	0
2218	44	Picture	10	889222	0	2	4145	3	0	4000	other	0
2218	44	Pulse	5	889245	23	2
2218	45	Picture	11	907293	0	1	4145	2	0	4000	miss	0
2218	45	Pulse	5	909245	1952	2
2218	46	Picture	10	925364	0	1	4144	3	0	4000	other	0
2218	46	Pulse	5	929234	3870	3
2218	47	Picture	10	943434	0	2	4145	3	0	4000	other	0
2218	47	Pulse	5	949234	5800	2
2218	48	Picture	11	961505	0	1	4145	2	0	4000	miss	0
2218	48	Pulse	5	969233	7728	3
2218	49	Picture	10	979576	0	1	4144	3	0	4000	other	0
2218	49	Pulse	5	989222	9646	3
2218	50	Picture	10	997646	0	2	4145	3	0	4000	other	0
2218	50	Pulse	5	1009222	11576	2
2218	51	Picture	10	1015717	0	1	4145	2	0	4000	other	0
2218	51	Pulse	5	1029222	13505	2
2218	52	Picture	10	1033788	0	1	4144	3	0	4000	other	0
2218	52	Pulse	5	1049211	15423	2
2218	53	Pulse	5	1069211	17353	2
2218	54	Picture	20	1076892	0	1	4145	2	0	4000	other	0
2218	54	Pulse	5	1089210	12318	2
2218	55	Picture	20	1094963	0	1	4144	3	0	4000	other	0
2218	55	Pulse	5	1109200	14237	2
2218	56	Picture	21	1113033	0	2	4145	3	0	4000	miss	0
2218	56	Pulse	5	1129199	16166	2
2218	57	Picture	20	1131104	0	1	4145	2	0	4000	other	0
2218	58	Picture	20	1149175	0	1	4144	3	0	4000	other	0
2218	58	Pulse	5	1149199	24	2
2218	59	Picture	20	1167245	0	2	4145	3	0	4000	other	0
2218	59	Pulse	5	1169188	1943	2
2218	60	Picture	21	1185316	0	1	4145	2	0	4000	miss	0
2218	60	Pulse	5	1189188	3872	2
2218	61	Picture	20	1203387	0	1	4144	3	0	4000	other	0
2218	61	Pulse	5	1209179	5792	1
2218	62	Picture	20	1221458	0	1	4144	2	0	4000	other	0
2218	62	Pulse	5	1229177	7719	2
2218	63	Picture	20	1239528	0	1	4145	2	0	4000	other	0
2218	63	Pulse	5	1249176	9648	2
2218	64	Picture	20	1257599	0	1	4144	3	0	4000	other	0
2218	64	Pulse	5	1269167	11568	1
2218	65	Picture	20	1275670	0	1	4144	2	0	4000	other	0
2218	65	Pulse	5	1289167	13497	1
2218	66	Picture	21	1293740	0	1	4145	2	0	4000	miss	0
2218	66	Pulse	5	1309166	15426	1
2218	67	Picture	20	1311811	0	1	4145	2	0	4000	other	0
2218	67	Pulse	5	1329166	17355	1
2218	68	Picture	20	1329882	0	1	4144	2	0	4000	other	0
2218	69	Picture	21	1347952	0	1	4145	2	0	4000	miss	0
2218	69	Pulse	5	1349154	1202	2
2218	70	Pulse	5	1369153	3130	2
2218	70	Pulse	5	1389153	23130	2
2218	71	Picture	10	1391057	0	1	4144	3	0	4000	other	0
2218	72	Picture	10	1409127	0	2	4145	3	0	4000	other	0
2218	72	Pulse	5	1409142	15	3
2218	73	Picture	11	1427198	0	1	4145	2	0	4000	miss	0
2218	73	Pulse	5	1429142	1944	2
2218	74	Picture	10	1445269	0	1	4144	3	0	4000	other	0
2218	74	Pulse	5	1449141	3872	3
2218	75	Picture	11	1463339	0	2	4145	3	0	4000	miss	0
2218	75	Pulse	5	1469131	5792	2
2218	76	Picture	10	1481410	0	1	4145	2	0	4000	other	0
2218	76	Pulse	5	1489130	7720	2
2218	77	Picture	10	1499481	0	1	4144	3	0	4000	other	0
2218	77	Pulse	5	1509130	9649	2
2218	78	Picture	11	1517551	0	2	4145	3	0	4000	miss	0
2218	78	Pulse	5	1529119	11568	2
2218	79	Picture	10	1535622	0	1	4145	2	0	4000	other	0
2218	79	Pulse	5	1549119	13497	2
2218	80	Picture	10	1553693	0	1	4144	3	0	4000	other	0
2218	80	Pulse	5	1569118	15425	2
2218	81	Picture	10	1571763	0	2	4145	3	0	4000	other	0
2218	81	Pulse	5	1589108	17345	2
2218	82	Picture	10	1589834	0	1	4145	2	0	4000	other	0
2218	83	Picture	10	1607905	0	1	4145	2	0	4000	other	0
2218	83	Pulse	5	1609107	1202	2
2218	84	Picture	11	1625975	0	2	4145	3	0	4000	miss	0
2218	84	Pulse	5	1629107	3132	2
2218	85	Picture	10	1644046	0	1	4145	2	0	4000	other	0
2218	85	Pulse	5	1649096	5050	2
2218	86	Picture	10	1662116	0	2	4146	3	0	4000	other	0
2218	86	Pulse	5	1669096	6980	2
2218	87	Pulse	5	1689095	8907	2
2218	88	Picture	30	1705221	0	1	4145	2	0	4000	other	0
2218	88	Pulse	5	1709085	3864	2
2218	89	Picture	30	1723292	0	1	4145	2	0	4000	other	0
2218	89	Pulse	5	1729084	5792	2
2218	90	Picture	30	1741363	0	1	4144	2	0	4000	other	0
2218	90	Pulse	5	1749084	7721	2
2218	91	Picture	31	1759433	0	1	4145	2	0	4000	miss	0
2218	91	Pulse	5	1769073	9640	2
2218	92	Picture	31	1777504	0	1	4145	2	0	4000	miss	0
2218	92	Pulse	5	1789073	11569	2
2218	93	Picture	30	1795575	0	1	4144	2	0	4000	other	0
2218	93	Pulse	5	1809232	13657	2
2218	94	Picture	30	1813645	0	2	4145	3	0	4000	other	0
2218	94	Pulse	5	1829222	15577	2
2218	95	Picture	30	1831716	0	1	4145	2	0	4000	other	0
2218	95	Pulse	5	1849221	17505	2
2218	96	Picture	31	1849787	0	1	4144	3	0	4000	miss	0
2218	97	Picture	30	1867857	0	2	4145	3	0	4000	other	0
2218	97	Pulse	5	1869221	1364	2
2218	98	Picture	30	1885928	0	1	4145	2	0	4000	other	0
2218	98	Pulse	5	1889210	3282	3
2218	99	Picture	30	1903999	0	1	4144	3	0	4000	other	0
2218	99	Pulse	5	1909210	5211	2
2218	100	Picture	30	1922069	0	2	4145	3	0	4000	other	0
2218	100	Pulse	5	1929209	7140	3
2218	101	Picture	31	1940140	0	1	4145	2	0	4000	miss	0
2218	101	Pulse	5	1949199	9059	2
2218	102	Picture	30	1958211	0	1	4144	3	0	4000	other	0
2218	102	Pulse	5	1969198	10987	2
2218	103	Picture	30	1976281	0	2	4145	3	0	4000	other	0
2218	103	Pulse	5	1989198	12917	2
2218	104	Pulse	5	2009187	14835	2
2218	105	Picture	10	2019386	0	1	4145	2	0	4000	other	0
2218	105	Pulse	5	2029187	9801	2
2218	106	Picture	10	2037457	0	1	4144	2	0	4000	other	0
2218	106	Pulse	5	2049186	11729	2
2218	107	Picture	11	2055527	0	1	4145	2	0	4000	miss	0
2218	107	Pulse	5	2069176	13649	2
2218	108	Picture	10	2073598	0	1	4145	2	0	4000	other	0
2218	108	Pulse	5	2089175	15577	2
2218	109	Picture	11	2091669	0	1	4144	2	0	4000	miss	0
2218	109	Pulse	5	2109175	17506	2
2218	110	Picture	10	2109739	0	1	4145	2	0	4000	other	0
2218	111	Picture	10	2127810	0	1	4145	2	0	4000	other	0
2218	111	Pulse	5	2129164	1354	2
2218	112	Picture	11	2145881	0	1	4144	2	0	4000	miss	0
2218	112	Pulse	5	2149164	3283	2
2218	113	Picture	10	2163951	0	2	4145	3	0	4000	other	0
2218	113	Pulse	5	2169163	5212	2
2218	114	Picture	10	2182022	0	1	4145	2	0	4000	other	0
2218	114	Pulse	5	2189154	7132	1
2218	115	Picture	10	2200093	0	1	4144	3	0	4000	other	0
2218	115	Pulse	5	2209152	9059	2
2218	116	Picture	10	2218163	0	2	4145	3	0	4000	other	0
2218	116	Pulse	5	2229152	10989	2
2218	117	Picture	10	2236234	0	1	4145	2	0	4000	other	0
2218	117	Pulse	5	2249141	12907	2
2218	118	Picture	11	2254305	0	1	4144	3	0	4000	miss	0
2218	118	Pulse	5	2269141	14836	2
2218	119	Picture	10	2272375	0	2	4145	3	0	4000	other	0
2218	119	Pulse	5	2289132	16757	1
2218	120	Picture	10	2290446	0	1	4145	2	0	4000	other	0
2218	121	Pulse	5	2309131	614	1
2218	121	Pulse	5	2329131	20614	1
2218	122	Picture	20	2333550	0	2	4145	3	0	4000	other	0
2218	122	Pulse	5	2349130	15580	1
2218	123	Picture	20	2351621	0	1	4145	2	0	4000	other	0
2218	123	Pulse	5	2369118	17497	3
2218	124	Picture	20	2369692	0	1	4144	3	0	4000	other	0
2218	125	Picture	21	2387763	0	1	4144	2	0	4000	miss	0
2218	125	Pulse	5	2389118	1355	2
2218	126	Picture	20	2405833	0	1	4145	2	0	4000	other	0
2218	126	Pulse	5	2409119	3286	1
2218	127	Picture	20	2423904	0	1	4144	3	0	4000	other	0
2218	127	Pulse	5	2429107	5203	2
2218	128	Picture	21	2441974	0	2	4145	3	0	4000	miss	0
2218	128	Pulse	5	2449106	7132	2
2218	129	Picture	20	2460045	0	1	4145	2	0	4000	other	0
2218	129	Pulse	5	2469106	9061	2
2218	130	Picture	20	2478116	0	1	4145	2	0	4000	other	0
2218	130	Pulse	5	2489095	10979	2
2218	131	Picture	20	2496187	0	1	4144	2	0	4000	other	0
2218	131	Pulse	5	2509095	12908	2
2218	132	Picture	21	2514257	0	1	4145	2	0	4000	miss	0
2218	132	Pulse	5	2529094	14837	2
2218	133	Picture	20	2532328	0	1	4145	2	0	4000	other	0
2218	133	Pulse	5	2549084	16756	2
2218	134	Picture	20	2550399	0	1	4144	2	0	4000	other	0
2218	135	Picture	21	2568469	0	2	4145	3	0	4000	miss	0
2218	135	Pulse	5	2569083	614	2
2218	136	Picture	20	2586540	0	1	4145	2	0	4000	other	0
2218	136	Pulse	5	2589083	2543	2
2218	137	Picture	20	2604611	0	1	4144	2	0	4000	other	0
2218	137	Pulse	5	2609072	4461	2
