Scenario - 1-back
Logfile written - 11/20/2014 12:19:01

Subject	Trial	Event Type	Code	Time	TTime	Uncertainty	Duration	Uncertainty	ReqTime	ReqDur	Stim Type	Pair Index

2218	1	Pulse	5	145433	155267	3
2218	2	Pulse	5	165433	19927	2
2218	3	Picture	10	170540	0	1	4144	3	0	4000	other	0
2218	3	Pulse	5	185432	14892	3
2218	4	Picture	10	188610	0	2	4145	3	0	4000	other	0
2218	4	Pulse	5	205422	16812	2
2218	5	Picture	11	206681	0	1	4145	2	0	4000	hit	8
2218	5	Response	1	212462	5781	2
2218	6	Picture	10	224751	0	2	4145	4	0	4000	other	0
2218	6	Pulse	5	225421	670	2
2218	7	Picture	11	242822	0	2	4145	3	0	4000	hit	13
2218	7	Pulse	5	245421	2599	2
2218	7	Response	1	248291	5469	2
2218	8	Picture	10	260893	0	1	4145	2	0	4000	other	0
2218	8	Pulse	5	265410	4517	2
2218	9	Picture	10	278964	0	1	4144	3	0	4000	other	0
2218	9	Pulse	5	285410	6446	2
2218	10	Picture	10	297034	0	2	4145	3	0	4000	other	0
2218	10	Pulse	5	305401	8367	1
2218	11	Picture	11	315105	0	1	4145	2	0	4000	hit	21
2218	11	Response	1	319959	4854	2
2218	11	Pulse	5	325399	10294	2
2218	12	Picture	10	333176	0	1	4144	3	0	4000	other	0
2218	12	Pulse	5	345398	12222	2
2218	13	Picture	10	351246	0	2	4145	3	0	4000	other	0
2218	13	Pulse	5	365399	14153	1
2218	14	Picture	11	369317	0	1	4145	2	0	4000	hit	28
2218	14	Response	1	374669	5352	1
2218	14	Pulse	5	385389	16072	1
2218	15	Picture	10	387388	0	1	4145	2	0	4000	other	0
2218	15	Pulse	5	405387	17999	2
2218	16	Picture	10	405459	0	1	4144	2	0	4000	other	0
2218	17	Picture	10	423529	0	1	4145	2	0	4000	other	0
2218	17	Pulse	5	425388	1859	1
2218	18	Picture	10	441600	0	1	4144	3	0	4000	other	0
2218	18	Pulse	5	445377	3777	1
2218	19	Pulse	5	465377	5707	1
2218	20	Picture	20	484704	0	1	4145	2	0	4000	other	0
2218	20	Pulse	5	485375	671	2
2218	21	Picture	20	502775	0	1	4145	2	0	4000	other	0
2218	21	Pulse	5	505364	2589	2
2218	22	Picture	21	520846	0	1	4144	2	0	4000	hit	44
2218	22	Pulse	5	525364	4518	2
2218	22	Response	1	528244	7398	2
2218	23	Picture	20	538916	0	1	4145	2	0	4000	other	0
2218	23	Pulse	5	545363	6447	2
2218	24	Picture	20	556987	0	1	4145	2	0	4000	other	0
2218	24	Pulse	5	565353	8366	2
2218	25	Picture	20	575058	0	1	4144	2	0	4000	other	0
2218	25	Pulse	5	585352	10294	2
2218	26	Picture	21	593128	0	1	4145	2	0	4000	hit	52
2218	26	Response	1	597984	4856	1
2218	26	Pulse	5	605352	12224	2
2218	27	Picture	20	611199	0	1	4145	2	0	4000	other	0
2218	27	Pulse	5	625341	14142	3
2218	28	Picture	20	629270	0	1	4144	2	0	4000	other	0
2218	28	Pulse	5	645341	16071	2
2218	29	Picture	20	647340	0	1	4145	2	0	4000	other	0
2218	29	Pulse	5	665340	18000	12
2218	30	Picture	20	665411	0	1	4145	2	0	4000	other	0
2218	31	Picture	20	683482	0	1	4144	3	0	4000	other	0
2218	31	Pulse	5	685330	1848	2
2218	32	Picture	21	701552	0	2	4145	3	0	4000	hit	65
2218	32	Pulse	5	705329	3777	2
2218	32	Response	1	708369	6817	2
2218	33	Picture	20	719623	0	1	4145	2	0	4000	other	0
2218	33	Pulse	5	725329	5706	2
2218	34	Picture	20	737694	0	1	4144	2	0	4000	other	0
2218	34	Pulse	5	745318	7624	2
2218	35	Picture	21	755764	0	1	4145	2	0	4000	hit	71
2218	35	Response	1	763558	7794	2
2218	35	Pulse	5	765318	9554	2
2218	36	Pulse	5	785477	11642	2
2218	37	Picture	10	798869	0	1	4144	3	0	4000	other	0
2218	37	Pulse	5	805467	6598	2
2218	38	Picture	10	816939	0	1	4145	2	0	4000	other	0
2218	38	Pulse	5	825467	8528	1
2218	39	Picture	11	835010	0	1	4145	2	0	4000	hit	79
2218	39	Response	1	841946	6936	2
2218	39	Pulse	5	845466	10456	2
2218	40	Picture	10	853081	0	1	4144	3	0	4000	other	0
2218	40	Pulse	5	865455	12374	2
2218	41	Picture	11	871151	0	2	4145	3	0	4000	hit	84
2218	41	Response	1	879375	8224	2
2218	41	Pulse	5	885455	14304	2
2218	42	Picture	10	889222	0	1	4145	2	0	4000	other	0
2218	42	Pulse	5	905454	16232	2
2218	43	Picture	10	907293	0	1	4144	3	0	4000	other	0
2218	44	Picture	10	925363	0	2	4145	3	0	4000	other	0
2218	44	Pulse	5	925444	81	2
2218	45	Picture	11	943434	0	1	4145	2	0	4000	hit	93
2218	45	Pulse	5	945443	2009	2
2218	45	Response	1	951043	7609	2
2218	46	Picture	10	961505	0	1	4144	3	0	4000	other	0
2218	46	Pulse	5	965443	3938	2
2218	47	Picture	10	979575	0	2	4145	3	0	4000	other	0
2218	47	Pulse	5	985432	5857	2
2218	48	Picture	11	997646	0	1	4145	2	0	4000	hit	99
2218	48	Response	1	1002552	4906	2
2218	48	Pulse	5	1005432	7786	2
2218	49	Picture	10	1015717	0	1	4144	3	0	4000	other	0
2218	49	Pulse	5	1026231	10514	2
2218	50	Picture	10	1033787	0	2	4145	3	0	4000	other	0
2218	50	Pulse	5	1045421	11634	2
2218	51	Picture	10	1051858	0	1	4145	2	0	4000	other	0
2218	51	Pulse	5	1065420	13562	2
2218	52	Picture	10	1069929	0	1	4145	2	0	4000	other	0
2218	52	Pulse	5	1085420	15491	2
2218	53	Pulse	5	1105409	17410	3
2218	54	Picture	30	1113033	0	1	4145	2	0	4000	other	0
2218	54	Pulse	5	1125409	12376	2
2218	55	Picture	30	1131104	0	1	4144	3	0	4000	other	0
2218	55	Pulse	5	1145408	14304	3
2218	56	Picture	31	1149175	0	1	4144	2	0	4000	hit	115
2218	56	Response	1	1157558	8383	2
2218	56	Pulse	5	1165398	16223	2
2218	57	Picture	30	1167245	0	1	4145	2	0	4000	other	0
2218	58	Picture	30	1185316	0	1	4144	3	0	4000	other	0
2218	58	Pulse	5	1185397	81	2
2218	59	Picture	30	1203387	0	1	4144	2	0	4000	other	0
2218	59	Pulse	5	1205397	2010	2
2218	60	Picture	31	1221457	0	2	4145	3	0	4000	hit	124
2218	60	Pulse	5	1225386	3929	2
2218	60	Response	1	1227946	6489	2
2218	61	Picture	31	1239528	0	1	4145	2	0	4000	hit	127
2218	61	Pulse	5	1245386	5858	2
2218	61	Response	1	1250506	10978	1
2218	62	Picture	30	1257599	0	1	4144	3	0	4000	other	0
2218	62	Pulse	5	1265385	7786	2
2218	63	Picture	30	1275669	0	1	4145	2	0	4000	other	0
2218	63	Pulse	5	1285375	9706	2
2218	64	Picture	30	1293740	0	1	4144	3	0	4000	other	0
2218	64	Pulse	5	1305374	11634	2
2218	65	Picture	31	1311811	0	1	4144	2	0	4000	hit	135
2218	65	Response	1	1317374	5563	2
2218	65	Pulse	5	1325374	13563	2
2218	66	Picture	30	1329881	0	2	4145	3	0	4000	other	0
2218	66	Pulse	5	1345363	15482	2
2218	67	Picture	30	1347952	0	1	4145	2	0	4000	other	0
2218	67	Pulse	5	1365363	17411	2
2218	68	Picture	30	1366023	0	1	4144	3	0	4000	other	0
2218	69	Picture	30	1384093	0	2	4145	3	0	4000	other	0
2218	69	Pulse	5	1385352	1259	3
2218	70	Pulse	5	1405352	3188	2
2218	70	Pulse	5	1425351	23187	2
2218	71	Picture	10	1427198	0	1	4144	3	0	4000	other	0
2218	72	Picture	10	1445268	0	2	4145	3	0	4000	other	0
2218	72	Pulse	5	1445352	84	1
2218	73	Picture	11	1463339	0	1	4145	2	0	4000	hit	151
2218	73	Pulse	5	1465342	2003	1
2218	73	Response	1	1466942	3603	1
2218	74	Picture	10	1481410	0	1	4144	3	0	4000	other	0
2218	74	Pulse	5	1485341	3931	1
2218	75	Picture	11	1499480	0	2	4145	3	0	4000	miss	0
2218	75	Pulse	5	1505339	5859	2
2218	76	Picture	10	1517551	0	1	4145	2	0	4000	other	0
2218	76	Pulse	5	1525329	7778	2
2218	77	Picture	10	1535622	0	1	4144	3	0	4000	other	0
2218	77	Pulse	5	1545328	9706	2
2218	78	Picture	11	1553692	0	2	4145	3	0	4000	hit	161
2218	78	Response	1	1560528	6836	2
2218	78	Pulse	5	1565328	11636	2
2218	79	Picture	10	1571763	0	1	4145	2	0	4000	other	0
2218	79	Pulse	5	1585317	13554	3
2218	80	Picture	10	1589834	0	1	4144	3	0	4000	other	0
2218	80	Pulse	5	1605317	15483	2
2218	81	Picture	10	1607904	0	2	4145	3	0	4000	other	0
2218	81	Pulse	5	1625316	17412	3
2218	82	Picture	10	1625975	0	1	4145	2	0	4000	other	0
2218	83	Picture	10	1644046	0	1	4145	2	0	4000	other	0
2218	83	Pulse	5	1645306	1260	2
2218	84	Picture	11	1662116	0	2	4145	3	0	4000	hit	174
2218	84	Pulse	5	1665305	3189	2
2218	84	Response	1	1667545	5429	2
2218	85	Picture	10	1680187	0	1	4145	2	0	4000	other	0
2218	85	Pulse	5	1685305	5118	2
2218	86	Picture	10	1698258	0	1	4144	3	0	4000	other	0
2218	86	Pulse	5	1705294	7036	2
2218	87	Pulse	5	1725294	8965	2
2218	88	Picture	20	1741362	0	2	4145	3	0	4000	other	0
2218	88	Pulse	5	1745293	3931	2
2218	89	Picture	20	1759433	0	1	4145	2	0	4000	other	0
2218	89	Pulse	5	1765283	5850	2
2218	90	Picture	20	1777504	0	1	4144	3	0	4000	other	0
2218	90	Pulse	5	1785282	7778	2
2218	91	Picture	21	1795574	0	2	4145	3	0	4000	hit	187
2218	91	Response	1	1800162	4588	2
2218	91	Pulse	5	1805282	9708	2
2218	92	Picture	20	1813645	0	1	4145	2	0	4000	other	0
2218	92	Pulse	5	1825431	11786	2
2218	93	Picture	20	1831716	0	1	4144	3	0	4000	other	0
2218	93	Pulse	5	1845431	13715	2
2218	94	Picture	21	1849786	0	2	4145	3	0	4000	hit	194
2218	94	Response	1	1854551	4765	1
2218	94	Pulse	5	1865430	15644	2
2218	95	Picture	20	1867857	0	1	4145	2	0	4000	other	0
2218	95	Pulse	5	1885420	17563	2
2218	96	Picture	20	1885928	0	1	4144	3	0	4000	other	0
2218	97	Picture	20	1903998	0	2	4145	3	0	4000	other	0
2218	97	Pulse	5	1905419	1421	2
2218	98	Picture	21	1922069	0	1	4145	2	0	4000	hit	203
2218	98	Pulse	5	1925419	3350	2
2218	98	Response	1	1927329	5260	2
2218	99	Picture	20	1940140	0	1	4144	3	0	4000	other	0
2218	99	Pulse	5	1945408	5268	2
2218	100	Picture	20	1958210	0	2	4145	3	0	4000	other	0
2218	100	Pulse	5	1965408	7198	2
2218	101	Picture	21	1976281	0	2	4145	3	0	4000	hit	209
2218	101	Response	1	1981887	5606	2
2218	101	Pulse	5	1985407	9126	2
2218	102	Picture	20	1994352	0	1	4144	3	0	4000	other	0
2218	102	Pulse	5	2005397	11045	2
2218	103	Picture	20	2012422	0	2	4145	3	0	4000	other	0
2218	103	Pulse	5	2025396	12974	2
2218	104	Pulse	5	2045396	14903	2
2218	105	Picture	10	2055527	0	1	4144	3	0	4000	other	0
2218	105	Pulse	5	2065385	9858	3
2218	106	Picture	10	2073598	0	1	4144	2	0	4000	other	0
2218	106	Pulse	5	2085385	11787	2
2218	107	Picture	11	2091668	0	1	4145	2	0	4000	hit	221
2218	107	Response	1	2098504	6836	3
2218	107	Pulse	5	2105384	13716	3
2218	108	Picture	10	2109739	0	1	4144	3	0	4000	other	0
2218	108	Pulse	5	2125374	15635	2
2218	109	Picture	11	2127810	0	1	4144	2	0	4000	hit	226
2218	109	Response	1	2135614	7804	1
2218	109	Pulse	5	2145373	17563	2
2218	110	Picture	10	2145880	0	1	4145	2	0	4000	other	0
2218	111	Picture	10	2163951	0	1	4145	2	0	4000	other	0
2218	111	Pulse	5	2165373	1422	2
2218	112	Picture	11	2182022	0	1	4144	2	0	4000	hit	233
2218	112	Pulse	5	2185362	3340	2
2218	112	Response	1	2188242	6220	2
2218	113	Picture	10	2200092	0	2	4145	3	0	4000	other	0
2218	113	Pulse	5	2205362	5270	2
2218	114	Picture	10	2218163	0	1	4145	2	0	4000	other	0
2218	114	Pulse	5	2225361	7198	2
2218	115	Picture	10	2236234	0	1	4144	3	0	4000	other	0
2218	115	Pulse	5	2245351	9117	2
2218	116	Picture	10	2254304	0	1	4145	2	0	4000	other	0
2218	116	Pulse	5	2265350	11046	2
2218	117	Picture	10	2272375	0	1	4145	2	0	4000	other	0
2218	117	Pulse	5	2285350	12975	1
2218	118	Picture	11	2290446	0	1	4144	3	0	4000	hit	245
2218	118	Response	1	2295739	5293	2
2218	118	Pulse	5	2305339	14893	2
2218	119	Picture	10	2308516	0	2	4145	3	0	4000	other	0
2218	119	Pulse	5	2325339	16823	2
2218	120	Picture	10	2326587	0	1	4145	2	0	4000	other	0
2218	121	Pulse	5	2345338	680	2
2218	121	Pulse	5	2365328	20670	2
2218	122	Picture	30	2369691	0	2	4145	3	0	4000	other	0
2218	122	Pulse	5	2385327	15636	2
2218	123	Picture	30	2387762	0	1	4145	2	0	4000	other	0
2218	123	Pulse	5	2405318	17556	1
2218	124	Picture	30	2405833	0	1	4144	3	0	4000	other	0
2218	125	Picture	31	2423903	0	2	4145	3	0	4000	hit	259
2218	125	Pulse	5	2425316	1413	2
2218	125	Response	1	2430116	6213	2
2218	126	Picture	31	2441974	0	1	4145	2	0	4000	hit	262
2218	126	Pulse	5	2445316	3342	2
2218	126	Response	1	2448196	6222	1
2218	127	Picture	30	2460045	0	1	4144	3	0	4000	other	0
2218	127	Pulse	5	2465316	5271	2
2218	128	Picture	30	2478115	0	2	4145	3	0	4000	other	0
2218	128	Pulse	5	2485306	7191	1
2218	129	Picture	30	2496186	0	1	4145	2	0	4000	other	0
2218	129	Pulse	5	2505306	9120	1
2218	130	Picture	31	2514257	0	1	4145	2	0	4000	hit	270
2218	130	Response	1	2519384	5127	2
2218	130	Pulse	5	2525304	11047	1
2218	131	Picture	30	2532328	0	1	4144	2	0	4000	other	0
2218	131	Pulse	5	2545293	12965	3
2218	132	Picture	30	2550398	0	1	4145	2	0	4000	other	0
2218	132	Pulse	5	2565293	14895	2
2218	133	Picture	30	2568469	0	1	4145	2	0	4000	other	0
2218	133	Pulse	5	2585284	16815	1
2218	134	Picture	30	2586540	0	1	4144	2	0	4000	other	0
2218	135	Picture	31	2604610	0	2	4145	3	0	4000	hit	281
2218	135	Pulse	5	2605282	672	2
2218	135	Response	1	2611042	6432	1
2218	136	Picture	30	2622681	0	1	4145	2	0	4000	other	0
2218	136	Pulse	5	2625281	2600	2
2218	137	Picture	30	2640752	0	1	4144	2	0	4000	other	0
2218	137	Pulse	5	2645281	4529	2
