Scenario - 1-back
Logfile written - 11/20/2014 12:07:32

Subject	Trial	Event Type	Code	Time	TTime	Uncertainty	Duration	Uncertainty	ReqTime	ReqDur	Stim Type	Pair Index

2218	1	Pulse	5	134063	143898	2
2218	2	Pulse	5	154223	19990	1
2218	3	Picture	10	159266	0	1	4145	2	0	4000	other	0
2218	3	Pulse	5	174222	14956	2
2218	4	Picture	10	177337	0	1	4145	2	0	4000	other	0
2218	4	Pulse	5	194212	16875	1
2218	5	Picture	11	195408	0	1	4144	2	0	4000	hit	8
2218	5	Response	1	202691	7283	2
2218	6	Picture	10	213478	0	2	4145	3	0	4000	other	0
2218	6	Pulse	5	214211	733	2
2218	7	Picture	11	231549	0	1	4145	2	0	4000	hit	13
2218	7	Pulse	5	234211	2662	1
2218	7	Response	1	237402	5853	1
2218	8	Picture	10	249620	0	1	4144	2	0	4000	other	0
2218	8	Pulse	5	254201	4581	1
2218	9	Picture	10	267690	0	1	4145	2	0	4000	other	0
2218	9	Pulse	5	274200	6510	1
2218	10	Picture	10	285761	0	1	4145	2	0	4000	other	0
2218	10	Pulse	5	294200	8439	2
2218	11	Picture	11	303832	0	1	4144	2	0	4000	hit	21
2218	11	Response	1	308110	4278	1
2218	11	Pulse	5	314190	10358	1
2218	12	Picture	10	321902	0	2	4145	3	0	4000	other	0
2218	12	Pulse	5	334189	12287	2
2218	13	Picture	10	339973	0	1	4145	2	0	4000	other	0
2218	13	Pulse	5	354188	14215	1
2218	14	Picture	11	358044	0	1	4143	4	0	4000	hit	28
2218	14	Response	1	366177	8133	2
2218	14	Pulse	5	374177	16133	2
2218	15	Picture	10	376114	0	2	4145	3	0	4000	other	0
2218	15	Pulse	5	394177	18063	2
2218	16	Picture	10	394185	0	1	4145	2	0	4000	other	0
2218	17	Picture	10	412256	0	1	4144	3	0	4000	other	0
2218	17	Pulse	5	414176	1920	2
2218	18	Picture	10	430326	0	2	4145	3	0	4000	other	0
2218	18	Pulse	5	434166	3840	1
2218	19	Pulse	5	454165	5768	2
2218	20	Picture	20	473431	0	1	4145	2	0	4000	other	0
2218	20	Pulse	5	474165	734	1
2218	21	Picture	20	491501	0	2	4145	3	0	4000	other	0
2218	21	Pulse	5	494154	2653	2
2218	22	Picture	21	509572	0	1	4145	2	0	4000	hit	44
2218	22	Pulse	5	514154	4582	2
2218	22	Response	1	515114	5542	2
2218	23	Picture	20	527643	0	1	4144	3	0	4000	other	0
2218	23	Pulse	5	534153	6510	3
2218	24	Picture	20	545714	0	1	4144	2	0	4000	other	0
2218	24	Pulse	5	554143	8429	1
2218	25	Picture	20	563784	0	1	4145	2	0	4000	other	0
2218	25	Pulse	5	574142	10358	2
2218	26	Picture	21	581855	0	1	4144	3	0	4000	hit	52
2218	26	Response	1	589342	7487	2
2218	26	Pulse	5	594142	12287	1
2218	27	Picture	20	599925	0	2	4145	3	0	4000	other	0
2218	27	Pulse	5	614131	14206	2
2218	28	Picture	20	617996	0	1	4145	2	0	4000	other	0
2218	28	Pulse	5	634131	16135	1
2218	29	Picture	20	636067	0	1	4145	2	0	4000	other	0
2218	29	Pulse	5	654130	18063	2
2218	30	Picture	20	654138	0	1	4144	2	0	4000	other	0
2218	31	Picture	20	672208	0	1	4145	2	0	4000	other	0
2218	31	Pulse	5	674120	1912	1
2218	32	Picture	21	690279	0	1	4145	2	0	4000	hit	65
2218	32	Pulse	5	694119	3840	2
2218	32	Response	1	700199	9920	2
2218	33	Picture	20	708350	0	1	4144	2	0	4000	other	0
2218	33	Pulse	5	714119	5769	1
2218	34	Picture	20	726420	0	1	4145	2	0	4000	other	0
2218	34	Pulse	5	734108	7688	2
2218	35	Picture	21	744491	0	1	4145	2	0	4000	hit	71
2218	35	Response	1	750108	5617	2
2218	35	Pulse	5	754108	9617	1
2218	36	Pulse	5	774107	11545	2
2218	37	Picture	10	787595	0	2	4145	3	0	4000	other	0
2218	37	Pulse	5	794097	6502	1
2218	38	Picture	10	805666	0	1	4145	2	0	4000	other	0
2218	38	Pulse	5	814096	8430	2
2218	39	Picture	11	823737	0	1	4144	3	0	4000	hit	79
2218	39	Response	1	830256	6519	2
2218	39	Pulse	5	834096	10359	1
2218	40	Picture	10	841807	0	2	4145	3	0	4000	other	0
2218	40	Pulse	5	854085	12278	2
2218	41	Picture	11	859878	0	1	4145	2	0	4000	hit	84
2218	41	Response	1	869126	9248	1
2218	41	Pulse	5	874085	14207	2
2218	42	Picture	10	877949	0	1	4144	3	0	4000	other	0
2218	42	Pulse	5	894084	16135	2
2218	43	Picture	10	896019	0	2	4145	4	0	4000	other	0
2218	43	Pulse	5	914073	18054	2
2218	44	Picture	10	914090	0	1	4145	2	0	4000	other	0
2218	45	Picture	11	932161	0	1	4144	3	0	4000	hit	93
2218	45	Pulse	5	934073	1912	2
2218	45	Response	1	940633	8472	2
2218	46	Picture	10	950231	0	2	4145	3	0	4000	other	0
2218	46	Pulse	5	954073	3842	1
2218	47	Picture	10	968302	0	3	4145	4	0	4000	other	0
2218	47	Pulse	5	974062	5760	2
2218	48	Picture	11	986373	0	1	4144	3	0	4000	hit	99
2218	48	Response	1	993102	6729	2
2218	48	Pulse	5	994062	7689	2
2218	49	Picture	10	1004443	0	2	4145	3	0	4000	other	0
2218	49	Pulse	5	1014061	9618	2
2218	50	Picture	10	1022514	0	1	4145	2	0	4000	other	0
2218	50	Pulse	5	1034051	11537	1
2218	51	Picture	10	1040585	0	1	4145	2	0	4000	other	0
2218	51	Pulse	5	1054050	13465	2
2218	52	Picture	10	1058656	0	1	4144	3	0	4000	other	0
2218	52	Pulse	5	1074050	15394	1
2218	53	Pulse	5	1094039	17313	2
2218	54	Picture	30	1101760	0	1	4145	2	0	4000	other	0
2218	54	Pulse	5	1114039	12279	1
2218	55	Picture	30	1119831	0	1	4144	2	0	4000	other	0
2218	55	Pulse	5	1134038	14207	2
2218	56	Picture	31	1137901	0	1	4145	2	0	4000	hit	115
2218	56	Response	1	1146508	8607	2
2218	56	Pulse	5	1154028	16127	1
2218	57	Picture	30	1155972	0	1	4145	2	0	4000	other	0
2218	57	Pulse	5	1174028	18056	1
2218	58	Picture	30	1174043	0	1	4144	3	0	4000	other	0
2218	59	Picture	30	1192113	0	2	4145	3	0	4000	other	0
2218	59	Pulse	5	1194027	1914	1
2218	60	Picture	31	1210184	0	1	4145	2	0	4000	miss	0
2218	60	Pulse	5	1214177	3993	1
2218	61	Picture	31	1228255	0	1	4144	3	0	4000	hit	125
2218	61	Response	1	1229376	1121	2
2218	61	Pulse	5	1234176	5921	1
2218	62	Picture	30	1246325	0	2	4145	3	0	4000	other	0
2218	62	Pulse	5	1254175	7850	2
2218	63	Picture	30	1264396	0	1	4145	2	0	4000	other	0
2218	63	Pulse	5	1274165	9769	1
2218	64	Picture	30	1282467	0	1	4144	3	0	4000	other	0
2218	64	Pulse	5	1294164	11697	2
2218	65	Picture	31	1300537	0	2	4145	3	0	4000	hit	134
2218	65	Response	1	1306004	5467	2
2218	65	Pulse	5	1314165	13628	1
2218	66	Picture	30	1318608	0	1	4145	2	0	4000	other	0
2218	66	Pulse	5	1334154	15546	2
2218	67	Picture	30	1336679	0	1	4144	3	0	4000	other	0
2218	67	Pulse	5	1354154	17475	1
2218	68	Picture	30	1354749	0	2	4145	3	0	4000	other	0
2218	69	Picture	30	1372820	0	1	4145	2	0	4000	other	0
2218	69	Pulse	5	1374153	1333	2
2218	70	Pulse	5	1394142	3251	1
2218	70	Pulse	5	1414142	23251	2
2218	71	Picture	10	1415925	0	1	4144	2	0	4000	other	0
2218	72	Picture	10	1433995	0	1	4145	2	0	4000	other	0
2218	72	Pulse	5	1434141	146	1
2218	73	Picture	11	1452066	0	1	4144	3	0	4000	hit	150
2218	73	Pulse	5	1454130	2064	2
2218	73	Response	1	1457490	5424	2
2218	74	Picture	10	1470136	0	2	4145	3	0	4000	other	0
2218	74	Pulse	5	1474130	3994	2
2218	75	Picture	11	1488207	0	1	4145	2	0	4000	hit	155
2218	75	Pulse	5	1494129	5922	2
2218	75	Response	1	1495729	7522	2
2218	76	Picture	10	1506278	0	1	4145	2	0	4000	other	0
2218	76	Pulse	5	1514119	7841	1
2218	77	Picture	10	1524349	0	1	4144	2	0	4000	other	0
2218	77	Pulse	5	1534118	9769	2
2218	78	Picture	11	1542419	0	1	4145	2	0	4000	hit	161
2218	78	Response	1	1547878	5459	2
2218	78	Pulse	5	1554118	11699	1
2218	79	Picture	10	1560490	0	1	4145	2	0	4000	other	0
2218	79	Pulse	5	1574107	13617	2
2218	80	Picture	10	1578561	0	1	4144	2	0	4000	other	0
2218	80	Pulse	5	1594107	15546	1
2218	81	Picture	10	1596631	0	1	4145	2	0	4000	other	0
2218	81	Pulse	5	1614106	17475	2
2218	82	Picture	10	1614702	0	1	4145	2	0	4000	other	0
2218	83	Picture	10	1632773	0	1	4144	2	0	4000	other	0
2218	83	Pulse	5	1634096	1323	1
2218	84	Picture	11	1650843	0	2	4145	3	0	4000	hit	174
2218	84	Pulse	5	1654096	3253	1
2218	84	Response	1	1657935	7092	2
2218	85	Picture	10	1668914	0	1	4145	2	0	4000	other	0
2218	85	Pulse	5	1674095	5181	1
2218	86	Picture	10	1686985	0	1	4144	3	0	4000	other	0
2218	86	Pulse	5	1694084	7099	2
2218	87	Pulse	5	1714084	9029	1
2218	88	Picture	20	1730089	0	1	4145	2	0	4000	other	0
2218	88	Pulse	5	1734083	3994	2
2218	89	Picture	20	1748160	0	1	4144	3	0	4000	other	0
2218	89	Pulse	5	1754073	5913	1
2218	90	Picture	20	1766230	0	2	4145	3	0	4000	other	0
2218	90	Pulse	5	1774072	7842	2
2218	91	Picture	21	1784301	0	1	4145	2	0	4000	hit	187
2218	91	Response	1	1789272	4971	1
2218	91	Pulse	5	1794072	9771	1
2218	92	Picture	20	1802372	0	1	4144	3	0	4000	other	0
2218	92	Pulse	5	1814061	11689	2
2218	93	Picture	20	1820443	0	1	4144	2	0	4000	other	0
2218	93	Pulse	5	1834061	13618	1
2218	94	Picture	21	1838513	0	1	4145	2	0	4000	hit	194
2218	94	Response	1	1843820	5307	2
2218	94	Pulse	5	1854060	15547	2
2218	95	Picture	20	1856584	0	1	4145	2	0	4000	other	0
2218	95	Pulse	5	1874050	17466	1
2218	96	Picture	20	1874654	0	2	4145	3	0	4000	other	0
2218	97	Picture	20	1892725	0	1	4145	2	0	4000	other	0
2218	97	Pulse	5	1894049	1324	2
2218	98	Picture	21	1910796	0	1	4145	2	0	4000	hit	203
2218	98	Pulse	5	1914049	3253	1
2218	98	Response	1	1918368	7572	2
2218	99	Picture	20	1928867	0	1	4144	2	0	4000	other	0
2218	99	Pulse	5	1934038	5171	2
2218	100	Picture	20	1946937	0	1	4145	2	0	4000	other	0
2218	100	Pulse	5	1954037	7100	3
2218	101	Picture	21	1965007	0	2	4146	3	0	4000	hit	209
2218	101	Response	1	1972917	7910	2
2218	101	Pulse	5	1974037	9030	2
2218	102	Picture	20	1983079	0	1	4144	2	0	4000	other	0
2218	102	Pulse	5	1994027	10948	1
2218	103	Picture	20	2001149	0	2	4145	3	0	4000	other	0
2218	103	Pulse	5	2014026	12877	2
2218	104	Pulse	5	2034026	14806	1
2218	105	Picture	10	2044254	0	1	4144	3	0	4000	other	0
2218	105	Pulse	5	2054015	9761	2
2218	106	Picture	10	2062324	0	1	4145	2	0	4000	other	0
2218	106	Pulse	5	2074015	11691	1
2218	107	Picture	11	2080395	0	1	4145	2	0	4000	hit	221
2218	107	Response	1	2086814	6419	2
2218	107	Pulse	5	2094014	13619	2
2218	108	Picture	10	2098466	0	1	4144	3	0	4000	other	0
2218	108	Pulse	5	2114004	15538	1
2218	109	Picture	11	2116536	0	2	4145	3	0	4000	hit	226
2218	109	Response	1	2125523	8987	2
2218	109	Pulse	5	2134003	17467	2
2218	110	Picture	10	2134607	0	1	4145	2	0	4000	other	0
2218	111	Picture	10	2152678	0	1	4144	3	0	4000	other	0
2218	111	Pulse	5	2154003	1325	1
2218	112	Picture	11	2170748	0	2	4145	3	0	4000	hit	233
2218	112	Pulse	5	2173992	3244	2
2218	112	Response	1	2176552	5804	2
2218	113	Picture	10	2188819	0	1	4145	2	0	4000	other	0
2218	113	Pulse	5	2193992	5173	1
2218	114	Picture	10	2206890	0	1	4144	3	0	4000	other	0
2218	114	Pulse	5	2213991	7101	2
2218	115	Picture	10	2224960	0	2	4145	3	0	4000	other	0
2218	115	Pulse	5	2233981	9021	1
2218	116	Picture	10	2243031	0	1	4145	2	0	4000	other	0
2218	116	Pulse	5	2254140	11109	2
2218	117	Picture	10	2261102	0	1	4145	2	0	4000	other	0
2218	117	Pulse	5	2274140	13038	1
2218	118	Picture	11	2279173	0	1	4144	2	0	4000	hit	245
2218	118	Response	1	2286289	7116	2
2218	118	Pulse	5	2294129	14956	2
2218	119	Picture	10	2297243	0	1	4145	2	0	4000	other	0
2218	119	Pulse	5	2314128	16885	2
2218	120	Picture	10	2315314	0	1	4144	3	0	4000	other	0
2218	121	Pulse	5	2334128	743	2
2218	121	Pulse	5	2354118	20733	1
2218	122	Picture	30	2358418	0	1	4145	2	0	4000	other	0
2218	122	Pulse	5	2374117	15699	2
2218	123	Picture	30	2376489	0	1	4145	2	0	4000	other	0
2218	123	Pulse	5	2394118	17629	1
2218	124	Picture	30	2394560	0	1	4144	3	0	4000	other	0
2218	125	Picture	31	2412630	0	1	4145	2	0	4000	hit	259
2218	125	Pulse	5	2414108	1478	1
2218	125	Response	1	2419388	6758	1
2218	126	Picture	31	2430701	0	1	4145	2	0	4000	miss	0
2218	126	Pulse	5	2434108	3407	1
2218	127	Picture	30	2448772	0	1	4144	3	0	4000	false_alarm	263
2218	127	Response	1	2453147	4375	1
2218	127	Pulse	5	2454107	5335	1
2218	128	Picture	30	2466842	0	1	4145	2	0	4000	other	0
2218	128	Pulse	5	2474095	7253	1
2218	129	Picture	30	2484913	0	1	4145	2	0	4000	other	0
2218	129	Pulse	5	2494094	9181	2
2218	130	Picture	31	2502984	0	2	4144	4	0	4000	hit	270
2218	130	Response	1	2510414	7430	1
2218	130	Pulse	5	2514094	11110	1
2218	131	Picture	30	2521054	0	2	4145	3	0	4000	other	0
2218	131	Pulse	5	2534083	13029	2
2218	132	Picture	30	2539125	0	1	4145	2	0	4000	other	0
2218	132	Pulse	5	2554082	14957	2
2218	133	Picture	30	2557196	0	1	4144	3	0	4000	other	0
2218	133	Pulse	5	2574082	16886	2
2218	134	Picture	30	2575266	0	2	4145	3	0	4000	other	0
2218	135	Picture	31	2593337	0	1	4145	2	0	4000	hit	281
2218	135	Pulse	5	2594072	735	1
2218	135	Response	1	2599671	6334	2
2218	136	Picture	30	2611408	0	1	4144	3	0	4000	other	0
2218	136	Pulse	5	2614071	2663	2
2218	137	Picture	30	2629478	0	2	4145	3	0	4000	other	0
2218	137	Pulse	5	2634071	4593	1
