Scenario - 1-back
Logfile written - 01/23/2015 11:37:45

Subject	Trial	Event Type	Code	Time	TTime	Uncertainty	Duration	Uncertainty	ReqTime	ReqDur	Stim Type	Pair Index

2229	1	Pulse	5	344953	354788	2
2229	2	Pulse	5	364953	19842	2
2229	3	Picture	10	370144	0	2	4145	3	0	4000	other	0
2229	3	Pulse	5	384942	14798	2
2229	4	Picture	10	388215	0	1	4145	2	0	4000	other	0
2229	4	Pulse	5	404941	16726	3
2229	5	Picture	11	406286	0	1	4144	2	0	4000	hit	8
2229	5	Response	1	409101	2815	3
2229	6	Picture	10	424356	0	1	4145	2	0	4000	other	0
2229	6	Pulse	5	424941	585	2
2229	7	Picture	11	442427	0	1	4144	3	0	4000	hit	13
2229	7	Pulse	5	444930	2503	2
2229	7	Response	1	446370	3943	2
2229	8	Picture	10	460497	0	2	4145	3	0	4000	other	0
2229	8	Pulse	5	464930	4433	1
2229	9	Picture	10	478568	0	1	4144	3	0	4000	other	0
2229	9	Pulse	5	484929	6361	2
2229	10	Picture	10	496639	0	1	4144	2	0	4000	other	0
2229	10	Pulse	5	504918	8279	2
2229	11	Picture	11	514709	0	1	4145	2	0	4000	hit	21
2229	11	Response	1	519478	4769	2
2229	11	Pulse	5	524918	10209	2
2229	12	Picture	10	532780	0	1	4144	2	0	4000	other	0
2229	12	Pulse	5	544917	12137	2
2229	13	Picture	10	550850	0	1	4145	2	0	4000	other	0
2229	13	Pulse	5	564906	14056	2
2229	14	Picture	11	568921	0	1	4144	3	0	4000	hit	28
2229	14	Response	1	574346	5425	2
2229	14	Pulse	5	584906	15985	2
2229	15	Picture	10	586991	0	2	4145	3	0	4000	other	0
2229	15	Pulse	5	604905	17914	2
2229	16	Picture	10	605062	0	1	4145	2	0	4000	other	0
2229	17	Picture	10	623133	0	1	4144	2	0	4000	other	0
2229	17	Pulse	5	624895	1762	1
2229	18	Picture	10	641203	0	1	4145	2	0	4000	other	0
2229	18	Pulse	5	644894	3691	2
2229	19	Pulse	5	664893	5619	2
2229	20	Picture	20	684307	0	1	4145	2	0	4000	other	0
2229	20	Pulse	5	684883	576	2
2229	21	Picture	20	702378	0	1	4145	2	0	4000	other	0
2229	21	Pulse	5	704882	2504	2
2229	22	Picture	21	720448	0	2	4145	3	0	4000	hit	44
2229	22	Pulse	5	724881	4433	2
2229	22	Response	1	726321	5873	2
2229	23	Picture	20	738519	0	1	4145	2	0	4000	other	0
2229	23	Pulse	5	744871	6352	2
2229	24	Picture	20	756590	0	1	4144	3	0	4000	other	0
2229	24	Pulse	5	764870	8280	2
2229	25	Picture	20	774660	0	1	4145	2	0	4000	other	0
2229	25	Pulse	5	784860	10200	2
2229	26	Picture	21	792731	0	1	4144	3	0	4000	hit	52
2229	26	Response	1	799099	6368	2
2229	26	Pulse	5	804859	12128	2
2229	27	Picture	20	810801	0	2	4145	3	0	4000	other	0
2229	27	Pulse	5	824858	14057	2
2229	28	Picture	20	828872	0	1	4145	2	0	4000	other	0
2229	28	Pulse	5	844858	15986	2
2229	29	Picture	20	846943	0	1	4144	2	0	4000	other	0
2229	29	Pulse	5	865007	18064	3
2229	30	Picture	20	865013	0	1	4145	2	0	4000	other	0
2229	31	Picture	20	883084	0	1	4144	3	0	4000	other	0
2229	31	Pulse	5	885006	1922	3
2229	32	Picture	21	901154	0	1	4145	2	0	4000	hit	65
2229	32	Pulse	5	905006	3852	3
2229	32	Response	1	907246	6092	3
2229	33	Picture	20	919225	0	1	4145	2	0	4000	other	0
2229	33	Pulse	5	924995	5770	3
2229	34	Picture	20	937296	0	1	4144	2	0	4000	other	0
2229	34	Pulse	5	944995	7699	2
2229	35	Picture	21	955366	0	1	4145	2	0	4000	hit	71
2229	35	Response	1	960194	4828	2
2229	35	Pulse	5	964994	9628	2
2229	36	Pulse	5	984983	11546	3
2229	37	Picture	10	998470	0	1	4145	2	0	4000	other	0
2229	37	Pulse	5	1004983	6513	2
2229	38	Picture	10	1016541	0	1	4144	3	0	4000	other	0
2229	38	Pulse	5	1024982	8441	2
2229	39	Picture	11	1034611	0	2	4145	3	0	4000	hit	79
2229	39	Response	1	1037931	3320	2
2229	39	Pulse	5	1044971	10360	2
2229	40	Picture	10	1052682	0	1	4145	2	0	4000	other	0
2229	40	Pulse	5	1064971	12289	2
2229	41	Picture	11	1070753	0	1	4144	2	0	4000	hit	84
2229	41	Response	1	1075850	5097	2
2229	41	Pulse	5	1084970	14217	2
2229	42	Picture	10	1088823	0	1	4145	2	0	4000	other	0
2229	42	Pulse	5	1104959	16136	2
2229	43	Picture	10	1106894	0	1	4144	3	0	4000	other	0
2229	43	Pulse	5	1124959	18065	2
2229	44	Picture	10	1124964	0	2	4145	3	0	4000	other	0
2229	45	Picture	11	1143035	0	1	4144	3	0	4000	hit	93
2229	45	Pulse	5	1144958	1923	2
2229	45	Response	1	1148468	5433	2
2229	46	Picture	10	1161105	0	2	4145	3	0	4000	other	0
2229	46	Pulse	5	1164948	3843	1
2229	47	Picture	10	1179175	0	3	4146	4	0	4000	other	0
2229	47	Pulse	5	1184947	5772	2
2229	48	Picture	11	1197247	0	1	4144	3	0	4000	hit	99
2229	48	Response	1	1202067	4820	1
2229	48	Pulse	5	1204946	7699	2
2229	49	Picture	10	1215317	0	1	4145	2	0	4000	other	0
2229	49	Pulse	5	1224936	9619	2
2229	50	Picture	10	1233388	0	1	4145	2	0	4000	other	0
2229	50	Pulse	5	1244935	11547	2
2229	51	Picture	10	1251458	0	2	4145	3	0	4000	other	0
2229	51	Pulse	5	1264935	13477	1
2229	52	Picture	10	1269529	0	1	4145	2	0	4000	other	0
2229	52	Pulse	5	1284924	15395	2
2229	53	Pulse	5	1304923	17324	2
2229	54	Picture	30	1312633	0	1	4145	2	0	4000	other	0
2229	54	Pulse	5	1324923	12290	1
2229	55	Picture	30	1330704	0	1	4144	3	0	4000	other	0
2229	55	Pulse	5	1344912	14208	2
2229	56	Picture	31	1348774	0	2	4145	3	0	4000	hit	115
2229	56	Response	1	1352912	4138	2
2229	56	Pulse	5	1364911	16137	3
2229	57	Picture	30	1366845	0	1	4145	2	0	4000	other	0
2229	57	Pulse	5	1384911	18066	2
2229	58	Picture	30	1384916	0	1	4144	2	0	4000	other	0
2229	59	Picture	30	1402986	0	1	4145	2	0	4000	other	0
2229	59	Pulse	5	1404900	1914	2
2229	60	Picture	31	1421057	0	1	4144	2	0	4000	hit	124
2229	60	Pulse	5	1424900	3843	1
2229	60	Response	1	1426979	5922	2
2229	61	Picture	31	1439127	0	1	4145	2	0	4000	miss	0
2229	61	Pulse	5	1444899	5772	2
2229	62	Picture	30	1457198	0	1	4144	3	0	4000	other	0
2229	62	Pulse	5	1464888	7690	2
2229	63	Picture	30	1475268	0	2	4145	3	0	4000	other	0
2229	63	Pulse	5	1484888	9620	1
2229	64	Picture	30	1493339	0	1	4145	2	0	4000	other	0
2229	64	Pulse	5	1504887	11548	2
2229	65	Picture	31	1511410	0	1	4144	2	0	4000	hit	134
2229	65	Response	1	1515757	4347	1
2229	65	Pulse	5	1524876	13466	2
2229	66	Picture	30	1529480	0	1	4145	2	0	4000	other	0
2229	66	Pulse	5	1544876	15396	2
2229	67	Picture	30	1547551	0	1	4144	3	0	4000	other	0
2229	67	Pulse	5	1564875	17324	2
2229	68	Picture	30	1565621	0	1	4145	2	0	4000	other	0
2229	69	Picture	30	1583692	0	1	4145	2	0	4000	other	0
2229	69	Pulse	5	1584864	1172	2
2229	70	Pulse	5	1604864	3102	2
2229	70	Pulse	5	1624863	23101	2
2229	71	Picture	10	1626796	0	1	4145	2	0	4000	other	0
2229	71	Pulse	5	1644853	18057	2
2229	72	Picture	10	1644867	0	1	4144	2	0	4000	other	0
2229	73	Picture	11	1662937	0	1	4145	2	0	4000	hit	150
2229	73	Pulse	5	1664852	1915	2
2229	73	Response	1	1667252	4315	2
2229	74	Picture	10	1681008	0	1	4144	3	0	4000	other	0
2229	74	Pulse	5	1684851	3843	2
2229	75	Picture	11	1699078	0	2	4145	3	0	4000	hit	154
2229	75	Response	1	1703721	4643	2
2229	75	Pulse	5	1704841	5763	2
2229	76	Picture	10	1717149	0	1	4145	2	0	4000	other	0
2229	76	Pulse	5	1724840	7691	2
2229	77	Picture	10	1735219	0	2	4145	3	0	4000	other	0
2229	77	Pulse	5	1744840	9621	1
2229	78	Picture	11	1753290	0	1	4145	2	0	4000	miss	0
2229	78	Pulse	5	1764829	11539	2
2229	79	Picture	10	1771361	0	1	4144	3	0	4000	other	0
2229	79	Pulse	5	1784828	13467	2
2229	80	Picture	10	1789431	0	1	4145	2	0	4000	other	0
2229	80	Pulse	5	1804828	15397	1
2229	81	Picture	10	1807502	0	1	4145	2	0	4000	other	0
2229	81	Pulse	5	1824817	17315	2
2229	82	Picture	10	1825572	0	2	4145	3	0	4000	other	0
2229	83	Picture	10	1843643	0	1	4145	2	0	4000	other	0
2229	83	Pulse	5	1844816	1173	3
2229	84	Picture	11	1861714	0	1	4144	2	0	4000	hit	173
2229	84	Pulse	5	1864806	3092	2
2229	84	Response	1	1865606	3892	2
2229	85	Picture	10	1879784	0	1	4145	2	0	4000	other	0
2229	85	Pulse	5	1884805	5021	2
2229	86	Picture	10	1897855	0	1	4144	3	0	4000	other	0
2229	86	Pulse	5	1904964	7109	2
2229	87	Pulse	5	1924964	9039	2
2229	88	Picture	20	1940959	0	1	4145	2	0	4000	other	0
2229	88	Pulse	5	1944953	3994	2
2229	89	Picture	20	1959030	0	1	4144	2	0	4000	other	0
2229	89	Pulse	5	1964953	5923	2
2229	90	Picture	20	1977100	0	1	4145	2	0	4000	other	0
2229	90	Pulse	5	1984953	7853	1
2229	91	Picture	21	1995171	0	1	4144	3	0	4000	hit	186
2229	91	Response	1	1999822	4651	1
2229	91	Pulse	5	2004941	9770	2
2229	92	Picture	20	2013241	0	2	4145	3	0	4000	other	0
2229	92	Pulse	5	2024941	11700	2
2229	93	Picture	20	2031312	0	1	4145	2	0	4000	other	0
2229	93	Pulse	5	2044941	13629	1
2229	94	Picture	21	2049382	0	2	4145	3	0	4000	hit	193
2229	94	Response	1	2052930	3548	2
2229	94	Pulse	5	2064929	15547	2
2229	95	Picture	20	2067453	0	1	4145	2	0	4000	other	0
2229	95	Pulse	5	2084929	17476	2
2229	96	Picture	20	2085524	0	1	4144	2	0	4000	other	0
2229	97	Picture	20	2103594	0	2	4145	3	0	4000	other	0
2229	97	Pulse	5	2104928	1334	2
2229	98	Picture	21	2121665	0	1	4144	3	0	4000	hit	202
2229	98	Pulse	5	2124918	3253	1
2229	98	Response	1	2128597	6932	2
2229	99	Picture	20	2139735	0	2	4145	3	0	4000	other	0
2229	99	Pulse	5	2144917	5182	2
2229	100	Picture	20	2157806	0	1	4145	2	0	4000	other	0
2229	100	Pulse	5	2164917	7111	1
2229	101	Picture	21	2175876	0	2	4145	3	0	4000	hit	208
2229	101	Response	1	2179466	3590	2
2229	101	Pulse	5	2184906	9030	2
2229	102	Picture	20	2193947	0	1	4145	2	0	4000	other	0
2229	102	Pulse	5	2204905	10958	2
2229	103	Picture	20	2212018	0	1	4144	3	0	4000	other	0
2229	103	Pulse	5	2224904	12886	2
2229	104	Pulse	5	2244894	14806	2
2229	105	Picture	10	2255122	0	1	4144	3	0	4000	other	0
2229	105	Pulse	5	2264893	9771	2
2229	106	Picture	10	2273192	0	2	4145	3	0	4000	other	0
2229	106	Pulse	5	2284893	11701	1
2229	107	Picture	11	2291263	0	1	4145	2	0	4000	hit	220
2229	107	Response	1	2300082	8819	2
2229	107	Pulse	5	2304882	13619	2
2229	108	Picture	10	2309334	0	1	4144	3	0	4000	other	0
2229	108	Pulse	5	2324881	15547	3
2229	109	Picture	11	2327404	0	1	4145	2	0	4000	hit	225
2229	109	Response	1	2330963	3559	1
2229	109	Pulse	5	2344881	17477	2
2229	110	Picture	10	2345475	0	1	4144	3	0	4000	other	0
2229	111	Picture	10	2363545	0	2	4145	3	0	4000	other	0
2229	111	Pulse	5	2364870	1325	2
2229	112	Picture	11	2381616	0	1	4145	2	0	4000	hit	232
2229	112	Pulse	5	2384869	3253	2
2229	112	Response	1	2385349	3733	2
2229	113	Picture	10	2399687	0	1	4144	2	0	4000	other	0
2229	113	Pulse	5	2404869	5182	2
2229	114	Picture	10	2417757	0	1	4145	2	0	4000	other	0
2229	114	Pulse	5	2424858	7101	2
2229	115	Picture	10	2435828	0	1	4144	3	0	4000	other	0
2229	115	Pulse	5	2444858	9030	1
2229	116	Picture	10	2453898	0	1	4145	2	0	4000	other	0
2229	116	Pulse	5	2464857	10959	2
2229	117	Picture	10	2471969	0	1	4145	2	0	4000	other	0
2229	117	Pulse	5	2484846	12877	2
2229	118	Picture	11	2490040	0	1	4144	2	0	4000	hit	244
2229	118	Response	1	2496846	6806	2
2229	118	Pulse	5	2504846	14806	2
2229	119	Picture	10	2508110	0	1	4145	2	0	4000	other	0
2229	119	Pulse	5	2524845	16735	2
2229	120	Picture	10	2526181	0	1	4144	2	0	4000	other	0
2229	121	Pulse	5	2544835	584	1
2229	121	Pulse	5	2564834	20583	2
2229	122	Picture	30	2569285	0	1	4144	3	0	4000	other	0
2229	122	Pulse	5	2584833	15548	2
2229	123	Picture	30	2587355	0	2	4145	3	0	4000	other	0
2229	123	Pulse	5	2604823	17468	1
2229	124	Picture	30	2605426	0	1	4145	2	0	4000	other	0
2229	125	Picture	31	2623497	0	1	4144	2	0	4000	hit	258
2229	125	Pulse	5	2624822	1325	2
2229	125	Response	1	2628662	5165	2
2229	126	Picture	31	2641567	0	1	4145	2	0	4000	hit	261
2229	126	Pulse	5	2644821	3254	2
2229	126	Response	1	2648171	6604	2
2229	127	Picture	30	2659638	0	1	4144	3	0	4000	other	0
2229	127	Pulse	5	2664811	5173	1
2229	128	Picture	30	2677708	0	2	4145	3	0	4000	other	0
2229	128	Pulse	5	2684810	7102	2
2229	129	Picture	30	2695779	0	1	4145	2	0	4000	other	0
2229	129	Pulse	5	2704809	9030	2
2229	130	Picture	31	2713850	0	1	4144	2	0	4000	hit	269
2229	130	Response	1	2718239	4389	2
2229	130	Pulse	5	2724799	10949	2
2229	131	Picture	30	2731919	0	3	4146	4	0	4000	other	0
2229	131	Pulse	5	2744798	12879	2
2229	132	Picture	30	2749991	0	1	4144	3	0	4000	other	0
2229	132	Pulse	5	2764798	14807	1
2229	133	Picture	30	2768061	0	1	4145	2	0	4000	other	0
2229	133	Pulse	5	2784787	16726	2
2229	134	Picture	30	2786132	0	1	4144	3	0	4000	other	0
2229	135	Picture	31	2804202	0	2	4145	3	0	4000	hit	280
2229	135	Pulse	5	2804786	584	3
2229	135	Response	1	2810866	6664	2
2229	136	Picture	30	2822273	0	1	4145	2	0	4000	other	0
2229	136	Pulse	5	2824786	2513	2
2229	137	Picture	30	2840344	0	1	4144	2	0	4000	false_alarm	285
2229	137	Pulse	5	2844775	4431	2
2229	137	Response	1	2845895	5551	2
