Scenario - 1-back
Logfile written - 01/23/2015 11:27:38

Subject	Trial	Event Type	Code	Time	TTime	Uncertainty	Duration	Uncertainty	ReqTime	ReqDur	Stim Type	Pair Index

2229	1	Response	1	172136	181970	1
2229	1	Pulse	5	354181	364015	1
2229	2	Pulse	5	374179	19950	2
2229	3	Picture	10	379263	0	1	4144	2	0	4000	other	0
2229	3	Pulse	5	394169	14906	2
2229	4	Picture	10	397333	0	1	4145	2	0	4000	other	0
2229	4	Pulse	5	414168	16835	2
2229	5	Picture	11	415404	0	1	4144	3	0	4000	hit	9
2229	5	Response	1	419448	4044	2
2229	6	Picture	10	433474	0	1	4145	2	0	4000	other	0
2229	6	Pulse	5	434167	693	3
2229	7	Picture	11	451545	0	1	4144	3	0	4000	hit	14
2229	7	Pulse	5	454157	2612	2
2229	7	Response	1	454957	3412	2
2229	8	Picture	10	469615	0	2	4145	3	0	4000	other	0
2229	8	Pulse	5	474156	4541	2
2229	9	Picture	10	487686	0	2	4145	3	0	4000	other	0
2229	9	Pulse	5	494156	6470	1
2229	10	Picture	10	505757	0	1	4144	2	0	4000	other	0
2229	10	Pulse	5	514145	8388	2
2229	11	Picture	11	523827	0	1	4145	2	0	4000	hit	22
2229	11	Response	1	527584	3757	2
2229	11	Pulse	5	534144	10317	2
2229	12	Picture	10	541898	0	1	4144	2	0	4000	other	0
2229	12	Pulse	5	554144	12246	1
2229	13	Picture	10	559968	0	1	4145	2	0	4000	other	0
2229	13	Pulse	5	574133	14165	2
2229	14	Picture	11	578039	0	1	4144	3	0	4000	hit	29
2229	14	Response	1	581173	3134	2
2229	14	Pulse	5	594132	16093	2
2229	15	Picture	10	596109	0	2	4145	3	0	4000	other	0
2229	16	Picture	10	614180	0	1	4145	2	0	4000	other	0
2229	16	Pulse	5	614292	112	2
2229	17	Picture	10	632251	0	1	4144	2	0	4000	other	0
2229	17	Pulse	5	634281	2030	2
2229	18	Picture	10	650321	0	1	4145	2	0	4000	other	0
2229	18	Pulse	5	654281	3960	1
2229	19	Pulse	5	674280	5888	2
2229	20	Picture	20	693425	0	1	4145	2	0	4000	other	0
2229	20	Pulse	5	694269	844	2
2229	21	Picture	20	711496	0	1	4144	3	0	4000	other	0
2229	21	Pulse	5	714269	2773	1
2229	22	Picture	21	729566	0	2	4145	3	0	4000	hit	44
2229	22	Response	1	733308	3742	2
2229	22	Pulse	5	734269	4703	1
2229	23	Picture	20	747637	0	1	4145	2	0	4000	other	0
2229	23	Pulse	5	754257	6620	3
2229	24	Picture	20	765708	0	1	4144	2	0	4000	other	0
2229	24	Pulse	5	774257	8549	2
2229	25	Picture	20	783778	0	1	4145	2	0	4000	other	0
2229	25	Pulse	5	794256	10478	2
2229	26	Picture	21	801849	0	1	4144	2	0	4000	hit	53
2229	26	Response	1	806086	4237	2
2229	26	Pulse	5	814245	12396	3
2229	27	Picture	20	819919	0	1	4145	2	0	4000	other	0
2229	27	Pulse	5	834245	14326	2
2229	28	Picture	20	837990	0	1	4144	3	0	4000	other	0
2229	28	Pulse	5	854245	16255	1
2229	29	Picture	20	856060	0	2	4145	3	0	4000	other	0
2229	30	Picture	20	874131	0	1	4145	2	0	4000	other	0
2229	30	Pulse	5	874234	103	2
2229	31	Picture	20	892202	0	1	4144	2	0	4000	other	0
2229	31	Pulse	5	894233	2031	2
2229	32	Picture	21	910272	0	1	4145	2	0	4000	hit	66
2229	32	Pulse	5	914232	3960	3
2229	32	Response	1	916472	6200	3
2229	33	Picture	20	928343	0	1	4144	2	0	4000	other	0
2229	33	Pulse	5	934222	5879	2
2229	34	Picture	20	946413	0	1	4145	2	0	4000	other	0
2229	34	Pulse	5	954221	7808	2
2229	35	Picture	21	964484	0	1	4144	3	0	4000	hit	72
2229	35	Response	1	967981	3497	2
2229	35	Pulse	5	974221	9737	1
2229	36	Pulse	5	994210	11656	2
2229	37	Picture	10	1007588	0	1	4144	3	0	4000	other	0
2229	37	Pulse	5	1014209	6621	2
2229	38	Picture	10	1025659	0	1	4144	2	0	4000	other	0
2229	38	Pulse	5	1034210	8551	1
2229	39	Picture	11	1043729	0	1	4145	2	0	4000	miss	0
2229	39	Pulse	5	1054198	10469	2
2229	40	Picture	10	1061800	0	1	4144	2	0	4000	other	0
2229	40	Pulse	5	1074197	12397	2
2229	41	Picture	11	1079870	0	1	4145	2	0	4000	hit	84
2229	41	Response	1	1084437	4567	2
2229	41	Pulse	5	1094197	14327	2
2229	42	Picture	10	1097941	0	1	4144	3	0	4000	other	0
2229	42	Pulse	5	1114187	16246	1
2229	43	Picture	10	1116011	0	2	4145	4	0	4000	other	0
2229	44	Picture	10	1134082	0	1	4145	2	0	4000	other	0
2229	44	Pulse	5	1134186	104	1
2229	45	Picture	11	1152153	0	1	4144	2	0	4000	hit	93
2229	45	Pulse	5	1154185	2032	2
2229	45	Response	1	1156585	4432	2
2229	46	Picture	10	1170223	0	1	4145	2	0	4000	other	0
2229	46	Pulse	5	1174174	3951	2
2229	47	Picture	10	1188294	0	1	4144	2	0	4000	other	0
2229	47	Pulse	5	1194174	5880	2
2229	48	Picture	11	1206364	0	1	4145	2	0	4000	hit	99
2229	48	Response	1	1210973	4609	2
2229	48	Pulse	5	1214173	7809	2
2229	49	Picture	10	1224435	0	1	4144	3	0	4000	other	0
2229	49	Pulse	5	1234162	9727	2
2229	50	Picture	10	1242505	0	2	4145	3	0	4000	other	0
2229	50	Pulse	5	1254162	11657	2
2229	51	Picture	10	1260576	0	1	4145	2	0	4000	other	0
2229	51	Pulse	5	1274161	13585	2
2229	52	Picture	10	1278647	0	1	4144	2	0	4000	other	0
2229	52	Pulse	5	1294151	15504	1
2229	53	Pulse	5	1314150	17433	2
2229	54	Picture	30	1321751	0	1	4144	2	0	4000	other	0
2229	54	Pulse	5	1334149	12398	2
2229	55	Picture	30	1339821	0	1	4145	2	0	4000	other	0
2229	55	Pulse	5	1354139	14318	2
2229	56	Picture	31	1357892	0	1	4145	2	0	4000	hit	115
2229	56	Response	1	1366298	8406	3
2229	56	Pulse	5	1374138	16246	2
2229	57	Picture	30	1375962	0	2	4145	3	0	4000	other	0
2229	58	Picture	30	1394033	0	1	4145	2	0	4000	other	0
2229	58	Pulse	5	1394137	104	3
2229	59	Picture	30	1412104	0	1	4144	2	0	4000	false_alarm	122
2229	59	Pulse	5	1414127	2023	2
2229	59	Response	1	1417487	5383	1
2229	60	Picture	31	1430174	0	1	4145	2	0	4000	miss	0
2229	60	Pulse	5	1434126	3952	2
2229	61	Picture	31	1448245	0	1	4144	3	0	4000	hit	126
2229	61	Response	1	1451885	3640	2
2229	61	Pulse	5	1454125	5880	2
2229	62	Picture	30	1466315	0	1	4145	2	0	4000	other	0
2229	62	Pulse	5	1474115	7800	2
2229	63	Picture	30	1484386	0	1	4144	3	0	4000	other	0
2229	63	Pulse	5	1494114	9728	2
2229	64	Picture	30	1502456	0	2	4145	3	0	4000	other	0
2229	64	Pulse	5	1514114	11658	1
2229	65	Picture	31	1520527	0	1	4145	2	0	4000	hit	135
2229	65	Response	1	1526583	6056	2
2229	65	Pulse	5	1534103	13576	2
2229	66	Picture	30	1538598	0	1	4144	2	0	4000	other	0
2229	66	Pulse	5	1554102	15504	2
2229	67	Picture	30	1556668	0	1	4145	2	0	4000	other	0
2229	67	Pulse	5	1574102	17434	1
2229	68	Picture	30	1574739	0	1	4144	3	0	4000	other	0
2229	69	Picture	30	1592809	0	2	4145	3	0	4000	other	0
2229	69	Pulse	5	1594091	1282	2
2229	70	Pulse	5	1614090	3210	2
2229	70	Pulse	5	1634090	23210	2
2229	71	Picture	10	1635913	0	2	4145	3	0	4000	other	0
2229	72	Picture	10	1653984	0	1	4145	2	0	4000	other	0
2229	72	Pulse	5	1654239	255	2
2229	73	Picture	11	1672055	0	1	4144	2	0	4000	hit	151
2229	73	Pulse	5	1674239	2184	1
2229	73	Response	1	1675838	3783	2
2229	74	Picture	10	1690125	0	1	4145	2	0	4000	other	0
2229	74	Pulse	5	1694238	4113	2
2229	75	Picture	11	1708196	0	1	4144	3	0	4000	hit	155
2229	75	Response	1	1712307	4111	2
2229	75	Pulse	5	1714227	6031	2
2229	76	Picture	10	1726266	0	2	4145	3	0	4000	other	0
2229	76	Pulse	5	1734227	7961	2
2229	77	Picture	10	1744337	0	1	4145	2	0	4000	other	0
2229	77	Pulse	5	1754226	9889	2
2229	78	Picture	11	1762408	0	1	4144	2	0	4000	hit	162
2229	78	Response	1	1766856	4448	1
2229	78	Pulse	5	1774215	11807	2
2229	79	Picture	10	1780478	0	1	4145	2	0	4000	other	0
2229	79	Pulse	5	1794215	13737	2
2229	80	Picture	10	1798549	0	1	4144	2	0	4000	other	0
2229	80	Pulse	5	1814214	15665	2
2229	81	Picture	10	1816619	0	1	4145	3	0	4000	other	0
2229	81	Pulse	5	1834203	17584	3
2229	82	Picture	10	1834690	0	1	4144	3	0	4000	other	0
2229	83	Picture	10	1852760	0	2	4145	3	0	4000	other	0
2229	83	Pulse	5	1854203	1443	2
2229	84	Picture	11	1870831	0	1	4145	2	0	4000	hit	175
2229	84	Pulse	5	1874202	3371	3
2229	84	Response	1	1875482	4651	3
2229	85	Picture	10	1888902	0	1	4144	2	0	4000	other	0
2229	85	Pulse	5	1894192	5290	2
2229	86	Picture	10	1906972	0	1	4145	2	0	4000	other	0
2229	86	Pulse	5	1914191	7219	2
2229	87	Pulse	5	1934190	9147	2
2229	88	Picture	20	1950076	0	1	4145	2	0	4000	other	0
2229	88	Pulse	5	1954180	4104	2
2229	89	Picture	20	1968147	0	1	4144	3	0	4000	other	0
2229	89	Pulse	5	1974179	6032	3
2229	90	Picture	20	1986217	0	2	4145	3	0	4000	other	0
2229	90	Pulse	5	1994179	7962	1
2229	91	Picture	21	2004288	0	1	4145	2	0	4000	hit	188
2229	91	Response	1	2007768	3480	2
2229	91	Pulse	5	2014168	9880	2
2229	92	Picture	20	2022359	0	1	4144	2	0	4000	other	0
2229	92	Pulse	5	2034167	11808	2
2229	93	Picture	20	2040429	0	1	4145	2	0	4000	other	0
2229	93	Pulse	5	2054167	13738	2
2229	94	Picture	21	2058500	0	1	4144	3	0	4000	hit	195
2229	94	Response	1	2062006	3506	2
2229	94	Pulse	5	2074156	15656	2
2229	95	Picture	20	2076570	0	1	4145	2	0	4000	other	0
2229	95	Pulse	5	2094155	17585	2
2229	96	Picture	20	2094641	0	1	4145	2	0	4000	other	0
2229	97	Picture	20	2112711	0	2	4145	3	0	4000	other	0
2229	97	Pulse	5	2114155	1444	2
2229	98	Picture	21	2130782	0	1	4145	2	0	4000	hit	204
2229	98	Pulse	5	2134144	3362	2
2229	98	Response	1	2134464	3682	2
2229	99	Picture	20	2148853	0	1	4144	2	0	4000	other	0
2229	99	Pulse	5	2154144	5291	1
2229	100	Picture	20	2166923	0	1	4145	2	0	4000	other	0
2229	100	Pulse	5	2174143	7220	2
2229	101	Picture	21	2184994	0	1	4144	5	0	4000	hit	210
2229	101	Response	1	2188692	3698	2
2229	101	Pulse	5	2194132	9138	3
2229	102	Picture	20	2203064	0	2	4145	3	0	4000	other	0
2229	102	Pulse	5	2214132	11068	2
2229	103	Picture	20	2221135	0	1	4145	2	0	4000	other	0
2229	103	Pulse	5	2234131	12996	2
2229	104	Pulse	5	2254120	14914	2
2229	105	Picture	10	2264239	0	1	4145	2	0	4000	other	0
2229	105	Pulse	5	2274120	9881	2
2229	106	Picture	10	2282310	0	1	4144	2	0	4000	other	0
2229	106	Pulse	5	2294119	11809	2
2229	107	Picture	11	2300380	0	1	4145	2	0	4000	hit	222
2229	107	Response	1	2303879	3499	2
2229	107	Pulse	5	2314108	13728	3
2229	108	Picture	10	2318451	0	1	4144	3	0	4000	other	0
2229	108	Pulse	5	2334108	15657	2
2229	109	Picture	11	2336521	0	2	4145	3	0	4000	hit	227
2229	109	Response	1	2340508	3987	2
2229	109	Pulse	5	2354107	17586	3
2229	110	Picture	10	2354592	0	1	4145	2	0	4000	other	0
2229	111	Picture	10	2372663	0	1	4144	2	0	4000	other	0
2229	111	Pulse	5	2374097	1434	1
2229	112	Picture	11	2390733	0	1	4145	2	0	4000	hit	234
2229	112	Pulse	5	2394096	3363	2
2229	112	Response	1	2395056	4323	2
2229	113	Picture	10	2408804	0	1	4144	3	0	4000	other	0
2229	113	Pulse	5	2414095	5291	2
2229	114	Picture	10	2426874	0	2	4145	3	0	4000	other	0
2229	114	Pulse	5	2434085	7211	2
2229	115	Picture	10	2444945	0	1	4145	2	0	4000	other	0
2229	115	Pulse	5	2454084	9139	2
2229	116	Picture	10	2463016	0	1	4144	2	0	4000	other	0
2229	116	Pulse	5	2474083	11067	2
2229	117	Picture	10	2481086	0	1	4145	2	0	4000	other	0
2229	117	Pulse	5	2494073	12987	2
2229	118	Picture	11	2499157	0	1	4144	2	0	4000	hit	246
2229	118	Response	1	2504632	5475	2
2229	118	Pulse	5	2514072	14915	2
2229	119	Picture	10	2517227	0	1	4145	2	0	4000	other	0
2229	119	Pulse	5	2534072	16845	1
2229	120	Picture	10	2535298	0	1	4144	3	0	4000	other	0
2229	121	Pulse	5	2554061	693	2
2229	121	Pulse	5	2574061	20693	1
2229	122	Picture	30	2578402	0	1	4145	2	0	4000	other	0
2229	122	Pulse	5	2594060	15658	2
2229	123	Picture	30	2596473	0	1	4144	2	0	4000	other	0
2229	123	Pulse	5	2614049	17576	2
2229	124	Picture	30	2614543	0	1	4145	2	0	4000	other	0
2229	125	Picture	31	2632614	0	1	4144	3	0	4000	hit	260
2229	125	Pulse	5	2634048	1434	2
2229	125	Response	1	2638368	5754	2
2229	126	Picture	31	2650684	0	1	4145	2	0	4000	miss	0
2229	126	Pulse	5	2654048	3364	2
2229	127	Picture	30	2668755	0	1	4144	3	0	4000	other	0
2229	127	Pulse	5	2674037	5282	2
2229	128	Picture	30	2686825	0	2	4145	3	0	4000	other	0
2229	128	Pulse	5	2694197	7372	1
2229	129	Picture	30	2704896	0	1	4145	2	0	4000	other	0
2229	129	Pulse	5	2714196	9300	2
2229	130	Picture	31	2722967	0	1	4144	2	0	4000	hit	270
2229	130	Response	1	2727786	4819	1
2229	130	Pulse	5	2734185	11218	2
2229	131	Picture	30	2741037	0	1	4145	2	0	4000	other	0
2229	131	Pulse	5	2754185	13148	2
2229	132	Picture	30	2759102	0	8	4150	10	0	4000	other	0
2229	132	Pulse	5	2774184	15082	2
2229	133	Picture	30	2777178	0	1	4145	2	0	4000	other	0
2229	133	Pulse	5	2794173	16995	3
2229	134	Picture	30	2795249	0	1	4145	2	0	4000	other	0
2229	135	Picture	31	2813319	0	2	4145	3	0	4000	hit	281
2229	135	Pulse	5	2814173	854	2
2229	135	Response	1	2818493	5174	2
2229	136	Picture	30	2831390	0	1	4145	2	0	4000	other	0
2229	136	Pulse	5	2834172	2782	3
2229	137	Picture	30	2849461	0	1	4144	2	0	4000	false_alarm	286
2229	137	Pulse	5	2854162	4701	1
2229	137	Response	1	2856082	6621	1
