Scenario - 1-back
Logfile written - 01/23/2015 11:32:56

Subject	Trial	Event Type	Code	Time	TTime	Uncertainty	Duration	Uncertainty	ReqTime	ReqDur	Stim Type	Pair Index

2229	1	Pulse	5	637331	647165	3
2229	2	Pulse	5	657312	19922	35
2229	3	Picture	10	662424	0	1	4144	3	0	4000	other	0
2229	3	Pulse	5	677320	14896	2
2229	4	Picture	10	680494	0	2	4145	3	0	4000	other	0
2229	4	Pulse	5	697319	16825	2
2229	5	Picture	11	698565	0	1	4145	2	0	4000	hit	8
2229	5	Response	1	701639	3074	2
2229	6	Picture	10	716635	0	2	4145	3	0	4000	other	0
2229	6	Pulse	5	717319	684	2
2229	7	Picture	11	734706	0	1	4145	2	0	4000	hit	13
2229	7	Pulse	5	737308	2602	2
2229	7	Response	1	738908	4202	2
2229	8	Picture	10	752777	0	1	4144	2	0	4000	other	0
2229	8	Pulse	5	757308	4531	1
2229	9	Picture	10	770847	0	1	4145	2	0	4000	other	0
2229	9	Pulse	5	777307	6460	2
2229	10	Picture	10	788918	0	1	4144	3	0	4000	other	0
2229	10	Pulse	5	797296	8378	3
2229	11	Picture	11	806988	0	2	4145	3	0	4000	hit	21
2229	11	Response	1	810576	3588	2
2229	11	Pulse	5	817296	10308	2
2229	12	Picture	10	825059	0	1	4145	2	0	4000	other	0
2229	12	Pulse	5	837295	12236	2
2229	13	Picture	10	843130	0	1	4144	2	0	4000	other	0
2229	13	Pulse	5	857284	14154	2
2229	14	Picture	11	861200	0	1	4145	2	0	4000	hit	28
2229	14	Response	1	865764	4564	2
2229	14	Pulse	5	877284	16084	2
2229	15	Picture	10	879271	0	1	4144	2	0	4000	other	0
2229	15	Pulse	5	897283	18012	2
2229	16	Picture	10	897341	0	2	4145	3	0	4000	other	0
2229	17	Picture	10	915412	0	1	4144	3	0	4000	other	0
2229	17	Pulse	5	917273	1861	1
2229	18	Picture	10	933482	0	2	4145	3	0	4000	false_alarm	37
2229	18	Pulse	5	937272	3790	2
2229	18	Response	1	937433	3951	1
2229	19	Pulse	5	957271	5718	2
2229	20	Picture	30	976587	0	1	4144	2	0	4000	other	0
2229	20	Pulse	5	977261	674	2
2229	21	Picture	30	994657	0	1	4145	2	0	4000	other	0
2229	21	Pulse	5	997261	2604	1
2229	22	Picture	31	1012728	0	1	4144	3	0	4000	hit	44
2229	22	Response	1	1016459	3731	2
2229	22	Pulse	5	1017420	4692	1
2229	23	Picture	30	1030798	0	2	4145	3	0	4000	other	0
2229	23	Pulse	5	1037409	6611	2
2229	24	Picture	30	1048869	0	1	4145	2	0	4000	other	0
2229	24	Pulse	5	1057408	8539	2
2229	25	Picture	30	1066939	0	2	4145	3	0	4000	other	0
2229	25	Pulse	5	1077408	10469	1
2229	26	Picture	31	1085010	0	1	4145	2	0	4000	miss	0
2229	26	Pulse	5	1097397	12387	2
2229	27	Picture	31	1103081	0	1	4144	3	0	4000	hit	55
2229	27	Response	1	1111477	8396	1
2229	27	Pulse	5	1117396	14315	2
2229	28	Picture	30	1121151	0	1	4145	2	0	4000	other	0
2229	28	Pulse	5	1137396	16245	2
2229	29	Picture	30	1139222	0	1	4145	2	0	4000	other	0
2229	30	Picture	30	1157292	0	2	4145	3	0	4000	other	0
2229	30	Pulse	5	1157385	93	2
2229	31	Picture	31	1175363	0	1	4145	2	0	4000	hit	64
2229	31	Pulse	5	1177384	2021	2
2229	31	Response	1	1180744	5381	2
2229	32	Picture	30	1193434	0	1	4144	2	0	4000	other	0
2229	32	Pulse	5	1197385	3951	1
2229	33	Picture	30	1211504	0	1	4145	2	0	4000	other	0
2229	33	Pulse	5	1217373	5869	2
2229	34	Picture	30	1229575	0	1	4144	3	0	4000	other	0
2229	34	Pulse	5	1237373	7798	2
2229	35	Picture	30	1247645	0	2	4145	3	0	4000	other	0
2229	35	Pulse	5	1257372	9727	2
2229	36	Pulse	5	1277361	11645	3
2229	37	Picture	10	1290749	0	2	4145	3	0	4000	other	0
2229	37	Pulse	5	1297361	6612	2
2229	38	Picture	10	1308820	0	1	4145	2	0	4000	other	0
2229	38	Pulse	5	1317360	8540	2
2229	39	Picture	11	1326891	0	1	4144	3	0	4000	hit	79
2229	39	Response	1	1332230	5339	1
2229	39	Pulse	5	1337349	10458	2
2229	40	Picture	10	1344961	0	1	4145	2	0	4000	other	0
2229	40	Pulse	5	1357349	12388	2
2229	41	Picture	11	1363032	0	1	4144	3	0	4000	hit	84
2229	41	Response	1	1366788	3756	2
2229	41	Pulse	5	1377348	14316	2
2229	42	Picture	10	1381102	0	2	4145	3	0	4000	other	0
2229	42	Pulse	5	1397338	16236	1
2229	43	Picture	10	1399173	0	1	4145	2	0	4000	other	0
2229	44	Picture	10	1417244	0	1	4144	2	0	4000	other	0
2229	44	Pulse	5	1417337	93	2
2229	45	Picture	11	1435314	0	1	4145	2	0	4000	hit	93
2229	45	Pulse	5	1437336	2022	2
2229	45	Response	1	1440696	5382	2
2229	46	Picture	10	1453385	0	1	4144	2	0	4000	other	0
2229	46	Pulse	5	1457326	3941	1
2229	47	Picture	10	1471455	0	1	4145	2	0	4000	other	0
2229	47	Pulse	5	1477325	5870	2
2229	48	Picture	11	1489526	0	1	4144	3	0	4000	hit	99
2229	48	Response	1	1494765	5239	2
2229	48	Pulse	5	1497324	7798	2
2229	49	Picture	10	1507597	0	1	4144	2	0	4000	other	0
2229	49	Pulse	5	1517314	9717	2
2229	50	Picture	10	1525667	0	1	4145	2	0	4000	other	0
2229	50	Pulse	5	1537313	11646	2
2229	51	Picture	10	1543738	0	1	4144	3	0	4000	other	0
2229	51	Pulse	5	1557313	13575	2
2229	52	Picture	10	1561808	0	1	4144	4	0	4000	other	0
2229	52	Pulse	5	1577302	15494	2
2229	53	Pulse	5	1597301	17422	3
2229	54	Picture	20	1604912	0	2	4145	3	0	4000	other	0
2229	54	Pulse	5	1617301	12389	1
2229	55	Picture	20	1622983	0	1	4145	2	0	4000	other	0
2229	55	Pulse	5	1637290	14307	2
2229	56	Picture	21	1641053	0	2	4145	3	0	4000	hit	115
2229	56	Response	1	1647370	6317	2
2229	56	Pulse	5	1657289	16236	2
2229	57	Picture	20	1659124	0	1	4145	2	0	4000	other	0
2229	58	Picture	20	1677195	0	1	4144	3	0	4000	other	0
2229	58	Pulse	5	1677289	94	2
2229	59	Picture	20	1695265	0	2	4145	3	0	4000	other	0
2229	59	Pulse	5	1697278	2013	2
2229	60	Picture	21	1713336	0	1	4145	2	0	4000	hit	123
2229	60	Response	1	1716318	2982	1
2229	60	Pulse	5	1717278	3942	1
2229	61	Picture	20	1731406	0	2	4145	3	0	4000	other	0
2229	61	Pulse	5	1737277	5871	2
2229	62	Picture	20	1749477	0	1	4145	2	0	4000	other	0
2229	62	Pulse	5	1757266	7789	3
2229	63	Picture	20	1767548	0	1	4144	2	0	4000	other	0
2229	63	Pulse	5	1777266	9718	2
2229	64	Picture	20	1785618	0	1	4145	2	0	4000	other	0
2229	64	Pulse	5	1797265	11647	2
2229	65	Picture	20	1803689	0	1	4144	3	0	4000	other	0
2229	65	Pulse	5	1817254	13565	2
2229	66	Picture	21	1821759	0	2	4145	4	0	4000	hit	136
2229	66	Response	1	1827334	5575	2
2229	66	Pulse	5	1837254	15495	2
2229	67	Picture	20	1839830	0	1	4145	2	0	4000	other	0
2229	67	Pulse	5	1857253	17423	2
2229	68	Picture	20	1857901	0	1	4144	2	0	4000	other	0
2229	69	Picture	21	1875971	0	1	4145	2	0	4000	hit	143
2229	69	Pulse	5	1877243	1272	1
2229	69	Response	1	1880762	4791	2
2229	70	Pulse	5	1897242	3200	2
2229	70	Pulse	5	1917241	23199	2
2229	71	Picture	10	1919075	0	1	4145	2	0	4000	other	0
2229	72	Picture	10	1937146	0	1	4144	3	0	4000	other	0
2229	72	Pulse	5	1937231	85	1
2229	73	Picture	11	1955216	0	2	4145	3	0	4000	hit	151
2229	73	Pulse	5	1957230	2014	2
2229	73	Response	1	1958830	3614	2
2229	74	Picture	10	1973287	0	1	4145	2	0	4000	other	0
2229	74	Pulse	5	1977229	3942	2
2229	75	Picture	11	1991358	0	1	4144	2	0	4000	hit	155
2229	75	Response	1	1996739	5381	2
2229	75	Pulse	5	1997219	5861	2
2229	76	Picture	10	2009428	0	1	4145	2	0	4000	other	0
2229	76	Pulse	5	2017218	7790	2
2229	77	Picture	10	2027499	0	1	4144	3	0	4000	other	0
2229	77	Pulse	5	2037218	9719	1
2229	78	Picture	11	2045569	0	1	4145	2	0	4000	hit	162
2229	78	Response	1	2049367	3798	2
2229	78	Pulse	5	2057367	11798	2
2229	79	Picture	10	2063640	0	1	4144	3	0	4000	other	0
2229	79	Pulse	5	2077366	13726	2
2229	80	Picture	10	2081711	0	1	4144	2	0	4000	other	0
2229	80	Pulse	5	2097366	15655	1
2229	81	Picture	10	2099781	0	1	4144	3	0	4000	other	0
2229	81	Pulse	5	2117355	17574	2
2229	82	Picture	10	2117852	0	1	4144	2	0	4000	other	0
2229	83	Picture	10	2135922	0	1	4145	2	0	4000	other	0
2229	83	Pulse	5	2137354	1432	2
2229	84	Picture	11	2153993	0	1	4145	2	0	4000	hit	175
2229	84	Pulse	5	2157354	3361	2
2229	84	Response	1	2158634	4641	2
2229	85	Picture	10	2172063	0	2	4145	3	0	4000	other	0
2229	85	Pulse	5	2177343	5280	2
2229	86	Picture	10	2190134	0	1	4145	2	0	4000	other	0
2229	86	Pulse	5	2197342	7208	2
2229	87	Pulse	5	2217342	9137	2
2229	88	Picture	30	2233238	0	1	4145	2	0	4000	other	0
2229	88	Pulse	5	2237331	4093	3
2229	89	Picture	30	2251309	0	1	4144	3	0	4000	other	0
2229	89	Pulse	5	2257331	6022	2
2229	90	Picture	30	2269379	0	1	4145	2	0	4000	other	0
2229	90	Pulse	5	2277330	7951	2
2229	91	Picture	31	2287450	0	1	4144	3	0	4000	hit	188
2229	91	Response	1	2293160	5710	1
2229	91	Pulse	5	2297319	9869	2
2229	92	Picture	31	2305521	0	1	4144	2	0	4000	hit	191
2229	92	Response	1	2312199	6678	2
2229	92	Pulse	5	2317319	11798	2
2229	93	Picture	30	2323591	0	1	4145	2	0	4000	other	0
2229	93	Pulse	5	2337318	13727	2
2229	94	Picture	30	2341662	0	1	4144	2	0	4000	other	0
2229	94	Pulse	5	2357307	15645	2
2229	95	Picture	30	2359732	0	1	4145	2	0	4000	other	0
2229	95	Pulse	5	2377307	17575	2
2229	96	Picture	31	2377803	0	1	4144	3	0	4000	hit	200
2229	96	Response	1	2382587	4784	2
2229	97	Picture	30	2395873	0	2	4145	3	0	4000	other	0
2229	97	Pulse	5	2397306	1433	2
2229	98	Picture	30	2413944	0	1	4145	2	0	4000	other	0
2229	98	Pulse	5	2417296	3352	1
2229	99	Picture	30	2432015	0	1	4144	2	0	4000	other	0
2229	99	Pulse	5	2437295	5280	2
2229	100	Picture	30	2450085	0	1	4145	2	0	4000	other	0
2229	100	Pulse	5	2457295	7210	1
2229	101	Picture	31	2468156	0	1	4144	3	0	4000	hit	210
2229	101	Response	1	2471685	3529	1
2229	101	Pulse	5	2477284	9128	2
2229	102	Picture	30	2486226	0	1	4145	2	0	4000	other	0
2229	102	Pulse	5	2497283	11057	2
2229	103	Picture	30	2504297	0	1	4145	2	0	4000	false_alarm	215
2229	103	Response	1	2510883	6586	2
2229	103	Pulse	5	2517282	12985	2
2229	104	Pulse	5	2537272	14905	2
2229	105	Picture	10	2547401	0	1	4145	2	0	4000	other	0
2229	105	Pulse	5	2557271	9870	2
2229	106	Picture	10	2565472	0	1	4144	2	0	4000	other	0
2229	106	Pulse	5	2577271	11799	2
2229	107	Picture	11	2583542	0	1	4145	2	0	4000	hit	223
2229	107	Response	1	2588940	5398	2
2229	107	Pulse	5	2597260	13718	2
2229	108	Picture	10	2601613	0	1	4144	3	0	4000	other	0
2229	108	Pulse	5	2617259	15646	3
2229	109	Picture	11	2619683	0	2	4145	3	0	4000	hit	228
2229	109	Response	1	2625899	6216	2
2229	109	Pulse	5	2637259	17576	1
2229	110	Picture	10	2637754	0	1	4144	4	0	4000	other	0
2229	111	Picture	10	2655825	0	1	4143	3	0	4000	other	0
2229	111	Pulse	5	2657248	1423	2
2229	112	Picture	11	2673895	0	1	4145	2	0	4000	hit	235
2229	112	Pulse	5	2677247	3352	3
2229	112	Response	1	2678367	4472	3
2229	113	Picture	10	2691966	0	1	4144	3	0	4000	other	0
2229	113	Pulse	5	2697247	5281	2
2229	114	Picture	10	2710036	0	3	4145	4	0	4000	other	0
2229	114	Pulse	5	2717236	7200	3
2229	115	Picture	10	2728107	0	1	4145	2	0	4000	other	0
2229	115	Pulse	5	2737236	9129	2
2229	116	Picture	10	2746177	0	2	4145	3	0	4000	other	0
2229	116	Pulse	5	2757235	11058	2
2229	117	Picture	10	2764248	0	1	4145	2	0	4000	other	0
2229	117	Pulse	5	2777224	12976	2
2229	118	Picture	11	2782319	0	1	4144	3	0	4000	hit	247
2229	118	Response	1	2787784	5465	2
2229	118	Pulse	5	2797224	14905	1
2229	119	Picture	10	2800389	0	1	4145	2	0	4000	other	0
2229	119	Pulse	5	2817223	16834	2
2229	120	Picture	10	2818460	0	1	4144	3	0	4000	other	0
2229	121	Pulse	5	2837212	682	2
2229	121	Pulse	5	2857212	20682	2
2229	122	Picture	20	2861564	0	1	4145	2	0	4000	other	0
2229	122	Pulse	5	2877211	15647	2
2229	123	Picture	20	2879635	0	1	4144	2	0	4000	other	0
2229	123	Pulse	5	2897201	17566	1
2229	124	Picture	20	2897705	0	1	4145	2	0	4000	other	0
2229	125	Picture	21	2915776	0	1	4144	3	0	4000	miss	0
2229	125	Pulse	5	2917200	1424	2
2229	126	Picture	20	2933846	0	1	4145	2	0	4000	other	0
2229	126	Pulse	5	2937199	3353	2
2229	127	Picture	20	2951917	0	1	4145	2	0	4000	other	0
2229	127	Pulse	5	2957189	5272	1
2229	128	Picture	21	2969987	0	2	4145	3	0	4000	hit	266
2229	128	Response	1	2974468	4481	2
2229	128	Pulse	5	2977188	7201	2
2229	129	Picture	20	2988058	0	1	4145	2	0	4000	other	0
2229	129	Pulse	5	2997187	9129	2
2229	130	Picture	20	3006129	0	1	4144	2	0	4000	other	0
2229	130	Pulse	5	3017177	11048	2
2229	131	Picture	20	3024199	0	1	4145	2	0	4000	other	0
2229	131	Pulse	5	3037176	12977	2
2229	132	Picture	21	3042270	0	1	4144	3	0	4000	hit	275
2229	132	Response	1	3045656	3386	2
2229	132	Pulse	5	3057176	14906	1
2229	133	Picture	20	3060340	0	2	4145	3	0	4000	other	0
2229	133	Pulse	5	3077165	16825	2
2229	134	Picture	20	3078411	0	1	4145	2	0	4000	other	0
2229	135	Picture	21	3096482	0	1	4144	2	0	4000	hit	282
2229	135	Pulse	5	3097324	842	2
2229	135	Response	1	3101484	5002	2
2229	136	Picture	20	3114552	0	1	4145	2	0	4000	other	0
2229	136	Pulse	5	3117324	2772	2
2229	137	Picture	20	3132623	0	1	4144	3	0	4000	other	0
2229	137	Pulse	5	3137313	4690	2
