Scenario - 1-back
Logfile written - 01/23/2015 11:42:27

Subject	Trial	Event Type	Code	Time	TTime	Uncertainty	Duration	Uncertainty	ReqTime	ReqDur	Stim Type	Pair Index

2229	1	Pulse	5	285270	295104	1
2229	2	Pulse	5	305259	19831	2
2229	3	Picture	10	310462	0	1	4144	3	0	4000	other	0
2229	3	Pulse	5	325258	14796	2
2229	4	Picture	10	328532	0	2	4145	3	0	4000	other	0
2229	4	Pulse	5	345258	16726	2
2229	5	Picture	11	346603	0	1	4145	2	0	4000	hit	8
2229	5	Response	1	350538	3935	1
2229	6	Picture	10	364674	0	1	4144	2	0	4000	other	0
2229	6	Pulse	5	365407	733	2
2229	7	Picture	11	382744	0	2	4145	3	0	4000	hit	13
2229	7	Pulse	5	385407	2663	1
2229	7	Response	1	386527	3783	2
2229	8	Picture	10	400815	0	1	4144	3	0	4000	other	0
2229	8	Pulse	5	405406	4591	2
2229	9	Picture	10	418885	0	2	4145	3	0	4000	other	0
2229	9	Pulse	5	425395	6510	2
2229	10	Picture	10	436956	0	1	4145	2	0	4000	other	0
2229	10	Pulse	5	445395	8439	2
2229	11	Picture	11	455027	0	1	4144	3	0	4000	hit	21
2229	11	Response	1	460114	5087	2
2229	11	Pulse	5	465394	10367	2
2229	12	Picture	10	473097	0	1	4145	2	0	4000	other	0
2229	12	Pulse	5	485383	12286	2
2229	13	Picture	10	491168	0	1	4144	3	0	4000	other	0
2229	13	Pulse	5	505384	14216	1
2229	14	Picture	11	509238	0	2	4144	4	0	4000	hit	28
2229	14	Response	1	514023	4785	1
2229	14	Pulse	5	525383	16145	1
2229	15	Picture	10	527309	0	1	4145	2	0	4000	other	0
2229	15	Pulse	5	545371	18062	2
2229	16	Picture	10	545380	0	1	4144	2	0	4000	other	0
2229	17	Picture	10	563450	0	1	4145	2	0	4000	other	0
2229	17	Pulse	5	565371	1921	2
2229	18	Picture	10	581520	0	2	4145	4	0	4000	other	0
2229	18	Pulse	5	585370	3850	2
2229	19	Pulse	5	605360	5769	2
2229	20	Picture	30	624625	0	1	4144	3	0	4000	other	0
2229	20	Pulse	5	625359	734	2
2229	21	Picture	30	642695	0	2	4145	3	0	4000	other	0
2229	21	Pulse	5	645358	2663	3
2229	22	Picture	31	660766	0	1	4145	2	0	4000	hit	44
2229	22	Pulse	5	665348	4582	2
2229	22	Response	1	665828	5062	2
2229	23	Picture	30	678837	0	1	4144	2	0	4000	other	0
2229	23	Pulse	5	685347	6510	2
2229	24	Picture	30	696907	0	1	4145	2	0	4000	other	0
2229	24	Pulse	5	705347	8440	1
2229	25	Picture	30	714978	0	1	4144	3	0	4000	other	0
2229	25	Pulse	5	725336	10358	2
2229	26	Picture	31	733048	0	2	4145	3	0	4000	hit	52
2229	26	Response	1	738295	5247	2
2229	26	Pulse	5	745335	12287	2
2229	27	Picture	31	751119	0	1	4145	2	0	4000	hit	55
2229	27	Response	1	757495	6376	2
2229	27	Pulse	5	765335	14216	1
2229	28	Picture	30	769190	0	1	4144	2	0	4000	other	0
2229	28	Pulse	5	785324	16134	2
2229	29	Picture	30	787260	0	1	4145	2	0	4000	other	0
2229	29	Pulse	5	805323	18063	2
2229	30	Picture	30	805331	0	1	4144	3	0	4000	other	0
2229	31	Picture	31	823401	0	2	4145	3	0	4000	hit	64
2229	31	Pulse	5	825323	1922	2
2229	31	Response	1	827403	4002	2
2229	32	Picture	30	841472	0	1	4144	3	0	4000	other	0
2229	32	Pulse	5	845312	3840	2
2229	33	Picture	30	859542	0	2	4145	3	0	4000	other	0
2229	33	Pulse	5	865312	5770	2
2229	34	Picture	30	877613	0	1	4145	2	0	4000	other	0
2229	34	Pulse	5	885311	7698	2
2229	35	Picture	30	895684	0	1	4144	2	0	4000	false_alarm	72
2229	35	Response	1	901460	5776	2
2229	35	Pulse	5	905300	9616	2
2229	36	Pulse	5	925300	11546	2
2229	37	Picture	10	938788	0	1	4144	3	0	4000	other	0
2229	37	Pulse	5	945299	6511	2
2229	38	Picture	10	956858	0	2	4145	3	0	4000	other	0
2229	38	Pulse	5	965288	8430	2
2229	39	Picture	11	974929	0	1	4145	2	0	4000	hit	80
2229	39	Response	1	981288	6359	2
2229	39	Pulse	5	985288	10359	2
2229	40	Picture	10	993000	0	1	4144	2	0	4000	other	0
2229	40	Pulse	5	1005287	12287	2
2229	41	Picture	11	1011070	0	1	4145	2	0	4000	hit	85
2229	41	Response	1	1014887	3817	2
2229	41	Pulse	5	1025277	14207	1
2229	42	Picture	10	1029141	0	1	4144	3	0	4000	other	0
2229	42	Pulse	5	1045276	16135	2
2229	43	Picture	10	1047211	0	1	4145	2	0	4000	other	0
2229	43	Pulse	5	1065275	18064	2
2229	44	Picture	10	1065282	0	1	4143	4	0	4000	other	0
2229	45	Picture	11	1083352	0	2	4145	3	0	4000	hit	94
2229	45	Pulse	5	1085265	1913	2
2229	45	Response	1	1086865	3513	2
2229	46	Picture	10	1101423	0	1	4145	2	0	4000	other	0
2229	46	Pulse	5	1105264	3841	3
2229	47	Picture	10	1119494	0	1	4144	3	0	4000	other	0
2229	47	Pulse	5	1125263	5769	3
2229	48	Picture	11	1137564	0	1	4145	2	0	4000	hit	100
2229	48	Response	1	1140933	3369	2
2229	48	Pulse	5	1145253	7689	2
2229	49	Picture	10	1155635	0	1	4144	3	0	4000	other	0
2229	49	Pulse	5	1165252	9617	2
2229	50	Picture	10	1173705	0	2	4145	3	0	4000	other	0
2229	50	Pulse	5	1185252	11547	1
2229	51	Picture	10	1191776	0	1	4145	2	0	4000	other	0
2229	51	Pulse	5	1205241	13465	2
2229	52	Picture	10	1209847	0	1	4144	2	0	4000	other	0
2229	52	Pulse	5	1225240	15393	2
2229	53	Pulse	5	1245240	17323	1
2229	54	Picture	20	1252951	0	1	4144	3	0	4000	other	0
2229	54	Pulse	5	1265229	12278	2
2229	55	Picture	20	1271021	0	1	4145	2	0	4000	other	0
2229	55	Pulse	5	1285228	14207	2
2229	56	Picture	21	1289092	0	1	4144	3	0	4000	miss	0
2229	56	Pulse	5	1305228	16136	2
2229	57	Picture	20	1307162	0	2	4145	3	0	4000	other	0
2229	57	Pulse	5	1325217	18055	2
2229	58	Picture	20	1325233	0	1	4144	3	0	4000	other	0
2229	59	Picture	20	1343304	0	1	4144	2	0	4000	other	0
2229	59	Pulse	5	1345216	1912	2
2229	60	Picture	21	1361374	0	1	4145	2	0	4000	miss	0
2229	60	Pulse	5	1365216	3842	2
2229	61	Picture	20	1379445	0	1	4144	3	0	4000	other	0
2229	61	Pulse	5	1385206	5761	1
2229	62	Picture	20	1397515	0	2	4145	3	0	4000	other	0
2229	62	Pulse	5	1405205	7690	1
2229	63	Picture	20	1415586	0	1	4145	2	0	4000	other	0
2229	63	Pulse	5	1425365	9779	1
2229	64	Picture	20	1433657	0	1	4144	2	0	4000	other	0
2229	64	Pulse	5	1445353	11696	2
2229	65	Picture	20	1451727	0	1	4145	2	0	4000	other	0
2229	65	Pulse	5	1465353	13626	2
2229	66	Picture	21	1469798	0	1	4144	3	0	4000	miss	0
2229	66	Pulse	5	1485352	15554	2
2229	67	Picture	20	1487868	0	2	4145	3	0	4000	other	0
2229	67	Pulse	5	1505341	17473	2
2229	68	Picture	20	1505939	0	1	4145	2	0	4000	other	0
2229	69	Picture	21	1524010	0	1	4144	2	0	4000	hit	141
2229	69	Pulse	5	1525341	1331	2
2229	69	Response	1	1527581	3571	2
2229	70	Pulse	5	1545340	3260	2
2229	70	Pulse	5	1565330	23250	2
2229	71	Picture	10	1567114	0	1	4144	2	0	4000	other	0
2229	72	Picture	10	1585184	0	1	4145	3	0	4000	other	0
2229	72	Pulse	5	1585329	145	2
2229	73	Picture	11	1603255	0	1	4144	3	0	4000	hit	149
2229	73	Pulse	5	1605328	2073	3
2229	73	Response	1	1606928	3673	3
2229	74	Picture	10	1621325	0	2	4145	3	0	4000	other	0
2229	74	Pulse	5	1625318	3993	2
2229	75	Picture	11	1639396	0	1	4145	2	0	4000	hit	153
2229	75	Response	1	1643077	3681	3
2229	75	Pulse	5	1645317	5921	2
2229	76	Picture	10	1657467	0	1	4144	2	0	4000	other	0
2229	76	Pulse	5	1665316	7849	2
2229	77	Picture	10	1675537	0	1	4145	2	0	4000	other	0
2229	77	Pulse	5	1685306	9769	2
2229	78	Picture	11	1693608	0	1	4144	3	0	4000	hit	160
2229	78	Response	1	1698265	4657	2
2229	78	Pulse	5	1705305	11697	2
2229	79	Picture	10	1711678	0	1	4145	2	0	4000	other	0
2229	79	Pulse	5	1725305	13627	1
2229	80	Picture	10	1729749	0	1	4144	3	0	4000	other	0
2229	80	Pulse	5	1745294	15545	2
2229	81	Picture	10	1747819	0	2	4145	3	0	4000	other	0
2229	81	Pulse	5	1765293	17474	2
2229	82	Picture	10	1765890	0	1	4145	2	0	4000	other	0
2229	83	Picture	10	1783961	0	1	4144	3	0	4000	other	0
2229	83	Pulse	5	1785293	1332	2
2229	84	Picture	11	1802031	0	1	4145	2	0	4000	hit	173
2229	84	Pulse	5	1805282	3251	2
2229	84	Response	1	1807042	5011	2
2229	85	Picture	10	1820102	0	1	4145	2	0	4000	other	0
2229	85	Pulse	5	1825281	5179	2
2229	86	Picture	10	1838172	0	2	4145	3	0	4000	other	0
2229	86	Pulse	5	1845281	7109	2
2229	87	Pulse	5	1865270	9027	2
2229	88	Picture	30	1881277	0	1	4144	2	0	4000	other	0
2229	88	Pulse	5	1885270	3993	1
2229	89	Picture	30	1899347	0	1	4145	2	0	4000	other	0
2229	89	Pulse	5	1905269	5922	3
2229	90	Picture	30	1917418	0	1	4144	3	0	4000	other	0
2229	90	Pulse	5	1925258	7840	2
2229	91	Picture	31	1935488	0	2	4145	3	0	4000	hit	186
2229	91	Response	1	1939018	3530	2
2229	91	Pulse	5	1945258	9770	2
2229	92	Picture	31	1953559	0	1	4144	3	0	4000	hit	189
2229	92	Response	1	1963497	9938	2
2229	92	Pulse	5	1965257	11698	2
2229	93	Picture	30	1971630	0	1	4144	2	0	4000	other	0
2229	93	Pulse	5	1985246	13616	2
2229	94	Picture	30	1989700	0	1	4145	2	0	4000	other	0
2229	94	Pulse	5	2005246	15546	2
2229	95	Picture	30	2007771	0	1	4144	3	0	4000	other	0
2229	95	Pulse	5	2025245	17474	2
2229	96	Picture	31	2025841	0	1	4145	2	0	4000	hit	198
2229	96	Response	1	2029885	4044	2
2229	97	Picture	30	2043912	0	1	4145	2	0	4000	other	0
2229	97	Pulse	5	2045234	1322	3
2229	98	Picture	30	2061982	0	2	4145	3	0	4000	other	0
2229	98	Pulse	5	2065234	3252	2
2229	99	Picture	30	2080053	0	1	4145	2	0	4000	other	0
2229	99	Pulse	5	2085233	5180	3
2229	100	Picture	30	2098124	0	1	4144	2	0	4000	other	0
2229	100	Pulse	5	2105223	7099	2
2229	101	Picture	31	2116194	0	1	4145	2	0	4000	hit	208
2229	101	Response	1	2120742	4548	2
2229	101	Pulse	5	2125222	9028	2
2229	102	Picture	30	2134265	0	1	4144	3	0	4000	other	0
2229	102	Pulse	5	2145221	10956	2
2229	103	Picture	30	2152335	0	2	4145	3	0	4000	false_alarm	213
2229	103	Response	1	2157381	5046	2
2229	103	Pulse	5	2165211	12876	2
2229	104	Pulse	5	2185210	14804	2
2229	105	Picture	10	2195440	0	1	4144	2	0	4000	other	0
2229	105	Pulse	5	2205210	9770	1
2229	106	Picture	10	2213510	0	1	4145	2	0	4000	other	0
2229	106	Pulse	5	2225199	11689	2
2229	107	Picture	11	2231581	0	1	4144	2	0	4000	hit	221
2229	107	Response	1	2235919	4338	1
2229	107	Pulse	5	2245198	13617	2
2229	108	Picture	10	2249651	0	1	4145	2	0	4000	other	0
2229	108	Pulse	5	2265198	15547	1
2229	109	Picture	11	2267722	0	1	4144	3	0	4000	hit	226
2229	109	Response	1	2271278	3556	1
2229	109	Pulse	5	2285187	17465	2
2229	110	Picture	10	2285792	0	2	4145	3	0	4000	other	0
2229	111	Picture	10	2303863	0	1	4145	2	0	4000	other	0
2229	111	Pulse	5	2305186	1323	2
2229	112	Picture	11	2321934	0	1	4144	2	0	4000	hit	233
2229	112	Pulse	5	2325186	3252	2
2229	112	Response	1	2325986	4052	2
2229	113	Picture	10	2340004	0	1	4145	2	0	4000	other	0
2229	113	Pulse	5	2345175	5171	2
2229	114	Picture	10	2358075	0	1	4144	3	0	4000	other	0
2229	114	Pulse	5	2365175	7100	1
2229	115	Picture	10	2376145	0	2	4145	3	0	4000	other	0
2229	115	Pulse	5	2385174	9029	2
2229	116	Picture	10	2394216	0	1	4145	2	0	4000	other	0
2229	116	Pulse	5	2405163	10947	2
2229	117	Picture	10	2412287	0	1	4144	2	0	4000	other	0
2229	117	Pulse	5	2425163	12876	1
2229	118	Picture	11	2430357	0	1	4145	2	0	4000	hit	245
2229	118	Response	1	2434442	4085	2
2229	118	Pulse	5	2445162	14805	2
2229	119	Picture	10	2448428	0	1	4144	3	0	4000	other	0
2229	119	Pulse	5	2465311	16883	2
2229	120	Picture	10	2466498	0	2	4145	3	0	4000	other	0
2229	121	Pulse	5	2485311	742	2
2229	121	Pulse	5	2505310	20741	2
2229	122	Picture	20	2509602	0	2	4145	3	0	4000	other	0
2229	122	Pulse	5	2525299	15697	3
2229	123	Picture	20	2527673	0	1	4145	2	0	4000	other	0
2229	123	Pulse	5	2545299	17626	2
2229	124	Picture	20	2545744	0	1	4144	2	0	4000	other	0
2229	125	Picture	21	2563814	0	1	4144	3	0	4000	hit	259
2229	125	Pulse	5	2565298	1484	3
2229	125	Response	1	2567378	3564	3
2229	126	Picture	20	2581885	0	1	4144	3	0	4000	other	0
2229	126	Pulse	5	2585288	3403	1
2229	127	Picture	20	2599955	0	2	4145	3	0	4000	other	0
2229	127	Pulse	5	2605287	5332	2
2229	128	Picture	21	2618026	0	1	4145	2	0	4000	miss	0
2229	128	Pulse	5	2625286	7260	2
2229	129	Picture	20	2636096	0	2	4145	3	0	4000	other	0
2229	129	Pulse	5	2645276	9180	2
2229	130	Picture	20	2654167	0	1	4145	2	0	4000	other	0
2229	130	Pulse	5	2665275	11108	2
2229	131	Picture	20	2672238	0	1	4144	3	0	4000	other	0
2229	131	Pulse	5	2685274	13036	2
2229	132	Picture	21	2690308	0	1	4145	2	0	4000	hit	273
2229	132	Response	1	2695834	5526	2
2229	132	Pulse	5	2705264	14956	2
2229	133	Picture	20	2708379	0	1	4144	3	0	4000	other	0
2229	133	Pulse	5	2725263	16884	2
2229	134	Picture	20	2726449	0	2	4145	3	0	4000	other	0
2229	135	Picture	21	2744520	0	1	4145	2	0	4000	hit	280
2229	135	Pulse	5	2745263	743	2
2229	135	Response	1	2748622	4102	2
2229	136	Picture	20	2762591	0	1	4144	2	0	4000	other	0
2229	136	Pulse	5	2765252	2661	2
2229	137	Picture	20	2780661	0	1	4145	2	0	4000	other	0
2229	137	Pulse	5	2785251	4590	2
