Scenario - 1-back
Logfile written - 12/22/2014 15:35:12

Subject	Trial	Event Type	Code	Time	TTime	Uncertainty	Duration	Uncertainty	ReqTime	ReqDur	Stim Type	Pair Index

2234	1	Response	1	127525	137359	1
2234	1	Pulse	5	303651	313485	2
2234	2	Pulse	5	323650	19817	2
2234	3	Picture	10	328867	0	1	4144	3	0	4000	other	0
2234	3	Pulse	5	343650	14783	2
2234	4	Picture	10	346938	0	1	4144	2	0	4000	false_alarm	7
2234	4	Response	1	350850	3912	2
2234	4	Pulse	5	363649	16711	3
2234	5	Picture	11	365008	0	2	4145	3	0	4000	hit	10
2234	5	Response	1	370519	5511	3
2234	6	Picture	10	383079	0	1	4145	2	0	4000	other	0
2234	6	Pulse	5	383639	560	2
2234	7	Picture	11	401150	0	1	4144	3	0	4000	hit	15
2234	7	Pulse	5	403639	2489	2
2234	7	Response	1	406198	5048	3
2234	8	Picture	10	419220	0	2	4145	3	0	4000	other	0
2234	8	Pulse	5	423639	4419	1
2234	9	Picture	10	437291	0	1	4145	2	0	4000	other	0
2234	9	Pulse	5	443628	6337	2
2234	10	Picture	10	455362	0	1	4145	2	0	4000	other	0
2234	10	Pulse	5	463627	8265	2
2234	11	Picture	11	473433	0	1	4144	3	0	4000	hit	23
2234	11	Response	1	477707	4274	2
2234	11	Pulse	5	483627	10194	2
2234	12	Picture	10	491503	0	2	4145	3	0	4000	other	0
2234	12	Pulse	5	503616	12113	2
2234	13	Picture	10	509574	0	1	4145	2	0	4000	other	0
2234	13	Pulse	5	523616	14042	2
2234	14	Picture	11	527645	0	1	4145	2	0	4000	hit	30
2234	14	Response	1	531936	4291	2
2234	14	Pulse	5	543615	15970	2
2234	15	Picture	10	545716	0	1	4144	2	0	4000	other	0
2234	15	Pulse	5	563765	18049	2
2234	16	Picture	10	563786	0	2	4145	3	0	4000	other	0
2234	17	Picture	10	581857	0	1	4145	2	0	4000	other	0
2234	17	Pulse	5	583765	1908	1
2234	18	Picture	10	599928	0	1	4144	3	0	4000	other	0
2234	18	Pulse	5	603764	3836	2
2234	19	Pulse	5	623754	5755	2
2234	20	Picture	20	643032	0	2	4145	3	0	4000	other	0
2234	20	Pulse	5	643753	721	2
2234	21	Picture	20	661103	0	1	4145	2	0	4000	other	0
2234	21	Pulse	5	663753	2650	2
2234	22	Picture	21	679174	0	1	4144	3	0	4000	hit	45
2234	22	Response	1	682782	3608	2
2234	22	Pulse	5	683742	4568	2
2234	23	Picture	20	697245	0	1	4144	3	0	4000	other	0
2234	23	Pulse	5	703742	6497	2
2234	24	Picture	20	715315	0	2	4145	3	0	4000	other	0
2234	24	Pulse	5	723742	8427	1
2234	25	Picture	20	733386	0	1	4145	2	0	4000	other	0
2234	25	Pulse	5	743731	10345	3
2234	26	Picture	21	751457	0	1	4144	3	0	4000	hit	54
2234	26	Response	1	756691	5234	2
2234	26	Pulse	5	763731	12274	2
2234	27	Picture	20	769528	0	1	4144	2	0	4000	other	0
2234	27	Pulse	5	783730	14202	3
2234	28	Picture	20	787598	0	1	4145	2	0	4000	other	0
2234	28	Pulse	5	803720	16122	2
2234	29	Picture	20	805669	0	1	4145	2	0	4000	other	0
2234	29	Pulse	5	823719	18050	2
2234	30	Picture	20	823740	0	1	4144	3	0	4000	other	0
2234	31	Picture	20	841810	0	2	4145	3	0	4000	other	0
2234	31	Pulse	5	843719	1909	2
2234	32	Picture	21	859881	0	1	4145	2	0	4000	hit	67
2234	32	Pulse	5	863708	3827	3
2234	32	Response	1	865948	6067	2
2234	33	Picture	20	877952	0	1	4145	2	0	4000	other	0
2234	33	Pulse	5	883708	5756	2
2234	34	Picture	20	896023	0	1	4144	3	0	4000	other	0
2234	34	Pulse	5	903708	7685	1
2234	35	Picture	21	914093	0	2	4145	3	0	4000	hit	73
2234	35	Response	1	919537	5444	2
2234	35	Pulse	5	923697	9604	2
2234	36	Pulse	5	943697	11533	2
2234	37	Picture	10	957198	0	1	4145	2	0	4000	other	0
2234	37	Pulse	5	963696	6498	2
2234	38	Picture	10	975269	0	1	4144	3	0	4000	other	0
2234	38	Pulse	5	983686	8417	2
2234	39	Picture	11	993339	0	2	4145	3	0	4000	hit	81
2234	39	Response	1	998406	5067	1
2234	39	Pulse	5	1003685	10346	2
2234	40	Picture	10	1011410	0	1	4145	2	0	4000	other	0
2234	40	Pulse	5	1023685	12275	2
2234	41	Picture	11	1029481	0	1	4145	2	0	4000	hit	86
2234	41	Response	1	1035355	5874	2
2234	41	Pulse	5	1043675	14194	1
2234	42	Picture	10	1047552	0	1	4144	2	0	4000	other	0
2234	42	Pulse	5	1063674	16122	2
2234	43	Picture	10	1065622	0	2	4145	3	0	4000	other	0
2234	43	Pulse	5	1083674	18052	1
2234	44	Picture	10	1083693	0	1	4145	2	0	4000	other	0
2234	45	Picture	11	1101764	0	1	4144	3	0	4000	hit	95
2234	45	Pulse	5	1103663	1899	2
2234	45	Response	1	1106544	4780	1
2234	46	Picture	10	1119835	0	1	4144	3	0	4000	other	0
2234	46	Pulse	5	1123663	3828	2
2234	47	Picture	10	1137905	0	2	4145	3	0	4000	other	0
2234	47	Pulse	5	1143662	5757	2
2234	48	Picture	11	1155976	0	1	4145	2	0	4000	hit	101
2234	48	Response	1	1162052	6076	2
2234	48	Pulse	5	1163652	7676	2
2234	49	Picture	10	1174047	0	1	4145	2	0	4000	other	0
2234	49	Pulse	5	1183651	9604	2
2234	50	Picture	10	1192118	0	1	4144	2	0	4000	other	0
2234	50	Pulse	5	1203651	11533	2
2234	51	Picture	10	1210188	0	1	4145	2	0	4000	other	0
2234	51	Pulse	5	1223640	13452	3
2234	52	Picture	10	1228259	0	1	4145	2	0	4000	other	0
2234	52	Pulse	5	1243640	15381	3
2234	53	Response	1	1251160	4830	2
2234	53	Pulse	5	1263640	17310	2
2234	54	Picture	30	1271364	0	1	4144	2	0	4000	other	0
2234	54	Pulse	5	1283629	12265	2
2234	55	Picture	30	1289434	0	2	4145	3	0	4000	other	0
2234	55	Pulse	5	1303629	14195	2
2234	56	Picture	31	1307505	0	1	4145	2	0	4000	hit	118
2234	56	Response	1	1311949	4444	1
2234	56	Pulse	5	1323618	16113	3
2234	57	Picture	30	1325576	0	1	4144	3	0	4000	other	0
2234	57	Pulse	5	1343618	18042	2
2234	58	Picture	30	1343646	0	2	4145	3	0	4000	other	0
2234	59	Picture	30	1361717	0	1	4145	2	0	4000	other	0
2234	59	Pulse	5	1363618	1901	1
2234	60	Picture	31	1379788	0	1	4145	2	0	4000	hit	127
2234	60	Pulse	5	1383617	3829	2
2234	60	Response	1	1387127	7339	2
2234	61	Picture	31	1397859	0	1	4144	3	0	4000	hit	130
2234	61	Pulse	5	1403607	5748	2
2234	61	Response	1	1407287	9428	2
2234	62	Picture	30	1415929	0	2	4145	3	0	4000	other	0
2234	62	Pulse	5	1423606	7677	2
2234	63	Picture	30	1434000	0	1	4145	2	0	4000	other	0
2234	63	Pulse	5	1443606	9606	2
2234	64	Picture	30	1452071	0	1	4145	2	0	4000	other	0
2234	64	Pulse	5	1463595	11524	3
2234	65	Picture	31	1470142	0	1	4144	2	0	4000	hit	138
2234	65	Response	1	1475115	4973	2
2234	65	Pulse	5	1483595	13453	2
2234	66	Picture	30	1488212	0	2	4145	3	0	4000	other	0
2234	66	Pulse	5	1503594	15382	2
2234	67	Picture	30	1506283	0	1	4145	2	0	4000	other	0
2234	67	Pulse	5	1523584	17301	2
2234	68	Picture	30	1524354	0	2	4145	3	0	4000	other	0
2234	69	Picture	30	1542425	0	1	4144	2	0	4000	false_alarm	147
2234	69	Pulse	5	1543584	1159	1
2234	69	Response	1	1546784	4359	1
2234	70	Pulse	5	1563583	3088	2
2234	70	Pulse	5	1583573	23078	2
2234	71	Picture	10	1585529	0	1	4145	2	0	4000	other	0
2234	71	Pulse	5	1603572	18043	2
2234	72	Picture	10	1603600	0	1	4145	2	0	4000	other	0
2234	73	Picture	11	1621671	0	1	4144	2	0	4000	hit	155
2234	73	Pulse	5	1623732	2061	2
2234	73	Response	1	1626282	4611	2
2234	74	Picture	10	1639741	0	2	4145	3	0	4000	other	0
2234	74	Pulse	5	1643721	3980	2
2234	75	Picture	11	1657812	0	1	4145	2	0	4000	hit	159
2234	75	Response	1	1663561	5749	2
2234	75	Pulse	5	1663722	5910	1
2234	76	Picture	10	1675883	0	1	4144	3	0	4000	other	0
2234	76	Pulse	5	1683721	7838	1
2234	77	Picture	10	1693954	0	1	4144	2	0	4000	other	0
2234	77	Pulse	5	1703710	9756	2
2234	78	Picture	11	1712024	0	2	4145	3	0	4000	hit	166
2234	78	Response	1	1717630	5606	3
2234	78	Pulse	5	1723710	11686	2
2234	79	Picture	10	1730095	0	1	4145	2	0	4000	other	0
2234	79	Pulse	5	1743709	13614	3
2234	80	Picture	10	1748166	0	1	4144	3	0	4000	other	0
2234	80	Pulse	5	1763699	15533	2
2234	81	Picture	10	1766237	0	1	4144	2	0	4000	other	0
2234	81	Pulse	5	1783698	17461	2
2234	82	Picture	10	1784307	0	1	4145	2	0	4000	other	0
2234	83	Picture	10	1802378	0	1	4145	2	0	4000	other	0
2234	83	Pulse	5	1803698	1320	2
2234	84	Picture	11	1820449	0	1	4144	3	0	4000	hit	179
2234	84	Pulse	5	1823687	3238	2
2234	84	Response	1	1825607	5158	2
2234	85	Picture	10	1838520	0	1	4144	2	0	4000	other	0
2234	85	Pulse	5	1843687	5167	2
2234	86	Picture	10	1856590	0	1	4145	2	0	4000	other	0
2234	86	Pulse	5	1863687	7097	1
2234	87	Pulse	5	1883677	9016	1
2234	88	Picture	20	1899695	0	1	4144	3	0	4000	other	0
2234	88	Pulse	5	1903676	3981	1
2234	89	Picture	20	1917766	0	1	4144	2	0	4000	other	0
2234	89	Pulse	5	1923675	5909	2
2234	90	Picture	20	1935836	0	2	4145	3	0	4000	other	0
2234	90	Pulse	5	1943665	7829	2
2234	91	Picture	21	1953907	0	1	4145	2	0	4000	hit	192
2234	91	Response	1	1961584	7677	2
2234	91	Pulse	5	1963664	9757	2
2234	92	Picture	20	1971978	0	1	4144	3	0	4000	other	0
2234	92	Pulse	5	1983664	11686	2
2234	93	Picture	20	1990049	0	1	4144	2	0	4000	other	0
2234	93	Pulse	5	2003653	13604	3
2234	94	Picture	21	2008119	0	1	4145	2	0	4000	hit	199
2234	94	Response	1	2013253	5134	2
2234	94	Pulse	5	2023653	15534	2
2234	95	Picture	20	2026190	0	1	4145	2	0	4000	other	0
2234	95	Pulse	5	2043653	17463	1
2234	96	Picture	20	2044261	0	1	4144	3	0	4000	other	0
2234	97	Picture	20	2062331	0	2	4145	3	0	4000	other	0
2234	97	Pulse	5	2063642	1311	2
2234	98	Picture	21	2080402	0	1	4145	2	0	4000	hit	208
2234	98	Pulse	5	2083642	3240	2
2234	98	Response	1	2084602	4200	2
2234	99	Picture	20	2098473	0	1	4145	2	0	4000	other	0
2234	99	Pulse	5	2103641	5168	2
2234	100	Picture	20	2116544	0	1	4144	3	0	4000	other	0
2234	100	Pulse	5	2123631	7087	2
2234	101	Picture	21	2134614	0	2	4145	3	0	4000	hit	214
2234	101	Response	1	2139950	5336	2
2234	101	Pulse	5	2143630	9016	2
2234	102	Picture	20	2152685	0	1	4145	2	0	4000	other	0
2234	102	Pulse	5	2163630	10945	2
2234	103	Picture	20	2170756	0	1	4144	3	0	4000	other	0
2234	103	Pulse	5	2183619	12863	3
2234	104	Pulse	5	2203619	14792	3
2234	105	Picture	10	2213860	0	2	4145	3	0	4000	other	0
2234	105	Pulse	5	2223619	9759	2
2234	106	Picture	10	2231931	0	1	4145	2	0	4000	other	0
2234	106	Pulse	5	2243608	11677	2
2234	107	Picture	11	2250002	0	1	4145	2	0	4000	hit	226
2234	107	Response	1	2253688	3686	2
2234	107	Pulse	5	2263608	13606	2
2234	108	Picture	10	2268073	0	1	4144	3	0	4000	other	0
2234	108	Pulse	5	2283607	15534	2
2234	109	Picture	11	2286143	0	2	4145	3	0	4000	hit	231
2234	109	Response	1	2291757	5614	2
2234	109	Pulse	5	2303597	17454	2
2234	110	Picture	10	2304214	0	1	4145	2	0	4000	other	0
2234	111	Picture	10	2322285	0	1	4145	2	0	4000	other	0
2234	111	Pulse	5	2323597	1312	1
2234	112	Picture	11	2340356	0	1	4144	3	0	4000	hit	238
2234	112	Pulse	5	2343586	3230	2
2234	112	Response	1	2345196	4840	2
2234	113	Picture	10	2358426	0	2	4145	3	0	4000	other	0
2234	113	Pulse	5	2363586	5160	1
2234	114	Picture	10	2376497	0	1	4145	2	0	4000	other	0
2234	114	Pulse	5	2383585	7088	2
2234	115	Picture	10	2394568	0	1	4145	2	0	4000	other	0
2234	115	Pulse	5	2403585	9017	2
2234	116	Picture	10	2412639	0	1	4144	3	0	4000	other	0
2234	116	Pulse	5	2423574	10935	3
2234	117	Picture	10	2430709	0	2	4145	3	0	4000	other	0
2234	117	Pulse	5	2443574	12865	2
2234	118	Picture	11	2448780	0	1	4145	2	0	4000	hit	250
2234	118	Response	1	2454774	5994	2
2234	118	Pulse	5	2463563	14783	3
2234	119	Picture	10	2466851	0	1	4145	2	0	4000	other	0
2234	119	Pulse	5	2483563	16712	2
2234	120	Picture	10	2484922	0	1	4144	3	0	4000	other	0
2234	121	Pulse	5	2503563	571	2
2234	121	Pulse	5	2523562	20570	2
2234	122	Picture	30	2528026	0	1	4145	2	0	4000	other	0
2234	122	Pulse	5	2543552	15526	2
2234	123	Picture	30	2546097	0	1	4145	2	0	4000	other	0
2234	123	Pulse	5	2563551	17454	2
2234	124	Picture	30	2564168	0	1	4144	3	0	4000	other	0
2234	125	Picture	31	2582238	0	2	4145	3	0	4000	hit	264
2234	125	Pulse	5	2583551	1313	2
2234	125	Response	1	2586421	4183	2
2234	126	Picture	31	2600309	0	1	4145	2	0	4000	hit	267
2234	126	Pulse	5	2603540	3231	2
2234	126	Response	1	2605620	5311	2
2234	127	Picture	30	2618380	0	2	4145	3	0	4000	other	0
2234	127	Pulse	5	2623540	5160	2
2234	128	Picture	30	2636451	0	1	4144	2	0	4000	other	0
2234	128	Pulse	5	2643539	7088	2
2234	129	Picture	30	2654521	0	2	4145	3	0	4000	other	0
2234	129	Pulse	5	2663689	9168	2
2234	130	Picture	31	2672592	0	1	4145	2	0	4000	hit	275
2234	130	Response	1	2676009	3417	2
2234	130	Pulse	5	2683689	11097	2
2234	131	Picture	30	2690663	0	1	4145	2	0	4000	other	0
2234	131	Pulse	5	2703688	13025	3
2234	132	Picture	30	2708734	0	1	4144	3	0	4000	other	0
2234	132	Pulse	5	2723678	14944	2
2234	133	Picture	30	2726804	0	2	4145	3	0	4000	other	0
2234	133	Pulse	5	2743674	16870	10
2234	134	Picture	30	2744875	0	1	4145	2	0	4000	other	0
2234	135	Picture	31	2762946	0	1	4144	3	0	4000	hit	286
2234	135	Pulse	5	2763677	731	3
2234	135	Response	1	2770067	7121	1
2234	136	Picture	30	2781017	0	1	4144	3	0	4000	other	0
2234	136	Pulse	5	2783667	2650	1
2234	137	Picture	30	2799087	0	2	4145	3	0	4000	false_alarm	291
2234	137	Pulse	5	2803667	4580	1
2234	137	Response	1	2805106	6019	2
