Scenario - 1-back
Logfile written - 12/22/2014 15:39:57

Subject	Trial	Event Type	Code	Time	TTime	Uncertainty	Duration	Uncertainty	ReqTime	ReqDur	Stim Type	Pair Index

2234	1	Pulse	5	230443	240429	2
2234	2	Pulse	5	250443	19887	1
2234	3	Picture	10	255589	0	2	4145	3	0	4000	other	0
2234	3	Pulse	5	270432	14843	2
2234	4	Picture	10	273660	0	1	4145	2	0	4000	other	0
2234	4	Pulse	5	290432	16772	2
2234	5	Picture	11	291731	0	1	4145	2	0	4000	hit	8
2234	5	Response	1	296192	4461	1
2234	6	Picture	10	309802	0	1	4144	3	0	4000	other	0
2234	6	Pulse	5	310432	630	1
2234	7	Picture	11	327872	0	2	4145	3	0	4000	hit	13
2234	7	Pulse	5	330421	2549	2
2234	7	Response	1	332981	5109	2
2234	8	Picture	10	345943	0	1	4145	2	0	4000	other	0
2234	8	Pulse	5	350420	4477	2
2234	9	Picture	10	364014	0	1	4145	2	0	4000	other	0
2234	9	Pulse	5	370420	6406	2
2234	10	Picture	10	382085	0	1	4144	3	0	4000	other	0
2234	10	Pulse	5	390410	8325	1
2234	11	Picture	11	400155	0	2	4145	3	0	4000	hit	21
2234	11	Response	1	405129	4974	2
2234	11	Pulse	5	410409	10254	2
2234	12	Picture	10	418226	0	1	4145	2	0	4000	other	0
2234	12	Pulse	5	430409	12183	2
2234	13	Picture	10	436297	0	1	4144	3	0	4000	other	0
2234	13	Pulse	5	450397	14100	4
2234	14	Picture	11	454368	0	1	4144	2	0	4000	hit	28
2234	14	Response	1	459039	4671	1
2234	14	Pulse	5	470398	16030	2
2234	15	Picture	10	472438	0	2	4145	3	0	4000	other	0
2234	15	Pulse	5	490397	17959	3
2234	16	Picture	10	490509	0	1	4145	2	0	4000	other	0
2234	17	Picture	10	508580	0	1	4145	2	0	4000	other	0
2234	17	Pulse	5	510387	1807	2
2234	18	Picture	10	526651	0	1	4144	2	0	4000	other	0
2234	18	Pulse	5	530546	3895	2
2234	19	Pulse	5	550546	5825	2
2234	20	Picture	30	569755	0	1	4145	2	0	4000	other	0
2234	20	Pulse	5	570535	780	3
2234	21	Picture	30	587826	0	1	4145	2	0	4000	other	0
2234	21	Pulse	5	590535	2709	2
2234	22	Picture	31	605897	0	1	4144	3	0	4000	hit	44
2234	22	Pulse	5	610536	4639	1
2234	22	Response	1	611335	5438	2
2234	23	Picture	30	623967	0	2	4145	3	0	4000	other	0
2234	23	Pulse	5	630524	6557	2
2234	24	Picture	30	642038	0	1	4145	2	0	4000	other	0
2234	24	Pulse	5	650524	8486	2
2234	25	Picture	30	660109	0	1	4145	2	0	4000	other	0
2234	25	Pulse	5	670523	10414	2
2234	26	Picture	31	678180	0	1	4144	3	0	4000	hit	52
2234	26	Response	1	682033	3853	2
2234	26	Pulse	5	690513	12333	2
2234	27	Picture	31	696250	0	2	4145	3	0	4000	hit	55
2234	27	Response	1	702033	5783	2
2234	27	Pulse	5	710512	14262	2
2234	28	Picture	30	714321	0	1	4145	2	0	4000	other	0
2234	28	Pulse	5	730512	16191	2
2234	29	Picture	30	732392	0	1	4145	2	0	4000	other	0
2234	30	Picture	30	750463	0	1	4144	2	0	4000	other	0
2234	30	Pulse	5	750502	39	1
2234	31	Picture	31	768533	0	2	4145	3	0	4000	hit	64
2234	31	Pulse	5	770501	1968	2
2234	31	Response	1	772581	4048	2
2234	32	Picture	30	786604	0	1	4145	2	0	4000	other	0
2234	32	Pulse	5	790501	3897	2
2234	33	Picture	30	804675	0	1	4145	2	0	4000	other	0
2234	33	Pulse	5	810490	5815	2
2234	34	Picture	30	822746	0	1	4144	3	0	4000	other	0
2234	34	Pulse	5	830490	7744	2
2234	35	Picture	30	840816	0	2	4145	3	0	4000	false_alarm	72
2234	35	Response	1	846330	5514	1
2234	35	Pulse	5	850489	9673	2
2234	36	Pulse	5	870479	11592	2
2234	37	Picture	10	883921	0	1	4145	2	0	4000	other	0
2234	37	Pulse	5	890479	6558	1
2234	38	Picture	10	901992	0	1	4144	3	0	4000	other	0
2234	38	Pulse	5	910478	8486	2
2234	39	Picture	11	920062	0	2	4145	3	0	4000	hit	80
2234	39	Response	1	925188	5126	2
2234	39	Pulse	5	930468	10406	2
2234	40	Picture	10	938133	0	1	4145	2	0	4000	other	0
2234	40	Pulse	5	950467	12334	2
2234	41	Picture	11	956204	0	1	4145	2	0	4000	hit	85
2234	41	Response	1	962147	5943	2
2234	41	Pulse	5	970457	14253	2
2234	42	Picture	10	974275	0	1	4142	5	0	4000	other	0
2234	42	Pulse	5	990456	16181	2
2234	43	Picture	10	992345	0	2	4145	3	0	4000	other	0
2234	44	Picture	10	1010416	0	1	4145	2	0	4000	other	0
2234	44	Pulse	5	1010456	40	2
2234	45	Picture	11	1028487	0	1	4145	2	0	4000	hit	94
2234	45	Pulse	5	1030455	1968	3
2234	45	Response	1	1033335	4848	2
2234	46	Picture	10	1046558	0	1	4144	3	0	4000	other	0
2234	46	Pulse	5	1050445	3887	3
2234	47	Picture	10	1064628	0	2	4145	3	0	4000	other	0
2234	47	Pulse	5	1070445	5817	2
2234	48	Picture	11	1082699	0	1	4145	2	0	4000	hit	100
2234	48	Response	1	1088204	5505	3
2234	48	Pulse	5	1090444	7745	3
2234	49	Picture	10	1100770	0	1	4145	2	0	4000	other	0
2234	49	Pulse	5	1110434	9664	2
2234	50	Picture	10	1118841	0	1	4144	3	0	4000	other	0
2234	50	Pulse	5	1130433	11592	2
2234	51	Picture	10	1136911	0	2	4145	3	0	4000	other	0
2234	51	Pulse	5	1150433	13522	2
2234	52	Picture	10	1154982	0	1	4145	2	0	4000	other	0
2234	52	Pulse	5	1170422	15440	2
2234	53	Pulse	5	1190422	17370	2
2234	54	Picture	20	1198087	0	1	4144	3	0	4000	other	0
2234	54	Pulse	5	1210422	12335	1
2234	55	Picture	20	1216157	0	2	4145	3	0	4000	other	0
2234	55	Pulse	5	1230411	14254	2
2234	56	Picture	21	1234228	0	1	4145	2	0	4000	hit	116
2234	56	Response	1	1238251	4023	2
2234	56	Pulse	5	1250411	16183	2
2234	57	Picture	20	1252299	0	1	4145	2	0	4000	other	0
2234	58	Picture	20	1270370	0	1	4144	3	0	4000	other	0
2234	58	Pulse	5	1270410	40	2
2234	59	Picture	20	1288440	0	2	4145	3	0	4000	other	0
2234	59	Pulse	5	1290400	1960	2
2234	60	Picture	21	1306511	0	1	4145	2	0	4000	hit	124
2234	60	Response	1	1310239	3728	3
2234	60	Pulse	5	1310399	3888	3
2234	61	Picture	20	1324582	0	1	4145	2	0	4000	other	0
2234	61	Pulse	5	1330399	5817	2
2234	62	Picture	20	1342653	0	1	4144	3	0	4000	other	0
2234	62	Pulse	5	1350388	7735	2
2234	63	Picture	20	1360723	0	2	4145	3	0	4000	other	0
2234	63	Pulse	5	1370388	9665	2
2234	64	Picture	20	1378794	0	1	4145	2	0	4000	other	0
2234	64	Pulse	5	1390388	11594	1
2234	65	Picture	20	1396865	0	1	4145	2	0	4000	other	0
2234	65	Pulse	5	1410377	13512	2
2234	66	Picture	21	1414936	0	1	4144	3	0	4000	hit	137
2234	66	Response	1	1420297	5361	2
2234	66	Pulse	5	1430377	15441	2
2234	67	Picture	20	1433006	0	2	4145	3	0	4000	other	0
2234	67	Pulse	5	1450376	17370	2
2234	68	Picture	20	1451077	0	1	4145	2	0	4000	other	0
2234	69	Picture	21	1469148	0	1	4145	2	0	4000	hit	144
2234	69	Pulse	5	1470366	1218	2
2234	69	Response	1	1475326	6178	2
2234	70	Pulse	5	1490365	3146	2
2234	70	Pulse	5	1510365	23146	2
2234	71	Picture	10	1512253	0	1	4144	2	0	4000	other	0
2234	72	Picture	10	1530323	0	2	4145	3	0	4000	other	0
2234	72	Pulse	5	1530354	31	3
2234	73	Picture	11	1548394	0	2	4145	3	0	4000	hit	152
2234	73	Pulse	5	1550354	1960	2
2234	73	Response	1	1552914	4520	2
2234	74	Picture	10	1566465	0	1	4144	3	0	4000	other	0
2234	74	Pulse	5	1570513	4048	3
2234	75	Picture	11	1584535	0	2	4145	3	0	4000	hit	157
2234	75	Pulse	5	1590503	5968	2
2234	75	Response	1	1590983	6448	3
2234	76	Picture	10	1602606	0	1	4145	2	0	4000	other	0
2234	76	Pulse	5	1610503	7897	2
2234	77	Picture	10	1620677	0	1	4145	2	0	4000	other	0
2234	77	Pulse	5	1630502	9825	2
2234	78	Picture	11	1638748	0	1	4144	3	0	4000	hit	163
2234	78	Response	1	1644092	5344	2
2234	78	Pulse	5	1650492	11744	2
2234	79	Picture	10	1656819	0	1	4144	2	0	4000	other	0
2234	79	Pulse	5	1670491	13672	2
2234	80	Picture	10	1674889	0	1	4145	2	0	4000	other	0
2234	80	Pulse	5	1690487	15598	6
2234	81	Picture	10	1692960	0	1	4145	2	0	4000	other	0
2234	81	Pulse	5	1710481	17521	2
2234	82	Picture	10	1711031	0	1	4144	3	0	4000	other	0
2234	83	Picture	10	1729101	0	2	4145	3	0	4000	other	0
2234	83	Pulse	5	1730480	1379	6
2234	84	Picture	11	1747172	0	1	4145	2	0	4000	hit	176
2234	84	Pulse	5	1750480	3308	2
2234	84	Response	1	1752560	5388	1
2234	85	Picture	10	1765243	0	1	4145	2	0	4000	other	0
2234	85	Pulse	5	1770469	5226	2
2234	86	Picture	10	1783314	0	1	4144	3	0	4000	other	0
2234	86	Pulse	5	1790469	7155	2
2234	87	Pulse	5	1810468	9083	2
2234	88	Picture	30	1826418	0	1	4145	2	0	4000	other	0
2234	88	Pulse	5	1830458	4040	2
2234	89	Picture	30	1844489	0	1	4145	2	0	4000	other	0
2234	89	Pulse	5	1850457	5968	2
2234	90	Picture	30	1862560	0	1	4144	3	0	4000	other	0
2234	90	Pulse	5	1870457	7897	2
2234	91	Picture	31	1880631	0	1	4144	2	0	4000	hit	189
2234	91	Response	1	1885167	4536	2
2234	91	Pulse	5	1890447	9816	1
2234	92	Picture	31	1898701	0	2	4145	3	0	4000	hit	192
2234	92	Response	1	1903886	5185	2
2234	92	Pulse	5	1910447	11746	1
2234	93	Picture	30	1916772	0	1	4145	2	0	4000	other	0
2234	93	Pulse	5	1930446	13674	2
2234	94	Picture	30	1934843	0	1	4144	3	0	4000	other	0
2234	94	Pulse	5	1950435	15592	2
2234	95	Picture	30	1952914	0	1	4144	3	0	4000	other	0
2234	95	Pulse	5	1970435	17521	2
2234	96	Picture	31	1970984	0	2	4145	3	0	4000	hit	201
2234	96	Response	1	1974595	3611	2
2234	97	Picture	30	1989055	0	1	4145	2	0	4000	other	0
2234	97	Pulse	5	1990424	1369	3
2234	98	Picture	30	2007126	0	1	4144	3	0	4000	other	0
2234	98	Pulse	5	2010424	3298	2
2234	99	Picture	30	2025197	0	1	4144	2	0	4000	other	0
2234	99	Pulse	5	2030423	5226	3
2234	100	Picture	30	2043267	0	2	4145	3	0	4000	other	0
2234	100	Pulse	5	2050423	7156	3
2234	101	Picture	31	2061338	0	1	4145	2	0	4000	hit	211
2234	101	Response	1	2069773	8435	2
2234	101	Pulse	5	2070413	9075	2
2234	102	Picture	30	2079409	0	1	4144	3	0	4000	other	0
2234	102	Pulse	5	2090412	11003	2
2234	103	Picture	30	2097480	0	1	4144	2	0	4000	false_alarm	216
2234	103	Response	1	2103532	6052	2
2234	103	Pulse	5	2110412	12932	2
2234	104	Pulse	5	2130401	14851	3
2234	105	Picture	10	2140584	0	1	4145	2	0	4000	other	0
2234	105	Pulse	5	2150401	9817	2
2234	106	Picture	10	2158655	0	1	4145	2	0	4000	other	0
2234	106	Pulse	5	2170400	11745	2
2234	107	Picture	11	2176726	0	1	4144	3	0	4000	hit	224
2234	107	Response	1	2182070	5344	2
2234	107	Pulse	5	2190390	13664	2
2234	108	Picture	10	2194796	0	2	4145	3	0	4000	other	0
2234	108	Pulse	5	2210390	15594	2
2234	109	Picture	11	2212867	0	1	4145	2	0	4000	hit	229
2234	109	Response	1	2218229	5362	2
2234	109	Pulse	5	2230389	17522	2
2234	110	Picture	10	2230938	0	1	4145	2	0	4000	other	0
2234	111	Picture	10	2249009	0	1	4144	3	0	4000	other	0
2234	111	Pulse	5	2250379	1370	2
2234	112	Picture	11	2267079	0	2	4145	3	0	4000	hit	236
2234	112	Pulse	5	2270378	3299	2
2234	112	Response	1	2271978	4899	3
2234	113	Picture	10	2285150	0	1	4145	2	0	4000	other	0
2234	113	Pulse	5	2290378	5228	2
2234	114	Picture	10	2303221	0	1	4145	2	0	4000	other	0
2234	114	Pulse	5	2310367	7146	2
2234	115	Picture	10	2321292	0	1	4144	3	0	4000	other	0
2234	115	Pulse	5	2330367	9075	2
2234	116	Picture	10	2339362	0	2	4145	3	0	4000	other	0
2234	116	Pulse	5	2350367	11005	1
2234	117	Picture	10	2357433	0	1	4145	2	0	4000	other	0
2234	117	Pulse	5	2370356	12923	2
2234	118	Picture	11	2375504	0	1	4145	2	0	4000	hit	248
2234	118	Response	1	2380116	4612	2
2234	118	Pulse	5	2390356	14852	2
2234	119	Picture	10	2393575	0	1	4144	2	0	4000	other	0
2234	119	Pulse	5	2410355	16780	2
2234	120	Picture	10	2411645	0	2	4145	3	0	4000	other	0
2234	121	Pulse	5	2430345	629	2
2234	121	Pulse	5	2450344	20628	2
2234	122	Picture	20	2454750	0	1	4144	3	0	4000	other	0
2234	122	Pulse	5	2470344	15594	2
2234	123	Picture	20	2472821	0	1	4144	3	0	4000	other	0
2234	123	Pulse	5	2490333	17512	3
2234	124	Picture	20	2490891	0	2	4145	3	0	4000	other	0
2234	125	Picture	21	2508962	0	1	4145	2	0	4000	hit	262
2234	125	Pulse	5	2510333	1371	2
2234	125	Response	1	2513053	4091	2
2234	126	Picture	20	2527033	0	1	4145	2	0	4000	other	0
2234	126	Pulse	5	2530333	3300	2
2234	127	Picture	20	2545104	0	1	4144	3	0	4000	other	0
2234	127	Pulse	5	2550322	5218	2
2234	128	Picture	21	2563174	0	2	4145	3	0	4000	hit	268
2234	128	Response	1	2568882	5708	2
2234	128	Pulse	5	2570322	7148	2
2234	129	Picture	20	2581245	0	1	4145	2	0	4000	other	0
2234	129	Pulse	5	2590321	9076	2
2234	130	Picture	20	2599316	0	1	4145	2	0	4000	other	0
2234	130	Pulse	5	2610472	11156	1
2234	131	Picture	20	2617387	0	1	4144	3	0	4000	other	0
2234	131	Pulse	5	2630470	13083	2
2234	132	Picture	21	2635457	0	2	4145	3	0	4000	hit	277
2234	132	Response	1	2639430	3973	2
2234	132	Pulse	5	2650470	15013	2
2234	133	Picture	20	2653528	0	1	4145	2	0	4000	other	0
2234	133	Pulse	5	2670459	16931	2
2234	134	Picture	20	2671599	0	1	4145	2	0	4000	other	0
2234	135	Picture	21	2689670	0	1	4144	3	0	4000	hit	284
2234	135	Pulse	5	2690459	789	2
2234	135	Response	1	2697659	7989	2
2234	136	Picture	20	2707740	0	2	4145	3	0	4000	other	0
2234	136	Pulse	5	2710459	2719	2
2234	137	Picture	20	2725811	0	1	4145	2	0	4000	other	0
2234	137	Pulse	5	2730448	4637	2
