Scenario - 1-back
Logfile written - 12/22/2014 15:49:24

Subject	Trial	Event Type	Code	Time	TTime	Uncertainty	Duration	Uncertainty	ReqTime	ReqDur	Stim Type	Pair Index

2234	1	Pulse	5	181623	191457	2
2234	2	Pulse	5	201623	19974	2
2234	3	Picture	10	206682	0	2	4145	3	0	4000	other	0
2234	3	Pulse	5	221622	14940	2
2234	4	Picture	10	224753	0	1	4145	2	0	4000	other	0
2234	4	Pulse	5	241612	16859	2
2234	5	Picture	11	242824	0	1	4145	2	0	4000	hit	8
2234	5	Response	1	246252	3428	2
2234	6	Picture	10	260895	0	1	4144	2	0	4000	other	0
2234	6	Pulse	5	261611	716	3
2234	7	Picture	11	278965	0	2	4145	3	0	4000	hit	13
2234	7	Pulse	5	281611	2646	2
2234	7	Response	1	285131	6166	3
2234	8	Picture	10	297036	0	1	4145	2	0	4000	other	0
2234	8	Pulse	5	301601	4565	1
2234	9	Picture	10	315107	0	1	4145	2	0	4000	other	0
2234	9	Pulse	5	321600	6493	2
2234	10	Picture	10	333178	0	1	4144	2	0	4000	other	0
2234	10	Pulse	5	341600	8422	2
2234	11	Picture	11	351248	0	2	4145	3	0	4000	hit	21
2234	11	Response	1	356309	5061	2
2234	11	Pulse	5	361589	10341	2
2234	12	Picture	10	369319	0	1	4145	2	0	4000	other	0
2234	12	Pulse	5	381589	12270	2
2234	13	Picture	10	387390	0	1	4145	2	0	4000	other	0
2234	13	Pulse	5	401588	14198	2
2234	14	Picture	11	405461	0	1	4144	3	0	4000	hit	28
2234	14	Response	1	411348	5887	2
2234	14	Pulse	5	421578	16117	2
2234	15	Picture	10	423531	0	2	4145	3	0	4000	other	0
2234	15	Pulse	5	441578	18047	2
2234	16	Picture	10	441602	0	1	4145	2	0	4000	other	0
2234	17	Picture	10	459673	0	1	4144	3	0	4000	other	0
2234	17	Pulse	5	461577	1904	2
2234	18	Picture	10	477744	0	1	4144	3	0	4000	other	0
2234	18	Pulse	5	481567	3823	2
2234	19	Pulse	5	501566	5752	3
2234	20	Picture	30	520848	0	1	4145	2	0	4000	other	0
2234	20	Pulse	5	521566	718	3
2234	21	Picture	30	538919	0	1	4145	2	0	4000	other	0
2234	21	Pulse	5	541555	2636	3
2234	22	Picture	31	556990	0	1	4144	3	0	4000	hit	44
2234	22	Pulse	5	561555	4565	2
2234	22	Response	1	564595	7605	2
2234	23	Picture	30	575060	0	2	4144	4	0	4000	other	0
2234	23	Pulse	5	581554	6494	3
2234	24	Picture	30	593131	0	1	4145	2	0	4000	other	0
2234	24	Pulse	5	601544	8413	2
2234	25	Picture	30	611202	0	1	4145	2	0	4000	other	0
2234	25	Pulse	5	621544	10342	2
2234	26	Picture	31	629273	0	1	4144	3	0	4000	hit	52
2234	26	Response	1	633223	3950	3
2234	26	Pulse	5	641543	12270	3
2234	27	Picture	31	647343	0	2	4145	3	0	4000	hit	55
2234	27	Response	1	656093	8750	2
2234	27	Pulse	5	661533	14190	3
2234	28	Picture	30	665414	0	1	4145	2	0	4000	other	0
2234	28	Pulse	5	681532	16118	3
2234	29	Picture	30	683485	0	1	4145	2	0	4000	other	0
2234	29	Pulse	5	701532	18047	3
2234	30	Picture	30	701556	0	1	4144	3	0	4000	other	0
2234	31	Picture	31	719626	0	2	4145	3	0	4000	hit	64
2234	31	Pulse	5	721521	1895	4
2234	31	Response	1	723601	3975	3
2234	32	Picture	30	737697	0	1	4144	4	0	4000	other	0
2234	32	Pulse	5	741521	3824	4
2234	33	Picture	30	755768	0	1	4145	2	0	4000	other	0
2234	33	Pulse	5	761520	5752	4
2234	34	Picture	30	773839	0	1	4144	3	0	4000	other	0
2234	34	Pulse	5	781511	7672	1
2234	35	Picture	30	791909	0	2	4145	3	0	4000	other	0
2234	35	Pulse	5	801510	9601	2
2234	36	Pulse	5	821510	11530	1
2234	37	Picture	10	835014	0	1	4145	2	0	4000	other	0
2234	37	Pulse	5	841499	6485	2
2234	38	Picture	10	853085	0	1	4144	3	0	4000	other	0
2234	38	Pulse	5	861498	8413	2
2234	39	Picture	11	871155	0	2	4145	3	0	4000	hit	79
2234	39	Response	1	875898	4743	2
2234	39	Pulse	5	881498	10343	2
2234	40	Picture	10	889226	0	2	4145	3	0	4000	other	0
2234	40	Pulse	5	901647	12421	2
2234	41	Picture	11	907297	0	1	4145	2	0	4000	hit	84
2234	41	Response	1	913967	6670	2
2234	41	Pulse	5	921648	14351	1
2234	42	Picture	10	925368	0	1	4144	3	0	4000	other	0
2234	42	Pulse	5	941647	16279	1
2234	43	Picture	10	943439	0	1	4144	2	0	4000	other	0
2234	44	Picture	10	961509	0	1	4145	2	0	4000	other	0
2234	44	Pulse	5	961636	127	2
2234	45	Picture	11	979580	0	1	4145	2	0	4000	hit	93
2234	45	Pulse	5	981636	2056	2
2234	45	Response	1	984356	4776	1
2234	46	Picture	10	997651	0	1	4144	3	0	4000	other	0
2234	46	Pulse	5	1001636	3985	1
2234	47	Picture	10	1015722	0	1	4144	2	0	4000	other	0
2234	47	Pulse	5	1021625	5903	2
2234	48	Picture	11	1033792	0	2	4145	3	0	4000	hit	99
2234	48	Response	1	1040824	7032	2
2234	48	Pulse	5	1041624	7832	2
2234	49	Picture	10	1051863	0	1	4145	2	0	4000	other	0
2234	49	Pulse	5	1061624	9761	2
2234	50	Picture	10	1069934	0	1	4144	3	0	4000	other	0
2234	50	Pulse	5	1081614	11680	1
2234	51	Picture	10	1088005	0	1	4144	3	0	4000	other	0
2234	51	Pulse	5	1101613	13608	2
2234	52	Picture	10	1106075	0	1	4145	2	0	4000	other	0
2234	52	Pulse	5	1121613	15538	2
2234	53	Pulse	5	1141602	17456	2
2234	54	Picture	20	1149180	0	1	4145	2	0	4000	other	0
2234	54	Pulse	5	1161602	12422	2
2234	55	Picture	20	1167251	0	1	4144	3	0	4000	other	0
2234	55	Pulse	5	1181602	14351	1
2234	56	Picture	21	1185321	0	2	4145	3	0	4000	hit	115
2234	56	Response	1	1189121	3800	2
2234	56	Pulse	5	1201591	16270	2
2234	57	Picture	20	1203392	0	1	4145	2	0	4000	other	0
2234	58	Picture	20	1221463	0	1	4145	2	0	4000	other	0
2234	58	Pulse	5	1221590	127	3
2234	59	Picture	20	1239534	0	1	4144	2	0	4000	other	0
2234	59	Pulse	5	1241590	2056	3
2234	60	Picture	21	1257604	0	2	4145	3	0	4000	hit	123
2234	60	Response	1	1261580	3976	1
2234	60	Pulse	5	1261580	3976	1
2234	61	Picture	20	1275675	0	1	4144	4	0	4000	other	0
2234	61	Pulse	5	1281579	5904	2
2234	62	Picture	20	1293746	0	1	4145	2	0	4000	other	0
2234	62	Pulse	5	1301579	7833	2
2234	63	Picture	20	1311817	0	1	4144	2	0	4000	other	0
2234	63	Pulse	5	1321568	9751	2
2234	64	Picture	20	1329887	0	2	4145	3	0	4000	other	0
2234	64	Pulse	5	1341568	11681	2
2234	65	Picture	20	1347958	0	1	4145	2	0	4000	other	0
2234	65	Pulse	5	1361568	13610	1
2234	66	Picture	21	1366029	0	1	4145	2	0	4000	hit	136
2234	66	Response	1	1371167	5138	2
2234	66	Pulse	5	1381557	15528	2
2234	67	Picture	20	1384100	0	1	4144	3	0	4000	other	0
2234	67	Pulse	5	1401557	17457	1
2234	68	Picture	20	1402170	0	2	4145	3	0	4000	other	0
2234	69	Picture	21	1420241	0	1	4145	3	0	4000	hit	143
2234	69	Pulse	5	1421556	1315	2
2234	69	Response	1	1425716	5475	2
2234	70	Pulse	5	1441546	3234	2
2234	70	Pulse	5	1461545	23233	2
2234	71	Picture	10	1463345	0	2	4145	4	0	4000	other	0
2234	72	Picture	10	1481416	0	2	4145	3	0	4000	other	0
2234	72	Pulse	5	1481545	129	2
2234	73	Picture	11	1499487	0	1	4145	2	0	4000	hit	151
2234	73	Pulse	5	1501534	2047	3
2234	73	Response	1	1505054	5567	2
2234	74	Picture	10	1517558	0	1	4145	2	0	4000	other	0
2234	74	Pulse	5	1521534	3976	2
2234	75	Picture	11	1535629	0	1	4144	4	0	4000	hit	156
2234	75	Pulse	5	1541533	5904	3
2234	75	Response	1	1541694	6065	1
2234	76	Picture	10	1553699	0	2	4145	3	0	4000	other	0
2234	76	Pulse	5	1561523	7824	3
2234	77	Picture	10	1571770	0	1	4145	2	0	4000	other	0
2234	77	Pulse	5	1581523	9753	1
2234	78	Picture	11	1589841	0	1	4145	2	0	4000	hit	162
2234	78	Response	1	1594642	4801	2
2234	78	Pulse	5	1601522	11681	2
2234	79	Picture	10	1607912	0	1	4144	3	0	4000	other	0
2234	79	Pulse	5	1621512	13600	3
2234	80	Picture	10	1625982	0	2	4145	3	0	4000	other	0
2234	80	Pulse	5	1641511	15529	3
2234	81	Picture	10	1644053	0	1	4145	2	0	4000	other	0
2234	81	Pulse	5	1661511	17458	2
2234	82	Picture	10	1662124	0	1	4145	2	0	4000	other	0
2234	83	Picture	10	1680195	0	1	4144	3	0	4000	other	0
2234	83	Pulse	5	1681500	1305	4
2234	84	Picture	11	1698265	0	2	4145	3	0	4000	hit	175
2234	84	Pulse	5	1701500	3235	3
2234	84	Response	1	1703420	5155	3
2234	85	Picture	10	1716336	0	1	4145	2	0	4000	other	0
2234	85	Pulse	5	1721499	5163	4
2234	86	Picture	10	1734407	0	1	4145	2	0	4000	other	0
2234	86	Pulse	5	1741489	7082	3
2234	87	Pulse	5	1761489	9011	3
2234	88	Picture	30	1777511	0	2	4145	3	0	4000	other	0
2234	88	Pulse	5	1781488	3977	3
2234	89	Picture	30	1795582	0	2	4145	3	0	4000	other	0
2234	89	Pulse	5	1801478	5896	2
2234	90	Picture	30	1813653	0	1	4144	3	0	4000	other	0
2234	90	Pulse	5	1821477	7824	2
2234	91	Picture	31	1831724	0	1	4144	3	0	4000	hit	188
2234	91	Response	1	1835557	3833	2
2234	91	Pulse	5	1841477	9753	2
2234	92	Picture	31	1849794	0	2	4145	3	0	4000	hit	191
2234	92	Response	1	1855707	5913	1
2234	92	Pulse	5	1861466	11672	2
2234	93	Picture	30	1867865	0	2	4145	3	0	4000	other	0
2234	93	Pulse	5	1881466	13601	2
2234	94	Picture	30	1885936	0	1	4145	2	0	4000	other	0
2234	94	Pulse	5	1901466	15530	1
2234	95	Picture	30	1904007	0	1	4144	3	0	4000	other	0
2234	95	Pulse	5	1921455	17448	2
2234	96	Picture	31	1922078	0	1	4144	2	0	4000	hit	200
2234	96	Response	1	1926735	4657	2
2234	97	Picture	30	1940148	0	1	4145	2	0	4000	other	0
2234	97	Pulse	5	1941615	1467	1
2234	98	Picture	30	1958219	0	1	4145	2	0	4000	other	0
2234	98	Pulse	5	1961614	3395	2
2234	99	Picture	30	1976290	0	1	4144	3	0	4000	other	0
2234	99	Pulse	5	1981604	5314	2
2234	100	Picture	30	1994361	0	1	4144	2	0	4000	other	0
2234	100	Pulse	5	2001603	7242	2
2234	101	Picture	31	2012431	0	1	4145	2	0	4000	hit	210
2234	101	Response	1	2017283	4852	2
2234	101	Pulse	5	2021603	9172	2
2234	102	Picture	30	2030502	0	1	4145	2	0	4000	other	0
2234	102	Pulse	5	2041592	11090	2
2234	103	Picture	30	2048573	0	1	4144	3	0	4000	other	0
2234	103	Pulse	5	2061592	13019	2
2234	104	Pulse	5	2081592	14948	1
2234	105	Picture	10	2091677	0	2	4145	3	0	4000	other	0
2234	105	Pulse	5	2101581	9904	2
2234	106	Picture	10	2109748	0	1	4145	2	0	4000	other	0
2234	106	Pulse	5	2121581	11833	2
2234	107	Picture	11	2127819	0	1	4145	2	0	4000	hit	222
2234	107	Response	1	2133420	5601	2
2234	107	Pulse	5	2141580	13761	2
2234	108	Picture	10	2145890	0	1	4144	2	0	4000	other	0
2234	108	Pulse	5	2161570	15680	2
2234	109	Picture	11	2163960	0	2	4145	3	0	4000	hit	227
2234	109	Response	1	2169410	5450	2
2234	109	Pulse	5	2181569	17609	3
2234	110	Picture	10	2182031	0	1	4145	2	0	4000	other	0
2234	111	Picture	10	2200102	0	1	4145	2	0	4000	other	0
2234	111	Pulse	5	2201569	1467	2
2234	112	Picture	11	2218173	0	1	4144	2	0	4000	hit	234
2234	112	Pulse	5	2221559	3386	1
2234	112	Response	1	2222998	4825	2
2234	113	Picture	10	2236243	0	2	4145	3	0	4000	other	0
2234	113	Pulse	5	2241558	5315	2
2234	114	Picture	10	2254314	0	1	4145	2	0	4000	other	0
2234	114	Pulse	5	2261558	7244	1
2234	115	Picture	10	2272385	0	1	4145	2	0	4000	other	0
2234	115	Pulse	5	2281547	9162	2
2234	116	Picture	10	2290456	0	1	4144	3	0	4000	other	0
2234	116	Pulse	5	2301547	11091	2
2234	117	Picture	10	2308526	0	2	4145	3	0	4000	other	0
2234	117	Pulse	5	2321546	13020	2
2234	118	Picture	11	2326597	0	1	4145	2	0	4000	hit	246
2234	118	Response	1	2332416	5819	2
2234	118	Pulse	5	2341536	14939	2
2234	119	Picture	10	2344668	0	1	4144	3	0	4000	other	0
2234	119	Pulse	5	2361535	16867	2
2234	120	Picture	10	2362739	0	1	4144	3	0	4000	other	0
2234	121	Pulse	5	2381535	726	2
2234	121	Pulse	5	2401525	20716	1
2234	122	Picture	20	2405843	0	1	4145	2	0	4000	other	0
2234	122	Pulse	5	2421524	15681	2
2234	123	Picture	20	2423914	0	1	4145	2	0	4000	other	0
2234	123	Pulse	5	2441524	17610	2
2234	124	Picture	20	2441985	0	1	4144	3	0	4000	other	0
2234	125	Picture	21	2460055	0	2	4145	3	0	4000	hit	260
2234	125	Pulse	5	2461513	1458	2
2234	125	Response	1	2465193	5138	2
2234	126	Picture	20	2478126	0	1	4145	2	0	4000	other	0
2234	126	Pulse	5	2481513	3387	2
2234	127	Picture	20	2496197	0	1	4145	2	0	4000	other	0
2234	127	Pulse	5	2501512	5315	2
2234	128	Picture	21	2514268	0	1	4144	3	0	4000	hit	266
2234	128	Response	1	2519742	5474	2
2234	128	Pulse	5	2521502	7234	2
2234	129	Picture	20	2532338	0	2	4145	3	0	4000	other	0
2234	129	Pulse	5	2541502	9164	1
2234	130	Picture	20	2550409	0	1	4145	2	0	4000	other	0
2234	130	Pulse	5	2561501	11092	2
2234	131	Picture	20	2568480	0	1	4145	2	0	4000	other	0
2234	131	Pulse	5	2581491	13011	2
2234	132	Picture	21	2586551	0	1	4144	3	0	4000	hit	275
2234	132	Response	1	2592690	6139	2
2234	132	Pulse	5	2601490	14939	3
2234	133	Picture	20	2604621	0	2	4145	3	0	4000	other	0
2234	133	Pulse	5	2621490	16869	2
2234	134	Picture	20	2622692	0	1	4145	2	0	4000	other	0
2234	135	Picture	21	2640763	0	1	4145	2	0	4000	hit	282
2234	135	Pulse	5	2641479	716	4
2234	135	Response	1	2646919	6156	3
2234	136	Picture	20	2658834	0	1	4144	3	0	4000	other	0
2234	136	Pulse	5	2661479	2645	3
2234	137	Picture	20	2676905	0	1	4144	2	0	4000	other	0
2234	137	Pulse	5	2681478	4573	4
