Scenario - 1-back
Logfile written - 12/19/2014 18:06:09

Subject	Trial	Event Type	Code	Time	TTime	Uncertainty	Duration	Uncertainty	ReqTime	ReqDur	Stim Type	Pair Index

2240	1	Pulse	5	211492	221345	2
2240	2	Pulse	5	231482	19826	2
2240	3	Picture	10	236690	0	1	4144	3	0	4000	other	0
2240	3	Pulse	5	251481	14791	3
2240	4	Picture	10	254760	0	2	4145	3	0	4000	other	0
2240	4	Pulse	5	271471	16711	2
2240	5	Picture	11	272831	0	1	4145	2	0	4000	hit	8
2240	5	Response	1	277231	4400	2
2240	6	Picture	10	290902	0	1	4145	2	0	4000	other	0
2240	6	Pulse	5	291470	568	2
2240	7	Picture	11	308973	0	1	4144	2	0	4000	hit	13
2240	7	Pulse	5	311470	2497	2
2240	7	Response	1	312110	3137	2
2240	8	Picture	10	327043	0	2	4145	3	0	4000	other	0
2240	8	Pulse	5	331469	4426	3
2240	9	Picture	10	345114	0	1	4145	2	0	4000	other	0
2240	9	Pulse	5	351459	6345	2
2240	10	Picture	10	363185	0	1	4144	3	0	4000	other	0
2240	10	Pulse	5	371459	8274	1
2240	11	Picture	11	381256	0	1	4144	3	0	4000	hit	21
2240	11	Response	1	384898	3642	2
2240	11	Pulse	5	391458	10202	2
2240	12	Picture	10	399326	0	2	4145	3	0	4000	other	0
2240	12	Pulse	5	411448	12122	2
2240	13	Picture	10	417397	0	1	4145	2	0	4000	other	0
2240	13	Pulse	5	431447	14050	2
2240	14	Picture	11	435468	0	1	4144	3	0	4000	hit	28
2240	14	Response	1	439127	3659	2
2240	14	Pulse	5	451447	15979	2
2240	15	Picture	10	453539	0	1	4144	2	0	4000	other	0
2240	15	Pulse	5	471436	17897	2
2240	16	Picture	10	471609	0	2	4145	3	0	4000	other	0
2240	17	Picture	10	489680	0	1	4145	2	0	4000	other	0
2240	17	Pulse	5	491436	1756	2
2240	18	Picture	10	507751	0	1	4145	2	0	4000	other	0
2240	18	Pulse	5	511435	3684	2
2240	19	Pulse	5	531425	5603	2
2240	20	Picture	20	550855	0	2	4145	3	0	4000	other	0
2240	20	Pulse	5	551425	570	2
2240	21	Picture	20	568926	0	1	4145	2	0	4000	other	0
2240	21	Pulse	5	571424	2498	2
2240	22	Picture	21	586997	0	1	4145	2	0	4000	hit	44
2240	22	Pulse	5	591414	4417	2
2240	22	Response	1	596534	9537	2
2240	23	Picture	20	605068	0	1	4144	3	0	4000	other	0
2240	23	Pulse	5	611413	6345	2
2240	24	Picture	20	623138	0	2	4145	4	0	4000	other	0
2240	24	Pulse	5	631413	8275	2
2240	25	Picture	20	641209	0	1	4145	2	0	4000	other	0
2240	25	Pulse	5	651402	10193	2
2240	26	Picture	21	659280	0	1	4145	2	0	4000	hit	52
2240	26	Response	1	663242	3962	2
2240	26	Pulse	5	671402	12122	2
2240	27	Picture	20	677351	0	1	4144	3	0	4000	other	0
2240	27	Pulse	5	691402	14051	1
2240	28	Picture	20	695421	0	2	4145	3	0	4000	other	0
2240	28	Pulse	5	711391	15970	2
2240	29	Picture	20	713492	0	1	4145	2	0	4000	other	0
2240	29	Pulse	5	731391	17899	2
2240	30	Picture	20	731563	0	1	4145	2	0	4000	other	0
2240	31	Picture	20	749634	0	1	4144	3	0	4000	other	0
2240	31	Pulse	5	751390	1756	3
2240	32	Picture	21	767704	0	2	4145	3	0	4000	hit	65
2240	32	Pulse	5	771380	3676	2
2240	32	Response	1	771700	3996	2
2240	33	Picture	20	785775	0	1	4145	2	0	4000	other	0
2240	33	Pulse	5	791379	5604	2
2240	34	Picture	20	803846	0	1	4145	2	0	4000	other	0
2240	34	Pulse	5	811379	7533	2
2240	35	Picture	21	821917	0	1	4144	3	0	4000	hit	71
2240	35	Response	1	827209	5292	1
2240	35	Pulse	5	831369	9452	1
2240	36	Pulse	5	851368	11381	2
2240	37	Picture	10	865021	0	1	4145	2	0	4000	other	0
2240	37	Pulse	5	871368	6347	1
2240	38	Picture	10	883092	0	1	4145	2	0	4000	other	0
2240	38	Pulse	5	891357	8265	2
2240	39	Picture	11	901163	0	1	4144	3	0	4000	hit	79
2240	39	Response	1	904957	3794	2
2240	39	Pulse	5	911357	10194	2
2240	40	Picture	10	919234	0	1	4144	2	0	4000	other	0
2240	40	Pulse	5	931356	12122	2
2240	41	Picture	11	937304	0	1	4145	2	0	4000	hit	84
2240	41	Response	1	943346	6042	2
2240	41	Pulse	5	951346	14042	2
2240	42	Picture	10	955375	0	1	4145	2	0	4000	other	0
2240	42	Pulse	5	971345	15970	2
2240	43	Picture	10	973446	0	1	4144	3	0	4000	other	0
2240	43	Pulse	5	991345	17899	2
2240	44	Picture	10	991516	0	2	4145	3	0	4000	other	0
2240	45	Picture	11	1009587	0	1	4145	2	0	4000	hit	93
2240	45	Pulse	5	1011335	1748	1
2240	45	Response	1	1012614	3027	2
2240	46	Picture	10	1027658	0	1	4145	2	0	4000	other	0
2240	46	Pulse	5	1031334	3676	2
2240	47	Picture	10	1045729	0	1	4144	3	0	4000	other	0
2240	47	Pulse	5	1051334	5605	1
2240	48	Picture	11	1063800	0	1	4144	2	0	4000	hit	99
2240	48	Response	1	1068763	4963	2
2240	48	Pulse	5	1071323	7523	2
2240	49	Picture	10	1081870	0	1	4145	2	0	4000	other	0
2240	49	Pulse	5	1091324	9454	1
2240	50	Picture	10	1099941	0	1	4145	2	0	4000	other	0
2240	50	Pulse	5	1111322	11381	2
2240	51	Picture	10	1118012	0	1	4144	3	0	4000	other	0
2240	51	Pulse	5	1131312	13300	2
2240	52	Picture	10	1136083	0	1	4144	2	0	4000	other	0
2240	52	Pulse	5	1151311	15228	2
2240	53	Pulse	5	1171311	17158	2
2240	54	Picture	30	1179187	0	1	4145	2	0	4000	other	0
2240	54	Pulse	5	1191301	12114	2
2240	55	Picture	30	1197258	0	1	4144	3	0	4000	other	0
2240	55	Pulse	5	1211300	14042	2
2240	56	Picture	31	1215329	0	1	4144	2	0	4000	hit	115
2240	56	Response	1	1220420	5091	2
2240	56	Pulse	5	1231460	16131	2
2240	57	Picture	30	1233399	0	1	4145	2	0	4000	other	0
2240	57	Pulse	5	1251449	18050	2
2240	58	Picture	30	1251470	0	1	4145	2	0	4000	other	0
2240	59	Picture	30	1269541	0	1	4144	3	0	4000	other	0
2240	59	Pulse	5	1271449	1908	2
2240	60	Picture	31	1287612	0	1	4144	2	0	4000	hit	124
2240	60	Pulse	5	1291438	3826	3
2240	60	Response	1	1301038	13426	2
2240	61	Picture	31	1305682	0	1	4145	2	0	4000	hit	127
2240	61	Pulse	5	1311438	5756	2
2240	61	Response	1	1317038	11356	2
2240	62	Picture	30	1323753	0	1	4145	2	0	4000	false_alarm	130
2240	62	Pulse	5	1331438	7685	1
2240	62	Response	1	1337677	13924	2
2240	63	Picture	30	1341824	0	1	4144	3	0	4000	other	0
2240	63	Pulse	5	1351437	9613	2
2240	64	Picture	30	1359895	0	1	4144	2	0	4000	other	0
2240	64	Pulse	5	1371427	11532	2
2240	65	Picture	31	1377965	0	2	4145	3	0	4000	hit	136
2240	65	Response	1	1385986	8021	3
2240	65	Pulse	5	1391426	13461	2
2240	66	Picture	30	1396036	0	1	4145	2	0	4000	other	0
2240	66	Pulse	5	1411426	15390	2
2240	67	Picture	30	1414107	0	1	4144	3	0	4000	other	0
2240	67	Pulse	5	1431415	17308	3
2240	68	Picture	30	1432178	0	1	4144	2	0	4000	other	0
2240	69	Picture	30	1450248	0	2	4145	3	0	4000	other	0
2240	69	Pulse	5	1451415	1167	2
2240	70	Pulse	5	1471414	3095	2
2240	70	Pulse	5	1491404	23085	2
2240	71	Picture	10	1493353	0	1	4145	2	0	4000	other	0
2240	71	Pulse	5	1511404	18051	1
2240	72	Picture	10	1511423	0	2	4145	3	0	4000	other	0
2240	73	Picture	11	1529494	0	2	4145	3	0	4000	hit	152
2240	73	Pulse	5	1531403	1909	2
2240	73	Response	1	1532363	2869	2
2240	74	Picture	10	1547565	0	1	4145	2	0	4000	other	0
2240	74	Pulse	5	1551393	3828	2
2240	75	Picture	11	1565636	0	1	4145	2	0	4000	hit	157
2240	75	Pulse	5	1571392	5756	2
2240	75	Response	1	1572832	7196	2
2240	76	Picture	10	1583707	0	1	4144	3	0	4000	other	0
2240	76	Pulse	5	1591392	7685	2
2240	77	Picture	10	1601777	0	2	4145	3	0	4000	other	0
2240	77	Pulse	5	1611381	9604	2
2240	78	Picture	11	1619848	0	1	4145	2	0	4000	hit	163
2240	78	Response	1	1623701	3853	2
2240	78	Pulse	5	1631381	11533	2
2240	79	Picture	10	1637919	0	1	4144	3	0	4000	other	0
2240	79	Pulse	5	1651381	13462	1
2240	80	Picture	10	1655990	0	1	4144	3	0	4000	other	0
2240	80	Pulse	5	1671370	15380	2
2240	81	Picture	10	1674060	0	2	4145	3	0	4000	other	0
2240	81	Pulse	5	1691370	17310	2
2240	82	Picture	10	1692131	0	1	4145	2	0	4000	other	0
2240	83	Picture	10	1710202	0	1	4145	2	0	4000	other	0
2240	83	Pulse	5	1711369	1167	3
2240	84	Picture	11	1728273	0	1	4144	2	0	4000	hit	176
2240	84	Pulse	5	1731360	3087	1
2240	84	Response	1	1731679	3406	2
2240	85	Picture	10	1746343	0	2	4145	3	0	4000	other	0
2240	85	Pulse	5	1751358	5015	3
2240	86	Picture	10	1764414	0	1	4145	2	0	4000	other	0
2240	86	Pulse	5	1771358	6944	2
2240	87	Pulse	5	1791347	8862	2
2240	88	Picture	20	1807519	0	1	4144	3	0	4000	other	0
2240	88	Pulse	5	1811347	3828	2
2240	89	Picture	20	1825589	0	2	4145	3	0	4000	other	0
2240	89	Pulse	5	1831347	5758	1
2240	90	Picture	20	1843660	0	1	4145	2	0	4000	other	0
2240	90	Pulse	5	1851336	7676	2
2240	91	Picture	21	1861731	0	1	4145	2	0	4000	hit	189
2240	91	Response	1	1866217	4486	1
2240	91	Pulse	5	1871336	9605	2
2240	92	Picture	20	1879802	0	1	4144	3	0	4000	other	0
2240	92	Pulse	5	1891335	11533	2
2240	93	Picture	20	1897872	0	2	4145	3	0	4000	other	0
2240	93	Pulse	5	1911325	13453	2
2240	94	Picture	21	1915943	0	1	4145	2	0	4000	hit	196
2240	94	Response	1	1920765	4822	1
2240	94	Pulse	5	1931324	15381	2
2240	95	Picture	20	1934014	0	1	4145	2	0	4000	other	0
2240	95	Pulse	5	1951324	17310	2
2240	96	Picture	20	1952085	0	1	4144	3	0	4000	other	0
2240	97	Picture	20	1970155	0	2	4145	3	0	4000	other	0
2240	97	Pulse	5	1971313	1158	2
2240	98	Picture	21	1988225	0	10	4146	11	0	4000	hit	205
2240	98	Pulse	5	1991313	3088	2
2240	98	Response	1	1993713	5488	2
2240	99	Picture	20	2006297	0	1	4145	2	0	4000	other	0
2240	99	Pulse	5	2011313	5016	1
2240	100	Picture	20	2024368	0	1	4144	3	0	4000	other	0
2240	100	Pulse	5	2031302	6934	2
2240	101	Picture	21	2042439	0	1	4144	2	0	4000	hit	211
2240	101	Response	1	2046822	4383	2
2240	101	Pulse	5	2051302	8863	2
2240	102	Picture	20	2060509	0	1	4145	2	0	4000	other	0
2240	102	Pulse	5	2071301	10792	2
2240	103	Picture	20	2078580	0	1	4145	2	0	4000	other	0
2240	103	Pulse	5	2091291	12711	2
2240	104	Response	1	2099131	2480	3
2240	104	Pulse	5	2111290	14639	2
2240	105	Picture	10	2121685	0	1	4144	2	0	4000	other	0
2240	105	Pulse	5	2131290	9605	2
2240	106	Picture	10	2139755	0	1	4145	2	0	4000	other	0
2240	106	Pulse	5	2151280	11525	2
2240	107	Picture	11	2157826	0	1	4144	4	0	4000	hit	224
2240	107	Response	1	2161519	3693	3
2240	107	Pulse	5	2171279	13453	2
2240	108	Picture	10	2175897	0	1	4144	3	0	4000	other	0
2240	108	Pulse	5	2191279	15382	2
2240	109	Picture	11	2193968	0	1	4144	2	0	4000	hit	229
2240	109	Response	1	2199749	5781	2
2240	109	Pulse	5	2211269	17301	1
2240	110	Picture	10	2212038	0	1	4145	2	0	4000	other	0
2240	111	Picture	10	2230109	0	1	4145	2	0	4000	other	0
2240	111	Pulse	5	2231268	1159	2
2240	112	Picture	11	2248180	0	1	4144	3	0	4000	hit	236
2240	112	Pulse	5	2251267	3087	2
2240	112	Response	1	2251427	3247	2
2240	113	Picture	10	2266251	0	1	4144	2	0	4000	other	0
2240	113	Pulse	5	2271417	5166	2
2240	114	Picture	10	2284321	0	1	4145	2	0	4000	other	0
2240	114	Pulse	5	2291417	7096	1
2240	115	Picture	10	2302392	0	1	4145	2	0	4000	other	0
2240	115	Pulse	5	2311416	9024	2
2240	116	Picture	10	2320463	0	1	4144	3	0	4000	other	0
2240	116	Pulse	5	2331406	10943	1
2240	117	Picture	10	2338534	0	1	4144	2	0	4000	false_alarm	246
2240	117	Response	1	2341325	2791	2
2240	117	Pulse	5	2351405	12871	2
2240	118	Picture	11	2356604	0	2	4145	3	0	4000	miss	0
2240	118	Pulse	5	2371395	14791	2
2240	119	Picture	10	2374675	0	1	4145	2	0	4000	other	0
2240	119	Pulse	5	2391394	16719	2
2240	120	Picture	10	2392746	0	1	4144	3	0	4000	other	0
2240	121	Pulse	5	2411394	577	2
2240	121	Pulse	5	2431393	20576	3
2240	122	Picture	30	2435850	0	2	4145	3	0	4000	other	0
2240	122	Pulse	5	2451383	15533	2
2240	123	Picture	30	2453921	0	1	4145	2	0	4000	other	0
2240	123	Pulse	5	2471382	17461	3
2240	124	Picture	30	2471992	0	1	4144	3	0	4000	other	0
2240	125	Picture	31	2490063	0	1	4144	2	0	4000	hit	262
2240	125	Pulse	5	2491382	1319	2
2240	125	Response	1	2499052	8989	2
2240	126	Picture	31	2508133	0	1	4145	2	0	4000	hit	265
2240	126	Pulse	5	2511372	3239	2
2240	126	Response	1	2514892	6759	1
2240	127	Picture	30	2526204	0	1	4145	2	0	4000	other	0
2240	127	Pulse	5	2531371	5167	2
2240	128	Picture	30	2544275	0	1	4144	3	0	4000	other	0
2240	128	Pulse	5	2551371	7096	2
2240	129	Picture	30	2562346	0	1	4144	2	0	4000	other	0
2240	129	Pulse	5	2571360	9014	2
2240	130	Picture	31	2580416	0	2	4145	3	0	4000	hit	273
2240	130	Response	1	2590721	10305	1
2240	130	Pulse	5	2591360	10944	2
2240	131	Picture	30	2598487	0	1	4145	2	0	4000	other	0
2240	131	Pulse	5	2611359	12872	2
2240	132	Picture	30	2616558	0	1	4144	3	0	4000	false_alarm	278
2240	132	Response	1	2624629	8071	3
2240	132	Pulse	5	2631349	14791	3
2240	133	Picture	30	2634629	0	1	4144	2	0	4000	other	0
2240	133	Pulse	5	2651349	16720	2
2240	134	Picture	30	2652699	0	2	4145	3	0	4000	other	0
2240	135	Picture	31	2670770	0	1	4145	2	0	4000	miss	0
2240	135	Pulse	5	2671348	578	3
2240	136	Picture	30	2688841	0	1	4145	2	0	4000	other	0
2240	136	Pulse	5	2691338	2497	2
2240	137	Picture	30	2706912	0	1	4144	2	0	4000	false_alarm	289
2240	137	Pulse	5	2711337	4425	2
2240	137	Response	1	2713737	6825	2
