Scenario - 1-back
Logfile written - 12/19/2014 17:56:46

Subject	Trial	Event Type	Code	Time	TTime	Uncertainty	Duration	Uncertainty	ReqTime	ReqDur	Stim Type	Pair Index

2240	1	Response	1	464228	474062	3
2240	1	Pulse	5	602275	612109	2
2240	2	Pulse	5	622275	19860	2
2240	3	Picture	10	627449	0	1	4144	2	0	4000	other	0
2240	3	Pulse	5	642274	14825	2
2240	4	Picture	10	645519	0	2	4145	3	0	4000	other	0
2240	4	Pulse	5	662264	16745	2
2240	5	Picture	11	663590	0	1	4145	2	0	4000	hit	9
2240	5	Response	1	668505	4915	1
2240	6	Picture	10	681661	0	1	4144	3	0	4000	other	0
2240	6	Pulse	5	682424	763	1
2240	7	Picture	11	699731	0	2	4145	3	0	4000	hit	14
2240	7	Pulse	5	702423	2692	2
2240	7	Response	1	704503	4772	2
2240	8	Picture	10	717802	0	1	4145	2	0	4000	other	0
2240	8	Pulse	5	722413	4611	1
2240	9	Picture	10	735873	0	1	4145	2	0	4000	other	0
2240	9	Pulse	5	742412	6539	2
2240	10	Picture	10	753944	0	1	4144	3	0	4000	other	0
2240	10	Pulse	5	762412	8468	2
2240	11	Picture	11	772015	0	1	4144	2	0	4000	hit	22
2240	11	Response	1	776651	4636	2
2240	11	Pulse	5	782401	10386	3
2240	12	Picture	10	790085	0	1	4145	2	0	4000	other	0
2240	12	Pulse	5	802401	12316	2
2240	13	Picture	10	808156	0	1	4145	2	0	4000	other	0
2240	13	Pulse	5	822400	14244	3
2240	14	Picture	11	826227	0	1	4144	3	0	4000	hit	29
2240	14	Response	1	830720	4493	3
2240	14	Pulse	5	842390	16163	2
2240	15	Picture	10	844297	0	2	4145	3	0	4000	other	0
2240	16	Picture	10	862368	0	1	4145	2	0	4000	other	0
2240	16	Pulse	5	862390	22	1
2240	17	Picture	10	880439	0	1	4145	2	0	4000	other	0
2240	17	Pulse	5	882389	1950	2
2240	18	Picture	10	898510	0	1	4144	3	0	4000	other	0
2240	18	Pulse	5	902379	3869	2
2240	19	Pulse	5	922378	5798	2
2240	20	Picture	20	941614	0	1	4145	2	0	4000	other	0
2240	20	Pulse	5	942378	764	2
2240	21	Picture	20	959685	0	1	4145	2	0	4000	other	0
2240	21	Pulse	5	962367	2682	3
2240	22	Picture	21	977756	0	1	4144	2	0	4000	miss	0
2240	22	Pulse	5	982367	4611	2
2240	23	Picture	20	995826	0	2	4145	3	0	4000	false_alarm	46
2240	23	Response	1	997247	1421	1
2240	23	Pulse	5	1002367	6541	1
2240	24	Picture	20	1013897	0	1	4145	2	0	4000	other	0
2240	24	Pulse	5	1022357	8460	1
2240	25	Picture	20	1031968	0	1	4144	3	0	4000	other	0
2240	25	Pulse	5	1042356	10388	2
2240	26	Picture	21	1050039	0	1	4144	2	0	4000	hit	53
2240	26	Response	1	1058515	8476	2
2240	26	Pulse	5	1062355	12316	2
2240	27	Picture	20	1068109	0	2	4145	3	0	4000	other	0
2240	27	Pulse	5	1082345	14236	2
2240	28	Picture	20	1086180	0	1	4145	2	0	4000	other	0
2240	28	Pulse	5	1102344	16164	2
2240	29	Picture	20	1104251	0	1	4144	3	0	4000	other	0
2240	30	Picture	20	1122321	0	2	4145	3	0	4000	other	0
2240	30	Pulse	5	1122344	23	2
2240	31	Picture	20	1140392	0	2	4145	3	0	4000	false_alarm	64
2240	31	Pulse	5	1142333	1941	2
2240	31	Response	1	1145853	5461	2
2240	32	Picture	21	1158463	0	1	4145	2	0	4000	hit	67
2240	32	Pulse	5	1162333	3870	2
2240	32	Response	1	1166813	8350	2
2240	33	Picture	20	1176534	0	1	4144	3	0	4000	other	0
2240	33	Pulse	5	1182333	5799	1
2240	34	Picture	20	1194604	0	2	4145	3	0	4000	other	0
2240	34	Pulse	5	1202322	7718	2
2240	35	Picture	21	1212675	0	2	4145	3	0	4000	hit	73
2240	35	Response	1	1217522	4847	2
2240	35	Pulse	5	1222322	9647	2
2240	36	Pulse	5	1242321	11575	2
2240	37	Picture	10	1255780	0	1	4144	3	0	4000	other	0
2240	37	Pulse	5	1262311	6531	2
2240	38	Picture	10	1273851	0	1	4144	2	0	4000	other	0
2240	38	Pulse	5	1282310	8459	3
2240	39	Picture	11	1291921	0	1	4145	2	0	4000	hit	81
2240	39	Response	1	1296390	4469	2
2240	39	Pulse	5	1302310	10389	3
2240	40	Picture	10	1309990	0	3	4147	4	0	4000	other	0
2240	40	Pulse	5	1322300	12310	1
2240	41	Picture	11	1328063	0	1	4144	3	0	4000	hit	86
2240	41	Response	1	1333179	5116	2
2240	41	Pulse	5	1342299	14236	2
2240	42	Picture	10	1346133	0	2	4145	8	0	4000	other	0
2240	42	Pulse	5	1362299	16166	2
2240	43	Picture	10	1364204	0	1	4145	2	0	4000	other	0
2240	44	Picture	10	1382275	0	1	4145	2	0	4000	other	0
2240	44	Pulse	5	1382288	13	3
2240	45	Picture	11	1400346	0	1	4144	3	0	4000	hit	95
2240	45	Pulse	5	1402288	1942	2
2240	45	Response	1	1404848	4502	2
2240	46	Picture	10	1418416	0	2	4145	3	0	4000	other	0
2240	46	Pulse	5	1422287	3871	3
2240	47	Picture	10	1436487	0	1	4145	2	0	4000	other	0
2240	47	Pulse	5	1442277	5790	2
2240	48	Picture	11	1454558	0	1	4145	2	0	4000	hit	101
2240	48	Response	1	1459716	5158	3
2240	48	Pulse	5	1462276	7718	3
2240	49	Picture	10	1472629	0	1	4144	3	0	4000	other	0
2240	49	Pulse	5	1482276	9647	2
2240	50	Picture	10	1490699	0	2	4145	3	0	4000	other	0
2240	50	Pulse	5	1502266	11567	1
2240	51	Picture	10	1508770	0	1	4145	2	0	4000	other	0
2240	51	Pulse	5	1522265	13495	2
2240	52	Picture	10	1526841	0	1	4145	2	0	4000	other	0
2240	52	Pulse	5	1542265	15424	2
2240	53	Pulse	5	1562254	17342	2
2240	54	Picture	30	1569945	0	2	4145	3	0	4000	other	0
2240	54	Pulse	5	1582254	12309	2
2240	55	Picture	30	1588016	0	1	4145	2	0	4000	other	0
2240	55	Pulse	5	1602253	14237	2
2240	56	Picture	31	1606087	0	1	4145	2	0	4000	hit	117
2240	56	Response	1	1619693	13606	2
2240	56	Pulse	5	1622243	16156	2
2240	57	Picture	30	1624158	0	1	4144	2	0	4000	other	0
2240	58	Picture	30	1642228	0	2	4145	3	0	4000	other	0
2240	58	Pulse	5	1642243	15	1
2240	59	Picture	30	1660299	0	1	4145	2	0	4000	other	0
2240	59	Pulse	5	1662242	1943	2
2240	60	Picture	31	1678370	0	1	4145	2	0	4000	hit	126
2240	60	Pulse	5	1682232	3862	2
2240	60	Response	1	1684152	5782	1
2240	61	Picture	31	1696441	0	1	4144	3	0	4000	hit	129
2240	61	Pulse	5	1702231	5790	2
2240	61	Response	1	1706072	9631	1
2240	62	Picture	30	1714511	0	2	4145	3	0	4000	false_alarm	132
2240	62	Pulse	5	1722391	7880	2
2240	62	Response	1	1725271	10760	2
2240	63	Picture	30	1732582	0	1	4145	2	0	4000	other	0
2240	63	Pulse	5	1742380	9798	3
2240	64	Picture	30	1750653	0	1	4145	2	0	4000	other	0
2240	64	Pulse	5	1762380	11727	2
2240	65	Picture	31	1768724	0	1	4144	2	0	4000	hit	138
2240	65	Response	1	1781579	12855	3
2240	65	Pulse	5	1782379	13655	3
2240	66	Picture	30	1786794	0	1	4145	2	0	4000	other	0
2240	66	Pulse	5	1802369	15575	2
2240	67	Picture	30	1804865	0	1	4145	2	0	4000	other	0
2240	67	Pulse	5	1822369	17504	1
2240	68	Picture	30	1822936	0	1	4144	3	0	4000	other	0
2240	69	Picture	30	1841006	0	2	4145	3	0	4000	other	0
2240	69	Pulse	5	1842368	1362	2
2240	70	Pulse	5	1862358	3281	2
2240	70	Pulse	5	1882357	23280	2
2240	71	Picture	10	1884111	0	1	4145	2	0	4000	other	0
2240	72	Picture	10	1902182	0	1	4144	3	0	4000	other	0
2240	72	Pulse	5	1902357	175	2
2240	73	Picture	11	1920252	0	2	4145	3	0	4000	hit	154
2240	73	Pulse	5	1922346	2094	2
2240	73	Response	1	1925386	5134	2
2240	74	Picture	10	1938323	0	1	4145	2	0	4000	other	0
2240	74	Pulse	5	1942346	4023	2
2240	75	Picture	11	1956394	0	1	4145	2	0	4000	hit	158
2240	75	Response	1	1961706	5312	2
2240	75	Pulse	5	1962346	5952	1
2240	76	Picture	10	1974465	0	1	4144	3	0	4000	other	0
2240	76	Pulse	5	1982335	7870	2
2240	77	Picture	10	1992535	0	2	4145	3	0	4000	other	0
2240	77	Pulse	5	2002335	9800	1
2240	78	Picture	11	2010606	0	1	4145	2	0	4000	hit	165
2240	78	Response	1	2015294	4688	2
2240	78	Pulse	5	2022334	11728	2
2240	79	Picture	10	2028677	0	1	4145	2	0	4000	other	0
2240	79	Pulse	5	2042324	13647	2
2240	80	Picture	10	2046748	0	1	4144	3	0	4000	other	0
2240	80	Pulse	5	2062323	15575	2
2240	81	Picture	10	2064818	0	2	4145	3	0	4000	other	0
2240	81	Pulse	5	2082323	17505	2
2240	82	Picture	10	2082889	0	1	4145	2	0	4000	other	0
2240	83	Picture	10	2100960	0	1	4145	2	0	4000	other	0
2240	83	Pulse	5	2102312	1352	2
2240	84	Picture	11	2119031	0	1	4144	3	0	4000	hit	178
2240	84	Pulse	5	2122313	3282	1
2240	84	Response	1	2123432	4401	2
2240	85	Picture	10	2137101	0	2	4145	3	0	4000	other	0
2240	85	Pulse	5	2142312	5211	24
2240	86	Picture	10	2155172	0	1	4145	2	0	4000	other	0
2240	86	Pulse	5	2162301	7129	3
2240	87	Pulse	5	2182301	9058	2
2240	88	Picture	20	2198277	0	1	4144	3	0	4000	other	0
2240	88	Pulse	5	2202300	4023	2
2240	89	Picture	20	2216347	0	2	4145	3	0	4000	other	0
2240	89	Pulse	5	2222290	5943	2
2240	90	Picture	20	2234418	0	1	4145	2	0	4000	other	0
2240	90	Pulse	5	2242289	7871	3
2240	91	Picture	21	2252489	0	1	4145	2	0	4000	hit	191
2240	91	Response	1	2259089	6600	2
2240	91	Pulse	5	2262290	9801	2
2240	92	Picture	20	2270558	0	5	4146	7	0	4000	other	0
2240	92	Pulse	5	2282279	11721	1
2240	93	Picture	20	2288630	0	2	4145	3	0	4000	other	0
2240	93	Pulse	5	2302278	13648	2
2240	94	Picture	21	2306701	0	1	4145	2	0	4000	hit	198
2240	94	Response	1	2314918	8217	2
2240	94	Pulse	5	2322278	15577	1
2240	95	Picture	20	2324772	0	1	4145	2	0	4000	other	0
2240	95	Pulse	5	2342267	17495	2
2240	96	Picture	20	2342843	0	1	4144	3	0	4000	other	0
2240	97	Picture	20	2360913	0	2	4145	3	0	4000	other	0
2240	97	Pulse	5	2362267	1354	2
2240	98	Picture	21	2378984	0	1	4145	2	0	4000	hit	207
2240	98	Pulse	5	2382266	3282	2
2240	98	Response	1	2384346	5362	2
2240	99	Picture	20	2397055	0	1	4145	2	0	4000	other	0
2240	99	Pulse	5	2402256	5201	2
2240	100	Picture	20	2415126	0	1	4144	2	0	4000	other	0
2240	100	Pulse	5	2422255	7129	3
2240	101	Picture	21	2433196	0	2	4145	3	0	4000	hit	213
2240	101	Response	1	2438575	5379	2
2240	101	Pulse	5	2442255	9059	2
2240	102	Picture	20	2451267	0	1	4145	2	0	4000	other	0
2240	102	Pulse	5	2462245	10978	1
2240	103	Picture	20	2469338	0	1	4144	3	0	4000	other	0
2240	103	Pulse	5	2482244	12906	2
2240	104	Pulse	5	2502244	14835	2
2240	105	Picture	10	2512442	0	2	4145	3	0	4000	other	0
2240	105	Pulse	5	2522233	9791	2
2240	106	Picture	10	2530513	0	1	4145	2	0	4000	other	0
2240	106	Pulse	5	2542233	11720	2
2240	107	Picture	11	2548584	0	1	4145	2	0	4000	hit	225
2240	107	Response	1	2554392	5808	3
2240	107	Pulse	5	2562232	13648	3
2240	108	Picture	10	2566655	0	1	4144	2	0	4000	other	0
2240	108	Pulse	5	2582222	15567	2
2240	109	Picture	11	2584725	0	2	4145	3	0	4000	hit	230
2240	109	Response	1	2589262	4537	2
2240	109	Pulse	5	2602222	17497	1
2240	110	Picture	10	2602796	0	1	4145	2	0	4000	other	0
2240	111	Picture	10	2620867	0	1	4144	3	0	4000	other	0
2240	111	Pulse	5	2622221	1354	2
2240	112	Picture	11	2638938	0	1	4144	2	0	4000	hit	237
2240	112	Pulse	5	2642211	3273	1
2240	112	Response	1	2643331	4393	1
2240	113	Picture	10	2657008	0	2	4145	3	0	4000	other	0
2240	113	Pulse	5	2662211	5203	1
2240	114	Picture	10	2675079	0	1	4145	2	0	4000	other	0
2240	114	Pulse	5	2682210	7131	2
2240	115	Picture	10	2693150	0	1	4144	3	0	4000	other	0
2240	115	Pulse	5	2702199	9049	3
2240	116	Picture	10	2711221	0	1	4144	2	0	4000	other	0
2240	116	Pulse	5	2722199	10978	2
2240	117	Picture	10	2729291	0	2	4145	3	0	4000	other	0
2240	117	Pulse	5	2742198	12907	3
2240	118	Picture	11	2747362	0	1	4145	2	0	4000	hit	249
2240	118	Response	1	2752438	5076	3
2240	118	Pulse	5	2762348	14986	2
2240	119	Picture	10	2765433	0	1	4145	2	0	4000	other	0
2240	119	Pulse	5	2782348	16915	1
2240	120	Picture	10	2783504	0	1	4144	2	0	4000	other	0
2240	121	Pulse	5	2802347	773	2
2240	121	Pulse	5	2822337	20763	1
2240	122	Picture	30	2826608	0	1	4145	2	0	4000	other	0
2240	122	Pulse	5	2842336	15728	2
2240	123	Picture	30	2844679	0	1	4145	2	0	4000	other	0
2240	123	Pulse	5	2862336	17657	2
2240	124	Picture	30	2862750	0	1	4144	3	0	4000	other	0
2240	125	Picture	31	2880820	0	2	4145	3	0	4000	hit	263
2240	125	Pulse	5	2882325	1505	2
2240	125	Response	1	2892085	11265	2
2240	126	Picture	31	2898891	0	1	4145	2	0	4000	hit	266
2240	126	Pulse	5	2902326	3435	1
2240	126	Response	1	2906965	8074	2
2240	127	Picture	30	2916962	0	1	4144	3	0	4000	false_alarm	269
2240	127	Pulse	5	2922324	5362	2
2240	127	Response	1	2925524	8562	2
2240	128	Picture	30	2935033	0	1	4144	3	0	4000	other	0
2240	128	Pulse	5	2942314	7281	2
2240	129	Picture	30	2953103	0	2	4145	3	0	4000	other	0
2240	129	Pulse	5	2962314	9211	1
2240	130	Picture	31	2971174	0	1	4145	2	0	4000	hit	275
2240	130	Response	1	2978153	6979	2
2240	130	Pulse	5	2982313	11139	2
2240	131	Picture	30	2989245	0	1	4145	2	0	4000	other	0
2240	131	Pulse	5	3002303	13058	2
2240	132	Picture	30	3007316	0	1	4144	3	0	4000	other	0
2240	132	Pulse	5	3022302	14986	2
2240	133	Picture	30	3025386	0	2	4145	3	0	4000	false_alarm	282
2240	133	Response	1	3033182	7796	2
2240	133	Pulse	5	3042302	16916	2
2240	134	Picture	30	3043457	0	1	4145	2	0	4000	other	0
2240	135	Picture	31	3061528	0	1	4145	2	0	4000	hit	287
2240	135	Pulse	5	3062291	763	2
2240	135	Response	1	3068531	7003	2
2240	136	Picture	30	3079599	0	1	4144	2	0	4000	other	0
2240	136	Pulse	5	3082291	2692	2
2240	137	Picture	30	3097669	0	1	4145	2	0	4000	false_alarm	292
2240	137	Pulse	5	3102291	4622	1
2240	137	Response	1	3104530	6861	2
