Scenario - 1-back
Logfile written - 12/19/2014 18:01:34

Subject	Trial	Event Type	Code	Time	TTime	Uncertainty	Duration	Uncertainty	ReqTime	ReqDur	Stim Type	Pair Index

2240	1	Pulse	5	334024	343858	2
2240	2	Pulse	5	354023	19851	2
2240	3	Picture	10	359206	0	1	4145	2	0	4000	other	0
2240	3	Pulse	5	374023	14817	2
2240	4	Picture	10	377277	0	1	4144	3	0	4000	other	0
2240	4	Pulse	5	394172	16895	2
2240	5	Picture	11	395348	0	1	4144	2	0	4000	hit	8
2240	5	Response	1	400092	4744	2
2240	6	Picture	10	413418	0	2	4145	3	0	4000	other	0
2240	6	Pulse	5	414172	754	2
2240	7	Picture	11	431489	0	1	4145	2	0	4000	hit	13
2240	7	Pulse	5	434172	2683	1
2240	7	Response	1	436092	4603	1
2240	8	Picture	10	449560	0	1	4144	3	0	4000	other	0
2240	8	Pulse	5	454161	4601	2
2240	9	Picture	10	467630	0	2	4145	3	0	4000	other	0
2240	9	Pulse	5	474161	6531	2
2240	10	Picture	10	485701	0	2	4145	3	0	4000	other	0
2240	10	Pulse	5	494160	8459	2
2240	11	Picture	11	503772	0	1	4145	2	0	4000	hit	21
2240	11	Response	1	506960	3188	2
2240	11	Pulse	5	514150	10378	2
2240	12	Picture	10	521843	0	1	4144	3	0	4000	other	0
2240	12	Pulse	5	534149	12306	3
2240	13	Picture	10	539914	0	1	4144	2	0	4000	other	0
2240	13	Pulse	5	554149	14235	2
2240	14	Picture	11	557984	0	1	4145	2	0	4000	hit	28
2240	14	Response	1	563589	5605	2
2240	14	Pulse	5	574139	16155	1
2240	15	Picture	10	576055	0	1	4145	2	0	4000	other	0
2240	16	Picture	10	594126	0	1	4144	3	0	4000	other	0
2240	16	Pulse	5	594138	12	3
2240	17	Picture	10	612197	0	1	4144	2	0	4000	other	0
2240	17	Pulse	5	614138	1941	2
2240	18	Picture	10	630267	0	1	4145	2	0	4000	other	0
2240	18	Pulse	5	634127	3860	2
2240	19	Pulse	5	654127	5789	2
2240	20	Picture	30	673372	0	1	4144	3	0	4000	other	0
2240	20	Pulse	5	674127	755	1
2240	21	Picture	30	691442	0	2	4145	3	0	4000	other	0
2240	21	Pulse	5	694116	2674	2
2240	22	Picture	31	709513	0	2	4145	3	0	4000	hit	44
2240	22	Pulse	5	714115	4602	3
2240	22	Response	1	716677	7164	1
2240	23	Picture	30	727584	0	1	4145	2	0	4000	other	0
2240	23	Pulse	5	734115	6531	2
2240	24	Picture	30	745655	0	1	4144	3	0	4000	other	0
2240	24	Pulse	5	754105	8450	1
2240	25	Picture	30	763726	0	1	4144	2	0	4000	other	0
2240	25	Pulse	5	774104	10378	2
2240	26	Picture	31	781796	0	2	4145	3	0	4000	hit	52
2240	26	Response	1	793944	12148	2
2240	26	Pulse	5	794104	12308	1
2240	27	Picture	31	799867	0	1	4145	2	0	4000	hit	55
2240	27	Response	1	809463	9596	2
2240	27	Pulse	5	814093	14226	2
2240	28	Picture	30	817938	0	1	4144	3	0	4000	other	0
2240	28	Pulse	5	834093	16155	2
2240	29	Picture	30	836008	0	2	4145	3	0	4000	other	0
2240	30	Picture	30	854079	0	2	4145	3	0	4000	other	0
2240	30	Pulse	5	854092	13	2
2240	31	Picture	31	872150	0	1	4145	2	0	4000	hit	64
2240	31	Pulse	5	874082	1932	2
2240	31	Response	1	881282	9132	2
2240	32	Picture	30	890221	0	1	4144	3	0	4000	other	0
2240	32	Pulse	5	894081	3860	2
2240	33	Picture	30	908292	0	1	4144	2	0	4000	other	0
2240	33	Pulse	5	914081	5789	2
2240	34	Picture	30	926362	0	1	4145	2	0	4000	other	0
2240	34	Pulse	5	934071	7709	1
2240	35	Picture	30	944433	0	1	4145	2	0	4000	other	0
2240	35	Pulse	5	954070	9637	2
2240	36	Pulse	5	974070	11566	2
2240	37	Picture	10	987538	0	1	4144	2	0	4000	other	0
2240	37	Pulse	5	994059	6521	2
2240	38	Picture	10	1005608	0	2	4145	3	0	4000	other	0
2240	38	Pulse	5	1014059	8451	2
2240	39	Picture	11	1023679	0	1	4145	2	0	4000	hit	79
2240	39	Response	1	1027019	3340	1
2240	39	Pulse	5	1034058	10379	2
2240	40	Picture	10	1041750	0	1	4145	2	0	4000	other	0
2240	40	Pulse	5	1054048	12298	2
2240	41	Picture	11	1059821	0	1	4144	2	0	4000	hit	84
2240	41	Response	1	1065889	6068	1
2240	41	Pulse	5	1074048	14227	1
2240	42	Picture	10	1077891	0	1	4145	2	0	4000	other	0
2240	42	Pulse	5	1094047	16156	2
2240	43	Picture	10	1095962	0	1	4145	3	0	4000	other	0
2240	44	Picture	10	1114033	0	1	4144	3	0	4000	other	0
2240	44	Pulse	5	1114037	4	1
2240	45	Picture	11	1132104	0	1	4144	2	0	4000	hit	93
2240	45	Pulse	5	1134037	1933	1
2240	45	Response	1	1134996	2892	2
2240	46	Picture	10	1150174	0	1	4145	2	0	4000	other	0
2240	46	Pulse	5	1154036	3862	2
2240	47	Picture	10	1168245	0	1	4145	2	0	4000	other	0
2240	47	Pulse	5	1174025	5780	3
2240	48	Picture	11	1186316	0	1	4144	3	0	4000	hit	99
2240	48	Response	1	1191465	5149	2
2240	48	Pulse	5	1194025	7709	2
2240	49	Picture	10	1204387	0	1	4144	2	0	4000	other	0
2240	49	Pulse	5	1214024	9637	3
2240	50	Picture	10	1222623	0	1	4145	2	0	4000	other	0
2240	50	Pulse	5	1234014	11391	2
2240	51	Picture	10	1240694	0	1	4145	2	0	4000	other	0
2240	51	Pulse	5	1254014	13320	1
2240	52	Picture	10	1258765	0	1	4144	2	0	4000	other	0
2240	52	Pulse	5	1274013	15248	2
2240	53	Pulse	5	1294003	17168	2
2240	54	Picture	20	1301869	0	1	4145	2	0	4000	other	0
2240	54	Pulse	5	1314002	12133	2
2240	55	Picture	20	1319940	0	1	4145	2	0	4000	other	0
2240	55	Pulse	5	1334003	14063	1
2240	56	Picture	21	1338011	0	1	4144	2	0	4000	hit	115
2240	56	Response	1	1345682	7671	1
2240	56	Pulse	5	1353991	15980	2
2240	57	Picture	20	1356081	0	2	4145	3	0	4000	other	0
2240	57	Pulse	5	1373991	17910	2
2240	58	Picture	20	1374152	0	1	4145	2	0	4000	other	0
2240	59	Picture	20	1392223	0	1	4144	3	0	4000	other	0
2240	59	Pulse	5	1393991	1768	1
2240	60	Picture	21	1410294	0	1	4144	3	0	4000	hit	124
2240	60	Pulse	5	1413980	3686	2
2240	60	Response	1	1414300	4006	2
2240	61	Picture	20	1428364	0	2	4145	3	0	4000	other	0
2240	61	Pulse	5	1434140	5776	2
2240	62	Picture	20	1446435	0	1	4144	3	0	4000	other	0
2240	62	Pulse	5	1454139	7704	2
2240	63	Picture	20	1464506	0	1	4144	3	0	4000	other	0
2240	63	Pulse	5	1474129	9623	2
2240	64	Picture	20	1482577	0	1	4144	3	0	4000	other	0
2240	64	Pulse	5	1494128	11551	2
2240	65	Picture	20	1500647	0	2	4145	3	0	4000	other	0
2240	65	Pulse	5	1514128	13481	2
2240	66	Picture	21	1518718	0	1	4145	2	0	4000	hit	136
2240	66	Response	1	1526278	7560	2
2240	66	Pulse	5	1534117	15399	2
2240	67	Picture	20	1536789	0	1	4144	3	0	4000	other	0
2240	67	Pulse	5	1554117	17328	2
2240	68	Picture	20	1554860	0	1	4144	2	0	4000	other	0
2240	69	Picture	21	1572930	0	2	4145	3	0	4000	hit	143
2240	69	Pulse	5	1574117	1187	1
2240	69	Response	1	1576996	4066	2
2240	70	Pulse	5	1594106	3105	2
2240	70	Pulse	5	1614106	23105	2
2240	71	Picture	10	1616035	0	1	4145	2	0	4000	other	0
2240	72	Picture	10	1634105	0	3	4145	5	0	4000	false_alarm	149
2240	72	Pulse	5	1634105	0	3
2240	72	Response	1	1638905	4800	2
2240	73	Picture	11	1652176	0	2	4145	3	0	4000	hit	152
2240	73	Pulse	5	1654095	1919	2
2240	73	Response	1	1657455	5279	2
2240	74	Picture	10	1670247	0	1	4145	2	0	4000	other	0
2240	74	Pulse	5	1674094	3847	3
2240	75	Picture	11	1688318	0	1	4145	2	0	4000	hit	156
2240	75	Response	1	1692174	3856	3
2240	75	Pulse	5	1694094	5776	3
2240	76	Picture	10	1706389	0	1	4144	2	0	4000	other	0
2240	76	Pulse	5	1714084	7695	1
2240	77	Picture	10	1724459	0	2	4145	3	0	4000	other	0
2240	77	Pulse	5	1734083	9624	2
2240	78	Picture	11	1742530	0	1	4145	2	0	4000	hit	163
2240	78	Response	1	1748003	5473	2
2240	78	Pulse	5	1754083	11553	1
2240	79	Picture	10	1760601	0	1	4145	2	0	4000	other	0
2240	79	Pulse	5	1774072	13471	3
2240	80	Picture	10	1778672	0	1	4144	3	0	4000	other	0
2240	80	Pulse	5	1794065	15393	12
2240	81	Picture	10	1796742	0	2	4145	3	0	4000	other	0
2240	81	Pulse	5	1814071	17329	3
2240	82	Picture	10	1814813	0	1	4145	2	0	4000	other	0
2240	83	Picture	10	1832884	0	1	4145	2	0	4000	other	0
2240	83	Pulse	5	1834061	1177	2
2240	84	Picture	11	1850955	0	1	4144	3	0	4000	hit	176
2240	84	Pulse	5	1854060	3105	2
2240	84	Response	1	1855500	4545	2
2240	85	Picture	10	1869025	0	2	4145	3	0	4000	other	0
2240	85	Pulse	5	1874060	5035	2
2240	86	Picture	10	1887096	0	1	4145	2	0	4000	other	0
2240	86	Pulse	5	1894050	6954	1
2240	87	Pulse	5	1914049	8882	2
2240	88	Picture	30	1930201	0	1	4144	3	0	4000	other	0
2240	88	Pulse	5	1934049	3848	1
2240	89	Picture	30	1948271	0	2	4145	3	0	4000	other	0
2240	89	Pulse	5	1954038	5767	2
2240	90	Picture	30	1966342	0	1	4145	2	0	4000	other	0
2240	90	Pulse	5	1974038	7696	2
2240	91	Picture	31	1984413	0	1	4145	2	0	4000	hit	189
2240	91	Response	1	1990997	6584	2
2240	91	Pulse	5	1994037	9624	2
2240	92	Picture	31	2002484	0	1	4144	3	0	4000	hit	192
2240	92	Response	1	2011957	9473	2
2240	92	Pulse	5	2014027	11543	2
2240	93	Picture	30	2020554	0	2	4145	3	0	4000	other	0
2240	93	Pulse	5	2034026	13472	2
2240	94	Picture	30	2038625	0	1	4145	2	0	4000	other	0
2240	94	Pulse	5	2054026	15401	2
2240	95	Picture	30	2056696	0	1	4145	2	0	4000	other	0
2240	95	Pulse	5	2074016	17320	1
2240	96	Picture	31	2074767	0	1	4144	3	0	4000	hit	201
2240	96	Response	1	2080415	5648	2
2240	97	Picture	30	2092837	0	2	4145	3	0	4000	other	0
2240	97	Pulse	5	2094015	1178	2
2240	98	Picture	30	2110908	0	1	4145	2	0	4000	other	0
2240	98	Pulse	5	2114015	3107	2
2240	99	Picture	30	2128979	0	1	4145	2	0	4000	other	0
2240	99	Pulse	5	2134004	5025	3
2240	100	Picture	30	2147050	0	1	4144	3	0	4000	other	0
2240	100	Pulse	5	2154004	6954	2
2240	101	Picture	31	2165120	0	2	4145	3	0	4000	hit	211
2240	101	Response	1	2172243	7123	3
2240	101	Pulse	5	2174003	8883	3
2240	102	Picture	30	2183191	0	1	4145	2	0	4000	false_alarm	214
2240	102	Response	1	2193513	10322	2
2240	102	Pulse	5	2193993	10802	2
2240	103	Picture	30	2201262	0	1	4145	2	0	4000	other	0
2240	103	Pulse	5	2213992	12730	2
2240	104	Pulse	5	2233992	14659	2
2240	105	Picture	10	2244367	0	1	4144	2	0	4000	other	0
2240	105	Pulse	5	2253982	9615	1
2240	106	Picture	10	2262437	0	1	4145	2	0	4000	other	0
2240	106	Pulse	5	2273981	11544	2
2240	107	Picture	11	2280508	0	1	4145	2	0	4000	hit	224
2240	107	Response	1	2284861	4353	2
2240	107	Pulse	5	2293981	13473	2
2240	108	Picture	10	2298579	0	1	4144	3	0	4000	other	0
2240	108	Pulse	5	2313970	15391	2
2240	109	Picture	11	2316649	0	2	4145	3	0	4000	hit	229
2240	109	Response	1	2319250	2601	2
2240	109	Pulse	5	2333970	17321	2
2240	110	Picture	10	2334720	0	2	4145	3	0	4000	other	0
2240	111	Picture	10	2352791	0	1	4145	2	0	4000	other	0
2240	111	Pulse	5	2353969	1178	2
2240	112	Picture	11	2370862	0	1	4144	3	0	4000	hit	236
2240	112	Pulse	5	2373959	3097	2
2240	112	Response	1	2377159	6297	2
2240	113	Picture	10	2388932	0	2	4145	3	0	4000	other	0
2240	113	Pulse	5	2393959	5027	1
2240	114	Picture	10	2407003	0	1	4145	2	0	4000	other	0
2240	114	Pulse	5	2413958	6955	2
2240	115	Picture	10	2425074	0	1	4145	2	0	4000	other	0
2240	115	Pulse	5	2433948	8874	2
2240	116	Picture	10	2443145	0	1	4144	3	0	4000	other	0
2240	116	Pulse	5	2453947	10802	2
2240	117	Picture	10	2461215	0	2	4145	3	0	4000	other	0
2240	117	Pulse	5	2474107	12892	2
2240	118	Picture	11	2479286	0	1	4145	2	0	4000	hit	248
2240	118	Response	1	2483707	4421	1
2240	118	Pulse	5	2494096	14810	2
2240	119	Picture	10	2497356	0	2	4146	3	0	4000	other	0
2240	119	Pulse	5	2514096	16740	2
2240	120	Picture	10	2515428	0	1	4144	3	0	4000	other	0
2240	121	Pulse	5	2534095	596	2
2240	121	Pulse	5	2554085	20586	2
2240	122	Picture	20	2558532	0	1	4145	2	0	4000	other	0
2240	122	Pulse	5	2574085	15553	1
2240	123	Picture	20	2576603	0	1	4145	2	0	4000	other	0
2240	123	Pulse	5	2594084	17481	2
2240	124	Picture	20	2594674	0	1	4144	3	0	4000	other	0
2240	125	Picture	21	2612745	0	1	4144	2	0	4000	hit	262
2240	125	Pulse	5	2614074	1329	2
2240	125	Response	1	2615994	3249	2
2240	126	Picture	20	2630815	0	1	4145	2	0	4000	other	0
2240	126	Pulse	5	2634073	3258	3
2240	127	Picture	20	2648886	0	1	4145	2	0	4000	other	0
2240	127	Pulse	5	2654073	5187	2
2240	128	Picture	21	2666957	0	1	4144	3	0	4000	hit	269
2240	128	Pulse	5	2674062	7105	3
2240	128	Response	1	2674222	7265	3
2240	129	Picture	20	2685028	0	1	4144	2	0	4000	other	0
2240	129	Pulse	5	2694062	9034	2
2240	130	Picture	20	2703098	0	1	4145	2	0	4000	other	0
2240	130	Pulse	5	2714062	10964	2
2240	131	Picture	20	2721169	0	1	4145	2	0	4000	other	0
2240	131	Pulse	5	2734051	12882	2
2240	132	Picture	21	2739240	0	1	4144	3	0	4000	hit	277
2240	132	Response	1	2744931	5691	2
2240	132	Pulse	5	2754051	14811	2
2240	133	Picture	20	2757311	0	1	4144	2	0	4000	other	0
2240	133	Pulse	5	2774050	16739	3
2240	134	Picture	20	2775381	0	1	4145	2	0	4000	other	0
2240	135	Picture	21	2793452	0	1	4145	2	0	4000	hit	284
2240	135	Pulse	5	2794040	588	2
2240	135	Response	1	2797560	4108	2
2240	136	Picture	20	2811523	0	1	4144	3	0	4000	other	0
2240	136	Pulse	5	2814039	2516	2
2240	137	Picture	20	2829594	0	1	4144	2	0	4000	other	0
2240	137	Pulse	5	2834039	4445	2
