Scenario - 1-back
Logfile written - 12/19/2014 18:10:43

Subject	Trial	Event Type	Code	Time	TTime	Uncertainty	Duration	Uncertainty	ReqTime	ReqDur	Stim Type	Pair Index

2240	1	Pulse	5	200641	210475	2
2240	2	Pulse	5	220640	19926	2
2240	3	Picture	10	225748	0	1	4144	3	0	4000	other	0
2240	3	Pulse	5	240630	14882	2
2240	4	Picture	10	243819	0	1	4144	2	0	4000	other	0
2240	4	Pulse	5	260629	16810	3
2240	5	Picture	11	261889	0	2	4145	3	0	4000	hit	8
2240	5	Response	1	265749	3860	2
2240	6	Picture	10	279960	0	1	4145	2	0	4000	other	0
2240	6	Pulse	5	280629	669	2
2240	7	Picture	11	298031	0	1	4144	3	0	4000	hit	13
2240	7	Pulse	5	300618	2587	3
2240	7	Response	1	305418	7387	3
2240	8	Picture	10	316102	0	1	4144	2	0	4000	other	0
2240	8	Pulse	5	320618	4516	2
2240	9	Picture	10	334172	0	2	4145	3	0	4000	other	0
2240	9	Pulse	5	340618	6446	2
2240	10	Picture	10	352243	0	1	4145	2	0	4000	other	0
2240	10	Pulse	5	360607	8364	2
2240	11	Picture	11	370314	0	1	4144	3	0	4000	hit	21
2240	11	Response	1	374367	4053	2
2240	11	Pulse	5	380607	10293	2
2240	12	Picture	10	388385	0	1	4144	2	0	4000	other	0
2240	12	Pulse	5	400606	12221	2
2240	13	Picture	10	406455	0	2	4145	3	0	4000	other	0
2240	13	Pulse	5	420596	14141	2
2240	14	Picture	11	424526	0	1	4145	2	0	4000	hit	28
2240	14	Response	1	431156	6630	2
2240	14	Pulse	5	440595	16069	2
2240	15	Picture	10	442597	0	1	4145	2	0	4000	other	0
2240	15	Pulse	5	460595	17998	2
2240	16	Picture	10	460668	0	1	4144	2	0	4000	other	0
2240	17	Picture	10	478738	0	1	4145	2	0	4000	other	0
2240	17	Pulse	5	480585	1847	1
2240	18	Picture	10	496809	0	1	4145	2	0	4000	other	0
2240	18	Pulse	5	500584	3775	2
2240	19	Pulse	5	520584	5704	1
2240	20	Picture	30	539914	0	1	4144	2	0	4000	other	0
2240	20	Pulse	5	540573	659	2
2240	21	Picture	30	557982	0	11	4147	12	0	4000	other	0
2240	21	Pulse	5	560573	2591	2
2240	22	Picture	31	576055	0	1	4145	2	0	4000	hit	44
2240	22	Pulse	5	580572	4517	2
2240	22	Response	1	582972	6917	2
2240	23	Picture	30	594126	0	1	4145	2	0	4000	other	0
2240	23	Pulse	5	600562	6436	2
2240	24	Picture	30	612197	0	1	4144	2	0	4000	other	0
2240	24	Pulse	5	620561	8364	2
2240	25	Picture	30	630267	0	2	4145	3	0	4000	other	0
2240	25	Pulse	5	640561	10294	2
2240	26	Picture	31	648338	0	1	4145	2	0	4000	hit	52
2240	26	Response	1	655271	6933	2
2240	26	Pulse	5	660551	12213	1
2240	27	Picture	31	666409	0	1	4145	2	0	4000	hit	55
2240	27	Response	1	674311	7902	1
2240	27	Pulse	5	680550	14141	2
2240	28	Picture	30	684480	0	1	4144	3	0	4000	other	0
2240	28	Pulse	5	700550	16070	1
2240	29	Picture	30	702550	0	2	4145	3	0	4000	other	0
2240	29	Pulse	5	720539	17989	2
2240	30	Picture	30	720621	0	1	4145	2	0	4000	other	0
2240	31	Picture	31	738692	0	1	4145	2	0	4000	hit	64
2240	31	Pulse	5	740539	1847	2
2240	31	Response	1	745659	6967	2
2240	32	Picture	30	756763	0	1	4144	3	0	4000	other	0
2240	32	Pulse	5	760538	3775	2
2240	33	Picture	30	774833	0	2	4145	3	0	4000	other	0
2240	33	Pulse	5	780528	5695	2
2240	34	Picture	30	792904	0	1	4145	2	0	4000	other	0
2240	34	Pulse	5	800527	7623	3
2240	35	Picture	30	810975	0	1	4145	2	0	4000	other	0
2240	35	Pulse	5	820527	9552	3
2240	36	Pulse	5	840517	11471	1
2240	37	Picture	10	854079	0	2	4145	3	0	4000	other	0
2240	37	Pulse	5	860516	6437	2
2240	38	Picture	10	872150	0	1	4145	2	0	4000	other	0
2240	38	Pulse	5	880516	8366	2
2240	39	Picture	11	890221	0	1	4144	3	0	4000	hit	79
2240	39	Response	1	893145	2924	2
2240	39	Pulse	5	900505	10284	2
2240	40	Picture	10	908292	0	1	4144	3	0	4000	other	0
2240	40	Pulse	5	920505	12213	2
2240	41	Picture	11	926362	0	2	4145	3	0	4000	hit	84
2240	41	Response	1	934105	7743	1
2240	41	Pulse	5	940504	14142	2
2240	42	Picture	10	944433	0	1	4145	2	0	4000	other	0
2240	42	Pulse	5	960494	16061	2
2240	43	Picture	10	962504	0	1	4145	2	0	4000	other	0
2240	43	Pulse	5	980494	17990	1
2240	44	Picture	10	980575	0	1	4144	3	0	4000	other	0
2240	45	Picture	11	998645	0	2	4145	3	0	4000	hit	93
2240	45	Pulse	5	1000493	1848	2
2240	45	Response	1	1003053	4408	2
2240	46	Picture	10	1016716	0	1	4145	2	0	4000	other	0
2240	46	Pulse	5	1020483	3767	2
2240	47	Picture	10	1034787	0	1	4145	2	0	4000	other	0
2240	47	Pulse	5	1040482	5695	2
2240	48	Picture	11	1052858	0	1	4144	3	0	4000	hit	99
2240	48	Response	1	1057442	4584	2
2240	48	Pulse	5	1060482	7624	2
2240	49	Picture	10	1070929	0	1	4144	2	0	4000	other	0
2240	49	Pulse	5	1080471	9542	2
2240	50	Picture	10	1088999	0	1	4145	2	0	4000	other	0
2240	50	Pulse	5	1100471	11472	2
2240	51	Picture	10	1107070	0	1	4145	2	0	4000	other	0
2240	51	Pulse	5	1120460	13390	3
2240	52	Picture	10	1125141	0	1	4144	3	0	4000	other	0
2240	52	Pulse	5	1140460	15319	2
2240	53	Pulse	5	1160460	17249	1
2240	54	Picture	20	1168245	0	2	4145	3	0	4000	other	0
2240	54	Pulse	5	1180459	12214	2
2240	55	Picture	20	1186316	0	1	4145	2	0	4000	other	0
2240	55	Pulse	5	1200449	14133	2
2240	56	Picture	21	1204387	0	1	4145	2	0	4000	hit	115
2240	56	Response	1	1208289	3902	1
2240	56	Pulse	5	1220608	16221	2
2240	57	Picture	20	1222458	0	1	4144	2	0	4000	other	0
2240	58	Picture	20	1240528	0	2	4145	3	0	4000	other	0
2240	58	Pulse	5	1240608	80	2
2240	59	Picture	20	1258599	0	1	4145	2	0	4000	other	0
2240	59	Pulse	5	1260597	1998	3
2240	60	Picture	21	1276670	0	1	4144	3	0	4000	hit	124
2240	60	Pulse	5	1280597	3927	3
2240	60	Response	1	1282357	5687	2
2240	61	Picture	20	1294741	0	1	4144	2	0	4000	other	0
2240	61	Pulse	5	1300596	5855	4
2240	62	Picture	20	1312811	0	2	4145	3	0	4000	other	0
2240	62	Pulse	5	1320586	7775	2
2240	63	Picture	20	1330882	0	1	4145	2	0	4000	other	0
2240	63	Pulse	5	1340586	9704	1
2240	64	Picture	20	1348953	0	1	4144	3	0	4000	other	0
2240	64	Pulse	5	1360585	11632	2
2240	65	Picture	20	1367024	0	1	4144	2	0	4000	other	0
2240	65	Pulse	5	1380575	13551	2
2240	66	Picture	21	1385093	0	3	4146	4	0	4000	hit	136
2240	66	Response	1	1393054	7961	2
2240	66	Pulse	5	1400574	15481	2
2240	67	Picture	20	1403165	0	1	4145	2	0	4000	other	0
2240	67	Pulse	5	1420574	17409	2
2240	68	Picture	20	1421236	0	1	4144	3	0	4000	other	0
2240	69	Picture	21	1439307	0	1	4144	2	0	4000	hit	143
2240	69	Pulse	5	1440563	1256	2
2240	69	Response	1	1442963	3656	3
2240	70	Pulse	5	1460563	3186	2
2240	70	Pulse	5	1480563	23186	1
2240	71	Picture	10	1482411	0	1	4145	2	0	4000	other	0
2240	72	Picture	10	1500482	0	1	4144	3	0	4000	other	0
2240	72	Pulse	5	1500552	70	2
2240	73	Picture	11	1518553	0	1	4144	2	0	4000	hit	151
2240	73	Pulse	5	1520552	1999	2
2240	73	Response	1	1523272	4719	2
2240	74	Picture	10	1536623	0	2	4145	3	0	4000	other	0
2240	74	Pulse	5	1540551	3928	2
2240	75	Picture	11	1554694	0	1	4145	2	0	4000	hit	156
2240	75	Pulse	5	1560541	5847	2
2240	75	Response	1	1560861	6167	2
2240	76	Picture	10	1572765	0	1	4145	2	0	4000	other	0
2240	76	Pulse	5	1580540	7775	2
2240	77	Picture	10	1590836	0	1	4144	2	0	4000	other	0
2240	77	Pulse	5	1600540	9704	2
2240	78	Picture	11	1608906	0	2	4145	3	0	4000	hit	162
2240	78	Response	1	1613490	4584	1
2240	78	Pulse	5	1620529	11623	2
2240	79	Picture	10	1626977	0	1	4145	2	0	4000	other	0
2240	79	Pulse	5	1640529	13552	2
2240	80	Picture	10	1645048	0	1	4145	2	0	4000	other	0
2240	80	Pulse	5	1660529	15481	1
2240	81	Picture	10	1663119	0	1	4144	3	0	4000	other	0
2240	81	Pulse	5	1680518	17399	2
2240	82	Picture	10	1681189	0	2	4145	3	0	4000	other	0
2240	83	Picture	10	1699260	0	1	4145	2	0	4000	other	0
2240	83	Pulse	5	1700518	1258	2
2240	84	Picture	11	1717331	0	1	4145	2	0	4000	hit	175
2240	84	Pulse	5	1720517	3186	2
2240	84	Response	1	1721157	3826	2
2240	85	Picture	10	1735401	0	5	4145	6	0	4000	other	0
2240	85	Pulse	5	1740507	5106	2
2240	86	Picture	10	1753472	0	2	4145	3	0	4000	other	0
2240	86	Pulse	5	1760506	7034	3
2240	87	Pulse	5	1780506	8963	2
2240	88	Picture	30	1796577	0	1	4145	2	0	4000	other	0
2240	88	Pulse	5	1800496	3919	1
2240	89	Picture	30	1814648	0	1	4144	3	0	4000	other	0
2240	89	Pulse	5	1820495	5847	2
2240	90	Picture	30	1832718	0	2	4145	3	0	4000	other	0
2240	90	Pulse	5	1840495	7777	2
2240	91	Picture	31	1850789	0	1	4145	2	0	4000	hit	188
2240	91	Response	1	1858085	7296	1
2240	91	Pulse	5	1860484	9695	2
2240	92	Picture	31	1868860	0	1	4145	2	0	4000	hit	191
2240	92	Response	1	1876165	7305	1
2240	92	Pulse	5	1880484	11624	2
2240	93	Picture	30	1886931	0	1	4144	3	0	4000	other	0
2240	93	Pulse	5	1900483	13552	2
2240	94	Picture	30	1905001	0	2	4145	3	0	4000	other	0
2240	94	Pulse	5	1920473	15472	2
2240	95	Picture	30	1923072	0	1	4145	2	0	4000	other	0
2240	95	Pulse	5	1940473	17401	1
2240	96	Picture	31	1941142	0	2	4146	3	0	4000	hit	200
2240	96	Response	1	1947192	6050	2
2240	97	Picture	30	1959214	0	1	4144	2	0	4000	other	0
2240	97	Pulse	5	1960472	1258	2
2240	98	Picture	30	1977284	0	2	4145	3	0	4000	other	0
2240	98	Pulse	5	1980462	3178	1
2240	99	Picture	30	1995355	0	1	4145	2	0	4000	other	0
2240	99	Pulse	5	2000461	5106	2
2240	100	Picture	30	2013426	0	1	4145	2	0	4000	other	0
2240	100	Pulse	5	2020461	7035	2
2240	101	Picture	31	2031497	0	1	4144	3	0	4000	hit	210
2240	101	Response	1	2038370	6873	2
2240	101	Pulse	5	2040450	8953	2
2240	102	Picture	30	2049567	0	2	4145	3	0	4000	other	0
2240	102	Pulse	5	2060450	10883	2
2240	103	Picture	30	2067638	0	1	4145	2	0	4000	other	0
2240	103	Pulse	5	2080449	12811	2
2240	104	Pulse	5	2100439	14730	2
2240	105	Picture	10	2110743	0	1	4144	3	0	4000	other	0
2240	105	Pulse	5	2120439	9696	1
2240	106	Picture	10	2128813	0	2	4145	3	0	4000	false_alarm	220
2240	106	Response	1	2132918	4105	2
2240	106	Pulse	5	2140428	11615	2
2240	107	Picture	11	2146884	0	1	4145	2	0	4000	hit	223
2240	107	Response	1	2156268	9384	2
2240	107	Pulse	5	2160428	13544	1
2240	108	Picture	10	2164955	0	1	4145	2	0	4000	other	0
2240	108	Pulse	5	2180427	15472	2
2240	109	Picture	11	2183026	0	1	4144	3	0	4000	hit	228
2240	109	Response	1	2189867	6841	2
2240	109	Pulse	5	2200427	17401	2
2240	110	Picture	10	2201096	0	2	4145	3	0	4000	other	0
2240	111	Picture	10	2219167	0	1	4145	2	0	4000	other	0
2240	111	Pulse	5	2220416	1249	3
2240	112	Picture	11	2237238	0	1	4145	2	0	4000	hit	235
2240	112	Pulse	5	2240416	3178	3
2240	112	Response	1	2242336	5098	2
2240	113	Picture	10	2255309	0	1	4144	3	0	4000	other	0
2240	113	Pulse	5	2260415	5106	3
2240	114	Picture	10	2273380	0	1	4144	2	0	4000	other	0
2240	114	Pulse	5	2280565	7185	2
2240	115	Picture	10	2291450	0	1	4145	2	0	4000	false_alarm	241
2240	115	Response	1	2296405	4955	1
2240	115	Pulse	5	2300565	9115	1
2240	116	Picture	10	2309521	0	1	4145	2	0	4000	other	0
2240	116	Pulse	5	2320564	11043	2
2240	117	Picture	10	2327592	0	1	4144	3	0	4000	other	0
2240	117	Pulse	5	2340554	12962	2
2240	118	Picture	11	2345662	0	2	4145	3	0	4000	hit	248
2240	118	Response	1	2350953	5291	2
2240	118	Pulse	5	2360553	14891	2
2240	119	Picture	10	2363733	0	1	4145	2	0	4000	other	0
2240	119	Pulse	5	2380553	16820	2
2240	120	Picture	10	2381804	0	1	4145	2	0	4000	other	0
2240	121	Pulse	5	2400542	667	2
2240	121	Pulse	5	2420542	20667	2
2240	122	Picture	20	2424909	0	1	4144	2	0	4000	other	0
2240	122	Pulse	5	2440542	15633	1
2240	123	Picture	20	2442979	0	2	4145	3	0	4000	other	0
2240	123	Pulse	5	2460531	17552	2
2240	124	Picture	20	2461050	0	1	4145	2	0	4000	other	0
2240	125	Picture	21	2479121	0	1	4144	3	0	4000	hit	262
2240	125	Pulse	5	2480531	1410	1
2240	125	Response	1	2482451	3330	1
2240	126	Picture	20	2497192	0	1	4144	2	0	4000	other	0
2240	126	Pulse	5	2500530	3338	2
2240	127	Picture	20	2515262	0	1	4145	2	0	4000	other	0
2240	127	Pulse	5	2520520	5258	2
2240	128	Picture	21	2533333	0	1	4145	2	0	4000	hit	269
2240	128	Pulse	5	2540519	7186	2
2240	128	Response	1	2541799	8466	3
2240	129	Picture	20	2551404	0	1	4145	2	0	4000	other	0
2240	129	Pulse	5	2560519	9115	2
2240	130	Picture	20	2569475	0	1	4144	2	0	4000	other	0
2240	130	Pulse	5	2580508	11033	2
2240	131	Picture	20	2587545	0	1	4145	2	0	4000	other	0
2240	131	Pulse	5	2600508	12963	2
2240	132	Picture	21	2605616	0	1	4145	2	0	4000	hit	277
2240	132	Response	1	2610268	4652	2
2240	132	Pulse	5	2620508	14892	1
2240	133	Picture	20	2623687	0	1	4145	2	0	4000	other	0
2240	133	Pulse	5	2640497	16810	2
2240	134	Picture	20	2641758	0	1	4144	3	0	4000	other	0
2240	135	Picture	21	2659828	0	2	4145	3	0	4000	hit	284
2240	135	Pulse	5	2660497	669	2
2240	135	Response	1	2665937	6109	1
2240	136	Picture	20	2677899	0	1	4145	2	0	4000	other	0
2240	136	Pulse	5	2680496	2597	2
2240	137	Picture	20	2695970	0	1	4144	3	0	4000	other	0
2240	137	Pulse	5	2700486	4516	2
