Scenario - 1-back
Logfile written - 12/18/2014 16:14:05

Subject	Trial	Event Type	Code	Time	TTime	Uncertainty	Duration	Uncertainty	ReqTime	ReqDur	Stim Type	Pair Index

2247	1	Pulse	5	118216	128050	2
2247	2	Pulse	5	138215	19897	2
2247	3	Picture	10	143352	0	1	4144	3	0	4000	other	0
2247	3	Pulse	5	158215	14863	2
2247	4	Picture	10	161423	0	1	4144	2	0	4000	other	0
2247	4	Pulse	5	178204	16781	2
2247	5	Picture	11	179493	0	1	4145	2	0	4000	hit	8
2247	5	Response	1	183324	3831	2
2247	6	Picture	10	197564	0	2	4145	3	0	4000	other	0
2247	6	Pulse	5	198204	640	2
2247	7	Picture	11	215635	0	1	4144	3	0	4000	hit	13
2247	7	Pulse	5	218204	2569	1
2247	7	Response	1	220443	4808	2
2247	8	Picture	10	233706	0	1	4144	2	0	4000	other	0
2247	8	Pulse	5	238194	4488	1
2247	9	Picture	10	251776	0	1	4145	2	0	4000	other	0
2247	9	Pulse	5	258193	6417	2
2247	10	Picture	10	269847	0	1	4145	2	0	4000	other	0
2247	10	Pulse	5	278192	8345	2
2247	11	Picture	11	287918	0	1	4144	3	0	4000	hit	21
2247	11	Response	1	291782	3864	2
2247	11	Pulse	5	298182	10264	2
2247	12	Picture	10	305989	0	1	4144	2	0	4000	other	0
2247	12	Pulse	5	318181	12192	3
2247	13	Picture	10	324059	0	2	4145	3	0	4000	other	0
2247	13	Pulse	5	338181	14122	2
2247	14	Picture	11	342130	0	1	4145	2	0	4000	hit	28
2247	14	Response	1	345701	3571	2
2247	14	Pulse	5	358170	16040	3
2247	15	Picture	10	360201	0	1	4144	3	0	4000	other	0
2247	15	Pulse	5	378170	17969	3
2247	16	Picture	10	378272	0	1	4144	2	0	4000	other	0
2247	17	Picture	10	396342	0	1	4145	2	0	4000	other	0
2247	17	Pulse	5	398170	1828	2
2247	18	Picture	10	414413	0	1	4145	2	0	4000	other	0
2247	18	Pulse	5	418159	3746	2
2247	19	Pulse	5	438159	5675	2
2247	20	Picture	30	457517	0	2	4145	3	0	4000	other	0
2247	20	Pulse	5	458158	641	2
2247	21	Picture	30	475588	0	2	4145	3	0	4000	other	0
2247	21	Pulse	5	478148	2560	2
2247	22	Picture	31	493659	0	1	4145	2	0	4000	hit	43
2247	22	Response	1	497667	4008	2
2247	22	Pulse	5	498147	4488	2
2247	23	Picture	30	511730	0	1	4144	3	0	4000	other	0
2247	23	Pulse	5	518147	6417	2
2247	24	Picture	30	529800	0	2	4145	3	0	4000	other	0
2247	24	Pulse	5	538137	8337	1
2247	25	Picture	30	547871	0	1	4145	2	0	4000	other	0
2247	25	Pulse	5	558136	10265	2
2247	26	Picture	31	565942	0	1	4145	2	0	4000	miss	0
2247	26	Pulse	5	578136	12194	1
2247	27	Picture	31	584013	0	1	4144	3	0	4000	hit	54
2247	27	Response	1	591575	7562	2
2247	27	Pulse	5	598125	14112	2
2247	28	Picture	30	602083	0	2	4145	3	0	4000	other	0
2247	28	Pulse	5	618125	16042	2
2247	29	Picture	30	620154	0	1	4145	2	0	4000	other	0
2247	29	Pulse	5	638124	17970	2
2247	30	Picture	30	638225	0	1	4145	2	0	4000	other	0
2247	31	Picture	31	656296	0	1	4144	3	0	4000	hit	63
2247	31	Pulse	5	658114	1818	2
2247	31	Response	1	663074	6778	2
2247	32	Picture	30	674366	0	2	4145	3	0	4000	other	0
2247	32	Pulse	5	678113	3747	2
2247	33	Picture	30	692437	0	1	4145	2	0	4000	other	0
2247	33	Pulse	5	698113	5676	2
2247	34	Picture	30	710508	0	1	4145	2	0	4000	other	0
2247	34	Pulse	5	718103	7595	1
2247	35	Picture	30	728579	0	1	4144	3	0	4000	other	0
2247	35	Pulse	5	738102	9523	2
2247	36	Pulse	5	758102	11453	2
2247	37	Picture	10	771683	0	2	4145	3	0	4000	other	0
2247	37	Pulse	5	778091	6408	2
2247	38	Picture	10	789754	0	1	4145	2	0	4000	other	0
2247	38	Pulse	5	798091	8337	2
2247	39	Picture	11	807825	0	1	4144	3	0	4000	hit	78
2247	39	Response	1	811051	3226	1
2247	39	Pulse	5	818090	10265	2
2247	40	Picture	10	825895	0	2	4145	3	0	4000	other	0
2247	40	Pulse	5	838080	12185	2
2247	41	Picture	11	843966	0	1	4145	2	0	4000	hit	83
2247	41	Response	1	849120	5154	2
2247	41	Pulse	5	858079	14113	3
2247	42	Picture	10	862037	0	1	4144	3	0	4000	other	0
2247	42	Pulse	5	878079	16042	2
2247	43	Picture	10	880108	0	1	4144	2	0	4000	other	0
2247	43	Pulse	5	898069	17961	1
2247	44	Picture	10	898178	0	2	4145	3	0	4000	other	0
2247	45	Picture	11	916249	0	1	4145	2	0	4000	hit	92
2247	45	Pulse	5	918068	1819	2
2247	45	Response	1	920148	3899	2
2247	46	Picture	10	934320	0	1	4144	3	0	4000	other	0
2247	46	Pulse	5	938068	3748	2
2247	47	Picture	10	952391	0	1	4144	2	0	4000	other	0
2247	47	Pulse	5	958057	5666	2
2247	48	Picture	11	970461	0	1	4145	2	0	4000	hit	98
2247	48	Response	1	974057	3596	2
2247	48	Pulse	5	978057	7596	2
2247	49	Picture	10	988532	0	1	4145	2	0	4000	other	0
2247	49	Pulse	5	998056	9524	2
2247	50	Picture	10	1006603	0	1	4144	3	0	4000	other	0
2247	50	Pulse	5	1018046	11443	2
2247	51	Picture	10	1024674	0	1	4144	2	0	4000	other	0
2247	51	Pulse	5	1038046	13372	1
2247	52	Picture	10	1042744	0	1	4145	2	0	4000	other	0
2247	52	Pulse	5	1058045	15301	2
2247	53	Pulse	5	1078035	17220	2
2247	54	Picture	20	1085849	0	1	4145	2	0	4000	other	0
2247	54	Pulse	5	1098034	12185	2
2247	55	Picture	20	1103920	0	1	4144	2	0	4000	other	0
2247	55	Pulse	5	1118034	14114	2
2247	56	Picture	21	1121990	0	2	4145	3	0	4000	hit	114
2247	56	Response	1	1127474	5484	2
2247	56	Pulse	5	1138023	16033	2
2247	57	Picture	20	1140061	0	1	4145	2	0	4000	other	0
2247	58	Picture	20	1158132	0	1	4144	3	0	4000	other	0
2247	58	Pulse	5	1158183	51	2
2247	59	Picture	20	1176202	0	2	4145	3	0	4000	other	0
2247	59	Pulse	5	1178183	1981	1
2247	60	Picture	21	1194273	0	1	4145	2	0	4000	hit	122
2247	60	Response	1	1198012	3739	2
2247	60	Pulse	5	1198172	3899	2
2247	61	Picture	20	1212344	0	1	4145	2	0	4000	other	0
2247	61	Pulse	5	1218172	5828	1
2247	62	Picture	20	1230415	0	1	4144	3	0	4000	other	0
2247	62	Pulse	5	1238171	7756	2
2247	63	Picture	20	1248486	0	1	4144	2	0	4000	other	0
2247	63	Pulse	5	1258161	9675	2
2247	64	Picture	20	1266556	0	1	4145	2	0	4000	other	0
2247	64	Pulse	5	1278160	11604	2
2247	65	Picture	20	1284627	0	1	4145	2	0	4000	other	0
2247	65	Pulse	5	1298160	13533	2
2247	66	Picture	21	1302698	0	1	4144	3	0	4000	hit	135
2247	66	Response	1	1308710	6012	3
2247	66	Pulse	5	1318149	15451	3
2247	67	Picture	20	1320768	0	2	4145	3	0	4000	other	0
2247	67	Pulse	5	1338149	17381	3
2247	68	Picture	20	1338839	0	1	4145	2	0	4000	other	0
2247	69	Picture	21	1356910	0	1	4145	2	0	4000	hit	142
2247	69	Pulse	5	1358148	1238	4
2247	69	Response	1	1360388	3478	3
2247	70	Pulse	5	1378138	3157	2
2247	70	Pulse	5	1398138	23157	2
2247	71	Picture	10	1400014	0	2	4145	3	0	4000	other	0
2247	72	Picture	10	1418085	0	1	4145	2	0	4000	other	0
2247	72	Pulse	5	1418137	52	3
2247	73	Picture	11	1436156	0	1	4145	2	0	4000	hit	150
2247	73	Pulse	5	1438127	1971	2
2247	73	Response	1	1439727	3571	2
2247	74	Picture	10	1454226	0	2	4145	4	0	4000	other	0
2247	74	Pulse	5	1458126	3900	2
2247	75	Picture	11	1472298	0	1	4144	2	0	4000	hit	154
2247	75	Response	1	1476526	4228	2
2247	75	Pulse	5	1478126	5828	2
2247	76	Picture	10	1490368	0	1	4145	2	0	4000	other	0
2247	76	Pulse	5	1498115	7747	2
2247	77	Picture	10	1508439	0	1	4145	2	0	4000	other	0
2247	77	Pulse	5	1518115	9676	2
2247	78	Picture	11	1526510	0	1	4144	3	0	4000	hit	161
2247	78	Response	1	1530595	4085	2
2247	78	Pulse	5	1538115	11605	1
2247	79	Picture	10	1544580	0	2	4145	3	0	4000	other	0
2247	79	Pulse	5	1558104	13524	2
2247	80	Picture	10	1562651	0	1	4145	2	0	4000	other	0
2247	80	Pulse	5	1578104	15453	2
2247	81	Picture	10	1580722	0	1	4145	2	0	4000	other	0
2247	81	Pulse	5	1598103	17381	2
2247	82	Picture	10	1598793	0	1	4144	3	0	4000	other	0
2247	83	Picture	10	1616863	0	2	4145	3	0	4000	other	0
2247	83	Pulse	5	1618093	1230	2
2247	84	Picture	11	1634934	0	1	4145	2	0	4000	hit	174
2247	84	Pulse	5	1638092	3158	2
2247	84	Response	1	1639372	4438	2
2247	85	Picture	10	1653005	0	1	4145	2	0	4000	false_alarm	176
2247	85	Response	1	1657132	4127	2
2247	85	Pulse	5	1658092	5087	2
2247	86	Picture	10	1671076	0	1	4144	3	0	4000	other	0
2247	86	Pulse	5	1678082	7006	1
2247	87	Pulse	5	1698081	8935	2
2247	88	Picture	30	1714180	0	1	4145	2	0	4000	other	0
2247	88	Pulse	5	1718081	3901	1
2247	89	Picture	30	1732251	0	1	4145	2	0	4000	other	0
2247	89	Pulse	5	1738070	5819	2
2247	90	Picture	30	1750322	0	1	4141	6	0	4000	other	0
2247	90	Pulse	5	1758070	7748	2
2247	91	Picture	31	1768392	0	2	4145	3	0	4000	hit	189
2247	91	Pulse	5	1778069	9677	2
2247	91	Response	1	1778389	9997	2
2247	92	Picture	31	1786463	0	1	4145	2	0	4000	hit	191
2247	92	Response	1	1798059	11596	2
2247	92	Pulse	5	1798059	11596	2
2247	93	Picture	30	1804534	0	7	4145	9	0	4000	other	0
2247	93	Pulse	5	1818058	13524	3
2247	94	Picture	30	1822605	0	1	4144	3	0	4000	other	0
2247	94	Pulse	5	1838058	15453	2
2247	95	Picture	30	1840675	0	2	4145	3	0	4000	other	0
2247	95	Pulse	5	1858048	17373	1
2247	96	Picture	31	1858746	0	1	4144	3	0	4000	hit	200
2247	96	Response	1	1867007	8261	2
2247	97	Picture	30	1876817	0	1	4145	2	0	4000	other	0
2247	97	Pulse	5	1878047	1230	2
2247	98	Picture	30	1894888	0	1	4144	2	0	4000	other	0
2247	98	Pulse	5	1898047	3159	2
2247	99	Picture	30	1912958	0	2	4145	3	0	4000	other	0
2247	99	Pulse	5	1918036	5078	2
2247	100	Picture	30	1931029	0	1	4145	2	0	4000	other	0
2247	100	Pulse	5	1938036	7007	2
2247	101	Picture	31	1949100	0	1	4145	2	0	4000	hit	210
2247	101	Response	1	1954995	5895	2
2247	101	Pulse	5	1958035	8935	2
2247	102	Picture	30	1967171	0	1	4144	2	0	4000	other	0
2247	102	Pulse	5	1978025	10854	2
2247	103	Picture	30	1985241	0	2	4145	3	0	4000	other	0
2247	103	Pulse	5	1998025	12784	2
2247	104	Pulse	5	2018025	14713	1
2247	105	Picture	10	2028346	0	1	4145	2	0	4000	other	0
2247	105	Pulse	5	2038014	9668	1
2247	106	Picture	10	2046417	0	1	4144	3	0	4000	other	0
2247	106	Pulse	5	2058013	11596	2
2247	107	Picture	11	2064487	0	2	4145	3	0	4000	hit	222
2247	107	Response	1	2069053	4566	2
2247	107	Pulse	5	2078013	13526	2
2247	108	Picture	10	2082558	0	1	4145	2	0	4000	other	0
2247	108	Pulse	5	2098002	15444	2
2247	109	Picture	11	2100629	0	1	4144	3	0	4000	hit	227
2247	109	Response	1	2105042	4413	2
2247	109	Pulse	5	2118002	17373	2
2247	110	Picture	10	2118700	0	1	4144	3	0	4000	other	0
2247	111	Picture	10	2136770	0	2	4145	3	0	4000	other	0
2247	111	Pulse	5	2138001	1231	2
2247	112	Picture	11	2154841	0	1	4145	2	0	4000	hit	234
2247	112	Pulse	5	2157991	3150	2
2247	112	Response	1	2159111	4270	2
2247	113	Picture	10	2172912	0	1	4144	3	0	4000	other	0
2247	113	Pulse	5	2177991	5079	1
2247	114	Picture	10	2190983	0	1	4144	2	0	4000	other	0
2247	114	Pulse	5	2198150	7167	2
2247	115	Picture	10	2209053	0	2	4145	3	0	4000	other	0
2247	115	Pulse	5	2218140	9087	2
2247	116	Picture	10	2227124	0	1	4145	2	0	4000	other	0
2247	116	Pulse	5	2238139	11015	2
2247	117	Picture	10	2245195	0	1	4144	3	0	4000	other	0
2247	117	Pulse	5	2258139	12944	2
2247	118	Picture	11	2263266	0	1	4144	2	0	4000	hit	246
2247	118	Response	1	2267419	4153	1
2247	118	Pulse	5	2278128	14862	3
2247	119	Picture	10	2281336	0	1	4145	2	0	4000	other	0
2247	119	Pulse	5	2298128	16792	2
2247	120	Picture	10	2299407	0	1	4145	2	0	4000	other	0
2247	121	Pulse	5	2318127	649	3
2247	121	Pulse	5	2338117	20639	2
2247	122	Picture	20	2342512	0	1	4144	2	0	4000	other	0
2247	122	Pulse	5	2358117	15605	1
2247	123	Picture	20	2360582	0	2	4145	3	0	4000	other	0
2247	123	Pulse	5	2378116	17534	2
2247	124	Picture	20	2378653	0	1	4145	2	0	4000	other	0
2247	125	Picture	21	2396724	0	1	4145	2	0	4000	hit	260
2247	125	Pulse	5	2398106	1382	2
2247	125	Response	1	2401306	4582	2
2247	126	Picture	20	2414795	0	1	4144	2	0	4000	other	0
2247	126	Pulse	5	2418105	3310	2
2247	127	Picture	20	2432865	0	2	4145	3	0	4000	other	0
2247	127	Pulse	5	2438105	5240	2
2247	128	Picture	21	2450936	0	1	4145	2	0	4000	hit	266
2247	128	Response	1	2456174	5238	3
2247	128	Pulse	5	2458094	7158	3
2247	129	Picture	20	2469007	0	1	4144	3	0	4000	other	0
2247	129	Pulse	5	2478094	9087	2
2247	130	Picture	20	2487077	0	2	4145	3	0	4000	other	0
2247	130	Pulse	5	2498094	11017	1
2247	131	Picture	20	2505148	0	1	4145	2	0	4000	other	0
2247	131	Pulse	5	2518083	12935	2
2247	132	Picture	21	2523219	0	1	4145	2	0	4000	hit	275
2247	132	Response	1	2527684	4465	1
2247	132	Pulse	5	2538083	14864	1
2247	133	Picture	20	2541290	0	1	4144	3	0	4000	other	0
2247	133	Pulse	5	2558082	16792	2
2247	134	Picture	20	2559361	0	1	4144	2	0	4000	other	0
2247	135	Picture	21	2577431	0	2	4145	3	0	4000	hit	282
2247	135	Pulse	5	2578072	641	2
2247	135	Response	1	2581272	3841	2
2247	136	Picture	20	2595502	0	1	4145	2	0	4000	other	0
2247	136	Pulse	5	2598071	2569	2
2247	137	Picture	20	2613573	0	1	4144	3	0	4000	other	0
2247	137	Pulse	5	2618071	4498	2
