Scenario - 1-back
Logfile written - 12/18/2014 16:19:52

Subject	Trial	Event Type	Code	Time	TTime	Uncertainty	Duration	Uncertainty	ReqTime	ReqDur	Stim Type	Pair Index

2247	1	Pulse	5	92141	101975	2
2247	2	Pulse	5	112141	19851	1
2247	3	Picture	10	117323	0	2	4145	3	0	4000	other	0
2247	3	Pulse	5	132140	14817	2
2247	4	Picture	10	135394	0	1	4145	2	0	4000	other	0
2247	4	Pulse	5	152130	16736	1
2247	5	Picture	11	153465	0	1	4145	2	0	4000	hit	8
2247	5	Response	1	157410	3945	1
2247	6	Picture	10	171536	0	1	4144	2	0	4000	other	0
2247	6	Pulse	5	172129	593	2
2247	7	Picture	11	189606	0	1	4145	2	0	4000	hit	13
2247	7	Pulse	5	192129	2523	2
2247	7	Response	1	194049	4443	2
2247	8	Picture	10	207677	0	1	4145	2	0	4000	other	0
2247	8	Pulse	5	212118	4441	3
2247	9	Picture	10	225748	0	1	4144	3	0	4000	other	0
2247	9	Pulse	5	232118	6370	2
2247	10	Picture	10	243818	0	2	4145	3	0	4000	other	0
2247	10	Pulse	5	252117	8299	3
2247	11	Picture	11	261889	0	1	4145	2	0	4000	hit	21
2247	11	Response	1	265717	3828	2
2247	11	Pulse	5	272107	10218	2
2247	12	Picture	10	279960	0	1	4145	2	0	4000	other	0
2247	12	Pulse	5	292107	12147	2
2247	13	Picture	10	298031	0	1	4144	3	0	4000	other	0
2247	13	Pulse	5	312106	14075	2
2247	14	Picture	11	316102	0	1	4144	2	0	4000	hit	28
2247	14	Response	1	319786	3684	2
2247	14	Pulse	5	332096	15994	2
2247	15	Picture	10	334172	0	1	4145	2	0	4000	other	0
2247	15	Pulse	5	352095	17923	2
2247	16	Picture	10	352243	0	1	4145	2	0	4000	other	0
2247	17	Picture	10	370314	0	1	4144	3	0	4000	other	0
2247	17	Pulse	5	372095	1781	2
2247	18	Picture	10	388384	0	2	4145	3	0	4000	other	0
2247	18	Pulse	5	392084	3700	2
2247	19	Pulse	5	412084	5629	2
2247	20	Picture	20	431489	0	1	4144	3	0	4000	other	0
2247	20	Pulse	5	432084	595	1
2247	21	Picture	20	449560	0	1	4144	3	0	4000	other	0
2247	21	Pulse	5	452074	2514	1
2247	22	Picture	21	467630	0	2	4145	3	0	4000	hit	43
2247	22	Response	1	471593	3963	1
2247	22	Pulse	5	472073	4443	1
2247	23	Picture	20	485701	0	1	4145	2	0	4000	other	0
2247	23	Pulse	5	492072	6371	2
2247	24	Picture	20	503772	0	1	4144	3	0	4000	other	0
2247	24	Pulse	5	512062	8290	2
2247	25	Picture	20	521843	0	1	4144	3	0	4000	other	0
2247	25	Pulse	5	532061	10218	3
2247	26	Picture	21	539913	0	2	4145	3	0	4000	hit	52
2247	26	Response	1	546781	6868	3
2247	26	Pulse	5	552061	12148	2
2247	27	Picture	20	557975	0	11	4154	12	0	4000	other	0
2247	27	Pulse	5	572050	14075	2
2247	28	Picture	20	576055	0	1	4144	3	0	4000	other	0
2247	28	Pulse	5	592050	15995	2
2247	29	Picture	20	594126	0	1	4144	2	0	4000	other	0
2247	29	Pulse	5	612050	17924	1
2247	30	Picture	20	612196	0	2	4145	3	0	4000	other	0
2247	31	Picture	20	630267	0	1	4145	2	0	4000	other	0
2247	31	Pulse	5	632039	1772	2
2247	32	Picture	21	648338	0	1	4144	3	0	4000	hit	65
2247	32	Pulse	5	652039	3701	2
2247	32	Response	1	652199	3861	2
2247	33	Picture	20	666409	0	1	4144	2	0	4000	other	0
2247	33	Pulse	5	672198	5789	2
2247	34	Picture	20	684479	0	2	4145	3	0	4000	other	0
2247	34	Pulse	5	692188	7709	2
2247	35	Picture	21	702550	0	1	4145	2	0	4000	hit	71
2247	35	Response	1	707068	4518	2
2247	35	Pulse	5	712187	9637	2
2247	36	Pulse	5	732187	11566	2
2247	37	Picture	10	745655	0	1	4144	2	0	4000	other	0
2247	37	Pulse	5	752177	6522	1
2247	38	Picture	10	763725	0	2	4145	3	0	4000	other	0
2247	38	Pulse	5	772176	8451	2
2247	39	Picture	11	781796	0	1	4145	2	0	4000	hit	79
2247	39	Response	1	785936	4140	2
2247	39	Pulse	5	792176	10380	1
2247	40	Picture	10	799867	0	1	4144	3	0	4000	other	0
2247	40	Pulse	5	812165	12298	2
2247	41	Picture	11	817938	0	1	4144	2	0	4000	hit	84
2247	41	Response	1	823045	5107	2
2247	41	Pulse	5	832165	14227	2
2247	42	Picture	10	836008	0	1	4145	2	0	4000	other	0
2247	42	Pulse	5	852165	16157	1
2247	43	Picture	10	854079	0	1	4145	2	0	4000	other	0
2247	44	Picture	10	872150	0	1	4144	3	0	4000	other	0
2247	44	Pulse	5	872154	4	2
2247	45	Picture	11	890220	0	2	4145	3	0	4000	hit	93
2247	45	Pulse	5	892153	1933	2
2247	45	Response	1	894553	4333	2
2247	46	Picture	10	908291	0	1	4145	2	0	4000	other	0
2247	46	Pulse	5	912153	3862	2
2247	47	Picture	10	926362	0	1	4145	2	0	4000	other	0
2247	47	Pulse	5	932143	5781	1
2247	48	Picture	11	944433	0	1	4144	3	0	4000	hit	99
2247	48	Response	1	948782	4349	2
2247	48	Pulse	5	952142	7709	2
2247	49	Picture	10	962503	0	2	4145	3	0	4000	other	0
2247	49	Pulse	5	972142	9639	1
2247	50	Picture	10	980574	0	1	4145	2	0	4000	other	0
2247	50	Pulse	5	992131	11557	3
2247	51	Picture	10	998645	0	1	4145	2	0	4000	other	0
2247	51	Pulse	5	1012131	13486	2
2247	52	Picture	10	1016716	0	1	4144	3	0	4000	other	0
2247	52	Pulse	5	1032130	15414	3
2247	53	Pulse	5	1052120	17334	2
2247	54	Picture	30	1059820	0	1	4145	2	0	4000	other	0
2247	54	Pulse	5	1072119	12299	2
2247	55	Picture	30	1077891	0	1	4145	2	0	4000	other	0
2247	55	Pulse	5	1092119	14228	2
2247	56	Picture	31	1095962	0	1	4144	3	0	4000	hit	115
2247	56	Response	1	1102199	6237	2
2247	56	Pulse	5	1112109	16147	1
2247	57	Picture	30	1114032	0	2	4145	3	0	4000	other	0
2247	58	Picture	30	1132103	0	1	4145	2	0	4000	other	0
2247	58	Pulse	5	1132108	5	2
2247	59	Picture	30	1150174	0	1	4145	2	0	4000	other	0
2247	59	Pulse	5	1152108	1934	2
2247	60	Picture	31	1168244	0	2	4145	4	0	4000	hit	124
2247	60	Pulse	5	1172097	3853	2
2247	60	Response	1	1180577	12333	2
2247	61	Picture	31	1186315	0	2	4145	3	0	4000	miss	0
2247	61	Pulse	5	1192097	5782	2
2247	62	Picture	30	1204386	0	1	4145	2	0	4000	other	0
2247	62	Pulse	5	1212097	7711	1
2247	63	Picture	30	1222457	0	1	4145	2	0	4000	other	0
2247	63	Pulse	5	1232086	9629	2
2247	64	Picture	30	1240528	0	1	4144	2	0	4000	other	0
2247	64	Pulse	5	1252086	11558	2
2247	65	Picture	31	1258598	0	2	4145	3	0	4000	miss	0
2247	65	Pulse	5	1272085	13487	2
2247	66	Picture	30	1276669	0	1	4145	2	0	4000	false_alarm	136
2247	66	Response	1	1284885	8216	2
2247	66	Pulse	5	1292075	15406	2
2247	67	Picture	30	1294740	0	1	4145	2	0	4000	other	0
2247	67	Pulse	5	1312074	17334	2
2247	68	Picture	30	1312811	0	1	4144	2	0	4000	other	0
2247	69	Picture	30	1330881	0	1	4145	2	0	4000	other	0
2247	69	Pulse	5	1332074	1193	2
2247	70	Pulse	5	1352063	3111	2
2247	70	Pulse	5	1372064	23112	1
2247	71	Picture	10	1373986	0	1	4144	3	0	4000	other	0
2247	72	Picture	10	1392057	0	1	4144	2	0	4000	other	0
2247	72	Pulse	5	1392063	6	1
2247	73	Picture	11	1410127	0	2	4145	3	0	4000	hit	150
2247	73	Pulse	5	1412052	1925	2
2247	73	Response	1	1413813	3686	1
2247	74	Picture	10	1428198	0	1	4145	2	0	4000	other	0
2247	74	Pulse	5	1432052	3854	1
2247	75	Picture	11	1446269	0	1	4144	3	0	4000	hit	154
2247	75	Response	1	1450131	3862	2
2247	75	Pulse	5	1452051	5782	2
2247	76	Picture	10	1464339	0	2	4145	3	0	4000	other	0
2247	76	Pulse	5	1472041	7702	2
2247	77	Picture	10	1482410	0	2	4145	3	0	4000	other	0
2247	77	Pulse	5	1492040	9630	3
2247	78	Picture	11	1500481	0	1	4145	2	0	4000	hit	161
2247	78	Response	1	1503880	3399	2
2247	78	Pulse	5	1512040	11559	2
2247	79	Picture	10	1518552	0	1	4144	3	0	4000	other	0
2247	79	Pulse	5	1532030	13478	1
2247	80	Picture	10	1536622	0	2	4145	3	0	4000	other	0
2247	80	Pulse	5	1552029	15407	2
2247	81	Picture	10	1554693	0	1	4145	2	0	4000	other	0
2247	81	Pulse	5	1572029	17336	2
2247	82	Picture	10	1572764	0	1	4145	2	0	4000	other	0
2247	83	Picture	10	1590835	0	1	4144	3	0	4000	other	0
2247	83	Pulse	5	1592018	1183	2
2247	84	Picture	11	1608905	0	2	4145	3	0	4000	hit	174
2247	84	Pulse	5	1612018	3113	1
2247	84	Response	1	1612978	4073	2
2247	85	Picture	10	1626976	0	1	4145	2	0	4000	other	0
2247	85	Pulse	5	1632017	5041	2
2247	86	Picture	10	1645047	0	1	4145	2	0	4000	other	0
2247	86	Pulse	5	1652008	6961	1
2247	87	Pulse	5	1672006	8888	2
2247	88	Picture	20	1688151	0	2	4145	3	0	4000	other	0
2247	88	Pulse	5	1692006	3855	2
2247	89	Picture	20	1706222	0	1	4145	2	0	4000	other	0
2247	89	Pulse	5	1712155	5933	2
2247	90	Picture	20	1724293	0	1	4145	2	0	4000	other	0
2247	90	Pulse	5	1732155	7862	2
2247	91	Picture	21	1742364	0	1	4144	3	0	4000	hit	187
2247	91	Response	1	1746235	3871	2
2247	91	Pulse	5	1752155	9791	1
2247	92	Picture	20	1760434	0	2	4145	3	0	4000	other	0
2247	92	Pulse	5	1772145	11711	1
2247	93	Picture	20	1778505	0	1	4145	2	0	4000	other	0
2247	93	Pulse	5	1792141	13636	7
2247	94	Picture	21	1796576	0	1	4145	2	0	4000	hit	194
2247	94	Response	1	1800464	3888	1
2247	94	Pulse	5	1812143	15567	2
2247	95	Picture	20	1814647	0	1	4144	3	0	4000	other	0
2247	95	Pulse	5	1832133	17486	2
2247	96	Picture	20	1832717	0	2	4145	3	0	4000	other	0
2247	97	Picture	20	1850788	0	1	4145	2	0	4000	other	0
2247	97	Pulse	5	1852132	1344	2
2247	98	Picture	21	1868859	0	1	4145	2	0	4000	hit	203
2247	98	Pulse	5	1872132	3273	2
2247	98	Response	1	1874372	5513	2
2247	99	Picture	20	1886930	0	1	4144	3	0	4000	other	0
2247	99	Pulse	5	1892122	5192	1
2247	100	Picture	20	1905000	0	2	4145	3	0	4000	other	0
2247	100	Pulse	5	1912121	7121	2
2247	101	Picture	21	1923071	0	2	4145	3	0	4000	hit	209
2247	101	Response	1	1927001	3930	2
2247	101	Pulse	5	1932121	9050	1
2247	102	Picture	20	1941142	0	1	4144	3	0	4000	other	0
2247	102	Pulse	5	1952110	10968	3
2247	103	Picture	20	1959213	0	1	4144	2	0	4000	other	0
2247	103	Pulse	5	1972111	12898	1
2247	104	Pulse	5	1992109	14826	3
2247	105	Picture	10	2002317	0	1	4145	2	0	4000	other	0
2247	105	Pulse	5	2012099	9782	2
2247	106	Picture	10	2020388	0	1	4145	2	0	4000	other	0
2247	106	Pulse	5	2032098	11710	2
2247	107	Picture	11	2038458	0	2	4145	4	0	4000	hit	221
2247	107	Response	1	2042338	3880	2
2247	107	Pulse	5	2052098	13640	2
2247	108	Picture	10	2056529	0	2	4145	3	0	4000	other	0
2247	108	Pulse	5	2072088	15559	1
2247	109	Picture	11	2074600	0	1	4145	2	0	4000	hit	226
2247	109	Response	1	2078487	3887	2
2247	109	Pulse	5	2092087	17487	2
2247	110	Picture	10	2092671	0	1	4145	2	0	4000	other	0
2247	111	Picture	10	2110742	0	1	4144	2	0	4000	other	0
2247	111	Pulse	5	2112087	1345	2
2247	112	Picture	11	2128812	0	2	4145	3	0	4000	hit	233
2247	112	Pulse	5	2132076	3264	2
2247	112	Response	1	2133676	4864	2
2247	113	Picture	10	2146883	0	1	4145	2	0	4000	other	0
2247	113	Pulse	5	2152076	5193	2
2247	114	Picture	10	2164954	0	1	4144	3	0	4000	other	0
2247	114	Pulse	5	2172075	7121	2
2247	115	Picture	10	2183025	0	1	4144	2	0	4000	other	0
2247	115	Pulse	5	2192065	9040	2
2247	116	Picture	10	2201095	0	1	4145	2	0	4000	other	0
2247	116	Pulse	5	2212065	10970	1
2247	117	Picture	10	2219166	0	1	4145	2	0	4000	other	0
2247	117	Pulse	5	2232064	12898	2
2247	118	Picture	11	2237237	0	1	4144	3	0	4000	hit	245
2247	118	Response	1	2241504	4267	2
2247	118	Pulse	5	2252054	14817	1
2247	119	Picture	10	2255307	0	2	4145	3	0	4000	other	0
2247	119	Pulse	5	2272053	16746	2
2247	120	Picture	10	2273378	0	1	4145	2	0	4000	other	0
2247	121	Pulse	5	2292053	604	2
2247	121	Pulse	5	2312042	20593	3
2247	122	Picture	30	2316483	0	1	4144	3	0	4000	other	0
2247	122	Pulse	5	2332042	15559	2
2247	123	Picture	30	2334554	0	1	4144	2	0	4000	other	0
2247	123	Pulse	5	2352041	17487	3
2247	124	Picture	30	2352624	0	1	4145	2	0	4000	other	0
2247	125	Picture	31	2370695	0	1	4145	2	0	4000	miss	0
2247	125	Pulse	5	2372031	1336	2
2247	126	Picture	31	2388766	0	1	4144	3	0	4000	hit	260
2247	126	Response	1	2388991	225	2
2247	126	Pulse	5	2392031	3265	2
2247	126	Response	1	2400990	12224	3
2247	127	Picture	30	2406836	0	2	4145	3	0	4000	other	0
2247	127	Pulse	5	2412031	5195	1
2247	128	Picture	30	2424907	0	1	4145	2	0	4000	other	0
2247	128	Pulse	5	2432020	7113	2
2247	129	Picture	30	2442978	0	1	4145	2	0	4000	other	0
2247	129	Pulse	5	2452019	9041	3
2247	130	Picture	31	2461049	0	1	4144	3	0	4000	hit	270
2247	130	Response	1	2468659	7610	2
2247	130	Pulse	5	2472019	10970	2
2247	131	Picture	30	2479119	0	2	4145	3	0	4000	other	0
2247	131	Pulse	5	2492008	12889	2
2247	132	Picture	30	2497190	0	1	4145	2	0	4000	other	0
2247	132	Pulse	5	2512009	14819	1
2247	133	Picture	30	2515261	0	1	4145	2	0	4000	other	0
2247	133	Pulse	5	2532007	16746	2
2247	134	Picture	30	2533332	0	1	4144	3	0	4000	other	0
2247	135	Picture	31	2551402	0	2	4145	3	0	4000	hit	281
2247	135	Pulse	5	2551997	595	2
2247	135	Response	1	2556317	4915	2
2247	136	Picture	30	2569473	0	1	4145	2	0	4000	other	0
2247	136	Pulse	5	2571997	2524	1
2247	137	Picture	30	2587544	0	1	4145	2	0	4000	other	0
2247	137	Pulse	5	2591996	4452	2
