Scenario - 1-back
Logfile written - 12/18/2014 16:25:00

Subject	Trial	Event Type	Code	Time	TTime	Uncertainty	Duration	Uncertainty	ReqTime	ReqDur	Stim Type	Pair Index

2247	1	Pulse	5	88402	98236	2
2247	2	Pulse	5	108401	19925	2
2247	3	Picture	10	113510	0	1	4145	2	0	4000	other	0
2247	3	Pulse	5	128391	14881	2
2247	4	Picture	10	131581	0	1	4145	2	0	4000	other	0
2247	4	Pulse	5	148390	16809	2
2247	5	Picture	11	149652	0	1	4144	2	0	4000	hit	8
2247	5	Response	1	154150	4498	2
2247	6	Picture	10	167722	0	2	4145	3	0	4000	other	0
2247	6	Pulse	5	168386	664	7
2247	7	Picture	11	185793	0	1	4145	2	0	4000	hit	13
2247	7	Pulse	5	188380	2587	2
2247	7	Response	1	189980	4187	1
2247	8	Picture	10	203864	0	1	4145	2	0	4000	other	0
2247	8	Pulse	5	208379	4515	2
2247	9	Picture	10	221935	0	1	4144	3	0	4000	other	0
2247	9	Pulse	5	228379	6444	2
2247	10	Picture	10	240005	0	2	4145	3	0	4000	other	0
2247	10	Pulse	5	248369	8364	1
2247	11	Picture	11	258076	0	1	4145	2	0	4000	hit	21
2247	11	Response	1	262128	4052	2
2247	11	Pulse	5	268368	10292	2
2247	12	Picture	10	276147	0	1	4145	2	0	4000	other	0
2247	12	Pulse	5	288367	12220	2
2247	13	Picture	10	294218	0	1	4144	2	0	4000	other	0
2247	13	Pulse	5	308357	14139	2
2247	14	Picture	11	312288	0	2	4145	3	0	4000	hit	28
2247	14	Response	1	316037	3749	2
2247	14	Pulse	5	328357	16069	1
2247	15	Picture	10	330359	0	1	4145	2	0	4000	other	0
2247	15	Pulse	5	348356	17997	2
2247	16	Picture	10	348430	0	1	4144	3	0	4000	other	0
2247	17	Picture	10	366501	0	1	4144	3	0	4000	other	0
2247	17	Pulse	5	368346	1845	1
2247	18	Picture	10	384571	0	2	4145	3	0	4000	other	0
2247	18	Pulse	5	388505	3934	2
2247	19	Pulse	5	408505	5863	2
2247	20	Picture	30	427676	0	1	4145	2	0	4000	other	0
2247	20	Pulse	5	428494	818	2
2247	21	Picture	30	445747	0	1	4144	2	0	4000	other	0
2247	21	Pulse	5	448494	2747	2
2247	22	Picture	31	463817	0	2	4145	3	0	4000	miss	0
2247	22	Pulse	5	468493	4676	2
2247	23	Picture	30	481888	0	1	4145	2	0	4000	other	0
2247	23	Pulse	5	488483	6595	2
2247	24	Picture	30	499959	0	1	4145	2	0	4000	other	0
2247	24	Pulse	5	508482	8523	3
2247	25	Picture	30	518030	0	1	4144	2	0	4000	other	0
2247	25	Pulse	5	528482	10452	2
2247	26	Picture	31	536100	0	2	4145	3	0	4000	hit	51
2247	26	Response	1	545112	9012	2
2247	26	Pulse	5	548472	12372	1
2247	27	Picture	31	554171	0	1	4145	2	0	4000	hit	54
2247	27	Response	1	565111	10940	2
2247	27	Pulse	5	568471	14300	2
2247	28	Picture	30	572241	0	2	4146	3	0	4000	false_alarm	57
2247	28	Response	1	587031	14790	2
2247	28	Pulse	5	588471	16230	2
2247	29	Picture	30	590313	0	1	4144	2	0	4000	other	0
2247	30	Picture	30	608383	0	2	4145	3	0	4000	false_alarm	62
2247	30	Pulse	5	608460	77	2
2247	30	Response	1	623661	15278	1
2247	31	Picture	31	626454	0	1	4145	2	0	4000	hit	65
2247	31	Pulse	5	628460	2006	2
2247	31	Response	1	636940	10486	2
2247	32	Picture	30	644525	0	1	4144	3	0	4000	false_alarm	68
2247	32	Pulse	5	648459	3934	2
2247	32	Response	1	653099	8574	2
2247	33	Picture	30	662596	0	1	4144	2	0	4000	other	0
2247	33	Pulse	5	668449	5853	2
2247	34	Picture	30	680666	0	1	4145	2	0	4000	other	0
2247	34	Pulse	5	688449	7783	1
2247	35	Picture	30	698737	0	1	4145	2	0	4000	other	0
2247	35	Pulse	5	708448	9711	2
2247	36	Pulse	5	728438	11630	2
2247	37	Picture	10	741841	0	2	4145	3	0	4000	other	0
2247	37	Pulse	5	748437	6596	2
2247	38	Picture	10	759912	0	1	4145	2	0	4000	other	0
2247	38	Pulse	5	768437	8525	2
2247	39	Picture	11	777983	0	1	4145	2	0	4000	hit	81
2247	39	Response	1	780917	2934	1
2247	39	Pulse	5	788426	10443	2
2247	40	Picture	10	796054	0	1	4144	3	0	4000	other	0
2247	40	Pulse	5	808426	12372	2
2247	41	Picture	11	814125	0	1	4144	2	0	4000	hit	86
2247	41	Response	1	819146	5021	2
2247	41	Pulse	5	828426	14301	1
2247	42	Picture	10	832195	0	1	4145	2	0	4000	other	0
2247	42	Pulse	5	848415	16220	2
2247	43	Picture	10	850251	0	30	4160	31	0	4000	other	0
2247	44	Picture	10	868337	0	1	4144	3	0	4000	other	0
2247	44	Pulse	5	868415	78	1
2247	45	Picture	11	886407	0	2	4145	3	0	4000	hit	95
2247	45	Pulse	5	888414	2007	2
2247	45	Response	1	889535	3128	1
2247	46	Picture	10	904478	0	1	4145	2	0	4000	other	0
2247	46	Pulse	5	908404	3926	2
2247	47	Picture	10	922549	0	1	4145	2	0	4000	other	0
2247	47	Pulse	5	928403	5854	3
2247	48	Picture	11	940620	0	1	4144	3	0	4000	hit	101
2247	48	Response	1	945683	5063	2
2247	48	Pulse	5	948403	7783	2
2247	49	Picture	10	958690	0	2	4145	3	0	4000	other	0
2247	49	Pulse	5	968392	9702	3
2247	50	Picture	10	976761	0	1	4145	2	0	4000	other	0
2247	50	Pulse	5	988392	11631	2
2247	51	Picture	10	994832	0	1	4145	2	0	4000	other	0
2247	51	Pulse	5	1008392	13560	2
2247	52	Picture	10	1012903	0	1	4144	3	0	4000	other	0
2247	52	Pulse	5	1028381	15478	2
2247	53	Pulse	5	1048381	17408	2
2247	54	Picture	20	1056007	0	1	4145	2	0	4000	other	0
2247	54	Pulse	5	1068380	12373	2
2247	55	Picture	20	1074078	0	1	4145	2	0	4000	other	0
2247	55	Pulse	5	1088370	14292	2
2247	56	Picture	21	1092149	0	1	4144	3	0	4000	hit	117
2247	56	Response	1	1099570	7421	1
2247	56	Pulse	5	1108369	16220	2
2247	57	Picture	20	1110219	0	2	4145	3	0	4000	other	0
2247	58	Picture	20	1128290	0	1	4145	2	0	4000	other	0
2247	58	Pulse	5	1128369	79	2
2247	59	Picture	20	1146361	0	1	4145	2	0	4000	other	0
2247	59	Pulse	5	1148359	1998	1
2247	60	Picture	21	1164432	0	1	4144	3	0	4000	hit	125
2247	60	Response	1	1168358	3926	2
2247	60	Pulse	5	1168358	3926	2
2247	61	Picture	20	1182502	0	2	4145	3	0	4000	other	0
2247	61	Pulse	5	1188358	5856	1
2247	62	Picture	20	1200573	0	1	4144	3	0	4000	other	0
2247	62	Pulse	5	1208348	7775	1
2247	63	Picture	20	1218644	0	1	4145	2	0	4000	other	0
2247	63	Pulse	5	1228347	9703	2
2247	64	Picture	20	1236715	0	1	4144	2	0	4000	other	0
2247	64	Pulse	5	1248346	11631	2
2247	65	Picture	20	1254785	0	1	4145	2	0	4000	other	0
2247	65	Pulse	5	1268337	13552	1
2247	66	Picture	21	1272856	0	1	4145	2	0	4000	hit	138
2247	66	Response	1	1281456	8600	2
2247	66	Pulse	5	1288335	15479	2
2247	67	Picture	20	1290927	0	1	4144	3	0	4000	other	0
2247	67	Pulse	5	1308335	17408	2
2247	68	Picture	20	1308997	0	2	4145	3	0	4000	other	0
2247	69	Picture	21	1327068	0	1	4145	2	0	4000	hit	145
2247	69	Pulse	5	1328325	1257	1
2247	69	Response	1	1334725	7657	1
2247	70	Pulse	5	1348324	3185	2
2247	70	Pulse	5	1368324	23185	2
2247	71	Picture	10	1370173	0	1	4145	2	0	4000	other	0
2247	72	Picture	10	1388243	0	2	4145	3	0	4000	other	0
2247	72	Pulse	5	1388313	70	2
2247	73	Picture	11	1406314	0	2	4145	3	0	4000	hit	153
2247	73	Pulse	5	1408313	1999	2
2247	73	Response	1	1411193	4879	2
2247	74	Picture	10	1424385	0	1	4145	2	0	4000	other	0
2247	74	Pulse	5	1428472	4087	2
2247	75	Picture	11	1442456	0	1	4144	3	0	4000	hit	157
2247	75	Response	1	1446382	3926	2
2247	75	Pulse	5	1448462	6006	2
2247	76	Picture	10	1460526	0	2	4145	3	0	4000	other	0
2247	76	Pulse	5	1468461	7935	3
2247	77	Picture	10	1478597	0	2	4145	3	0	4000	other	0
2247	77	Pulse	5	1488461	9864	2
2247	78	Picture	11	1496668	0	1	4145	2	0	4000	hit	164
2247	78	Response	1	1501731	5063	2
2247	78	Pulse	5	1508451	11783	1
2247	79	Picture	10	1514739	0	1	4144	3	0	4000	other	0
2247	79	Pulse	5	1528450	13711	2
2247	80	Picture	10	1532810	0	1	4144	2	0	4000	other	0
2247	80	Pulse	5	1548450	15640	2
2247	81	Picture	10	1550880	0	1	4145	2	0	4000	other	0
2247	81	Pulse	5	1568439	17559	2
2247	82	Picture	10	1568951	0	1	4145	2	0	4000	other	0
2247	83	Picture	10	1587022	0	1	4144	3	0	4000	other	0
2247	83	Pulse	5	1588439	1417	2
2247	84	Picture	11	1605092	0	2	4145	3	0	4000	hit	177
2247	84	Pulse	5	1608438	3346	2
2247	84	Response	1	1609078	3986	2
2247	85	Picture	10	1623163	0	1	4145	3	0	4000	other	0
2247	85	Pulse	5	1628428	5265	2
2247	86	Picture	10	1641234	0	1	4145	2	0	4000	other	0
2247	86	Pulse	5	1648428	7194	1
2247	87	Pulse	5	1668427	9122	2
2247	88	Picture	30	1684339	0	1	4144	2	0	4000	other	0
2247	88	Pulse	5	1688417	4078	2
2247	89	Picture	30	1702409	0	1	4145	2	0	4000	other	0
2247	89	Pulse	5	1708416	6007	2
2247	90	Picture	30	1720480	0	1	4145	2	0	4000	other	0
2247	90	Pulse	5	1728416	7936	2
2247	91	Picture	31	1738551	0	1	4144	3	0	4000	hit	190
2247	91	Response	1	1746805	8254	2
2247	91	Pulse	5	1748405	9854	2
2247	92	Picture	31	1756621	0	2	4145	3	0	4000	miss	0
2247	92	Pulse	5	1768405	11784	2
2247	93	Picture	30	1774692	0	1	4145	2	0	4000	other	0
2247	93	Pulse	5	1788405	13713	1
2247	94	Picture	30	1792763	0	1	4145	2	0	4000	other	0
2247	94	Pulse	5	1808394	15631	2
2247	95	Picture	30	1810834	0	1	4144	3	0	4000	other	0
2247	95	Pulse	5	1828394	17560	1
2247	96	Picture	31	1828904	0	2	4145	3	0	4000	hit	201
2247	96	Response	1	1837513	8609	2
2247	97	Picture	30	1846975	0	1	4145	2	0	4000	other	0
2247	97	Pulse	5	1848393	1418	2
2247	98	Picture	30	1865046	0	1	4145	2	0	4000	other	0
2247	98	Pulse	5	1868383	3337	2
2247	99	Picture	30	1883117	0	1	4144	2	0	4000	other	0
2247	99	Pulse	5	1888382	5265	2
2247	100	Picture	30	1901187	0	2	4145	4	0	4000	other	0
2247	100	Pulse	5	1908382	7195	2
2247	101	Picture	31	1919258	0	1	4145	2	0	4000	hit	211
2247	101	Response	1	1926771	7513	3
2247	101	Pulse	5	1928371	9113	3
2247	102	Picture	30	1937329	0	1	4145	2	0	4000	other	0
2247	102	Pulse	5	1948371	11042	3
2247	103	Picture	30	1955400	0	1	4144	3	0	4000	other	0
2247	103	Pulse	5	1968370	12970	4
2247	104	Pulse	5	1988360	14890	2
2247	105	Picture	10	1998504	0	1	4145	2	0	4000	other	0
2247	105	Pulse	5	2008360	9856	2
2247	106	Picture	10	2016575	0	1	4145	2	0	4000	other	0
2247	106	Pulse	5	2028359	11784	2
2247	107	Picture	11	2034646	0	1	4144	3	0	4000	hit	223
2247	107	Response	1	2039079	4433	2
2247	107	Pulse	5	2048349	13703	2
2247	108	Picture	10	2052716	0	2	4145	3	0	4000	other	0
2247	108	Pulse	5	2068348	15632	2
2247	109	Picture	11	2070787	0	1	4145	2	0	4000	hit	228
2247	109	Response	1	2074588	3801	2
2247	109	Pulse	5	2088349	17562	1
2247	110	Picture	10	2088858	0	1	4144	3	0	4000	other	0
2247	111	Picture	10	2106927	0	3	4146	4	0	4000	other	0
2247	111	Pulse	5	2108337	1410	2
2247	112	Picture	11	2124999	0	2	4145	3	0	4000	hit	234
2247	112	Response	1	2128337	3338	2
2247	112	Pulse	5	2128337	3338	2
2247	113	Picture	10	2143070	0	1	4145	2	0	4000	other	0
2247	113	Pulse	5	2148337	5267	1
2247	114	Picture	10	2161141	0	1	4145	2	0	4000	other	0
2247	114	Pulse	5	2168326	7185	2
2247	115	Picture	10	2179212	0	1	4144	2	0	4000	other	0
2247	115	Pulse	5	2188326	9114	2
2247	116	Picture	10	2197282	0	1	4145	2	0	4000	other	0
2247	116	Pulse	5	2208325	11043	2
2247	117	Picture	10	2215353	0	1	4145	2	0	4000	other	0
2247	117	Pulse	5	2228315	12962	2
2247	118	Picture	11	2233424	0	1	4144	3	0	4000	hit	247
2247	118	Response	1	2240795	7371	1
2247	118	Pulse	5	2248314	14890	2
2247	119	Picture	10	2251495	0	1	4144	2	0	4000	other	0
2247	119	Pulse	5	2268315	16820	1
2247	120	Picture	10	2269565	0	2	4145	3	0	4000	other	0
2247	121	Pulse	5	2288304	668	1
2247	121	Pulse	5	2308303	20667	2
2247	122	Picture	20	2312670	0	1	4144	3	0	4000	other	0
2247	122	Pulse	5	2328303	15633	2
2247	123	Picture	20	2330741	0	1	4144	2	0	4000	other	0
2247	123	Pulse	5	2348292	17551	2
2247	124	Picture	20	2348811	0	2	4145	3	0	4000	other	0
2247	125	Picture	21	2366882	0	1	4145	2	0	4000	hit	261
2247	125	Pulse	5	2368292	1410	2
2247	125	Response	1	2373732	6850	1
2247	126	Picture	20	2384953	0	1	4144	3	0	4000	other	0
2247	126	Pulse	5	2388291	3338	2
2247	127	Picture	20	2403024	0	1	4144	2	0	4000	other	0
2247	127	Pulse	5	2408281	5257	2
2247	128	Picture	21	2421094	0	1	4145	2	0	4000	hit	267
2247	128	Response	1	2427000	5906	3
2247	128	Pulse	5	2428280	7186	3
2247	129	Picture	20	2439165	0	1	4145	2	0	4000	other	0
2247	129	Pulse	5	2448280	9115	2
2247	130	Picture	20	2457236	0	1	4144	3	0	4000	other	0
2247	130	Pulse	5	2468430	11194	2
2247	131	Picture	20	2475307	0	1	4144	2	0	4000	other	0
2247	131	Pulse	5	2488429	13122	2
2247	132	Picture	21	2493377	0	1	4145	2	0	4000	hit	276
2247	132	Response	1	2500909	7532	2
2247	132	Pulse	5	2508429	15052	1
2247	133	Picture	20	2511448	0	1	4145	2	0	4000	other	0
2247	133	Pulse	5	2528419	16971	1
2247	134	Picture	20	2529519	0	1	4144	3	0	4000	other	0
2247	135	Picture	21	2547589	0	2	4143	7	0	4000	hit	283
2247	135	Pulse	5	2548418	829	2
2247	135	Response	1	2553858	6269	2
2247	136	Picture	20	2565660	0	1	4145	2	0	4000	other	0
2247	136	Pulse	5	2568417	2757	2
2247	137	Picture	20	2583731	0	1	4145	2	0	4000	other	0
2247	137	Pulse	5	2588407	4676	2
