Scenario - 1-back
Logfile written - 12/18/2014 16:09:24

Subject	Trial	Event Type	Code	Time	TTime	Uncertainty	Duration	Uncertainty	ReqTime	ReqDur	Stim Type	Pair Index

2247	1	Response	1	345999	355833	2
2247	1	Pulse	5	486447	496281	1
2247	2	Pulse	5	506446	19916	2
2247	3	Picture	10	511564	0	1	4144	3	0	4000	other	0
2247	3	Pulse	5	526435	14871	2
2247	4	Picture	10	529634	0	2	4145	3	0	4000	other	0
2247	4	Pulse	5	546435	16801	2
2247	5	Picture	11	547705	0	1	4145	2	0	4000	hit	9
2247	5	Response	1	551555	3850	2
2247	6	Picture	10	565776	0	1	4144	3	0	4000	other	0
2247	6	Pulse	5	566435	659	1
2247	7	Picture	11	583847	0	1	4144	2	0	4000	hit	14
2247	7	Pulse	5	586424	2577	2
2247	7	Response	1	588184	4337	2
2247	8	Picture	10	601917	0	1	4145	2	0	4000	other	0
2247	8	Pulse	5	606424	4507	1
2247	9	Picture	10	619988	0	1	4145	2	0	4000	other	0
2247	9	Pulse	5	626423	6435	2
2247	10	Picture	10	638059	0	1	4145	2	0	4000	other	0
2247	10	Pulse	5	646413	8354	2
2247	11	Picture	11	656130	0	1	4144	2	0	4000	hit	22
2247	11	Response	1	659853	3723	1
2247	11	Pulse	5	666413	10283	1
2247	12	Picture	10	674200	0	1	4145	2	0	4000	other	0
2247	12	Pulse	5	686412	12212	2
2247	13	Picture	10	692271	0	1	4145	2	0	4000	other	0
2247	13	Pulse	5	706401	14130	2
2247	14	Picture	11	710341	0	3	4145	5	0	4000	hit	29
2247	14	Response	1	713601	3260	2
2247	14	Pulse	5	726401	16060	2
2247	15	Picture	10	728412	0	2	4145	3	0	4000	other	0
2247	15	Pulse	5	746401	17989	1
2247	16	Picture	10	746483	0	1	4145	2	0	4000	other	0
2247	17	Picture	10	764554	0	1	4145	2	0	4000	other	0
2247	17	Pulse	5	766390	1836	2
2247	18	Picture	10	782625	0	1	4144	3	0	4000	other	0
2247	18	Pulse	5	786390	3765	2
2247	19	Pulse	5	806389	5694	2
2247	20	Picture	20	825729	0	1	4145	2	0	4000	other	0
2247	20	Pulse	5	826379	650	2
2247	21	Picture	20	843800	0	1	4145	2	0	4000	other	0
2247	21	Pulse	5	846378	2578	3
2247	22	Picture	21	861871	0	1	4144	2	0	4000	hit	45
2247	22	Pulse	5	866378	4507	2
2247	22	Response	1	868618	6747	3
2247	23	Picture	20	879941	0	2	4145	3	0	4000	other	0
2247	23	Pulse	5	886368	6427	1
2247	24	Picture	20	898012	0	1	4145	2	0	4000	other	0
2247	24	Pulse	5	906367	8355	2
2247	25	Picture	20	916083	0	1	4144	3	0	4000	other	0
2247	25	Pulse	5	926367	10284	1
2247	26	Picture	21	934154	0	1	4144	2	0	4000	hit	53
2247	26	Response	1	938366	4212	3
2247	26	Pulse	5	946356	12202	2
2247	27	Picture	20	952224	0	1	4145	2	0	4000	other	0
2247	27	Pulse	5	966356	14132	2
2247	28	Picture	20	970295	0	1	4145	2	0	4000	other	0
2247	28	Pulse	5	986355	16060	2
2247	29	Picture	20	988366	0	1	4144	3	0	4000	other	0
2247	29	Pulse	5	1006345	17979	2
2247	30	Picture	20	1006436	0	2	4145	3	0	4000	other	0
2247	31	Picture	20	1024507	0	2	4145	3	0	4000	other	0
2247	31	Pulse	5	1026344	1837	2
2247	32	Picture	21	1042578	0	1	4145	2	0	4000	hit	65
2247	32	Response	1	1046184	3606	2
2247	32	Pulse	5	1046344	3766	2
2247	33	Picture	20	1060649	0	1	4144	3	0	4000	other	0
2247	33	Pulse	5	1066334	5685	1
2247	34	Picture	20	1078719	0	2	4145	3	0	4000	other	0
2247	34	Pulse	5	1086333	7614	2
2247	35	Picture	21	1096790	0	1	4145	2	0	4000	hit	72
2247	35	Response	1	1105533	8743	2
2247	35	Pulse	5	1106333	9543	2
2247	36	Pulse	5	1126332	11471	2
2247	37	Picture	10	1139895	0	1	4144	3	0	4000	other	0
2247	37	Pulse	5	1146322	6427	2
2247	38	Picture	10	1157965	0	2	4145	3	0	4000	other	0
2247	38	Pulse	5	1166321	8356	2
2247	39	Picture	11	1176036	0	1	4145	2	0	4000	hit	80
2247	39	Response	1	1179751	3715	2
2247	39	Pulse	5	1186311	10275	2
2247	40	Picture	10	1194107	0	1	4145	2	0	4000	other	0
2247	40	Pulse	5	1206311	12204	1
2247	41	Picture	11	1212178	0	1	4144	3	0	4000	hit	85
2247	41	Response	1	1216870	4692	2
2247	41	Pulse	5	1226470	14292	2
2247	42	Picture	10	1230248	0	2	4145	3	0	4000	other	0
2247	42	Pulse	5	1246460	16212	1
2247	43	Picture	10	1248319	0	1	4145	2	0	4000	other	0
2247	44	Picture	10	1266390	0	1	4145	2	0	4000	other	0
2247	44	Pulse	5	1266459	69	3
2247	45	Picture	11	1284461	0	1	4144	2	0	4000	hit	94
2247	45	Pulse	5	1286459	1998	2
2247	45	Response	1	1288059	3598	2
2247	46	Picture	10	1302531	0	2	4145	3	0	4000	other	0
2247	46	Pulse	5	1306448	3917	3
2247	47	Picture	10	1320602	0	1	4145	2	0	4000	other	0
2247	47	Pulse	5	1326448	5846	3
2247	48	Picture	11	1338673	0	1	4144	3	0	4000	hit	100
2247	48	Response	1	1343407	4734	3
2247	48	Pulse	5	1346447	7774	3
2247	49	Picture	10	1356744	0	1	4144	3	0	4000	other	0
2247	49	Pulse	5	1366437	9693	2
2247	50	Picture	10	1374814	0	2	4145	3	0	4000	other	0
2247	50	Pulse	5	1386437	11623	1
2247	51	Picture	10	1392885	0	1	4145	2	0	4000	other	0
2247	51	Pulse	5	1406436	13551	2
2247	52	Picture	10	1410956	0	1	4144	3	0	4000	other	0
2247	52	Pulse	5	1426426	15470	2
2247	53	Pulse	5	1446425	17399	2
2247	54	Picture	30	1454060	0	2	4145	4	0	4000	other	0
2247	54	Pulse	5	1466425	12365	2
2247	55	Picture	30	1472131	0	1	4145	2	0	4000	other	0
2247	55	Pulse	5	1486415	14284	1
2247	56	Picture	31	1490202	0	1	4144	3	0	4000	hit	116
2247	56	Response	1	1496654	6452	2
2247	56	Pulse	5	1506414	16212	2
2247	57	Picture	30	1508273	0	1	4144	2	0	4000	other	0
2247	58	Picture	30	1526343	0	1	4145	2	0	4000	other	0
2247	58	Pulse	5	1526414	71	2
2247	59	Picture	30	1544414	0	1	4145	2	0	4000	other	0
2247	59	Pulse	5	1546403	1989	2
2247	60	Picture	31	1562485	0	1	4144	3	0	4000	miss	0
2247	60	Pulse	5	1566403	3918	1
2247	61	Picture	31	1580555	0	2	4145	3	0	4000	miss	0
2247	61	Pulse	5	1586402	5847	2
2247	62	Picture	30	1598626	0	1	4145	2	0	4000	other	0
2247	62	Pulse	5	1606392	7766	2
2247	63	Picture	30	1616697	0	1	4144	3	0	4000	other	0
2247	63	Pulse	5	1626391	9694	2
2247	64	Picture	30	1634768	0	1	4144	3	0	4000	other	0
2247	64	Pulse	5	1646391	11623	2
2247	65	Picture	31	1652838	0	2	4145	3	0	4000	hit	134
2247	65	Response	1	1658711	5873	1
2247	65	Pulse	5	1666381	13543	1
2247	66	Picture	30	1670909	0	1	4145	2	0	4000	other	0
2247	66	Pulse	5	1686380	15471	2
2247	67	Picture	30	1688980	0	1	4145	2	0	4000	other	0
2247	67	Pulse	5	1706380	17400	1
2247	68	Picture	30	1707051	0	1	4144	2	0	4000	other	0
2247	69	Picture	30	1725120	0	6	4146	7	0	4000	other	0
2247	69	Pulse	5	1726369	1249	2
2247	70	Pulse	5	1746369	3177	2
2247	70	Pulse	5	1766368	23176	2
2247	71	Picture	10	1768226	0	1	4145	2	0	4000	other	0
2247	72	Picture	10	1786297	0	1	4144	2	0	4000	other	0
2247	72	Pulse	5	1786358	61	2
2247	73	Picture	11	1804367	0	2	4145	3	0	4000	hit	150
2247	73	Pulse	5	1806357	1990	3
2247	73	Response	1	1808757	4390	3
2247	74	Picture	10	1822438	0	1	4145	2	0	4000	other	0
2247	74	Pulse	5	1826357	3919	2
2247	75	Picture	11	1840509	0	1	4144	3	0	4000	hit	154
2247	75	Response	1	1844756	4247	3
2247	75	Pulse	5	1846346	5837	2
2247	76	Picture	10	1858580	0	1	4144	2	0	4000	other	0
2247	76	Pulse	5	1866346	7766	2
2247	77	Picture	10	1876650	0	1	4145	2	0	4000	other	0
2247	77	Pulse	5	1886346	9696	1
2247	78	Picture	11	1894721	0	1	4145	2	0	4000	hit	161
2247	78	Response	1	1898665	3944	2
2247	78	Pulse	5	1906335	11614	2
2247	79	Picture	10	1912792	0	1	4144	3	0	4000	other	0
2247	79	Pulse	5	1926335	13543	2
2247	80	Picture	10	1930862	0	2	4145	3	0	4000	other	0
2247	80	Pulse	5	1946335	15473	1
2247	81	Picture	10	1948933	0	2	4145	3	0	4000	other	0
2247	81	Pulse	5	1966324	17391	2
2247	82	Picture	10	1967004	0	1	4145	2	0	4000	other	0
2247	83	Picture	10	1985075	0	1	4144	3	0	4000	other	0
2247	83	Pulse	5	1986323	1248	2
2247	84	Picture	11	2003145	0	2	4145	3	0	4000	hit	174
2247	84	Pulse	5	2006323	3178	2
2247	84	Response	1	2007603	4458	2
2247	85	Picture	10	2021216	0	1	4145	2	0	4000	other	0
2247	85	Pulse	5	2026313	5097	1
2247	86	Picture	10	2039287	0	1	4145	2	0	4000	other	0
2247	86	Pulse	5	2046313	7026	1
2247	87	Pulse	5	2066312	8954	1
2247	88	Picture	20	2082392	0	1	4144	2	0	4000	other	0
2247	88	Pulse	5	2086301	3909	2
2247	89	Picture	20	2100462	0	1	4145	2	0	4000	other	0
2247	89	Pulse	5	2106301	5839	2
2247	90	Picture	20	2118533	0	1	4145	2	0	4000	other	0
2247	90	Pulse	5	2126301	7768	1
2247	91	Picture	21	2136604	0	1	4144	3	0	4000	hit	187
2247	91	Response	1	2141821	5217	1
2247	91	Pulse	5	2146290	9686	2
2247	92	Picture	20	2154675	0	1	4144	2	0	4000	other	0
2247	92	Pulse	5	2166289	11614	3
2247	93	Picture	20	2172745	0	1	4145	2	0	4000	other	0
2247	93	Pulse	5	2186289	13544	2
2247	94	Picture	21	2190816	0	1	4145	2	0	4000	hit	194
2247	94	Response	1	2199399	8583	2
2247	94	Pulse	5	2206279	15463	1
2247	95	Picture	20	2208887	0	1	4144	3	0	4000	other	0
2247	95	Pulse	5	2226278	17391	2
2247	96	Picture	20	2226958	0	1	4144	2	0	4000	other	0
2247	97	Picture	20	2245028	0	1	4145	2	0	4000	other	0
2247	97	Pulse	5	2246278	1250	2
2247	98	Picture	21	2263099	0	1	4145	2	0	4000	hit	203
2247	98	Pulse	5	2266427	3328	3
2247	98	Response	1	2266747	3648	4
2247	99	Picture	20	2281170	0	1	4144	3	0	4000	other	0
2247	99	Pulse	5	2286427	5257	3
2247	100	Picture	20	2299240	0	2	4145	3	0	4000	other	0
2247	100	Pulse	5	2306426	7186	3
2247	101	Picture	21	2317311	0	1	4145	2	0	4000	hit	209
2247	101	Response	1	2322266	4955	3
2247	101	Pulse	5	2326416	9105	2
2247	102	Picture	20	2335382	0	1	4145	2	0	4000	other	0
2247	102	Pulse	5	2346416	11034	1
2247	103	Picture	20	2353453	0	1	4144	3	0	4000	other	0
2247	103	Pulse	5	2366415	12962	2
2247	104	Pulse	5	2386405	14882	1
2247	105	Picture	10	2396557	0	1	4145	2	0	4000	other	0
2247	105	Pulse	5	2406404	9847	2
2247	106	Picture	10	2414628	0	1	4145	2	0	4000	other	0
2247	106	Pulse	5	2426404	11776	2
2247	107	Picture	11	2432699	0	1	4144	3	0	4000	hit	221
2247	107	Response	1	2436804	4105	1
2247	107	Pulse	5	2446393	13694	2
2247	108	Picture	10	2450769	0	2	4145	3	0	4000	other	0
2247	108	Pulse	5	2466393	15624	2
2247	109	Picture	11	2468840	0	1	4145	2	0	4000	hit	226
2247	109	Response	1	2472793	3953	2
2247	109	Pulse	5	2486392	17552	2
2247	110	Picture	10	2486911	0	1	4145	2	0	4000	other	0
2247	111	Picture	10	2504982	0	1	4144	2	0	4000	other	0
2247	111	Pulse	5	2506382	1400	2
2247	112	Picture	11	2523052	0	2	4145	3	0	4000	hit	233
2247	112	Pulse	5	2526382	3330	1
2247	112	Response	1	2526542	3490	1
2247	113	Picture	10	2541123	0	1	4145	2	0	4000	other	0
2247	113	Pulse	5	2546381	5258	2
2247	114	Picture	10	2559194	0	1	4144	3	0	4000	other	0
2247	114	Pulse	5	2566371	7177	2
2247	115	Picture	10	2577265	0	1	4144	2	0	4000	other	0
2247	115	Pulse	5	2586370	9105	2
2247	116	Picture	10	2595335	0	2	4145	3	0	4000	other	0
2247	116	Pulse	5	2606370	11035	2
2247	117	Picture	10	2613406	0	1	4145	2	0	4000	other	0
2247	117	Pulse	5	2626359	12953	2
2247	118	Picture	11	2631477	0	1	4145	2	0	4000	hit	245
2247	118	Response	1	2635799	4322	2
2247	118	Pulse	5	2646360	14883	1
2247	119	Picture	10	2649547	0	2	4145	3	0	4000	other	0
2247	119	Pulse	5	2666359	16812	1
2247	120	Picture	10	2667618	0	2	4145	3	0	4000	other	0
2247	121	Pulse	5	2686348	659	2
2247	121	Pulse	5	2706348	20659	1
2247	122	Picture	30	2710723	0	1	4145	2	0	4000	other	0
2247	122	Pulse	5	2726347	15624	2
2247	123	Picture	30	2728793	0	2	4145	3	0	4000	other	0
2247	123	Pulse	5	2746337	17544	2
2247	124	Picture	30	2746864	0	2	4145	3	0	4000	other	0
2247	125	Picture	31	2764935	0	1	4145	2	0	4000	miss	0
2247	125	Pulse	5	2766336	1401	3
2247	126	Picture	31	2783006	0	1	4145	2	0	4000	hit	261
2247	126	Pulse	5	2786336	3330	2
2247	126	Response	1	2787136	4130	2
2247	127	Picture	30	2801077	0	1	4144	2	0	4000	other	0
2247	127	Pulse	5	2806325	5248	2
2247	128	Picture	30	2819147	0	2	4145	3	0	4000	other	0
2247	128	Pulse	5	2826325	7178	2
2247	129	Picture	30	2837218	0	1	4145	2	0	4000	other	0
2247	129	Pulse	5	2846325	9107	1
2247	130	Picture	31	2855289	0	1	4144	3	0	4000	miss	0
2247	130	Pulse	5	2866315	11026	1
2247	131	Picture	30	2873360	0	1	4144	2	0	4000	other	0
2247	131	Pulse	5	2886314	12954	2
2247	132	Picture	30	2891430	0	2	4145	3	0	4000	other	0
2247	132	Pulse	5	2906313	14883	2
2247	133	Picture	30	2909501	0	1	4145	2	0	4000	other	0
2247	133	Pulse	5	2926304	16803	1
2247	134	Picture	30	2927572	0	1	4144	3	0	4000	other	0
2247	135	Picture	31	2945643	0	1	4144	2	0	4000	hit	279
2247	135	Pulse	5	2946303	660	1
2247	135	Response	1	2949183	3540	1
2247	136	Picture	30	2963713	0	1	4145	2	0	4000	other	0
2247	136	Pulse	5	2966302	2589	2
2247	137	Picture	30	2981784	0	1	4145	2	0	4000	other	0
2247	137	Pulse	5	2986291	4507	2
