Scenario - 1-back
Logfile written - 01/22/2015 13:16:49

Subject	Trial	Event Type	Code	Time	TTime	Uncertainty	Duration	Uncertainty	ReqTime	ReqDur	Stim Type	Pair Index

2252	1	Response	1	44792	54626	2
2252	1	Response	1	128460	138294	2
2252	1	Response	1	148139	157973	2
2252	1	Pulse	5	324103	333937	2
2252	2	Pulse	5	344093	19871	2
2252	3	Picture	10	349255	0	1	4145	2	0	4000	other	0
2252	3	Pulse	5	364092	14837	2
2252	4	Picture	10	367326	0	1	4144	3	0	4000	other	0
2252	4	Pulse	5	384092	16766	1
2252	5	Picture	11	385396	0	2	4145	3	0	4000	hit	11
2252	5	Response	1	389211	3815	2
2252	6	Picture	10	403467	0	1	4144	3	0	4000	other	0
2252	6	Pulse	5	404241	774	2
2252	7	Picture	11	421537	0	2	4145	3	0	4000	hit	16
2252	7	Pulse	5	424240	2703	2
2252	7	Response	1	427120	5583	2
2252	8	Picture	10	439608	0	1	4145	2	0	4000	other	0
2252	8	Pulse	5	444240	4632	1
2252	9	Picture	10	457679	0	1	4144	2	0	4000	other	0
2252	9	Pulse	5	464229	6550	2
2252	10	Picture	10	475749	0	2	4145	3	0	4000	other	0
2252	10	Pulse	5	484228	8479	3
2252	11	Picture	11	493820	0	1	4144	3	0	4000	hit	24
2252	11	Response	1	497668	3848	2
2252	11	Pulse	5	504228	10408	2
2252	12	Picture	10	511890	0	2	4145	3	0	4000	other	0
2252	12	Pulse	5	524217	12327	2
2252	13	Picture	10	529961	0	1	4144	3	0	4000	other	0
2252	13	Pulse	5	544217	14256	1
2252	14	Picture	11	548031	0	2	4145	3	0	4000	hit	31
2252	14	Response	1	551736	3705	2
2252	14	Pulse	5	564216	16185	2
2252	15	Picture	10	566102	0	1	4145	2	0	4000	other	0
2252	16	Picture	10	584173	0	1	4144	2	0	4000	other	0
2252	16	Pulse	5	584205	32	2
2252	17	Picture	10	602243	0	1	4145	2	0	4000	other	0
2252	17	Pulse	5	604205	1962	2
2252	18	Picture	10	620314	0	1	4144	2	0	4000	other	0
2252	18	Pulse	5	624204	3890	2
2252	19	Pulse	5	644193	5809	2
2252	20	Picture	20	663418	0	1	4144	3	0	4000	other	0
2252	20	Pulse	5	664193	775	2
2252	21	Picture	20	681488	0	2	4145	3	0	4000	other	0
2252	21	Pulse	5	684192	2704	2
2252	22	Picture	21	699559	0	1	4144	3	0	4000	hit	47
2252	22	Pulse	5	704182	4623	1
2252	22	Response	1	706421	6862	2
2252	23	Picture	20	717630	0	1	4144	2	0	4000	other	0
2252	23	Pulse	5	724181	6551	2
2252	24	Picture	20	735700	0	1	4145	2	0	4000	other	0
2252	24	Pulse	5	744180	8480	2
2252	25	Picture	20	753771	0	1	4144	2	0	4000	other	0
2252	25	Pulse	5	764170	10399	2
2252	26	Picture	21	771841	0	1	4145	2	0	4000	hit	55
2252	26	Response	1	776489	4648	2
2252	26	Pulse	5	784169	12328	2
2252	27	Picture	20	789912	0	1	4144	3	0	4000	other	0
2252	27	Pulse	5	804168	14256	2
2252	28	Picture	20	807982	0	2	4145	3	0	4000	other	0
2252	28	Pulse	5	824158	16176	2
2252	29	Picture	20	826053	0	1	4144	3	0	4000	other	0
2252	30	Picture	20	844123	0	2	4145	3	0	4000	other	0
2252	30	Pulse	5	844157	34	2
2252	31	Picture	20	862194	0	1	4145	2	0	4000	other	0
2252	31	Pulse	5	864156	1962	2
2252	32	Picture	21	880265	0	1	4144	2	0	4000	hit	68
2252	32	Pulse	5	884146	3881	2
2252	32	Response	1	885586	5321	2
2252	33	Picture	20	898335	0	1	4145	2	0	4000	other	0
2252	33	Pulse	5	904146	5811	1
2252	34	Picture	20	916406	0	1	4144	3	0	4000	other	0
2252	34	Pulse	5	924145	7739	2
2252	35	Picture	21	934476	0	1	4145	2	0	4000	hit	74
2252	35	Response	1	941254	6778	2
2252	35	Pulse	5	944134	9658	2
2252	36	Pulse	5	964133	11586	3
2252	37	Picture	10	977580	0	2	4145	3	0	4000	other	0
2252	37	Pulse	5	984133	6553	2
2252	38	Picture	10	995651	0	1	4145	2	0	4000	other	0
2252	38	Pulse	5	1004123	8472	1
2252	39	Picture	11	1013722	0	1	4144	2	0	4000	hit	82
2252	39	Response	1	1017562	3840	2
2252	39	Pulse	5	1024121	10399	2
2252	40	Picture	10	1031792	0	1	4145	2	0	4000	other	0
2252	40	Pulse	5	1044122	12330	1
2252	41	Picture	11	1049863	0	1	4144	2	0	4000	hit	87
2252	41	Response	1	1054520	4657	4
2252	41	Pulse	5	1064110	14247	2
2252	42	Picture	10	1067933	0	1	4145	2	0	4000	other	0
2252	42	Pulse	5	1084110	16177	1
2252	43	Picture	10	1086004	0	1	4144	3	0	4000	other	0
2252	44	Picture	10	1104074	0	2	4145	3	0	4000	other	0
2252	44	Pulse	5	1104109	35	2
2252	45	Picture	11	1122145	0	1	4145	2	0	4000	hit	96
2252	45	Pulse	5	1124098	1953	2
2252	45	Response	1	1125378	3233	2
2252	46	Picture	10	1140216	0	1	4144	2	0	4000	other	0
2252	46	Pulse	5	1144098	3882	2
2252	47	Picture	10	1158286	0	1	4145	2	0	4000	other	0
2252	47	Pulse	5	1164097	5811	2
2252	48	Picture	11	1176357	0	1	4144	3	0	4000	hit	102
2252	48	Response	1	1180567	4210	2
2252	48	Pulse	5	1184086	7729	3
2252	49	Picture	10	1194427	0	2	4145	3	0	4000	other	0
2252	49	Pulse	5	1204086	9659	2
2252	50	Picture	10	1212498	0	1	4144	3	0	4000	other	0
2252	50	Pulse	5	1224085	11587	2
2252	51	Picture	10	1230568	0	2	4145	3	0	4000	other	0
2252	51	Pulse	5	1244075	13507	2
2252	52	Picture	10	1248639	0	1	4145	2	0	4000	other	0
2252	52	Pulse	5	1264074	15435	2
2252	53	Pulse	5	1284073	17363	2
2252	54	Picture	30	1291743	0	1	4145	2	0	4000	other	0
2252	54	Pulse	5	1304063	12320	2
2252	55	Picture	30	1309814	0	1	4144	2	0	4000	other	0
2252	55	Pulse	5	1324062	14248	2
2252	56	Picture	31	1327884	0	1	4145	2	0	4000	hit	118
2252	56	Response	1	1332542	4658	2
2252	56	Pulse	5	1344061	16177	2
2252	57	Picture	30	1345955	0	1	4144	3	0	4000	other	0
2252	58	Picture	30	1364025	0	2	4145	3	0	4000	other	0
2252	58	Pulse	5	1364051	26	2
2252	59	Picture	30	1382096	0	1	4145	2	0	4000	other	0
2252	59	Pulse	5	1384050	1954	2
2252	60	Picture	31	1400167	0	1	4144	2	0	4000	hit	127
2252	60	Pulse	5	1404050	3883	1
2252	60	Response	1	1405650	5483	1
2252	61	Picture	31	1418237	0	1	4145	2	0	4000	miss	0
2252	61	Pulse	5	1424039	5802	2
2252	62	Picture	30	1436308	0	1	4144	3	0	4000	other	0
2252	62	Pulse	5	1444198	7890	3
2252	63	Picture	30	1454378	0	1	4145	2	0	4000	other	0
2252	63	Pulse	5	1464198	9820	2
2252	64	Picture	30	1472449	0	1	4144	3	0	4000	other	0
2252	64	Pulse	5	1484187	11738	2
2252	65	Picture	31	1490519	0	2	4000	480	0	4000	hit	137
2252	65	Response	1	1494518	3999	317
2252	65	Pulse	5	1504186	13667	2
2252	66	Picture	30	1508590	0	1	4145	2	0	4000	other	0
2252	66	Pulse	5	1524186	15596	2
2252	67	Picture	30	1526660	0	2	4145	3	0	4000	other	0
2252	67	Pulse	5	1544175	17515	2
2252	68	Picture	30	1544731	0	1	4144	3	0	4000	other	0
2252	69	Picture	30	1562802	0	1	4144	2	0	4000	other	0
2252	69	Pulse	5	1564175	1373	1
2252	70	Pulse	5	1584174	3302	2
2252	70	Pulse	5	1604163	23291	2
2252	71	Picture	10	1605906	0	1	4144	3	0	4000	other	0
2252	72	Picture	10	1623976	0	2	4145	3	0	4000	other	0
2252	72	Pulse	5	1624163	187	2
2252	73	Picture	11	1642047	0	1	4144	3	0	4000	hit	153
2252	73	Pulse	5	1644162	2115	2
2252	73	Response	1	1646082	4035	2
2252	74	Picture	10	1660117	0	2	4145	3	0	4000	other	0
2252	74	Pulse	5	1664151	4034	2
2252	75	Picture	11	1678188	0	1	4145	2	0	4000	hit	157
2252	75	Response	1	1683191	5003	2
2252	75	Pulse	5	1684151	5963	2
2252	76	Picture	10	1696259	0	1	4144	2	0	4000	other	0
2252	76	Pulse	5	1704150	7891	2
2252	77	Picture	10	1714329	0	1	4145	2	0	4000	other	0
2252	77	Pulse	5	1724140	9811	1
2252	78	Picture	11	1732400	0	1	4144	3	0	4000	hit	164
2252	78	Response	1	1736939	4539	2
2252	78	Pulse	5	1744139	11739	2
2252	79	Picture	10	1750470	0	1	4145	2	0	4000	other	0
2252	79	Pulse	5	1764138	13668	2
2252	80	Picture	10	1768541	0	1	4145	2	0	4000	other	0
2252	80	Pulse	5	1784128	15587	2
2252	81	Picture	10	1786611	0	2	4145	3	0	4000	other	0
2252	81	Pulse	5	1804127	17516	2
2252	82	Picture	10	1804682	0	1	4145	2	0	4000	other	0
2252	83	Picture	10	1822753	0	1	4144	3	0	4000	other	0
2252	83	Pulse	5	1824126	1373	2
2252	84	Picture	11	1840823	0	1	4145	2	0	4000	hit	177
2252	84	Pulse	5	1844116	3293	2
2252	84	Response	1	1844276	3453	2
2252	85	Picture	10	1858894	0	1	4144	3	0	4000	other	0
2252	85	Pulse	5	1864116	5222	1
2252	86	Picture	10	1876964	0	1	4145	2	0	4000	other	0
2252	86	Pulse	5	1884115	7151	1
2252	87	Pulse	5	1904104	9069	2
2252	88	Picture	20	1920068	0	2	4145	4	0	4000	other	0
2252	88	Pulse	5	1924103	4035	3
2252	89	Picture	20	1938139	0	1	4145	2	0	4000	other	0
2252	89	Pulse	5	1944103	5964	2
2252	90	Picture	20	1956210	0	1	4144	2	0	4000	other	0
2252	90	Pulse	5	1964092	7882	2
2252	91	Picture	21	1974280	0	1	4145	2	0	4000	hit	190
2252	91	Response	1	1981691	7411	2
2252	91	Pulse	5	1984091	9811	2
2252	92	Picture	20	1992351	0	1	4144	3	0	4000	other	0
2252	92	Pulse	5	2004091	11740	2
2252	93	Picture	20	2010421	0	2	4145	3	0	4000	other	0
2252	93	Pulse	5	2024080	13659	2
2252	94	Picture	21	2028492	0	1	4145	2	0	4000	hit	197
2252	94	Response	1	2033040	4548	2
2252	94	Pulse	5	2044080	15588	1
2252	95	Picture	20	2046562	0	2	4145	3	0	4000	other	0
2252	95	Pulse	5	2064079	17517	2
2252	96	Picture	20	2064633	0	1	4145	2	0	4000	other	0
2252	97	Picture	20	2082704	0	1	4144	3	0	4000	other	0
2252	97	Pulse	5	2084069	1365	1
2252	98	Picture	21	2100774	0	1	4145	2	0	4000	hit	206
2252	98	Pulse	5	2104068	3294	2
2252	98	Response	1	2104708	3934	1
2252	99	Picture	20	2118845	0	1	4144	3	0	4000	other	0
2252	99	Pulse	5	2124067	5222	2
2252	100	Picture	20	2136915	0	2	4145	3	0	4000	other	0
2252	100	Pulse	5	2144056	7141	2
2252	101	Picture	21	2154986	0	1	4145	2	0	4000	hit	212
2252	101	Response	1	2159256	4270	2
2252	101	Pulse	5	2164056	9070	2
2252	102	Picture	20	2173056	0	2	4145	3	0	4000	other	0
2252	102	Pulse	5	2184055	10999	2
2252	103	Picture	20	2191127	0	1	4145	2	0	4000	other	0
2252	103	Pulse	5	2204045	12918	2
2252	104	Pulse	5	2224044	14846	2
2252	105	Picture	10	2234231	0	1	4145	2	0	4000	other	0
2252	105	Pulse	5	2244043	9812	3
2252	106	Picture	10	2252302	0	1	4144	3	0	4000	other	0
2252	106	Pulse	5	2264033	11731	2
2252	107	Picture	11	2270372	0	2	4145	3	0	4000	hit	224
2252	107	Response	1	2277312	6940	3
2252	107	Pulse	5	2284032	13660	2
2252	108	Picture	10	2288443	0	1	4145	2	0	4000	other	0
2252	108	Pulse	5	2304031	15588	2
2252	109	Picture	11	2306513	0	2	4145	3	0	4000	hit	229
2252	109	Response	1	2311232	4719	1
2252	109	Pulse	5	2324021	17508	2
2252	110	Picture	10	2324584	0	1	4145	2	0	4000	other	0
2252	111	Picture	10	2342655	0	1	4144	3	0	4000	other	0
2252	111	Pulse	5	2344020	1365	2
2252	112	Picture	11	2360725	0	1	4145	2	0	4000	hit	236
2252	112	Pulse	5	2364020	3295	1
2252	112	Response	1	2364979	4254	2
2252	113	Picture	10	2378796	0	1	4144	3	0	4000	other	0
2252	113	Pulse	5	2384009	5213	2
2252	114	Picture	10	2396866	0	2	4145	3	0	4000	other	0
2252	114	Pulse	5	2404008	7142	3
2252	115	Picture	10	2414937	0	1	4145	2	0	4000	other	0
2252	115	Pulse	5	2424008	9071	2
2252	116	Picture	10	2433008	0	1	4144	2	0	4000	other	0
2252	116	Pulse	5	2443997	10989	2
2252	117	Picture	10	2451078	0	1	4145	2	0	4000	other	0
2252	117	Pulse	5	2463996	12918	2
2252	118	Picture	11	2469149	0	1	4144	3	0	4000	hit	248
2252	118	Response	1	2472956	3807	2
2252	118	Pulse	5	2484156	15007	2
2252	119	Picture	10	2487219	0	1	4145	2	0	4000	other	0
2252	119	Pulse	5	2504145	16926	2
2252	120	Picture	10	2505290	0	1	4144	3	0	4000	other	0
2252	121	Pulse	5	2524145	785	1
2252	121	Pulse	5	2544144	20784	2
2252	122	Picture	30	2548394	0	1	4145	2	0	4000	other	0
2252	122	Pulse	5	2564133	15739	2
2252	123	Picture	30	2566465	0	1	4144	2	0	4000	other	0
2252	123	Pulse	5	2584133	17668	1
2252	124	Picture	30	2584535	0	1	4145	2	0	4000	other	0
2252	125	Picture	31	2602606	0	1	4144	3	0	4000	hit	262
2252	125	Pulse	5	2604132	1526	2
2252	125	Response	1	2608772	6166	2
2252	126	Picture	31	2620676	0	1	4145	2	0	4000	hit	265
2252	126	Pulse	5	2624121	3445	2
2252	126	Response	1	2630521	9845	2
2252	127	Picture	30	2638747	0	1	4144	3	0	4000	other	0
2252	127	Pulse	5	2644122	5375	1
2252	128	Picture	30	2656817	0	2	4145	3	0	4000	other	0
2252	128	Pulse	5	2664121	7304	1
2252	129	Picture	30	2674888	0	1	4145	2	0	4000	other	0
2252	129	Pulse	5	2684109	9221	3
2252	130	Picture	31	2692959	0	1	4144	2	0	4000	hit	273
2252	130	Response	1	2697229	4270	2
2252	130	Pulse	5	2704109	11150	2
2252	131	Picture	30	2711029	0	1	4145	2	0	4000	other	0
2252	131	Pulse	5	2724108	13079	3
2252	132	Picture	30	2729100	0	1	4144	3	0	4000	other	0
2252	132	Pulse	5	2744098	14998	1
2252	133	Picture	30	2747170	0	2	4145	3	0	4000	other	0
2252	133	Pulse	5	2764097	16927	2
2252	134	Picture	30	2765241	0	1	4145	2	0	4000	other	0
2252	135	Picture	31	2783311	0	2	4145	4	0	4000	hit	284
2252	135	Pulse	5	2784096	785	2
2252	135	Response	1	2788736	5425	2
2252	136	Picture	30	2801382	0	1	4145	2	0	4000	false_alarm	287
2252	136	Pulse	5	2804086	2704	2
2252	136	Response	1	2816565	15183	2
2252	137	Picture	30	2819453	0	1	4144	2	0	4000	other	0
2252	137	Pulse	5	2824085	4632	2
