Scenario - 1-back
Logfile written - 01/22/2015 13:31:09

Subject	Trial	Event Type	Code	Time	TTime	Uncertainty	Duration	Uncertainty	ReqTime	ReqDur	Stim Type	Pair Index

2252	1	Pulse	5	129581	139415	1
2252	2	Pulse	5	149580	19824	2
2252	3	Picture	10	154790	0	1	4144	2	0	4000	other	0
2252	3	Pulse	5	169579	14789	2
2252	4	Picture	10	172860	0	1	4145	2	0	4000	other	0
2252	4	Pulse	5	189569	16709	2
2252	5	Picture	11	190931	0	1	4144	3	0	4000	hit	8
2252	5	Response	1	194209	3278	1
2252	6	Picture	10	209001	0	2	4145	3	0	4000	other	0
2252	6	Pulse	5	209568	567	2
2252	7	Picture	11	227072	0	1	4145	2	0	4000	hit	13
2252	7	Pulse	5	229568	2496	1
2252	7	Response	1	230997	3925	2
2252	8	Picture	10	245142	0	2	4145	4	0	4000	other	0
2252	8	Pulse	5	249557	4415	2
2252	9	Picture	10	263213	0	1	4145	2	0	4000	other	0
2252	9	Pulse	5	269556	6343	2
2252	10	Picture	10	281284	0	1	4144	2	0	4000	other	0
2252	10	Pulse	5	289556	8272	1
2252	11	Picture	11	299354	0	1	4145	2	0	4000	hit	21
2252	11	Response	1	304905	5551	2
2252	11	Pulse	5	309545	10191	2
2252	12	Picture	10	317425	0	1	4144	3	0	4000	other	0
2252	12	Pulse	5	329544	12119	2
2252	13	Picture	10	335495	0	2	4145	3	0	4000	other	0
2252	13	Pulse	5	349545	14050	1
2252	14	Picture	11	353566	0	1	4145	2	0	4000	hit	28
2252	14	Response	1	361213	7647	2
2252	14	Pulse	5	369533	15967	2
2252	15	Picture	10	371637	0	1	4144	2	0	4000	other	0
2252	15	Pulse	5	389532	17895	2
2252	16	Picture	10	389707	0	1	4145	2	0	4000	other	0
2252	17	Picture	10	407778	0	1	4144	3	0	4000	other	0
2252	17	Pulse	5	409532	1754	2
2252	18	Picture	10	425848	0	2	4145	3	0	4000	other	0
2252	18	Pulse	5	429521	3673	2
2252	19	Pulse	5	449521	5602	1
2252	20	Picture	30	468952	0	2	4145	3	0	4000	other	0
2252	20	Pulse	5	469520	568	2
2252	21	Picture	30	487023	0	1	4145	2	0	4000	other	0
2252	21	Pulse	5	489509	2486	3
2252	22	Picture	31	505094	0	1	4144	2	0	4000	hit	44
2252	22	Pulse	5	509509	4415	2
2252	22	Response	1	511749	6655	2
2252	23	Picture	30	523164	0	1	4145	2	0	4000	other	0
2252	23	Pulse	5	529508	6344	2
2252	24	Picture	30	541235	0	1	4144	3	0	4000	other	0
2252	24	Pulse	5	549497	8262	2
2252	25	Picture	30	559305	0	2	4145	3	0	4000	other	0
2252	25	Pulse	5	569497	10192	2
2252	26	Picture	31	577376	0	1	4145	2	0	4000	hit	52
2252	26	Response	1	581337	3961	1
2252	26	Pulse	5	589496	12120	2
2252	27	Picture	31	595446	0	2	4145	3	0	4000	hit	55
2252	27	Response	1	600366	4920	2
2252	27	Pulse	5	609486	14040	1
2252	28	Picture	30	613517	0	1	4145	2	0	4000	other	0
2252	28	Pulse	5	629485	15968	2
2252	29	Picture	30	631588	0	1	4144	3	0	4000	other	0
2252	29	Pulse	5	649484	17896	2
2252	30	Picture	30	649658	0	1	4145	2	0	4000	other	0
2252	31	Picture	31	667729	0	1	4145	2	0	4000	hit	64
2252	31	Pulse	5	669474	1745	2
2252	31	Response	1	672994	5265	2
2252	32	Picture	30	685799	0	2	4145	3	0	4000	other	0
2252	32	Pulse	5	689473	3674	2
2252	33	Picture	30	703870	0	1	4145	2	0	4000	other	0
2252	33	Pulse	5	709472	5602	3
2252	34	Picture	30	721941	0	1	4144	2	0	4000	other	0
2252	34	Pulse	5	729462	7521	2
2252	35	Picture	30	740011	0	1	4145	2	0	4000	other	0
2252	35	Pulse	5	749461	9450	2
2252	36	Pulse	5	769461	11379	1
2252	37	Picture	10	783115	0	2	4145	4	0	4000	other	0
2252	37	Pulse	5	789450	6335	2
2252	38	Picture	10	801186	0	1	4144	3	0	4000	other	0
2252	38	Pulse	5	809449	8263	2
2252	39	Picture	11	819256	0	2	4145	3	0	4000	hit	79
2252	39	Response	1	822409	3153	2
2252	39	Pulse	5	829449	10193	2
2252	40	Picture	10	837327	0	1	4145	2	0	4000	other	0
2252	40	Pulse	5	849438	12111	2
2252	41	Picture	11	855398	0	1	4144	2	0	4000	hit	84
2252	41	Response	1	861118	5720	2
2252	41	Pulse	5	869437	14039	2
2252	42	Picture	10	873468	0	1	4145	2	0	4000	other	0
2252	42	Pulse	5	889427	15959	2
2252	43	Picture	10	891539	0	1	4144	3	0	4000	other	0
2252	43	Pulse	5	909426	17887	2
2252	44	Picture	10	909609	0	2	4145	3	0	4000	other	0
2252	45	Picture	11	927680	0	1	4144	3	0	4000	hit	93
2252	45	Pulse	5	929426	1746	1
2252	45	Response	1	931826	4146	1
2252	46	Picture	10	945751	0	1	4144	3	0	4000	other	0
2252	46	Pulse	5	949585	3834	2
2252	47	Picture	10	963821	0	1	4145	2	0	4000	other	0
2252	47	Pulse	5	969574	5753	3
2252	48	Picture	11	981892	0	1	4144	2	0	4000	hit	99
2252	48	Response	1	986214	4322	2
2252	48	Pulse	5	989574	7682	3
2252	49	Picture	10	999962	0	2	4145	3	0	4000	other	0
2252	49	Pulse	5	1009573	9611	4
2252	50	Picture	10	1018033	0	1	4144	3	0	4000	other	0
2252	50	Pulse	5	1029563	11530	1
2252	51	Picture	10	1036103	0	2	4145	3	0	4000	other	0
2252	51	Pulse	5	1049562	13459	2
2252	52	Picture	10	1054174	0	1	4145	2	0	4000	other	0
2252	52	Pulse	5	1069562	15388	1
2252	53	Pulse	5	1089551	17306	1
2252	54	Picture	20	1097278	0	1	4145	2	0	4000	other	0
2252	54	Pulse	5	1109550	12272	2
2252	55	Picture	20	1115349	0	1	4144	3	0	4000	other	0
2252	55	Pulse	5	1129549	14200	2
2252	56	Picture	21	1133419	0	2	4138	17	0	4000	hit	115
2252	56	Response	1	1138019	4600	2
2252	56	Pulse	5	1149539	16120	2
2252	57	Picture	20	1151490	0	1	4145	2	0	4000	other	0
2252	57	Pulse	5	1169538	18048	2
2252	58	Picture	20	1169560	0	2	4145	3	0	4000	other	0
2252	59	Picture	20	1187631	0	1	4145	2	0	4000	other	0
2252	59	Pulse	5	1189537	1906	2
2252	60	Picture	21	1205702	0	1	4144	2	0	4000	hit	124
2252	60	Pulse	5	1209527	3825	2
2252	60	Response	1	1210807	5105	2
2252	61	Picture	20	1223772	0	1	4145	2	0	4000	other	0
2252	61	Pulse	5	1229526	5754	2
2252	62	Picture	20	1241843	0	1	4144	3	0	4000	other	0
2252	62	Pulse	5	1249526	7683	1
2252	63	Picture	20	1259913	0	2	4145	3	0	4000	other	0
2252	63	Pulse	5	1269515	9602	2
2252	64	Picture	20	1277984	0	1	4144	3	0	4000	other	0
2252	64	Pulse	5	1289514	11530	2
2252	65	Picture	20	1296054	0	2	4145	3	0	4000	other	0
2252	65	Pulse	5	1309514	13460	1
2252	66	Picture	21	1314125	0	1	4145	2	0	4000	hit	136
2252	66	Response	1	1319263	5138	2
2252	66	Pulse	5	1329503	15378	2
2252	67	Picture	20	1332196	0	1	4144	2	0	4000	other	0
2252	67	Pulse	5	1349502	17306	2
2252	68	Picture	20	1350266	0	2	4145	3	0	4000	other	0
2252	69	Picture	21	1368337	0	1	4145	2	0	4000	hit	143
2252	69	Pulse	5	1369502	1165	2
2252	69	Response	1	1373492	5155	1
2252	70	Pulse	5	1389491	3084	2
2252	70	Pulse	5	1409491	23084	1
2252	71	Picture	10	1411441	0	1	4145	2	0	4000	other	0
2252	71	Pulse	5	1429490	18049	2
2252	72	Picture	10	1429512	0	1	4144	2	0	4000	other	0
2252	73	Picture	11	1447582	0	1	4145	2	0	4000	hit	151
2252	73	Pulse	5	1449479	1897	3
2252	73	Response	1	1453959	6377	3
2252	74	Picture	10	1465653	0	1	4144	3	0	4000	other	0
2252	74	Pulse	5	1469479	3826	2
2252	75	Picture	11	1483723	0	2	4145	3	0	4000	hit	155
2252	75	Response	1	1487238	3515	3
2252	75	Pulse	5	1489478	5755	2
2252	76	Picture	10	1501794	0	1	4145	2	0	4000	other	0
2252	76	Pulse	5	1509467	7673	2
2252	77	Picture	10	1519864	0	2	4145	3	0	4000	other	0
2252	77	Pulse	5	1529467	9603	2
2252	78	Picture	11	1537935	0	1	4145	2	0	4000	hit	162
2252	78	Response	1	1543386	5451	2
2252	78	Pulse	5	1549466	11531	2
2252	79	Picture	10	1556006	0	1	4144	3	0	4000	other	0
2252	79	Pulse	5	1569456	13450	1
2252	80	Picture	10	1574076	0	1	4145	2	0	4000	other	0
2252	80	Pulse	5	1589455	15379	2
2252	81	Picture	10	1592147	0	1	4144	3	0	4000	other	0
2252	81	Pulse	5	1609454	17307	2
2252	82	Picture	10	1610217	0	2	4145	3	0	4000	other	0
2252	83	Picture	10	1628288	0	1	4145	2	0	4000	other	0
2252	83	Pulse	5	1629444	1156	1
2252	84	Picture	11	1646359	0	1	4144	2	0	4000	hit	175
2252	84	Pulse	5	1649443	3084	2
2252	84	Response	1	1650243	3884	2
2252	85	Picture	10	1664429	0	1	4145	2	0	4000	other	0
2252	85	Pulse	5	1669442	5013	2
2252	86	Picture	10	1682500	0	1	4144	3	0	4000	other	0
2252	86	Pulse	5	1689432	6932	2
2252	87	Pulse	5	1709431	8861	2
2252	88	Picture	30	1725604	0	1	4144	3	0	4000	other	0
2252	88	Pulse	5	1729431	3827	1
2252	89	Picture	30	1743674	0	2	4145	3	0	4000	other	0
2252	89	Pulse	5	1749420	5746	2
2252	90	Picture	30	1761745	0	1	4145	2	0	4000	other	0
2252	90	Pulse	5	1769417	7672	5
2252	91	Picture	31	1779816	0	1	4144	2	0	4000	hit	188
2252	91	Response	1	1783659	3843	2
2252	91	Pulse	5	1789419	9603	1
2252	92	Picture	31	1797886	0	1	4145	2	0	4000	hit	191
2252	92	Response	1	1803168	5282	2
2252	92	Pulse	5	1809408	11522	2
2252	93	Picture	30	1815957	0	1	4144	3	0	4000	other	0
2252	93	Pulse	5	1829407	13450	2
2252	94	Picture	30	1834027	0	2	4145	3	0	4000	other	0
2252	94	Pulse	5	1849407	15380	2
2252	95	Picture	30	1852098	0	1	4145	2	0	4000	other	0
2252	95	Pulse	5	1869396	17298	2
2252	96	Picture	31	1870169	0	1	4144	2	0	4000	hit	200
2252	96	Response	1	1877556	7387	2
2252	97	Picture	30	1888239	0	1	4145	2	0	4000	other	0
2252	97	Pulse	5	1889396	1157	1
2252	98	Picture	30	1906310	0	1	4144	3	0	4000	other	0
2252	98	Pulse	5	1909385	3075	3
2252	99	Picture	30	1924380	0	1	4145	2	0	4000	other	0
2252	99	Pulse	5	1929384	5004	3
2252	100	Picture	30	1942451	0	1	4144	3	0	4000	other	0
2252	100	Pulse	5	1949384	6933	2
2252	101	Picture	31	1960521	0	2	4145	3	0	4000	hit	210
2252	101	Response	1	1966503	5982	2
2252	101	Pulse	5	1969383	8862	3
2252	102	Picture	30	1978592	0	1	4145	2	0	4000	false_alarm	213
2252	102	Response	1	1987772	9180	2
2252	102	Pulse	5	1989532	10940	3
2252	103	Picture	30	1996662	0	2	4145	3	0	4000	other	0
2252	103	Pulse	5	2009532	12870	2
2252	104	Pulse	5	2029531	14798	2
2252	105	Picture	10	2039767	0	1	4144	2	0	4000	other	0
2252	105	Pulse	5	2049520	9753	3
2252	106	Picture	10	2057837	0	1	4145	2	0	4000	other	0
2252	106	Pulse	5	2069520	11683	2
2252	107	Picture	11	2075908	0	1	4144	3	0	4000	hit	223
2252	107	Response	1	2079280	3372	1
2252	107	Pulse	5	2089519	13611	2
2252	108	Picture	10	2093978	0	2	4145	3	0	4000	other	0
2252	108	Pulse	5	2109509	15531	1
2252	109	Picture	11	2112049	0	1	4145	2	0	4000	hit	228
2252	109	Response	1	2115588	3539	2
2252	109	Pulse	5	2129508	17459	2
2252	110	Picture	10	2130120	0	1	4144	2	0	4000	other	0
2252	111	Picture	10	2148190	0	1	4145	2	0	4000	other	0
2252	111	Pulse	5	2149507	1317	2
2252	112	Picture	11	2166261	0	1	4144	3	0	4000	hit	235
2252	112	Pulse	5	2169497	3236	2
2252	112	Response	1	2169657	3396	2
2252	113	Picture	10	2184331	0	2	4145	3	0	4000	other	0
2252	113	Pulse	5	2189496	5165	2
2252	114	Picture	10	2202402	0	1	4145	2	0	4000	other	0
2252	114	Pulse	5	2209495	7093	2
2252	115	Picture	10	2220472	0	2	4145	3	0	4000	other	0
2252	115	Pulse	5	2229485	9013	2
2252	116	Picture	10	2238543	0	1	4145	2	0	4000	other	0
2252	116	Pulse	5	2249484	10941	2
2252	117	Picture	10	2256614	0	1	4144	3	0	4000	other	0
2252	117	Pulse	5	2269484	12870	1
2252	118	Picture	11	2274683	0	2	4146	3	0	4000	hit	247
2252	118	Response	1	2278593	3910	2
2252	118	Pulse	5	2289473	14790	2
2252	119	Picture	10	2292755	0	1	4144	3	0	4000	other	0
2252	119	Pulse	5	2309473	16718	1
2252	120	Picture	10	2310825	0	2	4145	3	0	4000	other	0
2252	121	Pulse	5	2329472	576	2
2252	121	Pulse	5	2349461	20565	2
2252	122	Picture	20	2353930	0	1	4144	2	0	4000	other	0
2252	122	Pulse	5	2369460	15530	2
2252	123	Picture	20	2372000	0	1	4145	2	0	4000	other	0
2252	123	Pulse	5	2389460	17460	2
2252	124	Picture	20	2390071	0	1	4144	2	0	4000	other	0
2252	125	Picture	21	2408141	0	1	4145	2	0	4000	hit	261
2252	125	Pulse	5	2409449	1308	3
2252	125	Response	1	2411689	3548	3
2252	126	Picture	20	2426212	0	1	4145	2	0	4000	other	0
2252	126	Pulse	5	2429449	3237	2
2252	127	Picture	20	2444282	0	2	4145	3	0	4000	other	0
2252	127	Pulse	5	2449448	5166	2
2252	128	Picture	21	2462353	0	1	4145	2	0	4000	hit	267
2252	128	Response	1	2466717	4364	2
2252	128	Pulse	5	2469437	7084	2
2252	129	Picture	20	2480424	0	1	4144	2	0	4000	other	0
2252	129	Pulse	5	2489437	9013	2
2252	130	Picture	20	2498494	0	1	4145	2	0	4000	other	0
2252	130	Pulse	5	2509436	10942	2
2252	131	Picture	20	2516565	0	1	4144	3	0	4000	other	0
2252	131	Pulse	5	2529425	12860	2
2252	132	Picture	21	2534635	0	2	4145	3	0	4000	hit	276
2252	132	Response	1	2539025	4390	2
2252	132	Pulse	5	2549425	14790	2
2252	133	Picture	20	2552706	0	1	4145	2	0	4000	other	0
2252	133	Pulse	5	2569424	16718	2
2252	134	Picture	20	2570776	0	2	4145	3	0	4000	other	0
2252	135	Picture	21	2588847	0	1	4145	2	0	4000	hit	283
2252	135	Pulse	5	2589414	567	1
2252	135	Response	1	2593093	4246	2
2252	136	Picture	20	2606918	0	1	4144	3	0	4000	other	0
2252	136	Pulse	5	2609414	2496	1
2252	137	Picture	20	2624988	0	2	4145	3	0	4000	other	0
2252	137	Pulse	5	2629412	4424	2
