Scenario - 1-back
Logfile written - 01/22/2015 13:26:09

Subject	Trial	Event Type	Code	Time	TTime	Uncertainty	Duration	Uncertainty	ReqTime	ReqDur	Stim Type	Pair Index

2252	1	Pulse	5	93278	103112	2
2252	2	Pulse	5	113278	19830	2
2252	3	Picture	10	118483	0	1	4144	2	0	4000	other	0
2252	3	Pulse	5	133277	14794	2
2252	4	Picture	10	136553	0	2	4145	3	0	4000	other	0
2252	4	Pulse	5	153266	16713	2
2252	5	Picture	11	154624	0	1	4144	3	0	4000	hit	8
2252	5	Response	1	157906	3282	2
2252	6	Picture	10	172694	0	2	4145	3	0	4000	other	0
2252	6	Pulse	5	173266	572	2
2252	7	Picture	11	190765	0	1	4145	2	0	4000	hit	13
2252	7	Pulse	5	193265	2500	2
2252	7	Response	1	196145	5380	2
2252	8	Picture	10	208836	0	1	4144	2	0	4000	other	0
2252	8	Pulse	5	213255	4419	1
2252	9	Picture	10	226906	0	1	4145	2	0	4000	other	0
2252	9	Pulse	5	233254	6348	2
2252	10	Picture	10	244977	0	1	4144	3	0	4000	other	0
2252	10	Pulse	5	253253	8276	2
2252	11	Picture	11	263047	0	2	4145	3	0	4000	hit	21
2252	11	Response	1	267323	4276	2
2252	11	Pulse	5	273243	10196	2
2252	12	Picture	10	281118	0	1	4144	3	0	4000	other	0
2252	12	Pulse	5	293242	12124	2
2252	13	Picture	10	299188	0	2	4145	3	0	4000	other	0
2252	13	Pulse	5	313241	14053	2
2252	14	Picture	11	317259	0	1	4145	2	0	4000	hit	28
2252	14	Response	1	322511	5252	2
2252	14	Pulse	5	333231	15972	2
2252	15	Picture	10	335330	0	1	4144	2	0	4000	other	0
2252	15	Pulse	5	353230	17900	2
2252	16	Picture	10	353400	0	1	4145	2	0	4000	other	0
2252	17	Picture	10	371471	0	1	4144	3	0	4000	other	0
2252	17	Pulse	5	373230	1759	1
2252	18	Picture	10	389541	0	2	4145	3	0	4000	other	0
2252	18	Pulse	5	393219	3678	2
2252	19	Pulse	5	413218	5606	2
2252	20	Picture	20	432646	0	1	4144	2	0	4000	other	0
2252	20	Pulse	5	433218	572	2
2252	21	Picture	20	450716	0	1	4145	2	0	4000	other	0
2252	21	Pulse	5	453207	2491	2
2252	22	Picture	21	468787	0	1	4144	2	0	4000	hit	44
2252	22	Pulse	5	473207	4420	1
2252	22	Response	1	474006	5219	2
2252	23	Picture	20	486857	0	1	4145	2	0	4000	other	0
2252	23	Pulse	5	493206	6349	2
2252	24	Picture	20	504928	0	1	4144	3	0	4000	other	0
2252	24	Pulse	5	513195	8267	3
2252	25	Picture	20	522998	0	2	4145	3	0	4000	other	0
2252	25	Pulse	5	533195	10197	2
2252	26	Picture	21	541069	0	1	4145	2	0	4000	hit	52
2252	26	Response	1	545194	4125	3
2252	26	Pulse	5	553194	12125	2
2252	27	Picture	20	559140	0	1	4144	2	0	4000	other	0
2252	27	Pulse	5	573183	14043	2
2252	28	Picture	20	577210	0	1	4145	2	0	4000	other	0
2252	28	Pulse	5	593183	15973	2
2252	29	Picture	20	595281	0	1	4144	3	0	4000	other	0
2252	29	Pulse	5	613182	17901	2
2252	30	Picture	20	613351	0	2	4145	3	0	4000	other	0
2252	31	Picture	20	631422	0	1	4144	3	0	4000	other	0
2252	31	Pulse	5	633171	1749	2
2252	32	Picture	21	649492	0	2	4145	3	0	4000	hit	65
2252	32	Pulse	5	653171	3679	2
2252	32	Response	1	656211	6719	2
2252	33	Picture	20	667563	0	1	4145	2	0	4000	other	0
2252	33	Pulse	5	673170	5607	2
2252	34	Picture	20	685634	0	1	4144	2	0	4000	other	0
2252	34	Pulse	5	693160	7526	1
2252	35	Picture	21	703704	0	1	4145	2	0	4000	hit	71
2252	35	Response	1	707879	4175	2
2252	35	Pulse	5	713159	9455	2
2252	36	Pulse	5	733158	11383	2
2252	37	Picture	10	746808	0	2	4145	3	0	4000	other	0
2252	37	Pulse	5	753148	6340	2
2252	38	Picture	10	764879	0	1	4145	2	0	4000	other	0
2252	38	Pulse	5	773147	8268	2
2252	39	Picture	11	782950	0	1	4144	2	0	4000	hit	79
2252	39	Response	1	785947	2997	2
2252	39	Pulse	5	793146	10196	2
2252	40	Picture	10	801020	0	1	4145	2	0	4000	other	0
2252	40	Pulse	5	813136	12116	2
2252	41	Picture	11	819091	0	1	4144	3	0	4000	hit	84
2252	41	Response	1	823376	4285	1
2252	41	Pulse	5	833135	14044	2
2252	42	Picture	10	837161	0	1	4145	2	0	4000	other	0
2252	42	Pulse	5	853135	15974	1
2252	43	Picture	10	855232	0	1	4145	2	0	4000	other	0
2252	43	Pulse	5	873124	17892	2
2252	44	Picture	10	873302	0	2	4145	3	0	4000	other	0
2252	45	Picture	11	891373	0	1	4145	2	0	4000	hit	93
2252	45	Pulse	5	893123	1750	2
2252	45	Response	1	897123	5750	2
2252	46	Picture	10	909444	0	1	4144	2	0	4000	other	0
2252	46	Pulse	5	913123	3679	2
2252	47	Picture	10	927514	0	1	4145	2	0	4000	other	0
2252	47	Pulse	5	933112	5598	2
2252	48	Picture	11	945585	0	1	4144	3	0	4000	hit	99
2252	48	Response	1	951192	5607	1
2252	48	Pulse	5	953111	7526	2
2252	49	Picture	10	963655	0	2	4145	3	0	4000	other	0
2252	49	Pulse	5	973101	9446	3
2252	50	Picture	10	981726	0	1	4145	2	0	4000	other	0
2252	50	Pulse	5	993100	11374	3
2252	51	Picture	10	999797	0	1	4144	2	0	4000	other	0
2252	51	Pulse	5	1013259	13462	3
2252	52	Picture	10	1017867	0	1	4145	2	0	4000	other	0
2252	52	Pulse	5	1033259	15392	3
2252	53	Pulse	5	1053248	17310	3
2252	54	Picture	30	1060971	0	1	4145	2	0	4000	other	0
2252	54	Pulse	5	1073248	12277	2
2252	55	Picture	30	1079042	0	1	4144	3	0	4000	other	0
2252	55	Pulse	5	1093247	14205	2
2252	56	Picture	31	1097112	0	2	4145	4	0	4000	hit	115
2252	56	Response	1	1103957	6845	2
2252	56	Pulse	5	1113236	16124	3
2252	57	Picture	30	1115183	0	1	4145	2	0	4000	other	0
2252	57	Pulse	5	1133236	18053	3
2252	58	Picture	30	1133253	0	2	4145	3	0	4000	other	0
2252	59	Picture	30	1151324	0	1	4145	2	0	4000	other	0
2252	59	Pulse	5	1153235	1911	2
2252	60	Picture	31	1169395	0	1	4144	3	0	4000	miss	0
2252	60	Pulse	5	1173225	3830	1
2252	61	Picture	31	1187465	0	1	4145	2	0	4000	hit	125
2252	61	Response	1	1191945	4480	1
2252	61	Pulse	5	1193224	5759	2
2252	62	Picture	30	1205536	0	1	4144	3	0	4000	other	0
2252	62	Pulse	5	1213224	7688	1
2252	63	Picture	30	1223606	0	2	4145	3	0	4000	other	0
2252	63	Pulse	5	1233213	9607	1
2252	64	Picture	30	1241677	0	1	4145	2	0	4000	other	0
2252	64	Pulse	5	1253212	11535	2
2252	65	Picture	31	1259748	0	1	4144	2	0	4000	hit	134
2252	65	Response	1	1267612	7864	1
2252	65	Pulse	5	1273212	13464	1
2252	66	Picture	30	1277818	0	1	4145	2	0	4000	other	0
2252	66	Pulse	5	1293201	15383	2
2252	67	Picture	30	1295889	0	1	4144	3	0	4000	other	0
2252	67	Pulse	5	1313200	17311	2
2252	68	Picture	30	1313959	0	2	4145	3	0	4000	other	0
2252	69	Picture	30	1332030	0	1	4145	2	0	4000	other	0
2252	69	Pulse	5	1333200	1170	1
2252	70	Pulse	5	1353189	3088	2
2252	70	Pulse	5	1373188	23087	2
2252	71	Picture	10	1375134	0	1	4145	2	0	4000	other	0
2252	71	Pulse	5	1393188	18054	2
2252	72	Picture	10	1393205	0	1	4144	3	0	4000	other	0
2252	73	Picture	11	1411275	0	1	4145	2	0	4000	hit	150
2252	73	Pulse	5	1413177	1902	2
2252	73	Response	1	1416697	5422	2
2252	74	Picture	10	1429346	0	1	4144	3	0	4000	other	0
2252	74	Pulse	5	1433176	3830	2
2252	75	Picture	11	1447416	0	2	4145	3	0	4000	hit	154
2252	75	Response	1	1452211	4795	13
2252	75	Pulse	5	1453176	5760	2
2252	76	Picture	10	1465487	0	1	4144	3	0	4000	other	0
2252	76	Pulse	5	1473165	7678	3
2252	77	Picture	10	1483558	0	1	4144	2	0	4000	other	0
2252	77	Pulse	5	1493164	9606	3
2252	78	Picture	11	1501628	0	1	4145	2	0	4000	hit	161
2252	78	Response	1	1505804	4176	3
2252	78	Pulse	5	1513164	11536	2
2252	79	Picture	10	1519699	0	1	4144	3	0	4000	other	0
2252	79	Pulse	5	1533153	13454	2
2252	80	Picture	10	1537769	0	1	4145	2	0	4000	other	0
2252	80	Pulse	5	1553153	15384	2
2252	81	Picture	10	1555840	0	1	4144	3	0	4000	other	0
2252	81	Pulse	5	1573152	17312	2
2252	82	Picture	10	1573910	0	2	4145	3	0	4000	other	0
2252	83	Picture	10	1591981	0	1	4145	2	0	4000	other	0
2252	83	Pulse	5	1593141	1160	2
2252	84	Picture	11	1610052	0	1	4144	2	0	4000	hit	174
2252	84	Pulse	5	1613141	3089	2
2252	84	Response	1	1613941	3889	2
2252	85	Picture	10	1628122	0	1	4145	2	0	4000	other	0
2252	85	Pulse	5	1633140	5018	2
2252	86	Picture	10	1646193	0	1	4144	3	0	4000	other	0
2252	86	Pulse	5	1653130	6937	1
2252	87	Pulse	5	1673129	8866	2
2252	88	Picture	20	1689297	0	1	4145	2	0	4000	other	0
2252	88	Pulse	5	1693128	3831	2
2252	89	Picture	20	1707368	0	1	4144	2	0	4000	other	0
2252	89	Pulse	5	1713118	5750	1
2252	90	Picture	20	1725438	0	1	4145	2	0	4000	other	0
2252	90	Pulse	5	1733117	7679	2
2252	91	Picture	21	1743509	0	1	4144	2	0	4000	hit	187
2252	91	Response	1	1747837	4328	1
2252	91	Pulse	5	1753116	9607	2
2252	92	Picture	20	1761579	0	1	4145	2	0	4000	other	0
2252	92	Pulse	5	1773106	11527	2
2252	93	Picture	20	1779650	0	1	4144	3	0	4000	other	0
2252	93	Pulse	5	1793105	13455	2
2252	94	Picture	21	1797720	0	2	4145	3	0	4000	hit	194
2252	94	Response	1	1802225	4505	2
2252	94	Pulse	5	1813105	15385	1
2252	95	Picture	20	1815791	0	1	4145	2	0	4000	other	0
2252	95	Pulse	5	1833095	17304	1
2252	96	Picture	20	1833862	0	1	4144	2	0	4000	other	0
2252	97	Picture	20	1851932	0	1	4145	2	0	4000	other	0
2252	97	Pulse	5	1853093	1161	3
2252	98	Picture	21	1870003	0	1	4144	3	0	4000	hit	203
2252	98	Pulse	5	1873085	3082	11
2252	98	Response	1	1875013	5010	1
2252	99	Picture	20	1888073	0	2	4145	3	0	4000	other	0
2252	99	Pulse	5	1893082	5009	2
2252	100	Picture	20	1906144	0	1	4145	2	0	4000	other	0
2252	100	Pulse	5	1913081	6937	3
2252	101	Picture	21	1924214	0	2	4145	3	0	4000	hit	209
2252	101	Response	1	1928601	4387	2
2252	101	Pulse	5	1933081	8867	2
2252	102	Picture	20	1942285	0	1	4145	2	0	4000	other	0
2252	102	Pulse	5	1953070	10785	2
2252	103	Picture	20	1960356	0	1	4144	2	0	4000	other	0
2252	103	Pulse	5	1973069	12713	3
2252	104	Pulse	5	1993059	14633	2
2252	105	Picture	10	2003458	0	3	4146	5	0	4000	other	0
2252	105	Pulse	5	2013058	9600	2
2252	106	Picture	10	2021530	0	2	4145	3	0	4000	other	0
2252	106	Pulse	5	2033058	11528	1
2252	107	Picture	11	2039601	0	1	4145	2	0	4000	hit	221
2252	107	Response	1	2043771	4170	10
2252	107	Pulse	5	2053217	13616	2
2252	108	Picture	10	2057671	0	2	4145	3	0	4000	other	0
2252	108	Pulse	5	2073206	15535	3
2252	109	Picture	11	2075742	0	1	4145	2	0	4000	hit	226
2252	109	Response	1	2080086	4344	2
2252	109	Pulse	5	2093206	17464	2
2252	110	Picture	10	2093813	0	1	4144	3	0	4000	other	0
2252	111	Picture	10	2111883	0	1	4145	2	0	4000	other	0
2252	111	Pulse	5	2113205	1322	2
2252	112	Picture	11	2129954	0	1	4145	2	0	4000	hit	233
2252	112	Pulse	5	2133194	3240	3
2252	112	Response	1	2135754	5800	3
2252	113	Picture	10	2148024	0	2	4145	3	0	4000	other	0
2252	113	Pulse	5	2153194	5170	2
2252	114	Picture	10	2166095	0	1	4145	2	0	4000	other	0
2252	114	Pulse	5	2173193	7098	2
2252	115	Picture	10	2184166	0	1	4144	3	0	4000	other	0
2252	115	Pulse	5	2193183	9017	1
2252	116	Picture	10	2202236	0	1	4145	2	0	4000	other	0
2252	116	Pulse	5	2213182	10946	2
2252	117	Picture	10	2220307	0	1	4144	3	0	4000	other	0
2252	117	Pulse	5	2233181	12874	2
2252	118	Picture	11	2238377	0	2	4145	3	0	4000	hit	245
2252	118	Response	1	2242291	3914	2
2252	118	Pulse	5	2253171	14794	2
2252	119	Picture	10	2256448	0	1	4145	2	0	4000	other	0
2252	119	Pulse	5	2273170	16722	2
2252	120	Picture	10	2274519	0	1	4144	2	0	4000	other	0
2252	121	Pulse	5	2293169	580	2
2252	121	Pulse	5	2313159	20570	2
2252	122	Picture	30	2317623	0	1	4144	3	0	4000	other	0
2252	122	Pulse	5	2333158	15535	2
2252	123	Picture	30	2335693	0	2	4145	3	0	4000	other	0
2252	123	Pulse	5	2353154	17461	28
2252	124	Picture	30	2353764	0	1	4144	3	0	4000	other	0
2252	125	Picture	31	2371834	0	2	4145	3	0	4000	hit	259
2252	125	Pulse	5	2373147	1313	2
2252	125	Response	1	2375548	3714	1
2252	126	Picture	31	2389905	0	1	4145	2	0	4000	hit	262
2252	126	Pulse	5	2393146	3241	2
2252	126	Response	1	2394906	5001	2
2252	127	Picture	30	2407976	0	1	4144	2	0	4000	other	0
2252	127	Pulse	5	2413146	5170	2
2252	128	Picture	30	2426046	0	1	4145	2	0	4000	other	0
2252	128	Pulse	5	2433135	7089	2
2252	129	Picture	30	2444117	0	1	4144	3	0	4000	other	0
2252	129	Pulse	5	2453134	9017	3
2252	130	Picture	31	2462187	0	2	4145	3	0	4000	hit	270
2252	130	Response	1	2466894	4707	2
2252	130	Pulse	5	2473134	10947	2
2252	131	Picture	30	2480258	0	1	4145	2	0	4000	other	0
2252	131	Pulse	5	2493123	12865	2
2252	132	Picture	30	2498328	0	2	4145	3	0	4000	other	0
2252	132	Pulse	5	2513123	14795	1
2252	133	Picture	30	2516399	0	1	4145	2	0	4000	other	0
2252	133	Pulse	5	2533122	16723	2
2252	134	Picture	30	2534470	0	1	4144	2	0	4000	other	0
2252	135	Picture	31	2552540	0	1	4145	2	0	4000	hit	281
2252	135	Pulse	5	2553111	571	2
2252	135	Response	1	2561111	8571	2
2252	136	Picture	30	2570611	0	1	4144	3	0	4000	other	0
2252	136	Pulse	5	2573111	2500	2
2252	137	Picture	30	2588681	0	2	4145	3	0	4000	other	0
2252	137	Pulse	5	2593110	4429	2
