Scenario - 1-back
Logfile written - 01/22/2015 12:24:59

Subject	Trial	Event Type	Code	Time	TTime	Uncertainty	Duration	Uncertainty	ReqTime	ReqDur	Stim Type	Pair Index

2256	1	Pulse	5	243713	253547	2
2256	2	Pulse	5	263712	19896	2
2256	3	Picture	10	268850	0	1	4144	2	0	4000	other	0
2256	3	Pulse	5	283711	14861	2
2256	4	Picture	10	286920	0	1	4145	2	0	4000	other	0
2256	4	Pulse	5	303701	16781	2
2256	5	Picture	11	304991	0	1	4144	3	0	4000	hit	8
2256	5	Response	1	308820	3829	3
2256	6	Picture	10	323061	0	1	4145	2	0	4000	other	0
2256	6	Pulse	5	323700	639	2
2256	7	Picture	11	341132	0	1	4144	3	0	4000	hit	13
2256	7	Pulse	5	343700	2568	1
2256	7	Response	1	345938	4806	3
2256	8	Picture	10	359202	0	2	4145	3	0	4000	other	0
2256	8	Pulse	5	363689	4487	2
2256	9	Picture	10	377273	0	1	4145	2	0	4000	other	0
2256	9	Pulse	5	383688	6415	3
2256	10	Picture	10	395344	0	1	4144	2	0	4000	other	0
2256	10	Pulse	5	403688	8344	2
2256	11	Picture	11	413414	0	1	4145	2	0	4000	hit	21
2256	11	Response	1	417117	3703	2
2256	11	Pulse	5	423677	10263	2
2256	12	Picture	10	431485	0	1	4144	3	0	4000	other	0
2256	12	Pulse	5	443676	12191	2
2256	13	Picture	10	449555	0	1	4145	2	0	4000	other	0
2256	13	Pulse	5	463676	14121	2
2256	14	Picture	11	467626	0	1	4145	2	0	4000	hit	28
2256	14	Response	1	472156	4530	1
2256	14	Pulse	5	483665	16039	2
2256	15	Picture	10	485696	0	2	4145	3	0	4000	other	0
2256	15	Pulse	5	503665	17969	1
2256	16	Picture	10	503767	0	1	4145	2	0	4000	other	0
2256	17	Picture	10	521838	0	1	4144	2	0	4000	other	0
2256	17	Pulse	5	523664	1826	2
2256	18	Picture	10	539908	0	1	4145	2	0	4000	other	0
2256	18	Pulse	5	543654	3746	1
2256	19	Pulse	5	563653	5674	2
2256	20	Picture	30	583012	0	2	4145	3	0	4000	other	0
2256	20	Pulse	5	583652	640	2
2256	21	Picture	30	601083	0	1	4145	2	0	4000	other	0
2256	21	Pulse	5	603641	2558	2
2256	22	Picture	31	619154	0	1	4144	2	0	4000	hit	44
2256	22	Pulse	5	623641	4487	2
2256	22	Response	1	634983	15829	22
2256	23	Picture	30	637224	0	1	4145	2	0	4000	other	0
2256	23	Pulse	5	643640	6416	2
2256	24	Picture	30	655295	0	1	4144	3	0	4000	other	0
2256	24	Pulse	5	663630	8335	2
2256	25	Picture	30	673365	0	1	4145	2	0	4000	other	0
2256	25	Pulse	5	683629	10264	2
2256	26	Picture	31	691436	0	1	4144	3	0	4000	hit	52
2256	26	Response	1	697068	5632	3
2256	26	Pulse	5	703628	12192	2
2256	27	Picture	31	709506	0	2	4145	3	0	4000	miss	0
2256	27	Pulse	5	723618	14112	2
2256	28	Picture	30	727577	0	1	4145	2	0	4000	other	0
2256	28	Pulse	5	743617	16040	2
2256	29	Picture	30	745648	0	1	4144	2	0	4000	other	0
2256	29	Pulse	5	763616	17968	2
2256	30	Picture	30	763718	0	1	4145	2	0	4000	other	0
2256	31	Picture	31	781789	0	1	4144	2	0	4000	hit	63
2256	31	Pulse	5	783606	1817	2
2256	31	Response	1	786165	4376	3
2256	32	Picture	30	799859	0	1	4145	2	0	4000	other	0
2256	32	Pulse	5	803606	3747	1
2256	33	Picture	30	817930	0	1	4145	2	0	4000	other	0
2256	33	Pulse	5	823605	5675	1
2256	34	Picture	30	836000	0	2	4145	3	0	4000	other	0
2256	34	Pulse	5	843593	7593	4
2256	35	Picture	30	854071	0	1	4145	2	0	4000	other	0
2256	35	Pulse	5	863592	9521	4
2256	36	Pulse	5	883592	11450	3
2256	37	Picture	10	897175	0	1	4145	2	0	4000	other	0
2256	37	Pulse	5	903582	6407	2
2256	38	Picture	10	915246	0	1	4144	3	0	4000	other	0
2256	38	Pulse	5	923581	8335	2
2256	39	Picture	11	933316	0	2	4145	3	0	4000	hit	78
2256	39	Response	1	937341	4025	2
2256	39	Pulse	5	943740	10424	3
2256	40	Picture	10	951387	0	1	4145	2	0	4000	other	0
2256	40	Pulse	5	963729	12342	3
2256	41	Picture	11	969458	0	1	4144	2	0	4000	hit	83
2256	41	Response	1	973970	4512	2
2256	41	Pulse	5	983729	14271	2
2256	42	Picture	10	987528	0	1	4145	2	0	4000	other	0
2256	42	Pulse	5	1003728	16200	3
2256	43	Picture	10	1005599	0	1	4144	3	0	4000	other	0
2256	44	Picture	10	1023669	0	1	4145	2	0	4000	other	0
2256	44	Pulse	5	1023719	50	1
2256	45	Picture	11	1041740	0	1	4145	2	0	4000	hit	92
2256	45	Pulse	5	1043718	1978	1
2256	45	Response	1	1046118	4378	1
2256	46	Picture	10	1059810	0	2	4145	3	0	4000	other	0
2256	46	Pulse	5	1063717	3907	2
2256	47	Picture	10	1077881	0	1	4145	2	0	4000	other	0
2256	47	Pulse	5	1083706	5825	2
2256	48	Picture	11	1095951	0	2	4145	3	0	4000	hit	98
2256	48	Response	1	1099706	3755	2
2256	48	Pulse	5	1103706	7755	2
2256	49	Picture	10	1114022	0	1	4145	2	0	4000	other	0
2256	49	Pulse	5	1123705	9683	2
2256	50	Picture	10	1132093	0	1	4144	3	0	4000	other	0
2256	50	Pulse	5	1143695	11602	1
2256	51	Picture	10	1150163	0	2	4145	3	0	4000	other	0
2256	51	Pulse	5	1163694	13531	2
2256	52	Picture	10	1168234	0	1	4145	2	0	4000	other	0
2256	52	Pulse	5	1183693	15459	2
2256	53	Pulse	5	1203683	17379	1
2256	54	Picture	20	1211338	0	1	4145	2	0	4000	other	0
2256	54	Pulse	5	1223682	12344	2
2256	55	Picture	20	1229409	0	1	4144	2	0	4000	other	0
2256	55	Pulse	5	1243681	14272	2
2256	56	Picture	21	1247479	0	1	4145	2	0	4000	hit	114
2256	56	Response	1	1253751	6272	2
2256	56	Pulse	5	1263671	16192	2
2256	57	Picture	20	1265550	0	1	4144	3	0	4000	other	0
2256	58	Picture	20	1283620	0	2	4145	3	0	4000	other	0
2256	58	Pulse	5	1283670	50	2
2256	59	Picture	20	1301691	0	1	4144	3	0	4000	other	0
2256	59	Pulse	5	1303670	1979	1
2256	60	Picture	21	1319762	0	1	4144	2	0	4000	hit	123
2256	60	Pulse	5	1323659	3897	2
2256	60	Response	1	1324779	5017	2
2256	61	Picture	20	1337832	0	1	4145	2	0	4000	other	0
2256	61	Pulse	5	1343658	5826	3
2256	62	Picture	20	1355903	0	1	4144	2	0	4000	other	0
2256	62	Pulse	5	1363658	7755	2
2256	63	Picture	20	1373973	0	1	4145	2	0	4000	other	0
2256	63	Pulse	5	1383647	9674	2
2256	64	Picture	20	1392044	0	1	4144	3	0	4000	other	0
2256	64	Pulse	5	1403647	11603	1
2256	65	Picture	20	1410114	0	2	4145	3	0	4000	other	0
2256	65	Pulse	5	1423646	13532	2
2256	66	Picture	21	1428185	0	1	4145	2	0	4000	hit	135
2256	66	Response	1	1433555	5370	2
2256	66	Pulse	5	1443635	15450	2
2256	67	Picture	20	1446256	0	1	4144	2	0	4000	other	0
2256	67	Pulse	5	1463635	17379	1
2256	68	Picture	20	1464326	0	1	4145	2	0	4000	other	0
2256	69	Picture	21	1482397	0	1	4144	3	0	4000	hit	142
2256	69	Pulse	5	1483634	1237	2
2256	69	Response	1	1485874	3477	2
2256	70	Pulse	5	1503623	3156	2
2256	70	Pulse	5	1523623	23156	1
2256	71	Picture	10	1525501	0	1	4144	3	0	4000	other	0
2256	72	Picture	10	1543571	0	2	4145	3	0	4000	other	0
2256	72	Pulse	5	1543622	51	2
2256	73	Picture	11	1561642	0	1	4145	2	0	4000	hit	150
2256	73	Pulse	5	1563611	1969	2
2256	73	Response	1	1566331	4689	2
2256	74	Picture	10	1579713	0	1	4144	2	0	4000	other	0
2256	74	Pulse	5	1583611	3898	2
2256	75	Picture	11	1597783	0	1	4145	2	0	4000	hit	154
2256	75	Response	1	1601530	3747	2
2256	75	Pulse	5	1603610	5827	2
2256	76	Picture	10	1615854	0	1	4144	3	0	4000	other	0
2256	76	Pulse	5	1623599	7745	2
2256	77	Picture	10	1633924	0	2	4145	3	0	4000	other	0
2256	77	Pulse	5	1643599	9675	2
2256	78	Picture	11	1651995	0	1	4145	2	0	4000	hit	161
2256	78	Response	1	1656078	4083	2
2256	78	Pulse	5	1663598	11603	3
2256	79	Picture	10	1670065	0	2	4145	3	0	4000	other	0
2256	79	Pulse	5	1683588	13523	2
2256	80	Picture	10	1688136	0	1	4145	2	0	4000	other	0
2256	80	Pulse	5	1703587	15451	2
2256	81	Picture	10	1706207	0	2	4144	4	0	4000	other	0
2256	81	Pulse	5	1723586	17379	2
2256	82	Picture	10	1724277	0	1	4145	2	0	4000	other	0
2256	83	Picture	10	1742348	0	1	4144	3	0	4000	other	0
2256	83	Pulse	5	1743576	1228	2
2256	84	Picture	11	1760418	0	2	4145	3	0	4000	hit	174
2256	84	Pulse	5	1763575	3157	2
2256	84	Response	1	1764535	4117	2
2256	85	Picture	10	1778489	0	1	4145	2	0	4000	other	0
2256	85	Pulse	5	1783574	5085	2
2256	86	Picture	10	1796560	0	1	4144	2	0	4000	other	0
2256	86	Pulse	5	1803564	7004	3
2256	87	Pulse	5	1823563	8933	3
2256	88	Picture	30	1839664	0	1	4144	3	0	4000	other	0
2256	88	Pulse	5	1843563	3899	3
2256	89	Picture	30	1857734	0	2	4145	3	0	4000	other	0
2256	89	Pulse	5	1863551	5817	3
2256	90	Picture	30	1875805	0	1	4145	2	0	4000	other	0
2256	90	Pulse	5	1883551	7746	2
2256	91	Picture	31	1893876	0	1	4144	2	0	4000	hit	187
2256	91	Response	1	1897311	3435	2
2256	91	Pulse	5	1903551	9675	2
2256	92	Picture	31	1911946	0	1	4145	2	0	4000	miss	0
2256	92	Pulse	5	1923539	11593	3
2256	93	Picture	30	1930017	0	1	4144	2	0	4000	other	0
2256	93	Pulse	5	1943538	13521	4
2256	94	Picture	30	1948087	0	1	4145	2	0	4000	other	0
2256	94	Pulse	5	1963538	15451	3
2256	95	Picture	30	1966158	0	1	4145	2	0	4000	other	0
2256	95	Pulse	5	1983687	17529	3
2256	96	Picture	31	1984228	0	2	4145	3	0	4000	hit	198
2256	96	Response	1	1989607	5379	3
2256	97	Picture	30	2002299	0	1	4145	2	0	4000	other	0
2256	97	Pulse	5	2003687	1388	3
2256	98	Picture	30	2020370	0	1	4144	2	0	4000	other	0
2256	98	Pulse	5	2023686	3316	3
2256	99	Picture	30	2038440	0	1	4145	2	0	4000	other	0
2256	99	Pulse	5	2043676	5236	2
2256	100	Picture	30	2056511	0	1	4144	3	0	4000	other	0
2256	100	Pulse	5	2063675	7164	3
2256	101	Picture	31	2074581	0	2	4145	3	0	4000	hit	208
2256	101	Response	1	2080155	5574	2
2256	101	Pulse	5	2083674	9093	3
2256	102	Picture	30	2092652	0	1	4145	2	0	4000	other	0
2256	102	Pulse	5	2103664	11012	2
2256	103	Picture	30	2110722	0	2	4145	3	0	4000	other	0
2256	103	Pulse	5	2123664	12942	2
2256	104	Pulse	5	2143663	14870	2
2256	105	Picture	10	2153827	0	1	4144	2	0	4000	other	0
2256	105	Pulse	5	2163653	9826	1
2256	106	Picture	10	2171897	0	1	4145	2	0	4000	other	0
2256	106	Pulse	5	2183652	11755	2
2256	107	Picture	11	2189968	0	1	4143	4	0	4000	hit	220
2256	107	Response	1	2194852	4884	2
2256	107	Pulse	5	2203651	13683	2
2256	108	Picture	10	2208038	0	2	4145	3	0	4000	other	0
2256	108	Pulse	5	2223641	15603	2
2256	109	Picture	11	2226109	0	1	4145	2	0	4000	hit	225
2256	109	Response	1	2230200	4091	2
2256	109	Pulse	5	2243640	17531	2
2256	110	Picture	10	2244179	0	2	4145	3	0	4000	other	0
2256	111	Picture	10	2262250	0	1	4145	2	0	4000	other	0
2256	111	Pulse	5	2263639	1389	2
2256	112	Picture	11	2280321	0	1	4144	2	0	4000	hit	232
2256	112	Pulse	5	2283629	3308	2
2256	112	Response	1	2283949	3628	2
2256	113	Picture	10	2298391	0	2	4145	3	0	4000	other	0
2256	113	Pulse	5	2303628	5237	3
2256	114	Picture	10	2316462	0	1	4145	2	0	4000	other	0
2256	114	Pulse	5	2323629	7167	1
2256	115	Picture	10	2334532	0	2	4145	3	0	4000	other	0
2256	115	Pulse	5	2343617	9085	2
2256	116	Picture	10	2352603	0	1	4145	2	0	4000	other	0
2256	116	Pulse	5	2363616	11013	2
2256	117	Picture	10	2370674	0	1	4144	2	0	4000	other	0
2256	117	Pulse	5	2383616	12942	1
2256	118	Picture	11	2388744	0	1	4145	2	0	4000	hit	244
2256	118	Response	1	2393045	4301	2
2256	118	Pulse	5	2403605	14861	2
2256	119	Picture	10	2406815	0	1	4144	3	0	4000	other	0
2256	119	Pulse	5	2423604	16789	2
2256	120	Picture	10	2424885	0	2	4145	3	0	4000	other	0
2256	121	Pulse	5	2443604	648	2
2256	121	Pulse	5	2463593	20637	2
2256	122	Picture	20	2467989	0	2	4145	3	0	4000	other	0
2256	122	Pulse	5	2483593	15604	1
2256	123	Picture	20	2486060	0	1	4145	2	0	4000	other	0
2256	123	Pulse	5	2503592	17532	2
2256	124	Picture	20	2504131	0	1	4144	2	0	4000	other	0
2256	125	Picture	21	2522201	0	1	4145	2	0	4000	hit	258
2256	125	Pulse	5	2523581	1380	2
2256	125	Response	1	2525821	3620	2
2256	126	Picture	20	2540272	0	1	4144	3	0	4000	other	0
2256	126	Pulse	5	2543581	3309	2
2256	127	Picture	20	2558342	0	2	4145	3	0	4000	other	0
2256	127	Pulse	5	2563581	5239	1
2256	128	Picture	21	2576413	0	1	4145	2	0	4000	hit	264
2256	128	Response	1	2582129	5716	2
2256	128	Pulse	5	2583569	7156	2
2256	129	Picture	20	2594484	0	1	4144	2	0	4000	other	0
2256	129	Pulse	5	2603569	9085	2
2256	130	Picture	20	2612554	0	1	4145	2	0	4000	other	0
2256	130	Pulse	5	2623568	11014	2
2256	131	Picture	20	2630625	0	1	4144	3	0	4000	other	0
2256	131	Pulse	5	2643558	12933	1
2256	132	Picture	21	2648695	0	2	4145	3	0	4000	hit	273
2256	132	Response	1	2653157	4462	2
2256	132	Pulse	5	2663557	14862	2
2256	133	Picture	20	2666766	0	1	4145	2	0	4000	other	0
2256	133	Pulse	5	2683557	16791	1
2256	134	Picture	20	2684836	0	2	4145	3	0	4000	other	0
2256	135	Picture	21	2702907	0	1	4145	2	0	4000	hit	280
2256	135	Pulse	5	2703546	639	2
2256	135	Response	1	2706586	3679	1
2256	136	Picture	20	2720978	0	1	4144	2	0	4000	other	0
2256	136	Pulse	5	2723545	2567	2
2256	137	Picture	20	2739048	0	1	4145	2	0	4000	other	0
2256	137	Pulse	5	2743544	4496	3
