Scenario - 1-back
Logfile written - 01/22/2015 12:29:30

Subject	Trial	Event Type	Code	Time	TTime	Uncertainty	Duration	Uncertainty	ReqTime	ReqDur	Stim Type	Pair Index

2256	1	Pulse	5	172491	182325	1
2256	2	Pulse	5	192490	19961	2
2256	3	Picture	10	197562	0	1	4145	2	0	4000	other	0
2256	3	Pulse	5	212479	14917	2
2256	4	Picture	10	215633	0	1	4144	3	0	4000	other	0
2256	4	Pulse	5	232479	16846	2
2256	5	Picture	11	233703	0	2	4145	3	0	4000	hit	8
2256	5	Response	1	237119	3416	1
2256	6	Picture	10	251774	0	1	4145	2	0	4000	other	0
2256	6	Pulse	5	252478	704	2
2256	7	Picture	11	269845	0	1	4144	2	0	4000	hit	13
2256	7	Pulse	5	272468	2623	1
2256	7	Response	1	274227	4382	4
2256	8	Picture	10	287915	0	1	4145	2	0	4000	other	0
2256	8	Pulse	5	292467	4552	2
2256	9	Picture	10	305986	0	1	4144	3	0	4000	other	0
2256	9	Pulse	5	312466	6480	2
2256	10	Picture	10	324056	0	2	4145	3	0	4000	other	0
2256	10	Pulse	5	332455	8399	3
2256	11	Picture	11	342127	0	1	4145	2	0	4000	hit	21
2256	11	Response	1	345895	3768	2
2256	11	Pulse	5	352454	10327	3
2256	12	Picture	10	360197	0	2	4145	3	0	4000	other	0
2256	12	Pulse	5	372453	12256	4
2256	13	Picture	10	378268	0	1	4145	2	0	4000	other	0
2256	13	Pulse	5	392444	14176	2
2256	14	Picture	11	396339	0	1	4144	2	0	4000	hit	28
2256	14	Response	1	399963	3624	2
2256	14	Pulse	5	412443	16104	2
2256	15	Picture	10	414409	0	1	4145	2	0	4000	other	0
2256	15	Pulse	5	432442	18033	2
2256	16	Picture	10	432480	0	1	4144	3	0	4000	other	0
2256	17	Picture	10	450550	0	2	4145	3	0	4000	other	0
2256	17	Pulse	5	452591	2041	4
2256	18	Picture	10	468621	0	1	4145	2	0	4000	other	0
2256	18	Pulse	5	472590	3969	4
2256	19	Pulse	5	492590	5898	4
2256	20	Picture	20	511725	0	1	4145	2	0	4000	other	0
2256	20	Pulse	5	512580	855	2
2256	21	Picture	20	529796	0	1	4144	3	0	4000	other	0
2256	21	Pulse	5	532579	2783	3
2256	22	Picture	21	547866	0	1	4145	2	0	4000	hit	43
2256	22	Response	1	551779	3913	2
2256	22	Pulse	5	552579	4713	2
2256	23	Picture	20	565937	0	1	4144	3	0	4000	other	0
2256	23	Pulse	5	572568	6631	2
2256	24	Picture	20	584007	0	2	4145	3	0	4000	other	0
2256	24	Pulse	5	592567	8560	3
2256	25	Picture	20	602078	0	1	4145	2	0	4000	other	0
2256	25	Pulse	5	612567	10489	2
2256	26	Picture	21	620149	0	1	4144	2	0	4000	hit	52
2256	26	Response	1	623926	3777	2
2256	26	Pulse	5	632556	12407	2
2256	27	Picture	20	638219	0	1	4145	2	0	4000	other	0
2256	27	Pulse	5	652556	14337	1
2256	28	Picture	20	656290	0	1	4144	3	0	4000	other	0
2256	28	Pulse	5	672555	16265	2
2256	29	Picture	20	674360	0	2	4145	4	0	4000	other	0
2256	30	Picture	20	692431	0	1	4145	2	0	4000	other	0
2256	30	Pulse	5	692544	113	2
2256	31	Picture	20	710501	0	2	4145	3	0	4000	other	0
2256	31	Pulse	5	712544	2043	2
2256	32	Picture	21	728572	0	1	4145	2	0	4000	hit	65
2256	32	Pulse	5	732543	3971	2
2256	32	Response	1	734623	6051	2
2256	33	Picture	20	746643	0	1	4144	2	0	4000	other	0
2256	33	Pulse	5	752532	5889	2
2256	34	Picture	20	764713	0	1	4145	2	0	4000	other	0
2256	34	Pulse	5	772533	7820	1
2256	35	Picture	21	782784	0	1	4144	3	0	4000	hit	71
2256	35	Response	1	788691	5907	2
2256	35	Pulse	5	792531	9747	2
2256	36	Pulse	5	812521	11667	2
2256	37	Picture	10	825888	0	1	4145	2	0	4000	other	0
2256	37	Pulse	5	832520	6632	2
2256	38	Picture	10	843959	0	1	4144	2	0	4000	other	0
2256	38	Pulse	5	852519	8560	2
2256	39	Picture	11	862029	0	1	4145	2	0	4000	hit	79
2256	39	Response	1	866588	4559	3
2256	39	Pulse	5	872509	10480	2
2256	40	Picture	10	880100	0	1	4144	3	0	4000	other	0
2256	40	Pulse	5	892508	12408	2
2256	41	Picture	11	898170	0	1	4145	2	0	4000	hit	84
2256	41	Response	1	902268	4098	2
2256	41	Pulse	5	912507	14337	2
2256	42	Picture	10	916241	0	1	4145	2	0	4000	other	0
2256	42	Pulse	5	932497	16256	2
2256	43	Picture	10	934311	0	2	4145	3	0	4000	other	0
2256	44	Picture	10	952382	0	1	4145	2	0	4000	other	0
2256	44	Pulse	5	952496	114	3
2256	45	Picture	11	970453	0	1	4144	2	0	4000	hit	93
2256	45	Pulse	5	972495	2042	3
2256	45	Response	1	973935	3482	3
2256	46	Picture	10	988523	0	1	4145	2	0	4000	other	0
2256	46	Pulse	5	992485	3962	2
2256	47	Picture	10	1006594	0	1	4144	3	0	4000	other	0
2256	47	Pulse	5	1012484	5890	2
2256	48	Picture	11	1024664	0	2	4145	3	0	4000	hit	99
2256	48	Response	1	1029124	4460	2
2256	48	Pulse	5	1032484	7820	1
2256	49	Picture	10	1042735	0	1	4145	2	0	4000	other	0
2256	49	Pulse	5	1052473	9738	2
2256	50	Picture	10	1060806	0	1	4144	2	0	4000	other	0
2256	50	Pulse	5	1072472	11666	2
2256	51	Picture	10	1078876	0	1	4145	2	0	4000	other	0
2256	51	Pulse	5	1092472	13596	2
2256	52	Picture	10	1096947	0	1	4144	3	0	4000	other	0
2256	52	Pulse	5	1112461	15514	2
2256	53	Pulse	5	1132461	17444	1
2256	54	Picture	30	1140051	0	1	4144	3	0	4000	other	0
2256	54	Pulse	5	1152460	12409	2
2256	55	Picture	30	1158121	0	2	4145	3	0	4000	other	0
2256	55	Pulse	5	1172449	14328	2
2256	56	Picture	31	1176192	0	1	4145	2	0	4000	hit	115
2256	56	Response	1	1188769	12577	2
2256	56	Pulse	5	1192449	16257	1
2256	57	Picture	30	1194263	0	1	4144	2	0	4000	other	0
2256	58	Picture	30	1212333	0	1	4145	2	0	4000	other	0
2256	58	Pulse	5	1212448	115	2
2256	59	Picture	30	1230404	0	1	4144	3	0	4000	other	0
2256	59	Pulse	5	1232437	2033	2
2256	60	Picture	31	1248474	0	2	4145	3	0	4000	hit	124
2256	60	Pulse	5	1252437	3963	2
2256	60	Response	1	1252597	4123	2
2256	61	Picture	31	1266545	0	1	4145	2	0	4000	miss	0
2256	61	Pulse	5	1272436	5891	2
2256	62	Picture	30	1284616	0	1	4144	2	0	4000	other	0
2256	62	Pulse	5	1292426	7810	1
2256	63	Picture	30	1302686	0	1	4145	2	0	4000	other	0
2256	63	Pulse	5	1312425	9739	2
2256	64	Picture	30	1320757	0	1	4144	3	0	4000	other	0
2256	64	Pulse	5	1332424	11667	2
2256	65	Picture	31	1338827	0	2	4145	3	0	4000	hit	134
2256	65	Response	1	1343943	5116	3
2256	65	Pulse	5	1352414	13587	1
2256	66	Picture	30	1356898	0	1	4145	2	0	4000	other	0
2256	66	Pulse	5	1372413	15515	2
2256	67	Picture	30	1374968	0	2	4145	3	0	4000	other	0
2256	67	Pulse	5	1392412	17444	2
2256	68	Picture	30	1393039	0	1	4145	2	0	4000	other	0
2256	69	Picture	30	1411110	0	1	4144	2	0	4000	other	0
2256	69	Pulse	5	1412401	1291	4
2256	70	Pulse	5	1432400	3220	4
2256	70	Pulse	5	1452399	23219	4
2256	71	Picture	10	1454214	0	1	4144	3	0	4000	other	0
2256	72	Picture	10	1472284	0	2	4145	3	0	4000	other	0
2256	72	Pulse	5	1472390	106	2
2256	73	Picture	11	1490355	0	1	4144	3	0	4000	hit	150
2256	73	Pulse	5	1492549	2194	2
2256	73	Response	1	1494469	4114	2
2256	74	Picture	10	1508426	0	1	4144	2	0	4000	other	0
2256	74	Pulse	5	1512549	4123	1
2256	75	Picture	11	1526496	0	1	4145	2	0	4000	hit	154
2256	75	Response	1	1531098	4602	2
2256	75	Pulse	5	1532537	6041	3
2256	76	Picture	10	1544567	0	1	4144	2	0	4000	other	0
2256	76	Pulse	5	1552536	7969	4
2256	77	Picture	10	1562637	0	2	4145	3	0	4000	other	0
2256	77	Pulse	5	1572536	9899	3
2256	78	Picture	11	1580708	0	1	4144	3	0	4000	hit	161
2256	78	Response	1	1584856	4148	3
2256	78	Pulse	5	1592527	11819	1
2256	79	Picture	10	1598778	0	2	4145	3	0	4000	other	0
2256	79	Pulse	5	1612525	13747	3
2256	80	Picture	10	1616849	0	1	4145	2	0	4000	other	0
2256	80	Pulse	5	1632525	15676	2
2256	81	Picture	10	1634920	0	1	4144	2	0	4000	other	0
2256	81	Pulse	5	1652515	17595	1
2256	82	Picture	10	1652990	0	1	4145	2	0	4000	other	0
2256	83	Picture	10	1671061	0	1	4144	3	0	4000	other	0
2256	83	Pulse	5	1672514	1453	1
2256	84	Picture	11	1689131	0	1	4145	2	0	4000	hit	174
2256	84	Pulse	5	1692513	3382	2
2256	84	Response	1	1693473	4342	2
2256	85	Picture	10	1707202	0	1	4145	2	0	4000	other	0
2256	85	Pulse	5	1712502	5300	2
2256	86	Picture	10	1725272	0	2	4145	3	0	4000	other	0
2256	86	Pulse	5	1732502	7230	2
2256	87	Pulse	5	1752501	9158	2
2256	88	Picture	20	1768377	0	1	4144	3	0	4000	other	0
2256	88	Pulse	5	1772490	4113	2
2256	89	Picture	20	1786447	0	1	4145	2	0	4000	other	0
2256	89	Pulse	5	1792490	6043	2
2256	90	Picture	20	1804518	0	1	4144	3	0	4000	other	0
2256	90	Pulse	5	1812489	7971	2
2256	91	Picture	21	1822588	0	2	4145	3	0	4000	hit	187
2256	91	Response	1	1826079	3491	2
2256	91	Pulse	5	1832479	9891	1
2256	92	Picture	20	1840659	0	1	4145	2	0	4000	other	0
2256	92	Pulse	5	1852478	11819	2
2256	93	Picture	20	1858729	0	2	4145	3	0	4000	other	0
2256	93	Pulse	5	1872477	13748	2
2256	94	Picture	21	1876800	0	1	4145	2	0	4000	hit	194
2256	94	Response	1	1880477	3677	2
2256	94	Pulse	5	1892467	15667	2
2256	95	Picture	20	1894871	0	1	4144	3	0	4000	other	0
2256	95	Pulse	5	1912466	17595	2
2256	96	Picture	20	1912941	0	1	4145	2	0	4000	other	0
2256	97	Picture	20	1931012	0	1	4145	2	0	4000	other	0
2256	97	Pulse	5	1932465	1453	3
2256	98	Picture	21	1949083	0	1	4144	2	0	4000	hit	203
2256	98	Pulse	5	1952455	3372	2
2256	98	Response	1	1953415	4332	2
2256	99	Picture	20	1967153	0	1	4145	2	0	4000	other	0
2256	99	Pulse	5	1972454	5301	2
2256	100	Picture	20	1985224	0	1	4144	3	0	4000	other	0
2256	100	Pulse	5	1992454	7230	1
2256	101	Picture	21	2003294	0	1	4145	2	0	4000	hit	209
2256	101	Response	1	2007483	4189	2
2256	101	Pulse	5	2012443	9149	2
2256	102	Picture	20	2021365	0	1	4144	3	0	4000	other	0
2256	102	Pulse	5	2032442	11077	2
2256	103	Picture	20	2039435	0	2	4145	3	0	4000	other	0
2256	103	Pulse	5	2052442	13007	2
2256	104	Pulse	5	2072431	14925	2
2256	105	Picture	10	2082540	0	1	4144	2	0	4000	other	0
2256	105	Pulse	5	2092430	9890	2
2256	106	Picture	10	2100610	0	1	4145	2	0	4000	other	0
2256	106	Pulse	5	2112430	11820	2
2256	107	Picture	11	2118681	0	1	4144	3	0	4000	hit	221
2256	107	Response	1	2123470	4789	1
2256	107	Pulse	5	2132419	13738	2
2256	108	Picture	10	2136751	0	1	4145	2	0	4000	other	0
2256	108	Pulse	5	2152419	15668	1
2256	109	Picture	11	2154822	0	1	4145	2	0	4000	hit	226
2256	109	Response	1	2158818	3996	2
2256	109	Pulse	5	2172418	17596	2
2256	110	Picture	10	2172892	0	2	4145	3	0	4000	other	0
2256	111	Picture	10	2190963	0	1	4145	2	0	4000	other	0
2256	111	Pulse	5	2192407	1444	2
2256	112	Picture	11	2209034	0	1	4144	2	0	4000	hit	233
2256	112	Pulse	5	2212407	3373	2
2256	112	Response	1	2213367	4333	2
2256	113	Picture	10	2227104	0	1	4145	2	0	4000	other	0
2256	113	Pulse	5	2232406	5302	2
2256	114	Picture	10	2245175	0	1	4144	3	0	4000	other	0
2256	114	Pulse	5	2252395	7220	2
2256	115	Picture	10	2263245	0	2	4145	3	0	4000	other	0
2256	115	Pulse	5	2272395	9150	2
2256	116	Picture	10	2281316	0	1	4145	2	0	4000	other	0
2256	116	Pulse	5	2292394	11078	2
2256	117	Picture	10	2299386	0	2	4145	3	0	4000	other	0
2256	117	Pulse	5	2312384	12998	1
2256	118	Picture	11	2317457	0	1	4145	2	0	4000	hit	245
2256	118	Response	1	2321502	4045	4
2256	118	Pulse	5	2332383	14926	2
2256	119	Picture	10	2335528	0	1	4144	3	0	4000	other	0
2256	119	Pulse	5	2352382	16854	2
2256	120	Picture	10	2353598	0	1	4145	2	0	4000	other	0
2256	121	Pulse	5	2372372	703	3
2256	121	Pulse	5	2392367	20698	15
2256	122	Picture	30	2396702	0	2	4145	3	0	4000	other	0
2256	122	Pulse	5	2412370	15668	3
2256	123	Picture	30	2414773	0	1	4145	2	0	4000	other	0
2256	123	Pulse	5	2432359	17586	3
2256	124	Picture	30	2432844	0	1	4144	2	0	4000	other	0
2256	125	Picture	31	2450914	0	1	4145	2	0	4000	hit	259
2256	125	Pulse	5	2452358	1444	4
2256	125	Response	1	2454279	3365	2
2256	126	Picture	31	2468985	0	1	4144	3	0	4000	miss	0
2256	126	Pulse	5	2472358	3373	3
2256	127	Picture	30	2487055	0	2	4145	3	0	4000	other	0
2256	127	Pulse	5	2492348	5293	2
2256	128	Picture	30	2505126	0	1	4145	2	0	4000	other	0
2256	128	Pulse	5	2512347	7221	2
2256	129	Picture	30	2523196	0	2	4145	3	0	4000	other	0
2256	129	Pulse	5	2532506	9310	3
2256	130	Picture	31	2541267	0	1	4145	2	0	4000	hit	269
2256	130	Response	1	2547216	5949	2
2256	130	Pulse	5	2552496	11229	2
2256	131	Picture	30	2559338	0	1	4144	3	0	4000	other	0
2256	131	Pulse	5	2572495	13157	3
2256	132	Picture	30	2577408	0	1	4145	2	0	4000	other	0
2256	132	Pulse	5	2592494	15086	4
2256	133	Picture	30	2595479	0	1	4145	2	0	4000	other	0
2256	133	Pulse	5	2612484	17005	2
2256	134	Picture	30	2613549	0	2	4145	3	0	4000	other	0
2256	135	Picture	31	2631620	0	1	4145	2	0	4000	hit	280
2256	135	Pulse	5	2632484	864	2
2256	135	Response	1	2635523	3903	2
2256	136	Picture	30	2649691	0	1	4144	2	0	4000	other	0
2256	136	Pulse	5	2652483	2792	2
2256	137	Picture	30	2667761	0	1	4145	2	0	4000	other	0
2256	137	Pulse	5	2672472	4711	2
