Scenario - 1-back
Logfile written - 01/22/2015 12:20:19

Subject	Trial	Event Type	Code	Time	TTime	Uncertainty	Duration	Uncertainty	ReqTime	ReqDur	Stim Type	Pair Index

2256	1	Pulse	5	136059	145894	2
2256	2	Pulse	5	156059	19837	1
2256	3	Picture	10	161421	0	1	4145	2	0	4000	other	0
2256	3	Pulse	5	176048	14627	2
2256	4	Picture	10	179491	0	2	4145	3	0	4000	other	0
2256	4	Pulse	5	196047	16556	2
2256	5	Picture	11	197562	0	1	4145	2	0	4000	hit	8
2256	5	Response	1	201647	4085	2
2256	6	Picture	10	215633	0	1	4144	2	0	4000	other	0
2256	6	Pulse	5	216047	414	2
2256	7	Picture	11	233703	0	1	4145	2	0	4000	hit	13
2256	7	Pulse	5	236036	2333	2
2256	7	Response	1	237156	3453	2
2256	8	Picture	10	251774	0	1	4144	3	0	4000	other	0
2256	8	Pulse	5	256035	4261	2
2256	9	Picture	10	269844	0	2	4145	3	0	4000	other	0
2256	9	Pulse	5	276035	6191	2
2256	10	Picture	10	287914	0	2	4145	4	0	4000	other	0
2256	10	Pulse	5	296024	8110	2
2256	11	Picture	11	305985	0	2	4145	3	0	4000	hit	21
2256	11	Response	1	310424	4439	2
2256	11	Pulse	5	316024	10039	1
2256	12	Picture	10	324056	0	1	4145	2	0	4000	other	0
2256	12	Pulse	5	336023	11967	2
2256	13	Picture	10	342127	0	1	4144	2	0	4000	other	0
2256	13	Pulse	5	356012	13885	2
2256	14	Picture	11	360197	0	1	4145	2	0	4000	hit	28
2256	14	Response	1	363852	3655	2
2256	14	Pulse	5	376012	15815	1
2256	15	Picture	10	378268	0	1	4144	3	0	4000	other	0
2256	15	Pulse	5	396011	17743	2
2256	16	Picture	10	396338	0	1	4145	2	0	4000	other	0
2256	17	Picture	10	414409	0	1	4145	2	0	4000	other	0
2256	17	Pulse	5	416000	1591	2
2256	18	Picture	10	432479	0	2	4145	3	0	4000	other	0
2256	18	Pulse	5	436000	3521	2
2256	19	Pulse	5	455999	5450	2
2256	20	Picture	20	475584	0	1	4144	2	0	4000	other	0
2256	20	Pulse	5	475988	404	3
2256	21	Picture	20	493654	0	1	4145	2	0	4000	other	0
2256	21	Pulse	5	495988	2334	2
2256	22	Picture	21	511725	0	1	4144	2	0	4000	hit	44
2256	22	Pulse	5	515987	4262	3
2256	22	Response	1	521097	9372	2
2256	23	Picture	20	529795	0	1	4145	2	0	4000	other	0
2256	23	Pulse	5	535977	6182	2
2256	24	Picture	20	547866	0	1	4144	3	0	4000	other	0
2256	24	Pulse	5	555976	8110	2
2256	25	Picture	20	565936	0	2	4145	3	0	4000	other	0
2256	25	Pulse	5	575975	10039	2
2256	26	Picture	21	584007	0	1	4144	3	0	4000	hit	52
2256	26	Response	1	587965	3958	2
2256	26	Pulse	5	595965	11958	2
2256	27	Picture	20	602077	0	2	4145	3	0	4000	other	0
2256	27	Pulse	5	615964	13887	2
2256	28	Picture	20	620148	0	1	4145	2	0	4000	other	0
2256	28	Pulse	5	635964	15816	1
2256	29	Picture	20	638219	0	1	4144	4	0	4000	other	0
2256	29	Pulse	5	655953	17734	2
2256	30	Picture	20	656289	0	1	4145	2	0	4000	other	0
2256	31	Picture	20	674360	0	1	4144	3	0	4000	false_alarm	63
2256	31	Pulse	5	675952	1592	2
2256	31	Response	1	681552	7192	2
2256	32	Picture	21	692430	0	1	4145	2	0	4000	miss	0
2256	32	Pulse	5	695952	3522	2
2256	33	Picture	20	710501	0	1	4145	2	0	4000	other	0
2256	33	Pulse	5	715941	5440	2
2256	34	Picture	20	728571	0	2	4145	3	0	4000	other	0
2256	34	Pulse	5	735940	7369	2
2256	35	Picture	21	746642	0	1	4145	2	0	4000	hit	71
2256	35	Response	1	751140	4498	2
2256	35	Pulse	5	755940	9298	2
2256	36	Pulse	5	775929	11216	2
2256	37	Picture	10	789746	0	1	4145	2	0	4000	other	0
2256	37	Pulse	5	795929	6183	1
2256	38	Picture	10	807817	0	1	4144	3	0	4000	other	0
2256	38	Pulse	5	815928	8111	2
2256	39	Picture	11	825887	0	1	4145	2	0	4000	hit	79
2256	39	Response	1	829518	3631	1
2256	39	Pulse	5	835917	10030	2
2256	40	Picture	10	843958	0	1	4144	3	0	4000	other	0
2256	40	Pulse	5	855917	11959	1
2256	41	Picture	11	862029	0	1	4144	2	0	4000	hit	84
2256	41	Response	1	866636	4607	2
2256	41	Pulse	5	875916	13887	2
2256	42	Picture	10	880099	0	1	4145	2	0	4000	other	0
2256	42	Pulse	5	895906	15807	1
2256	43	Picture	10	898170	0	1	4144	2	0	4000	other	0
2256	43	Pulse	5	915905	17735	2
2256	44	Picture	10	916240	0	1	4145	2	0	4000	other	0
2256	45	Picture	11	934311	0	1	4144	3	0	4000	hit	93
2256	45	Pulse	5	935904	1593	2
2256	45	Response	1	938464	4153	2
2256	46	Picture	10	952381	0	1	4145	2	0	4000	other	0
2256	46	Pulse	5	955892	3511	4
2256	47	Picture	10	970452	0	1	4144	3	0	4000	other	0
2256	47	Pulse	5	975892	5440	3
2256	48	Picture	11	988522	0	2	4145	3	0	4000	hit	99
2256	48	Response	1	993172	4650	3
2256	48	Pulse	5	995891	7369	4
2256	49	Picture	10	1006593	0	1	4144	3	0	4000	other	0
2256	49	Pulse	5	1015882	9289	1
2256	50	Picture	10	1024664	0	1	4144	2	0	4000	other	0
2256	50	Pulse	5	1035881	11217	2
2256	51	Picture	10	1042734	0	1	4145	2	0	4000	other	0
2256	51	Pulse	5	1056040	13306	2
2256	52	Picture	10	1060805	0	1	4144	3	0	4000	other	0
2256	52	Pulse	5	1076029	15224	3
2256	53	Pulse	5	1096028	17153	3
2256	54	Picture	30	1103909	0	1	4144	3	0	4000	other	0
2256	54	Pulse	5	1116027	12118	3
2256	55	Picture	30	1121979	0	2	4145	3	0	4000	other	0
2256	55	Pulse	5	1136018	14039	2
2256	56	Picture	31	1140050	0	1	4145	2	0	4000	miss	0
2256	56	Pulse	5	1156017	15967	2
2256	57	Picture	30	1158121	0	1	4144	2	0	4000	other	0
2256	57	Pulse	5	1176017	17896	1
2256	58	Picture	30	1176191	0	1	4145	2	0	4000	other	0
2256	59	Picture	30	1194262	0	1	4144	3	0	4000	other	0
2256	59	Pulse	5	1196006	1744	2
2256	60	Picture	31	1212332	0	1	4145	2	0	4000	miss	0
2256	60	Pulse	5	1216005	3673	2
2256	61	Picture	31	1230403	0	1	4144	3	0	4000	hit	125
2256	61	Pulse	5	1236005	5602	2
2256	61	Response	1	1239045	8642	1
2256	62	Picture	30	1248473	0	2	4145	3	0	4000	other	0
2256	62	Pulse	5	1255994	7521	2
2256	63	Picture	30	1266544	0	1	4145	2	0	4000	other	0
2256	63	Pulse	5	1275993	9449	2
2256	64	Picture	30	1284615	0	1	4144	2	0	4000	other	0
2256	64	Pulse	5	1295993	11378	2
2256	65	Picture	31	1302684	0	7	4136	25	0	4000	hit	133
2256	65	Response	1	1306847	4163	21
2256	65	Pulse	5	1315982	13298	2
2256	66	Picture	30	1320756	0	1	4144	3	0	4000	other	0
2256	66	Pulse	5	1335982	15226	1
2256	67	Picture	30	1338826	0	1	4145	2	0	4000	other	0
2256	67	Pulse	5	1355981	17155	2
2256	68	Picture	30	1356897	0	1	4144	3	0	4000	other	0
2256	69	Picture	30	1374967	0	2	4145	3	0	4000	other	0
2256	69	Pulse	5	1375970	1003	2
2256	70	Pulse	5	1395970	2932	2
2256	70	Pulse	5	1415969	22931	2
2256	71	Picture	10	1418072	0	1	4144	2	0	4000	other	0
2256	71	Pulse	5	1435958	17886	3
2256	72	Picture	10	1436142	0	1	4145	2	0	4000	other	0
2256	73	Picture	11	1454213	0	1	4144	2	0	4000	hit	149
2256	73	Pulse	5	1455958	1745	2
2256	73	Response	1	1457718	3505	2
2256	74	Picture	10	1472283	0	1	4145	2	0	4000	other	0
2256	74	Pulse	5	1475957	3674	3
2256	75	Picture	11	1490354	0	1	4144	3	0	4000	hit	153
2256	75	Response	1	1494667	4313	1
2256	75	Pulse	5	1495947	5593	1
2256	76	Picture	10	1508424	0	2	4145	3	0	4000	other	0
2256	76	Pulse	5	1515946	7522	2
2256	77	Picture	10	1526495	0	1	4145	2	0	4000	other	0
2256	77	Pulse	5	1535945	9450	2
2256	78	Picture	11	1544566	0	1	4144	2	0	4000	hit	160
2256	78	Response	1	1548895	4329	2
2256	78	Pulse	5	1555935	11369	2
2256	79	Picture	10	1562636	0	1	4145	2	0	4000	other	0
2256	79	Pulse	5	1575934	13298	2
2256	80	Picture	10	1580707	0	1	4119	28	0	4000	other	0
2256	80	Pulse	5	1595933	15226	2
2256	81	Picture	10	1598777	0	2	4145	3	0	4000	other	0
2256	81	Pulse	5	1615923	17146	2
2256	82	Picture	10	1616848	0	1	4144	3	0	4000	other	0
2256	83	Picture	10	1634918	0	2	4145	3	0	4000	other	0
2256	83	Pulse	5	1635922	1004	2
2256	84	Picture	11	1652989	0	1	4145	2	0	4000	hit	173
2256	84	Pulse	5	1655922	2933	1
2256	84	Response	1	1657522	4533	1
2256	85	Picture	10	1671060	0	1	4144	2	0	4000	other	0
2256	85	Pulse	5	1675911	4851	2
2256	86	Picture	10	1689130	0	1	4145	2	0	4000	other	0
2256	86	Pulse	5	1695910	6780	2
2256	87	Pulse	5	1715910	8709	2
2256	88	Picture	20	1732234	0	1	4145	3	0	4000	other	0
2256	88	Pulse	5	1735899	3665	2
2256	89	Picture	20	1750305	0	1	4145	2	0	4000	other	0
2256	89	Pulse	5	1755898	5593	2
2256	90	Picture	20	1768375	0	2	4145	3	0	4000	other	0
2256	90	Pulse	5	1775898	7523	2
2256	91	Picture	21	1786446	0	1	4145	2	0	4000	hit	187
2256	91	Pulse	5	1795887	9441	2
2256	91	Response	1	1796367	9921	2
2256	92	Picture	20	1804517	0	1	4144	2	0	4000	other	0
2256	92	Pulse	5	1815887	11370	1
2256	93	Picture	20	1822587	0	1	4145	2	0	4000	other	0
2256	93	Pulse	5	1835887	13300	1
2256	94	Picture	21	1840658	0	1	4144	3	0	4000	hit	193
2256	94	Response	1	1847716	7058	1
2256	94	Pulse	5	1855875	15217	2
2256	95	Picture	20	1858728	0	2	4145	3	0	4000	other	0
2256	95	Pulse	5	1875875	17147	2
2256	96	Picture	20	1876799	0	1	4144	3	0	4000	other	0
2256	97	Picture	20	1894869	0	2	4145	3	0	4000	other	0
2256	97	Pulse	5	1895874	1005	2
2256	98	Picture	21	1912940	0	1	4145	2	0	4000	hit	202
2256	98	Pulse	5	1915863	2923	3
2256	98	Response	1	1917143	4203	3
2256	99	Picture	20	1931011	0	1	4144	2	0	4000	other	0
2256	99	Pulse	5	1935863	4852	2
2256	100	Picture	20	1949081	0	1	4145	2	0	4000	other	0
2256	100	Pulse	5	1955862	6781	3
2256	101	Picture	21	1967152	0	1	4144	3	0	4000	hit	208
2256	101	Response	1	1972652	5500	1
2256	101	Pulse	5	1975851	8699	2
2256	102	Picture	20	1985222	0	2	4145	3	0	4000	other	0
2256	102	Pulse	5	1995850	10628	3
2256	103	Picture	20	2003293	0	1	4144	3	0	4000	other	0
2256	103	Pulse	5	2015849	12556	3
2256	104	Pulse	5	2035840	14477	2
2256	105	Picture	10	2046397	0	1	4145	2	0	4000	other	0
2256	105	Pulse	5	2055838	9441	3
2256	106	Picture	10	2064468	0	1	4144	2	0	4000	other	0
2256	106	Pulse	5	2075837	11369	3
2256	107	Picture	11	2082538	0	1	4145	2	0	4000	hit	220
2256	107	Response	1	2086238	3700	2
2256	107	Pulse	5	2095987	13449	3
2256	108	Picture	10	2100609	0	1	4144	3	0	4000	other	0
2256	108	Pulse	5	2115987	15378	2
2256	109	Picture	11	2118679	0	2	4145	3	0	4000	hit	225
2256	109	Response	1	2123347	4668	2
2256	109	Pulse	5	2135986	17307	2
2256	110	Picture	10	2136750	0	1	4144	3	0	4000	other	0
2256	111	Picture	10	2154805	0	18	4160	19	0	4000	other	0
2256	111	Pulse	5	2155976	1171	2
2256	112	Picture	11	2172891	0	1	4145	2	0	4000	hit	232
2256	112	Pulse	5	2175975	3084	2
2256	112	Response	1	2176935	4044	2
2256	113	Picture	10	2190962	0	1	4144	2	0	4000	other	0
2256	113	Pulse	5	2195975	5013	1
2256	114	Picture	10	2209032	0	1	4145	2	0	4000	other	0
2256	114	Pulse	5	2215965	6933	1
2256	115	Picture	10	2227103	0	1	4144	3	0	4000	other	0
2256	115	Pulse	5	2235963	8860	2
2256	116	Picture	10	2245339	0	1	4145	2	0	4000	other	0
2256	116	Pulse	5	2255963	10624	2
2256	117	Picture	10	2263410	0	1	4144	3	0	4000	other	0
2256	117	Pulse	5	2275952	12542	2
2256	118	Picture	11	2281480	0	1	4145	2	0	4000	hit	244
2256	118	Response	1	2286352	4872	2
2256	118	Pulse	5	2295952	14472	1
2256	119	Picture	10	2299551	0	1	4144	3	0	4000	other	0
2256	119	Pulse	5	2315951	16400	2
2256	120	Picture	10	2317621	0	2	4145	3	0	4000	other	0
2256	121	Pulse	5	2335940	248	2
2256	121	Pulse	5	2355940	20248	1
2256	122	Picture	30	2360726	0	1	4144	2	0	4000	other	0
2256	122	Pulse	5	2375939	15213	2
2256	123	Picture	30	2378796	0	1	4145	2	0	4000	other	0
2256	123	Pulse	5	2395928	17132	3
2256	124	Picture	30	2396867	0	1	4144	3	0	4000	other	0
2256	125	Picture	31	2414937	0	1	4145	2	0	4000	hit	258
2256	125	Pulse	5	2415928	991	2
2256	125	Response	1	2419608	4671	2
2256	126	Picture	31	2433008	0	1	4145	2	0	4000	miss	0
2256	126	Pulse	5	2435927	2919	3
2256	127	Picture	30	2451078	0	2	4145	3	0	4000	other	0
2256	127	Pulse	5	2455917	4839	1
2256	128	Picture	30	2469149	0	1	4145	2	0	4000	other	0
2256	128	Pulse	5	2475916	6767	2
2256	129	Picture	30	2487220	0	1	4144	2	0	4000	other	0
2256	129	Pulse	5	2495915	8695	2
2256	130	Picture	31	2505290	0	1	4145	2	0	4000	hit	268
2256	130	Response	1	2511905	6615	2
2256	130	Pulse	5	2515905	10615	1
2256	131	Picture	30	2523361	0	1	4144	3	0	4000	other	0
2256	131	Pulse	5	2535905	12544	1
2256	132	Picture	30	2541431	0	2	4145	3	0	4000	other	0
2256	132	Pulse	5	2555903	14472	2
2256	133	Picture	30	2559502	0	1	4145	2	0	4000	other	0
2256	133	Pulse	5	2575893	16391	2
2256	134	Picture	30	2577572	0	2	4145	3	0	4000	other	0
2256	135	Picture	31	2595643	0	1	4145	2	0	4000	hit	279
2256	135	Pulse	5	2595892	249	2
2256	135	Response	1	2601971	6328	3
2256	136	Picture	30	2613714	0	1	4144	3	0	4000	other	0
2256	136	Pulse	5	2615891	2177	3
2256	137	Picture	30	2631784	0	1	4140	18	0	4000	other	0
2256	137	Pulse	5	2635881	4097	3
