Scenario - 1-back
Logfile written - 01/22/2015 12:34:29

Subject	Trial	Event Type	Code	Time	TTime	Uncertainty	Duration	Uncertainty	ReqTime	ReqDur	Stim Type	Pair Index

2256	1	Pulse	5	447535	457369	2
2256	2	Pulse	5	467535	19969	2
2256	3	Picture	10	472600	0	1	4144	3	0	4000	other	0
2256	3	Pulse	5	487534	14934	2
2256	4	Picture	10	490670	0	2	4145	3	0	4000	other	0
2256	4	Pulse	5	507524	16854	2
2256	5	Picture	11	508741	0	1	4145	2	0	4000	hit	8
2256	5	Response	1	512163	3422	3
2256	6	Picture	10	526812	0	1	4144	2	0	4000	other	0
2256	6	Pulse	5	527523	711	2
2256	7	Picture	11	544882	0	1	4145	2	0	4000	hit	13
2256	7	Pulse	5	547522	2640	3
2256	7	Response	1	548962	4080	3
2256	8	Picture	10	562953	0	1	4144	2	0	4000	other	0
2256	8	Pulse	5	567512	4559	2
2256	9	Picture	10	581023	0	1	4145	2	0	4000	other	0
2256	9	Pulse	5	587511	6488	2
2256	10	Picture	10	599094	0	1	4144	3	0	4000	other	0
2256	10	Pulse	5	607510	8416	2
2256	11	Picture	11	617164	0	2	4145	3	0	4000	hit	21
2256	11	Response	1	620460	3296	2
2256	11	Pulse	5	627500	10336	2
2256	12	Picture	10	635235	0	1	4145	2	0	4000	other	0
2256	12	Pulse	5	647499	12264	2
2256	13	Picture	10	653306	0	1	4144	2	0	4000	other	0
2256	13	Pulse	5	667499	14193	1
2256	14	Picture	11	671376	0	1	4145	2	0	4000	hit	28
2256	14	Response	1	674368	2992	2
2256	14	Pulse	5	687488	16112	2
2256	15	Picture	10	689447	0	1	4144	3	0	4000	other	0
2256	15	Pulse	5	707487	18040	2
2256	16	Picture	10	707517	0	2	4145	3	0	4000	other	0
2256	17	Picture	10	725588	0	1	4145	2	0	4000	other	0
2256	17	Pulse	5	727487	1899	2
2256	18	Picture	10	743659	0	1	4144	2	0	4000	other	0
2256	18	Pulse	5	747476	3817	2
2256	19	Pulse	5	767475	5746	2
2256	20	Picture	30	786763	0	1	4144	3	0	4000	other	0
2256	20	Pulse	5	787475	712	2
2256	21	Picture	30	804833	0	2	4145	3	0	4000	other	0
2256	21	Pulse	5	807464	2631	2
2256	22	Picture	31	822904	0	1	4144	3	0	4000	hit	43
2256	22	Response	1	826344	3440	1
2256	22	Pulse	5	827464	4560	1
2256	23	Picture	30	840974	0	2	4145	3	0	4000	other	0
2256	23	Pulse	5	847463	6489	2
2256	24	Picture	30	859045	0	1	4145	2	0	4000	other	0
2256	24	Pulse	5	867452	8407	2
2256	25	Picture	30	877116	0	1	4144	2	0	4000	other	0
2256	25	Pulse	5	887452	10336	2
2256	26	Picture	31	895186	0	1	4145	2	0	4000	miss	0
2256	26	Pulse	5	907441	12255	2
2256	27	Picture	31	913257	0	1	4144	3	0	4000	hit	54
2256	27	Response	1	919601	6344	2
2256	27	Pulse	5	927440	14183	2
2256	28	Picture	30	931327	0	1	4145	2	0	4000	other	0
2256	28	Pulse	5	947440	16113	2
2256	29	Picture	30	949398	0	1	4144	3	0	4000	other	0
2256	29	Pulse	5	967439	18041	3
2256	30	Picture	30	967469	0	1	4144	2	0	4000	other	0
2256	31	Picture	31	985539	0	2	4145	3	0	4000	hit	63
2256	31	Pulse	5	987428	1889	4
2256	31	Response	1	992708	7169	3
2256	32	Picture	30	1003610	0	1	4144	3	0	4000	other	0
2256	32	Pulse	5	1007428	3818	3
2256	33	Picture	30	1021680	0	1	4145	2	0	4000	other	0
2256	33	Pulse	5	1027427	5747	3
2256	34	Picture	30	1039751	0	1	4145	2	0	4000	other	0
2256	34	Pulse	5	1047417	7666	2
2256	35	Picture	30	1057821	0	2	4145	3	0	4000	other	0
2256	35	Pulse	5	1067416	9595	2
2256	36	Pulse	5	1087415	11523	2
2256	37	Picture	10	1100926	0	1	4144	2	0	4000	other	0
2256	37	Pulse	5	1107405	6479	2
2256	38	Picture	10	1118996	0	1	4145	2	0	4000	other	0
2256	38	Pulse	5	1127404	8408	2
2256	39	Picture	11	1137067	0	1	4144	3	0	4000	hit	78
2256	39	Response	1	1141324	4257	2
2256	39	Pulse	5	1147404	10337	1
2256	40	Picture	10	1155137	0	2	4145	3	0	4000	other	0
2256	40	Pulse	5	1167393	12256	2
2256	41	Picture	11	1173208	0	1	4145	2	0	4000	hit	83
2256	41	Response	1	1177633	4425	1
2256	41	Pulse	5	1187392	14184	2
2256	42	Picture	10	1191278	0	2	4145	3	0	4000	other	0
2256	42	Pulse	5	1207392	16114	1
2256	43	Picture	10	1209349	0	1	4145	2	0	4000	other	0
2256	43	Pulse	5	1227381	18032	2
2256	44	Picture	10	1227420	0	1	4144	3	0	4000	other	0
2256	45	Picture	11	1245490	0	1	4145	2	0	4000	hit	92
2256	45	Pulse	5	1247380	1890	2
2256	45	Response	1	1249620	4130	2
2256	46	Picture	10	1263561	0	1	4144	3	0	4000	other	0
2256	46	Pulse	5	1267380	3819	2
2256	47	Picture	10	1281631	0	2	4145	3	0	4000	other	0
2256	47	Pulse	5	1287369	5738	2
2256	48	Picture	11	1299702	0	1	4145	2	0	4000	hit	98
2256	48	Response	1	1303689	3987	1
2256	48	Pulse	5	1307369	7667	1
2256	49	Picture	10	1317773	0	1	4144	2	0	4000	other	0
2256	49	Pulse	5	1327368	9595	2
2256	50	Picture	10	1335843	0	1	4145	2	0	4000	other	0
2256	50	Pulse	5	1347356	11513	4
2256	51	Picture	10	1353914	0	1	4144	3	0	4000	other	0
2256	51	Pulse	5	1367356	13442	3
2256	52	Picture	10	1371984	0	2	4145	3	0	4000	other	0
2256	52	Pulse	5	1387355	15371	4
2256	53	Pulse	5	1407345	17290	2
2256	54	Picture	20	1415088	0	2	4145	3	0	4000	other	0
2256	54	Pulse	5	1427505	12417	2
2256	55	Picture	20	1433159	0	1	4145	2	0	4000	other	0
2256	55	Pulse	5	1447504	14345	2
2256	56	Picture	21	1451230	0	1	4144	2	0	4000	hit	114
2256	56	Response	1	1454854	3624	2
2256	56	Pulse	5	1467492	16262	4
2256	57	Picture	20	1469300	0	1	4145	2	0	4000	other	0
2256	58	Picture	20	1487371	0	1	4144	3	0	4000	other	0
2256	58	Pulse	5	1487492	121	3
2256	59	Picture	20	1505441	0	2	4145	3	0	4000	other	0
2256	59	Pulse	5	1507491	2050	4
2256	60	Picture	21	1523512	0	1	4144	3	0	4000	hit	123
2256	60	Pulse	5	1527482	3970	1
2256	60	Response	1	1528122	4610	1
2256	61	Picture	20	1541582	0	2	4145	3	0	4000	other	0
2256	61	Pulse	5	1547481	5899	2
2256	62	Picture	20	1559653	0	1	4143	5	0	4000	other	0
2256	62	Pulse	5	1567480	7827	2
2256	63	Picture	20	1577724	0	1	4144	3	0	4000	other	0
2256	63	Pulse	5	1587470	9746	2
2256	64	Picture	20	1595794	0	1	4145	2	0	4000	other	0
2256	64	Pulse	5	1607469	11675	2
2256	65	Picture	20	1613865	0	1	4145	2	0	4000	false_alarm	133
2256	65	Response	1	1620589	6724	2
2256	65	Pulse	5	1627469	13604	1
2256	66	Picture	21	1631935	0	2	4145	3	0	4000	miss	0
2256	66	Pulse	5	1647458	15523	2
2256	67	Picture	20	1650006	0	1	4145	2	0	4000	other	0
2256	67	Pulse	5	1667457	17451	2
2256	68	Picture	20	1668077	0	1	4144	2	0	4000	other	0
2256	69	Picture	21	1686147	0	1	4145	2	0	4000	hit	142
2256	69	Pulse	5	1687457	1310	1
2256	69	Response	1	1689537	3390	1
2256	70	Pulse	5	1707447	3229	1
2256	70	Pulse	5	1727445	23227	2
2256	71	Picture	10	1729251	0	1	4145	2	0	4000	other	0
2256	72	Picture	10	1747322	0	1	4145	2	0	4000	other	0
2256	72	Pulse	5	1747445	123	2
2256	73	Picture	11	1765392	0	2	4145	3	0	4000	hit	150
2256	73	Pulse	5	1767434	2042	2
2256	73	Response	1	1769834	4442	2
2256	74	Picture	10	1783463	0	1	4145	2	0	4000	other	0
2256	74	Pulse	5	1787431	3968	5
2256	75	Picture	11	1801534	0	1	4144	2	0	4000	hit	154
2256	75	Response	1	1805673	4139	2
2256	75	Pulse	5	1807433	5899	2
2256	76	Picture	10	1819604	0	1	4145	2	0	4000	other	0
2256	76	Pulse	5	1827422	7818	2
2256	77	Picture	10	1837675	0	1	4144	3	0	4000	other	0
2256	77	Pulse	5	1847422	9747	1
2256	78	Picture	11	1855745	0	2	4145	3	0	4000	hit	161
2256	78	Response	1	1859901	4156	2
2256	78	Pulse	5	1867421	11676	2
2256	79	Picture	10	1873816	0	1	4145	2	0	4000	other	0
2256	79	Pulse	5	1887411	13595	1
2256	80	Picture	10	1891887	0	1	4144	2	0	4000	other	0
2256	80	Pulse	5	1907410	15523	2
2256	81	Picture	10	1909957	0	1	4145	2	0	4000	other	0
2256	81	Pulse	5	1927409	17452	2
2256	82	Picture	10	1928028	0	1	4144	3	0	4000	other	0
2256	83	Picture	10	1946098	0	2	4145	3	0	4000	other	0
2256	83	Pulse	5	1947398	1300	3
2256	84	Picture	11	1964169	0	1	4145	2	0	4000	hit	174
2256	84	Pulse	5	1967398	3229	2
2256	84	Response	1	1968998	4829	2
2256	85	Picture	10	1982240	0	1	4144	2	0	4000	other	0
2256	85	Pulse	5	1987387	5147	3
2256	86	Picture	10	2000310	0	1	4145	2	0	4000	other	0
2256	86	Pulse	5	2007387	7077	1
2256	87	Pulse	5	2027386	9005	2
2256	88	Picture	30	2043414	0	1	4145	2	0	4000	other	0
2256	88	Pulse	5	2047385	3971	3
2256	89	Picture	30	2061485	0	1	4144	3	0	4000	other	0
2256	89	Pulse	5	2067375	5890	2
2256	90	Picture	30	2079555	0	2	4145	3	0	4000	other	0
2256	90	Pulse	5	2087374	7819	3
2256	91	Picture	31	2097626	0	1	4145	2	0	4000	hit	187
2256	91	Response	1	2100974	3348	2
2256	91	Pulse	5	2107373	9747	2
2256	92	Picture	31	2115697	0	1	4144	2	0	4000	miss	0
2256	92	Pulse	5	2127363	11666	2
2256	93	Picture	30	2133767	0	1	4145	2	0	4000	other	0
2256	93	Pulse	5	2147362	13595	2
2256	94	Picture	30	2151838	0	1	4144	3	0	4000	other	0
2256	94	Pulse	5	2167362	15524	1
2256	95	Picture	30	2169908	0	2	4145	3	0	4000	other	0
2256	95	Pulse	5	2187351	17443	2
2256	96	Picture	31	2187979	0	1	4144	3	0	4000	hit	198
2256	96	Response	1	2191351	3372	2
2256	97	Picture	30	2206050	0	1	4144	2	0	4000	other	0
2256	97	Pulse	5	2207351	1301	1
2256	98	Picture	30	2224120	0	1	4145	2	0	4000	other	0
2256	98	Pulse	5	2227350	3230	2
2256	99	Picture	30	2242191	0	1	4144	2	0	4000	other	0
2256	99	Pulse	5	2247339	5148	2
2256	100	Picture	30	2260261	0	1	4145	2	0	4000	other	0
2256	100	Pulse	5	2267338	7077	2
2256	101	Picture	31	2278332	0	1	4144	3	0	4000	hit	208
2256	101	Response	1	2282858	4526	2
2256	101	Pulse	5	2287338	9006	2
2256	102	Picture	30	2296402	0	2	4145	3	0	4000	other	0
2256	102	Pulse	5	2307328	10926	1
2256	103	Picture	30	2314473	0	1	4145	2	0	4000	other	0
2256	103	Pulse	5	2327327	12854	1
2256	104	Pulse	5	2347326	14782	2
2256	105	Picture	10	2357577	0	1	4145	2	0	4000	other	0
2256	105	Pulse	5	2367314	9737	4
2256	106	Picture	10	2375648	0	1	4144	2	0	4000	other	0
2256	106	Pulse	5	2387314	11666	3
2256	107	Picture	11	2393718	0	1	4145	2	0	4000	hit	220
2256	107	Response	1	2397554	3836	2
2256	107	Pulse	5	2407313	13595	3
2256	108	Picture	10	2411789	0	1	4144	3	0	4000	other	0
2256	108	Pulse	5	2427303	15514	3
2256	109	Picture	11	2429859	0	2	4145	3	0	4000	hit	225
2256	109	Response	1	2434343	4484	3
2256	109	Pulse	5	2447303	17444	2
2256	110	Picture	10	2447930	0	1	4145	2	0	4000	other	0
2256	111	Picture	10	2466001	0	1	4144	2	0	4000	other	0
2256	111	Pulse	5	2467462	1461	3
2256	112	Picture	11	2484071	0	1	4145	2	0	4000	hit	232
2256	112	Pulse	5	2487451	3380	3
2256	112	Response	1	2488092	4021	1
2256	113	Picture	10	2502142	0	1	4144	3	0	4000	other	0
2256	113	Pulse	5	2507450	5308	3
2256	114	Picture	10	2520212	0	2	4145	3	0	4000	other	0
2256	114	Pulse	5	2527450	7238	2
2256	115	Picture	10	2538283	0	1	4145	2	0	4000	other	0
2256	115	Pulse	5	2547440	9157	2
2256	116	Picture	10	2556354	0	1	4144	2	0	4000	other	0
2256	116	Pulse	5	2567439	11085	2
2256	117	Picture	10	2574424	0	1	4145	2	0	4000	other	0
2256	117	Pulse	5	2587438	13014	2
2256	118	Picture	11	2592495	0	1	4144	2	0	4000	hit	244
2256	118	Response	1	2595908	3413	2
2256	118	Pulse	5	2607428	14933	2
2256	119	Picture	10	2610565	0	1	4145	2	0	4000	other	0
2256	119	Pulse	5	2627427	16862	2
2256	120	Picture	10	2628636	0	1	4145	2	0	4000	other	0
2256	121	Pulse	5	2647427	721	2
2256	121	Pulse	5	2667416	20710	2
2256	122	Picture	20	2671740	0	1	4145	2	0	4000	other	0
2256	122	Pulse	5	2687415	15675	2
2256	123	Picture	20	2689811	0	1	4144	2	0	4000	other	0
2256	123	Pulse	5	2707415	17604	1
2256	124	Picture	20	2707881	0	1	4145	2	0	4000	other	0
2256	125	Picture	21	2725952	0	1	4144	3	0	4000	hit	258
2256	125	Pulse	5	2727404	1452	2
2256	125	Response	1	2729644	3692	2
2256	126	Picture	20	2744022	0	2	4145	3	0	4000	other	0
2256	126	Pulse	5	2747403	3381	2
2256	127	Picture	20	2762093	0	2	4144	4	0	4000	other	0
2256	127	Pulse	5	2767403	5310	2
2256	128	Picture	21	2780163	0	2	4145	3	0	4000	hit	264
2256	128	Response	1	2783712	3549	2
2256	128	Pulse	5	2787392	7229	2
2256	129	Picture	20	2798234	0	1	4145	2	0	4000	other	0
2256	129	Pulse	5	2807392	9158	1
2256	130	Picture	20	2816305	0	1	4144	3	0	4000	other	0
2256	130	Pulse	5	2827391	11086	2
2256	131	Picture	20	2834375	0	1	4145	2	0	4000	other	0
2256	131	Pulse	5	2847380	13005	2
2256	132	Picture	21	2852446	0	1	4144	3	0	4000	hit	273
2256	132	Response	1	2856500	4054	2
2256	132	Pulse	5	2867380	14934	1
2256	133	Picture	20	2870516	0	2	4145	3	0	4000	other	0
2256	133	Pulse	5	2887379	16863	2
2256	134	Picture	20	2888587	0	1	4145	2	0	4000	other	0
2256	135	Picture	21	2906658	0	1	4144	2	0	4000	hit	280
2256	135	Pulse	5	2907368	710	3
2256	135	Response	1	2910088	3430	3
2256	136	Picture	20	2924728	0	2	4145	3	0	4000	other	0
2256	136	Pulse	5	2927368	2640	2
2256	137	Picture	20	2942799	0	1	4144	3	0	4000	other	0
2256	137	Pulse	5	2947367	4568	3
