Scenario - 1-back
Logfile written - 01/16/2015 15:17:43

Subject	Trial	Event Type	Code	Time	TTime	Uncertainty	Duration	Uncertainty	ReqTime	ReqDur	Stim Type	Pair Index

2264	1	Pulse	5	107850	117684	3
2264	2	Pulse	5	127840	19968	1
2264	3	Picture	10	132906	0	1	4144	3	0	4000	other	0
2264	3	Pulse	5	147839	14933	2
2264	4	Picture	10	150976	0	2	4145	3	0	4000	other	0
2264	4	Pulse	5	167998	17022	2
2264	5	Picture	11	169047	0	1	4145	2	0	4000	hit	8
2264	5	Response	1	172638	3591	2
2264	6	Picture	10	187118	0	1	4144	2	0	4000	other	0
2264	6	Pulse	5	187988	870	1
2264	7	Picture	11	205188	0	1	4145	2	0	4000	hit	13
2264	7	Pulse	5	207987	2799	2
2264	7	Response	1	208947	3759	2
2264	8	Picture	10	223259	0	1	4144	3	0	4000	other	0
2264	8	Pulse	5	227986	4727	2
2264	9	Picture	10	241329	0	2	4145	3	0	4000	other	0
2264	9	Pulse	5	247976	6647	2
2264	10	Picture	10	259400	0	1	4145	2	0	4000	other	0
2264	10	Pulse	5	267975	8575	2
2264	11	Picture	11	277471	0	1	4144	2	0	4000	hit	21
2264	11	Response	1	282855	5384	1
2264	11	Pulse	5	287975	10504	1
2264	12	Picture	10	295541	0	1	4145	2	0	4000	other	0
2264	12	Pulse	5	307964	12423	2
2264	13	Picture	10	313612	0	1	4143	4	0	4000	other	0
2264	13	Pulse	5	327963	14351	2
2264	14	Picture	11	331682	0	2	4145	3	0	4000	hit	28
2264	14	Response	1	336283	4601	2
2264	14	Pulse	5	347963	16281	1
2264	15	Picture	10	349753	0	1	4144	3	0	4000	other	0
2264	16	Picture	10	367823	0	2	4145	3	0	4000	other	0
2264	16	Pulse	5	367952	129	2
2264	17	Picture	10	385894	0	1	4145	2	0	4000	other	0
2264	17	Pulse	5	387951	2057	2
2264	18	Picture	10	403965	0	1	4144	2	0	4000	other	0
2264	18	Pulse	5	407951	3986	2
2264	19	Pulse	5	427940	5905	2
2264	20	Picture	20	447069	0	1	4144	3	0	4000	other	0
2264	20	Pulse	5	447939	870	2
2264	21	Picture	20	465139	0	2	4145	3	0	4000	other	0
2264	21	Pulse	5	467939	2800	2
2264	22	Picture	21	483210	0	1	4145	2	0	4000	hit	43
2264	22	Response	1	487608	4398	2
2264	22	Pulse	5	487928	4718	2
2264	23	Picture	20	501280	0	2	4145	3	0	4000	other	0
2264	23	Pulse	5	507928	6648	1
2264	24	Picture	20	519351	0	1	4145	2	0	4000	other	0
2264	24	Pulse	5	527927	8576	2
2264	25	Picture	20	537422	0	1	4144	2	0	4000	other	0
2264	25	Pulse	5	547916	10494	3
2264	26	Picture	21	555492	0	1	4145	2	0	4000	hit	52
2264	26	Response	1	559276	3784	2
2264	26	Pulse	5	567916	12424	2
2264	27	Picture	20	573563	0	1	4144	3	0	4000	other	0
2264	27	Pulse	5	587915	14352	2
2264	28	Picture	20	591633	0	2	4145	3	0	4000	other	0
2264	28	Pulse	5	607904	16271	3
2264	29	Picture	20	609704	0	1	4145	2	0	4000	other	0
2264	30	Picture	20	627774	0	2	4145	3	0	4000	other	0
2264	30	Pulse	5	627904	130	2
2264	31	Picture	20	645845	0	1	4145	2	0	4000	other	0
2264	31	Pulse	5	647903	2058	2
2264	32	Picture	21	663916	0	1	4144	3	0	4000	hit	65
2264	32	Pulse	5	667893	3977	1
2264	32	Response	1	672372	8456	3
2264	33	Picture	20	681986	0	2	4145	3	0	4000	other	0
2264	33	Pulse	5	687892	5906	2
2264	34	Picture	20	700057	0	1	4144	3	0	4000	other	0
2264	34	Pulse	5	707891	7834	2
2264	35	Picture	21	718127	0	2	4145	3	0	4000	hit	71
2264	35	Response	1	724201	6074	3
2264	35	Pulse	5	727881	9754	2
2264	36	Pulse	5	747880	11682	11
2264	37	Picture	10	761231	0	3	4145	4	0	4000	other	0
2264	37	Pulse	5	767879	6648	2
2264	38	Picture	10	779302	0	1	4145	2	0	4000	other	0
2264	38	Pulse	5	787869	8567	2
2264	39	Picture	11	797373	0	1	4144	3	0	4000	hit	79
2264	39	Response	1	801148	3775	2
2264	39	Pulse	5	807868	10495	2
2264	40	Picture	10	815443	0	2	4145	4	0	4000	other	0
2264	40	Pulse	5	827868	12425	1
2264	41	Picture	11	833513	0	3	4145	5	0	4000	hit	84
2264	41	Response	1	840027	6514	2
2264	41	Pulse	5	847857	14344	2
2264	42	Picture	10	851584	0	2	4145	3	0	4000	other	0
2264	42	Pulse	5	867856	16272	2
2264	43	Picture	10	869655	0	1	4145	2	0	4000	other	0
2264	44	Picture	10	887726	0	1	4144	4	0	4000	other	0
2264	44	Pulse	5	887856	130	2
2264	45	Picture	11	905796	0	1	4145	2	0	4000	hit	93
2264	45	Pulse	5	907845	2049	2
2264	45	Response	1	910245	4449	2
2264	46	Picture	10	923867	0	1	4144	3	0	4000	other	0
2264	46	Pulse	5	927844	3977	2
2264	47	Picture	10	941937	0	2	4145	3	0	4000	other	0
2264	47	Pulse	5	947844	5907	3
2264	48	Picture	11	960008	0	1	4145	2	0	4000	hit	99
2264	48	Response	1	966713	6705	2
2264	48	Pulse	5	967833	7825	2
2264	49	Picture	10	978079	0	1	4144	3	0	4000	other	0
2264	49	Pulse	5	987833	9754	1
2264	50	Picture	10	996149	0	1	4145	2	0	4000	other	0
2264	50	Pulse	5	1007832	11683	2
2264	51	Picture	10	1014220	0	1	4144	2	0	4000	other	0
2264	51	Pulse	5	1027821	13601	3
2264	52	Picture	10	1032290	0	1	4144	4	0	4000	other	0
2264	52	Pulse	5	1047821	15531	2
2264	53	Pulse	5	1067820	17459	2
2264	54	Picture	30	1075394	0	2	4145	3	0	4000	other	0
2264	54	Pulse	5	1087809	12415	2
2264	55	Picture	30	1093465	0	1	4145	2	0	4000	other	0
2264	55	Pulse	5	1107809	14344	2
2264	56	Picture	31	1111536	0	1	4144	2	0	4000	hit	115
2264	56	Response	1	1117089	5553	1
2264	56	Pulse	5	1127808	16272	2
2264	57	Picture	30	1129606	0	1	4145	2	0	4000	other	0
2264	58	Picture	30	1147677	0	1	4144	3	0	4000	other	0
2264	58	Pulse	5	1147798	121	1
2264	59	Picture	30	1165747	0	2	4145	3	0	4000	other	0
2264	59	Pulse	5	1167797	2050	2
2264	60	Picture	31	1183818	0	1	4144	3	0	4000	hit	124
2264	60	Pulse	5	1187796	3978	2
2264	60	Response	1	1192436	8618	2
2264	61	Picture	31	1201888	0	2	4145	3	0	4000	miss	0
2264	61	Pulse	5	1207946	6058	1
2264	62	Picture	30	1219959	0	1	4145	2	0	4000	false_alarm	128
2264	62	Response	1	1221385	1426	2
2264	62	Pulse	5	1227945	7986	2
2264	63	Picture	30	1238030	0	1	4144	2	0	4000	other	0
2264	63	Pulse	5	1247945	9915	1
2264	64	Picture	30	1256100	0	1	4145	2	0	4000	other	0
2264	64	Pulse	5	1267934	11834	2
2264	65	Picture	31	1274171	0	1	4144	3	0	4000	hit	135
2264	65	Response	1	1279133	4962	2
2264	65	Pulse	5	1287933	13762	2
2264	66	Picture	30	1292241	0	2	4145	3	0	4000	other	0
2264	66	Pulse	5	1307933	15692	1
2264	67	Picture	30	1310312	0	1	4145	2	0	4000	other	0
2264	67	Pulse	5	1327922	17610	2
2264	68	Picture	30	1328383	0	1	4144	2	0	4000	other	0
2264	69	Picture	30	1346453	0	1	4145	2	0	4000	other	0
2264	69	Pulse	5	1347921	1468	2
2264	70	Pulse	5	1367921	3397	2
2264	70	Pulse	5	1387910	23386	2
2264	71	Picture	10	1389557	0	1	4145	2	0	4000	other	0
2264	72	Picture	10	1407628	0	1	4144	3	0	4000	other	0
2264	72	Pulse	5	1407909	281	2
2264	73	Picture	11	1425698	0	2	4145	3	0	4000	hit	151
2264	73	Pulse	5	1427909	2211	2
2264	73	Response	1	1431109	5411	2
2264	74	Picture	10	1443769	0	1	4145	2	0	4000	other	0
2264	74	Pulse	5	1447898	4129	2
2264	75	Picture	11	1461840	0	1	4144	2	0	4000	hit	155
2264	75	Response	1	1465977	4137	3
2264	75	Pulse	5	1467898	6058	2
2264	76	Picture	10	1479910	0	1	4145	2	0	4000	other	0
2264	76	Pulse	5	1487897	7987	2
2264	77	Picture	10	1497981	0	1	4144	3	0	4000	other	0
2264	77	Pulse	5	1507886	9905	3
2264	78	Picture	11	1516051	0	1	4145	2	0	4000	hit	162
2264	78	Response	1	1519886	3835	2
2264	78	Pulse	5	1527886	11835	2
2264	79	Picture	10	1534122	0	1	4144	3	0	4000	other	0
2264	79	Pulse	5	1547885	13763	2
2264	80	Picture	10	1552192	0	2	4145	3	0	4000	other	0
2264	80	Pulse	5	1567874	15682	2
2264	81	Picture	10	1570263	0	1	4145	2	0	4000	other	0
2264	81	Pulse	5	1587874	17611	2
2264	82	Picture	10	1588334	0	1	4144	3	0	4000	other	0
2264	83	Picture	10	1606404	0	1	4145	2	0	4000	other	0
2264	83	Pulse	5	1607873	1469	2
2264	84	Picture	11	1624475	0	1	4144	3	0	4000	hit	175
2264	84	Pulse	5	1627863	3388	2
2264	84	Response	1	1629462	4987	3
2264	85	Picture	10	1642545	0	2	4145	3	0	4000	other	0
2264	85	Pulse	5	1647862	5317	3
2264	86	Picture	10	1660616	0	1	4145	2	0	4000	other	0
2264	86	Pulse	5	1667861	7245	3
2264	87	Pulse	5	1687851	9164	2
2264	88	Picture	20	1703720	0	2	4145	3	0	4000	other	0
2264	88	Pulse	5	1707850	4130	2
2264	89	Picture	20	1721791	0	1	4144	3	0	4000	other	0
2264	89	Pulse	5	1727849	6058	2
2264	90	Picture	20	1739861	0	1	4145	2	0	4000	other	0
2264	90	Pulse	5	1747839	7978	2
2264	91	Picture	21	1757932	0	1	4145	2	0	4000	hit	188
2264	91	Response	1	1763038	5106	2
2264	91	Pulse	5	1767838	9906	2
2264	92	Picture	20	1776002	0	2	4145	3	0	4000	other	0
2264	92	Pulse	5	1787837	11835	3
2264	93	Picture	20	1794073	0	1	4144	4	0	4000	other	0
2264	93	Pulse	5	1807826	13753	3
2264	94	Picture	21	1812143	0	2	4145	3	0	4000	hit	195
2264	94	Response	1	1816146	4003	4
2264	94	Pulse	5	1827826	15683	2
2264	95	Picture	20	1830214	0	1	4144	3	0	4000	other	0
2264	95	Pulse	5	1847826	17612	1
2264	96	Picture	20	1848285	0	1	4144	3	0	4000	other	0
2264	97	Picture	20	1866355	0	2	4145	3	0	4000	other	0
2264	97	Pulse	5	1867815	1460	2
2264	98	Picture	21	1884426	0	1	4144	3	0	4000	hit	204
2264	98	Pulse	5	1887814	3388	2
2264	98	Response	1	1891494	7068	2
2264	99	Picture	20	1902496	0	2	4145	3	0	4000	other	0
2264	99	Pulse	5	1907814	5318	2
2264	100	Picture	20	1920567	0	1	4145	2	0	4000	other	0
2264	100	Pulse	5	1927803	7236	2
2264	101	Picture	21	1938638	0	1	4144	2	0	4000	hit	210
2264	101	Response	1	1943003	4365	1
2264	101	Pulse	5	1947803	9165	1
2264	102	Picture	20	1956708	0	1	4145	2	0	4000	other	0
2264	102	Pulse	5	1967802	11094	2
2264	103	Picture	20	1974779	0	1	4144	3	0	4000	other	0
2264	103	Pulse	5	1987791	13012	3
2264	104	Pulse	5	2007791	14942	2
2264	105	Picture	10	2017883	0	1	4144	3	0	4000	other	0
2264	105	Pulse	5	2027790	9907	2
2264	106	Picture	10	2035953	0	2	4145	3	0	4000	other	0
2264	106	Pulse	5	2047779	11826	2
2264	107	Picture	11	2054024	0	1	4145	2	0	4000	hit	222
2264	107	Response	1	2057379	3355	2
2264	107	Pulse	5	2067779	13755	2
2264	108	Picture	10	2072095	0	1	4144	3	0	4000	other	0
2264	108	Pulse	5	2087778	15683	2
2264	109	Picture	11	2090165	0	1	4145	2	0	4000	hit	227
2264	109	Response	1	2094818	4653	2
2264	109	Pulse	5	2107768	17603	1
2264	110	Picture	10	2108236	0	1	4144	3	0	4000	other	0
2264	111	Picture	10	2126306	0	2	4145	3	0	4000	other	0
2264	111	Pulse	5	2127767	1461	2
2264	112	Picture	11	2144377	0	1	4145	2	0	4000	hit	234
2264	112	Pulse	5	2147766	3389	3
2264	112	Response	1	2151126	6749	2
2264	113	Picture	10	2162448	0	1	4144	2	0	4000	other	0
2264	113	Pulse	5	2167756	5308	2
2264	114	Picture	10	2180518	0	1	4145	2	0	4000	other	0
2264	114	Pulse	5	2187755	7237	2
2264	115	Picture	10	2198589	0	1	4144	3	0	4000	other	0
2264	115	Pulse	5	2207755	9166	1
2264	116	Picture	10	2216659	0	2	4145	3	0	4000	other	0
2264	116	Pulse	5	2227744	11085	2
2264	117	Picture	10	2234730	0	1	4145	2	0	4000	other	0
2264	117	Pulse	5	2247903	13173	2
2264	118	Picture	11	2252800	0	2	4145	3	0	4000	hit	246
2264	118	Response	1	2259423	6623	2
2264	118	Pulse	5	2267902	15102	2
2264	119	Picture	10	2270871	0	1	4145	2	0	4000	other	0
2264	119	Pulse	5	2287892	17021	2
2264	120	Picture	10	2288942	0	1	4144	2	0	4000	other	0
2264	121	Pulse	5	2307891	879	2
2264	121	Pulse	5	2327891	20879	2
2264	122	Picture	30	2332046	0	1	4144	3	0	4000	other	0
2264	122	Pulse	5	2347880	15834	2
2264	123	Picture	30	2350116	0	2	4145	3	0	4000	other	0
2264	123	Pulse	5	2367879	17763	2
2264	124	Picture	30	2368187	0	1	4145	2	0	4000	other	0
2264	125	Picture	31	2386258	0	1	4144	2	0	4000	hit	260
2264	125	Pulse	5	2387879	1621	2
2264	125	Response	1	2391079	4821	1
2264	126	Picture	31	2404328	0	1	4145	2	0	4000	hit	263
2264	126	Pulse	5	2407868	3540	3
2264	126	Response	1	2409148	4820	2
2264	127	Picture	30	2422399	0	2	4144	4	0	4000	other	0
2264	127	Pulse	5	2427867	5468	3
2264	128	Picture	30	2440469	0	2	4145	3	0	4000	other	0
2264	128	Pulse	5	2447866	7397	3
2264	129	Picture	30	2458540	0	1	4144	3	0	4000	other	0
2264	129	Pulse	5	2467856	9316	3
2264	130	Picture	31	2476610	0	2	4145	3	0	4000	hit	271
2264	130	Response	1	2483856	7246	2
2264	130	Pulse	5	2487856	11246	2
2264	131	Picture	30	2494681	0	1	4145	2	0	4000	other	0
2264	131	Pulse	5	2507855	13174	2
2264	132	Picture	30	2512752	0	1	4144	2	0	4000	false_alarm	276
2264	132	Response	1	2519215	6463	2
2264	132	Pulse	5	2527844	15092	2
2264	133	Picture	30	2530822	0	1	4145	2	0	4000	other	0
2264	133	Pulse	5	2547844	17022	2
2264	134	Picture	30	2548893	0	1	4144	3	0	4000	other	0
2264	135	Picture	31	2566963	0	2	4145	3	0	4000	hit	283
2264	135	Pulse	5	2567843	880	2
2264	135	Response	1	2575843	8880	2
2264	136	Picture	30	2585034	0	1	4145	2	0	4000	other	0
2264	136	Pulse	5	2587833	2799	1
2264	137	Picture	30	2603104	0	2	4145	3	0	4000	false_alarm	288
2264	137	Pulse	5	2607832	4728	2
2264	137	Response	1	2613592	10488	1
