Scenario - 1-back
Logfile written - 01/16/2015 15:12:58

Subject	Trial	Event Type	Code	Time	TTime	Uncertainty	Duration	Uncertainty	ReqTime	ReqDur	Stim Type	Pair Index

2264	1	Pulse	5	687920	697754	2
2264	2	Pulse	5	707919	19965	3
2264	3	Picture	10	712988	0	1	4145	2	0	4000	other	0
2264	3	Pulse	5	727919	14931	2
2264	4	Picture	10	731059	0	1	4144	2	0	4000	other	0
2264	4	Pulse	5	747908	16849	2
2264	5	Picture	11	749128	0	3	4146	4	0	4000	hit	8
2264	5	Response	1	752708	3580	2
2264	6	Picture	10	767200	0	1	4144	2	0	4000	other	0
2264	6	Pulse	5	767907	707	2
2264	7	Picture	11	785270	0	1	4145	2	0	4000	hit	13
2264	7	Pulse	5	787907	2637	2
2264	7	Response	1	790947	5677	1
2264	8	Picture	10	803341	0	1	4144	3	0	4000	other	0
2264	8	Pulse	5	808056	4715	2
2264	9	Picture	10	821411	0	1	4145	2	0	4000	other	0
2264	9	Pulse	5	828056	6645	1
2264	10	Picture	10	839482	0	1	4145	2	0	4000	other	0
2264	10	Pulse	5	848055	8573	2
2264	11	Picture	11	857552	0	2	4145	3	0	4000	hit	21
2264	11	Response	1	860844	3292	4
2264	11	Pulse	5	868045	10493	1
2264	12	Picture	10	875623	0	1	4145	2	0	4000	other	0
2264	12	Pulse	5	888044	12421	1
2264	13	Picture	10	893693	0	2	4145	3	0	4000	other	0
2264	13	Pulse	5	908043	14350	2
2264	14	Picture	11	911764	0	1	4145	2	0	4000	hit	28
2264	14	Response	1	916523	4759	2
2264	14	Pulse	5	928032	16268	2
2264	15	Picture	10	929835	0	1	4144	3	0	4000	other	0
2264	16	Picture	10	947905	0	2	4145	3	0	4000	other	0
2264	16	Pulse	5	948032	127	2
2264	17	Picture	10	965976	0	1	4145	2	0	4000	other	0
2264	17	Pulse	5	968031	2055	2
2264	18	Picture	10	984046	0	2	4145	3	0	4000	other	0
2264	18	Pulse	5	988020	3974	3
2264	19	Pulse	5	1008020	5903	2
2264	20	Picture	30	1027151	0	1	4144	3	0	4000	other	0
2264	20	Pulse	5	1028019	868	2
2264	21	Picture	30	1045221	0	2	4145	3	0	4000	other	0
2264	21	Pulse	5	1048009	2788	2
2264	22	Picture	31	1063292	0	1	4145	2	0	4000	hit	43
2264	22	Response	1	1067368	4076	2
2264	22	Pulse	5	1068008	4716	2
2264	23	Picture	30	1081362	0	2	4145	3	0	4000	other	0
2264	23	Pulse	5	1088008	6646	1
2264	24	Picture	30	1099433	0	1	4145	2	0	4000	other	0
2264	24	Pulse	5	1107997	8564	2
2264	25	Picture	30	1117504	0	1	4144	2	0	4000	other	0
2264	25	Pulse	5	1127996	10492	2
2264	26	Picture	31	1135574	0	1	4145	2	0	4000	hit	52
2264	26	Response	1	1141916	6342	2
2264	26	Pulse	5	1147995	12421	2
2264	27	Picture	31	1153645	0	1	4144	3	0	4000	miss	0
2264	27	Pulse	5	1167985	14340	2
2264	28	Picture	30	1171715	0	2	4145	3	0	4000	other	0
2264	28	Pulse	5	1187984	16269	3
2264	29	Picture	30	1189786	0	1	4145	2	0	4000	other	0
2264	30	Picture	30	1207856	0	2	4145	3	0	4000	other	0
2264	30	Pulse	5	1207984	128	2
2264	31	Picture	31	1225927	0	1	4145	2	0	4000	hit	63
2264	31	Pulse	5	1227973	2046	2
2264	31	Response	1	1231813	5886	2
2264	32	Picture	30	1243998	0	1	4144	4	0	4000	other	0
2264	32	Pulse	5	1247972	3974	2
2264	33	Picture	30	1262068	0	1	4145	2	0	4000	other	0
2264	33	Pulse	5	1267972	5904	2
2264	34	Picture	30	1280139	0	1	4144	3	0	4000	other	0
2264	34	Pulse	5	1287961	7822	2
2264	35	Picture	30	1298209	0	2	4145	3	0	4000	other	0
2264	35	Pulse	5	1307960	9751	2
2264	36	Pulse	5	1327960	11680	2
2264	37	Picture	10	1341313	0	2	4145	3	0	4000	other	0
2264	37	Pulse	5	1347949	6636	2
2264	38	Picture	10	1359384	0	1	4144	5	0	4000	other	0
2264	38	Pulse	5	1367942	8558	11
2264	39	Picture	11	1377455	0	1	4144	2	0	4000	hit	78
2264	39	Response	1	1381068	3613	2
2264	39	Pulse	5	1387948	10493	2
2264	40	Picture	10	1395525	0	1	4145	2	0	4000	other	0
2264	40	Pulse	5	1407937	12412	2
2264	41	Picture	11	1413596	0	1	4144	3	0	4000	hit	83
2264	41	Response	1	1419617	6021	2
2264	41	Pulse	5	1427937	14341	1
2264	42	Picture	10	1431666	0	2	4145	3	0	4000	other	0
2264	42	Pulse	5	1447936	16270	2
2264	43	Picture	10	1449736	0	2	4146	3	0	4000	other	0
2264	44	Picture	10	1467807	0	2	4145	3	0	4000	other	0
2264	44	Pulse	5	1467925	118	2
2264	45	Picture	11	1485878	0	1	4145	2	0	4000	hit	92
2264	45	Pulse	5	1487925	2047	2
2264	45	Response	1	1491285	5407	2
2264	46	Picture	10	1503949	0	1	4143	4	0	4000	other	0
2264	46	Pulse	5	1507924	3975	2
2264	47	Picture	10	1522019	0	1	4145	2	0	4000	other	0
2264	47	Pulse	5	1527914	5895	1
2264	48	Picture	11	1540090	0	1	4144	3	0	4000	hit	98
2264	48	Response	1	1544073	3983	2
2264	48	Pulse	5	1547913	7823	2
2264	49	Picture	10	1558160	0	2	4145	3	0	4000	other	0
2264	49	Pulse	5	1567912	9752	2
2264	50	Picture	10	1576231	0	1	4143	4	0	4000	other	0
2264	50	Pulse	5	1587902	11671	2
2264	51	Picture	10	1594301	0	2	4145	3	0	4000	other	0
2264	51	Pulse	5	1607901	13600	2
2264	52	Picture	10	1612372	0	1	4145	2	0	4000	other	0
2264	52	Pulse	5	1627900	15528	2
2264	53	Pulse	5	1647890	17447	2
2264	54	Picture	20	1655476	0	2	4145	3	0	4000	other	0
2264	54	Pulse	5	1667889	12413	3
2264	55	Picture	20	1673547	0	1	4144	3	0	4000	other	0
2264	55	Pulse	5	1687889	14342	2
2264	56	Picture	21	1691617	0	2	4145	3	0	4000	miss	0
2264	56	Pulse	5	1707878	16261	2
2264	57	Picture	20	1709688	0	1	4145	2	0	4000	other	0
2264	58	Picture	20	1727759	0	1	4144	2	0	4000	other	0
2264	58	Pulse	5	1727877	118	3
2264	59	Picture	20	1745829	0	1	4145	2	0	4000	false_alarm	120
2264	59	Pulse	5	1747877	2048	2
2264	59	Response	1	1753797	7968	1
2264	60	Picture	21	1763900	0	1	4144	3	0	4000	miss	0
2264	60	Pulse	5	1767866	3966	2
2264	61	Picture	20	1781970	0	2	4145	3	0	4000	other	0
2264	61	Pulse	5	1787865	5895	2
2264	62	Picture	20	1800041	0	1	4144	3	0	4000	other	0
2264	62	Pulse	5	1807865	7824	2
2264	63	Picture	20	1818111	0	2	4145	3	0	4000	other	0
2264	63	Pulse	5	1827854	9743	2
2264	64	Picture	20	1836182	0	1	4145	2	0	4000	other	0
2264	64	Pulse	5	1848014	11832	1
2264	65	Picture	20	1854253	0	1	4144	3	0	4000	false_alarm	132
2264	65	Response	1	1858574	4321	1
2264	65	Pulse	5	1868013	13760	2
2264	66	Picture	21	1872323	0	1	4145	2	0	4000	miss	0
2264	66	Pulse	5	1888002	15679	2
2264	67	Picture	20	1890394	0	1	4144	3	0	4000	other	0
2264	67	Pulse	5	1908002	17608	2
2264	68	Picture	20	1908464	0	2	4145	3	0	4000	other	0
2264	69	Picture	21	1926535	0	1	4145	2	0	4000	hit	141
2264	69	Pulse	5	1928001	1466	3
2264	69	Response	1	1932961	6426	2
2264	70	Pulse	5	1947991	3385	1
2264	70	Pulse	5	1967990	23384	2
2264	71	Picture	10	1969639	0	1	4145	2	0	4000	other	0
2264	72	Picture	10	1987710	0	1	4144	2	0	4000	other	0
2264	72	Pulse	5	1987989	279	2
2264	73	Picture	11	2005780	0	1	4145	2	0	4000	hit	149
2264	73	Pulse	5	2007978	2198	3
2264	73	Response	1	2010858	5078	3
2264	74	Picture	10	2023851	0	1	4144	3	0	4000	other	0
2264	74	Pulse	5	2027978	4127	2
2264	75	Picture	11	2041921	0	2	4145	3	0	4000	hit	153
2264	75	Response	1	2047817	5896	3
2264	75	Pulse	5	2047977	6056	3
2264	76	Picture	10	2059992	0	1	4145	2	0	4000	other	0
2264	76	Pulse	5	2067967	7975	2
2264	77	Picture	10	2078062	0	2	4144	4	0	4000	other	0
2264	77	Pulse	5	2087966	9904	2
2264	78	Picture	11	2096133	0	1	4145	2	0	4000	hit	160
2264	78	Response	1	2100286	4153	2
2264	78	Pulse	5	2107965	11832	3
2264	79	Picture	10	2114204	0	1	4144	3	0	4000	other	0
2264	79	Pulse	5	2127955	13751	2
2264	80	Picture	10	2132274	0	3	4145	4	0	4000	other	0
2264	80	Pulse	5	2147954	15680	3
2264	81	Picture	10	2150345	0	1	4145	2	0	4000	other	0
2264	81	Pulse	5	2167953	17608	3
2264	82	Picture	10	2168415	0	2	4145	3	0	4000	other	0
2264	83	Picture	10	2186486	0	1	4145	3	0	4000	other	0
2264	83	Pulse	5	2187943	1457	2
2264	84	Picture	11	2204557	0	1	4144	2	0	4000	hit	173
2264	84	Pulse	5	2207942	3385	2
2264	84	Response	1	2208262	3705	2
2264	85	Picture	10	2222627	0	1	4145	2	0	4000	other	0
2264	85	Pulse	5	2227942	5315	1
2264	86	Picture	10	2240698	0	1	4144	3	0	4000	other	0
2264	86	Pulse	5	2247931	7233	2
2264	87	Pulse	5	2267930	9162	2
2264	88	Picture	30	2283802	0	1	4145	2	0	4000	other	0
2264	88	Pulse	5	2287930	4128	2
2264	89	Picture	30	2301872	0	2	4145	3	0	4000	other	0
2264	89	Pulse	5	2307919	6047	2
2264	90	Picture	30	2319943	0	1	4145	2	0	4000	other	0
2264	90	Pulse	5	2327918	7975	2
2264	91	Picture	31	2338014	0	1	4144	3	0	4000	hit	186
2264	91	Response	1	2341998	3984	2
2264	91	Pulse	5	2347918	9904	2
2264	92	Picture	31	2356084	0	1	4145	2	0	4000	hit	189
2264	92	Response	1	2366467	10383	2
2264	92	Pulse	5	2367907	11823	2
2264	93	Picture	30	2374155	0	1	4144	3	0	4000	other	0
2264	93	Pulse	5	2387907	13752	2
2264	94	Picture	30	2392225	0	2	4145	3	0	4000	other	0
2264	94	Pulse	5	2407906	15681	2
2264	95	Picture	30	2410296	0	1	4145	2	0	4000	other	0
2264	95	Pulse	5	2427895	17599	2
2264	96	Picture	31	2428367	0	1	4144	2	0	4000	hit	198
2264	96	Response	1	2431415	3048	2
2264	97	Picture	30	2446437	0	1	4145	2	0	4000	other	0
2264	97	Pulse	5	2447895	1458	2
2264	98	Picture	30	2464508	0	1	4144	3	0	4000	other	0
2264	98	Pulse	5	2467894	3386	2
2264	99	Picture	30	2482578	0	1	4145	2	0	4000	other	0
2264	99	Pulse	5	2487883	5305	3
2264	100	Picture	30	2500649	0	1	4144	3	0	4000	other	0
2264	100	Pulse	5	2507884	7235	1
2264	101	Picture	31	2518719	0	2	4145	3	0	4000	hit	208
2264	101	Response	1	2522442	3723	2
2264	101	Pulse	5	2527882	9163	2
2264	102	Picture	30	2536790	0	1	4145	2	0	4000	other	0
2264	102	Pulse	5	2547872	11082	2
2264	103	Picture	30	2554861	0	1	4144	2	0	4000	other	0
2264	103	Pulse	5	2567871	13010	2
2264	104	Pulse	5	2587870	14939	2
2264	105	Picture	10	2597965	0	1	4144	3	0	4000	other	0
2264	105	Pulse	5	2607860	9895	2
2264	106	Picture	10	2616035	0	2	4144	5	0	4000	other	0
2264	106	Pulse	5	2627859	11824	3
2264	107	Picture	11	2634106	0	1	4145	2	0	4000	hit	220
2264	107	Response	1	2639219	5113	2
2264	107	Pulse	5	2647858	13752	3
2264	108	Picture	10	2652176	0	2	4145	3	0	4000	other	0
2264	108	Pulse	5	2667848	15672	2
2264	109	Picture	11	2670247	0	1	4145	2	0	4000	hit	225
2264	109	Response	1	2677128	6881	1
2264	109	Pulse	5	2687847	17600	2
2264	110	Picture	10	2688318	0	1	4144	3	0	4000	other	0
2264	111	Picture	10	2706388	0	1	4145	2	0	4000	other	0
2264	111	Pulse	5	2707847	1459	1
2264	112	Picture	11	2724459	0	1	4144	3	0	4000	hit	232
2264	112	Pulse	5	2727836	3377	2
2264	112	Response	1	2729596	5137	2
2264	113	Picture	10	2742529	0	2	4145	3	0	4000	other	0
2264	113	Pulse	5	2747835	5306	2
2264	114	Picture	10	2760600	0	1	4145	2	0	4000	other	0
2264	114	Pulse	5	2767835	7235	2
2264	115	Picture	10	2778671	0	1	4143	4	0	4000	other	0
2264	115	Pulse	5	2787824	9153	2
2264	116	Picture	10	2796741	0	1	4145	2	0	4000	other	0
2264	116	Pulse	5	2807823	11082	2
2264	117	Picture	10	2814812	0	1	4144	2	0	4000	other	0
2264	117	Pulse	5	2827823	13011	2
2264	118	Picture	11	2832882	0	2	4145	3	0	4000	hit	244
2264	118	Response	1	2837103	4221	1
2264	118	Pulse	5	2847812	14930	2
2264	119	Picture	10	2850953	0	1	4145	2	0	4000	other	0
2264	119	Pulse	5	2867812	16859	1
2264	120	Picture	10	2869023	0	2	4145	3	0	4000	other	0
2264	121	Pulse	5	2887971	877	2
2264	121	Pulse	5	2907960	20866	2
2264	122	Picture	20	2912128	0	1	4144	2	0	4000	other	0
2264	122	Pulse	5	2927960	15832	2
2264	123	Picture	20	2930198	0	2	4145	3	0	4000	other	0
2264	123	Pulse	5	2947959	17761	2
2264	124	Picture	20	2948269	0	1	4144	3	0	4000	other	0
2264	125	Picture	21	2966339	0	2	4145	3	0	4000	hit	258
2264	125	Pulse	5	2967948	1609	2
2264	125	Response	1	2969548	3209	2
2264	126	Picture	20	2984410	0	1	4144	4	0	4000	other	0
2264	126	Pulse	5	2987948	3538	2
2264	127	Picture	20	3002480	0	2	4145	3	0	4000	other	0
2264	127	Pulse	5	3007948	5468	1
2264	128	Picture	21	3020551	0	1	4145	2	0	4000	hit	264
2264	128	Response	1	3024256	3705	3
2264	128	Pulse	5	3027937	7386	1
2264	129	Picture	20	3038622	0	1	4144	3	0	4000	other	0
2264	129	Pulse	5	3047936	9314	2
2264	130	Picture	20	3056692	0	1	4145	2	0	4000	other	0
2264	130	Pulse	5	3067935	11243	3
2264	131	Picture	20	3074762	0	2	4145	4	0	4000	other	0
2264	131	Pulse	5	3087925	13163	4
2264	132	Picture	21	3092833	0	2	4145	3	0	4000	hit	273
2264	132	Response	1	3097044	4211	3
2264	132	Pulse	5	3107924	15091	4
2264	133	Picture	20	3110904	0	1	4145	2	0	4000	other	0
2264	133	Pulse	5	3127923	17019	4
2264	134	Picture	20	3128975	0	1	4143	3	0	4000	other	0
2264	135	Picture	21	3147045	0	1	4145	2	0	4000	hit	280
2264	135	Pulse	5	3147913	868	3
2264	135	Response	1	3151113	4068	2
2264	136	Picture	20	3165116	0	1	4144	2	0	4000	other	0
2264	136	Pulse	5	3167912	2796	2
2264	137	Picture	20	3183186	0	2	4145	3	0	4000	other	0
2264	137	Pulse	5	3187912	4726	1
