Scenario - 1-back
Logfile written - 01/16/2015 15:07:20

Subject	Trial	Event Type	Code	Time	TTime	Uncertainty	Duration	Uncertainty	ReqTime	ReqDur	Stim Type	Pair Index

2264	1	Response	1	308975	318809	2
2264	1	Pulse	5	477741	487575	1
2264	2	Pulse	5	497729	19825	2
2264	3	Picture	10	502938	0	1	4144	3	0	4000	other	0
2264	3	Pulse	5	517729	14791	2
2264	4	Picture	10	521008	0	1	4145	2	0	4000	other	0
2264	4	Pulse	5	537728	16720	2
2264	5	Picture	11	539079	0	1	4144	2	0	4000	hit	9
2264	5	Response	1	543648	4569	2
2264	6	Picture	10	557149	0	1	4145	2	0	4000	other	0
2264	6	Pulse	5	557717	568	2
2264	7	Picture	11	575220	0	1	4144	3	0	4000	hit	14
2264	7	Pulse	5	577717	2497	2
2264	7	Response	1	578837	3617	2
2264	8	Picture	10	593290	0	2	4145	3	0	4000	false_alarm	17
2264	8	Pulse	5	597716	4426	2
2264	8	Response	1	610356	17066	2
2264	9	Picture	10	611361	0	1	4144	3	0	4000	other	0
2264	9	Pulse	5	617706	6345	1
2264	10	Picture	10	629432	0	1	4144	2	0	4000	other	0
2264	10	Pulse	5	637705	8273	2
2264	11	Picture	11	647502	0	1	4145	2	0	4000	hit	23
2264	11	Response	1	651465	3963	1
2264	11	Pulse	5	657704	10202	2
2264	12	Picture	10	665573	0	1	4144	2	0	4000	other	0
2264	12	Pulse	5	677694	12121	1
2264	13	Picture	10	683643	0	1	4145	2	0	4000	other	0
2264	13	Pulse	5	697693	14050	2
2264	14	Picture	11	701714	0	1	4144	3	0	4000	hit	30
2264	14	Response	1	708573	6859	2
2264	14	Pulse	5	717692	15978	2
2264	15	Picture	10	719784	0	1	4145	2	0	4000	other	0
2264	15	Pulse	5	737683	17899	1
2264	16	Picture	10	737855	0	1	4144	3	0	4000	other	0
2264	17	Picture	10	755925	0	2	4145	3	0	4000	other	0
2264	17	Pulse	5	757681	1756	2
2264	18	Picture	10	773996	0	1	4144	4	0	4000	other	0
2264	18	Pulse	5	777681	3685	1
2264	19	Pulse	5	797670	5604	2
2264	20	Picture	20	817099	0	2	4146	3	0	4000	other	0
2264	20	Pulse	5	817669	570	2
2264	21	Picture	20	835171	0	1	4144	2	0	4000	other	0
2264	21	Pulse	5	837669	2498	1
2264	22	Picture	21	853241	0	1	4145	2	0	4000	hit	46
2264	22	Pulse	5	857658	4417	2
2264	22	Response	1	859098	5857	2
2264	23	Picture	20	871312	0	1	4144	3	0	4000	other	0
2264	23	Pulse	5	877657	6345	3
2264	24	Picture	20	889382	0	2	4145	3	0	4000	other	0
2264	24	Pulse	5	897657	8275	2
2264	25	Picture	20	907453	0	1	4144	3	0	4000	other	0
2264	25	Pulse	5	917646	10193	2
2264	26	Picture	21	925523	0	2	4145	3	0	4000	hit	54
2264	26	Response	1	929646	4123	2
2264	26	Pulse	5	937645	12122	3
2264	27	Picture	20	943594	0	1	4145	2	0	4000	other	0
2264	27	Pulse	5	957645	14051	2
2264	28	Picture	20	961665	0	1	4144	2	0	4000	other	0
2264	28	Pulse	5	977634	15969	2
2264	29	Picture	20	979734	0	2	4146	3	0	4000	other	0
2264	29	Pulse	5	997634	17900	2
2264	30	Picture	20	997806	0	1	4144	3	0	4000	other	0
2264	31	Picture	20	1015876	0	1	4145	2	0	4000	other	0
2264	31	Pulse	5	1017633	1757	3
2264	32	Picture	21	1033947	0	1	4144	3	0	4000	hit	67
2264	32	Pulse	5	1037622	3675	2
2264	32	Response	1	1039062	5115	2
2264	33	Picture	20	1052017	0	2	4145	3	0	4000	other	0
2264	33	Pulse	5	1057623	5606	1
2264	34	Picture	20	1070088	0	1	4144	3	0	4000	other	0
2264	34	Pulse	5	1077621	7533	2
2264	35	Picture	21	1088158	0	2	4145	3	0	4000	hit	73
2264	35	Response	1	1094251	6093	2
2264	35	Pulse	5	1097611	9453	1
2264	36	Pulse	5	1117610	11381	2
2264	37	Picture	10	1131263	0	1	4144	2	0	4000	other	0
2264	37	Pulse	5	1137609	6346	2
2264	38	Picture	10	1149333	0	1	4145	2	0	4000	other	0
2264	38	Pulse	5	1157599	8266	1
2264	39	Picture	11	1167404	0	1	4144	3	0	4000	hit	81
2264	39	Response	1	1170878	3474	2
2264	39	Pulse	5	1177598	10194	2
2264	40	Picture	10	1185474	0	1	4143	4	0	4000	other	0
2264	40	Pulse	5	1197598	12124	1
2264	41	Picture	11	1203545	0	1	4144	3	0	4000	hit	86
2264	41	Response	1	1208157	4612	2
2264	41	Pulse	5	1217587	14042	2
2264	42	Picture	10	1221615	0	1	4145	2	0	4000	other	0
2264	42	Pulse	5	1237586	15971	2
2264	43	Picture	10	1239686	0	1	4144	3	0	4000	other	0
2264	43	Pulse	5	1257746	18060	1
2264	44	Picture	10	1257756	0	2	4145	3	0	4000	other	0
2264	45	Picture	11	1275827	0	1	4145	2	0	4000	hit	95
2264	45	Pulse	5	1277735	1908	2
2264	45	Response	1	1280135	4308	2
2264	46	Picture	10	1293897	0	2	4145	3	0	4000	other	0
2264	46	Pulse	5	1297734	3837	2
2264	47	Picture	10	1311968	0	1	4145	2	0	4000	other	0
2264	47	Pulse	5	1317734	5766	1
2264	48	Picture	11	1330039	0	1	4144	3	0	4000	hit	101
2264	48	Response	1	1333573	3534	2
2264	48	Pulse	5	1337723	7684	2
2264	49	Picture	10	1348109	0	1	4145	2	0	4000	other	0
2264	49	Pulse	5	1357722	9613	3
2264	50	Picture	10	1366180	0	1	4144	3	0	4000	other	0
2264	50	Pulse	5	1377722	11542	2
2264	51	Picture	10	1384250	0	2	4145	3	0	4000	other	0
2264	51	Pulse	5	1397711	13461	2
2264	52	Picture	10	1402321	0	1	4145	2	0	4000	other	0
2264	52	Pulse	5	1417711	15390	1
2264	53	Pulse	5	1437710	17319	2
2264	54	Picture	30	1445425	0	1	4145	2	0	4000	other	0
2264	54	Pulse	5	1457699	12274	2
2264	55	Picture	30	1463496	0	1	4144	2	0	4000	other	0
2264	55	Pulse	5	1477699	14203	1
2264	56	Picture	31	1481566	0	1	4145	2	0	4000	hit	117
2264	56	Response	1	1486018	4452	2
2264	56	Pulse	5	1497699	16133	1
2264	57	Picture	30	1499637	0	1	4144	3	0	4000	other	0
2264	57	Pulse	5	1517687	18050	2
2264	58	Picture	30	1517707	0	1	4145	2	0	4000	other	0
2264	59	Picture	30	1535778	0	1	4144	3	0	4000	other	0
2264	59	Pulse	5	1537687	1909	2
2264	60	Picture	31	1553848	0	2	4145	3	0	4000	hit	126
2264	60	Pulse	5	1557686	3838	2
2264	60	Response	1	1559606	5758	2
2264	61	Picture	31	1571919	0	1	4145	2	0	4000	miss	0
2264	61	Pulse	5	1577675	5756	2
2264	62	Picture	30	1589990	0	1	4144	2	0	4000	other	0
2264	62	Pulse	5	1597675	7685	2
2264	63	Picture	30	1608060	0	1	4145	2	0	4000	other	0
2264	63	Pulse	5	1617674	9614	2
2264	64	Picture	30	1626131	0	1	4144	3	0	4000	other	0
2264	64	Pulse	5	1637663	11532	3
2264	65	Picture	31	1644201	0	1	4145	2	0	4000	hit	136
2264	65	Response	1	1648063	3862	2
2264	65	Pulse	5	1657662	13461	3
2264	66	Picture	30	1662272	0	3	4144	5	0	4000	other	0
2264	66	Pulse	5	1677662	15390	2
2264	67	Picture	30	1680342	0	2	4145	3	0	4000	other	0
2264	67	Pulse	5	1697652	17310	2
2264	68	Picture	30	1698413	0	1	4144	3	0	4000	other	0
2264	69	Picture	30	1716483	0	2	4145	3	0	4000	other	0
2264	69	Pulse	5	1717651	1168	2
2264	70	Pulse	5	1737650	3096	2
2264	70	Pulse	5	1757640	23086	2
2264	71	Picture	10	1759587	0	2	4145	3	0	4000	other	0
2264	71	Pulse	5	1777639	18052	2
2264	72	Picture	10	1777657	0	2	4146	3	0	4000	other	0
2264	73	Picture	11	1795729	0	1	4144	3	0	4000	hit	152
2264	73	Pulse	5	1797639	1910	1
2264	73	Response	1	1800039	4310	2
2264	74	Picture	10	1813799	0	2	4145	3	0	4000	other	0
2264	74	Pulse	5	1817628	3829	2
2264	75	Picture	11	1831870	0	1	4144	3	0	4000	hit	156
2264	75	Response	1	1837307	5437	3
2264	75	Pulse	5	1837627	5757	3
2264	76	Picture	10	1849940	0	2	4145	3	0	4000	other	0
2264	76	Pulse	5	1857627	7687	2
2264	77	Picture	10	1868011	0	1	4145	2	0	4000	other	0
2264	77	Pulse	5	1877616	9605	2
2264	78	Picture	11	1886081	0	2	4145	3	0	4000	hit	163
2264	78	Response	1	1889456	3375	2
2264	78	Pulse	5	1897615	11534	2
2264	79	Picture	10	1904152	0	1	4145	2	0	4000	other	0
2264	79	Pulse	5	1917615	13463	2
2264	80	Picture	10	1922223	0	1	4144	3	0	4000	other	0
2264	80	Pulse	5	1937604	15381	2
2264	81	Picture	10	1940293	0	1	4145	2	0	4000	other	0
2264	81	Pulse	5	1957604	17311	1
2264	82	Picture	10	1958364	0	1	4144	3	0	4000	other	0
2264	83	Picture	10	1976434	0	2	4145	3	0	4000	other	0
2264	83	Pulse	5	1977603	1169	2
2264	84	Picture	11	1994505	0	1	4145	2	0	4000	hit	176
2264	84	Pulse	5	1997592	3087	2
2264	84	Response	1	1998072	3567	2
2264	85	Picture	10	2012576	0	1	4144	2	0	4000	other	0
2264	85	Pulse	5	2017592	5016	2
2264	86	Picture	10	2030646	0	1	4145	2	0	4000	other	0
2264	86	Pulse	5	2037591	6945	2
2264	87	Pulse	5	2057580	8863	2
2264	88	Picture	20	2073750	0	1	4145	2	0	4000	other	0
2264	88	Pulse	5	2077580	3830	2
2264	89	Picture	20	2091821	0	1	4144	3	0	4000	other	0
2264	89	Pulse	5	2097579	5758	2
2264	90	Picture	20	2109891	0	2	4145	3	0	4000	other	0
2264	90	Pulse	5	2117569	7678	1
2264	91	Picture	21	2127962	0	1	4144	3	0	4000	hit	189
2264	91	Response	1	2132288	4326	2
2264	91	Pulse	5	2137568	9606	2
2264	92	Picture	20	2146032	0	2	4145	3	0	4000	other	0
2264	92	Pulse	5	2157567	11535	2
2264	93	Picture	20	2164103	0	1	4145	2	0	4000	other	0
2264	93	Pulse	5	2177557	13454	1
2264	94	Picture	21	2182174	0	1	4144	2	0	4000	hit	196
2264	94	Response	1	2185556	3382	2
2264	94	Pulse	5	2197556	15382	2
2264	95	Picture	20	2200244	0	1	4145	2	0	4000	other	0
2264	95	Pulse	5	2217555	17311	2
2264	96	Picture	20	2218315	0	1	4144	3	0	4000	other	0
2264	97	Picture	20	2236385	0	1	4145	2	0	4000	other	0
2264	97	Pulse	5	2237545	1160	2
2264	98	Picture	21	2254456	0	1	4144	3	0	4000	hit	205
2264	98	Pulse	5	2257544	3088	2
2264	98	Response	1	2258824	4368	2
2264	99	Picture	20	2272526	0	2	4145	3	0	4000	other	0
2264	99	Pulse	5	2277544	5018	2
2264	100	Picture	20	2290597	0	1	4145	2	0	4000	other	0
2264	100	Pulse	5	2297693	7096	2
2264	101	Picture	21	2308668	0	1	4144	2	0	4000	hit	211
2264	101	Response	1	2312892	4224	3
2264	101	Pulse	5	2317692	9024	3
2264	102	Picture	20	2326738	0	1	4145	2	0	4000	other	0
2264	102	Pulse	5	2337692	10954	2
2264	103	Picture	20	2344809	0	1	4144	2	0	4000	other	0
2264	103	Pulse	5	2357681	12872	2
2264	104	Pulse	5	2377680	14801	2
2264	105	Picture	10	2387913	0	1	4144	3	0	4000	other	0
2264	105	Pulse	5	2397680	9767	2
2264	106	Picture	10	2405983	0	2	4145	3	0	4000	other	0
2264	106	Pulse	5	2417669	11686	2
2264	107	Picture	11	2424054	0	1	4145	2	0	4000	hit	223
2264	107	Response	1	2428709	4655	2
2264	107	Pulse	5	2437669	13615	2
2264	108	Picture	10	2442125	0	1	4144	2	0	4000	other	0
2264	108	Pulse	5	2457668	15543	2
2264	109	Picture	11	2460195	0	1	4145	2	0	4000	hit	228
2264	109	Response	1	2465988	5793	2
2264	109	Pulse	5	2477658	17463	1
2264	110	Picture	10	2478266	0	1	4144	3	0	4000	other	0
2264	111	Picture	10	2496335	0	2	4146	3	0	4000	other	0
2264	111	Pulse	5	2497657	1322	2
2264	112	Picture	11	2514406	0	2	4145	4	0	4000	hit	235
2264	112	Pulse	5	2517656	3250	2
2264	112	Response	1	2519096	4690	2
2264	113	Picture	10	2532477	0	2	4145	3	0	4000	other	0
2264	113	Pulse	5	2537645	5168	2
2264	114	Picture	10	2550548	0	1	4144	4	0	4000	other	0
2264	114	Pulse	5	2557645	7097	2
2264	115	Picture	10	2568619	0	1	4144	2	0	4000	other	0
2264	115	Pulse	5	2577644	9025	2
2264	116	Picture	10	2586689	0	1	4145	2	0	4000	other	0
2264	116	Pulse	5	2597634	10945	1
2264	117	Picture	10	2604760	0	1	4144	3	0	4000	other	0
2264	117	Pulse	5	2617633	12873	2
2264	118	Picture	11	2622830	0	1	4145	2	0	4000	hit	247
2264	118	Response	1	2626433	3603	2
2264	118	Pulse	5	2637632	14802	2
2264	119	Picture	10	2640901	0	1	4144	3	0	4000	other	0
2264	119	Pulse	5	2657622	16721	2
2264	120	Picture	10	2658971	0	2	4145	3	0	4000	other	0
2264	121	Pulse	5	2677621	579	2
2264	121	Pulse	5	2697620	20578	2
2264	122	Picture	30	2702076	0	1	4144	2	0	4000	other	0
2264	122	Pulse	5	2717610	15534	2
2264	123	Picture	30	2720146	0	1	4145	2	0	4000	other	0
2264	123	Pulse	5	2737609	17463	2
2264	124	Picture	30	2738217	0	1	4144	2	0	4000	other	0
2264	125	Picture	31	2756287	0	1	4145	2	0	4000	miss	0
2264	125	Pulse	5	2757609	1322	1
2264	126	Picture	31	2774358	0	1	4144	3	0	4000	hit	263
2264	126	Pulse	5	2777598	3240	2
2264	126	Response	1	2780318	5960	2
2264	127	Picture	30	2792428	0	2	4145	3	0	4000	other	0
2264	127	Pulse	5	2797597	5169	3
2264	128	Picture	30	2810499	0	1	4145	2	0	4000	other	0
2264	128	Pulse	5	2817597	7098	2
2264	129	Picture	30	2828569	0	2	4145	3	0	4000	other	0
2264	129	Pulse	5	2837586	9017	2
2264	130	Picture	31	2846640	0	1	4145	2	0	4000	hit	271
2264	130	Response	1	2854065	7425	2
2264	130	Pulse	5	2857585	10945	2
2264	131	Picture	30	2864711	0	1	4144	2	0	4000	other	0
2264	131	Pulse	5	2877585	12874	2
2264	132	Picture	30	2882781	0	1	4145	2	0	4000	other	0
2264	132	Pulse	5	2897574	14793	2
2264	133	Picture	30	2900852	0	1	4144	3	0	4000	other	0
2264	133	Pulse	5	2917574	16722	1
2264	134	Picture	30	2918922	0	2	4145	3	0	4000	other	0
2264	135	Picture	31	2936993	0	1	4144	3	0	4000	miss	0
2264	135	Pulse	5	2937573	580	2
2264	136	Picture	30	2955063	0	2	4145	3	0	4000	other	0
2264	136	Pulse	5	2957562	2499	2
2264	137	Picture	30	2973134	0	1	4145	2	0	4000	false_alarm	286
2264	137	Pulse	5	2977562	4428	1
2264	137	Response	1	2980122	6988	1
