Scenario - 1-back
Logfile written - 01/29/2015 15:33:22

Subject	Trial	Event Type	Code	Time	TTime	Uncertainty	Duration	Uncertainty	ReqTime	ReqDur	Stim Type	Pair Index

2272	1	Pulse	5	253578	263412	2
2272	2	Pulse	5	273567	19970	3
2272	3	Picture	10	278631	0	1	4144	3	0	4000	other	0
2272	3	Pulse	5	293727	15096	2
2272	4	Picture	10	296701	0	2	4145	3	0	4000	other	0
2272	4	Pulse	5	313726	17025	3
2272	5	Picture	11	314772	0	1	4145	2	0	4000	hit	8
2272	5	Response	1	318366	3594	2
2272	6	Picture	10	332843	0	1	4144	2	0	4000	other	0
2272	6	Pulse	5	333716	873	1
2272	7	Picture	11	350913	0	1	4145	2	0	4000	hit	13
2272	7	Pulse	5	353716	2803	1
2272	7	Response	1	354195	3282	2
2272	8	Picture	10	368984	0	1	4144	3	0	4000	other	0
2272	8	Pulse	5	373714	4730	2
2272	9	Picture	10	387054	0	1	4145	2	0	4000	other	0
2272	9	Pulse	5	393704	6650	2
2272	10	Picture	10	405125	0	1	4144	3	0	4000	other	0
2272	10	Pulse	5	413703	8578	2
2272	11	Picture	11	423195	0	2	4145	3	0	4000	hit	21
2272	11	Response	1	426823	3628	2
2272	11	Pulse	5	433702	10507	2
2272	12	Picture	10	441266	0	1	4145	2	0	4000	other	0
2272	12	Pulse	5	453692	12426	2
2272	13	Picture	10	459337	0	1	4144	2	0	4000	other	0
2272	13	Pulse	5	473691	14354	2
2272	14	Picture	11	477407	0	1	4145	2	0	4000	hit	28
2272	14	Response	1	480249	2842	4
2272	14	Pulse	5	493691	16284	1
2272	15	Picture	10	495478	0	1	4144	3	0	4000	other	0
2272	16	Picture	10	513548	0	2	4145	3	0	4000	other	0
2272	16	Pulse	5	513680	132	2
2272	17	Picture	10	531619	0	1	4144	3	0	4000	other	0
2272	17	Pulse	5	533679	2060	2
2272	18	Picture	10	549689	0	2	4145	3	0	4000	other	0
2272	18	Pulse	5	553679	3990	2
2272	19	Pulse	5	573668	5908	2
2272	20	Picture	20	592794	0	1	4144	2	0	4000	other	0
2272	20	Pulse	5	593667	873	3
2272	21	Picture	20	610864	0	1	4145	2	0	4000	other	0
2272	21	Pulse	5	613667	2803	2
2272	22	Picture	21	628935	0	1	4144	2	0	4000	hit	43
2272	22	Response	1	633016	4081	3
2272	22	Pulse	5	633656	4721	2
2272	23	Picture	20	647005	0	1	4145	2	0	4000	other	0
2272	23	Pulse	5	653656	6651	2
2272	24	Picture	20	665075	0	2	4145	4	0	4000	other	0
2272	24	Pulse	5	673655	8580	2
2272	25	Picture	20	683146	0	2	4145	3	0	4000	other	0
2272	25	Pulse	5	693644	10498	2
2272	26	Picture	21	701217	0	1	4145	2	0	4000	hit	52
2272	26	Response	1	704844	3627	2
2272	26	Pulse	5	713644	12427	1
2272	27	Picture	20	719288	0	1	4144	2	0	4000	other	0
2272	27	Pulse	5	733643	14355	2
2272	28	Picture	20	737358	0	1	4145	2	0	4000	other	0
2272	28	Pulse	5	753632	16274	3
2272	29	Picture	20	755429	0	1	4144	2	0	4000	other	0
2272	30	Picture	20	773499	0	1	4145	2	0	4000	other	0
2272	30	Pulse	5	773632	133	2
2272	31	Picture	20	791570	0	1	4144	3	0	4000	other	0
2272	31	Pulse	5	793631	2061	3
2272	32	Picture	21	809640	0	2	4145	3	0	4000	hit	65
2272	32	Pulse	5	813621	3981	1
2272	32	Response	1	815860	6220	2
2272	33	Picture	20	827711	0	1	4145	2	0	4000	other	0
2272	33	Pulse	5	833620	5909	2
2272	34	Picture	20	845781	0	2	4145	3	0	4000	other	0
2272	34	Pulse	5	853619	7838	2
2272	35	Picture	21	863852	0	1	4145	2	0	4000	hit	71
2272	35	Response	1	868659	4807	2
2272	35	Pulse	5	873609	9757	1
2272	36	Pulse	5	893608	11685	2
2272	37	Picture	10	906956	0	1	4145	2	0	4000	other	0
2272	37	Pulse	5	913607	6651	2
2272	38	Picture	10	925027	0	1	4144	3	0	4000	other	0
2272	38	Pulse	5	933597	8570	2
2272	39	Picture	11	943097	0	2	4145	3	0	4000	hit	79
2272	39	Response	1	947036	3939	2
2272	39	Pulse	5	953596	10499	2
2272	40	Picture	10	961168	0	1	4144	3	0	4000	other	0
2272	40	Pulse	5	973596	12428	2
2272	41	Picture	11	979238	0	2	4145	3	0	4000	hit	84
2272	41	Response	1	983195	3957	2
2272	41	Pulse	5	993585	14347	2
2272	42	Picture	10	997309	0	1	4145	2	0	4000	other	0
2272	42	Pulse	5	1013584	16275	2
2272	43	Picture	10	1015380	0	1	4144	2	0	4000	other	0
2272	44	Picture	10	1033450	0	1	4145	2	0	4000	other	0
2272	44	Pulse	5	1033584	134	2
2272	45	Picture	11	1051521	0	1	4144	3	0	4000	hit	93
2272	45	Pulse	5	1053573	2052	2
2272	45	Response	1	1055013	3492	2
2272	46	Picture	10	1069591	0	2	4145	3	0	4000	other	0
2272	46	Pulse	5	1073572	3981	2
2272	47	Picture	10	1087662	0	1	4144	3	0	4000	other	0
2272	47	Pulse	5	1093572	5910	2
2272	48	Picture	11	1105732	0	2	4145	3	0	4000	hit	99
2272	48	Response	1	1109411	3679	2
2272	48	Pulse	5	1113561	7829	2
2272	49	Picture	10	1123803	0	1	4145	2	0	4000	other	0
2272	49	Pulse	5	1133561	9758	1
2272	50	Picture	10	1141874	0	1	4144	2	0	4000	other	0
2272	50	Pulse	5	1153560	11686	2
2272	51	Picture	10	1159944	0	1	4145	2	0	4000	other	0
2272	51	Pulse	5	1173550	13606	1
2272	52	Picture	10	1178015	0	1	4144	3	0	4000	other	0
2272	52	Pulse	5	1193549	15534	1
2272	53	Pulse	5	1213548	17463	2
2272	54	Picture	30	1221119	0	1	4144	3	0	4000	other	0
2272	54	Pulse	5	1233537	12418	3
2272	55	Picture	30	1239189	0	2	4145	3	0	4000	other	0
2272	55	Pulse	5	1253537	14348	2
2272	56	Picture	31	1257260	0	1	4145	2	0	4000	hit	115
2272	56	Response	1	1261056	3796	3
2272	56	Pulse	5	1273536	16276	2
2272	57	Picture	30	1275331	0	1	4144	2	0	4000	other	0
2272	58	Picture	30	1293401	0	1	4145	2	0	4000	other	0
2272	58	Pulse	5	1293526	125	1
2272	59	Picture	30	1311472	0	1	4144	3	0	4000	other	0
2272	59	Pulse	5	1313525	2053	2
2272	60	Picture	31	1329542	0	1	4145	2	0	4000	hit	124
2272	60	Pulse	5	1333684	4142	2
2272	60	Response	1	1335764	6222	2
2272	61	Picture	31	1347613	0	1	4145	2	0	4000	miss	0
2272	61	Pulse	5	1353674	6061	1
2272	62	Picture	30	1365683	0	2	4145	3	0	4000	other	0
2272	62	Pulse	5	1373673	7990	2
2272	63	Picture	30	1383753	0	2	4146	3	0	4000	other	0
2272	63	Pulse	5	1393672	9919	2
2272	64	Picture	30	1401825	0	1	4144	2	0	4000	other	0
2272	64	Pulse	5	1413662	11837	2
2272	65	Picture	31	1419895	0	1	4145	2	0	4000	hit	134
2272	65	Response	1	1424701	4806	2
2272	65	Pulse	5	1433661	13766	2
2272	66	Picture	30	1437966	0	1	4144	3	0	4000	other	0
2272	66	Pulse	5	1453660	15694	2
2272	67	Picture	30	1456036	0	1	4145	2	0	4000	other	0
2272	67	Pulse	5	1473650	17614	2
2272	68	Picture	30	1474107	0	1	4144	3	0	4000	other	0
2272	69	Picture	30	1492178	0	1	4144	2	0	4000	other	0
2272	69	Pulse	5	1493649	1471	2
2272	70	Pulse	5	1513649	3401	1
2272	70	Pulse	5	1533638	23390	2
2272	71	Picture	10	1535282	0	1	4144	2	0	4000	other	0
2272	72	Picture	10	1553352	0	1	4145	2	0	4000	other	0
2272	72	Pulse	5	1553637	285	2
2272	73	Picture	11	1571423	0	1	4144	3	0	4000	hit	150
2272	73	Pulse	5	1573637	2214	2
2272	73	Response	1	1574917	3494	2
2272	74	Picture	10	1589493	0	2	4145	3	0	4000	other	0
2272	74	Pulse	5	1593626	4133	2
2272	75	Picture	11	1607564	0	1	4145	2	0	4000	hit	154
2272	75	Response	1	1611546	3982	2
2272	75	Pulse	5	1613625	6061	3
2272	76	Picture	10	1625634	0	2	4145	3	0	4000	other	0
2272	76	Pulse	5	1633625	7991	2
2272	77	Picture	10	1643705	0	2	4145	3	0	4000	other	0
2272	77	Pulse	5	1653615	9910	1
2272	78	Picture	11	1661776	0	1	4144	2	0	4000	hit	161
2272	78	Response	1	1665454	3678	2
2272	78	Pulse	5	1673614	11838	2
2272	79	Picture	10	1679846	0	1	4145	2	0	4000	other	0
2272	79	Pulse	5	1693610	13764	9
2272	80	Picture	10	1697917	0	1	4144	3	0	4000	other	0
2272	80	Pulse	5	1713602	15685	3
2272	81	Picture	10	1715987	0	2	4145	3	0	4000	other	0
2272	81	Pulse	5	1733602	17615	2
2272	82	Picture	10	1734058	0	1	4145	2	0	4000	other	0
2272	83	Picture	10	1752129	0	1	4144	2	0	4000	other	0
2272	83	Pulse	5	1753601	1472	2
2272	84	Picture	11	1770199	0	1	4145	2	0	4000	hit	173
2272	84	Response	1	1773590	3391	2
2272	84	Pulse	5	1773590	3391	2
2272	85	Picture	10	1788270	0	1	4144	2	0	4000	other	0
2272	85	Pulse	5	1793590	5320	2
2272	86	Picture	10	1806340	0	1	4145	2	0	4000	other	0
2272	86	Pulse	5	1813589	7249	2
2272	87	Pulse	5	1833579	9168	1
2272	88	Picture	20	1849444	0	2	4145	3	0	4000	other	0
2272	88	Pulse	5	1853578	4134	2
2272	89	Picture	20	1867515	0	1	4144	3	0	4000	other	0
2272	89	Pulse	5	1873577	6062	2
2272	90	Picture	20	1885586	0	1	4144	2	0	4000	other	0
2272	90	Pulse	5	1893567	7981	2
2272	91	Picture	21	1903656	0	1	4145	2	0	4000	hit	187
2272	91	Response	1	1906687	3031	1
2272	91	Pulse	5	1913566	9910	2
2272	92	Picture	20	1921726	0	2	4145	3	0	4000	other	0
2272	92	Pulse	5	1933565	11839	2
2272	93	Picture	20	1939797	0	1	4145	2	0	4000	other	0
2272	93	Pulse	5	1953555	13758	2
2272	94	Picture	21	1957868	0	1	4144	3	0	4000	hit	194
2272	94	Response	1	1961555	3687	2
2272	94	Pulse	5	1973554	15686	2
2272	95	Picture	20	1975938	0	2	4145	3	0	4000	other	0
2272	95	Pulse	5	1993554	17616	1
2272	96	Picture	20	1994009	0	1	4144	3	0	4000	other	0
2272	97	Picture	20	2012080	0	1	4144	2	0	4000	other	0
2272	97	Pulse	5	2013543	1463	2
2272	98	Picture	21	2030150	0	1	4145	2	0	4000	hit	203
2272	98	Pulse	5	2033542	3392	2
2272	98	Response	1	2034822	4672	2
2272	99	Picture	20	2048221	0	1	4144	2	0	4000	other	0
2272	99	Pulse	5	2053542	5321	2
2272	100	Picture	20	2066291	0	2	4145	3	0	4000	other	0
2272	100	Pulse	5	2073531	7240	2
2272	101	Picture	21	2084362	0	1	4144	3	0	4000	hit	209
2272	101	Response	1	2088091	3729	2
2272	101	Pulse	5	2093530	9168	2
2272	102	Picture	20	2102432	0	2	4145	3	0	4000	other	0
2272	102	Pulse	5	2113530	11098	2
2272	103	Picture	20	2120503	0	1	4145	2	0	4000	other	0
2272	103	Pulse	5	2133519	13016	2
2272	104	Pulse	5	2153519	14945	1
2272	105	Picture	10	2163607	0	1	4145	2	0	4000	other	0
2272	105	Pulse	5	2173518	9911	2
2272	106	Picture	10	2181678	0	2	4144	4	0	4000	other	0
2272	106	Pulse	5	2193507	11829	3
2272	107	Picture	11	2199747	0	3	4146	4	0	4000	hit	221
2272	107	Response	1	2203267	3520	2
2272	107	Pulse	5	2213508	13761	1
2272	108	Picture	10	2217819	0	1	4144	3	0	4000	other	0
2272	108	Pulse	5	2233506	15687	2
2272	109	Picture	11	2235889	0	2	4145	3	0	4000	hit	226
2272	109	Response	1	2240546	4657	2
2272	109	Pulse	5	2253495	17606	2
2272	110	Picture	10	2253960	0	1	4145	2	0	4000	other	0
2272	111	Picture	10	2272031	0	1	4144	2	0	4000	other	0
2272	111	Pulse	5	2273495	1464	2
2272	112	Picture	11	2290101	0	1	4145	2	0	4000	hit	233
2272	112	Pulse	5	2293494	3393	2
2272	112	Response	1	2293654	3553	2
2272	113	Picture	10	2308172	0	1	4144	3	0	4000	other	0
2272	113	Pulse	5	2313484	5312	1
2272	114	Picture	10	2326242	0	2	4145	3	0	4000	other	0
2272	114	Pulse	5	2333483	7241	2
2272	115	Picture	10	2344313	0	1	4145	2	0	4000	other	0
2272	115	Pulse	5	2353483	9170	1
2272	116	Picture	10	2362384	0	1	4144	2	0	4000	other	0
2272	116	Pulse	5	2373632	11248	2
2272	117	Picture	10	2380454	0	1	4145	2	0	4000	other	0
2272	117	Pulse	5	2393631	13177	2
2272	118	Picture	11	2398525	0	1	4144	2	0	4000	hit	245
2272	118	Response	1	2402591	4066	2
2272	118	Pulse	5	2413630	15105	2
2272	119	Picture	10	2416595	0	1	4145	2	0	4000	other	0
2272	119	Pulse	5	2433620	17025	2
2272	120	Picture	10	2434666	0	1	4144	3	0	4000	other	0
2272	121	Pulse	5	2453619	883	2
2272	121	Pulse	5	2473619	20883	1
2272	122	Picture	30	2477770	0	1	4145	2	0	4000	other	0
2272	122	Pulse	5	2493608	15838	2
2272	123	Picture	30	2495841	0	1	4144	2	0	4000	other	0
2272	123	Pulse	5	2513607	17766	2
2272	124	Picture	30	2513911	0	1	4145	2	0	4000	other	0
2272	125	Picture	31	2531982	0	1	4144	2	0	4000	hit	259
2272	125	Pulse	5	2533607	1625	1
2272	125	Response	1	2535207	3225	1
2272	126	Picture	31	2550384	0	1	4144	3	0	4000	miss	0
2272	126	Pulse	5	2553596	3212	2
2272	127	Picture	30	2568454	0	2	4145	3	0	4000	other	0
2272	127	Pulse	5	2573595	5141	2
2272	128	Picture	30	2586525	0	1	4145	2	0	4000	other	0
2272	128	Pulse	5	2593595	7070	2
2272	129	Picture	30	2604595	0	2	4145	3	0	4000	other	0
2272	129	Pulse	5	2613584	8989	2
2272	130	Picture	31	2622666	0	1	4145	2	0	4000	hit	269
2272	130	Response	1	2627984	5318	2
2272	130	Pulse	5	2633583	10917	3
2272	131	Picture	30	2640737	0	1	4144	3	0	4000	other	0
2272	131	Pulse	5	2653583	12846	2
2272	132	Picture	30	2658807	0	2	4145	3	0	4000	false_alarm	274
2272	132	Response	1	2664452	5645	4
2272	132	Pulse	5	2673572	14765	3
2272	133	Picture	30	2676878	0	1	4145	2	0	4000	other	0
2272	133	Pulse	5	2693572	16694	3
2272	134	Picture	30	2694948	0	2	4145	3	0	4000	other	0
2272	135	Picture	31	2713019	0	1	4145	2	0	4000	hit	281
2272	135	Pulse	5	2713571	552	3
2272	135	Response	1	2716611	3592	3
2272	136	Picture	30	2731090	0	1	4144	2	0	4000	other	0
2272	136	Pulse	5	2733560	2470	2
2272	137	Picture	30	2749160	0	1	4145	2	0	4000	false_alarm	286
2272	137	Pulse	5	2753560	4400	2
2272	137	Response	1	2755480	6320	2
