Scenario - 1-back
Logfile written - 01/29/2015 15:43:56

Subject	Trial	Event Type	Code	Time	TTime	Uncertainty	Duration	Uncertainty	ReqTime	ReqDur	Stim Type	Pair Index

2272	1	Pulse	5	275917	285751	3
2272	2	Pulse	5	295917	19938	2
2272	3	Picture	10	301012	0	1	4145	2	0	4000	other	0
2272	3	Pulse	5	315906	14894	2
2272	4	Picture	10	319083	0	1	4144	3	0	4000	other	0
2272	4	Pulse	5	335906	16823	1
2272	5	Picture	11	337153	0	2	4145	3	0	4000	hit	8
2272	5	Response	1	340705	3552	2
2272	6	Picture	10	355224	0	1	4145	2	0	4000	other	0
2272	6	Pulse	5	355905	681	2
2272	7	Picture	11	373295	0	1	4144	2	0	4000	hit	13
2272	7	Pulse	5	375894	2599	3
2272	7	Response	1	377174	3879	3
2272	8	Picture	10	391365	0	1	4145	2	0	4000	other	0
2272	8	Pulse	5	395894	4529	2
2272	9	Picture	10	409436	0	1	4144	3	0	4000	other	0
2272	9	Pulse	5	415893	6457	2
2272	10	Picture	10	427506	0	1	4145	2	0	4000	other	0
2272	10	Pulse	5	435882	8376	2
2272	11	Picture	11	445577	0	1	4145	2	0	4000	hit	21
2272	11	Response	1	448682	3105	2
2272	11	Pulse	5	455882	10305	2
2272	12	Picture	10	463647	0	2	4145	3	0	4000	other	0
2272	12	Pulse	5	475881	12234	2
2272	13	Picture	10	481718	0	1	4145	2	0	4000	other	0
2272	13	Pulse	5	495871	14153	1
2272	14	Picture	11	499789	0	1	4144	2	0	4000	hit	28
2272	14	Response	1	503550	3761	2
2272	14	Pulse	5	515870	16081	2
2272	15	Picture	10	517859	0	1	4145	2	0	4000	other	0
2272	15	Pulse	5	535859	18000	14
2272	16	Picture	10	535930	0	1	4144	3	0	4000	other	0
2272	17	Picture	10	554000	0	2	4145	3	0	4000	other	0
2272	17	Pulse	5	555859	1859	1
2272	18	Picture	10	572071	0	1	4145	2	0	4000	other	0
2272	18	Pulse	5	575858	3787	2
2272	19	Pulse	5	595857	5715	2
2272	20	Picture	20	615175	0	1	4145	2	0	4000	other	0
2272	20	Pulse	5	615847	672	2
2272	21	Picture	20	633246	0	1	4144	3	0	4000	other	0
2272	21	Pulse	5	635846	2600	2
2272	22	Picture	21	651316	0	2	4145	3	0	4000	hit	43
2272	22	Response	1	654566	3250	1
2272	22	Pulse	5	655846	4530	1
2272	23	Picture	20	669387	0	1	4144	3	0	4000	other	0
2272	23	Pulse	5	675835	6448	2
2272	24	Picture	20	687458	0	1	4144	2	0	4000	other	0
2272	24	Pulse	5	695834	8376	2
2272	25	Picture	20	705528	0	1	4145	2	0	4000	other	0
2272	25	Pulse	5	715834	10306	2
2272	26	Picture	21	723598	0	2	4145	3	0	4000	hit	52
2272	26	Response	1	726393	2795	2
2272	26	Pulse	5	735823	12225	2
2272	27	Picture	20	741669	0	1	4145	2	0	4000	other	0
2272	27	Pulse	5	755822	14153	2
2272	28	Picture	20	759740	0	1	4144	3	0	4000	other	0
2272	28	Pulse	5	775822	16082	2
2272	29	Picture	20	777810	0	2	4145	3	0	4000	other	0
2272	29	Pulse	5	795810	18000	9
2272	30	Picture	20	795881	0	2	4145	3	0	4000	other	0
2272	31	Picture	20	813952	0	1	4144	2	0	4000	other	0
2272	31	Pulse	5	815811	1859	1
2272	32	Picture	21	832022	0	1	4145	2	0	4000	hit	64
2272	32	Response	1	835330	3308	2
2272	32	Pulse	5	835810	3788	2
2272	33	Picture	20	850093	0	1	4144	3	0	4000	other	0
2272	33	Pulse	5	855799	5706	3
2272	34	Picture	20	868163	0	2	4145	3	0	4000	other	0
2272	34	Pulse	5	875799	7636	2
2272	35	Picture	21	886234	0	1	4144	3	0	4000	hit	71
2272	35	Response	1	889558	3324	3
2272	35	Pulse	5	895798	9564	2
2272	36	Pulse	5	915787	11483	2
2272	37	Picture	10	929338	0	1	4145	2	0	4000	other	0
2272	37	Pulse	5	935787	6449	2
2272	38	Picture	10	947409	0	1	4144	3	0	4000	other	0
2272	38	Pulse	5	955786	8377	2
2272	39	Picture	11	965479	0	2	4145	3	0	4000	hit	79
2272	39	Response	1	968576	3097	2
2272	39	Pulse	5	975776	10297	1
2272	40	Picture	10	983550	0	1	4145	2	0	4000	other	0
2272	40	Pulse	5	995775	12225	2
2272	41	Picture	11	1001620	0	2	4145	3	0	4000	hit	84
2272	41	Response	1	1005855	4235	1
2272	41	Pulse	5	1015774	14154	2
2272	42	Picture	10	1019691	0	1	4145	2	0	4000	other	0
2272	42	Pulse	5	1035764	16073	1
2272	43	Picture	10	1037762	0	1	4144	2	0	4000	other	0
2272	43	Pulse	5	1055762	18000	13
2272	44	Picture	10	1055832	0	1	4145	2	0	4000	other	0
2272	45	Picture	11	1073903	0	1	4144	3	0	4000	hit	93
2272	45	Pulse	5	1075762	1859	2
2272	45	Response	1	1078003	4100	1
2272	46	Picture	10	1091973	0	2	4145	3	0	4000	other	0
2272	46	Pulse	5	1095752	3779	2
2272	47	Picture	10	1110044	0	1	4144	3	0	4000	other	0
2272	47	Pulse	5	1115751	5707	2
2272	48	Picture	11	1128115	0	1	4144	2	0	4000	hit	99
2272	48	Response	1	1132711	4596	1
2272	48	Pulse	5	1135750	7635	2
2272	49	Picture	10	1146185	0	1	4145	2	0	4000	other	0
2272	49	Pulse	5	1155740	9555	2
2272	50	Picture	10	1164256	0	1	4144	2	0	4000	other	0
2272	50	Pulse	5	1175739	11483	2
2272	51	Picture	10	1182326	0	1	4145	2	0	4000	other	0
2272	51	Pulse	5	1195739	13413	1
2272	52	Picture	10	1200397	0	1	4144	3	0	4000	other	0
2272	52	Pulse	5	1215728	15331	2
2272	53	Pulse	5	1235887	17420	3
2272	54	Picture	30	1243501	0	1	4145	2	0	4000	other	0
2272	54	Pulse	5	1255887	12386	2
2272	55	Picture	30	1261572	0	1	4144	2	0	4000	other	0
2272	55	Pulse	5	1275876	14304	2
2272	56	Picture	31	1279642	0	1	4145	2	0	4000	hit	115
2272	56	Response	1	1283236	3594	2
2272	56	Pulse	5	1295875	16233	3
2272	57	Picture	30	1297713	0	1	4144	3	0	4000	other	0
2272	58	Picture	30	1315783	0	2	4145	3	0	4000	other	0
2272	58	Pulse	5	1315875	92	2
2272	59	Picture	30	1333854	0	1	4145	2	0	4000	other	0
2272	59	Pulse	5	1335864	2010	3
2272	60	Picture	31	1351925	0	1	4144	2	0	4000	hit	124
2272	60	Pulse	5	1355864	3939	2
2272	60	Response	1	1356344	4419	2
2272	61	Picture	31	1369995	0	1	4145	2	0	4000	miss	0
2272	61	Pulse	5	1375863	5868	2
2272	62	Picture	30	1388066	0	1	4144	3	0	4000	other	0
2272	62	Pulse	5	1395852	7786	2
2272	63	Picture	30	1406136	0	1	4145	2	0	4000	other	0
2272	63	Pulse	5	1415852	9716	2
2272	64	Picture	30	1424207	0	1	4145	2	0	4000	other	0
2272	64	Pulse	5	1435851	11644	2
2272	65	Picture	31	1442277	0	2	4145	3	0	4000	hit	134
2272	65	Response	1	1446721	4444	2
2272	65	Pulse	5	1455840	13563	2
2272	66	Picture	30	1460348	0	1	4145	2	0	4000	other	0
2272	66	Pulse	5	1475840	15492	2
2272	67	Picture	30	1478419	0	1	4144	3	0	4000	false_alarm	139
2272	67	Response	1	1482560	4141	2
2272	67	Pulse	5	1495839	17420	2
2272	68	Picture	30	1496489	0	1	4145	2	0	4000	other	0
2272	69	Picture	30	1514560	0	1	4144	3	0	4000	other	0
2272	69	Pulse	5	1515829	1269	1
2272	70	Pulse	5	1535829	3199	1
2272	70	Pulse	5	1555827	23197	2
2272	71	Picture	10	1557664	0	1	4145	2	0	4000	other	0
2272	72	Picture	10	1575735	0	1	4144	2	0	4000	other	0
2272	72	Pulse	5	1575817	82	2
2272	73	Picture	11	1593805	0	1	4145	2	0	4000	hit	151
2272	73	Pulse	5	1595816	2011	2
2272	73	Response	1	1597896	4091	2
2272	74	Picture	10	1611875	0	3	4145	4	0	4000	other	0
2272	74	Pulse	5	1615816	3941	1
2272	75	Picture	11	1629946	0	1	4136	18	0	4000	hit	155
2272	75	Response	1	1634205	4259	2
2272	75	Pulse	5	1635805	5859	2
2272	76	Picture	10	1648017	0	1	4144	3	0	4000	other	0
2272	76	Pulse	5	1655804	7787	2
2272	77	Picture	10	1666087	0	2	4145	3	0	4000	other	0
2272	77	Pulse	5	1675804	9717	2
2272	78	Picture	11	1684158	0	1	4145	2	0	4000	hit	162
2272	78	Response	1	1688753	4595	2
2272	78	Pulse	5	1695793	11635	2
2272	79	Picture	10	1702229	0	1	4144	2	0	4000	other	0
2272	79	Pulse	5	1715792	13563	2
2272	80	Picture	10	1720299	0	1	4145	2	0	4000	other	0
2272	80	Pulse	5	1735792	15493	2
2272	81	Picture	10	1738370	0	1	4144	3	0	4000	other	0
2272	81	Pulse	5	1755781	17411	2
2272	82	Picture	10	1756440	0	2	4145	3	0	4000	other	0
2272	83	Picture	10	1774511	0	1	4144	3	0	4000	other	0
2272	83	Pulse	5	1775780	1269	2
2272	84	Picture	11	1792582	0	1	4144	2	0	4000	hit	175
2272	84	Pulse	5	1795780	3198	2
2272	84	Response	1	1796100	3518	2
2272	85	Picture	10	1810652	0	1	4145	2	0	4000	other	0
2272	85	Pulse	5	1815769	5117	3
2272	86	Picture	10	1828723	0	1	4144	3	0	4000	other	0
2272	86	Pulse	5	1835769	7046	2
2272	87	Pulse	5	1855768	8975	2
2272	88	Picture	20	1871827	0	1	4144	3	0	4000	other	0
2272	88	Pulse	5	1875757	3930	2
2272	89	Picture	20	1889897	0	2	4145	3	0	4000	other	0
2272	89	Pulse	5	1895757	5860	2
2272	90	Picture	20	1907968	0	1	4145	2	0	4000	other	0
2272	90	Pulse	5	1915756	7788	2
2272	91	Picture	21	1926039	0	1	4144	2	0	4000	hit	188
2272	91	Response	1	1929026	2987	1
2272	91	Pulse	5	1935745	9706	2
2272	92	Picture	20	1944109	0	1	4145	2	0	4000	other	0
2272	92	Pulse	5	1955745	11636	2
2272	93	Picture	20	1962180	0	1	4144	3	0	4000	other	0
2272	93	Pulse	5	1975744	13564	7
2272	94	Picture	21	1980250	0	1	4145	2	0	4000	hit	195
2272	94	Response	1	1984064	3814	2
2272	94	Pulse	5	1995734	15484	1
2272	95	Picture	20	1998321	0	1	4145	2	0	4000	other	0
2272	95	Pulse	5	2015734	17413	1
2272	96	Picture	20	2016391	0	2	4145	3	0	4000	other	0
2272	97	Picture	20	2034462	0	1	4145	2	0	4000	other	0
2272	97	Pulse	5	2035732	1270	2
2272	98	Picture	21	2052533	0	1	4144	2	0	4000	hit	204
2272	98	Pulse	5	2055722	3189	1
2272	98	Response	1	2057322	4789	1
2272	99	Picture	20	2070603	0	2	4145	3	0	4000	other	0
2272	99	Pulse	5	2075721	5118	2
2272	100	Picture	20	2088674	0	1	4144	3	0	4000	other	0
2272	100	Pulse	5	2095720	7046	2
2272	101	Picture	21	2106744	0	2	4145	3	0	4000	hit	210
2272	101	Response	1	2112030	5286	2
2272	101	Pulse	5	2115710	8966	2
2272	102	Picture	20	2124815	0	1	4144	3	0	4000	other	0
2272	102	Pulse	5	2135710	10895	1
2272	103	Picture	20	2142886	0	1	4144	2	0	4000	other	0
2272	103	Pulse	5	2155709	12823	1
2272	104	Pulse	5	2175698	14742	2
2272	105	Picture	10	2185990	0	1	4144	3	0	4000	other	0
2272	105	Pulse	5	2195697	9707	2
2272	106	Picture	10	2204060	0	1	4145	2	0	4000	other	0
2272	106	Pulse	5	2215697	11637	1
2272	107	Picture	11	2222131	0	1	4145	2	0	4000	hit	222
2272	107	Response	1	2226246	4115	3
2272	107	Pulse	5	2235686	13555	2
2272	108	Picture	10	2240202	0	1	4144	2	0	4000	other	0
2272	108	Pulse	5	2255685	15483	3
2272	109	Picture	11	2258272	0	1	4145	2	0	4000	hit	227
2272	109	Response	1	2262565	4293	2
2272	109	Pulse	5	2275845	17573	2
2272	110	Picture	10	2276343	0	1	4144	2	0	4000	other	0
2272	111	Picture	10	2294413	0	1	4145	2	0	4000	other	0
2272	111	Pulse	5	2295834	1421	3
2272	112	Picture	11	2312484	0	1	4144	3	0	4000	hit	234
2272	112	Pulse	5	2315833	3349	3
2272	112	Response	1	2317113	4629	3
2272	113	Picture	10	2330553	0	3	4146	4	0	4000	other	0
2272	113	Pulse	5	2335833	5280	2
2272	114	Picture	10	2348625	0	1	4145	2	0	4000	other	0
2272	114	Pulse	5	2355822	7197	2
2272	115	Picture	10	2366696	0	1	4144	2	0	4000	other	0
2272	115	Pulse	5	2375822	9126	2
2272	116	Picture	10	2384766	0	1	4145	2	0	4000	other	0
2272	116	Pulse	5	2395821	11055	2
2272	117	Picture	10	2402837	0	1	4144	3	0	4000	other	0
2272	117	Pulse	5	2415810	12973	2
2272	118	Picture	11	2420907	0	2	4145	3	0	4000	hit	246
2272	118	Response	1	2424930	4023	2
2272	118	Pulse	5	2435810	14903	2
2272	119	Picture	10	2438978	0	1	4144	3	0	4000	other	0
2272	119	Pulse	5	2455809	16831	2
2272	120	Picture	10	2457214	0	1	4145	2	0	4000	other	0
2272	121	Pulse	5	2475799	514	1
2272	121	Pulse	5	2495798	20513	2
2272	122	Picture	30	2500318	0	2	4145	3	0	4000	other	0
2272	122	Pulse	5	2515797	15479	2
2272	123	Picture	30	2518389	0	1	4145	2	0	4000	other	0
2272	123	Pulse	5	2535787	17398	1
2272	124	Picture	30	2536460	0	1	4144	2	0	4000	other	0
2272	125	Picture	31	2554530	0	1	4145	2	0	4000	hit	260
2272	125	Pulse	5	2555786	1256	2
2272	125	Response	1	2557866	3336	2
2272	126	Picture	31	2572601	0	1	4144	3	0	4000	hit	263
2272	126	Pulse	5	2575785	3184	2
2272	126	Response	1	2578825	6224	2
2272	127	Picture	30	2590671	0	2	4144	4	0	4000	other	0
2272	127	Pulse	5	2595775	5104	2
2272	128	Picture	30	2608742	0	1	4145	2	0	4000	other	0
2272	128	Pulse	5	2615774	7032	2
2272	129	Picture	30	2626813	0	1	4144	2	0	4000	other	0
2272	129	Pulse	5	2635774	8961	1
2272	130	Picture	31	2644883	0	1	4145	2	0	4000	hit	271
2272	130	Response	1	2653203	8320	2
2272	130	Pulse	5	2655763	10880	2
2272	131	Picture	30	2662954	0	1	4144	3	0	4000	other	0
2272	131	Pulse	5	2675762	12808	2
2272	132	Picture	30	2681024	0	2	4145	3	0	4000	other	0
2272	132	Pulse	5	2695762	14738	2
2272	133	Picture	30	2699095	0	1	4144	3	0	4000	other	0
2272	133	Pulse	5	2715751	16656	2
2272	134	Picture	30	2717165	0	2	4145	3	0	4000	other	0
2272	135	Picture	31	2735236	0	1	4145	2	0	4000	hit	282
2272	135	Pulse	5	2735750	514	2
2272	135	Response	1	2739750	4514	2
2272	136	Picture	30	2753307	0	1	4144	2	0	4000	other	0
2272	136	Pulse	5	2755740	2433	3
2272	137	Picture	30	2771377	0	1	4145	2	0	4000	other	0
2272	137	Pulse	5	2775739	4362	3
