Scenario - 1-back
Logfile written - 01/29/2015 15:39:15

Subject	Trial	Event Type	Code	Time	TTime	Uncertainty	Duration	Uncertainty	ReqTime	ReqDur	Stim Type	Pair Index

2272	1	Pulse	5	979605	989439	2
2272	2	Pulse	5	999604	19868	3
2272	3	Picture	10	1004770	0	1	4145	2	0	4000	other	0
2272	3	Pulse	5	1019594	14824	2
2272	4	Picture	10	1022841	0	1	4144	3	0	4000	other	0
2272	4	Pulse	5	1039593	16752	2
2272	5	Picture	11	1040911	0	1	4145	2	0	4000	hit	8
2272	5	Response	1	1044233	3322	2
2272	6	Picture	10	1058982	0	1	4144	3	0	4000	other	0
2272	6	Pulse	5	1059592	610	2
2272	7	Picture	11	1077052	0	2	4145	3	0	4000	hit	13
2272	7	Pulse	5	1079582	2530	2
2272	7	Response	1	1080536	3484	10
2272	8	Picture	10	1095123	0	1	4145	2	0	4000	other	0
2272	8	Pulse	5	1099581	4458	2
2272	9	Picture	10	1113193	0	2	4145	3	0	4000	other	0
2272	9	Pulse	5	1119581	6388	1
2272	10	Picture	10	1131264	0	1	4145	2	0	4000	other	0
2272	10	Pulse	5	1139570	8306	2
2272	11	Picture	11	1149335	0	1	4144	3	0	4000	hit	21
2272	11	Response	1	1152050	2715	2
2272	11	Pulse	5	1159569	10234	2
2272	12	Picture	10	1167405	0	1	4145	2	0	4000	other	0
2272	12	Pulse	5	1179569	12164	2
2272	13	Picture	10	1185476	0	1	4145	2	0	4000	other	0
2272	13	Pulse	5	1199558	14082	2
2272	14	Picture	11	1203546	0	2	4145	3	0	4000	hit	28
2272	14	Response	1	1207078	3532	2
2272	14	Pulse	5	1219557	16011	2
2272	15	Picture	10	1221617	0	1	4145	2	0	4000	other	0
2272	15	Pulse	5	1239557	17940	2
2272	16	Picture	10	1239688	0	1	4144	3	0	4000	other	0
2272	17	Picture	10	1257758	0	1	4145	2	0	4000	other	0
2272	17	Pulse	5	1259546	1788	2
2272	18	Picture	10	1275829	0	1	4144	3	0	4000	other	0
2272	18	Pulse	5	1279546	3717	1
2272	19	Pulse	5	1299545	5646	2
2272	20	Picture	30	1318933	0	1	4145	2	0	4000	other	0
2272	20	Pulse	5	1319513	580	28
2272	21	Picture	30	1337004	0	1	4144	2	0	4000	other	0
2272	21	Pulse	5	1339534	2530	2
2272	22	Picture	31	1355074	0	1	4145	2	0	4000	hit	43
2272	22	Response	1	1359213	4139	2
2272	22	Pulse	5	1359533	4459	2
2272	23	Picture	30	1373145	0	1	4144	3	0	4000	other	0
2272	23	Pulse	5	1379522	6377	2
2272	24	Picture	30	1391215	0	1	4145	2	0	4000	other	0
2272	24	Pulse	5	1399522	8307	2
2272	25	Picture	30	1409286	0	1	4144	3	0	4000	other	0
2272	25	Pulse	5	1419681	10395	2
2272	26	Picture	31	1427356	0	2	4145	3	0	4000	hit	52
2272	26	Response	1	1434551	7195	2
2272	26	Pulse	5	1439671	12315	2
2272	27	Picture	31	1445427	0	1	4145	2	0	4000	miss	0
2272	27	Pulse	5	1459670	14243	2
2272	28	Picture	30	1463498	0	1	4144	2	0	4000	false_alarm	57
2272	28	Response	1	1469270	5772	2
2272	28	Pulse	5	1479669	16171	3
2272	29	Picture	30	1481568	0	1	4145	2	0	4000	other	0
2272	30	Picture	30	1499639	0	1	4144	3	0	4000	other	0
2272	30	Pulse	5	1499659	20	2
2272	31	Picture	31	1517709	0	2	4145	3	0	4000	miss	0
2272	31	Pulse	5	1519658	1949	2
2272	32	Picture	30	1535780	0	1	4145	2	0	4000	other	0
2272	32	Pulse	5	1539657	3877	2
2272	33	Picture	30	1553850	0	2	4145	3	0	4000	false_alarm	68
2272	33	Pulse	5	1559647	5797	2
2272	33	Response	1	1560607	6757	2
2272	34	Picture	30	1571921	0	1	4145	2	0	4000	other	0
2272	34	Pulse	5	1579646	7725	2
2272	35	Picture	30	1589992	0	1	4144	2	0	4000	other	0
2272	35	Pulse	5	1599645	9653	3
2272	36	Pulse	5	1619635	11573	2
2272	37	Picture	10	1633096	0	1	4145	2	0	4000	other	0
2272	37	Pulse	5	1639634	6538	3
2272	38	Picture	10	1651166	0	2	4145	3	0	4000	other	0
2272	38	Pulse	5	1659634	8468	2
2272	39	Picture	11	1669237	0	1	4145	2	0	4000	hit	79
2272	39	Response	1	1672743	3506	2
2272	39	Pulse	5	1679623	10386	2
2272	40	Picture	10	1687308	0	1	4144	2	0	4000	other	0
2272	40	Pulse	5	1699622	12314	2
2272	41	Picture	11	1705378	0	1	4145	2	0	4000	hit	84
2272	41	Response	1	1709382	4004	2
2272	41	Pulse	5	1719622	14244	2
2272	42	Picture	10	1723449	0	1	4144	3	0	4000	other	0
2272	42	Pulse	5	1739611	16162	2
2272	43	Picture	10	1741519	0	2	4145	3	0	4000	other	0
2272	44	Picture	10	1759590	0	1	4145	2	0	4000	other	0
2272	44	Pulse	5	1759611	21	1
2272	45	Picture	11	1777660	0	2	4145	3	0	4000	hit	93
2272	45	Pulse	5	1779610	1950	2
2272	45	Response	1	1781210	3550	2
2272	46	Picture	10	1795731	0	1	4145	2	0	4000	other	0
2272	46	Pulse	5	1799599	3868	2
2272	47	Picture	10	1813802	0	1	4144	3	0	4000	other	0
2272	47	Pulse	5	1819599	5797	1
2272	48	Picture	11	1831872	0	2	4145	3	0	4000	hit	99
2272	48	Response	1	1834958	3086	2
2272	48	Pulse	5	1839598	7726	2
2272	49	Picture	10	1849943	0	1	4145	2	0	4000	other	0
2272	49	Pulse	5	1859587	9644	2
2272	50	Picture	10	1868013	0	2	4145	3	0	4000	other	0
2272	50	Pulse	5	1879587	11574	2
2272	51	Picture	10	1886084	0	1	4145	2	0	4000	other	0
2272	51	Pulse	5	1899586	13502	2
2272	52	Picture	10	1904155	0	1	4144	3	0	4000	other	0
2272	52	Pulse	5	1919575	15420	3
2272	53	Pulse	5	1939575	17350	2
2272	54	Picture	20	1947259	0	1	4144	3	0	4000	other	0
2272	54	Pulse	5	1959574	12315	3
2272	55	Picture	20	1965329	0	2	4145	3	0	4000	other	0
2272	55	Pulse	5	1979564	14235	1
2272	56	Picture	21	1983400	0	1	4145	2	0	4000	hit	115
2272	56	Response	1	1986763	3363	2
2272	56	Pulse	5	1999563	16163	2
2272	57	Picture	20	2001471	0	1	4144	2	0	4000	other	0
2272	58	Picture	20	2019541	0	1	4145	2	0	4000	other	0
2272	58	Pulse	5	2019562	21	2
2272	59	Picture	20	2037612	0	1	4144	3	0	4000	other	0
2272	59	Pulse	5	2039552	1940	2
2272	60	Picture	21	2055682	0	2	4145	3	0	4000	hit	123
2272	60	Response	1	2058751	3069	2
2272	60	Pulse	5	2059551	3869	2
2272	61	Picture	20	2073753	0	1	4144	3	0	4000	other	0
2272	61	Pulse	5	2079551	5798	1
2272	62	Picture	20	2091823	0	2	4145	3	0	4000	other	0
2272	62	Pulse	5	2099540	7717	2
2272	63	Picture	20	2109894	0	1	4145	2	0	4000	other	0
2272	63	Pulse	5	2119539	9645	2
2272	64	Picture	20	2127965	0	1	4144	3	0	4000	other	0
2272	64	Pulse	5	2139539	11574	1
2272	65	Picture	20	2146035	0	1	4145	2	0	4000	other	0
2272	65	Pulse	5	2159528	13493	2
2272	66	Picture	21	2164106	0	1	4144	3	0	4000	hit	136
2272	66	Response	1	2167368	3262	2
2272	66	Pulse	5	2179527	15421	2
2272	67	Picture	20	2182176	0	2	4145	3	0	4000	other	0
2272	67	Pulse	5	2199527	17351	2
2272	68	Picture	20	2200247	0	1	4145	2	0	4000	other	0
2272	69	Picture	21	2218318	0	1	4144	2	0	4000	hit	143
2272	69	Pulse	5	2219516	1198	2
2272	69	Response	1	2221916	3598	2
2272	70	Pulse	5	2239516	3128	1
2272	70	Pulse	5	2259515	23127	2
2272	71	Picture	10	2261422	0	1	4144	3	0	4000	other	0
2272	72	Picture	10	2279492	0	2	4145	3	0	4000	other	0
2272	72	Pulse	5	2279504	12	2
2272	73	Picture	11	2297563	0	1	4144	3	0	4000	hit	151
2272	73	Pulse	5	2299504	1941	1
2272	73	Response	1	2300944	3381	1
2272	74	Picture	10	2315634	0	1	4144	2	0	4000	other	0
2272	74	Pulse	5	2319503	3869	2
2272	75	Picture	11	2333704	0	1	4145	2	0	4000	hit	155
2272	75	Response	1	2338212	4508	2
2272	75	Pulse	5	2339492	5788	2
2272	76	Picture	10	2351775	0	1	4144	3	0	4000	other	0
2272	76	Pulse	5	2359492	7717	2
2272	77	Picture	10	2369845	0	1	4145	2	0	4000	other	0
2272	77	Pulse	5	2379491	9646	2
2272	78	Picture	11	2387916	0	1	4144	3	0	4000	hit	162
2272	78	Response	1	2391161	3245	2
2272	78	Pulse	5	2399480	11564	3
2272	79	Picture	10	2405986	0	2	4145	3	0	4000	other	0
2272	79	Pulse	5	2419480	13494	2
2272	80	Picture	10	2424223	0	1	4144	3	0	4000	other	0
2272	80	Pulse	5	2439479	15256	3
2272	81	Picture	10	2442293	0	2	4145	3	0	4000	other	0
2272	81	Pulse	5	2459629	17336	1
2272	82	Picture	10	2460364	0	1	4145	2	0	4000	other	0
2272	83	Picture	10	2478435	0	1	4144	2	0	4000	other	0
2272	83	Pulse	5	2479628	1193	2
2272	84	Picture	11	2496505	0	1	4145	2	0	4000	hit	175
2272	84	Pulse	5	2499627	3122	2
2272	84	Response	1	2500588	4083	1
2272	85	Picture	10	2514576	0	1	4144	3	0	4000	other	0
2272	85	Pulse	5	2519617	5041	2
2272	86	Picture	10	2532646	0	2	4145	3	0	4000	other	0
2272	86	Pulse	5	2539616	6970	2
2272	87	Pulse	5	2559615	8898	2
2272	88	Picture	30	2575750	0	2	4145	3	0	4000	other	0
2272	88	Pulse	5	2579605	3855	2
2272	89	Picture	30	2593821	0	1	4145	2	0	4000	other	0
2272	89	Pulse	5	2599604	5783	3
2272	90	Picture	30	2611892	0	1	4144	2	0	4000	other	0
2272	90	Pulse	5	2619604	7712	2
2272	91	Picture	31	2629962	0	1	4145	2	0	4000	hit	188
2272	91	Response	1	2633513	3551	2
2272	91	Pulse	5	2639593	9631	2
2272	92	Picture	31	2648033	0	2	4144	4	0	4000	miss	0
2272	92	Pulse	5	2659592	11559	3
2272	93	Picture	30	2666103	0	2	4145	3	0	4000	other	0
2272	93	Pulse	5	2679592	13489	2
2272	94	Picture	30	2684174	0	1	4145	2	0	4000	other	0
2272	94	Pulse	5	2699581	15407	2
2272	95	Picture	30	2702245	0	1	4144	2	0	4000	other	0
2272	95	Pulse	5	2719580	17335	2
2272	96	Picture	31	2720315	0	1	4145	2	0	4000	hit	199
2272	96	Response	1	2723420	3105	2
2272	97	Picture	30	2738386	0	1	4144	3	0	4000	other	0
2272	97	Pulse	5	2739580	1194	2
2272	98	Picture	30	2756456	0	2	4145	3	0	4000	other	0
2272	98	Pulse	5	2759570	3114	1
2272	99	Picture	30	2774527	0	1	4145	2	0	4000	other	0
2272	99	Pulse	5	2779569	5042	2
2272	100	Picture	30	2792597	0	2	4145	3	0	4000	other	0
2272	100	Pulse	5	2799568	6971	2
2272	101	Picture	31	2810668	0	1	4145	2	0	4000	hit	209
2272	101	Response	1	2814277	3609	2
2272	101	Pulse	5	2819557	8889	2
2272	102	Picture	30	2828739	0	1	4144	3	0	4000	other	0
2272	102	Pulse	5	2839557	10818	2
2272	103	Picture	30	2846809	0	1	4145	2	0	4000	other	0
2272	103	Pulse	5	2859556	12747	2
2272	104	Pulse	5	2879545	14665	3
2272	105	Picture	10	2889913	0	2	4145	3	0	4000	other	0
2272	105	Pulse	5	2899545	9632	2
2272	106	Picture	10	2907984	0	1	4145	2	0	4000	other	0
2272	106	Pulse	5	2919544	11560	3
2272	107	Picture	11	2926055	0	1	4144	2	0	4000	hit	221
2272	107	Response	1	2929774	3719	2
2272	107	Pulse	5	2939534	13479	1
2272	108	Picture	10	2944125	0	1	4145	2	0	4000	other	0
2272	108	Pulse	5	2959533	15408	2
2272	109	Picture	11	2962196	0	1	4144	3	0	4000	hit	226
2272	109	Response	1	2966253	4057	2
2272	109	Pulse	5	2979532	17336	2
2272	110	Picture	10	2980266	0	2	4145	3	0	4000	other	0
2272	111	Picture	10	2998337	0	1	4145	2	0	4000	other	0
2272	111	Pulse	5	2999522	1185	2
2272	112	Picture	11	3016408	0	1	4144	2	0	4000	hit	232
2272	112	Response	1	3019361	2953	2
2272	112	Pulse	5	3019522	3114	1
2272	113	Picture	10	3034478	0	1	4145	2	0	4000	other	0
2272	113	Pulse	5	3039520	5042	2
2272	114	Picture	10	3052549	0	1	4144	3	0	4000	other	0
2272	114	Pulse	5	3059510	6961	2
2272	115	Picture	10	3070619	0	2	4145	3	0	4000	other	0
2272	115	Pulse	5	3079510	8891	1
2272	116	Picture	10	3088690	0	1	4144	3	0	4000	other	0
2272	116	Pulse	5	3099509	10819	1
2272	117	Picture	10	3106760	0	2	4145	3	0	4000	other	0
2272	117	Pulse	5	3119498	12738	2
2272	118	Picture	11	3124831	0	1	4145	2	0	4000	hit	245
2272	118	Response	1	3128138	3307	1
2272	118	Pulse	5	3139497	14666	2
2272	119	Picture	10	3142902	0	1	4144	2	0	4000	other	0
2272	119	Pulse	5	3159497	16595	1
2272	120	Picture	10	3160972	0	1	4145	2	0	4000	other	0
2272	121	Pulse	5	3179486	443	2
2272	121	Pulse	5	3199486	20443	1
2272	122	Picture	20	3204076	0	2	4145	3	0	4000	other	0
2272	122	Pulse	5	3219485	15409	2
2272	123	Picture	20	3222147	0	1	4145	2	0	4000	other	0
2272	123	Pulse	5	3239474	17327	2
2272	124	Picture	20	3240217	0	2	4145	3	0	4000	other	0
2272	125	Picture	21	3258288	0	1	4145	2	0	4000	hit	259
2272	125	Pulse	5	3259474	1186	1
2272	125	Response	1	3261234	2946	1
2272	126	Picture	20	3276359	0	1	4144	3	0	4000	other	0
2272	126	Pulse	5	3279473	3114	2
2272	127	Picture	20	3294429	0	1	4145	2	0	4000	other	0
2272	127	Pulse	5	3299462	5033	2
2272	128	Picture	21	3312500	0	1	4144	3	0	4000	hit	265
2272	128	Response	1	3315782	3282	2
2272	128	Pulse	5	3319462	6962	2
2272	129	Picture	20	3330570	0	2	4145	3	0	4000	other	0
2272	129	Pulse	5	3339461	8891	2
2272	130	Picture	20	3348641	0	1	4145	2	0	4000	other	0
2272	130	Pulse	5	3359450	10809	3
2272	131	Picture	20	3366712	0	1	4144	2	0	4000	other	0
2272	131	Pulse	5	3379450	12738	2
2272	132	Picture	21	3384782	0	1	4145	2	0	4000	hit	274
2272	132	Response	1	3387769	2987	3
2272	132	Pulse	5	3399449	14667	2
2272	133	Picture	20	3402853	0	1	4144	3	0	4000	other	0
2272	133	Pulse	5	3419439	16586	1
2272	134	Picture	20	3420923	0	2	4145	3	0	4000	other	0
2272	135	Picture	21	3438994	0	1	4145	2	0	4000	hit	281
2272	135	Pulse	5	3439438	444	2
2272	135	Response	1	3444238	5244	2
2272	136	Picture	20	3457065	0	1	4144	2	0	4000	other	0
2272	136	Pulse	5	3459438	2373	1
2272	137	Picture	20	3475135	0	1	4145	2	0	4000	other	0
2272	137	Pulse	5	3479427	4292	2
