Scenario - 1-back
Logfile written - 01/29/2015 15:48:30

Subject	Trial	Event Type	Code	Time	TTime	Uncertainty	Duration	Uncertainty	ReqTime	ReqDur	Stim Type	Pair Index

2272	1	Pulse	5	194476	204310	3
2272	2	Pulse	5	214476	19898	3
2272	3	Picture	10	219612	0	1	4143	4	0	4000	other	0
2272	3	Pulse	5	234475	14863	2
2272	4	Picture	10	237682	0	1	4145	2	0	4000	other	0
2272	4	Pulse	5	254464	16782	3
2272	5	Picture	11	255753	0	1	4144	3	0	4000	hit	8
2272	5	Response	1	259424	3671	2
2272	6	Picture	10	273823	0	2	4145	3	0	4000	other	0
2272	6	Pulse	5	274464	641	2
2272	7	Picture	11	291894	0	1	4145	2	0	4000	hit	13
2272	7	Pulse	5	294463	2569	2
2272	7	Response	1	296543	4649	2
2272	8	Picture	10	309964	0	2	4145	3	0	4000	other	0
2272	8	Pulse	5	314452	4488	2
2272	9	Picture	10	328035	0	1	4145	2	0	4000	other	0
2272	9	Pulse	5	334452	6417	2
2272	10	Picture	10	346106	0	1	4144	3	0	4000	other	0
2272	10	Pulse	5	354452	8346	1
2272	11	Picture	11	364176	0	1	4145	2	0	4000	hit	21
2272	11	Response	1	367412	3236	1
2272	11	Pulse	5	374441	10265	1
2272	12	Picture	10	382247	0	1	4144	3	0	4000	other	0
2272	12	Pulse	5	394440	12193	2
2272	13	Picture	10	400317	0	2	4145	3	0	4000	other	0
2272	13	Pulse	5	414439	14122	2
2272	14	Picture	11	418388	0	1	4145	2	0	4000	hit	28
2272	14	Response	1	422279	3891	2
2272	14	Pulse	5	434429	16041	2
2272	15	Picture	10	436459	0	1	4144	2	0	4000	other	0
2272	15	Pulse	5	454428	17969	2
2272	16	Picture	10	454529	0	1	4145	2	0	4000	other	0
2272	17	Picture	10	472600	0	1	4144	3	0	4000	other	0
2272	17	Pulse	5	474427	1827	3
2272	18	Picture	10	490670	0	2	4145	3	0	4000	other	0
2272	18	Pulse	5	494577	3907	2
2272	19	Pulse	5	514576	5835	2
2272	20	Picture	30	533774	0	2	4145	3	0	4000	other	0
2272	20	Pulse	5	534576	802	1
2272	21	Picture	30	551845	0	3	4145	4	0	4000	other	0
2272	21	Pulse	5	554566	2721	1
2272	22	Picture	31	569916	0	1	4144	2	0	4000	hit	43
2272	22	Response	1	573764	3848	2
2272	22	Pulse	5	574564	4648	2
2272	23	Picture	30	587986	0	1	4145	2	0	4000	other	0
2272	23	Pulse	5	594564	6578	2
2272	24	Picture	30	606057	0	1	4144	3	0	4000	other	0
2272	24	Pulse	5	614553	8496	2
2272	25	Picture	30	624127	0	2	4145	3	0	4000	other	0
2272	25	Pulse	5	634553	10426	1
2272	26	Picture	31	642198	0	1	4144	3	0	4000	hit	52
2272	26	Response	1	645112	2914	2
2272	26	Pulse	5	654552	12354	2
2272	27	Picture	31	660269	0	1	4144	2	0	4000	miss	0
2272	27	Pulse	5	674541	14272	2
2272	28	Picture	30	678339	0	1	4145	2	0	4000	other	0
2272	28	Pulse	5	694541	16202	1
2272	29	Picture	30	696410	0	1	4144	3	0	4000	other	0
2272	30	Picture	30	714480	0	1	4145	2	0	4000	false_alarm	61
2272	30	Pulse	5	714540	60	2
2272	30	Response	1	718540	4060	2
2272	31	Picture	31	732551	0	1	4144	3	0	4000	miss	0
2272	31	Pulse	5	734529	1978	2
2272	32	Picture	30	750622	0	1	4144	2	0	4000	other	0
2272	32	Pulse	5	754529	3907	1
2272	33	Picture	30	768692	0	1	4145	2	0	4000	other	0
2272	33	Pulse	5	774529	5837	1
2272	34	Picture	30	786763	0	1	4144	2	0	4000	other	0
2272	34	Pulse	5	794518	7755	1
2272	35	Picture	30	804833	0	1	4145	2	0	4000	other	0
2272	35	Pulse	5	814517	9684	2
2272	36	Pulse	5	834516	11612	2
2272	37	Picture	10	847937	0	2	4145	3	0	4000	other	0
2272	37	Pulse	5	854506	6569	1
2272	38	Picture	10	866008	0	1	4145	2	0	4000	other	0
2272	38	Pulse	5	874505	8497	2
2272	39	Picture	11	884079	0	1	4144	2	0	4000	hit	78
2272	39	Response	1	888424	4345	2
2272	39	Pulse	5	894504	10425	2
2272	40	Picture	10	902149	0	1	4145	2	0	4000	other	0
2272	40	Pulse	5	914494	12345	2
2272	41	Picture	11	920220	0	1	4144	3	0	4000	hit	83
2272	41	Response	1	924573	4353	3
2272	41	Pulse	5	934493	14273	2
2272	42	Picture	10	938290	0	1	4145	2	0	4000	other	0
2272	42	Pulse	5	954492	16202	3
2272	43	Picture	10	956361	0	1	4144	3	0	4000	other	0
2272	44	Picture	10	974431	0	2	4145	3	0	4000	other	0
2272	44	Pulse	5	974482	51	2
2272	45	Picture	11	992502	0	1	4145	2	0	4000	hit	92
2272	45	Pulse	5	994481	1979	2
2272	45	Response	1	995921	3419	2
2272	46	Picture	10	1010573	0	1	4144	2	0	4000	other	0
2272	46	Pulse	5	1014481	3908	1
2272	47	Picture	10	1028643	0	1	4145	2	0	4000	other	0
2272	47	Pulse	5	1034470	5827	2
2272	48	Picture	11	1046714	0	1	4144	3	0	4000	hit	98
2272	48	Response	1	1050309	3595	2
2272	48	Pulse	5	1054469	7755	2
2272	49	Picture	10	1064784	0	1	4145	2	0	4000	other	0
2272	49	Pulse	5	1074469	9685	2
2272	50	Picture	10	1082855	0	1	4144	3	0	4000	other	0
2272	50	Pulse	5	1094458	11603	2
2272	51	Picture	10	1100926	0	1	4144	2	0	4000	other	0
2272	51	Pulse	5	1114457	13531	2
2272	52	Picture	10	1118996	0	1	4145	2	0	4000	other	0
2272	52	Pulse	5	1134457	15461	2
2272	53	Pulse	5	1154446	17379	2
2272	54	Picture	20	1162100	0	1	4145	2	0	4000	other	0
2272	54	Pulse	5	1174446	12346	1
2272	55	Picture	20	1180171	0	1	4144	3	0	4000	other	0
2272	55	Pulse	5	1194446	14275	1
2272	56	Picture	21	1198241	0	2	4145	3	0	4000	hit	114
2272	56	Response	1	1201485	3244	2
2272	56	Pulse	5	1214434	16193	3
2272	57	Picture	20	1216312	0	1	4145	2	0	4000	other	0
2272	58	Picture	20	1234383	0	1	4144	2	0	4000	other	0
2272	58	Pulse	5	1234434	51	2
2272	59	Picture	20	1252453	0	1	4145	2	0	4000	other	0
2272	59	Pulse	5	1254433	1980	2
2272	60	Picture	21	1270524	0	1	4144	3	0	4000	hit	123
2272	60	Pulse	5	1274422	3898	3
2272	60	Response	1	1275382	4858	3
2272	61	Picture	20	1288594	0	1	4145	2	0	4000	other	0
2272	61	Pulse	5	1294422	5828	2
2272	62	Picture	20	1306665	0	1	4144	3	0	4000	other	0
2272	62	Pulse	5	1314421	7756	2
2272	63	Picture	20	1324735	0	2	4145	3	0	4000	other	0
2272	63	Pulse	5	1334411	9676	1
2272	64	Picture	20	1342806	0	1	4145	2	0	4000	other	0
2272	64	Pulse	5	1354410	11604	2
2272	65	Picture	20	1360877	0	1	4144	2	0	4000	other	0
2272	65	Pulse	5	1374409	13532	2
2272	66	Picture	21	1378947	0	1	4145	2	0	4000	hit	135
2272	66	Response	1	1382409	3462	2
2272	66	Pulse	5	1394399	15452	2
2272	67	Picture	20	1397018	0	1	4144	3	0	4000	other	0
2272	67	Pulse	5	1414398	17380	2
2272	68	Picture	20	1415088	0	1	4145	2	0	4000	other	0
2272	69	Picture	21	1433159	0	1	4145	2	0	4000	hit	142
2272	69	Pulse	5	1434397	1238	3
2272	69	Response	1	1437757	4598	3
2272	70	Pulse	5	1454387	3158	2
2272	70	Pulse	5	1474386	23157	2
2272	71	Picture	10	1476263	0	1	4145	2	0	4000	other	0
2272	72	Picture	10	1494334	0	1	4144	2	0	4000	other	0
2272	72	Pulse	5	1494386	52	1
2272	73	Picture	11	1512404	0	1	4145	2	0	4000	hit	150
2272	73	Pulse	5	1514375	1971	2
2272	73	Response	1	1516135	3731	2
2272	74	Picture	10	1530474	0	2	4145	4	0	4000	other	0
2272	74	Pulse	5	1534374	3900	3
2272	75	Picture	11	1548545	0	2	4145	3	0	4000	hit	154
2272	75	Response	1	1553094	4549	1
2272	75	Pulse	5	1554534	5989	2
2272	76	Picture	10	1566616	0	1	4145	2	0	4000	other	0
2272	76	Pulse	5	1574523	7907	2
2272	77	Picture	10	1584687	0	1	4144	2	0	4000	other	0
2272	77	Pulse	5	1594522	9835	3
2272	78	Picture	11	1602757	0	1	4145	2	0	4000	hit	161
2272	78	Response	1	1606842	4085	2
2272	78	Pulse	5	1614522	11765	2
2272	79	Picture	10	1620828	0	1	4144	3	0	4000	other	0
2272	79	Pulse	5	1634511	13683	2
2272	80	Picture	10	1638898	0	2	4145	3	0	4000	other	0
2272	80	Pulse	5	1654511	15613	1
2272	81	Picture	10	1656969	0	1	4144	3	0	4000	other	0
2272	81	Pulse	5	1674510	17541	2
2272	82	Picture	10	1675040	0	1	4144	2	0	4000	other	0
2272	83	Picture	10	1693109	0	2	4146	3	0	4000	other	0
2272	83	Pulse	5	1694499	1390	2
2272	84	Picture	11	1711181	0	1	4144	2	0	4000	hit	174
2272	84	Pulse	5	1714499	3318	1
2272	84	Response	1	1714979	3798	2
2272	85	Picture	10	1729251	0	1	4145	2	0	4000	other	0
2272	85	Pulse	5	1734498	5247	2
2272	86	Picture	10	1747322	0	1	4144	3	0	4000	other	0
2272	86	Pulse	5	1754488	7166	1
2272	87	Pulse	5	1774487	9095	2
2272	88	Picture	30	1790426	0	1	4144	3	0	4000	other	0
2272	88	Pulse	5	1794486	4060	2
2272	89	Picture	30	1808496	0	2	4145	3	0	4000	other	0
2272	89	Pulse	5	1814476	5980	1
2272	90	Picture	30	1826567	0	1	4145	2	0	4000	other	0
2272	90	Pulse	5	1834475	7908	2
2272	91	Picture	31	1844638	0	1	4144	2	0	4000	hit	187
2272	91	Response	1	1848394	3756	2
2272	91	Pulse	5	1854475	9837	1
2272	92	Picture	31	1862708	0	1	4145	2	0	4000	hit	190
2272	92	Response	1	1868554	5846	2
2272	92	Pulse	5	1874464	11756	2
2272	93	Picture	30	1880779	0	1	4144	3	0	4000	other	0
2272	93	Pulse	5	1894463	13684	2
2272	94	Picture	30	1898849	0	2	4145	3	0	4000	other	0
2272	94	Pulse	5	1914462	15613	3
2272	95	Picture	30	1916920	0	1	4145	2	0	4000	other	0
2272	95	Pulse	5	1934452	17532	2
2272	96	Picture	31	1934991	0	1	4144	2	0	4000	hit	199
2272	96	Response	1	1937972	2981	1
2272	97	Picture	30	1953061	0	1	4145	2	0	4000	other	0
2272	97	Pulse	5	1954451	1390	2
2272	98	Picture	30	1971132	0	1	4144	3	0	4000	other	0
2272	98	Pulse	5	1974450	3318	2
2272	99	Picture	30	1989202	0	2	4145	3	0	4000	other	0
2272	99	Pulse	5	1994441	5239	1
2272	100	Picture	30	2007273	0	1	4144	3	0	4000	other	0
2272	100	Pulse	5	2014439	7166	2
2272	101	Picture	31	2025343	0	2	4145	3	0	4000	miss	0
2272	101	Pulse	5	2034439	9096	1
2272	102	Picture	30	2043414	0	1	4144	3	0	4000	other	0
2272	102	Pulse	5	2054428	11014	2
2272	103	Picture	30	2061485	0	1	4144	10	0	4000	other	0
2272	103	Pulse	5	2074427	12942	2
2272	104	Pulse	5	2094427	14872	2
2272	105	Picture	10	2104589	0	1	4144	3	0	4000	other	0
2272	105	Pulse	5	2114416	9827	2
2272	106	Picture	10	2122659	0	2	4145	3	0	4000	other	0
2272	106	Pulse	5	2134415	11756	2
2272	107	Picture	11	2140730	0	1	4145	2	0	4000	hit	220
2272	107	Response	1	2144336	3606	1
2272	107	Pulse	5	2154415	13685	2
2272	108	Picture	10	2158800	0	2	4145	3	0	4000	other	0
2272	108	Pulse	5	2174404	15604	2
2272	109	Picture	11	2176871	0	1	4145	2	0	4000	hit	225
2272	109	Response	1	2180964	4093	2
2272	109	Pulse	5	2194404	17533	1
2272	110	Picture	10	2194942	0	1	4144	2	0	4000	other	0
2272	111	Picture	10	2213012	0	1	4145	2	0	4000	other	0
2272	111	Pulse	5	2214403	1391	2
2272	112	Picture	11	2231083	0	1	4144	3	0	4000	hit	232
2272	112	Pulse	5	2234393	3310	1
2272	112	Response	1	2236152	5069	2
2272	113	Picture	10	2249153	0	2	4145	3	0	4000	other	0
2272	113	Pulse	5	2254392	5239	2
2272	114	Picture	10	2267224	0	1	4145	2	0	4000	other	0
2272	114	Pulse	5	2274391	7167	2
2272	115	Picture	10	2285295	0	1	4144	2	0	4000	other	0
2272	115	Pulse	5	2294380	9085	3
2272	116	Picture	10	2303365	0	1	4145	2	0	4000	other	0
2272	116	Pulse	5	2314380	11015	2
2272	117	Picture	10	2321436	0	1	4143	4	0	4000	other	0
2272	117	Pulse	5	2334379	12943	2
2272	118	Picture	11	2339506	0	1	4145	2	0	4000	hit	244
2272	118	Response	1	2343019	3513	2
2272	118	Pulse	5	2354368	14862	3
2272	119	Picture	10	2357577	0	1	4145	2	0	4000	other	0
2272	119	Pulse	5	2374368	16791	3
2272	120	Picture	10	2375648	0	1	4144	2	0	4000	other	0
2272	121	Pulse	5	2394367	649	3
2272	121	Pulse	5	2414357	20639	2
2272	122	Picture	20	2418752	0	1	4144	2	0	4000	other	0
2272	122	Pulse	5	2434356	15604	2
2272	123	Picture	20	2436822	0	1	4145	2	0	4000	other	0
2272	123	Pulse	5	2454355	17533	2
2272	124	Picture	20	2454893	0	1	4144	3	0	4000	other	0
2272	125	Picture	21	2472963	0	2	4145	3	0	4000	hit	258
2272	125	Pulse	5	2474345	1382	2
2272	125	Response	1	2475945	2982	2
2272	126	Picture	20	2491034	0	1	4145	2	0	4000	other	0
2272	126	Pulse	5	2494344	3310	2
2272	127	Picture	20	2509105	0	1	4144	2	0	4000	other	0
2272	127	Pulse	5	2514344	5239	1
2272	128	Picture	21	2527175	0	1	4145	2	0	4000	hit	264
2272	128	Response	1	2531453	4278	2
2272	128	Pulse	5	2534334	7159	1
2272	129	Picture	20	2545246	0	1	4144	3	0	4000	other	0
2272	129	Pulse	5	2554332	9086	2
2272	130	Picture	20	2563316	0	2	4145	3	0	4000	other	0
2272	130	Pulse	5	2574332	11016	2
2272	131	Picture	20	2581387	0	1	4144	3	0	4000	other	0
2272	131	Pulse	5	2594481	13094	2
2272	132	Picture	21	2599457	0	2	4145	3	0	4000	hit	273
2272	132	Response	1	2605201	5744	2
2272	132	Pulse	5	2614480	15023	2
2272	133	Picture	20	2617528	0	1	4145	2	0	4000	other	0
2272	133	Pulse	5	2634481	16953	1
2272	134	Picture	20	2635599	0	1	4144	2	0	4000	other	0
2272	135	Picture	21	2653669	0	2	4145	3	0	4000	hit	280
2272	135	Pulse	5	2654469	800	2
2272	135	Response	1	2657668	3999	4
2272	136	Picture	20	2671740	0	1	4144	3	0	4000	other	0
2272	136	Pulse	5	2674469	2729	1
2272	137	Picture	20	2689810	0	2	4145	3	0	4000	other	0
2272	137	Pulse	5	2694468	4658	2
