Scenario - 1-back
Logfile written - 04/16/2015 15:57:04

Subject	Trial	Event Type	Code	Time	TTime	Uncertainty	Duration	Uncertainty	ReqTime	ReqDur	Stim Type	Pair Index

2277	1	Pulse	5	158330	168152	1
2277	2	Pulse	5	178319	19971	2
2277	3	Picture	10	183414	0	1	4089	2	0	4000	other	0
2277	3	Pulse	5	198318	14904	1
2277	4	Picture	10	201547	0	1	4088	3	0	4000	other	0
2277	4	Pulse	5	218318	16771	1
2277	5	Picture	11	219679	0	2	4089	3	0	4000	hit	8
2277	5	Response	1	222318	2639	1
2277	6	Picture	10	237812	0	1	4089	2	0	4000	false_alarm	11
2277	6	Pulse	5	238308	496	1
2277	6	Response	1	252547	14735	2
2277	7	Picture	11	255945	0	1	4088	3	0	4000	miss	0
2277	7	Pulse	5	258307	2362	1
2277	8	Picture	10	274077	0	1	4089	2	0	4000	other	0
2277	8	Pulse	5	278305	4228	2
2277	9	Picture	10	292210	0	1	4089	2	0	4000	other	0
2277	9	Pulse	5	298295	6085	2
2277	10	Picture	10	310343	0	1	4088	2	0	4000	other	0
2277	10	Pulse	5	318294	7951	2
2277	11	Picture	11	328475	0	2	4089	3	0	4000	hit	21
2277	11	Response	1	331094	2619	2
2277	11	Pulse	5	338294	9819	1
2277	12	Picture	10	346608	0	1	4089	2	0	4000	other	0
2277	12	Pulse	5	358283	11675	2
2277	13	Picture	10	364740	0	2	4089	4	0	4000	other	0
2277	13	Pulse	5	378283	13543	1
2277	14	Picture	11	382873	0	1	4089	2	0	4000	hit	28
2277	14	Response	1	387882	5009	2
2277	14	Pulse	5	398281	15408	3
2277	15	Picture	10	401006	0	1	4089	2	0	4000	other	0
2277	15	Pulse	5	418271	17265	2
2277	16	Picture	10	419139	0	1	4088	2	0	4000	other	0
2277	17	Picture	10	437271	0	1	4089	2	0	4000	other	0
2277	17	Pulse	5	438271	1000	2
2277	18	Picture	10	455404	0	1	4088	3	0	4000	other	0
2277	18	Pulse	5	458270	2866	2
2277	19	Pulse	5	478260	4724	2
2277	19	Pulse	5	498259	24723	2
2277	20	Picture	30	498602	0	1	4089	2	0	4000	other	0
2277	21	Picture	30	516735	0	1	4089	2	0	4000	other	0
2277	21	Pulse	5	518419	1684	1
2277	22	Picture	31	534867	0	2	4089	3	0	4000	hit	44
2277	22	Pulse	5	538408	3541	2
2277	22	Response	1	545128	10261	2
2277	23	Picture	30	553000	0	1	4089	2	0	4000	other	0
2277	23	Pulse	5	558407	5407	2
2277	24	Picture	30	571133	0	1	4089	2	0	4000	other	0
2277	24	Pulse	5	578407	7274	2
2277	25	Picture	30	589265	0	2	4089	3	0	4000	other	0
2277	25	Pulse	5	598396	9131	2
2277	26	Picture	31	607398	0	1	4089	2	0	4000	hit	52
2277	26	Response	1	617116	9718	2
2277	26	Pulse	5	618396	10998	2
2277	27	Picture	31	625531	0	1	4088	3	0	4000	hit	55
2277	27	Response	1	630395	4864	2
2277	27	Pulse	5	638395	12864	2
2277	28	Picture	30	643663	0	2	4089	3	0	4000	false_alarm	58
2277	28	Response	1	657745	14082	1
2277	28	Pulse	5	658385	14722	1
2277	29	Picture	30	661796	0	1	4089	2	0	4000	other	0
2277	29	Pulse	5	678385	16589	1
2277	30	Picture	30	679929	0	1	4088	3	0	4000	other	0
2277	31	Picture	31	698061	0	1	4089	2	0	4000	hit	65
2277	31	Pulse	5	698383	322	2
2277	31	Response	1	703983	5922	2
2277	32	Picture	30	716194	0	1	4089	2	0	4000	other	0
2277	32	Pulse	5	718373	2179	2
2277	33	Picture	30	734327	0	1	4088	2	0	4000	other	0
2277	33	Pulse	5	738372	4045	2
2277	34	Picture	30	752459	0	1	4089	2	0	4000	other	0
2277	34	Pulse	5	758372	5913	2
2277	35	Picture	30	770592	0	1	4089	2	0	4000	other	0
2277	35	Pulse	5	778361	7769	2
2277	36	Pulse	5	798361	9636	1
2277	37	Picture	10	813790	0	2	4089	3	0	4000	other	0
2277	37	Pulse	5	818360	4570	2
2277	38	Picture	10	831923	0	1	4089	2	0	4000	other	0
2277	38	Pulse	5	838350	6427	1
2277	39	Picture	11	850056	0	1	4088	2	0	4000	hit	80
2277	39	Response	1	854829	4773	2
2277	39	Pulse	5	858349	8293	2
2277	40	Picture	10	868188	0	1	4089	2	0	4000	other	0
2277	40	Pulse	5	878348	10160	2
2277	41	Picture	11	886321	0	1	4089	2	0	4000	hit	85
2277	41	Response	1	889218	2897	2
2277	41	Pulse	5	898338	12017	2
2277	42	Picture	10	904453	0	2	4089	3	0	4000	other	0
2277	42	Pulse	5	918337	13884	2
2277	43	Picture	10	922586	0	1	4089	2	0	4000	other	0
2277	43	Pulse	5	938337	15751	2
2277	44	Picture	10	940719	0	1	4089	2	0	4000	other	0
2277	44	Pulse	5	958326	17607	2
2277	45	Picture	11	958851	0	2	4089	3	0	4000	hit	94
2277	45	Response	1	963926	5075	2
2277	46	Picture	10	976984	0	1	4089	2	0	4000	other	0
2277	46	Pulse	5	978326	1342	1
2277	47	Picture	10	995117	0	1	4088	3	0	4000	other	0
2277	47	Pulse	5	998325	3208	2
2277	48	Picture	11	1013249	0	2	4089	3	0	4000	hit	100
2277	48	Response	1	1018154	4905	2
2277	48	Pulse	5	1018315	5066	1
2277	49	Picture	10	1031382	0	1	4089	2	0	4000	other	0
2277	49	Pulse	5	1038314	6932	2
2277	50	Picture	10	1049515	0	1	4088	3	0	4000	other	0
2277	50	Pulse	5	1058313	8798	2
2277	51	Picture	10	1067647	0	2	4089	3	0	4000	other	0
2277	51	Pulse	5	1078303	10656	2
2277	52	Picture	10	1085780	0	1	4089	2	0	4000	other	0
2277	52	Pulse	5	1098302	12522	2
2277	53	Pulse	5	1118302	14389	1
2277	54	Picture	20	1128978	0	1	4089	2	0	4000	other	0
2277	54	Pulse	5	1138291	9313	2
2277	55	Picture	20	1147111	0	1	4089	2	0	4000	other	0
2277	55	Pulse	5	1158290	11179	2
2277	56	Picture	21	1165244	0	1	4088	3	0	4000	hit	116
2277	56	Response	1	1171730	6486	2
2277	56	Pulse	5	1178290	13046	2
2277	57	Picture	20	1183376	0	2	4089	3	0	4000	other	0
2277	57	Pulse	5	1198279	14903	2
2277	58	Picture	20	1201509	0	2	4089	3	0	4000	other	0
2277	58	Pulse	5	1218279	16770	2
2277	59	Picture	20	1219642	0	1	4088	3	0	4000	other	0
2277	60	Picture	21	1237774	0	1	4089	2	0	4000	hit	125
2277	60	Pulse	5	1238280	506	1
2277	60	Response	1	1244359	6585	2
2277	61	Picture	20	1255907	0	1	4089	2	0	4000	other	0
2277	61	Pulse	5	1258269	2362	1
2277	62	Picture	20	1274039	0	2	4089	4	0	4000	other	0
2277	62	Pulse	5	1278268	4229	2
2277	63	Picture	20	1292172	0	1	4089	2	0	4000	other	0
2277	63	Pulse	5	1298267	6095	1
2277	64	Picture	20	1310305	0	1	4088	3	0	4000	other	0
2277	64	Pulse	5	1318256	7951	2
2277	65	Picture	20	1328437	0	2	4089	3	0	4000	other	0
2277	65	Pulse	5	1338255	9818	3
2277	66	Picture	21	1346570	0	1	4089	2	0	4000	hit	137
2277	66	Response	1	1352015	5445	2
2277	66	Pulse	5	1358255	11685	2
2277	67	Picture	20	1364703	0	1	4088	3	0	4000	other	0
2277	67	Pulse	5	1378245	13542	1
2277	68	Picture	20	1382835	0	2	4089	3	0	4000	other	0
2277	68	Pulse	5	1398244	15409	2
2277	69	Picture	21	1400968	0	1	4089	2	0	4000	hit	144
2277	69	Response	1	1406883	5915	2
2277	69	Pulse	5	1418243	17275	2
2277	70	Pulse	5	1438233	19132	1
2277	71	Picture	10	1444166	0	2	4089	3	0	4000	other	0
2277	71	Pulse	5	1458232	14066	2
2277	72	Picture	10	1462299	0	1	4089	2	0	4000	other	0
2277	72	Pulse	5	1478231	15932	2
2277	73	Picture	11	1480432	0	1	4088	3	0	4000	hit	152
2277	73	Response	1	1483991	3559	2
2277	73	Pulse	5	1498221	17789	2
2277	74	Picture	10	1498564	0	2	4089	3	0	4000	other	0
2277	75	Picture	11	1516697	0	1	4089	2	0	4000	hit	157
2277	75	Pulse	5	1518220	1523	2
2277	75	Response	1	1520940	4243	2
2277	76	Picture	10	1534829	0	2	4089	4	0	4000	other	0
2277	76	Pulse	5	1538220	3391	2
2277	77	Picture	10	1552962	0	2	4089	3	0	4000	other	0
2277	77	Pulse	5	1558369	5407	3
2277	78	Picture	11	1571095	0	1	4089	2	0	4000	hit	163
2277	78	Response	1	1575170	4075	1
2277	78	Pulse	5	1578368	7273	2
2277	79	Picture	10	1589227	0	2	4089	4	0	4000	other	0
2277	79	Pulse	5	1598368	9141	2
2277	80	Picture	10	1607360	0	1	4089	2	0	4000	other	0
2277	80	Pulse	5	1618358	10998	1
2277	81	Picture	10	1625493	0	1	4089	2	0	4000	other	0
2277	81	Pulse	5	1638357	12864	2
2277	82	Picture	10	1643625	0	2	4089	3	0	4000	other	0
2277	82	Pulse	5	1658356	14731	2
2277	83	Picture	10	1661758	0	1	4089	2	0	4000	other	0
2277	83	Pulse	5	1678346	16588	2
2277	84	Picture	11	1679891	0	1	4089	2	0	4000	hit	176
2277	84	Response	1	1683786	3895	2
2277	85	Picture	10	1698023	0	2	4089	3	0	4000	other	0
2277	85	Pulse	5	1698346	323	1
2277	86	Picture	10	1716156	0	1	4089	2	0	4000	other	0
2277	86	Pulse	5	1718345	2189	2
2277	87	Pulse	5	1738334	4045	2
2277	87	Pulse	5	1758334	24045	1
2277	88	Picture	30	1759354	0	2	4089	3	0	4000	other	0
2277	89	Picture	30	1777487	0	1	4089	2	0	4000	other	0
2277	89	Pulse	5	1778333	846	2
2277	90	Picture	30	1795620	0	1	4089	2	0	4000	other	0
2277	90	Pulse	5	1798322	2702	2
2277	91	Picture	31	1813753	0	1	4088	2	0	4000	hit	190
2277	91	Pulse	5	1818322	4569	2
2277	91	Response	1	1823762	10009	2
2277	92	Picture	31	1831885	0	1	4089	2	0	4000	hit	193
2277	92	Pulse	5	1838321	6436	2
2277	92	Response	1	1842321	10436	2
2277	93	Picture	30	1850018	0	1	4088	3	0	4000	other	0
2277	93	Pulse	5	1858311	8293	2
2277	94	Picture	30	1868150	0	2	4089	3	0	4000	other	0
2277	94	Pulse	5	1878310	10160	2
2277	95	Picture	30	1886283	0	1	4089	2	0	4000	other	0
2277	95	Pulse	5	1898310	12027	2
2277	96	Picture	31	1904416	0	1	4088	3	0	4000	hit	201
2277	96	Response	1	1912059	7643	2
2277	96	Pulse	5	1918299	13883	2
2277	97	Picture	30	1922548	0	2	4089	3	0	4000	other	0
2277	97	Pulse	5	1938299	15751	1
2277	98	Picture	30	1940681	0	1	4089	2	0	4000	other	0
2277	98	Pulse	5	1958298	17617	2
2277	99	Picture	30	1958814	0	1	4088	3	0	4000	other	0
2277	100	Picture	30	1976946	0	1	4089	2	0	4000	other	0
2277	100	Pulse	5	1978287	1341	2
2277	101	Picture	31	1995079	0	1	4089	2	0	4000	hit	212
2277	101	Pulse	5	1998287	3208	2
2277	101	Response	1	2001167	6088	2
2277	102	Picture	30	2013212	0	1	4088	3	0	4000	other	0
2277	102	Pulse	5	2018287	5075	1
2277	103	Picture	30	2031344	0	1	4089	2	0	4000	other	0
2277	103	Pulse	5	2038276	6932	2
2277	104	Pulse	5	2058275	8798	2
2277	105	Picture	10	2074543	0	1	4088	2	0	4000	other	0
2277	105	Pulse	5	2078275	3732	1
2277	106	Picture	10	2092675	0	1	4089	2	0	4000	other	0
2277	106	Pulse	5	2098264	5589	2
2277	107	Picture	11	2110808	0	1	4089	2	0	4000	hit	223
2277	107	Response	1	2115064	4256	2
2277	107	Pulse	5	2118263	7455	2
2277	108	Picture	10	2128940	0	2	4089	4	0	4000	other	0
2277	108	Pulse	5	2138263	9323	2
2277	109	Picture	11	2147073	0	1	4089	2	0	4000	hit	228
2277	109	Response	1	2151373	4300	1
2277	109	Pulse	5	2158252	11179	2
2277	110	Picture	10	2165206	0	1	4089	2	0	4000	other	0
2277	110	Pulse	5	2178252	13046	2
2277	111	Picture	10	2183339	0	1	4088	2	0	4000	other	0
2277	111	Pulse	5	2198251	14912	2
2277	112	Picture	11	2201471	0	1	4089	2	0	4000	hit	235
2277	112	Response	1	2206402	4931	1
2277	112	Pulse	5	2218241	16770	1
2277	113	Picture	10	2219604	0	1	4089	2	0	4000	other	0
2277	114	Picture	10	2237736	0	2	4089	3	0	4000	other	0
2277	114	Pulse	5	2238240	504	2
2277	115	Picture	10	2255869	0	1	4089	2	0	4000	other	0
2277	115	Pulse	5	2258241	2372	1
2277	116	Picture	10	2274002	0	1	4089	2	0	4000	other	0
2277	116	Pulse	5	2278230	4228	1
2277	117	Picture	10	2292134	0	2	4089	3	0	4000	other	0
2277	117	Pulse	5	2298230	6096	1
2277	118	Picture	11	2310267	0	1	4089	2	0	4000	miss	0
2277	118	Pulse	5	2318228	7961	2
2277	119	Picture	10	2328400	0	1	4088	3	0	4000	other	0
2277	119	Pulse	5	2338217	9817	2
2277	120	Picture	10	2346532	0	2	4089	3	0	4000	other	0
2277	120	Pulse	5	2358217	11685	1
2277	121	Pulse	5	2378216	13551	2
2277	122	Picture	20	2389731	0	1	4088	3	0	4000	other	0
2277	122	Pulse	5	2398206	8475	1
2277	123	Picture	20	2407863	0	2	4089	3	0	4000	other	0
2277	123	Pulse	5	2418205	10342	2
2277	124	Picture	20	2425996	0	1	4089	2	0	4000	other	0
2277	124	Pulse	5	2438204	12208	2
2277	125	Picture	21	2444129	0	1	4088	3	0	4000	hit	260
2277	125	Response	1	2449074	4945	2
2277	125	Pulse	5	2458194	14065	2
2277	126	Picture	20	2462261	0	2	4089	3	0	4000	other	0
2277	126	Pulse	5	2478194	15933	1
2277	127	Picture	20	2480394	0	1	4088	3	0	4000	other	0
2277	127	Pulse	5	2498193	17799	2
2277	128	Picture	21	2498527	0	1	4088	2	0	4000	hit	267
2277	128	Response	1	2504754	6227	1
2277	129	Picture	20	2516659	0	1	4089	2	0	4000	other	0
2277	129	Pulse	5	2518182	1523	2
2277	130	Picture	20	2534792	0	1	4089	2	0	4000	other	0
2277	130	Pulse	5	2538182	3390	1
2277	131	Picture	20	2552925	0	1	4088	2	0	4000	other	0
2277	131	Pulse	5	2558181	5256	2
2277	132	Picture	21	2571057	0	1	4089	2	0	4000	hit	275
2277	132	Response	1	2576570	5513	2
2277	132	Pulse	5	2578170	7113	3
2277	133	Picture	20	2589190	0	1	4089	2	0	4000	other	0
2277	133	Pulse	5	2598330	9140	2
2277	134	Picture	20	2607322	0	2	4089	3	0	4000	other	0
2277	134	Pulse	5	2618329	11007	2
2277	135	Picture	21	2625455	0	1	4089	2	0	4000	hit	282
2277	135	Response	1	2631920	6465	1
2277	135	Pulse	5	2638319	12864	2
2277	136	Picture	20	2643588	0	1	4088	3	0	4000	other	0
2277	136	Pulse	5	2658318	14730	2
2277	137	Picture	20	2661720	0	2	4089	3	0	4000	other	0
