Scenario - 1-back
Logfile written - 04/16/2015 15:52:33

Subject	Trial	Event Type	Code	Time	TTime	Uncertainty	Duration	Uncertainty	ReqTime	ReqDur	Stim Type	Pair Index

2277	1	Pulse	5	113828	123650	1
2277	2	Pulse	5	133827	19921	2
2277	3	Picture	10	138971	0	1	4089	2	0	4000	other	0
2277	3	Pulse	5	153816	14845	2
2277	4	Picture	10	157104	0	1	4089	2	0	4000	other	0
2277	4	Pulse	5	173816	16712	2
2277	5	Picture	11	175237	0	1	4088	3	0	4000	hit	8
2277	5	Response	1	177656	2419	2
2277	6	Picture	10	193369	0	1	4089	2	0	4000	false_alarm	11
2277	6	Pulse	5	193815	446	2
2277	6	Response	1	211245	17876	2
2277	7	Picture	11	211502	0	1	4089	2	0	4000	miss	0
2277	7	Pulse	5	213805	2303	2
2277	8	Picture	10	229635	0	1	4088	2	0	4000	other	0
2277	8	Pulse	5	233804	4169	2
2277	9	Picture	10	247767	0	1	4089	2	0	4000	other	0
2277	9	Pulse	5	253804	6037	1
2277	10	Picture	10	265900	0	1	4088	3	0	4000	other	0
2277	10	Pulse	5	273793	7893	2
2277	11	Picture	11	284032	0	2	4089	3	0	4000	hit	21
2277	11	Response	1	286913	2881	2
2277	11	Pulse	5	293793	9761	1
2277	12	Picture	10	302165	0	1	4089	2	0	4000	other	0
2277	12	Pulse	5	313792	11627	2
2277	13	Picture	10	320298	0	1	4088	3	0	4000	other	0
2277	13	Pulse	5	333781	13483	2
2277	14	Picture	11	338430	0	2	4089	3	0	4000	hit	28
2277	14	Response	1	342741	4311	2
2277	14	Pulse	5	353781	15351	2
2277	15	Picture	10	356563	0	1	4089	2	0	4000	other	0
2277	15	Pulse	5	373780	17217	2
2277	16	Picture	10	374696	0	1	4088	3	0	4000	other	0
2277	17	Picture	10	392828	0	2	4089	3	0	4000	other	0
2277	17	Pulse	5	393770	942	2
2277	18	Picture	10	410961	0	1	4088	3	0	4000	other	0
2277	18	Pulse	5	413769	2808	2
2277	19	Response	1	432489	3395	1
2277	19	Pulse	5	433769	4675	1
2277	19	Pulse	5	453758	24664	2
2277	20	Picture	20	454159	0	2	4089	3	0	4000	other	0
2277	21	Picture	20	472292	0	1	4089	2	0	4000	other	0
2277	21	Pulse	5	473757	1465	2
2277	22	Picture	21	490425	0	1	4088	3	0	4000	hit	45
2277	22	Pulse	5	493757	3332	2
2277	22	Response	1	494717	4292	2
2277	23	Picture	20	508557	0	2	4088	4	0	4000	other	0
2277	23	Pulse	5	513746	5189	2
2277	24	Picture	20	526690	0	1	4089	2	0	4000	other	0
2277	24	Pulse	5	533746	7056	2
2277	25	Picture	20	544823	0	1	4088	2	0	4000	other	0
2277	25	Pulse	5	553745	8922	2
2277	26	Picture	21	562955	0	1	4089	3	0	4000	hit	53
2277	26	Response	1	568615	5660	2
2277	26	Pulse	5	573735	10780	1
2277	27	Picture	20	581088	0	1	4089	2	0	4000	other	0
2277	27	Pulse	5	593734	12646	2
2277	28	Picture	20	599221	0	1	4088	3	0	4000	other	0
2277	28	Pulse	5	613725	14504	1
2277	29	Picture	20	617353	0	1	4089	2	0	4000	other	0
2277	29	Pulse	5	633724	16371	1
2277	30	Picture	20	635486	0	1	4089	2	0	4000	other	0
2277	31	Picture	20	653619	0	1	4088	2	0	4000	other	0
2277	31	Pulse	5	653724	105	1
2277	32	Picture	21	671751	0	1	4089	2	0	4000	hit	66
2277	32	Pulse	5	673723	1972	1
2277	32	Response	1	676753	5002	1
2277	33	Picture	20	689884	0	1	4089	2	0	4000	other	0
2277	33	Pulse	5	693711	3827	2
2277	34	Picture	20	708016	0	2	4089	3	0	4000	other	0
2277	34	Pulse	5	713711	5695	1
2277	35	Picture	21	726149	0	1	4089	2	0	4000	hit	72
2277	35	Response	1	732270	6121	2
2277	35	Pulse	5	733710	7561	2
2277	36	Pulse	5	753700	9418	1
2277	37	Picture	10	769347	0	2	4089	3	0	4000	other	0
2277	37	Pulse	5	773699	4352	2
2277	38	Picture	10	787480	0	1	4089	2	0	4000	other	0
2277	38	Pulse	5	793698	6218	2
2277	39	Picture	11	805613	0	1	4088	3	0	4000	hit	80
2277	39	Response	1	807768	2155	2
2277	39	Pulse	5	813688	8075	2
2277	40	Picture	10	823745	0	2	4089	3	0	4000	false_alarm	84
2277	40	Pulse	5	833687	9942	2
2277	40	Response	1	836407	12662	2
2277	41	Picture	11	841878	0	1	4089	2	0	4000	miss	0
2277	41	Pulse	5	853687	11809	2
2277	42	Picture	10	860011	0	1	4088	3	0	4000	other	0
2277	42	Pulse	5	873676	13665	2
2277	43	Picture	10	878143	0	1	4089	2	0	4000	other	0
2277	43	Pulse	5	893676	15533	1
2277	44	Picture	10	896276	0	1	4089	2	0	4000	other	0
2277	44	Pulse	5	913675	17399	2
2277	45	Picture	11	914409	0	1	4088	3	0	4000	hit	94
2277	45	Response	1	917505	3096	2
2277	46	Picture	10	932541	0	1	4089	2	0	4000	other	0
2277	46	Pulse	5	933664	1123	2
2277	47	Picture	10	950674	0	1	4089	2	0	4000	other	0
2277	47	Pulse	5	953664	2990	2
2277	48	Picture	11	968807	0	1	4088	2	0	4000	hit	100
2277	48	Response	1	972703	3896	2
2277	48	Pulse	5	973663	4856	2
2277	49	Picture	10	986939	0	1	4089	2	0	4000	other	0
2277	49	Pulse	5	993653	6714	2
2277	50	Picture	10	1005072	0	1	4089	2	0	4000	other	0
2277	50	Pulse	5	1013652	8580	2
2277	51	Picture	10	1023205	0	1	4088	2	0	4000	other	0
2277	51	Pulse	5	1033652	10447	1
2277	52	Picture	10	1041337	0	1	4089	2	0	4000	other	0
2277	52	Pulse	5	1053641	12304	2
2277	53	Pulse	5	1073641	14171	1
2277	54	Picture	30	1084535	0	2	4089	3	0	4000	other	0
2277	54	Pulse	5	1093640	9105	2
2277	55	Picture	30	1102668	0	1	4089	2	0	4000	other	0
2277	55	Pulse	5	1113629	10961	2
2277	56	Picture	31	1120801	0	1	4089	2	0	4000	hit	116
2277	56	Response	1	1126269	5468	2
2277	56	Pulse	5	1133629	12828	2
2277	57	Picture	30	1138933	0	2	4089	3	0	4000	other	0
2277	57	Pulse	5	1153788	14855	2
2277	58	Picture	30	1157066	0	1	4089	2	0	4000	other	0
2277	58	Pulse	5	1173778	16712	2
2277	59	Picture	30	1175199	0	1	4089	2	0	4000	other	0
2277	60	Picture	31	1193331	0	2	4089	3	0	4000	hit	125
2277	60	Pulse	5	1193777	446	2
2277	60	Response	1	1202257	8926	2
2277	61	Picture	31	1211464	0	1	4089	2	0	4000	hit	128
2277	61	Pulse	5	1213777	2313	1
2277	61	Response	1	1217926	6462	2
2277	62	Picture	30	1229597	0	1	4088	3	0	4000	other	0
2277	62	Pulse	5	1233766	4169	2
2277	63	Picture	30	1247729	0	1	4089	2	0	4000	other	0
2277	63	Pulse	5	1253766	6037	1
2277	64	Picture	30	1265862	0	1	4089	2	0	4000	other	0
2277	64	Pulse	5	1273766	7904	1
2277	65	Picture	31	1283995	0	2	4088	4	0	4000	hit	136
2277	65	Response	1	1291354	7359	2
2277	65	Pulse	5	1293754	9759	2
2277	66	Picture	30	1302127	0	1	4089	2	0	4000	other	0
2277	66	Pulse	5	1313754	11627	2
2277	67	Picture	30	1320260	0	1	4089	2	0	4000	other	0
2277	67	Pulse	5	1333753	13493	2
2277	68	Picture	30	1338393	0	1	4088	2	0	4000	other	0
2277	68	Pulse	5	1353743	15350	1
2277	69	Picture	30	1356525	0	1	4089	2	0	4000	other	0
2277	69	Pulse	5	1373742	17217	2
2277	70	Pulse	5	1393742	19084	1
2277	71	Picture	10	1399724	0	1	4088	2	0	4000	other	0
2277	71	Pulse	5	1413731	14007	2
2277	72	Picture	10	1417856	0	1	4089	2	0	4000	other	0
2277	72	Pulse	5	1433730	15874	2
2277	73	Picture	11	1435989	0	1	4089	2	0	4000	miss	0
2277	73	Pulse	5	1453730	17741	2
2277	74	Picture	10	1454122	0	1	4088	2	0	4000	other	0
2277	75	Picture	11	1472254	0	1	4089	2	0	4000	hit	156
2277	75	Pulse	5	1473719	1465	2
2277	75	Response	1	1475639	3385	2
2277	76	Picture	10	1490387	0	1	4089	2	0	4000	other	0
2277	76	Pulse	5	1493719	3332	2
2277	77	Picture	10	1508519	0	2	4089	3	0	4000	other	0
2277	77	Pulse	5	1513718	5199	2
2277	78	Picture	11	1526652	0	1	4089	2	0	4000	hit	162
2277	78	Response	1	1531308	4656	1
2277	78	Pulse	5	1533708	7056	1
2277	79	Picture	10	1544785	0	1	4088	3	0	4000	other	0
2277	79	Pulse	5	1553708	8923	1
2277	80	Picture	10	1562917	0	2	4089	3	0	4000	other	0
2277	80	Pulse	5	1573706	10789	2
2277	81	Picture	10	1581050	0	1	4089	2	0	4000	other	0
2277	81	Pulse	5	1593696	12646	2
2277	82	Picture	10	1599183	0	1	4088	3	0	4000	other	0
2277	82	Pulse	5	1613695	14512	2
2277	83	Picture	10	1617315	0	2	4089	3	0	4000	other	0
2277	83	Pulse	5	1633686	16371	1
2277	84	Picture	11	1635448	0	1	4089	2	0	4000	hit	175
2277	84	Response	1	1638965	3517	1
2277	85	Picture	10	1653581	0	1	4088	3	0	4000	other	0
2277	85	Pulse	5	1653686	105	1
2277	86	Picture	10	1671713	0	1	4089	2	0	4000	other	0
2277	86	Pulse	5	1673684	1971	1
2277	87	Pulse	5	1693674	3828	1
2277	87	Pulse	5	1713674	23828	1
2277	88	Picture	20	1714912	0	1	4088	3	0	4000	other	0
2277	89	Picture	20	1733044	0	1	4089	2	0	4000	other	0
2277	89	Pulse	5	1733673	629	1
2277	90	Picture	20	1751177	0	1	4089	2	0	4000	other	0
2277	90	Pulse	5	1753671	2494	2
2277	91	Picture	21	1769309	0	2	4089	4	0	4000	hit	189
2277	91	Pulse	5	1773661	4352	2
2277	91	Response	1	1775421	6112	2
2277	92	Picture	20	1787442	0	1	4089	2	0	4000	other	0
2277	92	Pulse	5	1793660	6218	2
2277	93	Picture	20	1805575	0	1	4089	2	0	4000	other	0
2277	93	Pulse	5	1813660	8085	1
2277	94	Picture	21	1823708	0	1	4088	2	0	4000	hit	195
2277	94	Response	1	1829649	5941	2
2277	94	Pulse	5	1833650	9942	1
2277	95	Picture	20	1841840	0	1	4089	2	0	4000	other	0
2277	95	Pulse	5	1853649	11809	1
2277	96	Picture	20	1859973	0	1	4089	2	0	4000	other	0
2277	96	Pulse	5	1873648	13675	2
2277	97	Picture	20	1878106	0	1	4088	2	0	4000	other	0
2277	97	Pulse	5	1893637	15531	2
2277	98	Picture	21	1896238	0	1	4089	2	0	4000	hit	204
2277	98	Response	1	1902277	6039	2
2277	98	Pulse	5	1913637	17399	2
2277	99	Picture	20	1914371	0	1	4089	2	0	4000	other	0
2277	100	Picture	20	1932503	0	2	4089	3	0	4000	other	0
2277	100	Pulse	5	1933636	1133	2
2277	101	Picture	21	1950636	0	1	4089	2	0	4000	hit	211
2277	101	Pulse	5	1953626	2990	2
2277	101	Response	1	1957626	6990	1
2277	102	Picture	20	1968769	0	1	4088	3	0	4000	other	0
2277	102	Pulse	5	1973625	4856	2
2277	103	Picture	20	1986901	0	2	4089	3	0	4000	other	0
2277	103	Pulse	5	1993625	6724	1
2277	104	Pulse	5	2013614	8580	2
2277	105	Picture	10	2030100	0	1	4089	2	0	4000	other	0
2277	105	Pulse	5	2033613	3513	3
2277	106	Picture	10	2048232	0	2	4089	3	0	4000	other	0
2277	106	Pulse	5	2053613	5381	2
2277	107	Picture	11	2066365	0	1	4089	2	0	4000	hit	222
2277	107	Response	1	2072962	6597	2
2277	107	Pulse	5	2073602	7237	2
2277	108	Picture	10	2084498	0	1	4088	3	0	4000	other	0
2277	108	Pulse	5	2093602	9104	2
2277	109	Picture	11	2102630	0	2	4089	3	0	4000	miss	0
2277	109	Pulse	5	2113601	10971	2
2277	110	Picture	10	2120763	0	1	4089	2	0	4000	other	0
2277	110	Pulse	5	2133591	12828	1
2277	111	Picture	10	2138896	0	1	4088	3	0	4000	other	0
2277	111	Pulse	5	2153590	14694	2
2277	112	Picture	11	2157028	0	1	4089	2	0	4000	hit	233
2277	112	Response	1	2160470	3442	2
2277	112	Pulse	5	2173589	16561	2
2277	113	Picture	10	2175161	0	1	4089	2	0	4000	other	0
2277	114	Picture	10	2193294	0	1	4088	2	0	4000	other	0
2277	114	Pulse	5	2193739	445	2
2277	115	Picture	10	2211426	0	1	4089	2	0	4000	other	0
2277	115	Pulse	5	2213738	2312	2
2277	116	Picture	10	2229559	0	1	4089	2	0	4000	other	0
2277	116	Pulse	5	2233738	4179	2
2277	117	Picture	10	2247692	0	1	4088	2	0	4000	other	0
2277	117	Pulse	5	2253727	6035	2
2277	118	Picture	11	2265824	0	1	4089	2	0	4000	hit	245
2277	118	Response	1	2270847	5023	2
2277	118	Pulse	5	2273727	7903	1
2277	119	Picture	10	2283957	0	1	4089	2	0	4000	other	0
2277	119	Pulse	5	2293726	9769	2
2277	120	Picture	10	2302089	0	2	4089	3	0	4000	other	0
2277	120	Pulse	5	2313716	11627	1
2277	121	Pulse	5	2333715	13493	2
2277	122	Picture	30	2345237	0	585	4140	586	0	4000	other	0
2277	122	Pulse	5	2353714	8477	2
2277	123	Picture	30	2363420	0	2	4089	3	0	4000	other	0
2277	123	Pulse	5	2373704	10284	2
2277	124	Picture	30	2381553	0	2	4089	3	0	4000	other	0
2277	124	Pulse	5	2393703	12150	2
2277	125	Picture	31	2399686	0	1	4088	3	0	4000	hit	259
2277	125	Response	1	2409543	9857	2
2277	125	Pulse	5	2413703	14017	2
2277	126	Picture	31	2417818	0	2	4089	3	0	4000	hit	262
2277	126	Response	1	2423452	5634	2
2277	126	Pulse	5	2433692	15874	2
2277	127	Picture	30	2435951	0	1	4089	2	0	4000	other	0
2277	127	Pulse	5	2453692	17741	1
2277	128	Picture	30	2454084	0	1	4088	3	0	4000	other	0
2277	129	Picture	30	2472216	0	2	4089	3	0	4000	other	0
2277	129	Pulse	5	2473691	1475	2
2277	130	Picture	31	2490349	0	1	4089	2	0	4000	hit	271
2277	130	Pulse	5	2493680	3331	2
2277	130	Response	1	2497840	7491	2
2277	131	Picture	30	2508482	0	1	4088	3	0	4000	other	0
2277	131	Pulse	5	2513680	5198	2
2277	132	Picture	30	2526614	0	2	4089	3	0	4000	other	0
2277	132	Pulse	5	2533679	7065	2
2277	133	Picture	30	2544747	0	1	4089	2	0	4000	other	0
2277	133	Pulse	5	2553669	8922	2
2277	134	Picture	30	2562879	0	2	4089	4	0	4000	other	0
2277	134	Pulse	5	2573668	10789	2
2277	135	Picture	31	2581012	0	1	4089	2	0	4000	hit	281
2277	135	Response	1	2588708	7696	2
2277	135	Pulse	5	2593668	12656	1
2277	136	Picture	30	2599145	0	1	4089	2	0	4000	other	0
2277	136	Pulse	5	2613657	14512	2
2277	137	Picture	30	2617278	0	1	4088	2	0	4000	other	0
