Scenario - 1-back
Logfile written - 04/18/2015 13:51:33

Subject	Trial	Event Type	Code	Time	TTime	Uncertainty	Duration	Uncertainty	ReqTime	ReqDur	Stim Type	Pair Index

2281	1	Pulse	5	169911	179733	1
2281	2	Pulse	5	189900	19819	2
2281	3	Picture	10	195147	0	1	4089	2	0	4000	other	0
2281	3	Pulse	5	209900	14753	1
2281	4	Picture	10	213280	0	1	4088	3	0	4000	other	0
2281	4	Pulse	5	229899	16619	2
2281	5	Picture	11	231412	0	1	4089	2	0	4000	hit	8
2281	5	Response	1	235169	3757	2
2281	6	Picture	10	249545	0	1	4089	2	0	4000	other	0
2281	6	Pulse	5	249888	343	2
2281	7	Picture	11	267678	0	1	4088	3	0	4000	hit	13
2281	7	Pulse	5	269888	2210	2
2281	7	Response	1	271808	4130	2
2281	8	Picture	10	285810	0	1	4089	2	0	4000	other	0
2281	8	Pulse	5	289887	4077	2
2281	9	Picture	10	303943	0	1	4089	2	0	4000	other	0
2281	9	Pulse	5	309877	5934	2
2281	10	Picture	10	322075	0	2	4089	3	0	4000	other	0
2281	10	Pulse	5	329876	7801	2
2281	11	Picture	11	340208	0	1	4089	2	0	4000	hit	21
2281	11	Response	1	344596	4388	2
2281	11	Pulse	5	349876	9668	1
2281	12	Picture	10	358341	0	1	4088	3	0	4000	other	0
2281	12	Pulse	5	369865	11524	2
2281	13	Picture	10	376473	0	2	4089	3	0	4000	other	0
2281	13	Pulse	5	389864	13391	2
2281	14	Picture	11	394606	0	1	4089	2	0	4000	hit	28
2281	14	Response	1	399784	5178	2
2281	14	Pulse	5	409864	15258	2
2281	15	Picture	10	412739	0	1	4088	3	0	4000	other	0
2281	15	Pulse	5	429854	17115	1
2281	16	Picture	10	430871	0	2	4089	3	0	4000	other	0
2281	17	Picture	10	449004	0	1	4089	2	0	4000	other	0
2281	17	Pulse	5	449853	849	2
2281	18	Picture	10	467137	0	1	4088	3	0	4000	other	0
2281	18	Pulse	5	469852	2715	2
2281	19	Pulse	5	489842	4573	1
2281	19	Pulse	5	509841	24572	2
2281	20	Picture	30	510335	0	1	4089	2	0	4000	other	0
2281	21	Picture	30	528468	0	1	4088	3	0	4000	other	0
2281	21	Pulse	5	529841	1373	1
2281	22	Picture	31	546600	0	1	4089	2	0	4000	hit	44
2281	22	Pulse	5	549831	3231	1
2281	22	Response	1	551270	4670	2
2281	23	Picture	30	564733	0	1	4089	2	0	4000	other	0
2281	23	Pulse	5	569829	5096	2
2281	24	Picture	30	582866	0	1	4088	3	0	4000	other	0
2281	24	Pulse	5	589829	6963	2
2281	25	Picture	30	600998	0	1	4089	2	0	4000	other	0
2281	25	Pulse	5	609818	8820	2
2281	26	Picture	31	619131	0	1	4089	2	0	4000	hit	52
2281	26	Response	1	625658	6527	2
2281	26	Pulse	5	629818	10687	2
2281	27	Picture	31	637264	0	1	4088	2	0	4000	hit	55
2281	27	Response	1	644217	6953	2
2281	27	Pulse	5	649807	12543	2
2281	28	Picture	30	655396	0	1	4089	2	0	4000	other	0
2281	28	Pulse	5	669807	14411	1
2281	29	Picture	30	673529	0	1	4088	3	0	4000	other	0
2281	29	Pulse	5	689806	16277	2
2281	30	Picture	30	691661	0	2	4089	3	0	4000	other	0
2281	31	Picture	31	709794	0	1	4089	2	0	4000	hit	64
2281	31	Pulse	5	709797	3	1
2281	31	Response	1	714437	4643	1
2281	32	Picture	30	727927	0	1	4089	2	0	4000	other	0
2281	32	Pulse	5	729796	1869	1
2281	33	Picture	30	746059	0	2	4089	3	0	4000	other	0
2281	33	Pulse	5	749796	3737	1
2281	34	Picture	30	764192	0	1	4089	2	0	4000	false_alarm	70
2281	34	Response	1	769635	5443	1
2281	34	Pulse	5	769795	5603	1
2281	35	Picture	30	782325	0	1	4088	3	0	4000	other	0
2281	35	Pulse	5	789783	7458	2
2281	36	Pulse	5	809783	9326	1
2281	37	Picture	10	825523	0	1	4088	3	0	4000	other	0
2281	37	Pulse	5	829782	4259	2
2281	38	Picture	10	843656	0	1	4088	3	0	4000	other	0
2281	38	Pulse	5	849771	6115	2
2281	39	Picture	11	861788	0	2	4089	3	0	4000	hit	80
2281	39	Response	1	865771	3983	2
2281	39	Pulse	5	869771	7983	2
2281	40	Picture	10	879921	0	1	4089	2	0	4000	other	0
2281	40	Pulse	5	889770	9849	2
2281	41	Picture	11	898054	0	1	4088	3	0	4000	hit	85
2281	41	Response	1	902241	4187	1
2281	41	Pulse	5	909760	11706	2
2281	42	Picture	10	916186	0	1	4089	2	0	4000	other	0
2281	42	Pulse	5	929759	13573	2
2281	43	Picture	10	934319	0	1	4089	2	0	4000	other	0
2281	43	Pulse	5	949759	15440	1
2281	44	Picture	10	952452	0	1	4088	3	0	4000	other	0
2281	44	Pulse	5	969748	17296	2
2281	45	Picture	11	970584	0	1	4089	2	0	4000	hit	94
2281	45	Response	1	976148	5564	2
2281	46	Picture	10	988717	0	1	4089	2	0	4000	other	0
2281	46	Pulse	5	989747	1030	3
2281	47	Picture	10	1006849	0	2	4089	3	0	4000	other	0
2281	47	Pulse	5	1009747	2898	2
2281	48	Picture	11	1024982	0	1	4089	2	0	4000	hit	100
2281	48	Response	1	1029096	4114	2
2281	48	Pulse	5	1029896	4914	2
2281	49	Picture	10	1043115	0	1	4089	2	0	4000	other	0
2281	49	Pulse	5	1049896	6781	2
2281	50	Picture	10	1061247	0	2	4089	3	0	4000	other	0
2281	50	Pulse	5	1069885	8638	2
2281	51	Picture	10	1079380	0	1	4089	2	0	4000	other	0
2281	51	Pulse	5	1089885	10505	2
2281	52	Picture	10	1097513	0	1	4089	2	0	4000	other	0
2281	52	Pulse	5	1109884	12371	2
2281	53	Pulse	5	1129874	14229	1
2281	54	Picture	20	1140711	0	1	4089	2	0	4000	other	0
2281	54	Pulse	5	1149873	9162	2
2281	55	Picture	20	1158844	0	1	4089	2	0	4000	other	0
2281	55	Pulse	5	1169872	11028	2
2281	56	Picture	21	1176976	0	2	4089	3	0	4000	hit	116
2281	56	Response	1	1181712	4736	2
2281	56	Pulse	5	1189862	12886	2
2281	57	Picture	20	1195109	0	1	4089	2	0	4000	other	0
2281	57	Pulse	5	1209861	14752	2
2281	58	Picture	20	1213242	0	1	4088	3	0	4000	other	0
2281	58	Pulse	5	1229861	16619	2
2281	59	Picture	20	1231374	0	2	4089	3	0	4000	other	0
2281	60	Picture	21	1249507	0	1	4089	2	0	4000	hit	125
2281	60	Pulse	5	1249850	343	2
2281	60	Response	1	1253050	3543	2
2281	61	Picture	20	1267640	0	1	4088	3	0	4000	other	0
2281	61	Pulse	5	1269850	2210	1
2281	62	Picture	20	1285772	0	1	4089	2	0	4000	other	0
2281	62	Pulse	5	1289850	4078	1
2281	63	Picture	20	1303905	0	1	4089	2	0	4000	other	0
2281	63	Pulse	5	1309838	5933	2
2281	64	Picture	20	1322038	0	1	4088	2	0	4000	other	0
2281	64	Pulse	5	1329838	7800	2
2281	65	Picture	20	1340170	0	2	4089	3	0	4000	other	0
2281	65	Pulse	5	1349837	9667	2
2281	66	Picture	21	1358303	0	1	4089	2	0	4000	hit	137
2281	66	Response	1	1362957	4654	2
2281	66	Pulse	5	1369827	11524	2
2281	67	Picture	20	1376435	0	2	4089	3	0	4000	other	0
2281	67	Pulse	5	1389826	13391	2
2281	68	Picture	20	1394568	0	1	4089	2	0	4000	other	0
2281	68	Pulse	5	1409826	15258	1
2281	69	Picture	21	1412701	0	1	4089	2	0	4000	hit	144
2281	69	Response	1	1418465	5764	2
2281	69	Pulse	5	1429815	17114	2
2281	70	Pulse	5	1449815	18982	1
2281	71	Picture	10	1455899	0	1	4089	2	0	4000	other	0
2281	71	Pulse	5	1469814	13915	2
2281	72	Picture	10	1474032	0	1	4089	2	0	4000	other	0
2281	72	Pulse	5	1489803	15771	2
2281	73	Picture	11	1492164	0	2	4089	3	0	4000	hit	152
2281	73	Response	1	1497643	5479	2
2281	73	Pulse	5	1509803	17639	2
2281	74	Picture	10	1510297	0	1	4089	2	0	4000	other	0
2281	75	Picture	11	1528430	0	1	4089	2	0	4000	hit	157
2281	75	Pulse	5	1529802	1372	2
2281	75	Response	1	1532682	4252	2
2281	76	Picture	10	1546562	0	2	4089	3	0	4000	other	0
2281	76	Pulse	5	1549792	3230	2
2281	77	Picture	10	1564695	0	1	4089	2	0	4000	other	0
2281	77	Pulse	5	1569791	5096	2
2281	78	Picture	11	1582828	0	1	4088	3	0	4000	hit	163
2281	78	Response	1	1587711	4883	1
2281	78	Pulse	5	1589791	6963	1
2281	79	Picture	10	1600960	0	2	4089	3	0	4000	other	0
2281	79	Pulse	5	1609780	8820	2
2281	80	Picture	10	1619093	0	1	4089	2	0	4000	other	0
2281	80	Pulse	5	1629780	10687	1
2281	81	Picture	10	1637226	0	1	4088	3	0	4000	other	0
2281	81	Pulse	5	1649779	12553	2
2281	82	Picture	10	1655358	0	2	4089	3	0	4000	other	0
2281	82	Pulse	5	1669768	14410	2
2281	83	Picture	10	1673491	0	1	4089	2	0	4000	other	0
2281	83	Pulse	5	1689768	16277	2
2281	84	Picture	11	1691624	0	1	4088	3	0	4000	hit	176
2281	84	Response	1	1697288	5664	1
2281	85	Picture	10	1709756	0	1	4089	2	0	4000	other	0
2281	85	Pulse	5	1709768	12	1
2281	86	Picture	10	1727889	0	1	4089	2	0	4000	other	0
2281	86	Pulse	5	1729758	1869	1
2281	87	Pulse	5	1749757	3735	2
2281	87	Pulse	5	1769757	23735	1
2281	88	Picture	30	1771087	0	1	4089	2	0	4000	other	0
2281	89	Picture	30	1789220	0	1	4089	2	0	4000	other	0
2281	89	Pulse	5	1789745	525	2
2281	90	Picture	30	1807352	0	2	4089	3	0	4000	other	0
2281	90	Pulse	5	1809744	2392	2
2281	91	Picture	31	1825485	0	1	4089	2	0	4000	hit	190
2281	91	Pulse	5	1829744	4259	2
2281	91	Response	1	1831984	6499	2
2281	92	Picture	31	1843618	0	1	4089	2	0	4000	miss	0
2281	92	Pulse	5	1849733	6115	2
2281	93	Picture	30	1861750	0	2	4089	3	0	4000	other	0
2281	93	Pulse	5	1869733	7983	2
2281	94	Picture	30	1879883	0	1	4089	2	0	4000	other	0
2281	94	Pulse	5	1889732	9849	2
2281	95	Picture	30	1898016	0	1	4089	2	0	4000	other	0
2281	95	Pulse	5	1909722	11706	1
2281	96	Picture	31	1916148	0	2	4089	3	0	4000	hit	200
2281	96	Response	1	1922041	5893	2
2281	96	Pulse	5	1929721	13573	2
2281	97	Picture	30	1934281	0	1	4089	2	0	4000	other	0
2281	97	Pulse	5	1949720	15439	2
2281	98	Picture	30	1952414	0	1	4088	3	0	4000	other	0
2281	98	Pulse	5	1969710	17296	2
2281	99	Picture	30	1970546	0	2	4089	3	0	4000	false_alarm	207
2281	99	Response	1	1976110	5564	2
2281	100	Picture	30	1988679	0	1	4089	2	0	4000	other	0
2281	100	Pulse	5	1989709	1030	2
2281	101	Picture	31	2006812	0	1	4088	3	0	4000	miss	0
2281	101	Pulse	5	2009709	2897	2
2281	102	Picture	30	2024944	0	2	4089	3	0	4000	other	0
2281	102	Pulse	5	2029698	4754	2
2281	103	Picture	30	2043077	0	1	4089	2	0	4000	false_alarm	215
2281	103	Response	1	2048578	5501	2
2281	103	Pulse	5	2049698	6621	1
2281	104	Pulse	5	2069858	8648	1
2281	105	Picture	10	2086275	0	2	4089	3	0	4000	other	0
2281	105	Pulse	5	2089846	3571	2
2281	106	Picture	10	2104408	0	1	4089	2	0	4000	other	0
2281	106	Pulse	5	2109846	5438	2
2281	107	Picture	11	2122541	0	1	4088	3	0	4000	hit	223
2281	107	Response	1	2127445	4904	2
2281	107	Pulse	5	2129845	7304	2
2281	108	Picture	10	2140673	0	2	4089	3	0	4000	other	0
2281	108	Pulse	5	2149835	9162	2
2281	109	Picture	11	2158806	0	1	4089	2	0	4000	hit	228
2281	109	Response	1	2163434	4628	2
2281	109	Pulse	5	2169834	11028	2
2281	110	Picture	10	2176939	0	1	4088	2	0	4000	other	0
2281	110	Pulse	5	2189834	12895	1
2281	111	Picture	10	2195071	0	1	4089	2	0	4000	other	0
2281	111	Pulse	5	2209823	14752	2
2281	112	Picture	11	2213204	0	1	4089	2	0	4000	hit	235
2281	112	Response	1	2219743	6539	2
2281	112	Pulse	5	2229823	16619	1
2281	113	Picture	10	2231337	0	1	4088	2	0	4000	other	0
2281	114	Picture	10	2249469	0	1	4089	2	0	4000	other	0
2281	114	Pulse	5	2249822	353	2
2281	115	Picture	10	2267602	0	1	4089	2	0	4000	other	0
2281	115	Pulse	5	2269811	2209	2
2281	116	Picture	10	2285734	0	2	4089	3	0	4000	other	0
2281	116	Pulse	5	2289811	4077	2
2281	117	Picture	10	2303867	0	1	4089	2	0	4000	other	0
2281	117	Pulse	5	2309810	5943	2
2281	118	Picture	11	2322000	0	1	4088	3	0	4000	hit	247
2281	118	Response	1	2325650	3650	2
2281	118	Pulse	5	2329800	7800	2
2281	119	Picture	10	2340132	0	2	4089	3	0	4000	other	0
2281	119	Pulse	5	2349799	9667	2
2281	120	Picture	10	2358265	0	1	4089	2	0	4000	other	0
2281	120	Pulse	5	2369799	11534	1
2281	121	Pulse	5	2389788	13390	2
2281	122	Picture	20	2401463	0	2	4089	3	0	4000	other	0
2281	122	Pulse	5	2409788	8325	1
2281	123	Picture	20	2419596	0	1	4089	2	0	4000	other	0
2281	123	Pulse	5	2429787	10191	2
2281	124	Picture	20	2437729	0	1	4088	3	0	4000	other	0
2281	124	Pulse	5	2449776	12047	2
2281	125	Picture	21	2455861	0	1	4089	2	0	4000	hit	261
2281	125	Response	1	2460496	4635	2
2281	125	Pulse	5	2469776	13915	2
2281	126	Picture	20	2473994	0	1	4089	2	0	4000	other	0
2281	126	Pulse	5	2489775	15781	2
2281	127	Picture	20	2492127	0	1	4088	3	0	4000	other	0
2281	127	Pulse	5	2509765	17638	2
2281	128	Picture	21	2510259	0	1	4089	2	0	4000	hit	268
2281	128	Response	1	2514565	4306	1
2281	129	Picture	20	2528392	0	1	4089	2	0	4000	other	0
2281	129	Pulse	5	2529764	1372	2
2281	130	Picture	20	2546525	0	1	4088	3	0	4000	other	0
2281	130	Pulse	5	2549764	3239	1
2281	131	Picture	20	2564657	0	1	4089	2	0	4000	other	0
2281	131	Pulse	5	2569753	5096	2
2281	132	Picture	21	2582790	0	1	4089	2	0	4000	hit	276
2281	132	Response	1	2587034	4244	1
2281	132	Pulse	5	2589752	6962	2
2281	133	Picture	20	2600922	0	2	4089	3	0	4000	other	0
2281	133	Pulse	5	2609752	8830	2
2281	134	Picture	20	2619055	0	1	4089	2	0	4000	other	0
2281	134	Pulse	5	2629741	10686	2
2281	135	Picture	21	2637188	0	1	4088	3	0	4000	hit	283
2281	135	Response	1	2642381	5193	2
2281	135	Pulse	5	2649741	12553	2
2281	136	Picture	20	2655320	0	2	4089	3	0	4000	other	0
2281	136	Pulse	5	2669740	14420	2
2281	137	Picture	20	2673453	0	1	4089	2	0	4000	other	0
