Scenario - 1-back
Logfile written - 04/18/2015 13:37:49

Subject	Trial	Event Type	Code	Time	TTime	Uncertainty	Duration	Uncertainty	ReqTime	ReqDur	Stim Type	Pair Index

2281	1	Response	1	92887	102709	2
2281	1	Pulse	5	210304	220126	1
2281	2	Pulse	5	230303	19868	2
2281	3	Picture	10	235501	0	1	4089	2	0	4000	other	0
2281	3	Pulse	5	250293	14792	1
2281	4	Picture	10	253633	0	2	4089	3	0	4000	other	0
2281	4	Pulse	5	270292	16659	2
2281	5	Picture	11	271766	0	1	4089	2	0	4000	hit	9
2281	5	Response	1	276052	4286	2
2281	6	Picture	10	289899	0	1	4088	3	0	4000	other	0
2281	6	Pulse	5	290291	392	2
2281	7	Picture	11	308031	0	2	4089	3	0	4000	hit	14
2281	7	Pulse	5	310281	2250	2
2281	7	Response	1	312201	4170	2
2281	8	Picture	10	326164	0	1	4089	2	0	4000	other	0
2281	8	Pulse	5	330280	4116	2
2281	9	Picture	10	344297	0	1	4088	3	0	4000	other	0
2281	9	Pulse	5	350280	5983	1
2281	10	Picture	10	362429	0	2	4089	3	0	4000	other	0
2281	10	Pulse	5	370269	7840	2
2281	11	Picture	11	380562	0	1	4089	2	0	4000	hit	22
2281	11	Response	1	384189	3627	2
2281	11	Pulse	5	390269	9707	1
2281	12	Picture	10	398694	0	2	4089	4	0	4000	other	0
2281	12	Pulse	5	410268	11574	2
2281	13	Picture	10	416827	0	1	4089	2	0	4000	other	0
2281	13	Pulse	5	430257	13430	2
2281	14	Picture	11	434960	0	1	4089	2	0	4000	hit	29
2281	14	Response	1	439697	4737	2
2281	14	Pulse	5	450257	15297	2
2281	15	Picture	10	453092	0	2	4089	3	0	4000	other	0
2281	15	Pulse	5	470416	17324	2
2281	16	Picture	10	471225	0	1	4089	2	0	4000	other	0
2281	17	Picture	10	489358	0	1	4089	2	0	4000	other	0
2281	17	Pulse	5	490406	1048	2
2281	18	Picture	10	507490	0	2	4089	3	0	4000	other	0
2281	18	Pulse	5	510405	2915	2
2281	19	Pulse	5	530405	4782	1
2281	19	Pulse	5	550394	24771	2
2281	20	Picture	20	550689	0	1	4088	3	0	4000	other	0
2281	21	Picture	20	568821	0	2	4089	3	0	4000	other	0
2281	21	Pulse	5	570393	1572	2
2281	22	Picture	21	586954	0	1	4089	2	0	4000	hit	45
2281	22	Pulse	5	590393	3439	2
2281	22	Response	1	592313	5359	2
2281	23	Picture	20	605087	0	1	4088	3	0	4000	other	0
2281	23	Pulse	5	610382	5295	2
2281	24	Picture	20	623219	0	2	4089	3	0	4000	other	0
2281	24	Pulse	5	630382	7163	2
2281	25	Picture	20	641352	0	1	4089	2	0	4000	other	0
2281	25	Pulse	5	650381	9029	2
2281	26	Picture	21	659485	0	1	4088	2	0	4000	hit	53
2281	26	Response	1	663491	4006	2
2281	26	Pulse	5	670371	10886	2
2281	27	Picture	20	677617	0	1	4089	2	0	4000	other	0
2281	27	Pulse	5	690370	12753	2
2281	28	Picture	20	695750	0	1	4089	2	0	4000	other	0
2281	28	Pulse	5	710370	14620	1
2281	29	Picture	20	713883	0	1	4088	2	0	4000	other	0
2281	29	Pulse	5	730360	16477	1
2281	30	Picture	20	732015	0	1	4089	2	0	4000	other	0
2281	31	Picture	20	750148	0	1	4089	2	0	4000	other	0
2281	31	Pulse	5	750360	212	1
2281	32	Picture	21	768280	0	2	4089	3	0	4000	hit	66
2281	32	Pulse	5	770359	2079	1
2281	32	Response	1	774838	6558	2
2281	33	Picture	20	786413	0	1	4089	2	0	4000	other	0
2281	33	Pulse	5	790347	3934	2
2281	34	Picture	20	804546	0	1	4088	3	0	4000	other	0
2281	34	Pulse	5	810347	5801	2
2281	35	Picture	21	822678	0	2	4089	3	0	4000	hit	72
2281	35	Response	1	826666	3988	2
2281	35	Pulse	5	830346	7668	2
2281	36	Pulse	5	850336	9525	1
2281	37	Picture	10	865877	0	1	4088	3	0	4000	other	0
2281	37	Pulse	5	870335	4458	2
2281	38	Picture	10	884009	0	1	4089	2	0	4000	other	0
2281	38	Pulse	5	890335	6326	1
2281	39	Picture	11	902142	0	1	4089	2	0	4000	hit	80
2281	39	Response	1	906804	4662	2
2281	39	Pulse	5	910325	8183	1
2281	40	Picture	10	920275	0	1	4088	3	0	4000	other	0
2281	40	Pulse	5	930323	10048	2
2281	41	Picture	11	938407	0	1	4089	2	0	4000	hit	85
2281	41	Response	1	943283	4876	2
2281	41	Pulse	5	950323	11916	2
2281	42	Picture	10	956540	0	1	4089	2	0	4000	other	0
2281	42	Pulse	5	970312	13772	2
2281	43	Picture	10	974673	0	1	4088	3	0	4000	other	0
2281	43	Pulse	5	990312	15639	2
2281	44	Picture	10	992805	0	1	4089	2	0	4000	other	0
2281	44	Pulse	5	1010311	17506	2
2281	45	Picture	11	1010938	0	1	4088	3	0	4000	hit	94
2281	45	Response	1	1015432	4494	1
2281	46	Picture	10	1029070	0	2	4089	3	0	4000	other	0
2281	46	Pulse	5	1030301	1231	1
2281	47	Picture	10	1047203	0	1	4089	2	0	4000	other	0
2281	47	Pulse	5	1050300	3097	2
2281	48	Picture	11	1065336	0	1	4089	2	0	4000	hit	100
2281	48	Response	1	1069179	3843	2
2281	48	Pulse	5	1070299	4963	2
2281	49	Picture	10	1083468	0	2	4089	3	0	4000	other	0
2281	49	Pulse	5	1090289	6821	2
2281	50	Picture	10	1101601	0	1	4089	2	0	4000	other	0
2281	50	Pulse	5	1110288	8687	2
2281	51	Picture	10	1119734	0	1	4088	3	0	4000	other	0
2281	51	Pulse	5	1130288	10554	2
2281	52	Picture	10	1137866	0	2	4089	3	0	4000	other	0
2281	52	Pulse	5	1150277	12411	2
2281	53	Pulse	5	1170277	14278	1
2281	54	Picture	30	1181065	0	1	4088	3	0	4000	other	0
2281	54	Pulse	5	1190276	9211	2
2281	55	Picture	30	1199197	0	1	4089	2	0	4000	other	0
2281	55	Pulse	5	1210265	11068	2
2281	56	Picture	31	1217330	0	1	4089	2	0	4000	hit	116
2281	56	Response	1	1223865	6535	2
2281	56	Pulse	5	1230265	12935	2
2281	57	Picture	30	1235463	0	1	4088	2	0	4000	other	0
2281	57	Pulse	5	1250264	14801	2
2281	58	Picture	30	1253595	0	1	4089	2	0	4000	other	0
2281	58	Pulse	5	1270254	16659	2
2281	59	Picture	30	1271728	0	1	4089	2	0	4000	other	0
2281	60	Picture	31	1289860	0	2	4089	3	0	4000	hit	125
2281	60	Pulse	5	1290253	393	2
2281	60	Response	1	1296493	6633	2
2281	61	Picture	31	1307993	0	1	4089	2	0	4000	miss	0
2281	61	Pulse	5	1310253	2260	1
2281	62	Picture	30	1326126	0	1	4088	3	0	4000	other	0
2281	62	Pulse	5	1330242	4116	2
2281	63	Picture	30	1344258	0	2	4089	3	0	4000	other	0
2281	63	Pulse	5	1350241	5983	2
2281	64	Picture	30	1362391	0	1	4089	2	0	4000	other	0
2281	64	Pulse	5	1370241	7850	2
2281	65	Picture	31	1380524	0	1	4088	3	0	4000	hit	135
2281	65	Response	1	1385750	5226	2
2281	65	Pulse	5	1390230	9706	2
2281	66	Picture	30	1398656	0	1	4089	2	0	4000	other	0
2281	66	Pulse	5	1410230	11574	2
2281	67	Picture	30	1416789	0	1	4089	2	0	4000	other	0
2281	67	Pulse	5	1430229	13440	2
2281	68	Picture	30	1434922	0	1	4088	3	0	4000	other	0
2281	68	Pulse	5	1450219	15297	1
2281	69	Picture	30	1453054	0	1	4089	2	0	4000	other	0
2281	69	Pulse	5	1470218	17164	2
2281	70	Pulse	5	1490218	19031	1
2281	71	Picture	10	1496253	0	1	4088	3	0	4000	other	0
2281	71	Pulse	5	1510367	14114	2
2281	72	Picture	10	1514385	0	1	4089	2	0	4000	other	0
2281	72	Pulse	5	1530366	15981	2
2281	73	Picture	11	1532518	0	1	4088	3	0	4000	hit	151
2281	73	Response	1	1537086	4568	2
2281	73	Pulse	5	1550366	17848	2
2281	74	Picture	10	1550651	0	1	4088	2	0	4000	other	0
2281	75	Picture	11	1568783	0	1	4089	2	0	4000	hit	156
2281	75	Pulse	5	1570355	1572	2
2281	75	Response	1	1574195	5412	2
2281	76	Picture	10	1586916	0	1	4089	2	0	4000	other	0
2281	76	Pulse	5	1590355	3439	2
2281	77	Picture	10	1605048	0	2	4089	3	0	4000	other	0
2281	77	Pulse	5	1610354	5306	2
2281	78	Picture	11	1623181	0	1	4089	2	0	4000	hit	162
2281	78	Response	1	1627464	4283	2
2281	78	Pulse	5	1630344	7163	1
2281	79	Picture	10	1641314	0	1	4088	3	0	4000	other	0
2281	79	Pulse	5	1650343	9029	2
2281	80	Picture	10	1659446	0	2	4089	3	0	4000	other	0
2281	80	Pulse	5	1670342	10896	2
2281	81	Picture	10	1677579	0	1	4089	2	0	4000	other	0
2281	81	Pulse	5	1690332	12753	2
2281	82	Picture	10	1695712	0	1	4088	3	0	4000	other	0
2281	82	Pulse	5	1710331	14619	2
2281	83	Picture	10	1713844	0	1	4089	2	0	4000	other	0
2281	83	Pulse	5	1730331	16487	2
2281	84	Picture	11	1731977	0	1	4089	2	0	4000	hit	175
2281	84	Response	1	1736082	4105	1
2281	85	Picture	10	1750110	0	1	4088	2	0	4000	other	0
2281	85	Pulse	5	1750320	210	2
2281	86	Picture	10	1768242	0	1	4089	2	0	4000	other	0
2281	86	Pulse	5	1770320	2078	2
2281	87	Pulse	5	1790319	3944	2
2281	87	Pulse	5	1810310	23935	1
2281	88	Picture	20	1811441	0	1	4088	2	0	4000	other	0
2281	89	Picture	20	1829573	0	1	4089	2	0	4000	other	0
2281	89	Pulse	5	1830309	736	1
2281	90	Picture	20	1847706	0	1	4089	2	0	4000	other	0
2281	90	Pulse	5	1850309	2603	1
2281	91	Picture	21	1865838	0	2	4089	4	0	4000	hit	189
2281	91	Pulse	5	1870297	4459	2
2281	91	Response	1	1871737	5899	2
2281	92	Picture	20	1883971	0	1	4089	2	0	4000	other	0
2281	92	Pulse	5	1890296	6325	2
2281	93	Picture	20	1902104	0	1	4089	2	0	4000	other	0
2281	93	Pulse	5	1910296	8192	2
2281	94	Picture	21	1920236	0	2	4089	3	0	4000	hit	195
2281	94	Response	1	1925005	4769	2
2281	94	Pulse	5	1930285	10049	2
2281	95	Picture	20	1938369	0	1	4089	2	0	4000	other	0
2281	95	Pulse	5	1950285	11916	1
2281	96	Picture	20	1956502	0	1	4089	2	0	4000	other	0
2281	96	Pulse	5	1970284	13782	2
2281	97	Picture	20	1974634	0	2	4089	3	0	4000	other	0
2281	97	Pulse	5	1990273	15639	2
2281	98	Picture	21	1992767	0	1	4089	2	0	4000	hit	204
2281	98	Response	1	1996673	3906	2
2281	98	Pulse	5	2010273	17506	2
2281	99	Picture	20	2010900	0	1	4088	3	0	4000	other	0
2281	100	Picture	20	2029032	0	1	4089	2	0	4000	other	0
2281	100	Pulse	5	2030272	1240	2
2281	101	Picture	21	2047165	0	1	4089	2	0	4000	hit	211
2281	101	Pulse	5	2050262	3097	2
2281	101	Response	1	2051062	3897	2
2281	102	Picture	20	2065298	0	1	4088	3	0	4000	other	0
2281	102	Pulse	5	2070261	4963	2
2281	103	Picture	20	2083430	0	1	4089	2	0	4000	other	0
2281	103	Pulse	5	2090261	6831	1
2281	104	Pulse	5	2110250	8687	2
2281	105	Picture	10	2126629	0	1	4088	3	0	4000	other	0
2281	105	Pulse	5	2130249	3620	2
2281	106	Picture	10	2144761	0	1	4089	2	0	4000	other	0
2281	106	Pulse	5	2150249	5488	2
2281	107	Picture	11	2162894	0	1	4089	2	0	4000	hit	222
2281	107	Response	1	2166718	3824	2
2281	107	Pulse	5	2170239	7345	1
2281	108	Picture	10	2181027	0	1	4088	2	0	4000	other	0
2281	108	Pulse	5	2190238	9211	2
2281	109	Picture	11	2199159	0	1	4089	2	0	4000	hit	227
2281	109	Response	1	2203997	4838	2
2281	109	Pulse	5	2210237	11078	2
2281	110	Picture	10	2217292	0	1	4089	2	0	4000	other	0
2281	110	Pulse	5	2230227	12935	2
2281	111	Picture	10	2235424	0	2	4089	3	0	4000	other	0
2281	111	Pulse	5	2250226	14802	2
2281	112	Picture	11	2253557	0	1	4089	2	0	4000	hit	234
2281	112	Response	1	2258546	4989	2
2281	112	Pulse	5	2270226	16669	1
2281	113	Picture	10	2271690	0	1	4088	3	0	4000	other	0
2281	114	Picture	10	2289822	0	2	4089	3	0	4000	other	0
2281	114	Pulse	5	2290215	393	2
2281	115	Picture	10	2307955	0	1	4089	2	0	4000	other	0
2281	115	Pulse	5	2310214	2259	2
2281	116	Picture	10	2326088	0	1	4088	3	0	4000	other	0
2281	116	Pulse	5	2330214	4126	2
2281	117	Picture	10	2344220	0	1	4089	2	0	4000	other	0
2281	117	Pulse	5	2350203	5983	2
2281	118	Picture	11	2362353	0	1	4089	2	0	4000	hit	246
2281	118	Response	1	2367163	4810	2
2281	118	Pulse	5	2370203	7850	2
2281	119	Picture	10	2380486	0	1	4088	3	0	4000	other	0
2281	119	Pulse	5	2390202	9716	2
2281	120	Picture	10	2398618	0	1	4089	2	0	4000	other	0
2281	120	Pulse	5	2410192	11574	1
2281	121	Pulse	5	2430191	13440	2
2281	122	Picture	30	2441817	0	1	4088	2	0	4000	other	0
2281	122	Pulse	5	2450191	8374	1
2281	123	Picture	30	2459949	0	1	4089	2	0	4000	other	0
2281	123	Pulse	5	2470180	10231	2
2281	124	Picture	30	2478082	0	1	4089	2	0	4000	other	0
2281	124	Pulse	5	2490179	12097	2
2281	125	Picture	31	2496214	0	2	4089	3	0	4000	hit	260
2281	125	Response	1	2503139	6925	2
2281	125	Pulse	5	2510179	13965	2
2281	126	Picture	31	2514347	0	1	4089	2	0	4000	miss	0
2281	126	Pulse	5	2530168	15821	2
2281	127	Picture	30	2532480	0	1	4088	3	0	4000	other	0
2281	127	Pulse	5	2550328	17848	2
2281	128	Picture	30	2550612	0	2	4089	3	0	4000	other	0
2281	129	Picture	30	2568745	0	1	4089	2	0	4000	other	0
2281	129	Pulse	5	2570327	1582	2
2281	130	Picture	31	2586878	0	1	4088	3	0	4000	hit	271
2281	130	Pulse	5	2590317	3439	1
2281	130	Response	1	2590477	3599	1
2281	131	Picture	30	2605010	0	2	4089	3	0	4000	other	0
2281	131	Pulse	5	2610316	5306	2
2281	132	Picture	30	2623143	0	1	4089	2	0	4000	other	0
2281	132	Pulse	5	2630315	7172	2
2281	133	Picture	30	2641276	0	1	4088	3	0	4000	other	0
2281	133	Pulse	5	2650305	9029	2
2281	134	Picture	30	2659408	0	1	4089	2	0	4000	other	0
2281	134	Pulse	5	2670304	10896	2
2281	135	Picture	31	2677541	0	1	4089	2	0	4000	hit	281
2281	135	Response	1	2683584	6043	2
2281	135	Pulse	5	2690304	12763	2
2281	136	Picture	30	2695674	0	1	4088	3	0	4000	other	0
2281	136	Pulse	5	2710293	14619	2
2281	137	Picture	30	2713806	0	1	4089	2	0	4000	false_alarm	286
2281	137	Response	1	2721013	7207	2
