Scenario - 1-back
Logfile written - 04/18/2015 13:42:28

Subject	Trial	Event Type	Code	Time	TTime	Uncertainty	Duration	Uncertainty	ReqTime	ReqDur	Stim Type	Pair Index

2281	1	Pulse	5	237938	247760	2
2281	2	Pulse	5	257928	19938	1
2281	3	Picture	10	263055	0	2	4089	3	0	4000	other	0
2281	3	Pulse	5	277927	14872	2
2281	4	Picture	10	281188	0	1	4089	2	0	4000	other	0
2281	4	Pulse	5	297927	16739	1
2281	5	Picture	11	299321	0	1	4088	3	0	4000	hit	8
2281	5	Response	1	303356	4035	2
2281	6	Picture	10	317453	0	2	4089	3	0	4000	other	0
2281	6	Pulse	5	317916	463	2
2281	7	Picture	11	335586	0	1	4089	2	0	4000	hit	13
2281	7	Pulse	5	337915	2329	2
2281	7	Response	1	340635	5049	2
2281	8	Picture	10	353719	0	1	4088	3	0	4000	other	0
2281	8	Pulse	5	357906	4187	1
2281	9	Picture	10	371851	0	2	4089	3	0	4000	other	0
2281	9	Pulse	5	377904	6053	2
2281	10	Picture	10	389984	0	1	4089	2	0	4000	other	0
2281	10	Pulse	5	397904	7920	2
2281	11	Picture	11	408117	0	1	4088	2	0	4000	hit	21
2281	11	Response	1	412143	4026	2
2281	11	Pulse	5	417895	9778	1
2281	12	Picture	10	426249	0	1	4089	2	0	4000	other	0
2281	12	Pulse	5	437894	11645	1
2281	13	Picture	10	444382	0	1	4089	2	0	4000	other	0
2281	13	Pulse	5	457893	13511	1
2281	14	Picture	11	462514	0	2	4089	3	0	4000	hit	28
2281	14	Response	1	467173	4659	1
2281	14	Pulse	5	477893	15379	1
2281	15	Picture	10	480647	0	1	4089	2	0	4000	other	0
2281	15	Pulse	5	497881	17234	2
2281	16	Picture	10	498780	0	1	4089	2	0	4000	other	0
2281	17	Picture	10	516912	0	2	4089	3	0	4000	other	0
2281	17	Pulse	5	517880	968	2
2281	18	Picture	10	535045	0	1	4089	2	0	4000	other	0
2281	18	Pulse	5	537880	2835	2
2281	19	Pulse	5	557869	4691	2
2281	19	Pulse	5	577869	24691	2
2281	20	Picture	30	578243	0	2	4089	3	0	4000	other	0
2281	21	Picture	30	596376	0	1	4089	2	0	4000	other	0
2281	21	Pulse	5	597858	1482	2
2281	22	Picture	31	614509	0	1	4088	3	0	4000	hit	44
2281	22	Pulse	5	617858	3349	1
2281	22	Response	1	619937	5428	2
2281	23	Picture	30	632641	0	2	4089	3	0	4000	other	0
2281	23	Pulse	5	637857	5216	2
2281	24	Picture	30	650774	0	1	4089	2	0	4000	other	0
2281	24	Pulse	5	657856	7082	2
2281	25	Picture	30	668907	0	1	4088	3	0	4000	other	0
2281	25	Pulse	5	677846	8939	2
2281	26	Picture	31	687039	0	1	4089	2	0	4000	miss	0
2281	26	Pulse	5	697845	10806	2
2281	27	Picture	31	705172	0	1	4089	2	0	4000	miss	0
2281	27	Pulse	5	717845	12673	2
2281	28	Picture	30	723305	0	1	4088	3	0	4000	other	0
2281	28	Pulse	5	737834	14529	2
2281	29	Picture	30	741437	0	1	4089	2	0	4000	false_alarm	58
2281	29	Response	1	745194	3757	2
2281	29	Pulse	5	757834	16397	1
2281	30	Picture	30	759570	0	1	4089	2	0	4000	other	0
2281	31	Picture	31	777703	0	1	4088	2	0	4000	miss	0
2281	31	Pulse	5	777833	130	2
2281	32	Picture	30	795835	0	1	4089	2	0	4000	false_alarm	65
2281	32	Pulse	5	797822	1987	2
2281	32	Response	1	801663	5828	1
2281	33	Picture	30	813968	0	1	4089	2	0	4000	other	0
2281	33	Pulse	5	817822	3854	2
2281	34	Picture	30	832100	0	2	4089	3	0	4000	other	0
2281	34	Pulse	5	837822	5722	1
2281	35	Picture	30	850233	0	1	4089	2	0	4000	other	0
2281	35	Pulse	5	857811	7578	2
2281	36	Pulse	5	877810	9444	2
2281	37	Picture	10	893431	0	2	4089	3	0	4000	other	0
2281	37	Pulse	5	897810	4379	2
2281	38	Picture	10	911564	0	1	4089	2	0	4000	other	0
2281	38	Pulse	5	917799	6235	2
2281	39	Picture	11	929697	0	1	4088	3	0	4000	hit	78
2281	39	Response	1	934439	4742	1
2281	39	Pulse	5	937799	8102	1
2281	40	Picture	10	947829	0	2	4089	4	0	4000	other	0
2281	40	Pulse	5	957948	10119	2
2281	41	Picture	11	965962	0	1	4089	2	0	4000	hit	83
2281	41	Response	1	970588	4626	1
2281	41	Pulse	5	977947	11985	2
2281	42	Picture	10	984095	0	1	4088	3	0	4000	other	0
2281	42	Pulse	5	997947	13852	2
2281	43	Picture	10	1002227	0	2	4089	3	0	4000	other	0
2281	43	Pulse	5	1017946	15719	2
2281	44	Picture	10	1020360	0	1	4089	2	0	4000	other	0
2281	44	Pulse	5	1037936	17576	1
2281	45	Picture	11	1038493	0	1	4088	3	0	4000	hit	92
2281	45	Response	1	1042896	4403	1
2281	46	Picture	10	1056625	0	1	4089	2	0	4000	other	0
2281	46	Pulse	5	1057935	1310	2
2281	47	Picture	10	1074758	0	1	4089	2	0	4000	other	0
2281	47	Pulse	5	1077935	3177	1
2281	48	Picture	11	1092891	0	1	4088	3	0	4000	hit	98
2281	48	Response	1	1096804	3913	2
2281	48	Pulse	5	1097925	5034	1
2281	49	Picture	10	1111023	0	1	4089	2	0	4000	other	0
2281	49	Pulse	5	1117923	6900	2
2281	50	Picture	10	1129156	0	1	4089	2	0	4000	other	0
2281	50	Pulse	5	1137913	8757	2
2281	51	Picture	10	1147288	0	2	4089	3	0	4000	other	0
2281	51	Pulse	5	1157912	10624	2
2281	52	Picture	10	1165421	0	1	4089	2	0	4000	other	0
2281	52	Pulse	5	1177912	12491	2
2281	53	Pulse	5	1197911	14357	2
2281	54	Picture	20	1208619	0	2	4089	3	0	4000	other	0
2281	54	Pulse	5	1217901	9282	1
2281	55	Picture	20	1226752	0	1	4089	2	0	4000	other	0
2281	55	Pulse	5	1237900	11148	2
2281	56	Picture	21	1244885	0	1	4088	3	0	4000	hit	114
2281	56	Response	1	1248940	4055	2
2281	56	Pulse	5	1257889	13004	2
2281	57	Picture	20	1263017	0	2	4089	3	0	4000	other	0
2281	57	Pulse	5	1277889	14872	2
2281	58	Picture	20	1281150	0	1	4089	2	0	4000	other	0
2281	58	Pulse	5	1297888	16738	2
2281	59	Picture	20	1299283	0	1	4088	3	0	4000	other	0
2281	60	Picture	21	1317415	0	2	4089	3	0	4000	hit	123
2281	60	Pulse	5	1317888	473	2
2281	60	Response	1	1321398	3983	1
2281	61	Picture	20	1335548	0	1	4089	2	0	4000	other	0
2281	61	Pulse	5	1337877	2329	2
2281	62	Picture	20	1353681	0	1	4088	3	0	4000	other	0
2281	62	Pulse	5	1357877	4196	2
2281	63	Picture	20	1371813	0	1	4089	2	0	4000	other	0
2281	63	Pulse	5	1377866	6053	2
2281	64	Picture	20	1389946	0	1	4089	2	0	4000	other	0
2281	64	Pulse	5	1397866	7920	1
2281	65	Picture	20	1408079	0	1	4088	3	0	4000	other	0
2281	65	Pulse	5	1417865	9786	2
2281	66	Picture	21	1426211	0	1	4089	2	0	4000	hit	135
2281	66	Response	1	1431305	5094	1
2281	66	Pulse	5	1437856	11645	1
2281	67	Picture	20	1444344	0	1	4089	2	0	4000	other	0
2281	67	Pulse	5	1457854	13510	2
2281	68	Picture	20	1462476	0	2	4089	3	0	4000	other	0
2281	68	Pulse	5	1477855	15379	1
2281	69	Picture	21	1480609	0	1	4089	2	0	4000	hit	142
2281	69	Response	1	1485534	4925	2
2281	69	Pulse	5	1497843	17234	2
2281	70	Pulse	5	1517842	19100	2
2281	71	Picture	10	1523808	0	1	4088	2	0	4000	other	0
2281	71	Pulse	5	1537842	14034	1
2281	72	Picture	10	1541940	0	1	4089	2	0	4000	other	0
2281	72	Pulse	5	1557831	15891	2
2281	73	Picture	11	1560073	0	1	4088	3	0	4000	hit	150
2281	73	Response	1	1564391	4318	2
2281	73	Pulse	5	1577830	17757	2
2281	74	Picture	10	1578205	0	2	4089	3	0	4000	other	0
2281	75	Picture	11	1596338	0	1	4089	2	0	4000	hit	155
2281	75	Pulse	5	1597830	1492	2
2281	75	Response	1	1600390	4052	2
2281	76	Picture	10	1614471	0	1	4089	2	0	4000	other	0
2281	76	Pulse	5	1617819	3348	2
2281	77	Picture	10	1632603	0	2	4089	3	0	4000	other	0
2281	77	Pulse	5	1637819	5216	2
2281	78	Picture	11	1650736	0	1	4089	2	0	4000	hit	161
2281	78	Response	1	1654458	3722	2
2281	78	Pulse	5	1657818	7082	2
2281	79	Picture	10	1668869	0	1	4088	3	0	4000	other	0
2281	79	Pulse	5	1677808	8939	1
2281	80	Picture	10	1687001	0	2	4089	3	0	4000	other	0
2281	80	Pulse	5	1697807	10806	2
2281	81	Picture	10	1705134	0	1	4089	2	0	4000	other	0
2281	81	Pulse	5	1717806	12672	2
2281	82	Picture	10	1723267	0	1	4088	3	0	4000	other	0
2281	82	Pulse	5	1737796	14529	2
2281	83	Picture	10	1741399	0	2	4089	3	0	4000	other	0
2281	83	Pulse	5	1757795	16396	2
2281	84	Picture	11	1759532	0	1	4089	2	0	4000	hit	174
2281	84	Response	1	1763715	4183	2
2281	85	Picture	10	1777664	0	2	4089	3	0	4000	other	0
2281	85	Pulse	5	1777795	131	2
2281	86	Picture	10	1795797	0	1	4089	2	0	4000	other	0
2281	86	Pulse	5	1797784	1987	2
2281	87	Pulse	5	1817784	3854	2
2281	87	Pulse	5	1837783	23853	2
2281	88	Picture	30	1838996	0	1	4088	3	0	4000	other	0
2281	89	Picture	30	1857128	0	1	4089	2	0	4000	other	0
2281	89	Pulse	5	1857773	645	2
2281	90	Picture	30	1875261	0	1	4089	2	0	4000	other	0
2281	90	Pulse	5	1877772	2511	2
2281	91	Picture	31	1893393	0	2	4089	3	0	4000	hit	188
2281	91	Pulse	5	1897772	4379	1
2281	91	Response	1	1903531	10138	2
2281	92	Picture	31	1911526	0	1	4089	2	0	4000	miss	0
2281	92	Pulse	5	1917761	6235	2
2281	93	Picture	30	1929659	0	1	4089	2	0	4000	other	0
2281	93	Pulse	5	1937760	8101	2
2281	94	Picture	30	1947791	0	2	4089	3	0	4000	other	0
2281	94	Pulse	5	1957760	9969	2
2281	95	Picture	30	1965924	0	1	4089	2	0	4000	other	0
2281	95	Pulse	5	1977749	11825	2
2281	96	Picture	31	1984057	0	1	4088	3	0	4000	hit	198
2281	96	Response	1	1989109	5052	2
2281	96	Pulse	5	1997909	13852	1
2281	97	Picture	30	2002189	0	2	4089	3	0	4000	other	0
2281	97	Pulse	5	2017908	15719	2
2281	98	Picture	30	2020322	0	1	4089	2	0	4000	other	0
2281	98	Pulse	5	2037898	17576	1
2281	99	Picture	30	2038455	0	1	4088	3	0	4000	other	0
2281	100	Picture	30	2056587	0	1	4089	2	0	4000	false_alarm	207
2281	100	Pulse	5	2057897	1310	2
2281	100	Response	1	2061895	5308	4
2281	101	Picture	31	2074720	0	1	4089	2	0	4000	miss	0
2281	101	Pulse	5	2077896	3176	2
2281	102	Picture	30	2092853	0	1	4088	2	0	4000	other	0
2281	102	Pulse	5	2097886	5033	2
2281	103	Picture	30	2110985	0	1	4089	2	0	4000	false_alarm	213
2281	103	Response	1	2115485	4500	2
2281	103	Pulse	5	2117885	6900	2
2281	104	Pulse	5	2137885	8767	1
2281	105	Picture	10	2154184	0	1	4088	3	0	4000	other	0
2281	105	Pulse	5	2157874	3690	2
2281	106	Picture	10	2172316	0	2	4089	3	0	4000	other	0
2281	106	Pulse	5	2177874	5558	1
2281	107	Picture	11	2190449	0	1	4089	2	0	4000	hit	221
2281	107	Response	1	2194033	3584	2
2281	107	Pulse	5	2197873	7424	2
2281	108	Picture	10	2208582	0	1	4088	3	0	4000	other	0
2281	108	Pulse	5	2217862	9280	2
2281	109	Picture	11	2226714	0	1	4089	2	0	4000	hit	226
2281	109	Response	1	2231462	4748	2
2281	109	Pulse	5	2237862	11148	2
2281	110	Picture	10	2244847	0	1	4089	2	0	4000	other	0
2281	110	Pulse	5	2257861	13014	2
2281	111	Picture	10	2262980	0	1	4088	2	0	4000	other	0
2281	111	Pulse	5	2277851	14871	2
2281	112	Picture	11	2281112	0	1	4089	2	0	4000	hit	233
2281	112	Response	1	2284891	3779	1
2281	112	Pulse	5	2297850	16738	2
2281	113	Picture	10	2299245	0	1	4089	2	0	4000	other	0
2281	114	Picture	10	2317377	0	2	4089	3	0	4000	other	0
2281	114	Pulse	5	2317850	473	1
2281	115	Picture	10	2335510	0	1	4089	3	0	4000	other	0
2281	115	Pulse	5	2337839	2329	2
2281	116	Picture	10	2353643	0	1	4088	3	0	4000	other	0
2281	116	Pulse	5	2357839	4196	1
2281	117	Picture	10	2371775	0	2	4089	3	0	4000	other	0
2281	117	Pulse	5	2377838	6063	2
2281	118	Picture	11	2389908	0	1	4089	2	0	4000	hit	245
2281	118	Response	1	2393989	4081	1
2281	118	Pulse	5	2397827	7919	2
2281	119	Picture	10	2408041	0	1	4088	3	0	4000	other	0
2281	119	Pulse	5	2417827	9786	2
2281	120	Picture	10	2426173	0	2	4089	3	0	4000	other	0
2281	120	Pulse	5	2437826	11653	2
2281	121	Pulse	5	2457817	13511	1
2281	122	Picture	20	2469372	0	1	4088	3	0	4000	other	0
2281	122	Pulse	5	2477815	8443	2
2281	123	Picture	20	2487504	0	2	4089	3	0	4000	other	0
2281	123	Pulse	5	2497815	10311	1
2281	124	Picture	20	2505637	0	1	4089	2	0	4000	other	0
2281	124	Pulse	5	2517805	12168	1
2281	125	Picture	21	2523770	0	1	4088	2	0	4000	hit	259
2281	125	Response	1	2527725	3955	1
2281	125	Pulse	5	2537805	14035	1
2281	126	Picture	20	2541902	0	1	4089	2	0	4000	other	0
2281	126	Pulse	5	2557804	15902	1
2281	127	Picture	20	2560035	0	1	4089	2	0	4000	other	0
2281	127	Pulse	5	2577792	17757	2
2281	128	Picture	21	2578168	0	1	4088	2	0	4000	hit	266
2281	128	Response	1	2581792	3624	2
2281	129	Picture	20	2596300	0	1	4089	2	0	4000	other	0
2281	129	Pulse	5	2597792	1492	2
2281	130	Picture	20	2614433	0	1	4089	2	0	4000	other	0
2281	130	Pulse	5	2617791	3358	2
2281	131	Picture	20	2632565	0	2	4089	3	0	4000	other	0
2281	131	Pulse	5	2637781	5216	1
2281	132	Picture	21	2650698	0	1	4089	2	0	4000	hit	274
2281	132	Response	1	2654260	3562	2
2281	132	Pulse	5	2657781	7083	1
2281	133	Picture	20	2668831	0	1	4088	3	0	4000	other	0
2281	133	Pulse	5	2677779	8948	2
2281	134	Picture	20	2686963	0	2	4089	3	0	4000	other	0
2281	134	Pulse	5	2697769	10806	2
2281	135	Picture	21	2705096	0	1	4089	2	0	4000	hit	281
2281	135	Response	1	2709129	4033	1
2281	135	Pulse	5	2717768	12672	2
2281	136	Picture	20	2723229	0	1	4088	3	0	4000	other	0
2281	136	Pulse	5	2737768	14539	2
2281	137	Picture	20	2741361	0	2	4089	3	0	4000	other	0
