Scenario - 1-back
Logfile written - 04/18/2015 13:47:02

Subject	Trial	Event Type	Code	Time	TTime	Uncertainty	Duration	Uncertainty	ReqTime	ReqDur	Stim Type	Pair Index

2281	1	Pulse	5	190786	200608	2
2281	2	Pulse	5	210776	19896	2
2281	3	Picture	10	215946	0	1	4089	2	0	4000	other	0
2281	3	Pulse	5	230776	14830	1
2281	4	Picture	10	234079	0	1	4089	2	0	4000	other	0
2281	4	Pulse	5	250776	16697	1
2281	5	Picture	11	252211	0	2	4089	3	0	4000	hit	8
2281	5	Response	1	256695	4484	1
2281	6	Picture	10	270344	0	1	4089	2	0	4000	other	0
2281	6	Pulse	5	270763	419	2
2281	7	Picture	11	288477	0	1	4088	3	0	4000	hit	13
2281	7	Pulse	5	290763	2286	2
2281	7	Response	1	292203	3726	2
2281	8	Picture	10	306609	0	2	4089	3	0	4000	other	0
2281	8	Pulse	5	310762	4153	2
2281	9	Picture	10	324742	0	1	4089	2	0	4000	other	0
2281	9	Pulse	5	330752	6010	2
2281	10	Picture	10	342875	0	1	4088	3	0	4000	other	0
2281	10	Pulse	5	350751	7876	2
2281	11	Picture	11	361007	0	2	4089	3	0	4000	hit	21
2281	11	Response	1	365311	4304	2
2281	11	Pulse	5	370751	9744	1
2281	12	Picture	10	379140	0	1	4089	2	0	4000	other	0
2281	12	Pulse	5	390741	11601	1
2281	13	Picture	10	397273	0	1	4088	2	0	4000	other	0
2281	13	Pulse	5	410739	13466	2
2281	14	Picture	11	415405	0	1	4089	2	0	4000	hit	28
2281	14	Response	1	419219	3814	2
2281	14	Pulse	5	430739	15334	2
2281	15	Picture	10	433538	0	1	4089	2	0	4000	other	0
2281	15	Pulse	5	450728	17190	2
2281	16	Picture	10	451670	0	2	4089	3	0	4000	other	0
2281	17	Picture	10	469803	0	1	4089	2	0	4000	other	0
2281	17	Pulse	5	470728	925	2
2281	18	Picture	10	487936	0	1	4088	3	0	4000	other	0
2281	18	Pulse	5	490727	2791	2
2281	19	Pulse	5	510717	4649	1
2281	19	Pulse	5	530716	24648	2
2281	20	Picture	20	531134	0	1	4089	2	0	4000	other	0
2281	21	Picture	20	549267	0	1	4089	2	0	4000	other	0
2281	21	Pulse	5	550715	1448	2
2281	22	Picture	21	567399	0	2	4089	3	0	4000	hit	44
2281	22	Pulse	5	570705	3306	2
2281	22	Response	1	572305	4906	2
2281	23	Picture	20	585532	0	1	4089	2	0	4000	other	0
2281	23	Pulse	5	590704	5172	2
2281	24	Picture	20	603665	0	1	4088	3	0	4000	other	0
2281	24	Pulse	5	610704	7039	2
2281	25	Picture	20	621797	0	2	4089	3	0	4000	other	0
2281	25	Pulse	5	630693	8896	2
2281	26	Picture	21	639930	0	1	4089	2	0	4000	hit	52
2281	26	Response	1	643813	3883	2
2281	26	Pulse	5	650693	10763	2
2281	27	Picture	20	658063	0	1	4088	3	0	4000	other	0
2281	27	Pulse	5	670692	12629	2
2281	28	Picture	20	676195	0	2	4089	3	0	4000	other	0
2281	28	Pulse	5	690682	14487	1
2281	29	Picture	20	694328	0	1	4089	2	0	4000	other	0
2281	29	Pulse	5	710681	16353	2
2281	30	Picture	20	712461	0	1	4088	3	0	4000	other	0
2281	31	Picture	20	730593	0	1	4089	2	0	4000	other	0
2281	31	Pulse	5	730680	87	2
2281	32	Picture	21	748726	0	1	4089	2	0	4000	hit	65
2281	32	Pulse	5	750670	1944	2
2281	32	Response	1	752910	4184	2
2281	33	Picture	20	766859	0	1	4088	3	0	4000	other	0
2281	33	Pulse	5	770669	3810	2
2281	34	Picture	20	784991	0	1	4089	2	0	4000	other	0
2281	34	Pulse	5	790669	5678	2
2281	35	Picture	21	803124	0	1	4089	2	0	4000	hit	71
2281	35	Response	1	806988	3864	2
2281	35	Pulse	5	810659	7535	1
2281	36	Pulse	5	830658	9402	1
2281	37	Picture	10	846322	0	1	4089	2	0	4000	other	0
2281	37	Pulse	5	850657	4335	2
2281	38	Picture	10	864455	0	1	4089	2	0	4000	other	0
2281	38	Pulse	5	870647	6192	1
2281	39	Picture	11	882587	0	2	4089	3	0	4000	hit	79
2281	39	Response	1	886166	3579	2
2281	39	Pulse	5	890646	8059	2
2281	40	Picture	10	900720	0	1	4089	2	0	4000	other	0
2281	40	Pulse	5	910645	9925	2
2281	41	Picture	11	918853	0	1	4089	2	0	4000	hit	84
2281	41	Response	1	923605	4752	2
2281	41	Pulse	5	930635	11782	2
2281	42	Picture	10	936985	0	2	4089	3	0	4000	other	0
2281	42	Pulse	5	950634	13649	2
2281	43	Picture	10	955118	0	1	4089	2	0	4000	other	0
2281	43	Pulse	5	970634	15516	2
2281	44	Picture	10	973251	0	1	4088	3	0	4000	other	0
2281	44	Pulse	5	990623	17372	2
2281	45	Picture	11	991383	0	2	4089	3	0	4000	hit	93
2281	45	Response	1	994943	3560	2
2281	46	Picture	10	1009516	0	1	4089	2	0	4000	other	0
2281	46	Pulse	5	1010623	1107	1
2281	47	Picture	10	1027649	0	1	4088	3	0	4000	other	0
2281	47	Pulse	5	1030782	3133	2
2281	48	Picture	11	1045781	0	1	4089	2	0	4000	hit	99
2281	48	Response	1	1049662	3881	1
2281	48	Pulse	5	1050771	4990	2
2281	49	Picture	10	1063914	0	1	4089	2	0	4000	other	0
2281	49	Pulse	5	1070771	6857	2
2281	50	Picture	10	1082047	0	1	4088	3	0	4000	other	0
2281	50	Pulse	5	1090770	8723	2
2281	51	Picture	10	1100179	0	1	4085	6	0	4000	other	0
2281	51	Pulse	5	1110760	10581	2
2281	52	Picture	10	1118312	0	1	4089	2	0	4000	other	0
2281	52	Pulse	5	1130759	12447	2
2281	53	Pulse	5	1150759	14314	1
2281	54	Picture	30	1161510	0	1	4089	2	0	4000	other	0
2281	54	Pulse	5	1170748	9238	2
2281	55	Picture	30	1179643	0	1	4089	2	0	4000	other	0
2281	55	Pulse	5	1190747	11104	2
2281	56	Picture	31	1197776	0	1	4088	3	0	4000	hit	115
2281	56	Response	1	1204667	6891	2
2281	56	Pulse	5	1210747	12971	2
2281	57	Picture	30	1215908	0	1	4089	2	0	4000	other	0
2281	57	Pulse	5	1230738	14830	1
2281	58	Picture	30	1234041	0	1	4089	2	0	4000	other	0
2281	58	Pulse	5	1250737	16696	1
2281	59	Picture	30	1252173	0	2	4089	3	0	4000	other	0
2281	60	Picture	31	1270306	0	1	4089	2	0	4000	hit	124
2281	60	Pulse	5	1270737	431	1
2281	60	Response	1	1279056	8750	1
2281	61	Picture	31	1288439	0	1	4089	2	0	4000	hit	127
2281	61	Pulse	5	1290725	2286	2
2281	61	Response	1	1296165	7726	1
2281	62	Picture	30	1306571	0	2	4089	3	0	4000	other	0
2281	62	Pulse	5	1310724	4153	2
2281	63	Picture	30	1324704	0	1	4089	2	0	4000	other	0
2281	63	Pulse	5	1330724	6020	1
2281	64	Picture	30	1342837	0	1	4089	2	0	4000	other	0
2281	64	Pulse	5	1350713	7876	2
2281	65	Picture	31	1360969	0	2	4089	3	0	4000	hit	135
2281	65	Response	1	1365913	4944	1
2281	65	Pulse	5	1370712	9743	2
2281	66	Picture	30	1379102	0	1	4089	2	0	4000	false_alarm	138
2281	66	Response	1	1385752	6650	2
2281	66	Pulse	5	1390712	11610	2
2281	67	Picture	30	1397235	0	1	4088	3	0	4000	other	0
2281	67	Pulse	5	1410701	13466	2
2281	68	Picture	30	1415367	0	2	4089	3	0	4000	other	0
2281	68	Pulse	5	1430701	15334	2
2281	69	Picture	30	1433500	0	1	4089	2	0	4000	false_alarm	145
2281	69	Response	1	1438061	4561	2
2281	69	Pulse	5	1450701	17201	1
2281	70	Pulse	5	1470690	19057	1
2281	71	Picture	10	1476698	0	2	4089	3	0	4000	other	0
2281	71	Pulse	5	1490689	13991	2
2281	72	Picture	10	1494831	0	1	4089	2	0	4000	other	0
2281	72	Pulse	5	1510688	15857	2
2281	73	Picture	11	1512964	0	1	4088	3	0	4000	hit	153
2281	73	Response	1	1516928	3964	2
2281	73	Pulse	5	1530678	17714	2
2281	74	Picture	10	1531096	0	2	4089	3	0	4000	other	0
2281	75	Picture	11	1549229	0	1	4089	2	0	4000	hit	158
2281	75	Pulse	5	1550677	1448	2
2281	75	Response	1	1554037	4808	2
2281	76	Picture	10	1567362	0	1	4088	3	0	4000	other	0
2281	76	Pulse	5	1570677	3315	2
2281	77	Picture	10	1585494	0	1	4089	2	0	4000	other	0
2281	77	Pulse	5	1590666	5172	2
2281	78	Picture	11	1603627	0	1	4089	2	0	4000	hit	164
2281	78	Response	1	1607466	3839	2
2281	78	Pulse	5	1610666	7039	2
2281	79	Picture	10	1621759	0	2	4089	3	0	4000	other	0
2281	79	Pulse	5	1630664	8905	3
2281	80	Picture	10	1639892	0	1	4089	2	0	4000	other	0
2281	80	Pulse	5	1650655	10763	1
2281	81	Picture	10	1658025	0	1	4089	2	0	4000	other	0
2281	81	Pulse	5	1670654	12629	2
2281	82	Picture	10	1676157	0	2	4089	3	0	4000	other	0
2281	82	Pulse	5	1690653	14496	2
2281	83	Picture	10	1694290	0	1	4089	2	0	4000	other	0
2281	83	Pulse	5	1710643	16353	2
2281	84	Picture	11	1712423	0	1	4088	3	0	4000	hit	177
2281	84	Response	1	1716563	4140	1
2281	85	Picture	10	1730555	0	2	4089	3	0	4000	other	0
2281	85	Pulse	5	1730642	87	2
2281	86	Picture	10	1748688	0	1	4089	2	0	4000	other	0
2281	86	Pulse	5	1750642	1954	2
2281	87	Pulse	5	1770631	3811	2
2281	87	Pulse	5	1790631	23811	1
2281	88	Picture	20	1791886	0	2	4089	3	0	4000	other	0
2281	89	Picture	20	1810019	0	2	4089	3	0	4000	other	0
2281	89	Pulse	5	1810631	612	1
2281	90	Picture	20	1828152	0	1	4088	3	0	4000	other	0
2281	90	Pulse	5	1830619	2467	2
2281	91	Picture	21	1846284	0	2	4089	3	0	4000	hit	191
2281	91	Pulse	5	1850619	4335	2
2281	91	Response	1	1850939	4655	2
2281	92	Picture	20	1864417	0	1	4089	2	0	4000	other	0
2281	92	Pulse	5	1870618	6201	2
2281	93	Picture	20	1882550	0	1	4088	2	0	4000	other	0
2281	93	Pulse	5	1890608	8058	2
2281	94	Picture	21	1900682	0	1	4089	2	0	4000	hit	197
2281	94	Response	1	1904527	3845	2
2281	94	Pulse	5	1910607	9925	2
2281	95	Picture	20	1918815	0	1	4089	2	0	4000	other	0
2281	95	Pulse	5	1930607	11792	1
2281	96	Picture	20	1936947	0	2	4089	3	0	4000	other	0
2281	96	Pulse	5	1950596	13649	2
2281	97	Picture	20	1955080	0	1	4089	2	0	4000	other	0
2281	97	Pulse	5	1970595	15515	2
2281	98	Picture	21	1973213	0	1	4089	2	0	4000	hit	206
2281	98	Response	1	1977475	4262	2
2281	98	Pulse	5	1990595	17382	2
2281	99	Picture	20	1991345	0	2	4089	3	0	4000	other	0
2281	100	Picture	20	2009478	0	1	4089	2	0	4000	other	0
2281	100	Pulse	5	2010584	1106	2
2281	101	Picture	21	2027611	0	1	4089	2	0	4000	hit	213
2281	101	Pulse	5	2030584	2973	2
2281	101	Response	1	2031384	3773	2
2281	102	Picture	20	2045743	0	2	4089	3	0	4000	other	0
2281	102	Pulse	5	2050583	4840	2
2281	103	Picture	20	2063876	0	1	4089	2	0	4000	other	0
2281	103	Pulse	5	2070733	6857	2
2281	104	Pulse	5	2090732	8723	2
2281	105	Picture	10	2107074	0	2	4089	3	0	4000	other	0
2281	105	Pulse	5	2110731	3657	2
2281	106	Picture	10	2125207	0	1	4089	2	0	4000	other	0
2281	106	Pulse	5	2130721	5514	2
2281	107	Picture	11	2143340	0	1	4088	3	0	4000	hit	224
2281	107	Response	1	2147680	4340	2
2281	107	Pulse	5	2150720	7380	2
2281	108	Picture	10	2161472	0	2	4089	3	0	4000	other	0
2281	108	Pulse	5	2170720	9248	2
2281	109	Picture	11	2179605	0	1	4089	2	0	4000	hit	229
2281	109	Response	1	2185279	5674	2
2281	109	Pulse	5	2190709	11104	2
2281	110	Picture	10	2197738	0	1	4088	3	0	4000	other	0
2281	110	Pulse	5	2210709	12971	2
2281	111	Picture	10	2215870	0	1	4089	2	0	4000	other	0
2281	111	Pulse	5	2230708	14838	2
2281	112	Picture	11	2234003	0	1	4089	2	0	4000	hit	236
2281	112	Response	1	2238228	4225	2
2281	112	Pulse	5	2250698	16695	1
2281	113	Picture	10	2252136	0	1	4088	3	0	4000	other	0
2281	114	Picture	10	2270268	0	1	4089	2	0	4000	other	0
2281	114	Pulse	5	2270697	429	2
2281	115	Picture	10	2288401	0	1	4089	2	0	4000	other	0
2281	115	Pulse	5	2290696	2295	2
2281	116	Picture	10	2306534	0	1	4088	2	0	4000	other	0
2281	116	Pulse	5	2310687	4153	1
2281	117	Picture	10	2324666	0	1	4089	2	0	4000	other	0
2281	117	Pulse	5	2330687	6021	1
2281	118	Picture	11	2342799	0	1	4089	2	0	4000	hit	248
2281	118	Response	1	2347165	4366	2
2281	118	Pulse	5	2350686	7887	1
2281	119	Picture	10	2360932	0	1	4088	3	0	4000	other	0
2281	119	Pulse	5	2370674	9742	2
2281	120	Picture	10	2379064	0	1	4089	2	0	4000	other	0
2281	120	Pulse	5	2390674	11610	2
2281	121	Pulse	5	2410673	13476	2
2281	122	Picture	30	2422262	0	2	4089	3	0	4000	other	0
2281	122	Pulse	5	2430663	8401	1
2281	123	Picture	30	2440395	0	1	4089	2	0	4000	other	0
2281	123	Pulse	5	2450663	10268	1
2281	124	Picture	30	2458528	0	1	4088	3	0	4000	other	0
2281	124	Pulse	5	2470661	12133	2
2281	125	Picture	31	2476660	0	2	4089	3	0	4000	hit	262
2281	125	Response	1	2482501	5841	2
2281	125	Pulse	5	2490651	13991	2
2281	126	Picture	31	2494793	0	1	4089	2	0	4000	hit	265
2281	126	Response	1	2504570	9777	2
2281	126	Pulse	5	2510650	15857	2
2281	127	Picture	30	2512926	0	1	4089	2	0	4000	other	0
2281	127	Pulse	5	2530650	17724	2
2281	128	Picture	30	2531058	0	2	4089	3	0	4000	other	0
2281	129	Picture	30	2549191	0	1	4089	2	0	4000	other	0
2281	129	Pulse	5	2550639	1448	2
2281	130	Picture	31	2567324	0	1	4088	3	0	4000	hit	274
2281	130	Pulse	5	2570639	3315	1
2281	130	Response	1	2571919	4595	1
2281	131	Picture	30	2585456	0	1	4089	2	0	4000	other	0
2281	131	Pulse	5	2590637	5181	3
2281	132	Picture	30	2603589	0	1	4089	2	0	4000	other	0
2281	132	Pulse	5	2610627	7038	2
2281	133	Picture	30	2621722	0	1	4088	3	0	4000	other	0
2281	133	Pulse	5	2630627	8905	2
2281	134	Picture	30	2639854	0	1	4089	2	0	4000	other	0
2281	134	Pulse	5	2650626	10772	2
2281	135	Picture	31	2657987	0	1	4088	3	0	4000	hit	284
2281	135	Response	1	2662466	4479	2
2281	135	Pulse	5	2670616	12629	2
2281	136	Picture	30	2676120	0	1	4088	2	0	4000	other	0
2281	136	Pulse	5	2690615	14495	2
2281	137	Picture	30	2694252	0	1	4089	2	0	4000	false_alarm	289
2281	137	Response	1	2700695	6443	2
