Scenario - 1-back
Logfile written - 01/30/2015 15:22:30

Subject	Trial	Event Type	Code	Time	TTime	Uncertainty	Duration	Uncertainty	ReqTime	ReqDur	Stim Type	Pair Index

2288	1	Response	1	135329	145163	1
2288	1	Pulse	5	289213	299047	4
2288	2	Pulse	5	309212	19971	4
2288	3	Picture	10	314772	0	1	4145	2	0	4000	other	0
2288	3	Pulse	5	329202	14430	3
2288	4	Picture	10	332843	0	1	4144	3	0	4000	other	0
2288	4	Pulse	5	349201	16358	4
2288	5	Picture	11	350913	0	2	4145	3	0	4000	hit	9
2288	5	Response	1	355602	4689	2
2288	6	Picture	10	368984	0	1	4144	3	0	4000	other	0
2288	6	Pulse	5	369200	216	4
2288	7	Picture	11	387054	0	2	4145	3	0	4000	hit	14
2288	7	Pulse	5	389349	2295	4
2288	7	Response	1	391750	4696	3
2288	8	Picture	10	405125	0	1	4145	2	0	4000	other	0
2288	8	Pulse	5	409349	4224	3
2288	9	Picture	10	423196	0	1	4144	2	0	4000	other	0
2288	9	Pulse	5	429348	6152	3
2288	10	Picture	10	441266	0	1	4145	2	0	4000	other	0
2288	10	Pulse	5	449339	8073	1
2288	11	Picture	11	459337	0	1	4144	3	0	4000	hit	22
2288	11	Response	1	464058	4721	2
2288	11	Pulse	5	469338	10001	2
2288	12	Picture	10	477407	0	2	4145	3	0	4000	other	0
2288	12	Pulse	5	489337	11930	2
2288	13	Picture	10	495478	0	1	4145	2	0	4000	other	0
2288	13	Pulse	5	509327	13849	2
2288	14	Picture	11	513549	0	1	4144	2	0	4000	hit	29
2288	14	Response	1	518766	5217	2
2288	14	Pulse	5	529326	15777	2
2288	15	Picture	10	531619	0	1	4145	2	0	4000	other	0
2288	15	Pulse	5	549325	17706	2
2288	16	Picture	10	549690	0	1	4144	2	0	4000	other	0
2288	17	Picture	10	567760	0	1	4145	2	0	4000	other	0
2288	17	Pulse	5	569315	1555	2
2288	18	Picture	10	585831	0	1	4144	3	0	4000	other	0
2288	18	Pulse	5	589314	3483	2
2288	19	Pulse	5	609314	5413	1
2288	20	Picture	20	628935	0	1	4145	2	0	4000	other	0
2288	20	Pulse	5	629303	368	2
2288	21	Picture	20	647006	0	1	4144	2	0	4000	other	0
2288	21	Pulse	5	649302	2296	2
2288	22	Picture	21	665076	0	1	4145	2	0	4000	hit	45
2288	22	Pulse	5	669302	4226	2
2288	22	Response	1	673462	8386	1
2288	23	Picture	20	683147	0	1	4144	3	0	4000	other	0
2288	23	Pulse	5	689291	6144	2
2288	24	Picture	20	701217	0	1	4145	2	0	4000	other	0
2288	24	Pulse	5	709291	8074	1
2288	25	Picture	20	719288	0	1	4144	3	0	4000	other	0
2288	25	Pulse	5	729290	10002	2
2288	26	Picture	21	737358	0	2	4145	3	0	4000	hit	53
2288	26	Response	1	742089	4731	2
2288	26	Pulse	5	749279	11921	3
2288	27	Picture	20	755429	0	2	4145	3	0	4000	other	0
2288	27	Pulse	5	769279	13850	2
2288	28	Picture	20	773500	0	1	4144	2	0	4000	other	0
2288	28	Pulse	5	789278	15778	2
2288	29	Picture	20	791570	0	1	4145	2	0	4000	other	0
2288	29	Pulse	5	809267	17697	2
2288	30	Picture	20	809641	0	1	4144	3	0	4000	false_alarm	62
2288	30	Response	1	821428	11787	1
2288	31	Picture	20	827711	0	1	4145	2	0	4000	other	0
2288	31	Pulse	5	829267	1556	2
2288	32	Picture	21	845782	0	2	4145	3	0	4000	hit	67
2288	32	Pulse	5	849266	3484	2
2288	32	Response	1	855986	10204	2
2288	33	Picture	20	863852	0	2	4145	3	0	4000	other	0
2288	33	Pulse	5	869255	5403	2
2288	34	Picture	20	881923	0	1	4145	2	0	4000	other	0
2288	34	Pulse	5	889255	7332	2
2288	35	Picture	21	899994	0	1	4144	2	0	4000	hit	73
2288	35	Response	1	907014	7020	2
2288	35	Pulse	5	909254	9260	2
2288	36	Pulse	5	929244	11181	1
2288	37	Picture	10	943098	0	1	4144	3	0	4000	other	0
2288	37	Pulse	5	949243	6145	2
2288	38	Picture	10	961168	0	2	4145	3	0	4000	other	0
2288	38	Pulse	5	969242	8074	2
2288	39	Picture	11	979239	0	1	4145	2	0	4000	hit	81
2288	39	Response	1	983802	4563	2
2288	39	Pulse	5	989232	9993	2
2288	40	Picture	10	997310	0	1	4144	2	0	4000	other	0
2288	40	Pulse	5	1009231	11921	2
2288	41	Picture	11	1015380	0	1	4145	2	0	4000	hit	86
2288	41	Response	1	1022191	6811	1
2288	41	Pulse	5	1029230	13850	2
2288	42	Picture	10	1033451	0	1	4144	2	0	4000	other	0
2288	42	Pulse	5	1049220	15769	2
2288	43	Picture	10	1051521	0	1	4145	2	0	4000	other	0
2288	43	Pulse	5	1069219	17698	2
2288	44	Picture	10	1069592	0	1	4144	3	0	4000	other	0
2288	45	Picture	11	1087662	0	2	4145	3	0	4000	hit	95
2288	45	Pulse	5	1089219	1557	1
2288	45	Response	1	1094018	6356	2
2288	46	Picture	10	1105733	0	1	4145	2	0	4000	other	0
2288	46	Pulse	5	1109208	3475	2
2288	47	Picture	10	1123804	0	1	4144	2	0	4000	other	0
2288	47	Pulse	5	1129207	5403	2
2288	48	Picture	11	1141874	0	1	4145	2	0	4000	hit	101
2288	48	Response	1	1147287	5413	2
2288	48	Pulse	5	1149207	7333	2
2288	49	Picture	10	1159945	0	1	4144	2	0	4000	other	0
2288	49	Pulse	5	1169196	9251	2
2288	50	Picture	10	1178015	0	1	4145	2	0	4000	other	0
2288	50	Pulse	5	1189195	11180	2
2288	51	Picture	10	1196086	0	1	4145	2	0	4000	other	0
2288	51	Pulse	5	1209195	13109	2
2288	52	Picture	10	1214156	0	2	4145	3	0	4000	other	0
2288	52	Pulse	5	1229184	15028	3
2288	53	Pulse	5	1249184	16957	2
2288	54	Picture	30	1257261	0	1	4144	2	0	4000	other	0
2288	54	Pulse	5	1269183	11922	2
2288	55	Picture	30	1275331	0	1	4145	2	0	4000	other	0
2288	55	Pulse	5	1289172	13841	2
2288	56	Picture	31	1293402	0	1	4144	3	0	4000	hit	117
2288	56	Response	1	1301972	8570	2
2288	56	Pulse	5	1309172	15770	2
2288	57	Picture	30	1311472	0	2	4145	3	0	4000	other	0
2288	57	Pulse	5	1329171	17699	2
2288	58	Picture	30	1329543	0	1	4144	3	0	4000	other	0
2288	59	Picture	30	1347613	0	2	4145	3	0	4000	other	0
2288	59	Pulse	5	1349159	1546	4
2288	60	Picture	31	1365684	0	1	4145	2	0	4000	miss	0
2288	60	Pulse	5	1369159	3475	4
2288	61	Picture	31	1383755	0	1	4144	3	0	4000	hit	128
2288	61	Pulse	5	1389158	5403	4
2288	61	Response	1	1390599	6844	2
2288	62	Picture	30	1401825	0	1	4145	2	0	4000	other	0
2288	62	Pulse	5	1409149	7324	2
2288	63	Picture	30	1419896	0	1	4144	3	0	4000	other	0
2288	63	Pulse	5	1429308	9412	2
2288	64	Picture	30	1437966	0	2	4145	3	0	4000	other	0
2288	64	Pulse	5	1449307	11341	2
2288	65	Picture	31	1456037	0	2	4145	3	0	4000	hit	136
2288	65	Response	1	1461147	5110	2
2288	65	Pulse	5	1469296	13259	3
2288	66	Picture	30	1474108	0	1	4144	2	0	4000	other	0
2288	66	Pulse	5	1489295	15187	3
2288	67	Picture	30	1492178	0	1	4145	2	0	4000	other	0
2288	67	Pulse	5	1509295	17117	2
2288	68	Picture	30	1510249	0	1	4144	2	0	4000	other	0
2288	69	Picture	30	1528319	0	1	4145	2	0	4000	other	0
2288	69	Pulse	5	1529285	966	2
2288	70	Pulse	5	1549284	2894	2
2288	70	Pulse	5	1569284	22894	2
2288	71	Picture	10	1571423	0	2	4145	3	0	4000	other	0
2288	71	Pulse	5	1589273	17850	2
2288	72	Picture	10	1589494	0	1	4139	11	0	4000	other	0
2288	73	Picture	11	1607565	0	1	4144	2	0	4000	hit	152
2288	73	Pulse	5	1609272	1707	2
2288	73	Response	1	1611672	4107	2
2288	74	Picture	10	1625635	0	1	4145	2	0	4000	other	0
2288	74	Pulse	5	1629272	3637	1
2288	75	Picture	11	1643683	0	29	4167	31	0	4000	hit	157
2288	75	Pulse	5	1649261	5578	2
2288	75	Response	1	1652461	8778	2
2288	76	Picture	10	1661776	0	1	4145	2	0	4000	other	0
2288	76	Pulse	5	1669260	7484	2
2288	77	Picture	10	1679847	0	1	4145	2	0	4000	other	0
2288	77	Pulse	5	1689260	9413	2
2288	78	Picture	11	1697917	0	2	4145	3	0	4000	hit	163
2288	78	Response	1	1702539	4622	2
2288	78	Pulse	5	1709249	11332	2
2288	79	Picture	10	1715988	0	1	4145	2	0	4000	other	0
2288	79	Pulse	5	1729248	13260	3
2288	80	Picture	10	1734059	0	1	4144	3	0	4000	other	0
2288	80	Pulse	5	1749248	15189	2
2288	81	Picture	10	1752128	0	2	4146	3	0	4000	other	0
2288	81	Pulse	5	1769237	17109	2
2288	82	Picture	10	1770200	0	1	4144	3	0	4000	other	0
2288	83	Picture	10	1788270	0	2	4145	3	0	4000	other	0
2288	83	Pulse	5	1789237	967	1
2288	84	Picture	11	1806341	0	1	4145	2	0	4000	hit	176
2288	84	Pulse	5	1809236	2895	2
2288	84	Response	1	1810996	4655	2
2288	85	Picture	10	1824411	0	2	4145	3	0	4000	other	0
2288	85	Pulse	5	1829225	4814	2
2288	86	Picture	10	1842482	0	1	4145	2	0	4000	other	0
2288	86	Pulse	5	1849225	6743	2
2288	87	Pulse	5	1869224	8671	2
2288	88	Picture	20	1885586	0	1	4145	2	0	4000	other	0
2288	88	Pulse	5	1889214	3628	1
2288	89	Picture	20	1903657	0	1	4145	2	0	4000	other	0
2288	89	Pulse	5	1909213	5556	2
2288	90	Picture	20	1921727	0	2	4145	3	0	4000	other	0
2288	90	Pulse	5	1929212	7485	2
2288	91	Picture	21	1939798	0	1	4145	2	0	4000	hit	189
2288	91	Response	1	1946802	7004	2
2288	91	Pulse	5	1949202	9404	1
2288	92	Picture	20	1957869	0	1	4144	2	0	4000	other	0
2288	92	Pulse	5	1969201	11332	2
2288	93	Picture	20	1975939	0	1	4145	2	0	4000	other	0
2288	93	Pulse	5	1989200	13261	2
2288	94	Picture	21	1994010	0	1	4144	3	0	4000	miss	0
2288	94	Pulse	5	2009190	15180	2
2288	95	Picture	20	2012080	0	2	4145	3	0	4000	other	0
2288	95	Pulse	5	2029189	17109	2
2288	96	Picture	20	2030151	0	1	4145	2	0	4000	false_alarm	200
2288	96	Response	1	2041189	11038	2
2288	97	Picture	20	2048222	0	1	4144	2	0	4000	other	0
2288	97	Pulse	5	2049189	967	1
2288	98	Picture	21	2066292	0	1	4145	2	0	4000	hit	205
2288	98	Pulse	5	2069178	2886	2
2288	98	Response	1	2076858	10566	1
2288	99	Picture	20	2084363	0	1	4144	3	0	4000	other	0
2288	99	Pulse	5	2089177	4814	2
2288	100	Picture	20	2102433	0	1	4145	2	0	4000	other	0
2288	100	Pulse	5	2109177	6744	1
2288	101	Picture	21	2120504	0	1	4145	2	0	4000	miss	0
2288	101	Pulse	5	2129166	8662	2
2288	102	Picture	20	2138574	0	2	4145	3	0	4000	other	0
2288	102	Pulse	5	2149165	10591	2
2288	103	Picture	20	2156645	0	2	4145	3	0	4000	other	0
2288	103	Pulse	5	2169165	12520	2
2288	104	Pulse	5	2189154	14438	2
2288	105	Picture	10	2199749	0	1	4145	2	0	4000	other	0
2288	105	Pulse	5	2209153	9404	3
2288	106	Picture	10	2217820	0	1	4144	3	0	4000	other	0
2288	106	Pulse	5	2229153	11333	2
2288	107	Picture	11	2235890	0	2	4145	3	0	4000	hit	222
2288	107	Response	1	2240672	4782	3
2288	107	Pulse	5	2249142	13252	2
2288	108	Picture	10	2253961	0	1	4144	3	0	4000	other	0
2288	108	Pulse	5	2269142	15181	1
2288	109	Picture	11	2272031	0	2	4145	3	0	4000	hit	227
2288	109	Response	1	2280821	8790	2
2288	109	Pulse	5	2289142	17111	1
2288	110	Picture	10	2290102	0	1	4145	2	0	4000	other	0
2288	111	Picture	10	2308173	0	1	4144	3	0	4000	other	0
2288	111	Pulse	5	2309130	957	2
2288	112	Picture	11	2326243	0	1	4145	2	0	4000	hit	234
2288	112	Pulse	5	2329130	2887	2
2288	112	Response	1	2331689	5446	3
2288	113	Picture	10	2344314	0	1	4144	3	0	4000	other	0
2288	113	Pulse	5	2349129	4815	2
2288	114	Picture	10	2362384	0	2	4145	3	0	4000	other	0
2288	114	Pulse	5	2369117	6733	4
2288	115	Picture	10	2380455	0	1	4145	2	0	4000	other	0
2288	115	Pulse	5	2389117	8662	3
2288	116	Picture	10	2398526	0	1	4144	2	0	4000	other	0
2288	116	Pulse	5	2409116	10590	4
2288	117	Picture	10	2416596	0	1	4145	2	0	4000	other	0
2288	117	Pulse	5	2429107	12511	2
2288	118	Picture	11	2434666	0	2	4145	4	0	4000	hit	246
2288	118	Response	1	2441266	6600	2
2288	118	Pulse	5	2449106	14440	2
2288	119	Picture	10	2452737	0	2	4145	3	0	4000	other	0
2288	119	Pulse	5	2469264	16527	4
2288	120	Picture	10	2470806	0	3	4147	4	0	4000	other	0
2288	121	Pulse	5	2489255	377	2
2288	121	Pulse	5	2509253	20375	4
2288	122	Picture	30	2513912	0	1	4145	2	0	4000	other	0
2288	122	Pulse	5	2529252	15340	3
2288	123	Picture	30	2531983	0	1	4144	3	0	4000	other	0
2288	123	Pulse	5	2549244	17261	1
2288	124	Picture	30	2550053	0	1	4145	2	0	4000	other	0
2288	125	Picture	31	2568124	0	1	4145	2	0	4000	miss	0
2288	125	Pulse	5	2569242	1118	2
2288	126	Picture	31	2586194	0	2	4145	3	0	4000	miss	0
2288	126	Pulse	5	2589242	3048	1
2288	127	Picture	30	2604265	0	1	4145	2	0	4000	false_alarm	263
2288	127	Response	1	2604761	496	2
2288	127	Pulse	5	2609232	4967	1
2288	128	Picture	30	2622336	0	1	4144	2	0	4000	other	0
2288	128	Pulse	5	2629230	6894	2
2288	129	Picture	30	2640406	0	1	4145	2	0	4000	other	0
2288	129	Pulse	5	2649230	8824	2
2288	130	Picture	31	2658477	0	1	4144	3	0	4000	miss	0
2288	130	Pulse	5	2669219	10742	2
2288	131	Picture	30	2676547	0	2	4145	3	0	4000	other	0
2288	131	Pulse	5	2689218	12671	3
2288	132	Picture	30	2694618	0	1	4145	2	0	4000	other	0
2288	132	Pulse	5	2709218	14600	2
2288	133	Picture	30	2712688	0	2	4145	3	0	4000	other	0
2288	133	Pulse	5	2729208	16520	1
2288	134	Picture	30	2730759	0	1	4145	2	0	4000	other	0
2288	135	Picture	31	2748830	0	1	4144	3	0	4000	miss	0
2288	135	Pulse	5	2749207	377	1
2288	136	Picture	30	2766900	0	1	4145	2	0	4000	other	0
2288	136	Pulse	5	2769206	2306	2
2288	137	Picture	30	2784971	0	1	4144	3	0	4000	false_alarm	284
2288	137	Pulse	5	2789195	4224	2
2288	137	Response	1	2793355	8384	2
