Scenario - 1-back
Logfile written - 01/30/2015 15:31:42

Subject	Trial	Event Type	Code	Time	TTime	Uncertainty	Duration	Uncertainty	ReqTime	ReqDur	Stim Type	Pair Index

2288	1	Pulse	5	166063	175897	1
2288	2	Pulse	5	186062	19833	2
2288	3	Picture	10	191262	0	2	4145	3	0	4000	other	0
2288	3	Pulse	5	206052	14790	1
2288	4	Picture	10	209333	0	1	4145	2	0	4000	other	0
2288	4	Pulse	5	226051	16718	2
2288	5	Picture	11	227404	0	1	4144	2	0	4000	hit	8
2288	5	Response	1	234530	7126	2
2288	6	Picture	10	245474	0	1	4145	2	0	4000	other	0
2288	6	Pulse	5	246051	577	1
2288	7	Picture	11	263545	0	1	4144	3	0	4000	hit	13
2288	7	Pulse	5	266039	2494	3
2288	7	Response	1	269719	6174	3
2288	8	Picture	10	281615	0	2	4145	3	0	4000	other	0
2288	8	Pulse	5	286039	4424	2
2288	9	Picture	10	299686	0	1	4145	2	0	4000	other	0
2288	9	Pulse	5	306038	6352	3
2288	10	Picture	10	317757	0	1	4144	2	0	4000	other	0
2288	10	Pulse	5	326028	8271	1
2288	11	Picture	11	335827	0	1	4145	2	0	4000	hit	21
2288	11	Response	1	340907	5080	2
2288	11	Pulse	5	346027	10200	2
2288	12	Picture	10	353898	0	1	4144	3	0	4000	other	0
2288	12	Pulse	5	366026	12128	2
2288	13	Picture	10	371968	0	2	4145	3	0	4000	other	0
2288	13	Pulse	5	386016	14048	2
2288	14	Picture	11	390039	0	1	4145	2	0	4000	hit	28
2288	14	Response	1	396415	6376	2
2288	14	Pulse	5	406015	15976	2
2288	15	Picture	10	408110	0	1	4144	2	0	4000	other	0
2288	15	Pulse	5	426014	17904	2
2288	16	Picture	10	426180	0	1	4145	2	0	4000	other	0
2288	17	Picture	10	444251	0	1	4144	2	0	4000	other	0
2288	17	Pulse	5	446004	1753	2
2288	18	Picture	10	462321	0	1	4145	2	0	4000	other	0
2288	18	Pulse	5	466003	3682	2
2288	19	Pulse	5	486003	5611	1
2288	20	Picture	20	505425	0	2	4145	3	0	4000	other	0
2288	20	Pulse	5	505992	567	2
2288	21	Picture	20	523496	0	1	4145	2	0	4000	other	0
2288	21	Pulse	5	525991	2495	2
2288	22	Picture	21	541567	0	1	4144	3	0	4000	hit	44
2288	22	Pulse	5	545991	4424	2
2288	22	Response	1	549831	8264	1
2288	23	Picture	20	559637	0	1	4145	2	0	4000	other	0
2288	23	Pulse	5	565980	6343	2
2288	24	Picture	20	577708	0	1	4144	3	0	4000	other	0
2288	24	Pulse	5	585979	8271	2
2288	25	Picture	20	595778	0	2	4145	3	0	4000	other	0
2288	25	Pulse	5	605979	10201	2
2288	26	Picture	21	613849	0	1	4145	2	0	4000	hit	52
2288	26	Response	1	620849	7000	1
2288	26	Pulse	5	625968	12119	2
2288	27	Picture	20	631920	0	1	4144	2	0	4000	other	0
2288	27	Pulse	5	645968	14048	1
2288	28	Picture	20	649990	0	1	4145	2	0	4000	other	0
2288	28	Pulse	5	665967	15977	2
2288	29	Picture	20	668061	0	1	4144	3	0	4000	other	0
2288	29	Pulse	5	685956	17895	2
2288	30	Picture	20	686131	0	2	4145	3	0	4000	other	0
2288	31	Picture	20	704202	0	1	4143	4	0	4000	false_alarm	63
2288	31	Pulse	5	705956	1754	1
2288	31	Response	1	711076	6874	1
2288	32	Picture	21	722273	0	1	4144	2	0	4000	hit	66
2288	32	Pulse	5	725955	3682	2
2288	32	Response	1	732355	10082	2
2288	33	Picture	20	740343	0	1	4145	2	0	4000	other	0
2288	33	Pulse	5	745943	5600	5
2288	34	Picture	20	758414	0	1	4144	3	0	4000	other	0
2288	34	Pulse	5	765943	7529	3
2288	35	Picture	21	776484	0	2	4145	3	0	4000	hit	72
2288	35	Response	1	784663	8179	3
2288	35	Pulse	5	785942	9458	4
2288	36	Pulse	5	805933	11378	2
2288	37	Picture	10	819589	0	1	4144	2	0	4000	other	0
2288	37	Pulse	5	825932	6343	2
2288	38	Picture	10	837659	0	1	4145	2	0	4000	other	0
2288	38	Pulse	5	845931	8272	3
2288	39	Picture	11	855730	0	1	4144	2	0	4000	hit	80
2288	39	Response	1	861281	5551	2
2288	39	Pulse	5	866080	10350	3
2288	40	Picture	10	873800	0	1	4145	2	0	4000	other	0
2288	40	Pulse	5	886079	12279	3
2288	41	Picture	11	891871	0	1	4144	3	0	4000	hit	85
2288	41	Response	1	901920	10049	1
2288	41	Pulse	5	906079	14208	3
2288	42	Picture	10	909941	0	2	4145	3	0	4000	other	0
2288	42	Pulse	5	926069	16128	2
2288	43	Picture	10	928012	0	1	4145	2	0	4000	other	0
2288	43	Pulse	5	946068	18056	2
2288	44	Picture	10	946083	0	1	4144	2	0	4000	other	0
2288	45	Picture	11	964153	0	1	4145	2	0	4000	miss	0
2288	45	Pulse	5	966068	1915	1
2288	46	Picture	10	982224	0	1	4144	3	0	4000	other	0
2288	46	Pulse	5	986058	3834	1
2288	47	Picture	10	1000294	0	2	4145	3	0	4000	other	0
2288	47	Pulse	5	1006056	5762	2
2288	48	Picture	11	1018365	0	1	4145	2	0	4000	hit	99
2288	48	Response	1	1026056	7691	2
2288	48	Pulse	5	1026056	7691	2
2288	49	Picture	10	1036436	0	1	4144	2	0	4000	other	0
2288	49	Pulse	5	1046045	9609	2
2288	50	Picture	10	1054506	0	1	4145	2	0	4000	other	0
2288	50	Pulse	5	1066044	11538	2
2288	51	Picture	10	1072577	0	1	4144	3	0	4000	other	0
2288	51	Pulse	5	1086044	13467	2
2288	52	Picture	10	1090647	0	2	4145	3	0	4000	other	0
2288	52	Pulse	5	1106033	15386	2
2288	53	Pulse	5	1126033	17315	1
2288	54	Picture	30	1133752	0	1	4144	2	0	4000	other	0
2288	54	Pulse	5	1146032	12280	2
2288	55	Picture	30	1151822	0	1	4145	2	0	4000	other	0
2288	55	Pulse	5	1166021	14199	2
2288	56	Picture	31	1169893	0	1	4144	3	0	4000	miss	0
2288	56	Pulse	5	1186021	16128	2
2288	57	Picture	30	1187963	0	1	4145	2	0	4000	other	0
2288	57	Pulse	5	1206020	18057	2
2288	58	Picture	30	1206034	0	1	4144	3	0	4000	other	0
2288	59	Picture	30	1224104	0	2	4145	3	0	4000	other	0
2288	59	Pulse	5	1226009	1905	3
2288	60	Picture	31	1242175	0	1	4145	2	0	4000	miss	0
2288	60	Pulse	5	1246009	3834	2
2288	61	Picture	31	1260246	0	1	4144	2	0	4000	miss	0
2288	61	Pulse	5	1266008	5762	3
2288	62	Picture	30	1278316	0	1	4145	2	0	4000	other	0
2288	62	Pulse	5	1285998	7682	1
2288	63	Picture	30	1296387	0	1	4144	3	0	4000	other	0
2288	63	Pulse	5	1305997	9610	2
2288	64	Picture	30	1314457	0	2	4145	3	0	4000	other	0
2288	64	Pulse	5	1325996	11539	2
2288	65	Picture	31	1332528	0	1	4145	2	0	4000	miss	0
2288	65	Pulse	5	1345986	13458	1
2288	66	Picture	30	1350599	0	1	4144	2	0	4000	other	0
2288	66	Pulse	5	1365985	15386	2
2288	67	Picture	30	1368669	0	1	4145	2	0	4000	other	0
2288	67	Pulse	5	1385984	17315	2
2288	68	Picture	30	1386740	0	1	4144	3	0	4000	other	0
2288	69	Picture	30	1404810	0	2	4145	3	0	4000	other	0
2288	69	Pulse	5	1405974	1164	2
2288	70	Pulse	5	1425973	3092	2
2288	70	Pulse	5	1445973	23092	1
2288	71	Picture	10	1447914	0	2	4145	3	0	4000	other	0
2288	71	Pulse	5	1465963	18049	1
2288	72	Picture	10	1465985	0	1	4145	2	0	4000	other	0
2288	73	Picture	11	1484056	0	1	4144	2	0	4000	hit	147
2288	73	Pulse	5	1485961	1905	2
2288	73	Response	1	1489641	5585	2
2288	74	Picture	10	1502126	0	1	4145	2	0	4000	other	0
2288	74	Pulse	5	1505961	3835	1
2288	75	Picture	11	1520197	0	1	4144	3	0	4000	hit	152
2288	75	Pulse	5	1525950	5753	2
2288	75	Response	1	1526270	6073	2
2288	76	Picture	10	1538267	0	2	4145	3	0	4000	other	0
2288	76	Pulse	5	1545949	7682	2
2288	77	Picture	10	1556338	0	1	4144	3	0	4000	other	0
2288	77	Pulse	5	1565949	9611	2
2288	78	Picture	11	1574409	0	1	4144	2	0	4000	hit	158
2288	78	Response	1	1581458	7049	2
2288	78	Pulse	5	1585938	11529	2
2288	79	Picture	10	1592479	0	1	4145	2	0	4000	other	0
2288	79	Pulse	5	1605938	13459	1
2288	80	Picture	10	1610550	0	1	4144	3	0	4000	other	0
2288	80	Pulse	5	1625937	15387	2
2288	81	Picture	10	1628620	0	2	4145	3	0	4000	other	0
2288	81	Pulse	5	1645926	17306	2
2288	82	Picture	10	1646691	0	1	4145	2	0	4000	other	0
2288	83	Picture	10	1664762	0	1	4144	2	0	4000	other	0
2288	83	Pulse	5	1665926	1164	2
2288	84	Picture	11	1682832	0	1	4145	2	0	4000	hit	171
2288	84	Pulse	5	1685925	3093	2
2288	84	Response	1	1688645	5813	2
2288	85	Picture	10	1700903	0	1	4144	3	0	4000	other	0
2288	85	Pulse	5	1705914	5011	3
2288	86	Picture	10	1718973	0	2	4145	3	0	4000	other	0
2288	86	Pulse	5	1725914	6941	2
2288	87	Pulse	5	1745913	8869	2
2288	88	Picture	20	1762077	0	2	4145	3	0	4000	other	0
2288	88	Pulse	5	1765903	3826	1
2288	89	Picture	20	1780148	0	1	4145	2	0	4000	other	0
2288	89	Pulse	5	1785902	5754	2
2288	90	Picture	20	1798219	0	1	4144	3	0	4000	other	0
2288	90	Pulse	5	1805901	7682	2
2288	91	Picture	21	1816289	0	1	4145	2	0	4000	hit	184
2288	91	Response	1	1823171	6882	2
2288	91	Pulse	5	1825890	9601	3
2288	92	Picture	20	1834360	0	1	4145	2	0	4000	other	0
2288	92	Pulse	5	1845889	11529	4
2288	93	Picture	20	1852430	0	2	4145	3	0	4000	other	0
2288	93	Pulse	5	1865888	13458	4
2288	94	Picture	21	1870501	0	1	4145	2	0	4000	miss	0
2288	94	Pulse	5	1885879	15378	2
2288	95	Picture	20	1888572	0	1	4144	3	0	4000	other	0
2288	95	Pulse	5	1906037	17465	4
2288	96	Picture	20	1906642	0	2	4145	3	0	4000	other	0
2288	97	Picture	20	1924713	0	1	4144	3	0	4000	other	0
2288	97	Pulse	5	1926036	1323	3
2288	98	Picture	21	1942783	0	2	4145	3	0	4000	hit	199
2288	98	Pulse	5	1946026	3243	3
2288	98	Response	1	1948747	5964	2
2288	99	Picture	20	1960854	0	1	4145	2	0	4000	other	0
2288	99	Pulse	5	1966027	5173	1
2288	100	Picture	20	1978925	0	1	4144	2	0	4000	other	0
2288	100	Pulse	5	1986025	7100	3
2288	101	Picture	21	1996995	0	1	4145	2	0	4000	miss	0
2288	101	Pulse	5	2006015	9020	2
2288	102	Picture	20	2015066	0	1	4144	3	0	4000	other	0
2288	102	Pulse	5	2026014	10948	2
2288	103	Picture	20	2033136	0	2	4145	3	0	4000	other	0
2288	103	Pulse	5	2046014	12878	2
2288	104	Pulse	5	2066003	14796	2
2288	105	Picture	10	2076240	0	2	4145	3	0	4000	other	0
2288	105	Pulse	5	2086003	9763	1
2288	106	Picture	10	2094311	0	1	4145	2	0	4000	other	0
2288	106	Pulse	5	2106002	11691	2
2288	107	Picture	11	2112382	0	2	4144	4	0	4000	hit	216
2288	107	Response	1	2118151	5769	3
2288	107	Pulse	5	2125991	13609	2
2288	108	Picture	10	2130452	0	1	4145	2	0	4000	other	0
2288	108	Pulse	5	2145991	15539	1
2288	109	Picture	11	2148523	0	1	4144	3	0	4000	hit	221
2288	109	Response	1	2156710	8187	2
2288	109	Pulse	5	2165990	17467	2
2288	110	Picture	10	2166593	0	2	4145	3	0	4000	other	0
2288	111	Picture	10	2184664	0	1	4145	2	0	4000	other	0
2288	111	Pulse	5	2185979	1315	3
2288	112	Picture	11	2202735	0	1	4144	2	0	4000	hit	228
2288	112	Pulse	5	2205979	3244	2
2288	112	Response	1	2208059	5324	2
2288	113	Picture	10	2220805	0	1	4145	2	0	4000	other	0
2288	113	Pulse	5	2225978	5173	3
2288	114	Picture	10	2238876	0	1	4144	3	0	4000	other	0
2288	114	Pulse	5	2245967	7091	2
2288	115	Picture	10	2256946	0	2	4145	3	0	4000	other	0
2288	115	Pulse	5	2265967	9021	2
2288	116	Picture	10	2275016	0	2	4146	3	0	4000	other	0
2288	116	Pulse	5	2285966	10950	2
2288	117	Picture	10	2293088	0	1	4144	2	0	4000	other	0
2288	117	Pulse	5	2305956	12868	1
2288	118	Picture	11	2311158	0	1	4145	2	0	4000	hit	240
2288	118	Response	1	2316515	5357	2
2288	118	Pulse	5	2325955	14797	2
2288	119	Picture	10	2329229	0	1	4144	3	0	4000	other	0
2288	119	Pulse	5	2345954	16725	2
2288	120	Picture	10	2347299	0	2	4145	3	0	4000	other	0
2288	121	Pulse	5	2365944	574	2
2288	121	Pulse	5	2385943	20573	2
2288	122	Picture	30	2390403	0	2	4145	3	0	4000	other	0
2288	122	Pulse	5	2405942	15539	2
2288	123	Picture	30	2408474	0	1	4145	2	0	4000	other	0
2288	123	Pulse	5	2425932	17458	2
2288	124	Picture	30	2426545	0	1	4144	3	0	4000	other	0
2288	125	Picture	31	2444615	0	2	4145	3	0	4000	miss	0
2288	125	Pulse	5	2445931	1316	2
2288	126	Picture	31	2462686	0	1	4144	3	0	4000	miss	0
2288	126	Pulse	5	2465931	3245	1
2288	127	Picture	30	2480756	0	2	4145	3	0	4000	other	0
2288	127	Pulse	5	2485920	5164	2
2288	128	Picture	30	2498827	0	1	4122	26	0	4000	other	0
2288	128	Pulse	5	2505919	7092	2
2288	129	Picture	30	2516898	0	1	4144	3	0	4000	other	0
2288	129	Pulse	5	2525919	9021	2
2288	130	Picture	31	2534968	0	1	4145	2	0	4000	hit	263
2288	130	Response	1	2544788	9820	2
2288	130	Pulse	5	2545908	10940	2
2288	131	Picture	30	2553039	0	1	4144	3	0	4000	other	0
2288	131	Pulse	5	2565907	12868	2
2288	132	Picture	30	2571109	0	2	4145	3	0	4000	other	0
2288	132	Pulse	5	2585907	14798	2
2288	133	Picture	30	2589180	0	1	4145	2	0	4000	other	0
2288	133	Pulse	5	2605896	16716	2
2288	134	Picture	30	2607251	0	1	4144	2	0	4000	other	0
2288	135	Picture	31	2625321	0	1	4145	2	0	4000	miss	0
2288	135	Pulse	5	2625896	575	1
2288	136	Picture	30	2643392	0	1	4144	3	0	4000	false_alarm	275
2288	136	Response	1	2643655	263	2
2288	136	Pulse	5	2645895	2503	2
2288	137	Picture	30	2661462	0	2	4145	3	0	4000	other	0
2288	137	Pulse	5	2665884	4422	3
