Scenario - 1-back
Logfile written - 01/30/2015 15:27:12

Subject	Trial	Event Type	Code	Time	TTime	Uncertainty	Duration	Uncertainty	ReqTime	ReqDur	Stim Type	Pair Index

2288	1	Pulse	5	271961	281795	1
2288	2	Pulse	5	291959	19959	2
2288	3	Picture	10	297033	0	2	4145	3	0	4000	other	0
2288	3	Pulse	5	311949	14916	2
2288	4	Picture	10	315104	0	1	4144	3	0	4000	other	0
2288	4	Pulse	5	331949	16845	1
2288	5	Picture	11	333174	0	2	4145	3	0	4000	hit	8
2288	5	Response	1	340109	6935	1
2288	6	Picture	10	351245	0	1	4145	2	0	4000	other	0
2288	6	Pulse	5	351947	702	2
2288	7	Picture	11	369316	0	1	4144	3	0	4000	hit	13
2288	7	Pulse	5	371937	2621	2
2288	7	Response	1	376257	6941	2
2288	8	Picture	10	387386	0	1	4145	2	0	4000	other	0
2288	8	Pulse	5	391936	4550	2
2288	9	Picture	10	405457	0	1	4145	2	0	4000	other	0
2288	9	Pulse	5	411936	6479	1
2288	10	Picture	10	423527	0	2	4145	3	0	4000	other	0
2288	10	Pulse	5	431925	8398	2
2288	11	Picture	11	441598	0	1	4145	2	0	4000	hit	21
2288	11	Response	1	446804	5206	2
2288	11	Pulse	5	451924	10326	2
2288	12	Picture	10	459669	0	1	4144	2	0	4000	other	0
2288	12	Pulse	5	471924	12255	2
2288	13	Picture	10	477739	0	1	4144	3	0	4000	other	0
2288	13	Pulse	5	491913	14174	2
2288	14	Picture	11	495810	0	1	4144	3	0	4000	hit	28
2288	14	Response	1	500553	4743	2
2288	14	Pulse	5	511912	16102	2
2288	15	Picture	10	513880	0	2	4145	3	0	4000	other	0
2288	15	Pulse	5	531913	18033	1
2288	16	Picture	10	531951	0	1	4145	2	0	4000	other	0
2288	17	Picture	10	550021	0	2	4145	3	0	4000	other	0
2288	17	Pulse	5	551901	1880	2
2288	18	Picture	10	568092	0	1	4145	2	0	4000	other	0
2288	18	Pulse	5	571901	3809	1
2288	19	Pulse	5	591900	5737	2
2288	20	Picture	30	611196	0	1	4145	2	0	4000	other	0
2288	20	Pulse	5	611889	693	2
2288	21	Picture	30	629267	0	1	4144	3	0	4000	other	0
2288	21	Pulse	5	631889	2622	2
2288	22	Picture	31	647338	0	1	4144	2	0	4000	hit	44
2288	22	Pulse	5	651888	4550	2
2288	22	Response	1	656368	9030	2
2288	23	Picture	30	665408	0	1	4145	2	0	4000	other	0
2288	23	Pulse	5	671877	6469	3
2288	24	Picture	30	683479	0	1	4144	3	0	4000	other	0
2288	24	Pulse	5	691877	8398	2
2288	25	Picture	30	701549	0	2	4145	3	0	4000	other	0
2288	25	Pulse	5	711876	10327	3
2288	26	Picture	31	719620	0	1	4144	3	0	4000	miss	0
2288	26	Pulse	5	731866	12246	2
2288	27	Picture	31	737690	0	2	4145	3	0	4000	hit	54
2288	27	Response	1	746104	8414	3
2288	27	Pulse	5	751865	14175	2
2288	28	Picture	30	755761	0	1	4145	2	0	4000	other	0
2288	28	Pulse	5	771864	16103	3
2288	29	Picture	30	773832	0	1	4144	2	0	4000	other	0
2288	29	Pulse	5	791854	18022	2
2288	30	Picture	30	791902	0	1	4145	2	0	4000	other	0
2288	31	Picture	31	809973	0	1	4144	3	0	4000	miss	0
2288	31	Pulse	5	811853	1880	3
2288	32	Picture	30	828043	0	2	4145	3	0	4000	false_alarm	64
2288	32	Response	1	830572	2529	2
2288	32	Pulse	5	831852	3809	2
2288	33	Picture	30	846114	0	1	4145	2	0	4000	other	0
2288	33	Pulse	5	851842	5728	2
2288	34	Picture	30	864185	0	1	4144	2	0	4000	other	0
2288	34	Pulse	5	871841	7656	2
2288	35	Picture	30	882255	0	1	4145	2	0	4000	other	0
2288	35	Pulse	5	891841	9586	1
2288	36	Pulse	5	911830	11504	2
2288	37	Picture	10	925359	0	2	4145	3	0	4000	other	0
2288	37	Pulse	5	931829	6470	2
2288	38	Picture	10	943430	0	1	4145	2	0	4000	other	0
2288	38	Pulse	5	951829	8399	1
2288	39	Picture	11	961500	0	2	4145	3	0	4000	hit	78
2288	39	Response	1	967818	6318	2
2288	39	Pulse	5	971818	10318	2
2288	40	Picture	10	979571	0	1	4145	2	0	4000	other	0
2288	40	Pulse	5	991818	12247	1
2288	41	Picture	11	997642	0	1	4144	2	0	4000	hit	83
2288	41	Response	1	1005417	7775	2
2288	41	Pulse	5	1011818	14176	1
2288	42	Picture	10	1015712	0	1	4145	2	0	4000	other	0
2288	42	Pulse	5	1031805	16093	4
2288	43	Picture	10	1033783	0	1	4144	3	0	4000	other	0
2288	43	Pulse	5	1051804	18021	4
2288	44	Picture	10	1051853	0	2	4145	3	0	4000	other	0
2288	45	Picture	11	1069924	0	1	4145	2	0	4000	hit	92
2288	45	Pulse	5	1071802	1878	6
2288	45	Response	1	1075644	5720	3
2288	46	Picture	10	1087995	0	1	4144	2	0	4000	other	0
2288	46	Pulse	5	1091794	3799	2
2288	47	Picture	10	1106065	0	1	4145	2	0	4000	other	0
2288	47	Pulse	5	1111794	5729	1
2288	48	Picture	11	1124136	0	1	4144	3	0	4000	hit	98
2288	48	Response	1	1131633	7497	2
2288	48	Pulse	5	1131793	7657	2
2288	49	Picture	10	1142206	0	2	4145	3	0	4000	other	0
2288	49	Pulse	5	1151941	9735	4
2288	50	Picture	10	1160277	0	1	4145	2	0	4000	other	0
2288	50	Pulse	5	1171941	11664	3
2288	51	Picture	10	1178347	0	2	4145	3	0	4000	other	0
2288	51	Pulse	5	1191940	13593	4
2288	52	Picture	10	1196418	0	1	4145	2	0	4000	other	0
2288	52	Pulse	5	1211930	15512	2
2288	53	Pulse	5	1231930	17441	2
2288	54	Picture	20	1239522	0	2	4145	3	0	4000	other	0
2288	54	Pulse	5	1251929	12407	2
2288	55	Picture	20	1257593	0	1	4145	2	0	4000	other	0
2288	55	Pulse	5	1271919	14326	1
2288	56	Picture	21	1275663	0	2	4145	3	0	4000	hit	114
2288	56	Response	1	1282637	6974	4
2288	56	Pulse	5	1291918	16255	2
2288	57	Picture	20	1293734	0	1	4145	2	0	4000	other	0
2288	58	Picture	20	1311805	0	1	4144	2	0	4000	other	0
2288	58	Pulse	5	1311917	112	2
2288	59	Picture	20	1329875	0	1	4145	2	0	4000	other	0
2288	59	Pulse	5	1331907	2032	2
2288	60	Picture	21	1347946	0	1	4144	3	0	4000	hit	123
2288	60	Pulse	5	1351906	3960	2
2288	60	Response	1	1353986	6040	2
2288	61	Picture	20	1366016	0	2	4145	3	0	4000	other	0
2288	61	Pulse	5	1371906	5890	1
2288	62	Picture	20	1384087	0	1	4145	2	0	4000	other	0
2288	62	Pulse	5	1391895	7808	2
2288	63	Picture	20	1402158	0	1	4144	2	0	4000	other	0
2288	63	Pulse	5	1411894	9736	2
2288	64	Picture	20	1420228	0	1	4145	2	0	4000	other	0
2288	64	Pulse	5	1431894	11666	1
2288	65	Picture	20	1438299	0	1	4144	3	0	4000	false_alarm	133
2288	65	Response	1	1447894	9595	1
2288	65	Pulse	5	1451883	13584	2
2288	66	Picture	21	1456369	0	2	4145	3	0	4000	hit	136
2288	66	Response	1	1463403	7034	1
2288	66	Pulse	5	1471882	15513	2
2288	67	Picture	20	1474440	0	1	4145	2	0	4000	other	0
2288	67	Pulse	5	1491882	17442	2
2288	68	Picture	20	1492511	0	1	4144	2	0	4000	other	0
2288	69	Picture	21	1510581	0	1	4145	2	0	4000	miss	0
2288	69	Pulse	5	1511871	1290	2
2288	70	Pulse	5	1531871	3219	1
2288	70	Pulse	5	1551871	23219	1
2288	71	Picture	10	1553685	0	2	4145	3	0	4000	other	0
2288	72	Picture	10	1571756	0	1	4145	2	0	4000	other	0
2288	72	Pulse	5	1571859	103	2
2288	73	Picture	11	1589826	0	2	4145	3	0	4000	hit	150
2288	73	Pulse	5	1591859	2033	2
2288	73	Response	1	1594419	4593	1
2288	74	Picture	10	1607897	0	1	4145	2	0	4000	other	0
2288	74	Pulse	5	1611858	3961	2
2288	75	Picture	11	1625968	0	1	4144	3	0	4000	hit	155
2288	75	Pulse	5	1631847	5879	3
2288	75	Response	1	1632807	6839	3
2288	76	Picture	10	1644038	0	2	4145	3	0	4000	other	0
2288	76	Pulse	5	1651847	7809	2
2288	77	Picture	10	1662109	0	1	4145	2	0	4000	other	0
2288	77	Pulse	5	1671846	9737	2
2288	78	Picture	11	1680179	0	2	4145	3	0	4000	hit	161
2288	78	Response	1	1685606	5427	2
2288	78	Pulse	5	1691835	11656	2
2288	79	Picture	10	1698250	0	1	4145	2	0	4000	other	0
2288	79	Pulse	5	1711835	13585	2
2288	80	Picture	10	1716321	0	1	4144	2	0	4000	other	0
2288	80	Pulse	5	1731834	15513	2
2288	81	Picture	10	1734391	0	1	4145	2	0	4000	other	0
2288	81	Pulse	5	1751824	17433	2
2288	82	Picture	10	1752462	0	1	4144	3	0	4000	other	0
2288	83	Picture	10	1770532	0	2	4145	3	0	4000	other	0
2288	83	Pulse	5	1771823	1291	2
2288	84	Picture	11	1788603	0	1	4145	2	0	4000	hit	174
2288	84	Pulse	5	1791822	3219	3
2288	84	Response	1	1795502	6899	2
2288	85	Picture	10	1806674	0	1	4144	2	0	4000	other	0
2288	85	Pulse	5	1811812	5138	2
2288	86	Picture	10	1824744	0	1	4145	2	0	4000	other	0
2288	86	Pulse	5	1831811	7067	2
2288	87	Pulse	5	1851810	8995	2
2288	88	Picture	30	1867848	0	2	4145	3	0	4000	other	0
2288	88	Pulse	5	1871800	3952	2
2288	89	Picture	30	1885919	0	1	4145	2	0	4000	other	0
2288	89	Pulse	5	1891799	5880	2
2288	90	Picture	30	1903990	0	1	4144	2	0	4000	other	0
2288	90	Pulse	5	1911799	7809	1
2288	91	Picture	31	1922060	0	1	4145	2	0	4000	miss	0
2288	91	Pulse	5	1931788	9728	2
2288	92	Picture	31	1940131	0	1	4144	2	0	4000	miss	0
2288	92	Pulse	5	1951787	11656	2
2288	93	Picture	30	1958201	0	1	4145	2	0	4000	other	0
2288	93	Pulse	5	1971787	13586	2
2288	94	Picture	30	1976272	0	1	4144	3	0	4000	other	0
2288	94	Pulse	5	1991776	15504	2
2288	95	Picture	30	1994342	0	2	4145	3	0	4000	other	0
2288	95	Pulse	5	2011775	17433	2
2288	96	Picture	31	2012413	0	1	4145	2	0	4000	hit	197
2288	96	Response	1	2017855	5442	2
2288	97	Picture	30	2030484	0	1	4144	2	0	4000	other	0
2288	97	Pulse	5	2031775	1291	2
2288	98	Picture	30	2048554	0	2	4145	3	0	4000	other	0
2288	98	Pulse	5	2051764	3210	2
2288	99	Picture	30	2066625	0	1	4144	3	0	4000	other	0
2288	99	Pulse	5	2071764	5139	1
2288	100	Picture	30	2084695	0	2	4145	3	0	4000	other	0
2288	100	Pulse	5	2091763	7068	2
2288	101	Picture	31	2102766	0	1	4145	2	0	4000	miss	0
2288	101	Pulse	5	2111751	8985	4
2288	102	Picture	30	2120837	0	1	4144	2	0	4000	false_alarm	209
2288	102	Response	1	2128712	7875	2
2288	102	Pulse	5	2131751	10914	4
2288	103	Picture	30	2138907	0	1	4145	2	0	4000	false_alarm	212
2288	103	Response	1	2150311	11404	2
2288	103	Pulse	5	2151750	12843	4
2288	104	Pulse	5	2171740	14762	2
2288	105	Picture	10	2182011	0	2	4145	3	0	4000	other	0
2288	105	Pulse	5	2191899	9888	3
2288	106	Picture	10	2200082	0	1	4144	3	0	4000	other	0
2288	106	Pulse	5	2211898	11816	3
2288	107	Picture	11	2218152	0	2	4145	3	0	4000	hit	220
2288	107	Response	1	2223099	4947	2
2288	107	Pulse	5	2231889	13737	1
2288	108	Picture	10	2236223	0	1	4145	2	0	4000	other	0
2288	108	Pulse	5	2251888	15665	2
2288	109	Picture	11	2254294	0	1	4144	2	0	4000	hit	225
2288	109	Response	1	2261008	6714	1
2288	109	Pulse	5	2271887	17593	2
2288	110	Picture	10	2272364	0	1	4145	2	0	4000	other	0
2288	111	Picture	10	2290435	0	1	4144	3	0	4000	other	0
2288	111	Pulse	5	2291877	1442	2
2288	112	Picture	11	2308505	0	2	4145	3	0	4000	hit	232
2288	112	Pulse	5	2311876	3371	2
2288	112	Response	1	2313956	5451	2
2288	113	Picture	10	2326576	0	1	4145	2	0	4000	other	0
2288	113	Pulse	5	2331875	5299	2
2288	114	Picture	10	2344647	0	1	4144	2	0	4000	other	0
2288	114	Pulse	5	2351865	7218	2
2288	115	Picture	10	2362717	0	1	4145	2	0	4000	other	0
2288	115	Pulse	5	2371864	9147	2
2288	116	Picture	10	2380788	0	1	4144	3	0	4000	other	0
2288	116	Pulse	5	2391864	11076	1
2288	117	Picture	10	2398858	0	2	4145	3	0	4000	other	0
2288	117	Pulse	5	2411853	12995	2
2288	118	Picture	11	2416929	0	1	4145	2	0	4000	hit	244
2288	118	Response	1	2421772	4843	3
2288	118	Pulse	5	2431852	14923	2
2288	119	Picture	10	2435000	0	1	4144	2	0	4000	other	0
2288	119	Pulse	5	2451852	16852	2
2288	120	Picture	10	2453070	0	1	4145	2	0	4000	other	0
2288	121	Pulse	5	2471841	700	2
2288	121	Pulse	5	2491840	20699	2
2288	122	Picture	20	2496174	0	1	4145	2	0	4000	other	0
2288	122	Pulse	5	2511840	15666	2
2288	123	Picture	20	2514245	0	1	4145	2	0	4000	other	0
2288	123	Pulse	5	2531829	17584	2
2288	124	Picture	20	2532315	0	2	4145	3	0	4000	other	0
2288	125	Picture	21	2550386	0	1	4145	2	0	4000	hit	258
2288	125	Pulse	5	2551829	1443	1
2288	125	Response	1	2558068	7682	2
2288	126	Picture	20	2568457	0	1	4144	3	0	4000	other	0
2288	126	Pulse	5	2571828	3371	2
2288	127	Picture	20	2586527	0	1	4145	2	0	4000	other	0
2288	127	Pulse	5	2591817	5290	3
2288	128	Picture	21	2604598	0	1	4145	2	0	4000	miss	0
2288	128	Pulse	5	2611817	7219	2
2288	129	Picture	20	2622668	0	2	4145	3	0	4000	other	0
2288	129	Pulse	5	2631816	9148	2
2288	130	Picture	20	2640739	0	1	4145	2	0	4000	other	0
2288	130	Pulse	5	2651805	11066	2
2288	131	Picture	20	2658810	0	1	4144	2	0	4000	other	0
2288	131	Pulse	5	2671805	12995	2
2288	132	Picture	21	2676880	0	1	4144	3	0	4000	hit	272
2288	132	Response	1	2687964	11084	2
2288	132	Pulse	5	2691804	14924	2
2288	133	Picture	20	2694951	0	1	4144	3	0	4000	other	0
2288	133	Pulse	5	2711793	16842	2
2288	134	Picture	20	2713021	0	2	4145	3	0	4000	other	0
2288	135	Picture	21	2731092	0	1	4145	2	0	4000	miss	0
2288	135	Pulse	5	2731793	701	2
2288	136	Picture	20	2749163	0	1	4144	2	0	4000	other	0
2288	136	Pulse	5	2751792	2629	2
2288	137	Picture	20	2767233	0	1	4145	2	0	4000	other	0
2288	137	Pulse	5	2771782	4549	2
