Scenario - 1-back
Logfile written - 02/05/2015 11:48:48

Subject	Trial	Event Type	Code	Time	TTime	Uncertainty	Duration	Uncertainty	ReqTime	ReqDur	Stim Type	Pair Index

2289	1	Pulse	5	622060	631894	2
2289	2	Pulse	5	642059	19921	2
2289	3	Picture	10	647171	0	2	4140	8	0	4000	other	0
2289	3	Pulse	5	662049	14878	1
2289	4	Picture	10	665242	0	1	4145	2	0	4000	other	0
2289	4	Pulse	5	682048	16806	2
2289	5	Picture	11	683313	0	1	4144	3	0	4000	hit	8
2289	5	Response	1	687008	3695	2
2289	6	Picture	10	701383	0	1	4145	2	0	4000	other	0
2289	6	Pulse	5	702047	664	2
2289	7	Picture	11	719454	0	1	4144	3	0	4000	hit	13
2289	7	Pulse	5	722037	2583	2
2289	7	Response	1	723157	3703	2
2289	8	Picture	10	737524	0	2	4145	3	0	4000	other	0
2289	8	Pulse	5	742036	4512	2
2289	9	Picture	10	755595	0	1	4145	2	0	4000	other	0
2289	9	Pulse	5	762035	6440	2
2289	10	Picture	10	773665	0	2	4145	3	0	4000	other	0
2289	10	Pulse	5	782024	8359	3
2289	11	Picture	11	791736	0	1	4145	2	0	4000	hit	21
2289	11	Response	1	795624	3888	2
2289	11	Pulse	5	802023	10287	3
2289	12	Picture	10	809807	0	1	4144	3	0	4000	other	0
2289	12	Pulse	5	822023	12216	3
2289	13	Picture	10	827877	0	2	4145	3	0	4000	other	0
2289	13	Pulse	5	842014	14137	1
2289	14	Picture	11	845948	0	1	4145	2	0	4000	hit	28
2289	14	Response	1	849533	3585	2
2289	14	Pulse	5	862171	16223	3
2289	15	Picture	10	864019	0	1	4144	2	0	4000	other	0
2289	15	Pulse	5	882172	18153	2
2289	16	Picture	10	882255	0	1	4145	2	0	4000	other	0
2289	17	Picture	10	900325	0	2	4145	3	0	4000	other	0
2289	17	Pulse	5	902161	1836	2
2289	18	Picture	10	918396	0	1	4144	3	0	4000	other	0
2289	18	Pulse	5	922159	3763	4
2289	19	Pulse	5	942159	5692	3
2289	20	Picture	30	961500	0	1	4145	2	0	4000	other	0
2289	20	Pulse	5	962149	649	2
2289	21	Picture	30	979571	0	1	4144	3	0	4000	other	0
2289	21	Pulse	5	982149	2578	1
2289	22	Picture	31	997641	0	2	4145	3	0	4000	hit	44
2289	22	Pulse	5	1002148	4507	2
2289	22	Response	1	1003908	6267	2
2289	23	Picture	30	1015712	0	1	4145	2	0	4000	other	0
2289	23	Pulse	5	1022137	6425	3
2289	24	Picture	30	1033783	0	1	4144	2	0	4000	other	0
2289	24	Pulse	5	1042137	8354	2
2289	25	Picture	30	1051853	0	1	4145	2	0	4000	other	0
2289	25	Pulse	5	1062136	10283	2
2289	26	Picture	31	1069924	0	1	4144	3	0	4000	hit	52
2289	26	Response	1	1076365	6441	3
2289	26	Pulse	5	1082125	12201	2
2289	27	Picture	31	1087994	0	2	4145	3	0	4000	hit	55
2289	27	Response	1	1091884	3890	3
2289	27	Pulse	5	1102125	14131	2
2289	28	Picture	30	1106065	0	1	4144	3	0	4000	other	0
2289	28	Pulse	5	1122124	16059	2
2289	29	Picture	30	1124136	0	1	4144	2	0	4000	other	0
2289	29	Pulse	5	1142114	17978	2
2289	30	Picture	30	1142206	0	1	4145	2	0	4000	other	0
2289	31	Picture	31	1160277	0	1	4144	2	0	4000	miss	0
2289	31	Pulse	5	1162113	1836	2
2289	32	Picture	30	1178347	0	1	4145	2	0	4000	other	0
2289	32	Pulse	5	1182112	3765	2
2289	33	Picture	30	1196418	0	1	4144	3	0	4000	other	0
2289	33	Pulse	5	1202102	5684	2
2289	34	Picture	30	1214488	0	2	4145	3	0	4000	other	0
2289	34	Pulse	5	1222101	7613	2
2289	35	Picture	30	1232559	0	1	4145	2	0	4000	other	0
2289	35	Pulse	5	1242100	9541	2
2289	36	Pulse	5	1262090	11460	2
2289	37	Picture	10	1275663	0	1	4145	2	0	4000	other	0
2289	37	Pulse	5	1282089	6426	2
2289	38	Picture	10	1293734	0	1	4144	3	0	4000	other	0
2289	38	Pulse	5	1302089	8355	1
2289	39	Picture	11	1311804	0	2	4145	3	0	4000	hit	78
2289	39	Response	1	1316318	4514	2
2289	39	Pulse	5	1322079	10275	1
2289	40	Picture	10	1329875	0	1	4145	2	0	4000	other	0
2289	40	Pulse	5	1342077	12202	2
2289	41	Picture	11	1347945	0	2	4145	3	0	4000	hit	83
2289	41	Response	1	1351517	3572	2
2289	41	Pulse	5	1362077	14132	1
2289	42	Picture	10	1366016	0	1	4145	2	0	4000	other	0
2289	42	Pulse	5	1382066	16050	2
2289	43	Picture	10	1384087	0	1	4144	2	0	4000	other	0
2289	43	Pulse	5	1402065	17978	2
2289	44	Picture	10	1402157	0	1	4145	2	0	4000	other	0
2289	45	Picture	11	1420228	0	1	4144	3	0	4000	miss	0
2289	45	Pulse	5	1422065	1837	2
2289	46	Picture	10	1438298	0	2	4145	3	0	4000	other	0
2289	46	Pulse	5	1442055	3757	1
2289	47	Picture	10	1456369	0	1	4145	2	0	4000	other	0
2289	47	Pulse	5	1462054	5685	1
2289	48	Picture	11	1474440	0	1	4144	2	0	4000	hit	97
2289	48	Response	1	1478854	4414	1
2289	48	Pulse	5	1482053	7613	2
2289	49	Picture	10	1492510	0	1	4145	2	0	4000	other	0
2289	49	Pulse	5	1502042	9532	3
2289	50	Picture	10	1510581	0	1	4144	2	0	4000	other	0
2289	50	Pulse	5	1522042	11461	2
2289	51	Picture	10	1528651	0	1	4145	2	0	4000	other	0
2289	51	Pulse	5	1542041	13390	2
2289	52	Picture	10	1546722	0	1	4145	2	0	4000	other	0
2289	52	Pulse	5	1562030	15308	2
2289	53	Pulse	5	1582030	17238	2
2289	54	Picture	20	1589826	0	1	4145	2	0	4000	other	0
2289	54	Pulse	5	1602030	12204	1
2289	55	Picture	20	1607897	0	1	4144	2	0	4000	other	0
2289	55	Pulse	5	1622019	14122	1
2289	56	Picture	21	1625967	0	1	4145	2	0	4000	hit	113
2289	56	Response	1	1629538	3571	2
2289	56	Pulse	5	1642018	16051	2
2289	57	Picture	20	1644038	0	2	4144	4	0	4000	other	0
2289	57	Pulse	5	1662017	17979	2
2289	58	Picture	20	1662108	0	2	4145	3	0	4000	other	0
2289	59	Picture	20	1680179	0	1	4145	2	0	4000	other	0
2289	59	Pulse	5	1682007	1828	1
2289	60	Picture	21	1698250	0	1	4144	2	0	4000	miss	0
2289	60	Pulse	5	1702006	3756	2
2289	61	Picture	20	1716320	0	1	4145	2	0	4000	other	0
2289	61	Pulse	5	1722006	5686	1
2289	62	Picture	20	1734391	0	1	4144	3	0	4000	other	0
2289	62	Pulse	5	1741995	7604	2
2289	63	Picture	20	1752461	0	2	4145	3	0	4000	other	0
2289	63	Pulse	5	1761994	9533	2
2289	64	Picture	20	1770532	0	1	4145	2	0	4000	other	0
2289	64	Pulse	5	1781994	11462	1
2289	65	Picture	20	1788602	0	2	4145	3	0	4000	other	0
2289	65	Pulse	5	1801982	13380	3
2289	66	Picture	21	1806673	0	2	4145	3	0	4000	hit	133
2289	66	Response	1	1811903	5230	1
2289	66	Pulse	5	1821981	15308	3
2289	67	Picture	20	1824744	0	1	4144	2	0	4000	other	0
2289	67	Pulse	5	1841981	17237	3
2289	68	Picture	20	1842814	0	1	4145	2	0	4000	other	0
2289	69	Picture	21	1860885	0	1	4144	3	0	4000	hit	140
2289	69	Pulse	5	1861971	1086	2
2289	69	Response	1	1864531	3646	2
2289	70	Pulse	5	1881970	3015	2
2289	70	Pulse	5	1902130	23175	2
2289	71	Picture	10	1903989	0	1	4145	2	0	4000	other	0
2289	72	Picture	10	1922059	0	2	4145	3	0	4000	other	0
2289	72	Pulse	5	1922118	59	3
2289	73	Picture	11	1940130	0	1	4145	2	0	4000	hit	148
2289	73	Pulse	5	1942117	1987	3
2289	73	Response	1	1943558	3428	2
2289	74	Picture	10	1958201	0	1	4144	3	0	4000	other	0
2289	74	Pulse	5	1962117	3916	3
2289	75	Picture	11	1976271	0	1	4145	2	0	4000	hit	152
2289	75	Response	1	1980347	4076	3
2289	75	Pulse	5	1982107	5836	3
2289	76	Picture	10	1994342	0	1	4145	2	0	4000	other	0
2289	76	Pulse	5	2002107	7765	2
2289	77	Picture	10	2012412	0	2	4145	3	0	4000	other	0
2289	77	Pulse	5	2022105	9693	4
2289	78	Picture	11	2030483	0	1	4145	2	0	4000	hit	159
2289	78	Response	1	2034896	4413	1
2289	78	Pulse	5	2042095	11612	2
2289	79	Picture	10	2048554	0	1	4144	2	0	4000	other	0
2289	79	Pulse	5	2062095	13541	2
2289	80	Picture	10	2066624	0	1	4145	2	0	4000	other	0
2289	80	Pulse	5	2082094	15470	2
2289	81	Picture	10	2084695	0	1	4144	3	0	4000	other	0
2289	81	Pulse	5	2102083	17388	2
2289	82	Picture	10	2102765	0	2	4145	3	0	4000	other	0
2289	83	Picture	10	2120836	0	1	4145	2	0	4000	other	0
2289	83	Pulse	5	2122083	1247	2
2289	84	Picture	11	2138907	0	1	4144	2	0	4000	hit	172
2289	84	Pulse	5	2142082	3175	2
2289	84	Response	1	2143042	4135	2
2289	85	Picture	10	2156977	0	1	4145	2	0	4000	other	0
2289	85	Pulse	5	2162072	5095	2
2289	86	Picture	10	2175048	0	1	4144	3	0	4000	other	0
2289	86	Pulse	5	2182071	7023	2
2289	87	Pulse	5	2202070	8952	3
2289	88	Picture	30	2218152	0	1	4144	3	0	4000	other	0
2289	88	Pulse	5	2222060	3908	2
2289	89	Picture	30	2236222	0	2	4145	3	0	4000	other	0
2289	89	Pulse	5	2242059	5837	2
2289	90	Picture	30	2254293	0	1	4145	2	0	4000	other	0
2289	90	Pulse	5	2262058	7765	2
2289	91	Picture	31	2272364	0	1	4144	2	0	4000	hit	185
2289	91	Response	1	2276448	4084	2
2289	91	Pulse	5	2282048	9684	2
2289	92	Picture	31	2290434	0	1	4145	2	0	4000	hit	188
2289	92	Response	1	2296287	5853	2
2289	92	Pulse	5	2302047	11613	2
2289	93	Picture	30	2308505	0	1	4144	3	0	4000	other	0
2289	93	Pulse	5	2322047	13542	1
2289	94	Picture	30	2326575	0	2	4145	3	0	4000	other	0
2289	94	Pulse	5	2342036	15461	2
2289	95	Picture	30	2344646	0	1	4145	2	0	4000	other	0
2289	95	Pulse	5	2362035	17389	2
2289	96	Picture	31	2362716	0	2	4145	3	0	4000	hit	197
2289	96	Response	1	2366195	3479	3
2289	97	Picture	30	2380787	0	1	4145	2	0	4000	other	0
2289	97	Pulse	5	2382035	1248	2
2289	98	Picture	30	2398858	0	1	4144	3	0	4000	other	0
2289	98	Pulse	5	2402024	3166	2
2289	99	Picture	30	2416928	0	1	4145	2	0	4000	other	0
2289	99	Pulse	5	2422023	5095	2
2289	100	Picture	30	2434999	0	1	4144	3	0	4000	other	0
2289	100	Pulse	5	2442023	7024	2
2289	101	Picture	31	2453069	0	2	4145	3	0	4000	hit	207
2289	101	Response	1	2456412	3343	3
2289	101	Pulse	5	2462012	8943	3
2289	102	Picture	30	2471140	0	1	4145	2	0	4000	other	0
2289	102	Pulse	5	2482012	10872	2
2289	103	Picture	30	2489211	0	1	4144	2	0	4000	false_alarm	212
2289	103	Response	1	2495611	6400	3
2289	103	Pulse	5	2502011	12800	2
2289	104	Pulse	5	2522000	14719	2
2289	105	Picture	10	2532315	0	1	4144	3	0	4000	other	0
2289	105	Pulse	5	2542000	9685	2
2289	106	Picture	10	2550385	0	2	4145	3	0	4000	other	0
2289	106	Pulse	5	2561999	11614	2
2289	107	Picture	11	2568456	0	1	4145	2	0	4000	hit	220
2289	107	Response	1	2573669	5213	2
2289	107	Pulse	5	2581988	13532	2
2289	108	Picture	10	2586526	0	2	4145	3	0	4000	other	0
2289	108	Pulse	5	2601988	15462	2
2289	109	Picture	11	2604597	0	1	4145	2	0	4000	miss	0
2289	109	Pulse	5	2621987	17390	2
2289	110	Picture	10	2622668	0	1	4144	3	0	4000	other	0
2289	111	Picture	10	2640738	0	2	4145	3	0	4000	other	0
2289	111	Pulse	5	2641977	1239	1
2289	112	Picture	11	2658809	0	1	4145	2	0	4000	hit	231
2289	112	Pulse	5	2661976	3167	2
2289	112	Response	1	2663257	4448	1
2289	113	Picture	10	2676879	0	2	4145	3	0	4000	other	0
2289	113	Pulse	5	2681975	5096	2
2289	114	Picture	10	2694950	0	1	4145	2	0	4000	other	0
2289	114	Pulse	5	2701965	7015	2
2289	115	Picture	10	2713021	0	1	4144	2	0	4000	other	0
2289	115	Pulse	5	2721964	8943	2
2289	116	Picture	10	2731091	0	1	4145	2	0	4000	other	0
2289	116	Pulse	5	2741963	10872	2
2289	117	Picture	10	2749162	0	1	4144	3	0	4000	other	0
2289	117	Pulse	5	2761953	12791	2
2289	118	Picture	11	2767232	0	2	4145	3	0	4000	hit	243
2289	118	Response	1	2771393	4161	1
2289	118	Pulse	5	2781952	14720	2
2289	119	Picture	10	2785303	0	1	4145	2	0	4000	other	0
2289	119	Pulse	5	2801952	16649	2
2289	120	Picture	10	2803374	0	1	4144	2	0	4000	other	0
2289	121	Pulse	5	2821941	497	2
2289	121	Pulse	5	2841940	20496	2
2289	122	Picture	20	2846478	0	1	4144	3	0	4000	other	0
2289	122	Pulse	5	2861940	15462	2
2289	123	Picture	20	2864548	0	1	4145	2	0	4000	other	0
2289	123	Pulse	5	2881928	17380	4
2289	124	Picture	20	2882619	0	1	4144	3	0	4000	other	0
2289	125	Picture	21	2900689	0	2	4145	3	0	4000	hit	257
2289	125	Pulse	5	2901927	1238	4
2289	125	Response	1	2905928	5239	3
2289	126	Picture	20	2918760	0	1	4145	2	0	4000	other	0
2289	126	Pulse	5	2921927	3167	3
2289	127	Picture	20	2936831	0	1	4144	3	0	4000	other	0
2289	127	Pulse	5	2941917	5086	3
2289	128	Picture	21	2954901	0	1	4145	2	0	4000	hit	263
2289	128	Response	1	2961916	7015	3
2289	128	Pulse	5	2962076	7175	3
2289	129	Picture	20	2972972	0	1	4144	5	0	4000	other	0
2289	129	Pulse	5	2982075	9103	3
2289	130	Picture	20	2991042	0	2	4145	3	0	4000	other	0
2289	130	Pulse	5	3002065	11023	2
2289	131	Picture	20	3009113	0	1	4145	2	0	4000	other	0
2289	131	Pulse	5	3022065	12952	2
2289	132	Picture	21	3027184	0	1	4144	2	0	4000	hit	272
2289	132	Response	1	3032464	5280	2
2289	132	Pulse	5	3042064	14880	2
2289	133	Picture	20	3045254	0	1	4145	2	0	4000	other	0
2289	133	Pulse	5	3062053	16799	2
2289	134	Picture	20	3063325	0	1	4144	3	0	4000	other	0
2289	135	Picture	21	3081395	0	2	4145	3	0	4000	hit	279
2289	135	Pulse	5	3082053	658	2
2289	135	Response	1	3089733	8338	1
2289	136	Picture	20	3099466	0	1	4145	2	0	4000	other	0
2289	136	Pulse	5	3102052	2586	2
2289	137	Picture	20	3117537	0	1	4144	2	0	4000	other	0
2289	137	Pulse	5	3122041	4504	2
