Scenario - 1-back
Logfile written - 02/05/2015 11:53:45

Subject	Trial	Event Type	Code	Time	TTime	Uncertainty	Duration	Uncertainty	ReqTime	ReqDur	Stim Type	Pair Index

2289	1	Pulse	5	427970	437804	2
2289	2	Pulse	5	447960	19956	2
2289	3	Picture	10	453037	0	1	4145	2	0	4000	other	0
2289	3	Pulse	5	467959	14922	2
2289	4	Picture	10	471108	0	1	4144	3	0	4000	other	0
2289	4	Pulse	5	487958	16850	2
2289	5	Picture	11	489178	0	2	4145	3	0	4000	hit	8
2289	5	Response	1	492748	3570	3
2289	6	Picture	10	507249	0	1	4145	2	0	4000	other	0
2289	6	Pulse	5	507948	699	2
2289	7	Picture	11	525318	0	3	4146	4	0	4000	hit	13
2289	7	Pulse	5	527947	2629	3
2289	7	Response	1	529547	4229	3
2289	8	Picture	10	543390	0	1	4145	2	0	4000	other	0
2289	8	Pulse	5	547947	4557	2
2289	9	Picture	10	561461	0	1	4144	2	0	4000	other	0
2289	9	Pulse	5	567936	6475	2
2289	10	Picture	10	579531	0	1	4145	2	0	4000	other	0
2289	10	Pulse	5	587935	8404	2
2289	11	Picture	11	597602	0	1	4144	3	0	4000	hit	21
2289	11	Response	1	601856	4254	1
2289	11	Pulse	5	607935	10333	2
2289	12	Picture	10	615672	0	2	4145	3	0	4000	other	0
2289	12	Pulse	5	627925	12253	1
2289	13	Picture	10	633743	0	1	4145	2	0	4000	other	0
2289	13	Pulse	5	647923	14180	3
2289	14	Picture	11	651814	0	1	4144	2	0	4000	hit	28
2289	14	Response	1	655763	3949	2
2289	14	Pulse	5	667922	16108	14
2289	15	Picture	10	669884	0	1	4145	2	0	4000	other	0
2289	15	Pulse	5	687912	18028	3
2289	16	Picture	10	687955	0	1	4144	3	0	4000	other	0
2289	17	Picture	10	706025	0	2	4145	3	0	4000	other	0
2289	17	Pulse	5	707912	1887	2
2289	18	Picture	10	724096	0	1	4144	3	0	4000	other	0
2289	18	Pulse	5	727911	3815	2
2289	19	Pulse	5	747900	5734	3
2289	20	Picture	20	767200	0	1	4145	2	0	4000	other	0
2289	20	Pulse	5	767900	700	2
2289	21	Picture	20	785271	0	1	4144	2	0	4000	other	0
2289	21	Pulse	5	787898	2627	13
2289	22	Picture	21	803341	0	1	4145	2	0	4000	hit	43
2289	22	Response	1	806928	3587	2
2289	22	Pulse	5	807888	4547	3
2289	23	Picture	20	821412	0	1	4144	3	0	4000	other	0
2289	23	Pulse	5	827885	6473	7
2289	24	Picture	20	839482	0	2	4145	3	0	4000	other	0
2289	24	Pulse	5	847883	8401	7
2289	25	Picture	20	857553	0	1	4145	2	0	4000	other	0
2289	25	Pulse	5	867876	10323	3
2289	26	Picture	21	875624	0	1	4144	2	0	4000	hit	52
2289	26	Response	1	879075	3451	3
2289	26	Pulse	5	887875	12251	3
2289	27	Picture	20	893694	0	1	4145	2	0	4000	other	0
2289	27	Pulse	5	907874	14180	4
2289	28	Picture	20	911765	0	1	4144	3	0	4000	other	0
2289	28	Pulse	5	927865	16100	2
2289	29	Picture	20	929835	0	2	4145	3	0	4000	other	0
2289	29	Pulse	5	947864	18029	2
2289	30	Picture	20	947906	0	1	4144	3	0	4000	other	0
2289	31	Picture	20	965977	0	1	4144	2	0	4000	other	0
2289	31	Pulse	5	968023	2046	2
2289	32	Picture	21	984047	0	1	4145	2	0	4000	hit	65
2289	32	Pulse	5	988012	3965	3
2289	32	Response	1	989613	5566	2
2289	33	Picture	20	1002118	0	1	4144	2	0	4000	other	0
2289	33	Pulse	5	1008011	5893	4
2289	34	Picture	20	1020188	0	1	4144	3	0	4000	other	0
2289	34	Pulse	5	1028011	7823	3
2289	35	Picture	21	1038259	0	1	4144	3	0	4000	hit	71
2289	35	Response	1	1044961	6702	2
2289	35	Pulse	5	1048001	9742	2
2289	36	Pulse	5	1068000	11671	2
2289	37	Picture	10	1081363	0	1	4145	2	0	4000	other	0
2289	37	Pulse	5	1088000	6637	2
2289	38	Picture	10	1099434	0	1	4140	7	0	4000	other	0
2289	38	Pulse	5	1107989	8555	2
2289	39	Picture	11	1117504	0	1	4145	2	0	4000	hit	79
2289	39	Response	1	1121269	3765	1
2289	39	Pulse	5	1127988	10484	2
2289	40	Picture	10	1135575	0	1	4144	3	0	4000	other	0
2289	40	Pulse	5	1147988	12413	2
2289	41	Picture	11	1153645	0	1	4145	2	0	4000	hit	84
2289	41	Response	1	1157897	4252	2
2289	41	Pulse	5	1167977	14332	2
2289	42	Picture	10	1171716	0	1	4145	2	0	4000	other	0
2289	42	Pulse	5	1187977	16261	1
2289	43	Picture	10	1189787	0	1	4144	2	0	4000	other	0
2289	44	Picture	10	1207857	0	1	4145	2	0	4000	other	0
2289	44	Pulse	5	1207976	119	2
2289	45	Picture	11	1225928	0	1	4144	3	0	4000	hit	93
2289	45	Pulse	5	1227965	2037	2
2289	45	Response	1	1230525	4597	2
2289	46	Picture	10	1243998	0	1	4145	2	0	4000	other	0
2289	46	Pulse	5	1247965	3967	1
2289	47	Picture	10	1262069	0	1	4144	3	0	4000	other	0
2289	47	Pulse	5	1267964	5895	2
2289	48	Picture	11	1280139	0	2	4145	3	0	4000	hit	99
2289	48	Response	1	1284434	4295	1
2289	48	Pulse	5	1287953	7814	2
2289	49	Picture	10	1298210	0	1	4145	2	0	4000	other	0
2289	49	Pulse	5	1307953	9743	2
2289	50	Picture	10	1316281	0	1	4144	2	0	4000	other	0
2289	50	Pulse	5	1327952	11671	2
2289	51	Picture	10	1334351	0	1	4145	2	0	4000	other	0
2289	51	Pulse	5	1347942	13591	1
2289	52	Picture	10	1352421	0	2	4145	4	0	4000	other	0
2289	52	Pulse	5	1367941	15520	2
2289	53	Pulse	5	1387930	17438	3
2289	54	Picture	30	1395526	0	1	4145	2	0	4000	other	0
2289	54	Pulse	5	1407930	12404	2
2289	55	Picture	30	1413596	0	2	4145	3	0	4000	other	0
2289	55	Pulse	5	1427929	14333	2
2289	56	Picture	31	1431667	0	1	4145	2	0	4000	hit	115
2289	56	Response	1	1435609	3942	2
2289	56	Pulse	5	1447928	16261	3
2289	57	Picture	30	1449738	0	1	4144	3	0	4000	other	0
2289	58	Picture	30	1467808	0	1	4145	2	0	4000	other	0
2289	58	Pulse	5	1467918	110	3
2289	59	Picture	30	1485879	0	1	4144	3	0	4000	other	0
2289	59	Pulse	5	1487917	2038	3
2289	60	Picture	31	1503949	0	2	4145	3	0	4000	hit	124
2289	60	Pulse	5	1507916	3967	4
2289	60	Response	1	1509356	5407	3
2289	61	Picture	31	1522020	0	1	4145	2	0	4000	hit	126
2289	61	Response	1	1525986	3966	2
2289	61	Pulse	5	1527906	5886	2
2289	62	Picture	30	1540091	0	1	4144	3	0	4000	other	0
2289	62	Pulse	5	1547906	7815	1
2289	63	Picture	30	1558161	0	1	4145	2	0	4000	other	0
2289	63	Pulse	5	1567905	9744	1
2289	64	Picture	30	1576232	0	1	4144	3	0	4000	other	0
2289	64	Pulse	5	1587894	11662	2
2289	65	Picture	31	1594302	0	2	4145	3	0	4000	miss	0
2289	65	Pulse	5	1607893	13591	2
2289	66	Picture	30	1612373	0	1	4145	2	0	4000	other	0
2289	66	Pulse	5	1627893	15520	2
2289	67	Picture	30	1630444	0	1	4144	2	0	4000	other	0
2289	67	Pulse	5	1647882	17438	2
2289	68	Picture	30	1648514	0	1	4145	2	0	4000	other	0
2289	69	Picture	30	1666585	0	1	4144	3	0	4000	other	0
2289	69	Pulse	5	1667881	1296	2
2289	70	Pulse	5	1687881	3226	2
2289	70	Pulse	5	1707870	23215	2
2289	71	Picture	10	1709689	0	1	4144	3	0	4000	other	0
2289	72	Picture	10	1727760	0	1	4144	2	0	4000	other	0
2289	72	Pulse	5	1727870	110	1
2289	73	Picture	11	1745830	0	1	4145	2	0	4000	miss	0
2289	73	Pulse	5	1747869	2039	2
2289	74	Picture	10	1763901	0	1	4144	3	0	4000	other	0
2289	74	Pulse	5	1767858	3957	2
2289	75	Picture	11	1781971	0	1	4145	2	0	4000	hit	153
2289	75	Response	1	1786258	4287	2
2289	75	Pulse	5	1787858	5887	2
2289	76	Picture	10	1800042	0	1	4145	2	0	4000	other	0
2289	76	Pulse	5	1807858	7816	1
2289	77	Picture	10	1818112	0	2	4145	3	0	4000	other	0
2289	77	Pulse	5	1827847	9735	1
2289	78	Picture	11	1836183	0	1	4145	2	0	4000	hit	160
2289	78	Response	1	1840326	4143	2
2289	78	Pulse	5	1847846	11663	2
2289	79	Picture	10	1854254	0	1	4144	2	0	4000	other	0
2289	79	Pulse	5	1867845	13591	2
2289	80	Picture	10	1872324	0	1	4145	2	0	4000	other	0
2289	80	Pulse	5	1887835	15511	1
2289	81	Picture	10	1890394	0	2	4145	4	0	4000	other	0
2289	81	Pulse	5	1907835	17441	1
2289	82	Picture	10	1908465	0	2	4145	3	0	4000	other	0
2289	83	Picture	10	1926536	0	1	4145	2	0	4000	other	0
2289	83	Pulse	5	1927833	1297	2
2289	84	Picture	11	1944607	0	1	4144	2	0	4000	hit	173
2289	84	Pulse	5	1947822	3215	3
2289	84	Response	1	1948623	4016	2
2289	85	Picture	10	1962677	0	1	4145	2	0	4000	other	0
2289	85	Pulse	5	1967821	5144	4
2289	86	Picture	10	1980748	0	1	4144	3	0	4000	other	0
2289	86	Pulse	5	1987820	7072	4
2289	87	Pulse	5	2007970	9152	3
2289	88	Picture	20	2023852	0	1	4144	3	0	4000	other	0
2289	88	Pulse	5	2027969	4117	3
2289	89	Picture	20	2041922	0	2	4145	3	0	4000	other	0
2289	89	Pulse	5	2047970	6048	2
2289	90	Picture	20	2059993	0	1	4145	2	0	4000	other	0
2289	90	Pulse	5	2067959	7966	2
2289	91	Picture	21	2078064	0	1	4144	2	0	4000	hit	186
2289	91	Response	1	2082999	4935	1
2289	91	Pulse	5	2087958	9894	2
2289	92	Picture	20	2096134	0	1	4145	2	0	4000	other	0
2289	92	Pulse	5	2107958	11824	2
2289	93	Picture	20	2114205	0	1	4144	3	0	4000	other	0
2289	93	Pulse	5	2127947	13742	2
2289	94	Picture	21	2132275	0	2	4145	3	0	4000	hit	193
2289	94	Response	1	2137227	4952	2
2289	94	Pulse	5	2147947	15672	1
2289	95	Picture	20	2150346	0	1	4145	2	0	4000	other	0
2289	95	Pulse	5	2167946	17600	2
2289	96	Picture	20	2168417	0	1	4144	2	0	4000	other	0
2289	97	Picture	20	2186487	0	1	4145	2	0	4000	other	0
2289	97	Pulse	5	2187935	1448	2
2289	98	Picture	21	2204558	0	1	4144	2	0	4000	hit	202
2289	98	Pulse	5	2207935	3377	1
2289	98	Response	1	2209855	5297	1
2289	99	Picture	20	2222628	0	2	4145	3	0	4000	other	0
2289	99	Pulse	5	2227934	5306	2
2289	100	Picture	20	2240699	0	1	4144	3	0	4000	other	0
2289	100	Pulse	5	2247923	7224	2
2289	101	Picture	21	2258769	0	2	4145	3	0	4000	hit	208
2289	101	Response	1	2266963	8194	2
2289	101	Pulse	5	2267923	9154	2
2289	102	Picture	20	2276840	0	1	4145	2	0	4000	other	0
2289	102	Pulse	5	2287922	11082	2
2289	103	Picture	20	2294911	0	1	4144	2	0	4000	other	0
2289	103	Pulse	5	2307911	13000	2
2289	104	Pulse	5	2327911	14930	2
2289	105	Picture	10	2338015	0	1	4144	3	0	4000	other	0
2289	105	Pulse	5	2347900	9885	2
2289	106	Picture	10	2356085	0	2	4145	3	0	4000	other	0
2289	106	Pulse	5	2367900	11815	1
2289	107	Picture	11	2374156	0	1	4145	2	0	4000	hit	220
2289	107	Response	1	2378459	4303	2
2289	107	Pulse	5	2387899	13743	2
2289	108	Picture	10	2392227	0	1	4144	2	0	4000	other	0
2289	108	Pulse	5	2407898	15671	2
2289	109	Picture	11	2410297	0	1	4145	2	0	4000	hit	225
2289	109	Response	1	2414768	4471	2
2289	109	Pulse	5	2427888	17591	3
2289	110	Picture	10	2428368	0	3	4144	5	0	4000	other	0
2289	111	Picture	10	2446438	0	2	4145	3	0	4000	other	0
2289	111	Pulse	5	2447887	1449	3
2289	112	Picture	11	2464509	0	1	4145	2	0	4000	hit	232
2289	112	Pulse	5	2467886	3377	3
2289	112	Response	1	2469316	4807	2
2289	113	Picture	10	2482579	0	2	4145	3	0	4000	other	0
2289	113	Pulse	5	2487876	5297	2
2289	114	Picture	10	2500650	0	1	4145	2	0	4000	other	0
2289	114	Pulse	5	2507875	7225	2
2289	115	Picture	10	2518721	0	1	4144	2	0	4000	other	0
2289	115	Pulse	5	2527875	9154	2
2289	116	Picture	10	2536791	0	2	4145	3	0	4000	other	0
2289	116	Pulse	5	2547864	11073	2
2289	117	Picture	10	2554862	0	1	4145	2	0	4000	other	0
2289	117	Pulse	5	2567863	13001	2
2289	118	Picture	11	2572932	0	2	4145	3	0	4000	hit	244
2289	118	Response	1	2580984	8052	1
2289	118	Pulse	5	2587863	14931	1
2289	119	Picture	10	2591003	0	2	4145	3	0	4000	other	0
2289	119	Pulse	5	2607852	16849	2
2289	120	Picture	10	2609074	0	1	4144	2	0	4000	other	0
2289	121	Pulse	5	2627851	707	2
2289	121	Pulse	5	2647851	20707	2
2289	122	Picture	30	2652178	0	1	4144	3	0	4000	other	0
2289	122	Pulse	5	2667840	15662	2
2289	123	Picture	30	2670248	0	2	4145	3	0	4000	other	0
2289	123	Pulse	5	2687840	17592	1
2289	124	Picture	30	2688319	0	1	4144	3	0	4000	other	0
2289	125	Picture	31	2706390	0	1	4144	2	0	4000	hit	258
2289	125	Pulse	5	2707839	1449	2
2289	125	Response	1	2712629	6239	2
2289	126	Picture	31	2724460	0	1	4145	2	0	4000	hit	261
2289	126	Pulse	5	2727828	3368	2
2289	126	Response	1	2728948	4488	2
2289	127	Picture	30	2742531	0	1	4144	3	0	4000	other	0
2289	127	Pulse	5	2747828	5297	1
2289	128	Picture	30	2760601	0	1	4145	2	0	4000	other	0
2289	128	Pulse	5	2767827	7226	2
2289	129	Picture	30	2778672	0	1	4144	3	0	4000	other	0
2289	129	Pulse	5	2787816	9144	2
2289	130	Picture	31	2796742	0	2	4145	3	0	4000	hit	269
2289	130	Response	1	2805576	8834	2
2289	130	Pulse	5	2807816	11074	2
2289	131	Picture	30	2814813	0	1	4145	2	0	4000	other	0
2289	131	Pulse	5	2827815	13002	2
2289	132	Picture	30	2832884	0	1	4144	2	0	4000	other	0
2289	132	Pulse	5	2847805	14921	1
2289	133	Picture	30	2850954	0	1	4145	2	0	4000	other	0
2289	133	Pulse	5	2867804	16850	2
2289	134	Picture	30	2869025	0	1	4144	3	0	4000	other	0
2289	135	Picture	31	2887095	0	2	4145	3	0	4000	hit	280
2289	135	Pulse	5	2887803	708	2
2289	135	Response	1	2893713	6618	2
2289	136	Picture	30	2905166	0	1	4145	2	0	4000	other	0
2289	136	Pulse	5	2907793	2627	2
2289	137	Picture	30	2923237	0	1	4144	2	0	4000	false_alarm	285
2289	137	Pulse	5	2927792	4555	2
2289	137	Response	1	2929232	5995	2
