Scenario - 1-back
Logfile written - 02/05/2015 11:58:17

Subject	Trial	Event Type	Code	Time	TTime	Uncertainty	Duration	Uncertainty	ReqTime	ReqDur	Stim Type	Pair Index

2289	1	Pulse	5	180999	190833	1
2289	2	Pulse	5	200998	19849	2
2289	3	Picture	10	206183	0	1	4145	2	0	4000	other	0
2289	3	Pulse	5	220987	14804	2
2289	4	Picture	10	224254	0	1	4144	2	0	4000	other	0
2289	4	Pulse	5	240987	16733	2
2289	5	Picture	11	242324	0	1	4145	2	0	4000	hit	8
2289	5	Response	1	246747	4423	1
2289	6	Picture	10	260395	0	1	4144	3	0	4000	other	0
2289	6	Pulse	5	260986	591	2
2289	7	Picture	11	278465	0	2	4145	3	0	4000	hit	13
2289	7	Pulse	5	280975	2510	2
2289	7	Response	1	282895	4430	2
2289	8	Picture	10	296536	0	1	4145	2	0	4000	other	0
2289	8	Pulse	5	300975	4439	2
2289	9	Picture	10	314606	0	2	4145	3	0	4000	other	0
2289	9	Pulse	5	320974	6368	2
2289	10	Picture	10	332677	0	1	4145	2	0	4000	other	0
2289	10	Pulse	5	340964	8287	1
2289	11	Picture	11	350748	0	1	4144	3	0	4000	hit	21
2289	11	Response	1	355043	4295	2
2289	11	Pulse	5	360963	10215	2
2289	12	Picture	10	368818	0	1	4144	3	0	4000	other	0
2289	12	Pulse	5	380962	12144	2
2289	13	Picture	10	386889	0	1	4145	2	0	4000	other	0
2289	13	Pulse	5	400952	14063	2
2289	14	Picture	11	404959	0	2	4145	3	0	4000	miss	0
2289	14	Pulse	5	420951	15992	2
2289	15	Picture	10	423030	0	1	4145	2	0	4000	other	0
2289	15	Pulse	5	440950	17920	2
2289	16	Picture	10	441101	0	1	4144	3	0	4000	other	0
2289	17	Picture	10	459171	0	1	4145	2	0	4000	other	0
2289	17	Pulse	5	460940	1769	2
2289	18	Picture	10	477242	0	1	4144	3	0	4000	other	0
2289	18	Pulse	5	480939	3697	2
2289	19	Pulse	5	500939	5627	1
2289	20	Picture	30	520346	0	1	4145	2	0	4000	other	0
2289	20	Pulse	5	520928	582	2
2289	21	Picture	30	538417	0	1	4144	2	0	4000	other	0
2289	21	Pulse	5	540927	2510	3
2289	22	Picture	31	556487	0	1	4145	2	0	4000	hit	42
2289	22	Response	1	560287	3800	2
2289	22	Pulse	5	560927	4440	2
2289	23	Picture	30	574558	0	1	4144	3	0	4000	other	0
2289	23	Pulse	5	580916	6358	2
2289	24	Picture	30	592628	0	1	4145	2	0	4000	other	0
2289	24	Pulse	5	600915	8287	2
2289	25	Picture	30	610699	0	1	4145	2	0	4000	other	0
2289	25	Pulse	5	620915	10216	2
2289	26	Picture	31	628770	0	1	4144	2	0	4000	hit	51
2289	26	Response	1	638994	10224	2
2289	26	Pulse	5	640914	12144	2
2289	27	Picture	31	646840	0	1	4145	2	0	4000	hit	54
2289	27	Response	1	651304	4464	2
2289	27	Pulse	5	660904	14064	2
2289	28	Picture	30	664911	0	1	4144	3	0	4000	other	0
2289	28	Pulse	5	680903	15992	2
2289	29	Picture	30	682981	0	2	4145	3	0	4000	other	0
2289	29	Pulse	5	700892	17911	3
2289	30	Picture	30	701052	0	1	4144	3	0	4000	other	0
2289	31	Picture	31	719122	0	2	4145	3	0	4000	hit	63
2289	31	Pulse	5	720892	1770	2
2289	31	Response	1	727131	8009	2
2289	32	Picture	30	737193	0	1	4145	2	0	4000	other	0
2289	32	Pulse	5	740891	3698	2
2289	33	Picture	30	755264	0	1	4144	3	0	4000	other	0
2289	33	Pulse	5	760880	5616	2
2289	34	Picture	30	773334	0	1	4145	2	0	4000	other	0
2289	34	Pulse	5	780880	7546	2
2289	35	Picture	30	791405	0	1	4144	3	0	4000	other	0
2289	35	Pulse	5	800879	9474	2
2289	36	Pulse	5	820869	11394	1
2289	37	Picture	10	834509	0	1	4145	2	0	4000	other	0
2289	37	Pulse	5	840868	6359	2
2289	38	Picture	10	852579	0	2	4145	3	0	4000	other	0
2289	38	Pulse	5	860867	8288	2
2289	39	Picture	11	870650	0	1	4145	2	0	4000	hit	78
2289	39	Response	1	875908	5258	1
2289	39	Pulse	5	880857	10207	1
2289	40	Picture	10	888721	0	1	4144	3	0	4000	other	0
2289	40	Pulse	5	900856	12135	2
2289	41	Picture	11	906791	0	2	4145	4	0	4000	hit	83
2289	41	Response	1	911256	4465	2
2289	41	Pulse	5	920855	14064	2
2289	42	Picture	10	924862	0	1	4145	2	0	4000	other	0
2289	42	Pulse	5	940844	15982	3
2289	43	Picture	10	942932	0	2	4145	3	0	4000	other	0
2289	43	Pulse	5	960843	17911	3
2289	44	Picture	10	961003	0	1	4145	2	0	4000	other	0
2289	45	Picture	11	979073	0	2	4145	4	0	4000	hit	92
2289	45	Pulse	5	980842	1769	4
2289	45	Response	1	983563	4490	2
2289	46	Picture	10	997144	0	1	4145	2	0	4000	other	0
2289	46	Pulse	5	1000833	3689	2
2289	47	Picture	10	1015215	0	1	4144	3	0	4000	other	0
2289	47	Pulse	5	1020832	5617	3
2289	48	Picture	11	1033285	0	2	4145	3	0	4000	hit	98
2289	48	Response	1	1038592	5307	2
2289	48	Pulse	5	1040832	7547	2
2289	49	Picture	10	1051356	0	1	4145	2	0	4000	other	0
2289	49	Pulse	5	1060980	9624	3
2289	50	Picture	10	1069427	0	1	4144	2	0	4000	other	0
2289	50	Pulse	5	1080979	11552	3
2289	51	Picture	10	1087497	0	1	4145	2	0	4000	other	0
2289	51	Pulse	5	1100979	13482	3
2289	52	Picture	10	1105568	0	1	4144	3	0	4000	other	0
2289	52	Pulse	5	1120969	15401	2
2289	53	Pulse	5	1140969	17331	1
2289	54	Picture	20	1148672	0	1	4144	3	0	4000	other	0
2289	54	Pulse	5	1160968	12296	2
2289	55	Picture	20	1166742	0	2	4145	3	0	4000	other	0
2289	55	Pulse	5	1180957	14215	2
2289	56	Picture	21	1184813	0	1	4144	3	0	4000	hit	114
2289	56	Response	1	1189437	4624	2
2289	56	Pulse	5	1200957	16144	1
2289	57	Picture	20	1202884	0	1	4144	2	0	4000	other	0
2289	58	Picture	20	1220954	0	1	4145	2	0	4000	other	0
2289	58	Pulse	5	1220956	2	2
2289	59	Picture	20	1239025	0	1	4144	3	0	4000	other	0
2289	59	Pulse	5	1240945	1920	2
2289	60	Picture	21	1257095	0	2	4145	3	0	4000	hit	122
2289	60	Response	1	1260465	3370	2
2289	60	Pulse	5	1260945	3850	2
2289	61	Picture	20	1275166	0	1	4145	2	0	4000	other	0
2289	61	Pulse	5	1280944	5778	2
2289	62	Picture	20	1293236	0	2	4145	3	0	4000	other	0
2289	62	Pulse	5	1300934	7698	1
2289	63	Picture	20	1311307	0	1	4145	2	0	4000	other	0
2289	63	Pulse	5	1320933	9626	2
2289	64	Picture	20	1329378	0	1	4144	3	0	4000	other	0
2289	64	Pulse	5	1340932	11554	2
2289	65	Picture	20	1347448	0	2	4145	3	0	4000	other	0
2289	65	Pulse	5	1360922	13474	1
2289	66	Picture	21	1365519	0	1	4145	2	0	4000	hit	135
2289	66	Response	1	1372282	6763	1
2289	66	Pulse	5	1380921	15402	2
2289	67	Picture	20	1383590	0	1	4144	2	0	4000	other	0
2289	67	Pulse	5	1400920	17330	2
2289	68	Picture	20	1401660	0	1	4145	2	0	4000	other	0
2289	69	Picture	21	1419731	0	1	4144	2	0	4000	hit	142
2289	69	Pulse	5	1420910	1179	2
2289	69	Response	1	1425710	5979	1
2289	70	Pulse	5	1440910	3109	1
2289	70	Pulse	5	1460909	23108	1
2289	71	Picture	10	1462835	0	1	4144	3	0	4000	other	0
2289	71	Pulse	5	1480898	18063	2
2289	72	Picture	10	1480905	0	2	4145	3	0	4000	other	0
2289	73	Picture	11	1498976	0	1	4145	2	0	4000	miss	0
2289	73	Pulse	5	1500897	1921	3
2289	74	Picture	10	1517046	0	2	4145	3	0	4000	other	0
2289	74	Pulse	5	1520897	3851	2
2289	75	Picture	11	1535117	0	1	4145	2	0	4000	hit	154
2289	75	Pulse	5	1540886	5769	2
2289	75	Response	1	1541366	6249	2
2289	76	Picture	10	1553188	0	1	4144	3	0	4000	other	0
2289	76	Pulse	5	1560886	7698	1
2289	77	Picture	10	1571258	0	2	4145	3	0	4000	other	0
2289	77	Pulse	5	1580885	9627	2
2289	78	Picture	11	1589329	0	1	4145	2	0	4000	hit	160
2289	78	Response	1	1593044	3715	2
2289	78	Pulse	5	1600874	11545	2
2289	79	Picture	10	1607399	0	2	4145	3	0	4000	other	0
2289	79	Pulse	5	1620873	13474	2
2289	80	Picture	10	1625470	0	1	4145	2	0	4000	other	0
2289	80	Pulse	5	1640873	15403	2
2289	81	Picture	10	1643541	0	1	4144	2	0	4000	other	0
2289	81	Pulse	5	1660863	17322	1
2289	82	Picture	10	1661611	0	1	4145	2	0	4000	other	0
2289	83	Picture	10	1679682	0	1	4145	2	0	4000	other	0
2289	83	Pulse	5	1680862	1180	1
2289	84	Picture	11	1697752	0	2	4145	3	0	4000	hit	173
2289	84	Pulse	5	1700861	3109	2
2289	84	Response	1	1701821	4069	2
2289	85	Picture	10	1715823	0	1	4145	2	0	4000	other	0
2289	85	Pulse	5	1720850	5027	3
2289	86	Picture	10	1733894	0	1	4144	2	0	4000	other	0
2289	86	Pulse	5	1740850	6956	2
2289	87	Pulse	5	1760849	8885	2
2289	88	Picture	30	1776998	0	1	4144	3	0	4000	other	0
2289	88	Pulse	5	1780838	3840	2
2289	89	Picture	30	1795068	0	2	4145	3	0	4000	other	0
2289	89	Pulse	5	1800838	5770	3
2289	90	Picture	30	1813139	0	1	4144	3	0	4000	other	0
2289	90	Pulse	5	1820837	7698	3
2289	91	Picture	31	1831210	0	1	4144	2	0	4000	miss	0
2289	91	Pulse	5	1840827	9617	1
2289	92	Picture	31	1849280	0	1	4145	2	0	4000	miss	0
2289	92	Pulse	5	1860826	11546	2
2289	93	Picture	30	1867351	0	1	4144	3	0	4000	other	0
2289	93	Pulse	5	1880825	13474	2
2289	94	Picture	30	1885421	0	1	4145	2	0	4000	other	0
2289	94	Pulse	5	1900815	15394	2
2289	95	Picture	30	1903492	0	1	4144	3	0	4000	other	0
2289	95	Pulse	5	1920814	17322	2
2289	96	Picture	31	1921562	0	2	4145	3	0	4000	miss	0
2289	97	Picture	30	1939633	0	1	4145	2	0	4000	other	0
2289	97	Pulse	5	1940813	1180	2
2289	98	Picture	30	1957704	0	1	4144	2	0	4000	other	0
2289	98	Pulse	5	1960803	3099	2
2289	99	Picture	30	1975774	0	1	4145	2	0	4000	other	0
2289	99	Pulse	5	1980802	5028	3
2289	100	Picture	30	1993845	0	1	4144	3	0	4000	other	0
2289	100	Pulse	5	2000802	6957	2
2289	101	Picture	31	2011915	0	2	4145	3	0	4000	hit	205
2289	101	Response	1	2018561	6646	2
2289	101	Pulse	5	2020790	8875	3
2289	102	Picture	30	2029986	0	1	4145	2	0	4000	other	0
2289	102	Pulse	5	2040789	10803	4
2289	103	Picture	30	2048057	0	1	4144	2	0	4000	other	0
2289	103	Pulse	5	2060789	12732	3
2289	104	Pulse	5	2080779	14652	2
2289	105	Picture	10	2091161	0	1	4144	3	0	4000	other	0
2289	105	Pulse	5	2100938	9777	2
2289	106	Picture	10	2109231	0	1	4145	2	0	4000	other	0
2289	106	Pulse	5	2120938	11707	2
2289	107	Picture	11	2127302	0	1	4144	3	0	4000	miss	0
2289	107	Pulse	5	2140927	13625	2
2289	108	Picture	10	2145372	0	2	4145	4	0	4000	other	0
2289	108	Pulse	5	2160927	15555	1
2289	109	Picture	11	2163443	0	1	4145	2	0	4000	hit	221
2289	109	Response	1	2168286	4843	2
2289	109	Pulse	5	2180926	17483	2
2289	110	Picture	10	2181514	0	1	4144	2	0	4000	other	0
2289	111	Picture	10	2199584	0	1	4145	2	0	4000	other	0
2289	111	Pulse	5	2200915	1331	2
2289	112	Picture	11	2217655	0	1	4144	3	0	4000	hit	228
2289	112	Pulse	5	2220915	3260	1
2289	112	Response	1	2222355	4700	1
2289	113	Picture	10	2235725	0	2	4145	3	0	4000	other	0
2289	113	Pulse	5	2240914	5189	2
2289	114	Picture	10	2253796	0	1	4145	2	0	4000	other	0
2289	114	Pulse	5	2260903	7107	2
2289	115	Picture	10	2271867	0	1	4144	2	0	4000	other	0
2289	115	Pulse	5	2280903	9036	2
2289	116	Picture	10	2289937	0	1	4145	2	0	4000	other	0
2289	116	Pulse	5	2300902	10965	2
2289	117	Picture	10	2308008	0	1	4144	3	0	4000	other	0
2289	117	Pulse	5	2320892	12884	1
2289	118	Picture	11	2326078	0	1	4145	2	0	4000	hit	240
2289	118	Response	1	2330331	4253	2
2289	118	Pulse	5	2340891	14813	2
2289	119	Picture	10	2344149	0	1	4144	3	0	4000	other	0
2289	119	Pulse	5	2360891	16742	1
2289	120	Picture	10	2362219	0	2	4145	3	0	4000	other	0
2289	121	Pulse	5	2380880	590	2
2289	121	Pulse	5	2400879	20589	2
2289	122	Picture	20	2405324	0	1	4144	2	0	4000	other	0
2289	122	Pulse	5	2420878	15554	2
2289	123	Picture	20	2423394	0	1	4145	2	0	4000	other	0
2289	123	Pulse	5	2440868	17474	2
2289	124	Picture	20	2441465	0	1	4144	3	0	4000	other	0
2289	125	Picture	21	2459534	0	3	4146	4	0	4000	miss	0
2289	125	Pulse	5	2460867	1333	3
2289	126	Picture	20	2477606	0	1	4145	2	0	4000	other	0
2289	126	Pulse	5	2480866	3260	3
2289	127	Picture	20	2495677	0	1	4144	2	0	4000	other	0
2289	127	Pulse	5	2500856	5179	2
2289	128	Picture	21	2513747	0	1	4145	2	0	4000	miss	0
2289	128	Pulse	5	2520855	7108	2
2289	129	Picture	20	2531818	0	1	4144	3	0	4000	other	0
2289	129	Pulse	5	2540855	9037	2
2289	130	Picture	20	2549888	0	2	4145	3	0	4000	other	0
2289	130	Pulse	5	2560844	10956	2
2289	131	Picture	20	2567959	0	1	4144	3	0	4000	other	0
2289	131	Pulse	5	2580843	12884	2
2289	132	Picture	21	2586029	0	2	4145	3	0	4000	hit	267
2289	132	Response	1	2589482	3453	4
2289	132	Pulse	5	2600843	14814	2
2289	133	Picture	20	2604100	0	1	4145	2	0	4000	other	0
2289	133	Pulse	5	2620832	16732	2
2289	134	Picture	20	2622171	0	1	4144	3	0	4000	other	0
2289	135	Picture	21	2640241	0	1	4145	2	0	4000	hit	274
2289	135	Pulse	5	2640831	590	2
2289	135	Response	1	2646271	6030	2
2289	136	Picture	20	2658312	0	1	4144	3	0	4000	other	0
2289	136	Pulse	5	2660831	2519	2
2289	137	Picture	20	2676382	0	2	4145	3	0	4000	other	0
2289	137	Pulse	5	2680820	4438	2
