Scenario - 1-back
Logfile written - 01/23/2015 17:59:06

Subject	Trial	Event Type	Code	Time	TTime	Uncertainty	Duration	Uncertainty	ReqTime	ReqDur	Stim Type	Pair Index

2300	1	Pulse	5	832171	842005	2
2300	2	Response	1	850240	17887	3
2300	2	Pulse	5	852170	19817	2
2300	3	Picture	10	857387	0	1	4145	2	0	4000	other	0
2300	3	Pulse	5	872160	14773	1
2300	4	Picture	10	875457	0	2	4145	3	0	4000	other	0
2300	4	Pulse	5	892159	16702	2
2300	5	Picture	11	893528	0	1	4145	2	0	4000	miss	0
2300	6	Picture	10	911599	0	1	4144	2	0	4000	other	0
2300	6	Pulse	5	912158	559	2
2300	7	Picture	11	929669	0	1	4145	2	0	4000	hit	13
2300	7	Pulse	5	932148	2479	2
2300	7	Response	1	935188	5519	3
2300	8	Picture	10	947740	0	1	4144	3	0	4000	other	0
2300	8	Pulse	5	952147	4407	2
2300	9	Picture	10	965810	0	2	4145	3	0	4000	other	0
2300	9	Pulse	5	972146	6336	3
2300	10	Picture	10	983881	0	1	4145	2	0	4000	other	0
2300	10	Pulse	5	992136	8255	2
2300	11	Picture	11	1001952	0	1	4144	3	0	4000	hit	21
2300	11	Response	1	1007015	5063	2
2300	11	Pulse	5	1012135	10183	2
2300	12	Picture	10	1020022	0	1	4145	2	0	4000	other	0
2300	12	Pulse	5	1032135	12113	1
2300	13	Picture	10	1038093	0	1	4144	3	0	4000	other	0
2300	13	Pulse	5	1052125	14032	1
2300	14	Picture	11	1056163	0	2	4145	3	0	4000	miss	0
2300	14	Pulse	5	1072123	15960	2
2300	15	Picture	10	1074233	0	2	4145	4	0	4000	other	0
2300	15	Pulse	5	1092123	17890	2
2300	16	Picture	10	1092304	0	2	4145	3	0	4000	false_alarm	32
2300	16	Response	1	1097712	5408	2
2300	17	Picture	10	1110375	0	1	4145	2	0	4000	other	0
2300	17	Pulse	5	1112112	1737	2
2300	18	Picture	10	1128446	0	1	4144	3	0	4000	other	0
2300	18	Pulse	5	1132111	3665	3
2300	19	Pulse	5	1152111	5595	2
2300	19	Response	1	1164420	17904	2
2300	20	Picture	30	1171550	0	1	4144	3	0	4000	other	0
2300	20	Pulse	5	1172100	550	2
2300	21	Picture	30	1189620	0	2	4145	3	0	4000	other	0
2300	21	Pulse	5	1192099	2479	3
2300	22	Picture	31	1207691	0	1	4145	2	0	4000	hit	44
2300	22	Response	1	1211779	4088	2
2300	22	Pulse	5	1212099	4408	2
2300	23	Picture	30	1225762	0	1	4144	2	0	4000	other	0
2300	23	Pulse	5	1232088	6326	2
2300	24	Picture	30	1243832	0	1	4145	2	0	4000	other	0
2300	24	Pulse	5	1252088	8256	2
2300	25	Picture	30	1261903	0	1	4144	3	0	4000	other	0
2300	25	Pulse	5	1272088	10185	1
2300	26	Picture	31	1279973	0	2	4145	3	0	4000	miss	0
2300	26	Pulse	5	1292076	12103	2
2300	27	Picture	31	1298044	0	1	4145	2	0	4000	miss	0
2300	27	Pulse	5	1312076	14032	2
2300	28	Picture	30	1316114	0	2	4145	3	0	4000	false_alarm	57
2300	28	Response	1	1320396	4282	1
2300	28	Pulse	5	1332075	15961	2
2300	29	Picture	30	1334185	0	1	4145	2	0	4000	other	0
2300	29	Pulse	5	1352065	17880	1
2300	30	Picture	30	1352256	0	1	4144	2	0	4000	other	0
2300	31	Picture	31	1370326	0	1	4145	2	0	4000	hit	64
2300	31	Pulse	5	1372065	1739	1
2300	31	Response	1	1375424	5098	2
2300	32	Picture	30	1388397	0	1	4144	3	0	4000	other	0
2300	32	Pulse	5	1392053	3656	3
2300	33	Picture	30	1406467	0	2	4145	3	0	4000	other	0
2300	33	Pulse	5	1412213	5746	2
2300	34	Picture	30	1424538	0	1	4145	2	0	4000	other	0
2300	34	Pulse	5	1432212	7674	2
2300	35	Picture	30	1442609	0	1	4144	2	0	4000	other	0
2300	35	Pulse	5	1452211	9602	3
2300	36	Response	1	1469801	9122	2
2300	36	Pulse	5	1472201	11522	2
2300	37	Picture	10	1485713	0	1	4144	2	0	4000	other	0
2300	37	Pulse	5	1492200	6487	2
2300	38	Picture	10	1503783	0	1	4145	2	0	4000	other	0
2300	38	Pulse	5	1512200	8417	1
2300	39	Picture	11	1521854	0	1	4144	3	0	4000	miss	0
2300	39	Pulse	5	1532189	10335	2
2300	40	Picture	10	1539924	0	2	4145	3	0	4000	other	0
2300	40	Pulse	5	1552188	12264	2
2300	41	Picture	11	1557995	0	1	4145	2	0	4000	miss	0
2300	41	Pulse	5	1572188	14193	2
2300	42	Picture	10	1576066	0	1	4144	2	0	4000	other	0
2300	42	Pulse	5	1592177	16111	3
2300	43	Picture	10	1594136	0	1	4145	2	0	4000	other	0
2300	43	Pulse	5	1612176	18040	3
2300	44	Picture	10	1612206	0	2	4145	4	0	4000	other	0
2300	45	Picture	11	1630277	0	2	4145	3	0	4000	miss	0
2300	45	Pulse	5	1632177	1900	1
2300	46	Picture	10	1648348	0	1	4145	2	0	4000	false_alarm	94
2300	46	Pulse	5	1652165	3817	2
2300	46	Response	1	1652485	4137	2
2300	47	Picture	10	1666418	0	2	4145	3	0	4000	other	0
2300	47	Pulse	5	1672164	5746	3
2300	48	Picture	11	1684489	0	1	4145	2	0	4000	miss	0
2300	48	Pulse	5	1692164	7675	2
2300	49	Picture	10	1702560	0	1	4144	2	0	4000	other	0
2300	49	Pulse	5	1712153	9593	4
2300	50	Picture	10	1720630	0	1	4145	2	0	4000	other	0
2300	50	Pulse	5	1732152	11522	7
2300	51	Picture	10	1738701	0	1	4144	3	0	4000	false_alarm	104
2300	51	Response	1	1743512	4811	2
2300	51	Pulse	5	1752151	13450	4
2300	52	Picture	10	1756771	0	2	4145	3	0	4000	other	0
2300	52	Pulse	5	1772141	15370	2
2300	53	Response	1	1788141	13300	2
2300	53	Pulse	5	1792141	17300	2
2300	54	Picture	20	1799875	0	2	4145	3	0	4000	other	0
2300	54	Pulse	5	1812140	12265	2
2300	55	Picture	20	1817946	0	1	4145	2	0	4000	other	0
2300	55	Pulse	5	1832129	14183	2
2300	56	Picture	21	1836017	0	1	4144	2	0	4000	miss	0
2300	56	Pulse	5	1852129	16112	2
2300	57	Picture	20	1854087	0	1	4145	2	0	4000	other	0
2300	57	Pulse	5	1872128	18041	2
2300	58	Picture	20	1872158	0	1	4144	3	0	4000	other	0
2300	59	Picture	20	1890228	0	2	4145	3	0	4000	other	0
2300	59	Pulse	5	1892118	1890	2
2300	60	Picture	21	1908299	0	1	4145	2	0	4000	miss	0
2300	60	Pulse	5	1912117	3818	2
2300	61	Picture	20	1926370	0	1	4144	2	0	4000	other	0
2300	61	Pulse	5	1932116	5746	3
2300	62	Picture	20	1944440	0	1	4145	2	0	4000	other	0
2300	62	Pulse	5	1952106	7666	2
2300	63	Picture	20	1962511	0	1	4144	3	0	4000	other	0
2300	63	Pulse	5	1972105	9594	2
2300	64	Picture	20	1980581	0	2	4145	3	0	4000	other	0
2300	64	Pulse	5	1992104	11523	2
2300	65	Picture	20	1998652	0	1	4145	2	0	4000	other	0
2300	65	Pulse	5	2012094	13442	2
2300	66	Picture	21	2016722	0	2	4145	3	0	4000	miss	0
2300	66	Pulse	5	2032093	15371	2
2300	67	Picture	20	2034793	0	1	4145	2	0	4000	other	0
2300	67	Pulse	5	2052093	17300	1
2300	68	Picture	20	2052864	0	1	4144	2	0	4000	other	0
2300	69	Picture	21	2070934	0	1	4145	2	0	4000	miss	0
2300	69	Pulse	5	2072083	1149	1
2300	70	Pulse	5	2092081	3076	2
2300	70	Response	1	2101361	12356	2
2300	70	Pulse	5	2112081	23076	2
2300	71	Picture	10	2114038	0	2	4145	3	0	4000	other	0
2300	71	Pulse	5	2132070	18032	2
2300	72	Picture	10	2132109	0	1	4145	2	0	4000	other	0
2300	73	Picture	11	2150180	0	1	4144	2	0	4000	miss	0
2300	73	Pulse	5	2152069	1889	2
2300	74	Picture	10	2168250	0	1	4145	2	0	4000	other	0
2300	74	Pulse	5	2172069	3819	2
2300	75	Picture	11	2186321	0	1	4144	2	0	4000	miss	0
2300	75	Pulse	5	2192059	5738	1
2300	76	Picture	10	2204391	0	1	4145	2	0	4000	false_alarm	153
2300	76	Response	1	2208219	3828	1
2300	76	Pulse	5	2212058	7667	1
2300	77	Picture	10	2222462	0	1	4144	3	0	4000	other	0
2300	77	Pulse	5	2232057	9595	2
2300	78	Picture	11	2240532	0	2	4145	3	0	4000	miss	0
2300	78	Pulse	5	2252046	11514	2
2300	79	Picture	10	2258603	0	1	4145	2	0	4000	false_alarm	160
2300	79	Response	1	2266126	7523	2
2300	79	Pulse	5	2272046	13443	2
2300	80	Picture	10	2276674	0	1	4144	2	0	4000	other	0
2300	80	Pulse	5	2292045	15371	2
2300	81	Picture	10	2294744	0	1	4145	2	0	4000	other	0
2300	81	Pulse	5	2312034	17290	2
2300	82	Picture	10	2312815	0	1	4144	3	0	4000	false_alarm	167
2300	82	Response	1	2316834	4019	2
2300	83	Picture	10	2330885	0	2	4145	3	0	4000	other	0
2300	83	Pulse	5	2332034	1149	2
2300	84	Picture	11	2348956	0	1	4144	3	0	4000	miss	0
2300	84	Pulse	5	2352034	3078	1
2300	85	Picture	10	2367026	0	2	4145	3	0	4000	false_alarm	173
2300	85	Response	1	2371543	4517	2
2300	85	Pulse	5	2372022	4996	3
2300	86	Picture	10	2385097	0	1	4145	2	0	4000	other	0
2300	86	Pulse	5	2392022	6925	2
2300	87	Pulse	5	2412021	8853	3
2300	87	Response	1	2424811	21643	2
2300	88	Picture	30	2428201	0	1	4145	2	0	4000	other	0
2300	88	Pulse	5	2432011	3810	2
2300	89	Picture	30	2446272	0	1	4145	2	0	4000	other	0
2300	89	Pulse	5	2452170	5898	2
2300	90	Picture	30	2464342	0	2	4145	3	0	4000	other	0
2300	90	Pulse	5	2472169	7827	2
2300	91	Picture	31	2482413	0	1	4145	2	0	4000	miss	0
2300	91	Pulse	5	2492159	9746	2
2300	92	Picture	31	2500484	0	1	4144	2	0	4000	hit	188
2300	92	Response	1	2510078	9594	2
2300	92	Pulse	5	2512158	11674	2
2300	93	Picture	30	2518554	0	1	4145	2	0	4000	other	0
2300	93	Pulse	5	2532148	13594	2
2300	94	Picture	30	2536625	0	1	4144	3	0	4000	other	0
2300	94	Pulse	5	2552147	15522	2
2300	95	Picture	30	2554695	0	1	4145	2	0	4000	other	0
2300	95	Pulse	5	2572146	17451	2
2300	96	Picture	31	2572766	0	1	4144	3	0	4000	hit	197
2300	96	Response	1	2579826	7060	2
2300	97	Picture	30	2590837	0	1	4144	2	0	4000	other	0
2300	97	Pulse	5	2592146	1309	2
2300	98	Picture	30	2608907	0	1	4145	2	0	4000	other	0
2300	98	Pulse	5	2612135	3228	2
2300	99	Picture	30	2626978	0	1	4144	2	0	4000	other	0
2300	99	Pulse	5	2632134	5156	2
2300	100	Picture	30	2645048	0	1	4145	2	0	4000	other	0
2300	100	Pulse	5	2652134	7086	2
2300	101	Picture	31	2663119	0	1	4144	3	0	4000	miss	0
2300	101	Pulse	5	2672123	9004	3
2300	102	Picture	30	2681189	0	2	4145	3	0	4000	other	0
2300	102	Pulse	5	2692123	10934	2
2300	103	Picture	30	2699260	0	1	4145	2	0	4000	false_alarm	211
2300	103	Response	1	2709563	10303	1
2300	103	Pulse	5	2712112	12852	2
2300	104	Pulse	5	2732111	14780	3
2300	105	Picture	10	2742364	0	1	4145	2	0	4000	false_alarm	215
2300	105	Response	1	2749071	6707	2
2300	105	Pulse	5	2752112	9748	1
2300	106	Picture	10	2760435	0	1	4144	2	0	4000	other	0
2300	106	Pulse	5	2772110	11675	2
2300	107	Picture	11	2778505	0	1	4145	2	0	4000	hit	220
2300	107	Response	1	2785060	6555	1
2300	107	Pulse	5	2792099	13594	2
2300	108	Picture	10	2796576	0	1	4145	2	0	4000	other	0
2300	108	Pulse	5	2812099	15523	2
2300	109	Picture	11	2814646	0	2	4145	3	0	4000	hit	225
2300	109	Response	1	2820579	5933	1
2300	109	Pulse	5	2832098	17452	2
2300	110	Picture	10	2832717	0	1	4145	2	0	4000	other	0
2300	111	Picture	10	2850788	0	1	4144	2	0	4000	other	0
2300	111	Pulse	5	2852087	1299	3
2300	112	Picture	11	2868858	0	1	4145	2	0	4000	hit	232
2300	112	Pulse	5	2872087	3229	2
2300	112	Response	1	2873527	4669	2
2300	113	Picture	10	2886929	0	1	4144	3	0	4000	other	0
2300	113	Pulse	5	2892086	5157	3
2300	114	Picture	10	2904999	0	2	4145	3	0	4000	other	0
2300	114	Pulse	5	2912076	7077	2
2300	115	Picture	10	2923070	0	1	4145	2	0	4000	other	0
2300	115	Pulse	5	2932075	9005	2
2300	116	Picture	10	2941140	0	2	4144	4	0	4000	other	0
2300	116	Pulse	5	2952074	10934	2
2300	117	Picture	10	2959211	0	1	4145	2	0	4000	other	0
2300	117	Pulse	5	2972064	12853	2
2300	118	Picture	11	2977282	0	1	4144	2	0	4000	hit	244
2300	118	Response	1	2985503	8221	3
2300	118	Pulse	5	2992063	14781	2
2300	119	Picture	10	2995352	0	1	4145	2	0	4000	other	0
2300	119	Pulse	5	3012063	16711	1
2300	120	Picture	10	3013423	0	1	4144	3	0	4000	other	0
2300	121	Pulse	5	3032052	559	2
2300	121	Pulse	5	3052051	20558	2
2300	121	Response	1	3054131	22638	2
2300	122	Picture	20	3056527	0	1	4145	2	0	4000	other	0
2300	122	Pulse	5	3072051	15524	1
2300	123	Picture	20	3074598	0	1	4144	2	0	4000	other	0
2300	123	Pulse	5	3092040	17442	2
2300	124	Picture	20	3092668	0	1	4145	2	0	4000	other	0
2300	125	Picture	21	3110739	0	1	4144	3	0	4000	hit	259
2300	125	Pulse	5	3112039	1300	2
2300	125	Response	1	3119719	8980	2
2300	126	Picture	20	3128809	0	1	4145	2	0	4000	other	0
2300	126	Pulse	5	3132029	3220	2
2300	127	Picture	20	3146880	0	1	4144	3	0	4000	other	0
2300	127	Pulse	5	3152028	5148	2
2300	128	Picture	21	3164951	0	1	4144	2	0	4000	hit	265
2300	128	Response	1	3171228	6277	1
2300	128	Pulse	5	3172028	7077	2
2300	129	Picture	20	3183021	0	1	4145	2	0	4000	other	0
2300	129	Pulse	5	3192027	9006	2
2300	130	Picture	20	3201092	0	1	4144	3	0	4000	other	0
2300	130	Pulse	5	3212016	10924	2
2300	131	Picture	20	3219162	0	1	4145	2	0	4000	other	0
2300	131	Pulse	5	3232016	12854	2
2300	132	Picture	21	3237233	0	1	4144	3	0	4000	hit	274
2300	132	Response	1	3240495	3262	2
2300	132	Pulse	5	3252016	14783	1
2300	133	Picture	20	3255303	0	2	4145	3	0	4000	other	0
2300	133	Pulse	5	3272004	16701	2
2300	134	Picture	20	3273374	0	1	4145	2	0	4000	other	0
2300	135	Picture	21	3291445	0	1	4144	2	0	4000	hit	281
2300	135	Pulse	5	3292004	559	2
2300	135	Response	1	3295684	4239	1
2300	136	Picture	20	3309515	0	1	4145	2	0	4000	other	0
2300	136	Pulse	5	3312003	2488	2
2300	137	Picture	20	3327586	0	1	4144	2	0	4000	other	0
2300	137	Pulse	5	3331992	4406	3
