Scenario - 1-back
Logfile written - 01/23/2015 18:04:04

Subject	Trial	Event Type	Code	Time	TTime	Uncertainty	Duration	Uncertainty	ReqTime	ReqDur	Stim Type	Pair Index

2300	1	Pulse	5	438624	448458	2
2300	2	Pulse	5	458623	19843	2
2300	3	Picture	10	463813	0	1	4145	2	0	4000	other	0
2300	3	Pulse	5	478623	14810	2
2300	4	Picture	10	481884	0	1	4144	3	0	4000	other	0
2300	4	Pulse	5	498613	16729	1
2300	5	Picture	11	499954	0	2	4145	3	0	4000	hit	8
2300	5	Response	1	503892	3938	2
2300	6	Picture	10	518025	0	1	4144	3	0	4000	other	0
2300	6	Pulse	5	518611	586	2
2300	7	Picture	11	536095	0	2	4145	3	0	4000	hit	13
2300	7	Pulse	5	538611	2516	2
2300	7	Response	1	540531	4436	2
2300	8	Picture	10	554166	0	1	4145	2	0	4000	other	0
2300	8	Pulse	5	558600	4434	2
2300	9	Picture	10	572237	0	1	4144	3	0	4000	other	0
2300	9	Pulse	5	578600	6363	1
2300	10	Picture	10	590307	0	1	4145	2	0	4000	other	0
2300	10	Pulse	5	598599	8292	2
2300	11	Picture	11	608378	0	1	4144	3	0	4000	hit	21
2300	11	Response	1	612188	3810	3
2300	11	Pulse	5	618588	10210	3
2300	12	Picture	10	626448	0	2	4145	3	0	4000	other	0
2300	12	Pulse	5	638588	12140	2
2300	13	Picture	10	644519	0	1	4145	2	0	4000	other	0
2300	13	Pulse	5	658587	14068	2
2300	14	Picture	11	662590	0	1	4144	2	0	4000	hit	28
2300	14	Response	1	668497	5907	2
2300	14	Pulse	5	678576	15986	2
2300	15	Picture	10	680660	0	1	4145	2	0	4000	other	0
2300	15	Pulse	5	698576	17916	2
2300	16	Picture	10	698731	0	1	4144	3	0	4000	other	0
2300	17	Picture	10	716801	0	1	4145	2	0	4000	other	0
2300	17	Pulse	5	718565	1764	2
2300	18	Picture	10	734872	0	1	4145	2	0	4000	other	0
2300	18	Pulse	5	738565	3693	1
2300	19	Pulse	5	758564	5622	2
2300	19	Response	1	772644	19702	1
2300	20	Picture	20	777976	0	1	4145	2	0	4000	other	0
2300	20	Pulse	5	778553	577	3
2300	21	Picture	20	796047	0	1	4144	2	0	4000	other	0
2300	21	Pulse	5	798553	2506	2
2300	22	Picture	21	814117	0	1	4145	2	0	4000	hit	45
2300	22	Pulse	5	818552	4435	2
2300	22	Response	1	823672	9555	2
2300	23	Picture	20	832188	0	1	4144	3	0	4000	other	0
2300	23	Pulse	5	838551	6363	3
2300	24	Picture	20	850258	0	2	4145	3	0	4000	other	0
2300	24	Pulse	5	858541	8283	2
2300	25	Picture	20	868329	0	2	4145	3	0	4000	other	0
2300	25	Pulse	5	878540	10211	2
2300	26	Picture	21	886399	0	2	4145	3	0	4000	hit	53
2300	26	Response	1	892300	5901	2
2300	26	Pulse	5	898540	12141	2
2300	27	Picture	20	904470	0	1	4145	2	0	4000	other	0
2300	27	Pulse	5	918530	14060	1
2300	28	Picture	20	922541	0	1	4144	3	0	4000	other	0
2300	28	Pulse	5	938528	15987	2
2300	29	Picture	20	940611	0	1	4145	2	0	4000	other	0
2300	29	Pulse	5	958528	17917	2
2300	30	Picture	20	958682	0	1	4144	3	0	4000	other	0
2300	31	Picture	20	976752	0	2	4145	4	0	4000	other	0
2300	31	Pulse	5	978517	1765	2
2300	32	Picture	21	994823	0	1	4145	2	0	4000	hit	66
2300	32	Pulse	5	998516	3693	2
2300	32	Response	1	1000436	5613	2
2300	33	Picture	20	1012894	0	1	4144	2	0	4000	other	0
2300	33	Pulse	5	1018516	5622	2
2300	34	Picture	20	1030964	0	1	4145	2	0	4000	other	0
2300	34	Pulse	5	1038665	7701	2
2300	35	Picture	21	1049035	0	1	4144	3	0	4000	hit	72
2300	35	Response	1	1054025	4990	2
2300	35	Pulse	5	1058665	9630	1
2300	36	Pulse	5	1078664	11559	2
2300	36	Response	1	1081854	14749	2
2300	37	Picture	10	1092139	0	1	4145	2	0	4000	other	0
2300	37	Pulse	5	1098653	6514	3
2300	38	Picture	10	1110209	0	2	4145	3	0	4000	other	0
2300	38	Pulse	5	1118653	8444	2
2300	39	Picture	11	1128280	0	1	4145	2	0	4000	hit	81
2300	39	Response	1	1133212	4932	3
2300	39	Pulse	5	1138652	10372	2
2300	40	Picture	10	1146351	0	1	4144	3	0	4000	other	0
2300	40	Pulse	5	1158641	12290	2
2300	41	Picture	11	1164421	0	1	4145	2	0	4000	hit	86
2300	41	Response	1	1170161	5740	2
2300	41	Pulse	5	1178641	14220	2
2300	42	Picture	10	1182492	0	1	4144	3	0	4000	other	0
2300	42	Pulse	5	1198640	16148	2
2300	43	Picture	10	1200562	0	2	4145	3	0	4000	other	0
2300	43	Pulse	5	1218629	18067	2
2300	44	Picture	10	1218633	0	1	4145	2	0	4000	other	0
2300	45	Picture	11	1236704	0	1	4144	2	0	4000	hit	95
2300	45	Pulse	5	1238629	1925	2
2300	45	Response	1	1240709	4005	2
2300	46	Picture	10	1254774	0	1	4145	2	0	4000	other	0
2300	46	Pulse	5	1258628	3854	2
2300	47	Picture	10	1272845	0	1	4144	2	0	4000	other	0
2300	47	Pulse	5	1278618	5773	2
2300	48	Picture	11	1290915	0	1	4145	2	0	4000	hit	101
2300	48	Response	1	1294617	3702	2
2300	48	Pulse	5	1298617	7702	2
2300	49	Picture	10	1308986	0	1	4144	3	0	4000	other	0
2300	49	Pulse	5	1318616	9630	2
2300	50	Picture	10	1327056	0	2	4145	3	0	4000	other	0
2300	50	Pulse	5	1338606	11550	2
2300	51	Picture	10	1345127	0	1	4145	2	0	4000	false_alarm	108
2300	51	Response	1	1348685	3558	2
2300	51	Pulse	5	1358605	13478	2
2300	52	Picture	10	1363198	0	1	4144	2	0	4000	other	0
2300	52	Pulse	5	1378605	15407	1
2300	53	Pulse	5	1398594	17326	2
2300	53	Response	1	1399234	17966	2
2300	54	Picture	30	1406302	0	1	4144	3	0	4000	other	0
2300	54	Pulse	5	1418593	12291	2
2300	55	Picture	30	1424372	0	2	4145	3	0	4000	other	0
2300	55	Pulse	5	1438593	14221	2
2300	56	Picture	31	1442443	0	1	4145	2	0	4000	hit	119
2300	56	Response	1	1446903	4460	1
2300	56	Pulse	5	1458582	16139	2
2300	57	Picture	30	1460513	0	2	4145	3	0	4000	other	0
2300	57	Pulse	5	1478581	18068	2
2300	58	Picture	30	1478584	0	1	4145	2	0	4000	other	0
2300	59	Picture	30	1496655	0	1	4144	3	0	4000	other	0
2300	59	Pulse	5	1498581	1926	2
2300	60	Picture	31	1514725	0	1	4145	2	0	4000	hit	128
2300	60	Pulse	5	1518570	3845	2
2300	60	Response	1	1523050	8325	2
2300	61	Picture	31	1532796	0	1	4145	2	0	4000	miss	0
2300	61	Pulse	5	1538570	5774	1
2300	62	Picture	30	1550866	0	2	4145	3	0	4000	other	0
2300	62	Pulse	5	1558569	7703	2
2300	63	Picture	30	1568937	0	1	4145	2	0	4000	other	0
2300	63	Pulse	5	1578558	9621	3
2300	64	Picture	30	1587008	0	1	4144	2	0	4000	other	0
2300	64	Pulse	5	1598558	11550	2
2300	65	Picture	31	1605078	0	1	4145	2	0	4000	hit	138
2300	65	Response	1	1610557	5479	3
2300	65	Pulse	5	1618547	13469	2
2300	66	Picture	30	1623149	0	1	4144	3	0	4000	other	0
2300	66	Pulse	5	1638546	15397	3
2300	67	Picture	30	1641219	0	2	4145	3	0	4000	other	0
2300	67	Pulse	5	1658546	17327	2
2300	68	Picture	30	1659290	0	1	4144	3	0	4000	other	0
2300	69	Picture	30	1677361	0	1	4144	2	0	4000	false_alarm	147
2300	69	Pulse	5	1678545	1184	2
2300	69	Response	1	1681575	4214	2
2300	70	Pulse	5	1698535	3104	1
2300	70	Response	1	1714214	18783	2
2300	70	Pulse	5	1718535	23104	1
2300	71	Picture	10	1720465	0	1	4144	2	0	4000	other	0
2300	71	Pulse	5	1738523	18058	3
2300	72	Picture	10	1738535	0	1	4145	2	0	4000	other	0
2300	73	Picture	11	1756606	0	1	4144	3	0	4000	hit	156
2300	73	Pulse	5	1758523	1917	2
2300	73	Response	1	1762203	5597	1
2300	74	Picture	10	1774676	0	2	4145	3	0	4000	other	0
2300	74	Pulse	5	1778522	3846	2
2300	75	Picture	11	1792747	0	1	4145	2	0	4000	hit	161
2300	75	Pulse	5	1798521	5774	3
2300	75	Response	1	1798841	6094	3
2300	76	Picture	10	1810818	0	1	4144	2	0	4000	other	0
2300	76	Pulse	5	1818511	7693	2
2300	77	Picture	10	1828888	0	1	4145	2	0	4000	other	0
2300	77	Pulse	5	1838510	9622	2
2300	78	Picture	11	1846959	0	1	4144	3	0	4000	hit	167
2300	78	Response	1	1851150	4191	2
2300	78	Pulse	5	1858510	11551	1
2300	79	Picture	10	1865029	0	2	4145	3	0	4000	other	0
2300	79	Pulse	5	1878499	13470	2
2300	80	Picture	10	1883100	0	1	4145	2	0	4000	other	0
2300	80	Pulse	5	1898498	15398	2
2300	81	Picture	10	1901170	0	2	4145	3	0	4000	other	0
2300	81	Pulse	5	1918498	17328	1
2300	82	Picture	10	1919241	0	1	4145	2	0	4000	other	0
2300	83	Picture	10	1937312	0	1	4144	2	0	4000	other	0
2300	83	Pulse	5	1938487	1175	2
2300	84	Picture	11	1955382	0	1	4145	2	0	4000	hit	180
2300	84	Pulse	5	1958486	3104	2
2300	84	Response	1	1959446	4064	2
2300	85	Picture	10	1973453	0	1	4144	3	0	4000	other	0
2300	85	Pulse	5	1978486	5033	2
2300	86	Picture	10	1991523	0	2	4145	3	0	4000	other	0
2300	86	Pulse	5	1998475	6952	2
2300	87	Pulse	5	2018474	8880	2
2300	87	Response	1	2032234	22640	2
2300	88	Picture	20	2034628	0	1	4144	2	0	4000	other	0
2300	88	Pulse	5	2038474	3846	2
2300	89	Picture	20	2052698	0	1	4145	2	0	4000	other	0
2300	89	Pulse	5	2058463	5765	3
2300	90	Picture	20	2070769	0	1	4144	3	0	4000	other	0
2300	90	Pulse	5	2078623	7854	2
2300	91	Picture	21	2088839	0	1	4145	2	0	4000	hit	194
2300	91	Response	1	2097502	8663	2
2300	91	Pulse	5	2098622	9783	2
2300	92	Picture	20	2106910	0	1	4145	2	0	4000	other	0
2300	92	Pulse	5	2118611	11701	2
2300	93	Picture	20	2124980	0	2	4145	3	0	4000	other	0
2300	93	Pulse	5	2138611	13631	2
2300	94	Picture	21	2143051	0	1	4145	2	0	4000	hit	201
2300	94	Response	1	2153650	10599	2
2300	94	Pulse	5	2158610	15559	2
2300	95	Picture	20	2161122	0	1	4144	2	0	4000	other	0
2300	95	Pulse	5	2178600	17478	1
2300	96	Picture	20	2179192	0	1	4145	2	0	4000	other	0
2300	97	Picture	20	2197263	0	1	4144	3	0	4000	other	0
2300	97	Pulse	5	2198600	1337	1
2300	98	Picture	21	2215333	0	2	4145	3	0	4000	hit	210
2300	98	Pulse	5	2218598	3265	2
2300	98	Response	1	2219718	4385	2
2300	99	Picture	20	2233404	0	1	4145	2	0	4000	other	0
2300	99	Pulse	5	2238588	5184	1
2300	100	Picture	20	2251474	0	2	4145	3	0	4000	other	0
2300	100	Pulse	5	2258587	7113	2
2300	101	Picture	21	2269545	0	1	4145	2	0	4000	hit	216
2300	101	Response	1	2274904	5359	9
2300	101	Pulse	5	2278586	9041	2
2300	102	Picture	20	2287616	0	1	4144	3	0	4000	other	0
2300	102	Pulse	5	2298576	10960	1
2300	103	Picture	20	2305686	0	1	4145	2	0	4000	other	0
2300	103	Pulse	5	2318575	12889	2
2300	104	Pulse	5	2338575	14818	1
2300	104	Response	1	2339534	15777	2
2300	105	Picture	10	2348790	0	2	4145	3	0	4000	other	0
2300	105	Pulse	5	2358564	9774	2
2300	106	Picture	10	2366861	0	1	4145	2	0	4000	other	0
2300	106	Pulse	5	2378563	11702	2
2300	107	Picture	11	2384932	0	1	4144	2	0	4000	hit	229
2300	107	Response	1	2389443	4511	2
2300	107	Pulse	5	2398563	13631	1
2300	108	Picture	10	2403002	0	1	4145	2	0	4000	other	0
2300	108	Pulse	5	2418552	15550	2
2300	109	Picture	11	2421073	0	1	4144	3	0	4000	hit	234
2300	109	Response	1	2426232	5159	2
2300	109	Pulse	5	2438551	17478	2
2300	110	Picture	10	2439143	0	1	4145	2	0	4000	other	0
2300	111	Picture	10	2457214	0	1	4144	3	0	4000	other	0
2300	111	Pulse	5	2458551	1337	2
2300	112	Picture	11	2475285	0	1	4144	2	0	4000	hit	241
2300	112	Pulse	5	2478541	3256	1
2300	112	Response	1	2480140	4855	2
2300	113	Picture	10	2493355	0	1	4145	2	0	4000	other	0
2300	113	Pulse	5	2498539	5184	2
2300	114	Picture	10	2511426	0	1	4144	3	0	4000	other	0
2300	114	Pulse	5	2518539	7113	2
2300	115	Picture	10	2529496	0	1	4145	2	0	4000	other	0
2300	115	Pulse	5	2538528	9032	3
2300	116	Picture	10	2547567	0	1	4144	3	0	4000	other	0
2300	116	Pulse	5	2558527	10960	3
2300	117	Picture	10	2565637	0	2	4145	3	0	4000	other	0
2300	117	Pulse	5	2578527	12890	2
2300	118	Picture	11	2583708	0	1	4145	2	0	4000	hit	253
2300	118	Response	1	2587637	3929	2
2300	118	Pulse	5	2598516	14808	2
2300	119	Picture	10	2601779	0	1	4144	2	0	4000	other	0
2300	119	Pulse	5	2618516	16737	2
2300	120	Picture	10	2619849	0	1	4145	2	0	4000	other	0
2300	121	Pulse	5	2638515	595	2
2300	121	Pulse	5	2658504	20584	2
2300	121	Response	1	2659144	21224	2
2300	122	Picture	30	2662953	0	1	4145	2	0	4000	other	0
2300	122	Pulse	5	2678504	15551	2
2300	123	Picture	30	2681024	0	1	4144	3	0	4000	other	0
2300	123	Pulse	5	2698504	17480	1
2300	124	Picture	30	2699094	0	2	4145	3	0	4000	other	0
2300	125	Picture	31	2717165	0	1	4145	2	0	4000	miss	0
2300	125	Pulse	5	2718493	1328	2
2300	126	Picture	31	2735236	0	1	4144	3	0	4000	miss	0
2300	126	Pulse	5	2738492	3256	2
2300	127	Picture	30	2753306	0	1	4145	2	0	4000	other	0
2300	127	Pulse	5	2758491	5185	3
2300	128	Picture	30	2771377	0	1	4144	3	0	4000	other	0
2300	128	Pulse	5	2778481	7104	2
2300	129	Picture	30	2789447	0	2	4145	3	0	4000	other	0
2300	129	Pulse	5	2798480	9033	2
2300	130	Picture	31	2807518	0	1	4145	2	0	4000	miss	0
2300	130	Pulse	5	2818479	10961	3
2300	131	Picture	30	2825589	0	1	4144	2	0	4000	other	0
2300	131	Pulse	5	2838469	12880	2
2300	132	Picture	30	2843659	0	1	4145	2	0	4000	other	0
2300	132	Pulse	5	2858468	14809	2
2300	133	Picture	30	2861730	0	1	4144	3	0	4000	other	0
2300	133	Pulse	5	2878468	16738	1
2300	134	Picture	30	2879800	0	2	4145	3	0	4000	other	0
2300	135	Picture	31	2897871	0	1	4145	2	0	4000	miss	0
2300	135	Pulse	5	2898457	586	2
2300	136	Picture	30	2915941	0	2	4145	3	0	4000	other	0
2300	136	Pulse	5	2918456	2515	2
2300	137	Picture	30	2934012	0	1	4145	2	0	4000	false_alarm	291
2300	137	Pulse	5	2938456	4444	1
2300	137	Response	1	2940216	6204	1
