Scenario - 1-back
Logfile written - 01/23/2015 18:08:41

Subject	Trial	Event Type	Code	Time	TTime	Uncertainty	Duration	Uncertainty	ReqTime	ReqDur	Stim Type	Pair Index

2300	1	Pulse	5	231720	241554	3
2300	2	Response	1	250280	18400	2
2300	2	Pulse	5	251880	20000	2
2300	3	Picture	10	256913	0	1	4145	2	0	4000	other	0
2300	3	Pulse	5	271869	14956	3
2300	4	Picture	10	274984	0	1	4144	3	0	4000	other	0
2300	4	Pulse	5	291869	16885	2
2300	5	Picture	11	293054	0	2	4145	3	0	4000	hit	9
2300	5	Response	1	297948	4894	3
2300	6	Picture	10	311125	0	1	4145	2	0	4000	other	0
2300	6	Pulse	5	311860	735	11
2300	7	Picture	11	329196	0	1	4144	2	0	4000	hit	14
2300	7	Pulse	5	331857	2661	3
2300	7	Response	1	333617	4421	2
2300	8	Picture	10	347266	0	1	4145	2	0	4000	other	0
2300	8	Pulse	5	351857	4591	1
2300	9	Picture	10	365337	0	1	4144	3	0	4000	other	0
2300	9	Pulse	5	371856	6519	2
2300	10	Picture	10	383407	0	1	4145	2	0	4000	other	0
2300	10	Pulse	5	391845	8438	2
2300	11	Picture	11	401478	0	1	4145	2	0	4000	hit	22
2300	11	Response	1	406405	4927	2
2300	11	Pulse	5	411845	10367	2
2300	12	Picture	10	419549	0	1	4144	2	0	4000	other	0
2300	12	Pulse	5	431844	12295	2
2300	13	Picture	10	437619	0	1	4145	3	0	4000	other	0
2300	13	Pulse	5	451833	14214	3
2300	14	Picture	11	455690	0	1	4143	4	0	4000	hit	29
2300	14	Response	1	460953	5263	3
2300	14	Pulse	5	471833	16143	2
2300	15	Picture	10	473760	0	1	4145	2	0	4000	other	0
2300	16	Picture	10	491831	0	1	4144	3	0	4000	other	0
2300	16	Pulse	5	491832	1	3
2300	17	Picture	10	509901	0	2	4145	3	0	4000	other	0
2300	17	Pulse	5	511822	1921	1
2300	18	Picture	10	527972	0	1	4145	2	0	4000	other	0
2300	18	Pulse	5	531821	3849	2
2300	19	Pulse	5	551820	5778	2
2300	19	Response	1	570050	24008	2
2300	20	Picture	30	571076	0	1	4145	2	0	4000	other	0
2300	20	Pulse	5	571810	734	2
2300	21	Picture	30	589147	0	1	4144	3	0	4000	other	0
2300	21	Pulse	5	591809	2662	2
2300	22	Picture	31	607217	0	2	4145	3	0	4000	hit	45
2300	22	Response	1	611169	3952	1
2300	22	Pulse	5	611808	4591	2
2300	23	Picture	30	625288	0	1	4145	2	0	4000	other	0
2300	23	Pulse	5	631798	6510	2
2300	24	Picture	30	643359	0	1	4144	2	0	4000	other	0
2300	24	Pulse	5	651797	8438	2
2300	25	Picture	30	661429	0	1	4145	2	0	4000	other	0
2300	25	Pulse	5	671797	10368	1
2300	26	Picture	31	679500	0	1	4144	2	0	4000	hit	54
2300	26	Response	1	686986	7486	2
2300	26	Pulse	5	691786	12286	2
2300	27	Picture	31	697570	0	1	4145	2	0	4000	miss	0
2300	27	Pulse	5	711785	14215	2
2300	28	Picture	30	715641	0	1	4144	3	0	4000	other	0
2300	28	Pulse	5	731785	16144	2
2300	29	Picture	30	733711	0	2	4145	3	0	4000	other	0
2300	29	Pulse	5	751774	18063	2
2300	30	Picture	30	751782	0	1	4145	2	0	4000	other	0
2300	31	Picture	31	769853	0	1	4144	2	0	4000	hit	65
2300	31	Pulse	5	771774	1921	1
2300	31	Response	1	776413	6560	2
2300	32	Picture	30	787923	0	1	4145	2	0	4000	other	0
2300	32	Pulse	5	791773	3850	2
2300	33	Picture	30	805994	0	1	4144	3	0	4000	other	0
2300	33	Pulse	5	811762	5768	2
2300	34	Picture	30	824064	0	1	4145	2	0	4000	other	0
2300	34	Pulse	5	831762	7698	1
2300	35	Picture	30	842135	0	1	4145	2	0	4000	other	0
2300	35	Pulse	5	851761	9626	2
2300	36	Pulse	5	871750	11545	2
2300	36	Response	1	874790	14585	2
2300	37	Picture	10	885239	0	1	4145	2	0	4000	other	0
2300	37	Pulse	5	891750	6511	2
2300	38	Picture	10	903309	0	2	4145	3	0	4000	other	0
2300	38	Pulse	5	911749	8440	2
2300	39	Picture	11	921380	0	1	4145	2	0	4000	hit	81
2300	39	Response	1	925339	3959	2
2300	39	Pulse	5	931738	10358	3
2300	40	Picture	10	939451	0	1	4144	3	0	4000	other	0
2300	40	Pulse	5	951738	12287	2
2300	41	Picture	11	957521	0	2	4145	3	0	4000	hit	86
2300	41	Response	1	963097	5576	3
2300	41	Pulse	5	971737	14216	3
2300	42	Picture	10	975592	0	1	4145	2	0	4000	other	0
2300	42	Pulse	5	991727	16135	1
2300	43	Picture	10	993663	0	1	4144	2	0	4000	other	0
2300	43	Pulse	5	1011726	18063	2
2300	44	Picture	10	1011733	0	1	4145	2	0	4000	other	0
2300	45	Picture	11	1029804	0	1	4144	3	0	4000	hit	95
2300	45	Pulse	5	1031725	1921	2
2300	45	Response	1	1034757	4953	11
2300	46	Picture	10	1047874	0	2	4145	3	0	4000	other	0
2300	46	Pulse	5	1051715	3841	2
2300	47	Picture	10	1065944	0	2	4145	4	0	4000	other	0
2300	47	Pulse	5	1071714	5770	2
2300	48	Picture	11	1084015	0	2	4145	3	0	4000	hit	101
2300	48	Response	1	1088834	4819	1
2300	48	Pulse	5	1091713	7698	2
2300	49	Picture	10	1102086	0	1	4145	2	0	4000	other	0
2300	49	Pulse	5	1111704	9618	1
2300	50	Picture	10	1120157	0	1	4144	2	0	4000	other	0
2300	50	Pulse	5	1131702	11545	2
2300	51	Picture	10	1138227	0	1	4145	3	0	4000	other	0
2300	51	Pulse	5	1151702	13475	1
2300	52	Picture	10	1156298	0	1	4144	3	0	4000	other	0
2300	52	Pulse	5	1171691	15393	2
2300	53	Pulse	5	1191690	17322	2
2300	54	Picture	20	1199402	0	1	4145	2	0	4000	other	0
2300	54	Pulse	5	1211690	12288	2
2300	55	Picture	20	1217473	0	1	4144	2	0	4000	other	0
2300	55	Pulse	5	1231679	14206	2
2300	56	Picture	21	1235543	0	1	4145	2	0	4000	miss	0
2300	56	Pulse	5	1251678	16135	2
2300	57	Picture	20	1253614	0	1	4144	3	0	4000	other	0
2300	57	Pulse	5	1271678	18064	2
2300	58	Picture	20	1271684	0	1	4145	2	0	4000	other	0
2300	59	Picture	20	1289755	0	1	4144	3	0	4000	other	0
2300	59	Pulse	5	1291827	2072	2
2300	60	Picture	21	1307825	0	2	4145	3	0	4000	hit	125
2300	60	Pulse	5	1311826	4001	2
2300	60	Response	1	1316146	8321	2
2300	61	Picture	20	1325896	0	1	4145	2	0	4000	other	0
2300	61	Pulse	5	1331826	5930	2
2300	62	Picture	20	1343966	0	2	4145	3	0	4000	other	0
2300	62	Pulse	5	1351815	7849	3
2300	63	Picture	20	1362037	0	1	4145	2	0	4000	other	0
2300	63	Pulse	5	1371815	9778	2
2300	64	Picture	20	1380108	0	1	4144	3	0	4000	other	0
2300	64	Pulse	5	1391814	11706	2
2300	65	Picture	20	1398178	0	2	4145	3	0	4000	false_alarm	135
2300	65	Response	1	1403324	5146	2
2300	65	Pulse	5	1411803	13625	3
2300	66	Picture	21	1416249	0	1	4144	3	0	4000	hit	138
2300	66	Response	1	1424443	8194	2
2300	66	Pulse	5	1431803	15554	3
2300	67	Picture	20	1434319	0	2	4145	3	0	4000	false_alarm	141
2300	67	Response	1	1440602	6283	4
2300	67	Pulse	5	1451802	17483	2
2300	68	Picture	20	1452390	0	1	4145	2	0	4000	false_alarm	144
2300	68	Response	1	1458042	5652	3
2300	69	Picture	21	1470461	0	1	4144	2	0	4000	hit	147
2300	69	Pulse	5	1471792	1331	1
2300	69	Response	1	1478831	8370	2
2300	70	Pulse	5	1491792	3261	1
2300	70	Response	1	1500751	12220	2
2300	70	Pulse	5	1511790	23259	2
2300	71	Picture	10	1513565	0	1	4144	3	0	4000	other	0
2300	72	Picture	10	1531635	0	2	4144	4	0	4000	false_alarm	154
2300	72	Pulse	5	1531780	145	2
2300	72	Response	1	1540099	8464	2
2300	73	Picture	11	1549706	0	1	4145	2	0	4000	hit	157
2300	73	Pulse	5	1551779	2073	2
2300	73	Response	1	1555779	6073	2
2300	74	Picture	10	1567776	0	2	4145	3	0	4000	false_alarm	160
2300	74	Pulse	5	1571778	4002	2
2300	74	Response	1	1574658	6882	2
2300	75	Picture	11	1585847	0	1	4145	2	0	4000	miss	0
2300	75	Pulse	5	1591769	5922	1
2300	76	Picture	10	1603917	0	2	4145	4	0	4000	other	0
2300	76	Pulse	5	1611767	7850	2
2300	77	Picture	10	1621988	0	2	4145	3	0	4000	other	0
2300	77	Pulse	5	1631767	9779	1
2300	78	Picture	11	1640059	0	1	4145	2	0	4000	hit	168
2300	78	Response	1	1644877	4818	1
2300	78	Pulse	5	1651756	11697	2
2300	79	Picture	10	1658129	0	2	4145	3	0	4000	other	0
2300	79	Pulse	5	1671755	13626	2
2300	80	Picture	10	1676200	0	1	4145	2	0	4000	other	0
2300	80	Pulse	5	1691755	15555	2
2300	81	Picture	10	1694271	0	1	4144	3	0	4000	other	0
2300	81	Pulse	5	1711744	17473	2
2300	82	Picture	10	1712341	0	1	4145	2	0	4000	other	0
2300	83	Picture	10	1730412	0	1	4144	3	0	4000	other	0
2300	83	Pulse	5	1731743	1331	2
2300	84	Picture	11	1748482	0	2	4145	3	0	4000	hit	181
2300	84	Pulse	5	1751743	3261	2
2300	84	Response	1	1753823	5341	2
2300	85	Picture	10	1766553	0	1	4145	2	0	4000	other	0
2300	85	Pulse	5	1771732	5179	2
2300	86	Picture	10	1784624	0	1	4144	2	0	4000	other	0
2300	86	Pulse	5	1791732	7108	1
2300	87	Pulse	5	1811731	9037	2
2300	87	Response	1	1820211	17517	1
2300	88	Picture	30	1827728	0	1	4144	2	0	4000	other	0
2300	88	Pulse	5	1831720	3992	2
2300	89	Picture	30	1845798	0	2	4145	3	0	4000	other	0
2300	89	Pulse	5	1851720	5922	2
2300	90	Picture	30	1863869	0	1	4145	2	0	4000	false_alarm	193
2300	90	Response	1	1870279	6410	2
2300	90	Pulse	5	1871719	7850	2
2300	91	Picture	31	1881939	0	2	4145	3	0	4000	miss	0
2300	91	Pulse	5	1891708	9769	3
2300	92	Picture	31	1900010	0	1	4145	2	0	4000	hit	198
2300	92	Response	1	1904988	4978	2
2300	92	Pulse	5	1911708	11698	2
2300	93	Picture	30	1918081	0	1	4144	2	0	4000	false_alarm	201
2300	93	Response	1	1924027	5946	3
2300	93	Pulse	5	1931707	13626	3
2300	94	Picture	30	1936151	0	1	4145	2	0	4000	false_alarm	204
2300	94	Response	1	1941147	4996	2
2300	94	Pulse	5	1951697	15546	1
2300	95	Picture	30	1954222	0	1	4144	3	0	4000	false_alarm	207
2300	95	Response	1	1960496	6274	2
2300	95	Pulse	5	1971696	17474	2
2300	96	Picture	31	1972292	0	2	4145	3	0	4000	hit	210
2300	96	Response	1	1978736	6444	2
2300	97	Picture	30	1990363	0	1	4145	2	0	4000	false_alarm	213
2300	97	Pulse	5	1991696	1333	1
2300	97	Response	1	1996015	5652	2
2300	98	Picture	30	2008434	0	1	4144	2	0	4000	false_alarm	216
2300	98	Pulse	5	2011685	3251	2
2300	98	Response	1	2015205	6771	1
2300	99	Picture	30	2026504	0	2	4145	3	0	4000	false_alarm	219
2300	99	Pulse	5	2031684	5180	2
2300	99	Response	1	2034244	7740	2
2300	100	Picture	30	2044575	0	1	4144	2	0	4000	false_alarm	221
2300	100	Response	1	2051043	6468	2
2300	100	Pulse	5	2051683	7108	2
2300	101	Picture	31	2062645	0	1	4145	2	0	4000	hit	224
2300	101	Response	1	2068314	5669	1
2300	101	Pulse	5	2071673	9028	2
2300	102	Picture	30	2080716	0	1	4144	3	0	4000	false_alarm	227
2300	102	Response	1	2084952	4236	3
2300	102	Pulse	5	2091672	10956	2
2300	103	Picture	30	2098786	0	2	4145	3	0	4000	false_alarm	230
2300	103	Response	1	2103672	4886	2
2300	103	Pulse	5	2111672	12886	1
2300	104	Pulse	5	2131661	14804	2
2300	104	Response	1	2133261	16404	2
2300	105	Picture	10	2141891	0	1	4144	2	0	4000	other	0
2300	105	Pulse	5	2151660	9769	2
2300	106	Picture	10	2159961	0	1	4145	2	0	4000	other	0
2300	106	Pulse	5	2171660	11699	2
2300	107	Picture	11	2178032	0	1	4144	3	0	4000	hit	239
2300	107	Response	1	2184289	6257	3
2300	107	Pulse	5	2191649	13617	2
2300	108	Picture	10	2196102	0	2	4145	3	0	4000	other	0
2300	108	Pulse	5	2211648	15546	2
2300	109	Picture	11	2214173	0	1	4145	2	0	4000	hit	244
2300	109	Response	1	2221888	7715	2
2300	109	Pulse	5	2231648	17475	2
2300	110	Picture	10	2232243	0	2	4145	3	0	4000	other	0
2300	111	Picture	10	2250314	0	1	4145	2	0	4000	other	0
2300	111	Pulse	5	2251637	1323	2
2300	112	Picture	11	2268385	0	1	4144	2	0	4000	hit	251
2300	112	Pulse	5	2271636	3251	2
2300	112	Response	1	2272276	3891	2
2300	113	Picture	10	2286455	0	1	4145	2	0	4000	other	0
2300	113	Pulse	5	2291636	5181	2
2300	114	Picture	10	2304526	0	1	4144	3	0	4000	other	0
2300	114	Pulse	5	2311625	7099	3
2300	115	Picture	10	2322596	0	2	4145	3	0	4000	false_alarm	257
2300	115	Response	1	2326345	3749	2
2300	115	Pulse	5	2331785	9189	2
2300	116	Picture	10	2340667	0	1	4145	2	0	4000	other	0
2300	116	Pulse	5	2351784	11117	2
2300	117	Picture	10	2358738	0	1	4144	2	0	4000	other	0
2300	117	Pulse	5	2371773	13035	3
2300	118	Picture	11	2376808	0	1	4145	2	0	4000	hit	264
2300	118	Response	1	2382333	5525	2
2300	118	Pulse	5	2391773	14965	3
2300	119	Picture	10	2394879	0	1	4144	3	0	4000	other	0
2300	119	Pulse	5	2411772	16893	2
2300	120	Picture	10	2412949	0	1	4145	2	0	4000	other	0
2300	121	Pulse	5	2431761	741	2
2300	121	Response	1	2451762	20742	1
2300	121	Pulse	5	2451762	20742	1
2300	122	Picture	20	2456053	0	2	4145	3	0	4000	other	0
2300	122	Pulse	5	2471760	15707	2
2300	123	Picture	20	2474124	0	1	4145	2	0	4000	false_alarm	275
2300	123	Response	1	2480880	6756	2
2300	123	Pulse	5	2491750	17626	1
2300	124	Picture	20	2492195	0	1	4144	2	0	4000	false_alarm	278
2300	124	Response	1	2497189	4994	2
2300	125	Picture	21	2510265	0	1	4145	2	0	4000	hit	281
2300	125	Pulse	5	2511749	1484	2
2300	125	Response	1	2516549	6284	2
2300	126	Picture	20	2528336	0	1	4144	3	0	4000	false_alarm	284
2300	126	Pulse	5	2531748	3412	2
2300	126	Response	1	2533828	5492	2
2300	127	Picture	20	2546406	0	1	4145	2	0	4000	false_alarm	287
2300	127	Pulse	5	2551738	5332	2
2300	127	Response	1	2552058	5652	2
2300	128	Picture	21	2564477	0	1	4145	2	0	4000	hit	289
2300	128	Response	1	2569017	4540	3
2300	128	Pulse	5	2571737	7260	2
2300	129	Picture	20	2582548	0	1	4144	2	0	4000	false_alarm	292
2300	129	Response	1	2588057	5509	1
2300	129	Pulse	5	2591737	9189	1
2300	130	Picture	20	2600618	0	1	4145	2	0	4000	false_alarm	295
2300	130	Response	1	2606606	5988	2
2300	130	Pulse	5	2611726	11108	2
2300	131	Picture	20	2618689	0	1	4144	3	0	4000	false_alarm	298
2300	131	Response	1	2623725	5036	3
2300	131	Pulse	5	2631725	13036	2
2300	132	Picture	21	2636759	0	1	4145	2	0	4000	miss	0
2300	132	Pulse	5	2651725	14966	1
2300	133	Picture	20	2654830	0	1	4144	3	0	4000	false_alarm	303
2300	133	Response	1	2659404	4574	2
2300	133	Pulse	5	2671714	16884	2
2300	134	Picture	20	2672900	0	2	4145	3	0	4000	false_alarm	306
2300	134	Response	1	2677474	4574	2
2300	135	Picture	21	2690971	0	1	4145	2	0	4000	hit	309
2300	135	Pulse	5	2691713	742	2
2300	135	Response	1	2696193	5222	2
2300	136	Picture	20	2709042	0	1	4144	2	0	4000	false_alarm	312
2300	136	Pulse	5	2711713	2671	2
2300	136	Response	1	2714593	5551	1
2300	137	Picture	20	2727112	0	1	4145	2	0	4000	false_alarm	314
2300	137	Response	1	2731382	4270	2
2300	137	Pulse	5	2731702	4590	2
