Scenario - 1-back
Logfile written - 01/23/2015 17:53:29

Subject	Trial	Event Type	Code	Time	TTime	Uncertainty	Duration	Uncertainty	ReqTime	ReqDur	Stim Type	Pair Index

2300	1	Response	1	179321	189155	2
2300	1	Pulse	5	335766	345600	2
2300	2	Response	1	350806	14979	2
2300	2	Pulse	5	355766	19939	1
2300	3	Picture	10	360860	0	2	4145	3	0	4000	other	0
2300	3	Pulse	5	375755	14895	2
2300	4	Picture	10	378931	0	1	4145	2	0	4000	other	0
2300	4	Pulse	5	395755	16824	1
2300	5	Picture	11	397002	0	1	4144	2	0	4000	hit	10
2300	5	Response	1	400714	3712	2
2300	6	Picture	10	415072	0	1	4145	2	0	4000	other	0
2300	6	Pulse	5	415754	682	2
2300	7	Picture	11	433143	0	1	4144	2	0	4000	hit	15
2300	7	Pulse	5	435743	2600	2
2300	7	Response	1	439903	6760	2
2300	8	Picture	10	451213	0	1	4145	2	0	4000	other	0
2300	8	Pulse	5	455742	4529	2
2300	9	Picture	10	469284	0	1	4144	3	0	4000	other	0
2300	9	Pulse	5	475742	6458	2
2300	10	Picture	10	487354	0	2	4145	3	0	4000	other	0
2300	10	Pulse	5	495731	8377	3
2300	11	Picture	11	505425	0	1	4145	2	0	4000	hit	23
2300	11	Response	1	509651	4226	2
2300	11	Pulse	5	515731	10306	2
2300	12	Picture	10	523495	0	2	4145	3	0	4000	other	0
2300	12	Pulse	5	535730	12235	2
2300	13	Picture	10	541566	0	1	4145	2	0	4000	other	0
2300	13	Pulse	5	555719	14153	3
2300	14	Picture	11	559637	0	1	4144	2	0	4000	hit	30
2300	14	Response	1	565639	6002	2
2300	14	Pulse	5	575719	16082	2
2300	15	Picture	10	577707	0	1	4145	2	0	4000	other	0
2300	15	Pulse	5	595718	18011	3
2300	16	Picture	10	595778	0	1	4144	3	0	4000	other	0
2300	17	Picture	10	613848	0	2	4145	3	0	4000	other	0
2300	17	Pulse	5	615708	1860	1
2300	18	Picture	10	631919	0	1	4144	3	0	4000	other	0
2300	18	Pulse	5	635708	3789	1
2300	19	Pulse	5	655866	5877	2
2300	20	Picture	20	675023	0	1	4145	2	0	4000	other	0
2300	20	Pulse	5	675856	833	1
2300	21	Picture	20	693094	0	1	4144	2	0	4000	other	0
2300	21	Pulse	5	695855	2761	2
2300	22	Picture	21	711164	0	1	4145	2	0	4000	miss	0
2300	22	Pulse	5	715854	4690	2
2300	23	Picture	20	729234	0	2	4145	4	0	4000	other	0
2300	23	Pulse	5	735844	6610	1
2300	24	Picture	20	747305	0	2	4145	3	0	4000	other	0
2300	24	Pulse	5	755844	8539	1
2300	25	Picture	20	765376	0	1	4145	2	0	4000	false_alarm	51
2300	25	Response	1	768483	3107	2
2300	25	Pulse	5	775842	10466	2
2300	26	Picture	21	783446	0	2	4145	3	0	4000	miss	0
2300	26	Pulse	5	795832	12386	2
2300	27	Picture	20	801517	0	1	4145	2	0	4000	other	0
2300	27	Pulse	5	815831	14314	2
2300	28	Picture	20	819588	0	1	4144	2	0	4000	other	0
2300	28	Pulse	5	835831	16243	2
2300	29	Picture	20	837658	0	1	4145	2	0	4000	false_alarm	60
2300	29	Response	1	843670	6012	3
2300	30	Picture	20	855729	0	1	4144	2	0	4000	other	0
2300	30	Pulse	5	855820	91	3
2300	31	Picture	20	873799	0	2	4145	3	0	4000	other	0
2300	31	Pulse	5	875819	2020	3
2300	32	Picture	21	891870	0	1	4144	3	0	4000	hit	67
2300	32	Pulse	5	895819	3949	2
2300	32	Response	1	896779	4909	2
2300	33	Picture	20	909940	0	2	4145	3	0	4000	other	0
2300	33	Pulse	5	915808	5868	2
2300	34	Picture	20	928011	0	1	4145	2	0	4000	other	0
2300	34	Pulse	5	935808	7797	1
2300	35	Picture	21	946082	0	1	4144	2	0	4000	hit	73
2300	35	Response	1	954527	8445	2
2300	35	Pulse	5	955807	9725	2
2300	36	Pulse	5	975796	11644	2
2300	36	Response	1	980916	16764	2
2300	37	Picture	10	989186	0	1	4144	3	0	4000	other	0
2300	37	Pulse	5	995795	6609	3
2300	38	Picture	10	1007256	0	2	4145	3	0	4000	other	0
2300	38	Pulse	5	1015795	8539	2
2300	39	Picture	11	1025327	0	1	4144	3	0	4000	hit	82
2300	39	Response	1	1029064	3737	3
2300	39	Pulse	5	1035784	10457	2
2300	40	Picture	10	1043397	0	2	4145	3	0	4000	other	0
2300	40	Pulse	5	1055784	12387	2
2300	41	Picture	11	1061468	0	1	4145	2	0	4000	hit	87
2300	41	Response	1	1065703	4235	2
2300	41	Pulse	5	1075783	14315	2
2300	42	Picture	10	1079539	0	1	4144	2	0	4000	other	0
2300	42	Pulse	5	1095773	16234	1
2300	43	Picture	10	1097609	0	1	4145	2	0	4000	other	0
2300	44	Picture	10	1115680	0	1	4144	2	0	4000	other	0
2300	44	Pulse	5	1115773	93	1
2300	45	Picture	11	1133750	0	2	4145	3	0	4000	hit	96
2300	45	Pulse	5	1135771	2021	2
2300	45	Response	1	1137851	4101	2
2300	46	Picture	10	1151821	0	2	4144	4	0	4000	other	0
2300	46	Pulse	5	1155761	3940	1
2300	47	Picture	10	1169891	0	2	4145	3	0	4000	other	0
2300	47	Pulse	5	1175760	5869	2
2300	48	Picture	11	1187962	0	1	4145	2	0	4000	hit	102
2300	48	Response	1	1191919	3957	2
2300	48	Pulse	5	1195759	7797	2
2300	49	Picture	10	1206033	0	1	4144	2	0	4000	other	0
2300	49	Pulse	5	1215749	9716	1
2300	50	Picture	10	1224103	0	1	4145	2	0	4000	other	0
2300	50	Pulse	5	1235748	11645	2
2300	51	Picture	10	1242174	0	1	4144	3	0	4000	other	0
2300	51	Pulse	5	1255747	13573	2
2300	52	Picture	10	1260244	0	2	4145	3	0	4000	other	0
2300	52	Pulse	5	1275737	15493	2
2300	53	Pulse	5	1295736	17421	2
2300	54	Picture	30	1303348	0	2	4145	3	0	4000	other	0
2300	54	Pulse	5	1315736	12388	1
2300	55	Picture	30	1321419	0	1	4145	2	0	4000	other	0
2300	55	Pulse	5	1335725	14306	2
2300	56	Picture	31	1339490	0	1	4144	2	0	4000	hit	118
2300	56	Response	1	1344045	4555	1
2300	56	Pulse	5	1355724	16234	2
2300	57	Picture	30	1357560	0	1	4145	2	0	4000	other	0
2300	58	Picture	30	1375631	0	1	4144	3	0	4000	other	0
2300	58	Pulse	5	1375724	93	2
2300	59	Picture	30	1393701	0	1	4145	2	0	4000	other	0
2300	59	Pulse	5	1395713	2012	2
2300	60	Picture	31	1411771	0	2	4145	4	0	4000	miss	0
2300	60	Pulse	5	1415712	3941	2
2300	61	Picture	31	1429842	0	2	4145	3	0	4000	hit	128
2300	61	Response	1	1433632	3790	2
2300	61	Pulse	5	1435712	5870	2
2300	62	Picture	30	1447913	0	1	4145	2	0	4000	other	0
2300	62	Pulse	5	1455701	7788	3
2300	63	Picture	30	1465984	0	1	4144	3	0	4000	other	0
2300	63	Pulse	5	1475700	9716	3
2300	64	Picture	30	1484054	0	1	4145	2	0	4000	other	0
2300	64	Pulse	5	1495700	11646	2
2300	65	Picture	31	1502125	0	1	4144	3	0	4000	hit	137
2300	65	Response	1	1507539	5414	3
2300	65	Pulse	5	1515689	13564	2
2300	66	Picture	30	1520195	0	2	4145	3	0	4000	other	0
2300	66	Pulse	5	1535689	15494	1
2300	67	Picture	30	1538266	0	1	4144	3	0	4000	other	0
2300	67	Pulse	5	1555688	17422	2
2300	68	Picture	30	1556337	0	1	4144	2	0	4000	other	0
2300	69	Picture	30	1574407	0	1	4145	2	0	4000	other	0
2300	69	Pulse	5	1575677	1270	2
2300	70	Pulse	5	1595677	3199	2
2300	70	Response	1	1602717	10239	1
2300	70	Pulse	5	1615676	23198	2
2300	71	Picture	10	1617511	0	1	4145	2	0	4000	other	0
2300	72	Picture	10	1635582	0	1	4144	3	0	4000	other	0
2300	72	Pulse	5	1635666	84	1
2300	73	Picture	11	1653652	0	1	4145	2	0	4000	hit	154
2300	73	Pulse	5	1655665	2013	2
2300	73	Response	1	1662065	8413	1
2300	74	Picture	10	1671723	0	1	4144	3	0	4000	other	0
2300	74	Pulse	5	1675664	3941	2
2300	75	Picture	11	1689794	0	1	4144	2	0	4000	hit	158
2300	75	Response	1	1693894	4100	2
2300	75	Pulse	5	1695814	6020	1
2300	76	Picture	10	1707864	0	1	4145	2	0	4000	other	0
2300	76	Pulse	5	1715813	7949	2
2300	77	Picture	10	1725935	0	1	4144	2	0	4000	other	0
2300	77	Pulse	5	1735812	9877	2
2300	78	Picture	11	1744005	0	1	4145	2	0	4000	hit	165
2300	78	Response	1	1747652	3647	2
2300	78	Pulse	5	1755802	11797	2
2300	79	Picture	10	1762076	0	1	4144	3	0	4000	other	0
2300	79	Pulse	5	1775801	13725	2
2300	80	Picture	10	1780146	0	2	4145	3	0	4000	other	0
2300	80	Pulse	5	1795800	15654	2
2300	81	Picture	10	1798217	0	1	4144	3	0	4000	other	0
2300	81	Pulse	5	1815790	17573	2
2300	82	Picture	10	1816287	0	2	4145	3	0	4000	other	0
2300	83	Picture	10	1834358	0	1	4145	2	0	4000	other	0
2300	83	Pulse	5	1835789	1431	2
2300	84	Picture	11	1852429	0	2	4144	4	0	4000	hit	178
2300	84	Pulse	5	1855789	3360	2
2300	84	Response	1	1856269	3840	2
2300	85	Picture	10	1870499	0	1	4145	2	0	4000	other	0
2300	85	Pulse	5	1875778	5279	2
2300	86	Picture	10	1888570	0	1	4144	3	0	4000	other	0
2300	86	Pulse	5	1895777	7207	3
2300	87	Pulse	5	1915777	9137	2
2300	87	Response	1	1924256	17616	2
2300	88	Picture	20	1931674	0	1	4145	2	0	4000	other	0
2300	88	Pulse	5	1935766	4092	3
2300	89	Picture	20	1949745	0	1	4144	2	0	4000	other	0
2300	89	Pulse	5	1955765	6020	3
2300	90	Picture	20	1967815	0	1	4145	2	0	4000	other	0
2300	90	Pulse	5	1975765	7950	2
2300	91	Picture	21	1985886	0	1	4144	3	0	4000	miss	0
2300	91	Pulse	5	1995754	9868	2
2300	92	Picture	20	2003956	0	1	4145	2	0	4000	other	0
2300	92	Pulse	5	2015754	11798	1
2300	93	Picture	20	2022027	0	1	4144	3	0	4000	other	0
2300	93	Pulse	5	2035753	13726	2
2300	94	Picture	21	2040097	0	2	4145	3	0	4000	miss	0
2300	94	Pulse	5	2055742	15645	2
2300	95	Picture	20	2058168	0	1	4145	2	0	4000	other	0
2300	95	Pulse	5	2075742	17574	2
2300	96	Picture	20	2076239	0	1	4144	2	0	4000	false_alarm	202
2300	96	Response	1	2082142	5903	1
2300	97	Picture	20	2094309	0	1	4145	2	0	4000	other	0
2300	97	Pulse	5	2095741	1432	2
2300	98	Picture	21	2112380	0	1	4144	3	0	4000	miss	0
2300	98	Pulse	5	2115730	3350	2
2300	99	Picture	20	2130450	0	2	4145	3	0	4000	other	0
2300	99	Pulse	5	2135730	5280	2
2300	100	Picture	20	2148521	0	1	4145	2	0	4000	other	0
2300	100	Pulse	5	2155729	7208	2
2300	101	Picture	21	2166591	0	2	4145	3	0	4000	hit	212
2300	101	Response	1	2170769	4178	2
2300	101	Pulse	5	2175719	9128	1
2300	102	Picture	20	2184662	0	1	4145	2	0	4000	other	0
2300	102	Pulse	5	2195718	11056	2
2300	103	Picture	20	2202733	0	1	4144	2	0	4000	other	0
2300	103	Pulse	5	2215717	12984	2
2300	104	Pulse	5	2235707	14904	1
2300	104	Response	1	2243546	22743	2
2300	105	Picture	10	2245836	0	2	4145	4	0	4000	other	0
2300	105	Pulse	5	2255706	9870	2
2300	106	Picture	10	2263907	0	2	4145	3	0	4000	other	0
2300	106	Pulse	5	2275705	11798	2
2300	107	Picture	11	2281978	0	1	4145	2	0	4000	miss	0
2300	107	Pulse	5	2295695	13717	2
2300	108	Picture	10	2300041	0	27	4152	28	0	4000	other	0
2300	108	Pulse	5	2315694	15653	2
2300	109	Picture	11	2318119	0	1	4145	2	0	4000	hit	229
2300	109	Response	1	2323855	5736	1
2300	109	Pulse	5	2335694	17575	1
2300	110	Picture	10	2336190	0	1	4144	3	0	4000	other	0
2300	111	Picture	10	2354260	0	1	4145	2	0	4000	other	0
2300	111	Pulse	5	2355683	1423	2
2300	112	Picture	11	2372331	0	1	4144	3	0	4000	miss	0
2300	112	Pulse	5	2375682	3351	2
2300	113	Picture	10	2390401	0	2	4145	3	0	4000	other	0
2300	113	Pulse	5	2395682	5281	2
2300	114	Picture	10	2408471	0	2	4146	3	0	4000	other	0
2300	114	Pulse	5	2415671	7200	2
2300	115	Picture	10	2426542	0	2	4145	3	0	4000	other	0
2300	115	Pulse	5	2435670	9128	3
2300	116	Picture	10	2444613	0	1	4145	2	0	4000	other	0
2300	116	Pulse	5	2455670	11057	2
2300	117	Picture	10	2462684	0	1	4144	3	0	4000	other	0
2300	117	Pulse	5	2475659	12975	2
2300	118	Picture	11	2480754	0	2	4145	3	0	4000	hit	247
2300	118	Response	1	2485900	5146	1
2300	118	Pulse	5	2495659	14905	1
2300	119	Picture	10	2498825	0	1	4144	3	0	4000	other	0
2300	119	Pulse	5	2515658	16833	2
2300	120	Picture	10	2516895	0	2	4145	3	0	4000	other	0
2300	121	Pulse	5	2535647	681	2
2300	121	Pulse	5	2555647	20681	1
2300	121	Response	1	2556927	21961	1
2300	122	Picture	30	2559999	0	2	4145	3	0	4000	other	0
2300	122	Pulse	5	2575646	15647	2
2300	123	Picture	30	2578070	0	1	4145	2	0	4000	other	0
2300	123	Pulse	5	2595635	17565	2
2300	124	Picture	30	2596141	0	1	4144	2	0	4000	other	0
2300	125	Picture	31	2614211	0	1	4145	2	0	4000	miss	0
2300	125	Pulse	5	2615635	1424	2
2300	126	Picture	31	2632282	0	1	4144	3	0	4000	miss	0
2300	126	Pulse	5	2635634	3352	2
2300	127	Picture	30	2650352	0	2	4145	3	0	4000	other	0
2300	127	Pulse	5	2655624	5272	1
2300	128	Picture	30	2668423	0	2	4145	3	0	4000	other	0
2300	128	Pulse	5	2675623	7200	2
2300	129	Picture	30	2686494	0	1	4144	2	0	4000	other	0
2300	129	Pulse	5	2695622	9128	3
2300	130	Picture	31	2704564	0	1	4145	2	0	4000	miss	0
2300	130	Pulse	5	2715612	11048	1
2300	131	Picture	30	2722635	0	1	4144	3	0	4000	other	0
2300	131	Pulse	5	2735771	13136	2
2300	132	Picture	30	2740705	0	1	4145	2	0	4000	other	0
2300	132	Pulse	5	2755770	15065	2
2300	133	Picture	30	2758776	0	1	4145	2	0	4000	other	0
2300	133	Pulse	5	2775760	16984	2
2300	134	Picture	30	2776846	0	2	4145	3	0	4000	other	0
2300	135	Picture	31	2794917	0	1	4145	2	0	4000	miss	0
2300	135	Pulse	5	2795759	842	2
2300	136	Picture	30	2812988	0	1	4144	3	0	4000	other	0
2300	136	Pulse	5	2815759	2771	1
2300	137	Picture	30	2831058	0	1	4145	2	0	4000	false_alarm	284
2300	137	Response	1	2835748	4690	3
2300	137	Pulse	5	2835748	4690	3
