Scenario - 1-back
Logfile written - 01/23/2015 14:40:10

Subject	Trial	Event Type	Code	Time	TTime	Uncertainty	Duration	Uncertainty	ReqTime	ReqDur	Stim Type	Pair Index

2306	1	Pulse	5	357613	367447	2
2306	2	Pulse	5	377613	19902	1
2306	3	Picture	10	382744	0	2	4145	3	0	4000	other	0
2306	3	Pulse	5	397601	14857	2
2306	4	Picture	10	400815	0	1	4144	3	0	4000	other	0
2306	4	Pulse	5	417600	16785	4
2306	5	Picture	11	418885	0	2	4145	3	0	4000	hit	8
2306	5	Response	1	422721	3836	2
2306	6	Picture	10	436956	0	1	4145	2	0	4000	other	0
2306	6	Pulse	5	437600	644	2
2306	7	Picture	11	455027	0	1	4144	2	0	4000	hit	13
2306	7	Pulse	5	457590	2563	1
2306	7	Response	1	459029	4002	2
2306	8	Picture	10	473097	0	1	4145	2	0	4000	other	0
2306	8	Pulse	5	477589	4492	2
2306	9	Picture	10	491168	0	1	4144	3	0	4000	other	0
2306	9	Pulse	5	497588	6420	2
2306	10	Picture	10	509238	0	2	4145	3	0	4000	other	0
2306	10	Pulse	5	517578	8340	2
2306	11	Picture	11	527309	0	1	4145	2	0	4000	hit	21
2306	11	Response	1	531337	4028	2
2306	11	Pulse	5	537577	10268	2
2306	12	Picture	10	545379	0	2	4145	3	0	4000	other	0
2306	12	Pulse	5	557576	12197	2
2306	13	Picture	10	563450	0	1	4145	2	0	4000	other	0
2306	13	Pulse	5	577566	14116	2
2306	14	Picture	11	581521	0	1	4144	3	0	4000	hit	28
2306	14	Response	1	585246	3725	1
2306	14	Pulse	5	597565	16044	2
2306	15	Picture	10	599591	0	1	4145	2	0	4000	other	0
2306	15	Pulse	5	617565	17974	1
2306	16	Picture	10	617662	0	1	4144	3	0	4000	other	0
2306	17	Picture	10	635732	0	2	4145	3	0	4000	other	0
2306	17	Pulse	5	637555	1823	2
2306	18	Picture	10	653803	0	1	4145	2	0	4000	other	0
2306	18	Pulse	5	657553	3750	3
2306	19	Pulse	5	677553	5679	2
2306	20	Picture	30	696907	0	1	4145	2	0	4000	other	0
2306	20	Pulse	5	697542	635	2
2306	21	Picture	30	714978	0	1	4144	3	0	4000	other	0
2306	21	Pulse	5	717541	2563	2
2306	22	Picture	31	733048	0	2	4145	3	0	4000	hit	43
2306	22	Response	1	736261	3213	2
2306	22	Pulse	5	737541	4493	2
2306	23	Picture	30	751119	0	1	4145	2	0	4000	other	0
2306	23	Pulse	5	757530	6411	2
2306	24	Picture	30	769189	0	2	4145	3	0	4000	other	0
2306	24	Pulse	5	777530	8341	1
2306	25	Picture	30	787260	0	1	4145	2	0	4000	other	0
2306	25	Pulse	5	797530	10270	1
2306	26	Picture	31	805331	0	1	4144	2	0	4000	hit	52
2306	26	Response	1	808729	3398	3
2306	26	Pulse	5	817518	12187	2
2306	27	Picture	31	823401	0	1	4145	2	0	4000	hit	55
2306	27	Response	1	831438	8037	2
2306	27	Pulse	5	837518	14117	2
2306	28	Picture	30	841472	0	1	4144	3	0	4000	other	0
2306	28	Pulse	5	857517	16045	2
2306	29	Picture	30	859542	0	2	4145	3	0	4000	other	0
2306	29	Pulse	5	877506	17964	3
2306	30	Picture	30	877613	0	1	4145	2	0	4000	other	0
2306	31	Picture	31	895684	0	1	4144	2	0	4000	miss	0
2306	31	Pulse	5	897506	1822	2
2306	32	Picture	30	913754	0	1	4145	2	0	4000	other	0
2306	32	Pulse	5	917505	3751	2
2306	33	Picture	30	931825	0	1	4144	3	0	4000	other	0
2306	33	Pulse	5	937655	5830	1
2306	34	Picture	30	949895	0	2	4145	3	0	4000	other	0
2306	34	Pulse	5	957654	7759	2
2306	35	Picture	30	967966	0	1	4144	3	0	4000	other	0
2306	35	Pulse	5	977653	9687	2
2306	36	Pulse	5	997643	11607	1
2306	37	Picture	10	1011070	0	1	4145	2	0	4000	other	0
2306	37	Pulse	5	1017642	6572	2
2306	38	Picture	10	1029141	0	1	4144	2	0	4000	other	0
2306	38	Pulse	5	1037641	8500	2
2306	39	Picture	11	1047211	0	1	4145	2	0	4000	hit	78
2306	39	Response	1	1050921	3710	2
2306	39	Pulse	5	1057631	10420	2
2306	40	Picture	10	1065282	0	1	4144	3	0	4000	other	0
2306	40	Pulse	5	1077630	12348	2
2306	41	Picture	11	1083352	0	2	4145	3	0	4000	hit	83
2306	41	Response	1	1086110	2758	2
2306	41	Pulse	5	1097630	14278	1
2306	42	Picture	10	1101423	0	1	4145	2	0	4000	other	0
2306	42	Pulse	5	1117619	16196	2
2306	43	Picture	10	1119494	0	1	4144	2	0	4000	other	0
2306	44	Picture	10	1137564	0	1	4145	2	0	4000	other	0
2306	44	Pulse	5	1137618	54	3
2306	45	Picture	11	1155635	0	1	4144	2	0	4000	hit	92
2306	45	Pulse	5	1157618	1983	3
2306	45	Response	1	1160178	4543	2
2306	46	Picture	10	1173705	0	2	4145	3	0	4000	other	0
2306	46	Pulse	5	1177607	3902	2
2306	47	Picture	10	1191776	0	1	4145	2	0	4000	other	0
2306	47	Pulse	5	1197606	5830	3
2306	48	Picture	11	1209846	0	2	4145	3	0	4000	hit	98
2306	48	Response	1	1213607	3761	1
2306	48	Pulse	5	1217606	7760	2
2306	49	Picture	10	1227917	0	1	4145	2	0	4000	other	0
2306	49	Pulse	5	1237595	9678	2
2306	50	Picture	10	1245988	0	1	4144	3	0	4000	other	0
2306	50	Pulse	5	1257595	11607	1
2306	51	Picture	10	1264058	0	1	4145	2	0	4000	other	0
2306	51	Pulse	5	1277594	13536	2
2306	52	Picture	10	1282129	0	1	4144	3	0	4000	other	0
2306	52	Pulse	5	1297583	15454	2
2306	53	Pulse	5	1317583	17384	1
2306	54	Picture	20	1325233	0	1	4144	3	0	4000	other	0
2306	54	Pulse	5	1337582	12349	2
2306	55	Picture	20	1343304	0	1	4144	2	0	4000	other	0
2306	55	Pulse	5	1357571	14267	2
2306	56	Picture	21	1361374	0	1	4145	2	0	4000	hit	114
2306	56	Response	1	1364451	3077	2
2306	56	Pulse	5	1377571	16197	2
2306	57	Picture	20	1379445	0	1	4144	2	0	4000	other	0
2306	58	Picture	20	1397515	0	1	4145	3	0	4000	other	0
2306	58	Pulse	5	1397570	55	2
2306	59	Picture	20	1415586	0	1	4144	3	0	4000	other	0
2306	59	Pulse	5	1417560	1974	1
2306	60	Picture	21	1433656	0	2	4145	3	0	4000	hit	122
2306	60	Response	1	1437239	3583	2
2306	60	Pulse	5	1437559	3903	2
2306	61	Picture	20	1451727	0	1	4145	2	0	4000	other	0
2306	61	Pulse	5	1457558	5831	2
2306	62	Picture	20	1469798	0	1	4144	2	0	4000	other	0
2306	62	Pulse	5	1477548	7750	1
2306	63	Picture	20	1487868	0	1	4145	2	0	4000	other	0
2306	63	Pulse	5	1497547	9679	2
2306	64	Picture	20	1505939	0	1	4144	3	0	4000	other	0
2306	64	Pulse	5	1517547	11608	1
2306	65	Picture	20	1524009	0	1	4145	2	0	4000	other	0
2306	65	Pulse	5	1537536	13527	2
2306	66	Picture	21	1542079	0	3	4146	4	0	4000	hit	135
2306	66	Response	1	1545376	3297	1
2306	66	Pulse	5	1557535	15456	2
2306	67	Picture	20	1560150	0	2	4145	3	0	4000	other	0
2306	67	Pulse	5	1577535	17385	1
2306	68	Picture	20	1578221	0	1	4145	2	0	4000	other	0
2306	69	Picture	21	1596292	0	1	4144	3	0	4000	hit	142
2306	69	Pulse	5	1597524	1232	2
2306	69	Response	1	1599604	3312	2
2306	70	Pulse	5	1617523	3161	3
2306	70	Pulse	5	1637523	23161	2
2306	71	Picture	10	1639396	0	1	4144	3	0	4000	other	0
2306	72	Picture	10	1657466	0	2	4145	3	0	4000	other	0
2306	72	Pulse	5	1657512	46	2
2306	73	Picture	11	1675537	0	1	4144	3	0	4000	hit	150
2306	73	Pulse	5	1677511	1974	2
2306	73	Response	1	1679591	4054	2
2306	74	Picture	10	1693607	0	2	4145	3	0	4000	other	0
2306	74	Pulse	5	1697511	3904	2
2306	75	Picture	11	1711678	0	1	4145	2	0	4000	hit	154
2306	75	Response	1	1715430	3752	2
2306	75	Pulse	5	1717500	5822	2
2306	76	Picture	10	1729749	0	1	4144	3	0	4000	other	0
2306	76	Pulse	5	1737500	7751	1
2306	77	Picture	10	1747819	0	1	4145	2	0	4000	other	0
2306	77	Pulse	5	1757499	9680	2
2306	78	Picture	11	1765890	0	1	4144	3	0	4000	hit	161
2306	78	Response	1	1770138	4248	2
2306	78	Pulse	5	1777488	11598	2
2306	79	Picture	10	1783960	0	2	4145	3	0	4000	other	0
2306	79	Pulse	5	1797488	13528	1
2306	80	Picture	10	1802031	0	1	4145	2	0	4000	other	0
2306	80	Pulse	5	1817487	15456	2
2306	81	Picture	10	1820102	0	1	4144	2	0	4000	other	0
2306	81	Pulse	5	1837477	17375	1
2306	82	Picture	10	1838172	0	1	4145	2	0	4000	other	0
2306	83	Picture	10	1856243	0	1	4144	3	0	4000	other	0
2306	83	Pulse	5	1857476	1233	2
2306	84	Picture	11	1874313	0	2	4145	3	0	4000	hit	174
2306	84	Pulse	5	1877475	3162	2
2306	84	Response	1	1878435	4122	2
2306	85	Picture	10	1892384	0	1	4145	2	0	4000	other	0
2306	85	Pulse	5	1897464	5080	2
2306	86	Picture	10	1910454	0	2	4145	3	0	4000	other	0
2306	86	Pulse	5	1917464	7010	2
2306	87	Pulse	5	1937463	8938	2
2306	88	Picture	30	1953559	0	1	4144	3	0	4000	other	0
2306	88	Pulse	5	1957453	3894	1
2306	89	Picture	30	1971629	0	2	4145	3	0	4000	other	0
2306	89	Pulse	5	1977612	5983	2
2306	90	Picture	30	1989700	0	1	4144	3	0	4000	other	0
2306	90	Pulse	5	1997612	7912	1
2306	91	Picture	31	2007770	0	2	4145	3	0	4000	hit	187
2306	91	Response	1	2014731	6961	2
2306	91	Pulse	5	2017601	9831	2
2306	92	Picture	31	2025841	0	1	4145	2	0	4000	hit	190
2306	92	Response	1	2030080	4239	2
2306	92	Pulse	5	2037601	11760	1
2306	93	Picture	30	2043912	0	1	4144	2	0	4000	other	0
2306	93	Pulse	5	2057599	13687	2
2306	94	Picture	30	2061982	0	1	4145	2	0	4000	other	0
2306	94	Pulse	5	2077589	15607	3
2306	95	Picture	30	2080053	0	1	4144	3	0	4000	other	0
2306	95	Pulse	5	2097588	17535	3
2306	96	Picture	31	2098123	0	2	4143	19	0	4000	hit	199
2306	96	Response	1	2101748	3625	2
2306	97	Picture	30	2116194	0	1	4145	2	0	4000	other	0
2306	97	Pulse	5	2117588	1394	2
2306	98	Picture	30	2134264	0	2	4145	3	0	4000	other	0
2306	98	Pulse	5	2137577	3313	2
2306	99	Picture	30	2152335	0	1	4145	2	0	4000	other	0
2306	99	Pulse	5	2157576	5241	3
2306	100	Picture	30	2170406	0	1	4144	2	0	4000	other	0
2306	100	Pulse	5	2177576	7170	2
2306	101	Picture	31	2188476	0	2	4145	3	0	4000	hit	209
2306	101	Response	1	2192295	3819	2
2306	101	Pulse	5	2197565	9089	2
2306	102	Picture	30	2206547	0	1	4144	3	0	4000	other	0
2306	102	Pulse	5	2217564	11017	3
2306	103	Picture	30	2224617	0	2	4145	3	0	4000	other	0
2306	103	Pulse	5	2237564	12947	2
2306	104	Pulse	5	2257553	14865	2
2306	105	Picture	10	2267722	0	1	4144	2	0	4000	other	0
2306	105	Pulse	5	2277553	9831	1
2306	106	Picture	10	2285792	0	1	4145	2	0	4000	other	0
2306	106	Pulse	5	2297552	11760	2
2306	107	Picture	11	2303863	0	1	4144	3	0	4000	hit	221
2306	107	Response	1	2307312	3449	1
2306	107	Pulse	5	2317541	13678	2
2306	108	Picture	10	2321933	0	2	4145	3	0	4000	other	0
2306	108	Pulse	5	2337541	15608	1
2306	109	Picture	11	2340004	0	1	4144	3	0	4000	hit	226
2306	109	Response	1	2344900	4896	2
2306	109	Pulse	5	2357540	17536	2
2306	110	Picture	10	2358074	0	2	4145	3	0	4000	other	0
2306	111	Picture	10	2376145	0	1	4145	2	0	4000	other	0
2306	111	Pulse	5	2377529	1384	2
2306	112	Picture	11	2394216	0	1	4144	3	0	4000	hit	233
2306	112	Pulse	5	2397529	3313	2
2306	112	Response	1	2398170	3954	1
2306	113	Picture	10	2412286	0	1	4145	2	0	4000	other	0
2306	113	Pulse	5	2417528	5242	2
2306	114	Picture	10	2430357	0	1	4144	3	0	4000	other	0
2306	114	Pulse	5	2437518	7161	1
2306	115	Picture	10	2448427	0	2	4145	3	0	4000	other	0
2306	115	Pulse	5	2457517	9090	2
2306	116	Picture	10	2466498	0	1	4145	2	0	4000	other	0
2306	116	Pulse	5	2477516	11018	2
2306	117	Picture	10	2484569	0	1	4144	2	0	4000	false_alarm	243
2306	117	Response	1	2487916	3347	2
2306	117	Pulse	5	2497506	12937	2
2306	118	Picture	11	2502639	0	1	4145	2	0	4000	hit	246
2306	118	Response	1	2506625	3986	2
2306	118	Pulse	5	2517505	14866	2
2306	119	Picture	10	2520710	0	1	4144	3	0	4000	other	0
2306	119	Pulse	5	2537505	16795	1
2306	120	Picture	10	2538780	0	2	4145	3	0	4000	other	0
2306	121	Pulse	5	2557494	643	2
2306	121	Pulse	5	2577493	20642	3
2306	122	Picture	20	2581885	0	1	4144	2	0	4000	other	0
2306	122	Pulse	5	2597492	15607	3
2306	123	Picture	20	2599955	0	1	4145	2	0	4000	other	0
2306	123	Pulse	5	2617482	17527	2
2306	124	Picture	20	2618026	0	1	4144	2	0	4000	other	0
2306	125	Picture	21	2636096	0	1	4145	2	0	4000	hit	260
2306	125	Pulse	5	2637481	1385	2
2306	125	Response	1	2639561	3465	3
2306	126	Picture	20	2654167	0	1	4144	3	0	4000	other	0
2306	126	Pulse	5	2657481	3314	1
2306	127	Picture	20	2672237	0	2	4145	3	0	4000	other	0
2306	127	Pulse	5	2677470	5233	2
2306	128	Picture	21	2690308	0	1	4145	2	0	4000	hit	266
2306	128	Response	1	2695389	5081	2
2306	128	Pulse	5	2697469	7161	2
2306	129	Picture	20	2708379	0	1	4144	2	0	4000	other	0
2306	129	Pulse	5	2717469	9090	2
2306	130	Picture	20	2726448	0	2	4146	3	0	4000	other	0
2306	130	Pulse	5	2737458	11010	2
2306	131	Picture	20	2744520	0	1	4144	3	0	4000	other	0
2306	131	Pulse	5	2757458	12938	1
2306	132	Picture	21	2762590	0	1	4145	2	0	4000	hit	275
2306	132	Response	1	2766257	3667	2
2306	132	Pulse	5	2777457	14867	2
2306	133	Picture	20	2780661	0	1	4144	3	0	4000	other	0
2306	133	Pulse	5	2797446	16785	2
2306	134	Picture	20	2798732	0	1	4144	3	0	4000	other	0
2306	135	Picture	21	2816802	0	1	4145	2	0	4000	hit	282
2306	135	Pulse	5	2817446	644	1
2306	135	Response	1	2823365	6563	2
2306	136	Picture	20	2834873	0	1	4144	3	0	4000	other	0
2306	136	Pulse	5	2837446	2573	1
2306	137	Picture	20	2852943	0	1	4145	2	0	4000	other	0
2306	137	Pulse	5	2857434	4491	2
