Scenario - 1-back
Logfile written - 01/23/2015 14:30:33

Subject	Trial	Event Type	Code	Time	TTime	Uncertainty	Duration	Uncertainty	ReqTime	ReqDur	Stim Type	Pair Index

2306	1	Pulse	5	1088968	1098802	2
2306	2	Pulse	5	1108968	19980	2
2306	3	Picture	10	1114022	0	2	4145	3	0	4000	other	0
2306	3	Pulse	5	1128967	14945	2
2306	4	Picture	10	1132093	0	1	4145	2	0	4000	other	0
2306	4	Pulse	5	1148957	16864	1
2306	5	Picture	11	1150163	0	2	4145	3	0	4000	hit	8
2306	5	Response	1	1153916	3753	2
2306	6	Picture	10	1168234	0	1	4145	2	0	4000	other	0
2306	6	Pulse	5	1168956	722	2
2306	7	Picture	11	1186305	0	1	4144	3	0	4000	hit	13
2306	7	Pulse	5	1188955	2650	2
2306	7	Response	1	1190395	4090	2
2306	8	Picture	10	1204375	0	1	4145	2	0	4000	other	0
2306	8	Pulse	5	1208945	4570	2
2306	9	Picture	10	1222446	0	1	4144	3	0	4000	other	0
2306	9	Pulse	5	1228944	6498	2
2306	10	Picture	10	1240516	0	2	4145	3	0	4000	other	0
2306	10	Pulse	5	1248943	8427	2
2306	11	Picture	11	1258587	0	1	4145	2	0	4000	hit	21
2306	11	Response	1	1261423	2836	2
2306	11	Pulse	5	1268933	10346	2
2306	12	Picture	10	1276658	0	1	4144	2	0	4000	other	0
2306	12	Pulse	5	1288932	12274	2
2306	13	Picture	10	1294728	0	1	4145	2	0	4000	other	0
2306	13	Pulse	5	1308932	14204	1
2306	14	Picture	11	1312799	0	1	4144	3	0	4000	hit	28
2306	14	Response	1	1316451	3652	2
2306	14	Pulse	5	1328921	16122	2
2306	15	Picture	10	1330869	0	2	4145	3	0	4000	other	0
2306	15	Pulse	5	1348921	18052	1
2306	16	Picture	10	1348940	0	1	4145	2	0	4000	other	0
2306	17	Picture	10	1367010	0	2	4145	3	0	4000	other	0
2306	17	Pulse	5	1368920	1910	2
2306	18	Picture	10	1385081	0	1	4145	2	0	4000	other	0
2306	18	Pulse	5	1388909	3828	2
2306	19	Pulse	5	1408909	5757	1
2306	20	Picture	30	1428185	0	1	4145	2	0	4000	other	0
2306	20	Pulse	5	1428908	723	2
2306	21	Picture	30	1446256	0	1	4144	3	0	4000	other	0
2306	21	Pulse	5	1448897	2641	3
2306	22	Picture	31	1464326	0	2	4145	3	0	4000	hit	43
2306	22	Response	1	1468257	3931	3
2306	22	Pulse	5	1468897	4571	2
2306	23	Picture	30	1482397	0	1	4145	2	0	4000	other	0
2306	23	Pulse	5	1488896	6499	2
2306	24	Picture	30	1500467	0	2	4145	3	0	4000	other	0
2306	24	Pulse	5	1508885	8418	2
2306	25	Picture	30	1518538	0	1	4145	2	0	4000	other	0
2306	25	Pulse	5	1528885	10347	1
2306	26	Picture	31	1536609	0	1	4144	3	0	4000	hit	52
2306	26	Response	1	1539604	2995	2
2306	26	Pulse	5	1548884	12275	2
2306	27	Picture	31	1554679	0	1	4145	2	0	4000	hit	55
2306	27	Response	1	1558804	4125	2
2306	27	Pulse	5	1568873	14194	2
2306	28	Picture	30	1572750	0	1	4144	3	0	4000	other	0
2306	28	Pulse	5	1588873	16123	2
2306	29	Picture	30	1590820	0	2	4145	3	0	4000	other	0
2306	29	Pulse	5	1608872	18052	2
2306	30	Picture	30	1608891	0	1	4145	2	0	4000	other	0
2306	31	Picture	31	1626962	0	1	4144	2	0	4000	hit	64
2306	31	Pulse	5	1628862	1900	2
2306	31	Response	1	1630462	3500	2
2306	32	Picture	30	1645032	0	1	4145	2	0	4000	other	0
2306	32	Pulse	5	1648861	3829	2
2306	33	Picture	30	1663103	0	1	4144	3	0	4000	other	0
2306	33	Pulse	5	1668860	5757	3
2306	34	Picture	30	1681173	0	2	4145	3	0	4000	other	0
2306	34	Pulse	5	1688850	7677	2
2306	35	Picture	30	1699244	0	1	4145	2	0	4000	other	0
2306	35	Pulse	5	1708849	9605	2
2306	36	Pulse	5	1728848	11533	2
2306	37	Picture	10	1742348	0	1	4145	2	0	4000	other	0
2306	37	Pulse	5	1748838	6490	2
2306	38	Picture	10	1760419	0	1	4144	3	0	4000	other	0
2306	38	Pulse	5	1768837	8418	2
2306	39	Picture	11	1778489	0	1	4145	2	0	4000	hit	79
2306	39	Response	1	1782277	3788	2
2306	39	Pulse	5	1788837	10348	1
2306	40	Picture	10	1796560	0	1	4144	3	0	4000	other	0
2306	40	Pulse	5	1808826	12266	2
2306	41	Picture	11	1814630	0	2	4145	3	0	4000	hit	84
2306	41	Response	1	1818266	3636	1
2306	41	Pulse	5	1828985	14355	2
2306	42	Picture	10	1832701	0	1	4145	2	0	4000	other	0
2306	42	Pulse	5	1848985	16284	2
2306	43	Picture	10	1850772	0	1	4144	3	0	4000	other	0
2306	44	Picture	10	1868842	0	1	4145	2	0	4000	other	0
2306	44	Pulse	5	1868974	132	2
2306	45	Picture	11	1886913	0	1	4144	3	0	4000	hit	93
2306	45	Pulse	5	1888973	2060	2
2306	45	Response	1	1889773	2860	2
2306	46	Picture	10	1904983	0	2	4145	3	0	4000	other	0
2306	46	Pulse	5	1908973	3990	2
2306	47	Picture	10	1923054	0	1	4144	3	0	4000	other	0
2306	47	Pulse	5	1928962	5908	2
2306	48	Picture	11	1941124	0	2	4145	3	0	4000	hit	99
2306	48	Response	1	1944802	3678	2
2306	48	Pulse	5	1948961	7837	3
2306	49	Picture	10	1959195	0	1	4145	2	0	4000	other	0
2306	49	Pulse	5	1968961	9766	2
2306	50	Picture	10	1977266	0	1	4144	2	0	4000	other	0
2306	50	Pulse	5	1988950	11684	2
2306	51	Picture	10	1995336	0	1	4145	2	0	4000	other	0
2306	51	Pulse	5	2008950	13614	2
2306	52	Picture	10	2013407	0	1	4144	3	0	4000	other	0
2306	52	Pulse	5	2028949	15542	2
2306	53	Pulse	5	2048938	17461	2
2306	54	Picture	20	2056511	0	1	4145	2	0	4000	other	0
2306	54	Pulse	5	2068938	12427	2
2306	55	Picture	20	2074582	0	1	4144	2	0	4000	other	0
2306	55	Pulse	5	2088937	14355	2
2306	56	Picture	21	2092652	0	1	4145	3	0	4000	hit	115
2306	56	Response	1	2095817	3165	2
2306	56	Pulse	5	2108927	16275	2
2306	57	Picture	20	2110723	0	1	4144	2	0	4000	other	0
2306	58	Picture	20	2128793	0	2	4145	3	0	4000	other	0
2306	58	Pulse	5	2128926	133	2
2306	59	Picture	20	2146864	0	1	4145	2	0	4000	other	0
2306	59	Pulse	5	2148925	2061	2
2306	60	Picture	21	2164935	0	1	4144	2	0	4000	hit	123
2306	60	Response	1	2168435	3500	1
2306	60	Pulse	5	2168915	3980	2
2306	61	Picture	20	2183005	0	1	4145	2	0	4000	other	0
2306	61	Pulse	5	2188914	5909	2
2306	62	Picture	20	2201076	0	1	4144	3	0	4000	other	0
2306	62	Pulse	5	2208913	7837	2
2306	63	Picture	20	2219146	0	1	4145	2	0	4000	other	0
2306	63	Pulse	5	2228903	9757	2
2306	64	Picture	20	2237217	0	1	4144	3	0	4000	other	0
2306	64	Pulse	5	2248902	11685	2
2306	65	Picture	20	2255287	0	2	4145	4	0	4000	false_alarm	134
2306	65	Response	1	2260102	4815	2
2306	65	Pulse	5	2268902	13615	1
2306	66	Picture	21	2273358	0	1	4145	2	0	4000	hit	137
2306	66	Response	1	2279301	5943	2
2306	66	Pulse	5	2288891	15533	2
2306	67	Picture	20	2291428	0	2	4145	3	0	4000	other	0
2306	67	Pulse	5	2308890	17462	2
2306	68	Picture	20	2309499	0	1	4145	2	0	4000	other	0
2306	69	Picture	21	2327570	0	1	4144	3	0	4000	hit	144
2306	69	Pulse	5	2328890	1320	1
2306	69	Response	1	2331450	3880	1
2306	70	Pulse	5	2348879	3239	2
2306	70	Pulse	5	2368878	23238	2
2306	71	Picture	10	2370674	0	1	4144	3	0	4000	other	0
2306	72	Picture	10	2388744	0	2	4145	3	0	4000	other	0
2306	72	Pulse	5	2388878	134	2
2306	73	Picture	11	2406815	0	1	4145	2	0	4000	hit	152
2306	73	Pulse	5	2408867	2052	3
2306	73	Response	1	2411267	4452	2
2306	74	Picture	10	2424886	0	1	4144	2	0	4000	other	0
2306	74	Pulse	5	2428866	3980	3
2306	75	Picture	11	2442956	0	1	4145	2	0	4000	hit	156
2306	75	Response	1	2447746	4790	3
2306	75	Pulse	5	2448866	5910	2
2306	76	Picture	10	2461025	0	3	4146	5	0	4000	other	0
2306	76	Pulse	5	2468855	7830	2
2306	77	Picture	10	2479097	0	2	4145	3	0	4000	other	0
2306	77	Pulse	5	2488855	9758	1
2306	78	Picture	11	2497168	0	1	4145	2	0	4000	hit	163
2306	78	Response	1	2501174	4006	2
2306	78	Pulse	5	2508854	11686	2
2306	79	Picture	10	2515239	0	1	4144	2	0	4000	other	0
2306	79	Pulse	5	2528843	13604	2
2306	80	Picture	10	2533309	0	1	4145	2	0	4000	other	0
2306	80	Pulse	5	2548843	15534	2
2306	81	Picture	10	2551380	0	1	4144	2	0	4000	other	0
2306	81	Pulse	5	2568843	17463	1
2306	82	Picture	10	2569450	0	1	4145	2	0	4000	other	0
2306	83	Picture	10	2587521	0	1	4144	3	0	4000	other	0
2306	83	Pulse	5	2588831	1310	2
2306	84	Picture	11	2605591	0	2	4145	3	0	4000	hit	175
2306	84	Response	1	2608671	3080	2
2306	84	Pulse	5	2608831	3240	2
2306	85	Picture	10	2623662	0	1	4145	2	0	4000	other	0
2306	85	Pulse	5	2628830	5168	2
2306	86	Picture	10	2641733	0	1	4144	2	0	4000	other	0
2306	86	Pulse	5	2648820	7087	2
2306	87	Pulse	5	2668819	9016	2
2306	88	Picture	30	2684837	0	1	4144	3	0	4000	other	0
2306	88	Pulse	5	2688818	3981	3
2306	89	Picture	30	2702907	0	2	4145	3	0	4000	other	0
2306	89	Pulse	5	2708808	5901	2
2306	90	Picture	30	2720978	0	1	4144	3	0	4000	other	0
2306	90	Pulse	5	2728807	7829	2
2306	91	Picture	31	2739048	0	2	4145	3	0	4000	hit	189
2306	91	Response	1	2742247	3199	1
2306	91	Pulse	5	2748806	9758	3
2306	92	Picture	31	2757119	0	1	4145	2	0	4000	hit	192
2306	92	Response	1	2761446	4327	2
2306	92	Pulse	5	2768796	11677	2
2306	93	Picture	30	2775190	0	1	4144	2	0	4000	other	0
2306	93	Pulse	5	2788795	13605	3
2306	94	Picture	30	2793260	0	1	4145	2	0	4000	other	0
2306	94	Pulse	5	2808795	15535	1
2306	95	Picture	30	2811331	0	1	4144	3	0	4000	other	0
2306	95	Pulse	5	2828784	17453	2
2306	96	Picture	31	2829401	0	2	4145	3	0	4000	hit	201
2306	96	Response	1	2832624	3223	2
2306	97	Picture	30	2847472	0	1	4145	2	0	4000	other	0
2306	97	Pulse	5	2848783	1311	2
2306	98	Picture	30	2865542	0	2	4145	3	0	4000	other	0
2306	98	Pulse	5	2868783	3241	2
2306	99	Picture	30	2883613	0	1	4145	2	0	4000	other	0
2306	99	Pulse	5	2888932	5319	3
2306	100	Picture	30	2901684	0	1	4144	3	0	4000	other	0
2306	100	Pulse	5	2908931	7247	3
2306	101	Picture	31	2919754	0	1	4145	2	0	4000	hit	211
2306	101	Response	1	2923011	3257	2
2306	101	Pulse	5	2928931	9177	2
2306	102	Picture	30	2937825	0	1	4144	3	0	4000	other	0
2306	102	Pulse	5	2948920	11095	2
2306	103	Picture	30	2955888	0	10	4152	11	0	4000	other	0
2306	103	Pulse	5	2968920	13032	1
2306	104	Pulse	5	2988919	14953	2
2306	105	Picture	10	2999000	0	1	4144	2	0	4000	other	0
2306	105	Pulse	5	3008908	9908	2
2306	106	Picture	10	3017070	0	1	4145	2	0	4000	other	0
2306	106	Pulse	5	3028909	11839	1
2306	107	Picture	11	3035141	0	1	4144	3	0	4000	hit	223
2306	107	Response	1	3040747	5606	2
2306	107	Pulse	5	3048907	13766	2
2306	108	Picture	10	3053211	0	2	4145	3	0	4000	other	0
2306	108	Pulse	5	3068896	15685	2
2306	109	Picture	11	3071282	0	1	4145	2	0	4000	hit	228
2306	109	Response	1	3075776	4494	2
2306	109	Pulse	5	3088896	17614	2
2306	110	Picture	10	3089352	0	2	4145	3	0	4000	other	0
2306	111	Picture	10	3107423	0	1	4145	2	0	4000	other	0
2306	111	Pulse	5	3108895	1472	2
2306	112	Picture	11	3125494	0	1	4144	3	0	4000	miss	0
2306	112	Pulse	5	3128885	3391	1
2306	113	Picture	10	3143564	0	2	4145	3	0	4000	other	0
2306	113	Pulse	5	3148884	5320	2
2306	114	Picture	10	3161635	0	1	4144	3	0	4000	other	0
2306	114	Pulse	5	3168883	7248	2
2306	115	Picture	10	3179705	0	2	4145	3	0	4000	other	0
2306	115	Pulse	5	3188873	9168	2
2306	116	Picture	10	3197776	0	1	4145	2	0	4000	other	0
2306	116	Pulse	5	3208872	11096	2
2306	117	Picture	10	3215847	0	1	4144	2	0	4000	other	0
2306	117	Pulse	5	3228871	13024	2
2306	118	Picture	11	3233917	0	1	4145	2	0	4000	hit	246
2306	118	Response	1	3237671	3754	2
2306	118	Pulse	5	3248861	14944	2
2306	119	Picture	10	3251988	0	1	4144	3	0	4000	other	0
2306	119	Pulse	5	3268860	16872	2
2306	120	Picture	10	3270058	0	2	4145	3	0	4000	other	0
2306	121	Pulse	5	3288860	731	1
2306	121	Pulse	5	3308849	20720	2
2306	122	Picture	20	3313162	0	2	4145	3	0	4000	other	0
2306	122	Pulse	5	3328848	15686	2
2306	123	Picture	20	3331233	0	1	4145	2	0	4000	other	0
2306	123	Pulse	5	3348848	17615	1
2306	124	Picture	20	3349304	0	1	4144	2	0	4000	other	0
2306	125	Picture	21	3367374	0	1	4145	2	0	4000	hit	260
2306	125	Pulse	5	3368837	1463	2
2306	125	Response	1	3372677	5303	2
2306	126	Picture	20	3385445	0	1	4144	3	0	4000	other	0
2306	126	Pulse	5	3388836	3391	3
2306	127	Picture	20	3403515	0	2	4145	3	0	4000	other	0
2306	127	Pulse	5	3408836	5321	2
2306	128	Picture	21	3421585	0	2	4146	3	0	4000	hit	266
2306	128	Response	1	3425315	3730	3
2306	128	Pulse	5	3428825	7240	2
2306	129	Picture	20	3439657	0	1	4144	2	0	4000	other	0
2306	129	Pulse	5	3448825	9168	1
2306	130	Picture	20	3457727	0	1	4145	2	0	4000	other	0
2306	130	Pulse	5	3468824	11097	2
2306	131	Picture	20	3475798	0	1	4144	3	0	4000	other	0
2306	131	Pulse	5	3488813	13015	2
2306	132	Picture	21	3493868	0	2	4145	3	0	4000	hit	275
2306	132	Response	1	3496973	3105	2
2306	132	Pulse	5	3508813	14945	1
2306	133	Picture	20	3511939	0	1	4145	2	0	4000	other	0
2306	133	Pulse	5	3528812	16873	2
2306	134	Picture	20	3530009	0	2	4145	3	0	4000	other	0
2306	135	Picture	21	3548080	0	1	4145	2	0	4000	hit	282
2306	135	Pulse	5	3548801	721	2
2306	135	Response	1	3552001	3921	2
2306	136	Picture	20	3566151	0	1	4144	2	0	4000	other	0
2306	136	Pulse	5	3568801	2650	2
2306	137	Picture	20	3584221	0	2	4145	3	0	4000	other	0
2306	137	Pulse	5	3588800	4579	2
