Scenario - 1-back
Logfile written - 01/23/2015 14:24:30

Subject	Trial	Event Type	Code	Time	TTime	Uncertainty	Duration	Uncertainty	ReqTime	ReqDur	Stim Type	Pair Index

2306	1	Response	1	120440	130274	2
2306	1	Pulse	5	335273	345107	2
2306	2	Pulse	5	355272	19943	2
2306	3	Picture	10	360363	0	1	4145	2	0	4000	other	0
2306	3	Pulse	5	375262	14899	1
2306	4	Picture	10	378434	0	1	4144	2	0	4000	other	0
2306	4	Pulse	5	395261	16827	2
2306	5	Picture	11	396504	0	1	4145	2	0	4000	hit	9
2306	5	Response	1	400061	3557	2
2306	6	Picture	10	414575	0	1	4144	3	0	4000	other	0
2306	6	Pulse	5	415260	685	2
2306	7	Picture	11	432645	0	1	4145	2	0	4000	hit	14
2306	7	Pulse	5	435250	2605	2
2306	7	Response	1	436690	4045	2
2306	8	Picture	10	450716	0	1	4144	3	0	4000	other	0
2306	8	Pulse	5	455249	4533	3
2306	9	Picture	10	468786	0	2	4145	3	0	4000	other	0
2306	9	Pulse	5	475248	6462	3
2306	10	Picture	10	486857	0	1	4145	2	0	4000	other	0
2306	10	Pulse	5	495239	8382	1
2306	11	Picture	11	504928	0	1	4144	2	0	4000	hit	22
2306	11	Response	1	508518	3590	1
2306	11	Pulse	5	515238	10310	1
2306	12	Picture	10	522998	0	1	4145	2	0	4000	other	0
2306	12	Pulse	5	535237	12239	1
2306	13	Picture	10	541069	0	1	4144	3	0	4000	other	0
2306	13	Pulse	5	555226	14157	2
2306	14	Picture	11	559139	0	2	4145	3	0	4000	hit	29
2306	14	Response	1	562426	3287	2
2306	14	Pulse	5	575225	16086	3
2306	15	Picture	10	577210	0	1	4145	2	0	4000	other	0
2306	15	Pulse	5	595225	18015	2
2306	16	Picture	10	595281	0	1	4144	2	0	4000	other	0
2306	17	Picture	10	613351	0	1	4145	2	0	4000	other	0
2306	17	Pulse	5	615214	1863	2
2306	18	Picture	10	631422	0	1	4144	2	0	4000	other	0
2306	18	Pulse	5	635214	3792	1
2306	19	Pulse	5	655213	5721	2
2306	20	Picture	20	674526	0	1	4144	3	0	4000	other	0
2306	20	Pulse	5	675202	676	2
2306	21	Picture	20	692596	0	2	4145	3	0	4000	other	0
2306	21	Pulse	5	695202	2606	2
2306	22	Picture	21	710667	0	1	4145	2	0	4000	hit	44
2306	22	Response	1	714401	3734	2
2306	22	Pulse	5	715201	4534	2
2306	23	Picture	20	728738	0	1	4144	2	0	4000	other	0
2306	23	Pulse	5	735190	6452	2
2306	24	Picture	20	746808	0	1	4145	2	0	4000	other	0
2306	24	Pulse	5	755190	8382	2
2306	25	Picture	20	764879	0	1	4144	3	0	4000	other	0
2306	25	Pulse	5	775189	10310	2
2306	26	Picture	21	782949	0	1	4145	2	0	4000	hit	53
2306	26	Response	1	786059	3110	2
2306	26	Pulse	5	795179	12230	1
2306	27	Picture	20	801020	0	1	4144	3	0	4000	other	0
2306	27	Pulse	5	815178	14158	2
2306	28	Picture	20	819090	0	2	4145	3	0	4000	other	0
2306	28	Pulse	5	835177	16087	2
2306	29	Picture	20	837161	0	1	4145	2	0	4000	other	0
2306	29	Pulse	5	855161	18000	9
2306	30	Picture	20	855231	0	2	4145	3	0	4000	other	0
2306	31	Picture	20	873302	0	1	4145	2	0	4000	other	0
2306	31	Pulse	5	875166	1864	2
2306	32	Picture	21	891373	0	1	4144	2	0	4000	hit	65
2306	32	Response	1	894365	2992	2
2306	32	Pulse	5	895165	3792	2
2306	33	Picture	20	909443	0	2	4145	3	0	4000	other	0
2306	33	Pulse	5	915155	5712	2
2306	34	Picture	20	927514	0	1	4144	3	0	4000	other	0
2306	34	Pulse	5	935154	7640	2
2306	35	Picture	21	945584	0	2	4145	3	0	4000	miss	0
2306	35	Pulse	5	955153	9569	2
2306	36	Pulse	5	975143	11488	2
2306	37	Picture	10	988689	0	1	4144	2	0	4000	other	0
2306	37	Pulse	5	995142	6453	2
2306	38	Picture	10	1006759	0	1	4145	2	0	4000	other	0
2306	38	Pulse	5	1015142	8383	2
2306	39	Picture	11	1024830	0	1	4144	3	0	4000	hit	79
2306	39	Response	1	1027931	3101	3
2306	39	Pulse	5	1035131	10301	2
2306	40	Picture	10	1042900	0	1	4145	2	0	4000	other	0
2306	40	Pulse	5	1055130	12230	3
2306	41	Picture	11	1060970	0	2	4145	4	0	4000	hit	84
2306	41	Response	1	1064890	3920	2
2306	41	Pulse	5	1075130	14160	2
2306	42	Picture	10	1079041	0	2	4145	3	0	4000	other	0
2306	42	Pulse	5	1095119	16078	2
2306	43	Picture	10	1097112	0	1	4145	2	0	4000	other	0
2306	43	Pulse	5	1115112	18000	12
2306	44	Picture	10	1115183	0	1	4144	2	0	4000	other	0
2306	45	Picture	11	1133253	0	1	4145	2	0	4000	hit	93
2306	45	Pulse	5	1135118	1865	2
2306	45	Response	1	1137678	4425	2
2306	46	Picture	10	1151324	0	1	4144	2	0	4000	other	0
2306	46	Pulse	5	1155107	3783	2
2306	47	Picture	10	1169394	0	2	4145	3	0	4000	other	0
2306	47	Pulse	5	1175267	5873	1
2306	48	Picture	11	1187465	0	1	4144	3	0	4000	miss	0
2306	48	Pulse	5	1195266	7801	2
2306	49	Picture	10	1205535	0	2	4145	3	0	4000	other	0
2306	49	Pulse	5	1215255	9720	2
2306	50	Picture	10	1223606	0	1	4145	2	0	4000	other	0
2306	50	Pulse	5	1235255	11649	2
2306	51	Picture	10	1241677	0	1	4144	2	0	4000	other	0
2306	51	Pulse	5	1255254	13577	2
2306	52	Picture	10	1259747	0	1	4145	2	0	4000	other	0
2306	52	Pulse	5	1275243	15496	2
2306	53	Pulse	5	1295243	17425	2
2306	54	Picture	30	1302851	0	1	4145	2	0	4000	other	0
2306	54	Pulse	5	1315242	12391	2
2306	55	Picture	30	1320922	0	1	4144	3	0	4000	other	0
2306	55	Pulse	5	1335232	14310	1
2306	56	Picture	31	1338992	0	2	4145	3	0	4000	hit	114
2306	56	Response	1	1343391	4399	2
2306	56	Pulse	5	1355231	16239	2
2306	57	Picture	30	1357063	0	1	4145	2	0	4000	other	0
2306	58	Picture	30	1375134	0	1	4144	2	0	4000	other	0
2306	58	Pulse	5	1375230	96	2
2306	59	Picture	30	1393204	0	1	4145	2	0	4000	other	0
2306	59	Pulse	5	1395220	2016	1
2306	60	Picture	31	1411275	0	1	4144	3	0	4000	hit	123
2306	60	Pulse	5	1415219	3944	2
2306	60	Response	1	1415699	4424	2
2306	61	Picture	31	1429345	0	1	4145	2	0	4000	miss	0
2306	61	Pulse	5	1435218	5873	2
2306	62	Picture	30	1447416	0	1	4145	2	0	4000	other	0
2306	62	Pulse	5	1455208	7792	2
2306	63	Picture	30	1465486	0	2	4145	3	0	4000	other	0
2306	63	Pulse	5	1475207	9721	2
2306	64	Picture	30	1483557	0	1	4145	2	0	4000	other	0
2306	64	Pulse	5	1495207	11650	2
2306	65	Picture	31	1501628	0	1	4144	2	0	4000	hit	133
2306	65	Response	1	1506236	4608	3
2306	65	Pulse	5	1515196	13568	2
2306	66	Picture	30	1519698	0	1	4145	2	0	4000	other	0
2306	66	Pulse	5	1535195	15497	3
2306	67	Picture	30	1537769	0	1	4144	3	0	4000	other	0
2306	67	Pulse	5	1555195	17426	2
2306	68	Picture	30	1555839	0	2	4145	3	0	4000	other	0
2306	69	Picture	30	1573910	0	1	4145	2	0	4000	other	0
2306	69	Pulse	5	1575184	1274	2
2306	70	Pulse	5	1595183	3203	2
2306	70	Pulse	5	1615183	23203	2
2306	71	Picture	10	1617014	0	1	4145	2	0	4000	other	0
2306	72	Picture	10	1635085	0	1	4144	2	0	4000	other	0
2306	72	Pulse	5	1635173	88	1
2306	73	Picture	11	1653155	0	1	4145	2	0	4000	hit	149
2306	73	Pulse	5	1655172	2017	1
2306	73	Response	1	1657572	4417	1
2306	74	Picture	10	1671226	0	1	4144	3	0	4000	other	0
2306	74	Pulse	5	1675171	3945	2
2306	75	Picture	11	1689296	0	2	4144	4	0	4000	hit	153
2306	75	Response	1	1692600	3304	2
2306	75	Pulse	5	1695160	5864	2
2306	76	Picture	10	1707367	0	1	4145	2	0	4000	other	0
2306	76	Pulse	5	1715160	7793	1
2306	77	Picture	10	1725437	0	2	4145	3	0	4000	other	0
2306	77	Pulse	5	1735159	9722	2
2306	78	Picture	11	1743508	0	1	4145	2	0	4000	hit	160
2306	78	Response	1	1747149	3641	2
2306	78	Pulse	5	1755148	11640	2
2306	79	Picture	10	1761579	0	1	4144	3	0	4000	other	0
2306	79	Pulse	5	1775148	13569	2
2306	80	Picture	10	1779649	0	1	4145	2	0	4000	other	0
2306	80	Pulse	5	1795147	15498	2
2306	81	Picture	10	1797720	0	1	4144	3	0	4000	other	0
2306	81	Pulse	5	1815137	17417	1
2306	82	Picture	10	1815790	0	2	4145	3	0	4000	other	0
2306	83	Picture	10	1833861	0	1	4145	2	0	4000	other	0
2306	83	Pulse	5	1835136	1275	2
2306	84	Picture	11	1851932	0	1	4144	2	0	4000	hit	172
2306	84	Response	1	1855135	3203	2
2306	84	Pulse	5	1855135	3203	2
2306	85	Picture	10	1870002	0	1	4145	2	0	4000	other	0
2306	85	Pulse	5	1875125	5123	1
2306	86	Picture	10	1888073	0	1	4144	3	0	4000	other	0
2306	86	Pulse	5	1895124	7051	2
2306	87	Pulse	5	1915123	8980	2
2306	88	Picture	20	1931177	0	1	4145	2	0	4000	other	0
2306	88	Pulse	5	1935113	3936	2
2306	89	Picture	20	1949247	0	2	4145	3	0	4000	other	0
2306	89	Pulse	5	1955112	5865	2
2306	90	Picture	20	1967318	0	1	4145	2	0	4000	other	0
2306	90	Pulse	5	1975112	7794	1
2306	91	Picture	21	1985389	0	1	4144	2	0	4000	hit	186
2306	91	Response	1	1988701	3312	2
2306	91	Pulse	5	1995101	9712	2
2306	92	Picture	20	2003459	0	1	4145	2	0	4000	other	0
2306	92	Pulse	5	2015100	11641	3
2306	93	Picture	20	2021530	0	1	4144	3	0	4000	other	0
2306	93	Pulse	5	2035100	13570	2
2306	94	Picture	21	2039600	0	1	4145	2	0	4000	hit	193
2306	94	Response	1	2045649	6049	3
2306	94	Pulse	5	2055089	15489	2
2306	95	Picture	20	2057671	0	1	4145	2	0	4000	other	0
2306	95	Pulse	5	2075088	17417	2
2306	96	Picture	20	2075742	0	1	4144	2	0	4000	other	0
2306	97	Picture	20	2093812	0	1	4145	2	0	4000	other	0
2306	97	Pulse	5	2095088	1276	2
2306	98	Picture	21	2111883	0	1	4144	2	0	4000	hit	201
2306	98	Response	1	2114917	3034	2
2306	98	Pulse	5	2115077	3194	2
2306	99	Picture	20	2129953	0	1	4145	2	0	4000	other	0
2306	99	Pulse	5	2135076	5123	2
2306	100	Picture	20	2148024	0	1	4144	3	0	4000	other	0
2306	100	Pulse	5	2155077	7053	1
2306	101	Picture	21	2166094	0	2	4145	3	0	4000	hit	208
2306	101	Response	1	2169305	3211	2
2306	101	Pulse	5	2175065	8971	2
2306	102	Picture	20	2184165	0	1	4145	2	0	4000	other	0
2306	102	Pulse	5	2195065	10900	1
2306	103	Picture	20	2202235	0	2	4145	3	0	4000	other	0
2306	103	Pulse	5	2215224	12989	2
2306	104	Pulse	5	2235213	14907	2
2306	105	Picture	10	2245340	0	1	4144	2	0	4000	other	0
2306	105	Pulse	5	2255213	9873	2
2306	106	Picture	10	2263410	0	1	4145	2	0	4000	other	0
2306	106	Pulse	5	2275212	11802	2
2306	107	Picture	11	2281481	0	1	4144	3	0	4000	hit	220
2306	107	Response	1	2284962	3481	2
2306	107	Pulse	5	2295201	13720	2
2306	108	Picture	10	2299551	0	2	4145	3	0	4000	other	0
2306	108	Pulse	5	2315201	15650	2
2306	109	Picture	11	2317622	0	1	4145	2	0	4000	hit	225
2306	109	Response	1	2321921	4299	2
2306	109	Pulse	5	2335200	17578	2
2306	110	Picture	10	2335692	0	2	4145	3	0	4000	other	0
2306	111	Picture	10	2353763	0	2	4145	3	0	4000	other	0
2306	111	Pulse	5	2355190	1427	1
2306	112	Picture	11	2371834	0	1	4144	2	0	4000	hit	232
2306	112	Pulse	5	2375189	3355	2
2306	112	Response	1	2375349	3515	2
2306	113	Picture	10	2389904	0	2	4144	5	0	4000	other	0
2306	113	Pulse	5	2395188	5284	2
2306	114	Picture	10	2407975	0	1	4144	3	0	4000	other	0
2306	114	Pulse	5	2415178	7203	2
2306	115	Picture	10	2426045	0	2	4145	3	0	4000	other	0
2306	115	Pulse	5	2435177	9132	2
2306	116	Picture	10	2444116	0	1	4145	2	0	4000	other	0
2306	116	Pulse	5	2455176	11060	2
2306	117	Picture	10	2462187	0	1	4144	2	0	4000	other	0
2306	117	Pulse	5	2475166	12979	3
2306	118	Picture	11	2480257	0	1	4145	2	0	4000	hit	244
2306	118	Response	1	2483806	3549	2
2306	118	Pulse	5	2495165	14908	3
2306	119	Picture	10	2498328	0	1	4144	3	0	4000	other	0
2306	119	Pulse	5	2515165	16837	2
2306	120	Picture	10	2516398	0	2	4145	3	0	4000	other	0
2306	121	Pulse	5	2535154	685	2
2306	121	Pulse	5	2555153	20684	3
2306	122	Picture	30	2559502	0	2	4145	3	0	4000	other	0
2306	122	Pulse	5	2575153	15651	2
2306	123	Picture	30	2577573	0	1	4145	2	0	4000	other	0
2306	123	Pulse	5	2595142	17569	2
2306	124	Picture	30	2595644	0	1	4144	3	0	4000	other	0
2306	125	Picture	31	2613714	0	1	4145	2	0	4000	miss	0
2306	125	Pulse	5	2615141	1427	3
2306	126	Picture	31	2631785	0	1	4144	3	0	4000	hit	260
2306	126	Pulse	5	2635141	3356	2
2306	126	Response	1	2635621	3836	2
2306	127	Picture	30	2649855	0	2	4145	3	0	4000	other	0
2306	127	Pulse	5	2655130	5275	2
2306	128	Picture	30	2667926	0	1	4145	2	0	4000	other	0
2306	128	Pulse	5	2675130	7204	1
2306	129	Picture	30	2685997	0	1	4144	2	0	4000	other	0
2306	129	Pulse	5	2695129	9132	2
2306	130	Picture	31	2704067	0	1	4145	2	0	4000	hit	268
2306	130	Response	1	2707439	3372	1
2306	130	Pulse	5	2715118	11051	2
2306	131	Picture	30	2722138	0	1	4144	3	0	4000	other	0
2306	131	Pulse	5	2735118	12980	2
2306	132	Picture	30	2740208	0	1	4145	2	0	4000	other	0
2306	132	Pulse	5	2755118	14910	1
2306	133	Picture	30	2758279	0	1	4144	3	0	4000	other	0
2306	133	Pulse	5	2775106	16827	2
2306	134	Picture	30	2776349	0	2	4145	3	0	4000	other	0
2306	135	Picture	31	2794420	0	1	4145	2	0	4000	hit	279
2306	135	Pulse	5	2795106	686	2
2306	135	Response	1	2799266	4846	2
2306	136	Picture	30	2812491	0	1	4144	2	0	4000	other	0
2306	136	Pulse	5	2815105	2614	2
2306	137	Picture	30	2830561	0	1	4145	2	0	4000	false_alarm	284
2306	137	Pulse	5	2835095	4534	1
2306	137	Response	1	2836855	6294	1
