Scenario - 1-back
Logfile written - 01/23/2015 14:35:21

Subject	Trial	Event Type	Code	Time	TTime	Uncertainty	Duration	Uncertainty	ReqTime	ReqDur	Stim Type	Pair Index

2306	1	Pulse	5	344591	354425	2
2306	2	Pulse	5	364591	19977	1
2306	3	Picture	10	369647	0	1	4145	2	0	4000	other	0
2306	3	Pulse	5	384590	14943	2
2306	4	Picture	10	387718	0	1	4144	3	0	4000	other	0
2306	4	Pulse	5	404579	16861	2
2306	5	Picture	11	405788	0	2	4145	3	0	4000	hit	8
2306	5	Response	1	408899	3111	2
2306	6	Picture	10	423859	0	1	4145	2	0	4000	other	0
2306	6	Pulse	5	424579	720	2
2306	7	Picture	11	441929	0	2	4145	3	0	4000	hit	13
2306	7	Pulse	5	444578	2649	2
2306	7	Response	1	445858	3929	2
2306	8	Picture	10	460000	0	1	4145	2	0	4000	other	0
2306	8	Pulse	5	464567	4567	2
2306	9	Picture	10	478071	0	1	4144	3	0	4000	other	0
2306	9	Pulse	5	484567	6496	2
2306	10	Picture	10	496141	0	2	4145	3	0	4000	other	0
2306	10	Pulse	5	504566	8425	2
2306	11	Picture	11	514212	0	1	4144	3	0	4000	hit	21
2306	11	Response	1	517686	3474	2
2306	11	Pulse	5	524555	10343	2
2306	12	Picture	10	532282	0	2	4145	4	0	4000	other	0
2306	12	Pulse	5	544555	12273	2
2306	13	Picture	10	550353	0	1	4145	2	0	4000	other	0
2306	13	Pulse	5	564554	14201	2
2306	14	Picture	11	568424	0	1	4144	2	0	4000	hit	28
2306	14	Response	1	571754	3330	2
2306	14	Pulse	5	584544	16120	1
2306	15	Picture	10	586494	0	1	4145	2	0	4000	other	0
2306	15	Pulse	5	604544	18050	1
2306	16	Picture	10	604565	0	1	4144	3	0	4000	other	0
2306	17	Picture	10	622635	0	2	4145	3	0	4000	other	0
2306	17	Pulse	5	624542	1907	2
2306	18	Picture	10	640706	0	1	4145	2	0	4000	other	0
2306	18	Pulse	5	644532	3826	2
2306	19	Pulse	5	664531	5755	2
2306	20	Picture	20	683810	0	1	4145	2	0	4000	other	0
2306	20	Pulse	5	684531	721	1
2306	21	Picture	20	701880	0	2	4145	3	0	4000	other	0
2306	21	Pulse	5	704520	2640	2
2306	22	Picture	21	719951	0	1	4145	2	0	4000	hit	43
2306	22	Response	1	723239	3288	3
2306	22	Pulse	5	724519	4568	3
2306	23	Picture	20	738022	0	1	4144	3	0	4000	other	0
2306	23	Pulse	5	744519	6497	2
2306	24	Picture	20	756092	0	2	4145	3	0	4000	other	0
2306	24	Pulse	5	764508	8416	2
2306	25	Picture	20	774163	0	1	4145	2	0	4000	other	0
2306	25	Pulse	5	784508	10345	1
2306	26	Picture	21	792234	0	1	4144	2	0	4000	hit	52
2306	26	Response	1	795387	3153	2
2306	26	Pulse	5	804507	12273	2
2306	27	Picture	20	810304	0	1	4145	2	0	4000	other	0
2306	27	Pulse	5	824496	14192	2
2306	28	Picture	20	828375	0	1	4144	3	0	4000	other	0
2306	28	Pulse	5	844496	16121	1
2306	29	Picture	20	846445	0	2	4145	3	0	4000	other	0
2306	29	Pulse	5	864495	18050	2
2306	30	Picture	20	864516	0	1	4145	2	0	4000	other	0
2306	31	Picture	20	882586	0	2	4145	3	0	4000	other	0
2306	31	Pulse	5	884484	1898	2
2306	32	Picture	21	900657	0	1	4145	2	0	4000	hit	64
2306	32	Response	1	904324	3667	1
2306	32	Pulse	5	904484	3827	1
2306	33	Picture	20	918728	0	1	4144	2	0	4000	other	0
2306	33	Pulse	5	924483	5755	2
2306	34	Picture	20	936798	0	1	4145	2	0	4000	other	0
2306	34	Pulse	5	944472	7674	2
2306	35	Picture	21	954869	0	1	4144	3	0	4000	hit	71
2306	35	Response	1	959192	4323	2
2306	35	Pulse	5	964632	9763	2
2306	36	Pulse	5	984631	11692	2
2306	37	Picture	10	997973	0	1	4145	2	0	4000	other	0
2306	37	Pulse	5	1004620	6647	2
2306	38	Picture	10	1016044	0	1	4144	2	0	4000	other	0
2306	38	Pulse	5	1024620	8576	2
2306	39	Picture	11	1034114	0	1	4145	2	0	4000	hit	79
2306	39	Response	1	1039179	5065	2
2306	39	Pulse	5	1044619	10505	2
2306	40	Picture	10	1052185	0	1	4144	3	0	4000	other	0
2306	40	Pulse	5	1064609	12424	1
2306	41	Picture	11	1070255	0	2	4145	3	0	4000	hit	84
2306	41	Response	1	1073888	3633	2
2306	41	Pulse	5	1084608	14353	2
2306	42	Picture	10	1088326	0	1	4144	3	0	4000	other	0
2306	42	Pulse	5	1104607	16281	2
2306	43	Picture	10	1106397	0	1	4144	2	0	4000	other	0
2306	44	Picture	10	1124467	0	1	4145	2	0	4000	other	0
2306	44	Pulse	5	1124597	130	2
2306	45	Picture	11	1142538	0	1	4144	2	0	4000	hit	93
2306	45	Pulse	5	1144596	2058	3
2306	45	Response	1	1146036	3498	2
2306	46	Picture	10	1160608	0	1	4145	2	0	4000	other	0
2306	46	Pulse	5	1164595	3987	3
2306	47	Picture	10	1178679	0	1	4144	3	0	4000	other	0
2306	47	Pulse	5	1184585	5906	2
2306	48	Picture	11	1196749	0	2	4145	3	0	4000	hit	99
2306	48	Response	1	1200104	3355	3
2306	48	Pulse	5	1204584	7835	4
2306	49	Picture	10	1214820	0	1	4145	2	0	4000	other	0
2306	49	Pulse	5	1224584	9764	2
2306	50	Picture	10	1232891	0	1	4144	2	0	4000	other	0
2306	50	Pulse	5	1244573	11682	2
2306	51	Picture	10	1250961	0	1	4145	2	0	4000	other	0
2306	51	Pulse	5	1264572	13611	3
2306	52	Picture	10	1269032	0	1	4144	3	0	4000	other	0
2306	52	Pulse	5	1284572	15540	2
2306	53	Pulse	5	1304561	17459	2
2306	54	Picture	30	1312136	0	1	4144	3	0	4000	other	0
2306	54	Pulse	5	1324560	12424	2
2306	55	Picture	30	1330206	0	2	4145	3	0	4000	other	0
2306	55	Pulse	5	1344560	14354	2
2306	56	Picture	31	1348277	0	1	4145	2	0	4000	hit	115
2306	56	Response	1	1351440	3163	1
2306	56	Pulse	5	1364549	16272	2
2306	57	Picture	30	1366348	0	1	4144	2	0	4000	other	0
2306	58	Picture	30	1384418	0	1	4145	2	0	4000	other	0
2306	58	Pulse	5	1384549	131	1
2306	59	Picture	30	1402489	0	1	4144	3	0	4000	other	0
2306	59	Pulse	5	1404548	2059	2
2306	60	Picture	31	1420559	0	2	4145	3	0	4000	hit	124
2306	60	Pulse	5	1424537	3978	2
2306	60	Response	1	1432857	12298	2
2306	61	Picture	31	1438630	0	1	4145	2	0	4000	miss	0
2306	61	Pulse	5	1444537	5907	1
2306	62	Picture	30	1456699	0	7	4146	8	0	4000	other	0
2306	62	Pulse	5	1464536	7837	2
2306	63	Picture	30	1474771	0	1	4145	3	0	4000	other	0
2306	63	Pulse	5	1484525	9754	2
2306	64	Picture	30	1492842	0	1	4144	2	0	4000	other	0
2306	64	Pulse	5	1504525	11683	2
2306	65	Picture	31	1510912	0	2	4145	3	0	4000	hit	134
2306	65	Response	1	1514285	3373	1
2306	65	Pulse	5	1524524	13612	2
2306	66	Picture	30	1528983	0	1	4144	3	0	4000	other	0
2306	66	Pulse	5	1544514	15531	1
2306	67	Picture	30	1547053	0	2	4145	3	0	4000	other	0
2306	67	Pulse	5	1564513	17460	2
2306	68	Picture	30	1565124	0	1	4145	2	0	4000	other	0
2306	69	Picture	30	1583195	0	1	4144	2	0	4000	other	0
2306	69	Pulse	5	1584512	1317	2
2306	70	Pulse	5	1604502	3237	2
2306	70	Pulse	5	1624501	23236	2
2306	71	Picture	10	1626299	0	1	4144	3	0	4000	other	0
2306	72	Picture	10	1644369	0	1	4145	2	0	4000	other	0
2306	72	Pulse	5	1644500	131	2
2306	73	Picture	11	1662440	0	1	4145	2	0	4000	hit	150
2306	73	Pulse	5	1664490	2050	2
2306	73	Response	1	1667850	5410	2
2306	74	Picture	10	1680511	0	1	4144	2	0	4000	other	0
2306	74	Pulse	5	1684489	3978	2
2306	75	Picture	11	1698581	0	1	4145	2	0	4000	hit	154
2306	75	Response	1	1703049	4468	2
2306	75	Pulse	5	1704489	5908	2
2306	76	Picture	10	1716652	0	1	4144	2	0	4000	other	0
2306	76	Pulse	5	1724478	7826	2
2306	77	Picture	10	1734722	0	1	4145	2	0	4000	other	0
2306	77	Pulse	5	1744477	9755	2
2306	78	Picture	11	1752793	0	1	4145	2	0	4000	hit	161
2306	78	Response	1	1756317	3524	2
2306	78	Pulse	5	1764477	11684	2
2306	79	Picture	10	1770863	0	2	4145	3	0	4000	other	0
2306	79	Pulse	5	1784466	13603	2
2306	80	Picture	10	1788934	0	1	4145	2	0	4000	other	0
2306	80	Pulse	5	1804465	15531	2
2306	81	Picture	10	1807005	0	1	4144	2	0	4000	other	0
2306	81	Pulse	5	1824465	17460	2
2306	82	Picture	10	1825075	0	1	4145	2	0	4000	other	0
2306	83	Picture	10	1843146	0	1	4144	3	0	4000	other	0
2306	83	Pulse	5	1844454	1308	2
2306	84	Picture	11	1861216	0	2	4145	3	0	4000	hit	174
2306	84	Pulse	5	1864454	3238	1
2306	84	Response	1	1865253	4037	2
2306	85	Picture	10	1879287	0	1	4145	2	0	4000	other	0
2306	85	Pulse	5	1884453	5166	2
2306	86	Picture	10	1897357	0	2	4145	3	0	4000	other	0
2306	86	Pulse	5	1904442	7085	2
2306	87	Pulse	5	1924442	9014	2
2306	88	Picture	20	1940462	0	1	4144	2	0	4000	other	0
2306	88	Pulse	5	1944441	3979	2
2306	89	Picture	20	1958532	0	2	4145	3	0	4000	other	0
2306	89	Pulse	5	1964430	5898	2
2306	90	Picture	20	1976603	0	1	4144	3	0	4000	other	0
2306	90	Pulse	5	1984430	7827	2
2306	91	Picture	21	1994673	0	2	4145	3	0	4000	hit	187
2306	91	Response	1	1997869	3196	2
2306	91	Pulse	5	2004589	9916	2
2306	92	Picture	20	2012744	0	1	4145	2	0	4000	other	0
2306	92	Pulse	5	2024579	11835	1
2306	93	Picture	20	2030815	0	1	4143	4	0	4000	other	0
2306	93	Pulse	5	2044578	13763	2
2306	94	Picture	21	2048885	0	1	4145	2	0	4000	hit	194
2306	94	Response	1	2052578	3693	1
2306	94	Pulse	5	2064577	15692	2
2306	95	Picture	20	2066956	0	1	4144	3	0	4000	other	0
2306	95	Pulse	5	2084567	17611	1
2306	96	Picture	20	2085026	0	2	4145	3	0	4000	other	0
2306	97	Picture	20	2103097	0	1	4145	2	0	4000	other	0
2306	97	Pulse	5	2104566	1469	2
2306	98	Picture	21	2121167	0	2	4145	3	0	4000	hit	202
2306	98	Response	1	2124245	3078	2
2306	98	Pulse	5	2124565	3398	2
2306	99	Picture	20	2139238	0	1	4145	2	0	4000	other	0
2306	99	Pulse	5	2144555	5317	3
2306	100	Picture	20	2157309	0	1	4144	2	0	4000	other	0
2306	100	Pulse	5	2164554	7245	3
2306	101	Picture	21	2175379	0	1	4145	2	0	4000	hit	209
2306	101	Response	1	2179914	4535	2
2306	101	Pulse	5	2184553	9174	4
2306	102	Picture	20	2193450	0	1	4144	3	0	4000	other	0
2306	102	Pulse	5	2204543	11093	2
2306	103	Picture	20	2211520	0	2	4145	3	0	4000	other	0
2306	103	Pulse	5	2224542	13022	2
2306	104	Pulse	5	2244542	14951	1
2306	105	Picture	10	2254625	0	1	4144	2	0	4000	other	0
2306	105	Pulse	5	2264531	9906	3
2306	106	Picture	10	2272695	0	1	4145	2	0	4000	other	0
2306	106	Pulse	5	2284530	11835	3
2306	107	Picture	11	2290766	0	1	4144	3	0	4000	hit	221
2306	107	Response	1	2294770	4004	2
2306	107	Pulse	5	2304530	13764	2
2306	108	Picture	10	2308836	0	2	4145	3	0	4000	other	0
2306	108	Pulse	5	2324520	15684	1
2306	109	Picture	11	2326907	0	1	4144	3	0	4000	hit	226
2306	109	Response	1	2330599	3692	2
2306	109	Pulse	5	2344518	17611	2
2306	110	Picture	10	2344977	0	2	4145	3	0	4000	other	0
2306	111	Picture	10	2363048	0	1	4145	2	0	4000	other	0
2306	111	Pulse	5	2364518	1470	2
2306	112	Picture	11	2381119	0	1	4144	3	0	4000	hit	233
2306	112	Pulse	5	2384507	3388	2
2306	112	Response	1	2385147	4028	2
2306	113	Picture	10	2399189	0	1	4145	2	0	4000	other	0
2306	113	Pulse	5	2404507	5318	1
2306	114	Picture	10	2417260	0	1	4144	3	0	4000	other	0
2306	114	Pulse	5	2424506	7246	2
2306	115	Picture	10	2435330	0	2	4145	3	0	4000	other	0
2306	115	Pulse	5	2444495	9165	2
2306	116	Picture	10	2453401	0	1	4145	2	0	4000	other	0
2306	116	Pulse	5	2464495	11094	2
2306	117	Picture	10	2471472	0	1	4144	2	0	4000	other	0
2306	117	Pulse	5	2484494	13022	2
2306	118	Picture	11	2489542	0	1	4145	2	0	4000	hit	245
2306	118	Response	1	2492494	2952	2
2306	118	Pulse	5	2504483	14941	2
2306	119	Picture	10	2507613	0	1	4144	3	0	4000	other	0
2306	119	Pulse	5	2524484	16871	1
2306	120	Picture	10	2525683	0	1	4145	2	0	4000	other	0
2306	121	Pulse	5	2544483	729	1
2306	121	Pulse	5	2564472	20718	1
2306	122	Picture	30	2568787	0	2	4145	3	0	4000	other	0
2306	122	Pulse	5	2584471	15684	2
2306	123	Picture	30	2586858	0	1	4145	2	0	4000	other	0
2306	123	Pulse	5	2604470	17612	2
2306	124	Picture	30	2604929	0	1	4144	2	0	4000	other	0
2306	125	Picture	31	2622999	0	1	4145	2	0	4000	hit	259
2306	125	Pulse	5	2624460	1461	2
2306	125	Response	1	2626700	3701	2
2306	126	Picture	31	2641070	0	1	4144	3	0	4000	hit	262
2306	126	Pulse	5	2644459	3389	3
2306	126	Response	1	2644939	3869	3
2306	127	Picture	30	2659140	0	2	4145	3	0	4000	other	0
2306	127	Pulse	5	2664458	5318	3
2306	128	Picture	30	2677211	0	1	4145	2	0	4000	other	0
2306	128	Pulse	5	2684448	7237	2
2306	129	Picture	30	2695282	0	1	4144	2	0	4000	other	0
2306	129	Pulse	5	2704447	9165	2
2306	130	Picture	31	2713352	0	1	4145	3	0	4000	hit	270
2306	130	Response	1	2716927	3575	2
2306	130	Pulse	5	2724447	11095	1
2306	131	Picture	30	2731423	0	1	4144	3	0	4000	other	0
2306	131	Pulse	5	2744436	13013	2
2306	132	Picture	30	2749493	0	1	4145	2	0	4000	other	0
2306	132	Pulse	5	2764435	14942	2
2306	133	Picture	30	2767564	0	1	4145	2	0	4000	other	0
2306	133	Pulse	5	2784435	16871	2
2306	134	Picture	30	2785634	0	2	4145	3	0	4000	other	0
2306	135	Picture	31	2803705	0	1	4145	2	0	4000	hit	281
2306	135	Pulse	5	2804424	719	2
2306	135	Response	1	2807304	3599	2
2306	136	Picture	30	2821776	0	1	4144	2	0	4000	other	0
2306	136	Pulse	5	2824423	2647	2
2306	137	Picture	30	2839846	0	1	4145	2	0	4000	other	0
2306	137	Pulse	5	2844423	4577	2
