Scenario - 1-back
Logfile written - 03/05/2015 13:06:12

Subject	Trial	Event Type	Code	Time	TTime	Uncertainty	Duration	Uncertainty	ReqTime	ReqDur	Stim Type	Pair Index

2318	1	Pulse	5	175642	185476	2
2318	2	Pulse	5	195632	19951	2
2318	3	Picture	10	200715	0	1	4144	3	0	4000	other	0
2318	3	Pulse	5	215632	14917	1
2318	4	Picture	10	218786	0	1	4144	3	0	4000	other	0
2318	4	Pulse	5	235631	16845	2
2318	5	Picture	11	236856	0	2	4144	4	0	4000	hit	8
2318	5	Response	1	241071	4215	2
2318	6	Picture	10	254927	0	1	4145	2	0	4000	other	0
2318	6	Pulse	5	255631	704	2
2318	7	Picture	11	272998	0	1	4145	2	0	4000	hit	13
2318	7	Pulse	5	275620	2622	2
2318	7	Response	1	277540	4542	2
2318	8	Picture	10	291069	0	1	4145	2	0	4000	other	0
2318	8	Pulse	5	295620	4551	2
2318	9	Picture	10	309140	0	1	4144	3	0	4000	other	0
2318	9	Pulse	5	315610	6470	1
2318	10	Picture	10	327211	0	1	4144	3	0	4000	other	0
2318	10	Pulse	5	335609	8398	2
2318	11	Picture	11	345281	0	2	4145	3	0	4000	hit	21
2318	11	Response	1	349369	4088	2
2318	11	Pulse	5	355609	10328	2
2318	12	Picture	10	363352	0	1	4145	2	0	4000	other	0
2318	12	Pulse	5	375609	12257	1
2318	13	Picture	10	381423	0	1	4145	2	0	4000	other	0
2318	13	Pulse	5	395598	14175	2
2318	14	Picture	11	399494	0	1	4144	3	0	4000	hit	28
2318	14	Response	1	403278	3784	2
2318	14	Pulse	5	415598	16104	2
2318	15	Picture	10	417565	0	1	4144	3	0	4000	other	0
2318	15	Pulse	5	435597	18032	2
2318	16	Picture	10	435636	0	1	4144	2	0	4000	other	0
2318	17	Picture	10	453706	0	1	4145	2	0	4000	other	0
2318	17	Pulse	5	455587	1881	2
2318	18	Picture	10	471777	0	1	4145	2	0	4000	other	0
2318	18	Pulse	5	475587	3810	2
2318	19	Pulse	5	495586	5738	3
2318	20	Picture	20	514882	0	1	4144	3	0	4000	other	0
2318	20	Pulse	5	515576	694	2
2318	21	Picture	20	532953	0	1	4144	2	0	4000	other	0
2318	21	Pulse	5	535576	2623	1
2318	22	Picture	21	551023	0	2	4145	3	0	4000	hit	44
2318	22	Pulse	5	555575	4552	2
2318	22	Response	1	555895	4872	2
2318	23	Picture	20	569094	0	2	4145	3	0	4000	other	0
2318	23	Pulse	5	575565	6471	2
2318	24	Picture	20	587165	0	1	4145	2	0	4000	other	0
2318	24	Pulse	5	595564	8399	2
2318	25	Picture	20	605236	0	1	4144	3	0	4000	other	0
2318	25	Pulse	5	615564	10328	2
2318	26	Picture	21	623307	0	1	4144	3	0	4000	hit	52
2318	26	Response	1	627394	4087	2
2318	26	Pulse	5	635554	12247	1
2318	27	Picture	20	641378	0	1	4144	2	0	4000	other	0
2318	27	Pulse	5	655553	14175	2
2318	28	Picture	20	659448	0	2	4145	3	0	4000	other	0
2318	28	Pulse	5	675543	16095	2
2318	29	Picture	20	677519	0	1	4145	2	0	4000	other	0
2318	29	Pulse	5	695542	18023	2
2318	30	Picture	20	695590	0	1	4145	2	0	4000	other	0
2318	31	Picture	20	713661	0	1	4144	3	0	4000	other	0
2318	31	Pulse	5	715542	1881	2
2318	32	Picture	21	731732	0	1	4144	2	0	4000	hit	65
2318	32	Pulse	5	735542	3810	2
2318	32	Response	1	736332	4600	2
2318	33	Picture	20	749802	0	2	4145	3	0	4000	other	0
2318	33	Pulse	5	755531	5729	2
2318	34	Picture	20	767873	0	1	4145	2	0	4000	other	0
2318	34	Pulse	5	775531	7658	2
2318	35	Picture	21	785944	0	1	4145	2	0	4000	hit	71
2318	35	Response	1	792962	7018	1
2318	35	Pulse	5	795522	9578	1
2318	36	Pulse	5	815520	11505	2
2318	37	Picture	10	829049	0	1	4144	3	0	4000	other	0
2318	37	Pulse	5	835520	6471	2
2318	38	Picture	10	847120	0	1	4144	2	0	4000	other	0
2318	38	Pulse	5	855511	8391	1
2318	39	Picture	11	865190	0	2	4145	3	0	4000	hit	79
2318	39	Response	1	869591	4401	1
2318	39	Pulse	5	875510	10320	2
2318	40	Picture	10	883261	0	1	4145	2	0	4000	other	0
2318	40	Pulse	5	895510	12249	1
2318	41	Picture	11	901332	0	1	4145	2	0	4000	hit	84
2318	41	Response	1	905429	4097	1
2318	41	Pulse	5	915510	14178	1
2318	42	Picture	10	919403	0	1	4144	3	0	4000	other	0
2318	42	Pulse	5	935498	16095	3
2318	43	Picture	10	937474	0	1	4144	3	0	4000	other	0
2318	43	Pulse	5	955500	18026	1
2318	44	Picture	10	955544	0	2	4145	3	0	4000	other	0
2318	45	Picture	11	973615	0	2	4145	3	0	4000	hit	93
2318	45	Pulse	5	975497	1882	3
2318	45	Response	1	978847	5232	2
2318	46	Picture	10	991686	0	1	4145	2	0	4000	other	0
2318	46	Pulse	5	995487	3801	2
2318	47	Picture	10	1009757	0	1	4145	2	0	4000	other	0
2318	47	Pulse	5	1015487	5730	1
2318	48	Picture	11	1027828	0	1	4144	3	0	4000	hit	99
2318	48	Response	1	1033406	5578	2
2318	48	Pulse	5	1035486	7658	2
2318	49	Picture	10	1045899	0	1	4144	2	0	4000	other	0
2318	49	Pulse	5	1055476	9577	2
2318	50	Picture	10	1063969	0	2	4145	3	0	4000	other	0
2318	50	Pulse	5	1075635	11666	2
2318	51	Picture	10	1082040	0	1	4145	2	0	4000	other	0
2318	51	Pulse	5	1095635	13595	2
2318	52	Picture	10	1100111	0	1	4145	2	0	4000	other	0
2318	52	Pulse	5	1115625	15514	1
2318	53	Pulse	5	1135624	17442	2
2318	54	Picture	30	1143216	0	1	4144	3	0	4000	other	0
2318	54	Pulse	5	1155624	12408	2
2318	55	Picture	30	1161287	0	1	4144	2	0	4000	other	0
2318	55	Pulse	5	1175613	14326	2
2318	56	Picture	31	1179357	0	2	4145	3	0	4000	hit	115
2318	56	Response	1	1185210	5853	10
2318	56	Pulse	5	1195613	16256	2
2318	57	Picture	30	1197428	0	1	4145	3	0	4000	other	0
2318	58	Picture	30	1215493	0	12	4151	13	0	4000	other	0
2318	58	Pulse	5	1215613	120	2
2318	59	Picture	30	1233570	0	1	4144	3	0	4000	other	0
2318	59	Pulse	5	1235603	2033	1
2318	60	Picture	31	1251641	0	1	4144	2	0	4000	hit	124
2318	60	Pulse	5	1255602	3961	2
2318	60	Response	1	1256082	4441	2
2318	61	Picture	31	1269711	0	2	4145	3	0	4000	hit	126
2318	61	Response	1	1274642	4931	1
2318	61	Pulse	5	1275597	5886	10
2318	62	Picture	30	1287782	0	1	4145	2	0	4000	other	0
2318	62	Pulse	5	1295591	7809	2
2318	63	Picture	30	1305853	0	1	4145	2	0	4000	other	0
2318	63	Pulse	5	1315591	9738	2
2318	64	Picture	30	1323924	0	1	4145	2	0	4000	other	0
2318	64	Pulse	5	1335591	11667	1
2318	65	Picture	31	1341995	0	1	4144	3	0	4000	hit	135
2318	65	Response	1	1349340	7345	2
2318	65	Pulse	5	1355580	13585	2
2318	66	Picture	30	1360066	0	1	4144	3	0	4000	other	0
2318	66	Pulse	5	1375580	15514	2
2318	67	Picture	30	1378136	0	1	4145	2	0	4000	other	0
2318	67	Pulse	5	1395569	17433	3
2318	68	Picture	30	1396207	0	1	4145	2	0	4000	other	0
2318	69	Picture	30	1414278	0	1	4145	2	0	4000	other	0
2318	69	Pulse	5	1415569	1291	2
2318	70	Pulse	5	1435569	3220	2
2318	70	Pulse	5	1455568	23219	3
2318	71	Picture	10	1457383	0	1	4144	3	0	4000	other	0
2318	72	Picture	10	1475453	0	2	4145	3	0	4000	other	0
2318	72	Pulse	5	1475558	105	2
2318	73	Picture	11	1493524	0	1	4145	2	0	4000	hit	151
2318	73	Pulse	5	1495557	2033	2
2318	73	Response	1	1498757	5233	2
2318	74	Picture	10	1511595	0	1	4145	2	0	4000	other	0
2318	74	Pulse	5	1515547	3952	2
2318	75	Picture	11	1529666	0	1	4145	2	0	4000	hit	155
2318	75	Response	1	1534107	4441	2
2318	75	Pulse	5	1535547	5881	2
2318	76	Picture	10	1547737	0	1	4144	3	0	4000	other	0
2318	76	Pulse	5	1555546	7809	2
2318	77	Picture	10	1565808	0	1	4144	2	0	4000	other	0
2318	77	Pulse	5	1575546	9738	2
2318	78	Picture	11	1583878	0	2	4145	3	0	4000	hit	162
2318	78	Response	1	1589296	5418	2
2318	78	Pulse	5	1595536	11658	1
2318	79	Picture	10	1601949	0	1	4145	2	0	4000	other	0
2318	79	Pulse	5	1615535	13586	2
2318	80	Picture	10	1620020	0	1	4145	2	0	4000	other	0
2318	80	Pulse	5	1635535	15515	2
2318	81	Picture	10	1638091	0	1	4144	3	0	4000	other	0
2318	81	Pulse	5	1655524	17433	2
2318	82	Picture	10	1656162	0	1	4144	3	0	4000	other	0
2318	83	Picture	10	1674232	0	2	4145	3	0	4000	other	0
2318	83	Pulse	5	1675524	1292	2
2318	84	Picture	11	1692303	0	1	4145	2	0	4000	hit	175
2318	84	Pulse	5	1695524	3221	2
2318	84	Response	1	1697430	5127	8
2318	85	Picture	10	1710374	0	1	4145	2	0	4000	other	0
2318	85	Pulse	5	1715513	5139	2
2318	86	Picture	10	1728445	0	1	4145	2	0	4000	other	0
2318	86	Pulse	5	1735513	7068	2
2318	87	Pulse	5	1755513	8997	1
2318	88	Picture	20	1771550	0	1	4144	3	0	4000	other	0
2318	88	Pulse	5	1775502	3952	2
2318	89	Picture	20	1789620	0	2	4145	3	0	4000	other	0
2318	89	Pulse	5	1795502	5882	2
2318	90	Picture	20	1807691	0	1	4145	2	0	4000	other	0
2318	90	Pulse	5	1815493	7802	1
2318	91	Picture	21	1825762	0	1	4145	2	0	4000	hit	188
2318	91	Response	1	1830051	4289	2
2318	91	Pulse	5	1835491	9729	2
2318	92	Picture	20	1843833	0	1	4145	2	0	4000	other	0
2318	92	Pulse	5	1855491	11658	2
2318	93	Picture	20	1861904	0	1	4144	2	0	4000	other	0
2318	93	Pulse	5	1875482	13578	1
2318	94	Picture	21	1879974	0	2	4145	3	0	4000	hit	195
2318	94	Response	1	1885562	5588	1
2318	94	Pulse	5	1895482	15508	1
2318	95	Picture	20	1898045	0	1	4145	2	0	4000	other	0
2318	95	Pulse	5	1915480	17435	2
2318	96	Picture	20	1916116	0	1	4145	2	0	4000	other	0
2318	97	Picture	20	1934187	0	1	4145	2	0	4000	other	0
2318	97	Pulse	5	1935471	1284	1
2318	98	Picture	21	1952258	0	1	4144	3	0	4000	hit	204
2318	98	Pulse	5	1955470	3212	1
2318	98	Response	1	1956750	4492	1
2318	99	Picture	20	1970329	0	1	4144	2	0	4000	other	0
2318	99	Pulse	5	1975470	5141	1
2318	100	Picture	20	1988399	0	2	4145	3	0	4000	other	0
2318	100	Pulse	5	1995458	7059	2
2318	101	Picture	21	2006470	0	1	4145	2	0	4000	hit	210
2318	101	Response	1	2010978	4508	2
2318	101	Pulse	5	2015458	8988	2
2318	102	Picture	20	2024541	0	1	4145	2	0	4000	other	0
2318	102	Pulse	5	2035457	10916	2
2318	103	Picture	20	2042612	0	1	4144	3	0	4000	other	0
2318	103	Pulse	5	2055457	12845	2
2318	104	Pulse	5	2075447	14764	1
2318	105	Picture	10	2085716	0	2	4145	3	0	4000	other	0
2318	105	Pulse	5	2095446	9730	2
2318	106	Picture	10	2103787	0	2	4145	3	0	4000	other	0
2318	106	Pulse	5	2115606	11819	2
2318	107	Picture	11	2121858	0	1	4145	2	0	4000	hit	222
2318	107	Response	1	2126956	5098	1
2318	107	Pulse	5	2135595	13737	2
2318	108	Picture	10	2139929	0	1	4145	2	0	4000	other	0
2318	108	Pulse	5	2155595	15666	2
2318	109	Picture	11	2158000	0	1	4144	3	0	4000	hit	227
2318	109	Response	1	2163275	5275	2
2318	109	Pulse	5	2175585	17585	2
2318	110	Picture	10	2176071	0	1	4144	3	0	4000	other	0
2318	111	Picture	10	2194141	0	2	4145	3	0	4000	other	0
2318	111	Pulse	5	2195584	1443	2
2318	112	Picture	11	2212212	0	1	4145	2	0	4000	hit	234
2318	112	Pulse	5	2215584	3372	2
2318	112	Response	1	2217664	5452	2
2318	113	Picture	10	2230283	0	1	4145	2	0	4000	other	0
2318	113	Pulse	5	2235584	5301	1
2318	114	Picture	10	2248353	0	2	4146	3	0	4000	other	0
2318	114	Pulse	5	2255573	7220	2
2318	115	Picture	10	2266425	0	1	4144	3	0	4000	other	0
2318	115	Pulse	5	2275573	9148	2
2318	116	Picture	10	2284495	0	2	4145	3	0	4000	other	0
2318	116	Pulse	5	2295562	11067	2
2318	117	Picture	10	2302566	0	1	4145	2	0	4000	other	0
2318	117	Pulse	5	2315562	12996	2
2318	118	Picture	11	2320637	0	1	4145	2	0	4000	hit	246
2318	118	Response	1	2325962	5325	2
2318	118	Pulse	5	2335562	14925	1
2318	119	Picture	10	2338708	0	1	4145	2	0	4000	other	0
2318	119	Pulse	5	2355561	16853	2
2318	120	Picture	10	2356779	0	1	4144	3	0	4000	other	0
2318	121	Pulse	5	2375551	701	2
2318	121	Pulse	5	2395551	20701	2
2318	122	Picture	30	2399884	0	1	4144	2	0	4000	other	0
2318	122	Pulse	5	2415540	15656	2
2318	123	Picture	30	2417954	0	1	4145	2	0	4000	other	0
2318	123	Pulse	5	2435540	17586	2
2318	124	Picture	30	2436025	0	1	4145	2	0	4000	other	0
2318	125	Picture	31	2454096	0	1	4145	2	0	4000	hit	260
2318	125	Pulse	5	2455539	1443	2
2318	125	Response	1	2458259	4163	2
2318	126	Picture	31	2472167	0	1	4144	3	0	4000	hit	263
2318	126	Pulse	5	2475540	3373	1
2318	126	Response	1	2475849	3682	2
2318	127	Picture	30	2490238	0	1	4144	2	0	4000	other	0
2318	127	Pulse	5	2495529	5291	1
2318	128	Picture	30	2508308	0	2	4145	3	0	4000	other	0
2318	128	Pulse	5	2515528	7220	2
2318	129	Picture	30	2526379	0	1	4145	2	0	4000	other	0
2318	129	Pulse	5	2535528	9149	2
2318	130	Picture	31	2544450	0	1	4145	2	0	4000	miss	0
2318	130	Pulse	5	2555518	11068	1
2318	131	Picture	30	2562521	0	1	4145	2	0	4000	other	0
2318	131	Pulse	5	2575517	12996	2
2318	132	Picture	30	2580592	0	1	4144	3	0	4000	other	0
2318	132	Pulse	5	2595507	14915	2
2318	133	Picture	30	2598662	0	2	4145	3	0	4000	other	0
2318	133	Pulse	5	2615506	16844	2
2318	134	Picture	30	2616733	0	2	4145	3	0	4000	other	0
2318	135	Picture	31	2634804	0	1	4145	2	0	4000	hit	281
2318	135	Pulse	5	2635506	702	2
2318	135	Response	1	2638386	3582	2
2318	136	Picture	30	2652875	0	1	4145	2	0	4000	other	0
2318	136	Pulse	5	2655506	2631	1
2318	137	Picture	30	2670946	0	1	4144	3	0	4000	other	0
2318	137	Pulse	5	2675496	4550	1
