Scenario - 1-back
Logfile written - 03/05/2015 13:01:41

Subject	Trial	Event Type	Code	Time	TTime	Uncertainty	Duration	Uncertainty	ReqTime	ReqDur	Stim Type	Pair Index

2318	1	Pulse	5	903178	913012	2
2318	2	Pulse	5	923177	19856	2
2318	3	Picture	10	928355	0	2	4145	3	0	4000	other	0
2318	3	Pulse	5	943167	14812	2
2318	4	Picture	10	946426	0	1	4145	2	0	4000	other	0
2318	4	Pulse	5	963167	16741	1
2318	5	Picture	11	964497	0	1	4145	2	0	4000	hit	8
2318	5	Response	1	968607	4110	1
2318	6	Picture	10	982568	0	1	4144	3	0	4000	other	0
2318	6	Pulse	5	983166	598	2
2318	7	Picture	11	1000638	0	2	4145	3	0	4000	hit	13
2318	7	Pulse	5	1003157	2519	1
2318	7	Response	1	1005236	4598	2
2318	8	Picture	10	1018709	0	2	4145	3	0	4000	other	0
2318	8	Pulse	5	1023156	4447	1
2318	9	Picture	10	1036780	0	1	4145	2	0	4000	other	0
2318	9	Pulse	5	1043155	6375	2
2318	10	Picture	10	1054851	0	1	4145	2	0	4000	other	0
2318	10	Pulse	5	1063145	8294	2
2318	11	Picture	11	1072922	0	1	4145	2	0	4000	hit	21
2318	11	Response	1	1077224	4302	3
2318	11	Pulse	5	1083144	10222	3
2318	12	Picture	10	1090993	0	1	4144	3	0	4000	other	0
2318	12	Pulse	5	1103144	12151	2
2318	13	Picture	10	1109063	0	2	4145	3	0	4000	other	0
2318	13	Pulse	5	1123134	14071	1
2318	14	Picture	11	1127134	0	1	4145	2	0	4000	hit	28
2318	14	Response	1	1132093	4959	2
2318	14	Pulse	5	1143133	15999	2
2318	15	Picture	10	1145205	0	1	4145	2	0	4000	other	0
2318	15	Pulse	5	1163133	17928	2
2318	16	Picture	10	1163276	0	1	4145	2	0	4000	other	0
2318	17	Picture	10	1181347	0	1	4144	3	0	4000	other	0
2318	17	Pulse	5	1183123	1776	1
2318	18	Picture	10	1199417	0	2	4145	3	0	4000	other	0
2318	18	Pulse	5	1203122	3705	2
2318	19	Pulse	5	1223122	5634	2
2318	20	Picture	30	1242522	0	1	4145	2	0	4000	other	0
2318	20	Pulse	5	1243111	589	2
2318	21	Picture	30	1260593	0	1	4145	2	0	4000	other	0
2318	21	Pulse	5	1263111	2518	2
2318	22	Picture	31	1278664	0	1	4145	2	0	4000	hit	43
2318	22	Response	1	1282791	4127	2
2318	22	Pulse	5	1283111	4447	1
2318	23	Picture	30	1296735	0	1	4144	3	0	4000	other	0
2318	23	Pulse	5	1303100	6365	2
2318	24	Picture	30	1314806	0	1	4144	3	0	4000	other	0
2318	24	Pulse	5	1323100	8294	2
2318	25	Picture	30	1332876	0	1	4145	2	0	4000	other	0
2318	25	Pulse	5	1343100	10224	1
2318	26	Picture	31	1350947	0	1	4145	2	0	4000	hit	52
2318	26	Response	1	1354619	3672	2
2318	26	Pulse	5	1363089	12142	2
2318	27	Picture	31	1369018	0	1	4145	2	0	4000	hit	55
2318	27	Response	1	1372529	3511	2
2318	27	Pulse	5	1383089	14071	2
2318	28	Picture	30	1387089	0	2	4144	4	0	4000	other	0
2318	28	Pulse	5	1403088	15999	2
2318	29	Picture	30	1405159	0	2	4145	3	0	4000	other	0
2318	29	Pulse	5	1423078	17919	2
2318	30	Picture	30	1423230	0	1	4145	2	0	4000	other	0
2318	31	Picture	31	1441301	0	1	4145	2	0	4000	hit	64
2318	31	Pulse	5	1443078	1777	1
2318	31	Response	1	1452997	11696	2
2318	32	Picture	30	1459372	0	1	4145	2	0	4000	other	0
2318	32	Pulse	5	1463077	3705	2
2318	33	Picture	30	1477443	0	1	4144	3	0	4000	other	0
2318	33	Pulse	5	1483068	5625	1
2318	34	Picture	30	1495514	0	1	4144	2	0	4000	other	0
2318	34	Pulse	5	1503067	7553	1
2318	35	Picture	30	1513584	0	2	4145	3	0	4000	other	0
2318	35	Pulse	5	1523066	9482	2
2318	36	Pulse	5	1543054	11399	7
2318	37	Picture	10	1556689	0	1	4145	2	0	4000	other	0
2318	37	Pulse	5	1563055	6366	3
2318	38	Picture	10	1574760	0	1	4145	2	0	4000	other	0
2318	38	Pulse	5	1583053	8293	6
2318	39	Picture	11	1592831	0	1	4144	3	0	4000	hit	79
2318	39	Response	1	1596495	3664	2
2318	39	Pulse	5	1603046	10215	1
2318	40	Picture	10	1610902	0	1	4144	3	0	4000	other	0
2318	40	Pulse	5	1623046	12144	1
2318	41	Picture	11	1628972	0	2	4145	3	0	4000	hit	84
2318	41	Response	1	1634724	5752	2
2318	41	Pulse	5	1643045	14073	1
2318	42	Picture	10	1647043	0	1	4145	2	0	4000	other	0
2318	42	Pulse	5	1663034	15991	1
2318	43	Picture	10	1665113	0	2	4146	3	0	4000	other	0
2318	43	Pulse	5	1683033	17920	2
2318	44	Picture	10	1683185	0	1	4145	2	0	4000	other	0
2318	45	Picture	11	1701256	0	1	4144	3	0	4000	hit	93
2318	45	Pulse	5	1703033	1777	2
2318	45	Response	1	1706553	5297	2
2318	46	Picture	10	1719327	0	1	4144	2	0	4000	other	0
2318	46	Pulse	5	1723022	3695	2
2318	47	Picture	10	1737397	0	1	4145	2	0	4000	other	0
2318	47	Pulse	5	1743022	5625	2
2318	48	Picture	11	1755468	0	1	4145	2	0	4000	hit	99
2318	48	Response	1	1759822	4354	1
2318	48	Pulse	5	1763022	7554	1
2318	49	Picture	10	1773539	0	1	4145	2	0	4000	other	0
2318	49	Pulse	5	1783011	9472	2
2318	50	Picture	10	1791610	0	1	4144	3	0	4000	other	0
2318	50	Pulse	5	1803011	11401	2
2318	51	Picture	10	1809681	0	1	4144	2	0	4000	other	0
2318	51	Pulse	5	1823011	13330	1
2318	52	Picture	10	1827751	0	2	4145	3	0	4000	other	0
2318	52	Pulse	5	1843000	15249	2
2318	53	Pulse	5	1863000	17178	2
2318	54	Picture	20	1870856	0	1	4145	2	0	4000	other	0
2318	54	Pulse	5	1882999	12143	2
2318	55	Picture	20	1888927	0	1	4145	2	0	4000	other	0
2318	55	Pulse	5	1903149	14222	2
2318	56	Picture	21	1906998	0	1	4144	3	0	4000	hit	115
2318	56	Response	1	1911149	4151	2
2318	56	Pulse	5	1923149	16151	1
2318	57	Picture	20	1925069	0	1	4144	2	0	4000	other	0
2318	58	Picture	20	1943139	0	2	4145	3	0	4000	other	0
2318	58	Pulse	5	1943148	9	2
2318	59	Picture	20	1961210	0	1	4145	2	0	4000	other	0
2318	59	Pulse	5	1963138	1928	2
2318	60	Picture	21	1979281	0	1	4145	2	0	4000	hit	124
2318	60	Pulse	5	1983138	3857	1
2318	60	Response	1	1983458	4177	1
2318	61	Picture	20	1997352	0	1	4145	2	0	4000	other	0
2318	61	Pulse	5	2003137	5785	2
2318	62	Picture	20	2015423	0	1	4144	2	0	4000	other	0
2318	62	Pulse	5	2023127	7704	2
2318	63	Picture	20	2033493	0	2	4145	3	0	4000	other	0
2318	63	Pulse	5	2043126	9633	3
2318	64	Picture	20	2051564	0	1	4145	2	0	4000	other	0
2318	64	Pulse	5	2063126	11562	2
2318	65	Picture	20	2069635	0	1	4145	2	0	4000	other	0
2318	65	Pulse	5	2083116	13481	1
2318	66	Picture	21	2087706	0	1	4145	2	0	4000	hit	136
2318	66	Response	1	2092396	4690	1
2318	66	Pulse	5	2103115	15409	2
2318	67	Picture	20	2105777	0	1	4144	3	0	4000	other	0
2318	67	Pulse	5	2123115	17338	2
2318	68	Picture	20	2123848	0	1	4144	2	0	4000	other	0
2318	69	Picture	21	2141918	0	2	4145	3	0	4000	hit	143
2318	69	Pulse	5	2143104	1186	2
2318	69	Response	1	2146464	4546	3
2318	70	Pulse	5	2163104	3115	2
2318	70	Pulse	5	2183104	23115	2
2318	71	Picture	10	2185023	0	1	4145	2	0	4000	other	0
2318	72	Picture	10	2203093	0	2	4145	4	0	4000	other	0
2318	72	Pulse	5	2203093	0	2
2318	73	Picture	11	2221165	0	1	4144	3	0	4000	hit	151
2318	73	Pulse	5	2223093	1928	2
2318	73	Response	1	2225173	4008	2
2318	74	Picture	10	2239220	0	27	4160	28	0	4000	other	0
2318	74	Pulse	5	2243093	3873	1
2318	75	Picture	11	2257306	0	1	4145	2	0	4000	hit	155
2318	75	Response	1	2262122	4816	2
2318	75	Pulse	5	2263082	5776	2
2318	76	Picture	10	2275377	0	1	4145	3	0	4000	other	0
2318	76	Pulse	5	2283082	7705	2
2318	77	Picture	10	2293448	0	1	4145	2	0	4000	other	0
2318	77	Pulse	5	2303081	9633	2
2318	78	Picture	11	2311519	0	1	4145	2	0	4000	hit	162
2318	78	Response	1	2316203	4684	1
2318	78	Pulse	5	2323071	11552	2
2318	79	Picture	10	2329590	0	1	4144	2	0	4000	other	0
2318	79	Pulse	5	2343071	13481	2
2318	80	Picture	10	2347660	0	2	4145	3	0	4000	other	0
2318	80	Pulse	5	2363070	15410	2
2318	81	Picture	10	2365731	0	1	4145	2	0	4000	other	0
2318	81	Pulse	5	2383060	17329	2
2318	82	Picture	10	2383802	0	1	4145	2	0	4000	other	0
2318	83	Picture	10	2401873	0	1	4145	2	0	4000	other	0
2318	83	Pulse	5	2403060	1187	1
2318	84	Picture	11	2419944	0	1	4144	3	0	4000	hit	175
2318	84	Pulse	5	2423059	3115	2
2318	84	Response	1	2425779	5835	2
2318	85	Picture	10	2438015	0	1	4144	3	0	4000	other	0
2318	85	Pulse	5	2443049	5034	2
2318	86	Picture	10	2456085	0	2	4145	3	0	4000	other	0
2318	86	Pulse	5	2463048	6963	2
2318	87	Pulse	5	2483048	8892	2
2318	88	Picture	30	2499190	0	1	4145	2	0	4000	other	0
2318	88	Pulse	5	2503038	3848	2
2318	89	Picture	30	2517261	0	1	4145	2	0	4000	other	0
2318	89	Pulse	5	2523037	5776	3
2318	90	Picture	30	2535332	0	1	4144	3	0	4000	other	0
2318	90	Pulse	5	2543037	7705	2
2318	91	Picture	31	2553402	0	2	4145	3	0	4000	hit	188
2318	91	Response	1	2557597	4195	2
2318	91	Pulse	5	2563027	9625	1
2318	92	Picture	31	2571473	0	2	4145	3	0	4000	hit	191
2318	92	Response	1	2575506	4033	2
2318	92	Pulse	5	2583026	11553	2
2318	93	Picture	30	2589544	0	1	4145	2	0	4000	other	0
2318	93	Pulse	5	2603026	13482	2
2318	94	Picture	30	2607615	0	1	4145	2	0	4000	other	0
2318	94	Pulse	5	2623017	15402	1
2318	95	Picture	30	2625686	0	1	4144	3	0	4000	other	0
2318	95	Pulse	5	2643016	17330	2
2318	96	Picture	31	2643757	0	1	4144	2	0	4000	hit	200
2318	96	Response	1	2652296	8539	1
2318	97	Picture	30	2661827	0	2	4145	3	0	4000	other	0
2318	97	Pulse	5	2663016	1189	1
2318	98	Picture	30	2679898	0	1	4145	2	0	4000	other	0
2318	98	Pulse	5	2683004	3106	2
2318	99	Picture	30	2697969	0	1	4145	2	0	4000	other	0
2318	99	Pulse	5	2703004	5035	2
2318	100	Picture	30	2716040	0	1	4144	3	0	4000	other	0
2318	100	Pulse	5	2723004	6964	1
2318	101	Picture	31	2734111	0	1	4144	3	0	4000	hit	211
2318	101	Pulse	5	2742993	8882	2
2318	101	Response	1	2748753	14642	2
2318	102	Picture	30	2752181	0	2	4145	3	0	4000	other	0
2318	102	Pulse	5	2762993	10812	2
2318	103	Picture	30	2770252	0	1	4145	2	0	4000	other	0
2318	103	Pulse	5	2782992	12740	2
2318	104	Pulse	5	2802982	14659	2
2318	105	Picture	10	2813357	0	1	4145	2	0	4000	other	0
2318	105	Pulse	5	2822982	9625	2
2318	106	Picture	10	2831428	0	1	4144	3	0	4000	other	0
2318	106	Pulse	5	2842981	11553	2
2318	107	Picture	11	2849499	0	1	4144	2	0	4000	hit	222
2318	107	Response	1	2854341	4842	2
2318	107	Pulse	5	2862971	13472	2
2318	108	Picture	10	2867569	0	2	4145	3	0	4000	other	0
2318	108	Pulse	5	2882971	15402	1
2318	109	Picture	11	2885640	0	1	4145	2	0	4000	hit	227
2318	109	Response	1	2891770	6130	2
2318	109	Pulse	5	2902970	17330	2
2318	110	Picture	10	2903711	0	1	4145	2	0	4000	other	0
2318	111	Picture	10	2921782	0	1	4145	2	0	4000	other	0
2318	111	Pulse	5	2922960	1178	2
2318	112	Picture	11	2939853	0	1	4144	3	0	4000	hit	234
2318	112	Pulse	5	2942959	3106	2
2318	112	Response	1	2945039	5186	2
2318	113	Picture	10	2957924	0	1	4144	2	0	4000	other	0
2318	113	Pulse	5	2963119	5195	2
2318	114	Picture	10	2975994	0	1	4145	2	0	4000	other	0
2318	114	Pulse	5	2983109	7115	2
2318	115	Picture	10	2994065	0	1	4145	2	0	4000	other	0
2318	115	Pulse	5	3003108	9043	3
2318	116	Picture	10	3012136	0	1	4145	2	0	4000	other	0
2318	116	Pulse	5	3023108	10972	2
2318	117	Picture	10	3030207	0	1	4145	2	0	4000	other	0
2318	117	Pulse	5	3043098	12891	1
2318	118	Picture	11	3048278	0	1	4144	3	0	4000	hit	246
2318	118	Response	1	3052377	4099	2
2318	118	Pulse	5	3063097	14819	2
2318	119	Picture	10	3066348	0	2	4145	3	0	4000	other	0
2318	119	Pulse	5	3083097	16749	2
2318	120	Picture	10	3084419	0	1	4145	2	0	4000	other	0
2318	121	Pulse	5	3103086	596	2
2318	121	Pulse	5	3123086	20596	2
2318	122	Picture	20	3127524	0	1	4145	2	0	4000	other	0
2318	122	Pulse	5	3143086	15562	2
2318	123	Picture	20	3145595	0	1	4144	3	0	4000	other	0
2318	123	Pulse	5	3163075	17480	2
2318	124	Picture	20	3163665	0	2	4145	3	0	4000	other	0
2318	125	Picture	21	3181736	0	2	4145	3	0	4000	hit	260
2318	125	Pulse	5	3183075	1339	2
2318	125	Response	1	3186115	4379	2
2318	126	Picture	20	3199807	0	1	4145	2	0	4000	other	0
2318	126	Pulse	5	3203075	3268	1
2318	127	Picture	20	3217878	0	1	4145	2	0	4000	other	0
2318	127	Pulse	5	3223064	5186	2
2318	128	Picture	21	3235949	0	1	4144	3	0	4000	hit	266
2318	128	Response	1	3240824	4875	2
2318	128	Pulse	5	3243064	7115	2
2318	129	Picture	20	3254020	0	1	4144	2	0	4000	other	0
2318	129	Pulse	5	3263063	9043	2
2318	130	Picture	20	3272090	0	2	4145	3	0	4000	other	0
2318	130	Pulse	5	3283053	10963	2
2318	131	Picture	20	3290161	0	2	4145	3	0	4000	other	0
2318	131	Pulse	5	3303053	12892	1
2318	132	Picture	21	3308232	0	1	4145	2	0	4000	hit	275
2318	132	Response	1	3312653	4421	1
2318	132	Pulse	5	3323052	14820	2
2318	133	Picture	20	3326302	0	2	4146	3	0	4000	other	0
2318	133	Pulse	5	3343042	16740	2
2318	134	Picture	20	3344374	0	1	4144	3	0	4000	other	0
2318	135	Picture	21	3362445	0	1	4144	2	0	4000	hit	282
2318	135	Pulse	5	3363042	597	1
2318	135	Response	1	3370083	7638	1
2318	136	Picture	20	3380515	0	2	4145	3	0	4000	other	0
2318	136	Pulse	5	3383041	2526	2
2318	137	Picture	20	3398586	0	1	4145	2	0	4000	other	0
2318	137	Pulse	5	3403031	4445	2
