Scenario - 1-back
Logfile written - 03/05/2015 13:10:50

Subject	Trial	Event Type	Code	Time	TTime	Uncertainty	Duration	Uncertainty	ReqTime	ReqDur	Stim Type	Pair Index

2318	1	Pulse	5	239446	249280	1
2318	2	Pulse	5	259435	19926	2
2318	3	Picture	10	264543	0	1	4145	2	0	4000	other	0
2318	3	Pulse	5	279435	14892	2
2318	4	Picture	10	282614	0	1	4144	3	0	4000	other	0
2318	4	Pulse	5	299434	16820	2
2318	5	Picture	11	300685	0	1	4144	3	0	4000	hit	8
2318	5	Response	1	306144	5459	2
2318	6	Picture	10	318755	0	2	4145	3	0	4000	other	0
2318	6	Pulse	5	319424	669	2
2318	7	Picture	11	336826	0	1	4145	2	0	4000	hit	13
2318	7	Pulse	5	339424	2598	1
2318	7	Response	1	341024	4198	1
2318	8	Picture	10	354897	0	1	4145	2	0	4000	other	0
2318	8	Pulse	5	359413	4516	2
2318	9	Picture	10	372968	0	1	4144	3	0	4000	other	0
2318	9	Pulse	5	379414	6446	1
2318	10	Picture	10	391039	0	1	4144	2	0	4000	other	0
2318	10	Pulse	5	399413	8374	1
2318	11	Picture	11	409109	0	2	4145	3	0	4000	hit	21
2318	11	Response	1	413172	4063	2
2318	11	Pulse	5	419412	10303	2
2318	12	Picture	10	427180	0	2	4145	3	0	4000	other	0
2318	12	Pulse	5	439402	12222	2
2318	13	Picture	10	445251	0	1	4145	2	0	4000	other	0
2318	13	Pulse	5	459402	14151	1
2318	14	Picture	11	463322	0	1	4145	2	0	4000	hit	28
2318	14	Response	1	467721	4399	2
2318	14	Pulse	5	479402	16080	1
2318	15	Picture	10	481393	0	1	4144	3	0	4000	other	0
2318	15	Pulse	5	499391	17998	2
2318	16	Picture	10	499463	0	2	4145	3	0	4000	other	0
2318	17	Picture	10	517534	0	2	4145	3	0	4000	other	0
2318	17	Pulse	5	519390	1856	3
2318	18	Picture	10	535605	0	1	4145	2	0	4000	other	0
2318	18	Pulse	5	539390	3785	2
2318	19	Pulse	5	559380	5704	1
2318	20	Picture	30	578710	0	1	4145	2	0	4000	other	0
2318	20	Pulse	5	579379	669	2
2318	21	Picture	30	596781	0	1	4144	3	0	4000	other	0
2318	21	Pulse	5	599370	2589	1
2318	22	Picture	31	614851	0	2	4145	3	0	4000	hit	43
2318	22	Response	1	619368	4517	2
2318	22	Pulse	5	619368	4517	2
2318	23	Picture	30	632922	0	1	4145	2	0	4000	other	0
2318	23	Pulse	5	639368	6446	2
2318	24	Picture	30	650993	0	1	4145	2	0	4000	other	0
2318	24	Pulse	5	659358	8365	1
2318	25	Picture	30	669064	0	1	4145	2	0	4000	other	0
2318	25	Pulse	5	679359	10295	1
2318	26	Picture	31	687135	0	1	4144	3	0	4000	hit	52
2318	26	Response	1	691838	4703	1
2318	26	Pulse	5	699358	12223	1
2318	27	Picture	31	705206	0	1	4144	2	0	4000	hit	55
2318	27	Response	1	713117	7911	1
2318	27	Pulse	5	719358	14152	1
2318	28	Picture	30	723276	0	2	4145	3	0	4000	other	0
2318	28	Pulse	5	739346	16070	2
2318	29	Picture	30	741347	0	1	4145	2	0	4000	other	0
2318	29	Pulse	5	759346	17999	2
2318	30	Picture	30	759418	0	1	4145	2	0	4000	other	0
2318	31	Picture	31	777489	0	1	4145	2	0	4000	hit	64
2318	31	Pulse	5	779345	1856	2
2318	31	Response	1	781096	3607	1
2318	32	Picture	30	795560	0	1	4144	3	0	4000	other	0
2318	32	Pulse	5	799335	3775	2
2318	33	Picture	30	813630	0	2	4145	3	0	4000	other	0
2318	33	Pulse	5	819335	5705	1
2318	34	Picture	30	831701	0	1	4145	2	0	4000	other	0
2318	34	Pulse	5	839334	7633	2
2318	35	Picture	30	849772	0	1	4145	2	0	4000	other	0
2318	35	Pulse	5	859324	9552	2
2318	36	Pulse	5	879324	11481	1
2318	37	Picture	10	892877	0	1	4144	3	0	4000	other	0
2318	37	Pulse	5	899313	6436	2
2318	38	Picture	10	911100	0	16	4158	17	0	4000	other	0
2318	38	Pulse	5	919313	8213	2
2318	39	Picture	11	929184	0	1	4145	2	0	4000	hit	79
2318	39	Response	1	933392	4208	2
2318	39	Pulse	5	939312	10128	2
2318	40	Picture	10	947255	0	1	4145	2	0	4000	other	0
2318	40	Pulse	5	959312	12057	2
2318	41	Picture	11	965326	0	1	4145	2	0	4000	hit	84
2318	41	Response	1	970662	5336	2
2318	41	Pulse	5	979302	13976	2
2318	42	Picture	10	983397	0	1	4144	3	0	4000	other	0
2318	42	Pulse	5	999301	15904	3
2318	43	Picture	10	1001468	0	1	4144	2	0	4000	other	0
2318	43	Pulse	5	1019301	17833	2
2318	44	Picture	10	1019538	0	1	4145	2	0	4000	other	0
2318	45	Picture	11	1037609	0	1	4145	2	0	4000	hit	93
2318	45	Pulse	5	1039291	1682	1
2318	45	Response	1	1044090	6481	2
2318	46	Picture	10	1055680	0	1	4145	2	0	4000	other	0
2318	46	Pulse	5	1059290	3610	2
2318	47	Picture	10	1073751	0	1	4144	3	0	4000	other	0
2318	47	Pulse	5	1079290	5539	2
2318	48	Picture	11	1091987	0	2	4145	3	0	4000	hit	99
2318	48	Response	1	1097199	5212	2
2318	48	Pulse	5	1099279	7292	2
2318	49	Picture	10	1110058	0	1	4145	2	0	4000	other	0
2318	49	Pulse	5	1119280	9222	1
2318	50	Picture	10	1128129	0	1	4145	2	0	4000	other	0
2318	50	Pulse	5	1139269	11140	1
2318	51	Picture	10	1146200	0	1	4144	3	0	4000	other	0
2318	51	Pulse	5	1159268	13068	2
2318	52	Picture	10	1164271	0	1	4144	2	0	4000	other	0
2318	52	Pulse	5	1179428	15157	2
2318	53	Pulse	5	1199417	17076	2
2318	54	Picture	20	1207375	0	2	4145	3	0	4000	other	0
2318	54	Pulse	5	1219417	12042	2
2318	55	Picture	20	1225446	0	1	4145	2	0	4000	other	0
2318	55	Pulse	5	1239417	13971	2
2318	56	Picture	21	1243517	0	1	4145	2	0	4000	hit	115
2318	56	Response	1	1247737	4220	1
2318	56	Pulse	5	1259417	15900	1
2318	57	Picture	20	1261588	0	1	4144	3	0	4000	other	0
2318	57	Pulse	5	1279406	17818	2
2318	58	Picture	20	1279659	0	1	4144	3	0	4000	other	0
2318	59	Picture	20	1297729	0	2	4145	3	0	4000	other	0
2318	59	Pulse	5	1299406	1677	1
2318	60	Picture	21	1315800	0	1	4145	2	0	4000	hit	124
2318	60	Pulse	5	1319395	3595	2
2318	60	Response	1	1321635	5835	2
2318	61	Picture	20	1333871	0	1	4145	2	0	4000	other	0
2318	61	Pulse	5	1339395	5524	2
2318	62	Picture	20	1351942	0	1	4145	2	0	4000	other	0
2318	62	Pulse	5	1359394	7452	2
2318	63	Picture	20	1370013	0	1	4144	3	0	4000	other	0
2318	63	Pulse	5	1379394	9381	2
2318	64	Picture	20	1388083	0	2	4145	3	0	4000	other	0
2318	64	Pulse	5	1399384	11301	2
2318	65	Picture	20	1406154	0	2	4145	3	0	4000	other	0
2318	65	Pulse	5	1419383	13229	2
2318	66	Picture	21	1424225	0	1	4145	2	0	4000	hit	136
2318	66	Response	1	1429943	5718	2
2318	66	Pulse	5	1439373	15148	2
2318	67	Picture	20	1442296	0	1	4145	2	0	4000	other	0
2318	67	Pulse	5	1459373	17077	2
2318	68	Picture	20	1460367	0	1	4144	3	0	4000	other	0
2318	69	Picture	21	1478438	0	1	4144	2	0	4000	hit	143
2318	69	Pulse	5	1479372	934	3
2318	69	Response	1	1483212	4774	3
2318	70	Pulse	5	1499372	2864	2
2318	70	Pulse	5	1519361	22853	2
2318	71	Picture	10	1521542	0	1	4145	2	0	4000	other	0
2318	71	Pulse	5	1539361	17819	2
2318	72	Picture	10	1539613	0	1	4145	2	0	4000	other	0
2318	73	Picture	11	1557684	0	1	4145	2	0	4000	hit	151
2318	73	Pulse	5	1559351	1667	2
2318	73	Response	1	1561751	4067	2
2318	74	Picture	10	1575755	0	1	4144	3	0	4000	other	0
2318	74	Pulse	5	1579350	3595	2
2318	75	Picture	11	1593825	0	2	4145	3	0	4000	hit	155
2318	75	Response	1	1598870	5045	2
2318	75	Pulse	5	1599350	5525	2
2318	76	Picture	10	1611896	0	2	4145	3	0	4000	other	0
2318	76	Pulse	5	1619350	7454	1
2318	77	Picture	10	1629967	0	1	4145	2	0	4000	other	0
2318	77	Pulse	5	1639339	9372	2
2318	78	Picture	11	1648038	0	1	4145	2	0	4000	hit	162
2318	78	Response	1	1652939	4901	2
2318	78	Pulse	5	1659339	11301	2
2318	79	Picture	10	1666109	0	1	4144	3	0	4000	other	0
2318	79	Pulse	5	1679330	13221	1
2318	80	Picture	10	1684180	0	1	4144	3	0	4000	other	0
2318	80	Pulse	5	1699329	15149	2
2318	81	Picture	10	1702250	0	2	4145	3	0	4000	other	0
2318	81	Pulse	5	1719329	17079	1
2318	82	Picture	10	1720321	0	1	4145	2	0	4000	other	0
2318	83	Picture	10	1738392	0	1	4145	2	0	4000	other	0
2318	83	Pulse	5	1739329	937	1
2318	84	Picture	11	1756463	0	1	4145	2	0	4000	hit	175
2318	84	Pulse	5	1759317	2854	2
2318	84	Response	1	1761557	5094	2
2318	85	Picture	10	1774534	0	1	4144	3	0	4000	other	0
2318	85	Pulse	5	1779317	4783	1
2318	86	Picture	10	1792604	0	2	4145	3	0	4000	other	0
2318	86	Pulse	5	1799318	6714	1
2318	87	Pulse	5	1819306	8631	2
2318	88	Picture	30	1835709	0	1	4145	2	0	4000	other	0
2318	88	Pulse	5	1839305	3596	2
2318	89	Picture	30	1853780	0	1	4145	2	0	4000	other	0
2318	89	Pulse	5	1859305	5525	2
2318	90	Picture	30	1871851	0	1	4144	3	0	4000	other	0
2318	90	Pulse	5	1879295	7444	2
2318	91	Picture	31	1889922	0	1	4144	3	0	4000	hit	188
2318	91	Response	1	1893694	3772	2
2318	91	Pulse	5	1899294	9372	2
2318	92	Picture	31	1907992	0	2	4145	3	0	4000	hit	191
2318	92	Response	1	1911774	3782	2
2318	92	Pulse	5	1919284	11292	2
2318	93	Picture	30	1926063	0	1	4145	2	0	4000	other	0
2318	93	Pulse	5	1939284	13221	2
2318	94	Picture	30	1944134	0	1	4145	2	0	4000	other	0
2318	94	Pulse	5	1959283	15149	3
2318	95	Picture	30	1962205	0	1	4145	2	0	4000	other	0
2318	95	Pulse	5	1979283	17078	2
2318	96	Picture	31	1980276	0	1	4144	3	0	4000	hit	200
2318	96	Response	1	1987273	6997	2
2318	97	Picture	30	1998347	0	1	4144	2	0	4000	other	0
2318	97	Pulse	5	1999272	925	2
2318	98	Picture	30	2016417	0	2	4145	4	0	4000	other	0
2318	98	Pulse	5	2019272	2855	2
2318	99	Picture	30	2034488	0	1	4145	2	0	4000	other	0
2318	99	Pulse	5	2039262	4774	2
2318	100	Picture	30	2052559	0	1	4145	2	0	4000	other	0
2318	100	Pulse	5	2059261	6702	2
2318	101	Picture	31	2070630	0	1	4145	2	0	4000	hit	210
2318	101	Response	1	2077181	6551	2
2318	101	Pulse	5	2079261	8631	2
2318	102	Picture	30	2088701	0	1	4144	3	0	4000	other	0
2318	102	Pulse	5	2099261	10560	1
2318	103	Picture	30	2106771	0	2	4145	3	0	4000	other	0
2318	103	Pulse	5	2119250	12479	2
2318	104	Pulse	5	2139250	14408	2
2318	105	Picture	10	2149876	0	1	4145	2	0	4000	other	0
2318	105	Pulse	5	2159239	9363	2
2318	106	Picture	10	2167947	0	1	4145	2	0	4000	other	0
2318	106	Pulse	5	2179239	11292	2
2318	107	Picture	11	2186018	0	1	4144	3	0	4000	hit	222
2318	107	Response	1	2190279	4261	2
2318	107	Pulse	5	2199239	13221	2
2318	108	Picture	10	2204089	0	1	4144	2	0	4000	other	0
2318	108	Pulse	5	2219388	15299	2
2318	109	Picture	11	2222159	0	2	4145	3	0	4000	hit	227
2318	109	Response	1	2225628	3469	2
2318	109	Pulse	5	2239388	17229	2
2318	110	Picture	10	2240230	0	1	4145	2	0	4000	other	0
2318	111	Picture	10	2258301	0	1	4145	2	0	4000	other	0
2318	111	Pulse	5	2259388	1087	1
2318	112	Picture	11	2276372	0	1	4145	2	0	4000	hit	234
2318	112	Pulse	5	2279378	3006	1
2318	112	Response	1	2280817	4445	2
2318	113	Picture	10	2294443	0	1	4144	2	0	4000	other	0
2318	113	Pulse	5	2299377	4934	2
2318	114	Picture	10	2312513	0	2	4145	3	0	4000	other	0
2318	114	Pulse	5	2319376	6863	2
2318	115	Picture	10	2330584	0	1	4145	2	0	4000	other	0
2318	115	Pulse	5	2339366	8782	2
2318	116	Picture	10	2348655	0	1	4145	2	0	4000	other	0
2318	116	Pulse	5	2359366	10711	2
2318	117	Picture	10	2366725	0	2	4146	3	0	4000	other	0
2318	117	Pulse	5	2379365	12640	2
2318	118	Picture	11	2384797	0	1	4144	3	0	4000	hit	246
2318	118	Response	1	2389605	4808	2
2318	118	Pulse	5	2399355	14558	2
2318	119	Picture	10	2402868	0	1	4144	2	0	4000	other	0
2318	119	Pulse	5	2419355	16487	2
2318	120	Picture	10	2420938	0	2	4145	3	0	4000	other	0
2318	121	Pulse	5	2439354	345	3
2318	121	Pulse	5	2459344	20335	2
2318	122	Picture	20	2464043	0	1	4145	2	0	4000	other	0
2318	122	Pulse	5	2479343	15300	2
2318	123	Picture	20	2482114	0	1	4145	2	0	4000	other	0
2318	123	Pulse	5	2499343	17229	2
2318	124	Picture	20	2500185	0	1	4144	3	0	4000	other	0
2318	125	Picture	21	2518255	0	2	4145	3	0	4000	hit	260
2318	125	Pulse	5	2519333	1078	2
2318	125	Response	1	2522213	3958	2
2318	126	Picture	20	2536326	0	2	4145	3	0	4000	other	0
2318	126	Pulse	5	2539332	3006	2
2318	127	Picture	20	2554397	0	1	4145	2	0	4000	other	0
2318	127	Pulse	5	2559332	4935	2
2318	128	Picture	21	2572468	0	1	4145	2	0	4000	hit	266
2318	128	Response	1	2576932	4464	1
2318	128	Pulse	5	2579322	6854	1
2318	129	Picture	20	2590539	0	1	4144	3	0	4000	other	0
2318	129	Pulse	5	2599321	8782	2
2318	130	Picture	20	2608610	0	1	4144	3	0	4000	other	0
2318	130	Pulse	5	2619321	10711	2
2318	131	Picture	20	2626680	0	2	4145	3	0	4000	other	0
2318	131	Pulse	5	2639310	12630	2
2318	132	Picture	21	2644751	0	1	4145	2	0	4000	hit	275
2318	132	Response	1	2649230	4479	2
2318	132	Pulse	5	2659310	14559	2
2318	133	Picture	20	2662822	0	1	4145	2	0	4000	other	0
2318	133	Pulse	5	2679310	16488	2
2318	134	Picture	20	2680893	0	1	4145	2	0	4000	other	0
2318	135	Picture	21	2698964	0	1	4144	3	0	4000	hit	282
2318	135	Pulse	5	2699299	335	2
2318	135	Response	1	2704259	5295	2
2318	136	Picture	20	2717034	0	2	4145	3	0	4000	other	0
2318	136	Pulse	5	2719299	2265	2
2318	137	Picture	20	2735105	0	1	4145	2	0	4000	other	0
2318	137	Pulse	5	2739299	4194	1
