Scenario - 1-back
Logfile written - 04/23/2015 13:29:36

Subject	Trial	Event Type	Code	Time	TTime	Uncertainty	Duration	Uncertainty	ReqTime	ReqDur	Stim Type	Pair Index

2329	1	Pulse	5	163819	173643	1
2329	2	Pulse	5	183818	19959	2
2329	3	Picture	10	188925	0	1	4089	2	0	4000	other	0
2329	3	Pulse	5	203807	14882	2
2329	4	Picture	10	207058	0	1	4088	2	0	4000	other	0
2329	4	Pulse	5	223807	16749	2
2329	5	Picture	11	225190	0	1	4089	2	0	4000	hit	8
2329	5	Response	1	228927	3737	1
2329	6	Picture	10	243323	0	1	4089	2	0	4000	other	0
2329	6	Pulse	5	243806	483	2
2329	7	Picture	11	261456	0	1	4088	2	0	4000	hit	13
2329	7	Pulse	5	263797	2341	1
2329	7	Response	1	267316	5860	1
2329	8	Picture	10	279588	0	1	4089	2	0	4000	other	0
2329	8	Pulse	5	283796	4208	2
2329	9	Picture	10	297721	0	1	4088	3	0	4000	other	0
2329	9	Pulse	5	303796	6075	1
2329	10	Picture	10	315853	0	2	4089	3	0	4000	other	0
2329	10	Pulse	5	323784	7931	2
2329	11	Picture	11	333986	0	1	4089	2	0	4000	hit	21
2329	11	Response	1	338184	4198	1
2329	11	Pulse	5	343783	9797	2
2329	12	Picture	10	352119	0	1	4088	3	0	4000	other	0
2329	12	Pulse	5	363784	11665	1
2329	13	Picture	10	370251	0	2	4089	3	0	4000	other	0
2329	13	Pulse	5	383772	13521	2
2329	14	Picture	11	388384	0	1	4089	2	0	4000	hit	28
2329	14	Response	1	392572	4188	2
2329	14	Pulse	5	403772	15388	2
2329	15	Picture	10	406517	0	1	4088	3	0	4000	other	0
2329	15	Pulse	5	423771	17254	2
2329	16	Picture	10	424649	0	2	4089	3	0	4000	other	0
2329	17	Picture	10	442782	0	1	4089	2	0	4000	other	0
2329	17	Pulse	5	443761	979	1
2329	18	Picture	10	460915	0	1	4088	3	0	4000	other	0
2329	18	Pulse	5	463760	2845	2
2329	19	Pulse	5	483759	4712	2
2329	19	Pulse	5	503749	24702	2
2329	20	Picture	30	504113	0	1	4089	2	0	4000	other	0
2329	21	Picture	30	522246	0	1	4088	3	0	4000	other	0
2329	21	Pulse	5	523748	1502	2
2329	22	Picture	31	540378	0	1	4088	3	0	4000	hit	44
2329	22	Pulse	5	543748	3370	2
2329	22	Response	1	544549	4171	1
2329	23	Picture	30	558511	0	1	4089	2	0	4000	other	0
2329	23	Pulse	5	563737	5226	2
2329	24	Picture	30	576644	0	1	4088	3	0	4000	other	0
2329	24	Pulse	5	583737	7093	1
2329	25	Picture	30	594776	0	2	4089	3	0	4000	other	0
2329	25	Pulse	5	603736	8960	2
2329	26	Picture	31	612909	0	1	4089	2	0	4000	hit	52
2329	26	Response	1	619576	6667	1
2329	26	Pulse	5	623726	10817	1
2329	27	Picture	31	631041	0	2	4089	3	0	4000	hit	55
2329	27	Response	1	639246	8205	1
2329	27	Pulse	5	643725	12684	2
2329	28	Picture	30	649174	0	1	4089	2	0	4000	other	0
2329	28	Pulse	5	663724	14550	2
2329	29	Picture	30	667307	0	1	4089	2	0	4000	other	0
2329	29	Pulse	5	683714	16407	2
2329	30	Picture	30	685439	0	2	4089	3	0	4000	other	0
2329	31	Picture	31	703572	0	1	4089	2	0	4000	hit	64
2329	31	Pulse	5	703713	141	2
2329	31	Response	1	709953	6381	2
2329	32	Picture	30	721705	0	1	4088	3	0	4000	other	0
2329	32	Pulse	5	723713	2008	2
2329	33	Picture	30	739837	0	2	4089	3	0	4000	other	0
2329	33	Pulse	5	743702	3865	2
2329	34	Picture	30	757970	0	1	4089	2	0	4000	other	0
2329	34	Pulse	5	763702	5732	1
2329	35	Picture	30	776103	0	1	4088	3	0	4000	other	0
2329	35	Pulse	5	783701	7598	2
2329	36	Pulse	5	803690	9455	2
2329	37	Picture	10	819301	0	1	4089	2	0	4000	other	0
2329	37	Pulse	5	823690	4389	2
2329	38	Picture	10	837434	0	1	4088	3	0	4000	other	0
2329	38	Pulse	5	843689	6255	2
2329	39	Picture	11	855566	0	1	4089	2	0	4000	hit	79
2329	39	Response	1	858889	3323	3
2329	39	Pulse	5	863679	8113	2
2329	40	Picture	10	873699	0	1	4088	3	0	4000	other	0
2329	40	Pulse	5	883678	9979	2
2329	41	Picture	11	891832	0	1	4088	3	0	4000	hit	84
2329	41	Response	1	894718	2886	2
2329	41	Pulse	5	903678	11846	1
2329	42	Picture	10	909964	0	1	4089	2	0	4000	other	0
2329	42	Pulse	5	923827	13863	2
2329	43	Picture	10	928097	0	1	4089	2	0	4000	other	0
2329	43	Pulse	5	943826	15729	2
2329	44	Picture	10	946229	0	2	4089	3	0	4000	other	0
2329	44	Pulse	5	963826	17597	2
2329	45	Picture	11	964362	0	1	4089	2	0	4000	hit	93
2329	45	Response	1	970386	6024	2
2329	46	Picture	10	982495	0	1	4088	3	0	4000	other	0
2329	46	Pulse	5	983815	1320	2
2329	47	Picture	10	1000627	0	2	4089	3	0	4000	other	0
2329	47	Pulse	5	1003815	3188	2
2329	48	Picture	11	1018760	0	1	4089	2	0	4000	hit	100
2329	48	Pulse	5	1023814	5054	2
2329	48	Response	1	1024614	5854	2
2329	49	Picture	10	1036893	0	1	4089	2	0	4000	other	0
2329	49	Pulse	5	1043804	6911	1
2329	50	Picture	10	1055025	0	2	4089	3	0	4000	other	0
2329	50	Pulse	5	1063803	8778	2
2329	51	Picture	10	1073158	0	1	4089	2	0	4000	other	0
2329	51	Pulse	5	1083803	10645	1
2329	52	Picture	10	1091291	0	1	4088	3	0	4000	other	0
2329	52	Pulse	5	1103792	12501	2
2329	53	Pulse	5	1123791	14368	2
2329	54	Picture	20	1134489	0	1	4089	2	0	4000	other	0
2329	54	Pulse	5	1143791	9302	2
2329	55	Picture	20	1152622	0	1	4088	3	0	4000	other	0
2329	55	Pulse	5	1163780	11158	2
2329	56	Picture	21	1170754	0	2	4089	3	0	4000	hit	115
2329	56	Response	1	1174820	4066	2
2329	56	Pulse	5	1183780	13026	2
2329	57	Picture	20	1188887	0	1	4089	2	0	4000	other	0
2329	57	Pulse	5	1203779	14892	2
2329	58	Picture	20	1207020	0	1	4088	3	0	4000	other	0
2329	58	Pulse	5	1223769	16749	1
2329	59	Picture	20	1225152	0	1	4089	2	0	4000	other	0
2329	60	Picture	21	1243285	0	1	4089	2	0	4000	hit	124
2329	60	Pulse	5	1243768	483	2
2329	60	Response	1	1246648	3363	2
2329	61	Picture	20	1261417	0	2	4089	4	0	4000	other	0
2329	61	Pulse	5	1263768	2351	2
2329	62	Picture	20	1279550	0	1	4089	2	0	4000	other	0
2329	62	Pulse	5	1283758	4208	1
2329	63	Picture	20	1297683	0	1	4089	2	0	4000	other	0
2329	63	Pulse	5	1303758	6075	1
2329	64	Picture	20	1315815	0	2	4089	3	0	4000	other	0
2329	64	Pulse	5	1323757	7942	1
2329	65	Picture	20	1333948	0	1	4089	2	0	4000	false_alarm	134
2329	65	Response	1	1339755	5807	2
2329	65	Pulse	5	1343745	9797	2
2329	66	Picture	21	1352081	0	1	4088	3	0	4000	hit	137
2329	66	Response	1	1357505	5424	2
2329	66	Pulse	5	1363745	11664	2
2329	67	Picture	20	1370213	0	2	4089	3	0	4000	other	0
2329	67	Pulse	5	1383744	13531	2
2329	68	Picture	20	1388346	0	1	4089	2	0	4000	other	0
2329	68	Pulse	5	1403734	15388	1
2329	69	Picture	21	1406479	0	1	4088	3	0	4000	hit	144
2329	69	Response	1	1412373	5894	2
2329	69	Pulse	5	1423733	17254	2
2329	70	Pulse	5	1443732	19121	2
2329	71	Picture	10	1449677	0	1	4089	2	0	4000	other	0
2329	71	Pulse	5	1463722	14045	2
2329	72	Picture	10	1467810	0	1	4088	3	0	4000	other	0
2329	72	Pulse	5	1483721	15911	2
2329	73	Picture	11	1485942	0	2	4089	3	0	4000	hit	152
2329	73	Response	1	1489161	3219	2
2329	73	Pulse	5	1503721	17779	2
2329	74	Picture	10	1504075	0	1	4089	2	0	4000	other	0
2329	75	Picture	11	1522208	0	1	4088	3	0	4000	hit	157
2329	75	Pulse	5	1523710	1502	2
2329	75	Response	1	1525950	3742	2
2329	76	Picture	10	1540340	0	1	4089	2	0	4000	other	0
2329	76	Pulse	5	1543710	3370	1
2329	77	Picture	10	1558473	0	1	4089	2	0	4000	other	0
2329	77	Pulse	5	1563709	5236	2
2329	78	Picture	11	1576605	0	2	4089	3	0	4000	hit	163
2329	78	Response	1	1579700	3095	1
2329	78	Pulse	5	1583698	7093	2
2329	79	Picture	10	1594738	0	2	4089	3	0	4000	other	0
2329	79	Pulse	5	1603698	8960	2
2329	80	Picture	10	1612871	0	1	4089	2	0	4000	other	0
2329	80	Pulse	5	1623697	10826	2
2329	81	Picture	10	1631003	0	2	4089	3	0	4000	other	0
2329	81	Pulse	5	1643687	12684	2
2329	82	Picture	10	1649136	0	1	4089	2	0	4000	other	0
2329	82	Pulse	5	1663686	14550	2
2329	83	Picture	10	1667269	0	1	4089	2	0	4000	other	0
2329	83	Pulse	5	1683686	16417	1
2329	84	Picture	11	1685401	0	2	4089	3	0	4000	hit	176
2329	84	Response	1	1693125	7724	2
2329	85	Picture	10	1703534	0	1	4089	2	0	4000	other	0
2329	85	Pulse	5	1703675	141	2
2329	86	Picture	10	1721667	0	1	4088	3	0	4000	other	0
2329	86	Pulse	5	1723675	2008	1
2329	87	Pulse	5	1743674	3875	2
2329	87	Pulse	5	1763663	23864	2
2329	88	Picture	30	1764865	0	1	4089	2	0	4000	other	0
2329	89	Picture	30	1782998	0	1	4088	3	0	4000	other	0
2329	89	Pulse	5	1783663	665	2
2329	90	Picture	30	1801130	0	2	4089	3	0	4000	other	0
2329	90	Pulse	5	1803662	2532	2
2329	91	Picture	31	1819263	0	1	4089	2	0	4000	hit	190
2329	91	Pulse	5	1823652	4389	2
2329	91	Response	1	1824932	5669	1
2329	92	Picture	31	1837396	0	1	4088	3	0	4000	hit	192
2329	92	Response	1	1841731	4335	2
2329	92	Pulse	5	1843651	6255	2
2329	93	Picture	30	1855528	0	2	4089	3	0	4000	other	0
2329	93	Pulse	5	1863651	8123	1
2329	94	Picture	30	1873661	0	1	4089	2	0	4000	other	0
2329	94	Pulse	5	1883640	9979	2
2329	95	Picture	30	1891794	0	1	4088	3	0	4000	other	0
2329	95	Pulse	5	1903639	11845	2
2329	96	Picture	31	1909926	0	1	4089	2	0	4000	hit	201
2329	96	Response	1	1913239	3313	2
2329	96	Pulse	5	1923639	13713	2
2329	97	Picture	30	1928059	0	1	4089	2	0	4000	other	0
2329	97	Pulse	5	1943628	15569	2
2329	98	Picture	30	1946192	0	1	4088	2	0	4000	other	0
2329	98	Pulse	5	1963628	17436	2
2329	99	Picture	30	1964324	0	1	4089	2	0	4000	other	0
2329	100	Picture	30	1982457	0	1	4089	2	0	4000	other	0
2329	100	Pulse	5	1983787	1330	2
2329	101	Picture	31	2000589	0	2	4089	3	0	4000	hit	212
2329	101	Pulse	5	2003777	3188	1
2329	101	Response	1	2003937	3348	1
2329	102	Picture	30	2018722	0	1	4089	2	0	4000	other	0
2329	102	Pulse	5	2023776	5054	2
2329	103	Picture	30	2036855	0	1	4088	3	0	4000	other	0
2329	103	Pulse	5	2043776	6921	1
2329	104	Pulse	5	2063765	8778	2
2329	105	Picture	10	2080053	0	1	4089	2	0	4000	other	0
2329	105	Pulse	5	2083764	3711	2
2329	106	Picture	10	2098186	0	1	4088	3	0	4000	other	0
2329	106	Pulse	5	2103764	5578	2
2329	107	Picture	11	2116318	0	2	4089	3	0	4000	hit	223
2329	107	Response	1	2119283	2965	2
2329	107	Pulse	5	2123753	7435	2
2329	108	Picture	10	2134451	0	1	4089	2	0	4000	other	0
2329	108	Pulse	5	2143753	9302	1
2329	109	Picture	11	2152584	0	1	4089	2	0	4000	hit	228
2329	109	Response	1	2158952	6368	2
2329	109	Pulse	5	2163752	11168	2
2329	110	Picture	10	2170716	0	2	4089	3	0	4000	other	0
2329	110	Pulse	5	2183742	13026	2
2329	111	Picture	10	2188849	0	1	4089	2	0	4000	other	0
2329	111	Pulse	5	2203741	14892	2
2329	112	Picture	11	2206982	0	1	4088	3	0	4000	hit	235
2329	112	Response	1	2210141	3159	2
2329	112	Pulse	5	2223740	16758	2
2329	113	Picture	10	2225114	0	1	4089	2	0	4000	other	0
2329	114	Picture	10	2243247	0	1	4089	2	0	4000	other	0
2329	114	Pulse	5	2243730	483	2
2329	115	Picture	10	2261379	0	2	4089	3	0	4000	other	0
2329	115	Pulse	5	2263729	2350	2
2329	116	Picture	10	2279512	0	1	4089	2	0	4000	other	0
2329	116	Pulse	5	2283729	4217	2
2329	117	Picture	10	2297645	0	1	4089	2	0	4000	other	0
2329	117	Pulse	5	2303718	6073	2
2329	118	Picture	11	2315777	0	2	4089	3	0	4000	hit	247
2329	118	Response	1	2321158	5381	2
2329	118	Pulse	5	2323718	7941	1
2329	119	Picture	10	2333910	0	1	4089	2	0	4000	other	0
2329	119	Pulse	5	2343717	9807	2
2329	120	Picture	10	2352043	0	1	4089	2	0	4000	other	0
2329	120	Pulse	5	2363708	11665	1
2329	121	Pulse	5	2383707	13532	1
2329	122	Picture	20	2395241	0	1	4089	2	0	4000	other	0
2329	122	Pulse	5	2403707	8466	1
2329	123	Picture	20	2413374	0	1	4089	2	0	4000	other	0
2329	123	Pulse	5	2423695	10321	2
2329	124	Picture	20	2431507	0	1	4088	2	0	4000	other	0
2329	124	Pulse	5	2443694	12187	2
2329	125	Picture	21	2449639	0	1	4089	2	0	4000	hit	261
2329	125	Response	1	2453294	3655	2
2329	125	Pulse	5	2463694	14055	1
2329	126	Picture	20	2467772	0	1	4089	2	0	4000	other	0
2329	126	Pulse	5	2483683	15911	2
2329	127	Picture	20	2485904	0	2	4089	3	0	4000	other	0
2329	127	Pulse	5	2503683	17779	1
2329	128	Picture	21	2504037	0	1	4089	2	0	4000	hit	268
2329	128	Response	1	2513922	9885	2
2329	129	Picture	20	2522170	0	1	4088	3	0	4000	other	0
2329	129	Pulse	5	2523682	1512	2
2329	130	Picture	20	2540302	0	2	4089	3	0	4000	other	0
2329	130	Pulse	5	2543671	3369	2
2329	131	Picture	20	2558435	0	1	4089	2	0	4000	other	0
2329	131	Pulse	5	2563671	5236	2
2329	132	Picture	21	2576568	0	1	4088	3	0	4000	hit	276
2329	132	Response	1	2582070	5502	2
2329	132	Pulse	5	2583670	7102	2
2329	133	Picture	20	2594700	0	2	4089	3	0	4000	other	0
2329	133	Pulse	5	2603660	8960	2
2329	134	Picture	20	2612833	0	1	4089	2	0	4000	other	0
2329	134	Pulse	5	2623659	10826	2
2329	135	Picture	21	2630966	0	1	4088	2	0	4000	miss	0
2329	135	Pulse	5	2643658	12692	2
2329	136	Picture	20	2649098	0	1	4089	2	0	4000	other	0
2329	136	Pulse	5	2663648	14550	2
2329	137	Picture	20	2667231	0	1	4089	2	0	4000	other	0
