Scenario - 1-back
Logfile written - 04/23/2015 13:14:50

Subject	Trial	Event Type	Code	Time	TTime	Uncertainty	Duration	Uncertainty	ReqTime	ReqDur	Stim Type	Pair Index

2329	1	Response	1	93773	103595	2
2329	1	Pulse	5	247019	256841	2
2329	2	Pulse	5	267018	19962	2
2329	3	Picture	10	272122	0	1	4088	2	0	4000	other	0
2329	3	Pulse	5	287008	14886	2
2329	4	Picture	10	290254	0	1	4089	2	0	4000	other	0
2329	4	Pulse	5	307007	16753	2
2329	5	Picture	11	308387	0	1	4089	2	0	4000	hit	9
2329	5	Response	1	311807	3420	2
2329	6	Picture	10	326519	0	2	4089	3	0	4000	other	0
2329	6	Pulse	5	327007	488	1
2329	7	Picture	11	344652	0	1	4089	2	0	4000	hit	14
2329	7	Pulse	5	346996	2344	2
2329	7	Response	1	347796	3144	2
2329	8	Picture	10	362785	0	1	4088	4	0	4000	other	0
2329	8	Pulse	5	366996	4211	1
2329	9	Picture	10	380917	0	2	4089	3	0	4000	other	0
2329	9	Pulse	5	386995	6078	2
2329	10	Picture	10	399050	0	1	4089	2	0	4000	other	0
2329	10	Pulse	5	406986	7936	1
2329	11	Picture	11	417183	0	1	4088	3	0	4000	hit	22
2329	11	Response	1	421225	4042	2
2329	11	Pulse	5	426985	9802	1
2329	12	Picture	10	435315	0	1	4089	2	0	4000	other	0
2329	12	Pulse	5	446985	11670	1
2329	13	Picture	10	453448	0	1	4089	2	0	4000	other	0
2329	13	Pulse	5	466973	13525	2
2329	14	Picture	11	471581	0	1	4088	2	0	4000	hit	29
2329	14	Response	1	475292	3711	2
2329	14	Pulse	5	486973	15392	1
2329	15	Picture	10	489713	0	1	4089	3	0	4000	other	0
2329	15	Pulse	5	506972	17259	1
2329	16	Picture	10	507846	0	1	4089	2	0	4000	other	0
2329	17	Picture	10	525978	0	2	4089	3	0	4000	other	0
2329	17	Pulse	5	526962	984	1
2329	18	Picture	10	544111	0	1	4089	2	0	4000	other	0
2329	18	Pulse	5	546960	2849	2
2329	19	Pulse	5	566960	4716	2
2329	19	Pulse	5	586949	24705	2
2329	20	Picture	20	587309	0	2	4089	3	0	4000	other	0
2329	21	Picture	20	605442	0	1	4089	2	0	4000	other	0
2329	21	Pulse	5	606949	1507	2
2329	22	Picture	21	623575	0	1	4089	2	0	4000	hit	45
2329	22	Pulse	5	626948	3373	2
2329	22	Response	1	627268	3693	2
2329	23	Picture	20	641707	0	2	4089	3	0	4000	other	0
2329	23	Pulse	5	646938	5231	1
2329	24	Picture	20	659840	0	1	4089	2	0	4000	other	0
2329	24	Pulse	5	666937	7097	2
2329	25	Picture	20	677973	0	1	4088	3	0	4000	other	0
2329	25	Pulse	5	686936	8963	2
2329	26	Picture	21	696105	0	2	4089	3	0	4000	hit	53
2329	26	Response	1	699406	3301	2
2329	26	Pulse	5	706926	10821	2
2329	27	Picture	20	714238	0	1	4089	2	0	4000	other	0
2329	27	Pulse	5	726925	12687	2
2329	28	Picture	20	732370	0	2	4089	3	0	4000	other	0
2329	28	Pulse	5	746925	14555	2
2329	29	Picture	20	750503	0	1	4089	2	0	4000	other	0
2329	29	Pulse	5	766914	16411	2
2329	30	Picture	20	768636	0	1	4088	3	0	4000	other	0
2329	31	Picture	20	786768	0	2	4089	3	0	4000	other	0
2329	31	Pulse	5	786914	146	2
2329	32	Picture	21	804901	0	1	4089	2	0	4000	hit	66
2329	32	Pulse	5	806913	2012	2
2329	32	Response	1	809633	4732	2
2329	33	Picture	20	823034	0	1	4088	3	0	4000	other	0
2329	33	Pulse	5	826903	3869	1
2329	34	Picture	20	841166	0	1	4089	2	0	4000	other	0
2329	34	Pulse	5	846902	5736	2
2329	35	Picture	21	859299	0	1	4089	2	0	4000	hit	72
2329	35	Response	1	862742	3443	1
2329	35	Pulse	5	866901	7602	2
2329	36	Pulse	5	886891	9459	2
2329	37	Picture	10	902497	0	2	4089	3	0	4000	other	0
2329	37	Pulse	5	906890	4393	2
2329	38	Picture	10	920630	0	1	4089	2	0	4000	other	0
2329	38	Pulse	5	926890	6260	2
2329	39	Picture	11	938763	0	1	4088	3	0	4000	hit	80
2329	39	Response	1	942559	3796	2
2329	39	Pulse	5	946879	8116	2
2329	40	Picture	10	956895	0	1	4089	2	0	4000	other	0
2329	40	Pulse	5	966879	9984	1
2329	41	Picture	11	975028	0	1	4089	2	0	4000	hit	85
2329	41	Response	1	978238	3210	2
2329	41	Pulse	5	986877	11849	3
2329	42	Picture	10	993160	0	2	4089	3	0	4000	other	0
2329	42	Pulse	5	1006867	13707	2
2329	43	Picture	10	1011293	0	1	4089	2	0	4000	other	0
2329	43	Pulse	5	1026867	15574	2
2329	44	Picture	10	1029426	0	1	4089	2	0	4000	other	0
2329	44	Pulse	5	1046866	17440	2
2329	45	Picture	11	1047558	0	2	4089	3	0	4000	hit	94
2329	45	Response	1	1050706	3148	2
2329	46	Picture	10	1065691	0	1	4089	2	0	4000	other	0
2329	46	Pulse	5	1066857	1166	1
2329	47	Picture	10	1083824	0	1	4088	3	0	4000	other	0
2329	47	Pulse	5	1086855	3031	2
2329	48	Picture	11	1101956	0	2	4089	3	0	4000	hit	100
2329	48	Response	1	1106215	4259	2
2329	48	Pulse	5	1106855	4899	1
2329	49	Picture	10	1120089	0	1	4089	2	0	4000	other	0
2329	49	Pulse	5	1126844	6755	2
2329	50	Picture	10	1138222	0	1	4088	2	0	4000	other	0
2329	50	Pulse	5	1146843	8621	3
2329	51	Picture	10	1156354	0	1	4089	3	0	4000	other	0
2329	51	Pulse	5	1166843	10489	2
2329	52	Picture	10	1174487	0	1	4089	2	0	4000	other	0
2329	52	Pulse	5	1186828	12341	9
2329	53	Pulse	5	1206827	14208	9
2329	54	Picture	30	1217685	0	1	4089	2	0	4000	other	0
2329	54	Pulse	5	1226991	9306	2
2329	55	Picture	30	1235818	0	1	4089	2	0	4000	other	0
2329	55	Pulse	5	1246981	11163	2
2329	56	Picture	31	1253950	0	2	4089	3	0	4000	hit	116
2329	56	Response	1	1260900	6950	2
2329	56	Pulse	5	1266980	13030	2
2329	57	Picture	30	1272083	0	1	4089	2	0	4000	other	0
2329	57	Pulse	5	1286979	14896	2
2329	58	Picture	30	1290216	0	1	4088	3	0	4000	other	0
2329	58	Pulse	5	1306969	16753	2
2329	59	Picture	30	1308348	0	2	4089	3	0	4000	other	0
2329	60	Picture	31	1326481	0	1	4089	2	0	4000	hit	125
2329	60	Pulse	5	1326968	487	2
2329	60	Response	1	1333368	6887	2
2329	61	Picture	31	1344614	0	1	4088	3	0	4000	hit	128
2329	61	Pulse	5	1346968	2354	2
2329	61	Response	1	1349208	4594	2
2329	62	Picture	30	1362746	0	1	4089	2	0	4000	other	0
2329	62	Pulse	5	1366957	4211	2
2329	63	Picture	30	1380879	0	1	4089	2	0	4000	other	0
2329	63	Pulse	5	1386957	6078	2
2329	64	Picture	30	1399012	0	1	4088	2	0	4000	other	0
2329	64	Pulse	5	1406956	7944	2
2329	65	Picture	31	1417144	0	1	4089	2	0	4000	hit	136
2329	65	Response	1	1421667	4523	1
2329	65	Pulse	5	1426947	9803	1
2329	66	Picture	30	1435277	0	1	4089	2	0	4000	other	0
2329	66	Pulse	5	1446946	11669	2
2329	67	Picture	30	1453409	0	2	4089	3	0	4000	other	0
2329	67	Pulse	5	1466946	13537	1
2329	68	Picture	30	1471542	0	1	4089	2	0	4000	other	0
2329	68	Pulse	5	1486934	15392	2
2329	69	Picture	30	1489675	0	1	4088	3	0	4000	other	0
2329	69	Pulse	5	1506933	17258	2
2329	70	Pulse	5	1526933	19126	2
2329	71	Picture	10	1532873	0	1	4089	2	0	4000	other	0
2329	71	Pulse	5	1546922	14049	2
2329	72	Picture	10	1551006	0	1	4088	3	0	4000	other	0
2329	72	Pulse	5	1566922	15916	1
2329	73	Picture	11	1569138	0	2	4089	3	0	4000	hit	152
2329	73	Response	1	1572682	3544	1
2329	73	Pulse	5	1586921	17783	2
2329	74	Picture	10	1587271	0	1	4089	2	0	4000	other	0
2329	75	Picture	11	1605403	0	3	4089	5	0	4000	hit	157
2329	75	Pulse	5	1606911	1508	1
2329	75	Response	1	1609631	4228	1
2329	76	Picture	10	1623536	0	1	4089	2	0	4000	other	0
2329	76	Pulse	5	1626910	3374	2
2329	77	Picture	10	1641669	0	1	4089	2	0	4000	other	0
2329	77	Pulse	5	1646910	5241	1
2329	78	Picture	11	1659802	0	1	4088	2	0	4000	hit	163
2329	78	Response	1	1663859	4057	2
2329	78	Pulse	5	1666899	7097	2
2329	79	Picture	10	1677934	0	1	4089	2	0	4000	other	0
2329	79	Pulse	5	1686898	8964	2
2329	80	Picture	10	1696067	0	1	4089	2	0	4000	other	0
2329	80	Pulse	5	1706898	10831	2
2329	81	Picture	10	1714199	0	2	4089	3	0	4000	other	0
2329	81	Pulse	5	1726887	12688	2
2329	82	Picture	10	1732332	0	1	4089	2	0	4000	other	0
2329	82	Pulse	5	1746887	14555	1
2329	83	Picture	10	1750465	0	1	4088	3	0	4000	other	0
2329	83	Pulse	5	1766886	16421	2
2329	84	Picture	11	1768597	0	1	4089	2	0	4000	hit	176
2329	84	Response	1	1772477	3880	1
2329	85	Picture	10	1786730	0	1	4089	2	0	4000	other	0
2329	85	Pulse	5	1786876	146	2
2329	86	Picture	10	1804863	0	1	4088	3	0	4000	other	0
2329	86	Pulse	5	1806875	2012	2
2329	87	Pulse	5	1826875	3880	1
2329	87	Pulse	5	1846864	23869	2
2329	88	Picture	20	1848061	0	1	4089	2	0	4000	other	0
2329	89	Picture	20	1866194	0	1	4088	3	0	4000	other	0
2329	89	Pulse	5	1866863	669	2
2329	90	Picture	20	1884326	0	1	4089	2	0	4000	other	0
2329	90	Pulse	5	1886863	2537	1
2329	91	Picture	21	1902459	0	1	4089	2	0	4000	hit	190
2329	91	Pulse	5	1906852	4393	2
2329	91	Response	1	1908772	6313	2
2329	92	Picture	20	1920591	0	2	4089	3	0	4000	other	0
2329	92	Pulse	5	1926852	6261	1
2329	93	Picture	20	1938724	0	1	4089	2	0	4000	other	0
2329	93	Pulse	5	1946851	8127	2
2329	94	Picture	21	1956857	0	1	4089	2	0	4000	hit	196
2329	94	Response	1	1960921	4064	1
2329	94	Pulse	5	1966840	9983	2
2329	95	Picture	20	1974989	0	2	4089	3	0	4000	other	0
2329	95	Pulse	5	1986840	11851	2
2329	96	Picture	20	1993122	0	1	4089	2	0	4000	other	0
2329	96	Pulse	5	2006839	13717	2
2329	97	Picture	20	2011255	0	1	4088	3	0	4000	other	0
2329	97	Pulse	5	2026829	15574	2
2329	98	Picture	21	2029387	0	2	4089	3	0	4000	hit	205
2329	98	Response	1	2032428	3041	6
2329	98	Pulse	5	2046828	17441	2
2329	99	Picture	20	2047520	0	1	4089	2	0	4000	other	0
2329	100	Picture	20	2065653	0	1	4088	2	0	4000	other	0
2329	100	Pulse	5	2066828	1175	1
2329	101	Picture	21	2083785	0	1	4089	2	0	4000	hit	212
2329	101	Pulse	5	2086817	3032	2
2329	101	Response	1	2087457	3672	2
2329	102	Picture	20	2101918	0	1	4089	2	0	4000	other	0
2329	102	Pulse	5	2106816	4898	2
2329	103	Picture	20	2120051	0	1	4088	2	0	4000	other	0
2329	103	Pulse	5	2126816	6765	2
2329	104	Pulse	5	2146805	8622	2
2329	105	Picture	10	2163249	0	1	4089	2	0	4000	other	0
2329	105	Pulse	5	2166806	3557	1
2329	106	Picture	10	2181382	0	1	4088	2	0	4000	other	0
2329	106	Pulse	5	2186804	5422	2
2329	107	Picture	11	2199514	0	1	4089	2	0	4000	hit	223
2329	107	Response	1	2203914	4400	2
2329	107	Pulse	5	2206794	7280	2
2329	108	Picture	10	2217647	0	1	4088	3	0	4000	other	0
2329	108	Pulse	5	2226793	9146	2
2329	109	Picture	11	2235779	0	2	4089	3	0	4000	hit	228
2329	109	Response	1	2240393	4614	2
2329	109	Pulse	5	2246793	11014	1
2329	110	Picture	10	2253912	0	1	4089	2	0	4000	other	0
2329	110	Pulse	5	2266942	13030	2
2329	111	Picture	10	2272045	0	1	4088	3	0	4000	other	0
2329	111	Pulse	5	2286941	14896	2
2329	112	Picture	11	2290177	0	2	4089	3	0	4000	hit	235
2329	112	Response	1	2294782	4605	2
2329	112	Pulse	5	2306941	16764	2
2329	113	Picture	10	2308310	0	1	4089	2	0	4000	other	0
2329	114	Picture	10	2326443	0	1	4088	3	0	4000	other	0
2329	114	Pulse	5	2326930	487	2
2329	115	Picture	10	2344575	0	2	4089	3	0	4000	other	0
2329	115	Pulse	5	2346930	2355	2
2329	116	Picture	10	2362708	0	1	4089	2	0	4000	false_alarm	243
2329	116	Response	1	2366769	4061	2
2329	116	Pulse	5	2366929	4221	2
2329	117	Picture	10	2380840	0	2	4089	3	0	4000	other	0
2329	117	Pulse	5	2386919	6079	1
2329	118	Picture	11	2398973	0	1	4089	2	0	4000	hit	248
2329	118	Response	1	2403398	4425	2
2329	118	Pulse	5	2406918	7945	2
2329	119	Picture	10	2417106	0	1	4089	2	0	4000	other	0
2329	119	Pulse	5	2426917	9811	2
2329	120	Picture	10	2435238	0	2	4089	3	0	4000	other	0
2329	120	Pulse	5	2446908	11670	1
2329	121	Pulse	5	2466908	13537	1
2329	122	Picture	30	2478437	0	1	4089	2	0	4000	other	0
2329	122	Pulse	5	2486907	8470	1
2329	123	Picture	30	2496569	0	2	4089	3	0	4000	other	0
2329	123	Pulse	5	2506895	10326	2
2329	124	Picture	30	2514702	0	1	4089	2	0	4000	other	0
2329	124	Pulse	5	2526895	12193	1
2329	125	Picture	31	2532835	0	1	4088	3	0	4000	hit	262
2329	125	Response	1	2541614	8779	2
2329	125	Pulse	5	2546894	14059	2
2329	126	Picture	31	2550967	0	2	4089	3	0	4000	miss	0
2329	126	Pulse	5	2566884	15917	1
2329	127	Picture	30	2569100	0	1	4089	2	0	4000	other	0
2329	127	Pulse	5	2586883	17783	2
2329	128	Picture	30	2587232	0	2	4089	4	0	4000	other	0
2329	129	Picture	30	2605365	0	2	4089	3	0	4000	other	0
2329	129	Pulse	5	2606882	1517	2
2329	130	Picture	31	2623498	0	1	4089	2	0	4000	hit	273
2329	130	Pulse	5	2626872	3374	2
2329	130	Response	1	2629432	5934	2
2329	131	Picture	30	2641631	0	1	4088	3	0	4000	other	0
2329	131	Pulse	5	2646871	5240	2
2329	132	Picture	30	2659763	0	1	4089	2	0	4000	other	0
2329	132	Pulse	5	2666871	7108	2
2329	133	Picture	30	2677896	0	1	4089	2	0	4000	other	0
2329	133	Pulse	5	2686860	8964	2
2329	134	Picture	30	2696028	0	2	4089	3	0	4000	other	0
2329	134	Pulse	5	2706860	10832	1
2329	135	Picture	31	2714161	0	1	4089	2	0	4000	hit	283
2329	135	Response	1	2719659	5498	2
2329	135	Pulse	5	2726859	12698	2
2329	136	Picture	30	2732294	0	1	4088	3	0	4000	other	0
2329	136	Pulse	5	2746848	14554	2
2329	137	Picture	30	2750426	0	2	4089	3	0	4000	false_alarm	288
2329	137	Response	1	2757408	6982	2
