Scenario - 1-back
Logfile written - 04/23/2015 13:25:05

Subject	Trial	Event Type	Code	Time	TTime	Uncertainty	Duration	Uncertainty	ReqTime	ReqDur	Stim Type	Pair Index

2329	1	Pulse	5	206457	216279	2
2329	2	Pulse	5	226456	19932	2
2329	3	Picture	10	231590	0	1	4089	2	0	4000	other	0
2329	3	Pulse	5	246456	14866	2
2329	4	Picture	10	249723	0	1	4088	2	0	4000	other	0
2329	4	Pulse	5	266445	16722	2
2329	5	Picture	11	267855	0	1	4089	2	0	4000	hit	8
2329	5	Response	1	271565	3710	2
2329	6	Picture	10	285988	0	1	4089	2	0	4000	other	0
2329	6	Pulse	5	286445	457	1
2329	7	Picture	11	304120	0	2	4089	3	0	4000	hit	13
2329	7	Pulse	5	306445	2325	1
2329	7	Response	1	310444	6324	2
2329	8	Picture	10	322253	0	1	4089	2	0	4000	other	0
2329	8	Pulse	5	326433	4180	2
2329	9	Picture	10	340386	0	1	4088	3	0	4000	other	0
2329	9	Pulse	5	346433	6047	2
2329	10	Picture	10	358518	0	2	4089	3	0	4000	other	0
2329	10	Pulse	5	366432	7914	2
2329	11	Picture	11	376651	0	1	4089	2	0	4000	hit	21
2329	11	Response	1	380342	3691	2
2329	11	Pulse	5	386422	9771	2
2329	12	Picture	10	394784	0	1	4088	3	0	4000	other	0
2329	12	Pulse	5	406421	11637	2
2329	13	Picture	10	412916	0	1	4089	2	0	4000	other	0
2329	13	Pulse	5	426421	13505	1
2329	14	Picture	11	431049	0	1	4089	2	0	4000	hit	28
2329	14	Response	1	435860	4811	2
2329	14	Pulse	5	446410	15361	2
2329	15	Picture	10	449182	0	1	4088	2	0	4000	other	0
2329	15	Pulse	5	466410	17228	1
2329	16	Picture	10	467314	0	1	4089	2	0	4000	other	0
2329	17	Picture	10	485447	0	1	4089	2	0	4000	other	0
2329	17	Pulse	5	486410	963	1
2329	18	Picture	10	503580	0	1	4088	2	0	4000	other	0
2329	18	Pulse	5	506398	2818	2
2329	19	Pulse	5	526398	4686	2
2329	19	Pulse	5	546397	24685	2
2329	20	Picture	20	546777	0	2	4090	3	0	4000	other	0
2329	21	Picture	20	564911	0	1	4088	2	0	4000	other	0
2329	21	Pulse	5	566547	1636	2
2329	22	Picture	21	583043	0	1	4089	2	0	4000	hit	44
2329	22	Pulse	5	586546	3503	3
2329	22	Response	1	591506	8463	2
2329	23	Picture	20	601176	0	2	4088	4	0	4000	other	0
2329	23	Pulse	5	606546	5370	2
2329	24	Picture	20	619308	0	2	4089	3	0	4000	other	0
2329	24	Pulse	5	626535	7227	2
2329	25	Picture	20	637441	0	1	4089	2	0	4000	other	0
2329	25	Pulse	5	646534	9093	2
2329	26	Picture	21	655574	0	1	4089	2	0	4000	hit	52
2329	26	Response	1	659014	3440	2
2329	26	Pulse	5	666534	10960	2
2329	27	Picture	20	673706	0	2	4089	3	0	4000	other	0
2329	27	Pulse	5	686523	12817	2
2329	28	Picture	20	691839	0	1	4089	2	0	4000	other	0
2329	28	Pulse	5	706523	14684	2
2329	29	Picture	20	709972	0	1	4088	3	0	4000	other	0
2329	29	Pulse	5	726522	16550	2
2329	30	Picture	20	728103	0	5	4090	6	0	4000	other	0
2329	31	Picture	20	746237	0	1	4089	2	0	4000	other	0
2329	31	Pulse	5	746512	275	1
2329	32	Picture	21	764370	0	1	4088	3	0	4000	hit	65
2329	32	Pulse	5	766511	2141	2
2329	32	Response	1	769711	5341	2
2329	33	Picture	20	782502	0	1	4088	3	0	4000	other	0
2329	33	Pulse	5	786510	4008	2
2329	34	Picture	20	800635	0	1	4089	2	0	4000	other	0
2329	34	Pulse	5	806500	5865	2
2329	35	Picture	21	818768	0	1	4088	2	0	4000	hit	71
2329	35	Response	1	824739	5971	2
2329	35	Pulse	5	826499	7731	2
2329	36	Pulse	5	846499	9599	2
2329	37	Picture	10	861966	0	1	4089	2	0	4000	other	0
2329	37	Pulse	5	866488	4522	2
2329	38	Picture	10	880099	0	1	4088	3	0	4000	other	0
2329	38	Pulse	5	886488	6389	1
2329	39	Picture	11	898231	0	1	4089	2	0	4000	hit	79
2329	39	Response	1	901207	2976	2
2329	39	Pulse	5	906487	8256	2
2329	40	Picture	10	916364	0	1	4088	3	0	4000	other	0
2329	40	Pulse	5	926477	10113	1
2329	41	Picture	11	934496	0	2	4089	3	0	4000	hit	84
2329	41	Response	1	937516	3020	2
2329	41	Pulse	5	946476	11980	2
2329	42	Picture	10	952629	0	1	4089	2	0	4000	other	0
2329	42	Pulse	5	966475	13846	2
2329	43	Picture	10	970762	0	1	4088	3	0	4000	other	0
2329	43	Pulse	5	986465	15703	2
2329	44	Picture	10	988894	0	2	4089	3	0	4000	other	0
2329	44	Pulse	5	1006464	17570	2
2329	45	Picture	11	1007027	0	1	4089	2	0	4000	hit	93
2329	45	Response	1	1010624	3597	2
2329	46	Picture	10	1025160	0	1	4088	3	0	4000	other	0
2329	46	Pulse	5	1026464	1304	2
2329	47	Picture	10	1043292	0	1	4089	2	0	4000	other	0
2329	47	Pulse	5	1046453	3161	2
2329	48	Picture	11	1061425	0	1	4089	2	0	4000	hit	99
2329	48	Response	1	1064853	3428	1
2329	48	Pulse	5	1066453	5028	1
2329	49	Picture	10	1079558	0	1	4088	3	0	4000	other	0
2329	49	Pulse	5	1086452	6894	2
2329	50	Picture	10	1097690	0	1	4089	2	0	4000	other	0
2329	50	Pulse	5	1106441	8751	2
2329	51	Picture	10	1115823	0	1	4089	2	0	4000	other	0
2329	51	Pulse	5	1126441	10618	2
2329	52	Picture	10	1133956	0	1	4088	3	0	4000	other	0
2329	52	Pulse	5	1146440	12484	2
2329	53	Pulse	5	1166431	14343	1
2329	54	Picture	30	1177154	0	1	4089	2	0	4000	other	0
2329	54	Pulse	5	1186431	9277	1
2329	55	Picture	30	1195287	0	1	4088	3	0	4000	other	0
2329	55	Pulse	5	1206430	11143	1
2329	56	Picture	31	1213419	0	1	4089	2	0	4000	hit	115
2329	56	Response	1	1217780	4361	1
2329	56	Pulse	5	1226418	12999	2
2329	57	Picture	30	1231552	0	1	4088	3	0	4000	other	0
2329	57	Pulse	5	1246418	14866	1
2329	58	Picture	30	1249684	0	2	4089	3	0	4000	other	0
2329	58	Pulse	5	1266417	16733	2
2329	59	Picture	30	1267817	0	1	4089	2	0	4000	other	0
2329	60	Picture	31	1285950	0	1	4088	3	0	4000	hit	124
2329	60	Pulse	5	1286406	456	2
2329	60	Response	1	1290886	4936	2
2329	61	Picture	31	1304082	0	2	4089	3	0	4000	hit	127
2329	61	Pulse	5	1306406	2324	2
2329	61	Response	1	1310886	6804	2
2329	62	Picture	30	1322215	0	1	4089	2	0	4000	other	0
2329	62	Pulse	5	1326406	4191	1
2329	63	Picture	30	1340348	0	1	4088	3	0	4000	other	0
2329	63	Pulse	5	1346395	6047	2
2329	64	Picture	30	1358480	0	2	4089	3	0	4000	other	0
2329	64	Pulse	5	1366394	7914	2
2329	65	Picture	31	1376613	0	1	4089	2	0	4000	hit	135
2329	65	Response	1	1384154	7541	1
2329	65	Pulse	5	1386394	9781	1
2329	66	Picture	30	1394746	0	1	4088	3	0	4000	other	0
2329	66	Pulse	5	1406383	11637	2
2329	67	Picture	30	1412878	0	1	4089	2	0	4000	other	0
2329	67	Pulse	5	1426382	13504	2
2329	68	Picture	30	1431011	0	1	4089	2	0	4000	other	0
2329	68	Pulse	5	1446382	15371	2
2329	69	Picture	30	1449144	0	1	4088	3	0	4000	other	0
2329	69	Pulse	5	1466371	17227	2
2329	70	Pulse	5	1486371	19095	2
2329	71	Picture	10	1492342	0	1	4089	2	0	4000	other	0
2329	71	Pulse	5	1506370	14028	2
2329	72	Picture	10	1510475	0	1	4088	2	0	4000	other	0
2329	72	Pulse	5	1526360	15885	1
2329	73	Picture	11	1528607	0	1	4089	2	0	4000	hit	151
2329	73	Response	1	1533079	4472	2
2329	73	Pulse	5	1546359	17752	2
2329	74	Picture	10	1546740	0	1	4089	2	0	4000	other	0
2329	75	Picture	11	1564873	0	1	4088	2	0	4000	hit	156
2329	75	Pulse	5	1566358	1485	2
2329	75	Response	1	1567798	2925	2
2329	76	Picture	10	1583005	0	1	4089	2	0	4000	other	0
2329	76	Pulse	5	1586348	3343	2
2329	77	Picture	10	1601138	0	1	4088	3	0	4000	other	0
2329	77	Pulse	5	1606347	5209	3
2329	78	Picture	11	1619270	0	2	4089	3	0	4000	hit	162
2329	78	Response	1	1624427	5157	2
2329	78	Pulse	5	1626507	7237	2
2329	79	Picture	10	1637403	0	1	4089	2	0	4000	other	0
2329	79	Pulse	5	1646496	9093	2
2329	80	Picture	10	1655536	0	1	4088	3	0	4000	other	0
2329	80	Pulse	5	1666496	10960	1
2329	81	Picture	10	1673668	0	2	4089	3	0	4000	other	0
2329	81	Pulse	5	1686495	12827	2
2329	82	Picture	10	1691801	0	1	4089	2	0	4000	false_alarm	171
2329	82	Response	1	1696256	4455	1
2329	82	Pulse	5	1706485	14684	1
2329	83	Picture	10	1709934	0	1	4088	3	0	4000	other	0
2329	83	Pulse	5	1726484	16550	2
2329	84	Picture	11	1728066	0	1	4089	2	0	4000	hit	176
2329	84	Response	1	1733684	5618	2
2329	85	Picture	10	1746199	0	1	4089	2	0	4000	other	0
2329	85	Pulse	5	1746483	284	2
2329	86	Picture	10	1764332	0	1	4088	3	0	4000	other	0
2329	86	Pulse	5	1766473	2141	2
2329	87	Pulse	5	1786472	4008	2
2329	87	Pulse	5	1806472	24008	2
2329	88	Picture	20	1807530	0	1	4089	2	0	4000	other	0
2329	89	Picture	20	1825663	0	1	4088	3	0	4000	other	0
2329	89	Pulse	5	1826461	798	2
2329	90	Picture	20	1843795	0	1	4089	2	0	4000	other	0
2329	90	Pulse	5	1846461	2666	1
2329	91	Picture	21	1861928	0	1	4089	2	0	4000	hit	190
2329	91	Pulse	5	1866460	4532	2
2329	91	Response	1	1867420	5492	2
2329	92	Picture	20	1880060	0	2	4089	3	0	4000	other	0
2329	92	Pulse	5	1886449	6389	2
2329	93	Picture	20	1898193	0	1	4089	2	0	4000	other	0
2329	93	Pulse	5	1906449	8256	2
2329	94	Picture	21	1916326	0	1	4089	2	0	4000	hit	196
2329	94	Response	1	1921648	5322	2
2329	94	Pulse	5	1926449	10123	1
2329	95	Picture	20	1934458	0	2	4089	3	0	4000	other	0
2329	95	Pulse	5	1946438	11980	2
2329	96	Picture	20	1952591	0	1	4089	2	0	4000	other	0
2329	96	Pulse	5	1966437	13846	2
2329	97	Picture	20	1970724	0	1	4088	3	0	4000	other	0
2329	97	Pulse	5	1986437	15713	1
2329	98	Picture	21	1988856	0	2	4089	3	0	4000	hit	205
2329	98	Response	1	1992836	3980	2
2329	98	Pulse	5	2006427	17571	1
2329	99	Picture	20	2006989	0	1	4089	2	0	4000	other	0
2329	100	Picture	20	2025122	0	1	4088	3	0	4000	other	0
2329	100	Pulse	5	2026426	1304	1
2329	101	Picture	21	2043254	0	1	4089	2	0	4000	hit	212
2329	101	Pulse	5	2046425	3171	2
2329	101	Response	1	2046905	3651	2
2329	102	Picture	20	2061387	0	1	4089	2	0	4000	other	0
2329	102	Pulse	5	2066414	5027	2
2329	103	Picture	20	2079520	0	1	4088	3	0	4000	other	0
2329	103	Pulse	5	2086414	6894	2
2329	104	Pulse	5	2106413	8761	2
2329	105	Picture	10	2122718	0	1	4089	2	0	4000	other	0
2329	105	Pulse	5	2126403	3685	2
2329	106	Picture	10	2140851	0	1	4088	3	0	4000	other	0
2329	106	Pulse	5	2146402	5551	2
2329	107	Picture	11	2158983	0	1	4089	2	0	4000	hit	223
2329	107	Response	1	2162082	3099	2
2329	107	Pulse	5	2166402	7419	1
2329	108	Picture	10	2177116	0	1	4089	2	0	4000	other	0
2329	108	Pulse	5	2186392	9276	1
2329	109	Picture	11	2195248	0	2	4089	3	0	4000	hit	228
2329	109	Response	1	2198552	3304	1
2329	109	Pulse	5	2206392	11144	1
2329	110	Picture	10	2213381	0	1	4089	2	0	4000	other	0
2329	110	Pulse	5	2226391	13010	1
2329	111	Picture	10	2231514	0	1	4088	3	0	4000	other	0
2329	111	Pulse	5	2246379	14865	2
2329	112	Picture	11	2249647	0	1	4088	2	0	4000	hit	235
2329	112	Response	1	2253099	3452	2
2329	112	Pulse	5	2266379	16732	2
2329	113	Picture	10	2267779	0	1	4089	2	0	4000	other	0
2329	114	Picture	10	2285912	0	1	4089	2	0	4000	other	0
2329	114	Pulse	5	2286380	468	1
2329	115	Picture	10	2304044	0	2	4089	3	0	4000	other	0
2329	115	Pulse	5	2306368	2324	1
2329	116	Picture	10	2322177	0	1	4089	2	0	4000	other	0
2329	116	Pulse	5	2326367	4190	2
2329	117	Picture	10	2340310	0	1	4088	3	0	4000	other	0
2329	117	Pulse	5	2346366	6056	2
2329	118	Picture	11	2358442	0	2	4089	3	0	4000	hit	247
2329	118	Response	1	2363956	5514	2
2329	118	Pulse	5	2366356	7914	2
2329	119	Picture	10	2376575	0	1	4089	2	0	4000	other	0
2329	119	Pulse	5	2386355	9780	2
2329	120	Picture	10	2394708	0	1	4088	3	0	4000	other	0
2329	120	Pulse	5	2406355	11647	2
2329	121	Pulse	5	2426344	13504	2
2329	122	Picture	30	2437906	0	1	4089	2	0	4000	other	0
2329	122	Pulse	5	2446344	8438	2
2329	123	Picture	30	2456039	0	1	4088	3	0	4000	other	0
2329	123	Pulse	5	2466343	10304	2
2329	124	Picture	30	2474171	0	2	4089	3	0	4000	other	0
2329	124	Pulse	5	2486333	12162	1
2329	125	Picture	31	2492304	0	1	4089	2	0	4000	miss	0
2329	125	Pulse	5	2506332	14028	2
2329	126	Picture	31	2510437	0	1	4088	3	0	4000	hit	263
2329	126	Response	1	2515453	5016	1
2329	126	Pulse	5	2526331	15894	2
2329	127	Picture	30	2528569	0	1	4089	2	0	4000	other	0
2329	127	Pulse	5	2546321	17752	2
2329	128	Picture	30	2546702	0	1	4089	2	0	4000	other	0
2329	129	Picture	30	2564834	0	2	4089	3	0	4000	other	0
2329	129	Pulse	5	2566320	1486	2
2329	130	Picture	31	2582967	0	1	4089	2	0	4000	hit	272
2329	130	Pulse	5	2586320	3353	2
2329	130	Response	1	2586800	3833	2
2329	131	Picture	30	2601099	0	2	4090	3	0	4000	other	0
2329	131	Pulse	5	2606309	5210	2
2329	132	Picture	30	2619232	0	2	4089	3	0	4000	other	0
2329	132	Pulse	5	2626309	7077	1
2329	133	Picture	30	2637365	0	1	4089	2	0	4000	other	0
2329	133	Pulse	5	2646308	8943	2
2329	134	Picture	30	2655498	0	1	4089	2	0	4000	other	0
2329	134	Pulse	5	2666458	10960	1
2329	135	Picture	31	2673630	0	2	4089	3	0	4000	hit	282
2329	135	Response	1	2677337	3707	2
2329	135	Pulse	5	2686457	12827	2
2329	136	Picture	30	2691763	0	1	4089	2	0	4000	other	0
2329	136	Pulse	5	2706456	14693	2
2329	137	Picture	30	2709895	0	2	4089	4	0	4000	false_alarm	287
2329	137	Response	1	2716537	6642	2
