Scenario - 1-back
Logfile written - 04/23/2015 13:20:30

Subject	Trial	Event Type	Code	Time	TTime	Uncertainty	Duration	Uncertainty	ReqTime	ReqDur	Stim Type	Pair Index

2329	1	Pulse	5	848847	858669	2
2329	2	Pulse	5	868847	19858	2
2329	3	Picture	10	874054	0	1	4089	2	0	4000	other	0
2329	3	Pulse	5	888846	14792	2
2329	4	Picture	10	892187	0	1	4089	2	0	4000	other	0
2329	4	Pulse	5	908836	16649	1
2329	5	Picture	11	910320	0	1	4088	3	0	4000	hit	8
2329	5	Response	1	914115	3795	2
2329	6	Picture	10	928452	0	1	4089	2	0	4000	other	0
2329	6	Pulse	5	928835	383	2
2329	7	Picture	11	946584	0	2	4090	3	0	4000	hit	13
2329	7	Pulse	5	948834	2250	2
2329	7	Response	1	950594	4010	2
2329	8	Picture	10	964718	0	1	4088	2	0	4000	other	0
2329	8	Pulse	5	968825	4107	1
2329	9	Picture	10	982850	0	1	4089	2	0	4000	other	0
2329	9	Pulse	5	988825	5975	1
2329	10	Picture	10	1000983	0	1	4088	3	0	4000	other	0
2329	10	Pulse	5	1008824	7841	1
2329	11	Picture	11	1019115	0	2	4089	3	0	4000	hit	21
2329	11	Response	1	1022732	3617	2
2329	11	Pulse	5	1028812	9697	2
2329	12	Picture	10	1037248	0	1	4089	2	0	4000	other	0
2329	12	Pulse	5	1048812	11564	1
2329	13	Picture	10	1055381	0	1	4088	3	0	4000	other	0
2329	13	Pulse	5	1068811	13430	2
2329	14	Picture	11	1073513	0	2	4089	3	0	4000	hit	28
2329	14	Response	1	1077291	3778	2
2329	14	Pulse	5	1088800	15287	2
2329	15	Picture	10	1091646	0	1	4089	2	0	4000	other	0
2329	15	Pulse	5	1108800	17154	2
2329	16	Picture	10	1109779	0	1	4088	3	0	4000	other	0
2329	17	Picture	10	1127911	0	1	4088	3	0	4000	other	0
2329	17	Pulse	5	1128799	888	2
2329	18	Picture	10	1146044	0	1	4089	2	0	4000	other	0
2329	18	Pulse	5	1148789	2745	2
2329	19	Pulse	5	1168788	4612	2
2329	19	Pulse	5	1188788	24612	1
2329	20	Picture	30	1189242	0	2	4089	3	0	4000	other	0
2329	21	Picture	30	1207375	0	1	4089	2	0	4000	other	0
2329	21	Pulse	5	1208777	1402	2
2329	22	Picture	31	1225507	0	2	4089	4	0	4000	hit	44
2329	22	Pulse	5	1228777	3270	1
2329	22	Response	1	1233416	7909	2
2329	23	Picture	30	1243640	0	1	4089	2	0	4000	other	0
2329	23	Pulse	5	1248776	5136	2
2329	24	Picture	30	1261773	0	1	4089	2	0	4000	other	0
2329	24	Pulse	5	1268765	6992	2
2329	25	Picture	30	1279905	0	2	4089	3	0	4000	other	0
2329	25	Pulse	5	1288765	8860	2
2329	26	Picture	31	1298038	0	1	4089	2	0	4000	miss	0
2329	26	Pulse	5	1308764	10726	2
2329	27	Picture	31	1316171	0	1	4088	3	0	4000	hit	54
2329	27	Response	1	1320114	3943	2
2329	27	Pulse	5	1328754	12583	2
2329	28	Picture	30	1334303	0	2	4089	3	0	4000	other	0
2329	28	Pulse	5	1348753	14450	2
2329	29	Picture	30	1352436	0	1	4089	2	0	4000	other	0
2329	29	Pulse	5	1368753	16317	1
2329	30	Picture	30	1370569	0	1	4088	3	0	4000	other	0
2329	31	Picture	31	1388701	0	1	4089	2	0	4000	hit	63
2329	31	Pulse	5	1388742	41	2
2329	31	Response	1	1394343	5642	1
2329	32	Picture	30	1406834	0	1	4089	2	0	4000	other	0
2329	32	Pulse	5	1408742	1908	1
2329	33	Picture	30	1424967	0	1	4088	3	0	4000	other	0
2329	33	Pulse	5	1428741	3774	2
2329	34	Picture	30	1443099	0	1	4089	2	0	4000	other	0
2329	34	Pulse	5	1448730	5631	2
2329	35	Picture	30	1461232	0	1	4089	2	0	4000	other	0
2329	35	Pulse	5	1468730	7498	2
2329	36	Pulse	5	1488729	9365	2
2329	37	Picture	10	1504430	0	1	4089	2	0	4000	other	0
2329	37	Pulse	5	1508719	4289	1
2329	38	Picture	10	1522563	0	1	4089	2	0	4000	other	0
2329	38	Pulse	5	1528718	6155	2
2329	39	Picture	11	1540695	0	2	4089	3	0	4000	hit	78
2329	39	Response	1	1544878	4183	1
2329	39	Pulse	5	1548718	8023	1
2329	40	Picture	10	1558828	0	1	4088	3	0	4000	other	0
2329	40	Pulse	5	1568707	9879	2
2329	41	Picture	11	1576961	0	1	4089	2	0	4000	hit	83
2329	41	Response	1	1581987	5026	1
2329	41	Pulse	5	1588706	11745	2
2329	42	Picture	10	1595093	0	2	4089	3	0	4000	other	0
2329	42	Pulse	5	1608706	13613	2
2329	43	Picture	10	1613226	0	1	4089	2	0	4000	other	0
2329	43	Pulse	5	1628695	15469	2
2329	44	Picture	10	1631359	0	1	4088	3	0	4000	other	0
2329	44	Pulse	5	1648695	17336	1
2329	45	Picture	11	1649491	0	2	4089	3	0	4000	hit	92
2329	45	Response	1	1653494	4003	3
2329	46	Picture	10	1667624	0	1	4089	2	0	4000	other	0
2329	46	Pulse	5	1668694	1070	2
2329	47	Picture	10	1685757	0	1	4088	3	0	4000	other	0
2329	47	Pulse	5	1688684	2927	1
2329	48	Picture	11	1703889	0	1	4089	2	0	4000	hit	98
2329	48	Response	1	1708043	4154	2
2329	48	Pulse	5	1708843	4954	2
2329	49	Picture	10	1722022	0	1	4089	2	0	4000	other	0
2329	49	Pulse	5	1728842	6820	2
2329	50	Picture	10	1740155	0	1	4088	2	0	4000	other	0
2329	50	Pulse	5	1748832	8677	2
2329	51	Picture	10	1758287	0	1	4089	2	0	4000	other	0
2329	51	Pulse	5	1768831	10544	2
2329	52	Picture	10	1776420	0	1	4089	2	0	4000	other	0
2329	52	Pulse	5	1788831	12411	2
2329	53	Pulse	5	1808820	14268	2
2329	54	Picture	20	1819618	0	1	4089	2	0	4000	other	0
2329	54	Pulse	5	1828820	9202	1
2329	55	Picture	20	1837751	0	1	4088	3	0	4000	other	0
2329	55	Pulse	5	1848819	11068	2
2329	56	Picture	21	1855884	0	1	4088	2	0	4000	hit	114
2329	56	Response	1	1860329	4445	2
2329	56	Pulse	5	1868808	12924	2
2329	57	Picture	20	1874016	0	1	4089	2	0	4000	other	0
2329	57	Pulse	5	1888808	14792	2
2329	58	Picture	20	1892149	0	1	4088	3	0	4000	other	0
2329	58	Pulse	5	1908807	16658	2
2329	59	Picture	20	1910281	0	2	4089	3	0	4000	other	0
2329	60	Picture	21	1928414	0	1	4089	2	0	4000	hit	123
2329	60	Pulse	5	1928797	383	2
2329	60	Response	1	1932157	3743	1
2329	61	Picture	20	1946546	0	2	4089	4	0	4000	other	0
2329	61	Pulse	5	1948796	2250	2
2329	62	Picture	20	1964679	0	2	4089	3	0	4000	other	0
2329	62	Pulse	5	1968796	4117	1
2329	63	Picture	20	1982812	0	1	4089	2	0	4000	other	0
2329	63	Pulse	5	1988786	5974	2
2329	64	Picture	20	2000945	0	2	4088	4	0	4000	other	0
2329	64	Pulse	5	2008785	7840	2
2329	65	Picture	20	2019077	0	1	4089	2	0	4000	other	0
2329	65	Pulse	5	2028784	9707	3
2329	66	Picture	21	2037210	0	1	4089	2	0	4000	hit	135
2329	66	Response	1	2042054	4844	1
2329	66	Pulse	5	2048773	11563	2
2329	67	Picture	20	2055343	0	1	4088	2	0	4000	other	0
2329	67	Pulse	5	2068773	13430	2
2329	68	Picture	20	2073475	0	1	4089	2	0	4000	other	0
2329	68	Pulse	5	2088772	15297	2
2329	69	Picture	21	2091608	0	1	4088	3	0	4000	hit	142
2329	69	Response	1	2096612	5004	2
2329	69	Pulse	5	2108762	17154	2
2329	70	Pulse	5	2128761	19020	2
2329	71	Picture	10	2134806	0	1	4089	2	0	4000	other	0
2329	71	Pulse	5	2148761	13955	1
2329	72	Picture	10	2152939	0	1	4089	2	0	4000	other	0
2329	72	Pulse	5	2168750	15811	2
2329	73	Picture	11	2171071	0	2	4089	3	0	4000	hit	150
2329	73	Response	1	2176430	5359	2
2329	73	Pulse	5	2188750	17679	1
2329	74	Picture	10	2189204	0	1	4089	2	0	4000	other	0
2329	75	Picture	11	2207337	0	1	4089	2	0	4000	hit	155
2329	75	Pulse	5	2208749	1412	2
2329	75	Response	1	2211629	4292	2
2329	76	Picture	10	2225469	0	2	4089	3	0	4000	other	0
2329	76	Pulse	5	2228738	3269	2
2329	77	Picture	10	2243602	0	1	4089	2	0	4000	other	0
2329	77	Pulse	5	2248738	5136	2
2329	78	Picture	11	2261735	0	1	4088	3	0	4000	hit	161
2329	78	Response	1	2266177	4442	2
2329	78	Pulse	5	2268737	7002	2
2329	79	Picture	10	2279867	0	2	4089	3	0	4000	other	0
2329	79	Pulse	5	2288727	8860	1
2329	80	Picture	10	2298000	0	1	4089	2	0	4000	other	0
2329	80	Pulse	5	2308727	10727	1
2329	81	Picture	10	2316133	0	1	4088	2	0	4000	other	0
2329	81	Pulse	5	2328726	12593	1
2329	82	Picture	10	2334265	0	1	4089	2	0	4000	other	0
2329	82	Pulse	5	2348715	14450	2
2329	83	Picture	10	2352398	0	1	4089	2	0	4000	other	0
2329	83	Pulse	5	2368714	16316	2
2329	84	Picture	11	2370531	0	1	4088	2	0	4000	hit	174
2329	84	Response	1	2374314	3783	2
2329	85	Picture	10	2388662	0	3	4090	4	0	4000	other	0
2329	85	Pulse	5	2388714	52	2
2329	86	Picture	10	2406796	0	1	4089	2	0	4000	false_alarm	179
2329	86	Pulse	5	2408703	1907	2
2329	86	Response	1	2410463	3667	2
2329	87	Pulse	5	2428703	3775	2
2329	87	Pulse	5	2448702	23774	2
2329	88	Picture	30	2449994	0	1	4089	2	0	4000	other	0
2329	89	Picture	30	2468127	0	1	4089	2	0	4000	other	0
2329	89	Pulse	5	2468692	565	1
2329	90	Picture	30	2486259	0	2	4089	3	0	4000	other	0
2329	90	Pulse	5	2488691	2432	2
2329	91	Picture	31	2504392	0	1	4089	2	0	4000	hit	189
2329	91	Pulse	5	2508690	4298	2
2329	91	Response	1	2512370	7978	2
2329	92	Picture	31	2522525	0	1	4088	3	0	4000	hit	192
2329	92	Pulse	5	2528680	6155	2
2329	92	Response	1	2529640	7115	2
2329	93	Picture	30	2540657	0	2	4089	3	0	4000	other	0
2329	93	Pulse	5	2548679	8022	2
2329	94	Picture	30	2558790	0	1	4089	2	0	4000	other	0
2329	94	Pulse	5	2568679	9889	2
2329	95	Picture	30	2576923	0	1	4088	3	0	4000	other	0
2329	95	Pulse	5	2588668	11745	2
2329	96	Picture	31	2595055	0	2	4089	3	0	4000	hit	200
2329	96	Response	1	2602108	7053	2
2329	96	Pulse	5	2608668	13613	1
2329	97	Picture	30	2613187	0	2	4090	3	0	4000	other	0
2329	97	Pulse	5	2628667	15480	2
2329	98	Picture	30	2631321	0	1	4088	3	0	4000	other	0
2329	98	Pulse	5	2648656	17335	2
2329	99	Picture	30	2649453	0	1	4089	2	0	4000	other	0
2329	100	Picture	30	2667586	0	1	4089	2	0	4000	other	0
2329	100	Pulse	5	2668656	1070	2
2329	101	Picture	31	2685718	0	2	4089	3	0	4000	hit	211
2329	101	Pulse	5	2688655	2937	2
2329	101	Response	1	2689295	3577	2
2329	102	Picture	30	2703851	0	1	4089	2	0	4000	other	0
2329	102	Pulse	5	2708645	4794	2
2329	103	Picture	30	2721984	0	1	4089	2	0	4000	false_alarm	215
2329	103	Response	1	2727845	5861	1
2329	103	Pulse	5	2728644	6660	2
2329	104	Pulse	5	2748804	8688	1
2329	105	Picture	10	2765182	0	1	4089	2	0	4000	other	0
2329	105	Pulse	5	2768793	3611	2
2329	106	Picture	10	2783315	0	1	4089	2	0	4000	other	0
2329	106	Pulse	5	2788793	5478	1
2329	107	Picture	11	2801447	0	2	4089	3	0	4000	hit	223
2329	107	Response	1	2805752	4305	2
2329	107	Pulse	5	2808792	7345	2
2329	108	Picture	10	2819580	0	1	4089	2	0	4000	other	0
2329	108	Pulse	5	2828782	9202	1
2329	109	Picture	11	2837713	0	1	4088	3	0	4000	hit	228
2329	109	Response	1	2842541	4828	2
2329	109	Pulse	5	2848781	11068	2
2329	110	Picture	10	2855845	0	2	4089	3	0	4000	other	0
2329	110	Pulse	5	2868780	12935	2
2329	111	Picture	10	2873978	0	1	4089	2	0	4000	other	0
2329	111	Pulse	5	2888770	14792	2
2329	112	Picture	11	2892111	0	1	4088	3	0	4000	hit	235
2329	112	Response	1	2896449	4338	2
2329	112	Pulse	5	2908769	16658	2
2329	113	Picture	10	2910243	0	2	4089	3	0	4000	other	0
2329	114	Picture	10	2928376	0	1	4089	2	0	4000	other	0
2329	114	Pulse	5	2928769	393	1
2329	115	Picture	10	2946508	0	2	4089	4	0	4000	other	0
2329	115	Pulse	5	2948758	2250	2
2329	116	Picture	10	2964641	0	1	4089	2	0	4000	other	0
2329	116	Pulse	5	2968757	4116	2
2329	117	Picture	10	2982774	0	1	4089	2	0	4000	other	0
2329	117	Pulse	5	2988757	5983	2
2329	118	Picture	11	3000906	0	3	4089	4	0	4000	hit	247
2329	118	Response	1	3004748	3842	1
2329	118	Pulse	5	3008748	7842	1
2329	119	Picture	10	3019039	0	1	4089	2	0	4000	other	0
2329	119	Pulse	5	3028747	9708	1
2329	120	Picture	10	3037172	0	1	4089	2	0	4000	other	0
2329	120	Pulse	5	3048747	11575	1
2329	121	Pulse	5	3068735	13431	1
2329	122	Picture	20	3080370	0	1	4089	2	0	4000	other	0
2329	122	Pulse	5	3088734	8364	2
2329	123	Picture	20	3098503	0	1	4089	2	0	4000	other	0
2329	123	Pulse	5	3108734	10231	1
2329	124	Picture	20	3116635	0	2	4089	3	0	4000	other	0
2329	124	Pulse	5	3128723	12088	2
2329	125	Picture	21	3134768	0	1	4089	2	0	4000	hit	261
2329	125	Response	1	3138003	3235	2
2329	125	Pulse	5	3148722	13954	2
2329	126	Picture	20	3152901	0	1	4088	3	0	4000	other	0
2329	126	Pulse	5	3168723	15822	1
2329	127	Picture	20	3171033	0	2	4089	4	0	4000	other	0
2329	127	Pulse	5	3188711	17678	2
2329	128	Picture	21	3189166	0	1	4089	2	0	4000	hit	268
2329	128	Response	1	3194951	5785	2
2329	129	Picture	20	3207299	0	1	4088	3	0	4000	other	0
2329	129	Pulse	5	3208711	1412	2
2329	130	Picture	20	3225431	0	1	4089	2	0	4000	other	0
2329	130	Pulse	5	3228710	3279	2
2329	131	Picture	20	3243564	0	1	4089	2	0	4000	other	0
2329	131	Pulse	5	3248700	5136	1
2329	132	Picture	21	3261697	0	1	4088	3	0	4000	hit	276
2329	132	Response	1	3265499	3802	2
2329	132	Pulse	5	3268699	7002	2
2329	133	Picture	20	3279829	0	1	4089	2	0	4000	other	0
2329	133	Pulse	5	3288698	8869	2
2329	134	Picture	20	3297962	0	1	4089	2	0	4000	other	0
2329	134	Pulse	5	3308688	10726	2
2329	135	Picture	21	3316094	0	2	4089	3	0	4000	hit	283
2329	135	Response	1	3321008	4914	1
2329	135	Pulse	5	3328687	12593	2
2329	136	Picture	20	3334227	0	1	4089	2	0	4000	other	0
2329	136	Pulse	5	3348687	14460	2
2329	137	Picture	20	3352360	0	1	4088	3	0	4000	other	0
