Scenario - 1-back
Logfile written - 03/26/2015 13:11:27

Subject	Trial	Event Type	Code	Time	TTime	Uncertainty	Duration	Uncertainty	ReqTime	ReqDur	Stim Type	Pair Index

2333	1	Pulse	5	173679	183513	1
2333	2	Pulse	5	193678	19821	2
2333	3	Picture	10	198891	0	1	4145	2	0	4000	other	0
2333	3	Pulse	5	213667	14776	3
2333	4	Picture	10	216962	0	1	4145	2	0	4000	other	0
2333	4	Pulse	5	233667	16705	2
2333	5	Picture	11	235033	0	1	4145	2	0	4000	hit	8
2333	5	Response	1	239107	4074	2
2333	6	Picture	10	253104	0	1	4144	3	0	4000	other	0
2333	6	Pulse	5	253666	562	2
2333	7	Picture	11	271175	0	1	4144	2	0	4000	hit	13
2333	7	Pulse	5	273656	2481	3
2333	7	Response	1	275096	3921	2
2333	8	Picture	10	289245	0	2	4145	3	0	4000	other	0
2333	8	Pulse	5	293656	4411	2
2333	9	Picture	10	307316	0	1	4143	6	0	4000	other	0
2333	9	Pulse	5	313655	6339	3
2333	10	Picture	10	325387	0	1	4145	2	0	4000	other	0
2333	10	Pulse	5	333645	8258	2
2333	11	Picture	11	343458	0	1	4145	2	0	4000	hit	21
2333	11	Response	1	348205	4747	2
2333	11	Pulse	5	353645	10187	2
2333	12	Picture	10	361529	0	1	4144	3	0	4000	other	0
2333	12	Pulse	5	373644	12115	2
2333	13	Picture	10	379600	0	1	4144	2	0	4000	other	0
2333	13	Pulse	5	393635	14035	1
2333	14	Picture	11	397670	0	2	4145	3	0	4000	hit	28
2333	14	Response	1	402754	5084	2
2333	14	Pulse	5	413633	15963	2
2333	15	Picture	10	415741	0	1	4145	2	0	4000	other	0
2333	15	Pulse	5	433633	17892	2
2333	16	Picture	10	433812	0	1	4145	2	0	4000	other	0
2333	17	Picture	10	451883	0	1	4144	3	0	4000	other	0
2333	17	Pulse	5	453623	1740	2
2333	18	Picture	10	469954	0	1	4144	3	0	4000	other	0
2333	18	Pulse	5	473622	3668	2
2333	19	Pulse	5	493622	5598	2
2333	20	Picture	20	513058	0	2	4145	3	0	4000	other	0
2333	20	Pulse	5	513612	554	1
2333	21	Picture	20	531129	0	1	4145	2	0	4000	other	0
2333	21	Pulse	5	533611	2482	2
2333	22	Picture	21	549200	0	1	4145	2	0	4000	miss	0
2333	22	Pulse	5	553611	4411	2
2333	23	Picture	20	567271	0	1	4145	2	0	4000	other	0
2333	23	Pulse	5	573600	6329	2
2333	24	Picture	20	585342	0	1	4144	3	0	4000	other	0
2333	24	Pulse	5	593600	8258	2
2333	25	Picture	20	603413	0	1	4144	2	0	4000	other	0
2333	25	Pulse	5	613600	10187	2
2333	26	Picture	21	621483	0	2	4145	3	0	4000	hit	51
2333	26	Response	1	629749	8266	2
2333	26	Pulse	5	633589	12106	2
2333	27	Picture	20	639554	0	1	4145	2	0	4000	other	0
2333	27	Pulse	5	653589	14035	2
2333	28	Picture	20	657625	0	1	4145	2	0	4000	other	0
2333	28	Pulse	5	673589	15964	1
2333	29	Picture	20	675696	0	1	4145	2	0	4000	other	0
2333	29	Pulse	5	693578	17882	2
2333	30	Picture	20	693767	0	1	4144	3	0	4000	other	0
2333	31	Picture	20	711838	0	1	4144	2	0	4000	other	0
2333	31	Pulse	5	713578	1740	2
2333	32	Picture	21	729908	0	1	4145	2	0	4000	hit	64
2333	32	Pulse	5	733577	3669	2
2333	32	Response	1	736137	6229	2
2333	33	Picture	20	747979	0	1	4145	2	0	4000	other	0
2333	33	Pulse	5	753567	5588	2
2333	34	Picture	20	766050	0	1	4145	3	0	4000	other	0
2333	34	Pulse	5	773567	7517	2
2333	35	Picture	21	784121	0	1	4144	3	0	4000	miss	0
2333	35	Pulse	5	793566	9445	3
2333	36	Pulse	5	813556	11364	2
2333	37	Picture	10	827226	0	1	4144	2	0	4000	other	0
2333	37	Pulse	5	833556	6330	1
2333	38	Picture	10	845296	0	2	4145	3	0	4000	other	0
2333	38	Pulse	5	853545	8249	3
2333	39	Picture	11	863367	0	1	4145	2	0	4000	hit	77
2333	39	Response	1	867785	4418	2
2333	39	Pulse	5	873545	10178	2
2333	40	Picture	10	881438	0	1	4145	2	0	4000	other	0
2333	40	Pulse	5	893544	12106	2
2333	41	Picture	11	899509	0	1	4145	2	0	4000	hit	82
2333	41	Response	1	902504	2995	2
2333	41	Pulse	5	913544	14035	2
2333	42	Picture	10	917580	0	1	4144	3	0	4000	other	0
2333	42	Pulse	5	933534	15954	2
2333	43	Picture	10	935650	0	2	4145	3	0	4000	other	0
2333	43	Pulse	5	953533	17883	3
2333	44	Picture	10	953721	0	1	4145	2	0	4000	other	0
2333	45	Picture	11	971792	0	1	4145	2	0	4000	hit	91
2333	45	Pulse	5	973533	1741	2
2333	45	Response	1	975934	4142	1
2333	46	Picture	10	989863	0	1	4145	2	0	4000	other	0
2333	46	Pulse	5	993523	3660	2
2333	47	Picture	10	1007934	0	1	4144	3	0	4000	other	0
2333	47	Pulse	5	1013683	5749	1
2333	48	Picture	11	1026005	0	1	4144	3	0	4000	hit	97
2333	48	Response	1	1031122	5117	2
2333	48	Pulse	5	1033682	7677	2
2333	49	Picture	10	1044075	0	2	4145	3	0	4000	other	0
2333	49	Pulse	5	1053671	9596	2
2333	50	Picture	10	1062146	0	2	4145	3	0	4000	other	0
2333	50	Pulse	5	1073671	11525	2
2333	51	Picture	10	1080217	0	1	4145	2	0	4000	other	0
2333	51	Pulse	5	1093671	13454	1
2333	52	Picture	10	1098288	0	1	4145	2	0	4000	other	0
2333	52	Pulse	5	1113660	15372	2
2333	53	Pulse	5	1133660	17301	2
2333	54	Picture	30	1141393	0	1	4144	3	0	4000	other	0
2333	54	Pulse	5	1153660	12267	1
2333	55	Picture	30	1159464	0	1	4144	2	0	4000	other	0
2333	55	Pulse	5	1173649	14185	2
2333	56	Picture	31	1177534	0	2	4145	3	0	4000	hit	113
2333	56	Response	1	1182929	5395	2
2333	56	Pulse	5	1193649	16115	2
2333	57	Picture	30	1195605	0	1	4145	2	0	4000	other	0
2333	57	Pulse	5	1213648	18043	2
2333	58	Picture	30	1213676	0	1	4145	2	0	4000	other	0
2333	59	Picture	30	1231747	0	1	4145	2	0	4000	other	0
2333	59	Pulse	5	1233638	1891	2
2333	60	Picture	31	1249818	0	1	4144	3	0	4000	hit	122
2333	60	Pulse	5	1253638	3820	2
2333	60	Response	1	1256198	6380	2
2333	61	Picture	31	1267888	0	2	4145	3	0	4000	hit	125
2333	61	Pulse	5	1273637	5749	3
2333	61	Response	1	1277627	9739	2
2333	62	Picture	30	1285959	0	1	4145	2	0	4000	other	0
2333	62	Pulse	5	1293627	7668	2
2333	63	Picture	30	1304030	0	1	4145	2	0	4000	other	0
2333	63	Pulse	5	1313627	9597	1
2333	64	Picture	30	1322101	0	1	4145	2	0	4000	other	0
2333	64	Pulse	5	1333626	11525	2
2333	65	Picture	31	1340172	0	1	4144	3	0	4000	hit	133
2333	65	Response	1	1348816	8644	2
2333	65	Pulse	5	1353617	13445	1
2333	66	Picture	30	1358243	0	1	4144	3	0	4000	other	0
2333	66	Pulse	5	1373615	15372	2
2333	67	Picture	30	1376313	0	2	4145	3	0	4000	other	0
2333	67	Pulse	5	1393615	17302	2
2333	68	Picture	30	1394384	0	2	4145	3	0	4000	other	0
2333	69	Picture	30	1412455	0	1	4145	2	0	4000	other	0
2333	69	Pulse	5	1413605	1150	1
2333	70	Pulse	5	1433604	3078	2
2333	70	Pulse	5	1453605	23079	1
2333	71	Picture	10	1455560	0	1	4145	2	0	4000	other	0
2333	71	Pulse	5	1473594	18034	2
2333	72	Picture	10	1473631	0	1	4144	3	0	4000	other	0
2333	73	Picture	11	1491702	0	1	4144	2	0	4000	hit	149
2333	73	Pulse	5	1493593	1891	2
2333	73	Response	1	1498714	7012	1
2333	74	Picture	10	1509772	0	1	4145	2	0	4000	other	0
2333	74	Pulse	5	1513593	3821	2
2333	75	Picture	11	1527843	0	1	4145	2	0	4000	hit	153
2333	75	Response	1	1532302	4459	2
2333	75	Pulse	5	1533583	5740	1
2333	76	Picture	10	1545914	0	1	4145	2	0	4000	other	0
2333	76	Pulse	5	1553582	7668	2
2333	77	Picture	10	1563985	0	1	4144	3	0	4000	other	0
2333	77	Pulse	5	1573582	9597	2
2333	78	Picture	11	1582056	0	1	4144	2	0	4000	hit	160
2333	78	Response	1	1586531	4475	3
2333	78	Pulse	5	1593571	11515	2
2333	79	Picture	10	1600126	0	2	4145	4	0	4000	other	0
2333	79	Pulse	5	1613571	13445	2
2333	80	Picture	10	1618197	0	1	4145	2	0	4000	other	0
2333	80	Pulse	5	1633571	15374	1
2333	81	Picture	10	1636268	0	1	4145	2	0	4000	other	0
2333	81	Pulse	5	1653560	17292	2
2333	82	Picture	10	1654339	0	1	4145	2	0	4000	other	0
2333	83	Picture	10	1672410	0	1	4144	3	0	4000	other	0
2333	83	Pulse	5	1673560	1150	2
2333	84	Picture	11	1690481	0	1	4144	2	0	4000	hit	173
2333	84	Pulse	5	1693559	3078	2
2333	84	Response	1	1695639	5158	3
2333	85	Picture	10	1708551	0	2	4145	3	0	4000	other	0
2333	85	Pulse	5	1713549	4998	2
2333	86	Picture	10	1726622	0	2	4145	3	0	4000	other	0
2333	86	Pulse	5	1733549	6927	2
2333	87	Pulse	5	1753548	8855	3
2333	88	Picture	20	1769727	0	1	4145	2	0	4000	other	0
2333	88	Pulse	5	1773538	3811	2
2333	89	Picture	20	1787798	0	1	4144	3	0	4000	other	0
2333	89	Pulse	5	1793538	5740	1
2333	90	Picture	20	1805869	0	1	4144	2	0	4000	other	0
2333	90	Pulse	5	1813537	7668	2
2333	91	Picture	21	1823939	0	2	4145	3	0	4000	hit	186
2333	91	Response	1	1830167	6228	2
2333	91	Pulse	5	1833527	9588	2
2333	92	Picture	20	1842010	0	2	4145	3	0	4000	other	0
2333	92	Pulse	5	1853526	11516	2
2333	93	Picture	20	1860081	0	1	4145	2	0	4000	other	0
2333	93	Pulse	5	1873516	13435	2
2333	94	Picture	21	1878152	0	1	4145	2	0	4000	miss	0
2333	94	Pulse	5	1893516	15364	1
2333	95	Picture	20	1896223	0	1	4144	3	0	4000	other	0
2333	95	Pulse	5	1913515	17292	2
2333	96	Picture	20	1914294	0	1	4144	3	0	4000	other	0
2333	97	Picture	20	1932364	0	2	4145	3	0	4000	other	0
2333	97	Pulse	5	1933515	1151	2
2333	98	Picture	21	1950435	0	1	4145	2	0	4000	hit	201
2333	98	Pulse	5	1953504	3069	3
2333	98	Response	1	1956384	5949	2
2333	99	Picture	20	1968506	0	1	4145	2	0	4000	other	0
2333	99	Pulse	5	1973504	4998	2
2333	100	Picture	20	1986577	0	1	4145	2	0	4000	other	0
2333	100	Pulse	5	1993504	6927	2
2333	101	Picture	21	2004648	0	1	4144	3	0	4000	hit	207
2333	101	Response	1	2010453	5805	2
2333	101	Pulse	5	2013493	8845	2
2333	102	Picture	20	2022719	0	1	4144	2	0	4000	other	0
2333	102	Pulse	5	2033493	10774	2
2333	103	Picture	20	2040789	0	2	4145	3	0	4000	other	0
2333	103	Pulse	5	2053653	12864	1
2333	104	Pulse	5	2073642	14782	2
2333	105	Picture	10	2083894	0	1	4145	2	0	4000	other	0
2333	105	Pulse	5	2093642	9748	2
2333	106	Picture	10	2101965	0	1	4145	2	0	4000	other	0
2333	106	Pulse	5	2113642	11677	1
2333	107	Picture	11	2120036	0	1	4144	3	0	4000	hit	219
2333	107	Response	1	2123551	3515	2
2333	107	Pulse	5	2133631	13595	2
2333	108	Picture	10	2138107	0	1	4144	2	0	4000	other	0
2333	108	Pulse	5	2153631	15524	2
2333	109	Picture	11	2156177	0	2	4145	3	0	4000	hit	224
2333	109	Response	1	2159231	3054	2
2333	109	Pulse	5	2173630	17453	2
2333	110	Picture	10	2174248	0	2	4145	3	0	4000	other	0
2333	111	Picture	10	2192319	0	1	4145	2	0	4000	other	0
2333	111	Pulse	5	2193620	1301	2
2333	112	Picture	11	2210390	0	1	4145	2	0	4000	hit	231
2333	112	Pulse	5	2213620	3230	2
2333	112	Response	1	2214100	3710	2
2333	113	Picture	10	2228461	0	1	4144	3	0	4000	other	0
2333	113	Pulse	5	2233619	5158	3
2333	114	Picture	10	2246532	0	1	4144	2	0	4000	other	0
2333	114	Pulse	5	2253609	7077	2
2333	115	Picture	10	2264602	0	2	4145	3	0	4000	other	0
2333	115	Pulse	5	2273608	9006	2
2333	116	Picture	10	2282673	0	1	4145	2	0	4000	other	0
2333	116	Pulse	5	2293608	10935	2
2333	117	Picture	10	2300744	0	1	4145	2	0	4000	other	0
2333	117	Pulse	5	2313598	12854	2
2333	118	Picture	11	2318815	0	1	4145	2	0	4000	hit	243
2333	118	Response	1	2322398	3583	1
2333	118	Pulse	5	2333597	14782	2
2333	119	Picture	10	2336886	0	1	4144	3	0	4000	other	0
2333	119	Pulse	5	2353597	16711	2
2333	120	Picture	10	2354956	0	2	4145	3	0	4000	other	0
2333	121	Pulse	5	2373587	560	2
2333	121	Pulse	5	2393586	20559	2
2333	122	Picture	30	2398061	0	2	4145	3	0	4000	other	0
2333	122	Pulse	5	2413586	15525	2
2333	123	Picture	30	2416132	0	1	4145	2	0	4000	other	0
2333	123	Pulse	5	2433576	17444	1
2333	124	Picture	30	2434203	0	1	4145	2	0	4000	other	0
2333	125	Picture	31	2452274	0	1	4144	3	0	4000	hit	257
2333	125	Pulse	5	2453575	1301	2
2333	125	Response	1	2456615	4341	2
2333	126	Picture	31	2470345	0	1	4144	3	0	4000	hit	260
2333	126	Pulse	5	2473575	3230	2
2333	126	Response	1	2474365	4020	3
2333	127	Picture	30	2488415	0	2	4145	3	0	4000	other	0
2333	127	Pulse	5	2493564	5149	2
2333	128	Picture	30	2506486	0	1	4145	2	0	4000	other	0
2333	128	Pulse	5	2513564	7078	2
2333	129	Picture	30	2524557	0	1	4145	2	0	4000	other	0
2333	129	Pulse	5	2533564	9007	1
2333	130	Picture	31	2542628	0	1	4145	2	0	4000	hit	269
2333	130	Pulse	5	2553553	10925	2
2333	130	Response	1	2557714	15086	1
2333	131	Picture	30	2560699	0	1	4144	3	0	4000	other	0
2333	131	Pulse	5	2573553	12854	2
2333	132	Picture	30	2578769	0	2	4145	3	0	4000	other	0
2333	132	Pulse	5	2593552	14783	2
2333	133	Picture	30	2596840	0	2	4145	3	0	4000	other	0
2333	133	Pulse	5	2613542	16702	2
2333	134	Picture	30	2614911	0	1	4145	2	0	4000	other	0
2333	135	Picture	31	2632982	0	1	4145	2	0	4000	hit	279
2333	135	Pulse	5	2633542	560	2
2333	135	Response	1	2640102	7120	2
2333	136	Picture	30	2651053	0	1	4145	2	0	4000	other	0
2333	136	Pulse	5	2653541	2488	2
2333	137	Picture	30	2669124	0	1	4144	3	0	4000	other	0
2333	137	Pulse	5	2673531	4407	2
