Scenario - 1-back
Logfile written - 03/26/2015 13:16:00

Subject	Trial	Event Type	Code	Time	TTime	Uncertainty	Duration	Uncertainty	ReqTime	ReqDur	Stim Type	Pair Index

2333	1	Pulse	5	191889	201723	2
2333	2	Pulse	5	211888	19960	2
2333	3	Picture	10	216962	0	1	4145	2	0	4000	other	0
2333	3	Pulse	5	231888	14926	2
2333	4	Picture	10	235033	0	1	4145	2	0	4000	other	0
2333	4	Pulse	5	251878	16845	2
2333	5	Picture	11	253104	0	1	4144	3	0	4000	miss	0
2333	6	Picture	10	271175	0	1	4144	2	0	4000	other	0
2333	6	Pulse	5	271877	702	2
2333	7	Picture	11	289245	0	2	4145	3	0	4000	hit	12
2333	7	Pulse	5	291877	2632	2
2333	7	Response	1	293637	4392	2
2333	8	Picture	10	307316	0	1	4145	2	0	4000	other	0
2333	8	Pulse	5	311867	4551	1
2333	9	Picture	10	325387	0	1	4145	2	0	4000	other	0
2333	9	Pulse	5	331866	6479	2
2333	10	Picture	10	343458	0	1	4145	2	0	4000	other	0
2333	10	Pulse	5	351866	8408	2
2333	11	Picture	11	361529	0	1	4144	3	0	4000	miss	0
2333	11	Pulse	5	371855	10326	2
2333	12	Picture	10	379600	0	1	4144	2	0	4000	other	0
2333	12	Pulse	5	391855	12255	2
2333	13	Picture	10	397670	0	2	4145	3	0	4000	other	0
2333	13	Pulse	5	411845	14175	3
2333	14	Picture	11	415741	0	1	4145	2	0	4000	hit	26
2333	14	Response	1	420324	4583	4
2333	14	Pulse	5	431844	16103	3
2333	15	Picture	10	433812	0	1	4145	2	0	4000	other	0
2333	15	Pulse	5	451844	18032	3
2333	16	Picture	10	451883	0	1	4145	2	0	4000	other	0
2333	17	Picture	10	469954	0	1	4144	3	0	4000	other	0
2333	17	Pulse	5	471843	1889	4
2333	18	Picture	10	488024	0	2	4145	3	0	4000	other	0
2333	18	Pulse	5	491993	3969	2
2333	19	Pulse	5	511993	5898	2
2333	20	Picture	30	531129	0	2	4145	3	0	4000	other	0
2333	20	Pulse	5	531992	863	2
2333	21	Picture	30	549200	0	1	4145	2	0	4000	other	0
2333	21	Pulse	5	551982	2782	2
2333	22	Picture	31	567271	0	1	4145	2	0	4000	miss	0
2333	22	Pulse	5	571982	4711	2
2333	23	Picture	30	585342	0	1	4144	3	0	4000	other	0
2333	23	Pulse	5	591981	6639	2
2333	24	Picture	30	603413	0	1	4144	2	0	4000	other	0
2333	24	Pulse	5	611971	8558	2
2333	25	Picture	30	621483	0	2	4145	3	0	4000	other	0
2333	25	Pulse	5	631971	10488	1
2333	26	Picture	31	639554	0	1	4145	2	0	4000	hit	49
2333	26	Response	1	647170	7616	2
2333	26	Pulse	5	651970	12416	2
2333	27	Picture	31	657625	0	1	4145	2	0	4000	hit	52
2333	27	Response	1	661560	3935	2
2333	27	Pulse	5	671960	14335	2
2333	28	Picture	30	675696	0	1	4144	3	0	4000	other	0
2333	28	Pulse	5	691959	16263	2
2333	29	Picture	30	693767	0	1	4144	3	0	4000	other	0
2333	30	Picture	30	711838	0	1	4144	2	0	4000	other	0
2333	30	Pulse	5	711959	121	2
2333	31	Picture	31	729908	0	2	4145	3	0	4000	hit	61
2333	31	Pulse	5	731949	2041	2
2333	31	Response	1	733869	3961	1
2333	32	Picture	30	747979	0	1	4145	2	0	4000	other	0
2333	32	Pulse	5	751948	3969	2
2333	33	Picture	30	766050	0	1	4145	2	0	4000	other	0
2333	33	Pulse	5	771948	5898	2
2333	34	Picture	30	784121	0	1	4144	3	0	4000	other	0
2333	34	Pulse	5	791938	7817	1
2333	35	Picture	30	802192	0	1	4144	3	0	4000	other	0
2333	35	Pulse	5	811937	9745	2
2333	36	Pulse	5	831937	11675	2
2333	37	Picture	10	845296	0	2	4145	3	0	4000	other	0
2333	37	Pulse	5	851926	6630	2
2333	38	Picture	10	863367	0	1	4145	2	0	4000	other	0
2333	38	Pulse	5	871926	8559	2
2333	39	Picture	11	881438	0	1	4145	2	0	4000	hit	77
2333	39	Pulse	5	891926	10488	1
2333	39	Response	1	892406	10968	1
2333	40	Picture	10	899509	0	1	4145	2	0	4000	other	0
2333	40	Pulse	5	911915	12406	3
2333	41	Picture	11	917576	0	17	4148	19	0	4000	hit	81
2333	41	Response	1	921995	4419	2
2333	41	Pulse	5	931915	14339	2
2333	42	Picture	10	935651	0	1	4144	2	0	4000	other	0
2333	42	Pulse	5	951914	16263	3
2333	43	Picture	10	953721	0	1	4145	2	0	4000	other	0
2333	44	Picture	10	971792	0	1	4145	2	0	4000	other	0
2333	44	Pulse	5	971904	112	2
2333	45	Picture	11	989863	0	1	4145	2	0	4000	hit	90
2333	45	Pulse	5	991904	2041	2
2333	45	Response	1	993184	3321	2
2333	46	Picture	10	1007934	0	1	4144	3	0	4000	other	0
2333	46	Pulse	5	1011903	3969	2
2333	47	Picture	10	1026005	0	1	4144	3	0	4000	other	0
2333	47	Pulse	5	1031893	5888	2
2333	48	Picture	11	1044076	0	1	4144	2	0	4000	hit	96
2333	48	Response	1	1049973	5897	2
2333	48	Pulse	5	1051893	7817	2
2333	49	Picture	10	1062146	0	2	4145	3	0	4000	other	0
2333	49	Pulse	5	1071892	9746	2
2333	50	Picture	10	1080217	0	1	4145	2	0	4000	other	0
2333	50	Pulse	5	1091882	11665	2
2333	51	Picture	10	1098288	0	1	4145	2	0	4000	other	0
2333	51	Pulse	5	1111882	13594	1
2333	52	Picture	10	1116359	0	1	4145	2	0	4000	other	0
2333	52	Pulse	5	1131881	15522	2
2333	53	Pulse	5	1151871	17441	2
2333	54	Picture	20	1159464	0	1	4144	2	0	4000	other	0
2333	54	Pulse	5	1171870	12406	2
2333	55	Picture	20	1177534	0	2	4145	3	0	4000	other	0
2333	55	Pulse	5	1191870	14336	2
2333	56	Picture	21	1195605	0	1	4145	3	0	4000	hit	112
2333	56	Response	1	1199390	3785	2
2333	56	Pulse	5	1211860	16255	1
2333	57	Picture	20	1213676	0	1	4145	2	0	4000	other	0
2333	58	Picture	20	1231747	0	1	4145	2	0	4000	other	0
2333	58	Pulse	5	1231859	112	2
2333	59	Picture	20	1249818	0	1	4144	3	0	4000	other	0
2333	59	Pulse	5	1251860	2042	1
2333	60	Picture	21	1267888	0	2	4145	3	0	4000	hit	121
2333	60	Pulse	5	1271848	3960	2
2333	60	Response	1	1272169	4281	1
2333	61	Picture	20	1285959	0	2	4145	3	0	4000	other	0
2333	61	Pulse	5	1291848	5889	2
2333	62	Picture	20	1304030	0	1	4145	2	0	4000	other	0
2333	62	Pulse	5	1311849	7819	1
2333	63	Picture	20	1322101	0	1	4145	2	0	4000	other	0
2333	63	Pulse	5	1331837	9736	3
2333	64	Picture	20	1340172	0	1	4145	2	0	4000	other	0
2333	64	Pulse	5	1351837	11665	2
2333	65	Picture	20	1358243	0	1	4144	3	0	4000	other	0
2333	65	Pulse	5	1371837	13594	1
2333	66	Picture	21	1376314	0	1	4144	2	0	4000	hit	133
2333	66	Response	1	1383826	7512	3
2333	66	Pulse	5	1391826	15512	3
2333	67	Picture	20	1394384	0	1	4145	2	0	4000	other	0
2333	67	Pulse	5	1411826	17442	2
2333	68	Picture	20	1412455	0	1	4145	2	0	4000	other	0
2333	69	Picture	21	1430526	0	1	4145	2	0	4000	hit	140
2333	69	Pulse	5	1431815	1289	3
2333	69	Response	1	1435335	4809	3
2333	70	Pulse	5	1451815	3218	2
2333	70	Pulse	5	1471815	23218	2
2333	71	Picture	10	1473631	0	1	4144	3	0	4000	other	0
2333	72	Picture	10	1491702	0	1	4144	2	0	4000	other	0
2333	72	Pulse	5	1491804	102	3
2333	73	Picture	11	1509772	0	2	4145	3	0	4000	hit	148
2333	73	Pulse	5	1511804	2032	2
2333	73	Response	1	1512604	2832	2
2333	74	Picture	10	1527843	0	1	4145	2	0	4000	other	0
2333	74	Pulse	5	1531964	4121	2
2333	75	Picture	11	1545914	0	1	4145	2	0	4000	hit	152
2333	75	Response	1	1549723	3809	2
2333	75	Pulse	5	1551964	6050	1
2333	76	Picture	10	1563985	0	1	4144	3	0	4000	other	0
2333	76	Pulse	5	1571953	7968	2
2333	77	Picture	10	1582056	0	1	4144	3	0	4000	other	0
2333	77	Pulse	5	1591953	9897	1
2333	78	Picture	11	1600126	0	2	4145	3	0	4000	hit	159
2333	78	Response	1	1604912	4786	2
2333	78	Pulse	5	1611952	11826	2
2333	79	Picture	10	1618197	0	1	4145	3	0	4000	other	0
2333	79	Pulse	5	1631942	13745	2
2333	80	Picture	10	1636268	0	1	4145	2	0	4000	other	0
2333	80	Pulse	5	1651941	15673	2
2333	81	Picture	10	1654339	0	1	4145	2	0	4000	other	0
2333	81	Pulse	5	1671941	17602	2
2333	82	Picture	10	1672410	0	1	4144	3	0	4000	other	0
2333	83	Picture	10	1690481	0	1	4144	2	0	4000	other	0
2333	83	Pulse	5	1691931	1450	1
2333	84	Picture	11	1708551	0	2	4145	3	0	4000	hit	172
2333	84	Pulse	5	1711930	3379	2
2333	84	Response	1	1713050	4499	2
2333	85	Picture	10	1726622	0	1	4145	2	0	4000	other	0
2333	85	Pulse	5	1731930	5308	2
2333	86	Picture	10	1744693	0	1	4145	2	0	4000	other	0
2333	86	Pulse	5	1751920	7227	1
2333	87	Pulse	5	1771920	9156	1
2333	88	Picture	30	1787798	0	1	4144	3	0	4000	other	0
2333	88	Pulse	5	1791919	4121	2
2333	89	Picture	30	1805869	0	1	4144	2	0	4000	other	0
2333	89	Pulse	5	1811908	6039	2
2333	90	Picture	30	1823940	0	1	4144	2	0	4000	other	0
2333	90	Pulse	5	1831908	7968	2
2333	91	Picture	31	1842010	0	2	4145	3	0	4000	miss	0
2333	91	Pulse	5	1851908	9898	1
2333	92	Picture	31	1860081	0	1	4145	2	0	4000	miss	0
2333	92	Pulse	5	1871897	11816	3
2333	93	Picture	30	1878152	0	1	4145	2	0	4000	other	0
2333	93	Pulse	5	1891897	13745	2
2333	94	Picture	30	1896223	0	1	4144	3	0	4000	other	0
2333	94	Pulse	5	1911896	15673	3
2333	95	Picture	30	1914294	0	1	4144	2	0	4000	other	0
2333	95	Pulse	5	1931886	17592	2
2333	96	Picture	31	1932364	0	2	4145	3	0	4000	hit	195
2333	96	Response	1	1944527	12163	1
2333	97	Picture	30	1950435	0	1	4145	2	0	4000	other	0
2333	97	Pulse	5	1951886	1451	2
2333	98	Picture	30	1968506	0	1	4145	2	0	4000	other	0
2333	98	Pulse	5	1971885	3379	2
2333	99	Picture	30	1986577	0	1	4145	2	0	4000	other	0
2333	99	Pulse	5	1991876	5299	1
2333	100	Picture	30	2004648	0	1	4144	3	0	4000	other	0
2333	100	Pulse	5	2011875	7227	1
2333	101	Picture	31	2022719	0	1	4144	3	0	4000	hit	205
2333	101	Response	1	2029634	6915	2
2333	101	Pulse	5	2031874	9155	2
2333	102	Picture	30	2040789	0	2	4145	4	0	4000	other	0
2333	102	Pulse	5	2051864	11075	2
2333	103	Picture	30	2058860	0	1	4145	2	0	4000	other	0
2333	103	Pulse	5	2071863	13003	2
2333	104	Pulse	5	2091863	14932	2
2333	105	Picture	10	2101965	0	1	4145	2	0	4000	other	0
2333	105	Pulse	5	2111853	9888	2
2333	106	Picture	10	2120036	0	1	4144	3	0	4000	other	0
2333	106	Pulse	5	2131853	11817	1
2333	107	Picture	11	2138107	0	1	4144	3	0	4000	hit	217
2333	107	Response	1	2140812	2705	2
2333	107	Pulse	5	2151852	13745	2
2333	108	Picture	10	2156177	0	2	4145	4	0	4000	other	0
2333	108	Pulse	5	2171842	15665	1
2333	109	Picture	11	2174248	0	2	4145	3	0	4000	hit	222
2333	109	Response	1	2177762	3514	1
2333	109	Pulse	5	2191841	17593	2
2333	110	Picture	10	2192319	0	1	4145	2	0	4000	other	0
2333	111	Picture	10	2210390	0	1	4145	2	0	4000	other	0
2333	111	Pulse	5	2211841	1451	2
2333	112	Picture	11	2228461	0	1	4144	3	0	4000	hit	229
2333	112	Pulse	5	2231831	3370	1
2333	112	Response	1	2234390	5929	2
2333	113	Picture	10	2246532	0	1	4144	2	0	4000	false_alarm	232
2333	113	Pulse	5	2251830	5298	2
2333	113	Response	1	2253430	6898	2
2333	114	Picture	10	2264602	0	2	4145	3	0	4000	other	0
2333	114	Pulse	5	2271830	7228	2
2333	115	Picture	10	2282673	0	1	4145	2	0	4000	other	0
2333	115	Pulse	5	2291819	9146	2
2333	116	Picture	10	2300744	0	1	4145	2	0	4000	other	0
2333	116	Pulse	5	2311819	11075	2
2333	117	Picture	10	2318815	0	1	4145	2	0	4000	other	0
2333	117	Pulse	5	2331819	13004	1
2333	118	Picture	11	2336886	0	1	4144	3	0	4000	hit	242
2333	118	Response	1	2341408	4522	3
2333	118	Pulse	5	2351808	14922	3
2333	119	Picture	10	2354957	0	1	4144	2	0	4000	other	0
2333	119	Pulse	5	2371808	16851	2
2333	120	Picture	10	2373027	0	2	4145	3	0	4000	other	0
2333	121	Pulse	5	2391807	709	3
2333	121	Pulse	5	2411797	20699	2
2333	122	Picture	20	2416132	0	1	4145	3	0	4000	other	0
2333	122	Pulse	5	2431797	15665	2
2333	123	Picture	20	2434203	0	1	4145	2	0	4000	other	0
2333	123	Pulse	5	2451786	17583	3
2333	124	Picture	20	2452274	0	1	4145	2	0	4000	other	0
2333	125	Picture	21	2470345	0	1	4144	3	0	4000	hit	256
2333	125	Pulse	5	2471786	1441	2
2333	125	Response	1	2474186	3841	2
2333	126	Picture	20	2488415	0	2	4145	3	0	4000	other	0
2333	126	Pulse	5	2491786	3371	2
2333	127	Picture	20	2506486	0	1	4145	2	0	4000	other	0
2333	127	Pulse	5	2511785	5299	3
2333	128	Picture	21	2524557	0	1	4145	2	0	4000	miss	0
2333	128	Pulse	5	2531775	7218	3
2333	129	Picture	20	2542628	0	1	4145	2	0	4000	other	0
2333	129	Pulse	5	2551774	9146	3
2333	130	Picture	20	2560699	0	1	4145	2	0	4000	other	0
2333	130	Pulse	5	2571935	11236	1
2333	131	Picture	20	2578770	0	1	4144	3	0	4000	other	0
2333	131	Pulse	5	2591924	13154	2
2333	132	Picture	21	2596840	0	2	4145	3	0	4000	hit	270
2333	132	Response	1	2602803	5963	2
2333	132	Pulse	5	2611923	15083	2
2333	133	Picture	20	2614911	0	1	4145	2	0	4000	other	0
2333	133	Pulse	5	2631923	17012	2
2333	134	Picture	20	2632982	0	1	4145	2	0	4000	other	0
2333	135	Picture	21	2651053	0	1	4145	2	0	4000	miss	0
2333	135	Pulse	5	2651913	860	1
2333	136	Picture	20	2669124	0	1	4144	3	0	4000	other	0
2333	136	Pulse	5	2671912	2788	2
2333	137	Picture	20	2687194	0	2	4145	3	0	4000	other	0
2333	137	Pulse	5	2691912	4718	2
