Scenario - 1-back
Logfile written - 03/26/2015 13:02:07

Subject	Trial	Event Type	Code	Time	TTime	Uncertainty	Duration	Uncertainty	ReqTime	ReqDur	Stim Type	Pair Index

2333	1	Response	1	93643	103477	1
2333	1	Pulse	5	295519	305353	2
2333	2	Pulse	5	315518	19973	3
2333	3	Picture	10	320579	0	1	4145	2	0	4000	other	0
2333	3	Pulse	5	335518	14939	2
2333	4	Picture	10	338650	0	1	4145	2	0	4000	other	0
2333	4	Pulse	5	355508	16858	1
2333	5	Picture	11	356721	0	1	4145	2	0	4000	hit	9
2333	5	Response	1	361588	4867	1
2333	6	Picture	10	374792	0	1	4144	2	0	4000	other	0
2333	6	Pulse	5	375508	716	1
2333	7	Picture	11	392862	0	2	4145	3	0	4000	hit	14
2333	7	Pulse	5	395508	2646	1
2333	7	Response	1	396457	3595	4
2333	8	Picture	10	410933	0	1	4145	2	0	4000	other	0
2333	8	Pulse	5	415496	4563	3
2333	9	Picture	10	429004	0	1	4145	2	0	4000	other	0
2333	9	Pulse	5	435496	6492	3
2333	10	Picture	10	447075	0	1	4145	2	0	4000	other	0
2333	10	Pulse	5	455496	8421	2
2333	11	Picture	11	465146	0	1	4144	3	0	4000	hit	22
2333	11	Response	1	468765	3619	2
2333	11	Pulse	5	475485	10339	2
2333	12	Picture	10	483216	0	2	4145	3	0	4000	other	0
2333	12	Pulse	5	495485	12269	2
2333	13	Picture	10	501287	0	2	4145	3	0	4000	other	0
2333	13	Pulse	5	515485	14198	1
2333	14	Picture	11	519358	0	1	4145	2	0	4000	hit	29
2333	14	Response	1	522525	3167	1
2333	14	Pulse	5	535474	16116	2
2333	15	Picture	10	537429	0	1	4145	2	0	4000	other	0
2333	15	Pulse	5	555474	18045	2
2333	16	Picture	10	555500	0	1	4144	3	0	4000	other	0
2333	17	Picture	10	573571	0	1	4144	3	0	4000	other	0
2333	17	Pulse	5	575474	1903	1
2333	18	Picture	10	591641	0	2	4145	3	0	4000	other	0
2333	18	Pulse	5	595463	3822	2
2333	19	Pulse	5	615463	5751	2
2333	20	Picture	20	634746	0	1	4145	2	0	4000	other	0
2333	20	Pulse	5	635462	716	2
2333	21	Picture	20	652817	0	1	4145	2	0	4000	other	0
2333	21	Pulse	5	655452	2635	2
2333	22	Picture	21	670888	0	1	4145	2	0	4000	hit	45
2333	22	Pulse	5	675452	4564	1
2333	22	Response	1	676252	5364	1
2333	23	Picture	20	688959	0	1	4144	2	0	4000	other	0
2333	23	Pulse	5	695451	6492	2
2333	24	Picture	20	707029	0	2	4145	3	0	4000	other	0
2333	24	Pulse	5	715441	8412	2
2333	25	Picture	20	725100	0	1	4145	2	0	4000	other	0
2333	25	Pulse	5	735440	10340	2
2333	26	Picture	21	743171	0	1	4145	2	0	4000	hit	53
2333	26	Response	1	748560	5389	2
2333	26	Pulse	5	755440	12269	2
2333	27	Picture	20	761242	0	1	4145	2	0	4000	other	0
2333	27	Pulse	5	775430	14188	2
2333	28	Picture	20	779313	0	1	4144	3	0	4000	other	0
2333	28	Pulse	5	795429	16116	2
2333	29	Picture	20	797384	0	1	4144	2	0	4000	other	0
2333	29	Pulse	5	815429	18045	2
2333	30	Picture	20	815454	0	2	4145	3	0	4000	other	0
2333	31	Picture	20	833525	0	1	4145	2	0	4000	false_alarm	64
2333	31	Pulse	5	835419	1894	1
2333	31	Response	1	837659	4134	1
2333	32	Picture	21	851596	0	1	4145	2	0	4000	hit	66
2333	32	Response	1	855418	3822	2
2333	32	Pulse	5	855418	3822	2
2333	33	Picture	20	869667	0	1	4145	2	0	4000	other	0
2333	33	Pulse	5	875418	5751	2
2333	34	Picture	20	887738	0	1	4144	3	0	4000	other	0
2333	34	Pulse	5	895407	7669	3
2333	35	Picture	21	905807	0	3	4146	4	0	4000	hit	73
2333	35	Response	1	913327	7520	3
2333	35	Pulse	5	915407	9600	2
2333	36	Pulse	5	935407	11528	2
2333	37	Picture	10	948913	0	1	4145	2	0	4000	other	0
2333	37	Pulse	5	955396	6483	2
2333	38	Picture	10	966984	0	1	4145	2	0	4000	other	0
2333	38	Pulse	5	975397	8413	1
2333	39	Picture	11	985055	0	1	4145	2	0	4000	hit	81
2333	39	Response	1	989956	4901	2
2333	39	Pulse	5	995396	10341	1
2333	40	Picture	10	1003126	0	1	4144	2	0	4000	other	0
2333	40	Pulse	5	1015385	12259	2
2333	41	Picture	11	1021196	0	2	4145	3	0	4000	hit	86
2333	41	Response	1	1027865	6669	2
2333	41	Pulse	5	1035545	14349	2
2333	42	Picture	10	1039267	0	1	4145	2	0	4000	other	0
2333	42	Pulse	5	1055545	16278	1
2333	43	Picture	10	1057338	0	1	4145	2	0	4000	other	0
2333	44	Picture	10	1075409	0	1	4145	2	0	4000	other	0
2333	44	Pulse	5	1075534	125	2
2333	45	Picture	11	1093480	0	1	4144	3	0	4000	hit	95
2333	45	Pulse	5	1095534	2054	2
2333	45	Response	1	1097614	4134	2
2333	46	Picture	10	1111551	0	1	4144	2	0	4000	other	0
2333	46	Pulse	5	1115533	3982	2
2333	47	Picture	10	1129621	0	2	4145	3	0	4000	other	0
2333	47	Pulse	5	1135523	5902	2
2333	48	Picture	11	1147692	0	1	4145	2	0	4000	hit	102
2333	48	Pulse	5	1155523	7831	1
2333	48	Response	1	1157123	9431	1
2333	49	Picture	10	1165762	0	2	4146	3	0	4000	other	0
2333	49	Pulse	5	1175522	9760	2
2333	50	Picture	10	1183834	0	1	4145	2	0	4000	other	0
2333	50	Pulse	5	1195512	11678	2
2333	51	Picture	10	1201905	0	1	4144	3	0	4000	other	0
2333	51	Pulse	5	1215511	13606	2
2333	52	Picture	10	1219976	0	1	4144	2	0	4000	other	0
2333	52	Pulse	5	1235511	15535	2
2333	53	Pulse	5	1255501	17455	3
2333	54	Picture	30	1263080	0	1	4145	2	0	4000	other	0
2333	54	Pulse	5	1275500	12420	3
2333	55	Picture	30	1281151	0	1	4145	2	0	4000	other	0
2333	55	Pulse	5	1295500	14349	3
2333	56	Picture	31	1299222	0	1	4145	2	0	4000	hit	117
2333	56	Response	1	1303660	4438	2
2333	56	Pulse	5	1315490	16268	2
2333	57	Picture	30	1317293	0	1	4144	3	0	4000	other	0
2333	58	Picture	30	1335364	0	1	4144	2	0	4000	other	0
2333	58	Pulse	5	1335489	125	2
2333	59	Picture	30	1353434	0	2	4145	3	0	4000	other	0
2333	59	Pulse	5	1355489	2055	2
2333	60	Picture	31	1371505	0	1	4145	2	0	4000	hit	126
2333	60	Pulse	5	1375478	3973	3
2333	60	Response	1	1375958	4453	3
2333	61	Picture	31	1389576	0	1	4145	2	0	4000	miss	0
2333	61	Pulse	5	1395478	5902	2
2333	62	Picture	30	1407647	0	1	4145	2	0	4000	other	0
2333	62	Pulse	5	1415478	7831	2
2333	63	Picture	30	1425717	0	2	4145	4	0	4000	other	0
2333	63	Pulse	5	1435467	9750	2
2333	64	Picture	30	1443789	0	1	4144	2	0	4000	other	0
2333	64	Pulse	5	1455467	11678	2
2333	65	Picture	31	1461859	0	2	4145	3	0	4000	miss	0
2333	65	Pulse	5	1475467	13608	1
2333	66	Picture	30	1479930	0	1	4145	2	0	4000	other	0
2333	66	Pulse	5	1495456	15526	2
2333	67	Picture	30	1498001	0	1	4145	2	0	4000	other	0
2333	67	Pulse	5	1515456	17455	2
2333	68	Picture	30	1516072	0	1	4144	3	0	4000	other	0
2333	69	Picture	30	1534143	0	1	4144	2	0	4000	other	0
2333	69	Pulse	5	1535455	1312	2
2333	70	Pulse	5	1555445	3232	2
2333	70	Pulse	5	1575445	23232	2
2333	71	Picture	10	1577247	0	1	4145	2	0	4000	other	0
2333	72	Picture	10	1595318	0	1	4145	2	0	4000	other	0
2333	72	Pulse	5	1595444	126	2
2333	73	Picture	11	1613389	0	1	4145	2	0	4000	hit	151
2333	73	Pulse	5	1615434	2045	2
2333	73	Response	1	1624234	10845	2
2333	74	Picture	10	1631460	0	1	4144	3	0	4000	other	0
2333	74	Pulse	5	1635434	3974	1
2333	75	Picture	11	1649531	0	1	4144	2	0	4000	hit	155
2333	75	Response	1	1653993	4462	2
2333	75	Pulse	5	1655434	5903	1
2333	76	Picture	10	1667601	0	2	4145	3	0	4000	other	0
2333	76	Pulse	5	1675423	7822	2
2333	77	Picture	10	1685672	0	1	4145	2	0	4000	other	0
2333	77	Pulse	5	1695422	9750	2
2333	78	Picture	11	1703743	0	1	4145	2	0	4000	hit	162
2333	78	Response	1	1707742	3999	2
2333	78	Pulse	5	1715423	11680	1
2333	79	Picture	10	1721814	0	1	4145	2	0	4000	other	0
2333	79	Pulse	5	1735412	13598	2
2333	80	Picture	10	1739885	0	1	4144	3	0	4000	other	0
2333	80	Pulse	5	1755411	15526	2
2333	81	Picture	10	1757956	0	1	4144	2	0	4000	other	0
2333	81	Pulse	5	1775411	17455	2
2333	82	Picture	10	1776026	0	2	4145	3	0	4000	other	0
2333	83	Picture	10	1794097	0	1	4145	2	0	4000	other	0
2333	83	Pulse	5	1795401	1304	1
2333	84	Picture	11	1812168	0	1	4145	2	0	4000	hit	175
2333	84	Pulse	5	1815400	3232	2
2333	84	Response	1	1815880	3712	2
2333	85	Picture	10	1830239	0	1	4144	3	0	4000	other	0
2333	85	Pulse	5	1835400	5161	2
2333	86	Picture	10	1848310	0	1	4144	3	0	4000	other	0
2333	86	Pulse	5	1855389	7079	3
2333	87	Pulse	5	1875389	9008	2
2333	88	Picture	20	1891414	0	2	4145	3	0	4000	other	0
2333	88	Pulse	5	1895389	3975	2
2333	89	Picture	20	1909485	0	1	4145	2	0	4000	other	0
2333	89	Pulse	5	1915378	5893	2
2333	90	Picture	20	1927556	0	1	4145	2	0	4000	other	0
2333	90	Pulse	5	1935378	7822	2
2333	91	Picture	21	1945627	0	1	4145	2	0	4000	hit	188
2333	91	Response	1	1952178	6551	1
2333	91	Pulse	5	1955378	9751	1
2333	92	Picture	20	1963697	0	2	4145	4	0	4000	other	0
2333	92	Pulse	5	1975367	11670	2
2333	93	Picture	20	1981768	0	2	4145	3	0	4000	other	0
2333	93	Pulse	5	1995368	13600	1
2333	94	Picture	21	1999839	0	2	4145	3	0	4000	miss	0
2333	94	Pulse	5	2015367	15528	1
2333	95	Picture	20	2017910	0	1	4145	2	0	4000	other	0
2333	95	Pulse	5	2035356	17446	2
2333	96	Picture	20	2035981	0	1	4145	2	0	4000	other	0
2333	97	Picture	20	2054052	0	1	4145	2	0	4000	other	0
2333	97	Pulse	5	2055356	1304	2
2333	98	Picture	21	2072123	0	1	4144	3	0	4000	hit	203
2333	98	Pulse	5	2075515	3392	2
2333	98	Response	1	2076955	4832	2
2333	99	Picture	20	2090193	0	2	4145	3	0	4000	other	0
2333	99	Pulse	5	2095505	5312	2
2333	100	Picture	20	2108264	0	1	4145	2	0	4000	other	0
2333	100	Pulse	5	2115505	7241	1
2333	101	Picture	21	2126335	0	1	4145	2	0	4000	hit	210
2333	101	Pulse	5	2135504	9169	2
2333	101	Response	1	2136464	10129	2
2333	102	Picture	20	2144406	0	1	4145	2	0	4000	other	0
2333	102	Pulse	5	2155494	11088	2
2333	103	Picture	20	2162477	0	1	4144	3	0	4000	other	0
2333	103	Pulse	5	2175493	13016	2
2333	104	Pulse	5	2195494	14946	1
2333	105	Picture	10	2205581	0	2	4145	3	0	4000	other	0
2333	105	Pulse	5	2215483	9902	2
2333	106	Picture	10	2223652	0	1	4145	2	0	4000	other	0
2333	106	Pulse	5	2235482	11830	2
2333	107	Picture	11	2241723	0	1	4145	2	0	4000	hit	221
2333	107	Response	1	2245883	4160	2
2333	107	Pulse	5	2255482	13759	2
2333	108	Picture	10	2259794	0	1	4145	2	0	4000	other	0
2333	108	Pulse	5	2275472	15678	2
2333	109	Picture	11	2277865	0	1	4144	3	0	4000	hit	226
2333	109	Response	1	2281711	3846	3
2333	109	Pulse	5	2295471	17606	2
2333	110	Picture	10	2295936	0	1	4144	2	0	4000	other	0
2333	111	Picture	10	2314006	0	2	4145	3	0	4000	other	0
2333	111	Pulse	5	2315471	1465	2
2333	112	Picture	11	2332077	0	1	4145	2	0	4000	hit	232
2333	112	Response	1	2335460	3383	3
2333	112	Pulse	5	2335460	3383	3
2333	113	Picture	10	2350148	0	1	4145	2	0	4000	other	0
2333	113	Pulse	5	2355460	5312	3
2333	114	Picture	10	2368219	0	1	4145	2	0	4000	other	0
2333	114	Pulse	5	2375460	7241	2
2333	115	Picture	10	2386290	0	1	4144	3	0	4000	other	0
2333	115	Pulse	5	2395449	9159	2
2333	116	Picture	10	2404361	0	1	4144	2	0	4000	other	0
2333	116	Pulse	5	2415449	11088	2
2333	117	Picture	10	2422431	0	2	4145	3	0	4000	other	0
2333	117	Pulse	5	2435448	13017	3
2333	118	Picture	11	2440502	0	1	4145	2	0	4000	hit	245
2333	118	Response	1	2444078	3576	2
2333	118	Pulse	5	2455438	14936	2
2333	119	Picture	10	2458573	0	1	4145	2	0	4000	other	0
2333	119	Pulse	5	2475438	16865	2
2333	120	Picture	10	2476644	0	1	4145	2	0	4000	other	0
2333	121	Pulse	5	2495437	722	2
2333	121	Pulse	5	2515427	20712	2
2333	122	Picture	30	2519749	0	1	4144	2	0	4000	other	0
2333	122	Pulse	5	2535427	15678	1
2333	123	Picture	30	2537819	0	2	4145	3	0	4000	other	0
2333	123	Pulse	5	2555426	17607	2
2333	124	Picture	30	2555890	0	1	4145	2	0	4000	other	0
2333	125	Picture	31	2573961	0	1	4145	2	0	4000	hit	259
2333	125	Pulse	5	2575416	1455	2
2333	125	Response	1	2578616	4655	2
2333	126	Picture	31	2592032	0	1	4145	2	0	4000	miss	0
2333	126	Pulse	5	2595416	3384	1
2333	127	Picture	30	2610103	0	1	4144	3	0	4000	other	0
2333	127	Pulse	5	2615415	5312	2
2333	128	Picture	30	2628173	0	2	4145	3	0	4000	other	0
2333	128	Pulse	5	2635405	7232	2
2333	129	Picture	30	2646244	0	2	4145	3	0	4000	other	0
2333	129	Pulse	5	2655404	9160	2
2333	130	Picture	31	2664315	0	1	4145	2	0	4000	hit	269
2333	130	Response	1	2669164	4849	3
2333	130	Pulse	5	2675404	11089	2
2333	131	Picture	30	2682386	0	1	4145	2	0	4000	other	0
2333	131	Pulse	5	2695394	13008	2
2333	132	Picture	30	2700457	0	1	4144	3	0	4000	other	0
2333	132	Pulse	5	2715394	14937	1
2333	133	Picture	30	2718528	0	1	4144	3	0	4000	other	0
2333	133	Pulse	5	2735394	16866	1
2333	134	Picture	30	2736598	0	2	4145	4	0	4000	other	0
2333	135	Picture	31	2754669	0	2	4145	3	0	4000	hit	280
2333	135	Pulse	5	2755383	714	3
2333	135	Response	1	2758902	4233	2
2333	136	Picture	30	2772740	0	1	4145	2	0	4000	other	0
2333	136	Pulse	5	2775382	2642	3
2333	137	Picture	30	2790811	0	1	4145	2	0	4000	false_alarm	285
2333	137	Pulse	5	2795382	4571	2
2333	137	Response	1	2797142	6331	2
