Scenario - 1-back
Logfile written - 03/26/2015 13:06:55

Subject	Trial	Event Type	Code	Time	TTime	Uncertainty	Duration	Uncertainty	ReqTime	ReqDur	Stim Type	Pair Index

2333	1	Pulse	5	344633	354467	2
2333	2	Pulse	5	364633	19849	2
2333	3	Picture	10	369818	0	1	4145	2	0	4000	other	0
2333	3	Pulse	5	384632	14814	2
2333	4	Picture	10	387889	0	1	4143	9	0	4000	other	0
2333	4	Pulse	5	404622	16733	2
2333	5	Picture	11	405960	0	1	4144	3	0	4000	hit	8
2333	5	Response	1	409422	3462	2
2333	6	Picture	10	424030	0	2	4145	3	0	4000	other	0
2333	6	Pulse	5	424622	592	1
2333	7	Picture	11	442101	0	2	4145	3	0	4000	hit	13
2333	7	Pulse	5	444621	2520	2
2333	7	Response	1	447011	4910	2
2333	8	Picture	10	460172	0	1	4145	2	0	4000	other	0
2333	8	Pulse	5	464611	4439	2
2333	9	Picture	10	478243	0	1	4145	2	0	4000	other	0
2333	9	Pulse	5	484610	6367	2
2333	10	Picture	10	496314	0	1	4144	3	0	4000	other	0
2333	10	Pulse	5	504610	8296	2
2333	11	Picture	11	514385	0	1	4144	3	0	4000	hit	21
2333	11	Response	1	518520	4135	2
2333	11	Pulse	5	524600	10215	2
2333	12	Picture	10	532455	0	2	4145	3	0	4000	other	0
2333	12	Pulse	5	544599	12144	2
2333	13	Picture	10	550526	0	1	4145	2	0	4000	other	0
2333	13	Pulse	5	564600	14074	1
2333	14	Picture	11	568597	0	1	4145	2	0	4000	hit	28
2333	14	Response	1	571949	3352	2
2333	14	Pulse	5	584589	15992	2
2333	15	Picture	10	586668	0	1	4145	2	0	4000	other	0
2333	15	Pulse	5	604588	17920	3
2333	16	Picture	10	604739	0	1	4144	3	0	4000	other	0
2333	17	Picture	10	622810	0	1	4144	3	0	4000	other	0
2333	17	Pulse	5	624588	1778	2
2333	18	Picture	10	640881	0	1	4144	2	0	4000	other	0
2333	18	Pulse	5	644577	3696	2
2333	19	Pulse	5	664577	5626	2
2333	20	Picture	30	683985	0	1	4145	2	0	4000	other	0
2333	20	Pulse	5	684567	582	2
2333	21	Picture	30	702056	0	1	4145	2	0	4000	other	0
2333	21	Pulse	5	704566	2510	2
2333	22	Picture	31	720127	0	1	4145	2	0	4000	hit	44
2333	22	Pulse	5	724566	4439	2
2333	22	Response	1	725366	5239	2
2333	23	Picture	30	738198	0	1	4144	3	0	4000	other	0
2333	23	Pulse	5	744566	6368	1
2333	24	Picture	30	756269	0	1	4144	2	0	4000	other	0
2333	24	Pulse	5	764555	8286	2
2333	25	Picture	30	774339	0	2	4145	3	0	4000	other	0
2333	25	Pulse	5	784555	10216	2
2333	26	Picture	31	792410	0	1	4145	3	0	4000	hit	52
2333	26	Response	1	795915	3505	1
2333	26	Pulse	5	804554	12144	3
2333	27	Picture	31	810481	0	1	4145	2	0	4000	hit	55
2333	27	Response	1	822144	11663	2
2333	27	Pulse	5	824544	14063	2
2333	28	Picture	30	828552	0	1	4144	3	0	4000	other	0
2333	28	Pulse	5	844544	15992	1
2333	29	Picture	30	846623	0	1	4144	3	0	4000	other	0
2333	29	Pulse	5	864543	17920	2
2333	30	Picture	30	864693	0	2	4145	3	0	4000	other	0
2333	31	Picture	31	882764	0	2	4145	3	0	4000	hit	64
2333	31	Pulse	5	884533	1769	2
2333	31	Response	1	886933	4169	2
2333	32	Picture	30	900835	0	1	4145	2	0	4000	other	0
2333	32	Pulse	5	904533	3698	1
2333	33	Picture	30	918906	0	1	4145	2	0	4000	other	0
2333	33	Pulse	5	924532	5626	2
2333	34	Picture	30	936977	0	1	4144	3	0	4000	other	0
2333	34	Pulse	5	944522	7545	2
2333	35	Picture	30	955048	0	1	4144	3	0	4000	other	0
2333	35	Pulse	5	964521	9473	2
2333	36	Pulse	5	984522	11404	1
2333	37	Picture	10	998152	0	2	4145	3	0	4000	other	0
2333	37	Pulse	5	1004671	6519	1
2333	38	Picture	10	1016223	0	1	4145	2	0	4000	other	0
2333	38	Pulse	5	1024670	8447	2
2333	39	Picture	11	1034294	0	1	4145	2	0	4000	hit	79
2333	39	Response	1	1040031	5737	1
2333	39	Pulse	5	1044660	10366	2
2333	40	Picture	10	1052365	0	1	4144	3	0	4000	other	0
2333	40	Pulse	5	1064659	12294	3
2333	41	Picture	11	1070436	0	1	4143	4	0	4000	hit	84
2333	41	Response	1	1075699	5263	3
2333	41	Pulse	5	1084659	14223	2
2333	42	Picture	10	1088506	0	2	4145	3	0	4000	other	0
2333	42	Pulse	5	1104649	16143	2
2333	43	Picture	10	1106577	0	2	4145	3	0	4000	other	0
2333	44	Picture	10	1124648	0	1	4145	2	0	4000	other	0
2333	44	Pulse	5	1124648	0	3
2333	45	Picture	11	1142719	0	1	4145	2	0	4000	hit	93
2333	45	Pulse	5	1144648	1929	2
2333	45	Response	1	1147208	4489	2
2333	46	Picture	10	1160790	0	1	4144	3	0	4000	other	0
2333	46	Pulse	5	1164638	3848	2
2333	47	Picture	10	1178861	0	1	4144	2	0	4000	other	0
2333	47	Pulse	5	1184638	5777	1
2333	48	Picture	11	1196931	0	2	4145	3	0	4000	hit	99
2333	48	Response	1	1201757	4826	2
2333	48	Pulse	5	1204637	7706	2
2333	49	Picture	10	1215002	0	1	4145	2	0	4000	other	0
2333	49	Pulse	5	1224627	9625	2
2333	50	Picture	10	1233073	0	1	4145	2	0	4000	other	0
2333	50	Pulse	5	1244626	11553	2
2333	51	Picture	10	1251144	0	1	4145	2	0	4000	other	0
2333	51	Pulse	5	1264627	13483	1
2333	52	Picture	10	1269215	0	1	4144	3	0	4000	other	0
2333	52	Pulse	5	1284615	15400	2
2333	53	Pulse	5	1304616	17330	1
2333	54	Picture	20	1312319	0	2	4145	3	0	4000	other	0
2333	54	Pulse	5	1324615	12296	2
2333	55	Picture	20	1330390	0	2	4144	4	0	4000	other	0
2333	55	Pulse	5	1344605	14215	1
2333	56	Picture	21	1348461	0	1	4145	2	0	4000	hit	115
2333	56	Response	1	1353724	5263	2
2333	56	Pulse	5	1364604	16143	2
2333	57	Picture	20	1366532	0	1	4145	2	0	4000	other	0
2333	58	Picture	20	1384603	0	1	4144	3	0	4000	other	0
2333	58	Pulse	5	1384604	1	1
2333	59	Picture	20	1402674	0	1	4144	2	0	4000	other	0
2333	59	Pulse	5	1404593	1919	3
2333	60	Picture	21	1420744	0	2	4145	3	0	4000	hit	124
2333	60	Pulse	5	1424593	3849	2
2333	60	Response	1	1425394	4650	1
2333	61	Picture	20	1438815	0	2	4145	3	0	4000	other	0
2333	61	Pulse	5	1444592	5777	3
2333	62	Picture	20	1456886	0	1	4145	2	0	4000	other	0
2333	62	Pulse	5	1464555	7669	33
2333	63	Picture	20	1474957	0	1	4145	2	0	4000	other	0
2333	63	Pulse	5	1484582	9625	1
2333	64	Picture	20	1493028	0	1	4144	3	0	4000	other	0
2333	64	Pulse	5	1504581	11553	2
2333	65	Picture	20	1511099	0	1	4144	3	0	4000	false_alarm	134
2333	65	Response	1	1517381	6282	2
2333	65	Pulse	5	1524571	13472	2
2333	66	Picture	21	1529169	0	2	4145	3	0	4000	miss	0
2333	66	Pulse	5	1544570	15401	3
2333	67	Picture	20	1547240	0	1	4145	2	0	4000	other	0
2333	67	Pulse	5	1564570	17330	3
2333	68	Picture	20	1565311	0	1	4145	2	0	4000	other	0
2333	69	Picture	21	1583382	0	1	4145	2	0	4000	hit	143
2333	69	Pulse	5	1584560	1178	2
2333	69	Response	1	1588240	4858	2
2333	70	Pulse	5	1604559	3106	2
2333	70	Pulse	5	1624559	23106	2
2333	71	Picture	10	1626487	0	1	4144	3	0	4000	other	0
2333	71	Pulse	5	1644549	18062	2
2333	72	Picture	10	1644557	0	2	4145	3	0	4000	other	0
2333	73	Picture	11	1662628	0	2	4145	3	0	4000	hit	151
2333	73	Pulse	5	1664548	1920	2
2333	73	Response	1	1667748	5120	2
2333	74	Picture	10	1680699	0	1	4145	2	0	4000	other	0
2333	74	Pulse	5	1684548	3849	2
2333	75	Picture	11	1698770	0	1	4145	2	0	4000	hit	155
2333	75	Response	1	1703908	5138	1
2333	75	Pulse	5	1704538	5768	1
2333	76	Picture	10	1716841	0	1	4144	3	0	4000	other	0
2333	76	Pulse	5	1724537	7696	2
2333	77	Picture	10	1734912	0	1	4144	3	0	4000	other	0
2333	77	Pulse	5	1744537	9625	2
2333	78	Picture	11	1752982	0	2	4144	4	0	4000	hit	162
2333	78	Response	1	1757817	4835	1
2333	78	Pulse	5	1764526	11544	2
2333	79	Picture	10	1771053	0	1	4145	2	0	4000	other	0
2333	79	Pulse	5	1784527	13474	1
2333	80	Picture	10	1789124	0	1	4145	2	0	4000	other	0
2333	80	Pulse	5	1804526	15402	2
2333	81	Picture	10	1807195	0	1	4145	2	0	4000	other	0
2333	81	Pulse	5	1824516	17321	1
2333	82	Picture	10	1825265	0	2	4145	4	0	4000	other	0
2333	83	Picture	10	1843337	0	1	4144	2	0	4000	other	0
2333	83	Pulse	5	1844515	1178	2
2333	84	Picture	11	1861407	0	2	4145	3	0	4000	hit	175
2333	84	Pulse	5	1864515	3108	1
2333	84	Response	1	1865955	4548	1
2333	85	Picture	10	1879478	0	1	4145	2	0	4000	other	0
2333	85	Pulse	5	1884505	5027	1
2333	86	Picture	10	1897549	0	1	4145	2	0	4000	other	0
2333	86	Pulse	5	1904504	6955	2
2333	87	Pulse	5	1924503	8883	2
2333	88	Picture	30	1940654	0	1	4144	3	0	4000	other	0
2333	88	Pulse	5	1944493	3839	2
2333	89	Picture	30	1958725	0	1	4144	3	0	4000	other	0
2333	89	Pulse	5	1964493	5768	1
2333	90	Picture	30	1976795	0	2	4145	3	0	4000	other	0
2333	90	Pulse	5	1984493	7698	1
2333	91	Picture	31	1994866	0	1	4145	2	0	4000	hit	188
2333	91	Response	1	1999842	4976	3
2333	91	Pulse	5	2004482	9616	2
2333	92	Picture	31	2012937	0	1	4145	2	0	4000	hit	191
2333	92	Response	1	2019042	6105	2
2333	92	Pulse	5	2024482	11545	2
2333	93	Picture	30	2031008	0	1	4145	2	0	4000	other	0
2333	93	Pulse	5	2044641	13633	2
2333	94	Picture	30	2049079	0	1	4144	3	0	4000	other	0
2333	94	Pulse	5	2064631	15552	2
2333	95	Picture	30	2067150	0	1	4144	3	0	4000	other	0
2333	95	Pulse	5	2084630	17480	2
2333	96	Picture	31	2085220	0	2	4145	3	0	4000	hit	200
2333	96	Response	1	2089430	4210	2
2333	97	Picture	30	2103291	0	1	4145	2	0	4000	other	0
2333	97	Pulse	5	2104630	1339	2
2333	98	Picture	30	2121362	0	1	4145	2	0	4000	other	0
2333	98	Pulse	5	2124620	3258	1
2333	99	Picture	30	2139433	0	1	4145	2	0	4000	false_alarm	206
2333	99	Response	1	2143179	3746	2
2333	99	Pulse	5	2144619	5186	2
2333	100	Picture	30	2157504	0	1	4144	3	0	4000	other	0
2333	100	Pulse	5	2164619	7115	2
2333	101	Picture	31	2175574	0	2	4145	3	0	4000	miss	0
2333	101	Pulse	5	2184608	9034	3
2333	102	Picture	30	2193645	0	2	4145	3	0	4000	other	0
2333	102	Pulse	5	2204608	10963	2
2333	103	Picture	30	2211716	0	1	4145	2	0	4000	other	0
2333	103	Pulse	5	2224608	12892	2
2333	104	Pulse	5	2244597	14810	3
2333	105	Picture	10	2254821	0	1	4145	2	0	4000	other	0
2333	105	Pulse	5	2264597	9776	2
2333	106	Picture	10	2272892	0	1	4144	3	0	4000	other	0
2333	106	Pulse	5	2284597	11705	2
2333	107	Picture	11	2290963	0	1	4144	2	0	4000	hit	222
2333	107	Response	1	2296436	5473	3
2333	107	Pulse	5	2304587	13624	1
2333	108	Picture	10	2309033	0	2	4145	3	0	4000	other	0
2333	108	Pulse	5	2324586	15553	2
2333	109	Picture	11	2327270	0	1	4145	2	0	4000	hit	227
2333	109	Response	1	2330986	3716	2
2333	109	Pulse	5	2344586	17316	1
2333	110	Picture	10	2345341	0	1	4145	2	0	4000	other	0
2333	111	Picture	10	2363412	0	1	4144	2	0	4000	other	0
2333	111	Pulse	5	2364576	1164	1
2333	112	Picture	11	2381482	0	2	4145	3	0	4000	miss	0
2333	112	Pulse	5	2384575	3093	2
2333	113	Picture	10	2399553	0	2	4145	3	0	4000	other	0
2333	113	Pulse	5	2404574	5021	2
2333	114	Picture	10	2417624	0	1	4145	2	0	4000	other	0
2333	114	Pulse	5	2424564	6940	2
2333	115	Picture	10	2435695	0	1	4145	2	0	4000	other	0
2333	115	Pulse	5	2444564	8869	1
2333	116	Picture	10	2453766	0	1	4144	3	0	4000	other	0
2333	116	Pulse	5	2464563	10797	2
2333	117	Picture	10	2471837	0	1	4144	3	0	4000	other	0
2333	117	Pulse	5	2484553	12716	2
2333	118	Picture	11	2489907	0	2	4145	3	0	4000	hit	245
2333	118	Response	1	2494633	4726	2
2333	118	Pulse	5	2504552	14645	3
2333	119	Picture	10	2507978	0	1	4144	3	0	4000	other	0
2333	119	Pulse	5	2524552	16574	2
2333	120	Picture	10	2526049	0	1	4145	2	0	4000	other	0
2333	121	Pulse	5	2544542	422	2
2333	121	Pulse	5	2564541	20421	2
2333	122	Picture	20	2569154	0	1	4145	2	0	4000	other	0
2333	122	Pulse	5	2584541	15387	2
2333	123	Picture	20	2587225	0	1	4144	3	0	4000	other	0
2333	123	Pulse	5	2604531	17306	1
2333	124	Picture	20	2605296	0	1	4144	2	0	4000	other	0
2333	125	Picture	21	2623366	0	1	4145	2	0	4000	hit	259
2333	125	Pulse	5	2624530	1164	2
2333	125	Response	1	2627730	4364	2
2333	126	Picture	20	2641437	0	1	4145	2	0	4000	other	0
2333	126	Pulse	5	2644530	3093	2
2333	127	Picture	20	2659508	0	1	4145	2	0	4000	other	0
2333	127	Pulse	5	2664519	5011	2
2333	128	Picture	21	2677579	0	1	4145	2	0	4000	hit	265
2333	128	Response	1	2683079	5500	2
2333	128	Pulse	5	2684519	6940	2
2333	129	Picture	20	2695650	0	1	4144	2	0	4000	other	0
2333	129	Pulse	5	2704519	8869	2
2333	130	Picture	20	2713721	0	1	4144	2	0	4000	other	0
2333	130	Pulse	5	2724508	10787	2
2333	131	Picture	20	2731791	0	1	4145	2	0	4000	other	0
2333	131	Pulse	5	2744508	12717	2
2333	132	Picture	21	2749862	0	1	4145	2	0	4000	hit	274
2333	132	Response	1	2757308	7446	2
2333	132	Pulse	5	2764508	14646	1
2333	133	Picture	20	2767933	0	1	4145	2	0	4000	other	0
2333	133	Pulse	5	2784497	16564	2
2333	134	Picture	20	2786004	0	1	4144	3	0	4000	other	0
2333	135	Picture	21	2804075	0	1	4144	2	0	4000	hit	281
2333	135	Pulse	5	2804497	422	2
2333	135	Response	1	2809457	5382	2
2333	136	Picture	20	2822145	0	2	4145	3	0	4000	other	0
2333	136	Pulse	5	2824496	2351	2
2333	137	Picture	20	2840216	0	1	4145	2	0	4000	other	0
2333	137	Pulse	5	2844486	4270	2
