Scenario - 1-back
Logfile written - 04/09/2015 15:46:08

Subject	Trial	Event Type	Code	Time	TTime	Uncertainty	Duration	Uncertainty	ReqTime	ReqDur	Stim Type	Pair Index

2337	1	Pulse	5	353236	363070	2
2337	2	Pulse	5	373235	19833	2
2337	3	Picture	10	378435	0	1	4145	2	0	4000	other	0
2337	3	Pulse	5	393235	14800	1
2337	4	Picture	10	396506	0	1	4145	2	0	4000	other	0
2337	4	Pulse	5	413224	16718	2
2337	5	Picture	11	414577	0	1	4144	2	0	4000	hit	8
2337	5	Response	1	418344	3767	2
2337	6	Picture	10	432647	0	1	4145	2	0	4000	other	0
2337	6	Pulse	5	433223	576	2
2337	7	Picture	11	450718	0	1	4145	2	0	4000	hit	13
2337	7	Pulse	5	453223	2505	2
2337	7	Response	1	454183	3465	2
2337	8	Picture	10	468788	0	2	4145	3	0	4000	other	0
2337	8	Pulse	5	473212	4424	2
2337	9	Picture	10	486859	0	1	4145	2	0	4000	other	0
2337	9	Pulse	5	493212	6353	2
2337	10	Picture	10	504930	0	1	4144	3	0	4000	other	0
2337	10	Pulse	5	513211	8281	2
2337	11	Picture	11	523000	0	2	4145	3	0	4000	hit	21
2337	11	Response	1	526482	3482	1
2337	11	Pulse	5	533201	10201	1
2337	12	Picture	10	541071	0	1	4145	2	0	4000	other	0
2337	12	Pulse	5	553200	12129	2
2337	13	Picture	10	559142	0	1	4144	3	0	4000	other	0
2337	13	Pulse	5	573200	14058	1
2337	14	Picture	11	577212	0	2	4145	3	0	4000	hit	28
2337	14	Response	1	580879	3667	2
2337	14	Pulse	5	593189	15977	2
2337	15	Picture	10	595283	0	1	4145	2	0	4000	other	0
2337	15	Pulse	5	613348	18065	2
2337	16	Picture	10	613354	0	1	4144	3	0	4000	other	0
2337	17	Picture	10	631424	0	2	4145	3	0	4000	other	0
2337	17	Pulse	5	633348	1924	2
2337	18	Picture	10	649495	0	1	4145	2	0	4000	other	0
2337	18	Pulse	5	653337	3842	2
2337	19	Pulse	5	673337	5771	1
2337	20	Picture	20	692599	0	1	4145	2	0	4000	other	0
2337	20	Pulse	5	693336	737	2
2337	21	Picture	20	710670	0	1	4145	2	0	4000	other	0
2337	21	Pulse	5	713326	2656	1
2337	22	Picture	21	728741	0	1	4144	2	0	4000	hit	43
2337	22	Response	1	732045	3304	2
2337	22	Pulse	5	733325	4584	2
2337	23	Picture	20	746811	0	1	4145	2	0	4000	other	0
2337	23	Pulse	5	753325	6514	1
2337	24	Picture	20	764882	0	1	4145	2	0	4000	other	0
2337	24	Pulse	5	773314	8432	2
2337	25	Picture	20	782953	0	1	4144	2	0	4000	other	0
2337	25	Pulse	5	793313	10360	2
2337	26	Picture	21	801023	0	1	4145	2	0	4000	hit	52
2337	26	Response	1	804353	3330	2
2337	26	Pulse	5	813313	12290	2
2337	27	Picture	20	819094	0	1	4145	2	0	4000	other	0
2337	27	Pulse	5	833302	14208	2
2337	28	Picture	20	837165	0	1	4144	2	0	4000	other	0
2337	28	Pulse	5	853302	16137	1
2337	29	Picture	20	855235	0	1	4145	2	0	4000	other	0
2337	29	Pulse	5	873301	18066	2
2337	30	Picture	20	873306	0	1	4144	3	0	4000	other	0
2337	31	Picture	20	891376	0	2	4145	3	0	4000	other	0
2337	31	Pulse	5	893291	1915	1
2337	32	Picture	21	909447	0	1	4145	2	0	4000	hit	65
2337	32	Pulse	5	913290	3843	2
2337	32	Response	1	914570	5123	2
2337	33	Picture	20	927518	0	1	4144	3	0	4000	other	0
2337	33	Pulse	5	933289	5771	2
2337	34	Picture	20	945588	0	2	4145	3	0	4000	other	0
2337	34	Pulse	5	953280	7692	1
2337	35	Picture	21	963659	0	1	4145	2	0	4000	hit	71
2337	35	Response	1	967040	3381	1
2337	35	Pulse	5	973280	9621	1
2337	36	Pulse	5	993279	11549	1
2337	37	Picture	10	1006763	0	2	4145	3	0	4000	other	0
2337	37	Pulse	5	1013267	6504	2
2337	38	Picture	10	1024834	0	1	4145	2	0	4000	other	0
2337	38	Pulse	5	1033266	8432	3
2337	39	Picture	11	1042905	0	1	4144	3	0	4000	hit	79
2337	39	Response	1	1046546	3641	2
2337	39	Pulse	5	1053266	10361	2
2337	40	Picture	10	1060975	0	2	4145	3	0	4000	other	0
2337	40	Pulse	5	1073255	12280	2
2337	41	Picture	11	1079046	0	1	4145	2	0	4000	hit	84
2337	41	Response	1	1083015	3969	2
2337	41	Pulse	5	1093255	14209	2
2337	42	Picture	10	1097117	0	1	4144	2	0	4000	other	0
2337	42	Pulse	5	1113255	16138	1
2337	43	Picture	10	1115187	0	2	4145	3	0	4000	other	0
2337	43	Pulse	5	1133244	18057	2
2337	44	Picture	10	1133258	0	1	4145	2	0	4000	other	0
2337	45	Picture	11	1151329	0	1	4144	2	0	4000	hit	93
2337	45	Pulse	5	1153243	1914	2
2337	45	Response	1	1155164	3835	1
2337	46	Picture	10	1169399	0	1	4145	2	0	4000	other	0
2337	46	Pulse	5	1173243	3844	1
2337	47	Picture	10	1187470	0	1	4145	2	0	4000	other	0
2337	47	Pulse	5	1193232	5762	2
2337	48	Picture	11	1205541	0	1	4144	2	0	4000	hit	99
2337	48	Response	1	1209232	3691	1
2337	48	Pulse	5	1213231	7690	2
2337	49	Picture	10	1223611	0	1	4145	2	0	4000	other	0
2337	49	Pulse	5	1233231	9620	2
2337	50	Picture	10	1241682	0	1	4144	3	0	4000	other	0
2337	50	Pulse	5	1253220	11538	2
2337	51	Picture	10	1259753	0	1	4144	2	0	4000	other	0
2337	51	Pulse	5	1273220	13467	2
2337	52	Picture	10	1277823	0	1	4145	2	0	4000	other	0
2337	52	Pulse	5	1293219	15396	2
2337	53	Pulse	5	1313209	17315	1
2337	54	Picture	30	1320927	0	2	4145	3	0	4000	other	0
2337	54	Pulse	5	1333208	12281	2
2337	55	Picture	30	1338998	0	1	4145	2	0	4000	other	0
2337	55	Pulse	5	1353208	14210	2
2337	56	Picture	31	1357069	0	1	4144	3	0	4000	hit	115
2337	56	Response	1	1360887	3818	2
2337	56	Pulse	5	1373197	16128	2
2337	57	Picture	30	1375139	0	2	4145	3	0	4000	other	0
2337	57	Pulse	5	1393196	18057	2
2337	58	Picture	30	1393210	0	1	4145	2	0	4000	other	0
2337	59	Picture	30	1411281	0	1	4144	3	0	4000	other	0
2337	59	Pulse	5	1413196	1915	2
2337	60	Picture	31	1429351	0	2	4145	3	0	4000	hit	123
2337	60	Response	1	1432865	3514	2
2337	60	Pulse	5	1433185	3834	2
2337	61	Picture	31	1447422	0	1	4145	2	0	4000	hit	126
2337	61	Response	1	1451424	4002	3
2337	61	Pulse	5	1453185	5763	2
2337	62	Picture	30	1465493	0	1	4144	3	0	4000	other	0
2337	62	Pulse	5	1473184	7691	2
2337	63	Picture	30	1483563	0	1	4145	2	0	4000	other	0
2337	63	Pulse	5	1493174	9611	1
2337	64	Picture	30	1501634	0	1	4145	2	0	4000	other	0
2337	64	Pulse	5	1513173	11539	2
2337	65	Picture	31	1519705	0	1	4144	2	0	4000	hit	135
2337	65	Response	1	1525013	5308	2
2337	65	Pulse	5	1533172	13467	2
2337	66	Picture	30	1537775	0	1	4145	2	0	4000	other	0
2337	66	Pulse	5	1553162	15387	2
2337	67	Picture	30	1555846	0	1	4145	2	0	4000	other	0
2337	67	Pulse	5	1573161	17315	2
2337	68	Picture	30	1573917	0	1	4144	2	0	4000	other	0
2337	69	Picture	30	1591987	0	1	4145	2	0	4000	other	0
2337	69	Pulse	5	1593161	1174	2
2337	70	Pulse	5	1613150	3092	2
2337	70	Pulse	5	1633150	23092	1
2337	71	Picture	10	1635092	0	1	4144	2	0	4000	other	0
2337	72	Picture	10	1653162	0	1	4145	2	0	4000	other	0
2337	72	Pulse	5	1653309	147	2
2337	73	Picture	11	1671233	0	1	4145	2	0	4000	hit	151
2337	73	Pulse	5	1673299	2066	1
2337	73	Response	1	1674738	3505	2
2337	74	Picture	10	1689304	0	1	4144	2	0	4000	other	0
2337	74	Pulse	5	1693298	3994	2
2337	75	Picture	11	1707374	0	1	4145	2	0	4000	hit	155
2337	75	Response	1	1711377	4003	2
2337	75	Pulse	5	1713297	5923	2
2337	76	Picture	10	1725445	0	1	4144	3	0	4000	other	0
2337	76	Pulse	5	1733287	7842	2
2337	77	Picture	10	1743515	0	2	4145	3	0	4000	other	0
2337	77	Pulse	5	1753287	9772	1
2337	78	Picture	11	1761586	0	1	4145	2	0	4000	hit	162
2337	78	Response	1	1765446	3860	2
2337	78	Pulse	5	1773286	11700	2
2337	79	Picture	10	1779657	0	1	4144	3	0	4000	other	0
2337	79	Pulse	5	1793275	13618	2
2337	80	Picture	10	1797727	0	2	4145	3	0	4000	other	0
2337	80	Pulse	5	1813275	15548	1
2337	81	Picture	10	1815798	0	1	4145	2	0	4000	other	0
2337	81	Pulse	5	1833274	17476	2
2337	82	Picture	10	1833869	0	1	4144	3	0	4000	other	0
2337	83	Picture	10	1851938	0	3	4146	4	0	4000	other	0
2337	83	Pulse	5	1853263	1325	2
2337	84	Picture	11	1870010	0	1	4145	2	0	4000	hit	174
2337	84	Response	1	1873104	3094	1
2337	84	Pulse	5	1873263	3253	2
2337	85	Picture	10	1888081	0	1	4144	3	0	4000	other	0
2337	85	Pulse	5	1893263	5182	1
2337	86	Picture	10	1906151	0	1	4145	2	0	4000	other	0
2337	86	Pulse	5	1913252	7101	2
2337	87	Pulse	5	1933251	9029	2
2337	88	Picture	20	1949256	0	1	4144	2	0	4000	other	0
2337	88	Pulse	5	1953251	3995	1
2337	89	Picture	20	1967326	0	1	4145	2	0	4000	other	0
2337	89	Pulse	5	1973241	5915	1
2337	90	Picture	20	1985397	0	1	4145	2	0	4000	other	0
2337	90	Pulse	5	1993241	7844	1
2337	91	Picture	21	2003468	0	1	4144	2	0	4000	hit	188
2337	91	Response	1	2007160	3692	2
2337	91	Pulse	5	2013240	9772	1
2337	92	Picture	20	2021538	0	1	4145	2	0	4000	other	0
2337	92	Pulse	5	2033228	11690	2
2337	93	Picture	20	2039609	0	1	4145	2	0	4000	other	0
2337	93	Pulse	5	2053228	13619	2
2337	94	Picture	21	2057679	0	2	4145	3	0	4000	hit	195
2337	94	Response	1	2062027	4348	2
2337	94	Pulse	5	2073227	15548	2
2337	95	Picture	20	2075750	0	1	4145	2	0	4000	other	0
2337	95	Pulse	5	2093217	17467	1
2337	96	Picture	20	2093821	0	1	4145	2	0	4000	other	0
2337	97	Picture	20	2111892	0	1	4144	2	0	4000	other	0
2337	97	Pulse	5	2113216	1324	2
2337	98	Picture	21	2129962	0	1	4145	2	0	4000	hit	204
2337	98	Pulse	5	2133216	3254	1
2337	98	Response	1	2133855	3893	2
2337	99	Picture	20	2148033	0	1	4144	3	0	4000	other	0
2337	99	Pulse	5	2153205	5172	2
2337	100	Picture	20	2166103	0	2	4145	3	0	4000	other	0
2337	100	Pulse	5	2173204	7101	2
2337	101	Picture	21	2184174	0	1	4145	2	0	4000	hit	210
2337	101	Response	1	2188084	3910	2
2337	101	Pulse	5	2193204	9030	2
2337	102	Picture	20	2202245	0	1	4144	3	0	4000	other	0
2337	102	Pulse	5	2213193	10948	2
2337	103	Picture	20	2220315	0	2	4145	3	0	4000	other	0
2337	103	Pulse	5	2233193	12878	2
2337	104	Pulse	5	2253192	14806	2
2337	105	Picture	10	2263420	0	1	4144	3	0	4000	other	0
2337	105	Pulse	5	2273182	9762	1
2337	106	Picture	10	2281490	0	2	4145	3	0	4000	other	0
2337	106	Pulse	5	2293181	11691	2
2337	107	Picture	11	2299561	0	1	4145	2	0	4000	hit	222
2337	107	Response	1	2303261	3700	2
2337	107	Pulse	5	2313180	13619	2
2337	108	Picture	10	2317632	0	1	4144	2	0	4000	other	0
2337	108	Pulse	5	2333170	15538	2
2337	109	Picture	11	2335702	0	2	4145	3	0	4000	hit	227
2337	109	Response	1	2339570	3868	2
2337	109	Pulse	5	2353169	17467	2
2337	110	Picture	10	2353773	0	1	4145	2	0	4000	other	0
2337	111	Picture	10	2371844	0	1	4144	2	0	4000	other	0
2337	111	Pulse	5	2373169	1325	2
2337	112	Picture	11	2389914	0	1	4145	2	0	4000	hit	234
2337	112	Pulse	5	2393158	3244	2
2337	112	Response	1	2393798	3884	2
2337	113	Picture	10	2407985	0	1	4144	3	0	4000	other	0
2337	113	Pulse	5	2413158	5173	1
2337	114	Picture	10	2426056	0	1	4144	2	0	4000	other	0
2337	114	Pulse	5	2433157	7101	2
2337	115	Picture	10	2444126	0	1	4145	2	0	4000	other	0
2337	115	Pulse	5	2453147	9021	1
2337	116	Picture	10	2462197	0	1	4144	3	0	4000	other	0
2337	116	Pulse	5	2473146	10949	2
2337	117	Picture	10	2480268	0	1	4144	2	0	4000	other	0
2337	117	Pulse	5	2493145	12877	2
2337	118	Picture	11	2498338	0	1	4145	2	0	4000	hit	246
2337	118	Response	1	2501935	3597	2
2337	118	Pulse	5	2513136	14798	1
2337	119	Picture	10	2516409	0	1	4144	3	0	4000	other	0
2337	119	Pulse	5	2533134	16725	2
2337	120	Picture	10	2534480	0	1	4144	2	0	4000	other	0
2337	121	Pulse	5	2553134	584	2
2337	121	Pulse	5	2573123	20573	2
2337	122	Picture	30	2577584	0	1	4144	3	0	4000	other	0
2337	122	Pulse	5	2593123	15539	1
2337	123	Picture	30	2595654	0	2	4145	3	0	4000	other	0
2337	123	Pulse	5	2613122	17468	2
2337	124	Picture	30	2613725	0	1	4145	2	0	4000	other	0
2337	125	Picture	31	2631796	0	1	4144	3	0	4000	hit	260
2337	125	Pulse	5	2633111	1315	2
2337	125	Response	1	2637591	5795	2
2337	126	Picture	31	2649866	0	2	4145	4	0	4000	hit	263
2337	126	Pulse	5	2653111	3245	2
2337	126	Response	1	2656791	6925	2
2337	127	Picture	30	2667937	0	1	4145	2	0	4000	other	0
2337	127	Pulse	5	2673110	5173	2
2337	128	Picture	30	2686008	0	1	4144	3	0	4000	other	0
2337	128	Pulse	5	2693260	7252	2
2337	129	Picture	30	2704078	0	1	4145	2	0	4000	other	0
2337	129	Pulse	5	2713259	9181	2
2337	130	Picture	31	2722149	0	1	4145	2	0	4000	hit	271
2337	130	Response	1	2730059	7910	2
2337	130	Pulse	5	2733259	11110	1
2337	131	Picture	30	2740220	0	1	4144	3	0	4000	other	0
2337	131	Pulse	5	2753248	13028	2
2337	132	Picture	30	2758290	0	2	4145	3	0	4000	other	0
2337	132	Pulse	5	2773248	14958	1
2337	133	Picture	30	2776361	0	1	4145	2	0	4000	other	0
2337	133	Pulse	5	2793247	16886	2
2337	134	Picture	30	2794432	0	1	4144	2	0	4000	other	0
2337	135	Picture	31	2812502	0	1	4145	2	0	4000	hit	282
2337	135	Pulse	5	2813236	734	2
2337	135	Response	1	2817076	4574	2
2337	136	Picture	30	2830573	0	1	4145	2	0	4000	other	0
2337	136	Pulse	5	2833236	2663	2
2337	137	Picture	30	2848644	0	1	4144	2	0	4000	other	0
2337	137	Pulse	5	2853235	4591	2
