Scenario - 1-back
Logfile written - 04/09/2015 15:41:19

Subject	Trial	Event Type	Code	Time	TTime	Uncertainty	Duration	Uncertainty	ReqTime	ReqDur	Stim Type	Pair Index

2337	1	Response	1	103335	113169	2
2337	1	Pulse	5	231792	241626	2
2337	2	Pulse	5	251781	19901	2
2337	3	Picture	10	256914	0	1	4145	2	0	4000	other	0
2337	3	Pulse	5	271781	14867	1
2337	4	Picture	10	274985	0	1	4144	2	0	4000	other	0
2337	4	Pulse	5	291780	16795	2
2337	5	Picture	11	293055	0	1	4145	2	0	4000	hit	9
2337	5	Response	1	296890	3835	2
2337	6	Picture	10	311126	0	1	4144	3	0	4000	other	0
2337	6	Pulse	5	311767	641	5
2337	7	Picture	11	329196	0	2	4145	3	0	4000	hit	14
2337	7	Pulse	5	331767	2571	4
2337	7	Response	1	332729	3533	2
2337	8	Picture	10	347267	0	1	4145	2	0	4000	other	0
2337	8	Pulse	5	351766	4499	5
2337	9	Picture	10	365338	0	2	4144	4	0	4000	other	0
2337	9	Pulse	5	371758	6420	2
2337	10	Picture	10	383408	0	2	4145	3	0	4000	other	0
2337	10	Pulse	5	391757	8349	2
2337	11	Picture	11	401479	0	1	4145	2	0	4000	hit	22
2337	11	Response	1	404557	3078	2
2337	11	Pulse	5	411908	10429	1
2337	12	Picture	10	419550	0	1	4144	3	0	4000	other	0
2337	12	Pulse	5	431906	12356	2
2337	13	Picture	10	437620	0	1	4145	3	0	4000	other	0
2337	13	Pulse	5	451906	14286	1
2337	14	Picture	11	455691	0	1	4145	2	0	4000	hit	29
2337	14	Response	1	458945	3254	2
2337	14	Pulse	5	471906	16215	1
2337	15	Picture	10	473762	0	1	4144	3	0	4000	other	0
2337	16	Picture	10	491832	0	1	4145	2	0	4000	other	0
2337	16	Pulse	5	491896	64	1
2337	17	Picture	10	509903	0	1	4145	2	0	4000	other	0
2337	17	Pulse	5	511895	1992	1
2337	18	Picture	10	527974	0	1	4144	2	0	4000	other	0
2337	18	Pulse	5	531893	3919	2
2337	19	Pulse	5	551883	5839	2
2337	20	Picture	30	571078	0	1	4144	3	0	4000	other	0
2337	20	Pulse	5	571882	804	2
2337	21	Picture	30	589148	0	2	4145	3	0	4000	other	0
2337	21	Pulse	5	591883	2735	1
2337	22	Picture	31	607219	0	1	4145	2	0	4000	hit	44
2337	22	Response	1	610911	3692	2
2337	22	Pulse	5	611871	4652	2
2337	23	Picture	30	625290	0	1	4144	3	0	4000	other	0
2337	23	Pulse	5	631870	6580	2
2337	24	Picture	30	643360	0	2	4145	3	0	4000	other	0
2337	24	Pulse	5	651870	8510	2
2337	25	Picture	30	661431	0	1	4145	2	0	4000	other	0
2337	25	Pulse	5	671859	10428	2
2337	26	Picture	31	679502	0	1	4144	3	0	4000	hit	53
2337	26	Response	1	684339	4837	2
2337	26	Pulse	5	691859	12357	2
2337	27	Picture	31	697572	0	2	4145	3	0	4000	hit	56
2337	27	Response	1	701458	3886	2
2337	27	Pulse	5	711858	14286	2
2337	28	Picture	30	715643	0	1	4145	2	0	4000	other	0
2337	28	Pulse	5	731848	16205	1
2337	29	Picture	30	733714	0	1	4144	3	0	4000	other	0
2337	30	Picture	30	751784	0	2	4145	3	0	4000	other	0
2337	30	Pulse	5	751847	63	2
2337	31	Picture	31	769855	0	1	4145	2	0	4000	hit	65
2337	31	Pulse	5	771847	1992	1
2337	31	Response	1	775357	5502	1
2337	32	Picture	30	787926	0	1	4144	2	0	4000	other	0
2337	32	Pulse	5	791836	3910	2
2337	33	Picture	30	805996	0	1	4145	2	0	4000	other	0
2337	33	Pulse	5	811835	5839	2
2337	34	Picture	30	824067	0	1	4145	2	0	4000	other	0
2337	34	Pulse	5	831835	7768	2
2337	35	Picture	30	842137	0	2	4145	3	0	4000	other	0
2337	35	Pulse	5	851824	9687	2
2337	36	Pulse	5	871824	11616	1
2337	37	Picture	10	885242	0	1	4145	2	0	4000	other	0
2337	37	Pulse	5	891823	6581	2
2337	38	Picture	10	903312	0	2	4145	3	0	4000	other	0
2337	38	Pulse	5	911813	8501	1
2337	39	Picture	11	921383	0	1	4145	2	0	4000	miss	0
2337	39	Pulse	5	931812	10429	2
2337	40	Picture	10	939454	0	1	4144	3	0	4000	other	0
2337	40	Pulse	5	951811	12357	2
2337	41	Picture	11	957524	0	2	4145	3	0	4000	hit	84
2337	41	Response	1	961241	3717	2
2337	41	Pulse	5	971801	14277	2
2337	42	Picture	10	975595	0	1	4145	2	0	4000	other	0
2337	42	Pulse	5	991800	16205	2
2337	43	Picture	10	993666	0	1	4144	3	0	4000	other	0
2337	44	Picture	10	1011736	0	2	4145	3	0	4000	other	0
2337	44	Pulse	5	1011799	63	3
2337	45	Picture	11	1029807	0	1	4145	2	0	4000	hit	93
2337	45	Pulse	5	1031789	1982	2
2337	45	Response	1	1033069	3262	2
2337	46	Picture	10	1047878	0	1	4144	2	0	4000	other	0
2337	46	Pulse	5	1051789	3911	1
2337	47	Picture	10	1065948	0	2	4145	3	0	4000	other	0
2337	47	Pulse	5	1071788	5840	2
2337	48	Picture	11	1084019	0	1	4145	2	0	4000	hit	99
2337	48	Response	1	1087618	3599	1
2337	48	Pulse	5	1091777	7758	2
2337	49	Picture	10	1102090	0	1	4144	2	0	4000	other	0
2337	49	Pulse	5	1111777	9687	2
2337	50	Picture	10	1120160	0	1	4145	2	0	4000	other	0
2337	50	Pulse	5	1131776	11616	2
2337	51	Picture	10	1138231	0	1	4145	2	0	4000	other	0
2337	51	Pulse	5	1151766	13535	2
2337	52	Picture	10	1156302	0	1	4144	2	0	4000	other	0
2337	52	Pulse	5	1171765	15463	2
2337	53	Pulse	5	1191765	17393	1
2337	54	Picture	20	1199406	0	1	4144	3	0	4000	other	0
2337	54	Pulse	5	1211755	12349	1
2337	55	Picture	20	1217476	0	2	4145	3	0	4000	other	0
2337	55	Pulse	5	1231753	14277	2
2337	56	Picture	21	1235547	0	1	4145	2	0	4000	hit	115
2337	56	Response	1	1239433	3886	2
2337	56	Pulse	5	1251753	16206	2
2337	57	Picture	20	1253618	0	1	4144	3	0	4000	other	0
2337	58	Picture	20	1271688	0	2	4145	3	0	4000	other	0
2337	58	Pulse	5	1271742	54	2
2337	59	Picture	20	1289759	0	1	4145	2	0	4000	other	0
2337	59	Pulse	5	1291742	1983	2
2337	60	Picture	21	1307830	0	1	4144	2	0	4000	hit	123
2337	60	Response	1	1311101	3271	2
2337	60	Pulse	5	1311741	3911	2
2337	61	Picture	20	1325900	0	2	4145	3	0	4000	other	0
2337	61	Pulse	5	1331731	5831	2
2337	62	Picture	20	1343971	0	1	4145	2	0	4000	other	0
2337	62	Pulse	5	1351731	7760	1
2337	63	Picture	20	1362042	0	1	4144	2	0	4000	other	0
2337	63	Pulse	5	1371730	9688	1
2337	64	Picture	20	1380112	0	1	4145	2	0	4000	other	0
2337	64	Pulse	5	1391719	11607	2
2337	65	Picture	20	1398183	0	1	4145	2	0	4000	other	0
2337	65	Pulse	5	1411718	13535	2
2337	66	Picture	21	1416254	0	1	4144	2	0	4000	hit	136
2337	66	Response	1	1419718	3464	2
2337	66	Pulse	5	1431718	15464	2
2337	67	Picture	20	1434324	0	1	4145	2	0	4000	other	0
2337	67	Pulse	5	1451867	17543	2
2337	68	Picture	20	1452395	0	1	4145	2	0	4000	other	0
2337	69	Picture	21	1470466	0	1	4144	2	0	4000	hit	143
2337	69	Pulse	5	1471867	1401	2
2337	69	Response	1	1474427	3961	1
2337	70	Pulse	5	1491858	3322	1
2337	70	Pulse	5	1511856	23320	1
2337	71	Picture	10	1513570	0	1	4144	3	0	4000	other	0
2337	72	Picture	10	1531640	0	2	4145	3	0	4000	other	0
2337	72	Pulse	5	1531855	215	2
2337	73	Picture	11	1549711	0	1	4145	2	0	4000	hit	151
2337	73	Pulse	5	1551856	2145	1
2337	73	Response	1	1553296	3585	1
2337	74	Picture	10	1567782	0	1	4144	3	0	4000	other	0
2337	74	Pulse	5	1571845	4063	1
2337	75	Picture	11	1585852	0	2	4145	3	0	4000	hit	155
2337	75	Response	1	1588803	2951	2
2337	75	Pulse	5	1591845	5993	1
2337	76	Picture	10	1603923	0	1	4145	2	0	4000	other	0
2337	76	Pulse	5	1611843	7920	2
2337	77	Picture	10	1621994	0	1	4144	3	0	4000	other	0
2337	77	Pulse	5	1631832	9838	2
2337	78	Picture	11	1640064	0	2	4145	3	0	4000	hit	162
2337	78	Response	1	1643352	3288	2
2337	78	Pulse	5	1651832	11768	2
2337	79	Picture	10	1658135	0	1	4145	2	0	4000	other	0
2337	79	Pulse	5	1671831	13696	2
2337	80	Picture	10	1676206	0	1	4144	3	0	4000	other	0
2337	80	Pulse	5	1691821	15615	1
2337	81	Picture	10	1694276	0	2	4145	3	0	4000	other	0
2337	81	Pulse	5	1711820	17544	2
2337	82	Picture	10	1712347	0	1	4145	2	0	4000	other	0
2337	83	Picture	10	1730418	0	1	4144	2	0	4000	other	0
2337	83	Pulse	5	1731819	1401	2
2337	84	Picture	11	1748488	0	1	4145	2	0	4000	hit	175
2337	84	Pulse	5	1751809	3321	2
2337	84	Response	1	1751969	3481	2
2337	85	Picture	10	1766559	0	1	4145	2	0	4000	other	0
2337	85	Pulse	5	1771808	5249	2
2337	86	Picture	10	1784629	0	2	4145	3	0	4000	other	0
2337	86	Pulse	5	1791808	7179	2
2337	87	Pulse	5	1811797	9097	2
2337	88	Picture	30	1827734	0	1	4144	3	0	4000	other	0
2337	88	Pulse	5	1831797	4063	1
2337	89	Picture	30	1845804	0	2	4145	3	0	4000	other	0
2337	89	Pulse	5	1851796	5992	2
2337	90	Picture	30	1863875	0	1	4145	2	0	4000	other	0
2337	90	Pulse	5	1871785	7910	2
2337	91	Picture	31	1881946	0	1	4144	3	0	4000	hit	188
2337	91	Response	1	1885545	3599	2
2337	91	Pulse	5	1891785	9839	2
2337	92	Picture	31	1900016	0	2	4145	3	0	4000	miss	0
2337	92	Pulse	5	1911784	11768	2
2337	93	Picture	30	1918087	0	1	4145	2	0	4000	other	0
2337	93	Pulse	5	1931774	13687	2
2337	94	Picture	30	1936158	0	1	4144	3	0	4000	other	0
2337	94	Pulse	5	1951773	15615	2
2337	95	Picture	30	1954228	0	2	4145	3	0	4000	other	0
2337	95	Pulse	5	1971773	17545	2
2337	96	Picture	31	1972299	0	1	4145	2	0	4000	hit	199
2337	96	Response	1	1978321	6022	3
2337	97	Picture	30	1990370	0	1	4144	3	0	4000	other	0
2337	97	Pulse	5	1991762	1392	2
2337	98	Picture	30	2008440	0	1	4145	2	0	4000	other	0
2337	98	Pulse	5	2011762	3322	1
2337	99	Picture	30	2026511	0	2	4145	3	0	4000	other	0
2337	99	Pulse	5	2031761	5250	2
2337	100	Picture	30	2044582	0	1	4144	2	0	4000	other	0
2337	100	Pulse	5	2051750	7168	2
2337	101	Picture	31	2062652	0	1	4145	2	0	4000	hit	209
2337	101	Response	1	2066310	3658	2
2337	101	Pulse	5	2071750	9098	2
2337	102	Picture	30	2080723	0	1	4145	2	0	4000	other	0
2337	102	Pulse	5	2091749	11026	2
2337	103	Picture	30	2098794	0	1	4144	2	0	4000	false_alarm	214
2337	103	Response	1	2104059	5265	2
2337	103	Pulse	5	2111739	12945	2
2337	104	Pulse	5	2131738	14874	2
2337	105	Picture	10	2141898	0	2	4145	3	0	4000	other	0
2337	105	Pulse	5	2151738	9840	1
2337	106	Picture	10	2159968	0	2	4145	3	0	4000	other	0
2337	106	Pulse	5	2171727	11759	2
2337	107	Picture	11	2178039	0	1	4145	2	0	4000	hit	222
2337	107	Response	1	2181487	3448	2
2337	107	Pulse	5	2191726	13687	2
2337	108	Picture	10	2196110	0	1	4144	3	0	4000	other	0
2337	108	Pulse	5	2211726	15616	2
2337	109	Picture	11	2214180	0	2	4145	3	0	4000	hit	227
2337	109	Response	1	2218276	4096	2
2337	109	Pulse	5	2231715	17535	2
2337	110	Picture	10	2232251	0	1	4145	2	0	4000	other	0
2337	111	Picture	10	2250322	0	1	4144	3	0	4000	other	0
2337	111	Pulse	5	2251715	1393	2
2337	112	Picture	11	2268392	0	2	4145	3	0	4000	hit	234
2337	112	Pulse	5	2271714	3322	2
2337	112	Response	1	2271874	3482	2
2337	113	Picture	10	2286463	0	1	4145	2	0	4000	other	0
2337	113	Pulse	5	2291704	5241	1
2337	114	Picture	10	2304534	0	1	4144	3	0	4000	other	0
2337	114	Pulse	5	2311703	7169	2
2337	115	Picture	10	2322604	0	2	4145	3	0	4000	other	0
2337	115	Pulse	5	2331703	9099	1
2337	116	Picture	10	2340675	0	1	4145	2	0	4000	other	0
2337	116	Pulse	5	2351692	11017	2
2337	117	Picture	10	2358746	0	1	4144	3	0	4000	other	0
2337	117	Pulse	5	2371691	12945	2
2337	118	Picture	11	2376816	0	2	4145	3	0	4000	hit	246
2337	118	Response	1	2380651	3835	2
2337	118	Pulse	5	2391691	14875	2
2337	119	Picture	10	2394887	0	1	4145	2	0	4000	other	0
2337	119	Pulse	5	2411680	16793	2
2337	120	Picture	10	2412958	0	1	4144	2	0	4000	other	0
2337	121	Pulse	5	2431680	652	2
2337	121	Pulse	5	2451679	20651	2
2337	122	Picture	20	2456062	0	1	4145	2	0	4000	other	0
2337	122	Pulse	5	2471669	15607	1
2337	123	Picture	20	2474133	0	1	4144	2	0	4000	other	0
2337	123	Pulse	5	2491828	17695	2
2337	124	Picture	20	2492203	0	1	4145	2	0	4000	other	0
2337	125	Picture	21	2510274	0	1	4145	2	0	4000	hit	260
2337	125	Pulse	5	2511819	1545	1
2337	125	Response	1	2513579	3305	1
2337	126	Picture	20	2528345	0	1	4144	2	0	4000	other	0
2337	126	Pulse	5	2531817	3472	2
2337	127	Picture	20	2546415	0	1	4145	2	0	4000	other	0
2337	127	Pulse	5	2551816	5401	2
2337	128	Picture	21	2564486	0	1	4144	3	0	4000	hit	266
2337	128	Response	1	2568936	4450	2
2337	128	Pulse	5	2571817	7331	1
2337	129	Picture	20	2582557	0	1	4144	2	0	4000	other	0
2337	129	Pulse	5	2591807	9250	1
2337	130	Picture	20	2600627	0	1	4145	2	0	4000	other	0
2337	130	Pulse	5	2611806	11179	1
2337	131	Picture	20	2618698	0	1	4144	3	0	4000	other	0
2337	131	Pulse	5	2631804	13106	2
2337	132	Picture	21	2636768	0	2	4145	3	0	4000	hit	275
2337	132	Response	1	2639954	3186	2
2337	132	Pulse	5	2651793	15025	2
2337	133	Picture	20	2654839	0	1	4145	2	0	4000	other	0
2337	133	Pulse	5	2671793	16954	2
2337	134	Picture	20	2672910	0	1	4144	3	0	4000	other	0
2337	135	Picture	21	2690980	0	2	4145	3	0	4000	hit	282
2337	135	Pulse	5	2691792	812	2
2337	135	Response	1	2694822	3842	2
2337	136	Picture	20	2709051	0	1	4145	2	0	4000	other	0
2337	136	Pulse	5	2711782	2731	2
2337	137	Picture	20	2727122	0	1	4144	3	0	4000	other	0
2337	137	Pulse	5	2731781	4659	2
