Scenario - 1-back
Logfile written - 04/09/2015 15:56:00

Subject	Trial	Event Type	Code	Time	TTime	Uncertainty	Duration	Uncertainty	ReqTime	ReqDur	Stim Type	Pair Index

2337	1	Pulse	5	193566	203400	2
2337	2	Pulse	5	213556	19972	1
2337	3	Picture	10	218618	0	1	4144	3	0	4000	other	0
2337	3	Pulse	5	233555	14937	2
2337	4	Picture	10	236688	0	2	4145	3	0	4000	other	0
2337	4	Pulse	5	253714	17026	2
2337	5	Picture	11	254759	0	1	4145	2	0	4000	hit	8
2337	5	Response	1	258666	3907	1
2337	6	Picture	10	272830	0	1	4144	3	0	4000	other	0
2337	6	Pulse	5	273704	874	2
2337	7	Picture	11	290900	0	1	4145	2	0	4000	hit	13
2337	7	Pulse	5	293703	2803	2
2337	7	Response	1	294503	3603	2
2337	8	Picture	10	308971	0	1	4145	2	0	4000	other	0
2337	8	Pulse	5	313703	4732	2
2337	9	Picture	10	327042	0	1	4144	3	0	4000	other	0
2337	9	Pulse	5	333694	6652	1
2337	10	Picture	10	345112	0	2	4145	3	0	4000	other	0
2337	10	Pulse	5	353693	8581	1
2337	11	Picture	11	363183	0	1	4145	2	0	4000	hit	21
2337	11	Response	1	367293	4110	1
2337	11	Pulse	5	373692	10509	2
2337	12	Picture	10	381254	0	1	4144	3	0	4000	other	0
2337	12	Pulse	5	393681	12427	1
2337	13	Picture	10	399324	0	1	4145	2	0	4000	other	0
2337	13	Pulse	5	413680	14356	2
2337	14	Picture	11	417395	0	1	4145	2	0	4000	hit	28
2337	14	Response	1	420880	3485	2
2337	14	Pulse	5	433679	16284	2
2337	15	Picture	10	435466	0	1	4144	2	0	4000	other	0
2337	16	Picture	10	453536	0	1	4145	2	0	4000	other	0
2337	16	Pulse	5	453669	133	2
2337	17	Picture	10	471607	0	1	4144	3	0	4000	other	0
2337	17	Pulse	5	473668	2061	2
2337	18	Picture	10	489678	0	1	4144	2	0	4000	other	0
2337	18	Pulse	5	493668	3990	2
2337	19	Pulse	5	513657	5909	2
2337	20	Picture	30	532782	0	1	4144	3	0	4000	other	0
2337	20	Pulse	5	533657	875	1
2337	21	Picture	30	550852	0	2	4145	3	0	4000	other	0
2337	21	Pulse	5	553656	2804	2
2337	22	Picture	31	568923	0	1	4145	2	0	4000	hit	43
2337	22	Response	1	572845	3922	2
2337	22	Pulse	5	573646	4723	1
2337	23	Picture	30	586994	0	1	4144	3	0	4000	other	0
2337	23	Pulse	5	593645	6651	2
2337	24	Picture	30	605064	0	2	4145	3	0	4000	other	0
2337	24	Pulse	5	613644	8580	2
2337	25	Picture	30	623135	0	1	4145	2	0	4000	other	0
2337	25	Pulse	5	633634	10499	2
2337	26	Picture	31	641206	0	1	4144	3	0	4000	hit	52
2337	26	Response	1	644673	3467	2
2337	26	Pulse	5	653633	12427	2
2337	27	Picture	31	659276	0	2	4145	3	0	4000	hit	55
2337	27	Response	1	662753	3477	2
2337	27	Pulse	5	673633	14357	1
2337	28	Picture	30	677347	0	1	4145	2	0	4000	other	0
2337	28	Pulse	5	693622	16275	2
2337	29	Picture	30	695418	0	1	4144	3	0	4000	other	0
2337	30	Picture	30	713488	0	2	4145	3	0	4000	other	0
2337	30	Pulse	5	713621	133	2
2337	31	Picture	31	731559	0	1	4145	2	0	4000	hit	64
2337	31	Pulse	5	733621	2062	2
2337	31	Response	1	746571	15012	1
2337	32	Picture	30	749630	0	1	4144	2	0	4000	other	0
2337	32	Pulse	5	753610	3980	2
2337	33	Picture	30	767700	0	1	4145	2	0	4000	other	0
2337	33	Pulse	5	773610	5910	2
2337	34	Picture	30	785771	0	1	4145	2	0	4000	other	0
2337	34	Pulse	5	793609	7838	2
2337	35	Picture	30	803842	0	1	4144	2	0	4000	other	0
2337	35	Pulse	5	813599	9757	2
2337	36	Pulse	5	833598	11686	2
2337	37	Picture	10	846946	0	1	4145	2	0	4000	other	0
2337	37	Pulse	5	853598	6652	1
2337	38	Picture	10	865016	0	2	4145	3	0	4000	other	0
2337	38	Pulse	5	873587	8571	2
2337	39	Picture	11	883087	0	1	4145	2	0	4000	hit	79
2337	39	Response	1	887347	4260	2
2337	39	Pulse	5	893586	10499	2
2337	40	Picture	10	901158	0	1	4145	2	0	4000	other	0
2337	40	Pulse	5	913586	12428	2
2337	41	Picture	11	919229	0	1	4144	2	0	4000	hit	84
2337	41	Response	1	923506	4277	1
2337	41	Pulse	5	933575	14346	2
2337	42	Picture	10	937299	0	1	4145	2	0	4000	other	0
2337	42	Pulse	5	953575	16276	2
2337	43	Picture	10	955370	0	1	4145	2	0	4000	other	0
2337	44	Picture	10	973441	0	1	4144	2	0	4000	other	0
2337	44	Pulse	5	973574	133	2
2337	45	Picture	11	991511	0	1	4145	2	0	4000	hit	93
2337	45	Pulse	5	993564	2053	2
2337	45	Response	1	995484	3973	1
2337	46	Picture	10	1009582	0	1	4144	3	0	4000	other	0
2337	46	Pulse	5	1013563	3981	2
2337	47	Picture	10	1027652	0	2	4145	3	0	4000	other	0
2337	47	Pulse	5	1033562	5910	2
2337	48	Picture	11	1045723	0	1	4145	2	0	4000	hit	99
2337	48	Response	1	1049712	3989	2
2337	48	Pulse	5	1053552	7829	2
2337	49	Picture	10	1063794	0	1	4144	3	0	4000	other	0
2337	49	Pulse	5	1073551	9757	2
2337	50	Picture	10	1081864	0	2	4145	3	0	4000	other	0
2337	50	Pulse	5	1093551	11687	2
2337	51	Picture	10	1099935	0	1	4145	2	0	4000	other	0
2337	51	Pulse	5	1113540	13605	2
2337	52	Picture	10	1118006	0	1	4144	3	0	4000	other	0
2337	52	Pulse	5	1133540	15534	2
2337	53	Pulse	5	1153539	17463	2
2337	54	Picture	20	1161110	0	1	4145	2	0	4000	other	0
2337	54	Pulse	5	1173527	12417	4
2337	55	Picture	20	1179180	0	2	4145	4	0	4000	other	0
2337	55	Pulse	5	1193526	14346	4
2337	56	Picture	21	1197251	0	1	4145	2	0	4000	hit	115
2337	56	Response	1	1200568	3317	2
2337	56	Pulse	5	1213527	16276	2
2337	57	Picture	20	1215322	0	1	4145	2	0	4000	other	0
2337	58	Picture	20	1233393	0	1	4144	3	0	4000	other	0
2337	58	Pulse	5	1233517	124	2
2337	59	Picture	20	1251463	0	1	4145	2	0	4000	other	0
2337	59	Pulse	5	1253516	2053	2
2337	60	Picture	21	1269534	0	1	4145	2	0	4000	hit	123
2337	60	Response	1	1270796	1262	2
2337	60	Pulse	5	1273516	3982	2
2337	61	Picture	20	1287604	0	2	4145	3	0	4000	other	0
2337	61	Pulse	5	1293665	6061	2
2337	62	Picture	20	1305675	0	1	4145	2	0	4000	other	0
2337	62	Pulse	5	1313665	7990	1
2337	63	Picture	20	1323746	0	1	4144	3	0	4000	other	0
2337	63	Pulse	5	1333664	9918	2
2337	64	Picture	20	1341816	0	2	4145	3	0	4000	other	0
2337	64	Pulse	5	1353655	11839	1
2337	65	Picture	20	1359887	0	1	4145	2	0	4000	other	0
2337	65	Pulse	5	1373654	13767	1
2337	66	Picture	21	1377958	0	1	4144	3	0	4000	hit	136
2337	66	Response	1	1381814	3856	1
2337	66	Pulse	5	1393654	15696	1
2337	67	Picture	20	1396028	0	2	4145	3	0	4000	other	0
2337	67	Pulse	5	1413642	17614	2
2337	68	Picture	20	1414099	0	1	4145	2	0	4000	other	0
2337	69	Picture	21	1432170	0	1	4144	3	0	4000	hit	143
2337	69	Pulse	5	1433641	1471	2
2337	69	Response	1	1434921	2751	2
2337	70	Pulse	5	1453641	3401	2
2337	70	Pulse	5	1473630	23390	2
2337	71	Picture	10	1475274	0	1	4145	2	0	4000	other	0
2337	72	Picture	10	1493345	0	1	4144	3	0	4000	other	0
2337	72	Pulse	5	1493629	284	2
2337	73	Picture	11	1511415	0	2	4145	3	0	4000	hit	151
2337	73	Pulse	5	1513629	2214	2
2337	73	Response	1	1515069	3654	2
2337	74	Picture	10	1529486	0	1	4145	2	0	4000	other	0
2337	74	Pulse	5	1533618	4132	2
2337	75	Picture	11	1547557	0	1	4144	3	0	4000	hit	155
2337	75	Response	1	1551058	3501	2
2337	75	Pulse	5	1553618	6061	2
2337	76	Picture	10	1565627	0	2	4145	3	0	4000	other	0
2337	76	Pulse	5	1573617	7990	2
2337	77	Picture	10	1583698	0	1	4145	2	0	4000	other	0
2337	77	Pulse	5	1593607	9909	2
2337	78	Picture	11	1601769	0	1	4144	3	0	4000	hit	162
2337	78	Response	1	1605286	3517	2
2337	78	Pulse	5	1613606	11837	2
2337	79	Picture	10	1619839	0	1	4145	2	0	4000	other	0
2337	79	Pulse	5	1633606	13767	1
2337	80	Picture	10	1637910	0	1	4145	2	0	4000	other	0
2337	80	Pulse	5	1653595	15685	2
2337	81	Picture	10	1655981	0	1	4144	2	0	4000	other	0
2337	81	Pulse	5	1673594	17613	2
2337	82	Picture	10	1674051	0	1	4145	2	0	4000	other	0
2337	83	Picture	10	1692122	0	1	4145	2	0	4000	other	0
2337	83	Pulse	5	1693594	1472	2
2337	84	Picture	11	1710193	0	1	4144	2	0	4000	hit	175
2337	84	Pulse	5	1713583	3390	2
2337	84	Response	1	1714225	4032	1
2337	85	Picture	10	1728263	0	1	4145	2	0	4000	other	0
2337	85	Pulse	5	1733583	5320	2
2337	86	Picture	10	1746334	0	1	4145	2	0	4000	other	0
2337	86	Pulse	5	1753582	7248	2
2337	87	Pulse	5	1773572	9168	1
2337	88	Picture	30	1789438	0	1	4145	2	0	4000	other	0
2337	88	Pulse	5	1793571	4133	2
2337	89	Picture	30	1807509	0	1	4145	2	0	4000	other	0
2337	89	Pulse	5	1813571	6062	1
2337	90	Picture	30	1825580	0	1	4144	2	0	4000	other	0
2337	90	Pulse	5	1833560	7980	2
2337	91	Picture	31	1843650	0	1	4145	2	0	4000	hit	188
2337	91	Response	1	1847320	3670	1
2337	91	Pulse	5	1853559	9909	2
2337	92	Picture	31	1861721	0	1	4144	3	0	4000	hit	191
2337	92	Response	1	1864919	3198	2
2337	92	Pulse	5	1873559	11838	2
2337	93	Picture	30	1879791	0	2	4145	3	0	4000	other	0
2337	93	Pulse	5	1893548	13757	2
2337	94	Picture	30	1897862	0	1	4145	2	0	4000	other	0
2337	94	Pulse	5	1913548	15686	2
2337	95	Picture	30	1915933	0	1	4144	3	0	4000	other	0
2337	95	Pulse	5	1933547	17614	2
2337	96	Picture	31	1934003	0	2	4145	3	0	4000	hit	200
2337	96	Response	1	1943627	9624	2
2337	97	Picture	30	1952074	0	1	4145	2	0	4000	other	0
2337	97	Pulse	5	1953537	1463	1
2337	98	Picture	30	1970145	0	1	4144	3	0	4000	other	0
2337	98	Pulse	5	1973536	3391	2
2337	99	Picture	30	1988215	0	2	4145	3	0	4000	other	0
2337	99	Pulse	5	1993535	5320	2
2337	100	Picture	30	2006286	0	1	4145	2	0	4000	other	0
2337	100	Pulse	5	2013525	7239	2
2337	101	Picture	31	2024357	0	1	4144	3	0	4000	hit	210
2337	101	Response	1	2028404	4047	2
2337	101	Pulse	5	2033524	9167	2
2337	102	Picture	30	2042427	0	2	4145	3	0	4000	other	0
2337	102	Pulse	5	2053524	11097	2
2337	103	Picture	30	2060498	0	1	4145	2	0	4000	other	0
2337	103	Pulse	5	2073513	13015	2
2337	104	Pulse	5	2093514	14945	1
2337	105	Picture	10	2103602	0	1	4145	2	0	4000	other	0
2337	105	Pulse	5	2113512	9910	2
2337	106	Picture	10	2121673	0	1	4144	3	0	4000	other	0
2337	106	Pulse	5	2133501	11828	2
2337	107	Picture	11	2139744	0	1	4144	2	0	4000	hit	222
2337	107	Response	1	2143421	3677	2
2337	107	Pulse	5	2153501	13757	2
2337	108	Picture	10	2157814	0	1	4145	2	0	4000	other	0
2337	108	Pulse	5	2173500	15686	2
2337	109	Picture	11	2175885	0	1	4145	2	0	4000	hit	227
2337	109	Response	1	2179738	3853	4
2337	109	Pulse	5	2193490	17605	2
2337	110	Picture	10	2193956	0	1	4144	2	0	4000	other	0
2337	111	Picture	10	2212026	0	1	4145	2	0	4000	other	0
2337	111	Pulse	5	2213489	1463	2
2337	112	Picture	11	2230097	0	1	4144	3	0	4000	hit	234
2337	112	Pulse	5	2233489	3392	2
2337	112	Response	1	2234289	4192	1
2337	113	Picture	10	2248167	0	2	4145	3	0	4000	other	0
2337	113	Pulse	5	2253478	5311	2
2337	114	Picture	10	2266238	0	1	4145	2	0	4000	other	0
2337	114	Pulse	5	2273478	7240	1
2337	115	Picture	10	2284309	0	1	4144	3	0	4000	other	0
2337	115	Pulse	5	2293477	9168	2
2337	116	Picture	10	2302379	0	2	4145	3	0	4000	other	0
2337	116	Pulse	5	2313466	11087	2
2337	117	Picture	10	2320450	0	1	4145	2	0	4000	other	0
2337	117	Pulse	5	2333626	13176	2
2337	118	Picture	11	2338521	0	1	4144	3	0	4000	hit	246
2337	118	Response	1	2342746	4225	1
2337	118	Pulse	5	2353625	15104	2
2337	119	Picture	10	2356591	0	2	4145	3	0	4000	other	0
2337	119	Pulse	5	2373616	17025	1
2337	120	Picture	10	2374662	0	1	4145	2	0	4000	other	0
2337	121	Pulse	5	2393616	883	1
2337	121	Pulse	5	2413615	20882	1
2337	122	Picture	20	2417766	0	2	4145	3	0	4000	other	0
2337	122	Pulse	5	2433603	15837	2
2337	123	Picture	20	2435837	0	1	4145	2	0	4000	other	0
2337	123	Pulse	5	2453604	17767	1
2337	124	Picture	20	2453908	0	1	4144	3	0	4000	other	0
2337	125	Picture	21	2471978	0	2	4145	3	0	4000	hit	260
2337	125	Pulse	5	2473603	1625	1
2337	125	Response	1	2475202	3224	2
2337	126	Picture	20	2490049	0	1	4145	2	0	4000	other	0
2337	126	Pulse	5	2493591	3542	2
2337	127	Picture	20	2508120	0	1	4144	2	0	4000	other	0
2337	127	Pulse	5	2513592	5472	1
2337	128	Picture	21	2526190	0	1	4145	2	0	4000	hit	266
2337	128	Response	1	2530230	4040	2
2337	128	Pulse	5	2533590	7400	2
2337	129	Picture	20	2544261	0	1	4145	2	0	4000	other	0
2337	129	Pulse	5	2553580	9319	2
2337	130	Picture	20	2562332	0	1	4144	2	0	4000	other	0
2337	130	Pulse	5	2573579	11247	2
2337	131	Picture	20	2580402	0	1	4145	2	0	4000	other	0
2337	131	Pulse	5	2593579	13177	1
2337	132	Picture	21	2598473	0	1	4000	312	0	4000	hit	275
2337	132	Response	1	2602058	3585	2
2337	132	Pulse	5	2613568	15095	2
2337	133	Picture	20	2616544	0	1	4144	2	0	4000	other	0
2337	133	Pulse	5	2633567	17023	2
2337	134	Picture	20	2634614	0	1	4145	2	0	4000	other	0
2337	135	Picture	21	2652685	0	1	4145	2	0	4000	hit	282
2337	135	Pulse	5	2653567	882	2
2337	135	Response	1	2655967	3282	2
2337	136	Picture	20	2670755	0	2	4145	3	0	4000	other	0
2337	136	Pulse	5	2673556	2801	2
2337	137	Picture	20	2688826	0	1	4145	2	0	4000	other	0
2337	137	Pulse	5	2693556	4730	2
