Scenario - 1-back
Logfile written - 04/09/2015 15:51:27

Subject	Trial	Event Type	Code	Time	TTime	Uncertainty	Duration	Uncertainty	ReqTime	ReqDur	Stim Type	Pair Index

2337	1	Pulse	5	91665	101499	1
2337	2	Pulse	5	111664	19872	2
2337	3	Picture	10	116825	0	1	4145	2	0	4000	other	0
2337	3	Pulse	5	131663	14838	2
2337	4	Picture	10	134896	0	1	4145	2	0	4000	other	0
2337	4	Pulse	5	151653	16757	2
2337	5	Picture	11	152967	0	1	4144	2	0	4000	hit	8
2337	5	Response	1	156293	3326	2
2337	6	Picture	10	171037	0	1	4144	3	0	4000	other	0
2337	6	Pulse	5	171652	615	2
2337	7	Picture	11	189108	0	1	4144	3	0	4000	hit	13
2337	7	Pulse	5	191652	2544	2
2337	7	Response	1	192772	3664	2
2337	8	Picture	10	207178	0	2	4145	3	0	4000	other	0
2337	8	Pulse	5	211641	4463	2
2337	9	Picture	10	225249	0	1	4145	2	0	4000	other	0
2337	9	Pulse	5	231641	6392	1
2337	10	Picture	10	243320	0	1	4144	3	0	4000	other	0
2337	10	Pulse	5	251640	8320	2
2337	11	Picture	11	261390	0	2	4145	3	0	4000	hit	21
2337	11	Response	1	265551	4161	1
2337	11	Pulse	5	271629	10239	2
2337	12	Picture	10	279461	0	1	4145	2	0	4000	other	0
2337	12	Pulse	5	291629	12168	2
2337	13	Picture	10	297532	0	1	4144	3	0	4000	other	0
2337	13	Pulse	5	311628	14096	2
2337	14	Picture	11	315602	0	2	4145	3	0	4000	hit	28
2337	14	Response	1	318658	3056	2
2337	14	Pulse	5	331618	16016	2
2337	15	Picture	10	333673	0	1	4145	2	0	4000	other	0
2337	15	Pulse	5	351617	17944	2
2337	16	Picture	10	351744	0	1	4144	2	0	4000	other	0
2337	17	Picture	10	369814	0	2	4145	3	0	4000	other	0
2337	17	Pulse	5	371617	1803	2
2337	18	Picture	10	387885	0	1	4145	2	0	4000	other	0
2337	18	Pulse	5	391606	3721	2
2337	19	Pulse	5	411606	5650	1
2337	20	Picture	20	430989	0	1	4145	2	0	4000	other	0
2337	20	Pulse	5	431605	616	2
2337	21	Picture	20	449060	0	1	4145	2	0	4000	other	0
2337	21	Pulse	5	451595	2535	1
2337	22	Picture	21	467131	0	1	4144	2	0	4000	hit	43
2337	22	Response	1	469994	2863	2
2337	22	Pulse	5	471594	4463	2
2337	23	Picture	20	485201	0	2	4145	3	0	4000	other	0
2337	23	Pulse	5	491593	6392	2
2337	24	Picture	20	503272	0	1	4145	2	0	4000	other	0
2337	24	Pulse	5	511583	8311	2
2337	25	Picture	20	521342	0	2	4145	3	0	4000	other	0
2337	25	Pulse	5	531582	10240	2
2337	26	Picture	21	539413	0	1	4145	2	0	4000	hit	52
2337	26	Response	1	542142	2729	2
2337	26	Pulse	5	551582	12169	1
2337	27	Picture	20	557484	0	1	4144	3	0	4000	other	0
2337	27	Pulse	5	571571	14087	2
2337	28	Picture	20	575555	0	1	4144	2	0	4000	other	0
2337	28	Pulse	5	591571	16016	1
2337	29	Picture	20	593625	0	1	4145	2	0	4000	other	0
2337	29	Pulse	5	611570	17945	2
2337	30	Picture	20	611696	0	1	4144	3	0	4000	other	0
2337	31	Picture	20	629766	0	2	4145	3	0	4000	other	0
2337	31	Pulse	5	631560	1794	1
2337	32	Picture	21	647837	0	1	4145	2	0	4000	hit	65
2337	32	Pulse	5	651559	3722	2
2337	32	Response	1	652039	4202	2
2337	33	Picture	20	665908	0	1	4144	3	0	4000	other	0
2337	33	Pulse	5	671558	5650	2
2337	34	Picture	20	683978	0	2	4145	3	0	4000	other	0
2337	34	Pulse	5	691548	7570	1
2337	35	Picture	21	702049	0	1	4145	2	0	4000	hit	71
2337	35	Response	1	705467	3418	2
2337	35	Pulse	5	711547	9498	2
2337	36	Pulse	5	731547	11427	1
2337	37	Picture	10	745153	0	2	4145	3	0	4000	other	0
2337	37	Pulse	5	751536	6383	2
2337	38	Picture	10	763224	0	1	4145	2	0	4000	other	0
2337	38	Pulse	5	771536	8312	1
2337	39	Picture	11	781295	0	1	4144	2	0	4000	miss	0
2337	39	Pulse	5	791535	10240	2
2337	40	Picture	10	799364	0	3	4146	4	0	4000	other	0
2337	40	Pulse	5	811524	12160	2
2337	41	Picture	11	817436	0	1	4145	2	0	4000	hit	83
2337	41	Response	1	821444	4008	2
2337	41	Pulse	5	831524	14088	2
2337	42	Picture	10	835507	0	1	4144	2	0	4000	other	0
2337	42	Pulse	5	851683	16176	2
2337	43	Picture	10	853577	0	1	4145	2	0	4000	other	0
2337	44	Picture	10	871648	0	1	4144	3	0	4000	other	0
2337	44	Pulse	5	871673	25	1
2337	45	Picture	11	889718	0	2	4145	3	0	4000	hit	92
2337	45	Pulse	5	891672	1954	2
2337	45	Response	1	893912	4194	2
2337	46	Picture	10	907789	0	1	4145	2	0	4000	other	0
2337	46	Pulse	5	911663	3874	1
2337	47	Picture	10	925860	0	1	4144	3	0	4000	other	0
2337	47	Pulse	5	931661	5801	2
2337	48	Picture	11	943930	0	2	4145	3	0	4000	hit	98
2337	48	Response	1	947821	3891	1
2337	48	Pulse	5	951660	7730	2
2337	49	Picture	10	962001	0	1	4145	2	0	4000	other	0
2337	49	Pulse	5	971661	9660	1
2337	50	Picture	10	980072	0	1	4144	3	0	4000	other	0
2337	50	Pulse	5	991651	11579	1
2337	51	Picture	10	998142	0	2	4145	3	0	4000	other	0
2337	51	Pulse	5	1011650	13508	1
2337	52	Picture	10	1016213	0	1	4144	3	0	4000	other	0
2337	52	Pulse	5	1031648	15435	2
2337	53	Pulse	5	1051638	17354	1
2337	54	Picture	30	1059317	0	2	4145	3	0	4000	other	0
2337	54	Pulse	5	1071637	12320	2
2337	55	Picture	30	1077388	0	1	4145	2	0	4000	other	0
2337	55	Pulse	5	1091636	14248	2
2337	56	Picture	31	1095459	0	1	4144	3	0	4000	hit	114
2337	56	Response	1	1098826	3367	2
2337	56	Pulse	5	1111626	16167	2
2337	57	Picture	30	1113529	0	1	4145	2	0	4000	other	0
2337	58	Picture	30	1131600	0	1	4145	2	0	4000	other	0
2337	58	Pulse	5	1131625	25	2
2337	59	Picture	30	1149671	0	1	4144	2	0	4000	other	0
2337	59	Pulse	5	1151625	1954	1
2337	60	Picture	31	1167741	0	1	4145	2	0	4000	hit	123
2337	60	Pulse	5	1171614	3873	2
2337	60	Response	1	1171935	4194	1
2337	61	Picture	31	1185812	0	1	4144	3	0	4000	hit	126
2337	61	Pulse	5	1191614	5802	1
2337	61	Response	1	1192094	6282	1
2337	62	Picture	30	1203883	0	1	4144	2	0	4000	other	0
2337	62	Pulse	5	1211613	7730	2
2337	63	Picture	30	1221953	0	1	4145	2	0	4000	other	0
2337	63	Pulse	5	1231602	9649	2
2337	64	Picture	30	1240024	0	1	4144	3	0	4000	other	0
2337	64	Pulse	5	1251602	11578	2
2337	65	Picture	31	1258095	0	1	4144	2	0	4000	hit	134
2337	65	Response	1	1263601	5506	2
2337	65	Pulse	5	1271601	13506	2
2337	66	Picture	30	1276165	0	1	4145	2	0	4000	other	0
2337	66	Pulse	5	1291591	15426	2
2337	67	Picture	30	1294236	0	1	4144	3	0	4000	other	0
2337	67	Pulse	5	1311590	17354	2
2337	68	Picture	30	1312306	0	2	4145	3	0	4000	other	0
2337	69	Picture	30	1330377	0	1	4145	2	0	4000	other	0
2337	69	Pulse	5	1331590	1213	1
2337	70	Pulse	5	1351579	3131	2
2337	70	Pulse	5	1371578	23130	3
2337	71	Picture	10	1373481	0	2	4145	3	0	4000	other	0
2337	72	Picture	10	1391552	0	1	4145	2	0	4000	other	0
2337	72	Pulse	5	1391578	26	2
2337	73	Picture	11	1409623	0	1	4144	3	0	4000	hit	150
2337	73	Pulse	5	1411567	1944	2
2337	73	Response	1	1413647	4024	2
2337	74	Picture	10	1427693	0	2	4145	3	0	4000	other	0
2337	74	Pulse	5	1431567	3874	2
2337	75	Picture	11	1445764	0	1	4145	2	0	4000	hit	154
2337	75	Response	1	1449646	3882	2
2337	75	Pulse	5	1451566	5802	2
2337	76	Picture	10	1463835	0	1	4144	3	0	4000	other	0
2337	76	Pulse	5	1471556	7721	1
2337	77	Picture	10	1481905	0	1	4145	2	0	4000	other	0
2337	77	Pulse	5	1491555	9650	2
2337	78	Picture	11	1499976	0	1	4145	2	0	4000	hit	161
2337	78	Response	1	1503715	3739	2
2337	78	Pulse	5	1511555	11579	1
2337	79	Picture	10	1518047	0	1	4144	2	0	4000	other	0
2337	79	Pulse	5	1531544	13497	2
2337	80	Picture	10	1536117	0	1	4145	2	0	4000	other	0
2337	80	Pulse	5	1551543	15426	2
2337	81	Picture	10	1554188	0	1	4145	2	0	4000	other	0
2337	81	Pulse	5	1571543	17355	2
2337	82	Picture	10	1572259	0	1	4144	2	0	4000	other	0
2337	83	Picture	10	1590329	0	1	4145	2	0	4000	other	0
2337	83	Pulse	5	1591532	1203	2
2337	84	Picture	11	1608400	0	1	4144	3	0	4000	hit	174
2337	84	Pulse	5	1611532	3132	2
2337	84	Response	1	1612652	4252	2
2337	85	Picture	10	1626470	0	2	4145	3	0	4000	other	0
2337	85	Pulse	5	1631531	5061	2
2337	86	Picture	10	1644541	0	2	4145	3	0	4000	other	0
2337	86	Pulse	5	1651521	6980	1
2337	87	Pulse	5	1671520	8908	2
2337	88	Picture	20	1687645	0	2	4144	4	0	4000	other	0
2337	88	Pulse	5	1691520	3875	1
2337	89	Picture	20	1705716	0	1	4145	2	0	4000	other	0
2337	89	Pulse	5	1711509	5793	2
2337	90	Picture	20	1723787	0	1	4144	3	0	4000	other	0
2337	90	Pulse	5	1731508	7721	2
2337	91	Picture	21	1741857	0	2	4145	3	0	4000	hit	187
2337	91	Response	1	1744948	3091	2
2337	91	Pulse	5	1751508	9651	2
2337	92	Picture	20	1759928	0	1	4145	2	0	4000	other	0
2337	92	Pulse	5	1771497	11569	2
2337	93	Picture	20	1777999	0	1	4144	2	0	4000	other	0
2337	93	Pulse	5	1791497	13498	2
2337	94	Picture	21	1796069	0	2	4145	3	0	4000	hit	194
2337	94	Response	1	1800136	4067	2
2337	94	Pulse	5	1811496	15427	2
2337	95	Picture	20	1814140	0	1	4145	2	0	4000	other	0
2337	95	Pulse	5	1831486	17346	1
2337	96	Picture	20	1832211	0	1	4144	3	0	4000	other	0
2337	97	Picture	20	1850281	0	2	4145	3	0	4000	other	0
2337	97	Pulse	5	1851485	1204	2
2337	98	Picture	21	1868352	0	1	4145	2	0	4000	hit	203
2337	98	Pulse	5	1871484	3132	2
2337	98	Response	1	1871644	3292	2
2337	99	Picture	20	1886423	0	1	4144	2	0	4000	other	0
2337	99	Pulse	5	1891635	5212	1
2337	100	Picture	20	1904492	0	3	4146	4	0	4000	other	0
2337	100	Pulse	5	1911633	7141	2
2337	101	Picture	21	1922564	0	1	4144	3	0	4000	hit	209
2337	101	Response	1	1926353	3789	2
2337	101	Pulse	5	1931624	9060	1
2337	102	Picture	20	1940635	0	1	4144	2	0	4000	other	0
2337	102	Pulse	5	1951622	10987	2
2337	103	Picture	20	1958705	0	1	4145	2	0	4000	other	0
2337	103	Pulse	5	1971622	12917	1
2337	104	Pulse	5	1991621	14845	2
2337	105	Picture	10	2001809	0	2	4145	3	0	4000	other	0
2337	105	Pulse	5	2011610	9801	2
2337	106	Picture	10	2019880	0	1	4145	2	0	4000	false_alarm	219
2337	106	Response	1	2023769	3889	3
2337	106	Pulse	5	2031610	11730	2
2337	107	Picture	11	2037951	0	1	4144	3	0	4000	hit	222
2337	107	Response	1	2042810	4859	1
2337	107	Pulse	5	2051611	13660	1
2337	108	Picture	10	2056021	0	2	4145	3	0	4000	other	0
2337	108	Pulse	5	2071600	15579	1
2337	109	Picture	11	2074092	0	1	4145	2	0	4000	miss	0
2337	109	Pulse	5	2091600	17508	1
2337	110	Picture	10	2092163	0	1	4144	3	0	4000	other	0
2337	111	Picture	10	2110233	0	2	4145	3	0	4000	other	0
2337	111	Pulse	5	2111598	1365	1
2337	112	Picture	11	2128304	0	1	4145	2	0	4000	hit	233
2337	112	Pulse	5	2131587	3283	2
2337	112	Response	1	2132227	3923	2
2337	113	Picture	10	2146375	0	1	4144	3	0	4000	other	0
2337	113	Pulse	5	2151586	5211	2
2337	114	Picture	10	2164445	0	2	4145	3	0	4000	other	0
2337	114	Pulse	5	2171586	7141	2
2337	115	Picture	10	2182516	0	1	4145	2	0	4000	other	0
2337	115	Pulse	5	2191575	9059	2
2337	116	Picture	10	2200587	0	1	4144	2	0	4000	other	0
2337	116	Pulse	5	2211576	10989	1
2337	117	Picture	10	2218657	0	1	4145	2	0	4000	other	0
2337	117	Pulse	5	2231574	12917	2
2337	118	Picture	11	2236728	0	1	4145	2	0	4000	hit	245
2337	118	Response	1	2240845	4117	1
2337	118	Pulse	5	2251564	14836	1
2337	119	Picture	10	2254799	0	1	4144	2	0	4000	other	0
2337	119	Pulse	5	2271563	16764	2
2337	120	Picture	10	2272869	0	1	4145	2	0	4000	other	0
2337	121	Pulse	5	2291563	623	1
2337	121	Pulse	5	2311552	20612	2
2337	122	Picture	30	2315974	0	1	4144	2	0	4000	other	0
2337	122	Pulse	5	2331551	15577	2
2337	123	Picture	30	2334044	0	1	4145	2	0	4000	other	0
2337	123	Pulse	5	2351551	17507	2
2337	124	Picture	30	2352115	0	1	4144	3	0	4000	other	0
2337	125	Picture	31	2370186	0	1	4144	2	0	4000	hit	259
2337	125	Pulse	5	2371540	1354	2
2337	125	Response	1	2373940	3754	2
2337	126	Picture	31	2388256	0	1	4145	2	0	4000	hit	262
2337	126	Pulse	5	2391540	3284	2
2337	126	Response	1	2394420	6164	1
2337	127	Picture	30	2406327	0	1	4144	3	0	4000	other	0
2337	127	Pulse	5	2411539	5212	2
2337	128	Picture	30	2424397	0	2	4145	3	0	4000	other	0
2337	128	Pulse	5	2431529	7132	1
2337	129	Picture	30	2442468	0	1	4145	2	0	4000	other	0
2337	129	Pulse	5	2451528	9060	2
2337	130	Picture	31	2460539	0	1	4144	3	0	4000	hit	270
2337	130	Response	1	2466248	5709	2
2337	130	Pulse	5	2471527	10988	2
2337	131	Picture	30	2478609	0	2	4145	3	0	4000	other	0
2337	131	Pulse	5	2491517	12908	2
2337	132	Picture	30	2496680	0	1	4145	2	0	4000	other	0
2337	132	Pulse	5	2511516	14836	2
2337	133	Picture	30	2514751	0	1	4144	3	0	4000	other	0
2337	133	Pulse	5	2531515	16764	3
2337	134	Picture	30	2532821	0	1	4145	2	0	4000	other	0
2337	135	Picture	31	2550892	0	1	4145	2	0	4000	hit	281
2337	135	Pulse	5	2551505	613	2
2337	135	Response	1	2558385	7493	2
2337	136	Picture	30	2568963	0	1	4144	3	0	4000	other	0
2337	136	Pulse	5	2571505	2542	1
2337	137	Picture	30	2587033	0	2	4145	3	0	4000	other	0
2337	137	Pulse	5	2591504	4471	2
