Scenario - 1-back
Logfile written - 03/13/2015 14:58:23

Subject	Trial	Event Type	Code	Time	TTime	Uncertainty	Duration	Uncertainty	ReqTime	ReqDur	Stim Type	Pair Index

2359	1	Pulse	5	145427	155413	2
2359	2	Pulse	5	165417	19909	1
2359	3	Picture	10	170541	0	2	4145	3	0	4000	other	0
2359	3	Pulse	5	185416	14875	2
2359	4	Picture	10	188612	0	2	4145	3	0	4000	other	0
2359	4	Pulse	5	205407	16795	1
2359	5	Picture	11	206683	0	1	4145	2	0	4000	miss	0
2359	6	Picture	10	224754	0	1	4145	2	0	4000	other	0
2359	6	Pulse	5	225405	651	2
2359	7	Picture	11	242825	0	1	4144	3	0	4000	miss	0
2359	7	Pulse	5	245406	2581	1
2359	8	Picture	10	260896	0	1	4144	2	0	4000	other	0
2359	8	Pulse	5	265396	4500	1
2359	9	Picture	10	278966	0	2	4145	3	0	4000	other	0
2359	9	Pulse	5	285394	6428	2
2359	10	Picture	10	297037	0	1	4145	2	0	4000	other	0
2359	10	Pulse	5	305394	8357	2
2359	11	Picture	11	315108	0	1	4145	2	0	4000	miss	0
2359	11	Pulse	5	325385	10277	1
2359	12	Picture	10	333179	0	1	4145	2	0	4000	other	0
2359	12	Pulse	5	345383	12204	2
2359	13	Picture	10	351250	0	1	4144	3	0	4000	other	0
2359	13	Pulse	5	365543	14293	2
2359	14	Picture	11	369320	0	2	4145	3	0	4000	miss	0
2359	14	Pulse	5	385534	16214	1
2359	15	Picture	10	387391	0	1	4145	2	0	4000	other	0
2359	16	Picture	10	405462	0	1	4145	2	0	4000	other	0
2359	16	Pulse	5	405532	70	2
2359	17	Picture	10	423533	0	1	4145	2	0	4000	other	0
2359	17	Pulse	5	425532	1999	1
2359	18	Picture	10	441604	0	1	4144	3	0	4000	other	0
2359	18	Pulse	5	445523	3919	1
2359	19	Pulse	5	465521	5847	2
2359	20	Picture	30	484708	0	2	4145	3	0	4000	other	0
2359	20	Pulse	5	485520	812	3
2359	21	Picture	30	502779	0	1	4145	2	0	4000	other	0
2359	21	Pulse	5	505511	2732	2
2359	22	Picture	31	520850	0	1	4145	2	0	4000	miss	0
2359	22	Pulse	5	525510	4660	2
2359	23	Picture	30	538921	0	1	4144	3	0	4000	other	0
2359	23	Pulse	5	545509	6588	2
2359	24	Picture	30	556992	0	1	4144	3	0	4000	other	0
2359	24	Pulse	5	565500	8508	1
2359	25	Picture	30	575062	0	2	4145	3	0	4000	other	0
2359	25	Pulse	5	585499	10437	1
2359	26	Picture	31	593133	0	1	4145	2	0	4000	miss	0
2359	26	Pulse	5	605498	12365	2
2359	27	Picture	31	611204	0	1	4145	2	0	4000	miss	0
2359	27	Pulse	5	625489	14285	1
2359	28	Picture	30	629275	0	1	4145	2	0	4000	other	0
2359	28	Pulse	5	645488	16213	1
2359	29	Picture	30	647346	0	1	4144	3	0	4000	other	0
2359	30	Picture	30	665417	0	1	4144	2	0	4000	other	0
2359	30	Pulse	5	665487	70	2
2359	31	Picture	31	683487	0	1	4145	2	0	4000	miss	0
2359	31	Pulse	5	685478	1991	1
2359	32	Picture	30	701558	0	1	4145	2	0	4000	other	0
2359	32	Pulse	5	705476	3918	2
2359	33	Picture	30	719629	0	1	4145	2	0	4000	other	0
2359	33	Pulse	5	725477	5848	1
2359	34	Picture	30	737700	0	1	4144	3	0	4000	other	0
2359	34	Pulse	5	745467	7767	1
2359	35	Picture	30	755771	0	1	4144	3	0	4000	other	0
2359	35	Pulse	5	765465	9694	2
2359	36	Pulse	5	785465	11624	2
2359	37	Picture	10	798875	0	1	4145	2	0	4000	other	0
2359	37	Pulse	5	805456	6581	1
2359	38	Picture	10	816946	0	1	4145	2	0	4000	other	0
2359	38	Pulse	5	825454	8508	2
2359	39	Picture	11	835017	0	1	4144	3	0	4000	miss	0
2359	39	Pulse	5	845454	10437	2
2359	40	Picture	10	853088	0	1	4144	3	0	4000	other	0
2359	40	Pulse	5	865445	12357	1
2359	41	Picture	11	871158	0	2	4145	3	0	4000	miss	0
2359	41	Pulse	5	885443	14285	2
2359	42	Picture	10	889229	0	2	4145	3	0	4000	other	0
2359	42	Pulse	5	905443	16214	1
2359	43	Picture	10	907300	0	1	4145	2	0	4000	other	0
2359	44	Picture	10	925371	0	1	4145	2	0	4000	other	0
2359	44	Pulse	5	925434	63	1
2359	45	Picture	11	943442	0	1	4144	3	0	4000	miss	0
2359	45	Pulse	5	945432	1990	2
2359	46	Picture	10	961512	0	2	4145	3	0	4000	other	0
2359	46	Pulse	5	965431	3919	3
2359	47	Picture	10	979583	0	2	4145	3	0	4000	other	0
2359	47	Pulse	5	985422	5839	2
2359	48	Picture	11	997654	0	1	4145	2	0	4000	miss	0
2359	48	Pulse	5	1005422	7768	1
2359	49	Picture	10	1015725	0	1	4145	2	0	4000	other	0
2359	49	Pulse	5	1025420	9695	2
2359	50	Picture	10	1033796	0	1	4144	3	0	4000	other	0
2359	50	Pulse	5	1045411	11615	1
2359	51	Picture	10	1051867	0	1	4144	3	0	4000	other	0
2359	51	Pulse	5	1065410	13543	1
2359	52	Picture	10	1069937	0	2	4145	3	0	4000	other	0
2359	52	Pulse	5	1085409	15472	2
2359	53	Pulse	5	1105400	17392	1
2359	54	Picture	20	1113042	0	1	4145	2	0	4000	other	0
2359	54	Pulse	5	1125398	12356	2
2359	55	Picture	20	1131113	0	1	4145	2	0	4000	other	0
2359	55	Pulse	5	1145398	14285	2
2359	56	Picture	21	1149184	0	1	4144	3	0	4000	miss	0
2359	56	Pulse	5	1165389	16205	1
2359	57	Picture	20	1167255	0	1	4144	2	0	4000	other	0
2359	58	Picture	20	1185325	0	2	4142	8	0	4000	other	0
2359	58	Pulse	5	1185387	62	2
2359	59	Picture	20	1203396	0	1	4145	2	0	4000	other	0
2359	59	Pulse	5	1205387	1991	2
2359	60	Picture	21	1221467	0	1	4145	2	0	4000	miss	0
2359	60	Pulse	5	1225378	3911	1
2359	61	Picture	20	1239538	0	1	4145	2	0	4000	other	0
2359	61	Pulse	5	1245376	5838	2
2359	62	Picture	20	1257609	0	1	4144	2	0	4000	other	0
2359	62	Pulse	5	1265376	7767	2
2359	63	Picture	20	1275680	0	1	4144	2	0	4000	other	0
2359	63	Pulse	5	1285367	9687	1
2359	64	Picture	20	1293750	0	1	4145	2	0	4000	other	0
2359	64	Pulse	5	1305365	11615	2
2359	65	Picture	20	1311821	0	1	4145	2	0	4000	other	0
2359	65	Pulse	5	1325365	13544	2
2359	66	Picture	21	1329892	0	1	4145	2	0	4000	miss	0
2359	66	Pulse	5	1345356	15464	1
2359	67	Picture	20	1347963	0	1	4144	3	0	4000	other	0
2359	67	Pulse	5	1365354	17391	2
2359	68	Picture	20	1366033	0	2	4145	3	0	4000	other	0
2359	69	Picture	21	1384104	0	2	4145	3	0	4000	miss	0
2359	69	Pulse	5	1385354	1250	1
2359	70	Pulse	5	1405505	3330	1
2359	70	Pulse	5	1425503	23328	2
2359	71	Picture	10	1427209	0	1	4145	2	0	4000	other	0
2359	72	Picture	10	1445280	0	1	4145	2	0	4000	other	0
2359	72	Pulse	5	1445502	222	3
2359	73	Picture	11	1463351	0	1	4144	3	0	4000	miss	0
2359	73	Pulse	5	1465493	2142	2
2359	74	Picture	10	1481421	0	2	4145	3	0	4000	other	0
2359	74	Pulse	5	1485492	4071	2
2359	75	Picture	11	1499492	0	1	4145	2	0	4000	miss	0
2359	75	Pulse	5	1505491	5999	2
2359	76	Picture	10	1517563	0	1	4145	2	0	4000	other	0
2359	76	Pulse	5	1525482	7919	1
2359	77	Picture	10	1535634	0	1	4145	2	0	4000	other	0
2359	77	Pulse	5	1545481	9847	1
2359	78	Picture	11	1553705	0	1	4144	3	0	4000	miss	0
2359	78	Pulse	5	1565480	11775	2
2359	79	Picture	10	1571776	0	1	4144	2	0	4000	other	0
2359	79	Pulse	5	1585471	13695	1
2359	80	Picture	10	1589846	0	2	4145	3	0	4000	other	0
2359	80	Pulse	5	1605469	15623	2
2359	81	Picture	10	1607917	0	1	4145	2	0	4000	other	0
2359	81	Pulse	5	1625469	17552	2
2359	82	Picture	10	1625988	0	1	4145	2	0	4000	other	0
2359	83	Picture	10	1644059	0	2	4144	4	0	4000	other	0
2359	83	Pulse	5	1645460	1401	1
2359	84	Picture	11	1662130	0	1	4144	2	0	4000	miss	0
2359	84	Pulse	5	1665458	3328	2
2359	85	Picture	10	1680200	0	2	4145	3	0	4000	other	0
2359	85	Pulse	5	1685458	5258	2
2359	86	Picture	10	1698271	0	2	4145	3	0	4000	other	0
2359	86	Pulse	5	1705449	7178	1
2359	87	Pulse	5	1725448	9106	1
2359	88	Picture	30	1741376	0	1	4145	2	0	4000	other	0
2359	88	Pulse	5	1745447	4071	2
2359	89	Picture	30	1759447	0	1	4144	3	0	4000	other	0
2359	89	Pulse	5	1765438	5991	1
2359	90	Picture	30	1777518	0	1	4144	2	0	4000	other	0
2359	90	Pulse	5	1785436	7918	2
2359	91	Picture	31	1795588	0	2	4145	3	0	4000	miss	0
2359	91	Pulse	5	1805436	9848	1
2359	92	Picture	31	1813659	0	1	4145	2	0	4000	miss	0
2359	92	Pulse	5	1825427	11768	1
2359	93	Picture	30	1831730	0	1	4145	2	0	4000	other	0
2359	93	Pulse	5	1845425	13695	2
2359	94	Picture	30	1849801	0	1	4145	2	0	4000	other	0
2359	94	Pulse	5	1865425	15624	1
2359	95	Picture	30	1867872	0	1	4144	2	0	4000	other	0
2359	95	Pulse	5	1885416	17544	1
2359	96	Picture	31	1885942	0	2	4145	3	0	4000	miss	0
2359	97	Picture	30	1904013	0	1	4145	2	0	4000	other	0
2359	97	Pulse	5	1905414	1401	2
2359	98	Picture	30	1922084	0	1	4145	2	0	4000	other	0
2359	98	Pulse	5	1925413	3329	3
2359	99	Picture	30	1940155	0	1	4145	2	0	4000	other	0
2359	99	Pulse	5	1945404	5249	1
2359	100	Picture	30	1958226	0	1	4144	3	0	4000	other	0
2359	100	Pulse	5	1965403	7177	2
2359	101	Picture	31	1976297	0	1	4144	2	0	4000	miss	0
2359	101	Pulse	5	1985402	9105	2
2359	102	Picture	30	1994367	0	2	4145	4	0	4000	other	0
2359	102	Pulse	5	2005393	11026	1
2359	103	Picture	30	2012438	0	1	4145	2	0	4000	other	0
2359	103	Pulse	5	2025392	12954	1
2359	104	Pulse	5	2045391	14882	2
2359	105	Picture	10	2055543	0	1	4145	2	0	4000	other	0
2359	105	Pulse	5	2065382	9839	1
2359	106	Picture	10	2073614	0	1	4144	3	0	4000	other	0
2359	106	Pulse	5	2085380	11766	2
2359	107	Picture	11	2091684	0	2	4145	3	0	4000	miss	0
2359	107	Pulse	5	2105380	13696	2
2359	108	Picture	10	2109755	0	2	4145	3	0	4000	other	0
2359	108	Pulse	5	2125371	15616	1
2359	109	Picture	11	2127826	0	1	4145	2	0	4000	miss	0
2359	109	Pulse	5	2145369	17543	2
2359	110	Picture	10	2145897	0	1	4145	2	0	4000	other	0
2359	111	Picture	10	2163968	0	1	4144	3	0	4000	other	0
2359	111	Pulse	5	2165369	1401	2
2359	112	Picture	11	2182039	0	1	4144	2	0	4000	miss	0
2359	112	Pulse	5	2185360	3321	1
2359	113	Picture	10	2200109	0	2	4145	3	0	4000	other	0
2359	113	Pulse	5	2205358	5249	2
2359	114	Picture	10	2218180	0	1	4145	2	0	4000	other	0
2359	114	Pulse	5	2225359	7179	1
2359	115	Picture	10	2236251	0	1	4145	2	0	4000	other	0
2359	115	Pulse	5	2245349	9098	1
2359	116	Picture	10	2254322	0	1	4145	2	0	4000	other	0
2359	116	Pulse	5	2265347	11025	2
2359	117	Picture	10	2272393	0	1	4144	3	0	4000	other	0
2359	117	Pulse	5	2285347	12954	2
2359	118	Picture	11	2290463	0	2	4145	3	0	4000	miss	0
2359	118	Pulse	5	2305338	14875	1
2359	119	Picture	10	2308534	0	2	4145	3	0	4000	other	0
2359	119	Pulse	5	2325336	16802	2
2359	120	Picture	10	2326605	0	1	4145	2	0	4000	other	0
2359	121	Pulse	5	2345336	660	1
2359	121	Pulse	5	2365327	20651	1
2359	122	Picture	20	2369710	0	1	4145	2	0	4000	other	0
2359	122	Pulse	5	2385325	15615	2
2359	123	Picture	20	2387781	0	1	4144	3	0	4000	other	0
2359	123	Pulse	5	2405324	17543	3
2359	124	Picture	20	2405851	0	2	4145	3	0	4000	other	0
2359	125	Picture	21	2423922	0	1	4145	2	0	4000	miss	0
2359	125	Pulse	5	2425315	1393	1
2359	126	Picture	20	2441993	0	1	4145	2	0	4000	other	0
2359	126	Pulse	5	2445474	3481	1
2359	127	Picture	20	2460064	0	1	4145	2	0	4000	other	0
2359	127	Pulse	5	2465473	5409	2
2359	128	Picture	21	2478135	0	1	4144	3	0	4000	miss	0
2359	128	Pulse	5	2485464	7329	2
2359	129	Picture	20	2496206	0	1	4144	2	0	4000	other	0
2359	129	Pulse	5	2505463	9257	1
2359	130	Picture	20	2514276	0	2	4145	3	0	4000	other	0
2359	130	Pulse	5	2525462	11186	2
2359	131	Picture	20	2532347	0	1	4145	3	0	4000	other	0
2359	131	Pulse	5	2545453	13106	1
2359	132	Picture	21	2550418	0	1	4145	2	0	4000	miss	0
2359	132	Pulse	5	2565451	15033	2
2359	133	Picture	20	2568489	0	1	4144	3	0	4000	other	0
2359	133	Pulse	5	2585446	16957	9
2359	134	Picture	20	2586560	0	1	4144	3	0	4000	other	0
2359	135	Picture	21	2604630	0	2	4145	3	0	4000	miss	0
2359	135	Pulse	5	2605440	810	6
2359	136	Picture	20	2622701	0	2	4145	3	0	4000	other	0
2359	136	Pulse	5	2625439	2738	6
2359	137	Picture	20	2640772	0	1	4145	2	0	4000	other	0
2359	137	Pulse	5	2645440	4668	2
