Scenario - 1-back
Logfile written - 03/13/2015 15:03:27

Subject	Trial	Event Type	Code	Time	TTime	Uncertainty	Duration	Uncertainty	ReqTime	ReqDur	Stim Type	Pair Index

2359	1	Pulse	5	500739	510573	3
2359	2	Pulse	5	520739	19949	2
2359	3	Picture	10	525824	0	1	4144	3	0	4000	other	0
2359	3	Pulse	5	540729	14905	1
2359	4	Picture	10	543890	0	11	4149	12	0	4000	other	0
2359	4	Pulse	5	560728	16838	2
2359	5	Picture	11	561965	0	2	4145	3	0	4000	miss	0
2359	6	Picture	10	580036	0	1	4145	2	0	4000	other	0
2359	6	Pulse	5	580728	692	2
2359	7	Picture	11	598107	0	1	4145	2	0	4000	miss	0
2359	7	Pulse	5	600718	2611	1
2359	8	Picture	10	616177	0	2	4146	3	0	4000	other	0
2359	8	Pulse	5	620717	4540	2
2359	9	Picture	10	634249	0	1	4144	3	0	4000	other	0
2359	9	Pulse	5	640717	6468	2
2359	10	Picture	10	652319	0	2	4145	3	0	4000	other	0
2359	10	Pulse	5	660706	8387	2
2359	11	Picture	11	670390	0	1	4145	2	0	4000	miss	0
2359	11	Pulse	5	680706	10316	2
2359	12	Picture	10	688461	0	1	4145	2	0	4000	other	0
2359	12	Pulse	5	700706	12245	1
2359	13	Picture	10	706532	0	1	4145	2	0	4000	other	0
2359	13	Pulse	5	720695	14163	2
2359	14	Picture	11	724603	0	1	4144	3	0	4000	miss	0
2359	14	Pulse	5	740855	16252	2
2359	15	Picture	10	742673	0	2	4145	4	0	4000	other	0
2359	16	Picture	10	760744	0	2	4145	3	0	4000	other	0
2359	16	Pulse	5	760855	111	1
2359	17	Picture	10	778815	0	1	4145	2	0	4000	other	0
2359	17	Pulse	5	780844	2029	2
2359	18	Picture	10	796886	0	1	4145	2	0	4000	other	0
2359	18	Pulse	5	800844	3958	2
2359	19	Pulse	5	820843	5886	2
2359	20	Picture	20	839991	0	1	4144	3	0	4000	other	0
2359	20	Pulse	5	840833	842	2
2359	21	Picture	20	858062	0	1	4144	2	0	4000	other	0
2359	21	Pulse	5	860833	2771	1
2359	22	Picture	21	876132	0	2	4145	3	0	4000	miss	0
2359	22	Pulse	5	880832	4700	2
2359	23	Picture	20	894203	0	1	4145	2	0	4000	other	0
2359	23	Pulse	5	900822	6619	2
2359	24	Picture	20	912274	0	1	4145	2	0	4000	other	0
2359	24	Pulse	5	920822	8548	1
2359	25	Picture	20	930345	0	1	4144	3	0	4000	other	0
2359	25	Pulse	5	940821	10476	2
2359	26	Picture	21	948416	0	1	4144	2	0	4000	miss	0
2359	26	Pulse	5	960811	12395	2
2359	27	Picture	20	966486	0	2	4145	3	0	4000	other	0
2359	27	Pulse	5	980810	14324	3
2359	28	Picture	20	984557	0	2	4145	3	0	4000	other	0
2359	28	Pulse	5	1000810	16253	2
2359	29	Picture	20	1002628	0	1	4145	2	0	4000	other	0
2359	30	Picture	20	1020699	0	1	4145	2	0	4000	other	0
2359	30	Pulse	5	1020800	101	1
2359	31	Picture	20	1038770	0	1	4144	3	0	4000	other	0
2359	31	Pulse	5	1040799	2029	2
2359	32	Picture	21	1056841	0	1	4144	2	0	4000	miss	0
2359	32	Pulse	5	1060799	3958	2
2359	33	Picture	20	1074911	0	2	4145	3	0	4000	other	0
2359	33	Pulse	5	1080788	5877	2
2359	34	Picture	20	1092982	0	1	4145	2	0	4000	other	0
2359	34	Pulse	5	1100788	7806	2
2359	35	Picture	21	1111053	0	1	4145	2	0	4000	miss	0
2359	35	Pulse	5	1120788	9735	2
2359	36	Pulse	5	1140777	11653	2
2359	37	Picture	10	1154158	0	1	4144	3	0	4000	other	0
2359	37	Pulse	5	1160777	6619	2
2359	38	Picture	10	1172228	0	2	4145	3	0	4000	other	0
2359	38	Pulse	5	1180777	8549	1
2359	39	Picture	11	1190299	0	2	4145	3	0	4000	miss	0
2359	39	Pulse	5	1200766	10467	2
2359	40	Picture	10	1208370	0	1	4145	2	0	4000	other	0
2359	40	Pulse	5	1220767	12397	1
2359	41	Picture	11	1226441	0	1	4145	2	0	4000	miss	0
2359	41	Pulse	5	1240765	14324	2
2359	42	Picture	10	1244512	0	1	4144	3	0	4000	other	0
2359	42	Pulse	5	1260755	16243	2
2359	43	Picture	10	1262583	0	1	4144	2	0	4000	other	0
2359	44	Picture	10	1280653	0	2	4145	3	0	4000	other	0
2359	44	Pulse	5	1280755	102	2
2359	45	Picture	11	1298724	0	2	4145	3	0	4000	miss	0
2359	45	Pulse	5	1300754	2030	2
2359	46	Picture	10	1316795	0	1	4145	2	0	4000	other	0
2359	46	Pulse	5	1320744	3949	2
2359	47	Picture	10	1334866	0	1	4145	2	0	4000	other	0
2359	47	Pulse	5	1340744	5878	1
2359	48	Picture	11	1352937	0	1	4144	3	0	4000	miss	0
2359	48	Pulse	5	1360743	7806	2
2359	49	Picture	10	1371008	0	1	4144	2	0	4000	other	0
2359	49	Pulse	5	1380733	9725	2
2359	50	Picture	10	1389078	0	1	4145	2	0	4000	other	0
2359	50	Pulse	5	1400732	11654	2
2359	51	Picture	10	1407149	0	1	4145	2	0	4000	other	0
2359	51	Pulse	5	1420732	13583	2
2359	52	Picture	10	1425220	0	1	4145	2	0	4000	other	0
2359	52	Pulse	5	1440722	15502	2
2359	53	Pulse	5	1460721	17430	3
2359	54	Picture	30	1468325	0	1	4144	3	0	4000	other	0
2359	54	Pulse	5	1480721	12396	2
2359	55	Picture	30	1486395	0	2	4145	3	0	4000	other	0
2359	55	Pulse	5	1500711	14316	1
2359	56	Picture	31	1504466	0	2	4145	3	0	4000	miss	0
2359	56	Pulse	5	1520710	16244	2
2359	57	Picture	30	1522537	0	1	4145	2	0	4000	other	0
2359	58	Picture	30	1540608	0	1	4145	2	0	4000	other	0
2359	58	Pulse	5	1540710	102	2
2359	59	Picture	30	1558679	0	1	4144	3	0	4000	other	0
2359	59	Pulse	5	1560699	2020	2
2359	60	Picture	31	1576750	0	1	4144	2	0	4000	miss	0
2359	60	Pulse	5	1580699	3949	2
2359	61	Picture	31	1594820	0	2	4145	3	0	4000	miss	0
2359	61	Pulse	5	1600699	5879	2
2359	62	Picture	30	1612891	0	1	4145	2	0	4000	other	0
2359	62	Pulse	5	1620688	7797	2
2359	63	Picture	30	1630962	0	1	4145	2	0	4000	other	0
2359	63	Pulse	5	1640688	9726	2
2359	64	Picture	30	1649033	0	1	4145	2	0	4000	other	0
2359	64	Pulse	5	1660688	11655	1
2359	65	Picture	31	1667104	0	1	4144	3	0	4000	miss	0
2359	65	Pulse	5	1680677	13573	2
2359	66	Picture	30	1685174	0	2	4145	3	0	4000	other	0
2359	66	Pulse	5	1700677	15503	2
2359	67	Picture	30	1703245	0	1	4145	2	0	4000	other	0
2359	67	Pulse	5	1720676	17431	2
2359	68	Picture	30	1721316	0	1	4145	2	0	4000	other	0
2359	69	Picture	30	1739387	0	1	4145	2	0	4000	other	0
2359	69	Pulse	5	1740666	1279	2
2359	70	Pulse	5	1760666	3208	2
2359	70	Pulse	5	1780825	23367	2
2359	71	Picture	10	1782492	0	1	4144	3	0	4000	other	0
2359	72	Picture	10	1800563	0	1	4144	2	0	4000	other	0
2359	72	Pulse	5	1800815	252	2
2359	73	Picture	11	1818633	0	2	4145	3	0	4000	miss	0
2359	73	Pulse	5	1820815	2182	1
2359	74	Picture	10	1836704	0	1	4145	2	0	4000	other	0
2359	74	Pulse	5	1840814	4110	2
2359	75	Picture	11	1854775	0	1	4145	2	0	4000	miss	0
2359	75	Pulse	5	1860804	6029	2
2359	76	Picture	10	1872846	0	1	4144	3	0	4000	other	0
2359	76	Pulse	5	1880803	7957	2
2359	77	Picture	10	1890917	0	1	4144	2	0	4000	other	0
2359	77	Pulse	5	1900803	9886	2
2359	78	Picture	11	1908987	0	2	4145	3	0	4000	miss	0
2359	78	Pulse	5	1920793	11806	2
2359	79	Picture	10	1927058	0	1	4145	2	0	4000	other	0
2359	79	Pulse	5	1940792	13734	3
2359	80	Picture	10	1945129	0	1	4145	2	0	4000	other	0
2359	80	Pulse	5	1960792	15663	2
2359	81	Picture	10	1963200	0	1	4144	3	0	4000	other	0
2359	81	Pulse	5	1980782	17582	1
2359	82	Picture	10	1981271	0	1	4144	3	0	4000	other	0
2359	83	Picture	10	1999341	0	2	4145	3	0	4000	other	0
2359	83	Pulse	5	2000781	1440	2
2359	84	Picture	11	2017412	0	1	4145	2	0	4000	miss	0
2359	84	Pulse	5	2020781	3369	2
2359	85	Picture	10	2035483	0	1	4145	2	0	4000	other	0
2359	85	Pulse	5	2040770	5287	2
2359	86	Picture	10	2053554	0	1	4145	2	0	4000	other	0
2359	86	Pulse	5	2060770	7216	2
2359	87	Pulse	5	2080770	9145	2
2359	88	Picture	20	2096659	0	1	4144	2	0	4000	other	0
2359	88	Pulse	5	2100759	4100	2
2359	89	Picture	20	2114729	0	2	4145	3	0	4000	other	0
2359	89	Pulse	5	2120759	6030	2
2359	90	Picture	20	2132800	0	1	4145	2	0	4000	other	0
2359	90	Pulse	5	2140759	7959	1
2359	91	Picture	21	2150871	0	1	4145	2	0	4000	miss	0
2359	91	Pulse	5	2160748	9877	2
2359	92	Picture	20	2168942	0	1	4145	2	0	4000	other	0
2359	92	Pulse	5	2180748	11806	2
2359	93	Picture	20	2187013	0	1	4144	3	0	4000	other	0
2359	93	Pulse	5	2200747	13734	2
2359	94	Picture	21	2205084	0	1	4144	2	0	4000	miss	0
2359	94	Pulse	5	2220737	15653	2
2359	95	Picture	20	2223154	0	2	4145	3	0	4000	other	0
2359	95	Pulse	5	2240737	17583	2
2359	96	Picture	20	2241225	0	1	4145	2	0	4000	other	0
2359	97	Picture	20	2259296	0	1	4145	2	0	4000	other	0
2359	97	Pulse	5	2260736	1440	2
2359	98	Picture	21	2277367	0	1	4145	2	0	4000	miss	0
2359	98	Pulse	5	2280726	3359	2
2359	99	Picture	20	2295438	0	1	4144	2	0	4000	other	0
2359	99	Pulse	5	2300726	5288	1
2359	100	Picture	20	2313509	0	1	4144	2	0	4000	other	0
2359	100	Pulse	5	2320725	7216	2
2359	101	Picture	21	2331579	0	2	4145	3	0	4000	miss	0
2359	101	Pulse	5	2340715	9136	2
2359	102	Picture	20	2349650	0	1	4145	2	0	4000	other	0
2359	102	Pulse	5	2360714	11064	2
2359	103	Picture	20	2367721	0	1	4145	2	0	4000	other	0
2359	103	Pulse	5	2380714	12993	2
2359	104	Pulse	5	2400704	14912	2
2359	105	Picture	10	2410826	0	1	4144	3	0	4000	other	0
2359	105	Pulse	5	2420703	9877	3
2359	106	Picture	10	2428896	0	2	4145	3	0	4000	other	0
2359	106	Pulse	5	2440703	11807	2
2359	107	Picture	11	2446967	0	1	4145	2	0	4000	miss	0
2359	107	Pulse	5	2460693	13726	1
2359	108	Picture	10	2465038	0	1	4144	3	0	4000	other	0
2359	108	Pulse	5	2480692	15654	2
2359	109	Picture	11	2483109	0	1	4145	2	0	4000	miss	0
2359	109	Pulse	5	2500692	17583	2
2359	110	Picture	10	2501180	0	1	4144	3	0	4000	other	0
2359	111	Picture	10	2519251	0	1	4144	2	0	4000	other	0
2359	111	Pulse	5	2520681	1430	2
2359	112	Picture	11	2537321	0	2	4145	3	0	4000	miss	0
2359	112	Pulse	5	2540681	3360	2
2359	113	Picture	10	2555392	0	1	4145	2	0	4000	other	0
2359	113	Pulse	5	2560681	5289	2
2359	114	Picture	10	2573463	0	1	4145	2	0	4000	other	0
2359	114	Pulse	5	2580670	7207	2
2359	115	Picture	10	2591534	0	1	4145	2	0	4000	other	0
2359	115	Pulse	5	2600670	9136	2
2359	116	Picture	10	2609605	0	1	4144	3	0	4000	other	0
2359	116	Pulse	5	2620670	11065	1
2359	117	Picture	10	2627675	0	2	4145	3	0	4000	other	0
2359	117	Pulse	5	2640659	12984	2
2359	118	Picture	11	2645746	0	2	4145	3	0	4000	miss	0
2359	118	Pulse	5	2660660	14914	1
2359	119	Picture	10	2663817	0	1	4145	2	0	4000	other	0
2359	119	Pulse	5	2680658	16841	2
2359	120	Picture	10	2681888	0	1	4145	2	0	4000	other	0
2359	121	Pulse	5	2700648	689	2
2359	121	Pulse	5	2720648	20689	1
2359	122	Picture	30	2724993	0	1	4144	2	0	4000	other	0
2359	122	Pulse	5	2740647	15654	2
2359	123	Picture	30	2743063	0	2	4145	3	0	4000	other	0
2359	123	Pulse	5	2760638	17575	1
2359	124	Picture	30	2761134	0	1	4145	2	0	4000	other	0
2359	125	Picture	31	2779205	0	1	4145	2	0	4000	miss	0
2359	125	Pulse	5	2780637	1432	1
2359	126	Picture	31	2797276	0	1	4145	2	0	4000	miss	0
2359	126	Pulse	5	2800636	3360	6
2359	127	Picture	30	2815347	0	1	4144	3	0	4000	other	0
2359	127	Pulse	5	2820626	5279	2
2359	128	Picture	30	2833418	0	1	4144	3	0	4000	other	0
2359	128	Pulse	5	2840785	7367	2
2359	129	Picture	30	2851488	0	2	4145	3	0	4000	other	0
2359	129	Pulse	5	2860785	9297	2
2359	130	Picture	31	2869559	0	1	4145	2	0	4000	miss	0
2359	130	Pulse	5	2880775	11216	2
2359	131	Picture	30	2887630	0	1	4145	2	0	4000	other	0
2359	131	Pulse	5	2900774	13144	3
2359	132	Picture	30	2905701	0	1	4145	2	0	4000	other	0
2359	132	Pulse	5	2920774	15073	2
2359	133	Picture	30	2923772	0	1	4144	2	0	4000	other	0
2359	133	Pulse	5	2940764	16992	1
2359	134	Picture	30	2941842	0	2	4145	3	0	4000	other	0
2359	135	Picture	31	2959913	0	2	4145	3	0	4000	miss	0
2359	135	Pulse	5	2960763	850	2
2359	136	Picture	30	2977984	0	1	4145	2	0	4000	other	0
2359	136	Pulse	5	2980763	2779	2
2359	137	Picture	30	2996055	0	1	4145	2	0	4000	other	0
2359	137	Pulse	5	3000752	4697	2
