Scenario - 1-back
Logfile written - 03/13/2015 14:53:22

Subject	Trial	Event Type	Code	Time	TTime	Uncertainty	Duration	Uncertainty	ReqTime	ReqDur	Stim Type	Pair Index

2359	1	Response	1	127927	137761	2
2359	1	Pulse	5	264705	274539	1
2359	2	Pulse	5	284695	19821	1
2359	3	Picture	10	289908	0	1	4145	2	0	4000	other	0
2359	3	Pulse	5	304694	14786	2
2359	4	Picture	10	307979	0	1	4145	2	0	4000	other	0
2359	4	Pulse	5	324693	16714	2
2359	5	Picture	11	326050	0	1	4144	3	0	4000	hit	9
2359	5	Response	1	329493	3443	2
2359	6	Picture	10	344121	0	1	4144	2	0	4000	other	0
2359	6	Pulse	5	344683	562	2
2359	7	Picture	11	362191	0	1	4145	2	0	4000	hit	14
2359	7	Pulse	5	364683	2492	1
2359	7	Response	1	366443	4252	1
2359	8	Picture	10	380262	0	1	4145	2	0	4000	other	0
2359	8	Pulse	5	384682	4420	2
2359	9	Picture	10	398333	0	1	4145	2	0	4000	other	0
2359	9	Pulse	5	404672	6339	2
2359	10	Picture	10	416404	0	1	4144	3	0	4000	other	0
2359	10	Pulse	5	424672	8268	1
2359	11	Picture	11	434475	0	1	4144	2	0	4000	hit	22
2359	11	Response	1	437631	3156	2
2359	11	Pulse	5	444671	10196	2
2359	12	Picture	10	452545	0	1	4145	2	0	4000	other	0
2359	12	Pulse	5	464661	12116	2
2359	13	Picture	10	470616	0	1	4145	2	0	4000	other	0
2359	13	Pulse	5	484660	14044	2
2359	14	Picture	11	488675	0	13	4157	14	0	4000	hit	29
2359	14	Response	1	492820	4145	2
2359	14	Pulse	5	504660	15985	2
2359	15	Picture	10	506758	0	1	4144	3	0	4000	other	0
2359	15	Pulse	5	524650	17892	1
2359	16	Picture	10	524829	0	1	4144	2	0	4000	other	0
2359	17	Picture	10	542899	0	2	4145	3	0	4000	other	0
2359	17	Pulse	5	544649	1750	2
2359	18	Picture	10	560970	0	1	4145	2	0	4000	other	0
2359	18	Pulse	5	564649	3679	2
2359	19	Pulse	5	584638	5597	3
2359	20	Picture	20	604075	0	1	4144	3	0	4000	other	0
2359	20	Pulse	5	604638	563	2
2359	21	Picture	20	622146	0	1	4144	2	0	4000	other	0
2359	21	Pulse	5	624638	2492	2
2359	22	Picture	21	640216	0	2	4145	3	0	4000	hit	45
2359	22	Pulse	5	644627	4411	2
2359	22	Response	1	650387	10171	2
2359	23	Picture	20	658287	0	1	4145	2	0	4000	other	0
2359	23	Pulse	5	664627	6340	2
2359	24	Picture	20	676358	0	1	4145	2	0	4000	other	0
2359	24	Pulse	5	684627	8269	1
2359	25	Picture	20	694429	0	1	4144	3	0	4000	other	0
2359	25	Pulse	5	704616	10187	2
2359	26	Picture	21	712500	0	1	4144	3	0	4000	hit	53
2359	26	Response	1	718696	6196	2
2359	26	Pulse	5	724616	12116	2
2359	27	Picture	20	730570	0	2	4145	3	0	4000	other	0
2359	27	Pulse	5	744615	14045	2
2359	28	Picture	20	748641	0	1	4144	3	0	4000	other	0
2359	28	Pulse	5	764605	15964	2
2359	29	Picture	20	766712	0	1	4145	2	0	4000	other	0
2359	29	Pulse	5	784605	17893	2
2359	30	Picture	20	784783	0	1	4144	3	0	4000	other	0
2359	31	Picture	20	802854	0	1	4144	2	0	4000	false_alarm	64
2359	31	Pulse	5	804604	1750	2
2359	31	Response	1	807324	4470	2
2359	32	Picture	21	820924	0	2	4145	3	0	4000	hit	67
2359	32	Pulse	5	824595	3671	1
2359	32	Response	1	830354	9430	2
2359	33	Picture	20	838995	0	1	4145	2	0	4000	other	0
2359	33	Pulse	5	844594	5599	1
2359	34	Picture	20	857066	0	1	4145	2	0	4000	other	0
2359	34	Pulse	5	864593	7527	2
2359	35	Picture	21	875137	0	1	4145	2	0	4000	hit	73
2359	35	Response	1	881074	5937	1
2359	35	Pulse	5	884583	9446	2
2359	36	Pulse	5	904583	11375	1
2359	37	Picture	10	918241	0	2	4145	3	0	4000	other	0
2359	37	Pulse	5	924582	6341	2
2359	38	Picture	10	936312	0	2	4145	3	0	4000	other	0
2359	38	Pulse	5	944572	8260	2
2359	39	Picture	11	954383	0	1	4145	2	0	4000	hit	81
2359	39	Response	1	957852	3469	1
2359	39	Pulse	5	964572	10189	1
2359	40	Picture	10	972454	0	1	4145	2	0	4000	other	0
2359	40	Pulse	5	984571	12117	2
2359	41	Picture	11	990525	0	1	4144	3	0	4000	hit	86
2359	41	Response	1	995932	5407	1
2359	41	Pulse	5	1004561	14036	1
2359	42	Picture	10	1008595	0	2	4145	3	0	4000	other	0
2359	42	Pulse	5	1024561	15966	1
2359	43	Picture	10	1026666	0	2	4145	3	0	4000	other	0
2359	43	Pulse	5	1044554	17888	10
2359	44	Picture	10	1044737	0	1	4145	2	0	4000	other	0
2359	45	Picture	11	1062808	0	1	4145	2	0	4000	hit	95
2359	45	Pulse	5	1064549	1741	3
2359	45	Response	1	1067589	4781	3
2359	46	Picture	10	1080879	0	1	4144	3	0	4000	other	0
2359	46	Pulse	5	1084549	3670	2
2359	47	Picture	10	1098949	0	3	4145	4	0	4000	other	0
2359	47	Pulse	5	1104549	5600	2
2359	48	Picture	11	1117020	0	2	4145	3	0	4000	hit	101
2359	48	Response	1	1120870	3850	1
2359	48	Pulse	5	1124538	7518	2
2359	49	Picture	10	1135091	0	1	4145	2	0	4000	other	0
2359	49	Pulse	5	1144538	9447	2
2359	50	Picture	10	1153162	0	1	4145	2	0	4000	other	0
2359	50	Pulse	5	1164538	11376	1
2359	51	Picture	10	1171233	0	1	4144	3	0	4000	other	0
2359	51	Pulse	5	1184687	13454	2
2359	52	Picture	10	1189304	0	1	4144	2	0	4000	other	0
2359	52	Pulse	5	1204687	15383	2
2359	53	Pulse	5	1224686	17312	2
2359	54	Picture	30	1232408	0	1	4145	2	0	4000	other	0
2359	54	Pulse	5	1244677	12269	1
2359	55	Picture	30	1250479	0	1	4145	2	0	4000	other	0
2359	55	Pulse	5	1264676	14197	2
2359	56	Picture	31	1268550	0	1	4145	2	0	4000	hit	117
2359	56	Response	1	1272676	4126	1
2359	56	Pulse	5	1284676	16126	1
2359	57	Picture	30	1286621	0	1	4144	3	0	4000	other	0
2359	57	Pulse	5	1304665	18044	2
2359	58	Picture	30	1304691	0	2	4145	3	0	4000	other	0
2359	59	Picture	30	1322762	0	1	4145	2	0	4000	other	0
2359	59	Pulse	5	1324665	1903	2
2359	60	Picture	31	1340833	0	1	4145	2	0	4000	hit	126
2359	60	Pulse	5	1344664	3831	2
2359	60	Response	1	1348184	7351	2
2359	61	Picture	31	1358904	0	2	4144	4	0	4000	miss	0
2359	61	Pulse	5	1364654	5750	2
2359	62	Picture	30	1376975	0	1	4144	3	0	4000	other	0
2359	62	Pulse	5	1384654	7679	1
2359	63	Picture	30	1395045	0	2	4145	3	0	4000	other	0
2359	63	Pulse	5	1404653	9608	2
2359	64	Picture	30	1413116	0	2	4145	3	0	4000	other	0
2359	64	Pulse	5	1424643	11527	2
2359	65	Picture	31	1431187	0	1	4145	2	0	4000	hit	136
2359	65	Response	1	1438883	7696	1
2359	65	Pulse	5	1444642	13455	2
2359	66	Picture	30	1449258	0	1	4145	2	0	4000	false_alarm	139
2359	66	Response	1	1456002	6744	2
2359	66	Pulse	5	1464643	15385	1
2359	67	Picture	30	1467329	0	1	4144	3	0	4000	other	0
2359	67	Pulse	5	1484632	17303	1
2359	68	Picture	30	1485400	0	1	4144	2	0	4000	other	0
2359	69	Picture	30	1503470	0	2	4145	3	0	4000	other	0
2359	69	Pulse	5	1504631	1161	2
2359	70	Pulse	5	1524631	3090	2
2359	70	Pulse	5	1544620	23079	3
2359	71	Picture	10	1546575	0	1	4145	2	0	4000	other	0
2359	71	Pulse	5	1564620	18045	3
2359	72	Picture	10	1564646	0	1	4144	3	0	4000	other	0
2359	73	Picture	11	1582717	0	1	4144	2	0	4000	hit	153
2359	73	Pulse	5	1584620	1903	2
2359	73	Response	1	1588140	5423	2
2359	74	Picture	10	1600787	0	2	4145	3	0	4000	other	0
2359	74	Pulse	5	1604609	3822	2
2359	75	Picture	11	1618858	0	1	4145	2	0	4000	hit	157
2359	75	Response	1	1623009	4151	2
2359	75	Pulse	5	1624609	5751	2
2359	76	Picture	10	1636929	0	2	4145	3	0	4000	other	0
2359	76	Pulse	5	1644609	7680	1
2359	77	Picture	10	1655000	0	1	4144	3	0	4000	other	0
2359	77	Pulse	5	1664598	9598	2
2359	78	Picture	11	1673071	0	1	4144	2	0	4000	hit	164
2359	78	Response	1	1677078	4007	2
2359	78	Pulse	5	1684598	11527	2
2359	79	Picture	10	1691141	0	2	4145	3	0	4000	other	0
2359	79	Pulse	5	1704598	13457	1
2359	80	Picture	10	1709212	0	1	4145	2	0	4000	other	0
2359	80	Pulse	5	1724587	15375	2
2359	81	Picture	10	1727283	0	1	4145	2	0	4000	other	0
2359	81	Pulse	5	1744587	17304	2
2359	82	Picture	10	1745354	0	1	4144	3	0	4000	other	0
2359	83	Picture	10	1763425	0	1	4144	2	0	4000	other	0
2359	83	Pulse	5	1764586	1161	2
2359	84	Picture	11	1781495	0	2	4145	3	0	4000	hit	177
2359	84	Pulse	5	1784576	3081	2
2359	84	Response	1	1786336	4841	2
2359	85	Picture	10	1799566	0	2	4145	3	0	4000	other	0
2359	85	Pulse	5	1804576	5010	1
2359	86	Picture	10	1817637	0	1	4145	2	0	4000	other	0
2359	86	Pulse	5	1824575	6938	2
2359	87	Pulse	5	1844565	8857	2
2359	88	Picture	20	1860742	0	1	4144	3	0	4000	other	0
2359	88	Pulse	5	1864564	3822	2
2359	89	Picture	20	1878813	0	1	4144	2	0	4000	other	0
2359	89	Pulse	5	1884564	5751	2
2359	90	Picture	20	1896883	0	2	4145	3	0	4000	other	0
2359	90	Pulse	5	1904554	7671	2
2359	91	Picture	21	1914953	0	2	4146	3	0	4000	hit	190
2359	91	Response	1	1920554	5601	1
2359	91	Pulse	5	1924553	9600	2
2359	92	Picture	20	1933025	0	1	4145	2	0	4000	other	0
2359	92	Pulse	5	1944553	11528	2
2359	93	Picture	20	1951096	0	1	4144	3	0	4000	other	0
2359	93	Pulse	5	1964543	13447	1
2359	94	Picture	21	1969167	0	1	4144	3	0	4000	hit	197
2359	94	Response	1	1973182	4015	2
2359	94	Pulse	5	1984542	15375	2
2359	95	Picture	20	1987237	0	2	4145	3	0	4000	other	0
2359	95	Pulse	5	2004542	17305	2
2359	96	Picture	20	2005308	0	1	4145	2	0	4000	false_alarm	202
2359	96	Response	1	2013982	8674	1
2359	97	Picture	20	2023379	0	1	4145	2	0	4000	other	0
2359	97	Pulse	5	2024531	1152	3
2359	98	Picture	21	2041450	0	1	4145	2	0	4000	hit	207
2359	98	Pulse	5	2044531	3081	2
2359	98	Response	1	2049011	7561	2
2359	99	Picture	20	2059521	0	1	4144	3	0	4000	other	0
2359	99	Pulse	5	2064531	5010	2
2359	100	Picture	20	2077591	0	2	4145	3	0	4000	other	0
2359	100	Pulse	5	2084520	6929	2
2359	101	Picture	21	2095662	0	1	4145	2	0	4000	hit	213
2359	101	Response	1	2103560	7898	2
2359	101	Pulse	5	2104520	8858	2
2359	102	Picture	20	2113733	0	1	4145	2	0	4000	other	0
2359	102	Pulse	5	2124520	10787	1
2359	103	Picture	20	2131804	0	1	4145	2	0	4000	other	0
2359	103	Pulse	5	2144509	12705	2
2359	104	Pulse	5	2164509	14634	2
2359	105	Picture	10	2174909	0	2	4144	3	0	4000	other	0
2359	105	Pulse	5	2184508	9599	2
2359	106	Picture	10	2192979	0	2	4145	3	0	4000	other	0
2359	106	Pulse	5	2204498	11519	2
2359	107	Picture	11	2211050	0	1	4145	2	0	4000	hit	225
2359	107	Response	1	2214898	3848	2
2359	107	Pulse	5	2224658	13608	1
2359	108	Picture	10	2229121	0	1	4145	2	0	4000	other	0
2359	108	Pulse	5	2244657	15536	2
2359	109	Picture	11	2247192	0	1	4145	2	0	4000	hit	230
2359	109	Response	1	2251857	4665	2
2359	109	Pulse	5	2264647	17455	2
2359	110	Picture	10	2265263	0	1	4144	3	0	4000	other	0
2359	111	Picture	10	2283334	0	1	4144	2	0	4000	other	0
2359	111	Pulse	5	2284647	1313	1
2359	112	Picture	11	2301404	0	1	4145	2	0	4000	miss	0
2359	112	Pulse	5	2304646	3242	2
2359	113	Picture	10	2319475	0	1	4145	2	0	4000	other	0
2359	113	Pulse	5	2324636	5161	2
2359	114	Picture	10	2337546	0	1	4145	2	0	4000	other	0
2359	114	Pulse	5	2344635	7089	2
2359	115	Picture	10	2355617	0	1	4144	3	0	4000	other	0
2359	115	Pulse	5	2364635	9018	2
2359	116	Picture	10	2373687	0	2	4145	3	0	4000	other	0
2359	116	Pulse	5	2384625	10938	2
2359	117	Picture	10	2391758	0	2	4145	3	0	4000	other	0
2359	117	Pulse	5	2404624	12866	2
2359	118	Picture	11	2409995	0	1	4145	2	0	4000	miss	0
2359	118	Pulse	5	2424624	14629	2
2359	119	Picture	10	2428066	0	1	4144	3	0	4000	other	0
2359	119	Pulse	5	2444614	16548	1
2359	120	Picture	10	2446137	0	1	4144	2	0	4000	other	0
2359	121	Pulse	5	2464613	406	2
2359	121	Pulse	5	2484613	20406	2
2359	122	Picture	30	2489241	0	1	4145	2	0	4000	other	0
2359	122	Pulse	5	2504602	15361	3
2359	123	Picture	30	2507312	0	1	4145	2	0	4000	other	0
2359	123	Pulse	5	2524602	17290	2
2359	124	Picture	30	2525383	0	1	4144	3	0	4000	other	0
2359	125	Picture	31	2543454	0	1	4144	3	0	4000	miss	0
2359	125	Pulse	5	2544602	1148	2
2359	126	Picture	31	2561524	0	2	4145	3	0	4000	miss	0
2359	126	Pulse	5	2564591	3067	2
2359	127	Picture	30	2579595	0	2	4145	3	0	4000	other	0
2359	127	Pulse	5	2584591	4996	2
2359	128	Picture	30	2597666	0	1	4145	2	0	4000	other	0
2359	128	Pulse	5	2604591	6925	1
2359	129	Picture	30	2615737	0	1	4145	2	0	4000	other	0
2359	129	Pulse	5	2624580	8843	2
2359	130	Picture	31	2633808	0	1	4144	3	0	4000	miss	0
2359	130	Pulse	5	2644580	10772	2
2359	131	Picture	30	2651879	0	1	4144	2	0	4000	other	0
2359	131	Pulse	5	2664579	12700	2
2359	132	Picture	30	2669949	0	2	4145	3	0	4000	other	0
2359	132	Pulse	5	2684569	14620	2
2359	133	Picture	30	2688020	0	1	4145	2	0	4000	other	0
2359	133	Pulse	5	2704569	16549	1
2359	134	Picture	30	2706025	0	233	4045	234	0	4000	other	0
2359	135	Picture	31	2724162	0	1	4145	2	0	4000	miss	0
2359	135	Pulse	5	2724568	406	2
2359	136	Picture	30	2742233	0	1	4144	2	0	4000	other	0
2359	136	Pulse	5	2744558	2325	2
2359	137	Picture	30	2760303	0	2	4145	3	0	4000	other	0
2359	137	Pulse	5	2764558	4255	1
