Scenario - 1-back
Logfile written - 04/17/2015 12:58:27

Subject	Trial	Event Type	Code	Time	TTime	Uncertainty	Duration	Uncertainty	ReqTime	ReqDur	Stim Type	Pair Index

2370	1	Response	1	384840	394662	2
2370	1	Pulse	5	570875	580697	1
2370	2	Response	1	577594	6640	2
2370	2	Pulse	5	590874	19920	2
2370	3	Picture	10	596020	0	1	4089	2	0	4000	other	0
2370	3	Pulse	5	610874	14854	1
2370	4	Picture	10	614153	0	1	4088	2	0	4000	other	0
2370	4	Pulse	5	630863	16710	2
2370	5	Picture	11	632285	0	1	4089	2	0	4000	hit	10
2370	5	Response	1	635823	3538	2
2370	6	Picture	10	650418	0	1	4089	2	0	4000	other	0
2370	6	Pulse	5	650862	444	2
2370	7	Picture	11	668550	0	2	4089	3	0	4000	hit	15
2370	7	Pulse	5	670862	2312	2
2370	7	Response	1	672462	3912	2
2370	8	Picture	10	686683	0	1	4089	2	0	4000	other	0
2370	8	Pulse	5	690851	4168	2
2370	9	Picture	10	704816	0	1	4088	3	0	4000	other	0
2370	9	Pulse	5	710851	6035	1
2370	10	Picture	10	722948	0	2	4089	3	0	4000	other	0
2370	10	Pulse	5	730850	7902	2
2370	11	Picture	11	741081	0	1	4089	2	0	4000	hit	23
2370	11	Response	1	744290	3209	2
2370	11	Pulse	5	750840	9759	1
2370	12	Picture	10	759214	0	1	4088	3	0	4000	other	0
2370	12	Pulse	5	770839	11625	2
2370	13	Picture	10	777346	0	1	4089	2	0	4000	other	0
2370	13	Pulse	5	790838	13492	2
2370	14	Picture	11	795478	0	2	4089	4	0	4000	hit	30
2370	14	Response	1	798998	3520	2
2370	14	Pulse	5	810828	15350	2
2370	15	Picture	10	813611	0	2	4089	3	0	4000	other	0
2370	15	Pulse	5	830827	17216	2
2370	16	Picture	10	831744	0	1	4089	2	0	4000	other	0
2370	17	Picture	10	849877	0	1	4088	3	0	4000	other	0
2370	17	Pulse	5	850827	950	2
2370	18	Picture	10	868009	0	2	4089	3	0	4000	other	0
2370	18	Pulse	5	870817	2808	2
2370	19	Pulse	5	890817	4675	1
2370	19	Pulse	5	910816	24674	1
2370	20	Picture	20	911208	0	1	4088	3	0	4000	other	0
2370	21	Picture	20	929340	0	1	4089	2	0	4000	other	0
2370	21	Pulse	5	930804	1464	2
2370	22	Picture	21	947473	0	1	4089	2	0	4000	hit	46
2370	22	Pulse	5	950804	3331	2
2370	22	Response	1	954324	6851	2
2370	23	Picture	20	965605	0	2	4089	3	0	4000	other	0
2370	23	Pulse	5	970803	5198	2
2370	24	Picture	20	983738	0	1	4089	2	0	4000	other	0
2370	24	Pulse	5	990793	7055	2
2370	25	Picture	20	1001871	0	1	4089	2	0	4000	other	0
2370	25	Pulse	5	1010792	8921	2
2370	26	Picture	21	1020003	0	2	4089	4	0	4000	hit	54
2370	26	Response	1	1024072	4069	2
2370	26	Pulse	5	1030792	10789	1
2370	27	Picture	20	1038136	0	1	4089	2	0	4000	false_alarm	57
2370	27	Response	1	1042471	4335	2
2370	27	Pulse	5	1050781	12645	2
2370	28	Picture	20	1056269	0	1	4088	3	0	4000	other	0
2370	28	Pulse	5	1070781	14512	1
2370	29	Picture	20	1074401	0	2	4089	3	0	4000	false_alarm	62
2370	29	Response	1	1079740	5339	2
2370	29	Pulse	5	1090780	16379	2
2370	30	Picture	20	1092534	0	1	4089	2	0	4000	false_alarm	65
2370	30	Response	1	1103900	11366	1
2370	31	Picture	20	1110667	0	1	4088	2	0	4000	false_alarm	68
2370	31	Pulse	5	1110769	102	2
2370	31	Response	1	1117969	7302	2
2370	32	Picture	21	1128799	0	1	4089	2	0	4000	hit	71
2370	32	Pulse	5	1130769	1970	2
2370	32	Response	1	1133969	5170	2
2370	33	Picture	20	1146932	0	1	4089	2	0	4000	other	0
2370	33	Pulse	5	1150768	3836	2
2370	34	Picture	20	1165064	0	2	4089	3	0	4000	false_alarm	76
2370	34	Pulse	5	1170758	5694	2
2370	34	Response	1	1171078	6014	2
2370	35	Picture	21	1183197	0	1	4089	2	0	4000	hit	78
2370	35	Response	1	1189477	6280	2
2370	35	Pulse	5	1190757	7560	2
2370	36	Pulse	5	1210757	9427	1
2370	37	Picture	10	1226395	0	2	4089	3	0	4000	other	0
2370	37	Pulse	5	1230746	4351	2
2370	38	Picture	10	1244528	0	1	4089	2	0	4000	other	0
2370	38	Pulse	5	1250745	6217	2
2370	39	Picture	11	1262661	0	1	4088	3	0	4000	hit	86
2370	39	Response	1	1265785	3124	2
2370	39	Pulse	5	1270905	8244	2
2370	40	Picture	10	1280793	0	2	4089	3	0	4000	other	0
2370	40	Pulse	5	1290894	10101	2
2370	41	Picture	11	1298926	0	1	4089	2	0	4000	hit	91
2370	41	Response	1	1303694	4768	2
2370	41	Pulse	5	1310894	11968	2
2370	42	Picture	10	1317059	0	1	4088	3	0	4000	other	0
2370	42	Pulse	5	1330893	13834	2
2370	43	Picture	10	1335191	0	1	4089	2	0	4000	other	0
2370	43	Pulse	5	1350883	15692	1
2370	44	Picture	10	1353324	0	1	4089	2	0	4000	other	0
2370	44	Pulse	5	1370882	17558	2
2370	45	Picture	11	1371456	0	2	4089	3	0	4000	hit	100
2370	45	Response	1	1374722	3266	2
2370	46	Picture	10	1389589	0	1	4089	2	0	4000	other	0
2370	46	Pulse	5	1390881	1292	2
2370	47	Picture	10	1407722	0	1	4089	2	0	4000	other	0
2370	47	Pulse	5	1410871	3149	2
2370	48	Picture	11	1425854	0	2	4089	3	0	4000	hit	106
2370	48	Response	1	1429910	4056	2
2370	48	Pulse	5	1430870	5016	2
2370	49	Picture	10	1443987	0	1	4089	2	0	4000	other	0
2370	49	Pulse	5	1450870	6883	2
2370	50	Picture	10	1462120	0	1	4088	3	0	4000	other	0
2370	50	Pulse	5	1470859	8739	2
2370	51	Picture	10	1480252	0	1	4089	2	0	4000	other	0
2370	51	Pulse	5	1490859	10607	2
2370	52	Picture	10	1498385	0	1	4089	2	0	4000	other	0
2370	52	Pulse	5	1510858	12473	2
2370	53	Pulse	5	1530848	14330	1
2370	54	Picture	30	1541583	0	1	4089	2	0	4000	other	0
2370	54	Pulse	5	1550847	9264	2
2370	55	Picture	30	1559716	0	1	4089	2	0	4000	other	0
2370	55	Pulse	5	1570846	11130	2
2370	56	Picture	31	1577849	0	1	4088	2	0	4000	hit	122
2370	56	Response	1	1582046	4197	2
2370	56	Pulse	5	1590836	12987	2
2370	57	Picture	30	1595981	0	1	4089	2	0	4000	other	0
2370	57	Pulse	5	1610835	14854	2
2370	58	Picture	30	1614114	0	1	4088	3	0	4000	other	0
2370	58	Pulse	5	1630835	16721	2
2370	59	Picture	30	1632246	0	2	4089	3	0	4000	other	0
2370	60	Picture	31	1650379	0	1	4089	2	0	4000	hit	131
2370	60	Pulse	5	1650824	445	2
2370	60	Response	1	1654184	3805	2
2370	61	Picture	31	1668512	0	1	4088	3	0	4000	miss	0
2370	61	Pulse	5	1670824	2312	1
2370	62	Picture	30	1686644	0	2	4089	3	0	4000	other	0
2370	62	Pulse	5	1690823	4179	2
2370	63	Picture	30	1704777	0	1	4089	2	0	4000	other	0
2370	63	Pulse	5	1710812	6035	2
2370	64	Picture	30	1722910	0	1	4088	3	0	4000	other	0
2370	64	Pulse	5	1730812	7902	2
2370	65	Picture	31	1741042	0	1	4089	2	0	4000	hit	141
2370	65	Response	1	1746011	4969	2
2370	65	Pulse	5	1750811	9769	2
2370	66	Picture	30	1759175	0	1	4089	2	0	4000	false_alarm	144
2370	66	Response	1	1766331	7156	2
2370	66	Pulse	5	1770801	11626	2
2370	67	Picture	30	1777308	0	1	4088	2	0	4000	other	0
2370	67	Pulse	5	1790800	13492	2
2370	68	Picture	30	1795440	0	2	4089	3	0	4000	other	0
2370	68	Pulse	5	1810800	15360	2
2370	69	Picture	30	1813573	0	1	4089	2	0	4000	false_alarm	151
2370	69	Response	1	1819919	6346	2
2370	69	Pulse	5	1830789	17216	2
2370	70	Pulse	5	1850789	19084	1
2370	71	Picture	10	1856771	0	1	4089	2	0	4000	other	0
2370	71	Pulse	5	1870788	14017	2
2370	72	Picture	10	1874904	0	1	4088	3	0	4000	other	0
2370	72	Pulse	5	1890779	15875	1
2370	73	Picture	11	1893036	0	2	4089	3	0	4000	hit	159
2370	73	Response	1	1896379	3343	1
2370	73	Pulse	5	1910778	17742	1
2370	74	Picture	10	1911169	0	1	4089	2	0	4000	other	0
2370	75	Picture	11	1929302	0	1	4088	3	0	4000	hit	164
2370	75	Pulse	5	1930778	1476	1
2370	75	Response	1	1934617	5315	2
2370	76	Picture	10	1947434	0	1	4089	2	0	4000	other	0
2370	76	Pulse	5	1950766	3332	2
2370	77	Picture	10	1965567	0	1	4089	2	0	4000	other	0
2370	77	Pulse	5	1970766	5199	2
2370	78	Picture	11	1983700	0	1	4088	2	0	4000	hit	170
2370	78	Response	1	1987086	3386	1
2370	78	Pulse	5	1990766	7066	1
2370	79	Picture	10	2001832	0	1	4089	2	0	4000	other	0
2370	79	Pulse	5	2010754	8922	2
2370	80	Picture	10	2019965	0	1	4089	2	0	4000	other	0
2370	80	Pulse	5	2030753	10788	2
2370	81	Picture	10	2038097	0	2	4089	3	0	4000	other	0
2370	81	Pulse	5	2050753	12656	2
2370	82	Picture	10	2056230	0	1	4089	2	0	4000	other	0
2370	82	Pulse	5	2070742	14512	2
2370	83	Picture	10	2074363	0	1	4088	3	0	4000	other	0
2370	83	Pulse	5	2090742	16379	2
2370	84	Picture	11	2092495	0	2	4089	3	0	4000	hit	183
2370	84	Response	1	2096182	3687	1
2370	85	Picture	10	2110628	0	1	4089	2	0	4000	other	0
2370	85	Pulse	5	2110741	113	2
2370	86	Picture	10	2128761	0	1	4088	3	0	4000	other	0
2370	86	Pulse	5	2130731	1970	2
2370	87	Pulse	5	2150730	3837	2
2370	87	Pulse	5	2170730	23837	1
2370	88	Picture	20	2171959	0	1	4089	2	0	4000	other	0
2370	89	Picture	20	2190092	0	1	4088	3	0	4000	other	0
2370	89	Pulse	5	2190719	627	2
2370	90	Picture	20	2208224	0	1	4089	2	0	4000	other	0
2370	90	Pulse	5	2210718	2494	2
2370	91	Picture	21	2226357	0	1	4089	2	0	4000	hit	197
2370	91	Pulse	5	2230718	4361	2
2370	91	Response	1	2231678	5321	2
2370	92	Picture	20	2244490	0	1	4088	3	0	4000	other	0
2370	92	Pulse	5	2250707	6217	2
2370	93	Picture	20	2262622	0	1	4089	2	0	4000	other	0
2370	93	Pulse	5	2270707	8085	2
2370	94	Picture	21	2280755	0	1	4088	3	0	4000	hit	203
2370	94	Response	1	2286546	5791	2
2370	94	Pulse	5	2290706	9951	2
2370	95	Picture	20	2298887	0	2	4089	3	0	4000	other	0
2370	95	Pulse	5	2310696	11809	1
2370	96	Picture	20	2317020	0	1	4089	2	0	4000	other	0
2370	96	Pulse	5	2330855	13835	2
2370	97	Picture	20	2335153	0	1	4089	2	0	4000	other	0
2370	97	Pulse	5	2350854	15701	2
2370	98	Picture	21	2353285	0	2	4089	3	0	4000	hit	212
2370	98	Response	1	2357734	4449	2
2370	98	Pulse	5	2370844	17559	2
2370	99	Picture	20	2371418	0	1	4089	2	0	4000	other	0
2370	100	Picture	20	2389551	0	1	4088	3	0	4000	other	0
2370	100	Pulse	5	2390843	1292	2
2370	101	Picture	21	2407683	0	1	4089	2	0	4000	hit	219
2370	101	Pulse	5	2410843	3160	2
2370	101	Response	1	2412603	4920	1
2370	102	Picture	20	2425816	0	1	4089	2	0	4000	other	0
2370	102	Pulse	5	2430832	5016	2
2370	103	Picture	20	2443949	0	1	4088	3	0	4000	other	0
2370	103	Pulse	5	2450832	6883	1
2370	104	Pulse	5	2470831	8750	2
2370	105	Picture	10	2487147	0	1	4089	2	0	4000	other	0
2370	105	Pulse	5	2490820	3673	2
2370	106	Picture	10	2505279	0	2	4089	3	0	4000	other	0
2370	106	Pulse	5	2510820	5541	2
2370	107	Picture	11	2523412	0	1	4089	2	0	4000	hit	230
2370	107	Response	1	2527139	3727	2
2370	107	Pulse	5	2530819	7407	2
2370	108	Picture	10	2541545	0	1	4089	2	0	4000	other	0
2370	108	Pulse	5	2550809	9264	2
2370	109	Picture	11	2559678	0	1	4088	2	0	4000	hit	235
2370	109	Response	1	2563768	4090	2
2370	109	Pulse	5	2570808	11130	2
2370	110	Picture	10	2577810	0	1	4089	2	0	4000	other	0
2370	110	Pulse	5	2590808	12998	2
2370	111	Picture	10	2595943	0	1	4088	3	0	4000	other	0
2370	111	Pulse	5	2610797	14854	2
2370	112	Picture	11	2614075	0	2	4089	3	0	4000	hit	242
2370	112	Response	1	2618317	4242	2
2370	112	Pulse	5	2630797	16722	1
2370	113	Picture	10	2632208	0	1	4089	2	0	4000	other	0
2370	114	Picture	10	2650341	0	1	4088	3	0	4000	other	0
2370	114	Pulse	5	2650796	455	2
2370	115	Picture	10	2668473	0	1	4089	2	0	4000	other	0
2370	115	Pulse	5	2670785	2312	2
2370	116	Picture	10	2686606	0	1	4089	2	0	4000	other	0
2370	116	Pulse	5	2690785	4179	2
2370	117	Picture	10	2704739	0	1	4088	3	0	4000	other	0
2370	117	Pulse	5	2710784	6045	2
2370	118	Picture	11	2722871	0	1	4089	2	0	4000	hit	254
2370	118	Response	1	2726614	3743	2
2370	118	Pulse	5	2730774	7903	2
2370	119	Picture	10	2741004	0	1	4089	2	0	4000	other	0
2370	119	Pulse	5	2750773	9769	2
2370	120	Picture	10	2759136	0	2	4089	3	0	4000	other	0
2370	120	Pulse	5	2770773	11637	1
2370	121	Pulse	5	2790762	13493	2
2370	122	Picture	30	2802335	0	1	4089	2	0	4000	other	0
2370	122	Pulse	5	2810761	8426	2
2370	123	Picture	30	2820467	0	2	4089	3	0	4000	other	0
2370	123	Pulse	5	2830761	10294	2
2370	124	Picture	30	2838600	0	1	4089	2	0	4000	other	0
2370	124	Pulse	5	2850750	12150	2
2370	125	Picture	31	2856733	0	1	4089	2	0	4000	hit	268
2370	125	Response	1	2861150	4417	2
2370	125	Pulse	5	2870750	14017	2
2370	126	Picture	31	2874865	0	2	4089	3	0	4000	hit	271
2370	126	Response	1	2880830	5965	1
2370	126	Pulse	5	2890749	15884	2
2370	127	Picture	30	2892998	0	1	4089	2	0	4000	other	0
2370	127	Pulse	5	2910739	17741	2
2370	128	Picture	30	2911131	0	1	4088	3	0	4000	other	0
2370	129	Picture	30	2929263	0	2	4089	3	0	4000	other	0
2370	129	Pulse	5	2930738	1475	2
2370	130	Picture	31	2947396	0	1	4089	2	0	4000	hit	280
2370	130	Pulse	5	2950738	3342	1
2370	130	Response	1	2955537	8141	2
2370	131	Picture	30	2965529	0	1	4088	3	0	4000	other	0
2370	131	Pulse	5	2970728	5199	2
2370	132	Picture	30	2983661	0	1	4089	2	0	4000	other	0
2370	132	Pulse	5	2990728	7067	1
2370	133	Picture	30	3001794	0	1	4089	2	0	4000	other	0
2370	133	Pulse	5	3010727	8933	1
2370	134	Picture	30	3019927	0	1	4088	2	0	4000	other	0
2370	134	Pulse	5	3030715	10788	2
2370	135	Picture	31	3038059	0	1	4089	2	0	4000	hit	290
2370	135	Response	1	3043355	5296	2
2370	135	Pulse	5	3050715	12656	2
2370	136	Picture	30	3056192	0	1	4089	2	0	4000	other	0
2370	136	Pulse	5	3070714	14522	2
2370	137	Picture	30	3074324	0	2	4089	3	0	4000	false_alarm	295
2370	137	Response	1	3078714	4390	2
