Scenario - 1-back
Logfile written - 04/17/2015 13:09:04

Subject	Trial	Event Type	Code	Time	TTime	Uncertainty	Duration	Uncertainty	ReqTime	ReqDur	Stim Type	Pair Index

2370	1	Pulse	5	255501	265323	1
2370	2	Pulse	5	275501	19912	1
2370	3	Picture	10	280655	0	1	4088	3	0	4000	other	0
2370	3	Pulse	5	295499	14844	2
2370	4	Picture	10	298787	0	2	4089	3	0	4000	other	0
2370	4	Pulse	5	315488	16701	2
2370	5	Picture	11	316920	0	1	4089	2	0	4000	hit	8
2370	5	Response	1	320928	4008	2
2370	6	Picture	10	335053	0	1	4088	3	0	4000	other	0
2370	6	Pulse	5	335488	435	1
2370	7	Picture	11	353185	0	2	4089	3	0	4000	hit	13
2370	7	Pulse	5	355487	2302	2
2370	7	Response	1	356927	3742	2
2370	8	Picture	10	371318	0	1	4089	2	0	4000	other	0
2370	8	Pulse	5	375476	4158	2
2370	9	Picture	10	389451	0	1	4088	3	0	4000	other	0
2370	9	Pulse	5	395636	6185	2
2370	10	Picture	10	407583	0	2	4089	3	0	4000	other	0
2370	10	Pulse	5	415635	8052	2
2370	11	Picture	11	425716	0	1	4089	2	0	4000	hit	21
2370	11	Response	1	429545	3829	2
2370	11	Pulse	5	435625	9909	2
2370	12	Picture	10	443849	0	1	4088	3	0	4000	other	0
2370	12	Pulse	5	455624	11775	2
2370	13	Picture	10	461981	0	1	4089	2	0	4000	other	0
2370	13	Pulse	5	475624	13643	1
2370	14	Picture	11	480114	0	1	4089	2	0	4000	hit	28
2370	14	Response	1	485213	5099	2
2370	14	Pulse	5	495613	15499	2
2370	15	Picture	10	498247	0	1	4088	2	0	4000	other	0
2370	15	Pulse	5	515612	17365	2
2370	16	Picture	10	516379	0	1	4089	2	0	4000	other	0
2370	17	Picture	10	534512	0	1	4089	2	0	4000	other	0
2370	17	Pulse	5	535612	1100	2
2370	18	Picture	10	552644	0	2	4089	3	0	4000	other	0
2370	18	Pulse	5	555601	2957	2
2370	19	Pulse	5	575601	4824	2
2370	19	Pulse	5	595600	24823	2
2370	20	Picture	20	595843	0	1	4089	2	0	4000	other	0
2370	21	Picture	20	613975	0	2	4089	3	0	4000	other	0
2370	21	Pulse	5	615590	1615	1
2370	22	Picture	21	632108	0	1	4089	2	0	4000	hit	44
2370	22	Pulse	5	635589	3481	2
2370	22	Response	1	635749	3641	2
2370	23	Picture	20	650241	0	1	4088	3	0	4000	other	0
2370	23	Pulse	5	655589	5348	1
2370	24	Picture	20	668373	0	2	4089	3	0	4000	other	0
2370	24	Pulse	5	675578	7205	2
2370	25	Picture	20	686506	0	1	4089	2	0	4000	other	0
2370	25	Pulse	5	695577	9071	2
2370	26	Picture	21	704639	0	1	4088	3	0	4000	hit	52
2370	26	Response	1	709017	4378	2
2370	26	Pulse	5	715577	10938	2
2370	27	Picture	20	722771	0	1	4089	2	0	4000	other	0
2370	27	Pulse	5	735566	12795	2
2370	28	Picture	20	740904	0	1	4089	2	0	4000	other	0
2370	28	Pulse	5	755566	14662	2
2370	29	Picture	20	759037	0	1	4088	3	0	4000	other	0
2370	29	Pulse	5	775565	16528	2
2370	30	Picture	20	777169	0	2	4089	3	0	4000	other	0
2370	31	Picture	20	795302	0	1	4089	2	0	4000	false_alarm	63
2370	31	Pulse	5	795555	253	1
2370	31	Response	1	804194	8892	2
2370	32	Picture	21	813435	0	1	4088	2	0	4000	miss	0
2370	32	Pulse	5	815554	2119	2
2370	33	Picture	20	831567	0	1	4089	2	0	4000	other	0
2370	33	Pulse	5	835554	3987	1
2370	34	Picture	20	849700	0	1	4089	2	0	4000	other	0
2370	34	Pulse	5	855543	5843	2
2370	35	Picture	21	867833	0	1	4088	2	0	4000	hit	71
2370	35	Response	1	871702	3869	2
2370	35	Pulse	5	875542	7709	2
2370	36	Pulse	5	895542	9577	2
2370	37	Picture	10	911031	0	1	4089	2	0	4000	other	0
2370	37	Pulse	5	915531	4500	2
2370	38	Picture	10	929163	0	2	4089	4	0	4000	other	0
2370	38	Pulse	5	935531	6368	1
2370	39	Picture	11	947296	0	1	4089	2	0	4000	hit	79
2370	39	Response	1	950570	3274	2
2370	39	Pulse	5	955530	8234	2
2370	40	Picture	10	965429	0	1	4089	2	0	4000	other	0
2370	40	Pulse	5	975520	10091	1
2370	41	Picture	11	983561	0	2	4089	3	0	4000	hit	84
2370	41	Response	1	986399	2838	2
2370	41	Pulse	5	995519	11958	2
2370	42	Picture	10	1001694	0	1	4089	2	0	4000	other	0
2370	42	Pulse	5	1015518	13824	2
2370	43	Picture	10	1019827	0	1	4089	2	0	4000	other	0
2370	43	Pulse	5	1035508	15681	2
2370	44	Picture	10	1037959	0	2	4089	3	0	4000	other	0
2370	44	Pulse	5	1055507	17548	2
2370	45	Picture	11	1056092	0	1	4089	2	0	4000	hit	93
2370	45	Response	1	1059667	3575	2
2370	46	Picture	10	1074225	0	1	4088	3	0	4000	other	0
2370	46	Pulse	5	1075507	1282	2
2370	47	Picture	10	1092357	0	1	4089	2	0	4000	other	0
2370	47	Pulse	5	1095496	3139	2
2370	48	Picture	11	1110490	0	1	4089	2	0	4000	hit	99
2370	48	Response	1	1115176	4686	1
2370	48	Pulse	5	1115496	5006	1
2370	49	Picture	10	1128623	0	1	4088	3	0	4000	other	0
2370	49	Pulse	5	1135495	6872	2
2370	50	Picture	10	1146755	0	1	4089	2	0	4000	other	0
2370	50	Pulse	5	1155484	8729	2
2370	51	Picture	10	1164888	0	1	4089	2	0	4000	other	0
2370	51	Pulse	5	1175484	10596	2
2370	52	Picture	10	1183021	0	1	4088	2	0	4000	other	0
2370	52	Pulse	5	1195475	12454	1
2370	53	Pulse	5	1215473	14320	2
2370	54	Picture	30	1226219	0	1	4089	2	0	4000	other	0
2370	54	Pulse	5	1235472	9253	2
2370	55	Picture	30	1244351	0	2	4089	4	0	4000	other	0
2370	55	Pulse	5	1255473	11122	1
2370	56	Picture	31	1262484	0	1	4089	2	0	4000	hit	115
2370	56	Response	1	1268263	5779	1
2370	56	Pulse	5	1275462	12978	2
2370	57	Picture	30	1280617	0	1	4089	2	0	4000	other	0
2370	57	Pulse	5	1295462	14845	1
2370	58	Picture	30	1298749	0	3	4089	4	0	4000	other	0
2370	58	Pulse	5	1315460	16711	2
2370	59	Picture	30	1316882	0	1	4089	2	0	4000	other	0
2370	60	Picture	31	1335015	0	1	4089	2	0	4000	hit	124
2370	60	Pulse	5	1335449	434	2
2370	60	Response	1	1341049	6034	2
2370	61	Picture	31	1353147	0	2	4089	3	0	4000	hit	127
2370	61	Pulse	5	1355449	2302	2
2370	61	Response	1	1359769	6622	2
2370	62	Picture	30	1371280	0	1	4089	2	0	4000	false_alarm	130
2370	62	Pulse	5	1375448	4168	2
2370	62	Response	1	1382958	11678	2
2370	63	Picture	30	1389413	0	1	4088	3	0	4000	other	0
2370	63	Pulse	5	1395438	6025	1
2370	64	Picture	30	1407545	0	2	4089	3	0	4000	other	0
2370	64	Pulse	5	1415437	7892	2
2370	65	Picture	31	1425678	0	1	4089	2	0	4000	hit	136
2370	65	Response	1	1432397	6719	1
2370	65	Pulse	5	1435597	9919	1
2370	66	Picture	30	1443811	0	1	4088	3	0	4000	other	0
2370	66	Pulse	5	1455587	11776	1
2370	67	Picture	30	1461943	0	2	4089	3	0	4000	other	0
2370	67	Pulse	5	1475585	13642	2
2370	68	Picture	30	1480075	0	2	4090	3	0	4000	other	0
2370	68	Pulse	5	1495585	15510	2
2370	69	Picture	30	1498209	0	1	4088	2	0	4000	false_alarm	145
2370	69	Response	1	1502455	4246	1
2370	69	Pulse	5	1515574	17365	2
2370	70	Pulse	5	1535574	19233	2
2370	71	Picture	10	1541407	0	1	4089	2	0	4000	other	0
2370	71	Pulse	5	1555573	14166	2
2370	72	Picture	10	1559540	0	1	4088	2	0	4000	other	0
2370	72	Pulse	5	1575563	16023	1
2370	73	Picture	11	1577672	0	1	4089	2	0	4000	hit	153
2370	73	Response	1	1581642	3970	2
2370	73	Pulse	5	1595562	17890	2
2370	74	Picture	10	1595805	0	1	4089	2	0	4000	other	0
2370	75	Picture	11	1613938	0	1	4088	3	0	4000	hit	158
2370	75	Pulse	5	1615561	1623	2
2370	75	Response	1	1618911	4973	2
2370	76	Picture	10	1632070	0	1	4089	2	0	4000	other	0
2370	76	Pulse	5	1635551	3481	2
2370	77	Picture	10	1650203	0	1	4089	2	0	4000	other	0
2370	77	Pulse	5	1655550	5347	2
2370	78	Picture	11	1668336	0	1	4088	2	0	4000	hit	164
2370	78	Response	1	1671391	3055	1
2370	78	Pulse	5	1675551	7215	1
2370	79	Picture	10	1686468	0	1	4089	2	0	4000	other	0
2370	79	Pulse	5	1695539	9071	2
2370	80	Picture	10	1704601	0	1	4089	2	0	4000	other	0
2370	80	Pulse	5	1715539	10938	1
2370	81	Picture	10	1722733	0	2	4089	3	0	4000	other	0
2370	81	Pulse	5	1735538	12805	2
2370	82	Picture	10	1740866	0	1	4089	2	0	4000	other	0
2370	82	Pulse	5	1755527	14661	2
2370	83	Picture	10	1758999	0	1	4089	2	0	4000	other	0
2370	83	Pulse	5	1775527	16528	2
2370	84	Picture	11	1777131	0	2	4089	3	0	4000	hit	177
2370	84	Response	1	1781287	4156	2
2370	85	Picture	10	1795264	0	1	4089	2	0	4000	other	0
2370	85	Pulse	5	1795526	262	2
2370	86	Picture	10	1813397	0	1	4088	3	0	4000	other	0
2370	86	Pulse	5	1815516	2119	2
2370	87	Pulse	5	1835515	3986	2
2370	87	Pulse	5	1855515	23986	2
2370	88	Picture	20	1856595	0	1	4089	2	0	4000	other	0
2370	89	Picture	20	1874728	0	1	4088	3	0	4000	other	0
2370	89	Pulse	5	1875504	776	2
2370	90	Picture	20	1892860	0	2	4089	3	0	4000	other	0
2370	90	Pulse	5	1895504	2644	1
2370	91	Picture	21	1910993	0	1	4089	2	0	4000	hit	190
2370	91	Response	1	1914863	3870	2
2370	91	Pulse	5	1915503	4510	2
2370	92	Picture	20	1929126	0	1	4088	3	0	4000	other	0
2370	92	Pulse	5	1935492	6366	2
2370	93	Picture	20	1947258	0	1	4089	2	0	4000	other	0
2370	93	Pulse	5	1955492	8234	2
2370	94	Picture	21	1965391	0	1	4089	2	0	4000	hit	197
2370	94	Response	1	1969732	4341	1
2370	94	Pulse	5	1975491	10100	2
2370	95	Picture	20	1983524	0	1	4088	2	0	4000	other	0
2370	95	Pulse	5	1995481	11957	2
2370	96	Picture	20	2001656	0	1	4089	2	0	4000	other	0
2370	96	Pulse	5	2015480	13824	2
2370	97	Picture	20	2019789	0	1	4089	2	0	4000	other	0
2370	97	Pulse	5	2035480	15691	1
2370	98	Picture	21	2037921	0	2	4089	3	0	4000	hit	206
2370	98	Response	1	2041389	3468	2
2370	98	Pulse	5	2055469	17548	2
2370	99	Picture	20	2056054	0	1	4089	2	0	4000	other	0
2370	100	Picture	20	2074187	0	1	4089	2	0	4000	other	0
2370	100	Pulse	5	2075469	1282	1
2370	101	Picture	21	2092319	0	2	4089	3	0	4000	hit	213
2370	101	Pulse	5	2095468	3149	2
2370	101	Response	1	2096268	3949	2
2370	102	Picture	20	2110452	0	1	4089	2	0	4000	other	0
2370	102	Pulse	5	2115457	5005	2
2370	103	Picture	20	2128585	0	1	4088	3	0	4000	other	0
2370	103	Pulse	5	2135457	6872	2
2370	104	Pulse	5	2155456	8739	2
2370	105	Picture	10	2171783	0	1	4089	2	0	4000	other	0
2370	105	Pulse	5	2175446	3663	1
2370	106	Picture	10	2189916	0	1	4088	3	0	4000	other	0
2370	106	Pulse	5	2195445	5529	2
2370	107	Picture	11	2208048	0	2	4089	3	0	4000	hit	224
2370	107	Response	1	2212076	4028	1
2370	107	Pulse	5	2215436	7388	1
2370	108	Picture	10	2226181	0	1	4089	2	0	4000	other	0
2370	108	Pulse	5	2235434	9253	2
2370	109	Picture	11	2244314	0	1	4088	3	0	4000	hit	229
2370	109	Response	1	2248554	4240	1
2370	109	Pulse	5	2255433	11119	2
2370	110	Picture	10	2262446	0	1	4089	2	0	4000	other	0
2370	110	Pulse	5	2275424	12978	1
2370	111	Picture	10	2280579	0	1	4089	2	0	4000	other	0
2370	111	Pulse	5	2295424	14845	1
2370	112	Picture	11	2298712	0	1	4088	3	0	4000	hit	236
2370	112	Response	1	2303423	4711	2
2370	112	Pulse	5	2315422	16710	2
2370	113	Picture	10	2316844	0	1	4089	2	0	4000	other	0
2370	114	Picture	10	2334977	0	1	4089	2	0	4000	other	0
2370	114	Pulse	5	2335422	445	2
2370	115	Picture	10	2353110	0	1	4088	2	0	4000	false_alarm	243
2370	115	Pulse	5	2355412	2302	1
2370	115	Response	1	2358612	5502	1
2370	116	Picture	10	2371242	0	1	4089	2	0	4000	false_alarm	245
2370	116	Response	1	2374931	3689	2
2370	116	Pulse	5	2375411	4169	2
2370	117	Picture	10	2389375	0	1	4089	2	0	4000	other	0
2370	117	Pulse	5	2395409	6034	2
2370	118	Picture	11	2407507	0	2	4089	3	0	4000	hit	250
2370	118	Response	1	2411239	3732	2
2370	118	Pulse	5	2415399	7892	2
2370	119	Picture	10	2425640	0	1	4089	2	0	4000	other	0
2370	119	Pulse	5	2435398	9758	2
2370	120	Picture	10	2443773	0	1	4088	3	0	4000	other	0
2370	120	Pulse	5	2455398	11625	2
2370	121	Pulse	5	2475547	13642	2
2370	122	Picture	30	2486971	0	1	4089	2	0	4000	other	0
2370	122	Pulse	5	2495547	8576	1
2370	123	Picture	30	2505104	0	1	4088	3	0	4000	other	0
2370	123	Pulse	5	2515546	10442	2
2370	124	Picture	30	2523236	0	2	4089	3	0	4000	other	0
2370	124	Pulse	5	2535536	12300	1
2370	125	Picture	31	2541369	0	1	4089	2	0	4000	miss	0
2370	125	Pulse	5	2555535	14166	2
2370	126	Picture	31	2559502	0	1	4088	3	0	4000	hit	266
2370	126	Response	1	2571055	11553	1
2370	126	Pulse	5	2575534	16032	2
2370	127	Picture	30	2577634	0	2	4089	3	0	4000	other	0
2370	127	Pulse	5	2595524	17890	2
2370	128	Picture	30	2595767	0	1	4089	2	0	4000	other	0
2370	129	Picture	30	2613900	0	1	4088	3	0	4000	other	0
2370	129	Pulse	5	2615523	1623	2
2370	130	Picture	31	2632032	0	2	4089	3	0	4000	miss	0
2370	130	Pulse	5	2635523	3491	2
2370	131	Picture	30	2650165	0	1	4089	2	0	4000	other	0
2370	131	Pulse	5	2655512	5347	2
2370	132	Picture	30	2668298	0	1	4088	2	0	4000	false_alarm	278
2370	132	Response	1	2673432	5134	1
2370	132	Pulse	5	2675512	7214	1
2370	133	Picture	30	2686430	0	1	4089	2	0	4000	false_alarm	281
2370	133	Response	1	2691671	5241	2
2370	133	Pulse	5	2695511	9081	2
2370	134	Picture	30	2704563	0	1	4089	2	0	4000	other	0
2370	134	Pulse	5	2715500	10937	2
2370	135	Picture	31	2722696	0	1	4088	2	0	4000	miss	0
2370	135	Pulse	5	2735500	12804	2
2370	136	Picture	30	2740828	0	1	4089	2	0	4000	other	0
2370	136	Pulse	5	2755499	14671	2
2370	137	Picture	30	2758961	0	1	4089	2	0	4000	false_alarm	290
2370	137	Response	1	2762209	3248	2
