Scenario - 1-back
Logfile written - 04/17/2015 13:04:23

Subject	Trial	Event Type	Code	Time	TTime	Uncertainty	Duration	Uncertainty	ReqTime	ReqDur	Stim Type	Pair Index

2370	1	Pulse	5	1004079	1013901	2
2370	2	Pulse	5	1024079	19896	2
2370	3	Picture	10	1029248	0	2	4089	3	0	4000	false_alarm	4
2370	3	Response	1	1033839	4591	1
2370	3	Pulse	5	1044068	14820	2
2370	4	Picture	10	1047381	0	1	4089	2	0	4000	other	0
2370	4	Pulse	5	1064068	16687	2
2370	5	Picture	11	1065514	0	1	4088	3	0	4000	hit	9
2370	5	Response	1	1069828	4314	1
2370	6	Picture	10	1083646	0	2	4089	3	0	4000	other	0
2370	6	Pulse	5	1084068	422	1
2370	7	Picture	11	1101779	0	1	4089	2	0	4000	hit	14
2370	7	Pulse	5	1104057	2278	1
2370	7	Response	1	1105977	4198	1
2370	8	Picture	10	1119912	0	1	4088	3	0	4000	other	0
2370	8	Pulse	5	1124057	4145	1
2370	9	Picture	10	1138044	0	1	4089	2	0	4000	other	0
2370	9	Pulse	5	1144055	6011	2
2370	10	Picture	10	1156177	0	1	4089	2	0	4000	other	0
2370	10	Pulse	5	1164046	7869	1
2370	11	Picture	11	1174310	0	1	4088	3	0	4000	hit	22
2370	11	Response	1	1178284	3974	2
2370	11	Pulse	5	1184044	9734	2
2370	12	Picture	10	1192442	0	1	4089	2	0	4000	other	0
2370	12	Pulse	5	1204044	11602	2
2370	13	Picture	10	1210575	0	1	4089	2	0	4000	other	0
2370	13	Pulse	5	1224033	13458	2
2370	14	Picture	11	1228708	0	1	4088	2	0	4000	hit	29
2370	14	Response	1	1231713	3005	2
2370	14	Pulse	5	1244033	15325	2
2370	15	Picture	10	1246840	0	1	4089	2	0	4000	other	0
2370	15	Pulse	5	1264032	17192	2
2370	16	Picture	10	1264973	0	1	4089	2	0	4000	other	0
2370	17	Picture	10	1283105	0	2	4089	3	0	4000	other	0
2370	17	Pulse	5	1284022	917	1
2370	18	Picture	10	1301238	0	1	4089	2	0	4000	other	0
2370	18	Pulse	5	1304021	2783	2
2370	19	Pulse	5	1324020	4649	2
2370	19	Pulse	5	1344010	24639	2
2370	20	Picture	30	1344437	0	1	4088	2	0	4000	other	0
2370	21	Picture	30	1362569	0	2	4089	3	0	4000	other	0
2370	21	Pulse	5	1364009	1440	2
2370	22	Picture	31	1380702	0	1	4089	2	0	4000	hit	45
2370	22	Pulse	5	1384009	3307	2
2370	22	Response	1	1388649	7947	1
2370	23	Picture	30	1398834	0	2	4089	3	0	4000	other	0
2370	23	Pulse	5	1403998	5164	2
2370	24	Picture	30	1416967	0	1	4089	2	0	4000	other	0
2370	24	Pulse	5	1423998	7031	1
2370	25	Picture	30	1435100	0	1	4088	3	0	4000	other	0
2370	25	Pulse	5	1443998	8898	2
2370	26	Picture	31	1453232	0	2	4089	3	0	4000	hit	53
2370	26	Response	1	1457108	3876	1
2370	26	Pulse	5	1463988	10756	1
2370	27	Picture	31	1471365	0	1	4089	2	0	4000	hit	56
2370	27	Response	1	1480147	8782	1
2370	27	Pulse	5	1483987	12622	1
2370	28	Picture	30	1489498	0	1	4088	3	0	4000	other	0
2370	28	Pulse	5	1503985	14487	2
2370	29	Picture	30	1507630	0	2	4089	3	0	4000	other	0
2370	29	Pulse	5	1523975	16345	2
2370	30	Picture	30	1525763	0	1	4089	2	0	4000	other	0
2370	31	Picture	31	1543896	0	1	4088	3	0	4000	hit	65
2370	31	Pulse	5	1543974	78	2
2370	31	Response	1	1548614	4718	2
2370	32	Picture	30	1562028	0	1	4089	2	0	4000	false_alarm	68
2370	32	Pulse	5	1563974	1946	1
2370	32	Response	1	1573573	11545	2
2370	33	Picture	30	1580161	0	1	4089	2	0	4000	other	0
2370	33	Pulse	5	1583963	3802	2
2370	34	Picture	30	1598293	0	2	4089	3	0	4000	other	0
2370	34	Pulse	5	1603963	5670	1
2370	35	Picture	30	1616426	0	1	4089	2	0	4000	false_alarm	74
2370	35	Response	1	1622202	5776	2
2370	35	Pulse	5	1623962	7536	2
2370	36	Pulse	5	1643951	9392	2
2370	37	Picture	10	1659625	0	1	4088	2	0	4000	other	0
2370	37	Pulse	5	1663951	4326	2
2370	38	Picture	10	1677757	0	1	4089	2	0	4000	other	0
2370	38	Pulse	5	1683950	6193	2
2370	39	Picture	11	1695890	0	1	4089	2	0	4000	hit	82
2370	39	Response	1	1702500	6610	2
2370	39	Pulse	5	1703940	8050	2
2370	40	Picture	10	1714022	0	2	4089	3	0	4000	other	0
2370	40	Pulse	5	1723940	9918	1
2370	41	Picture	11	1732155	0	1	4089	2	0	4000	hit	87
2370	41	Response	1	1738179	6024	2
2370	41	Pulse	5	1743939	11784	1
2370	42	Picture	10	1750288	0	1	4088	3	0	4000	other	0
2370	42	Pulse	5	1763928	13640	2
2370	43	Picture	10	1768420	0	2	4089	3	0	4000	other	0
2370	43	Pulse	5	1783927	15507	2
2370	44	Picture	10	1786553	0	1	4089	2	0	4000	other	0
2370	44	Pulse	5	1803927	17374	2
2370	45	Picture	11	1804686	0	1	4088	3	0	4000	hit	96
2370	45	Response	1	1808727	4041	2
2370	46	Picture	10	1822818	0	2	4089	3	0	4000	other	0
2370	46	Pulse	5	1824076	1258	2
2370	47	Picture	10	1840951	0	1	4089	2	0	4000	other	0
2370	47	Pulse	5	1844076	3125	2
2370	48	Picture	11	1859084	0	1	4088	3	0	4000	hit	103
2370	48	Pulse	5	1864075	4991	2
2370	48	Response	1	1864395	5311	2
2370	49	Picture	10	1877216	0	1	4089	2	0	4000	other	0
2370	49	Pulse	5	1884065	6849	1
2370	50	Picture	10	1895349	0	1	4089	2	0	4000	other	0
2370	50	Pulse	5	1904064	8715	2
2370	51	Picture	10	1913482	0	1	4088	2	0	4000	other	0
2370	51	Pulse	5	1924063	10581	2
2370	52	Picture	10	1931614	0	1	4089	2	0	4000	other	0
2370	52	Pulse	5	1944053	12439	2
2370	53	Pulse	5	1964052	14305	2
2370	54	Picture	20	1974813	0	1	4088	3	0	4000	other	0
2370	54	Pulse	5	1984052	9239	2
2370	55	Picture	20	1992945	0	1	4089	2	0	4000	other	0
2370	55	Pulse	5	2004041	11096	2
2370	56	Picture	21	2011078	0	1	4089	2	0	4000	hit	118
2370	56	Response	1	2017161	6083	2
2370	56	Pulse	5	2024041	12963	1
2370	57	Picture	20	2029210	0	2	4089	3	0	4000	other	0
2370	57	Pulse	5	2044040	14830	2
2370	58	Picture	20	2047343	0	1	4089	2	0	4000	other	0
2370	58	Pulse	5	2064030	16687	1
2370	59	Picture	20	2065476	0	1	4088	3	0	4000	other	0
2370	60	Picture	21	2083608	0	2	4089	3	0	4000	hit	127
2370	60	Pulse	5	2084030	422	1
2370	60	Response	1	2088349	4741	2
2370	61	Picture	20	2101741	0	1	4089	2	0	4000	other	0
2370	61	Pulse	5	2104028	2287	2
2370	62	Picture	20	2119874	0	1	4088	3	0	4000	other	0
2370	62	Pulse	5	2124018	4144	2
2370	63	Picture	20	2138006	0	1	4089	2	0	4000	other	0
2370	63	Pulse	5	2144017	6011	2
2370	64	Picture	20	2156139	0	1	4089	2	0	4000	other	0
2370	64	Pulse	5	2164017	7878	2
2370	65	Picture	20	2174272	0	1	4088	3	0	4000	false_alarm	137
2370	65	Response	1	2179846	5574	2
2370	65	Pulse	5	2184006	9734	2
2370	66	Picture	21	2192404	0	2	4089	3	0	4000	hit	140
2370	66	Response	1	2197926	5522	2
2370	66	Pulse	5	2204006	11602	1
2370	67	Picture	20	2210537	0	1	4089	2	0	4000	other	0
2370	67	Pulse	5	2224005	13468	2
2370	68	Picture	20	2228670	0	1	4088	3	0	4000	other	0
2370	68	Pulse	5	2243994	15324	2
2370	69	Picture	21	2246802	0	1	4089	2	0	4000	hit	147
2370	69	Response	1	2251354	4552	2
2370	69	Pulse	5	2263994	17192	2
2370	70	Pulse	5	2283994	19059	1
2370	71	Picture	10	2290001	0	1	4088	3	0	4000	other	0
2370	71	Pulse	5	2303983	13982	2
2370	72	Picture	10	2308133	0	1	4089	2	0	4000	other	0
2370	72	Pulse	5	2323982	15849	2
2370	73	Picture	11	2326266	0	1	4089	2	0	4000	hit	155
2370	73	Response	1	2329902	3636	2
2370	73	Pulse	5	2343982	17716	2
2370	74	Picture	10	2344399	0	1	4088	3	0	4000	other	0
2370	75	Picture	11	2362531	0	2	4089	3	0	4000	hit	160
2370	75	Pulse	5	2363971	1440	2
2370	75	Response	1	2366851	4320	2
2370	76	Picture	10	2380664	0	1	4089	2	0	4000	other	0
2370	76	Pulse	5	2383970	3306	2
2370	77	Picture	10	2398796	0	2	4089	3	0	4000	other	0
2370	77	Pulse	5	2403970	5174	2
2370	78	Picture	11	2416929	0	1	4089	2	0	4000	hit	166
2370	78	Response	1	2420760	3831	1
2370	78	Pulse	5	2423959	7030	2
2370	79	Picture	10	2435062	0	1	4088	3	0	4000	other	0
2370	79	Pulse	5	2443959	8897	2
2370	80	Picture	10	2453194	0	2	4089	3	0	4000	other	0
2370	80	Pulse	5	2463960	10766	1
2370	81	Picture	10	2471327	0	1	4089	2	0	4000	other	0
2370	81	Pulse	5	2483949	12622	1
2370	82	Picture	10	2489460	0	1	4088	3	0	4000	other	0
2370	82	Pulse	5	2503948	14488	2
2370	83	Picture	10	2507592	0	2	4089	3	0	4000	other	0
2370	83	Pulse	5	2523947	16355	2
2370	84	Picture	11	2525725	0	1	4089	2	0	4000	hit	179
2370	84	Response	1	2529386	3661	2
2370	85	Picture	10	2543858	0	1	4088	3	0	4000	other	0
2370	85	Pulse	5	2543936	78	2
2370	86	Picture	10	2561990	0	1	4089	2	0	4000	other	0
2370	86	Pulse	5	2563935	1945	2
2370	87	Pulse	5	2583935	3812	2
2370	87	Pulse	5	2603926	23803	1
2370	88	Picture	30	2605189	0	1	4088	2	0	4000	other	0
2370	89	Picture	30	2623321	0	1	4089	2	0	4000	other	0
2370	89	Pulse	5	2623924	603	2
2370	90	Picture	30	2641454	0	1	4089	2	0	4000	other	0
2370	90	Pulse	5	2643923	2469	2
2370	91	Picture	31	2659587	0	1	4088	2	0	4000	miss	0
2370	91	Pulse	5	2663913	4326	1
2370	92	Picture	31	2677719	0	1	4089	2	0	4000	hit	194
2370	92	Response	1	2682952	5233	2
2370	92	Pulse	5	2683912	6193	2
2370	93	Picture	30	2695852	0	1	4089	2	0	4000	other	0
2370	93	Pulse	5	2703911	8059	2
2370	94	Picture	30	2713984	0	2	4089	3	0	4000	other	0
2370	94	Pulse	5	2723901	9917	2
2370	95	Picture	30	2732117	0	1	4089	2	0	4000	other	0
2370	95	Pulse	5	2743900	11783	2
2370	96	Picture	31	2750250	0	1	4088	3	0	4000	hit	203
2370	96	Response	1	2754300	4050	2
2370	96	Pulse	5	2763900	13650	2
2370	97	Picture	30	2768382	0	2	4089	3	0	4000	other	0
2370	97	Pulse	5	2783889	15507	2
2370	98	Picture	30	2786515	0	1	4089	2	0	4000	other	0
2370	98	Pulse	5	2803889	17374	2
2370	99	Picture	30	2804648	0	1	4088	3	0	4000	other	0
2370	100	Picture	30	2822780	0	2	4089	3	0	4000	other	0
2370	100	Pulse	5	2823888	1108	2
2370	101	Picture	31	2840913	0	1	4089	2	0	4000	hit	214
2370	101	Pulse	5	2843878	2965	1
2370	101	Response	1	2846437	5524	2
2370	102	Picture	30	2859046	0	1	4088	3	0	4000	other	0
2370	102	Pulse	5	2863877	4831	2
2370	103	Picture	30	2877178	0	1	4089	2	0	4000	false_alarm	218
2370	103	Response	1	2880838	3660	1
2370	103	Pulse	5	2884036	6858	2
2370	104	Pulse	5	2904026	8715	2
2370	105	Picture	10	2920377	0	1	4088	3	0	4000	other	0
2370	105	Pulse	5	2924025	3648	2
2370	106	Picture	10	2938509	0	1	4089	2	0	4000	other	0
2370	106	Pulse	5	2944025	5516	2
2370	107	Picture	11	2956642	0	1	4089	2	0	4000	hit	226
2370	107	Response	1	2960334	3692	3
2370	107	Pulse	5	2964014	7372	2
2370	108	Picture	10	2974775	0	1	4088	3	0	4000	other	0
2370	108	Pulse	5	2984014	9239	1
2370	109	Picture	11	2992907	0	2	4089	3	0	4000	hit	231
2370	109	Response	1	2997133	4226	2
2370	109	Pulse	5	3004013	11106	2
2370	110	Picture	10	3011040	0	1	4089	2	0	4000	other	0
2370	110	Pulse	5	3024002	12962	2
2370	111	Picture	10	3029173	0	1	4088	3	0	4000	other	0
2370	111	Pulse	5	3044002	14829	2
2370	112	Picture	11	3047305	0	1	4089	2	0	4000	hit	238
2370	112	Response	1	3052162	4857	2
2370	112	Pulse	5	3064001	16696	2
2370	113	Picture	10	3065438	0	1	4088	3	0	4000	other	0
2370	114	Picture	10	3083570	0	2	4089	3	0	4000	other	0
2370	114	Pulse	5	3083991	421	2
2370	115	Picture	10	3101703	0	1	4089	2	0	4000	other	0
2370	115	Pulse	5	3103990	2287	2
2370	116	Picture	10	3119836	0	1	4088	3	0	4000	other	0
2370	116	Pulse	5	3123990	4154	1
2370	117	Picture	10	3137968	0	2	4089	3	0	4000	other	0
2370	117	Pulse	5	3143979	6011	2
2370	118	Picture	11	3156101	0	1	4089	2	0	4000	hit	250
2370	118	Response	1	3160139	4038	2
2370	118	Pulse	5	3163979	7878	1
2370	119	Picture	10	3174234	0	1	4088	3	0	4000	other	0
2370	119	Pulse	5	3183978	9744	2
2370	120	Picture	10	3192366	0	2	4089	3	0	4000	other	0
2370	120	Pulse	5	3203967	11601	2
2370	121	Pulse	5	3223967	13468	2
2370	122	Picture	20	3235565	0	1	4088	3	0	4000	other	0
2370	122	Pulse	5	3243966	8401	2
2370	123	Picture	20	3253697	0	2	4089	3	0	4000	other	0
2370	123	Pulse	5	3263956	10259	2
2370	124	Picture	20	3271830	0	1	4089	2	0	4000	other	0
2370	124	Pulse	5	3283955	12125	2
2370	125	Picture	21	3289963	0	1	4088	3	0	4000	hit	264
2370	125	Response	1	3294195	4232	2
2370	125	Pulse	5	3303955	13992	1
2370	126	Picture	20	3308095	0	1	4089	2	0	4000	other	0
2370	126	Pulse	5	3323944	15849	2
2370	127	Picture	20	3326228	0	1	4089	2	0	4000	other	0
2370	127	Pulse	5	3343943	17715	2
2370	128	Picture	21	3344361	0	1	4088	3	0	4000	hit	271
2370	128	Response	1	3349383	5022	2
2370	129	Picture	20	3362493	0	1	4089	2	0	4000	other	0
2370	129	Pulse	5	3363943	1450	2
2370	130	Picture	20	3380626	0	1	4089	2	0	4000	other	0
2370	130	Pulse	5	3383932	3306	2
2370	131	Picture	20	3398759	0	1	4088	2	0	4000	other	0
2370	131	Pulse	5	3403932	5173	2
2370	132	Picture	21	3416891	0	1	4089	2	0	4000	hit	279
2370	132	Response	1	3420251	3360	2
2370	132	Pulse	5	3423931	7040	2
2370	133	Picture	20	3435024	0	1	4089	2	0	4000	other	0
2370	133	Pulse	5	3443921	8897	1
2370	134	Picture	20	3453157	0	1	4088	2	0	4000	other	0
2370	134	Pulse	5	3463920	10763	2
2370	135	Picture	21	3471289	0	1	4089	2	0	4000	hit	286
2370	135	Response	1	3475760	4471	2
2370	135	Pulse	5	3483920	12631	1
2370	136	Picture	20	3489422	0	1	4088	3	0	4000	other	0
2370	136	Pulse	5	3503909	14487	2
2370	137	Picture	20	3507554	0	2	4089	3	0	4000	other	0
