Scenario - 1-back
Logfile written - 04/17/2015 13:13:39

Subject	Trial	Event Type	Code	Time	TTime	Uncertainty	Duration	Uncertainty	ReqTime	ReqDur	Stim Type	Pair Index

2370	1	Pulse	5	191581	201403	2
2370	2	Pulse	5	211581	19812	1
2370	3	Picture	10	216835	0	1	4089	2	0	4000	other	0
2370	3	Pulse	5	231580	14745	2
2370	4	Picture	10	234968	0	1	4088	3	0	4000	other	0
2370	4	Pulse	5	251569	16601	2
2370	5	Picture	11	253100	0	1	4088	3	0	4000	hit	8
2370	5	Response	1	257969	4869	2
2370	6	Picture	10	271233	0	1	4089	2	0	4000	other	0
2370	6	Pulse	5	271569	336	2
2370	7	Picture	11	289365	0	2	4089	3	0	4000	hit	13
2370	7	Pulse	5	291728	2363	2
2370	7	Response	1	293648	4283	2
2370	8	Picture	10	307498	0	1	4089	3	0	4000	other	0
2370	8	Pulse	5	311718	4220	2
2370	9	Picture	10	325631	0	1	4089	2	0	4000	other	0
2370	9	Pulse	5	331717	6086	2
2370	10	Picture	10	343763	0	2	4089	3	0	4000	other	0
2370	10	Pulse	5	351717	7954	1
2370	11	Picture	11	361896	0	1	4089	2	0	4000	hit	21
2370	11	Response	1	365636	3740	2
2370	11	Pulse	5	371706	9810	2
2370	12	Picture	10	380029	0	1	4088	3	0	4000	other	0
2370	12	Pulse	5	391705	11676	2
2370	13	Picture	10	398161	0	2	4089	3	0	4000	other	0
2370	13	Pulse	5	411705	13544	2
2370	14	Picture	11	416294	0	1	4089	2	0	4000	hit	28
2370	14	Response	1	421785	5491	1
2370	14	Pulse	5	431694	15400	2
2370	15	Picture	10	434427	0	1	4089	2	0	4000	other	0
2370	15	Pulse	5	451694	17267	2
2370	16	Picture	10	452559	0	2	4089	3	0	4000	other	0
2370	17	Picture	10	470692	0	1	4089	2	0	4000	other	0
2370	17	Pulse	5	471693	1001	2
2370	18	Picture	10	488825	0	1	4088	3	0	4000	other	0
2370	18	Pulse	5	491683	2858	1
2370	19	Pulse	5	511682	4725	2
2370	19	Pulse	5	531682	24725	1
2370	20	Picture	30	532023	0	1	4089	2	0	4000	other	0
2370	21	Picture	30	550156	0	1	4088	3	0	4000	other	0
2370	21	Pulse	5	551671	1515	2
2370	22	Picture	31	568288	0	1	4089	2	0	4000	hit	44
2370	22	Pulse	5	571670	3382	2
2370	22	Response	1	573590	5302	2
2370	23	Picture	30	586421	0	1	4089	2	0	4000	other	0
2370	23	Pulse	5	591670	5249	2
2370	24	Picture	30	604554	0	1	4088	3	0	4000	other	0
2370	24	Pulse	5	611659	7105	2
2370	25	Picture	30	622686	0	2	4089	3	0	4000	other	0
2370	25	Pulse	5	631659	8973	2
2370	26	Picture	31	640819	0	1	4089	2	0	4000	hit	52
2370	26	Response	1	647498	6679	2
2370	26	Pulse	5	651658	10839	2
2370	27	Picture	31	658952	0	1	4088	3	0	4000	hit	55
2370	27	Response	1	668288	9336	1
2370	27	Pulse	5	671648	12696	1
2370	28	Picture	30	677084	0	1	4089	2	0	4000	other	0
2370	28	Pulse	5	691647	14563	2
2370	29	Picture	30	695217	0	1	4089	2	0	4000	other	0
2370	29	Pulse	5	711646	16429	2
2370	30	Picture	30	713349	0	2	4089	4	0	4000	other	0
2370	31	Picture	31	731482	0	1	4089	2	0	4000	hit	64
2370	31	Pulse	5	731636	154	2
2370	31	Response	1	736436	4954	2
2370	32	Picture	30	749615	0	1	4089	2	0	4000	other	0
2370	32	Pulse	5	751635	2020	2
2370	33	Picture	30	767747	0	2	4089	3	0	4000	other	0
2370	33	Pulse	5	771635	3888	2
2370	34	Picture	30	785880	0	1	4089	2	0	4000	other	0
2370	34	Pulse	5	791624	5744	2
2370	35	Picture	30	804013	0	1	4088	3	0	4000	false_alarm	72
2370	35	Response	1	808584	4571	2
2370	35	Pulse	5	811624	7611	2
2370	36	Pulse	5	831623	9478	2
2370	37	Picture	10	847211	0	1	4089	2	0	4000	other	0
2370	37	Pulse	5	851613	4402	1
2370	38	Picture	10	865344	0	1	4089	2	0	4000	other	0
2370	38	Pulse	5	871612	6268	2
2370	39	Picture	11	883476	0	2	4089	3	0	4000	hit	80
2370	39	Response	1	886812	3336	1
2370	39	Pulse	5	891611	8135	2
2370	40	Picture	10	901609	0	1	4089	2	0	4000	other	0
2370	40	Pulse	5	911602	9993	1
2370	41	Picture	11	919742	0	1	4088	3	0	4000	hit	85
2370	41	Response	1	923282	3540	1
2370	41	Pulse	5	931602	11860	1
2370	42	Picture	10	937874	0	2	4089	3	0	4000	other	0
2370	42	Pulse	5	951601	13727	1
2370	43	Picture	10	956007	0	1	4089	2	0	4000	other	0
2370	43	Pulse	5	971589	15582	2
2370	44	Picture	10	974140	0	1	4088	3	0	4000	other	0
2370	44	Pulse	5	991589	17449	1
2370	45	Picture	11	992272	0	2	4089	3	0	4000	hit	94
2370	45	Response	1	996548	4276	2
2370	46	Picture	10	1010405	0	1	4089	2	0	4000	other	0
2370	46	Pulse	5	1011588	1183	2
2370	47	Picture	10	1028537	0	2	4089	4	0	4000	other	0
2370	47	Pulse	5	1031578	3041	1
2370	48	Picture	11	1046670	0	1	4089	2	0	4000	hit	100
2370	48	Response	1	1050777	4107	2
2370	48	Pulse	5	1051577	4907	2
2370	49	Picture	10	1064803	0	1	4089	2	0	4000	other	0
2370	49	Pulse	5	1071576	6773	2
2370	50	Picture	10	1082936	0	1	4088	3	0	4000	other	0
2370	50	Pulse	5	1091566	8630	2
2370	51	Picture	10	1101068	0	1	4089	2	0	4000	other	0
2370	51	Pulse	5	1111565	10497	2
2370	52	Picture	10	1119201	0	1	4089	2	0	4000	other	0
2370	52	Pulse	5	1131565	12364	1
2370	53	Pulse	5	1151554	14221	2
2370	54	Picture	20	1162399	0	1	4089	2	0	4000	other	0
2370	54	Pulse	5	1171553	9154	2
2370	55	Picture	20	1180532	0	1	4089	2	0	4000	other	0
2370	55	Pulse	5	1191553	11021	2
2370	56	Picture	21	1198665	0	1	4088	2	0	4000	hit	116
2370	56	Response	1	1203233	4568	2
2370	56	Pulse	5	1211542	12877	2
2370	57	Picture	20	1216797	0	1	4089	2	0	4000	other	0
2370	57	Pulse	5	1231542	14745	2
2370	58	Picture	20	1234930	0	1	4089	2	0	4000	other	0
2370	58	Pulse	5	1251541	16611	2
2370	59	Picture	20	1253062	0	2	4089	3	0	4000	other	0
2370	60	Picture	21	1271195	0	1	4089	2	0	4000	hit	125
2370	60	Pulse	5	1271531	336	2
2370	60	Response	1	1274411	3216	1
2370	61	Picture	20	1289328	0	1	4088	3	0	4000	other	0
2370	61	Pulse	5	1291530	2202	2
2370	62	Picture	20	1307460	0	2	4089	3	0	4000	other	0
2370	62	Pulse	5	1311530	4070	1
2370	63	Picture	20	1325593	0	1	4089	2	0	4000	other	0
2370	63	Pulse	5	1331679	6086	2
2370	64	Picture	20	1343726	0	1	4088	3	0	4000	other	0
2370	64	Pulse	5	1351678	7952	2
2370	65	Picture	20	1361858	0	2	4089	3	0	4000	false_alarm	135
2370	65	Response	1	1366878	5020	2
2370	65	Pulse	5	1371678	9820	2
2370	66	Picture	21	1379991	0	1	4089	2	0	4000	hit	138
2370	66	Response	1	1385587	5596	2
2370	66	Pulse	5	1391667	11676	2
2370	67	Picture	20	1398124	0	1	4088	3	0	4000	other	0
2370	67	Pulse	5	1411667	13543	2
2370	68	Picture	20	1416256	0	1	4089	2	0	4000	other	0
2370	68	Pulse	5	1431666	15410	2
2370	69	Picture	21	1434389	0	1	4089	2	0	4000	hit	145
2370	69	Response	1	1438706	4317	2
2370	69	Pulse	5	1451656	17267	1
2370	70	Pulse	5	1471655	19133	2
2370	71	Picture	10	1477587	0	2	4089	3	0	4000	other	0
2370	71	Pulse	5	1491654	14067	2
2370	72	Picture	10	1495720	0	1	4089	2	0	4000	other	0
2370	72	Pulse	5	1511644	15924	2
2370	73	Picture	11	1513853	0	1	4088	3	0	4000	hit	153
2370	73	Response	1	1519965	6112	1
2370	73	Pulse	5	1531643	17790	2
2370	74	Picture	10	1531985	0	1	4089	2	0	4000	other	0
2370	75	Picture	11	1550118	0	1	4089	2	0	4000	hit	158
2370	75	Pulse	5	1551643	1525	2
2370	75	Response	1	1554203	4085	2
2370	76	Picture	10	1568250	0	2	4089	3	0	4000	other	0
2370	76	Pulse	5	1571633	3383	1
2370	77	Picture	10	1586383	0	1	4089	2	0	4000	other	0
2370	77	Pulse	5	1591632	5249	1
2370	78	Picture	11	1604516	0	1	4089	2	0	4000	hit	164
2370	78	Response	1	1609231	4715	2
2370	78	Pulse	5	1611631	7115	2
2370	79	Picture	10	1622648	0	2	4089	3	0	4000	other	0
2370	79	Pulse	5	1631620	8972	2
2370	80	Picture	10	1640781	0	1	4089	2	0	4000	other	0
2370	80	Pulse	5	1651620	10839	2
2370	81	Picture	10	1658914	0	1	4088	3	0	4000	other	0
2370	81	Pulse	5	1671619	12705	2
2370	82	Picture	10	1677046	0	2	4089	3	0	4000	other	0
2370	82	Pulse	5	1691609	14563	2
2370	83	Picture	10	1695179	0	1	4089	2	0	4000	other	0
2370	83	Pulse	5	1711608	16429	2
2370	84	Picture	11	1713312	0	1	4088	3	0	4000	hit	177
2370	84	Response	1	1717048	3736	2
2370	85	Picture	10	1731444	0	2	4089	3	0	4000	other	0
2370	85	Pulse	5	1731608	164	2
2370	86	Picture	10	1749577	0	1	4089	2	0	4000	other	0
2370	86	Pulse	5	1751597	2020	2
2370	87	Pulse	5	1771597	3887	1
2370	87	Pulse	5	1791596	23886	2
2370	88	Picture	30	1792775	0	2	4089	3	0	4000	other	0
2370	89	Picture	30	1810908	0	1	4089	2	0	4000	other	0
2370	89	Pulse	5	1811585	677	2
2370	90	Picture	30	1829041	0	1	4088	3	0	4000	other	0
2370	90	Pulse	5	1831585	2544	2
2370	91	Picture	31	1847173	0	1	4089	2	0	4000	hit	191
2370	91	Pulse	5	1851584	4411	2
2370	91	Response	1	1857664	10491	2
2370	92	Picture	31	1865306	0	1	4089	2	0	4000	hit	193
2370	92	Response	1	1871094	5788	2
2370	92	Pulse	5	1871574	6268	2
2370	93	Picture	30	1883439	0	1	4088	3	0	4000	other	0
2370	93	Pulse	5	1891573	8134	2
2370	94	Picture	30	1901571	0	1	4089	2	0	4000	other	0
2370	94	Pulse	5	1911573	10002	1
2370	95	Picture	30	1919704	0	1	4089	2	0	4000	other	0
2370	95	Pulse	5	1931562	11858	2
2370	96	Picture	31	1937836	0	2	4089	3	0	4000	hit	202
2370	96	Response	1	1942762	4926	2
2370	96	Pulse	5	1951561	13725	2
2370	97	Picture	30	1955969	0	1	4089	2	0	4000	other	0
2370	97	Pulse	5	1971561	15592	2
2370	98	Picture	30	1974102	0	1	4089	2	0	4000	other	0
2370	98	Pulse	5	1991552	17450	1
2370	99	Picture	30	1992235	0	1	4088	2	0	4000	other	0
2370	100	Picture	30	2010367	0	1	4089	2	0	4000	other	0
2370	100	Pulse	5	2011551	1184	1
2370	101	Picture	31	2028500	0	1	4088	3	0	4000	hit	213
2370	101	Pulse	5	2031551	3051	1
2370	101	Response	1	2034269	5769	2
2370	102	Picture	30	2046632	0	2	4089	3	0	4000	false_alarm	216
2370	102	Pulse	5	2051539	4907	2
2370	102	Response	1	2053139	6507	1
2370	103	Picture	30	2064765	0	1	4089	2	0	4000	false_alarm	218
2370	103	Response	1	2068338	3573	2
2370	103	Pulse	5	2071538	6773	2
2370	104	Pulse	5	2091538	8640	1
2370	105	Picture	10	2107963	0	2	4089	3	0	4000	other	0
2370	105	Pulse	5	2111527	3564	2
2370	106	Picture	10	2126096	0	2	4089	3	0	4000	other	0
2370	106	Pulse	5	2131527	5431	1
2370	107	Picture	11	2144229	0	1	4088	3	0	4000	hit	226
2370	107	Response	1	2147366	3137	2
2370	107	Pulse	5	2151526	7297	2
2370	108	Picture	10	2162361	0	2	4089	3	0	4000	other	0
2370	108	Pulse	5	2171515	9154	2
2370	109	Picture	11	2180494	0	2	4089	3	0	4000	hit	231
2370	109	Response	1	2185915	5421	2
2370	109	Pulse	5	2191515	11021	2
2370	110	Picture	10	2198627	0	1	4088	3	0	4000	other	0
2370	110	Pulse	5	2211514	12887	2
2370	111	Picture	10	2216759	0	2	4089	3	0	4000	other	0
2370	111	Pulse	5	2231504	14745	1
2370	112	Picture	11	2234892	0	1	4089	2	0	4000	hit	238
2370	112	Response	1	2238703	3811	2
2370	112	Pulse	5	2251504	16612	1
2370	113	Picture	10	2253025	0	1	4088	3	0	4000	other	0
2370	114	Picture	10	2271157	0	1	4089	2	0	4000	other	0
2370	114	Pulse	5	2271502	345	2
2370	115	Picture	10	2289290	0	1	4089	2	0	4000	other	0
2370	115	Pulse	5	2291492	2202	2
2370	116	Picture	10	2307422	0	2	4089	3	0	4000	other	0
2370	116	Pulse	5	2311491	4069	2
2370	117	Picture	10	2325555	0	1	4089	2	0	4000	other	0
2370	117	Pulse	5	2331491	5936	2
2370	118	Picture	11	2343688	0	1	4089	2	0	4000	hit	250
2370	118	Response	1	2347801	4113	1
2370	118	Pulse	5	2351480	7792	2
2370	119	Picture	10	2361820	0	2	4089	3	0	4000	other	0
2370	119	Pulse	5	2371640	9820	1
2370	120	Picture	10	2379953	0	1	4089	2	0	4000	other	0
2370	120	Pulse	5	2391639	11686	2
2370	121	Pulse	5	2411629	13543	1
2370	122	Picture	20	2423151	0	2	4089	3	0	4000	other	0
2370	122	Pulse	5	2431628	8477	2
2370	123	Picture	20	2441284	0	1	4089	2	0	4000	other	0
2370	123	Pulse	5	2451627	10343	2
2370	124	Picture	20	2459417	0	1	4088	3	0	4000	other	0
2370	124	Pulse	5	2471617	12200	2
2370	125	Picture	21	2477549	0	2	4089	3	0	4000	hit	264
2370	125	Response	1	2481697	4148	1
2370	125	Pulse	5	2491616	14067	2
2370	126	Picture	20	2495682	0	1	4089	2	0	4000	other	0
2370	126	Pulse	5	2511616	15934	2
2370	127	Picture	20	2513815	0	1	4089	2	0	4000	other	0
2370	127	Pulse	5	2531605	17790	2
2370	128	Picture	21	2531947	0	2	4089	3	0	4000	hit	271
2370	128	Response	1	2536245	4298	2
2370	129	Picture	20	2550080	0	1	4089	2	0	4000	other	0
2370	129	Pulse	5	2551605	1525	1
2370	130	Picture	20	2568213	0	1	4088	3	0	4000	other	0
2370	130	Pulse	5	2571604	3391	2
2370	131	Picture	20	2586345	0	2	4089	3	0	4000	other	0
2370	131	Pulse	5	2591593	5248	2
2370	132	Picture	21	2604478	0	1	4089	2	0	4000	hit	279
2370	132	Response	1	2608873	4395	2
2370	132	Pulse	5	2611593	7115	2
2370	133	Picture	20	2622611	0	1	4088	3	0	4000	other	0
2370	133	Pulse	5	2631592	8981	2
2370	134	Picture	20	2640743	0	1	4089	2	0	4000	other	0
2370	134	Pulse	5	2651582	10839	2
2370	135	Picture	21	2658876	0	1	4089	2	0	4000	hit	286
2370	135	Response	1	2668221	9345	2
2370	135	Pulse	5	2671581	12705	2
2370	136	Picture	20	2677009	0	1	4088	3	0	4000	other	0
2370	136	Pulse	5	2691581	14572	1
2370	137	Picture	20	2695141	0	1	4089	2	0	4000	other	0
