Scenario - 1-back
Logfile written - 03/26/2015 14:01:23

Subject	Trial	Event Type	Code	Time	TTime	Uncertainty	Duration	Uncertainty	ReqTime	ReqDur	Stim Type	Pair Index

2390	1	Pulse	5	829684	839518	2
2390	2	Pulse	5	849674	19962	2
2390	3	Picture	10	854746	0	1	4145	2	0	4000	other	0
2390	3	Pulse	5	869674	14928	1
2390	4	Picture	10	872817	0	1	4145	2	0	4000	other	0
2390	4	Pulse	5	889673	16856	2
2390	5	Picture	11	890888	0	1	4145	2	0	4000	hit	8
2390	5	Response	1	895273	4385	2
2390	6	Picture	10	908959	0	1	4144	3	0	4000	other	0
2390	6	Pulse	5	909663	704	2
2390	7	Picture	11	927029	0	2	4145	3	0	4000	hit	13
2390	7	Pulse	5	929662	2633	2
2390	7	Response	1	931102	4073	3
2390	8	Picture	10	945100	0	2	4145	3	0	4000	other	0
2390	8	Pulse	5	949663	4563	1
2390	9	Picture	10	963171	0	1	4145	2	0	4000	other	0
2390	9	Pulse	5	969652	6481	2
2390	10	Picture	10	981242	0	1	4145	2	0	4000	other	0
2390	10	Pulse	5	989651	8409	2
2390	11	Picture	11	999313	0	1	4144	3	0	4000	hit	21
2390	11	Response	1	1003411	4098	2
2390	11	Pulse	5	1009651	10338	2
2390	12	Picture	10	1017384	0	1	4144	2	0	4000	other	0
2390	12	Pulse	5	1029641	12257	2
2390	13	Picture	10	1035454	0	2	4145	3	0	4000	other	0
2390	13	Pulse	5	1049640	14186	3
2390	14	Picture	11	1053525	0	1	4145	2	0	4000	hit	28
2390	14	Response	1	1057160	3635	2
2390	14	Pulse	5	1069640	16115	2
2390	15	Picture	10	1071596	0	1	4145	2	0	4000	other	0
2390	15	Pulse	5	1089629	18033	2
2390	16	Picture	10	1089667	0	1	4145	2	0	4000	other	0
2390	17	Picture	10	1107738	0	1	4144	3	0	4000	other	0
2390	17	Pulse	5	1109629	1891	2
2390	18	Picture	10	1125809	0	1	4144	2	0	4000	other	0
2390	18	Pulse	5	1129629	3820	2
2390	19	Pulse	5	1149618	5739	2
2390	20	Picture	30	1168913	0	2	4145	3	0	4000	other	0
2390	20	Pulse	5	1169618	705	2
2390	21	Picture	30	1186984	0	1	4145	2	0	4000	other	0
2390	21	Pulse	5	1189618	2634	1
2390	22	Picture	31	1205055	0	1	4145	2	0	4000	miss	0
2390	22	Pulse	5	1209607	4552	2
2390	23	Picture	30	1223126	0	1	4144	3	0	4000	other	0
2390	23	Pulse	5	1229607	6481	2
2390	24	Picture	30	1241197	0	1	4144	3	0	4000	other	0
2390	24	Pulse	5	1249766	8569	2
2390	25	Picture	30	1259267	0	2	4145	3	0	4000	other	0
2390	25	Pulse	5	1269756	10489	2
2390	26	Picture	31	1277338	0	2	4145	3	0	4000	miss	0
2390	26	Pulse	5	1289756	12418	2
2390	27	Picture	31	1295409	0	1	4145	2	0	4000	miss	0
2390	27	Pulse	5	1309755	14346	2
2390	28	Picture	30	1313480	0	1	4145	2	0	4000	other	0
2390	28	Pulse	5	1329745	16265	2
2390	29	Picture	30	1331551	0	1	4144	3	0	4000	other	0
2390	30	Picture	30	1349622	0	1	4144	3	0	4000	other	0
2390	30	Pulse	5	1349745	123	1
2390	31	Picture	31	1367692	0	2	4145	3	0	4000	miss	0
2390	31	Pulse	5	1369745	2053	1
2390	32	Picture	30	1385763	0	1	4145	2	0	4000	other	0
2390	32	Pulse	5	1389734	3971	2
2390	33	Picture	30	1403834	0	1	4145	2	0	4000	other	0
2390	33	Pulse	5	1409734	5900	1
2390	34	Picture	30	1421905	0	1	4145	2	0	4000	other	0
2390	34	Pulse	5	1429733	7828	2
2390	35	Picture	30	1439976	0	1	4144	3	0	4000	other	0
2390	35	Pulse	5	1449723	9747	2
2390	36	Pulse	5	1469722	11675	2
2390	37	Picture	10	1483080	0	2	4145	3	0	4000	other	0
2390	37	Pulse	5	1489722	6642	2
2390	38	Picture	10	1501151	0	2	4145	3	0	4000	other	0
2390	38	Pulse	5	1509712	8561	2
2390	39	Picture	11	1519222	0	1	4145	2	0	4000	hit	75
2390	39	Response	1	1522671	3449	3
2390	39	Pulse	5	1529711	10489	3
2390	40	Picture	10	1537293	0	1	4145	2	0	4000	other	0
2390	40	Pulse	5	1549711	12418	2
2390	41	Picture	11	1555364	0	1	4144	3	0	4000	hit	80
2390	41	Response	1	1558991	3627	2
2390	41	Pulse	5	1569700	14336	2
2390	42	Picture	10	1573435	0	1	4144	2	0	4000	other	0
2390	42	Pulse	5	1589700	16265	2
2390	43	Picture	10	1591505	0	2	4145	3	0	4000	other	0
2390	44	Picture	10	1609576	0	1	4145	2	0	4000	other	0
2390	44	Pulse	5	1609700	124	2
2390	45	Picture	11	1627647	0	1	4145	2	0	4000	hit	89
2390	45	Pulse	5	1629689	2042	2
2390	45	Response	1	1631289	3642	2
2390	46	Picture	10	1645718	0	1	4145	2	0	4000	other	0
2390	46	Pulse	5	1649689	3971	2
2390	47	Picture	10	1663789	0	2	4144	4	0	4000	other	0
2390	47	Pulse	5	1669689	5900	1
2390	48	Picture	11	1681860	0	1	4144	2	0	4000	hit	95
2390	48	Response	1	1686318	4458	2
2390	48	Pulse	5	1689678	7818	2
2390	49	Picture	10	1699930	0	2	4145	3	0	4000	other	0
2390	49	Pulse	5	1709678	9748	2
2390	50	Picture	10	1718001	0	1	4145	2	0	4000	other	0
2390	50	Pulse	5	1729677	11676	2
2390	51	Picture	10	1736072	0	1	4145	2	0	4000	other	0
2390	51	Pulse	5	1749667	13595	2
2390	52	Picture	10	1754143	0	1	4145	2	0	4000	other	0
2390	52	Pulse	5	1769667	15524	2
2390	53	Pulse	5	1789666	17452	2
2390	54	Picture	20	1797248	0	1	4144	3	0	4000	other	0
2390	54	Pulse	5	1809656	12408	2
2390	55	Picture	20	1815318	0	2	4145	3	0	4000	other	0
2390	55	Pulse	5	1829656	14338	1
2390	56	Picture	21	1833389	0	1	4145	2	0	4000	miss	0
2390	56	Pulse	5	1849655	16266	2
2390	57	Picture	20	1851460	0	1	4145	2	0	4000	other	0
2390	58	Picture	20	1869531	0	1	4145	2	0	4000	other	0
2390	58	Pulse	5	1869645	114	2
2390	59	Picture	20	1887602	0	1	4144	3	0	4000	other	0
2390	59	Pulse	5	1889644	2042	2
2390	60	Picture	21	1905673	0	1	4144	2	0	4000	miss	0
2390	60	Pulse	5	1909644	3971	2
2390	61	Picture	20	1923743	0	2	4145	3	0	4000	other	0
2390	61	Pulse	5	1929634	5891	2
2390	62	Picture	20	1941814	0	1	4145	2	0	4000	other	0
2390	62	Pulse	5	1949633	7819	2
2390	63	Picture	20	1959885	0	1	4145	2	0	4000	other	0
2390	63	Pulse	5	1969633	9748	2
2390	64	Picture	20	1977956	0	1	4145	2	0	4000	other	0
2390	64	Pulse	5	1989623	11667	3
2390	65	Picture	20	1996027	0	1	4144	3	0	4000	other	0
2390	65	Pulse	5	2009622	13595	3
2390	66	Picture	21	2014098	0	1	4144	2	0	4000	miss	0
2390	66	Pulse	5	2029622	15524	3
2390	67	Picture	20	2032168	0	2	4145	3	0	4000	other	0
2390	67	Pulse	5	2049611	17443	2
2390	68	Picture	20	2050239	0	1	4145	2	0	4000	other	0
2390	69	Picture	21	2068310	0	1	4145	2	0	4000	miss	0
2390	69	Pulse	5	2069611	1301	2
2390	70	Pulse	5	2089611	3230	2
2390	70	Pulse	5	2109600	23219	2
2390	71	Picture	10	2111415	0	1	4144	3	0	4000	other	0
2390	72	Picture	10	2129486	0	1	4144	2	0	4000	other	0
2390	72	Pulse	5	2129600	114	2
2390	73	Picture	11	2147556	0	2	4145	3	0	4000	hit	143
2390	73	Pulse	5	2149600	2044	1
2390	73	Response	1	2151040	3484	1
2390	74	Picture	10	2165627	0	1	4145	2	0	4000	other	0
2390	74	Pulse	5	2169589	3962	2
2390	75	Picture	11	2183698	0	1	4145	2	0	4000	hit	147
2390	75	Response	1	2187669	3971	2
2390	75	Pulse	5	2189589	5891	2
2390	76	Picture	10	2201769	0	1	4145	2	0	4000	other	0
2390	76	Pulse	5	2209588	7819	2
2390	77	Picture	10	2219840	0	1	4144	3	0	4000	other	0
2390	77	Pulse	5	2229579	9739	1
2390	78	Picture	11	2237911	0	1	4144	2	0	4000	hit	154
2390	78	Response	1	2241738	3827	2
2390	78	Pulse	5	2249578	11667	2
2390	79	Picture	10	2255981	0	2	4145	3	0	4000	other	0
2390	79	Pulse	5	2269577	13596	2
2390	80	Picture	10	2274052	0	1	4145	2	0	4000	other	0
2390	80	Pulse	5	2289727	15675	2
2390	81	Picture	10	2292123	0	1	4145	2	0	4000	other	0
2390	81	Pulse	5	2309727	17604	1
2390	82	Picture	10	2310194	0	1	4145	2	0	4000	other	0
2390	83	Picture	10	2328265	0	1	4144	3	0	4000	other	0
2390	83	Pulse	5	2329726	1461	2
2390	84	Picture	11	2346335	0	2	4145	3	0	4000	hit	167
2390	84	Pulse	5	2349717	3382	1
2390	84	Response	1	2350356	4021	2
2390	85	Picture	10	2364406	0	2	4145	3	0	4000	other	0
2390	85	Pulse	5	2369715	5309	2
2390	86	Picture	10	2382477	0	1	4145	2	0	4000	other	0
2390	86	Pulse	5	2389715	7238	2
2390	87	Pulse	5	2409705	9157	2
2390	88	Picture	30	2425582	0	1	4145	2	0	4000	other	0
2390	88	Pulse	5	2429704	4122	2
2390	89	Picture	30	2443653	0	1	4144	3	0	4000	other	0
2390	89	Pulse	5	2449705	6052	1
2390	90	Picture	30	2461724	0	1	4144	2	0	4000	other	0
2390	90	Pulse	5	2469694	7970	2
2390	91	Picture	31	2479794	0	2	4145	3	0	4000	miss	0
2390	91	Pulse	5	2489693	9899	3
2390	92	Picture	31	2497865	0	1	4145	2	0	4000	miss	0
2390	92	Pulse	5	2509693	11828	2
2390	93	Picture	30	2515936	0	1	4145	2	0	4000	other	0
2390	93	Pulse	5	2529682	13746	2
2390	94	Picture	30	2534007	0	1	4145	2	0	4000	other	0
2390	94	Pulse	5	2549682	15675	2
2390	95	Picture	30	2552078	0	1	4144	3	0	4000	other	0
2390	95	Pulse	5	2569682	17604	1
2390	96	Picture	31	2570148	0	2	4145	3	0	4000	miss	0
2390	97	Picture	30	2588219	0	2	4145	3	0	4000	other	0
2390	97	Pulse	5	2589671	1452	2
2390	98	Picture	30	2606290	0	1	4145	2	0	4000	other	0
2390	98	Pulse	5	2609672	3382	1
2390	99	Picture	30	2624361	0	1	4145	2	0	4000	other	0
2390	99	Pulse	5	2629671	5310	1
2390	100	Picture	30	2642432	0	1	4145	2	0	4000	other	0
2390	100	Pulse	5	2649660	7228	2
2390	101	Picture	31	2660503	0	1	4144	3	0	4000	miss	0
2390	101	Pulse	5	2669660	9157	2
2390	102	Picture	30	2678574	0	1	4144	2	0	4000	other	0
2390	102	Pulse	5	2689659	11085	2
2390	103	Picture	30	2696644	0	1	4145	2	0	4000	other	0
2390	103	Pulse	5	2709649	13005	2
2390	104	Pulse	5	2729649	14934	2
2390	105	Picture	10	2739749	0	1	4145	2	0	4000	other	0
2390	105	Pulse	5	2749648	9899	2
2390	106	Picture	10	2757820	0	1	4145	2	0	4000	other	0
2390	106	Pulse	5	2769638	11818	2
2390	107	Picture	11	2775891	0	1	4144	3	0	4000	hit	210
2390	107	Response	1	2781318	5427	2
2390	107	Pulse	5	2789638	13747	1
2390	108	Picture	10	2793962	0	1	4144	2	0	4000	other	0
2390	108	Pulse	5	2809637	15675	2
2390	109	Picture	11	2812032	0	2	4145	3	0	4000	hit	215
2390	109	Response	1	2816837	4805	2
2390	109	Pulse	5	2829627	17595	2
2390	110	Picture	10	2830103	0	1	4145	2	0	4000	other	0
2390	111	Picture	10	2848174	0	1	4145	2	0	4000	other	0
2390	111	Pulse	5	2849626	1452	2
2390	112	Picture	11	2866245	0	1	4145	2	0	4000	hit	222
2390	112	Pulse	5	2869626	3381	2
2390	112	Response	1	2869786	3541	2
2390	113	Picture	10	2884316	0	1	4144	3	0	4000	other	0
2390	113	Pulse	5	2889617	5301	1
2390	114	Picture	10	2902387	0	1	4144	2	0	4000	other	0
2390	114	Pulse	5	2909616	7229	1
2390	115	Picture	10	2920457	0	2	4145	3	0	4000	false_alarm	228
2390	115	Response	1	2923535	3078	2
2390	115	Pulse	5	2929615	9158	2
2390	116	Picture	10	2938528	0	1	4145	2	0	4000	other	0
2390	116	Pulse	5	2949605	11077	2
2390	117	Picture	10	2956599	0	1	4145	2	0	4000	other	0
2390	117	Pulse	5	2969604	13005	3
2390	118	Picture	11	2974670	0	1	4145	2	0	4000	hit	235
2390	118	Response	1	2978564	3894	2
2390	118	Pulse	5	2989604	14934	2
2390	119	Picture	10	2992741	0	1	4144	3	0	4000	other	0
2390	119	Pulse	5	3009593	16852	2
2390	120	Picture	10	3010811	0	2	4145	3	0	4000	other	0
2390	121	Pulse	5	3029593	711	2
2390	121	Pulse	5	3049593	20711	1
2390	122	Picture	20	3053916	0	1	4145	2	0	4000	other	0
2390	122	Pulse	5	3069582	15666	2
2390	123	Picture	20	3071987	0	1	4145	2	0	4000	other	0
2390	123	Pulse	5	3089582	17595	2
2390	124	Picture	20	3090058	0	1	4145	2	0	4000	other	0
2390	125	Picture	21	3108129	0	1	4144	3	0	4000	miss	0
2390	125	Pulse	5	3109582	1453	1
2390	126	Picture	20	3126200	0	1	4144	2	0	4000	other	0
2390	126	Pulse	5	3129571	3371	2
2390	127	Picture	20	3144270	0	2	4145	3	0	4000	other	0
2390	127	Pulse	5	3149571	5301	2
2390	128	Picture	21	3162341	0	1	4145	2	0	4000	miss	0
2390	128	Pulse	5	3169571	7230	1
2390	129	Picture	20	3180412	0	1	4145	2	0	4000	other	0
2390	129	Pulse	5	3189560	9148	2
2390	130	Picture	20	3198483	0	1	4145	2	0	4000	other	0
2390	130	Pulse	5	3209560	11077	1
2390	131	Picture	20	3216554	0	1	4144	3	0	4000	other	0
2390	131	Pulse	5	3229559	13005	2
2390	132	Picture	21	3234624	0	2	4145	3	0	4000	miss	0
2390	132	Pulse	5	3249549	14925	2
2390	133	Picture	20	3252695	0	2	4145	3	0	4000	other	0
2390	133	Pulse	5	3269549	16854	1
2390	134	Picture	20	3270766	0	1	4145	2	0	4000	other	0
2390	135	Picture	21	3288837	0	1	4145	2	0	4000	miss	0
2390	135	Pulse	5	3289548	711	2
2390	136	Picture	20	3306908	0	1	4144	3	0	4000	other	0
2390	136	Pulse	5	3309538	2630	2
2390	137	Picture	20	3324979	0	1	4144	3	0	4000	other	0
2390	137	Pulse	5	3329697	4718	2
