Scenario - 1-back
Logfile written - 03/26/2015 14:05:54

Subject	Trial	Event Type	Code	Time	TTime	Uncertainty	Duration	Uncertainty	ReqTime	ReqDur	Stim Type	Pair Index

2390	1	Pulse	5	174497	184331	2
2390	2	Pulse	5	194497	19976	2
2390	3	Picture	10	199554	0	2	4145	3	0	4000	other	0
2390	3	Pulse	5	214497	14943	2
2390	4	Picture	10	217625	0	2	4145	3	0	4000	other	0
2390	4	Pulse	5	234486	16861	2
2390	5	Picture	11	235696	0	1	4145	2	0	4000	hit	8
2390	5	Response	1	239767	4071	1
2390	6	Picture	10	253767	0	1	4145	2	0	4000	other	0
2390	6	Pulse	5	254486	719	2
2390	7	Picture	11	271838	0	1	4144	3	0	4000	hit	13
2390	7	Pulse	5	274486	2648	1
2390	7	Response	1	275286	3448	1
2390	8	Picture	10	289909	0	1	4144	3	0	4000	other	0
2390	8	Pulse	5	294476	4567	1
2390	9	Picture	10	307979	0	2	4145	3	0	4000	other	0
2390	9	Pulse	5	314475	6496	2
2390	10	Picture	10	326050	0	1	4145	2	0	4000	other	0
2390	10	Pulse	5	334474	8424	2
2390	11	Picture	11	344121	0	1	4145	2	0	4000	hit	21
2390	11	Response	1	347594	3473	2
2390	11	Pulse	5	354464	10343	2
2390	12	Picture	10	362192	0	1	4145	2	0	4000	other	0
2390	12	Pulse	5	374464	12272	2
2390	13	Picture	10	380263	0	1	4144	3	0	4000	other	0
2390	13	Pulse	5	394463	14200	3
2390	14	Picture	11	398334	0	1	4144	2	0	4000	hit	28
2390	14	Response	1	402463	4129	3
2390	14	Pulse	5	414453	16119	2
2390	15	Picture	10	416404	0	2	4145	3	0	4000	other	0
2390	15	Pulse	5	434453	18049	2
2390	16	Picture	10	434475	0	2	4145	3	0	4000	other	0
2390	17	Picture	10	452546	0	1	4145	2	0	4000	other	0
2390	17	Pulse	5	454452	1906	2
2390	18	Picture	10	470617	0	1	4145	2	0	4000	other	0
2390	18	Pulse	5	474442	3825	2
2390	19	Pulse	5	494441	5753	2
2390	20	Picture	20	513722	0	1	4144	3	0	4000	other	0
2390	20	Pulse	5	514441	719	2
2390	21	Picture	20	531792	0	2	4145	3	0	4000	other	0
2390	21	Pulse	5	534431	2639	2
2390	22	Picture	21	549863	0	2	4145	3	0	4000	miss	0
2390	22	Pulse	5	554430	4567	2
2390	23	Picture	20	567934	0	1	4145	2	0	4000	other	0
2390	23	Pulse	5	574430	6496	2
2390	24	Picture	20	586005	0	1	4145	2	0	4000	other	0
2390	24	Pulse	5	594420	8415	1
2390	25	Picture	20	604076	0	1	4144	3	0	4000	other	0
2390	25	Pulse	5	614419	10343	2
2390	26	Picture	21	622147	0	1	4144	2	0	4000	miss	0
2390	26	Pulse	5	634419	12272	2
2390	27	Picture	20	640217	0	2	4145	3	0	4000	other	0
2390	27	Pulse	5	654409	14192	1
2390	28	Picture	20	658288	0	2	4145	3	0	4000	other	0
2390	28	Pulse	5	674408	16120	2
2390	29	Picture	20	676359	0	1	4145	2	0	4000	other	0
2390	29	Pulse	5	694408	18049	2
2390	30	Picture	20	694430	0	1	4145	2	0	4000	other	0
2390	31	Picture	20	712501	0	1	4144	3	0	4000	other	0
2390	31	Pulse	5	714397	1896	2
2390	32	Picture	21	730572	0	1	4144	2	0	4000	miss	0
2390	32	Pulse	5	734397	3825	2
2390	33	Picture	20	748642	0	2	4145	3	0	4000	other	0
2390	33	Pulse	5	754397	5755	1
2390	34	Picture	20	766713	0	1	4145	2	0	4000	other	0
2390	34	Pulse	5	774386	7673	2
2390	35	Picture	21	784784	0	1	4145	2	0	4000	miss	0
2390	35	Pulse	5	794386	9602	2
2390	36	Pulse	5	814385	11530	2
2390	37	Picture	10	827889	0	1	4144	3	0	4000	other	0
2390	37	Pulse	5	834375	6486	2
2390	38	Picture	10	845960	0	1	4144	3	0	4000	other	0
2390	38	Pulse	5	854375	8415	2
2390	39	Picture	11	864031	0	1	4144	6	0	4000	hit	75
2390	39	Response	1	867974	3943	3
2390	39	Pulse	5	874374	10343	3
2390	40	Picture	10	882101	0	2	4145	3	0	4000	other	0
2390	40	Pulse	5	894364	12263	2
2390	41	Picture	11	900172	0	1	4145	2	0	4000	hit	80
2390	41	Response	1	904604	4432	2
2390	41	Pulse	5	914524	14352	1
2390	42	Picture	10	918243	0	1	4145	2	0	4000	other	0
2390	42	Pulse	5	934523	16280	2
2390	43	Picture	10	936314	0	1	4145	2	0	4000	other	0
2390	44	Picture	10	954385	0	1	4144	2	0	4000	other	0
2390	44	Pulse	5	954513	128	2
2390	45	Picture	11	972455	0	2	4145	3	0	4000	hit	89
2390	45	Pulse	5	974512	2057	2
2390	45	Response	1	976592	4137	2
2390	46	Picture	10	990526	0	1	4145	2	0	4000	other	0
2390	46	Pulse	5	994512	3986	2
2390	47	Picture	10	1008597	0	1	4145	2	0	4000	other	0
2390	47	Pulse	5	1014502	5905	1
2390	48	Picture	11	1026668	0	1	4145	2	0	4000	hit	95
2390	48	Response	1	1031301	4633	2
2390	48	Pulse	5	1034501	7833	2
2390	49	Picture	10	1044739	0	1	4144	3	0	4000	other	0
2390	49	Pulse	5	1054501	9762	2
2390	50	Picture	10	1062810	0	1	4144	2	0	4000	other	0
2390	50	Pulse	5	1074491	11681	1
2390	51	Picture	10	1080880	0	2	4145	3	0	4000	other	0
2390	51	Pulse	5	1094491	13611	1
2390	52	Picture	10	1098951	0	1	4145	2	0	4000	other	0
2390	52	Pulse	5	1114490	15539	2
2390	53	Pulse	5	1134479	17457	2
2390	54	Picture	30	1142056	0	1	4145	2	0	4000	other	0
2390	54	Pulse	5	1154479	12423	2
2390	55	Picture	30	1160127	0	1	4144	3	0	4000	other	0
2390	55	Pulse	5	1174479	14352	1
2390	56	Picture	31	1178198	0	1	4144	3	0	4000	miss	0
2390	56	Pulse	5	1194468	16270	2
2390	57	Picture	30	1196268	0	2	4145	3	0	4000	other	0
2390	58	Picture	30	1214339	0	1	4145	2	0	4000	other	0
2390	58	Pulse	5	1214468	129	2
2390	59	Picture	30	1232410	0	1	4145	2	0	4000	other	0
2390	59	Pulse	5	1234468	2058	1
2390	60	Picture	31	1250481	0	1	4145	2	0	4000	miss	0
2390	60	Pulse	5	1254457	3976	2
2390	61	Picture	31	1268552	0	1	4144	3	0	4000	miss	0
2390	61	Pulse	5	1274457	5905	2
2390	62	Picture	30	1286623	0	1	4144	3	0	4000	other	0
2390	62	Pulse	5	1294456	7833	2
2390	63	Picture	30	1304693	0	2	4145	3	0	4000	other	0
2390	63	Pulse	5	1314446	9753	2
2390	64	Picture	30	1322764	0	1	4145	2	0	4000	other	0
2390	64	Pulse	5	1334446	11682	2
2390	65	Picture	31	1340835	0	1	4145	2	0	4000	miss	0
2390	65	Pulse	5	1354445	13610	3
2390	66	Picture	30	1358906	0	1	4145	2	0	4000	other	0
2390	66	Pulse	5	1374435	15529	2
2390	67	Picture	30	1376977	0	1	4144	3	0	4000	other	0
2390	67	Pulse	5	1394435	17458	1
2390	68	Picture	30	1395048	0	1	4144	2	0	4000	other	0
2390	69	Picture	30	1413118	0	2	4145	3	0	4000	other	0
2390	69	Pulse	5	1414434	1316	2
2390	70	Pulse	5	1434424	3235	2
2390	70	Pulse	5	1454423	23234	2
2390	71	Picture	10	1456223	0	1	4145	2	0	4000	other	0
2390	72	Picture	10	1474294	0	1	4145	2	0	4000	other	0
2390	72	Pulse	5	1474423	129	2
2390	73	Picture	11	1492365	0	1	4144	3	0	4000	hit	143
2390	73	Pulse	5	1494413	2048	2
2390	73	Response	1	1497613	5248	1
2390	74	Picture	10	1510436	0	1	4144	3	0	4000	other	0
2390	74	Pulse	5	1514412	3976	2
2390	75	Picture	11	1528506	0	2	4145	3	0	4000	hit	147
2390	75	Response	1	1532812	4306	2
2390	75	Pulse	5	1534412	5906	2
2390	76	Picture	10	1546577	0	1	4145	2	0	4000	other	0
2390	76	Pulse	5	1554402	7825	1
2390	77	Picture	10	1564648	0	1	4145	2	0	4000	other	0
2390	77	Pulse	5	1574401	9753	2
2390	78	Picture	11	1582719	0	1	4145	2	0	4000	hit	154
2390	78	Response	1	1586241	3522	2
2390	78	Pulse	5	1594401	11682	2
2390	79	Picture	10	1600790	0	1	4144	3	0	4000	other	0
2390	79	Pulse	5	1614390	13600	2
2390	80	Picture	10	1618861	0	1	4144	2	0	4000	other	0
2390	80	Pulse	5	1634390	15529	2
2390	81	Picture	10	1636931	0	2	4145	3	0	4000	other	0
2390	81	Pulse	5	1654390	17459	1
2390	82	Picture	10	1655002	0	1	4145	2	0	4000	other	0
2390	83	Picture	10	1673073	0	1	4145	2	0	4000	other	0
2390	83	Pulse	5	1674379	1306	2
2390	84	Picture	11	1691144	0	1	4145	2	0	4000	hit	167
2390	84	Pulse	5	1694379	3235	2
2390	84	Response	1	1698059	6915	2
2390	85	Picture	10	1709215	0	1	4144	3	0	4000	other	0
2390	85	Pulse	5	1714379	5164	1
2390	86	Picture	10	1727286	0	1	4144	2	0	4000	other	0
2390	86	Pulse	5	1734368	7082	2
2390	87	Pulse	5	1754368	9012	2
2390	88	Picture	20	1770390	0	1	4145	2	0	4000	other	0
2390	88	Pulse	5	1774367	3977	2
2390	89	Picture	20	1788461	0	1	4145	2	0	4000	other	0
2390	89	Pulse	5	1794357	5896	2
2390	90	Picture	20	1806532	0	1	4145	3	0	4000	other	0
2390	90	Pulse	5	1814357	7825	2
2390	91	Picture	21	1824603	0	1	4145	2	0	4000	miss	0
2390	91	Pulse	5	1834356	9753	3
2390	92	Picture	20	1842674	0	1	4144	3	0	4000	other	0
2390	92	Pulse	5	1854346	11672	2
2390	93	Picture	20	1860744	0	2	4145	3	0	4000	other	0
2390	93	Pulse	5	1874346	13602	1
2390	94	Picture	21	1878815	0	1	4145	2	0	4000	miss	0
2390	94	Pulse	5	1894345	15530	2
2390	95	Picture	20	1896886	0	1	4145	2	0	4000	other	0
2390	95	Pulse	5	1914335	17449	2
2390	96	Picture	20	1914957	0	1	4145	2	0	4000	other	0
2390	97	Picture	20	1933028	0	1	4144	3	0	4000	other	0
2390	97	Pulse	5	1934334	1306	2
2390	98	Picture	21	1951098	0	2	4145	4	0	4000	miss	0
2390	98	Pulse	5	1954495	3397	1
2390	99	Picture	20	1969169	0	2	4145	3	0	4000	other	0
2390	99	Pulse	5	1974484	5315	1
2390	100	Picture	20	1987240	0	1	4145	2	0	4000	other	0
2390	100	Pulse	5	1994483	7243	2
2390	101	Picture	21	2005311	0	1	4145	2	0	4000	miss	0
2390	101	Pulse	5	2014484	9173	1
2390	102	Picture	20	2023382	0	1	4145	2	0	4000	other	0
2390	102	Pulse	5	2034472	11090	2
2390	103	Picture	20	2041453	0	1	4144	3	0	4000	other	0
2390	103	Pulse	5	2054472	13019	2
2390	104	Pulse	5	2074472	14949	2
2390	105	Picture	10	2084557	0	2	4145	3	0	4000	other	0
2390	105	Pulse	5	2094461	9904	2
2390	106	Picture	10	2102628	0	1	4145	2	0	4000	false_alarm	208
2390	106	Response	1	2105981	3353	2
2390	106	Pulse	5	2114461	11833	2
2390	107	Picture	11	2120699	0	1	4145	2	0	4000	hit	211
2390	107	Response	1	2125341	4642	2
2390	107	Pulse	5	2134461	13762	1
2390	108	Picture	10	2138770	0	1	4145	2	0	4000	other	0
2390	108	Pulse	5	2154451	15681	1
2390	109	Picture	11	2156841	0	1	4144	3	0	4000	hit	216
2390	109	Response	1	2160690	3849	2
2390	109	Pulse	5	2174450	17609	2
2390	110	Picture	10	2174912	0	1	4144	2	0	4000	other	0
2390	111	Picture	10	2192982	0	2	4145	3	0	4000	other	0
2390	111	Pulse	5	2194449	1467	2
2390	112	Picture	11	2211053	0	1	4145	2	0	4000	hit	223
2390	112	Pulse	5	2214439	3386	2
2390	112	Response	1	2215399	4346	2
2390	113	Picture	10	2229124	0	1	4145	2	0	4000	other	0
2390	113	Pulse	5	2234439	5315	2
2390	114	Picture	10	2247195	0	1	4145	2	0	4000	other	0
2390	114	Pulse	5	2254438	7243	2
2390	115	Picture	10	2265266	0	1	4144	3	0	4000	other	0
2390	115	Pulse	5	2274428	9162	2
2390	116	Picture	10	2283336	0	2	4145	3	0	4000	other	0
2390	116	Pulse	5	2294428	11092	2
2390	117	Picture	10	2301407	0	2	4145	3	0	4000	other	0
2390	117	Pulse	5	2314427	13020	3
2390	118	Picture	11	2319478	0	1	4145	2	0	4000	hit	235
2390	118	Response	1	2323547	4069	3
2390	118	Pulse	5	2334417	14939	2
2390	119	Picture	10	2337549	0	1	4145	2	0	4000	other	0
2390	119	Pulse	5	2354416	16867	2
2390	120	Picture	10	2355620	0	1	4145	2	0	4000	other	0
2390	121	Pulse	5	2374416	725	2
2390	121	Pulse	5	2394406	20715	2
2390	122	Picture	30	2398725	0	1	4144	2	0	4000	other	0
2390	122	Pulse	5	2414405	15680	2
2390	123	Picture	30	2416795	0	2	4145	3	0	4000	other	0
2390	123	Pulse	5	2434405	17610	2
2390	124	Picture	30	2434866	0	1	4145	2	0	4000	other	0
2390	125	Picture	31	2452937	0	1	4145	2	0	4000	miss	0
2390	125	Pulse	5	2454395	1458	1
2390	126	Picture	31	2471008	0	1	4145	2	0	4000	miss	0
2390	126	Pulse	5	2474394	3386	2
2390	127	Picture	30	2489079	0	1	4144	3	0	4000	other	0
2390	127	Pulse	5	2494394	5315	2
2390	128	Picture	30	2507150	0	1	4144	2	0	4000	other	0
2390	128	Pulse	5	2514384	7234	1
2390	129	Picture	30	2525220	0	2	4145	3	0	4000	other	0
2390	129	Pulse	5	2534383	9163	2
2390	130	Picture	31	2543291	0	1	4145	2	0	4000	miss	0
2390	130	Pulse	5	2554383	11092	2
2390	131	Picture	30	2561362	0	1	4145	2	0	4000	other	0
2390	131	Pulse	5	2574373	13011	1
2390	132	Picture	30	2579433	0	1	4144	3	0	4000	other	0
2390	132	Pulse	5	2594372	14939	2
2390	133	Picture	30	2597504	0	1	4143	6	0	4000	other	0
2390	133	Pulse	5	2614372	16868	1
2390	134	Picture	30	2615575	0	1	4144	2	0	4000	other	0
2390	135	Picture	31	2633645	0	2	4145	3	0	4000	miss	0
2390	135	Pulse	5	2634361	716	2
2390	136	Picture	30	2651716	0	1	4145	3	0	4000	other	0
2390	136	Pulse	5	2654361	2645	2
2390	137	Picture	30	2669787	0	1	4145	2	0	4000	other	0
2390	137	Pulse	5	2674360	4573	2
