Scenario - 1-back
Logfile written - 03/26/2015 13:55:45

Subject	Trial	Event Type	Code	Time	TTime	Uncertainty	Duration	Uncertainty	ReqTime	ReqDur	Stim Type	Pair Index

2390	1	Response	1	243052	252886	1
2390	1	Pulse	5	419019	428853	1
2390	2	Pulse	5	439018	19961	2
2390	3	Picture	10	444091	0	1	4144	2	0	4000	other	0
2390	3	Pulse	5	459008	14917	2
2390	4	Picture	10	462161	0	2	4145	3	0	4000	other	0
2390	4	Pulse	5	479007	16846	3
2390	5	Picture	11	480232	0	1	4145	2	0	4000	hit	9
2390	5	Response	1	484127	3895	2
2390	6	Picture	10	498303	0	1	4145	2	0	4000	other	0
2390	6	Pulse	5	499007	704	2
2390	7	Picture	11	516374	0	1	4145	2	0	4000	hit	14
2390	7	Pulse	5	518996	2622	2
2390	7	Response	1	520276	3902	2
2390	8	Picture	10	534445	0	1	4144	3	0	4000	other	0
2390	8	Pulse	5	538996	4551	2
2390	9	Picture	10	552516	0	1	4144	2	0	4000	other	0
2390	9	Pulse	5	558996	6480	2
2390	10	Picture	10	570586	0	2	4145	3	0	4000	other	0
2390	10	Pulse	5	578985	8399	2
2390	11	Picture	11	588657	0	1	4145	2	0	4000	hit	22
2390	11	Response	1	591945	3288	2
2390	11	Pulse	5	598985	10328	2
2390	12	Picture	10	606728	0	1	4145	2	0	4000	other	0
2390	12	Pulse	5	618985	12257	1
2390	13	Picture	10	624799	0	1	4144	3	0	4000	other	0
2390	13	Pulse	5	638974	14175	2
2390	14	Picture	11	642870	0	1	4144	3	0	4000	hit	29
2390	14	Response	1	646494	3624	2
2390	14	Pulse	5	658974	16104	2
2390	15	Picture	10	660940	0	2	4145	3	0	4000	false_alarm	32
2390	15	Response	1	663934	2994	2
2390	15	Pulse	5	678973	18033	2
2390	16	Picture	10	679011	0	1	4145	2	0	4000	other	0
2390	17	Picture	10	697082	0	1	4145	2	0	4000	other	0
2390	17	Pulse	5	698963	1881	2
2390	18	Picture	10	715153	0	1	4145	2	0	4000	other	0
2390	18	Pulse	5	718963	3810	2
2390	19	Pulse	5	738962	5738	2
2390	20	Picture	20	758258	0	1	4144	2	0	4000	other	0
2390	20	Pulse	5	759112	854	2
2390	21	Picture	20	776328	0	2	4145	3	0	4000	other	0
2390	21	Pulse	5	779112	2784	1
2390	22	Picture	21	794399	0	2	4145	3	0	4000	miss	0
2390	22	Pulse	5	799111	4712	2
2390	23	Picture	20	812470	0	1	4145	2	0	4000	other	0
2390	23	Pulse	5	819101	6631	2
2390	24	Picture	20	830541	0	1	4145	2	0	4000	other	0
2390	24	Pulse	5	839100	8559	2
2390	25	Picture	20	848612	0	1	4144	3	0	4000	other	0
2390	25	Pulse	5	859100	10488	2
2390	26	Picture	21	866683	0	1	4144	2	0	4000	miss	0
2390	26	Pulse	5	879090	12407	2
2390	27	Picture	20	884753	0	2	4145	3	0	4000	other	0
2390	27	Pulse	5	899089	14336	2
2390	28	Picture	20	902824	0	1	4145	2	0	4000	other	0
2390	28	Pulse	5	919089	16265	2
2390	29	Picture	20	920895	0	1	4145	2	0	4000	other	0
2390	30	Picture	20	938966	0	1	4144	3	0	4000	other	0
2390	30	Pulse	5	939080	114	1
2390	31	Picture	20	957037	0	1	4144	2	0	4000	other	0
2390	31	Pulse	5	959078	2041	3
2390	32	Picture	21	975108	0	1	4144	2	0	4000	miss	0
2390	32	Pulse	5	979078	3970	2
2390	33	Picture	20	993178	0	1	4145	2	0	4000	other	0
2390	33	Pulse	5	999067	5889	2
2390	34	Picture	20	1011249	0	1	4145	2	0	4000	other	0
2390	34	Pulse	5	1019067	7818	2
2390	35	Picture	21	1029320	0	1	4145	2	0	4000	miss	0
2390	35	Pulse	5	1039067	9747	2
2390	36	Pulse	5	1059056	11665	2
2390	37	Picture	10	1072425	0	1	4144	2	0	4000	other	0
2390	37	Pulse	5	1079056	6631	2
2390	38	Picture	10	1090495	0	2	4145	3	0	4000	other	0
2390	38	Pulse	5	1099056	8561	1
2390	39	Picture	11	1108566	0	2	4145	3	0	4000	hit	77
2390	39	Response	1	1112965	4399	2
2390	39	Pulse	5	1119045	10479	2
2390	40	Picture	10	1126637	0	1	4145	2	0	4000	other	0
2390	40	Pulse	5	1139045	12408	2
2390	41	Picture	11	1144708	0	1	4145	2	0	4000	hit	82
2390	41	Response	1	1148325	3617	1
2390	41	Pulse	5	1159044	14336	2
2390	42	Picture	10	1162779	0	1	4144	3	0	4000	other	0
2390	42	Pulse	5	1179034	16255	2
2390	43	Picture	10	1180850	0	1	4144	3	0	4000	other	0
2390	44	Picture	10	1198920	0	2	4145	3	0	4000	other	0
2390	44	Pulse	5	1199034	114	2
2390	45	Picture	11	1216991	0	1	4145	2	0	4000	hit	91
2390	45	Pulse	5	1219033	2042	2
2390	45	Response	1	1221113	4122	2
2390	46	Picture	10	1235062	0	1	4145	2	0	4000	other	0
2390	46	Pulse	5	1239023	3961	2
2390	47	Picture	10	1253133	0	1	4144	3	0	4000	other	0
2390	47	Pulse	5	1259023	5890	1
2390	48	Picture	11	1271204	0	1	4144	2	0	4000	hit	97
2390	48	Response	1	1274702	3498	2
2390	48	Pulse	5	1279022	7818	2
2390	49	Picture	10	1289275	0	1	4144	2	0	4000	other	0
2390	49	Pulse	5	1299012	9737	2
2390	50	Picture	10	1307345	0	2	4145	3	0	4000	other	0
2390	50	Pulse	5	1319012	11667	1
2390	51	Picture	10	1325416	0	1	4145	2	0	4000	other	0
2390	51	Pulse	5	1339011	13595	2
2390	52	Picture	10	1343487	0	1	4145	2	0	4000	other	0
2390	52	Pulse	5	1359001	15514	2
2390	53	Pulse	5	1379000	17442	2
2390	54	Picture	30	1386592	0	1	4144	3	0	4000	other	0
2390	54	Pulse	5	1399000	12408	2
2390	55	Picture	30	1404662	0	2	4145	3	0	4000	other	0
2390	55	Pulse	5	1418990	14328	2
2390	56	Picture	31	1422733	0	1	4145	2	0	4000	miss	0
2390	56	Pulse	5	1438989	16256	3
2390	57	Picture	30	1440804	0	1	4145	2	0	4000	other	0
2390	58	Picture	30	1458875	0	1	4145	2	0	4000	other	0
2390	58	Pulse	5	1458989	114	2
2390	59	Picture	30	1476946	0	1	4144	3	0	4000	other	0
2390	59	Pulse	5	1478978	2032	2
2390	60	Picture	31	1495017	0	1	4144	2	0	4000	miss	0
2390	60	Pulse	5	1498978	3961	2
2390	61	Picture	31	1513087	0	2	4145	3	0	4000	miss	0
2390	61	Pulse	5	1518978	5891	1
2390	62	Picture	30	1531158	0	2	4145	3	0	4000	other	0
2390	62	Pulse	5	1538967	7809	2
2390	63	Picture	30	1549229	0	1	4145	2	0	4000	other	0
2390	63	Pulse	5	1558967	9738	2
2390	64	Picture	30	1567300	0	1	4145	2	0	4000	other	0
2390	64	Pulse	5	1578967	11667	1
2390	65	Picture	31	1585371	0	1	4144	3	0	4000	miss	0
2390	65	Pulse	5	1598956	13585	2
2390	66	Picture	30	1603442	0	1	4144	2	0	4000	other	0
2390	66	Pulse	5	1618956	15514	2
2390	67	Picture	30	1621512	0	2	4145	3	0	4000	other	0
2390	67	Pulse	5	1638955	17443	2
2390	68	Picture	30	1639583	0	1	4145	2	0	4000	other	0
2390	69	Picture	30	1657654	0	1	4145	2	0	4000	other	0
2390	69	Pulse	5	1658945	1291	2
2390	70	Pulse	5	1678945	3220	1
2390	70	Pulse	5	1698944	23219	2
2390	71	Picture	10	1700759	0	1	4144	3	0	4000	other	0
2390	72	Picture	10	1718830	0	1	4144	2	0	4000	other	0
2390	72	Pulse	5	1718934	104	2
2390	73	Picture	11	1736900	0	2	4145	3	0	4000	hit	145
2390	73	Pulse	5	1738933	2033	2
2390	73	Response	1	1740374	3474	1
2390	74	Picture	10	1754971	0	1	4145	2	0	4000	other	0
2390	74	Pulse	5	1758933	3962	2
2390	75	Picture	11	1773042	0	1	4145	2	0	4000	hit	149
2390	75	Response	1	1777163	4121	2
2390	75	Pulse	5	1778923	5881	2
2390	76	Picture	10	1791113	0	1	4144	3	0	4000	other	0
2390	76	Pulse	5	1799082	7969	2
2390	77	Picture	10	1809184	0	1	4144	2	0	4000	other	0
2390	77	Pulse	5	1819083	9899	1
2390	78	Picture	11	1827255	0	1	4144	2	0	4000	hit	156
2390	78	Response	1	1831072	3817	2
2390	78	Pulse	5	1839072	11817	1
2390	79	Picture	10	1845325	0	1	4145	2	0	4000	other	0
2390	79	Pulse	5	1859071	13746	2
2390	80	Picture	10	1863396	0	1	4145	2	0	4000	other	0
2390	80	Pulse	5	1879071	15675	2
2390	81	Picture	10	1881467	0	1	4145	2	0	4000	other	0
2390	81	Pulse	5	1899061	17594	2
2390	82	Picture	10	1899538	0	1	4144	3	0	4000	other	0
2390	83	Picture	10	1917609	0	1	4144	2	0	4000	other	0
2390	83	Pulse	5	1919060	1451	3
2390	84	Picture	11	1935679	0	2	4145	3	0	4000	hit	169
2390	84	Pulse	5	1939060	3381	2
2390	84	Response	1	1940020	4341	2
2390	85	Picture	10	1953750	0	1	4145	2	0	4000	other	0
2390	85	Pulse	5	1959049	5299	2
2390	86	Picture	10	1971821	0	1	4145	2	0	4000	other	0
2390	86	Pulse	5	1979050	7229	1
2390	87	Pulse	5	1999049	9157	1
2390	88	Picture	20	2014926	0	1	4144	3	0	4000	other	0
2390	88	Pulse	5	2019038	4112	2
2390	89	Picture	20	2032997	0	1	4144	3	0	4000	other	0
2390	89	Pulse	5	2039038	6041	2
2390	90	Picture	20	2051067	0	2	4145	3	0	4000	other	0
2390	90	Pulse	5	2059038	7971	1
2390	91	Picture	21	2069138	0	1	4145	2	0	4000	miss	0
2390	91	Pulse	5	2079027	9889	2
2390	92	Picture	20	2087209	0	1	4145	2	0	4000	other	0
2390	92	Pulse	5	2099027	11818	2
2390	93	Picture	20	2105280	0	1	4145	2	0	4000	other	0
2390	93	Pulse	5	2119026	13746	2
2390	94	Picture	21	2123351	0	1	4144	3	0	4000	miss	0
2390	94	Pulse	5	2139016	15665	2
2390	95	Picture	20	2141421	0	2	4145	3	0	4000	other	0
2390	95	Pulse	5	2159016	17595	1
2390	96	Picture	20	2159492	0	2	4145	3	0	4000	other	0
2390	97	Picture	20	2177563	0	1	4145	2	0	4000	other	0
2390	97	Pulse	5	2179015	1452	2
2390	98	Picture	21	2195634	0	1	4145	2	0	4000	miss	0
2390	98	Pulse	5	2199005	3371	2
2390	99	Picture	20	2213705	0	1	4145	2	0	4000	other	0
2390	99	Pulse	5	2219004	5299	2
2390	100	Picture	20	2231774	0	3	4146	4	0	4000	other	0
2390	100	Pulse	5	2239004	7230	2
2390	101	Picture	21	2249846	0	2	4145	3	0	4000	miss	0
2390	101	Pulse	5	2258994	9148	2
2390	102	Picture	20	2267917	0	2	4145	3	0	4000	other	0
2390	102	Pulse	5	2278993	11076	2
2390	103	Picture	20	2285988	0	1	4145	2	0	4000	other	0
2390	103	Pulse	5	2298993	13005	2
2390	104	Pulse	5	2318983	14924	1
2390	105	Picture	10	2329093	0	1	4145	2	0	4000	other	0
2390	105	Pulse	5	2338982	9889	2
2390	106	Picture	10	2347164	0	1	4144	3	0	4000	other	0
2390	106	Pulse	5	2358982	11818	2
2390	107	Picture	11	2365234	0	2	4145	3	0	4000	hit	212
2390	107	Response	1	2368732	3498	2
2390	107	Pulse	5	2378971	13737	3
2390	108	Picture	10	2383305	0	2	4145	3	0	4000	other	0
2390	108	Pulse	5	2398971	15666	2
2390	109	Picture	11	2401376	0	1	4145	2	0	4000	hit	217
2390	109	Response	1	2406491	5115	2
2390	109	Pulse	5	2418971	17595	2
2390	110	Picture	10	2419447	0	1	4145	2	0	4000	other	0
2390	111	Picture	10	2437518	0	1	4144	3	0	4000	other	0
2390	111	Pulse	5	2438960	1442	2
2390	112	Picture	11	2455589	0	1	4144	3	0	4000	hit	224
2390	112	Pulse	5	2458961	3372	1
2390	112	Response	1	2459440	3851	2
2390	113	Picture	10	2473659	0	2	4145	3	0	4000	other	0
2390	113	Pulse	5	2478960	5301	1
2390	114	Picture	10	2491730	0	1	4145	2	0	4000	other	0
2390	114	Pulse	5	2498949	7219	2
2390	115	Picture	10	2509801	0	1	4145	2	0	4000	other	0
2390	115	Pulse	5	2518949	9148	2
2390	116	Picture	10	2527872	0	1	4145	2	0	4000	other	0
2390	116	Pulse	5	2538948	11076	2
2390	117	Picture	10	2545943	0	1	4144	3	0	4000	other	0
2390	117	Pulse	5	2558938	12995	2
2390	118	Picture	11	2564014	0	1	4144	2	0	4000	hit	236
2390	118	Response	1	2569498	5484	2
2390	118	Pulse	5	2578938	14924	2
2390	119	Picture	10	2582084	0	2	4145	3	0	4000	other	0
2390	119	Pulse	5	2598937	16853	2
2390	120	Picture	10	2600155	0	1	4145	2	0	4000	other	0
2390	121	Pulse	5	2618927	701	2
2390	121	Pulse	5	2638927	20701	1
2390	122	Picture	30	2643260	0	1	4145	2	0	4000	other	0
2390	122	Pulse	5	2658926	15666	2
2390	123	Picture	30	2661331	0	1	4144	3	0	4000	other	0
2390	123	Pulse	5	2678916	17585	2
2390	124	Picture	30	2679402	0	1	4144	2	0	4000	other	0
2390	125	Picture	31	2697472	0	2	4145	3	0	4000	miss	0
2390	125	Pulse	5	2698915	1443	2
2390	126	Picture	31	2715543	0	1	4145	2	0	4000	miss	0
2390	126	Pulse	5	2718916	3373	1
2390	127	Picture	30	2733614	0	1	4145	2	0	4000	other	0
2390	127	Pulse	5	2738905	5291	2
2390	128	Picture	30	2751684	0	2	4145	4	0	4000	other	0
2390	128	Pulse	5	2758904	7220	2
2390	129	Picture	30	2769756	0	1	4144	3	0	4000	other	0
2390	129	Pulse	5	2778904	9148	2
2390	130	Picture	31	2787827	0	1	4144	2	0	4000	miss	0
2390	130	Pulse	5	2798894	11067	1
2390	131	Picture	30	2805897	0	2	4145	3	0	4000	other	0
2390	131	Pulse	5	2818886	12989	14
2390	132	Picture	30	2823968	0	1	4145	2	0	4000	other	0
2390	132	Pulse	5	2838892	14924	9
2390	133	Picture	30	2842039	0	1	4145	2	0	4000	other	0
2390	133	Pulse	5	2859042	17003	3
2390	134	Picture	30	2860110	0	1	4145	2	0	4000	other	0
2390	135	Picture	31	2878181	0	1	4144	3	0	4000	miss	0
2390	135	Pulse	5	2879042	861	2
2390	136	Picture	30	2896251	0	2	4145	3	0	4000	other	0
2390	136	Pulse	5	2899042	2791	2
2390	137	Picture	30	2914322	0	1	4145	2	0	4000	other	0
2390	137	Pulse	5	2919027	4705	9
