Scenario - 1-back
Logfile written - 04/09/2015 17:50:44

Subject	Trial	Event Type	Code	Time	TTime	Uncertainty	Duration	Uncertainty	ReqTime	ReqDur	Stim Type	Pair Index

2399	1	Pulse	5	432359	442193	2
2399	2	Pulse	5	452358	19877	2
2399	3	Picture	10	457515	0	1	4145	2	0	4000	other	0
2399	3	Pulse	5	472348	14833	1
2399	4	Picture	10	475586	0	1	4144	3	0	4000	other	0
2399	4	Pulse	5	492347	16761	2
2399	5	Picture	11	493656	0	2	4145	3	0	4000	hit	8
2399	5	Response	1	496827	3171	2
2399	6	Picture	10	511727	0	1	4145	2	0	4000	other	0
2399	6	Pulse	5	512346	619	2
2399	7	Picture	11	529798	0	1	4144	2	0	4000	hit	13
2399	7	Pulse	5	532336	2538	2
2399	7	Response	1	535376	5578	2
2399	8	Picture	10	547868	0	2	4145	3	0	4000	other	0
2399	8	Pulse	5	552335	4467	2
2399	9	Picture	10	565939	0	1	4145	2	0	4000	other	0
2399	9	Pulse	5	572335	6396	2
2399	10	Picture	10	584010	0	1	4144	2	0	4000	other	0
2399	10	Pulse	5	592324	8314	2
2399	11	Picture	11	602080	0	1	4145	2	0	4000	hit	21
2399	11	Response	1	606404	4324	2
2399	11	Pulse	5	612324	10244	1
2399	12	Picture	10	620151	0	1	4140	11	0	4000	other	0
2399	12	Pulse	5	632483	12332	2
2399	13	Picture	10	638222	0	1	4144	2	0	4000	other	0
2399	13	Pulse	5	652472	14250	2
2399	14	Picture	11	656292	0	1	4145	2	0	4000	hit	28
2399	14	Response	1	659832	3540	2
2399	14	Pulse	5	672472	16180	2
2399	15	Picture	10	674363	0	1	4145	2	0	4000	other	0
2399	16	Picture	10	692434	0	1	4144	2	0	4000	other	0
2399	16	Pulse	5	692469	35	4
2399	17	Picture	10	710504	0	1	4145	2	0	4000	other	0
2399	17	Pulse	5	712461	1957	2
2399	18	Picture	10	728575	0	1	4144	3	0	4000	other	0
2399	18	Pulse	5	732460	3885	2
2399	19	Pulse	5	752460	5815	1
2399	20	Picture	30	771679	0	1	4145	2	0	4000	other	0
2399	20	Pulse	5	772449	770	2
2399	21	Picture	30	789750	0	1	4144	3	0	4000	other	0
2399	21	Pulse	5	792449	2699	1
2399	22	Picture	31	807820	0	2	4145	3	0	4000	hit	44
2399	22	Pulse	5	812439	4619	1
2399	22	Response	1	814039	6219	1
2399	23	Picture	30	825891	0	1	4145	2	0	4000	other	0
2399	23	Pulse	5	832439	6548	1
2399	24	Picture	30	843962	0	1	4144	3	0	4000	other	0
2399	24	Pulse	5	852438	8476	1
2399	25	Picture	30	862032	0	2	4145	3	0	4000	other	0
2399	25	Pulse	5	872438	10406	1
2399	26	Picture	31	880103	0	1	4145	2	0	4000	hit	52
2399	26	Response	1	885546	5443	2
2399	26	Pulse	5	892426	12323	2
2399	27	Picture	31	898174	0	1	4144	2	0	4000	miss	0
2399	27	Pulse	5	912425	14251	2
2399	28	Picture	30	916244	0	2	4145	3	0	4000	other	0
2399	28	Pulse	5	932425	16181	1
2399	29	Picture	30	934315	0	1	4145	2	0	4000	other	0
2399	30	Picture	30	952386	0	1	4144	3	0	4000	other	0
2399	30	Pulse	5	952414	28	2
2399	31	Picture	31	970456	0	1	4145	2	0	4000	hit	63
2399	31	Pulse	5	972414	1958	1
2399	31	Response	1	978333	7877	2
2399	32	Picture	30	988527	0	1	4145	2	0	4000	other	0
2399	32	Pulse	5	992413	3886	2
2399	33	Picture	30	1006598	0	1	4144	2	0	4000	other	0
2399	33	Pulse	5	1012402	5804	2
2399	34	Picture	30	1024668	0	1	4145	2	0	4000	false_alarm	69
2399	34	Response	1	1028562	3894	2
2399	34	Pulse	5	1032402	7734	2
2399	35	Picture	30	1042739	0	1	4145	2	0	4000	other	0
2399	35	Pulse	5	1052401	9662	2
2399	36	Pulse	5	1072391	11582	1
2399	37	Picture	10	1085843	0	1	4145	2	0	4000	other	0
2399	37	Pulse	5	1092390	6547	2
2399	38	Picture	10	1103914	0	1	4145	2	0	4000	other	0
2399	38	Pulse	5	1112390	8476	1
2399	39	Picture	11	1121985	0	1	4144	2	0	4000	hit	79
2399	39	Response	1	1126619	4634	2
2399	39	Pulse	5	1132379	10394	2
2399	40	Picture	10	1140055	0	1	4145	2	0	4000	other	0
2399	40	Pulse	5	1152378	12323	2
2399	41	Picture	11	1158126	0	1	4144	3	0	4000	hit	84
2399	41	Response	1	1163418	5292	2
2399	41	Pulse	5	1172378	14252	2
2399	42	Picture	10	1176196	0	2	4145	3	0	4000	other	0
2399	42	Pulse	5	1192367	16171	2
2399	43	Picture	10	1194267	0	1	4145	2	0	4000	other	0
2399	44	Picture	10	1212338	0	1	4144	3	0	4000	other	0
2399	44	Pulse	5	1212367	29	2
2399	45	Picture	11	1230408	0	2	4145	3	0	4000	hit	93
2399	45	Pulse	5	1232366	1958	2
2399	45	Response	1	1234286	3878	2
2399	46	Picture	10	1248479	0	1	4145	2	0	4000	other	0
2399	46	Pulse	5	1252356	3877	1
2399	47	Picture	10	1266550	0	1	4144	3	0	4000	other	0
2399	47	Pulse	5	1272356	5806	1
2399	48	Picture	11	1284620	0	2	4145	3	0	4000	hit	99
2399	48	Response	1	1288675	4055	1
2399	48	Pulse	5	1292354	7734	2
2399	49	Picture	10	1302691	0	1	4145	2	0	4000	other	0
2399	49	Pulse	5	1312325	9634	27
2399	50	Picture	10	1320762	0	1	4144	3	0	4000	other	0
2399	50	Pulse	5	1332343	11581	2
2399	51	Picture	10	1338832	0	2	4145	3	0	4000	other	0
2399	51	Pulse	5	1352343	13511	2
2399	52	Picture	10	1356903	0	1	4145	2	0	4000	other	0
2399	52	Pulse	5	1372332	15429	2
2399	53	Pulse	5	1392332	17358	1
2399	54	Picture	20	1400007	0	1	4145	2	0	4000	other	0
2399	54	Pulse	5	1412331	12324	2
2399	55	Picture	20	1418078	0	1	4145	2	0	4000	other	0
2399	55	Pulse	5	1432321	14243	1
2399	56	Picture	21	1436149	0	1	4144	2	0	4000	hit	115
2399	56	Response	1	1442560	6411	2
2399	56	Pulse	5	1452320	16171	2
2399	57	Picture	20	1454219	0	1	4145	2	0	4000	other	0
2399	58	Picture	20	1472290	0	1	4144	3	0	4000	other	0
2399	58	Pulse	5	1472319	29	2
2399	59	Picture	20	1490361	0	1	4144	2	0	4000	other	0
2399	59	Pulse	5	1492309	1948	2
2399	60	Picture	21	1508431	0	1	4145	2	0	4000	hit	124
2399	60	Pulse	5	1512308	3877	2
2399	60	Response	1	1513908	5477	2
2399	61	Picture	20	1526502	0	1	4145	2	0	4000	other	0
2399	61	Pulse	5	1532308	5806	1
2399	62	Picture	20	1544573	0	1	4144	2	0	4000	other	0
2399	62	Pulse	5	1552297	7724	2
2399	63	Picture	20	1562643	0	1	4145	2	0	4000	other	0
2399	63	Pulse	5	1572297	9654	1
2399	64	Picture	20	1580714	0	1	4144	3	0	4000	other	0
2399	64	Pulse	5	1592296	11582	2
2399	65	Picture	20	1598784	0	2	4145	3	0	4000	false_alarm	134
2399	65	Response	1	1602526	3742	2
2399	65	Pulse	5	1612283	13499	4
2399	66	Picture	21	1616855	0	1	4145	2	0	4000	miss	0
2399	66	Pulse	5	1632283	15428	4
2399	67	Picture	20	1634926	0	1	4144	3	0	4000	other	0
2399	67	Pulse	5	1652282	17356	5
2399	68	Picture	20	1652996	0	2	4145	3	0	4000	false_alarm	141
2399	68	Response	1	1656594	3598	2
2399	69	Picture	21	1671067	0	1	4145	2	0	4000	miss	0
2399	69	Pulse	5	1672434	1367	2
2399	70	Pulse	5	1692433	3295	2
2399	70	Pulse	5	1712433	23295	1
2399	71	Picture	10	1714171	0	2	4145	3	0	4000	other	0
2399	72	Picture	10	1732242	0	2	4145	3	0	4000	other	0
2399	72	Pulse	5	1732422	180	2
2399	73	Picture	11	1750313	0	1	4144	2	0	4000	hit	151
2399	73	Pulse	5	1752422	2109	1
2399	73	Response	1	1756261	5948	2
2399	74	Picture	10	1768383	0	2	4145	3	0	4000	other	0
2399	74	Pulse	5	1772421	4038	2
2399	75	Picture	11	1786454	0	1	4145	2	0	4000	hit	155
2399	75	Response	1	1791930	5476	2
2399	75	Pulse	5	1792410	5956	2
2399	76	Picture	10	1804524	0	2	4145	3	0	4000	other	0
2399	76	Pulse	5	1812410	7886	2
2399	77	Picture	10	1822595	0	1	4145	2	0	4000	other	0
2399	77	Pulse	5	1832409	9814	2
2399	78	Picture	11	1840666	0	1	4144	3	0	4000	hit	162
2399	78	Response	1	1845519	4853	2
2399	78	Pulse	5	1852399	11733	1
2399	79	Picture	10	1858737	0	1	4144	2	0	4000	other	0
2399	79	Pulse	5	1872398	13661	2
2399	80	Picture	10	1876807	0	1	4145	2	0	4000	other	0
2399	80	Pulse	5	1892389	15582	1
2399	81	Picture	10	1894877	0	2	4145	4	0	4000	other	0
2399	81	Pulse	5	1912388	17511	1
2399	82	Picture	10	1912948	0	2	4145	3	0	4000	false_alarm	171
2399	82	Response	1	1916387	3439	2
2399	83	Picture	10	1931019	0	1	4145	2	0	4000	other	0
2399	83	Pulse	5	1932388	1369	1
2399	84	Picture	11	1949090	0	1	4144	3	0	4000	hit	176
2399	84	Pulse	5	1952387	3297	1
2399	84	Response	1	1953507	4417	1
2399	85	Picture	10	1967160	0	2	4145	3	0	4000	other	0
2399	85	Pulse	5	1972375	5215	2
2399	86	Picture	10	1985231	0	1	4145	2	0	4000	other	0
2399	86	Pulse	5	1992376	7145	1
2399	87	Pulse	5	2012374	9072	2
2399	88	Picture	30	2028335	0	2	4145	3	0	4000	other	0
2399	88	Pulse	5	2032364	4029	1
2399	89	Picture	30	2046406	0	1	4145	2	0	4000	other	0
2399	89	Pulse	5	2052363	5957	2
2399	90	Picture	30	2064477	0	1	4144	3	0	4000	other	0
2399	90	Pulse	5	2072362	7885	2
2399	91	Picture	31	2082547	0	2	4145	3	0	4000	miss	0
2399	91	Pulse	5	2092352	9805	2
2399	92	Picture	31	2100618	0	1	4145	2	0	4000	hit	191
2399	92	Response	1	2110431	9813	2
2399	92	Pulse	5	2112351	11733	2
2399	93	Picture	30	2118689	0	1	4144	3	0	4000	other	0
2399	93	Pulse	5	2132351	13662	2
2399	94	Picture	30	2136759	0	2	4145	3	0	4000	other	0
2399	94	Pulse	5	2152340	15581	2
2399	95	Picture	30	2154829	0	3	4146	4	0	4000	other	0
2399	95	Pulse	5	2172340	17511	1
2399	96	Picture	31	2172901	0	1	4144	2	0	4000	hit	200
2399	96	Response	1	2181299	8398	2
2399	97	Picture	30	2190971	0	1	4145	2	0	4000	other	0
2399	97	Pulse	5	2192339	1368	2
2399	98	Picture	30	2209042	0	1	4145	2	0	4000	other	0
2399	98	Pulse	5	2212329	3287	1
2399	99	Picture	30	2227113	0	1	4144	2	0	4000	false_alarm	207
2399	99	Pulse	5	2232328	5215	2
2399	99	Response	1	2235528	8415	2
2399	100	Picture	30	2245183	0	2	4145	3	0	4000	other	0
2399	100	Pulse	5	2252327	7144	2
2399	101	Picture	31	2263254	0	1	4145	2	0	4000	miss	0
2399	101	Pulse	5	2272317	9063	2
2399	102	Picture	30	2281325	0	1	4144	2	0	4000	false_alarm	213
2399	102	Response	1	2287996	6671	2
2399	102	Pulse	5	2292316	10991	3
2399	103	Picture	30	2299395	0	1	4145	2	0	4000	other	0
2399	103	Pulse	5	2312316	12921	2
2399	104	Pulse	5	2332305	14839	2
2399	105	Picture	10	2342500	0	1	4144	2	0	4000	other	0
2399	105	Pulse	5	2352305	9805	1
2399	106	Picture	10	2360570	0	1	4145	2	0	4000	other	0
2399	106	Pulse	5	2372304	11734	2
2399	107	Picture	11	2378641	0	1	4144	3	0	4000	hit	223
2399	107	Response	1	2384774	6133	2
2399	107	Pulse	5	2392293	13652	2
2399	108	Picture	10	2396711	0	2	4145	3	0	4000	other	0
2399	108	Pulse	5	2412293	15582	2
2399	109	Picture	11	2414782	0	1	4145	2	0	4000	hit	228
2399	109	Response	1	2419333	4551	2
2399	109	Pulse	5	2432292	17510	2
2399	110	Picture	10	2432852	0	2	4145	4	0	4000	other	0
2399	111	Picture	10	2450923	0	2	4145	3	0	4000	other	0
2399	111	Pulse	5	2452282	1359	2
2399	112	Picture	11	2468994	0	1	4145	2	0	4000	hit	235
2399	112	Pulse	5	2472281	3287	2
2399	112	Response	1	2473401	4407	2
2399	113	Picture	10	2487065	0	1	4144	3	0	4000	other	0
2399	113	Pulse	5	2492282	5217	1
2399	114	Picture	10	2505135	0	2	4145	3	0	4000	other	0
2399	114	Pulse	5	2512270	7135	2
2399	115	Picture	10	2523206	0	1	4145	2	0	4000	other	0
2399	115	Pulse	5	2532269	9063	2
2399	116	Picture	10	2541277	0	1	4144	3	0	4000	other	0
2399	116	Pulse	5	2552269	10992	2
2399	117	Picture	10	2559347	0	2	4145	3	0	4000	other	0
2399	117	Pulse	5	2572258	12911	2
2399	118	Picture	11	2577418	0	1	4145	2	0	4000	hit	247
2399	118	Response	1	2581376	3958	4
2399	118	Pulse	5	2592258	14840	2
2399	119	Picture	10	2595489	0	1	4144	2	0	4000	other	0
2399	119	Pulse	5	2612257	16768	2
2399	120	Picture	10	2613559	0	2	4145	3	0	4000	other	0
2399	121	Pulse	5	2632247	617	1
2399	121	Pulse	5	2652246	20616	2
2399	122	Picture	20	2656664	0	1	4144	2	0	4000	other	0
2399	122	Pulse	5	2672246	15582	1
2399	123	Picture	20	2674734	0	1	4145	2	0	4000	other	0
2399	123	Pulse	5	2692235	17501	2
2399	124	Picture	20	2692805	0	1	4145	2	0	4000	other	0
2399	125	Picture	21	2710876	0	1	4144	2	0	4000	hit	261
2399	125	Pulse	5	2712394	1518	2
2399	125	Response	1	2714474	3598	2
2399	126	Picture	20	2728946	0	1	4145	2	0	4000	other	0
2399	126	Pulse	5	2732394	3448	2
2399	127	Picture	20	2747017	0	1	4144	3	0	4000	other	0
2399	127	Pulse	5	2752383	5366	2
2399	128	Picture	21	2765088	0	1	4144	2	0	4000	miss	0
2399	128	Pulse	5	2772383	7295	2
2399	129	Picture	20	2783158	0	1	4145	2	0	4000	other	0
2399	129	Pulse	5	2792382	9224	2
2399	130	Picture	20	2801229	0	1	4144	3	0	4000	false_alarm	271
2399	130	Response	1	2807732	6503	2
2399	130	Pulse	5	2812372	11143	1
2399	131	Picture	20	2819299	0	2	4145	3	0	4000	other	0
2399	131	Pulse	5	2832371	13072	2
2399	132	Picture	21	2837370	0	2	4145	3	0	4000	hit	276
2399	132	Response	1	2843091	5721	2
2399	132	Pulse	5	2852370	15000	2
2399	133	Picture	20	2855441	0	1	4144	3	0	4000	other	0
2399	133	Pulse	5	2872360	16919	2
2399	134	Picture	20	2873511	0	2	4145	3	0	4000	other	0
2399	135	Picture	21	2891582	0	1	4145	2	0	4000	miss	0
2399	135	Pulse	5	2892359	777	2
2399	136	Picture	20	2909653	0	1	4144	3	0	4000	other	0
2399	136	Pulse	5	2912350	2697	1
2399	137	Picture	20	2927723	0	2	4145	3	0	4000	other	0
2399	137	Pulse	5	2932350	4627	1
