Scenario - 1-back
Logfile written - 04/09/2015 17:45:47

Subject	Trial	Event Type	Code	Time	TTime	Uncertainty	Duration	Uncertainty	ReqTime	ReqDur	Stim Type	Pair Index

2399	1	Pulse	5	145187	155021	2
2399	2	Pulse	5	165177	19837	2
2399	3	Picture	10	170374	0	1	4145	2	0	4000	other	0
2399	3	Pulse	5	185176	14802	2
2399	4	Picture	10	188445	0	1	4144	3	0	4000	other	0
2399	4	Pulse	5	205176	16731	1
2399	5	Picture	11	206515	0	2	4145	3	0	4000	hit	8
2399	5	Response	1	210125	3610	2
2399	6	Picture	10	224586	0	1	4145	2	0	4000	other	0
2399	6	Pulse	5	225166	580	1
2399	7	Picture	11	242657	0	1	4144	3	0	4000	hit	13
2399	7	Pulse	5	245165	2508	1
2399	7	Response	1	247404	4747	2
2399	8	Picture	10	260727	0	2	4145	3	0	4000	other	0
2399	8	Pulse	5	265164	4437	2
2399	9	Picture	10	278798	0	1	4145	2	0	4000	other	0
2399	9	Pulse	5	285153	6355	2
2399	10	Picture	10	296869	0	1	4144	3	0	4000	other	0
2399	10	Pulse	5	305153	8284	2
2399	11	Picture	11	314939	0	2	4145	3	0	4000	hit	21
2399	11	Response	1	318112	3173	2
2399	11	Pulse	5	325152	10213	2
2399	12	Picture	10	333010	0	1	4145	2	0	4000	other	0
2399	12	Pulse	5	345142	12132	2
2399	13	Picture	10	351081	0	1	4144	2	0	4000	other	0
2399	13	Pulse	5	365141	14060	2
2399	14	Picture	11	369151	0	1	4145	2	0	4000	hit	28
2399	14	Response	1	372821	3670	2
2399	14	Pulse	5	385141	15990	1
2399	15	Picture	10	387222	0	1	4145	2	0	4000	other	0
2399	15	Pulse	5	405287	18065	7
2399	16	Picture	10	405288	0	6	4149	7	0	4000	other	0
2399	17	Picture	10	423363	0	1	4145	2	0	4000	false_alarm	35
2399	17	Pulse	5	425289	1926	3
2399	17	Response	1	426889	3526	2
2399	18	Picture	10	441434	0	1	4144	3	0	4000	other	0
2399	18	Pulse	5	445289	3855	2
2399	19	Pulse	5	465276	5772	8
2399	20	Picture	20	484538	0	1	4145	2	0	4000	other	0
2399	20	Pulse	5	485276	738	7
2399	21	Picture	20	502609	0	1	4144	3	0	4000	other	0
2399	21	Pulse	5	505277	2668	2
2399	22	Picture	21	520680	0	1	4144	2	0	4000	miss	0
2399	22	Pulse	5	525265	4585	8
2399	23	Picture	20	538750	0	1	4145	2	0	4000	other	0
2399	23	Pulse	5	545266	6516	5
2399	24	Picture	20	556821	0	1	4144	3	0	4000	other	0
2399	24	Pulse	5	565264	8443	7
2399	25	Picture	20	574891	0	2	4145	3	0	4000	other	0
2399	25	Pulse	5	585255	10364	5
2399	26	Picture	21	592962	0	1	4145	2	0	4000	hit	52
2399	26	Response	1	597255	4293	1
2399	26	Pulse	5	605254	12292	6
2399	27	Picture	20	611033	0	1	4144	3	0	4000	other	0
2399	27	Pulse	5	625254	14221	5
2399	28	Picture	20	629103	0	2	4145	3	0	4000	other	0
2399	28	Pulse	5	645243	16140	2
2399	29	Picture	20	647174	0	1	4145	2	0	4000	other	0
2399	29	Pulse	5	665243	18069	2
2399	30	Picture	20	665245	0	1	4144	2	0	4000	other	0
2399	31	Picture	20	683315	0	1	4145	2	0	4000	false_alarm	63
2399	31	Pulse	5	685242	1927	2
2399	31	Response	1	688433	5118	1
2399	32	Picture	21	701386	0	1	4145	2	0	4000	miss	0
2399	32	Pulse	5	705232	3846	1
2399	33	Picture	20	719457	0	1	4144	2	0	4000	other	0
2399	33	Pulse	5	725231	5774	2
2399	34	Picture	20	737527	0	1	4145	2	0	4000	other	0
2399	34	Pulse	5	745230	7703	2
2399	35	Picture	21	755598	0	1	4145	2	0	4000	hit	71
2399	35	Response	1	761860	6262	2
2399	35	Pulse	5	765220	9622	2
2399	36	Pulse	5	785218	11549	4
2399	37	Picture	10	798702	0	1	4145	2	0	4000	other	0
2399	37	Pulse	5	805219	6517	2
2399	38	Picture	10	816773	0	1	4145	2	0	4000	other	0
2399	38	Pulse	5	825208	8435	2
2399	39	Picture	11	834843	0	2	4145	3	0	4000	hit	79
2399	39	Response	1	838328	3485	2
2399	39	Pulse	5	845208	10365	1
2399	40	Picture	10	852914	0	1	4145	2	0	4000	other	0
2399	40	Pulse	5	865207	12293	2
2399	41	Picture	11	870985	0	1	4144	3	0	4000	hit	84
2399	41	Response	1	875917	4932	2
2399	41	Pulse	5	885196	14211	2
2399	42	Picture	10	889055	0	2	4145	3	0	4000	other	0
2399	42	Pulse	5	905196	16141	2
2399	43	Picture	10	907126	0	1	4145	2	0	4000	other	0
2399	43	Pulse	5	925195	18069	2
2399	44	Picture	10	925197	0	1	4144	3	0	4000	other	0
2399	45	Picture	11	943267	0	2	4145	3	0	4000	hit	93
2399	45	Pulse	5	945185	1918	2
2399	45	Response	1	946785	3518	2
2399	46	Picture	10	961338	0	1	4145	2	0	4000	other	0
2399	46	Pulse	5	965184	3846	2
2399	47	Picture	10	979409	0	1	4144	2	0	4000	other	0
2399	47	Pulse	5	985175	5766	1
2399	48	Picture	11	997479	0	1	4145	2	0	4000	hit	99
2399	48	Response	1	1000535	3056	1
2399	48	Pulse	5	1005174	7695	2
2399	49	Picture	10	1015550	0	1	4145	2	0	4000	other	0
2399	49	Pulse	5	1025174	9624	1
2399	50	Picture	10	1033621	0	1	4144	2	0	4000	other	0
2399	50	Pulse	5	1045173	11552	1
2399	51	Picture	10	1051691	0	1	4145	2	0	4000	other	0
2399	51	Pulse	5	1065161	13470	2
2399	52	Picture	10	1069762	0	1	4145	2	0	4000	other	0
2399	52	Pulse	5	1085161	15399	2
2399	53	Response	1	1090601	2768	2
2399	53	Pulse	5	1105160	17327	2
2399	54	Picture	30	1112866	0	1	4145	2	0	4000	other	0
2399	54	Pulse	5	1125150	12284	2
2399	55	Picture	30	1130937	0	1	4145	2	0	4000	other	0
2399	55	Pulse	5	1145149	14212	2
2399	56	Picture	31	1149007	0	2	4145	3	0	4000	hit	116
2399	56	Response	1	1152829	3822	2
2399	56	Pulse	5	1165149	16142	1
2399	57	Picture	30	1167078	0	1	4145	2	0	4000	other	0
2399	57	Pulse	5	1185138	18060	2
2399	58	Picture	30	1185149	0	1	4144	3	0	4000	other	0
2399	59	Picture	30	1203219	0	2	4145	3	0	4000	other	0
2399	59	Pulse	5	1205137	1918	2
2399	60	Picture	31	1221290	0	1	4145	2	0	4000	hit	125
2399	60	Pulse	5	1225137	3847	2
2399	60	Response	1	1233287	11997	2
2399	61	Picture	31	1239361	0	1	4144	3	0	4000	miss	0
2399	61	Pulse	5	1245126	5765	2
2399	62	Picture	30	1257431	0	2	4145	3	0	4000	other	0
2399	62	Pulse	5	1265126	7695	2
2399	63	Picture	30	1275502	0	1	4145	2	0	4000	false_alarm	131
2399	63	Response	1	1281925	6423	2
2399	63	Pulse	5	1285125	9623	2
2399	64	Picture	30	1293573	0	1	4144	3	0	4000	other	0
2399	64	Pulse	5	1305115	11542	1
2399	65	Picture	31	1311643	0	2	4145	3	0	4000	hit	136
2399	65	Response	1	1316954	5311	2
2399	65	Pulse	5	1325114	13471	2
2399	66	Picture	30	1329714	0	1	4145	2	0	4000	other	0
2399	66	Pulse	5	1345114	15400	1
2399	67	Picture	30	1347785	0	1	4144	2	0	4000	other	0
2399	67	Pulse	5	1365103	17318	2
2399	68	Picture	30	1365855	0	1	4145	2	0	4000	false_alarm	143
2399	68	Response	1	1371983	6128	2
2399	69	Picture	30	1383926	0	1	4145	2	0	4000	other	0
2399	69	Pulse	5	1385102	1176	2
2399	70	Pulse	5	1405102	3105	2
2399	70	Pulse	5	1425091	23094	2
2399	71	Picture	10	1427030	0	1	4145	2	0	4000	other	0
2399	72	Picture	10	1445101	0	1	4145	2	0	4000	other	0
2399	72	Pulse	5	1445252	151	1
2399	73	Picture	11	1463171	0	2	4145	3	0	4000	hit	153
2399	73	Pulse	5	1465252	2081	1
2399	73	Response	1	1467800	4629	2
2399	74	Picture	10	1481242	0	1	4145	2	0	4000	other	0
2399	74	Pulse	5	1485240	3998	2
2399	75	Picture	11	1499313	0	1	4145	2	0	4000	hit	157
2399	75	Response	1	1503799	4486	2
2399	75	Pulse	5	1505239	5926	3
2399	76	Picture	10	1517384	0	1	4144	2	0	4000	other	0
2399	76	Pulse	5	1525238	7854	3
2399	77	Picture	10	1535454	0	1	4145	2	0	4000	other	0
2399	77	Pulse	5	1545228	9774	2
2399	78	Picture	11	1553525	0	1	4144	3	0	4000	hit	164
2399	78	Response	1	1556908	3383	1
2399	78	Pulse	5	1565227	11702	3
2399	79	Picture	10	1571595	0	2	4145	3	0	4000	other	0
2399	79	Pulse	5	1585226	13631	3
2399	80	Picture	10	1589666	0	1	4145	2	0	4000	false_alarm	169
2399	80	Response	1	1593217	3551	2
2399	80	Pulse	5	1605216	15550	3
2399	81	Picture	10	1607737	0	1	4144	3	0	4000	other	0
2399	81	Pulse	5	1625215	17478	4
2399	82	Picture	10	1625807	0	2	4145	3	0	4000	other	0
2399	83	Picture	10	1643878	0	1	4145	2	0	4000	other	0
2399	83	Pulse	5	1645214	1336	4
2399	84	Picture	11	1661949	0	1	4144	3	0	4000	hit	178
2399	84	Pulse	5	1665205	3256	1
2399	84	Response	1	1666324	4375	2
2399	85	Picture	10	1680019	0	2	4145	3	0	4000	other	0
2399	85	Pulse	5	1685204	5185	2
2399	86	Picture	10	1698090	0	1	4145	2	0	4000	other	0
2399	86	Pulse	5	1705203	7113	2
2399	87	Pulse	5	1725194	9033	1
2399	88	Picture	20	1741194	0	2	4145	3	0	4000	other	0
2399	88	Pulse	5	1745192	3998	2
2399	89	Picture	20	1759265	0	1	4145	2	0	4000	other	0
2399	89	Pulse	5	1765192	5927	1
2399	90	Picture	20	1777336	0	1	4144	2	0	4000	other	0
2399	90	Pulse	5	1785181	7845	2
2399	91	Picture	21	1795406	0	1	4145	2	0	4000	hit	191
2399	91	Response	1	1803421	8015	1
2399	91	Pulse	5	1805181	9775	1
2399	92	Picture	20	1813477	0	1	4144	3	0	4000	other	0
2399	92	Pulse	5	1825180	11703	2
2399	93	Picture	20	1831547	0	2	4145	3	0	4000	other	0
2399	93	Pulse	5	1845169	13622	2
2399	94	Picture	21	1849618	0	1	4145	2	0	4000	hit	198
2399	94	Response	1	1855249	5631	2
2399	94	Pulse	5	1865169	15551	2
2399	95	Picture	20	1867689	0	1	4144	3	0	4000	other	0
2399	95	Pulse	5	1885168	17479	2
2399	96	Picture	20	1885759	0	2	4145	3	0	4000	other	0
2399	97	Picture	20	1903830	0	1	4145	2	0	4000	false_alarm	205
2399	97	Pulse	5	1905158	1328	2
2399	97	Response	1	1910278	6448	1
2399	98	Picture	21	1921901	0	1	4144	3	0	4000	miss	0
2399	98	Pulse	5	1925157	3256	2
2399	99	Picture	20	1939971	0	2	4145	3	0	4000	other	0
2399	99	Pulse	5	1945157	5186	1
2399	100	Picture	20	1958042	0	1	4145	2	0	4000	other	0
2399	100	Pulse	5	1965146	7104	2
2399	101	Picture	21	1976113	0	1	4144	3	0	4000	hit	213
2399	101	Response	1	1982426	6313	1
2399	101	Pulse	5	1985145	9032	2
2399	102	Picture	20	1994183	0	2	4145	3	0	4000	other	0
2399	102	Pulse	5	2005136	10953	1
2399	103	Picture	20	2012254	0	1	4145	2	0	4000	other	0
2399	103	Pulse	5	2025136	12882	1
2399	104	Pulse	5	2045135	14810	1
2399	105	Picture	10	2055358	0	2	4145	3	0	4000	other	0
2399	105	Pulse	5	2065135	9777	1
2399	106	Picture	10	2073429	0	1	4145	2	0	4000	other	0
2399	106	Pulse	5	2085123	11694	2
2399	107	Picture	11	2091500	0	1	4144	2	0	4000	hit	225
2399	107	Response	1	2096162	4662	2
2399	107	Pulse	5	2105122	13622	2
2399	108	Picture	10	2109570	0	1	4145	2	0	4000	other	0
2399	108	Pulse	5	2125121	15551	2
2399	109	Picture	11	2127641	0	1	4144	3	0	4000	hit	230
2399	109	Response	1	2132151	4510	2
2399	109	Pulse	5	2145111	17470	2
2399	110	Picture	10	2145711	0	2	4145	3	0	4000	other	0
2399	111	Picture	10	2163782	0	1	4145	2	0	4000	other	0
2399	111	Pulse	5	2165111	1329	1
2399	112	Picture	11	2181853	0	1	4145	2	0	4000	hit	237
2399	112	Pulse	5	2185110	3257	2
2399	112	Response	1	2185270	3417	2
2399	113	Picture	10	2199923	0	2	4145	3	0	4000	other	0
2399	113	Pulse	5	2205099	5176	2
2399	114	Picture	10	2217994	0	1	4145	2	0	4000	other	0
2399	114	Pulse	5	2225099	7105	2
2399	115	Picture	10	2236065	0	1	4144	3	0	4000	other	0
2399	115	Pulse	5	2245098	9033	2
2399	116	Picture	10	2254135	0	2	4145	3	0	4000	other	0
2399	116	Pulse	5	2265088	10953	1
2399	117	Picture	10	2272206	0	1	4145	2	0	4000	other	0
2399	117	Pulse	5	2285087	12881	2
2399	118	Picture	11	2290277	0	1	4144	3	0	4000	hit	249
2399	118	Response	1	2294367	4090	2
2399	118	Pulse	5	2305086	14809	2
2399	119	Picture	10	2308347	0	2	4145	3	0	4000	other	0
2399	119	Pulse	5	2325076	16729	2
2399	120	Picture	10	2326418	0	1	4145	2	0	4000	other	0
2399	121	Pulse	5	2345075	586	2
2399	121	Pulse	5	2365075	20586	2
2399	122	Picture	30	2369522	0	2	4145	3	0	4000	other	0
2399	122	Pulse	5	2385064	15542	2
2399	123	Picture	30	2387593	0	1	4145	2	0	4000	other	0
2399	123	Pulse	5	2405064	17471	1
2399	124	Picture	30	2405664	0	1	4144	3	0	4000	false_alarm	261
2399	124	Response	1	2408904	3240	1
2399	125	Picture	31	2423734	0	2	4145	3	0	4000	miss	0
2399	125	Pulse	5	2425063	1329	2
2399	126	Picture	31	2441805	0	1	4145	2	0	4000	miss	0
2399	126	Pulse	5	2445052	3247	2
2399	127	Picture	30	2459876	0	1	4144	3	0	4000	other	0
2399	127	Pulse	5	2465052	5176	2
2399	128	Picture	30	2477946	0	1	4144	3	0	4000	other	0
2399	128	Pulse	5	2485213	7267	1
2399	129	Picture	30	2496017	0	1	4145	2	0	4000	other	0
2399	129	Pulse	5	2505201	9184	2
2399	130	Picture	31	2514087	0	2	4145	3	0	4000	hit	273
2399	130	Response	1	2519280	5193	2
2399	130	Pulse	5	2525200	11113	2
2399	131	Picture	30	2532158	0	1	4145	2	0	4000	other	0
2399	131	Pulse	5	2545200	13042	2
2399	132	Picture	30	2550229	0	1	4144	3	0	4000	other	0
2399	132	Pulse	5	2565190	14961	1
2399	133	Picture	30	2568300	0	1	4144	2	0	4000	other	0
2399	133	Pulse	5	2585189	16889	1
2399	134	Picture	30	2586370	0	1	4145	2	0	4000	other	0
2399	135	Picture	31	2604441	0	1	4144	3	0	4000	hit	284
2399	135	Pulse	5	2605188	747	2
2399	135	Response	1	2607898	3457	2
2399	136	Picture	30	2622511	0	2	4145	3	0	4000	other	0
2399	136	Pulse	5	2625177	2666	3
2399	137	Picture	30	2640582	0	1	4145	2	0	4000	other	0
2399	137	Pulse	5	2645177	4595	2
