Scenario - 1-back
Logfile written - 04/09/2015 17:56:12

Subject	Trial	Event Type	Code	Time	TTime	Uncertainty	Duration	Uncertainty	ReqTime	ReqDur	Stim Type	Pair Index

2399	1	Pulse	5	740234	750068	2
2399	2	Response	1	746954	6608	2
2399	2	Pulse	5	760234	19888	2
2399	3	Picture	10	765379	0	2	4145	3	0	4000	other	0
2399	3	Pulse	5	780233	14854	2
2399	4	Picture	10	783450	0	1	4145	2	0	4000	other	0
2399	4	Pulse	5	800223	16773	1
2399	5	Picture	11	801521	0	1	4144	3	0	4000	hit	9
2399	5	Response	1	805343	3822	1
2399	6	Picture	10	819591	0	1	4145	2	0	4000	other	0
2399	6	Pulse	5	820222	631	2
2399	7	Picture	11	837661	0	2	4146	3	0	4000	hit	14
2399	7	Pulse	5	840222	2561	1
2399	7	Response	1	844531	6870	2
2399	8	Picture	10	855733	0	1	4144	2	0	4000	other	0
2399	8	Pulse	5	860211	4478	2
2399	9	Picture	10	873803	0	1	4145	2	0	4000	other	0
2399	9	Pulse	5	880210	6407	2
2399	10	Picture	10	891874	0	1	4145	2	0	4000	other	0
2399	10	Pulse	5	900210	8336	2
2399	11	Picture	11	909944	0	2	4145	3	0	4000	hit	22
2399	11	Response	1	913639	3695	2
2399	11	Pulse	5	920200	10256	1
2399	12	Picture	10	928015	0	1	4145	2	0	4000	other	0
2399	12	Pulse	5	940199	12184	1
2399	13	Picture	10	946086	0	1	4144	3	0	4000	other	0
2399	13	Pulse	5	960198	14112	2
2399	14	Picture	11	964157	0	1	4144	2	0	4000	hit	29
2399	14	Response	1	970268	6111	2
2399	14	Pulse	5	980188	16031	1
2399	15	Picture	10	982227	0	1	4145	2	0	4000	other	0
2399	15	Pulse	5	1000187	17960	2
2399	16	Picture	10	1000298	0	1	4144	3	0	4000	other	0
2399	17	Picture	10	1018369	0	1	4144	2	0	4000	other	0
2399	17	Pulse	5	1020186	1817	2
2399	18	Picture	10	1036439	0	1	4145	2	0	4000	other	0
2399	18	Pulse	5	1040336	3897	2
2399	19	Pulse	5	1060335	5825	2
2399	20	Picture	20	1079543	0	2	4145	3	0	4000	other	0
2399	20	Pulse	5	1080336	793	1
2399	21	Picture	20	1097613	0	2	4146	3	0	4000	other	0
2399	21	Pulse	5	1100324	2711	2
2399	22	Picture	21	1115685	0	1	4144	3	0	4000	hit	44
2399	22	Response	1	1119044	3359	1
2399	22	Pulse	5	1120324	4639	1
2399	23	Picture	20	1133755	0	2	4145	3	0	4000	other	0
2399	23	Pulse	5	1140323	6568	2
2399	24	Picture	20	1151826	0	1	4145	2	0	4000	other	0
2399	24	Pulse	5	1160312	8486	2
2399	25	Picture	20	1169897	0	1	4144	2	0	4000	other	0
2399	25	Pulse	5	1180312	10415	2
2399	26	Picture	21	1187967	0	2	4145	3	0	4000	hit	53
2399	26	Response	1	1192632	4665	1
2399	26	Pulse	5	1200311	12344	2
2399	27	Picture	20	1206038	0	1	4145	2	0	4000	other	0
2399	27	Pulse	5	1220301	14263	2
2399	28	Picture	20	1224109	0	1	4144	3	0	4000	other	0
2399	28	Pulse	5	1240300	16191	2
2399	29	Picture	20	1242179	0	1	4145	2	0	4000	other	0
2399	30	Picture	20	1260249	0	2	4146	3	0	4000	other	0
2399	30	Pulse	5	1260300	51	1
2399	31	Picture	20	1278321	0	1	4144	2	0	4000	false_alarm	64
2399	31	Pulse	5	1280289	1968	2
2399	31	Response	1	1283650	5329	1
2399	32	Picture	21	1296391	0	1	4145	2	0	4000	miss	0
2399	32	Pulse	5	1300289	3898	1
2399	33	Picture	20	1314462	0	1	4145	2	0	4000	other	0
2399	33	Pulse	5	1320288	5826	2
2399	34	Picture	20	1332533	0	1	4144	2	0	4000	other	0
2399	34	Pulse	5	1340277	7744	2
2399	35	Picture	21	1350603	0	1	4145	2	0	4000	hit	72
2399	35	Response	1	1354197	3594	2
2399	35	Pulse	5	1360278	9675	1
2399	36	Pulse	5	1380276	11602	2
2399	37	Picture	10	1393707	0	2	4145	3	0	4000	other	0
2399	37	Pulse	5	1400266	6559	2
2399	38	Picture	10	1411778	0	1	4145	2	0	4000	other	0
2399	38	Pulse	5	1420265	8487	2
2399	39	Picture	11	1429849	0	1	4144	3	0	4000	hit	80
2399	39	Response	1	1434505	4656	2
2399	39	Pulse	5	1440265	10416	1
2399	40	Picture	10	1447919	0	2	4145	3	0	4000	other	0
2399	40	Pulse	5	1460254	12335	2
2399	41	Picture	11	1465990	0	1	4145	2	0	4000	hit	85
2399	41	Response	1	1470174	4184	2
2399	41	Pulse	5	1480253	14263	2
2399	42	Picture	10	1484061	0	1	4144	3	0	4000	other	0
2399	42	Pulse	5	1500244	16183	1
2399	43	Picture	10	1502131	0	2	4145	3	0	4000	other	0
2399	44	Picture	10	1520202	0	1	4145	2	0	4000	other	0
2399	44	Pulse	5	1520244	42	1
2399	45	Picture	11	1538273	0	1	4144	3	0	4000	hit	94
2399	45	Pulse	5	1540243	1970	1
2399	45	Response	1	1542003	3730	1
2399	46	Picture	10	1556343	0	2	4145	3	0	4000	other	0
2399	46	Pulse	5	1560243	3900	1
2399	47	Picture	10	1574414	0	1	4145	2	0	4000	other	0
2399	47	Pulse	5	1580231	5817	1
2399	48	Picture	11	1592485	0	1	4144	3	0	4000	hit	100
2399	48	Response	1	1599430	6945	2
2399	48	Pulse	5	1600230	7745	2
2399	49	Picture	10	1610555	0	2	4145	3	0	4000	other	0
2399	49	Pulse	5	1620230	9675	1
2399	50	Picture	10	1628626	0	1	4145	2	0	4000	other	0
2399	50	Pulse	5	1640219	11593	2
2399	51	Picture	10	1646697	0	1	4144	3	0	4000	other	0
2399	51	Pulse	5	1660218	13521	2
2399	52	Picture	10	1664767	0	2	4145	3	0	4000	other	0
2399	52	Pulse	5	1680218	15451	2
2399	53	Pulse	5	1700207	17369	2
2399	54	Picture	30	1707872	0	1	4144	3	0	4000	other	0
2399	54	Pulse	5	1720207	12335	2
2399	55	Picture	30	1725942	0	1	4145	2	0	4000	other	0
2399	55	Pulse	5	1740206	14264	2
2399	56	Picture	31	1744013	0	1	4144	3	0	4000	hit	116
2399	56	Response	1	1748676	4663	2
2399	56	Pulse	5	1760196	16183	1
2399	57	Picture	30	1762083	0	2	4145	3	0	4000	other	0
2399	58	Picture	30	1780153	0	3	4146	4	0	4000	other	0
2399	58	Pulse	5	1780195	42	2
2399	59	Picture	30	1798225	0	1	4145	2	0	4000	other	0
2399	59	Pulse	5	1800194	1969	2
2399	60	Picture	31	1816295	0	2	4145	3	0	4000	hit	125
2399	60	Pulse	5	1820184	3889	2
2399	60	Response	1	1824664	8369	2
2399	61	Picture	31	1834366	0	1	4145	2	0	4000	miss	0
2399	61	Pulse	5	1840183	5817	2
2399	62	Picture	30	1852437	0	1	4144	3	0	4000	other	0
2399	62	Pulse	5	1860183	7746	2
2399	63	Picture	30	1870507	0	2	4145	3	0	4000	other	0
2399	63	Pulse	5	1880172	9665	2
2399	64	Picture	30	1888578	0	1	4145	2	0	4000	false_alarm	133
2399	64	Response	1	1892012	3434	2
2399	64	Pulse	5	1900172	11594	1
2399	65	Picture	31	1906649	0	1	4144	3	0	4000	miss	0
2399	65	Pulse	5	1920171	13522	2
2399	66	Picture	30	1924719	0	2	4145	3	0	4000	false_alarm	138
2399	66	Response	1	1930881	6162	2
2399	66	Pulse	5	1940161	15442	1
2399	67	Picture	30	1942790	0	1	4145	2	0	4000	other	0
2399	67	Pulse	5	1960160	17370	2
2399	68	Picture	30	1960861	0	1	4144	3	0	4000	false_alarm	143
2399	68	Response	1	1964640	3779	2
2399	69	Picture	30	1978931	0	2	4145	3	0	4000	other	0
2399	69	Pulse	5	1980159	1228	2
2399	70	Pulse	5	2000147	3145	4
2399	70	Pulse	5	2020146	23144	4
2399	71	Picture	10	2022036	0	1	4144	3	0	4000	other	0
2399	72	Picture	10	2040106	0	2	4145	3	0	4000	other	0
2399	72	Pulse	5	2040146	40	4
2399	73	Picture	11	2058177	0	1	4145	2	0	4000	hit	153
2399	73	Pulse	5	2060137	1960	2
2399	73	Response	1	2063018	4841	1
2399	74	Picture	10	2076248	0	1	4144	2	0	4000	other	0
2399	74	Pulse	5	2080297	4049	1
2399	75	Picture	11	2094318	0	1	4145	2	0	4000	hit	157
2399	75	Response	1	2098376	4058	2
2399	75	Pulse	5	2100296	5978	2
2399	76	Picture	10	2112389	0	1	4145	2	0	4000	other	0
2399	76	Pulse	5	2120285	7896	2
2399	77	Picture	10	2130460	0	1	4144	2	0	4000	other	0
2399	77	Pulse	5	2140285	9825	2
2399	78	Picture	11	2148530	0	1	4145	2	0	4000	hit	164
2399	78	Response	1	2152285	3755	1
2399	78	Pulse	5	2160284	11754	2
2399	79	Picture	10	2166601	0	1	4144	3	0	4000	other	0
2399	79	Pulse	5	2180274	13673	2
2399	80	Picture	10	2184672	0	1	4144	2	0	4000	false_alarm	169
2399	80	Response	1	2188434	3762	1
2399	80	Pulse	5	2200273	15601	2
2399	81	Picture	10	2202742	0	1	4145	2	0	4000	other	0
2399	81	Pulse	5	2220273	17531	1
2399	82	Picture	10	2220813	0	1	4144	3	0	4000	other	0
2399	83	Picture	10	2238884	0	1	4144	2	0	4000	other	0
2399	83	Pulse	5	2240262	1378	2
2399	84	Picture	11	2256954	0	1	4145	2	0	4000	hit	178
2399	84	Pulse	5	2260262	3308	1
2399	84	Response	1	2261221	4267	2
2399	85	Picture	10	2275025	0	1	4144	3	0	4000	other	0
2399	85	Pulse	5	2280261	5236	2
2399	86	Picture	10	2293095	0	2	4145	3	0	4000	other	0
2399	86	Pulse	5	2300250	7155	2
2399	87	Pulse	5	2320250	9084	2
2399	88	Picture	20	2336200	0	1	4144	3	0	4000	other	0
2399	88	Pulse	5	2340249	4049	2
2399	89	Picture	20	2354270	0	2	4145	3	0	4000	other	0
2399	89	Pulse	5	2360239	5969	1
2399	90	Picture	20	2372341	0	1	4145	2	0	4000	other	0
2399	90	Pulse	5	2380238	7897	2
2399	91	Picture	21	2390412	0	1	4144	3	0	4000	hit	191
2399	91	Response	1	2394958	4546	1
2399	91	Pulse	5	2400238	9826	1
2399	92	Picture	20	2408482	0	2	4145	3	0	4000	other	0
2399	92	Pulse	5	2420227	11745	2
2399	93	Picture	20	2426553	0	1	4145	2	0	4000	other	0
2399	93	Pulse	5	2440226	13673	2
2399	94	Picture	21	2444624	0	1	4144	3	0	4000	hit	198
2399	94	Response	1	2448386	3762	2
2399	94	Pulse	5	2460226	15602	2
2399	95	Picture	20	2462694	0	1	4145	2	0	4000	other	0
2399	95	Pulse	5	2480215	17521	2
2399	96	Picture	20	2480765	0	1	4145	2	0	4000	other	0
2399	97	Picture	20	2498836	0	1	4144	2	0	4000	false_alarm	205
2399	97	Pulse	5	2500215	1379	2
2399	97	Response	1	2502935	4099	1
2399	98	Picture	21	2516906	0	2	4145	3	0	4000	miss	0
2399	98	Pulse	5	2520205	3299	2
2399	99	Picture	20	2534977	0	1	4145	2	0	4000	other	0
2399	99	Pulse	5	2540205	5228	1
2399	100	Picture	20	2553048	0	1	4144	2	0	4000	other	0
2399	100	Pulse	5	2560204	7156	1
2399	101	Picture	21	2571118	0	1	4145	2	0	4000	hit	213
2399	101	Response	1	2575554	4436	1
2399	101	Pulse	5	2580194	9076	1
2399	102	Picture	20	2589189	0	1	4144	3	0	4000	other	0
2399	102	Pulse	5	2600193	11004	1
2399	103	Picture	20	2607259	0	2	4145	3	0	4000	other	0
2399	103	Pulse	5	2620193	12934	1
2399	104	Pulse	5	2640192	14862	1
2399	105	Picture	10	2650364	0	1	4145	2	0	4000	other	0
2399	105	Pulse	5	2660180	9816	2
2399	106	Picture	10	2668434	0	2	4145	3	0	4000	other	0
2399	106	Pulse	5	2680180	11746	1
2399	107	Picture	11	2686505	0	1	4145	2	0	4000	hit	225
2399	107	Response	1	2691219	4714	2
2399	107	Pulse	5	2700179	13674	2
2399	108	Picture	10	2704576	0	1	4144	3	0	4000	other	0
2399	108	Pulse	5	2720168	15592	2
2399	109	Picture	11	2722646	0	2	4145	3	0	4000	hit	230
2399	109	Response	1	2726729	4083	1
2399	109	Pulse	5	2740168	17522	2
2399	110	Picture	10	2740717	0	1	4145	2	0	4000	other	0
2399	111	Picture	10	2758788	0	1	4144	3	0	4000	other	0
2399	111	Pulse	5	2760167	1379	2
2399	112	Picture	11	2776858	0	2	4145	3	0	4000	hit	237
2399	112	Pulse	5	2780157	3299	2
2399	112	Response	1	2780957	4099	2
2399	113	Picture	10	2794929	0	1	4145	2	0	4000	other	0
2399	113	Pulse	5	2800157	5228	1
2399	114	Picture	10	2813000	0	1	4144	3	0	4000	other	0
2399	114	Pulse	5	2820156	7156	2
2399	115	Picture	10	2831070	0	2	4145	3	0	4000	other	0
2399	115	Pulse	5	2840145	9075	2
2399	116	Picture	10	2849141	0	1	4145	2	0	4000	other	0
2399	116	Pulse	5	2860145	11004	1
2399	117	Picture	10	2867212	0	1	4144	3	0	4000	other	0
2399	117	Pulse	5	2880144	12932	2
2399	118	Picture	11	2885282	0	2	4145	3	0	4000	hit	249
2399	118	Response	1	2890054	4772	2
2399	118	Pulse	5	2900133	14851	2
2399	119	Picture	10	2903353	0	1	4145	2	0	4000	other	0
2399	119	Pulse	5	2920133	16780	2
2399	120	Picture	10	2921424	0	1	4144	2	0	4000	other	0
2399	121	Pulse	5	2940133	639	1
2399	121	Pulse	5	2960122	20628	2
2399	122	Picture	30	2964528	0	1	4145	2	0	4000	other	0
2399	122	Pulse	5	2980121	15593	2
2399	123	Picture	30	2982599	0	1	4144	2	0	4000	other	0
2399	123	Pulse	5	3000121	17522	1
2399	124	Picture	30	3000669	0	1	4145	2	0	4000	other	0
2399	125	Picture	31	3018740	0	2	4145	3	0	4000	miss	0
2399	125	Pulse	5	3020110	1370	2
2399	126	Picture	31	3036811	0	1	4144	2	0	4000	hit	265
2399	126	Pulse	5	3040109	3298	2
2399	126	Response	1	3043149	6338	2
2399	127	Picture	30	3054881	0	1	4145	2	0	4000	other	0
2399	127	Pulse	5	3060109	5228	2
2399	128	Picture	30	3072952	0	1	4145	2	0	4000	other	0
2399	128	Pulse	5	3080098	7146	2
2399	129	Picture	30	3091022	0	2	4145	3	0	4000	other	0
2399	129	Pulse	5	3100098	9076	2
2399	130	Picture	31	3109093	0	1	4145	2	0	4000	hit	273
2399	130	Response	1	3119457	10364	2
2399	130	Pulse	5	3120257	11164	2
2399	131	Picture	30	3127164	0	1	4144	3	0	4000	other	0
2399	131	Pulse	5	3140247	13083	1
2399	132	Picture	30	3145235	0	1	4144	2	0	4000	false_alarm	278
2399	132	Response	1	3151606	6371	2
2399	132	Pulse	5	3160246	15011	2
2399	133	Picture	30	3163305	0	1	4145	2	0	4000	other	0
2399	133	Pulse	5	3180246	16941	1
2399	134	Picture	30	3181376	0	1	4144	3	0	4000	other	0
2399	135	Picture	31	3199446	0	2	4145	3	0	4000	hit	285
2399	135	Pulse	5	3200235	789	2
2399	135	Response	1	3205515	6069	2
2399	136	Picture	30	3217517	0	1	4145	2	0	4000	other	0
2399	136	Pulse	5	3220234	2717	2
2399	137	Picture	30	3235588	0	1	4144	3	0	4000	other	0
2399	137	Pulse	5	3240234	4646	2
