Scenario - 1-back
Logfile written - 04/09/2015 18:01:20

Subject	Trial	Event Type	Code	Time	TTime	Uncertainty	Duration	Uncertainty	ReqTime	ReqDur	Stim Type	Pair Index

2399_nback4	1	Pulse	5	101032	110866	2
2399_nback4	2	Pulse	5	121032	19956	1
2399_nback4	3	Picture	10	126109	0	1	4145	2	0	4000	other	0
2399_nback4	3	Pulse	5	141021	14912	2
2399_nback4	4	Picture	10	144180	0	1	4145	2	0	4000	other	0
2399_nback4	4	Pulse	5	161020	16840	2
2399_nback4	5	Picture	11	162251	0	1	4144	2	0	4000	hit	8
2399_nback4	5	Response	1	165500	3249	2
2399_nback4	6	Picture	10	180321	0	1	4145	2	0	4000	other	0
2399_nback4	6	Pulse	5	181020	699	2
2399_nback4	7	Picture	11	198392	0	1	4144	3	0	4000	miss	0
2399_nback4	7	Pulse	5	201009	2617	2
2399_nback4	8	Picture	10	216463	0	1	4144	2	0	4000	other	0
2399_nback4	8	Pulse	5	221009	4546	2
2399_nback4	9	Picture	10	234533	0	1	4145	2	0	4000	other	0
2399_nback4	9	Pulse	5	241008	6475	2
2399_nback4	10	Picture	10	252604	0	1	4144	3	0	4000	other	0
2399_nback4	10	Pulse	5	260998	8394	1
2399_nback4	11	Picture	11	270674	0	2	4145	3	0	4000	hit	20
2399_nback4	11	Response	1	273957	3283	2
2399_nback4	11	Pulse	5	280997	10323	2
2399_nback4	12	Picture	10	288745	0	1	4145	2	0	4000	other	0
2399_nback4	12	Pulse	5	300996	12251	2
2399_nback4	13	Picture	10	306816	0	1	4144	3	0	4000	other	0
2399_nback4	13	Pulse	5	320987	14171	1
2399_nback4	14	Picture	11	324887	0	1	4144	2	0	4000	hit	27
2399_nback4	14	Response	1	329306	4419	1
2399_nback4	14	Pulse	5	340985	16098	2
2399_nback4	15	Picture	10	342957	0	1	4145	2	0	4000	other	0
2399_nback4	15	Pulse	5	360976	18019	1
2399_nback4	16	Picture	10	361028	0	1	4144	3	0	4000	other	0
2399_nback4	17	Picture	10	379098	0	2	4145	3	0	4000	other	0
2399_nback4	17	Pulse	5	381134	2036	2
2399_nback4	18	Picture	10	397169	0	1	4145	2	0	4000	other	0
2399_nback4	18	Pulse	5	401134	3965	1
2399_nback4	19	Pulse	5	421124	5884	2
2399_nback4	20	Picture	30	440273	0	2	4145	3	0	4000	other	0
2399_nback4	20	Pulse	5	441123	850	1
2399_nback4	21	Picture	30	458344	0	1	4145	2	0	4000	other	0
2399_nback4	21	Pulse	5	461122	2778	2
2399_nback4	22	Picture	31	476415	0	1	4144	3	0	4000	hit	42
2399_nback4	22	Response	1	480321	3906	2
2399_nback4	22	Pulse	5	481113	4698	1
2399_nback4	23	Picture	30	494485	0	1	4145	2	0	4000	other	0
2399_nback4	23	Pulse	5	501112	6627	1
2399_nback4	24	Picture	30	512556	0	1	4145	2	0	4000	other	0
2399_nback4	24	Pulse	5	521112	8556	1
2399_nback4	25	Picture	30	530627	0	1	4144	2	0	4000	other	0
2399_nback4	25	Pulse	5	541101	10474	1
2399_nback4	26	Picture	31	548697	0	1	4145	2	0	4000	hit	51
2399_nback4	26	Response	1	557579	8882	2
2399_nback4	26	Pulse	5	561100	12403	2
2399_nback4	27	Picture	31	566768	0	1	4145	2	0	4000	hit	54
2399_nback4	27	Response	1	578859	12091	1
2399_nback4	27	Pulse	5	581101	14333	1
2399_nback4	28	Picture	30	584838	0	2	4145	3	0	4000	other	0
2399_nback4	28	Pulse	5	601090	16252	1
2399_nback4	29	Picture	30	602909	0	1	4145	2	0	4000	other	0
2399_nback4	30	Picture	30	620980	0	1	4144	3	0	4000	other	0
2399_nback4	30	Pulse	5	621089	109	1
2399_nback4	31	Picture	31	639051	0	1	4144	2	0	4000	hit	63
2399_nback4	31	Pulse	5	641088	2037	1
2399_nback4	31	Response	1	648288	9237	1
2399_nback4	32	Picture	30	657121	0	1	4145	2	0	4000	other	0
2399_nback4	32	Pulse	5	661078	3957	1
2399_nback4	33	Picture	30	675192	0	1	4144	3	0	4000	other	0
2399_nback4	33	Pulse	5	681077	5885	1
2399_nback4	34	Picture	30	693262	0	2	4145	3	0	4000	other	0
2399_nback4	34	Pulse	5	701077	7815	1
2399_nback4	35	Picture	30	711333	0	1	4145	2	0	4000	false_alarm	71
2399_nback4	35	Response	1	719635	8302	1
2399_nback4	35	Pulse	5	721076	9743	1
2399_nback4	36	Pulse	5	741064	11661	2
2399_nback4	37	Picture	10	754437	0	2	4145	3	0	4000	other	0
2399_nback4	37	Pulse	5	761064	6627	1
2399_nback4	38	Picture	10	772508	0	1	4145	2	0	4000	other	0
2399_nback4	38	Pulse	5	781063	8555	2
2399_nback4	39	Picture	11	790579	0	1	4144	2	0	4000	hit	79
2399_nback4	39	Response	1	795613	5034	1
2399_nback4	39	Pulse	5	801052	10473	2
2399_nback4	40	Picture	10	808649	0	2	4145	3	0	4000	other	0
2399_nback4	40	Pulse	5	821052	12403	2
2399_nback4	41	Picture	11	826720	0	1	4145	2	0	4000	hit	84
2399_nback4	41	Response	1	832251	5531	2
2399_nback4	41	Pulse	5	841051	14331	2
2399_nback4	42	Picture	10	844791	0	1	4144	3	0	4000	other	0
2399_nback4	42	Pulse	5	861041	16250	2
2399_nback4	43	Picture	10	862861	0	2	4145	3	0	4000	other	0
2399_nback4	44	Picture	10	880932	0	1	4145	2	0	4000	other	0
2399_nback4	44	Pulse	5	881040	108	2
2399_nback4	45	Picture	11	899003	0	1	4144	2	0	4000	hit	93
2399_nback4	45	Pulse	5	901040	2037	1
2399_nback4	45	Response	1	902479	3476	2
2399_nback4	46	Picture	10	917073	0	1	4145	2	0	4000	other	0
2399_nback4	46	Pulse	5	921029	3956	2
2399_nback4	47	Picture	10	935144	0	1	4144	3	0	4000	other	0
2399_nback4	47	Pulse	5	941028	5884	2
2399_nback4	48	Picture	11	953215	0	1	4144	2	0	4000	hit	99
2399_nback4	48	Response	1	957348	4133	2
2399_nback4	48	Pulse	5	961028	7813	2
2399_nback4	49	Picture	10	971285	0	1	4145	2	0	4000	other	0
2399_nback4	49	Pulse	5	981017	9732	2
2399_nback4	50	Picture	10	989356	0	1	4144	3	0	4000	other	0
2399_nback4	50	Pulse	5	1001017	11661	2
2399_nback4	51	Picture	10	1007426	0	2	4145	3	0	4000	other	0
2399_nback4	51	Pulse	5	1021016	13590	2
2399_nback4	52	Picture	10	1025497	0	1	4145	2	0	4000	other	0
2399_nback4	52	Pulse	5	1041006	15509	2
2399_nback4	53	Pulse	5	1061005	17437	2
2399_nback4	54	Picture	20	1068601	0	2	4145	3	0	4000	other	0
2399_nback4	54	Pulse	5	1081004	12403	2
2399_nback4	55	Picture	20	1086672	0	1	4145	2	0	4000	other	0
2399_nback4	55	Pulse	5	1100994	14322	2
2399_nback4	56	Picture	21	1104743	0	1	4144	3	0	4000	hit	115
2399_nback4	56	Response	1	1108194	3451	2
2399_nback4	56	Pulse	5	1120993	16250	2
2399_nback4	57	Picture	20	1122813	0	2	4145	3	0	4000	other	0
2399_nback4	58	Picture	20	1140884	0	1	4145	2	0	4000	other	0
2399_nback4	58	Pulse	5	1140993	109	2
2399_nback4	59	Picture	20	1158955	0	1	4144	3	0	4000	other	0
2399_nback4	59	Pulse	5	1160982	2027	2
2399_nback4	60	Picture	21	1177025	0	2	4145	3	0	4000	hit	124
2399_nback4	60	Pulse	5	1180982	3957	1
2399_nback4	60	Response	1	1181142	4117	1
2399_nback4	61	Picture	20	1195096	0	1	4145	2	0	4000	other	0
2399_nback4	61	Pulse	5	1200981	5885	2
2399_nback4	62	Picture	20	1213167	0	1	4144	3	0	4000	other	0
2399_nback4	62	Pulse	5	1220971	7804	1
2399_nback4	63	Picture	20	1231237	0	1	4145	2	0	4000	other	0
2399_nback4	63	Pulse	5	1240970	9733	2
2399_nback4	64	Picture	20	1249308	0	1	4145	2	0	4000	other	0
2399_nback4	64	Pulse	5	1260969	11661	2
2399_nback4	65	Picture	20	1267379	0	1	4144	2	0	4000	false_alarm	134
2399_nback4	65	Response	1	1272479	5100	2
2399_nback4	65	Pulse	5	1280960	13581	1
2399_nback4	66	Picture	21	1285449	0	1	4145	2	0	4000	miss	0
2399_nback4	66	Pulse	5	1300958	15509	2
2399_nback4	67	Picture	20	1303520	0	1	4145	2	0	4000	other	0
2399_nback4	67	Pulse	5	1320958	17438	2
2399_nback4	68	Picture	20	1321591	0	1	4144	2	0	4000	other	0
2399_nback4	69	Picture	21	1339661	0	1	4145	2	0	4000	miss	0
2399_nback4	69	Pulse	5	1340947	1286	2
2399_nback4	70	Pulse	5	1360947	3215	1
2399_nback4	70	Pulse	5	1380946	23214	2
2399_nback4	71	Picture	10	1382765	0	2	4145	3	0	4000	other	0
2399_nback4	72	Picture	10	1400836	0	1	4145	2	0	4000	other	0
2399_nback4	72	Pulse	5	1400935	99	2
2399_nback4	73	Picture	11	1418907	0	1	4144	3	0	4000	hit	150
2399_nback4	73	Pulse	5	1421095	2188	2
2399_nback4	73	Response	1	1423015	4108	2
2399_nback4	74	Picture	10	1436977	0	2	4145	3	0	4000	other	0
2399_nback4	74	Pulse	5	1441094	4117	2
2399_nback4	75	Picture	11	1455048	0	1	4145	2	0	4000	hit	154
2399_nback4	75	Response	1	1459964	4916	2
2399_nback4	75	Pulse	5	1461084	6036	2
2399_nback4	76	Picture	10	1473119	0	1	4144	3	0	4000	other	0
2399_nback4	76	Pulse	5	1481083	7964	2
2399_nback4	77	Picture	10	1491189	0	2	4145	3	0	4000	other	0
2399_nback4	77	Pulse	5	1501074	9885	1
2399_nback4	78	Picture	11	1509260	0	1	4145	2	0	4000	hit	161
2399_nback4	78	Response	1	1513392	4132	2
2399_nback4	78	Pulse	5	1521073	11813	2
2399_nback4	79	Picture	10	1527331	0	1	4144	2	0	4000	other	0
2399_nback4	79	Pulse	5	1541073	13742	1
2399_nback4	80	Picture	10	1545401	0	2	4145	3	0	4000	other	0
2399_nback4	80	Pulse	5	1561062	15661	1
2399_nback4	81	Picture	10	1563472	0	1	4145	2	0	4000	other	0
2399_nback4	81	Pulse	5	1581062	17590	1
2399_nback4	82	Picture	10	1581543	0	1	4144	2	0	4000	other	0
2399_nback4	83	Picture	10	1599613	0	1	4145	2	0	4000	other	0
2399_nback4	83	Pulse	5	1601061	1448	1
2399_nback4	84	Picture	11	1617684	0	1	4144	3	0	4000	hit	174
2399_nback4	84	Pulse	5	1621051	3367	1
2399_nback4	84	Response	1	1621541	3857	1
2399_nback4	85	Picture	10	1635755	0	1	4144	2	0	4000	other	0
2399_nback4	85	Pulse	5	1641050	5295	1
2399_nback4	86	Picture	10	1653825	0	1	4145	2	0	4000	other	0
2399_nback4	86	Pulse	5	1661049	7224	2
2399_nback4	87	Pulse	5	1681039	9143	1
2399_nback4	88	Picture	30	1696929	0	2	4145	3	0	4000	other	0
2399_nback4	88	Pulse	5	1701038	4109	2
2399_nback4	89	Picture	30	1715000	0	1	4145	2	0	4000	other	0
2399_nback4	89	Pulse	5	1721038	6038	1
2399_nback4	90	Picture	30	1733071	0	1	4144	3	0	4000	other	0
2399_nback4	90	Pulse	5	1741037	7966	1
2399_nback4	91	Picture	31	1751141	0	2	4144	4	0	4000	hit	187
2399_nback4	91	Response	1	1755265	4124	2
2399_nback4	91	Pulse	5	1761025	9884	2
2399_nback4	92	Picture	31	1769212	0	1	4145	2	0	4000	hit	191
2399_nback4	92	Pulse	5	1781024	11812	3
2399_nback4	92	Response	1	1781185	11973	2
2399_nback4	93	Picture	30	1787283	0	1	4144	3	0	4000	other	0
2399_nback4	93	Pulse	5	1801024	13741	2
2399_nback4	94	Picture	30	1805353	0	2	4145	3	0	4000	other	0
2399_nback4	94	Pulse	5	1821014	15661	1
2399_nback4	95	Picture	30	1823424	0	1	4145	2	0	4000	other	0
2399_nback4	95	Pulse	5	1841013	17589	2
2399_nback4	96	Picture	31	1841495	0	1	4144	3	0	4000	hit	199
2399_nback4	96	Response	1	1849973	8478	2
2399_nback4	97	Picture	30	1859565	0	2	4145	3	0	4000	other	0
2399_nback4	97	Pulse	5	1861012	1447	2
2399_nback4	98	Picture	30	1877636	0	1	4145	2	0	4000	other	0
2399_nback4	98	Pulse	5	1881002	3366	2
2399_nback4	99	Picture	30	1895707	0	1	4144	3	0	4000	other	0
2399_nback4	99	Pulse	5	1901001	5294	2
2399_nback4	100	Picture	30	1913777	0	2	4145	3	0	4000	false_alarm	207
2399_nback4	100	Response	1	1918921	5144	2
2399_nback4	100	Pulse	5	1921001	7224	2
2399_nback4	101	Picture	31	1931848	0	1	4145	2	0	4000	miss	0
2399_nback4	101	Pulse	5	1940990	9142	2
2399_nback4	102	Picture	30	1949919	0	1	4144	2	0	4000	false_alarm	212
2399_nback4	102	Response	1	1960030	10111	2
2399_nback4	102	Pulse	5	1960990	11071	2
2399_nback4	103	Picture	30	1967989	0	2	4145	3	0	4000	false_alarm	216
2399_nback4	103	Pulse	5	1980990	13001	1
2399_nback4	103	Response	1	1982109	14120	2
2399_nback4	104	Pulse	5	2000979	14919	1
2399_nback4	105	Picture	10	2011094	0	1	4144	2	0	4000	other	0
2399_nback4	105	Pulse	5	2020978	9884	2
2399_nback4	106	Picture	10	2029164	0	1	4145	2	0	4000	other	0
2399_nback4	106	Pulse	5	2040977	11813	2
2399_nback4	107	Picture	11	2047235	0	1	4145	2	0	4000	hit	223
2399_nback4	107	Response	1	2054727	7492	2
2399_nback4	107	Pulse	5	2060967	13732	2
2399_nback4	108	Picture	10	2065305	0	2	4145	3	0	4000	other	0
2399_nback4	108	Pulse	5	2080966	15661	2
2399_nback4	109	Picture	11	2083376	0	1	4145	2	0	4000	hit	228
2399_nback4	109	Response	1	2088806	5430	2
2399_nback4	109	Pulse	5	2100966	17590	2
2399_nback4	110	Picture	10	2101447	0	1	4145	2	0	4000	other	0
2399_nback4	111	Picture	10	2119517	0	2	4145	3	0	4000	other	0
2399_nback4	111	Pulse	5	2120955	1438	2
2399_nback4	112	Picture	11	2137588	0	1	4145	2	0	4000	hit	235
2399_nback4	112	Pulse	5	2140955	3367	1
2399_nback4	112	Response	1	2142555	4967	1
2399_nback4	113	Picture	10	2155659	0	1	4144	3	0	4000	other	0
2399_nback4	113	Pulse	5	2160954	5295	2
2399_nback4	114	Picture	10	2173729	0	2	4145	3	0	4000	other	0
2399_nback4	114	Pulse	5	2180943	7214	2
2399_nback4	115	Picture	10	2191800	0	1	4145	2	0	4000	other	0
2399_nback4	115	Pulse	5	2200943	9143	2
2399_nback4	116	Picture	10	2209871	0	1	4144	3	0	4000	other	0
2399_nback4	116	Pulse	5	2220942	11071	2
2399_nback4	117	Picture	10	2227941	0	2	4145	3	0	4000	other	0
2399_nback4	117	Pulse	5	2240932	12991	2
2399_nback4	118	Picture	11	2246012	0	1	4145	2	0	4000	hit	247
2399_nback4	118	Response	1	2249892	3880	1
2399_nback4	118	Pulse	5	2260931	14919	2
2399_nback4	119	Picture	10	2264083	0	1	4144	2	0	4000	other	0
2399_nback4	119	Pulse	5	2280931	16848	2
2399_nback4	120	Picture	10	2282153	0	1	4145	2	0	4000	other	0
2399_nback4	121	Pulse	5	2300920	696	2
2399_nback4	121	Pulse	5	2320920	20696	1
2399_nback4	122	Picture	20	2325258	0	1	4144	2	0	4000	other	0
2399_nback4	122	Pulse	5	2340919	15661	2
2399_nback4	123	Picture	20	2343328	0	2	4145	3	0	4000	other	0
2399_nback4	123	Pulse	5	2360908	17580	2
2399_nback4	124	Picture	20	2361399	0	1	4145	2	0	4000	other	0
2399_nback4	125	Picture	21	2379470	0	1	4144	2	0	4000	hit	261
2399_nback4	125	Pulse	5	2380908	1438	2
2399_nback4	125	Response	1	2383628	4158	2
2399_nback4	126	Picture	20	2397540	0	1	4145	2	0	4000	other	0
2399_nback4	126	Pulse	5	2400907	3367	2
2399_nback4	127	Picture	20	2415611	0	1	4144	3	0	4000	other	0
2399_nback4	127	Pulse	5	2420897	5286	2
2399_nback4	128	Picture	21	2433682	0	1	4144	2	0	4000	hit	267
2399_nback4	128	Response	1	2438016	4334	2
2399_nback4	128	Pulse	5	2440896	7214	2
2399_nback4	129	Picture	20	2451752	0	1	4145	2	0	4000	other	0
2399_nback4	129	Pulse	5	2461056	9304	1
2399_nback4	130	Picture	20	2469823	0	1	4145	2	0	4000	other	0
2399_nback4	130	Pulse	5	2481045	11222	2
2399_nback4	131	Picture	20	2487893	0	2	4145	3	0	4000	false_alarm	274
2399_nback4	131	Response	1	2491125	3232	2
2399_nback4	131	Pulse	5	2501044	13151	2
2399_nback4	132	Picture	21	2505964	0	1	4145	2	0	4000	miss	0
2399_nback4	132	Pulse	5	2521035	15071	1
2399_nback4	133	Picture	20	2524035	0	1	4144	3	0	4000	other	0
2399_nback4	133	Pulse	5	2541035	17000	1
2399_nback4	134	Picture	20	2542105	0	2	4145	3	0	4000	other	0
2399_nback4	135	Picture	21	2560176	0	1	4145	2	0	4000	hit	283
2399_nback4	135	Pulse	5	2561034	858	1
2399_nback4	135	Response	1	2564233	4057	1
2399_nback4	136	Picture	20	2578247	0	1	4144	3	0	4000	other	0
2399_nback4	136	Pulse	5	2581023	2776	2
2399_nback4	137	Picture	20	2596317	0	2	4145	3	0	4000	other	0
2399_nback4	137	Pulse	5	2601023	4706	1
