Scenario - 1-back
Logfile written - 04/04/2014 14:49:44

Subject	Trial	Event Type	Code	Time	TTime	Uncertainty	Duration	Uncertainty	ReqTime	ReqDur	Stim Type	Pair Index

25_07_1989_1_006_back_4	1	Pulse	5	134663	144497	1
25_07_1989_1_006_back_4	2	Pulse	5	154662	19931	2
25_07_1989_1_006_back_4	3	Picture	10	159766	0	1	4145	2	0	4000	other	0
25_07_1989_1_006_back_4	3	Pulse	5	174662	14896	1
25_07_1989_1_006_back_4	4	Picture	10	177837	0	1	4145	2	0	4000	other	0
25_07_1989_1_006_back_4	4	Pulse	5	194651	16814	2
25_07_1989_1_006_back_4	5	Picture	11	195908	0	1	4144	3	0	4000	hit	8
25_07_1989_1_006_back_4	5	Response	1	199451	3543	2
25_07_1989_1_006_back_4	6	Picture	10	213979	0	1	4144	3	0	4000	other	0
25_07_1989_1_006_back_4	6	Pulse	5	214651	672	2
25_07_1989_1_006_back_4	7	Picture	11	232049	0	2	4145	3	0	4000	hit	13
25_07_1989_1_006_back_4	7	Pulse	5	234650	2601	2
25_07_1989_1_006_back_4	7	Response	1	236730	4681	2
25_07_1989_1_006_back_4	8	Picture	10	250120	0	2	4145	3	0	4000	other	0
25_07_1989_1_006_back_4	8	Pulse	5	254640	4520	2
25_07_1989_1_006_back_4	9	Picture	10	268191	0	1	4145	2	0	4000	other	0
25_07_1989_1_006_back_4	9	Pulse	5	274639	6448	2
25_07_1989_1_006_back_4	10	Picture	10	286262	0	1	4145	2	0	4000	other	0
25_07_1989_1_006_back_4	10	Pulse	5	294639	8377	2
25_07_1989_1_006_back_4	11	Picture	11	304333	0	1	4145	2	0	4000	hit	21
25_07_1989_1_006_back_4	11	Response	1	308389	4056	2
25_07_1989_1_006_back_4	11	Pulse	5	314628	10295	2
25_07_1989_1_006_back_4	12	Picture	10	322404	0	1	4145	2	0	4000	other	0
25_07_1989_1_006_back_4	12	Pulse	5	334628	12224	2
25_07_1989_1_006_back_4	13	Picture	10	340475	0	1	4145	2	0	4000	other	0
25_07_1989_1_006_back_4	13	Pulse	5	354628	14153	1
25_07_1989_1_006_back_4	14	Picture	11	358546	0	1	4144	3	0	4000	hit	28
25_07_1989_1_006_back_4	14	Response	1	361987	3441	2
25_07_1989_1_006_back_4	14	Pulse	5	374617	16071	2
25_07_1989_1_006_back_4	15	Picture	10	376617	0	1	4144	2	0	4000	other	0
25_07_1989_1_006_back_4	15	Pulse	5	394617	18000	2
25_07_1989_1_006_back_4	16	Picture	10	394687	0	2	4145	3	0	4000	other	0
25_07_1989_1_006_back_4	17	Picture	10	412758	0	2	4145	3	0	4000	other	0
25_07_1989_1_006_back_4	17	Pulse	5	414616	1858	2
25_07_1989_1_006_back_4	18	Picture	10	430829	0	1	4145	2	0	4000	other	0
25_07_1989_1_006_back_4	18	Pulse	5	434606	3777	2
25_07_1989_1_006_back_4	19	Pulse	5	454605	5705	2
25_07_1989_1_006_back_4	20	Picture	20	473934	0	1	4145	2	0	4000	other	0
25_07_1989_1_006_back_4	20	Pulse	5	474605	671	2
25_07_1989_1_006_back_4	21	Picture	20	492005	0	1	4145	2	0	4000	other	0
25_07_1989_1_006_back_4	21	Pulse	5	494595	2590	1
25_07_1989_1_006_back_4	22	Picture	21	510076	0	1	4145	2	0	4000	hit	44
25_07_1989_1_006_back_4	22	Pulse	5	514594	4518	2
25_07_1989_1_006_back_4	22	Response	1	515394	5318	2
25_07_1989_1_006_back_4	23	Picture	20	528147	0	1	4145	2	0	4000	other	0
25_07_1989_1_006_back_4	23	Pulse	5	534594	6447	2
25_07_1989_1_006_back_4	24	Picture	20	546218	0	1	4144	3	0	4000	other	0
25_07_1989_1_006_back_4	24	Pulse	5	554584	8366	1
25_07_1989_1_006_back_4	25	Picture	20	564289	0	1	4144	2	0	4000	other	0
25_07_1989_1_006_back_4	25	Pulse	5	574583	10294	2
25_07_1989_1_006_back_4	26	Picture	21	582359	0	2	4145	3	0	4000	hit	52
25_07_1989_1_006_back_4	26	Response	1	586422	4063	2
25_07_1989_1_006_back_4	26	Pulse	5	594582	12223	2
25_07_1989_1_006_back_4	27	Picture	20	600430	0	2	4145	3	0	4000	other	0
25_07_1989_1_006_back_4	27	Pulse	5	614572	14142	2
25_07_1989_1_006_back_4	28	Picture	20	618501	0	1	4145	2	0	4000	other	0
25_07_1989_1_006_back_4	28	Pulse	5	634571	16070	2
25_07_1989_1_006_back_4	29	Picture	20	636572	0	1	4145	2	0	4000	other	0
25_07_1989_1_006_back_4	29	Pulse	5	654571	17999	2
25_07_1989_1_006_back_4	30	Picture	20	654643	0	1	4145	2	0	4000	other	0
25_07_1989_1_006_back_4	31	Picture	20	672714	0	1	4144	3	0	4000	other	0
25_07_1989_1_006_back_4	31	Pulse	5	674561	1847	2
25_07_1989_1_006_back_4	32	Picture	21	690785	0	1	4144	3	0	4000	hit	64
25_07_1989_1_006_back_4	32	Response	1	694080	3295	2
25_07_1989_1_006_back_4	32	Pulse	5	694560	3775	2
25_07_1989_1_006_back_4	33	Picture	20	708856	0	1	4144	3	0	4000	other	0
25_07_1989_1_006_back_4	33	Pulse	5	714560	5704	2
25_07_1989_1_006_back_4	34	Picture	20	726926	0	2	4145	3	0	4000	other	0
25_07_1989_1_006_back_4	34	Pulse	5	734709	7783	3
25_07_1989_1_006_back_4	35	Picture	21	744997	0	2	4145	3	0	4000	hit	71
25_07_1989_1_006_back_4	35	Response	1	749429	4432	2
25_07_1989_1_006_back_4	35	Pulse	5	754710	9713	1
25_07_1989_1_006_back_4	36	Pulse	5	774708	11640	3
25_07_1989_1_006_back_4	37	Picture	10	788102	0	1	4145	2	0	4000	other	0
25_07_1989_1_006_back_4	37	Pulse	5	794698	6596	2
25_07_1989_1_006_back_4	38	Picture	10	806173	0	1	4145	2	0	4000	other	0
25_07_1989_1_006_back_4	38	Pulse	5	814698	8525	1
25_07_1989_1_006_back_4	39	Picture	11	824244	0	1	4145	2	0	4000	hit	79
25_07_1989_1_006_back_4	39	Response	1	826858	2614	1
25_07_1989_1_006_back_4	39	Pulse	5	834698	10454	1
25_07_1989_1_006_back_4	40	Picture	10	842315	0	1	4145	2	0	4000	other	0
25_07_1989_1_006_back_4	40	Pulse	5	854687	12372	1
25_07_1989_1_006_back_4	41	Picture	11	860386	0	1	4144	3	0	4000	hit	84
25_07_1989_1_006_back_4	41	Response	1	864766	4380	2
25_07_1989_1_006_back_4	41	Pulse	5	874686	14300	2
25_07_1989_1_006_back_4	42	Picture	10	878457	0	1	4144	3	0	4000	other	0
25_07_1989_1_006_back_4	42	Pulse	5	894686	16229	2
25_07_1989_1_006_back_4	43	Picture	10	896528	0	1	4144	2	0	4000	other	0
25_07_1989_1_006_back_4	43	Pulse	5	914423	17895	313
25_07_1989_1_006_back_4	44	Picture	10	914764	0	1	4145	2	0	4000	other	0
25_07_1989_1_006_back_4	45	Picture	11	932835	0	1	4145	2	0	4000	hit	93
25_07_1989_1_006_back_4	45	Pulse	5	934675	1840	2
25_07_1989_1_006_back_4	45	Response	1	937395	4560	2
25_07_1989_1_006_back_4	46	Picture	10	950906	0	1	4145	2	0	4000	other	0
25_07_1989_1_006_back_4	46	Pulse	5	954674	3768	2
25_07_1989_1_006_back_4	47	Picture	10	968977	0	1	4144	3	0	4000	other	0
25_07_1989_1_006_back_4	47	Pulse	5	974664	5687	2
25_07_1989_1_006_back_4	48	Picture	11	987048	0	1	4144	3	0	4000	hit	99
25_07_1989_1_006_back_4	48	Response	1	992264	5216	1
25_07_1989_1_006_back_4	48	Pulse	5	994664	7616	1
25_07_1989_1_006_back_4	49	Picture	10	1005119	0	1	4144	3	0	4000	other	0
25_07_1989_1_006_back_4	49	Pulse	5	1014663	9544	2
25_07_1989_1_006_back_4	50	Picture	10	1023189	0	2	4145	3	0	4000	other	0
25_07_1989_1_006_back_4	50	Pulse	5	1034653	11464	2
25_07_1989_1_006_back_4	51	Picture	10	1041260	0	2	4145	3	0	4000	other	0
25_07_1989_1_006_back_4	51	Pulse	5	1054652	13392	2
25_07_1989_1_006_back_4	52	Picture	10	1059331	0	1	4145	2	0	4000	other	0
25_07_1989_1_006_back_4	52	Pulse	5	1074652	15321	2
25_07_1989_1_006_back_4	53	Pulse	5	1094641	17239	2
25_07_1989_1_006_back_4	54	Picture	30	1102436	0	1	4145	2	0	4000	other	0
25_07_1989_1_006_back_4	54	Pulse	5	1114641	12205	2
25_07_1989_1_006_back_4	55	Picture	30	1120507	0	1	4145	2	0	4000	other	0
25_07_1989_1_006_back_4	55	Pulse	5	1134640	14133	2
25_07_1989_1_006_back_4	56	Picture	31	1138578	0	1	4145	2	0	4000	hit	115
25_07_1989_1_006_back_4	56	Response	1	1142160	3582	2
25_07_1989_1_006_back_4	56	Pulse	5	1154630	16052	2
25_07_1989_1_006_back_4	57	Picture	30	1156649	0	1	4144	3	0	4000	other	0
25_07_1989_1_006_back_4	57	Pulse	5	1174630	17981	1
25_07_1989_1_006_back_4	58	Picture	30	1174720	0	1	4144	2	0	4000	other	0
25_07_1989_1_006_back_4	59	Picture	30	1192791	0	1	4144	3	0	4000	other	0
25_07_1989_1_006_back_4	59	Pulse	5	1194629	1838	2
25_07_1989_1_006_back_4	60	Picture	31	1210861	0	2	4145	3	0	4000	hit	124
25_07_1989_1_006_back_4	60	Pulse	5	1214619	3758	2
25_07_1989_1_006_back_4	60	Response	1	1215579	4718	2
25_07_1989_1_006_back_4	61	Picture	31	1228932	0	2	4145	3	0	4000	hit	126
25_07_1989_1_006_back_4	61	Response	1	1232538	3606	2
25_07_1989_1_006_back_4	61	Pulse	5	1234618	5686	2
25_07_1989_1_006_back_4	62	Picture	30	1247003	0	1	4145	2	0	4000	other	0
25_07_1989_1_006_back_4	62	Pulse	5	1254618	7615	2
25_07_1989_1_006_back_4	63	Picture	30	1265074	0	1	4145	2	0	4000	other	0
25_07_1989_1_006_back_4	63	Pulse	5	1274607	9533	2
25_07_1989_1_006_back_4	64	Picture	30	1283145	0	1	4145	2	0	4000	other	0
25_07_1989_1_006_back_4	64	Pulse	5	1294607	11462	2
25_07_1989_1_006_back_4	65	Picture	31	1301216	0	1	4145	2	0	4000	hit	135
25_07_1989_1_006_back_4	65	Response	1	1304367	3151	2
25_07_1989_1_006_back_4	65	Pulse	5	1314607	13391	1
25_07_1989_1_006_back_4	66	Picture	30	1319287	0	1	4144	3	0	4000	other	0
25_07_1989_1_006_back_4	66	Pulse	5	1334596	15309	2
25_07_1989_1_006_back_4	67	Picture	30	1337358	0	1	4144	2	0	4000	other	0
25_07_1989_1_006_back_4	67	Pulse	5	1354596	17238	1
25_07_1989_1_006_back_4	68	Picture	30	1355428	0	2	4145	3	0	4000	other	0
25_07_1989_1_006_back_4	69	Picture	30	1373499	0	2	4145	3	0	4000	other	0
25_07_1989_1_006_back_4	69	Pulse	5	1374595	1096	2
25_07_1989_1_006_back_4	70	Pulse	5	1394585	3015	2
25_07_1989_1_006_back_4	70	Pulse	5	1414584	23014	2
25_07_1989_1_006_back_4	71	Picture	10	1416604	0	1	4145	2	0	4000	other	0
25_07_1989_1_006_back_4	71	Pulse	5	1434584	17980	2
25_07_1989_1_006_back_4	72	Picture	10	1434675	0	1	4145	2	0	4000	other	0
25_07_1989_1_006_back_4	73	Picture	11	1452746	0	1	4145	2	0	4000	hit	151
25_07_1989_1_006_back_4	73	Pulse	5	1454573	1827	2
25_07_1989_1_006_back_4	73	Response	1	1457133	4387	2
25_07_1989_1_006_back_4	74	Picture	10	1470817	0	1	4145	2	0	4000	other	0
25_07_1989_1_006_back_4	74	Pulse	5	1474573	3756	2
25_07_1989_1_006_back_4	75	Picture	11	1488888	0	1	4144	3	0	4000	hit	155
25_07_1989_1_006_back_4	75	Response	1	1493453	4565	1
25_07_1989_1_006_back_4	75	Pulse	5	1494573	5685	1
25_07_1989_1_006_back_4	76	Picture	10	1506959	0	1	4144	3	0	4000	other	0
25_07_1989_1_006_back_4	76	Pulse	5	1514562	7603	2
25_07_1989_1_006_back_4	77	Picture	10	1525030	0	1	4144	2	0	4000	other	0
25_07_1989_1_006_back_4	77	Pulse	5	1534562	9532	2
25_07_1989_1_006_back_4	78	Picture	11	1543100	0	2	4145	3	0	4000	hit	162
25_07_1989_1_006_back_4	78	Response	1	1546241	3141	2
25_07_1989_1_006_back_4	78	Pulse	5	1554562	11462	1
25_07_1989_1_006_back_4	79	Picture	10	1561171	0	2	4145	3	0	4000	other	0
25_07_1989_1_006_back_4	79	Pulse	5	1574551	13380	2
25_07_1989_1_006_back_4	80	Picture	10	1579242	0	1	4145	2	0	4000	other	0
25_07_1989_1_006_back_4	80	Pulse	5	1594550	15308	2
25_07_1989_1_006_back_4	81	Picture	10	1597313	0	1	4145	2	0	4000	other	0
25_07_1989_1_006_back_4	81	Pulse	5	1614550	17237	2
25_07_1989_1_006_back_4	82	Picture	10	1615384	0	1	4145	2	0	4000	other	0
25_07_1989_1_006_back_4	83	Picture	10	1633455	0	1	4144	3	0	4000	other	0
25_07_1989_1_006_back_4	83	Pulse	5	1634539	1084	3
25_07_1989_1_006_back_4	84	Picture	11	1651526	0	1	4144	3	0	4000	hit	175
25_07_1989_1_006_back_4	84	Pulse	5	1654539	3013	2
25_07_1989_1_006_back_4	84	Response	1	1655339	3813	2
25_07_1989_1_006_back_4	85	Picture	10	1669597	0	1	4144	2	0	4000	other	0
25_07_1989_1_006_back_4	85	Pulse	5	1674539	4942	2
25_07_1989_1_006_back_4	86	Picture	10	1687668	0	1	4144	2	0	4000	other	0
25_07_1989_1_006_back_4	86	Pulse	5	1694528	6860	2
25_07_1989_1_006_back_4	87	Pulse	5	1714528	8790	2
25_07_1989_1_006_back_4	88	Picture	20	1730772	0	2	4145	3	0	4000	other	0
25_07_1989_1_006_back_4	88	Pulse	5	1734527	3755	2
25_07_1989_1_006_back_4	89	Picture	20	1748843	0	1	4145	2	0	4000	other	0
25_07_1989_1_006_back_4	89	Pulse	5	1754517	5674	2
25_07_1989_1_006_back_4	90	Picture	20	1766914	0	1	4145	2	0	4000	other	0
25_07_1989_1_006_back_4	90	Pulse	5	1774676	7762	3
25_07_1989_1_006_back_4	91	Picture	21	1784985	0	1	4145	2	0	4000	hit	188
25_07_1989_1_006_back_4	91	Response	1	1788436	3451	3
25_07_1989_1_006_back_4	91	Pulse	5	1794676	9691	2
25_07_1989_1_006_back_4	92	Picture	20	1803056	0	1	4145	2	0	4000	other	0
25_07_1989_1_006_back_4	92	Pulse	5	1814666	11610	1
25_07_1989_1_006_back_4	93	Picture	20	1821127	0	1	4144	3	0	4000	other	0
25_07_1989_1_006_back_4	93	Pulse	5	1834665	13538	2
25_07_1989_1_006_back_4	94	Picture	21	1839198	0	1	4144	3	0	4000	hit	195
25_07_1989_1_006_back_4	94	Response	1	1842025	2827	2
25_07_1989_1_006_back_4	94	Pulse	5	1854665	15467	2
25_07_1989_1_006_back_4	95	Picture	20	1857269	0	1	4144	2	0	4000	other	0
25_07_1989_1_006_back_4	95	Pulse	5	1874654	17385	2
25_07_1989_1_006_back_4	96	Picture	20	1875339	0	2	4145	3	0	4000	other	0
25_07_1989_1_006_back_4	97	Picture	20	1893410	0	2	4145	3	0	4000	other	0
25_07_1989_1_006_back_4	97	Pulse	5	1894654	1244	2
25_07_1989_1_006_back_4	98	Picture	21	1911481	0	1	4145	2	0	4000	hit	203
25_07_1989_1_006_back_4	98	Response	1	1914493	3012	2
25_07_1989_1_006_back_4	98	Pulse	5	1914653	3172	2
25_07_1989_1_006_back_4	99	Picture	20	1929552	0	1	4145	2	0	4000	other	0
25_07_1989_1_006_back_4	99	Pulse	5	1934643	5091	2
25_07_1989_1_006_back_4	100	Picture	20	1947623	0	1	4145	2	0	4000	other	0
25_07_1989_1_006_back_4	100	Pulse	5	1954643	7020	1
25_07_1989_1_006_back_4	101	Picture	21	1965694	0	1	4145	2	0	4000	hit	210
25_07_1989_1_006_back_4	101	Response	1	1969362	3668	2
25_07_1989_1_006_back_4	101	Pulse	5	1974643	8949	1
25_07_1989_1_006_back_4	102	Picture	20	1983765	0	1	4144	3	0	4000	other	0
25_07_1989_1_006_back_4	102	Pulse	5	1994632	10867	1
25_07_1989_1_006_back_4	103	Picture	20	2001836	0	1	4144	3	0	4000	other	0
25_07_1989_1_006_back_4	103	Pulse	5	2014631	12795	2
25_07_1989_1_006_back_4	104	Pulse	5	2034631	14725	2
25_07_1989_1_006_back_4	105	Picture	10	2044940	0	2	4145	3	0	4000	other	0
25_07_1989_1_006_back_4	105	Pulse	5	2054620	9680	2
25_07_1989_1_006_back_4	106	Picture	10	2063011	0	2	4145	3	0	4000	false_alarm	221
25_07_1989_1_006_back_4	106	Pulse	5	2074620	11609	2
25_07_1989_1_006_back_4	106	Response	1	2080220	17209	2
25_07_1989_1_006_back_4	107	Picture	11	2081082	0	1	4145	2	0	4000	miss	0
25_07_1989_1_006_back_4	107	Pulse	5	2094619	13537	2
25_07_1989_1_006_back_4	108	Picture	10	2099153	0	1	4145	2	0	4000	other	0
25_07_1989_1_006_back_4	108	Pulse	5	2114609	15456	2
25_07_1989_1_006_back_4	109	Picture	11	2117224	0	1	4145	2	0	4000	hit	227
25_07_1989_1_006_back_4	109	Response	1	2120689	3465	2
25_07_1989_1_006_back_4	109	Pulse	5	2134609	17385	1
25_07_1989_1_006_back_4	110	Picture	10	2135295	0	1	4145	2	0	4000	other	0
25_07_1989_1_006_back_4	111	Picture	10	2153366	0	1	4144	3	0	4000	other	0
25_07_1989_1_006_back_4	111	Pulse	5	2154608	1242	2
25_07_1989_1_006_back_4	112	Picture	11	2171437	0	1	4144	3	0	4000	hit	234
25_07_1989_1_006_back_4	112	Pulse	5	2174598	3161	2
25_07_1989_1_006_back_4	112	Response	1	2175558	4121	1
25_07_1989_1_006_back_4	113	Picture	10	2189508	0	1	4144	3	0	4000	other	0
25_07_1989_1_006_back_4	113	Pulse	5	2194597	5089	2
25_07_1989_1_006_back_4	114	Picture	10	2207578	0	2	4145	3	0	4000	other	0
25_07_1989_1_006_back_4	114	Pulse	5	2214597	7019	2
25_07_1989_1_006_back_4	115	Picture	10	2225649	0	2	4145	3	0	4000	other	0
25_07_1989_1_006_back_4	115	Pulse	5	2234586	8937	2
25_07_1989_1_006_back_4	116	Picture	10	2243720	0	1	4145	2	0	4000	other	0
25_07_1989_1_006_back_4	116	Pulse	5	2254586	10866	2
25_07_1989_1_006_back_4	117	Picture	10	2261791	0	1	4145	2	0	4000	other	0
25_07_1989_1_006_back_4	117	Pulse	5	2274585	12794	2
25_07_1989_1_006_back_4	118	Picture	11	2279862	0	1	4145	2	0	4000	hit	246
25_07_1989_1_006_back_4	118	Response	1	2283705	3843	2
25_07_1989_1_006_back_4	118	Pulse	5	2294575	14713	2
25_07_1989_1_006_back_4	119	Picture	10	2297933	0	1	4145	2	0	4000	other	0
25_07_1989_1_006_back_4	119	Pulse	5	2314575	16642	1
25_07_1989_1_006_back_4	120	Picture	10	2316004	0	1	4144	3	0	4000	other	0
25_07_1989_1_006_back_4	121	Pulse	5	2334574	499	2
25_07_1989_1_006_back_4	121	Pulse	5	2354564	20489	2
25_07_1989_1_006_back_4	122	Picture	30	2359109	0	1	4144	3	0	4000	other	0
25_07_1989_1_006_back_4	122	Pulse	5	2374563	15454	2
25_07_1989_1_006_back_4	123	Picture	30	2377180	0	1	4144	2	0	4000	false_alarm	256
25_07_1989_1_006_back_4	123	Response	1	2386403	9223	2
25_07_1989_1_006_back_4	123	Pulse	5	2394563	17383	2
25_07_1989_1_006_back_4	124	Picture	30	2395250	0	2	4145	3	0	4000	other	0
25_07_1989_1_006_back_4	125	Picture	31	2413321	0	2	4145	3	0	4000	hit	261
25_07_1989_1_006_back_4	125	Pulse	5	2414552	1231	2
25_07_1989_1_006_back_4	125	Response	1	2419832	6511	2
25_07_1989_1_006_back_4	126	Picture	31	2431392	0	1	4145	2	0	4000	hit	264
25_07_1989_1_006_back_4	126	Pulse	5	2434552	3160	2
25_07_1989_1_006_back_4	126	Response	1	2437272	5880	2
25_07_1989_1_006_back_4	127	Picture	30	2449463	0	1	4145	2	0	4000	other	0
25_07_1989_1_006_back_4	127	Pulse	5	2454552	5089	1
25_07_1989_1_006_back_4	128	Picture	30	2467534	0	1	4145	2	0	4000	other	0
25_07_1989_1_006_back_4	128	Pulse	5	2474541	7007	2
25_07_1989_1_006_back_4	129	Picture	30	2485605	0	1	4145	2	0	4000	other	0
25_07_1989_1_006_back_4	129	Pulse	5	2494541	8936	1
25_07_1989_1_006_back_4	130	Picture	31	2503676	0	1	4144	3	0	4000	hit	272
25_07_1989_1_006_back_4	130	Response	1	2507980	4304	2
25_07_1989_1_006_back_4	130	Pulse	5	2514540	10864	2
25_07_1989_1_006_back_4	131	Picture	30	2521747	0	1	4144	2	0	4000	other	0
25_07_1989_1_006_back_4	131	Pulse	5	2534530	12783	2
25_07_1989_1_006_back_4	132	Picture	30	2539817	0	2	4145	3	0	4000	other	0
25_07_1989_1_006_back_4	132	Pulse	5	2554529	14712	2
25_07_1989_1_006_back_4	133	Picture	30	2557888	0	2	4145	3	0	4000	other	0
25_07_1989_1_006_back_4	133	Pulse	5	2574529	16641	2
25_07_1989_1_006_back_4	134	Picture	30	2575959	0	2	4145	3	0	4000	other	0
25_07_1989_1_006_back_4	135	Picture	31	2594030	0	1	4145	2	0	4000	hit	283
25_07_1989_1_006_back_4	135	Pulse	5	2594518	488	2
25_07_1989_1_006_back_4	135	Response	1	2599798	5768	2
25_07_1989_1_006_back_4	136	Picture	30	2612101	0	1	4145	2	0	4000	other	0
25_07_1989_1_006_back_4	136	Pulse	5	2614518	2417	2
25_07_1989_1_006_back_4	137	Picture	30	2630172	0	1	4145	2	0	4000	false_alarm	288
25_07_1989_1_006_back_4	137	Pulse	5	2634518	4346	2
25_07_1989_1_006_back_4	137	Response	1	2637718	7546	1
