Scenario - 1-back
Logfile written - 04/04/2014 14:54:48

Subject	Trial	Event Type	Code	Time	TTime	Uncertainty	Duration	Uncertainty	ReqTime	ReqDur	Stim Type	Pair Index

25_07_1989_1_006_back4	1	Pulse	5	172306	182140	1
25_07_1989_1_006_back4	2	Pulse	5	192295	19929	2
25_07_1989_1_006_back4	3	Picture	10	197400	0	1	4145	2	0	4000	other	0
25_07_1989_1_006_back4	3	Pulse	5	212294	14894	2
25_07_1989_1_006_back4	4	Picture	10	215471	0	1	4144	3	0	4000	other	0
25_07_1989_1_006_back4	4	Pulse	5	232294	16823	2
25_07_1989_1_006_back4	5	Picture	11	233542	0	1	4144	2	0	4000	hit	8
25_07_1989_1_006_back4	5	Response	1	236294	2752	2
25_07_1989_1_006_back4	6	Picture	10	251612	0	2	4145	3	0	4000	other	0
25_07_1989_1_006_back4	6	Pulse	5	252283	671	2
25_07_1989_1_006_back4	7	Picture	11	269683	0	2	4145	3	0	4000	hit	13
25_07_1989_1_006_back4	7	Pulse	5	272283	2600	2
25_07_1989_1_006_back4	7	Response	1	273083	3400	2
25_07_1989_1_006_back4	8	Picture	10	287754	0	1	4145	2	0	4000	other	0
25_07_1989_1_006_back4	8	Pulse	5	292283	4529	1
25_07_1989_1_006_back4	9	Picture	10	305825	0	1	4145	2	0	4000	other	0
25_07_1989_1_006_back4	9	Pulse	5	312432	6607	2
25_07_1989_1_006_back4	10	Picture	10	323896	0	1	4145	2	0	4000	other	0
25_07_1989_1_006_back4	10	Pulse	5	332432	8536	2
25_07_1989_1_006_back4	11	Picture	11	341967	0	1	4145	2	0	4000	hit	21
25_07_1989_1_006_back4	11	Response	1	346031	4064	2
25_07_1989_1_006_back4	11	Pulse	5	352431	10464	2
25_07_1989_1_006_back4	12	Picture	10	360037	0	2	4146	3	0	4000	other	0
25_07_1989_1_006_back4	12	Pulse	5	372421	12384	2
25_07_1989_1_006_back4	13	Picture	10	378109	0	1	4144	3	0	4000	other	0
25_07_1989_1_006_back4	13	Pulse	5	392420	14311	2
25_07_1989_1_006_back4	14	Picture	11	396180	0	1	4144	2	0	4000	hit	28
25_07_1989_1_006_back4	14	Response	1	400420	4240	2
25_07_1989_1_006_back4	14	Pulse	5	412420	16240	2
25_07_1989_1_006_back4	15	Picture	10	414250	0	2	4145	3	0	4000	other	0
25_07_1989_1_006_back4	16	Picture	10	432321	0	2	4142	9	0	4000	other	0
25_07_1989_1_006_back4	16	Pulse	5	432409	88	2
25_07_1989_1_006_back4	17	Picture	10	450392	0	1	4145	2	0	4000	other	0
25_07_1989_1_006_back4	17	Pulse	5	452409	2017	2
25_07_1989_1_006_back4	18	Picture	10	468463	0	1	4145	2	0	4000	other	0
25_07_1989_1_006_back4	18	Pulse	5	472409	3946	1
25_07_1989_1_006_back4	19	Pulse	5	492398	5864	2
25_07_1989_1_006_back4	20	Picture	30	511568	0	1	4145	2	0	4000	other	0
25_07_1989_1_006_back4	20	Pulse	5	512398	830	2
25_07_1989_1_006_back4	21	Picture	30	529639	0	1	4145	2	0	4000	other	0
25_07_1989_1_006_back4	21	Pulse	5	532397	2758	2
25_07_1989_1_006_back4	22	Picture	31	547710	0	1	4144	3	0	4000	hit	43
25_07_1989_1_006_back4	22	Response	1	551427	3717	2
25_07_1989_1_006_back4	22	Pulse	5	552387	4677	2
25_07_1989_1_006_back4	23	Picture	30	565781	0	1	4144	2	0	4000	other	0
25_07_1989_1_006_back4	23	Pulse	5	572386	6605	2
25_07_1989_1_006_back4	24	Picture	30	583852	0	1	4144	2	0	4000	other	0
25_07_1989_1_006_back4	24	Pulse	5	592386	8534	2
25_07_1989_1_006_back4	25	Picture	30	601922	0	2	4145	3	0	4000	other	0
25_07_1989_1_006_back4	25	Pulse	5	612376	10454	1
25_07_1989_1_006_back4	26	Picture	31	619993	0	2	4145	3	0	4000	hit	52
25_07_1989_1_006_back4	26	Response	1	624855	4862	2
25_07_1989_1_006_back4	26	Pulse	5	632375	12382	2
25_07_1989_1_006_back4	27	Picture	31	638064	0	1	4145	2	0	4000	hit	55
25_07_1989_1_006_back4	27	Response	1	641975	3911	2
25_07_1989_1_006_back4	27	Pulse	5	652375	14311	2
25_07_1989_1_006_back4	28	Picture	30	656135	0	1	4145	2	0	4000	other	0
25_07_1989_1_006_back4	28	Pulse	5	672364	16229	2
25_07_1989_1_006_back4	29	Picture	30	674206	0	1	4145	2	0	4000	other	0
25_07_1989_1_006_back4	30	Picture	30	692277	0	1	4144	3	0	4000	other	0
25_07_1989_1_006_back4	30	Pulse	5	692364	87	2
25_07_1989_1_006_back4	31	Picture	31	710348	0	1	4144	3	0	4000	hit	64
25_07_1989_1_006_back4	31	Pulse	5	712363	2015	2
25_07_1989_1_006_back4	31	Response	1	713483	3135	2
25_07_1989_1_006_back4	32	Picture	30	728418	0	2	4145	4	0	4000	other	0
25_07_1989_1_006_back4	32	Pulse	5	732353	3935	2
25_07_1989_1_006_back4	33	Picture	30	746489	0	2	4145	3	0	4000	other	0
25_07_1989_1_006_back4	33	Pulse	5	752352	5863	3
25_07_1989_1_006_back4	34	Picture	30	764560	0	2	4145	3	0	4000	other	0
25_07_1989_1_006_back4	34	Pulse	5	772352	7792	2
25_07_1989_1_006_back4	35	Picture	30	782631	0	1	4145	2	0	4000	other	0
25_07_1989_1_006_back4	35	Pulse	5	792342	9711	1
25_07_1989_1_006_back4	36	Pulse	5	812341	11639	2
25_07_1989_1_006_back4	37	Picture	10	825736	0	1	4145	2	0	4000	other	0
25_07_1989_1_006_back4	37	Pulse	5	832341	6605	2
25_07_1989_1_006_back4	38	Picture	10	843807	0	1	4145	2	0	4000	other	0
25_07_1989_1_006_back4	38	Pulse	5	852330	8523	2
25_07_1989_1_006_back4	39	Picture	11	861878	0	1	4144	3	0	4000	hit	79
25_07_1989_1_006_back4	39	Response	1	865290	3412	2
25_07_1989_1_006_back4	39	Pulse	5	872330	10452	2
25_07_1989_1_006_back4	40	Picture	10	879949	0	1	4144	3	0	4000	other	0
25_07_1989_1_006_back4	40	Pulse	5	892329	12380	2
25_07_1989_1_006_back4	41	Picture	11	898020	0	1	4144	3	0	4000	hit	84
25_07_1989_1_006_back4	41	Response	1	902559	4539	2
25_07_1989_1_006_back4	41	Pulse	5	912319	14299	2
25_07_1989_1_006_back4	42	Picture	10	916091	0	1	4144	2	0	4000	other	0
25_07_1989_1_006_back4	42	Pulse	5	932319	16228	1
25_07_1989_1_006_back4	43	Picture	10	934161	0	2	4145	3	0	4000	other	0
25_07_1989_1_006_back4	44	Picture	10	952232	0	1	4145	2	0	4000	other	0
25_07_1989_1_006_back4	44	Pulse	5	952318	86	2
25_07_1989_1_006_back4	45	Picture	11	970303	0	1	4145	2	0	4000	hit	93
25_07_1989_1_006_back4	45	Pulse	5	972308	2005	1
25_07_1989_1_006_back4	45	Response	1	974708	4405	1
25_07_1989_1_006_back4	46	Picture	10	988374	0	1	4145	2	0	4000	other	0
25_07_1989_1_006_back4	46	Pulse	5	992307	3933	2
25_07_1989_1_006_back4	47	Picture	10	1006445	0	1	4145	2	0	4000	other	0
25_07_1989_1_006_back4	47	Pulse	5	1012307	5862	2
25_07_1989_1_006_back4	48	Picture	11	1024515	0	2	4145	4	0	4000	hit	99
25_07_1989_1_006_back4	48	Response	1	1028936	4421	2
25_07_1989_1_006_back4	48	Pulse	5	1032296	7781	2
25_07_1989_1_006_back4	49	Picture	10	1042586	0	2	4145	4	0	4000	other	0
25_07_1989_1_006_back4	49	Pulse	5	1052296	9710	2
25_07_1989_1_006_back4	50	Picture	10	1060657	0	2	4145	3	0	4000	other	0
25_07_1989_1_006_back4	50	Pulse	5	1072295	11638	2
25_07_1989_1_006_back4	51	Picture	10	1078728	0	2	4145	3	0	4000	other	0
25_07_1989_1_006_back4	51	Pulse	5	1092285	13557	2
25_07_1989_1_006_back4	52	Picture	10	1096799	0	2	4145	3	0	4000	other	0
25_07_1989_1_006_back4	52	Pulse	5	1112285	15486	1
25_07_1989_1_006_back4	53	Pulse	5	1132284	17414	2
25_07_1989_1_006_back4	54	Picture	20	1139904	0	1	4145	2	0	4000	other	0
25_07_1989_1_006_back4	54	Pulse	5	1152274	12370	2
25_07_1989_1_006_back4	55	Picture	20	1157975	0	1	4145	2	0	4000	other	0
25_07_1989_1_006_back4	55	Pulse	5	1172273	14298	2
25_07_1989_1_006_back4	56	Picture	21	1176046	0	1	4145	2	0	4000	hit	115
25_07_1989_1_006_back4	56	Response	1	1180273	4227	2
25_07_1989_1_006_back4	56	Pulse	5	1192273	16227	2
25_07_1989_1_006_back4	57	Picture	20	1194117	0	1	4145	2	0	4000	other	0
25_07_1989_1_006_back4	58	Picture	20	1212188	0	1	4144	3	0	4000	other	0
25_07_1989_1_006_back4	58	Pulse	5	1212263	75	1
25_07_1989_1_006_back4	59	Picture	20	1230259	0	1	4144	3	0	4000	other	0
25_07_1989_1_006_back4	59	Pulse	5	1232262	2003	2
25_07_1989_1_006_back4	60	Picture	21	1248329	0	2	4145	3	0	4000	hit	123
25_07_1989_1_006_back4	60	Response	1	1252262	3933	1
25_07_1989_1_006_back4	60	Pulse	5	1252262	3933	1
25_07_1989_1_006_back4	61	Picture	20	1266400	0	1	4145	2	0	4000	other	0
25_07_1989_1_006_back4	61	Pulse	5	1272251	5851	2
25_07_1989_1_006_back4	62	Picture	20	1284471	0	1	4145	2	0	4000	other	0
25_07_1989_1_006_back4	62	Pulse	5	1292251	7780	1
25_07_1989_1_006_back4	63	Picture	20	1302542	0	1	4145	2	0	4000	other	0
25_07_1989_1_006_back4	63	Pulse	5	1312250	9708	2
25_07_1989_1_006_back4	64	Picture	20	1320613	0	1	4145	2	0	4000	other	0
25_07_1989_1_006_back4	64	Pulse	5	1332240	11627	2
25_07_1989_1_006_back4	65	Picture	20	1338684	0	1	4144	4	0	4000	other	0
25_07_1989_1_006_back4	65	Pulse	5	1352399	13715	2
25_07_1989_1_006_back4	66	Picture	21	1356755	0	1	4144	3	0	4000	hit	136
25_07_1989_1_006_back4	66	Response	1	1361839	5084	2
25_07_1989_1_006_back4	66	Pulse	5	1372399	15644	2
25_07_1989_1_006_back4	67	Picture	20	1374826	0	1	4144	3	0	4000	other	0
25_07_1989_1_006_back4	67	Pulse	5	1392388	17562	2
25_07_1989_1_006_back4	68	Picture	20	1392897	0	1	4144	2	0	4000	other	0
25_07_1989_1_006_back4	69	Picture	21	1410967	0	2	4145	3	0	4000	hit	143
25_07_1989_1_006_back4	69	Pulse	5	1412388	1421	2
25_07_1989_1_006_back4	69	Response	1	1416068	5101	2
25_07_1989_1_006_back4	70	Pulse	5	1432388	3350	2
25_07_1989_1_006_back4	70	Pulse	5	1452377	23339	2
25_07_1989_1_006_back4	71	Picture	10	1454072	0	2	4145	3	0	4000	other	0
25_07_1989_1_006_back4	72	Picture	10	1472143	0	1	4145	2	0	4000	other	0
25_07_1989_1_006_back4	72	Pulse	5	1472377	234	1
25_07_1989_1_006_back4	73	Picture	11	1490214	0	1	4145	2	0	4000	hit	151
25_07_1989_1_006_back4	73	Pulse	5	1492376	2162	2
25_07_1989_1_006_back4	73	Response	1	1493656	3442	2
25_07_1989_1_006_back4	74	Picture	10	1508285	0	1	4145	2	0	4000	other	0
25_07_1989_1_006_back4	74	Pulse	5	1512366	4081	2
25_07_1989_1_006_back4	75	Picture	11	1526356	0	1	4145	2	0	4000	hit	155
25_07_1989_1_006_back4	75	Response	1	1529485	3129	2
25_07_1989_1_006_back4	75	Pulse	5	1532365	6009	2
25_07_1989_1_006_back4	76	Picture	10	1544427	0	1	4144	3	0	4000	other	0
25_07_1989_1_006_back4	76	Pulse	5	1552365	7938	2
25_07_1989_1_006_back4	77	Picture	10	1562498	0	1	4144	2	0	4000	other	0
25_07_1989_1_006_back4	77	Pulse	5	1572354	9856	3
25_07_1989_1_006_back4	78	Picture	11	1580569	0	1	4144	2	0	4000	hit	162
25_07_1989_1_006_back4	78	Response	1	1585634	5065	2
25_07_1989_1_006_back4	78	Pulse	5	1592354	11785	2
25_07_1989_1_006_back4	79	Picture	10	1598639	0	2	4145	3	0	4000	other	0
25_07_1989_1_006_back4	79	Pulse	5	1612354	13715	2
25_07_1989_1_006_back4	80	Picture	10	1616710	0	1	4145	2	0	4000	other	0
25_07_1989_1_006_back4	80	Pulse	5	1632343	15633	2
25_07_1989_1_006_back4	81	Picture	10	1634781	0	1	4145	2	0	4000	other	0
25_07_1989_1_006_back4	81	Pulse	5	1652343	17562	2
25_07_1989_1_006_back4	82	Picture	10	1652852	0	1	4145	2	0	4000	other	0
25_07_1989_1_006_back4	83	Picture	10	1670923	0	1	4145	2	0	4000	other	0
25_07_1989_1_006_back4	83	Pulse	5	1672342	1419	3
25_07_1989_1_006_back4	84	Picture	11	1688994	0	1	4144	3	0	4000	hit	175
25_07_1989_1_006_back4	84	Pulse	5	1692332	3338	2
25_07_1989_1_006_back4	84	Response	1	1693292	4298	2
25_07_1989_1_006_back4	85	Picture	10	1707065	0	1	4144	3	0	4000	other	0
25_07_1989_1_006_back4	85	Pulse	5	1712331	5266	2
25_07_1989_1_006_back4	86	Picture	10	1725136	0	1	4144	2	0	4000	other	0
25_07_1989_1_006_back4	86	Pulse	5	1732331	7195	2
25_07_1989_1_006_back4	87	Pulse	5	1752321	9115	2
25_07_1989_1_006_back4	88	Picture	30	1768240	0	2	4145	3	0	4000	other	0
25_07_1989_1_006_back4	88	Pulse	5	1772320	4080	2
25_07_1989_1_006_back4	89	Picture	30	1786311	0	1	4145	2	0	4000	other	0
25_07_1989_1_006_back4	89	Pulse	5	1792320	6009	1
25_07_1989_1_006_back4	90	Picture	30	1804382	0	1	4145	2	0	4000	other	0
25_07_1989_1_006_back4	90	Pulse	5	1812309	7927	2
25_07_1989_1_006_back4	91	Picture	31	1822453	0	1	4145	2	0	4000	hit	188
25_07_1989_1_006_back4	91	Response	1	1825909	3456	2
25_07_1989_1_006_back4	91	Pulse	5	1832309	9856	2
25_07_1989_1_006_back4	92	Picture	31	1840524	0	1	4145	2	0	4000	hit	191
25_07_1989_1_006_back4	92	Response	1	1844149	3625	1
25_07_1989_1_006_back4	92	Pulse	5	1852308	11784	2
25_07_1989_1_006_back4	93	Picture	30	1858595	0	1	4144	3	0	4000	other	0
25_07_1989_1_006_back4	93	Pulse	5	1872298	13703	2
25_07_1989_1_006_back4	94	Picture	30	1876666	0	1	4144	3	0	4000	other	0
25_07_1989_1_006_back4	94	Pulse	5	1892297	15631	2
25_07_1989_1_006_back4	95	Picture	30	1894736	0	2	4145	4	0	4000	other	0
25_07_1989_1_006_back4	95	Pulse	5	1912297	17561	3
25_07_1989_1_006_back4	96	Picture	31	1912807	0	2	4145	3	0	4000	hit	200
25_07_1989_1_006_back4	96	Response	1	1917087	4280	2
25_07_1989_1_006_back4	97	Picture	30	1930878	0	2	4145	3	0	4000	other	0
25_07_1989_1_006_back4	97	Pulse	5	1932287	1409	1
25_07_1989_1_006_back4	98	Picture	30	1948949	0	1	4145	2	0	4000	other	0
25_07_1989_1_006_back4	98	Pulse	5	1952286	3337	2
25_07_1989_1_006_back4	99	Picture	30	1967020	0	1	4145	2	0	4000	other	0
25_07_1989_1_006_back4	99	Pulse	5	1972286	5266	2
25_07_1989_1_006_back4	100	Picture	30	1985091	0	1	4144	3	0	4000	other	0
25_07_1989_1_006_back4	100	Pulse	5	1992275	7184	2
25_07_1989_1_006_back4	101	Picture	31	2003162	0	1	4145	2	0	4000	hit	210
25_07_1989_1_006_back4	101	Response	1	2006355	3193	2
25_07_1989_1_006_back4	101	Pulse	5	2012275	9113	2
25_07_1989_1_006_back4	102	Picture	30	2021233	0	1	4144	3	0	4000	other	0
25_07_1989_1_006_back4	102	Pulse	5	2032275	11042	1
25_07_1989_1_006_back4	103	Picture	30	2039304	0	1	4144	3	0	4000	other	0
25_07_1989_1_006_back4	103	Pulse	5	2052264	12960	2
25_07_1989_1_006_back4	104	Pulse	5	2072264	14889	1
25_07_1989_1_006_back4	105	Picture	10	2082409	0	1	4144	3	0	4000	other	0
25_07_1989_1_006_back4	105	Pulse	5	2092263	9854	2
25_07_1989_1_006_back4	106	Picture	10	2100479	0	2	4145	3	0	4000	other	0
25_07_1989_1_006_back4	106	Pulse	5	2112253	11774	1
25_07_1989_1_006_back4	107	Picture	11	2118550	0	1	4145	2	0	4000	hit	222
25_07_1989_1_006_back4	107	Response	1	2121692	3142	2
25_07_1989_1_006_back4	107	Pulse	5	2132252	13702	2
25_07_1989_1_006_back4	108	Picture	10	2136621	0	1	4145	2	0	4000	other	0
25_07_1989_1_006_back4	108	Pulse	5	2152252	15631	2
25_07_1989_1_006_back4	109	Picture	11	2154692	0	1	4145	2	0	4000	hit	227
25_07_1989_1_006_back4	109	Response	1	2159922	5230	1
25_07_1989_1_006_back4	109	Pulse	5	2172241	17549	2
25_07_1989_1_006_back4	110	Picture	10	2172763	0	1	4145	2	0	4000	other	0
25_07_1989_1_006_back4	111	Picture	10	2190834	0	1	4145	2	0	4000	other	0
25_07_1989_1_006_back4	111	Pulse	5	2192241	1407	2
25_07_1989_1_006_back4	112	Picture	11	2208905	0	1	4144	3	0	4000	hit	234
25_07_1989_1_006_back4	112	Pulse	5	2212240	3335	2
25_07_1989_1_006_back4	112	Response	1	2213040	4135	2
25_07_1989_1_006_back4	113	Picture	10	2226976	0	1	4144	3	0	4000	other	0
25_07_1989_1_006_back4	113	Pulse	5	2232230	5254	2
25_07_1989_1_006_back4	114	Picture	10	2245046	0	2	4145	3	0	4000	other	0
25_07_1989_1_006_back4	114	Pulse	5	2252230	7184	1
25_07_1989_1_006_back4	115	Picture	10	2263117	0	2	4145	3	0	4000	other	0
25_07_1989_1_006_back4	115	Pulse	5	2272229	9112	2
25_07_1989_1_006_back4	116	Picture	10	2281188	0	1	4145	2	0	4000	other	0
25_07_1989_1_006_back4	116	Pulse	5	2292219	11031	2
25_07_1989_1_006_back4	117	Picture	10	2299259	0	1	4145	2	0	4000	other	0
25_07_1989_1_006_back4	117	Pulse	5	2312218	12959	2
25_07_1989_1_006_back4	118	Picture	11	2317330	0	1	4145	2	0	4000	hit	246
25_07_1989_1_006_back4	118	Response	1	2320698	3368	2
25_07_1989_1_006_back4	118	Pulse	5	2332218	14888	2
25_07_1989_1_006_back4	119	Picture	10	2335401	0	1	4145	2	0	4000	other	0
25_07_1989_1_006_back4	119	Pulse	5	2352207	16806	2
25_07_1989_1_006_back4	120	Picture	10	2353472	0	1	4144	3	0	4000	other	0
25_07_1989_1_006_back4	121	Pulse	5	2372207	664	2
25_07_1989_1_006_back4	121	Pulse	5	2392367	20824	1
25_07_1989_1_006_back4	122	Picture	20	2396577	0	1	4144	3	0	4000	other	0
25_07_1989_1_006_back4	122	Pulse	5	2412356	15779	2
25_07_1989_1_006_back4	123	Picture	20	2414648	0	1	4144	2	0	4000	other	0
25_07_1989_1_006_back4	123	Pulse	5	2432356	17708	1
25_07_1989_1_006_back4	124	Picture	20	2432718	0	2	4145	3	0	4000	other	0
25_07_1989_1_006_back4	125	Picture	21	2450789	0	2	4145	3	0	4000	hit	260
25_07_1989_1_006_back4	125	Pulse	5	2452355	1566	2
25_07_1989_1_006_back4	125	Response	1	2454435	3646	2
25_07_1989_1_006_back4	126	Picture	20	2468860	0	1	4145	2	0	4000	other	0
25_07_1989_1_006_back4	126	Pulse	5	2472345	3485	2
25_07_1989_1_006_back4	127	Picture	20	2486931	0	1	4145	2	0	4000	other	0
25_07_1989_1_006_back4	127	Pulse	5	2492344	5413	2
25_07_1989_1_006_back4	128	Picture	21	2505002	0	1	4145	2	0	4000	hit	266
25_07_1989_1_006_back4	128	Response	1	2508184	3182	2
25_07_1989_1_006_back4	128	Pulse	5	2512344	7342	2
25_07_1989_1_006_back4	129	Picture	20	2523073	0	1	4145	2	0	4000	other	0
25_07_1989_1_006_back4	129	Pulse	5	2532333	9260	2
25_07_1989_1_006_back4	130	Picture	20	2541144	0	1	4144	3	0	4000	other	0
25_07_1989_1_006_back4	130	Pulse	5	2552334	11190	1
25_07_1989_1_006_back4	131	Picture	20	2559215	0	1	4144	3	0	4000	other	0
25_07_1989_1_006_back4	131	Pulse	5	2572323	13108	2
25_07_1989_1_006_back4	132	Picture	21	2577286	0	1	4144	2	0	4000	hit	275
25_07_1989_1_006_back4	132	Response	1	2581922	4636	2
25_07_1989_1_006_back4	132	Pulse	5	2592322	15036	2
25_07_1989_1_006_back4	133	Picture	20	2595356	0	2	4145	3	0	4000	other	0
25_07_1989_1_006_back4	133	Pulse	5	2612322	16966	1
25_07_1989_1_006_back4	134	Picture	20	2613427	0	1	4145	2	0	4000	other	0
25_07_1989_1_006_back4	135	Picture	21	2631498	0	1	4145	2	0	4000	hit	282
25_07_1989_1_006_back4	135	Pulse	5	2632321	823	2
25_07_1989_1_006_back4	135	Response	1	2635201	3703	2
25_07_1989_1_006_back4	136	Picture	20	2649569	0	1	4145	2	0	4000	other	0
25_07_1989_1_006_back4	136	Pulse	5	2652311	2742	2
25_07_1989_1_006_back4	137	Picture	20	2667640	0	1	4145	2	0	4000	other	0
25_07_1989_1_006_back4	137	Pulse	5	2672310	4670	2
