Scenario - 1-back
Logfile written - 04/04/2014 14:44:55

Subject	Trial	Event Type	Code	Time	TTime	Uncertainty	Duration	Uncertainty	ReqTime	ReqDur	Stim Type	Pair Index

25_07_1989_1_006_back_2	1	Pulse	5	120113	129948	1
25_07_1989_1_006_back_2	2	Pulse	5	140102	19960	2
25_07_1989_1_006_back_2	3	Picture	10	145177	0	1	4144	3	0	4000	other	0
25_07_1989_1_006_back_2	3	Pulse	5	160102	14925	1
25_07_1989_1_006_back_2	4	Picture	10	163248	0	1	4144	2	0	4000	other	0
25_07_1989_1_006_back_2	4	Pulse	5	180101	16853	2
25_07_1989_1_006_back_2	5	Picture	11	181318	0	2	4145	3	0	4000	hit	8
25_07_1989_1_006_back_2	5	Response	1	185531	4213	2
25_07_1989_1_006_back_2	6	Picture	10	199389	0	2	4145	3	0	4000	other	0
25_07_1989_1_006_back_2	6	Pulse	5	200091	702	1
25_07_1989_1_006_back_2	7	Picture	11	217460	0	1	4145	2	0	4000	hit	13
25_07_1989_1_006_back_2	7	Pulse	5	220090	2630	2
25_07_1989_1_006_back_2	7	Response	1	221690	4230	2
25_07_1989_1_006_back_2	8	Picture	10	235531	0	1	4145	2	0	4000	other	0
25_07_1989_1_006_back_2	8	Pulse	5	240090	4559	2
25_07_1989_1_006_back_2	9	Picture	10	253602	0	1	4145	2	0	4000	other	0
25_07_1989_1_006_back_2	9	Pulse	5	260079	6477	2
25_07_1989_1_006_back_2	10	Picture	10	271673	0	1	4144	3	0	4000	other	0
25_07_1989_1_006_back_2	10	Pulse	5	280079	8406	2
25_07_1989_1_006_back_2	11	Picture	11	289744	0	1	4144	3	0	4000	hit	21
25_07_1989_1_006_back_2	11	Response	1	293199	3455	1
25_07_1989_1_006_back_2	11	Pulse	5	300078	10334	2
25_07_1989_1_006_back_2	12	Picture	10	307815	0	1	4144	2	0	4000	other	0
25_07_1989_1_006_back_2	12	Pulse	5	320069	12254	1
25_07_1989_1_006_back_2	13	Picture	10	325885	0	2	4145	3	0	4000	other	0
25_07_1989_1_006_back_2	13	Pulse	5	340068	14183	1
25_07_1989_1_006_back_2	14	Picture	11	343956	0	2	4145	3	0	4000	hit	28
25_07_1989_1_006_back_2	14	Response	1	347907	3951	2
25_07_1989_1_006_back_2	14	Pulse	5	360068	16112	1
25_07_1989_1_006_back_2	15	Picture	10	362027	0	1	4145	2	0	4000	other	0
25_07_1989_1_006_back_2	15	Pulse	5	380057	18030	2
25_07_1989_1_006_back_2	16	Picture	10	380098	0	1	4145	2	0	4000	other	0
25_07_1989_1_006_back_2	17	Picture	10	398169	0	1	4145	2	0	4000	other	0
25_07_1989_1_006_back_2	17	Pulse	5	400056	1887	2
25_07_1989_1_006_back_2	18	Picture	10	416240	0	1	4145	2	0	4000	other	0
25_07_1989_1_006_back_2	18	Pulse	5	420056	3816	2
25_07_1989_1_006_back_2	19	Pulse	5	440045	5734	3
25_07_1989_1_006_back_2	20	Picture	30	459345	0	1	4144	3	0	4000	other	0
25_07_1989_1_006_back_2	20	Pulse	5	460046	701	1
25_07_1989_1_006_back_2	21	Picture	30	477416	0	1	4144	2	0	4000	other	0
25_07_1989_1_006_back_2	21	Pulse	5	480045	2629	1
25_07_1989_1_006_back_2	22	Picture	31	495486	0	2	4145	3	0	4000	hit	44
25_07_1989_1_006_back_2	22	Pulse	5	500034	4548	2
25_07_1989_1_006_back_2	22	Response	1	500194	4708	2
25_07_1989_1_006_back_2	23	Picture	30	513557	0	2	4145	3	0	4000	other	0
25_07_1989_1_006_back_2	23	Pulse	5	520034	6477	1
25_07_1989_1_006_back_2	24	Picture	30	531628	0	1	4145	2	0	4000	other	0
25_07_1989_1_006_back_2	24	Pulse	5	540033	8405	2
25_07_1989_1_006_back_2	25	Picture	30	549699	0	1	4145	2	0	4000	other	0
25_07_1989_1_006_back_2	25	Pulse	5	560023	10324	2
25_07_1989_1_006_back_2	26	Picture	31	567770	0	1	4145	2	0	4000	hit	52
25_07_1989_1_006_back_2	26	Response	1	571063	3293	1
25_07_1989_1_006_back_2	26	Pulse	5	580022	12252	2
25_07_1989_1_006_back_2	27	Picture	31	585841	0	1	4145	2	0	4000	hit	55
25_07_1989_1_006_back_2	27	Response	1	589942	4101	2
25_07_1989_1_006_back_2	27	Pulse	5	600022	14181	2
25_07_1989_1_006_back_2	28	Picture	30	603910	0	3	4146	5	0	4000	other	0
25_07_1989_1_006_back_2	28	Pulse	5	620011	16101	2
25_07_1989_1_006_back_2	29	Picture	30	621983	0	1	4144	2	0	4000	other	0
25_07_1989_1_006_back_2	29	Pulse	5	640011	18028	2
25_07_1989_1_006_back_2	30	Picture	30	640054	0	1	4144	2	0	4000	other	0
25_07_1989_1_006_back_2	31	Picture	31	658124	0	2	4145	3	0	4000	hit	64
25_07_1989_1_006_back_2	31	Pulse	5	660011	1887	1
25_07_1989_1_006_back_2	31	Response	1	661921	3797	1
25_07_1989_1_006_back_2	32	Picture	30	676195	0	1	4145	2	0	4000	other	0
25_07_1989_1_006_back_2	32	Pulse	5	680000	3805	2
25_07_1989_1_006_back_2	33	Picture	30	694266	0	1	4145	2	0	4000	other	0
25_07_1989_1_006_back_2	33	Pulse	5	700000	5734	2
25_07_1989_1_006_back_2	34	Picture	30	712337	0	1	4145	2	0	4000	other	0
25_07_1989_1_006_back_2	34	Pulse	5	719999	7662	2
25_07_1989_1_006_back_2	35	Picture	30	730408	0	1	4145	2	0	4000	other	0
25_07_1989_1_006_back_2	35	Pulse	5	739989	9581	2
25_07_1989_1_006_back_2	36	Pulse	5	759988	11509	2
25_07_1989_1_006_back_2	37	Picture	10	773513	0	1	4144	3	0	4000	other	0
25_07_1989_1_006_back_2	37	Pulse	5	779978	6465	2
25_07_1989_1_006_back_2	38	Picture	10	791584	0	1	4144	3	0	4000	other	0
25_07_1989_1_006_back_2	38	Pulse	5	799978	8394	1
25_07_1989_1_006_back_2	39	Picture	11	809655	0	1	4144	3	0	4000	hit	79
25_07_1989_1_006_back_2	39	Response	1	813417	3762	2
25_07_1989_1_006_back_2	39	Pulse	5	819977	10322	2
25_07_1989_1_006_back_2	40	Picture	10	827725	0	2	4145	3	0	4000	other	0
25_07_1989_1_006_back_2	40	Pulse	5	839977	12252	1
25_07_1989_1_006_back_2	41	Picture	11	845796	0	2	4145	3	0	4000	hit	84
25_07_1989_1_006_back_2	41	Response	1	849406	3610	2
25_07_1989_1_006_back_2	41	Pulse	5	859966	14170	2
25_07_1989_1_006_back_2	42	Picture	10	863867	0	1	4145	2	0	4000	other	0
25_07_1989_1_006_back_2	42	Pulse	5	879966	16099	2
25_07_1989_1_006_back_2	43	Picture	10	881938	0	1	4145	2	0	4000	other	0
25_07_1989_1_006_back_2	43	Pulse	5	899966	18028	1
25_07_1989_1_006_back_2	44	Picture	10	900009	0	1	4145	2	0	4000	other	0
25_07_1989_1_006_back_2	45	Picture	11	918080	0	1	4144	3	0	4000	hit	93
25_07_1989_1_006_back_2	45	Pulse	5	919955	1875	2
25_07_1989_1_006_back_2	45	Response	1	922355	4275	2
25_07_1989_1_006_back_2	46	Picture	10	936151	0	1	4144	3	0	4000	other	0
25_07_1989_1_006_back_2	46	Pulse	5	939954	3803	2
25_07_1989_1_006_back_2	47	Picture	10	954222	0	1	4144	3	0	4000	other	0
25_07_1989_1_006_back_2	47	Pulse	5	959955	5733	1
25_07_1989_1_006_back_2	48	Picture	11	972293	0	1	4144	2	0	4000	hit	99
25_07_1989_1_006_back_2	48	Response	1	976264	3971	2
25_07_1989_1_006_back_2	48	Pulse	5	979944	7651	1
25_07_1989_1_006_back_2	49	Picture	10	990363	0	2	4145	3	0	4000	other	0
25_07_1989_1_006_back_2	49	Pulse	5	999944	9581	1
25_07_1989_1_006_back_2	50	Picture	10	1008434	0	1	4145	2	0	4000	other	0
25_07_1989_1_006_back_2	50	Pulse	5	1019943	11509	2
25_07_1989_1_006_back_2	51	Picture	10	1026505	0	1	4145	2	0	4000	other	0
25_07_1989_1_006_back_2	51	Pulse	5	1039932	13427	2
25_07_1989_1_006_back_2	52	Picture	10	1044576	0	1	4145	2	0	4000	other	0
25_07_1989_1_006_back_2	52	Pulse	5	1059932	15356	2
25_07_1989_1_006_back_2	53	Pulse	5	1080091	17444	3
25_07_1989_1_006_back_2	54	Picture	20	1087681	0	1	4144	3	0	4000	other	0
25_07_1989_1_006_back_2	54	Pulse	5	1100081	12400	2
25_07_1989_1_006_back_2	55	Picture	20	1105752	0	1	4144	3	0	4000	other	0
25_07_1989_1_006_back_2	55	Pulse	5	1120081	14329	1
25_07_1989_1_006_back_2	56	Picture	21	1123823	0	1	4144	3	0	4000	hit	115
25_07_1989_1_006_back_2	56	Response	1	1128240	4417	2
25_07_1989_1_006_back_2	56	Pulse	5	1140081	16258	1
25_07_1989_1_006_back_2	57	Picture	20	1141893	0	2	4145	3	0	4000	other	0
25_07_1989_1_006_back_2	58	Picture	20	1159964	0	2	4145	3	0	4000	other	0
25_07_1989_1_006_back_2	58	Pulse	5	1160070	106	1
25_07_1989_1_006_back_2	59	Picture	20	1178035	0	2	4145	3	0	4000	other	0
25_07_1989_1_006_back_2	59	Pulse	5	1180069	2034	2
25_07_1989_1_006_back_2	60	Picture	21	1196106	0	1	4145	2	0	4000	hit	123
25_07_1989_1_006_back_2	60	Response	1	1199749	3643	2
25_07_1989_1_006_back_2	60	Pulse	5	1200069	3963	2
25_07_1989_1_006_back_2	61	Picture	20	1214177	0	1	4145	2	0	4000	other	0
25_07_1989_1_006_back_2	61	Pulse	5	1220058	5881	2
25_07_1989_1_006_back_2	62	Picture	20	1232248	0	1	4145	2	0	4000	other	0
25_07_1989_1_006_back_2	62	Pulse	5	1240058	7810	2
25_07_1989_1_006_back_2	63	Picture	20	1250319	0	1	4145	2	0	4000	other	0
25_07_1989_1_006_back_2	63	Pulse	5	1260057	9738	2
25_07_1989_1_006_back_2	64	Picture	20	1268390	0	1	4144	3	0	4000	other	0
25_07_1989_1_006_back_2	64	Pulse	5	1280047	11657	2
25_07_1989_1_006_back_2	65	Picture	20	1286461	0	1	4144	2	0	4000	other	0
25_07_1989_1_006_back_2	65	Pulse	5	1300047	13586	1
25_07_1989_1_006_back_2	66	Picture	21	1304532	0	1	4144	2	0	4000	hit	136
25_07_1989_1_006_back_2	66	Response	1	1309006	4474	2
25_07_1989_1_006_back_2	66	Pulse	5	1320046	15514	2
25_07_1989_1_006_back_2	67	Picture	20	1322602	0	2	4145	3	0	4000	other	0
25_07_1989_1_006_back_2	67	Pulse	5	1340036	17434	2
25_07_1989_1_006_back_2	68	Picture	20	1340673	0	1	4145	2	0	4000	other	0
25_07_1989_1_006_back_2	69	Picture	21	1358744	0	1	4145	2	0	4000	hit	143
25_07_1989_1_006_back_2	69	Pulse	5	1360035	1291	2
25_07_1989_1_006_back_2	69	Response	1	1363555	4811	2
25_07_1989_1_006_back_2	70	Pulse	5	1380035	3220	2
25_07_1989_1_006_back_2	70	Pulse	5	1400024	23209	2
25_07_1989_1_006_back_2	71	Picture	10	1401849	0	1	4143	4	0	4000	other	0
25_07_1989_1_006_back_2	72	Picture	10	1419920	0	1	4144	3	0	4000	other	0
25_07_1989_1_006_back_2	72	Pulse	5	1420024	104	2
25_07_1989_1_006_back_2	73	Picture	11	1437991	0	1	4144	3	0	4000	hit	151
25_07_1989_1_006_back_2	73	Pulse	5	1440023	2032	2
25_07_1989_1_006_back_2	73	Response	1	1441453	3462	2
25_07_1989_1_006_back_2	74	Picture	10	1456062	0	1	4144	3	0	4000	other	0
25_07_1989_1_006_back_2	74	Pulse	5	1460013	3951	2
25_07_1989_1_006_back_2	75	Picture	11	1474133	0	1	4144	2	0	4000	hit	155
25_07_1989_1_006_back_2	75	Response	1	1478413	4280	1
25_07_1989_1_006_back_2	75	Pulse	5	1480013	5880	1
25_07_1989_1_006_back_2	76	Picture	10	1492203	0	2	4145	3	0	4000	other	0
25_07_1989_1_006_back_2	76	Pulse	5	1500012	7809	2
25_07_1989_1_006_back_2	77	Picture	10	1510274	0	1	4145	2	0	4000	other	0
25_07_1989_1_006_back_2	77	Pulse	5	1520002	9728	2
25_07_1989_1_006_back_2	78	Picture	11	1528345	0	1	4145	2	0	4000	hit	162
25_07_1989_1_006_back_2	78	Response	1	1532321	3976	2
25_07_1989_1_006_back_2	78	Pulse	5	1540001	11656	2
25_07_1989_1_006_back_2	79	Picture	10	1546416	0	1	4145	2	0	4000	other	0
25_07_1989_1_006_back_2	79	Pulse	5	1560001	13585	2
25_07_1989_1_006_back_2	80	Picture	10	1564487	0	1	4145	2	0	4000	other	0
25_07_1989_1_006_back_2	80	Pulse	5	1579990	15503	2
25_07_1989_1_006_back_2	81	Picture	10	1582558	0	1	4144	3	0	4000	other	0
25_07_1989_1_006_back_2	81	Pulse	5	1599990	17432	2
25_07_1989_1_006_back_2	82	Picture	10	1600629	0	1	4144	3	0	4000	other	0
25_07_1989_1_006_back_2	83	Picture	10	1618699	0	2	4145	3	0	4000	other	0
25_07_1989_1_006_back_2	83	Pulse	5	1619990	1291	1
25_07_1989_1_006_back_2	84	Picture	11	1636770	0	2	4145	3	0	4000	hit	174
25_07_1989_1_006_back_2	84	Response	1	1639819	3049	2
25_07_1989_1_006_back_2	84	Pulse	5	1639979	3209	2
25_07_1989_1_006_back_2	85	Picture	10	1654841	0	2	4145	3	0	4000	other	0
25_07_1989_1_006_back_2	85	Pulse	5	1659979	5138	1
25_07_1989_1_006_back_2	86	Picture	10	1672912	0	1	4145	2	0	4000	other	0
25_07_1989_1_006_back_2	86	Pulse	5	1679978	7066	2
25_07_1989_1_006_back_2	87	Pulse	5	1699968	8985	2
25_07_1989_1_006_back_2	88	Picture	30	1716017	0	1	4145	2	0	4000	other	0
25_07_1989_1_006_back_2	88	Pulse	5	1719967	3950	2
25_07_1989_1_006_back_2	89	Picture	30	1734088	0	1	4145	2	0	4000	other	0
25_07_1989_1_006_back_2	89	Pulse	5	1739967	5879	2
25_07_1989_1_006_back_2	90	Picture	30	1752159	0	1	4145	2	0	4000	other	0
25_07_1989_1_006_back_2	90	Pulse	5	1759956	7797	2
25_07_1989_1_006_back_2	91	Picture	31	1770230	0	1	4144	3	0	4000	hit	188
25_07_1989_1_006_back_2	91	Response	1	1775316	5086	2
25_07_1989_1_006_back_2	91	Pulse	5	1779956	9726	2
25_07_1989_1_006_back_2	92	Picture	31	1788301	0	1	4144	3	0	4000	hit	191
25_07_1989_1_006_back_2	92	Response	1	1791636	3335	2
25_07_1989_1_006_back_2	92	Pulse	5	1799956	11655	2
25_07_1989_1_006_back_2	93	Picture	30	1806371	0	2	4145	3	0	4000	other	0
25_07_1989_1_006_back_2	93	Pulse	5	1819945	13574	2
25_07_1989_1_006_back_2	94	Picture	30	1824442	0	2	4145	3	0	4000	other	0
25_07_1989_1_006_back_2	94	Pulse	5	1839945	15503	2
25_07_1989_1_006_back_2	95	Picture	30	1842513	0	1	4145	2	0	4000	other	0
25_07_1989_1_006_back_2	95	Pulse	5	1859944	17431	2
25_07_1989_1_006_back_2	96	Picture	31	1860584	0	3	4145	4	0	4000	hit	200
25_07_1989_1_006_back_2	96	Response	1	1864414	3830	2
25_07_1989_1_006_back_2	97	Picture	30	1878655	0	1	4145	2	0	4000	other	0
25_07_1989_1_006_back_2	97	Pulse	5	1879934	1279	2
25_07_1989_1_006_back_2	98	Picture	30	1896726	0	1	4145	2	0	4000	other	0
25_07_1989_1_006_back_2	98	Pulse	5	1899933	3207	2
25_07_1989_1_006_back_2	99	Picture	30	1914797	0	1	4144	3	0	4000	other	0
25_07_1989_1_006_back_2	99	Pulse	5	1919934	5137	1
25_07_1989_1_006_back_2	100	Picture	30	1932868	0	1	4144	3	0	4000	other	0
25_07_1989_1_006_back_2	100	Pulse	5	1939922	7054	2
25_07_1989_1_006_back_2	101	Picture	31	1950939	0	1	4144	2	0	4000	hit	210
25_07_1989_1_006_back_2	101	Response	1	1955602	4663	2
25_07_1989_1_006_back_2	101	Pulse	5	1959922	8983	2
25_07_1989_1_006_back_2	102	Picture	30	1969009	0	2	4145	3	0	4000	other	0
25_07_1989_1_006_back_2	102	Pulse	5	1979922	10913	1
25_07_1989_1_006_back_2	103	Picture	30	1987080	0	2	4145	3	0	4000	other	0
25_07_1989_1_006_back_2	103	Pulse	5	1999911	12831	2
25_07_1989_1_006_back_2	104	Pulse	5	2019911	14760	2
25_07_1989_1_006_back_2	105	Picture	10	2030185	0	1	4145	2	0	4000	other	0
25_07_1989_1_006_back_2	105	Pulse	5	2039910	9725	2
25_07_1989_1_006_back_2	106	Picture	10	2048256	0	1	4145	2	0	4000	other	0
25_07_1989_1_006_back_2	106	Pulse	5	2059900	11644	2
25_07_1989_1_006_back_2	107	Picture	11	2066327	0	1	4145	2	0	4000	hit	222
25_07_1989_1_006_back_2	107	Response	1	2069980	3653	2
25_07_1989_1_006_back_2	107	Pulse	5	2079899	13572	3
25_07_1989_1_006_back_2	108	Picture	10	2084398	0	1	4145	2	0	4000	other	0
25_07_1989_1_006_back_2	108	Pulse	5	2099899	15501	2
25_07_1989_1_006_back_2	109	Picture	11	2102469	0	1	4144	3	0	4000	hit	227
25_07_1989_1_006_back_2	109	Response	1	2107729	5260	2
25_07_1989_1_006_back_2	109	Pulse	5	2120049	17580	2
25_07_1989_1_006_back_2	110	Picture	10	2120540	0	1	4144	2	0	4000	other	0
25_07_1989_1_006_back_2	111	Picture	10	2138610	0	2	4145	3	0	4000	other	0
25_07_1989_1_006_back_2	111	Pulse	5	2140048	1438	2
25_07_1989_1_006_back_2	112	Picture	11	2156681	0	2	4145	3	0	4000	hit	234
25_07_1989_1_006_back_2	112	Pulse	5	2160048	3367	2
25_07_1989_1_006_back_2	112	Response	1	2160368	3687	2
25_07_1989_1_006_back_2	113	Picture	10	2174752	0	1	4145	2	0	4000	other	0
25_07_1989_1_006_back_2	113	Pulse	5	2180037	5285	2
25_07_1989_1_006_back_2	114	Picture	10	2192823	0	1	4145	2	0	4000	other	0
25_07_1989_1_006_back_2	114	Pulse	5	2200037	7214	2
25_07_1989_1_006_back_2	115	Picture	10	2210894	0	1	4145	2	0	4000	other	0
25_07_1989_1_006_back_2	115	Pulse	5	2220036	9142	2
25_07_1989_1_006_back_2	116	Picture	10	2228965	0	1	4145	2	0	4000	other	0
25_07_1989_1_006_back_2	116	Pulse	5	2240026	11061	2
25_07_1989_1_006_back_2	117	Picture	10	2247036	0	1	4144	3	0	4000	other	0
25_07_1989_1_006_back_2	117	Pulse	5	2260026	12990	1
25_07_1989_1_006_back_2	118	Picture	11	2265107	0	1	4144	3	0	4000	hit	246
25_07_1989_1_006_back_2	118	Response	1	2269785	4678	2
25_07_1989_1_006_back_2	118	Pulse	5	2280025	14918	2
25_07_1989_1_006_back_2	119	Picture	10	2283178	0	1	4144	2	0	4000	other	0
25_07_1989_1_006_back_2	119	Pulse	5	2300015	16837	1
25_07_1989_1_006_back_2	120	Picture	10	2301248	0	2	4145	3	0	4000	other	0
25_07_1989_1_006_back_2	121	Pulse	5	2320014	695	2
25_07_1989_1_006_back_2	121	Pulse	5	2340014	20695	2
25_07_1989_1_006_back_2	122	Picture	20	2344353	0	2	4145	3	0	4000	other	0
25_07_1989_1_006_back_2	122	Pulse	5	2360003	15650	2
25_07_1989_1_006_back_2	123	Picture	20	2362424	0	1	4145	2	0	4000	other	0
25_07_1989_1_006_back_2	123	Pulse	5	2380003	17579	2
25_07_1989_1_006_back_2	124	Picture	20	2380495	0	1	4145	2	0	4000	other	0
25_07_1989_1_006_back_2	125	Picture	21	2398566	0	1	4145	2	0	4000	hit	260
25_07_1989_1_006_back_2	125	Pulse	5	2400002	1436	2
25_07_1989_1_006_back_2	125	Response	1	2402072	3506	2
25_07_1989_1_006_back_2	126	Picture	20	2416637	0	1	4145	2	0	4000	other	0
25_07_1989_1_006_back_2	126	Pulse	5	2419992	3355	2
25_07_1989_1_006_back_2	127	Picture	20	2434708	0	1	4144	3	0	4000	other	0
25_07_1989_1_006_back_2	127	Pulse	5	2439991	5283	2
25_07_1989_1_006_back_2	128	Picture	21	2452779	0	1	4144	3	0	4000	hit	266
25_07_1989_1_006_back_2	128	Response	1	2455671	2892	2
25_07_1989_1_006_back_2	128	Pulse	5	2459991	7212	2
25_07_1989_1_006_back_2	129	Picture	20	2470849	0	2	4145	3	0	4000	other	0
25_07_1989_1_006_back_2	129	Pulse	5	2479981	9132	2
25_07_1989_1_006_back_2	130	Picture	20	2488920	0	2	4145	3	0	4000	other	0
25_07_1989_1_006_back_2	130	Pulse	5	2499980	11060	2
25_07_1989_1_006_back_2	131	Picture	20	2506991	0	2	4145	3	0	4000	other	0
25_07_1989_1_006_back_2	131	Pulse	5	2519980	12989	2
25_07_1989_1_006_back_2	132	Picture	21	2525062	0	1	4145	2	0	4000	hit	275
25_07_1989_1_006_back_2	132	Response	1	2527810	2748	1
25_07_1989_1_006_back_2	132	Pulse	5	2539969	14907	2
25_07_1989_1_006_back_2	133	Picture	20	2543133	0	1	4145	2	0	4000	other	0
25_07_1989_1_006_back_2	133	Pulse	5	2559969	16836	2
25_07_1989_1_006_back_2	134	Picture	20	2561204	0	1	4145	2	0	4000	other	0
25_07_1989_1_006_back_2	135	Picture	21	2579275	0	1	4144	3	0	4000	hit	282
25_07_1989_1_006_back_2	135	Pulse	5	2579968	693	2
25_07_1989_1_006_back_2	135	Response	1	2584278	5003	2
25_07_1989_1_006_back_2	136	Picture	20	2597346	0	1	4144	3	0	4000	other	0
25_07_1989_1_006_back_2	136	Pulse	5	2599958	2612	2
25_07_1989_1_006_back_2	137	Picture	20	2615417	0	1	4144	2	0	4000	other	0
25_07_1989_1_006_back_2	137	Pulse	5	2619958	4541	1
