Scenario - 1-back
Logfile written - 04/04/2014 14:40:04

Subject	Trial	Event Type	Code	Time	TTime	Uncertainty	Duration	Uncertainty	ReqTime	ReqDur	Stim Type	Pair Index

25_07_1989_1_006_back_1	1	Pulse	5	128318	138152	2
25_07_1989_1_006_back_1	2	Pulse	5	148318	19886	2
25_07_1989_1_006_back_1	3	Picture	10	153632	0	1	4144	3	0	4000	other	0
25_07_1989_1_006_back_1	3	Pulse	5	168307	14675	2
25_07_1989_1_006_back_1	4	Picture	10	171703	0	1	4144	3	0	4000	other	0
25_07_1989_1_006_back_1	4	Pulse	5	188307	16604	2
25_07_1989_1_006_back_1	5	Picture	11	189773	0	2	4145	3	0	4000	hit	8
25_07_1989_1_006_back_1	5	Response	1	193267	3494	2
25_07_1989_1_006_back_1	6	Picture	10	207844	0	2	4145	3	0	4000	other	0
25_07_1989_1_006_back_1	6	Pulse	5	208307	463	1
25_07_1989_1_006_back_1	7	Picture	11	225915	0	1	4145	2	0	4000	hit	13
25_07_1989_1_006_back_1	7	Pulse	5	228296	2381	2
25_07_1989_1_006_back_1	7	Response	1	229096	3181	2
25_07_1989_1_006_back_1	8	Picture	10	243986	0	1	4145	2	0	4000	other	0
25_07_1989_1_006_back_1	8	Pulse	5	248296	4310	2
25_07_1989_1_006_back_1	9	Picture	10	262057	0	1	4145	2	0	4000	other	0
25_07_1989_1_006_back_1	9	Pulse	5	268295	6238	2
25_07_1989_1_006_back_1	10	Picture	10	280128	0	1	4145	2	0	4000	other	0
25_07_1989_1_006_back_1	10	Pulse	5	288445	8317	2
25_07_1989_1_006_back_1	11	Picture	11	298199	0	1	4144	3	0	4000	hit	21
25_07_1989_1_006_back_1	11	Response	1	302204	4005	2
25_07_1989_1_006_back_1	11	Pulse	5	308444	10245	2
25_07_1989_1_006_back_1	12	Picture	10	316270	0	1	4144	3	0	4000	other	0
25_07_1989_1_006_back_1	12	Pulse	5	328444	12174	2
25_07_1989_1_006_back_1	13	Picture	10	334341	0	1	4144	2	0	4000	other	0
25_07_1989_1_006_back_1	13	Pulse	5	348433	14092	2
25_07_1989_1_006_back_1	14	Picture	11	352411	0	2	4145	3	0	4000	hit	28
25_07_1989_1_006_back_1	14	Response	1	356273	3862	2
25_07_1989_1_006_back_1	14	Pulse	5	368433	16022	2
25_07_1989_1_006_back_1	15	Picture	10	370482	0	1	4145	2	0	4000	other	0
25_07_1989_1_006_back_1	15	Pulse	5	388433	17951	1
25_07_1989_1_006_back_1	16	Picture	10	388553	0	1	4145	2	0	4000	other	0
25_07_1989_1_006_back_1	17	Picture	10	406624	0	1	4145	2	0	4000	other	0
25_07_1989_1_006_back_1	17	Pulse	5	408422	1798	2
25_07_1989_1_006_back_1	18	Picture	10	424695	0	1	4145	2	0	4000	other	0
25_07_1989_1_006_back_1	18	Pulse	5	428422	3727	2
25_07_1989_1_006_back_1	19	Pulse	5	448422	5656	1
25_07_1989_1_006_back_1	20	Picture	20	467800	0	1	4144	3	0	4000	other	0
25_07_1989_1_006_back_1	20	Pulse	5	468411	611	2
25_07_1989_1_006_back_1	21	Picture	20	485871	0	1	4144	2	0	4000	other	0
25_07_1989_1_006_back_1	21	Pulse	5	488410	2539	2
25_07_1989_1_006_back_1	22	Picture	21	503942	0	1	4144	2	0	4000	hit	43
25_07_1989_1_006_back_1	22	Response	1	507930	3988	2
25_07_1989_1_006_back_1	22	Pulse	5	508410	4468	2
25_07_1989_1_006_back_1	23	Picture	20	522012	0	2	4145	3	0	4000	other	0
25_07_1989_1_006_back_1	23	Pulse	5	528400	6388	1
25_07_1989_1_006_back_1	24	Picture	20	540083	0	1	4145	2	0	4000	other	0
25_07_1989_1_006_back_1	24	Pulse	5	548399	8316	2
25_07_1989_1_006_back_1	25	Picture	20	558154	0	1	4145	2	0	4000	other	0
25_07_1989_1_006_back_1	25	Pulse	5	568399	10245	2
25_07_1989_1_006_back_1	26	Picture	21	576225	0	1	4145	2	0	4000	hit	52
25_07_1989_1_006_back_1	26	Response	1	579918	3693	3
25_07_1989_1_006_back_1	26	Pulse	5	588388	12163	2
25_07_1989_1_006_back_1	27	Picture	20	594296	0	1	4145	2	0	4000	other	0
25_07_1989_1_006_back_1	27	Pulse	5	608388	14092	2
25_07_1989_1_006_back_1	28	Picture	20	612367	0	2	4144	4	0	4000	other	0
25_07_1989_1_006_back_1	28	Pulse	5	628387	16020	2
25_07_1989_1_006_back_1	29	Picture	20	630438	0	1	4144	3	0	4000	other	0
25_07_1989_1_006_back_1	29	Pulse	5	648377	17939	2
25_07_1989_1_006_back_1	30	Picture	20	648509	0	1	4144	2	0	4000	other	0
25_07_1989_1_006_back_1	31	Picture	20	666579	0	2	4145	3	0	4000	other	0
25_07_1989_1_006_back_1	31	Pulse	5	668376	1797	3
25_07_1989_1_006_back_1	32	Picture	21	684650	0	1	4145	2	0	4000	hit	65
25_07_1989_1_006_back_1	32	Pulse	5	688376	3726	2
25_07_1989_1_006_back_1	32	Response	1	689496	4846	2
25_07_1989_1_006_back_1	33	Picture	20	702721	0	1	4145	2	0	4000	other	0
25_07_1989_1_006_back_1	33	Pulse	5	708366	5645	2
25_07_1989_1_006_back_1	34	Picture	20	720792	0	1	4145	2	0	4000	other	0
25_07_1989_1_006_back_1	34	Pulse	5	728365	7573	2
25_07_1989_1_006_back_1	35	Picture	21	738863	0	1	4145	2	0	4000	hit	71
25_07_1989_1_006_back_1	35	Response	1	742445	3582	2
25_07_1989_1_006_back_1	35	Pulse	5	748365	9502	2
25_07_1989_1_006_back_1	36	Pulse	5	768354	11420	3
25_07_1989_1_006_back_1	37	Picture	10	781968	0	1	4144	3	0	4000	other	0
25_07_1989_1_006_back_1	37	Pulse	5	788354	6386	2
25_07_1989_1_006_back_1	38	Picture	10	800039	0	1	4144	3	0	4000	other	0
25_07_1989_1_006_back_1	38	Pulse	5	808353	8314	2
25_07_1989_1_006_back_1	39	Picture	11	818109	0	2	4145	3	0	4000	hit	79
25_07_1989_1_006_back_1	39	Response	1	822903	4794	2
25_07_1989_1_006_back_1	39	Pulse	5	828343	10234	2
25_07_1989_1_006_back_1	40	Picture	10	836180	0	2	4145	3	0	4000	other	0
25_07_1989_1_006_back_1	40	Pulse	5	848343	12163	1
25_07_1989_1_006_back_1	41	Picture	11	854251	0	1	4145	2	0	4000	hit	84
25_07_1989_1_006_back_1	41	Response	1	858102	3851	2
25_07_1989_1_006_back_1	41	Pulse	5	868342	14091	2
25_07_1989_1_006_back_1	42	Picture	10	872322	0	1	4145	2	0	4000	other	0
25_07_1989_1_006_back_1	42	Pulse	5	888332	16010	1
25_07_1989_1_006_back_1	43	Picture	10	890393	0	1	4145	2	0	4000	other	0
25_07_1989_1_006_back_1	43	Pulse	5	908331	17938	2
25_07_1989_1_006_back_1	44	Picture	10	908464	0	1	4145	2	0	4000	other	0
25_07_1989_1_006_back_1	45	Picture	11	926535	0	1	4144	3	0	4000	hit	93
25_07_1989_1_006_back_1	45	Pulse	5	928331	1796	2
25_07_1989_1_006_back_1	45	Response	1	930251	3716	2
25_07_1989_1_006_back_1	46	Picture	10	944606	0	1	4144	3	0	4000	other	0
25_07_1989_1_006_back_1	46	Pulse	5	948320	3714	2
25_07_1989_1_006_back_1	47	Picture	10	962676	0	2	4145	3	0	4000	other	0
25_07_1989_1_006_back_1	47	Pulse	5	968320	5644	2
25_07_1989_1_006_back_1	48	Picture	11	980747	0	2	4145	3	0	4000	hit	99
25_07_1989_1_006_back_1	48	Response	1	984640	3893	1
25_07_1989_1_006_back_1	48	Pulse	5	988319	7572	2
25_07_1989_1_006_back_1	49	Picture	10	998818	0	1	4145	2	0	4000	other	0
25_07_1989_1_006_back_1	49	Pulse	5	1008309	9491	2
25_07_1989_1_006_back_1	50	Picture	10	1016889	0	1	4145	2	0	4000	other	0
25_07_1989_1_006_back_1	50	Pulse	5	1028309	11420	1
25_07_1989_1_006_back_1	51	Picture	10	1034960	0	1	4145	2	0	4000	other	0
25_07_1989_1_006_back_1	51	Pulse	5	1048309	13349	1
25_07_1989_1_006_back_1	52	Picture	10	1053031	0	1	4145	2	0	4000	other	0
25_07_1989_1_006_back_1	52	Pulse	5	1068298	15267	2
25_07_1989_1_006_back_1	53	Pulse	5	1088297	17195	2
25_07_1989_1_006_back_1	54	Picture	30	1096136	0	1	4144	3	0	4000	other	0
25_07_1989_1_006_back_1	54	Pulse	5	1108297	12161	2
25_07_1989_1_006_back_1	55	Picture	30	1114207	0	1	4144	3	0	4000	other	0
25_07_1989_1_006_back_1	55	Pulse	5	1128286	14079	2
25_07_1989_1_006_back_1	56	Picture	31	1132277	0	2	4145	3	0	4000	hit	115
25_07_1989_1_006_back_1	56	Response	1	1136446	4169	2
25_07_1989_1_006_back_1	56	Pulse	5	1148286	16009	2
25_07_1989_1_006_back_1	57	Picture	30	1150348	0	2	4145	3	0	4000	other	0
25_07_1989_1_006_back_1	57	Pulse	5	1168286	17938	1
25_07_1989_1_006_back_1	58	Picture	30	1168419	0	2	4145	3	0	4000	other	0
25_07_1989_1_006_back_1	59	Picture	30	1186490	0	1	4145	2	0	4000	other	0
25_07_1989_1_006_back_1	59	Pulse	5	1188275	1785	2
25_07_1989_1_006_back_1	60	Picture	31	1204561	0	1	4145	2	0	4000	hit	124
25_07_1989_1_006_back_1	60	Pulse	5	1208276	3715	1
25_07_1989_1_006_back_1	60	Response	1	1211155	6594	1
25_07_1989_1_006_back_1	61	Picture	31	1222632	0	1	4145	2	0	4000	miss	0
25_07_1989_1_006_back_1	61	Pulse	5	1228274	5642	2
25_07_1989_1_006_back_1	62	Picture	30	1240703	0	1	4144	3	0	4000	other	0
25_07_1989_1_006_back_1	62	Pulse	5	1248265	7562	1
25_07_1989_1_006_back_1	63	Picture	30	1258774	0	1	4144	3	0	4000	other	0
25_07_1989_1_006_back_1	63	Pulse	5	1268263	9489	2
25_07_1989_1_006_back_1	64	Picture	30	1276845	0	1	4144	2	0	4000	other	0
25_07_1989_1_006_back_1	64	Pulse	5	1288264	11419	1
25_07_1989_1_006_back_1	65	Picture	31	1294915	0	2	4145	3	0	4000	hit	134
25_07_1989_1_006_back_1	65	Response	1	1299303	4388	1
25_07_1989_1_006_back_1	65	Pulse	5	1308252	13337	2
25_07_1989_1_006_back_1	66	Picture	30	1312986	0	2	4145	3	0	4000	other	0
25_07_1989_1_006_back_1	66	Pulse	5	1328412	15426	2
25_07_1989_1_006_back_1	67	Picture	30	1331057	0	1	4145	2	0	4000	other	0
25_07_1989_1_006_back_1	67	Pulse	5	1348412	17355	1
25_07_1989_1_006_back_1	68	Picture	30	1349128	0	1	4145	2	0	4000	other	0
25_07_1989_1_006_back_1	69	Picture	30	1367199	0	1	4145	2	0	4000	other	0
25_07_1989_1_006_back_1	69	Pulse	5	1368401	1202	2
25_07_1989_1_006_back_1	70	Pulse	5	1388401	3131	2
25_07_1989_1_006_back_1	70	Pulse	5	1408400	23130	2
25_07_1989_1_006_back_1	71	Picture	10	1410304	0	1	4145	2	0	4000	other	0
25_07_1989_1_006_back_1	72	Picture	10	1428375	0	1	4144	3	0	4000	other	0
25_07_1989_1_006_back_1	72	Pulse	5	1428390	15	2
25_07_1989_1_006_back_1	73	Picture	11	1446446	0	1	4144	2	0	4000	hit	150
25_07_1989_1_006_back_1	73	Pulse	5	1448389	1943	2
25_07_1989_1_006_back_1	73	Response	1	1449989	3543	2
25_07_1989_1_006_back_1	74	Picture	10	1464516	0	2	4145	3	0	4000	other	0
25_07_1989_1_006_back_1	74	Pulse	5	1468389	3873	2
25_07_1989_1_006_back_1	75	Picture	11	1482587	0	2	4145	3	0	4000	hit	154
25_07_1989_1_006_back_1	75	Response	1	1487099	4512	1
25_07_1989_1_006_back_1	75	Pulse	5	1488379	5792	1
25_07_1989_1_006_back_1	76	Picture	10	1500658	0	1	4145	2	0	4000	other	0
25_07_1989_1_006_back_1	76	Pulse	5	1508378	7720	2
25_07_1989_1_006_back_1	77	Picture	10	1518729	0	1	4145	2	0	4000	other	0
25_07_1989_1_006_back_1	77	Pulse	5	1528378	9649	1
25_07_1989_1_006_back_1	78	Picture	11	1536800	0	1	4145	2	0	4000	hit	161
25_07_1989_1_006_back_1	78	Response	1	1540377	3577	2
25_07_1989_1_006_back_1	78	Pulse	5	1548367	11567	2
25_07_1989_1_006_back_1	79	Picture	10	1554871	0	1	4144	3	0	4000	other	0
25_07_1989_1_006_back_1	79	Pulse	5	1568367	13496	2
25_07_1989_1_006_back_1	80	Picture	10	1572942	0	1	4144	3	0	4000	other	0
25_07_1989_1_006_back_1	80	Pulse	5	1588366	15424	2
25_07_1989_1_006_back_1	81	Picture	10	1591013	0	1	4144	3	0	4000	other	0
25_07_1989_1_006_back_1	81	Pulse	5	1608356	17343	2
25_07_1989_1_006_back_1	82	Picture	10	1609083	0	2	4145	3	0	4000	other	0
25_07_1989_1_006_back_1	83	Picture	10	1627154	0	2	4145	3	0	4000	other	0
25_07_1989_1_006_back_1	83	Pulse	5	1628355	1201	3
25_07_1989_1_006_back_1	84	Picture	11	1645225	0	1	4145	2	0	4000	hit	174
25_07_1989_1_006_back_1	84	Pulse	5	1648355	3130	2
25_07_1989_1_006_back_1	84	Response	1	1649475	4250	2
25_07_1989_1_006_back_1	85	Picture	10	1663296	0	1	4145	2	0	4000	other	0
25_07_1989_1_006_back_1	85	Pulse	5	1668345	5049	2
25_07_1989_1_006_back_1	86	Picture	10	1681367	0	1	4145	2	0	4000	other	0
25_07_1989_1_006_back_1	86	Pulse	5	1688344	6977	2
25_07_1989_1_006_back_1	87	Pulse	5	1708344	8906	1
25_07_1989_1_006_back_1	88	Picture	20	1724472	0	1	4145	2	0	4000	other	0
25_07_1989_1_006_back_1	88	Pulse	5	1728333	3861	2
25_07_1989_1_006_back_1	89	Picture	20	1742543	0	1	4144	3	0	4000	other	0
25_07_1989_1_006_back_1	89	Pulse	5	1748333	5790	2
25_07_1989_1_006_back_1	90	Picture	20	1760614	0	1	4144	3	0	4000	other	0
25_07_1989_1_006_back_1	90	Pulse	5	1768332	7718	3
25_07_1989_1_006_back_1	91	Picture	21	1778685	0	1	4144	2	0	4000	hit	187
25_07_1989_1_006_back_1	91	Response	1	1781762	3077	2
25_07_1989_1_006_back_1	91	Pulse	5	1788322	9637	2
25_07_1989_1_006_back_1	92	Picture	20	1796755	0	2	4145	3	0	4000	other	0
25_07_1989_1_006_back_1	92	Pulse	5	1808321	11566	2
25_07_1989_1_006_back_1	93	Picture	20	1814826	0	2	4145	3	0	4000	other	0
25_07_1989_1_006_back_1	93	Pulse	5	1828321	13495	2
25_07_1989_1_006_back_1	94	Picture	21	1832897	0	1	4145	2	0	4000	hit	194
25_07_1989_1_006_back_1	94	Response	1	1836481	3584	2
25_07_1989_1_006_back_1	94	Pulse	5	1848311	15414	1
25_07_1989_1_006_back_1	95	Picture	20	1850968	0	1	4145	2	0	4000	other	0
25_07_1989_1_006_back_1	95	Pulse	5	1868310	17342	2
25_07_1989_1_006_back_1	96	Picture	20	1869039	0	1	4145	2	0	4000	false_alarm	199
25_07_1989_1_006_back_1	96	Response	1	1873590	4551	2
25_07_1989_1_006_back_1	97	Picture	20	1887110	0	1	4145	2	0	4000	other	0
25_07_1989_1_006_back_1	97	Pulse	5	1888310	1200	2
25_07_1989_1_006_back_1	98	Picture	21	1905181	0	1	4144	3	0	4000	hit	204
25_07_1989_1_006_back_1	98	Pulse	5	1908299	3118	2
25_07_1989_1_006_back_1	98	Response	1	1909259	4078	2
25_07_1989_1_006_back_1	99	Picture	20	1923252	0	1	4144	3	0	4000	other	0
25_07_1989_1_006_back_1	99	Pulse	5	1928299	5047	2
25_07_1989_1_006_back_1	100	Picture	20	1941322	0	2	4145	3	0	4000	other	0
25_07_1989_1_006_back_1	100	Pulse	5	1948298	6976	2
25_07_1989_1_006_back_1	101	Picture	21	1959393	0	2	4145	3	0	4000	hit	210
25_07_1989_1_006_back_1	101	Response	1	1963328	3935	2
25_07_1989_1_006_back_1	101	Pulse	5	1968288	8895	2
25_07_1989_1_006_back_1	102	Picture	20	1977464	0	1	4145	2	0	4000	other	0
25_07_1989_1_006_back_1	102	Pulse	5	1988288	10824	1
25_07_1989_1_006_back_1	103	Picture	20	1995535	0	1	4145	2	0	4000	other	0
25_07_1989_1_006_back_1	103	Pulse	5	2008287	12752	2
25_07_1989_1_006_back_1	104	Pulse	5	2028277	14671	1
25_07_1989_1_006_back_1	105	Picture	10	2038640	0	1	4145	2	0	4000	other	0
25_07_1989_1_006_back_1	105	Pulse	5	2048276	9636	2
25_07_1989_1_006_back_1	106	Picture	10	2056711	0	1	4145	2	0	4000	other	0
25_07_1989_1_006_back_1	106	Pulse	5	2068276	11565	2
25_07_1989_1_006_back_1	107	Picture	11	2074782	0	1	4144	3	0	4000	hit	222
25_07_1989_1_006_back_1	107	Response	1	2079476	4694	1
25_07_1989_1_006_back_1	107	Pulse	5	2088265	13483	2
25_07_1989_1_006_back_1	108	Picture	10	2092853	0	1	4144	2	0	4000	other	0
25_07_1989_1_006_back_1	108	Pulse	5	2108265	15412	4
25_07_1989_1_006_back_1	109	Picture	11	2110923	0	2	4145	3	0	4000	hit	227
25_07_1989_1_006_back_1	109	Response	1	2115305	4382	2
25_07_1989_1_006_back_1	109	Pulse	5	2128264	17341	2
25_07_1989_1_006_back_1	110	Picture	10	2128994	0	2	4145	3	0	4000	other	0
25_07_1989_1_006_back_1	111	Picture	10	2147065	0	1	4145	2	0	4000	other	0
25_07_1989_1_006_back_1	111	Pulse	5	2148254	1189	2
25_07_1989_1_006_back_1	112	Picture	11	2165136	0	1	4145	2	0	4000	hit	234
25_07_1989_1_006_back_1	112	Pulse	5	2168254	3118	1
25_07_1989_1_006_back_1	112	Response	1	2168734	3598	1
25_07_1989_1_006_back_1	113	Picture	10	2183207	0	1	4145	2	0	4000	other	0
25_07_1989_1_006_back_1	113	Pulse	5	2188253	5046	2
25_07_1989_1_006_back_1	114	Picture	10	2201278	0	1	4145	2	0	4000	other	0
25_07_1989_1_006_back_1	114	Pulse	5	2208243	6965	2
25_07_1989_1_006_back_1	115	Picture	10	2219349	0	1	4145	2	0	4000	other	0
25_07_1989_1_006_back_1	115	Pulse	5	2228242	8893	2
25_07_1989_1_006_back_1	116	Picture	10	2237420	0	1	4144	3	0	4000	other	0
25_07_1989_1_006_back_1	116	Pulse	5	2248242	10822	2
25_07_1989_1_006_back_1	117	Picture	10	2255491	0	1	4144	2	0	4000	other	0
25_07_1989_1_006_back_1	117	Pulse	5	2268231	12740	2
25_07_1989_1_006_back_1	118	Picture	11	2273561	0	2	4145	3	0	4000	hit	246
25_07_1989_1_006_back_1	118	Response	1	2277351	3790	2
25_07_1989_1_006_back_1	118	Pulse	5	2288231	14670	2
25_07_1989_1_006_back_1	119	Picture	10	2291632	0	2	4145	3	0	4000	other	0
25_07_1989_1_006_back_1	119	Pulse	5	2308231	16599	1
25_07_1989_1_006_back_1	120	Picture	10	2309703	0	1	4145	2	0	4000	other	0
25_07_1989_1_006_back_1	121	Pulse	5	2328220	446	2
25_07_1989_1_006_back_1	121	Pulse	5	2348220	20446	1
25_07_1989_1_006_back_1	122	Picture	30	2352808	0	1	4145	2	0	4000	other	0
25_07_1989_1_006_back_1	122	Pulse	5	2368379	15571	2
25_07_1989_1_006_back_1	123	Picture	30	2370879	0	1	4145	2	0	4000	other	0
25_07_1989_1_006_back_1	123	Pulse	5	2388360	17481	27
25_07_1989_1_006_back_1	124	Picture	30	2388950	0	1	4144	3	0	4000	other	0
25_07_1989_1_006_back_1	125	Picture	31	2407021	0	1	4144	3	0	4000	hit	260
25_07_1989_1_006_back_1	125	Pulse	5	2408368	1347	2
25_07_1989_1_006_back_1	125	Response	1	2410928	3907	2
25_07_1989_1_006_back_1	126	Picture	31	2425092	0	1	4144	2	0	4000	hit	263
25_07_1989_1_006_back_1	126	Pulse	5	2428368	3276	2
25_07_1989_1_006_back_1	126	Response	1	2429808	4716	2
25_07_1989_1_006_back_1	127	Picture	30	2443163	0	1	4144	2	0	4000	other	0
25_07_1989_1_006_back_1	127	Pulse	5	2448357	5194	2
25_07_1989_1_006_back_1	128	Picture	30	2461233	0	2	4145	3	0	4000	other	0
25_07_1989_1_006_back_1	128	Pulse	5	2468357	7124	2
25_07_1989_1_006_back_1	129	Picture	30	2479304	0	1	4145	2	0	4000	other	0
25_07_1989_1_006_back_1	129	Pulse	5	2488357	9053	1
25_07_1989_1_006_back_1	130	Picture	31	2497375	0	1	4145	2	0	4000	hit	271
25_07_1989_1_006_back_1	130	Response	1	2500666	3291	2
25_07_1989_1_006_back_1	130	Pulse	5	2508346	10971	2
25_07_1989_1_006_back_1	131	Picture	30	2515446	0	1	4145	2	0	4000	other	0
25_07_1989_1_006_back_1	131	Pulse	5	2528346	12900	2
25_07_1989_1_006_back_1	132	Picture	30	2533517	0	1	4145	2	0	4000	other	0
25_07_1989_1_006_back_1	132	Pulse	5	2548345	14828	2
25_07_1989_1_006_back_1	133	Picture	30	2551588	0	1	4144	3	0	4000	other	0
25_07_1989_1_006_back_1	133	Pulse	5	2568335	16747	2
25_07_1989_1_006_back_1	134	Picture	30	2569659	0	1	4144	3	0	4000	other	0
25_07_1989_1_006_back_1	135	Picture	31	2587730	0	1	4144	2	0	4000	hit	282
25_07_1989_1_006_back_1	135	Pulse	5	2588334	604	2
25_07_1989_1_006_back_1	135	Response	1	2592974	5244	2
25_07_1989_1_006_back_1	136	Picture	30	2605800	0	2	4145	3	0	4000	other	0
25_07_1989_1_006_back_1	136	Pulse	5	2608334	2534	2
25_07_1989_1_006_back_1	137	Picture	30	2623871	0	2	4145	3	0	4000	false_alarm	286
25_07_1989_1_006_back_1	137	Response	1	2628164	4293	1
25_07_1989_1_006_back_1	137	Pulse	5	2628323	4452	2
