Scenario - 1-back
Logfile written - 06/26/2014 17:39:17

Subject	Trial	Event Type	Code	Time	TTime	Uncertainty	Duration	Uncertainty	ReqTime	ReqDur	Stim Type	Pair Index

25_09_1985_1_023_nback	1	Pulse	5	98699	108533	2
25_09_1985_1_023_nback	2	Pulse	5	118688	19932	2
25_09_1985_1_023_nback	3	Picture	10	123790	0	1	4144	3	0	4000	other	0
25_09_1985_1_023_nback	3	Pulse	5	138688	14898	2
25_09_1985_1_023_nback	4	Picture	10	141860	0	2	4145	3	0	4000	other	0
25_09_1985_1_023_nback	4	Pulse	5	158687	16827	2
25_09_1985_1_023_nback	5	Picture	11	159931	0	2	4145	3	0	4000	hit	8
25_09_1985_1_023_nback	5	Response	1	163647	3716	2
25_09_1985_1_023_nback	6	Picture	10	178002	0	1	4145	2	0	4000	other	0
25_09_1985_1_023_nback	6	Pulse	5	178677	675	2
25_09_1985_1_023_nback	7	Picture	11	196073	0	1	4145	2	0	4000	hit	13
25_09_1985_1_023_nback	7	Pulse	5	198676	2603	2
25_09_1985_1_023_nback	7	Response	1	199796	3723	2
25_09_1985_1_023_nback	8	Picture	10	214144	0	1	4145	2	0	4000	other	0
25_09_1985_1_023_nback	8	Pulse	5	218676	4532	2
25_09_1985_1_023_nback	9	Picture	10	232215	0	1	4144	3	0	4000	other	0
25_09_1985_1_023_nback	9	Pulse	5	238665	6450	2
25_09_1985_1_023_nback	10	Picture	10	250286	0	1	4144	2	0	4000	other	0
25_09_1985_1_023_nback	10	Pulse	5	258665	8379	2
25_09_1985_1_023_nback	11	Picture	11	268356	0	2	4145	3	0	4000	hit	21
25_09_1985_1_023_nback	11	Response	1	272105	3749	1
25_09_1985_1_023_nback	11	Pulse	5	278664	10308	2
25_09_1985_1_023_nback	12	Picture	10	286427	0	1	4145	2	0	4000	other	0
25_09_1985_1_023_nback	12	Pulse	5	298654	12227	2
25_09_1985_1_023_nback	13	Picture	10	304498	0	1	4145	3	0	4000	other	0
25_09_1985_1_023_nback	13	Pulse	5	318653	14155	2
25_09_1985_1_023_nback	14	Picture	11	322569	0	1	4145	2	0	4000	hit	28
25_09_1985_1_023_nback	14	Response	1	326013	3444	2
25_09_1985_1_023_nback	14	Pulse	5	338653	16084	2
25_09_1985_1_023_nback	15	Picture	10	340640	0	1	4145	2	0	4000	other	0
25_09_1985_1_023_nback	15	Pulse	5	358640	18000	10
25_09_1985_1_023_nback	16	Picture	10	358711	0	1	4144	3	0	4000	other	0
25_09_1985_1_023_nback	17	Picture	10	376781	0	2	4145	3	0	4000	other	0
25_09_1985_1_023_nback	17	Pulse	5	378642	1861	2
25_09_1985_1_023_nback	18	Picture	10	394852	0	2	4145	3	0	4000	other	0
25_09_1985_1_023_nback	18	Pulse	5	398641	3789	2
25_09_1985_1_023_nback	19	Pulse	5	418631	5708	2
25_09_1985_1_023_nback	20	Picture	20	437957	0	1	4145	2	0	4000	other	0
25_09_1985_1_023_nback	20	Pulse	5	438630	673	2
25_09_1985_1_023_nback	21	Picture	20	456028	0	1	4145	2	0	4000	other	0
25_09_1985_1_023_nback	21	Pulse	5	458630	2602	2
25_09_1985_1_023_nback	22	Picture	21	474099	0	1	4144	3	0	4000	hit	43
25_09_1985_1_023_nback	22	Response	1	477979	3880	2
25_09_1985_1_023_nback	22	Pulse	5	478619	4520	2
25_09_1985_1_023_nback	23	Picture	20	492170	0	1	4144	2	0	4000	other	0
25_09_1985_1_023_nback	23	Pulse	5	498619	6449	2
25_09_1985_1_023_nback	24	Picture	20	510240	0	2	4145	3	0	4000	other	0
25_09_1985_1_023_nback	24	Pulse	5	518618	8378	2
25_09_1985_1_023_nback	25	Picture	20	528311	0	1	4145	2	0	4000	other	0
25_09_1985_1_023_nback	25	Pulse	5	538608	10297	2
25_09_1985_1_023_nback	26	Picture	21	546382	0	1	4145	2	0	4000	hit	52
25_09_1985_1_023_nback	26	Response	1	549648	3266	1
25_09_1985_1_023_nback	26	Pulse	5	558607	12225	2
25_09_1985_1_023_nback	27	Picture	20	564453	0	1	4145	2	0	4000	other	0
25_09_1985_1_023_nback	27	Pulse	5	578607	14154	2
25_09_1985_1_023_nback	28	Picture	20	582524	0	1	4144	3	0	4000	other	0
25_09_1985_1_023_nback	28	Pulse	5	598596	16072	2
25_09_1985_1_023_nback	29	Picture	20	600595	0	1	4144	3	0	4000	other	0
25_09_1985_1_023_nback	29	Pulse	5	618595	18000	9
25_09_1985_1_023_nback	30	Picture	20	618665	0	2	4145	3	0	4000	other	0
25_09_1985_1_023_nback	31	Picture	20	636736	0	2	4145	3	0	4000	other	0
25_09_1985_1_023_nback	31	Pulse	5	638595	1859	2
25_09_1985_1_023_nback	32	Picture	21	654807	0	1	4145	2	0	4000	hit	65
25_09_1985_1_023_nback	32	Pulse	5	658585	3778	2
25_09_1985_1_023_nback	32	Response	1	661785	6978	2
25_09_1985_1_023_nback	33	Picture	20	672878	0	1	4145	2	0	4000	other	0
25_09_1985_1_023_nback	33	Pulse	5	678584	5706	2
25_09_1985_1_023_nback	34	Picture	20	690949	0	1	4145	2	0	4000	other	0
25_09_1985_1_023_nback	34	Pulse	5	698584	7635	2
25_09_1985_1_023_nback	35	Picture	21	709020	0	1	4144	3	0	4000	hit	71
25_09_1985_1_023_nback	35	Response	1	713295	4275	1
25_09_1985_1_023_nback	35	Pulse	5	718575	9555	1
25_09_1985_1_023_nback	36	Pulse	5	738574	11483	1
25_09_1985_1_023_nback	37	Picture	10	752125	0	1	4144	2	0	4000	other	0
25_09_1985_1_023_nback	37	Pulse	5	758572	6447	2
25_09_1985_1_023_nback	38	Picture	10	770195	0	1	4145	2	0	4000	other	0
25_09_1985_1_023_nback	38	Pulse	5	778562	8367	2
25_09_1985_1_023_nback	39	Picture	11	788266	0	1	4145	2	0	4000	hit	79
25_09_1985_1_023_nback	39	Response	1	791683	3417	1
25_09_1985_1_023_nback	39	Pulse	5	798561	10295	2
25_09_1985_1_023_nback	40	Picture	10	806337	0	1	4145	2	0	4000	other	0
25_09_1985_1_023_nback	40	Pulse	5	818561	12224	2
25_09_1985_1_023_nback	41	Picture	11	824408	0	1	4145	2	0	4000	hit	84
25_09_1985_1_023_nback	41	Response	1	828481	4073	1
25_09_1985_1_023_nback	41	Pulse	5	838550	14142	2
25_09_1985_1_023_nback	42	Picture	10	842479	0	1	4144	3	0	4000	other	0
25_09_1985_1_023_nback	42	Pulse	5	858550	16071	2
25_09_1985_1_023_nback	43	Picture	10	860549	0	2	4145	3	0	4000	other	0
25_09_1985_1_023_nback	43	Pulse	5	878548	17999	3
25_09_1985_1_023_nback	44	Picture	10	878620	0	2	4145	3	0	4000	other	0
25_09_1985_1_023_nback	45	Picture	11	896691	0	2	4145	3	0	4000	hit	93
25_09_1985_1_023_nback	45	Pulse	5	898539	1848	2
25_09_1985_1_023_nback	45	Response	1	900939	4248	2
25_09_1985_1_023_nback	46	Picture	10	914762	0	1	4145	2	0	4000	other	0
25_09_1985_1_023_nback	46	Pulse	5	918538	3776	2
25_09_1985_1_023_nback	47	Picture	10	932833	0	1	4145	2	0	4000	other	0
25_09_1985_1_023_nback	47	Pulse	5	938538	5705	2
25_09_1985_1_023_nback	48	Picture	11	950904	0	1	4144	3	0	4000	hit	99
25_09_1985_1_023_nback	48	Response	1	954527	3623	2
25_09_1985_1_023_nback	48	Pulse	5	958527	7623	2
25_09_1985_1_023_nback	49	Picture	10	968975	0	1	4144	3	0	4000	other	0
25_09_1985_1_023_nback	49	Pulse	5	978527	9552	2
25_09_1985_1_023_nback	50	Picture	10	987045	0	2	4145	3	0	4000	other	0
25_09_1985_1_023_nback	50	Pulse	5	998686	11641	2
25_09_1985_1_023_nback	51	Picture	10	1005116	0	2	4145	3	0	4000	other	0
25_09_1985_1_023_nback	51	Pulse	5	1018676	13560	2
25_09_1985_1_023_nback	52	Picture	10	1023187	0	1	4145	2	0	4000	other	0
25_09_1985_1_023_nback	52	Pulse	5	1038675	15488	2
25_09_1985_1_023_nback	53	Pulse	5	1058675	17417	2
25_09_1985_1_023_nback	54	Picture	30	1066292	0	1	4145	2	0	4000	other	0
25_09_1985_1_023_nback	54	Pulse	5	1078664	12372	2
25_09_1985_1_023_nback	55	Picture	30	1084363	0	1	4145	2	0	4000	other	0
25_09_1985_1_023_nback	55	Pulse	5	1098664	14301	2
25_09_1985_1_023_nback	56	Picture	31	1102434	0	1	4144	2	0	4000	hit	115
25_09_1985_1_023_nback	56	Response	1	1106344	3910	1
25_09_1985_1_023_nback	56	Pulse	5	1118663	16229	2
25_09_1985_1_023_nback	57	Picture	30	1120505	0	1	4144	2	0	4000	other	0
25_09_1985_1_023_nback	58	Picture	30	1138575	0	1	4145	2	0	4000	other	0
25_09_1985_1_023_nback	58	Pulse	5	1138653	78	2
25_09_1985_1_023_nback	59	Picture	30	1156646	0	1	4145	2	0	4000	other	0
25_09_1985_1_023_nback	59	Pulse	5	1158652	2006	2
25_09_1985_1_023_nback	60	Picture	31	1174717	0	1	4145	2	0	4000	hit	123
25_09_1985_1_023_nback	60	Response	1	1178172	3455	2
25_09_1985_1_023_nback	60	Pulse	5	1178652	3935	2
25_09_1985_1_023_nback	61	Picture	31	1192788	0	1	4145	2	0	4000	hit	126
25_09_1985_1_023_nback	61	Response	1	1196881	4093	2
25_09_1985_1_023_nback	61	Pulse	5	1198641	5853	2
25_09_1985_1_023_nback	62	Picture	30	1210859	0	1	4144	3	0	4000	other	0
25_09_1985_1_023_nback	62	Pulse	5	1218641	7782	2
25_09_1985_1_023_nback	63	Picture	30	1228930	0	1	4144	2	0	4000	other	0
25_09_1985_1_023_nback	63	Pulse	5	1238640	9710	2
25_09_1985_1_023_nback	64	Picture	30	1247000	0	2	4145	3	0	4000	other	0
25_09_1985_1_023_nback	64	Pulse	5	1258630	11630	2
25_09_1985_1_023_nback	65	Picture	31	1265071	0	2	4145	3	0	4000	hit	135
25_09_1985_1_023_nback	65	Response	1	1268710	3639	1
25_09_1985_1_023_nback	65	Pulse	5	1278629	13558	2
25_09_1985_1_023_nback	66	Picture	30	1283142	0	1	4145	2	0	4000	other	0
25_09_1985_1_023_nback	66	Pulse	5	1298629	15487	2
25_09_1985_1_023_nback	67	Picture	30	1301213	0	1	4145	2	0	4000	other	0
25_09_1985_1_023_nback	67	Pulse	5	1318618	17405	2
25_09_1985_1_023_nback	68	Picture	30	1319284	0	1	4145	2	0	4000	other	0
25_09_1985_1_023_nback	69	Picture	30	1337355	0	1	4144	3	0	4000	other	0
25_09_1985_1_023_nback	69	Pulse	5	1338618	1263	2
25_09_1985_1_023_nback	70	Pulse	5	1358617	3191	2
25_09_1985_1_023_nback	70	Pulse	5	1378607	23181	2
25_09_1985_1_023_nback	71	Picture	10	1380459	0	2	4145	3	0	4000	other	0
25_09_1985_1_023_nback	72	Picture	10	1398530	0	1	4145	2	0	4000	other	0
25_09_1985_1_023_nback	72	Pulse	5	1398606	76	2
25_09_1985_1_023_nback	73	Picture	11	1416601	0	1	4145	2	0	4000	hit	151
25_09_1985_1_023_nback	73	Pulse	5	1418606	2005	2
25_09_1985_1_023_nback	73	Response	1	1420366	3765	2
25_09_1985_1_023_nback	74	Picture	10	1434672	0	1	4145	2	0	4000	other	0
25_09_1985_1_023_nback	74	Pulse	5	1438595	3923	2
25_09_1985_1_023_nback	75	Picture	11	1452743	0	1	4144	3	0	4000	hit	155
25_09_1985_1_023_nback	75	Response	1	1455875	3132	2
25_09_1985_1_023_nback	75	Pulse	5	1458595	5852	2
25_09_1985_1_023_nback	76	Picture	10	1470814	0	1	4144	3	0	4000	other	0
25_09_1985_1_023_nback	76	Pulse	5	1478595	7781	1
25_09_1985_1_023_nback	77	Picture	10	1488884	0	2	4145	3	0	4000	other	0
25_09_1985_1_023_nback	77	Pulse	5	1498584	9700	2
25_09_1985_1_023_nback	78	Picture	11	1506955	0	2	4145	3	0	4000	hit	162
25_09_1985_1_023_nback	78	Response	1	1510424	3469	1
25_09_1985_1_023_nback	78	Pulse	5	1518583	11628	2
25_09_1985_1_023_nback	79	Picture	10	1525026	0	1	4145	2	0	4000	other	0
25_09_1985_1_023_nback	79	Pulse	5	1538583	13557	2
25_09_1985_1_023_nback	80	Picture	10	1543097	0	1	4145	2	0	4000	other	0
25_09_1985_1_023_nback	80	Pulse	5	1558572	15475	2
25_09_1985_1_023_nback	81	Picture	10	1561168	0	1	4145	2	0	4000	other	0
25_09_1985_1_023_nback	81	Pulse	5	1578572	17404	2
25_09_1985_1_023_nback	82	Picture	10	1579239	0	1	4145	2	0	4000	other	0
25_09_1985_1_023_nback	83	Picture	10	1597310	0	1	4144	3	0	4000	other	0
25_09_1985_1_023_nback	83	Pulse	5	1598571	1261	2
25_09_1985_1_023_nback	84	Picture	11	1615380	0	2	4145	3	0	4000	hit	174
25_09_1985_1_023_nback	84	Response	1	1618561	3181	2
25_09_1985_1_023_nback	84	Pulse	5	1618561	3181	2
25_09_1985_1_023_nback	85	Picture	10	1633451	0	1	4145	2	0	4000	other	0
25_09_1985_1_023_nback	85	Pulse	5	1638560	5109	2
25_09_1985_1_023_nback	86	Picture	10	1651522	0	1	4145	2	0	4000	other	0
25_09_1985_1_023_nback	86	Pulse	5	1658560	7038	2
25_09_1985_1_023_nback	87	Pulse	5	1678549	8956	2
25_09_1985_1_023_nback	88	Picture	20	1694627	0	1	4145	2	0	4000	other	0
25_09_1985_1_023_nback	88	Pulse	5	1698549	3922	2
25_09_1985_1_023_nback	89	Picture	20	1712698	0	1	4144	3	0	4000	other	0
25_09_1985_1_023_nback	89	Pulse	5	1718548	5850	2
25_09_1985_1_023_nback	90	Picture	20	1730769	0	1	4144	3	0	4000	other	0
25_09_1985_1_023_nback	90	Pulse	5	1738538	7769	2
25_09_1985_1_023_nback	91	Picture	21	1748839	0	2	4145	3	0	4000	hit	188
25_09_1985_1_023_nback	91	Response	1	1752297	3458	2
25_09_1985_1_023_nback	91	Pulse	5	1758537	9698	2
25_09_1985_1_023_nback	92	Picture	20	1766910	0	2	4145	3	0	4000	other	0
25_09_1985_1_023_nback	92	Pulse	5	1778537	11627	2
25_09_1985_1_023_nback	93	Picture	20	1784981	0	1	4145	2	0	4000	other	0
25_09_1985_1_023_nback	93	Pulse	5	1798526	13545	2
25_09_1985_1_023_nback	94	Picture	21	1803052	0	1	4145	2	0	4000	hit	195
25_09_1985_1_023_nback	94	Response	1	1806526	3474	2
25_09_1985_1_023_nback	94	Pulse	5	1818526	15474	2
25_09_1985_1_023_nback	95	Picture	20	1821123	0	1	4145	2	0	4000	other	0
25_09_1985_1_023_nback	95	Pulse	5	1838525	17402	2
25_09_1985_1_023_nback	96	Picture	20	1839194	0	1	4144	3	0	4000	other	0
25_09_1985_1_023_nback	97	Picture	20	1857265	0	1	4144	2	0	4000	other	0
25_09_1985_1_023_nback	97	Pulse	5	1858515	1250	2
25_09_1985_1_023_nback	98	Picture	21	1875335	0	2	4145	3	0	4000	hit	204
25_09_1985_1_023_nback	98	Pulse	5	1878517	3182	1
25_09_1985_1_023_nback	98	Response	1	1878836	3501	1
25_09_1985_1_023_nback	99	Picture	20	1893406	0	1	4145	2	0	4000	other	0
25_09_1985_1_023_nback	99	Pulse	5	1898515	5109	2
25_09_1985_1_023_nback	100	Picture	20	1911477	0	1	4145	2	0	4000	other	0
25_09_1985_1_023_nback	100	Pulse	5	1918503	7026	2
25_09_1985_1_023_nback	101	Picture	21	1929548	0	1	4145	2	0	4000	hit	210
25_09_1985_1_023_nback	101	Response	1	1932903	3355	2
25_09_1985_1_023_nback	101	Pulse	5	1938503	8955	2
25_09_1985_1_023_nback	102	Picture	20	1947619	0	1	4144	3	0	4000	other	0
25_09_1985_1_023_nback	102	Pulse	5	1958502	10883	2
25_09_1985_1_023_nback	103	Picture	20	1965690	0	1	4144	3	0	4000	other	0
25_09_1985_1_023_nback	103	Pulse	5	1978492	12802	2
25_09_1985_1_023_nback	104	Pulse	5	1998491	14731	2
25_09_1985_1_023_nback	105	Picture	10	2008794	0	2	4145	3	0	4000	other	0
25_09_1985_1_023_nback	105	Pulse	5	2018491	9697	2
25_09_1985_1_023_nback	106	Picture	10	2026865	0	1	4145	2	0	4000	other	0
25_09_1985_1_023_nback	106	Pulse	5	2038640	11775	2
25_09_1985_1_023_nback	107	Picture	11	2044936	0	1	4145	2	0	4000	hit	222
25_09_1985_1_023_nback	107	Response	1	2048881	3945	1
25_09_1985_1_023_nback	107	Pulse	5	2058640	13704	2
25_09_1985_1_023_nback	108	Picture	10	2063007	0	1	4145	2	0	4000	other	0
25_09_1985_1_023_nback	108	Pulse	5	2078639	15632	2
25_09_1985_1_023_nback	109	Picture	11	2081078	0	1	4145	2	0	4000	hit	227
25_09_1985_1_023_nback	109	Response	1	2085199	4121	2
25_09_1985_1_023_nback	109	Pulse	5	2098629	17551	2
25_09_1985_1_023_nback	110	Picture	10	2099149	0	1	4144	3	0	4000	other	0
25_09_1985_1_023_nback	111	Picture	10	2117220	0	1	4144	2	0	4000	other	0
25_09_1985_1_023_nback	111	Pulse	5	2118628	1408	2
25_09_1985_1_023_nback	112	Picture	11	2135290	0	2	4145	3	0	4000	hit	234
25_09_1985_1_023_nback	112	Pulse	5	2138628	3338	2
25_09_1985_1_023_nback	112	Response	1	2138788	3498	2
25_09_1985_1_023_nback	113	Picture	10	2153361	0	2	4145	3	0	4000	other	0
25_09_1985_1_023_nback	113	Pulse	5	2158617	5256	2
25_09_1985_1_023_nback	114	Picture	10	2171432	0	1	4145	3	0	4000	other	0
25_09_1985_1_023_nback	114	Pulse	5	2178617	7185	2
25_09_1985_1_023_nback	115	Picture	10	2189503	0	1	4145	2	0	4000	other	0
25_09_1985_1_023_nback	115	Pulse	5	2198616	9113	2
25_09_1985_1_023_nback	116	Picture	10	2207574	0	1	4144	3	0	4000	other	0
25_09_1985_1_023_nback	116	Pulse	5	2218606	11032	2
25_09_1985_1_023_nback	117	Picture	10	2225645	0	1	4144	3	0	4000	other	0
25_09_1985_1_023_nback	117	Pulse	5	2238605	12960	2
25_09_1985_1_023_nback	118	Picture	11	2243716	0	1	4144	2	0	4000	hit	246
25_09_1985_1_023_nback	118	Response	1	2247245	3529	2
25_09_1985_1_023_nback	118	Pulse	5	2258605	14889	2
25_09_1985_1_023_nback	119	Picture	10	2261786	0	2	4145	3	0	4000	other	0
25_09_1985_1_023_nback	119	Pulse	5	2278594	16808	2
25_09_1985_1_023_nback	120	Picture	10	2279857	0	1	4145	2	0	4000	other	0
25_09_1985_1_023_nback	121	Pulse	5	2298594	666	2
25_09_1985_1_023_nback	121	Pulse	5	2318593	20665	2
25_09_1985_1_023_nback	122	Picture	30	2322962	0	1	4145	2	0	4000	other	0
25_09_1985_1_023_nback	122	Pulse	5	2338583	15621	2
25_09_1985_1_023_nback	123	Picture	30	2341033	0	1	4145	2	0	4000	other	0
25_09_1985_1_023_nback	123	Pulse	5	2358582	17549	2
25_09_1985_1_023_nback	124	Picture	30	2359104	0	1	4144	3	0	4000	other	0
25_09_1985_1_023_nback	125	Picture	31	2377174	0	2	4145	4	0	4000	hit	260
25_09_1985_1_023_nback	125	Pulse	5	2378582	1408	2
25_09_1985_1_023_nback	125	Response	1	2383542	6368	1
25_09_1985_1_023_nback	126	Picture	31	2395245	0	2	4145	3	0	4000	hit	263
25_09_1985_1_023_nback	126	Pulse	5	2398571	3326	2
25_09_1985_1_023_nback	126	Response	1	2400171	4926	2
25_09_1985_1_023_nback	127	Picture	30	2413316	0	1	4145	2	0	4000	other	0
25_09_1985_1_023_nback	127	Pulse	5	2418571	5255	2
25_09_1985_1_023_nback	128	Picture	30	2431387	0	1	4145	2	0	4000	other	0
25_09_1985_1_023_nback	128	Pulse	5	2438570	7183	2
25_09_1985_1_023_nback	129	Picture	30	2449458	0	1	4145	2	0	4000	other	0
25_09_1985_1_023_nback	129	Pulse	5	2458560	9102	2
25_09_1985_1_023_nback	130	Picture	31	2467529	0	1	4144	3	0	4000	hit	271
25_09_1985_1_023_nback	130	Response	1	2471839	4310	2
25_09_1985_1_023_nback	130	Pulse	5	2478559	11030	2
25_09_1985_1_023_nback	131	Picture	30	2485599	0	2	4145	4	0	4000	other	0
25_09_1985_1_023_nback	131	Pulse	5	2498559	12960	2
25_09_1985_1_023_nback	132	Picture	30	2503671	0	1	4144	2	0	4000	other	0
25_09_1985_1_023_nback	132	Pulse	5	2518548	14877	2
25_09_1985_1_023_nback	133	Picture	30	2521741	0	2	4145	3	0	4000	other	0
25_09_1985_1_023_nback	133	Pulse	5	2538548	16807	2
25_09_1985_1_023_nback	134	Picture	30	2539812	0	1	4145	2	0	4000	other	0
25_09_1985_1_023_nback	135	Picture	31	2557883	0	1	4144	3	0	4000	hit	282
25_09_1985_1_023_nback	135	Pulse	5	2558547	664	2
25_09_1985_1_023_nback	135	Response	1	2561427	3544	2
25_09_1985_1_023_nback	136	Picture	30	2575954	0	1	4145	2	0	4000	other	0
25_09_1985_1_023_nback	136	Pulse	5	2578537	2583	2
25_09_1985_1_023_nback	137	Picture	30	2594025	0	1	4144	3	0	4000	false_alarm	287
25_09_1985_1_023_nback	137	Pulse	5	2598536	4511	2
25_09_1985_1_023_nback	137	Response	1	2598696	4671	2
