Scenario - 1-back
Logfile written - 06/26/2014 17:52:57

Subject	Trial	Event Type	Code	Time	TTime	Uncertainty	Duration	Uncertainty	ReqTime	ReqDur	Stim Type	Pair Index

25_09_1985_1_023_nback	1	Pulse	5	101877	111711	2
25_09_1985_1_023_nback	2	Pulse	5	121877	19971	2
25_09_1985_1_023_nback	3	Picture	10	126940	0	1	4144	3	0	4000	other	0
25_09_1985_1_023_nback	3	Pulse	5	141866	14926	2
25_09_1985_1_023_nback	4	Picture	10	145011	0	1	4144	3	0	4000	other	0
25_09_1985_1_023_nback	4	Pulse	5	161866	16855	2
25_09_1985_1_023_nback	5	Picture	11	163081	0	2	4145	3	0	4000	hit	8
25_09_1985_1_023_nback	5	Response	1	166826	3745	1
25_09_1985_1_023_nback	6	Picture	10	181152	0	2	4145	3	0	4000	other	0
25_09_1985_1_023_nback	6	Pulse	5	181865	713	2
25_09_1985_1_023_nback	7	Picture	11	199223	0	1	4145	2	0	4000	hit	13
25_09_1985_1_023_nback	7	Pulse	5	201855	2632	2
25_09_1985_1_023_nback	7	Response	1	203135	3912	2
25_09_1985_1_023_nback	8	Picture	10	217293	0	2	4146	3	0	4000	other	0
25_09_1985_1_023_nback	8	Pulse	5	221854	4561	2
25_09_1985_1_023_nback	9	Picture	10	235365	0	1	4145	2	0	4000	other	0
25_09_1985_1_023_nback	9	Pulse	5	241854	6489	2
25_09_1985_1_023_nback	10	Picture	10	253436	0	1	4144	3	0	4000	other	0
25_09_1985_1_023_nback	10	Pulse	5	261843	8407	2
25_09_1985_1_023_nback	11	Picture	11	271507	0	1	4144	3	0	4000	hit	21
25_09_1985_1_023_nback	11	Response	1	275764	4257	1
25_09_1985_1_023_nback	11	Pulse	5	281844	10337	1
25_09_1985_1_023_nback	12	Picture	10	289577	0	2	4145	3	0	4000	other	0
25_09_1985_1_023_nback	12	Pulse	5	301842	12265	2
25_09_1985_1_023_nback	13	Picture	10	307648	0	1	4145	2	0	4000	other	0
25_09_1985_1_023_nback	13	Pulse	5	321832	14184	2
25_09_1985_1_023_nback	14	Picture	11	325719	0	1	4145	2	0	4000	hit	28
25_09_1985_1_023_nback	14	Response	1	329512	3793	1
25_09_1985_1_023_nback	14	Pulse	5	341831	16112	2
25_09_1985_1_023_nback	15	Picture	10	343790	0	1	4145	2	0	4000	other	0
25_09_1985_1_023_nback	15	Pulse	5	361831	18041	2
25_09_1985_1_023_nback	16	Picture	10	361861	0	1	4145	2	0	4000	other	0
25_09_1985_1_023_nback	17	Picture	10	379932	0	1	4144	3	0	4000	other	0
25_09_1985_1_023_nback	17	Pulse	5	381822	1890	1
25_09_1985_1_023_nback	18	Picture	10	398003	0	1	4144	2	0	4000	other	0
25_09_1985_1_023_nback	18	Pulse	5	401820	3817	2
25_09_1985_1_023_nback	19	Pulse	5	421819	5746	2
25_09_1985_1_023_nback	20	Picture	30	441107	0	2	4145	3	0	4000	other	0
25_09_1985_1_023_nback	20	Pulse	5	441809	702	2
25_09_1985_1_023_nback	21	Picture	30	459178	0	2	4145	3	0	4000	other	0
25_09_1985_1_023_nback	21	Pulse	5	461808	2630	2
25_09_1985_1_023_nback	22	Picture	31	477249	0	1	4145	2	0	4000	hit	43
25_09_1985_1_023_nback	22	Response	1	480688	3439	2
25_09_1985_1_023_nback	22	Pulse	5	481808	4559	2
25_09_1985_1_023_nback	23	Picture	30	495320	0	1	4145	2	0	4000	other	0
25_09_1985_1_023_nback	23	Pulse	5	501797	6477	2
25_09_1985_1_023_nback	24	Picture	30	513391	0	1	4144	3	0	4000	other	0
25_09_1985_1_023_nback	24	Pulse	5	521797	8406	2
25_09_1985_1_023_nback	25	Picture	30	531462	0	1	4144	3	0	4000	other	0
25_09_1985_1_023_nback	25	Pulse	5	541797	10335	1
25_09_1985_1_023_nback	26	Picture	31	549533	0	1	4144	2	0	4000	hit	52
25_09_1985_1_023_nback	26	Response	1	553786	4253	2
25_09_1985_1_023_nback	26	Pulse	5	561786	12253	2
25_09_1985_1_023_nback	27	Picture	31	567603	0	2	4145	3	0	4000	hit	55
25_09_1985_1_023_nback	27	Response	1	571866	4263	2
25_09_1985_1_023_nback	27	Pulse	5	581785	14182	2
25_09_1985_1_023_nback	28	Picture	30	585674	0	1	4145	2	0	4000	other	0
25_09_1985_1_023_nback	28	Pulse	5	601945	16271	2
25_09_1985_1_023_nback	29	Picture	30	603745	0	1	4145	2	0	4000	other	0
25_09_1985_1_023_nback	30	Picture	30	621816	0	1	4145	2	0	4000	other	0
25_09_1985_1_023_nback	30	Pulse	5	621934	118	3
25_09_1985_1_023_nback	31	Picture	31	639887	0	1	4144	3	0	4000	miss	0
25_09_1985_1_023_nback	31	Pulse	5	641934	2047	2
25_09_1985_1_023_nback	32	Picture	30	657958	0	1	4144	3	0	4000	other	0
25_09_1985_1_023_nback	32	Pulse	5	661933	3975	2
25_09_1985_1_023_nback	33	Picture	30	676029	0	1	4144	2	0	4000	other	0
25_09_1985_1_023_nback	33	Pulse	5	681923	5894	2
25_09_1985_1_023_nback	34	Picture	30	694099	0	2	4145	3	0	4000	other	0
25_09_1985_1_023_nback	34	Pulse	5	701922	7823	2
25_09_1985_1_023_nback	35	Picture	30	712170	0	1	4145	2	0	4000	other	0
25_09_1985_1_023_nback	35	Pulse	5	721922	9752	2
25_09_1985_1_023_nback	36	Pulse	5	741911	11670	2
25_09_1985_1_023_nback	37	Picture	10	755275	0	1	4145	2	0	4000	other	0
25_09_1985_1_023_nback	37	Pulse	5	761912	6637	1
25_09_1985_1_023_nback	38	Picture	10	773346	0	1	4145	2	0	4000	other	0
25_09_1985_1_023_nback	38	Pulse	5	781911	8565	1
25_09_1985_1_023_nback	39	Picture	11	791417	0	1	4144	3	0	4000	hit	78
25_09_1985_1_023_nback	39	Response	1	796140	4723	2
25_09_1985_1_023_nback	39	Pulse	5	801900	10483	2
25_09_1985_1_023_nback	40	Picture	10	809488	0	1	4144	2	0	4000	other	0
25_09_1985_1_023_nback	40	Pulse	5	821899	12411	2
25_09_1985_1_023_nback	41	Picture	11	827558	0	2	4145	3	0	4000	hit	83
25_09_1985_1_023_nback	41	Response	1	832300	4742	1
25_09_1985_1_023_nback	41	Pulse	5	841899	14341	2
25_09_1985_1_023_nback	42	Picture	10	845629	0	1	4145	2	0	4000	other	0
25_09_1985_1_023_nback	42	Pulse	5	861888	16259	2
25_09_1985_1_023_nback	43	Picture	10	863700	0	1	4145	2	0	4000	other	0
25_09_1985_1_023_nback	44	Picture	10	881771	0	1	4145	2	0	4000	other	0
25_09_1985_1_023_nback	44	Pulse	5	881888	117	2
25_09_1985_1_023_nback	45	Picture	11	899842	0	1	4145	2	0	4000	hit	92
25_09_1985_1_023_nback	45	Pulse	5	901887	2045	2
25_09_1985_1_023_nback	45	Response	1	903967	4125	2
25_09_1985_1_023_nback	46	Picture	10	917913	0	1	4144	3	0	4000	other	0
25_09_1985_1_023_nback	46	Pulse	5	921877	3964	1
25_09_1985_1_023_nback	47	Picture	10	935984	0	1	4144	2	0	4000	other	0
25_09_1985_1_023_nback	47	Pulse	5	941876	5892	2
25_09_1985_1_023_nback	48	Picture	11	954054	0	2	4145	3	0	4000	hit	98
25_09_1985_1_023_nback	48	Response	1	957397	3343	1
25_09_1985_1_023_nback	48	Pulse	5	961876	7822	2
25_09_1985_1_023_nback	49	Picture	10	972125	0	1	4145	2	0	4000	other	0
25_09_1985_1_023_nback	49	Pulse	5	981865	9740	2
25_09_1985_1_023_nback	50	Picture	10	990196	0	1	4145	2	0	4000	other	0
25_09_1985_1_023_nback	50	Pulse	5	1001865	11669	2
25_09_1985_1_023_nback	51	Picture	10	1008267	0	1	4145	2	0	4000	other	0
25_09_1985_1_023_nback	51	Pulse	5	1021864	13597	2
25_09_1985_1_023_nback	52	Picture	10	1026338	0	1	4145	2	0	4000	other	0
25_09_1985_1_023_nback	52	Pulse	5	1041854	15516	2
25_09_1985_1_023_nback	53	Pulse	5	1061853	17444	2
25_09_1985_1_023_nback	54	Picture	20	1069443	0	1	4144	3	0	4000	other	0
25_09_1985_1_023_nback	54	Pulse	5	1081853	12410	2
25_09_1985_1_023_nback	55	Picture	20	1087514	0	1	4144	2	0	4000	other	0
25_09_1985_1_023_nback	55	Pulse	5	1101842	14328	2
25_09_1985_1_023_nback	56	Picture	21	1105584	0	2	4145	3	0	4000	hit	114
25_09_1985_1_023_nback	56	Response	1	1109522	3938	2
25_09_1985_1_023_nback	56	Pulse	5	1121842	16258	2
25_09_1985_1_023_nback	57	Picture	20	1123655	0	1	4145	2	0	4000	other	0
25_09_1985_1_023_nback	58	Picture	20	1141726	0	1	4145	2	0	4000	other	0
25_09_1985_1_023_nback	58	Pulse	5	1141841	115	2
25_09_1985_1_023_nback	59	Picture	20	1159797	0	1	4145	2	0	4000	other	0
25_09_1985_1_023_nback	59	Pulse	5	1161831	2034	2
25_09_1985_1_023_nback	60	Picture	21	1177868	0	1	4144	3	0	4000	hit	122
25_09_1985_1_023_nback	60	Response	1	1181190	3322	2
25_09_1985_1_023_nback	60	Pulse	5	1181830	3962	2
25_09_1985_1_023_nback	61	Picture	20	1195939	0	1	4144	3	0	4000	other	0
25_09_1985_1_023_nback	61	Pulse	5	1201830	5891	2
25_09_1985_1_023_nback	62	Picture	20	1214010	0	1	4144	2	0	4000	other	0
25_09_1985_1_023_nback	62	Pulse	5	1221819	7809	2
25_09_1985_1_023_nback	63	Picture	20	1232080	0	2	4145	3	0	4000	other	0
25_09_1985_1_023_nback	63	Pulse	5	1241819	9739	1
25_09_1985_1_023_nback	64	Picture	20	1250151	0	1	4145	2	0	4000	other	0
25_09_1985_1_023_nback	64	Pulse	5	1261818	11667	2
25_09_1985_1_023_nback	65	Picture	20	1268222	0	1	4145	2	0	4000	other	0
25_09_1985_1_023_nback	65	Pulse	5	1281808	13586	1
25_09_1985_1_023_nback	66	Picture	21	1286293	0	1	4144	3	0	4000	hit	135
25_09_1985_1_023_nback	66	Response	1	1290447	4154	2
25_09_1985_1_023_nback	66	Pulse	5	1301807	15514	2
25_09_1985_1_023_nback	67	Picture	20	1304364	0	1	4144	3	0	4000	other	0
25_09_1985_1_023_nback	67	Pulse	5	1321807	17443	2
25_09_1985_1_023_nback	68	Picture	20	1322435	0	1	4144	3	0	4000	other	0
25_09_1985_1_023_nback	69	Picture	21	1340505	0	2	4145	3	0	4000	hit	142
25_09_1985_1_023_nback	69	Pulse	5	1341798	1293	1
25_09_1985_1_023_nback	69	Response	1	1345637	5132	2
25_09_1985_1_023_nback	70	Pulse	5	1361796	3220	1
25_09_1985_1_023_nback	70	Pulse	5	1381795	23219	2
25_09_1985_1_023_nback	71	Picture	10	1383610	0	1	4145	2	0	4000	other	0
25_09_1985_1_023_nback	72	Picture	10	1401681	0	1	4145	2	0	4000	other	0
25_09_1985_1_023_nback	72	Pulse	5	1401785	104	1
25_09_1985_1_023_nback	73	Picture	11	1419752	0	1	4145	2	0	4000	hit	150
25_09_1985_1_023_nback	73	Pulse	5	1421784	2032	2
25_09_1985_1_023_nback	73	Response	1	1423864	4112	2
25_09_1985_1_023_nback	74	Picture	10	1437823	0	2	4144	4	0	4000	other	0
25_09_1985_1_023_nback	74	Pulse	5	1441784	3961	1
25_09_1985_1_023_nback	75	Picture	11	1455894	0	1	4144	3	0	4000	hit	154
25_09_1985_1_023_nback	75	Response	1	1459695	3801	1
25_09_1985_1_023_nback	75	Pulse	5	1461775	5881	1
25_09_1985_1_023_nback	76	Picture	10	1473964	0	2	4145	3	0	4000	other	0
25_09_1985_1_023_nback	76	Pulse	5	1481773	7809	2
25_09_1985_1_023_nback	77	Picture	10	1492035	0	2	4145	3	0	4000	other	0
25_09_1985_1_023_nback	77	Pulse	5	1501772	9737	2
25_09_1985_1_023_nback	78	Picture	11	1510106	0	1	4145	2	0	4000	miss	0
25_09_1985_1_023_nback	78	Pulse	5	1521762	11656	2
25_09_1985_1_023_nback	79	Picture	10	1528177	0	1	4144	3	0	4000	other	0
25_09_1985_1_023_nback	79	Pulse	5	1541761	13584	2
25_09_1985_1_023_nback	80	Picture	10	1546248	0	1	4145	2	0	4000	other	0
25_09_1985_1_023_nback	80	Pulse	5	1561761	15513	2
25_09_1985_1_023_nback	81	Picture	10	1564319	0	1	4144	3	0	4000	other	0
25_09_1985_1_023_nback	81	Pulse	5	1581750	17431	2
25_09_1985_1_023_nback	82	Picture	10	1582390	0	1	4144	3	0	4000	other	0
25_09_1985_1_023_nback	83	Picture	10	1600460	0	2	4145	3	0	4000	other	0
25_09_1985_1_023_nback	83	Pulse	5	1601750	1290	2
25_09_1985_1_023_nback	84	Picture	11	1618531	0	2	4145	3	0	4000	hit	173
25_09_1985_1_023_nback	84	Pulse	5	1621749	3218	2
25_09_1985_1_023_nback	84	Response	1	1622229	3698	2
25_09_1985_1_023_nback	85	Picture	10	1636602	0	1	4145	2	0	4000	other	0
25_09_1985_1_023_nback	85	Pulse	5	1641899	5297	1
25_09_1985_1_023_nback	86	Picture	10	1654673	0	1	4145	2	0	4000	other	0
25_09_1985_1_023_nback	86	Pulse	5	1661898	7225	2
25_09_1985_1_023_nback	87	Pulse	5	1681898	9154	1
25_09_1985_1_023_nback	88	Picture	30	1697777	0	2	4145	4	0	4000	other	0
25_09_1985_1_023_nback	88	Pulse	5	1701887	4110	2
25_09_1985_1_023_nback	89	Picture	30	1715849	0	1	4144	3	0	4000	other	0
25_09_1985_1_023_nback	89	Pulse	5	1721887	6038	1
25_09_1985_1_023_nback	90	Picture	30	1733919	0	2	4145	3	0	4000	other	0
25_09_1985_1_023_nback	90	Pulse	5	1741886	7967	2
25_09_1985_1_023_nback	91	Picture	31	1751990	0	2	4145	4	0	4000	hit	186
25_09_1985_1_023_nback	91	Response	1	1755636	3646	2
25_09_1985_1_023_nback	91	Pulse	5	1761876	9886	1
25_09_1985_1_023_nback	92	Picture	31	1770061	0	1	4145	2	0	4000	hit	189
25_09_1985_1_023_nback	92	Response	1	1774035	3974	2
25_09_1985_1_023_nback	92	Pulse	5	1781875	11814	2
25_09_1985_1_023_nback	93	Picture	30	1788132	0	1	4145	2	0	4000	other	0
25_09_1985_1_023_nback	93	Pulse	5	1801875	13743	1
25_09_1985_1_023_nback	94	Picture	30	1806203	0	1	4145	2	0	4000	other	0
25_09_1985_1_023_nback	94	Pulse	5	1821865	15662	1
25_09_1985_1_023_nback	95	Picture	30	1824274	0	1	4144	3	0	4000	other	0
25_09_1985_1_023_nback	95	Pulse	5	1841864	17590	1
25_09_1985_1_023_nback	96	Picture	31	1842345	0	1	4144	3	0	4000	hit	198
25_09_1985_1_023_nback	96	Response	1	1849703	7358	2
25_09_1985_1_023_nback	97	Picture	30	1860415	0	2	4145	3	0	4000	other	0
25_09_1985_1_023_nback	97	Pulse	5	1861863	1448	2
25_09_1985_1_023_nback	98	Picture	30	1878486	0	2	4145	3	0	4000	other	0
25_09_1985_1_023_nback	98	Pulse	5	1881853	3367	1
25_09_1985_1_023_nback	99	Picture	30	1896557	0	1	4145	2	0	4000	other	0
25_09_1985_1_023_nback	99	Pulse	5	1901852	5295	2
25_09_1985_1_023_nback	100	Picture	30	1914628	0	1	4145	2	0	4000	other	0
25_09_1985_1_023_nback	100	Pulse	5	1921852	7224	1
25_09_1985_1_023_nback	101	Picture	31	1932699	0	1	4145	2	0	4000	hit	208
25_09_1985_1_023_nback	101	Response	1	1936081	3382	2
25_09_1985_1_023_nback	101	Pulse	5	1941841	9142	2
25_09_1985_1_023_nback	102	Picture	30	1950770	0	1	4144	3	0	4000	other	0
25_09_1985_1_023_nback	102	Pulse	5	1961841	11071	1
25_09_1985_1_023_nback	103	Picture	30	1968841	0	1	4144	3	0	4000	other	0
25_09_1985_1_023_nback	103	Pulse	5	1981840	12999	2
25_09_1985_1_023_nback	104	Pulse	5	2001830	14919	1
25_09_1985_1_023_nback	105	Picture	10	2011945	0	2	4145	3	0	4000	other	0
25_09_1985_1_023_nback	105	Pulse	5	2021829	9884	2
25_09_1985_1_023_nback	106	Picture	10	2030016	0	2	4145	3	0	4000	other	0
25_09_1985_1_023_nback	106	Pulse	5	2041829	11813	1
25_09_1985_1_023_nback	107	Picture	11	2048087	0	1	4145	2	0	4000	hit	220
25_09_1985_1_023_nback	107	Response	1	2052858	4771	2
25_09_1985_1_023_nback	107	Pulse	5	2061818	13731	2
25_09_1985_1_023_nback	108	Picture	10	2066158	0	1	4145	2	0	4000	other	0
25_09_1985_1_023_nback	108	Pulse	5	2081818	15660	1
25_09_1985_1_023_nback	109	Picture	11	2084229	0	1	4144	3	0	4000	hit	225
25_09_1985_1_023_nback	109	Response	1	2088217	3988	2
25_09_1985_1_023_nback	109	Pulse	5	2101817	17588	2
25_09_1985_1_023_nback	110	Picture	10	2102300	0	1	4144	3	0	4000	other	0
25_09_1985_1_023_nback	111	Picture	10	2120371	0	1	4144	2	0	4000	other	0
25_09_1985_1_023_nback	111	Pulse	5	2121807	1436	1
25_09_1985_1_023_nback	112	Picture	11	2138441	0	2	4145	3	0	4000	hit	232
25_09_1985_1_023_nback	112	Pulse	5	2141806	3365	2
25_09_1985_1_023_nback	112	Response	1	2142926	4485	2
25_09_1985_1_023_nback	113	Picture	10	2156512	0	1	4145	2	0	4000	other	0
25_09_1985_1_023_nback	113	Pulse	5	2161806	5294	1
25_09_1985_1_023_nback	114	Picture	10	2174583	0	1	4145	2	0	4000	other	0
25_09_1985_1_023_nback	114	Pulse	5	2181795	7212	2
25_09_1985_1_023_nback	115	Picture	10	2192654	0	1	4145	2	0	4000	other	0
25_09_1985_1_023_nback	115	Pulse	5	2201795	9141	1
25_09_1985_1_023_nback	116	Picture	10	2210725	0	1	4144	3	0	4000	other	0
25_09_1985_1_023_nback	116	Pulse	5	2221794	11069	2
25_09_1985_1_023_nback	117	Picture	10	2228796	0	1	4144	3	0	4000	other	0
25_09_1985_1_023_nback	117	Pulse	5	2241784	12988	1
25_09_1985_1_023_nback	118	Picture	11	2246866	0	2	4145	3	0	4000	hit	244
25_09_1985_1_023_nback	118	Response	1	2250903	4037	2
25_09_1985_1_023_nback	118	Pulse	5	2261783	14917	2
25_09_1985_1_023_nback	119	Picture	10	2264937	0	2	4145	4	0	4000	other	0
25_09_1985_1_023_nback	119	Pulse	5	2281783	16846	1
25_09_1985_1_023_nback	120	Picture	10	2283008	0	1	4145	2	0	4000	other	0
25_09_1985_1_023_nback	121	Pulse	5	2301772	693	2
25_09_1985_1_023_nback	121	Pulse	5	2321772	20693	1
25_09_1985_1_023_nback	122	Picture	20	2326113	0	1	4145	2	0	4000	other	0
25_09_1985_1_023_nback	122	Pulse	5	2341772	15659	2
25_09_1985_1_023_nback	123	Picture	20	2344184	0	1	4145	2	0	4000	other	0
25_09_1985_1_023_nback	123	Pulse	5	2361761	17577	1
25_09_1985_1_023_nback	124	Picture	20	2362255	0	1	4144	3	0	4000	other	0
25_09_1985_1_023_nback	125	Picture	21	2380325	0	2	4145	3	0	4000	hit	258
25_09_1985_1_023_nback	125	Pulse	5	2381763	1438	1
25_09_1985_1_023_nback	125	Response	1	2384321	3996	2
25_09_1985_1_023_nback	126	Picture	20	2398396	0	2	4145	3	0	4000	other	0
25_09_1985_1_023_nback	126	Pulse	5	2401760	3364	2
25_09_1985_1_023_nback	127	Picture	20	2416467	0	1	4145	2	0	4000	other	0
25_09_1985_1_023_nback	127	Pulse	5	2421749	5282	2
25_09_1985_1_023_nback	128	Picture	21	2434538	0	1	4145	2	0	4000	hit	264
25_09_1985_1_023_nback	128	Response	1	2438549	4011	2
25_09_1985_1_023_nback	128	Pulse	5	2441749	7211	1
25_09_1985_1_023_nback	129	Picture	20	2452609	0	1	4145	2	0	4000	other	0
25_09_1985_1_023_nback	129	Pulse	5	2461748	9139	2
25_09_1985_1_023_nback	130	Picture	20	2470680	0	1	4144	3	0	4000	other	0
25_09_1985_1_023_nback	130	Pulse	5	2481738	11058	2
25_09_1985_1_023_nback	131	Picture	20	2488751	0	1	4144	3	0	4000	other	0
25_09_1985_1_023_nback	131	Pulse	5	2501737	12986	2
25_09_1985_1_023_nback	132	Picture	21	2506821	0	2	4145	3	0	4000	hit	273
25_09_1985_1_023_nback	132	Response	1	2510537	3716	2
25_09_1985_1_023_nback	132	Pulse	5	2521737	14916	1
25_09_1985_1_023_nback	133	Picture	20	2524892	0	2	4145	3	0	4000	other	0
25_09_1985_1_023_nback	133	Pulse	5	2541726	16834	2
25_09_1985_1_023_nback	134	Picture	20	2542963	0	1	4145	2	0	4000	other	0
25_09_1985_1_023_nback	135	Picture	21	2561034	0	1	4145	2	0	4000	hit	280
25_09_1985_1_023_nback	135	Pulse	5	2561727	693	1
25_09_1985_1_023_nback	135	Response	1	2565887	4853	1
25_09_1985_1_023_nback	136	Picture	20	2579105	0	1	4145	2	0	4000	other	0
25_09_1985_1_023_nback	136	Pulse	5	2581725	2620	2
25_09_1985_1_023_nback	137	Picture	20	2597176	0	1	4144	3	0	4000	other	0
25_09_1985_1_023_nback	137	Pulse	5	2601715	4539	1
