Scenario - 1-back
Logfile written - 06/26/2014 17:43:51

Subject	Trial	Event Type	Code	Time	TTime	Uncertainty	Duration	Uncertainty	ReqTime	ReqDur	Stim Type	Pair Index

25_09_1985_1_023_nback	1	Pulse	5	137270	147104	2
25_09_1985_1_023_nback	2	Pulse	5	157430	20046	2
25_09_1985_1_023_nback	3	Picture	10	162418	0	2	4145	3	0	4000	other	0
25_09_1985_1_023_nback	3	Pulse	5	177419	15001	2
25_09_1985_1_023_nback	4	Picture	10	180489	0	1	4145	2	0	4000	other	0
25_09_1985_1_023_nback	4	Pulse	5	197419	16930	3
25_09_1985_1_023_nback	5	Picture	11	198560	0	1	4145	2	0	4000	hit	8
25_09_1985_1_023_nback	5	Response	1	202539	3979	2
25_09_1985_1_023_nback	6	Picture	10	216631	0	1	4145	2	0	4000	other	0
25_09_1985_1_023_nback	6	Pulse	5	217418	787	3
25_09_1985_1_023_nback	7	Picture	11	234702	0	1	4144	3	0	4000	hit	13
25_09_1985_1_023_nback	7	Pulse	5	237408	2706	2
25_09_1985_1_023_nback	7	Response	1	238689	3987	1
25_09_1985_1_023_nback	8	Picture	10	252773	0	1	4144	2	0	4000	other	0
25_09_1985_1_023_nback	8	Pulse	5	257407	4634	2
25_09_1985_1_023_nback	9	Picture	10	270843	0	2	4145	3	0	4000	other	0
25_09_1985_1_023_nback	9	Pulse	5	277407	6564	2
25_09_1985_1_023_nback	10	Picture	10	288914	0	1	4145	2	0	4000	other	0
25_09_1985_1_023_nback	10	Pulse	5	297396	8482	2
25_09_1985_1_023_nback	11	Picture	11	306985	0	2	4145	3	0	4000	hit	21
25_09_1985_1_023_nback	11	Response	1	310837	3852	1
25_09_1985_1_023_nback	11	Pulse	5	317396	10411	2
25_09_1985_1_023_nback	12	Picture	10	325056	0	1	4145	2	0	4000	other	0
25_09_1985_1_023_nback	12	Pulse	5	337395	12339	2
25_09_1985_1_023_nback	13	Picture	10	343127	0	1	4144	3	0	4000	other	0
25_09_1985_1_023_nback	13	Pulse	5	357385	14258	2
25_09_1985_1_023_nback	14	Picture	11	361198	0	1	4144	3	0	4000	hit	28
25_09_1985_1_023_nback	14	Response	1	364905	3707	2
25_09_1985_1_023_nback	14	Pulse	5	377384	16186	2
25_09_1985_1_023_nback	15	Picture	10	379269	0	1	4144	2	0	4000	other	0
25_09_1985_1_023_nback	16	Picture	10	397339	0	2	4145	3	0	4000	other	0
25_09_1985_1_023_nback	16	Pulse	5	397384	45	2
25_09_1985_1_023_nback	17	Picture	10	415410	0	1	4145	2	0	4000	other	0
25_09_1985_1_023_nback	17	Pulse	5	417373	1963	2
25_09_1985_1_023_nback	18	Picture	10	433481	0	1	4145	2	0	4000	other	0
25_09_1985_1_023_nback	18	Pulse	5	437374	3893	1
25_09_1985_1_023_nback	19	Pulse	5	457372	5820	2
25_09_1985_1_023_nback	20	Picture	30	476586	0	1	4145	2	0	4000	other	0
25_09_1985_1_023_nback	20	Pulse	5	477362	776	2
25_09_1985_1_023_nback	21	Picture	30	494657	0	1	4144	3	0	4000	other	0
25_09_1985_1_023_nback	21	Pulse	5	497361	2704	2
25_09_1985_1_023_nback	22	Picture	31	512728	0	1	4144	3	0	4000	hit	43
25_09_1985_1_023_nback	22	Response	1	516401	3673	2
25_09_1985_1_023_nback	22	Pulse	5	517361	4633	2
25_09_1985_1_023_nback	23	Picture	30	530798	0	2	4145	3	0	4000	other	0
25_09_1985_1_023_nback	23	Pulse	5	537351	6553	1
25_09_1985_1_023_nback	24	Picture	30	548869	0	2	4145	3	0	4000	other	0
25_09_1985_1_023_nback	24	Pulse	5	557351	8482	1
25_09_1985_1_023_nback	25	Picture	30	566940	0	2	4145	3	0	4000	other	0
25_09_1985_1_023_nback	25	Pulse	5	577350	10410	1
25_09_1985_1_023_nback	26	Picture	31	585011	0	1	4145	2	0	4000	miss	0
25_09_1985_1_023_nback	26	Pulse	5	597339	12328	2
25_09_1985_1_023_nback	27	Picture	31	603082	0	1	4145	2	0	4000	hit	54
25_09_1985_1_023_nback	27	Response	1	606299	3217	2
25_09_1985_1_023_nback	27	Pulse	5	617338	14256	2
25_09_1985_1_023_nback	28	Picture	30	621153	0	1	4144	3	0	4000	other	0
25_09_1985_1_023_nback	28	Pulse	5	637338	16185	2
25_09_1985_1_023_nback	29	Picture	30	639224	0	1	4144	2	0	4000	other	0
25_09_1985_1_023_nback	30	Picture	30	657294	0	2	4145	3	0	4000	other	0
25_09_1985_1_023_nback	30	Pulse	5	657327	33	2
25_09_1985_1_023_nback	31	Picture	31	675365	0	2	4145	3	0	4000	hit	63
25_09_1985_1_023_nback	31	Pulse	5	677327	1962	2
25_09_1985_1_023_nback	31	Response	1	678607	3242	2
25_09_1985_1_023_nback	32	Picture	30	693436	0	1	4145	2	0	4000	other	0
25_09_1985_1_023_nback	32	Pulse	5	697328	3892	1
25_09_1985_1_023_nback	33	Picture	30	711507	0	1	4145	2	0	4000	other	0
25_09_1985_1_023_nback	33	Pulse	5	717317	5810	1
25_09_1985_1_023_nback	34	Picture	30	729578	0	1	4145	2	0	4000	other	0
25_09_1985_1_023_nback	34	Pulse	5	737317	7739	1
25_09_1985_1_023_nback	35	Picture	30	747649	0	1	4144	3	0	4000	false_alarm	71
25_09_1985_1_023_nback	35	Response	1	752196	4547	2
25_09_1985_1_023_nback	35	Pulse	5	757316	9667	1
25_09_1985_1_023_nback	36	Pulse	5	777304	11584	2
25_09_1985_1_023_nback	37	Picture	10	790753	0	2	4145	3	0	4000	other	0
25_09_1985_1_023_nback	37	Pulse	5	797305	6552	1
25_09_1985_1_023_nback	38	Picture	10	808824	0	2	4145	3	0	4000	other	0
25_09_1985_1_023_nback	38	Pulse	5	817303	8479	2
25_09_1985_1_023_nback	39	Picture	11	826895	0	1	4145	2	0	4000	hit	79
25_09_1985_1_023_nback	39	Response	1	830893	3998	2
25_09_1985_1_023_nback	39	Pulse	5	837293	10398	2
25_09_1985_1_023_nback	40	Picture	10	844966	0	1	4145	2	0	4000	other	0
25_09_1985_1_023_nback	40	Pulse	5	857292	12326	2
25_09_1985_1_023_nback	41	Picture	11	863037	0	1	4145	2	0	4000	miss	0
25_09_1985_1_023_nback	41	Pulse	5	877292	14255	2
25_09_1985_1_023_nback	42	Picture	10	881108	0	1	4144	3	0	4000	other	0
25_09_1985_1_023_nback	42	Pulse	5	897281	16173	2
25_09_1985_1_023_nback	43	Picture	10	899179	0	1	4144	2	0	4000	other	0
25_09_1985_1_023_nback	44	Picture	10	917250	0	1	4144	2	0	4000	other	0
25_09_1985_1_023_nback	44	Pulse	5	917281	31	2
25_09_1985_1_023_nback	45	Picture	11	935320	0	1	4145	2	0	4000	hit	92
25_09_1985_1_023_nback	45	Pulse	5	937280	1960	2
25_09_1985_1_023_nback	45	Response	1	939040	3720	2
25_09_1985_1_023_nback	46	Picture	10	953391	0	1	4145	2	0	4000	other	0
25_09_1985_1_023_nback	46	Pulse	5	957270	3879	2
25_09_1985_1_023_nback	47	Picture	10	971462	0	1	4145	2	0	4000	other	0
25_09_1985_1_023_nback	47	Pulse	5	977269	5807	2
25_09_1985_1_023_nback	48	Picture	11	989533	0	1	4144	3	0	4000	hit	98
25_09_1985_1_023_nback	48	Response	1	993429	3896	2
25_09_1985_1_023_nback	48	Pulse	5	997269	7736	2
25_09_1985_1_023_nback	49	Picture	10	1007604	0	1	4144	3	0	4000	other	0
25_09_1985_1_023_nback	49	Pulse	5	1017258	9654	2
25_09_1985_1_023_nback	50	Picture	10	1025675	0	1	4144	3	0	4000	other	0
25_09_1985_1_023_nback	50	Pulse	5	1037258	11583	2
25_09_1985_1_023_nback	51	Picture	10	1043745	0	2	4145	3	0	4000	other	0
25_09_1985_1_023_nback	51	Pulse	5	1057258	13513	1
25_09_1985_1_023_nback	52	Picture	10	1061816	0	3	4145	4	0	4000	other	0
25_09_1985_1_023_nback	52	Pulse	5	1077247	15431	2
25_09_1985_1_023_nback	53	Pulse	5	1097246	17359	2
25_09_1985_1_023_nback	54	Picture	20	1104921	0	1	4145	2	0	4000	other	0
25_09_1985_1_023_nback	54	Pulse	5	1117246	12325	2
25_09_1985_1_023_nback	55	Picture	20	1122992	0	1	4145	2	0	4000	other	0
25_09_1985_1_023_nback	55	Pulse	5	1137235	14243	2
25_09_1985_1_023_nback	56	Picture	21	1141063	0	1	4144	3	0	4000	hit	114
25_09_1985_1_023_nback	56	Response	1	1144755	3692	2
25_09_1985_1_023_nback	56	Pulse	5	1157235	16172	2
25_09_1985_1_023_nback	57	Picture	20	1159134	0	1	4144	3	0	4000	other	0
25_09_1985_1_023_nback	58	Picture	20	1177204	0	2	4145	3	0	4000	other	0
25_09_1985_1_023_nback	58	Pulse	5	1177235	31	1
25_09_1985_1_023_nback	59	Picture	20	1195275	0	1	4145	2	0	4000	other	0
25_09_1985_1_023_nback	59	Pulse	5	1197385	2110	1
25_09_1985_1_023_nback	60	Picture	21	1213346	0	1	4145	2	0	4000	hit	122
25_09_1985_1_023_nback	60	Response	1	1216903	3557	2
25_09_1985_1_023_nback	60	Pulse	5	1217384	4038	1
25_09_1985_1_023_nback	61	Picture	20	1231417	0	1	4145	2	0	4000	other	0
25_09_1985_1_023_nback	61	Pulse	5	1237383	5966	2
25_09_1985_1_023_nback	62	Picture	20	1249488	0	1	4145	2	0	4000	other	0
25_09_1985_1_023_nback	62	Pulse	5	1257372	7884	2
25_09_1985_1_023_nback	63	Picture	20	1267559	0	1	4144	3	0	4000	other	0
25_09_1985_1_023_nback	63	Pulse	5	1277372	9813	2
25_09_1985_1_023_nback	64	Picture	20	1285630	0	1	4144	2	0	4000	other	0
25_09_1985_1_023_nback	64	Pulse	5	1297371	11741	2
25_09_1985_1_023_nback	65	Picture	20	1303700	0	2	4145	3	0	4000	other	0
25_09_1985_1_023_nback	65	Pulse	5	1317360	13660	3
25_09_1985_1_023_nback	66	Picture	21	1321771	0	3	4145	4	0	4000	hit	135
25_09_1985_1_023_nback	66	Response	1	1327441	5670	1
25_09_1985_1_023_nback	66	Pulse	5	1337360	15589	2
25_09_1985_1_023_nback	67	Picture	20	1339842	0	1	4145	2	0	4000	other	0
25_09_1985_1_023_nback	67	Pulse	5	1357360	17518	2
25_09_1985_1_023_nback	68	Picture	20	1357913	0	1	4145	2	0	4000	other	0
25_09_1985_1_023_nback	69	Picture	21	1375984	0	1	4145	2	0	4000	hit	142
25_09_1985_1_023_nback	69	Pulse	5	1377349	1365	2
25_09_1985_1_023_nback	69	Response	1	1379589	3605	2
25_09_1985_1_023_nback	70	Pulse	5	1397349	3294	2
25_09_1985_1_023_nback	70	Pulse	5	1417348	23293	2
25_09_1985_1_023_nback	71	Picture	10	1419089	0	1	4144	3	0	4000	other	0
25_09_1985_1_023_nback	72	Picture	10	1437160	0	1	4144	2	0	4000	other	0
25_09_1985_1_023_nback	72	Pulse	5	1437338	178	2
25_09_1985_1_023_nback	73	Picture	11	1455230	0	2	4145	3	0	4000	hit	150
25_09_1985_1_023_nback	73	Pulse	5	1457337	2107	2
25_09_1985_1_023_nback	73	Response	1	1459897	4667	2
25_09_1985_1_023_nback	74	Picture	10	1473301	0	1	4145	2	0	4000	other	0
25_09_1985_1_023_nback	74	Pulse	5	1477337	4036	2
25_09_1985_1_023_nback	75	Picture	11	1491372	0	1	4145	2	0	4000	hit	154
25_09_1985_1_023_nback	75	Response	1	1495246	3874	2
25_09_1985_1_023_nback	75	Pulse	5	1497326	5954	2
25_09_1985_1_023_nback	76	Picture	10	1509443	0	1	4145	2	0	4000	other	0
25_09_1985_1_023_nback	76	Pulse	5	1517326	7883	2
25_09_1985_1_023_nback	77	Picture	10	1527514	0	1	4144	3	0	4000	other	0
25_09_1985_1_023_nback	77	Pulse	5	1537326	9812	1
25_09_1985_1_023_nback	78	Picture	11	1545585	0	1	4144	3	0	4000	miss	0
25_09_1985_1_023_nback	78	Pulse	5	1557315	11730	2
25_09_1985_1_023_nback	79	Picture	10	1563656	0	1	4144	2	0	4000	other	0
25_09_1985_1_023_nback	79	Pulse	5	1577314	13658	2
25_09_1985_1_023_nback	80	Picture	10	1581726	0	2	4145	3	0	4000	other	0
25_09_1985_1_023_nback	80	Pulse	5	1597314	15588	2
25_09_1985_1_023_nback	81	Picture	10	1599797	0	1	4145	2	0	4000	other	0
25_09_1985_1_023_nback	81	Pulse	5	1617303	17506	2
25_09_1985_1_023_nback	82	Picture	10	1617868	0	1	4145	2	0	4000	other	0
25_09_1985_1_023_nback	83	Picture	10	1635939	0	1	4145	2	0	4000	other	0
25_09_1985_1_023_nback	83	Pulse	5	1637304	1365	1
25_09_1985_1_023_nback	84	Picture	11	1654010	0	1	4144	3	0	4000	hit	173
25_09_1985_1_023_nback	84	Pulse	5	1657302	3292	2
25_09_1985_1_023_nback	84	Response	1	1657942	3932	2
25_09_1985_1_023_nback	85	Picture	10	1672081	0	1	4144	3	0	4000	other	0
25_09_1985_1_023_nback	85	Pulse	5	1677292	5211	2
25_09_1985_1_023_nback	86	Picture	10	1690152	0	1	4144	2	0	4000	other	0
25_09_1985_1_023_nback	86	Pulse	5	1697291	7139	2
25_09_1985_1_023_nback	87	Pulse	5	1717291	9069	2
25_09_1985_1_023_nback	88	Picture	30	1733256	0	1	4145	2	0	4000	other	0
25_09_1985_1_023_nback	88	Pulse	5	1737280	4024	2
25_09_1985_1_023_nback	89	Picture	30	1751327	0	1	4145	2	0	4000	other	0
25_09_1985_1_023_nback	89	Pulse	5	1757280	5953	2
25_09_1985_1_023_nback	90	Picture	30	1769398	0	1	4145	2	0	4000	other	0
25_09_1985_1_023_nback	90	Pulse	5	1777279	7881	2
25_09_1985_1_023_nback	91	Picture	31	1787469	0	1	4145	2	0	4000	hit	186
25_09_1985_1_023_nback	91	Response	1	1792150	4681	1
25_09_1985_1_023_nback	91	Pulse	5	1797270	9801	1
25_09_1985_1_023_nback	92	Picture	31	1805540	0	1	4144	3	0	4000	hit	189
25_09_1985_1_023_nback	92	Response	1	1808630	3090	2
25_09_1985_1_023_nback	92	Pulse	5	1817270	11730	1
25_09_1985_1_023_nback	93	Picture	30	1823611	0	1	4144	3	0	4000	other	0
25_09_1985_1_023_nback	93	Pulse	5	1837268	13657	2
25_09_1985_1_023_nback	94	Picture	30	1841681	0	2	4145	3	0	4000	other	0
25_09_1985_1_023_nback	94	Pulse	5	1857258	15577	1
25_09_1985_1_023_nback	95	Picture	30	1859752	0	1	4145	2	0	4000	other	0
25_09_1985_1_023_nback	95	Pulse	5	1877257	17505	2
25_09_1985_1_023_nback	96	Picture	31	1877823	0	1	4145	2	0	4000	hit	198
25_09_1985_1_023_nback	96	Response	1	1881257	3434	2
25_09_1985_1_023_nback	97	Picture	30	1895894	0	1	4145	2	0	4000	other	0
25_09_1985_1_023_nback	97	Pulse	5	1897256	1362	2
25_09_1985_1_023_nback	98	Picture	30	1913965	0	1	4145	2	0	4000	other	0
25_09_1985_1_023_nback	98	Pulse	5	1917246	3281	2
25_09_1985_1_023_nback	99	Picture	30	1932036	0	1	4144	3	0	4000	other	0
25_09_1985_1_023_nback	99	Pulse	5	1937245	5209	3
25_09_1985_1_023_nback	100	Picture	30	1950106	0	2	4145	3	0	4000	other	0
25_09_1985_1_023_nback	100	Pulse	5	1957245	7139	2
25_09_1985_1_023_nback	101	Picture	31	1968177	0	2	4145	3	0	4000	hit	208
25_09_1985_1_023_nback	101	Response	1	1973554	5377	2
25_09_1985_1_023_nback	101	Pulse	5	1977234	9057	2
25_09_1985_1_023_nback	102	Picture	30	1986248	0	1	4145	2	0	4000	other	0
25_09_1985_1_023_nback	102	Pulse	5	1997234	10986	2
25_09_1985_1_023_nback	103	Picture	30	2004319	0	1	4145	2	0	4000	other	0
25_09_1985_1_023_nback	103	Pulse	5	2017233	12914	2
25_09_1985_1_023_nback	104	Pulse	5	2037223	14833	2
25_09_1985_1_023_nback	105	Picture	10	2047424	0	1	4145	2	0	4000	other	0
25_09_1985_1_023_nback	105	Pulse	5	2057222	9798	2
25_09_1985_1_023_nback	106	Picture	10	2065495	0	1	4144	3	0	4000	other	0
25_09_1985_1_023_nback	106	Pulse	5	2077222	11727	2
25_09_1985_1_023_nback	107	Picture	11	2083566	0	1	4144	3	0	4000	hit	220
25_09_1985_1_023_nback	107	Response	1	2088252	4686	1
25_09_1985_1_023_nback	107	Pulse	5	2097212	13646	1
25_09_1985_1_023_nback	108	Picture	10	2101636	0	2	4145	3	0	4000	other	0
25_09_1985_1_023_nback	108	Pulse	5	2117212	15576	1
25_09_1985_1_023_nback	109	Picture	11	2119707	0	2	4145	3	0	4000	miss	0
25_09_1985_1_023_nback	109	Pulse	5	2137210	17503	2
25_09_1985_1_023_nback	110	Picture	10	2137778	0	1	4145	2	0	4000	other	0
25_09_1985_1_023_nback	111	Picture	10	2155849	0	1	4145	2	0	4000	other	0
25_09_1985_1_023_nback	111	Pulse	5	2157201	1352	1
25_09_1985_1_023_nback	112	Picture	11	2173920	0	1	4145	2	0	4000	hit	230
25_09_1985_1_023_nback	112	Response	1	2177199	3279	2
25_09_1985_1_023_nback	112	Pulse	5	2177199	3279	2
25_09_1985_1_023_nback	113	Picture	10	2191991	0	1	4144	3	0	4000	other	0
25_09_1985_1_023_nback	113	Pulse	5	2197199	5208	2
25_09_1985_1_023_nback	114	Picture	10	2210062	0	1	4144	3	0	4000	other	0
25_09_1985_1_023_nback	114	Pulse	5	2217188	7126	2
25_09_1985_1_023_nback	115	Picture	10	2228132	0	2	4145	3	0	4000	other	0
25_09_1985_1_023_nback	115	Pulse	5	2237348	9216	2
25_09_1985_1_023_nback	116	Picture	10	2246203	0	2	4145	3	0	4000	other	0
25_09_1985_1_023_nback	116	Pulse	5	2257347	11144	2
25_09_1985_1_023_nback	117	Picture	10	2264274	0	1	4145	2	0	4000	other	0
25_09_1985_1_023_nback	117	Pulse	5	2277337	13063	2
25_09_1985_1_023_nback	118	Picture	11	2282345	0	1	4145	2	0	4000	hit	243
25_09_1985_1_023_nback	118	Response	1	2285817	3472	1
25_09_1985_1_023_nback	118	Pulse	5	2297336	14991	2
25_09_1985_1_023_nback	119	Picture	10	2300416	0	1	4145	2	0	4000	other	0
25_09_1985_1_023_nback	119	Pulse	5	2317336	16920	2
25_09_1985_1_023_nback	120	Picture	10	2318487	0	1	4144	3	0	4000	other	0
25_09_1985_1_023_nback	121	Pulse	5	2337325	767	2
25_09_1985_1_023_nback	121	Pulse	5	2357325	20767	2
25_09_1985_1_023_nback	122	Picture	20	2361591	0	2	4145	3	0	4000	other	0
25_09_1985_1_023_nback	122	Pulse	5	2377324	15733	2
25_09_1985_1_023_nback	123	Picture	20	2379662	0	2	4145	3	0	4000	other	0
25_09_1985_1_023_nback	123	Pulse	5	2397314	17652	2
25_09_1985_1_023_nback	124	Picture	20	2397733	0	2	4145	3	0	4000	other	0
25_09_1985_1_023_nback	125	Picture	21	2415804	0	1	4145	2	0	4000	hit	257
25_09_1985_1_023_nback	125	Pulse	5	2417313	1509	2
25_09_1985_1_023_nback	125	Response	1	2419393	3589	2
25_09_1985_1_023_nback	126	Picture	20	2433875	0	1	4145	2	0	4000	other	0
25_09_1985_1_023_nback	126	Pulse	5	2437313	3438	2
25_09_1985_1_023_nback	127	Picture	20	2451946	0	1	4144	3	0	4000	other	0
25_09_1985_1_023_nback	127	Pulse	5	2457302	5356	2
25_09_1985_1_023_nback	128	Picture	21	2470017	0	1	4144	3	0	4000	hit	263
25_09_1985_1_023_nback	128	Response	1	2473462	3445	2
25_09_1985_1_023_nback	128	Pulse	5	2477302	7285	2
25_09_1985_1_023_nback	129	Picture	20	2488088	0	1	4144	2	0	4000	other	0
25_09_1985_1_023_nback	129	Pulse	5	2497301	9213	2
25_09_1985_1_023_nback	130	Picture	20	2506158	0	2	4145	3	0	4000	other	0
25_09_1985_1_023_nback	130	Pulse	5	2517291	11133	2
25_09_1985_1_023_nback	131	Picture	20	2524229	0	1	4145	2	0	4000	other	0
25_09_1985_1_023_nback	131	Pulse	5	2537290	13061	2
25_09_1985_1_023_nback	132	Picture	21	2542300	0	1	4145	2	0	4000	hit	272
25_09_1985_1_023_nback	132	Response	1	2545770	3470	2
25_09_1985_1_023_nback	132	Pulse	5	2557290	14990	2
25_09_1985_1_023_nback	133	Picture	20	2560367	0	6	4149	7	0	4000	other	0
25_09_1985_1_023_nback	133	Pulse	5	2577280	16913	1
25_09_1985_1_023_nback	134	Picture	20	2578442	0	1	4144	3	0	4000	other	0
25_09_1985_1_023_nback	135	Picture	21	2596513	0	1	4144	3	0	4000	hit	279
25_09_1985_1_023_nback	135	Pulse	5	2597279	766	2
25_09_1985_1_023_nback	135	Response	1	2599519	3006	2
25_09_1985_1_023_nback	136	Picture	20	2614583	0	2	4145	4	0	4000	other	0
25_09_1985_1_023_nback	136	Pulse	5	2617278	2695	2
25_09_1985_1_023_nback	137	Picture	20	2632654	0	2	4145	3	0	4000	other	0
25_09_1985_1_023_nback	137	Pulse	5	2637267	4613	3
