Scenario - 1-back
Logfile written - 06/26/2014 17:48:25

Subject	Trial	Event Type	Code	Time	TTime	Uncertainty	Duration	Uncertainty	ReqTime	ReqDur	Stim Type	Pair Index

25_09_1985_1_023_nback	1	Pulse	5	128125	137959	2
25_09_1985_1_023_nback	2	Pulse	5	148125	19859	1
25_09_1985_1_023_nback	3	Picture	10	153300	0	1	4144	3	0	4000	other	0
25_09_1985_1_023_nback	3	Pulse	5	168124	14824	2
25_09_1985_1_023_nback	4	Picture	10	171371	0	1	4145	2	0	4000	other	0
25_09_1985_1_023_nback	4	Pulse	5	188114	16743	1
25_09_1985_1_023_nback	5	Picture	11	189442	0	1	4144	3	0	4000	hit	8
25_09_1985_1_023_nback	5	Response	1	192913	3471	2
25_09_1985_1_023_nback	6	Picture	10	207513	0	1	4144	2	0	4000	other	0
25_09_1985_1_023_nback	6	Pulse	5	208112	599	3
25_09_1985_1_023_nback	7	Picture	11	225584	0	1	4144	2	0	4000	hit	13
25_09_1985_1_023_nback	7	Pulse	5	228112	2528	2
25_09_1985_1_023_nback	7	Response	1	229553	3969	1
25_09_1985_1_023_nback	8	Picture	10	243654	0	1	4145	2	0	4000	other	0
25_09_1985_1_023_nback	8	Pulse	5	248102	4448	2
25_09_1985_1_023_nback	9	Picture	10	261725	0	1	4145	2	0	4000	other	0
25_09_1985_1_023_nback	9	Pulse	5	268101	6376	2
25_09_1985_1_023_nback	10	Picture	10	279796	0	1	4145	2	0	4000	other	0
25_09_1985_1_023_nback	10	Pulse	5	288102	8306	1
25_09_1985_1_023_nback	11	Picture	11	297867	0	1	4145	2	0	4000	hit	21
25_09_1985_1_023_nback	11	Response	1	301531	3664	1
25_09_1985_1_023_nback	11	Pulse	5	308091	10224	1
25_09_1985_1_023_nback	12	Picture	10	315938	0	1	4144	3	0	4000	other	0
25_09_1985_1_023_nback	12	Pulse	5	328090	12152	2
25_09_1985_1_023_nback	13	Picture	10	334009	0	1	4144	3	0	4000	other	0
25_09_1985_1_023_nback	13	Pulse	5	348090	14081	1
25_09_1985_1_023_nback	14	Picture	11	352079	0	2	4145	3	0	4000	hit	28
25_09_1985_1_023_nback	14	Response	1	356078	3999	4
25_09_1985_1_023_nback	14	Pulse	5	368079	16000	2
25_09_1985_1_023_nback	15	Picture	10	370150	0	2	4145	3	0	4000	other	0
25_09_1985_1_023_nback	15	Pulse	5	388078	17928	2
25_09_1985_1_023_nback	16	Picture	10	388221	0	1	4145	2	0	4000	other	0
25_09_1985_1_023_nback	17	Picture	10	406292	0	1	4145	2	0	4000	other	0
25_09_1985_1_023_nback	17	Pulse	5	408078	1786	2
25_09_1985_1_023_nback	18	Picture	10	424363	0	1	4145	2	0	4000	other	0
25_09_1985_1_023_nback	18	Pulse	5	428067	3704	2
25_09_1985_1_023_nback	19	Pulse	5	448067	5633	2
25_09_1985_1_023_nback	20	Picture	20	467468	0	1	4144	3	0	4000	other	0
25_09_1985_1_023_nback	20	Pulse	5	468066	598	2
25_09_1985_1_023_nback	21	Picture	20	485538	0	2	4145	3	0	4000	other	0
25_09_1985_1_023_nback	21	Pulse	5	488056	2518	2
25_09_1985_1_023_nback	22	Picture	21	503609	0	2	4145	3	0	4000	hit	44
25_09_1985_1_023_nback	22	Pulse	5	508055	4446	2
25_09_1985_1_023_nback	22	Response	1	511735	8126	2
25_09_1985_1_023_nback	23	Picture	20	521680	0	1	4145	2	0	4000	other	0
25_09_1985_1_023_nback	23	Pulse	5	528055	6375	2
25_09_1985_1_023_nback	24	Picture	20	539751	0	1	4145	2	0	4000	other	0
25_09_1985_1_023_nback	24	Pulse	5	548205	8454	1
25_09_1985_1_023_nback	25	Picture	20	557822	0	1	4145	2	0	4000	other	0
25_09_1985_1_023_nback	25	Pulse	5	568204	10382	2
25_09_1985_1_023_nback	26	Picture	21	575893	0	1	4144	3	0	4000	hit	52
25_09_1985_1_023_nback	26	Response	1	579404	3511	2
25_09_1985_1_023_nback	26	Pulse	5	588203	12310	2
25_09_1985_1_023_nback	27	Picture	20	593964	0	1	4144	3	0	4000	other	0
25_09_1985_1_023_nback	27	Pulse	5	608193	14229	2
25_09_1985_1_023_nback	28	Picture	20	612035	0	1	4144	2	0	4000	other	0
25_09_1985_1_023_nback	28	Pulse	5	628192	16157	3
25_09_1985_1_023_nback	29	Picture	20	630105	0	2	4145	3	0	4000	other	0
25_09_1985_1_023_nback	30	Picture	20	648176	0	1	4145	2	0	4000	other	0
25_09_1985_1_023_nback	30	Pulse	5	648192	16	2
25_09_1985_1_023_nback	31	Picture	20	666247	0	1	4145	2	0	4000	other	0
25_09_1985_1_023_nback	31	Pulse	5	668181	1934	2
25_09_1985_1_023_nback	32	Picture	21	684318	0	1	4145	2	0	4000	hit	65
25_09_1985_1_023_nback	32	Pulse	5	688181	3863	2
25_09_1985_1_023_nback	32	Response	1	690101	5783	2
25_09_1985_1_023_nback	33	Picture	20	702389	0	1	4144	3	0	4000	other	0
25_09_1985_1_023_nback	33	Pulse	5	708180	5791	2
25_09_1985_1_023_nback	34	Picture	20	720460	0	1	4144	3	0	4000	other	0
25_09_1985_1_023_nback	34	Pulse	5	728172	7712	1
25_09_1985_1_023_nback	35	Picture	21	738531	0	1	4144	2	0	4000	hit	71
25_09_1985_1_023_nback	35	Response	1	742090	3559	1
25_09_1985_1_023_nback	35	Pulse	5	748170	9639	1
25_09_1985_1_023_nback	36	Pulse	5	768170	11569	1
25_09_1985_1_023_nback	37	Picture	10	781635	0	1	4145	2	0	4000	other	0
25_09_1985_1_023_nback	37	Pulse	5	788158	6523	2
25_09_1985_1_023_nback	38	Picture	10	799706	0	1	4145	2	0	4000	other	0
25_09_1985_1_023_nback	38	Pulse	5	808158	8452	2
25_09_1985_1_023_nback	39	Picture	11	817777	0	2	4145	3	0	4000	hit	79
25_09_1985_1_023_nback	39	Response	1	821278	3501	1
25_09_1985_1_023_nback	39	Pulse	5	828157	10380	2
25_09_1985_1_023_nback	40	Picture	10	835848	0	1	4144	3	0	4000	other	0
25_09_1985_1_023_nback	40	Pulse	5	848147	12299	2
25_09_1985_1_023_nback	41	Picture	11	853919	0	1	4144	3	0	4000	hit	84
25_09_1985_1_023_nback	41	Response	1	858548	4629	1
25_09_1985_1_023_nback	41	Pulse	5	868148	14229	1
25_09_1985_1_023_nback	42	Picture	10	871990	0	1	4144	3	0	4000	other	0
25_09_1985_1_023_nback	42	Pulse	5	888137	16147	1
25_09_1985_1_023_nback	43	Picture	10	890060	0	2	4145	3	0	4000	other	0
25_09_1985_1_023_nback	44	Picture	10	908131	0	1	4145	2	0	4000	other	0
25_09_1985_1_023_nback	44	Pulse	5	908135	4	2
25_09_1985_1_023_nback	45	Picture	11	926202	0	1	4145	2	0	4000	hit	93
25_09_1985_1_023_nback	45	Pulse	5	928135	1933	2
25_09_1985_1_023_nback	45	Response	1	931015	4813	2
25_09_1985_1_023_nback	46	Picture	10	944273	0	1	4145	2	0	4000	other	0
25_09_1985_1_023_nback	46	Pulse	5	948126	3853	1
25_09_1985_1_023_nback	47	Picture	10	962344	0	1	4145	2	0	4000	other	0
25_09_1985_1_023_nback	47	Pulse	5	968124	5780	2
25_09_1985_1_023_nback	48	Picture	11	980415	0	1	4144	3	0	4000	hit	99
25_09_1985_1_023_nback	48	Response	1	983645	3230	1
25_09_1985_1_023_nback	48	Pulse	5	988125	7710	1
25_09_1985_1_023_nback	49	Picture	10	998486	0	1	4144	3	0	4000	other	0
25_09_1985_1_023_nback	49	Pulse	5	1008123	9637	2
25_09_1985_1_023_nback	50	Picture	10	1016556	0	2	4145	3	0	4000	other	0
25_09_1985_1_023_nback	50	Pulse	5	1028112	11556	2
25_09_1985_1_023_nback	51	Picture	10	1034627	0	2	4145	3	0	4000	other	0
25_09_1985_1_023_nback	51	Pulse	5	1048112	13485	2
25_09_1985_1_023_nback	52	Picture	10	1052698	0	1	4145	2	0	4000	other	0
25_09_1985_1_023_nback	52	Pulse	5	1068111	15413	2
25_09_1985_1_023_nback	53	Pulse	5	1088101	17332	2
25_09_1985_1_023_nback	54	Picture	30	1095803	0	1	4145	2	0	4000	other	0
25_09_1985_1_023_nback	54	Pulse	5	1108101	12298	1
25_09_1985_1_023_nback	55	Picture	30	1113874	0	1	4144	3	0	4000	other	0
25_09_1985_1_023_nback	55	Pulse	5	1128100	14226	2
25_09_1985_1_023_nback	56	Picture	31	1131945	0	1	4144	3	0	4000	hit	115
25_09_1985_1_023_nback	56	Response	1	1135290	3345	2
25_09_1985_1_023_nback	56	Pulse	5	1148089	16144	2
25_09_1985_1_023_nback	57	Picture	30	1150016	0	1	4144	2	0	4000	other	0
25_09_1985_1_023_nback	58	Picture	30	1168086	0	2	4145	3	0	4000	other	0
25_09_1985_1_023_nback	58	Pulse	5	1168089	3	2
25_09_1985_1_023_nback	59	Picture	30	1186157	0	1	4145	2	0	4000	other	0
25_09_1985_1_023_nback	59	Pulse	5	1188088	1931	2
25_09_1985_1_023_nback	60	Picture	31	1204228	0	1	4145	2	0	4000	hit	124
25_09_1985_1_023_nback	60	Pulse	5	1208078	3850	2
25_09_1985_1_023_nback	60	Response	1	1209038	4810	2
25_09_1985_1_023_nback	61	Picture	31	1222299	0	1	4145	2	0	4000	hit	126
25_09_1985_1_023_nback	61	Response	1	1225837	3538	2
25_09_1985_1_023_nback	61	Pulse	5	1228077	5778	2
25_09_1985_1_023_nback	62	Picture	30	1240370	0	1	4145	2	0	4000	other	0
25_09_1985_1_023_nback	62	Pulse	5	1248077	7707	2
25_09_1985_1_023_nback	63	Picture	30	1258441	0	1	4144	3	0	4000	other	0
25_09_1985_1_023_nback	63	Pulse	5	1268066	9625	2
25_09_1985_1_023_nback	64	Picture	30	1276512	0	1	4144	2	0	4000	other	0
25_09_1985_1_023_nback	64	Pulse	5	1288066	11554	2
25_09_1985_1_023_nback	65	Picture	31	1294582	0	2	4145	3	0	4000	miss	0
25_09_1985_1_023_nback	65	Pulse	5	1308066	13484	1
25_09_1985_1_023_nback	66	Picture	30	1312653	0	1	4145	2	0	4000	other	0
25_09_1985_1_023_nback	66	Pulse	5	1328055	15402	2
25_09_1985_1_023_nback	67	Picture	30	1330724	0	2	4145	3	0	4000	other	0
25_09_1985_1_023_nback	67	Pulse	5	1348054	17330	2
25_09_1985_1_023_nback	68	Picture	30	1348795	0	1	4145	2	0	4000	other	0
25_09_1985_1_023_nback	69	Picture	30	1366866	0	1	4144	3	0	4000	other	0
25_09_1985_1_023_nback	69	Pulse	5	1368054	1188	2
25_09_1985_1_023_nback	70	Pulse	5	1388043	3106	2
25_09_1985_1_023_nback	70	Pulse	5	1408043	23106	2
25_09_1985_1_023_nback	71	Picture	10	1409970	0	2	4145	3	0	4000	other	0
25_09_1985_1_023_nback	72	Picture	10	1428041	0	2	4145	3	0	4000	other	0
25_09_1985_1_023_nback	72	Pulse	5	1428042	1	2
25_09_1985_1_023_nback	73	Picture	11	1446112	0	2	4145	3	0	4000	hit	150
25_09_1985_1_023_nback	73	Pulse	5	1448032	1920	2
25_09_1985_1_023_nback	73	Response	1	1449792	3680	2
25_09_1985_1_023_nback	74	Picture	10	1464183	0	1	4145	2	0	4000	other	0
25_09_1985_1_023_nback	74	Pulse	5	1468031	3848	2
25_09_1985_1_023_nback	75	Picture	11	1482254	0	1	4145	2	0	4000	hit	154
25_09_1985_1_023_nback	75	Response	1	1485951	3697	2
25_09_1985_1_023_nback	75	Pulse	5	1488031	5777	2
25_09_1985_1_023_nback	76	Picture	10	1500325	0	1	4144	3	0	4000	other	0
25_09_1985_1_023_nback	76	Pulse	5	1508020	7695	2
25_09_1985_1_023_nback	77	Picture	10	1518396	0	1	4144	3	0	4000	other	0
25_09_1985_1_023_nback	77	Pulse	5	1528020	9624	2
25_09_1985_1_023_nback	78	Picture	11	1536467	0	1	4144	3	0	4000	hit	161
25_09_1985_1_023_nback	78	Response	1	1539860	3393	2
25_09_1985_1_023_nback	78	Pulse	5	1548019	11552	2
25_09_1985_1_023_nback	79	Picture	10	1554537	0	2	4145	3	0	4000	other	0
25_09_1985_1_023_nback	79	Pulse	5	1568009	13472	2
25_09_1985_1_023_nback	80	Picture	10	1572608	0	2	4145	3	0	4000	other	0
25_09_1985_1_023_nback	80	Pulse	5	1588168	15560	2
25_09_1985_1_023_nback	81	Picture	10	1590679	0	1	4145	2	0	4000	other	0
25_09_1985_1_023_nback	81	Pulse	5	1608169	17490	1
25_09_1985_1_023_nback	82	Picture	10	1608750	0	1	4144	3	0	4000	other	0
25_09_1985_1_023_nback	83	Picture	10	1626821	0	1	4144	3	0	4000	other	0
25_09_1985_1_023_nback	83	Pulse	5	1628157	1336	2
25_09_1985_1_023_nback	84	Picture	11	1644892	0	1	4144	3	0	4000	hit	174
25_09_1985_1_023_nback	84	Pulse	5	1648158	3266	1
25_09_1985_1_023_nback	84	Response	1	1648317	3425	2
25_09_1985_1_023_nback	85	Picture	10	1662963	0	1	4144	3	0	4000	other	0
25_09_1985_1_023_nback	85	Pulse	5	1668156	5193	2
25_09_1985_1_023_nback	86	Picture	10	1681033	0	2	4145	3	0	4000	other	0
25_09_1985_1_023_nback	86	Pulse	5	1688147	7114	1
25_09_1985_1_023_nback	87	Pulse	5	1708145	9041	2
25_09_1985_1_023_nback	88	Picture	20	1724138	0	1	4145	2	0	4000	other	0
25_09_1985_1_023_nback	88	Pulse	5	1728145	4007	2
25_09_1985_1_023_nback	89	Picture	20	1742209	0	1	4145	2	0	4000	other	0
25_09_1985_1_023_nback	89	Pulse	5	1748136	5927	1
25_09_1985_1_023_nback	90	Picture	20	1760280	0	1	4144	3	0	4000	other	0
25_09_1985_1_023_nback	90	Pulse	5	1768134	7854	2
25_09_1985_1_023_nback	91	Picture	21	1778351	0	1	4144	3	0	4000	hit	187
25_09_1985_1_023_nback	91	Response	1	1781734	3383	2
25_09_1985_1_023_nback	91	Pulse	5	1788133	9782	2
25_09_1985_1_023_nback	92	Picture	20	1796422	0	1	4144	3	0	4000	other	0
25_09_1985_1_023_nback	92	Pulse	5	1808123	11701	2
25_09_1985_1_023_nback	93	Picture	20	1814493	0	1	4144	2	0	4000	other	0
25_09_1985_1_023_nback	93	Pulse	5	1828122	13629	2
25_09_1985_1_023_nback	94	Picture	21	1832563	0	2	4145	3	0	4000	hit	194
25_09_1985_1_023_nback	94	Response	1	1835802	3239	2
25_09_1985_1_023_nback	94	Pulse	5	1848122	15559	2
25_09_1985_1_023_nback	95	Picture	20	1850634	0	1	4145	2	0	4000	other	0
25_09_1985_1_023_nback	95	Pulse	5	1868111	17477	2
25_09_1985_1_023_nback	96	Picture	20	1868705	0	1	4145	2	0	4000	other	0
25_09_1985_1_023_nback	97	Picture	20	1886776	0	1	4145	2	0	4000	other	0
25_09_1985_1_023_nback	97	Pulse	5	1888111	1335	2
25_09_1985_1_023_nback	98	Picture	21	1904847	0	1	4145	2	0	4000	hit	202
25_09_1985_1_023_nback	98	Response	1	1908112	3265	1
25_09_1985_1_023_nback	98	Pulse	5	1908112	3265	1
25_09_1985_1_023_nback	99	Picture	20	1922918	0	1	4144	2	0	4000	other	0
25_09_1985_1_023_nback	99	Pulse	5	1928100	5182	2
25_09_1985_1_023_nback	100	Picture	20	1940989	0	1	4144	2	0	4000	other	0
25_09_1985_1_023_nback	100	Pulse	5	1948099	7110	2
25_09_1985_1_023_nback	101	Picture	21	1959059	0	2	4145	3	0	4000	hit	209
25_09_1985_1_023_nback	101	Response	1	1964419	5360	2
25_09_1985_1_023_nback	101	Pulse	5	1968099	9040	2
25_09_1985_1_023_nback	102	Picture	20	1977130	0	1	4145	2	0	4000	other	0
25_09_1985_1_023_nback	102	Pulse	5	1988090	10960	1
25_09_1985_1_023_nback	103	Picture	20	1995201	0	1	4145	2	0	4000	other	0
25_09_1985_1_023_nback	103	Pulse	5	2008088	12887	2
25_09_1985_1_023_nback	104	Pulse	5	2028087	14815	2
25_09_1985_1_023_nback	105	Picture	10	2038306	0	2	4145	3	0	4000	other	0
25_09_1985_1_023_nback	105	Pulse	5	2048077	9771	2
25_09_1985_1_023_nback	106	Picture	10	2056377	0	1	4144	3	0	4000	other	0
25_09_1985_1_023_nback	106	Pulse	5	2068076	11699	2
25_09_1985_1_023_nback	107	Picture	11	2074448	0	1	4144	3	0	4000	hit	221
25_09_1985_1_023_nback	107	Response	1	2078156	3708	2
25_09_1985_1_023_nback	107	Pulse	5	2088076	13628	2
25_09_1985_1_023_nback	108	Picture	10	2092518	0	2	4145	4	0	4000	other	0
25_09_1985_1_023_nback	108	Pulse	5	2108065	15547	2
25_09_1985_1_023_nback	109	Picture	11	2110589	0	2	4145	3	0	4000	hit	226
25_09_1985_1_023_nback	109	Response	1	2113985	3396	2
25_09_1985_1_023_nback	109	Pulse	5	2128065	17476	2
25_09_1985_1_023_nback	110	Picture	10	2128660	0	1	4145	2	0	4000	other	0
25_09_1985_1_023_nback	111	Picture	10	2146731	0	1	4145	2	0	4000	other	0
25_09_1985_1_023_nback	111	Pulse	5	2148064	1333	2
25_09_1985_1_023_nback	112	Picture	11	2164802	0	1	4145	2	0	4000	hit	233
25_09_1985_1_023_nback	112	Pulse	5	2168054	3252	2
25_09_1985_1_023_nback	112	Response	1	2168214	3412	2
25_09_1985_1_023_nback	113	Picture	10	2182873	0	2	4144	4	0	4000	other	0
25_09_1985_1_023_nback	113	Pulse	5	2188053	5180	2
25_09_1985_1_023_nback	114	Picture	10	2200944	0	1	4144	2	0	4000	other	0
25_09_1985_1_023_nback	114	Pulse	5	2208053	7109	2
25_09_1985_1_023_nback	115	Picture	10	2219014	0	2	4145	3	0	4000	false_alarm	239
25_09_1985_1_023_nback	115	Response	1	2223243	4229	1
25_09_1985_1_023_nback	115	Pulse	5	2228042	9028	2
25_09_1985_1_023_nback	116	Picture	10	2237085	0	2	4145	3	0	4000	other	0
25_09_1985_1_023_nback	116	Pulse	5	2248042	10957	2
25_09_1985_1_023_nback	117	Picture	10	2255156	0	1	4145	2	0	4000	other	0
25_09_1985_1_023_nback	117	Pulse	5	2268041	12885	2
25_09_1985_1_023_nback	118	Picture	11	2273227	0	1	4144	3	0	4000	hit	246
25_09_1985_1_023_nback	118	Response	1	2279071	5844	2
25_09_1985_1_023_nback	118	Pulse	5	2288031	14804	2
25_09_1985_1_023_nback	119	Picture	10	2291298	0	1	4145	2	0	4000	other	0
25_09_1985_1_023_nback	119	Pulse	5	2308030	16732	2
25_09_1985_1_023_nback	120	Picture	10	2309369	0	1	4144	3	0	4000	other	0
25_09_1985_1_023_nback	121	Pulse	5	2328030	590	2
25_09_1985_1_023_nback	121	Pulse	5	2348019	20579	2
25_09_1985_1_023_nback	122	Picture	30	2352474	0	1	4144	3	0	4000	other	0
25_09_1985_1_023_nback	122	Pulse	5	2368019	15545	2
25_09_1985_1_023_nback	123	Picture	30	2370544	0	2	4145	3	0	4000	other	0
25_09_1985_1_023_nback	123	Pulse	5	2388018	17474	2
25_09_1985_1_023_nback	124	Picture	30	2388615	0	1	4145	2	0	4000	other	0
25_09_1985_1_023_nback	125	Picture	31	2406686	0	1	4145	2	0	4000	hit	260
25_09_1985_1_023_nback	125	Pulse	5	2408008	1322	2
25_09_1985_1_023_nback	125	Response	1	2410248	3562	2
25_09_1985_1_023_nback	126	Picture	31	2424757	0	1	4145	2	0	4000	miss	0
25_09_1985_1_023_nback	126	Pulse	5	2428008	3251	1
25_09_1985_1_023_nback	127	Picture	30	2442828	0	1	4144	3	0	4000	other	0
25_09_1985_1_023_nback	127	Pulse	5	2448007	5179	2
25_09_1985_1_023_nback	128	Picture	30	2460899	0	1	4144	3	0	4000	other	0
25_09_1985_1_023_nback	128	Pulse	5	2467997	7098	1
25_09_1985_1_023_nback	129	Picture	30	2478970	0	1	4144	2	0	4000	other	0
25_09_1985_1_023_nback	129	Pulse	5	2487996	9026	2
25_09_1985_1_023_nback	130	Picture	31	2497040	0	2	4145	3	0	4000	hit	270
25_09_1985_1_023_nback	130	Response	1	2502875	5835	2
25_09_1985_1_023_nback	130	Pulse	5	2507995	10955	2
25_09_1985_1_023_nback	131	Picture	30	2515111	0	1	4145	2	0	4000	other	0
25_09_1985_1_023_nback	131	Pulse	5	2527985	12874	2
25_09_1985_1_023_nback	132	Picture	30	2533182	0	1	4145	2	0	4000	other	0
25_09_1985_1_023_nback	132	Pulse	5	2547984	14802	2
25_09_1985_1_023_nback	133	Picture	30	2551253	0	1	4145	2	0	4000	other	0
25_09_1985_1_023_nback	133	Pulse	5	2567984	16731	2
25_09_1985_1_023_nback	134	Picture	30	2569324	0	1	4144	3	0	4000	other	0
25_09_1985_1_023_nback	135	Picture	31	2587395	0	1	4144	3	0	4000	hit	281
25_09_1985_1_023_nback	135	Pulse	5	2587973	578	2
25_09_1985_1_023_nback	135	Response	1	2590533	3138	2
25_09_1985_1_023_nback	136	Picture	30	2605466	0	1	4144	2	0	4000	other	0
25_09_1985_1_023_nback	136	Pulse	5	2607973	2507	2
25_09_1985_1_023_nback	137	Picture	30	2623536	0	2	4145	3	0	4000	other	0
25_09_1985_1_023_nback	137	Pulse	5	2628132	4596	2
