Scenario - 1-back
Logfile written - 03/01/2014 11:01:01

Subject	Trial	Event Type	Code	Time	TTime	Uncertainty	Duration	Uncertainty	ReqTime	ReqDur	Stim Type	Pair Index

28_06_1988_1_002_nuback1	1	Pulse	5	578050	587884	2
28_06_1988_1_002_nuback1	2	Pulse	5	598050	19834	2
28_06_1988_1_002_nuback1	3	Picture	10	603251	0	1	4144	3	0	4000	other	0
28_06_1988_1_002_nuback1	3	Pulse	5	618039	14788	2
28_06_1988_1_002_nuback1	4	Picture	10	621321	0	2	4145	3	0	4000	other	0
28_06_1988_1_002_nuback1	4	Pulse	5	638039	16718	2
28_06_1988_1_002_nuback1	5	Picture	11	639392	0	2	4145	3	0	4000	hit	8
28_06_1988_1_002_nuback1	5	Response	1	642839	3447	2
28_06_1988_1_002_nuback1	6	Picture	10	657463	0	2	4145	3	0	4000	other	0
28_06_1988_1_002_nuback1	6	Pulse	5	658039	576	2
28_06_1988_1_002_nuback1	7	Picture	11	675534	0	2	4145	3	0	4000	hit	13
28_06_1988_1_002_nuback1	7	Pulse	5	678028	2494	2
28_06_1988_1_002_nuback1	7	Response	1	678988	3454	2
28_06_1988_1_002_nuback1	8	Picture	10	693605	0	1	4145	2	0	4000	other	0
28_06_1988_1_002_nuback1	8	Pulse	5	698028	4423	2
28_06_1988_1_002_nuback1	9	Picture	10	711676	0	2	4145	3	0	4000	other	0
28_06_1988_1_002_nuback1	9	Pulse	5	718028	6352	1
28_06_1988_1_002_nuback1	10	Picture	10	729747	0	1	4145	2	0	4000	other	0
28_06_1988_1_002_nuback1	10	Pulse	5	738017	8270	2
28_06_1988_1_002_nuback1	11	Picture	11	747818	0	1	4145	2	0	4000	hit	21
28_06_1988_1_002_nuback1	11	Response	1	751297	3479	2
28_06_1988_1_002_nuback1	11	Pulse	5	758178	10360	1
28_06_1988_1_002_nuback1	12	Picture	10	765889	0	1	4145	2	0	4000	other	0
28_06_1988_1_002_nuback1	12	Pulse	5	778176	12287	2
28_06_1988_1_002_nuback1	13	Picture	10	783960	0	1	4145	2	0	4000	other	0
28_06_1988_1_002_nuback1	13	Pulse	5	798166	14206	2
28_06_1988_1_002_nuback1	14	Picture	11	802031	0	1	4145	2	0	4000	hit	28
28_06_1988_1_002_nuback1	14	Response	1	805206	3175	2
28_06_1988_1_002_nuback1	14	Pulse	5	818167	16136	1
28_06_1988_1_002_nuback1	15	Picture	10	820102	0	1	4145	2	0	4000	other	0
28_06_1988_1_002_nuback1	15	Pulse	5	838165	18063	3
28_06_1988_1_002_nuback1	16	Picture	10	838173	0	1	4145	2	0	4000	other	0
28_06_1988_1_002_nuback1	17	Picture	10	856244	0	1	4144	3	0	4000	other	0
28_06_1988_1_002_nuback1	17	Pulse	5	858155	1911	2
28_06_1988_1_002_nuback1	18	Picture	10	874315	0	2	4144	4	0	4000	other	0
28_06_1988_1_002_nuback1	18	Pulse	5	878155	3840	1
28_06_1988_1_002_nuback1	19	Pulse	5	898154	5768	2
28_06_1988_1_002_nuback1	20	Picture	20	917420	0	1	4144	3	0	4000	other	0
28_06_1988_1_002_nuback1	20	Pulse	5	918144	724	2
28_06_1988_1_002_nuback1	21	Picture	20	935491	0	1	4144	3	0	4000	other	0
28_06_1988_1_002_nuback1	21	Pulse	5	938143	2652	2
28_06_1988_1_002_nuback1	22	Picture	21	953562	0	1	4144	2	0	4000	hit	43
28_06_1988_1_002_nuback1	22	Response	1	956863	3301	2
28_06_1988_1_002_nuback1	22	Pulse	5	958143	4581	2
28_06_1988_1_002_nuback1	23	Picture	20	971633	0	1	4144	2	0	4000	other	0
28_06_1988_1_002_nuback1	23	Pulse	5	978133	6500	2
28_06_1988_1_002_nuback1	24	Picture	20	989704	0	1	4144	2	0	4000	other	0
28_06_1988_1_002_nuback1	24	Pulse	5	998132	8428	2
28_06_1988_1_002_nuback1	25	Picture	20	1007774	0	2	4145	3	0	4000	other	0
28_06_1988_1_002_nuback1	25	Pulse	5	1018132	10358	2
28_06_1988_1_002_nuback1	26	Picture	21	1025845	0	2	4145	3	0	4000	hit	52
28_06_1988_1_002_nuback1	26	Response	1	1029333	3488	1
28_06_1988_1_002_nuback1	26	Pulse	5	1038122	12277	1
28_06_1988_1_002_nuback1	27	Picture	20	1043916	0	2	4145	3	0	4000	other	0
28_06_1988_1_002_nuback1	27	Pulse	5	1058121	14205	2
28_06_1988_1_002_nuback1	28	Picture	20	1061987	0	1	4145	2	0	4000	other	0
28_06_1988_1_002_nuback1	28	Pulse	5	1078121	16134	2
28_06_1988_1_002_nuback1	29	Picture	20	1080058	0	1	4145	2	0	4000	other	0
28_06_1988_1_002_nuback1	29	Pulse	5	1098110	18052	2
28_06_1988_1_002_nuback1	30	Picture	20	1098129	0	1	4145	2	0	4000	other	0
28_06_1988_1_002_nuback1	31	Picture	20	1116200	0	1	4145	2	0	4000	other	0
28_06_1988_1_002_nuback1	31	Pulse	5	1118110	1910	2
28_06_1988_1_002_nuback1	32	Picture	21	1134271	0	1	4145	2	0	4000	hit	64
28_06_1988_1_002_nuback1	32	Response	1	1137950	3679	2
28_06_1988_1_002_nuback1	32	Pulse	5	1138110	3839	2
28_06_1988_1_002_nuback1	33	Picture	20	1152342	0	1	4145	2	0	4000	other	0
28_06_1988_1_002_nuback1	33	Pulse	5	1158099	5757	2
28_06_1988_1_002_nuback1	34	Picture	20	1170413	0	1	4145	2	0	4000	other	0
28_06_1988_1_002_nuback1	34	Pulse	5	1178099	7686	2
28_06_1988_1_002_nuback1	35	Picture	21	1188484	0	1	4145	2	0	4000	hit	71
28_06_1988_1_002_nuback1	35	Response	1	1192019	3535	2
28_06_1988_1_002_nuback1	35	Pulse	5	1198099	9615	1
28_06_1988_1_002_nuback1	36	Pulse	5	1218088	11533	2
28_06_1988_1_002_nuback1	37	Picture	10	1231589	0	1	4145	2	0	4000	other	0
28_06_1988_1_002_nuback1	37	Pulse	5	1238088	6499	2
28_06_1988_1_002_nuback1	38	Picture	10	1249660	0	1	4145	2	0	4000	other	0
28_06_1988_1_002_nuback1	38	Pulse	5	1258087	8427	3
28_06_1988_1_002_nuback1	39	Picture	11	1267731	0	1	4144	3	0	4000	hit	79
28_06_1988_1_002_nuback1	39	Response	1	1271519	3788	1
28_06_1988_1_002_nuback1	39	Pulse	5	1278077	10346	2
28_06_1988_1_002_nuback1	40	Picture	10	1285802	0	1	4144	3	0	4000	other	0
28_06_1988_1_002_nuback1	40	Pulse	5	1298077	12275	2
28_06_1988_1_002_nuback1	41	Picture	11	1303873	0	1	4144	3	0	4000	hit	84
28_06_1988_1_002_nuback1	41	Response	1	1307357	3484	2
28_06_1988_1_002_nuback1	41	Pulse	5	1318076	14203	2
28_06_1988_1_002_nuback1	42	Picture	10	1321944	0	1	4144	3	0	4000	other	0
28_06_1988_1_002_nuback1	42	Pulse	5	1338067	16123	1
28_06_1988_1_002_nuback1	43	Picture	10	1340014	0	2	4145	3	0	4000	other	0
28_06_1988_1_002_nuback1	43	Pulse	5	1358067	18053	1
28_06_1988_1_002_nuback1	44	Picture	10	1358085	0	3	4145	4	0	4000	other	0
28_06_1988_1_002_nuback1	45	Picture	11	1376156	0	2	4145	3	0	4000	hit	93
28_06_1988_1_002_nuback1	45	Pulse	5	1378067	1911	1
28_06_1988_1_002_nuback1	45	Response	1	1379506	3350	2
28_06_1988_1_002_nuback1	46	Picture	10	1394227	0	1	4145	2	0	4000	other	0
28_06_1988_1_002_nuback1	46	Pulse	5	1398055	3828	2
28_06_1988_1_002_nuback1	47	Picture	10	1412298	0	2	4145	3	0	4000	other	0
28_06_1988_1_002_nuback1	47	Pulse	5	1418054	5756	2
28_06_1988_1_002_nuback1	48	Picture	11	1430369	0	1	4145	2	0	4000	hit	99
28_06_1988_1_002_nuback1	48	Response	1	1433574	3205	2
28_06_1988_1_002_nuback1	48	Pulse	5	1438054	7685	2
28_06_1988_1_002_nuback1	49	Picture	10	1448440	0	1	4145	2	0	4000	other	0
28_06_1988_1_002_nuback1	49	Pulse	5	1458044	9604	2
28_06_1988_1_002_nuback1	50	Picture	10	1466511	0	1	4145	2	0	4000	other	0
28_06_1988_1_002_nuback1	50	Pulse	5	1478043	11532	2
28_06_1988_1_002_nuback1	51	Picture	10	1484582	0	1	4145	2	0	4000	other	0
28_06_1988_1_002_nuback1	51	Pulse	5	1498043	13461	2
28_06_1988_1_002_nuback1	52	Picture	10	1502653	0	1	4145	2	0	4000	other	0
28_06_1988_1_002_nuback1	52	Pulse	5	1518033	15380	1
28_06_1988_1_002_nuback1	53	Pulse	5	1538032	17308	2
28_06_1988_1_002_nuback1	54	Picture	30	1545758	0	1	4145	2	0	4000	other	0
28_06_1988_1_002_nuback1	54	Pulse	5	1558032	12274	2
28_06_1988_1_002_nuback1	55	Picture	30	1563829	0	1	4145	2	0	4000	other	0
28_06_1988_1_002_nuback1	55	Pulse	5	1578021	14192	2
28_06_1988_1_002_nuback1	56	Picture	31	1581900	0	1	4145	2	0	4000	hit	115
28_06_1988_1_002_nuback1	56	Response	1	1585061	3161	2
28_06_1988_1_002_nuback1	56	Pulse	5	1598021	16121	2
28_06_1988_1_002_nuback1	57	Picture	30	1599971	0	1	4144	3	0	4000	other	0
28_06_1988_1_002_nuback1	57	Pulse	5	1618021	18050	2
28_06_1988_1_002_nuback1	58	Picture	30	1618042	0	1	4145	2	0	4000	other	0
28_06_1988_1_002_nuback1	59	Picture	30	1636113	0	1	4144	3	0	4000	other	0
28_06_1988_1_002_nuback1	59	Pulse	5	1638011	1898	1
28_06_1988_1_002_nuback1	60	Picture	31	1654184	0	1	4144	3	0	4000	hit	124
28_06_1988_1_002_nuback1	60	Pulse	5	1658010	3826	2
28_06_1988_1_002_nuback1	60	Response	1	1659290	5106	2
28_06_1988_1_002_nuback1	61	Picture	31	1672255	0	1	4144	3	0	4000	hit	126
28_06_1988_1_002_nuback1	61	Response	1	1676090	3835	1
28_06_1988_1_002_nuback1	61	Pulse	5	1678010	5755	1
28_06_1988_1_002_nuback1	62	Picture	30	1690326	0	1	4144	2	0	4000	other	0
28_06_1988_1_002_nuback1	62	Pulse	5	1697999	7673	2
28_06_1988_1_002_nuback1	63	Picture	30	1708397	0	1	4144	2	0	4000	other	0
28_06_1988_1_002_nuback1	63	Pulse	5	1717999	9602	2
28_06_1988_1_002_nuback1	64	Picture	30	1726467	0	2	4145	3	0	4000	other	0
28_06_1988_1_002_nuback1	64	Pulse	5	1737998	11531	2
28_06_1988_1_002_nuback1	65	Picture	31	1744538	0	2	4145	3	0	4000	hit	135
28_06_1988_1_002_nuback1	65	Response	1	1747758	3220	2
28_06_1988_1_002_nuback1	65	Pulse	5	1757988	13450	2
28_06_1988_1_002_nuback1	66	Picture	30	1762609	0	2	4145	3	0	4000	other	0
28_06_1988_1_002_nuback1	66	Pulse	5	1777988	15379	2
28_06_1988_1_002_nuback1	67	Picture	30	1780680	0	2	4145	3	0	4000	other	0
28_06_1988_1_002_nuback1	67	Pulse	5	1798147	17467	2
28_06_1988_1_002_nuback1	68	Picture	30	1798751	0	1	4145	2	0	4000	other	0
28_06_1988_1_002_nuback1	69	Picture	30	1816822	0	1	4145	2	0	4000	other	0
28_06_1988_1_002_nuback1	69	Pulse	5	1818137	1315	2
28_06_1988_1_002_nuback1	70	Pulse	5	1838137	3244	1
28_06_1988_1_002_nuback1	70	Pulse	5	1858136	23243	2
28_06_1988_1_002_nuback1	71	Picture	10	1859927	0	1	4145	2	0	4000	other	0
28_06_1988_1_002_nuback1	72	Picture	10	1877998	0	1	4145	2	0	4000	other	0
28_06_1988_1_002_nuback1	72	Pulse	5	1878126	128	2
28_06_1988_1_002_nuback1	73	Picture	11	1896069	0	1	4145	2	0	4000	hit	151
28_06_1988_1_002_nuback1	73	Pulse	5	1898125	2056	2
28_06_1988_1_002_nuback1	73	Response	1	1899725	3656	2
28_06_1988_1_002_nuback1	74	Picture	10	1914140	0	1	4145	2	0	4000	other	0
28_06_1988_1_002_nuback1	74	Pulse	5	1918125	3985	2
28_06_1988_1_002_nuback1	75	Picture	11	1932211	0	1	4145	2	0	4000	hit	155
28_06_1988_1_002_nuback1	75	Response	1	1935885	3674	2
28_06_1988_1_002_nuback1	75	Pulse	5	1938115	5904	2
28_06_1988_1_002_nuback1	76	Picture	10	1950282	0	1	4145	2	0	4000	other	0
28_06_1988_1_002_nuback1	76	Pulse	5	1958115	7833	1
28_06_1988_1_002_nuback1	77	Picture	10	1968353	0	1	4145	2	0	4000	other	0
28_06_1988_1_002_nuback1	77	Pulse	5	1978115	9762	1
28_06_1988_1_002_nuback1	78	Picture	11	1986424	0	1	4145	2	0	4000	hit	162
28_06_1988_1_002_nuback1	78	Response	1	1989785	3361	1
28_06_1988_1_002_nuback1	78	Pulse	5	1998104	11680	1
28_06_1988_1_002_nuback1	79	Picture	10	2004495	0	1	4144	3	0	4000	other	0
28_06_1988_1_002_nuback1	79	Pulse	5	2018103	13608	2
28_06_1988_1_002_nuback1	80	Picture	10	2022566	0	1	4144	3	0	4000	other	0
28_06_1988_1_002_nuback1	80	Pulse	5	2038103	15537	2
28_06_1988_1_002_nuback1	81	Picture	10	2040637	0	1	4144	3	0	4000	other	0
28_06_1988_1_002_nuback1	81	Pulse	5	2058092	17455	2
28_06_1988_1_002_nuback1	82	Picture	10	2058708	0	1	4144	3	0	4000	other	0
28_06_1988_1_002_nuback1	83	Picture	10	2076778	0	2	4145	3	0	4000	other	0
28_06_1988_1_002_nuback1	83	Pulse	5	2078092	1314	2
28_06_1988_1_002_nuback1	84	Picture	11	2094850	0	1	4144	2	0	4000	hit	174
28_06_1988_1_002_nuback1	84	Response	1	2098092	3242	2
28_06_1988_1_002_nuback1	84	Pulse	5	2098092	3242	2
28_06_1988_1_002_nuback1	85	Picture	10	2112920	0	2	4145	3	0	4000	other	0
28_06_1988_1_002_nuback1	85	Pulse	5	2118081	5161	2
28_06_1988_1_002_nuback1	86	Picture	10	2130991	0	2	4145	3	0	4000	other	0
28_06_1988_1_002_nuback1	86	Pulse	5	2138082	7091	1
28_06_1988_1_002_nuback1	87	Pulse	5	2158080	9018	2
28_06_1988_1_002_nuback1	88	Picture	20	2174096	0	2	4145	3	0	4000	other	0
28_06_1988_1_002_nuback1	88	Pulse	5	2178070	3974	3
28_06_1988_1_002_nuback1	89	Picture	20	2192167	0	1	4145	2	0	4000	other	0
28_06_1988_1_002_nuback1	89	Pulse	5	2198070	5903	2
28_06_1988_1_002_nuback1	90	Picture	20	2210238	0	2	4145	3	0	4000	other	0
28_06_1988_1_002_nuback1	90	Pulse	5	2218069	7831	2
28_06_1988_1_002_nuback1	91	Picture	21	2228309	0	2	4145	3	0	4000	hit	188
28_06_1988_1_002_nuback1	91	Response	1	2231669	3360	2
28_06_1988_1_002_nuback1	91	Pulse	5	2238059	9750	2
28_06_1988_1_002_nuback1	92	Picture	20	2246380	0	1	4145	2	0	4000	other	0
28_06_1988_1_002_nuback1	92	Pulse	5	2258059	11679	2
28_06_1988_1_002_nuback1	93	Picture	20	2264451	0	1	4145	2	0	4000	other	0
28_06_1988_1_002_nuback1	93	Pulse	5	2278058	13607	2
28_06_1988_1_002_nuback1	94	Picture	21	2282522	0	1	4145	2	0	4000	hit	195
28_06_1988_1_002_nuback1	94	Response	1	2285738	3216	2
28_06_1988_1_002_nuback1	94	Pulse	5	2298048	15526	2
28_06_1988_1_002_nuback1	95	Picture	20	2300593	0	1	4145	2	0	4000	other	0
28_06_1988_1_002_nuback1	95	Pulse	5	2318048	17455	1
28_06_1988_1_002_nuback1	96	Picture	20	2318664	0	1	4145	2	0	4000	other	0
28_06_1988_1_002_nuback1	97	Picture	20	2336735	0	1	4145	2	0	4000	other	0
28_06_1988_1_002_nuback1	97	Pulse	5	2338047	1312	2
28_06_1988_1_002_nuback1	98	Picture	21	2354806	0	1	4145	2	0	4000	hit	203
28_06_1988_1_002_nuback1	98	Response	1	2358037	3231	2
28_06_1988_1_002_nuback1	98	Pulse	5	2358037	3231	2
28_06_1988_1_002_nuback1	99	Picture	20	2372877	0	1	4144	3	0	4000	other	0
28_06_1988_1_002_nuback1	99	Pulse	5	2378036	5159	2
28_06_1988_1_002_nuback1	100	Picture	20	2390948	0	1	4145	2	0	4000	other	0
28_06_1988_1_002_nuback1	100	Pulse	5	2398036	7088	2
28_06_1988_1_002_nuback1	101	Picture	21	2409019	0	1	4144	3	0	4000	hit	210
28_06_1988_1_002_nuback1	101	Response	1	2412757	3738	1
28_06_1988_1_002_nuback1	101	Pulse	5	2418026	9007	2
28_06_1988_1_002_nuback1	102	Picture	20	2427090	0	1	4144	3	0	4000	other	0
28_06_1988_1_002_nuback1	102	Pulse	5	2438025	10935	2
28_06_1988_1_002_nuback1	103	Picture	20	2445161	0	1	4144	3	0	4000	other	0
28_06_1988_1_002_nuback1	103	Pulse	5	2458025	12864	2
28_06_1988_1_002_nuback1	104	Pulse	5	2478015	14784	1
28_06_1988_1_002_nuback1	105	Picture	10	2488266	0	1	4144	2	0	4000	other	0
28_06_1988_1_002_nuback1	105	Pulse	5	2498014	9748	2
28_06_1988_1_002_nuback1	106	Picture	10	2506337	0	1	4144	3	0	4000	other	0
28_06_1988_1_002_nuback1	106	Pulse	5	2518014	11677	2
28_06_1988_1_002_nuback1	107	Picture	11	2524405	0	12	4147	14	0	4000	hit	222
28_06_1988_1_002_nuback1	107	Response	1	2527774	3369	1
28_06_1988_1_002_nuback1	107	Pulse	5	2538003	13598	2
28_06_1988_1_002_nuback1	108	Picture	10	2542478	0	2	4145	4	0	4000	other	0
28_06_1988_1_002_nuback1	108	Pulse	5	2558003	15525	2
28_06_1988_1_002_nuback1	109	Picture	11	2560549	0	2	4145	3	0	4000	hit	227
28_06_1988_1_002_nuback1	109	Response	1	2563923	3374	2
28_06_1988_1_002_nuback1	109	Pulse	5	2578003	17454	2
28_06_1988_1_002_nuback1	110	Picture	10	2578620	0	2	4145	3	0	4000	other	0
28_06_1988_1_002_nuback1	111	Picture	10	2596691	0	1	4145	2	0	4000	other	0
28_06_1988_1_002_nuback1	111	Pulse	5	2597992	1301	2
28_06_1988_1_002_nuback1	112	Picture	11	2614762	0	1	4145	2	0	4000	hit	234
28_06_1988_1_002_nuback1	112	Pulse	5	2617992	3230	2
28_06_1988_1_002_nuback1	112	Response	1	2618632	3870	2
28_06_1988_1_002_nuback1	113	Picture	10	2632833	0	1	4145	2	0	4000	other	0
28_06_1988_1_002_nuback1	113	Pulse	5	2637991	5158	2
28_06_1988_1_002_nuback1	114	Picture	10	2650904	0	1	4145	2	0	4000	other	0
28_06_1988_1_002_nuback1	114	Pulse	5	2657981	7077	2
28_06_1988_1_002_nuback1	115	Picture	10	2668975	0	1	4145	2	0	4000	other	0
28_06_1988_1_002_nuback1	115	Pulse	5	2677981	9006	2
28_06_1988_1_002_nuback1	116	Picture	10	2687046	0	1	4145	2	0	4000	other	0
28_06_1988_1_002_nuback1	116	Pulse	5	2697980	10934	2
28_06_1988_1_002_nuback1	117	Picture	10	2705117	0	1	4145	2	0	4000	other	0
28_06_1988_1_002_nuback1	117	Pulse	5	2717970	12853	2
28_06_1988_1_002_nuback1	118	Picture	11	2723188	0	1	4145	2	0	4000	hit	246
28_06_1988_1_002_nuback1	118	Response	1	2726930	3742	2
28_06_1988_1_002_nuback1	118	Pulse	5	2737970	14782	2
28_06_1988_1_002_nuback1	119	Picture	10	2741259	0	1	4145	2	0	4000	other	0
28_06_1988_1_002_nuback1	119	Pulse	5	2757969	16710	2
28_06_1988_1_002_nuback1	120	Picture	10	2759330	0	1	4145	2	0	4000	other	0
28_06_1988_1_002_nuback1	121	Pulse	5	2777959	558	2
28_06_1988_1_002_nuback1	121	Pulse	5	2797958	20557	2
28_06_1988_1_002_nuback1	122	Picture	30	2802435	0	1	4145	2	0	4000	other	0
28_06_1988_1_002_nuback1	122	Pulse	5	2817958	15523	2
28_06_1988_1_002_nuback1	123	Picture	30	2820506	0	1	4145	2	0	4000	other	0
28_06_1988_1_002_nuback1	123	Pulse	5	2838108	17602	2
28_06_1988_1_002_nuback1	124	Picture	30	2838577	0	1	4144	3	0	4000	other	0
28_06_1988_1_002_nuback1	125	Picture	31	2856648	0	1	4144	3	0	4000	hit	260
28_06_1988_1_002_nuback1	125	Pulse	5	2858107	1459	2
28_06_1988_1_002_nuback1	125	Response	1	2860507	3859	2
28_06_1988_1_002_nuback1	126	Picture	31	2874719	0	1	4144	3	0	4000	hit	262
28_06_1988_1_002_nuback1	126	Response	1	2877947	3228	2
28_06_1988_1_002_nuback1	126	Pulse	5	2878107	3388	2
28_06_1988_1_002_nuback1	127	Picture	30	2892790	0	1	4144	3	0	4000	other	0
28_06_1988_1_002_nuback1	127	Pulse	5	2898097	5307	1
28_06_1988_1_002_nuback1	128	Picture	30	2910861	0	1	4144	3	0	4000	other	0
28_06_1988_1_002_nuback1	128	Pulse	5	2918096	7235	2
28_06_1988_1_002_nuback1	129	Picture	30	2928932	0	1	4144	2	0	4000	other	0
28_06_1988_1_002_nuback1	129	Pulse	5	2938096	9164	2
28_06_1988_1_002_nuback1	130	Picture	31	2947002	0	2	4145	3	0	4000	hit	271
28_06_1988_1_002_nuback1	130	Response	1	2950576	3574	1
28_06_1988_1_002_nuback1	130	Pulse	5	2958085	11083	2
28_06_1988_1_002_nuback1	131	Picture	30	2965073	0	2	4145	3	0	4000	other	0
28_06_1988_1_002_nuback1	131	Pulse	5	2978085	13012	2
28_06_1988_1_002_nuback1	132	Picture	30	2983144	0	2	4145	3	0	4000	other	0
28_06_1988_1_002_nuback1	132	Pulse	5	2998085	14941	2
28_06_1988_1_002_nuback1	133	Picture	30	3001215	0	1	4145	2	0	4000	other	0
28_06_1988_1_002_nuback1	133	Pulse	5	3018074	16859	2
28_06_1988_1_002_nuback1	134	Picture	30	3019286	0	1	4145	2	0	4000	other	0
28_06_1988_1_002_nuback1	135	Picture	31	3037357	0	1	4145	2	0	4000	hit	282
28_06_1988_1_002_nuback1	135	Pulse	5	3038074	717	2
28_06_1988_1_002_nuback1	135	Response	1	3040794	3437	2
28_06_1988_1_002_nuback1	136	Picture	30	3055428	0	1	4145	2	0	4000	other	0
28_06_1988_1_002_nuback1	136	Pulse	5	3058074	2646	1
28_06_1988_1_002_nuback1	137	Picture	30	3073499	0	1	4145	2	0	4000	false_alarm	287
28_06_1988_1_002_nuback1	137	Pulse	5	3078063	4564	2
28_06_1988_1_002_nuback1	137	Response	1	3079343	5844	2
