Scenario - 1-back
Logfile written - 03/01/2014 11:10:40

Subject	Trial	Event Type	Code	Time	TTime	Uncertainty	Duration	Uncertainty	ReqTime	ReqDur	Stim Type	Pair Index

28_06_1988_1_002_nback3	1	Pulse	5	102187	112021	2
28_06_1988_1_002_nback3	2	Pulse	5	122177	19939	2
28_06_1988_1_002_nback3	3	Picture	10	127272	0	1	4145	3	0	4000	other	0
28_06_1988_1_002_nback3	3	Pulse	5	142178	14906	1
28_06_1988_1_002_nback3	4	Picture	10	145343	0	1	4145	2	0	4000	other	0
28_06_1988_1_002_nback3	4	Pulse	5	162176	16833	2
28_06_1988_1_002_nback3	5	Picture	11	163414	0	1	4145	2	0	4000	hit	8
28_06_1988_1_002_nback3	5	Response	1	166656	3242	2
28_06_1988_1_002_nback3	6	Picture	10	181485	0	1	4145	2	0	4000	other	0
28_06_1988_1_002_nback3	6	Pulse	5	182166	681	2
28_06_1988_1_002_nback3	7	Picture	11	199556	0	1	4145	2	0	4000	hit	13
28_06_1988_1_002_nback3	7	Pulse	5	202166	2610	2
28_06_1988_1_002_nback3	7	Response	1	203445	3889	3
28_06_1988_1_002_nback3	8	Picture	10	217627	0	1	4145	2	0	4000	other	0
28_06_1988_1_002_nback3	8	Pulse	5	222165	4538	2
28_06_1988_1_002_nback3	9	Picture	10	235697	0	2	4145	4	0	4000	other	0
28_06_1988_1_002_nback3	9	Pulse	5	242155	6458	2
28_06_1988_1_002_nback3	10	Picture	10	253769	0	1	4144	3	0	4000	other	0
28_06_1988_1_002_nback3	10	Pulse	5	262154	8385	2
28_06_1988_1_002_nback3	11	Picture	11	271840	0	1	4144	3	0	4000	hit	21
28_06_1988_1_002_nback3	11	Response	1	275594	3754	2
28_06_1988_1_002_nback3	11	Pulse	5	282154	10314	2
28_06_1988_1_002_nback3	12	Picture	10	289911	0	1	4144	3	0	4000	other	0
28_06_1988_1_002_nback3	12	Pulse	5	302144	12233	2
28_06_1988_1_002_nback3	13	Picture	10	307982	0	1	4144	3	0	4000	other	0
28_06_1988_1_002_nback3	13	Pulse	5	322143	14161	2
28_06_1988_1_002_nback3	14	Picture	11	326053	0	1	4144	2	0	4000	hit	28
28_06_1988_1_002_nback3	14	Response	1	329503	3450	2
28_06_1988_1_002_nback3	14	Pulse	5	342143	16090	2
28_06_1988_1_002_nback3	15	Picture	10	344123	0	2	4145	3	0	4000	other	0
28_06_1988_1_002_nback3	15	Pulse	5	362124	18001	14
28_06_1988_1_002_nback3	16	Picture	10	362194	0	2	4145	3	0	4000	other	0
28_06_1988_1_002_nback3	17	Picture	10	380265	0	2	4145	3	0	4000	other	0
28_06_1988_1_002_nback3	17	Pulse	5	382132	1867	2
28_06_1988_1_002_nback3	18	Picture	10	398336	0	2	4145	3	0	4000	other	0
28_06_1988_1_002_nback3	18	Pulse	5	402293	3957	1
28_06_1988_1_002_nback3	19	Pulse	5	422283	5876	1
28_06_1988_1_002_nback3	20	Picture	20	441441	0	2	4145	3	0	4000	other	0
28_06_1988_1_002_nback3	20	Pulse	5	442282	841	1
28_06_1988_1_002_nback3	21	Picture	20	459512	0	2	4145	3	0	4000	other	0
28_06_1988_1_002_nback3	21	Pulse	5	462282	2770	1
28_06_1988_1_002_nback3	22	Picture	21	477583	0	1	4145	2	0	4000	hit	43
28_06_1988_1_002_nback3	22	Response	1	480990	3407	2
28_06_1988_1_002_nback3	22	Pulse	5	482270	4687	2
28_06_1988_1_002_nback3	23	Picture	20	495654	0	1	4145	2	0	4000	other	0
28_06_1988_1_002_nback3	23	Pulse	5	502270	6616	2
28_06_1988_1_002_nback3	24	Picture	20	513725	0	1	4145	2	0	4000	other	0
28_06_1988_1_002_nback3	24	Pulse	5	522269	8544	2
28_06_1988_1_002_nback3	25	Picture	20	531796	0	1	4145	2	0	4000	other	0
28_06_1988_1_002_nback3	25	Pulse	5	542259	10463	2
28_06_1988_1_002_nback3	26	Picture	21	549867	0	1	4145	2	0	4000	hit	52
28_06_1988_1_002_nback3	26	Response	1	552980	3113	1
28_06_1988_1_002_nback3	26	Pulse	5	562259	12392	2
28_06_1988_1_002_nback3	27	Picture	20	567938	0	1	4145	2	0	4000	other	0
28_06_1988_1_002_nback3	27	Pulse	5	582259	14321	1
28_06_1988_1_002_nback3	28	Picture	20	586009	0	1	4145	2	0	4000	other	0
28_06_1988_1_002_nback3	28	Pulse	5	602249	16240	1
28_06_1988_1_002_nback3	29	Picture	20	604080	0	1	4145	2	0	4000	other	0
28_06_1988_1_002_nback3	30	Picture	20	622151	0	1	4145	2	0	4000	other	0
28_06_1988_1_002_nback3	30	Pulse	5	622248	97	2
28_06_1988_1_002_nback3	31	Picture	20	640222	0	1	4145	2	0	4000	other	0
28_06_1988_1_002_nback3	31	Pulse	5	642247	2025	2
28_06_1988_1_002_nback3	32	Picture	21	658293	0	1	4144	3	0	4000	hit	65
28_06_1988_1_002_nback3	32	Pulse	5	662237	3944	2
28_06_1988_1_002_nback3	32	Response	1	662557	4264	2
28_06_1988_1_002_nback3	33	Picture	20	676364	0	1	4144	3	0	4000	other	0
28_06_1988_1_002_nback3	33	Pulse	5	682236	5872	3
28_06_1988_1_002_nback3	34	Picture	20	694435	0	1	4144	3	0	4000	other	0
28_06_1988_1_002_nback3	34	Pulse	5	702236	7801	2
28_06_1988_1_002_nback3	35	Picture	21	712506	0	1	4144	3	0	4000	hit	71
28_06_1988_1_002_nback3	35	Response	1	718226	5720	2
28_06_1988_1_002_nback3	35	Pulse	5	722226	9720	2
28_06_1988_1_002_nback3	36	Pulse	5	742225	11648	2
28_06_1988_1_002_nback3	37	Picture	10	755611	0	1	4144	3	0	4000	other	0
28_06_1988_1_002_nback3	37	Pulse	5	762225	6614	2
28_06_1988_1_002_nback3	38	Picture	10	773682	0	1	4144	3	0	4000	other	0
28_06_1988_1_002_nback3	38	Pulse	5	782215	8533	2
28_06_1988_1_002_nback3	39	Picture	11	791753	0	1	4144	2	0	4000	hit	79
28_06_1988_1_002_nback3	39	Response	1	794054	2301	2
28_06_1988_1_002_nback3	39	Pulse	5	802214	10461	2
28_06_1988_1_002_nback3	40	Picture	10	809823	0	2	4145	3	0	4000	other	0
28_06_1988_1_002_nback3	40	Pulse	5	822214	12391	2
28_06_1988_1_002_nback3	41	Picture	11	827894	0	2	4145	3	0	4000	hit	84
28_06_1988_1_002_nback3	41	Response	1	830694	2800	2
28_06_1988_1_002_nback3	41	Pulse	5	842203	14309	2
28_06_1988_1_002_nback3	42	Picture	10	845965	0	2	4145	3	0	4000	other	0
28_06_1988_1_002_nback3	42	Pulse	5	862203	16238	2
28_06_1988_1_002_nback3	43	Picture	10	864036	0	1	4145	2	0	4000	other	0
28_06_1988_1_002_nback3	44	Picture	10	882107	0	1	4145	2	0	4000	other	0
28_06_1988_1_002_nback3	44	Pulse	5	882203	96	2
28_06_1988_1_002_nback3	45	Picture	11	900178	0	1	4145	2	0	4000	hit	93
28_06_1988_1_002_nback3	45	Pulse	5	902192	2014	2
28_06_1988_1_002_nback3	45	Response	1	902993	2815	1
28_06_1988_1_002_nback3	46	Picture	10	918249	0	1	4145	2	0	4000	other	0
28_06_1988_1_002_nback3	46	Pulse	5	922192	3943	2
28_06_1988_1_002_nback3	47	Picture	10	936320	0	1	4145	2	0	4000	other	0
28_06_1988_1_002_nback3	47	Pulse	5	942192	5872	1
28_06_1988_1_002_nback3	48	Picture	11	954391	0	1	4145	2	0	4000	hit	99
28_06_1988_1_002_nback3	48	Response	1	958019	3628	7
28_06_1988_1_002_nback3	48	Pulse	5	962181	7790	2
28_06_1988_1_002_nback3	49	Picture	10	972462	0	1	4145	2	0	4000	other	0
28_06_1988_1_002_nback3	49	Pulse	5	982181	9719	2
28_06_1988_1_002_nback3	50	Picture	10	990533	0	1	4145	2	0	4000	other	0
28_06_1988_1_002_nback3	50	Pulse	5	1002180	11647	2
28_06_1988_1_002_nback3	51	Picture	10	1008604	0	1	4145	2	0	4000	other	0
28_06_1988_1_002_nback3	51	Pulse	5	1022170	13566	2
28_06_1988_1_002_nback3	52	Picture	10	1026675	0	1	4145	2	0	4000	other	0
28_06_1988_1_002_nback3	52	Pulse	5	1042170	15495	2
28_06_1988_1_002_nback3	53	Pulse	5	1062169	17423	2
28_06_1988_1_002_nback3	54	Picture	30	1069780	0	1	4145	2	0	4000	other	0
28_06_1988_1_002_nback3	54	Pulse	5	1082159	12379	2
28_06_1988_1_002_nback3	55	Picture	30	1087851	0	1	4145	2	0	4000	other	0
28_06_1988_1_002_nback3	55	Pulse	5	1102159	14308	2
28_06_1988_1_002_nback3	56	Picture	31	1105922	0	1	4144	3	0	4000	hit	115
28_06_1988_1_002_nback3	56	Response	1	1108878	2956	2
28_06_1988_1_002_nback3	56	Pulse	5	1122158	16236	2
28_06_1988_1_002_nback3	57	Picture	30	1123993	0	1	4145	2	0	4000	other	0
28_06_1988_1_002_nback3	58	Picture	30	1142064	0	1	4144	3	0	4000	other	0
28_06_1988_1_002_nback3	58	Pulse	5	1142148	84	2
28_06_1988_1_002_nback3	59	Picture	30	1160135	0	1	4144	3	0	4000	other	0
28_06_1988_1_002_nback3	59	Pulse	5	1162147	2012	3
28_06_1988_1_002_nback3	60	Picture	31	1178206	0	1	4144	3	0	4000	hit	123
28_06_1988_1_002_nback3	60	Response	1	1181349	3143	1
28_06_1988_1_002_nback3	60	Pulse	5	1182147	3941	2
28_06_1988_1_002_nback3	61	Picture	31	1196277	0	1	4144	3	0	4000	hit	126
28_06_1988_1_002_nback3	61	Response	1	1199738	3461	2
28_06_1988_1_002_nback3	61	Pulse	5	1202137	5860	2
28_06_1988_1_002_nback3	62	Picture	30	1214348	0	1	4144	2	0	4000	other	0
28_06_1988_1_002_nback3	62	Pulse	5	1222136	7788	2
28_06_1988_1_002_nback3	63	Picture	30	1232418	0	2	4145	3	0	4000	other	0
28_06_1988_1_002_nback3	63	Pulse	5	1242136	9718	2
28_06_1988_1_002_nback3	64	Picture	30	1250489	0	2	4145	3	0	4000	other	0
28_06_1988_1_002_nback3	64	Pulse	5	1262126	11637	1
28_06_1988_1_002_nback3	65	Picture	31	1268560	0	1	4145	2	0	4000	hit	135
28_06_1988_1_002_nback3	65	Response	1	1273965	5405	2
28_06_1988_1_002_nback3	65	Pulse	5	1282125	13565	2
28_06_1988_1_002_nback3	66	Picture	30	1286631	0	1	4145	2	0	4000	other	0
28_06_1988_1_002_nback3	66	Pulse	5	1302125	15494	2
28_06_1988_1_002_nback3	67	Picture	30	1304702	0	2	4145	3	0	4000	other	0
28_06_1988_1_002_nback3	67	Pulse	5	1322114	17412	2
28_06_1988_1_002_nback3	68	Picture	30	1322773	0	1	4144	5	0	4000	other	0
28_06_1988_1_002_nback3	69	Picture	30	1340844	0	1	4145	2	0	4000	other	0
28_06_1988_1_002_nback3	69	Pulse	5	1342114	1270	2
28_06_1988_1_002_nback3	70	Pulse	5	1362114	3199	2
28_06_1988_1_002_nback3	70	Pulse	5	1382105	23190	1
28_06_1988_1_002_nback3	71	Picture	10	1383949	0	1	4145	2	0	4000	other	0
28_06_1988_1_002_nback3	72	Picture	10	1402020	0	1	4145	2	0	4000	other	0
28_06_1988_1_002_nback3	72	Pulse	5	1402104	84	2
28_06_1988_1_002_nback3	73	Picture	11	1420091	0	1	4145	2	0	4000	hit	151
28_06_1988_1_002_nback3	73	Pulse	5	1422104	2013	1
28_06_1988_1_002_nback3	73	Response	1	1423064	2973	1
28_06_1988_1_002_nback3	74	Picture	10	1438162	0	1	4145	2	0	4000	other	0
28_06_1988_1_002_nback3	74	Pulse	5	1442252	4090	2
28_06_1988_1_002_nback3	75	Picture	11	1456233	0	1	4145	2	0	4000	hit	155
28_06_1988_1_002_nback3	75	Response	1	1460172	3939	2
28_06_1988_1_002_nback3	75	Pulse	5	1462252	6019	2
28_06_1988_1_002_nback3	76	Picture	10	1474304	0	1	4145	2	0	4000	other	0
28_06_1988_1_002_nback3	76	Pulse	5	1482251	7947	2
28_06_1988_1_002_nback3	77	Picture	10	1492375	0	1	4145	2	0	4000	other	0
28_06_1988_1_002_nback3	77	Pulse	5	1502241	9866	2
28_06_1988_1_002_nback3	78	Picture	11	1510446	0	1	4145	2	0	4000	hit	162
28_06_1988_1_002_nback3	78	Response	1	1513921	3475	2
28_06_1988_1_002_nback3	78	Pulse	5	1522241	11795	2
28_06_1988_1_002_nback3	79	Picture	10	1528517	0	1	4144	3	0	4000	other	0
28_06_1988_1_002_nback3	79	Pulse	5	1542240	13723	2
28_06_1988_1_002_nback3	80	Picture	10	1546588	0	1	4145	2	0	4000	other	0
28_06_1988_1_002_nback3	80	Pulse	5	1562230	15642	2
28_06_1988_1_002_nback3	81	Picture	10	1564659	0	1	4144	3	0	4000	other	0
28_06_1988_1_002_nback3	81	Pulse	5	1582230	17571	1
28_06_1988_1_002_nback3	82	Picture	10	1582730	0	1	4144	3	0	4000	other	0
28_06_1988_1_002_nback3	83	Picture	10	1600801	0	1	4144	2	0	4000	other	0
28_06_1988_1_002_nback3	83	Pulse	5	1602229	1428	2
28_06_1988_1_002_nback3	84	Picture	11	1618872	0	1	4144	2	0	4000	hit	174
28_06_1988_1_002_nback3	84	Response	1	1621739	2867	2
28_06_1988_1_002_nback3	84	Pulse	5	1622219	3347	2
28_06_1988_1_002_nback3	85	Picture	10	1636942	0	2	4145	3	0	4000	other	0
28_06_1988_1_002_nback3	85	Pulse	5	1642218	5276	3
28_06_1988_1_002_nback3	86	Picture	10	1655013	0	2	4145	3	0	4000	other	0
28_06_1988_1_002_nback3	86	Pulse	5	1662218	7205	2
28_06_1988_1_002_nback3	87	Pulse	5	1682209	9125	1
28_06_1988_1_002_nback3	88	Picture	20	1698119	0	1	4144	2	0	4000	other	0
28_06_1988_1_002_nback3	88	Pulse	5	1702207	4088	3
28_06_1988_1_002_nback3	89	Picture	20	1716189	0	2	4145	3	0	4000	other	0
28_06_1988_1_002_nback3	89	Pulse	5	1722207	6018	2
28_06_1988_1_002_nback3	90	Picture	20	1734260	0	2	4145	3	0	4000	other	0
28_06_1988_1_002_nback3	90	Pulse	5	1742197	7937	1
28_06_1988_1_002_nback3	91	Picture	21	1752331	0	2	4145	3	0	4000	hit	188
28_06_1988_1_002_nback3	91	Response	1	1755796	3465	2
28_06_1988_1_002_nback3	91	Pulse	5	1762196	9865	2
28_06_1988_1_002_nback3	92	Picture	20	1770402	0	1	4145	2	0	4000	other	0
28_06_1988_1_002_nback3	92	Pulse	5	1782196	11794	2
28_06_1988_1_002_nback3	93	Picture	20	1788473	0	1	4145	2	0	4000	other	0
28_06_1988_1_002_nback3	93	Pulse	5	1802185	13712	2
28_06_1988_1_002_nback3	94	Picture	21	1806544	0	1	4145	2	0	4000	hit	195
28_06_1988_1_002_nback3	94	Response	1	1809545	3001	2
28_06_1988_1_002_nback3	94	Pulse	5	1822185	15641	2
28_06_1988_1_002_nback3	95	Picture	20	1824615	0	2	4145	3	0	4000	other	0
28_06_1988_1_002_nback3	95	Pulse	5	1842185	17570	2
28_06_1988_1_002_nback3	96	Picture	20	1842686	0	1	4145	2	0	4000	other	0
28_06_1988_1_002_nback3	97	Picture	20	1860757	0	1	4145	2	0	4000	other	0
28_06_1988_1_002_nback3	97	Pulse	5	1862174	1417	2
28_06_1988_1_002_nback3	98	Picture	21	1878828	0	1	4145	2	0	4000	hit	203
28_06_1988_1_002_nback3	98	Response	1	1881854	3026	2
28_06_1988_1_002_nback3	98	Pulse	5	1882174	3346	2
28_06_1988_1_002_nback3	99	Picture	20	1896899	0	1	4145	2	0	4000	other	0
28_06_1988_1_002_nback3	99	Pulse	5	1902174	5275	1
28_06_1988_1_002_nback3	100	Picture	20	1914970	0	1	4145	2	0	4000	other	0
28_06_1988_1_002_nback3	100	Pulse	5	1922163	7193	2
28_06_1988_1_002_nback3	101	Picture	21	1933041	0	1	4145	2	0	4000	hit	210
28_06_1988_1_002_nback3	101	Response	1	1936723	3682	2
28_06_1988_1_002_nback3	101	Pulse	5	1942163	9122	2
28_06_1988_1_002_nback3	102	Picture	20	1951112	0	1	4145	2	0	4000	false_alarm	213
28_06_1988_1_002_nback3	102	Response	1	1954483	3371	1
28_06_1988_1_002_nback3	102	Pulse	5	1962162	11050	2
28_06_1988_1_002_nback3	103	Picture	20	1969183	0	1	4144	3	0	4000	other	0
28_06_1988_1_002_nback3	103	Pulse	5	1982152	12969	2
28_06_1988_1_002_nback3	104	Pulse	5	2002152	14898	2
28_06_1988_1_002_nback3	105	Picture	10	2012288	0	1	4144	3	0	4000	other	0
28_06_1988_1_002_nback3	105	Pulse	5	2022151	9863	2
28_06_1988_1_002_nback3	106	Picture	10	2030359	0	1	4144	3	0	4000	other	0
28_06_1988_1_002_nback3	106	Pulse	5	2042141	11782	2
28_06_1988_1_002_nback3	107	Picture	11	2048430	0	1	4144	3	0	4000	hit	223
28_06_1988_1_002_nback3	107	Response	1	2051901	3471	2
28_06_1988_1_002_nback3	107	Pulse	5	2062141	13711	1
28_06_1988_1_002_nback3	108	Picture	10	2066501	0	1	4144	3	0	4000	other	0
28_06_1988_1_002_nback3	108	Pulse	5	2082140	15639	2
28_06_1988_1_002_nback3	109	Picture	11	2084572	0	1	4144	2	0	4000	hit	228
28_06_1988_1_002_nback3	109	Response	1	2088850	4278	2
28_06_1988_1_002_nback3	109	Pulse	5	2102130	17558	2
28_06_1988_1_002_nback3	110	Picture	10	2102642	0	2	4145	3	0	4000	other	0
28_06_1988_1_002_nback3	111	Picture	10	2120713	0	2	4144	5	0	4000	other	0
28_06_1988_1_002_nback3	111	Pulse	5	2122129	1416	3
28_06_1988_1_002_nback3	112	Picture	11	2138784	0	2	4145	4	0	4000	hit	235
28_06_1988_1_002_nback3	112	Pulse	5	2142129	3345	2
28_06_1988_1_002_nback3	112	Response	1	2142449	3665	2
28_06_1988_1_002_nback3	113	Picture	10	2156855	0	2	4145	3	0	4000	other	0
28_06_1988_1_002_nback3	113	Pulse	5	2162119	5264	2
28_06_1988_1_002_nback3	114	Picture	10	2174926	0	1	4145	2	0	4000	other	0
28_06_1988_1_002_nback3	114	Pulse	5	2182118	7192	2
28_06_1988_1_002_nback3	115	Picture	10	2192997	0	1	4145	2	0	4000	other	0
28_06_1988_1_002_nback3	115	Pulse	5	2202118	9121	2
28_06_1988_1_002_nback3	116	Picture	10	2211068	0	1	4145	2	0	4000	other	0
28_06_1988_1_002_nback3	116	Pulse	5	2222108	11040	1
28_06_1988_1_002_nback3	117	Picture	10	2229139	0	1	4145	2	0	4000	other	0
28_06_1988_1_002_nback3	117	Pulse	5	2242107	12968	2
28_06_1988_1_002_nback3	118	Picture	11	2247210	0	1	4145	2	0	4000	hit	247
28_06_1988_1_002_nback3	118	Response	1	2250907	3697	2
28_06_1988_1_002_nback3	118	Pulse	5	2262107	14897	2
28_06_1988_1_002_nback3	119	Picture	10	2265281	0	1	4145	2	0	4000	other	0
28_06_1988_1_002_nback3	119	Pulse	5	2282096	16815	2
28_06_1988_1_002_nback3	120	Picture	10	2283352	0	1	4145	2	0	4000	other	0
28_06_1988_1_002_nback3	121	Pulse	5	2302096	673	2
28_06_1988_1_002_nback3	121	Pulse	5	2322096	20673	2
28_06_1988_1_002_nback3	122	Picture	30	2326457	0	1	4145	2	0	4000	other	0
28_06_1988_1_002_nback3	122	Pulse	5	2342085	15628	2
28_06_1988_1_002_nback3	123	Picture	30	2344528	0	1	4145	2	0	4000	other	0
28_06_1988_1_002_nback3	123	Pulse	5	2362085	17557	2
28_06_1988_1_002_nback3	124	Picture	30	2362599	0	1	4145	2	0	4000	other	0
28_06_1988_1_002_nback3	125	Picture	31	2380670	0	1	4145	2	0	4000	hit	261
28_06_1988_1_002_nback3	125	Pulse	5	2382085	1415	1
28_06_1988_1_002_nback3	125	Response	1	2385604	4934	2
28_06_1988_1_002_nback3	126	Picture	31	2398741	0	1	4145	2	0	4000	hit	263
28_06_1988_1_002_nback3	126	Response	1	2401916	3175	1
28_06_1988_1_002_nback3	126	Pulse	5	2402076	3335	1
28_06_1988_1_002_nback3	127	Picture	30	2416812	0	1	4145	2	0	4000	other	0
28_06_1988_1_002_nback3	127	Pulse	5	2422075	5263	1
28_06_1988_1_002_nback3	128	Picture	30	2434883	0	1	4144	3	0	4000	other	0
28_06_1988_1_002_nback3	128	Pulse	5	2442075	7192	1
28_06_1988_1_002_nback3	129	Picture	30	2452953	0	2	4145	4	0	4000	other	0
28_06_1988_1_002_nback3	129	Pulse	5	2462063	9110	2
28_06_1988_1_002_nback3	130	Picture	31	2471025	0	1	4144	3	0	4000	hit	272
28_06_1988_1_002_nback3	130	Response	1	2474063	3038	2
28_06_1988_1_002_nback3	130	Pulse	5	2482223	11198	2
28_06_1988_1_002_nback3	131	Picture	30	2489096	0	1	4144	2	0	4000	other	0
28_06_1988_1_002_nback3	131	Pulse	5	2502222	13126	2
28_06_1988_1_002_nback3	132	Picture	30	2507167	0	1	4144	3	0	4000	other	0
28_06_1988_1_002_nback3	132	Pulse	5	2522212	15045	2
28_06_1988_1_002_nback3	133	Picture	30	2525238	0	1	4144	2	0	4000	other	0
28_06_1988_1_002_nback3	133	Pulse	5	2542212	16974	1
28_06_1988_1_002_nback3	134	Picture	30	2543308	0	2	4145	3	0	4000	other	0
28_06_1988_1_002_nback3	135	Picture	31	2561379	0	2	4145	3	0	4000	hit	283
28_06_1988_1_002_nback3	135	Pulse	5	2562211	832	2
28_06_1988_1_002_nback3	135	Response	1	2564611	3232	2
28_06_1988_1_002_nback3	136	Picture	30	2579450	0	2	4145	3	0	4000	other	0
28_06_1988_1_002_nback3	136	Pulse	5	2582201	2751	2
28_06_1988_1_002_nback3	137	Picture	30	2597521	0	2	4145	3	0	4000	false_alarm	287
28_06_1988_1_002_nback3	137	Response	1	2601880	4359	2
28_06_1988_1_002_nback3	137	Pulse	5	2602200	4679	2
