Scenario - 1-back
Logfile written - 03/01/2014 11:15:17

Subject	Trial	Event Type	Code	Time	TTime	Uncertainty	Duration	Uncertainty	ReqTime	ReqDur	Stim Type	Pair Index

28_06_1988_1_002_nback4	1	Pulse	5	85759	95593	2
28_06_1988_1_002_nback4	2	Pulse	5	105759	19934	2
28_06_1988_1_002_nback4	3	Picture	10	110859	0	1	4145	2	0	4000	other	0
28_06_1988_1_002_nback4	3	Pulse	5	125759	14900	1
28_06_1988_1_002_nback4	4	Picture	10	128930	0	1	4145	2	0	4000	other	0
28_06_1988_1_002_nback4	4	Pulse	5	145748	16818	2
28_06_1988_1_002_nback4	5	Picture	11	147001	0	1	4145	2	0	4000	hit	8
28_06_1988_1_002_nback4	5	Response	1	150548	3547	2
28_06_1988_1_002_nback4	6	Picture	10	165072	0	1	4144	3	0	4000	other	0
28_06_1988_1_002_nback4	6	Pulse	5	165748	676	2
28_06_1988_1_002_nback4	7	Picture	11	183143	0	1	4145	2	0	4000	hit	13
28_06_1988_1_002_nback4	7	Pulse	5	185747	2604	3
28_06_1988_1_002_nback4	7	Response	1	186387	3244	3
28_06_1988_1_002_nback4	8	Picture	10	201214	0	1	4144	3	0	4000	other	0
28_06_1988_1_002_nback4	8	Pulse	5	205737	4523	2
28_06_1988_1_002_nback4	9	Picture	10	219285	0	1	4144	3	0	4000	other	0
28_06_1988_1_002_nback4	9	Pulse	5	225737	6452	2
28_06_1988_1_002_nback4	10	Picture	10	237356	0	1	4144	3	0	4000	other	0
28_06_1988_1_002_nback4	10	Pulse	5	245736	8380	2
28_06_1988_1_002_nback4	11	Picture	11	255426	0	2	4145	3	0	4000	hit	21
28_06_1988_1_002_nback4	11	Response	1	258856	3430	2
28_06_1988_1_002_nback4	11	Pulse	5	265726	10300	2
28_06_1988_1_002_nback4	12	Picture	10	273498	0	1	4144	2	0	4000	other	0
28_06_1988_1_002_nback4	12	Pulse	5	285726	12228	1
28_06_1988_1_002_nback4	13	Picture	10	291569	0	1	4144	2	0	4000	other	0
28_06_1988_1_002_nback4	13	Pulse	5	305725	14156	2
28_06_1988_1_002_nback4	14	Picture	11	309639	0	2	4145	3	0	4000	hit	28
28_06_1988_1_002_nback4	14	Response	1	313396	3757	2
28_06_1988_1_002_nback4	14	Pulse	5	325715	16076	2
28_06_1988_1_002_nback4	15	Picture	10	327710	0	2	4145	3	0	4000	other	0
28_06_1988_1_002_nback4	15	Pulse	5	345710	18000	14
28_06_1988_1_002_nback4	16	Picture	10	345781	0	2	4145	3	0	4000	other	0
28_06_1988_1_002_nback4	17	Picture	10	363852	0	2	4145	3	0	4000	other	0
28_06_1988_1_002_nback4	17	Pulse	5	365714	1862	2
28_06_1988_1_002_nback4	18	Picture	10	381923	0	1	4145	2	0	4000	other	0
28_06_1988_1_002_nback4	18	Pulse	5	385705	3782	1
28_06_1988_1_002_nback4	19	Pulse	5	405705	5711	1
28_06_1988_1_002_nback4	20	Picture	30	425028	0	1	4145	2	0	4000	other	0
28_06_1988_1_002_nback4	20	Pulse	5	425704	676	1
28_06_1988_1_002_nback4	21	Picture	30	443099	0	1	4145	2	0	4000	other	0
28_06_1988_1_002_nback4	21	Pulse	5	445693	2594	1
28_06_1988_1_002_nback4	22	Picture	31	461170	0	1	4145	2	0	4000	hit	43
28_06_1988_1_002_nback4	22	Response	1	464412	3242	2
28_06_1988_1_002_nback4	22	Pulse	5	465692	4522	2
28_06_1988_1_002_nback4	23	Picture	30	479241	0	1	4145	2	0	4000	other	0
28_06_1988_1_002_nback4	23	Pulse	5	485692	6451	2
28_06_1988_1_002_nback4	24	Picture	30	497312	0	1	4145	2	0	4000	other	0
28_06_1988_1_002_nback4	24	Pulse	5	505681	8369	2
28_06_1988_1_002_nback4	25	Picture	30	515383	0	1	4145	2	0	4000	other	0
28_06_1988_1_002_nback4	25	Pulse	5	525681	10298	2
28_06_1988_1_002_nback4	26	Picture	31	533454	0	1	4145	2	0	4000	hit	52
28_06_1988_1_002_nback4	26	Response	1	536561	3107	2
28_06_1988_1_002_nback4	26	Pulse	5	545681	12227	2
28_06_1988_1_002_nback4	27	Picture	31	551525	0	1	4145	2	0	4000	hit	55
28_06_1988_1_002_nback4	27	Response	1	554960	3435	2
28_06_1988_1_002_nback4	27	Pulse	5	565670	14145	2
28_06_1988_1_002_nback4	28	Picture	30	569596	0	1	4144	3	0	4000	other	0
28_06_1988_1_002_nback4	28	Pulse	5	585670	16074	2
28_06_1988_1_002_nback4	29	Picture	30	587667	0	1	4145	2	0	4000	other	0
28_06_1988_1_002_nback4	29	Pulse	5	605667	18000	9
28_06_1988_1_002_nback4	30	Picture	30	605738	0	1	4145	2	0	4000	other	0
28_06_1988_1_002_nback4	31	Picture	31	623809	0	1	4144	3	0	4000	hit	64
28_06_1988_1_002_nback4	31	Pulse	5	625659	1850	2
28_06_1988_1_002_nback4	31	Response	1	626939	3130	2
28_06_1988_1_002_nback4	32	Picture	30	641880	0	1	4144	3	0	4000	other	0
28_06_1988_1_002_nback4	32	Pulse	5	645659	3779	2
28_06_1988_1_002_nback4	33	Picture	30	659951	0	1	4144	3	0	4000	other	0
28_06_1988_1_002_nback4	33	Pulse	5	665658	5707	2
28_06_1988_1_002_nback4	34	Picture	30	678022	0	1	4144	2	0	4000	other	0
28_06_1988_1_002_nback4	34	Pulse	5	685648	7626	2
28_06_1988_1_002_nback4	35	Picture	30	696093	0	1	4144	2	0	4000	other	0
28_06_1988_1_002_nback4	35	Pulse	5	705809	9716	1
28_06_1988_1_002_nback4	36	Pulse	5	725809	11646	1
28_06_1988_1_002_nback4	37	Picture	10	739198	0	1	4144	2	0	4000	other	0
28_06_1988_1_002_nback4	37	Pulse	5	745798	6600	2
28_06_1988_1_002_nback4	38	Picture	10	757269	0	1	4144	2	0	4000	other	0
28_06_1988_1_002_nback4	38	Pulse	5	765798	8529	1
28_06_1988_1_002_nback4	39	Picture	11	775339	0	2	4145	3	0	4000	hit	79
28_06_1988_1_002_nback4	39	Response	1	778596	3257	2
28_06_1988_1_002_nback4	39	Pulse	5	785798	10459	1
28_06_1988_1_002_nback4	40	Picture	10	793410	0	2	4145	3	0	4000	other	0
28_06_1988_1_002_nback4	40	Pulse	5	805786	12376	2
28_06_1988_1_002_nback4	41	Picture	11	811481	0	2	4145	3	0	4000	hit	84
28_06_1988_1_002_nback4	41	Response	1	815546	4065	1
28_06_1988_1_002_nback4	41	Pulse	5	825783	14302	5
28_06_1988_1_002_nback4	42	Picture	10	829552	0	2	4145	3	0	4000	other	0
28_06_1988_1_002_nback4	42	Pulse	5	845785	16233	3
28_06_1988_1_002_nback4	43	Picture	10	847623	0	1	4145	2	0	4000	other	0
28_06_1988_1_002_nback4	44	Picture	10	865694	0	1	4145	2	0	4000	other	0
28_06_1988_1_002_nback4	44	Pulse	5	865775	81	3
28_06_1988_1_002_nback4	45	Picture	11	883765	0	1	4145	2	0	4000	hit	93
28_06_1988_1_002_nback4	45	Pulse	5	885774	2009	3
28_06_1988_1_002_nback4	45	Response	1	887054	3289	2
28_06_1988_1_002_nback4	46	Picture	10	901836	0	1	4145	2	0	4000	other	0
28_06_1988_1_002_nback4	46	Pulse	5	905774	3938	3
28_06_1988_1_002_nback4	47	Picture	10	919907	0	1	4145	2	0	4000	other	0
28_06_1988_1_002_nback4	47	Pulse	5	925763	5856	4
28_06_1988_1_002_nback4	48	Picture	11	937978	0	1	4145	2	0	4000	hit	99
28_06_1988_1_002_nback4	48	Response	1	941443	3465	2
28_06_1988_1_002_nback4	48	Pulse	5	945763	7785	4
28_06_1988_1_002_nback4	49	Picture	10	956049	0	1	4145	2	0	4000	other	0
28_06_1988_1_002_nback4	49	Pulse	5	965763	9714	2
28_06_1988_1_002_nback4	50	Picture	10	974120	0	1	4145	2	0	4000	other	0
28_06_1988_1_002_nback4	50	Pulse	5	985752	11632	2
28_06_1988_1_002_nback4	51	Picture	10	992191	0	1	4145	2	0	4000	other	0
28_06_1988_1_002_nback4	51	Pulse	5	1005752	13561	2
28_06_1988_1_002_nback4	52	Picture	10	1010262	0	1	4145	2	0	4000	other	0
28_06_1988_1_002_nback4	52	Pulse	5	1025752	15490	3
28_06_1988_1_002_nback4	53	Pulse	5	1045741	17408	2
28_06_1988_1_002_nback4	54	Picture	20	1053367	0	1	4145	2	0	4000	other	0
28_06_1988_1_002_nback4	54	Pulse	5	1065742	12375	1
28_06_1988_1_002_nback4	55	Picture	20	1071438	0	1	4144	3	0	4000	other	0
28_06_1988_1_002_nback4	55	Pulse	5	1085741	14303	1
28_06_1988_1_002_nback4	56	Picture	21	1089509	0	1	4145	2	0	4000	hit	115
28_06_1988_1_002_nback4	56	Response	1	1092780	3271	8
28_06_1988_1_002_nback4	56	Pulse	5	1105730	16221	2
28_06_1988_1_002_nback4	57	Picture	20	1107580	0	1	4144	3	0	4000	other	0
28_06_1988_1_002_nback4	58	Picture	20	1125650	0	2	4145	4	0	4000	other	0
28_06_1988_1_002_nback4	58	Pulse	5	1125731	81	1
28_06_1988_1_002_nback4	59	Picture	20	1143722	0	1	4144	2	0	4000	other	0
28_06_1988_1_002_nback4	59	Pulse	5	1145729	2007	3
28_06_1988_1_002_nback4	60	Picture	21	1161793	0	1	4144	2	0	4000	hit	123
28_06_1988_1_002_nback4	60	Response	1	1165079	3286	2
28_06_1988_1_002_nback4	60	Pulse	5	1165719	3926	2
28_06_1988_1_002_nback4	61	Picture	20	1179864	0	1	4144	2	0	4000	other	0
28_06_1988_1_002_nback4	61	Pulse	5	1185719	5855	2
28_06_1988_1_002_nback4	62	Picture	20	1197934	0	2	4145	3	0	4000	other	0
28_06_1988_1_002_nback4	62	Pulse	5	1205718	7784	3
28_06_1988_1_002_nback4	63	Picture	20	1216005	0	2	4145	3	0	4000	other	0
28_06_1988_1_002_nback4	63	Pulse	5	1225708	9703	2
28_06_1988_1_002_nback4	64	Picture	20	1234076	0	2	4145	3	0	4000	other	0
28_06_1988_1_002_nback4	64	Pulse	5	1245708	11632	1
28_06_1988_1_002_nback4	65	Picture	20	1252147	0	2	4145	3	0	4000	other	0
28_06_1988_1_002_nback4	65	Pulse	5	1265707	13560	2
28_06_1988_1_002_nback4	66	Picture	21	1270218	0	1	4145	2	0	4000	hit	136
28_06_1988_1_002_nback4	66	Response	1	1274498	4280	2
28_06_1988_1_002_nback4	66	Pulse	5	1285697	15479	2
28_06_1988_1_002_nback4	67	Picture	20	1288289	0	1	4145	2	0	4000	other	0
28_06_1988_1_002_nback4	67	Pulse	5	1305696	17407	2
28_06_1988_1_002_nback4	68	Picture	20	1306360	0	1	4145	2	0	4000	other	0
28_06_1988_1_002_nback4	69	Picture	21	1324431	0	1	4145	3	0	4000	hit	143
28_06_1988_1_002_nback4	69	Pulse	5	1325696	1265	2
28_06_1988_1_002_nback4	69	Response	1	1328416	3985	2
28_06_1988_1_002_nback4	70	Pulse	5	1345686	3184	2
28_06_1988_1_002_nback4	70	Pulse	5	1365685	23183	2
28_06_1988_1_002_nback4	71	Picture	10	1367536	0	1	4145	2	0	4000	other	0
28_06_1988_1_002_nback4	72	Picture	10	1385607	0	1	4145	2	0	4000	other	0
28_06_1988_1_002_nback4	72	Pulse	5	1385685	78	2
28_06_1988_1_002_nback4	73	Picture	11	1403678	0	1	4145	2	0	4000	hit	151
28_06_1988_1_002_nback4	73	Pulse	5	1405674	1996	3
28_06_1988_1_002_nback4	73	Response	1	1406795	3117	1
28_06_1988_1_002_nback4	74	Picture	10	1421749	0	1	4145	2	0	4000	other	0
28_06_1988_1_002_nback4	74	Pulse	5	1425674	3925	2
28_06_1988_1_002_nback4	75	Picture	11	1439820	0	1	4144	3	0	4000	hit	155
28_06_1988_1_002_nback4	75	Response	1	1444074	4254	2
28_06_1988_1_002_nback4	75	Pulse	5	1445674	5854	2
28_06_1988_1_002_nback4	76	Picture	10	1457891	0	1	4145	2	0	4000	other	0
28_06_1988_1_002_nback4	76	Pulse	5	1465663	7772	2
28_06_1988_1_002_nback4	77	Picture	10	1475962	0	1	4144	3	0	4000	other	0
28_06_1988_1_002_nback4	77	Pulse	5	1485663	9701	2
28_06_1988_1_002_nback4	78	Picture	11	1494033	0	1	4144	3	0	4000	hit	162
28_06_1988_1_002_nback4	78	Response	1	1497503	3470	2
28_06_1988_1_002_nback4	78	Pulse	5	1505663	11630	2
28_06_1988_1_002_nback4	79	Picture	10	1512104	0	1	4144	3	0	4000	other	0
28_06_1988_1_002_nback4	79	Pulse	5	1525652	13548	2
28_06_1988_1_002_nback4	80	Picture	10	1530175	0	1	4144	3	0	4000	other	0
28_06_1988_1_002_nback4	80	Pulse	5	1545652	15477	2
28_06_1988_1_002_nback4	81	Picture	10	1548246	0	1	4144	2	0	4000	other	0
28_06_1988_1_002_nback4	81	Pulse	5	1565651	17405	2
28_06_1988_1_002_nback4	82	Picture	10	1566317	0	1	4144	2	0	4000	other	0
28_06_1988_1_002_nback4	83	Picture	10	1584387	0	2	4145	3	0	4000	other	0
28_06_1988_1_002_nback4	83	Pulse	5	1585641	1254	2
28_06_1988_1_002_nback4	84	Picture	11	1602459	0	1	4144	2	0	4000	hit	175
28_06_1988_1_002_nback4	84	Pulse	5	1605641	3182	2
28_06_1988_1_002_nback4	84	Response	1	1605961	3502	2
28_06_1988_1_002_nback4	85	Picture	10	1620529	0	2	4145	3	0	4000	other	0
28_06_1988_1_002_nback4	85	Pulse	5	1625642	5113	1
28_06_1988_1_002_nback4	86	Picture	10	1638600	0	2	4145	3	0	4000	other	0
28_06_1988_1_002_nback4	86	Pulse	5	1645632	7032	1
28_06_1988_1_002_nback4	87	Pulse	5	1665631	8961	1
28_06_1988_1_002_nback4	88	Picture	30	1681705	0	2	4145	3	0	4000	other	0
28_06_1988_1_002_nback4	88	Pulse	5	1685629	3924	2
28_06_1988_1_002_nback4	89	Picture	30	1699776	0	2	4145	3	0	4000	other	0
28_06_1988_1_002_nback4	89	Pulse	5	1705619	5843	2
28_06_1988_1_002_nback4	90	Picture	30	1717847	0	1	4145	2	0	4000	other	0
28_06_1988_1_002_nback4	90	Pulse	5	1725619	7772	1
28_06_1988_1_002_nback4	91	Picture	31	1735918	0	2	4145	3	0	4000	hit	188
28_06_1988_1_002_nback4	91	Response	1	1739859	3941	1
28_06_1988_1_002_nback4	91	Pulse	5	1745778	9860	2
28_06_1988_1_002_nback4	92	Picture	31	1753989	0	1	4145	2	0	4000	hit	191
28_06_1988_1_002_nback4	92	Response	1	1757137	3148	3
28_06_1988_1_002_nback4	92	Pulse	5	1765768	11779	2
28_06_1988_1_002_nback4	93	Picture	30	1772060	0	1	4145	2	0	4000	other	0
28_06_1988_1_002_nback4	93	Pulse	5	1785767	13707	2
28_06_1988_1_002_nback4	94	Picture	30	1790131	0	1	4145	2	0	4000	other	0
28_06_1988_1_002_nback4	94	Pulse	5	1805767	15636	2
28_06_1988_1_002_nback4	95	Picture	30	1808202	0	1	4145	2	0	4000	other	0
28_06_1988_1_002_nback4	95	Pulse	5	1825757	17555	1
28_06_1988_1_002_nback4	96	Picture	31	1826273	0	1	4145	2	0	4000	hit	200
28_06_1988_1_002_nback4	96	Response	1	1828957	2684	1
28_06_1988_1_002_nback4	97	Picture	30	1844344	0	1	4145	2	0	4000	other	0
28_06_1988_1_002_nback4	97	Pulse	5	1845756	1412	2
28_06_1988_1_002_nback4	98	Picture	30	1862415	0	1	4145	2	0	4000	other	0
28_06_1988_1_002_nback4	98	Pulse	5	1865756	3341	2
28_06_1988_1_002_nback4	99	Picture	30	1880486	0	1	4144	3	0	4000	other	0
28_06_1988_1_002_nback4	99	Pulse	5	1885746	5260	1
28_06_1988_1_002_nback4	100	Picture	30	1898557	0	1	4144	3	0	4000	other	0
28_06_1988_1_002_nback4	100	Pulse	5	1905745	7188	2
28_06_1988_1_002_nback4	101	Picture	31	1916628	0	1	4144	3	0	4000	hit	210
28_06_1988_1_002_nback4	101	Response	1	1919505	2877	2
28_06_1988_1_002_nback4	101	Pulse	5	1925745	9117	2
28_06_1988_1_002_nback4	102	Picture	30	1934699	0	1	4144	3	0	4000	other	0
28_06_1988_1_002_nback4	102	Pulse	5	1945734	11035	2
28_06_1988_1_002_nback4	103	Picture	30	1952770	0	1	4144	3	0	4000	other	0
28_06_1988_1_002_nback4	103	Pulse	5	1965734	12964	2
28_06_1988_1_002_nback4	104	Pulse	5	1985734	14893	1
28_06_1988_1_002_nback4	105	Picture	10	1995875	0	1	4144	3	0	4000	other	0
28_06_1988_1_002_nback4	105	Pulse	5	2005723	9848	2
28_06_1988_1_002_nback4	106	Picture	10	2013946	0	1	4144	3	0	4000	other	0
28_06_1988_1_002_nback4	106	Pulse	5	2025723	11777	2
28_06_1988_1_002_nback4	107	Picture	11	2032017	0	1	4144	2	0	4000	hit	222
28_06_1988_1_002_nback4	107	Response	1	2035163	3146	2
28_06_1988_1_002_nback4	107	Pulse	5	2045723	13706	1
28_06_1988_1_002_nback4	108	Picture	10	2050087	0	2	4145	3	0	4000	other	0
28_06_1988_1_002_nback4	108	Pulse	5	2065712	15625	2
28_06_1988_1_002_nback4	109	Picture	11	2068158	0	2	4145	3	0	4000	hit	227
28_06_1988_1_002_nback4	109	Response	1	2071312	3154	2
28_06_1988_1_002_nback4	109	Pulse	5	2085712	17554	2
28_06_1988_1_002_nback4	110	Picture	10	2086229	0	2	4145	3	0	4000	other	0
28_06_1988_1_002_nback4	111	Picture	10	2104300	0	2	4145	3	0	4000	other	0
28_06_1988_1_002_nback4	111	Pulse	5	2105711	1411	2
28_06_1988_1_002_nback4	112	Picture	11	2122371	0	2	4145	3	0	4000	hit	234
28_06_1988_1_002_nback4	112	Pulse	5	2125702	3331	1
28_06_1988_1_002_nback4	112	Response	1	2126501	4130	2
28_06_1988_1_002_nback4	113	Picture	10	2140442	0	1	4145	2	0	4000	other	0
28_06_1988_1_002_nback4	113	Pulse	5	2145701	5259	2
28_06_1988_1_002_nback4	114	Picture	10	2158513	0	1	4145	2	0	4000	other	0
28_06_1988_1_002_nback4	114	Pulse	5	2165700	7187	2
28_06_1988_1_002_nback4	115	Picture	10	2176584	0	1	4145	2	0	4000	other	0
28_06_1988_1_002_nback4	115	Pulse	5	2185690	9106	2
28_06_1988_1_002_nback4	116	Picture	10	2194655	0	1	4145	2	0	4000	other	0
28_06_1988_1_002_nback4	116	Pulse	5	2205689	11034	2
28_06_1988_1_002_nback4	117	Picture	10	2212726	0	1	4145	2	0	4000	other	0
28_06_1988_1_002_nback4	117	Pulse	5	2225689	12963	2
28_06_1988_1_002_nback4	118	Picture	11	2230797	0	1	4145	2	0	4000	hit	246
28_06_1988_1_002_nback4	118	Response	1	2234649	3852	2
28_06_1988_1_002_nback4	118	Pulse	5	2245679	14882	2
28_06_1988_1_002_nback4	119	Picture	10	2248868	0	1	4145	2	0	4000	other	0
28_06_1988_1_002_nback4	119	Pulse	5	2265678	16810	2
28_06_1988_1_002_nback4	120	Picture	10	2266939	0	1	4145	2	0	4000	other	0
28_06_1988_1_002_nback4	121	Pulse	5	2285678	668	2
28_06_1988_1_002_nback4	121	Pulse	5	2305668	20658	2
28_06_1988_1_002_nback4	122	Picture	20	2310044	0	1	4145	2	0	4000	other	0
28_06_1988_1_002_nback4	122	Pulse	5	2325667	15623	2
28_06_1988_1_002_nback4	123	Picture	20	2328115	0	1	4145	2	0	4000	other	0
28_06_1988_1_002_nback4	123	Pulse	5	2345667	17552	2
28_06_1988_1_002_nback4	124	Picture	20	2346186	0	1	4145	2	0	4000	other	0
28_06_1988_1_002_nback4	125	Picture	21	2364257	0	1	4145	2	0	4000	hit	260
28_06_1988_1_002_nback4	125	Pulse	5	2365656	1399	2
28_06_1988_1_002_nback4	125	Response	1	2367576	3319	2
28_06_1988_1_002_nback4	126	Picture	20	2382328	0	1	4144	3	0	4000	other	0
28_06_1988_1_002_nback4	126	Pulse	5	2385656	3328	2
28_06_1988_1_002_nback4	127	Picture	20	2400399	0	1	4144	3	0	4000	other	0
28_06_1988_1_002_nback4	127	Pulse	5	2405656	5257	2
28_06_1988_1_002_nback4	128	Picture	21	2418470	0	1	4144	3	0	4000	hit	266
28_06_1988_1_002_nback4	128	Response	1	2421965	3495	2
28_06_1988_1_002_nback4	128	Pulse	5	2425645	7175	2
28_06_1988_1_002_nback4	129	Picture	20	2436541	0	1	4144	3	0	4000	other	0
28_06_1988_1_002_nback4	129	Pulse	5	2445645	9104	2
28_06_1988_1_002_nback4	130	Picture	20	2454612	0	1	4144	2	0	4000	other	0
28_06_1988_1_002_nback4	130	Pulse	5	2465645	11033	2
28_06_1988_1_002_nback4	131	Picture	20	2472683	0	1	4144	2	0	4000	other	0
28_06_1988_1_002_nback4	131	Pulse	5	2485634	12951	2
28_06_1988_1_002_nback4	132	Picture	21	2490753	0	2	4145	3	0	4000	hit	275
28_06_1988_1_002_nback4	132	Response	1	2493954	3201	2
28_06_1988_1_002_nback4	132	Pulse	5	2505634	14881	2
28_06_1988_1_002_nback4	133	Picture	20	2508824	0	2	4145	3	0	4000	other	0
28_06_1988_1_002_nback4	133	Pulse	5	2525633	16809	2
28_06_1988_1_002_nback4	134	Picture	20	2526895	0	2	4145	3	0	4000	other	0
28_06_1988_1_002_nback4	135	Picture	21	2544966	0	2	4145	3	0	4000	hit	282
28_06_1988_1_002_nback4	135	Pulse	5	2545623	657	2
28_06_1988_1_002_nback4	135	Response	1	2549943	4977	2
28_06_1988_1_002_nback4	136	Picture	20	2563037	0	1	4145	2	0	4000	other	0
28_06_1988_1_002_nback4	136	Pulse	5	2565623	2586	2
28_06_1988_1_002_nback4	137	Picture	20	2581108	0	1	4145	2	0	4000	other	0
28_06_1988_1_002_nback4	137	Pulse	5	2585624	4516	1
