Scenario - 1-back
Logfile written - 03/01/2014 11:05:53

Subject	Trial	Event Type	Code	Time	TTime	Uncertainty	Duration	Uncertainty	ReqTime	ReqDur	Stim Type	Pair Index

28_06_1988_1_002_nback2	1	Pulse	5	120968	130802	1
28_06_1988_1_002_nback2	2	Pulse	5	141117	19979	2
28_06_1988_1_002_nback2	3	Picture	10	146172	0	1	4145	2	0	4000	other	0
28_06_1988_1_002_nback2	3	Pulse	5	161117	14945	2
28_06_1988_1_002_nback2	4	Picture	10	164243	0	1	4144	3	0	4000	other	0
28_06_1988_1_002_nback2	4	Pulse	5	181106	16863	3
28_06_1988_1_002_nback2	5	Picture	11	182314	0	1	4145	2	0	4000	hit	8
28_06_1988_1_002_nback2	5	Response	1	185426	3112	3
28_06_1988_1_002_nback2	6	Picture	10	200385	0	1	4145	2	0	4000	other	0
28_06_1988_1_002_nback2	6	Pulse	5	201106	721	2
28_06_1988_1_002_nback2	7	Picture	11	218456	0	1	4144	3	0	4000	hit	13
28_06_1988_1_002_nback2	7	Pulse	5	221106	2650	2
28_06_1988_1_002_nback2	7	Response	1	222386	3930	2
28_06_1988_1_002_nback2	8	Picture	10	236527	0	1	4144	3	0	4000	other	0
28_06_1988_1_002_nback2	8	Pulse	5	241105	4578	2
28_06_1988_1_002_nback2	9	Picture	10	254598	0	1	4144	3	0	4000	other	0
28_06_1988_1_002_nback2	9	Pulse	5	261095	6497	2
28_06_1988_1_002_nback2	10	Picture	10	272669	0	1	4144	3	0	4000	other	0
28_06_1988_1_002_nback2	10	Pulse	5	281095	8426	2
28_06_1988_1_002_nback2	11	Picture	11	290740	0	1	4144	2	0	4000	hit	21
28_06_1988_1_002_nback2	11	Response	1	294214	3474	3
28_06_1988_1_002_nback2	11	Pulse	5	301094	10354	2
28_06_1988_1_002_nback2	12	Picture	10	308810	0	2	4145	3	0	4000	other	0
28_06_1988_1_002_nback2	12	Pulse	5	321084	12274	2
28_06_1988_1_002_nback2	13	Picture	10	326881	0	2	4145	3	0	4000	other	0
28_06_1988_1_002_nback2	13	Pulse	5	341083	14202	2
28_06_1988_1_002_nback2	14	Picture	11	344952	0	2	4145	3	0	4000	hit	28
28_06_1988_1_002_nback2	14	Response	1	348283	3331	2
28_06_1988_1_002_nback2	14	Pulse	5	361083	16131	2
28_06_1988_1_002_nback2	15	Picture	10	363023	0	2	4145	3	0	4000	other	0
28_06_1988_1_002_nback2	15	Pulse	5	381073	18050	2
28_06_1988_1_002_nback2	16	Picture	10	381094	0	2	4145	3	0	4000	other	0
28_06_1988_1_002_nback2	17	Picture	10	399165	0	1	4145	2	0	4000	other	0
28_06_1988_1_002_nback2	17	Pulse	5	401072	1907	2
28_06_1988_1_002_nback2	18	Picture	10	417236	0	1	4145	2	0	4000	other	0
28_06_1988_1_002_nback2	18	Pulse	5	421072	3836	2
28_06_1988_1_002_nback2	19	Pulse	5	441062	5755	1
28_06_1988_1_002_nback2	20	Picture	30	460341	0	1	4145	2	0	4000	other	0
28_06_1988_1_002_nback2	20	Pulse	5	461061	720	2
28_06_1988_1_002_nback2	21	Picture	30	478412	0	1	4145	2	0	4000	other	0
28_06_1988_1_002_nback2	21	Pulse	5	481061	2649	2
28_06_1988_1_002_nback2	22	Picture	31	496483	0	1	4145	2	0	4000	hit	43
28_06_1988_1_002_nback2	22	Response	1	500090	3607	2
28_06_1988_1_002_nback2	22	Pulse	5	501050	4567	2
28_06_1988_1_002_nback2	23	Picture	30	514554	0	1	4145	2	0	4000	other	0
28_06_1988_1_002_nback2	23	Pulse	5	521050	6496	2
28_06_1988_1_002_nback2	24	Picture	30	532625	0	1	4145	2	0	4000	other	0
28_06_1988_1_002_nback2	24	Pulse	5	541050	8425	2
28_06_1988_1_002_nback2	25	Picture	30	550696	0	1	4145	2	0	4000	other	0
28_06_1988_1_002_nback2	25	Pulse	5	561039	10343	2
28_06_1988_1_002_nback2	26	Picture	31	568767	0	1	4145	2	0	4000	hit	52
28_06_1988_1_002_nback2	26	Response	1	572079	3312	2
28_06_1988_1_002_nback2	26	Pulse	5	581039	12272	2
28_06_1988_1_002_nback2	27	Picture	31	586838	0	1	4144	3	0	4000	hit	55
28_06_1988_1_002_nback2	27	Response	1	592080	5242	1
28_06_1988_1_002_nback2	27	Pulse	5	601039	14201	2
28_06_1988_1_002_nback2	28	Picture	30	604909	0	1	4145	2	0	4000	other	0
28_06_1988_1_002_nback2	28	Pulse	5	621028	16119	2
28_06_1988_1_002_nback2	29	Picture	30	622980	0	1	4144	3	0	4000	other	0
28_06_1988_1_002_nback2	29	Pulse	5	641028	18048	2
28_06_1988_1_002_nback2	30	Picture	30	641051	0	1	4144	3	0	4000	other	0
28_06_1988_1_002_nback2	31	Picture	31	659122	0	1	4144	3	0	4000	hit	64
28_06_1988_1_002_nback2	31	Pulse	5	661019	1897	1
28_06_1988_1_002_nback2	31	Response	1	662297	3175	3
28_06_1988_1_002_nback2	32	Picture	30	677193	0	1	4144	3	0	4000	other	0
28_06_1988_1_002_nback2	32	Pulse	5	681017	3824	2
28_06_1988_1_002_nback2	33	Picture	30	695264	0	1	4144	2	0	4000	other	0
28_06_1988_1_002_nback2	33	Pulse	5	701017	5753	2
28_06_1988_1_002_nback2	34	Picture	30	713334	0	2	4145	3	0	4000	other	0
28_06_1988_1_002_nback2	34	Pulse	5	721018	7684	1
28_06_1988_1_002_nback2	35	Picture	30	731405	0	2	4145	3	0	4000	other	0
28_06_1988_1_002_nback2	35	Pulse	5	741008	9603	1
28_06_1988_1_002_nback2	36	Pulse	5	761007	11531	1
28_06_1988_1_002_nback2	37	Picture	10	774510	0	2	4145	3	0	4000	other	0
28_06_1988_1_002_nback2	37	Pulse	5	781005	6495	2
28_06_1988_1_002_nback2	38	Picture	10	792581	0	2	4145	3	0	4000	other	0
28_06_1988_1_002_nback2	38	Pulse	5	800996	8415	1
28_06_1988_1_002_nback2	39	Picture	11	810652	0	2	4145	3	0	4000	hit	79
28_06_1988_1_002_nback2	39	Response	1	814915	4263	1
28_06_1988_1_002_nback2	39	Pulse	5	820994	10342	2
28_06_1988_1_002_nback2	40	Picture	10	828723	0	2	4145	3	0	4000	other	0
28_06_1988_1_002_nback2	40	Pulse	5	840994	12271	2
28_06_1988_1_002_nback2	41	Picture	11	846794	0	1	4145	2	0	4000	hit	84
28_06_1988_1_002_nback2	41	Response	1	850584	3790	2
28_06_1988_1_002_nback2	41	Pulse	5	860985	14191	1
28_06_1988_1_002_nback2	42	Picture	10	864865	0	1	4145	2	0	4000	other	0
28_06_1988_1_002_nback2	42	Pulse	5	880983	16118	2
28_06_1988_1_002_nback2	43	Picture	10	882936	0	1	4145	2	0	4000	other	0
28_06_1988_1_002_nback2	43	Pulse	5	900983	18047	2
28_06_1988_1_002_nback2	44	Picture	10	901007	0	1	4145	2	0	4000	other	0
28_06_1988_1_002_nback2	45	Picture	11	919078	0	1	4145	2	0	4000	hit	93
28_06_1988_1_002_nback2	45	Pulse	5	920973	1895	2
28_06_1988_1_002_nback2	45	Response	1	922413	3335	1
28_06_1988_1_002_nback2	46	Picture	10	937149	0	1	4145	2	0	4000	other	0
28_06_1988_1_002_nback2	46	Pulse	5	940972	3823	2
28_06_1988_1_002_nback2	47	Picture	10	955220	0	1	4145	2	0	4000	other	0
28_06_1988_1_002_nback2	47	Pulse	5	960972	5752	2
28_06_1988_1_002_nback2	48	Picture	11	973291	0	1	4145	2	0	4000	hit	99
28_06_1988_1_002_nback2	48	Response	1	976803	3512	1
28_06_1988_1_002_nback2	48	Pulse	5	980961	7670	2
28_06_1988_1_002_nback2	49	Picture	10	991361	0	2	4146	3	0	4000	other	0
28_06_1988_1_002_nback2	49	Pulse	5	1000961	9600	2
28_06_1988_1_002_nback2	50	Picture	10	1009433	0	1	4144	3	0	4000	other	0
28_06_1988_1_002_nback2	50	Pulse	5	1020961	11528	2
28_06_1988_1_002_nback2	51	Picture	10	1027504	0	1	4145	2	0	4000	other	0
28_06_1988_1_002_nback2	51	Pulse	5	1040951	13447	1
28_06_1988_1_002_nback2	52	Picture	10	1045575	0	1	4144	3	0	4000	other	0
28_06_1988_1_002_nback2	52	Pulse	5	1060950	15375	2
28_06_1988_1_002_nback2	53	Pulse	5	1080950	17304	1
28_06_1988_1_002_nback2	54	Picture	20	1088680	0	1	4144	3	0	4000	other	0
28_06_1988_1_002_nback2	54	Pulse	5	1100940	12260	1
28_06_1988_1_002_nback2	55	Picture	20	1106751	0	1	4144	3	0	4000	other	0
28_06_1988_1_002_nback2	55	Pulse	5	1120939	14188	2
28_06_1988_1_002_nback2	56	Picture	21	1124822	0	1	4144	3	0	4000	hit	115
28_06_1988_1_002_nback2	56	Response	1	1128139	3317	2
28_06_1988_1_002_nback2	56	Pulse	5	1140928	16106	3
28_06_1988_1_002_nback2	57	Picture	20	1142893	0	1	4144	2	0	4000	other	0
28_06_1988_1_002_nback2	57	Pulse	5	1160928	18035	2
28_06_1988_1_002_nback2	58	Picture	20	1160963	0	2	4145	3	0	4000	other	0
28_06_1988_1_002_nback2	59	Picture	20	1179034	0	2	4145	3	0	4000	other	0
28_06_1988_1_002_nback2	59	Pulse	5	1181088	2054	2
28_06_1988_1_002_nback2	60	Picture	21	1197105	0	2	4145	3	0	4000	hit	123
28_06_1988_1_002_nback2	60	Response	1	1200127	3022	2
28_06_1988_1_002_nback2	60	Pulse	5	1201087	3982	2
28_06_1988_1_002_nback2	61	Picture	20	1215176	0	2	4145	3	0	4000	other	0
28_06_1988_1_002_nback2	61	Pulse	5	1221077	5901	2
28_06_1988_1_002_nback2	62	Picture	20	1233247	0	1	4145	2	0	4000	other	0
28_06_1988_1_002_nback2	62	Pulse	5	1241077	7830	2
28_06_1988_1_002_nback2	63	Picture	20	1251318	0	1	4145	2	0	4000	other	0
28_06_1988_1_002_nback2	63	Pulse	5	1261076	9758	2
28_06_1988_1_002_nback2	64	Picture	20	1269389	0	2	4145	3	0	4000	other	0
28_06_1988_1_002_nback2	64	Pulse	5	1281066	11677	2
28_06_1988_1_002_nback2	65	Picture	20	1287460	0	1	4145	2	0	4000	other	0
28_06_1988_1_002_nback2	65	Pulse	5	1301065	13605	2
28_06_1988_1_002_nback2	66	Picture	21	1305531	0	1	4145	2	0	4000	hit	136
28_06_1988_1_002_nback2	66	Response	1	1310025	4494	2
28_06_1988_1_002_nback2	66	Pulse	5	1321065	15534	2
28_06_1988_1_002_nback2	67	Picture	20	1323602	0	1	4145	2	0	4000	other	0
28_06_1988_1_002_nback2	67	Pulse	5	1341055	17453	2
28_06_1988_1_002_nback2	68	Picture	20	1341673	0	1	4145	2	0	4000	other	0
28_06_1988_1_002_nback2	69	Picture	21	1359744	0	1	4145	2	0	4000	hit	143
28_06_1988_1_002_nback2	69	Pulse	5	1361054	1310	2
28_06_1988_1_002_nback2	69	Response	1	1363294	3550	2
28_06_1988_1_002_nback2	70	Pulse	5	1381054	3239	2
28_06_1988_1_002_nback2	70	Pulse	5	1401044	23229	1
28_06_1988_1_002_nback2	71	Picture	10	1402849	0	1	4145	2	0	4000	other	0
28_06_1988_1_002_nback2	72	Picture	10	1420920	0	1	4145	2	0	4000	other	0
28_06_1988_1_002_nback2	72	Pulse	5	1421043	123	2
28_06_1988_1_002_nback2	73	Picture	11	1438991	0	1	4145	2	0	4000	hit	151
28_06_1988_1_002_nback2	73	Pulse	5	1441043	2052	2
28_06_1988_1_002_nback2	73	Response	1	1442323	3332	2
28_06_1988_1_002_nback2	74	Picture	10	1457062	0	1	4144	3	0	4000	other	0
28_06_1988_1_002_nback2	74	Pulse	5	1461032	3970	2
28_06_1988_1_002_nback2	75	Picture	11	1475133	0	1	4144	3	0	4000	hit	155
28_06_1988_1_002_nback2	75	Response	1	1478792	3659	2
28_06_1988_1_002_nback2	75	Pulse	5	1481032	5899	2
28_06_1988_1_002_nback2	76	Picture	10	1493204	0	1	4144	3	0	4000	other	0
28_06_1988_1_002_nback2	76	Pulse	5	1501032	7828	2
28_06_1988_1_002_nback2	77	Picture	10	1511275	0	1	4144	3	0	4000	other	0
28_06_1988_1_002_nback2	77	Pulse	5	1521021	9746	2
28_06_1988_1_002_nback2	78	Picture	11	1529346	0	1	4144	3	0	4000	hit	162
28_06_1988_1_002_nback2	78	Response	1	1533021	3675	2
28_06_1988_1_002_nback2	78	Pulse	5	1541021	11675	2
28_06_1988_1_002_nback2	79	Picture	10	1547417	0	1	4144	3	0	4000	other	0
28_06_1988_1_002_nback2	79	Pulse	5	1561021	13604	1
28_06_1988_1_002_nback2	80	Picture	10	1565488	0	1	4144	2	0	4000	other	0
28_06_1988_1_002_nback2	80	Pulse	5	1581010	15522	2
28_06_1988_1_002_nback2	81	Picture	10	1583558	0	2	4145	3	0	4000	other	0
28_06_1988_1_002_nback2	81	Pulse	5	1601010	17452	2
28_06_1988_1_002_nback2	82	Picture	10	1601630	0	1	4144	2	0	4000	other	0
28_06_1988_1_002_nback2	83	Picture	10	1619700	0	2	4145	3	0	4000	other	0
28_06_1988_1_002_nback2	83	Pulse	5	1620999	1299	2
28_06_1988_1_002_nback2	84	Picture	11	1637771	0	2	4145	3	0	4000	hit	175
28_06_1988_1_002_nback2	84	Pulse	5	1640999	3228	2
28_06_1988_1_002_nback2	84	Response	1	1641319	3548	2
28_06_1988_1_002_nback2	85	Picture	10	1655842	0	2	4145	3	0	4000	other	0
28_06_1988_1_002_nback2	85	Pulse	5	1660999	5157	2
28_06_1988_1_002_nback2	86	Picture	10	1673913	0	1	4145	2	0	4000	other	0
28_06_1988_1_002_nback2	86	Pulse	5	1680990	7077	1
28_06_1988_1_002_nback2	87	Pulse	5	1700988	9004	2
28_06_1988_1_002_nback2	88	Picture	30	1717018	0	1	4145	2	0	4000	other	0
28_06_1988_1_002_nback2	88	Pulse	5	1720988	3970	2
28_06_1988_1_002_nback2	89	Picture	30	1735089	0	1	4145	2	0	4000	other	0
28_06_1988_1_002_nback2	89	Pulse	5	1740989	5900	1
28_06_1988_1_002_nback2	90	Picture	30	1753160	0	1	4145	2	0	4000	other	0
28_06_1988_1_002_nback2	90	Pulse	5	1760978	7818	1
28_06_1988_1_002_nback2	91	Picture	31	1771231	0	1	4145	2	0	4000	hit	188
28_06_1988_1_002_nback2	91	Response	1	1774417	3186	1
28_06_1988_1_002_nback2	91	Pulse	5	1780978	9747	1
28_06_1988_1_002_nback2	92	Picture	31	1789302	0	1	4145	2	0	4000	hit	191
28_06_1988_1_002_nback2	92	Response	1	1792976	3674	2
28_06_1988_1_002_nback2	92	Pulse	5	1800976	11674	2
28_06_1988_1_002_nback2	93	Picture	30	1807373	0	1	4145	2	0	4000	other	0
28_06_1988_1_002_nback2	93	Pulse	5	1820966	13593	2
28_06_1988_1_002_nback2	94	Picture	30	1825444	0	1	4145	2	0	4000	other	0
28_06_1988_1_002_nback2	94	Pulse	5	1840965	15521	2
28_06_1988_1_002_nback2	95	Picture	30	1843515	0	1	4145	2	0	4000	other	0
28_06_1988_1_002_nback2	95	Pulse	5	1860965	17450	2
28_06_1988_1_002_nback2	96	Picture	31	1861586	0	1	4145	2	0	4000	hit	200
28_06_1988_1_002_nback2	96	Response	1	1866395	4809	2
28_06_1988_1_002_nback2	97	Picture	30	1879657	0	1	4144	3	0	4000	other	0
28_06_1988_1_002_nback2	97	Pulse	5	1880955	1298	1
28_06_1988_1_002_nback2	98	Picture	30	1897728	0	1	4142	9	0	4000	other	0
28_06_1988_1_002_nback2	98	Pulse	5	1900954	3226	2
28_06_1988_1_002_nback2	99	Picture	30	1915799	0	1	4144	3	0	4000	other	0
28_06_1988_1_002_nback2	99	Pulse	5	1920954	5155	2
28_06_1988_1_002_nback2	100	Picture	30	1933870	0	1	4144	3	0	4000	other	0
28_06_1988_1_002_nback2	100	Pulse	5	1940943	7073	2
28_06_1988_1_002_nback2	101	Picture	31	1951941	0	1	4144	3	0	4000	hit	210
28_06_1988_1_002_nback2	101	Response	1	1955023	3082	2
28_06_1988_1_002_nback2	101	Pulse	5	1960943	9002	2
28_06_1988_1_002_nback2	102	Picture	30	1970012	0	1	4144	2	0	4000	other	0
28_06_1988_1_002_nback2	102	Pulse	5	1980943	10931	2
28_06_1988_1_002_nback2	103	Picture	30	1988083	0	1	4144	2	0	4000	other	0
28_06_1988_1_002_nback2	103	Pulse	5	2000932	12849	2
28_06_1988_1_002_nback2	104	Pulse	5	2020932	14778	2
28_06_1988_1_002_nback2	105	Picture	10	2031188	0	1	4144	3	0	4000	other	0
28_06_1988_1_002_nback2	105	Pulse	5	2040931	9743	2
28_06_1988_1_002_nback2	106	Picture	10	2049259	0	1	4144	2	0	4000	other	0
28_06_1988_1_002_nback2	106	Pulse	5	2060922	11663	1
28_06_1988_1_002_nback2	107	Picture	11	2067329	0	2	4145	3	0	4000	hit	222
28_06_1988_1_002_nback2	107	Response	1	2070521	3192	2
28_06_1988_1_002_nback2	107	Pulse	5	2080921	13592	2
28_06_1988_1_002_nback2	108	Picture	10	2085400	0	2	4145	3	0	4000	other	0
28_06_1988_1_002_nback2	108	Pulse	5	2100910	15510	2
28_06_1988_1_002_nback2	109	Picture	11	2103470	0	3	4146	4	0	4000	hit	227
28_06_1988_1_002_nback2	109	Response	1	2107150	3680	2
28_06_1988_1_002_nback2	109	Pulse	5	2120910	17440	2
28_06_1988_1_002_nback2	110	Picture	10	2121542	0	2	4145	3	0	4000	other	0
28_06_1988_1_002_nback2	111	Picture	10	2139613	0	2	4145	3	0	4000	other	0
28_06_1988_1_002_nback2	111	Pulse	5	2140910	1297	2
28_06_1988_1_002_nback2	112	Picture	11	2157684	0	1	4145	2	0	4000	hit	234
28_06_1988_1_002_nback2	112	Pulse	5	2160909	3225	2
28_06_1988_1_002_nback2	112	Response	1	2161549	3865	3
28_06_1988_1_002_nback2	113	Picture	10	2175755	0	1	4145	2	0	4000	other	0
28_06_1988_1_002_nback2	113	Pulse	5	2180899	5144	2
28_06_1988_1_002_nback2	114	Picture	10	2193826	0	1	4145	2	0	4000	other	0
28_06_1988_1_002_nback2	114	Pulse	5	2200899	7073	2
28_06_1988_1_002_nback2	115	Picture	10	2211897	0	1	4145	2	0	4000	other	0
28_06_1988_1_002_nback2	115	Pulse	5	2221058	9161	2
28_06_1988_1_002_nback2	116	Picture	10	2229968	0	1	4145	2	0	4000	other	0
28_06_1988_1_002_nback2	116	Pulse	5	2241048	11080	2
28_06_1988_1_002_nback2	117	Picture	10	2248039	0	1	4145	2	0	4000	other	0
28_06_1988_1_002_nback2	117	Pulse	5	2261047	13008	2
28_06_1988_1_002_nback2	118	Picture	11	2266110	0	1	4145	2	0	4000	hit	246
28_06_1988_1_002_nback2	118	Response	1	2269207	3097	2
28_06_1988_1_002_nback2	118	Pulse	5	2281047	14937	2
28_06_1988_1_002_nback2	119	Picture	10	2284181	0	1	4145	2	0	4000	other	0
28_06_1988_1_002_nback2	119	Pulse	5	2301037	16856	1
28_06_1988_1_002_nback2	120	Picture	10	2302252	0	1	4145	2	0	4000	other	0
28_06_1988_1_002_nback2	121	Pulse	5	2321036	713	2
28_06_1988_1_002_nback2	121	Pulse	5	2341036	20713	2
28_06_1988_1_002_nback2	122	Picture	20	2345357	0	1	4145	2	0	4000	other	0
28_06_1988_1_002_nback2	122	Pulse	5	2361026	15669	1
28_06_1988_1_002_nback2	123	Picture	20	2363428	0	1	4144	3	0	4000	other	0
28_06_1988_1_002_nback2	123	Pulse	5	2381025	17597	2
28_06_1988_1_002_nback2	124	Picture	20	2381499	0	1	4144	3	0	4000	other	0
28_06_1988_1_002_nback2	125	Picture	21	2399570	0	1	4144	3	0	4000	hit	260
28_06_1988_1_002_nback2	125	Pulse	5	2401025	1455	2
28_06_1988_1_002_nback2	125	Response	1	2402615	3045	2
28_06_1988_1_002_nback2	126	Picture	20	2417641	0	1	4144	3	0	4000	other	0
28_06_1988_1_002_nback2	126	Pulse	5	2421014	3373	2
28_06_1988_1_002_nback2	127	Picture	20	2435712	0	1	4144	3	0	4000	other	0
28_06_1988_1_002_nback2	127	Pulse	5	2441014	5302	2
28_06_1988_1_002_nback2	128	Picture	21	2453783	0	1	4144	2	0	4000	hit	266
28_06_1988_1_002_nback2	128	Response	1	2457814	4031	2
28_06_1988_1_002_nback2	128	Pulse	5	2461014	7231	1
28_06_1988_1_002_nback2	129	Picture	20	2471853	0	2	4145	4	0	4000	other	0
28_06_1988_1_002_nback2	129	Pulse	5	2481003	9150	2
28_06_1988_1_002_nback2	130	Picture	20	2489925	0	1	4144	2	0	4000	other	0
28_06_1988_1_002_nback2	130	Pulse	5	2501003	11078	2
28_06_1988_1_002_nback2	131	Picture	20	2507995	0	2	4145	3	0	4000	other	0
28_06_1988_1_002_nback2	131	Pulse	5	2521003	13008	1
28_06_1988_1_002_nback2	132	Picture	21	2526066	0	2	4145	3	0	4000	hit	275
28_06_1988_1_002_nback2	132	Response	1	2529312	3246	2
28_06_1988_1_002_nback2	132	Pulse	5	2540993	14927	1
28_06_1988_1_002_nback2	133	Picture	20	2544137	0	2	4145	3	0	4000	other	0
28_06_1988_1_002_nback2	133	Pulse	5	2560992	16855	2
28_06_1988_1_002_nback2	134	Picture	20	2562208	0	1	4145	2	0	4000	other	0
28_06_1988_1_002_nback2	135	Picture	21	2580279	0	1	4145	2	0	4000	hit	282
28_06_1988_1_002_nback2	135	Pulse	5	2580981	702	3
28_06_1988_1_002_nback2	135	Response	1	2583701	3422	2
28_06_1988_1_002_nback2	136	Picture	20	2598350	0	1	4145	2	0	4000	other	0
28_06_1988_1_002_nback2	136	Pulse	5	2600981	2631	2
28_06_1988_1_002_nback2	137	Picture	20	2616421	0	2	4145	3	0	4000	other	0
28_06_1988_1_002_nback2	137	Pulse	5	2620981	4560	2
