Scenario - 1-back
Logfile written - 02/21/2014 14:42:38

Subject	Trial	Event Type	Code	Time	TTime	Uncertainty	Duration	Uncertainty	ReqTime	ReqDur	Stim Type	Pair Index

Harmonia_001_nback3	1	Pulse	5	100855	110689	2
Harmonia_001_nback3	2	Pulse	5	120845	19933	2
Harmonia_001_nback3	3	Picture	10	125946	0	1	4145	2	0	4000	other	0
Harmonia_001_nback3	3	Pulse	5	140845	14899	2
Harmonia_001_nback3	4	Picture	10	144017	0	1	4145	2	0	4000	other	0
Harmonia_001_nback3	4	Pulse	5	160844	16827	2
Harmonia_001_nback3	5	Picture	11	162088	0	1	4145	2	0	4000	hit	8
Harmonia_001_nback3	5	Response	1	167074	4986	2
Harmonia_001_nback3	6	Picture	10	180159	0	1	4145	2	0	4000	other	0
Harmonia_001_nback3	6	Pulse	5	180834	675	2
Harmonia_001_nback3	7	Picture	11	198230	0	1	4145	2	0	4000	hit	13
Harmonia_001_nback3	7	Pulse	5	200834	2604	2
Harmonia_001_nback3	7	Response	1	202434	4204	2
Harmonia_001_nback3	8	Picture	10	216301	0	1	4145	2	0	4000	other	0
Harmonia_001_nback3	8	Pulse	5	220833	4532	3
Harmonia_001_nback3	9	Picture	10	234372	0	1	4145	2	0	4000	other	0
Harmonia_001_nback3	9	Pulse	5	240823	6451	2
Harmonia_001_nback3	10	Picture	10	252443	0	1	4145	2	0	4000	other	0
Harmonia_001_nback3	10	Pulse	5	260823	8380	2
Harmonia_001_nback3	11	Picture	11	270514	0	1	4145	2	0	4000	hit	21
Harmonia_001_nback3	11	Response	1	274103	3589	2
Harmonia_001_nback3	11	Pulse	5	280823	10309	2
Harmonia_001_nback3	12	Picture	10	288585	0	1	4145	2	0	4000	other	0
Harmonia_001_nback3	12	Pulse	5	300812	12227	2
Harmonia_001_nback3	13	Picture	10	306656	0	1	4145	2	0	4000	other	0
Harmonia_001_nback3	13	Pulse	5	320812	14156	2
Harmonia_001_nback3	14	Picture	11	324727	0	1	4145	2	0	4000	hit	28
Harmonia_001_nback3	14	Response	1	328972	4245	2
Harmonia_001_nback3	14	Pulse	5	340812	16085	1
Harmonia_001_nback3	15	Picture	10	342798	0	1	4145	2	0	4000	other	0
Harmonia_001_nback3	15	Pulse	5	360798	18000	9
Harmonia_001_nback3	16	Picture	10	360869	0	1	4145	2	0	4000	other	0
Harmonia_001_nback3	17	Picture	10	378940	0	1	4145	2	0	4000	other	0
Harmonia_001_nback3	17	Pulse	5	380801	1861	2
Harmonia_001_nback3	18	Picture	10	397011	0	1	4145	2	0	4000	other	0
Harmonia_001_nback3	18	Pulse	5	400801	3790	2
Harmonia_001_nback3	19	Pulse	5	420790	5708	2
Harmonia_001_nback3	20	Picture	20	440116	0	2	4145	3	0	4000	other	0
Harmonia_001_nback3	20	Pulse	5	440790	674	2
Harmonia_001_nback3	21	Picture	20	458187	0	2	4145	3	0	4000	other	0
Harmonia_001_nback3	21	Pulse	5	460790	2603	2
Harmonia_001_nback3	22	Picture	21	476258	0	2	4145	3	0	4000	hit	43
Harmonia_001_nback3	22	Response	1	480779	4521	2
Harmonia_001_nback3	22	Pulse	5	480779	4521	2
Harmonia_001_nback3	23	Picture	20	494329	0	2	4145	3	0	4000	other	0
Harmonia_001_nback3	23	Pulse	5	500779	6450	2
Harmonia_001_nback3	24	Picture	20	512400	0	1	4145	2	0	4000	other	0
Harmonia_001_nback3	24	Pulse	5	520939	8539	2
Harmonia_001_nback3	25	Picture	20	530471	0	2	4145	3	0	4000	other	0
Harmonia_001_nback3	25	Pulse	5	540929	10458	1
Harmonia_001_nback3	26	Picture	21	548542	0	2	4145	3	0	4000	hit	52
Harmonia_001_nback3	26	Response	1	551808	3266	2
Harmonia_001_nback3	26	Pulse	5	560928	12386	2
Harmonia_001_nback3	27	Picture	20	566613	0	2	4145	3	0	4000	other	0
Harmonia_001_nback3	27	Pulse	5	580928	14315	2
Harmonia_001_nback3	28	Picture	20	584684	0	2	4145	3	0	4000	other	0
Harmonia_001_nback3	28	Pulse	5	600918	16234	1
Harmonia_001_nback3	29	Picture	20	602755	0	2	4145	3	0	4000	other	0
Harmonia_001_nback3	30	Picture	20	620826	0	2	4145	3	0	4000	other	0
Harmonia_001_nback3	30	Pulse	5	620918	92	1
Harmonia_001_nback3	31	Picture	20	638897	0	2	4145	3	0	4000	other	0
Harmonia_001_nback3	31	Pulse	5	640917	2020	2
Harmonia_001_nback3	32	Picture	21	656968	0	2	4145	3	0	4000	hit	65
Harmonia_001_nback3	32	Pulse	5	660907	3939	2
Harmonia_001_nback3	32	Response	1	661067	4099	2
Harmonia_001_nback3	33	Picture	20	675039	0	2	4145	3	0	4000	other	0
Harmonia_001_nback3	33	Pulse	5	680906	5867	2
Harmonia_001_nback3	34	Picture	20	693110	0	2	4145	3	0	4000	other	0
Harmonia_001_nback3	34	Pulse	5	700906	7796	2
Harmonia_001_nback3	35	Picture	21	711181	0	2	4145	3	0	4000	hit	71
Harmonia_001_nback3	35	Response	1	718176	6995	2
Harmonia_001_nback3	35	Pulse	5	720896	9715	2
Harmonia_001_nback3	36	Pulse	5	740896	11644	1
Harmonia_001_nback3	37	Picture	10	754287	0	1	4144	2	0	4000	other	0
Harmonia_001_nback3	37	Pulse	5	760895	6608	2
Harmonia_001_nback3	38	Picture	10	772358	0	1	4144	3	0	4000	other	0
Harmonia_001_nback3	38	Pulse	5	780885	8527	2
Harmonia_001_nback3	39	Picture	11	790429	0	1	4144	2	0	4000	hit	79
Harmonia_001_nback3	39	Response	1	794645	4216	1
Harmonia_001_nback3	39	Pulse	5	800884	10455	2
Harmonia_001_nback3	40	Picture	10	808499	0	2	4145	3	0	4000	other	0
Harmonia_001_nback3	40	Pulse	5	820884	12385	2
Harmonia_001_nback3	41	Picture	11	826570	0	2	4145	3	0	4000	hit	84
Harmonia_001_nback3	41	Response	1	831114	4544	2
Harmonia_001_nback3	41	Pulse	5	840874	14304	2
Harmonia_001_nback3	42	Picture	10	844642	0	1	4144	3	0	4000	other	0
Harmonia_001_nback3	42	Pulse	5	860873	16231	2
Harmonia_001_nback3	43	Picture	10	862713	0	1	4144	2	0	4000	other	0
Harmonia_001_nback3	44	Picture	10	880784	0	1	4144	2	0	4000	other	0
Harmonia_001_nback3	44	Pulse	5	880873	89	2
Harmonia_001_nback3	45	Picture	11	898855	0	1	4144	2	0	4000	hit	93
Harmonia_001_nback3	45	Pulse	5	900863	2008	2
Harmonia_001_nback3	45	Response	1	902943	4088	2
Harmonia_001_nback3	46	Picture	10	916926	0	1	4144	2	0	4000	other	0
Harmonia_001_nback3	46	Pulse	5	920863	3937	1
Harmonia_001_nback3	47	Picture	10	934997	0	1	4144	2	0	4000	other	0
Harmonia_001_nback3	47	Pulse	5	940862	5865	2
Harmonia_001_nback3	48	Picture	11	953068	0	1	4144	3	0	4000	hit	99
Harmonia_001_nback3	48	Response	1	957012	3944	2
Harmonia_001_nback3	48	Pulse	5	960853	7785	1
Harmonia_001_nback3	49	Picture	10	971138	0	2	4145	3	0	4000	other	0
Harmonia_001_nback3	49	Pulse	5	980852	9714	1
Harmonia_001_nback3	50	Picture	10	989210	0	1	4144	3	0	4000	other	0
Harmonia_001_nback3	50	Pulse	5	1000851	11641	2
Harmonia_001_nback3	51	Picture	10	1007280	0	2	4145	3	0	4000	other	0
Harmonia_001_nback3	51	Pulse	5	1020840	13560	3
Harmonia_001_nback3	52	Picture	10	1025352	0	1	4144	3	0	4000	other	0
Harmonia_001_nback3	52	Pulse	5	1040841	15489	1
Harmonia_001_nback3	53	Pulse	5	1060841	17418	1
Harmonia_001_nback3	54	Picture	30	1068457	0	1	4144	3	0	4000	other	0
Harmonia_001_nback3	54	Pulse	5	1080830	12373	2
Harmonia_001_nback3	55	Picture	30	1086528	0	1	4144	3	0	4000	other	0
Harmonia_001_nback3	55	Pulse	5	1100830	14302	2
Harmonia_001_nback3	56	Picture	31	1104599	0	1	4144	3	0	4000	hit	115
Harmonia_001_nback3	56	Response	1	1108030	3431	1
Harmonia_001_nback3	56	Pulse	5	1120830	16231	1
Harmonia_001_nback3	57	Picture	30	1122670	0	1	4144	3	0	4000	other	0
Harmonia_001_nback3	58	Picture	30	1140741	0	1	4144	3	0	4000	other	0
Harmonia_001_nback3	58	Pulse	5	1140819	78	2
Harmonia_001_nback3	59	Picture	30	1158812	0	1	4144	3	0	4000	other	0
Harmonia_001_nback3	59	Pulse	5	1160819	2007	2
Harmonia_001_nback3	60	Picture	31	1176883	0	1	4144	3	0	4000	hit	123
Harmonia_001_nback3	60	Response	1	1180818	3935	3
Harmonia_001_nback3	60	Pulse	5	1180818	3935	3
Harmonia_001_nback3	61	Picture	31	1194954	0	1	4144	3	0	4000	hit	127
Harmonia_001_nback3	61	Pulse	5	1200808	5854	2
Harmonia_001_nback3	61	Response	1	1203528	8574	2
Harmonia_001_nback3	62	Picture	30	1213025	0	1	4144	3	0	4000	other	0
Harmonia_001_nback3	62	Pulse	5	1220808	7783	2
Harmonia_001_nback3	63	Picture	30	1231096	0	1	4144	3	0	4000	other	0
Harmonia_001_nback3	63	Pulse	5	1240808	9712	2
Harmonia_001_nback3	64	Picture	30	1249167	0	1	4144	3	0	4000	other	0
Harmonia_001_nback3	64	Pulse	5	1260797	11630	2
Harmonia_001_nback3	65	Picture	31	1267238	0	1	4144	3	0	4000	hit	135
Harmonia_001_nback3	65	Response	1	1272957	5719	2
Harmonia_001_nback3	65	Pulse	5	1280797	13559	2
Harmonia_001_nback3	66	Picture	30	1285309	0	1	4144	3	0	4000	other	0
Harmonia_001_nback3	66	Pulse	5	1300797	15488	1
Harmonia_001_nback3	67	Picture	30	1303380	0	1	4144	3	0	4000	other	0
Harmonia_001_nback3	67	Pulse	5	1320787	17407	1
Harmonia_001_nback3	68	Picture	30	1321451	0	1	4144	3	0	4000	other	0
Harmonia_001_nback3	69	Picture	30	1339522	0	1	4144	3	0	4000	other	0
Harmonia_001_nback3	69	Pulse	5	1340786	1264	2
Harmonia_001_nback3	70	Pulse	5	1360786	3193	1
Harmonia_001_nback3	70	Pulse	5	1380775	23182	2
Harmonia_001_nback3	71	Picture	10	1382627	0	1	4145	2	0	4000	other	0
Harmonia_001_nback3	72	Picture	10	1400698	0	1	4145	2	0	4000	false_alarm	149
Harmonia_001_nback3	72	Pulse	5	1400775	77	2
Harmonia_001_nback3	72	Response	1	1404616	3918	1
Harmonia_001_nback3	73	Picture	11	1418769	0	1	4145	2	0	4000	hit	152
Harmonia_001_nback3	73	Pulse	5	1420775	2006	2
Harmonia_001_nback3	73	Response	1	1423655	4886	2
Harmonia_001_nback3	74	Picture	10	1436840	0	1	4145	2	0	4000	other	0
Harmonia_001_nback3	74	Pulse	5	1440764	3924	2
Harmonia_001_nback3	75	Picture	11	1454911	0	1	4145	2	0	4000	hit	156
Harmonia_001_nback3	75	Response	1	1459804	4893	2
Harmonia_001_nback3	75	Pulse	5	1460764	5853	2
Harmonia_001_nback3	76	Picture	10	1472982	0	1	4145	2	0	4000	other	0
Harmonia_001_nback3	76	Pulse	5	1480764	7782	2
Harmonia_001_nback3	77	Picture	10	1491053	0	1	4145	2	0	4000	other	0
Harmonia_001_nback3	77	Pulse	5	1500753	9700	2
Harmonia_001_nback3	78	Picture	11	1509124	0	1	4145	2	0	4000	hit	163
Harmonia_001_nback3	78	Response	1	1512914	3790	1
Harmonia_001_nback3	78	Pulse	5	1520753	11629	2
Harmonia_001_nback3	79	Picture	10	1527195	0	1	4145	2	0	4000	other	0
Harmonia_001_nback3	79	Pulse	5	1540753	13558	2
Harmonia_001_nback3	80	Picture	10	1545266	0	1	4145	2	0	4000	other	0
Harmonia_001_nback3	80	Pulse	5	1560902	15636	2
Harmonia_001_nback3	81	Picture	10	1563337	0	1	4145	2	0	4000	other	0
Harmonia_001_nback3	81	Pulse	5	1580903	17566	1
Harmonia_001_nback3	82	Picture	10	1581408	0	1	4145	2	0	4000	other	0
Harmonia_001_nback3	83	Picture	10	1599479	0	1	4145	2	0	4000	other	0
Harmonia_001_nback3	83	Pulse	5	1600892	1413	2
Harmonia_001_nback3	84	Picture	11	1617550	0	1	4145	2	0	4000	hit	176
Harmonia_001_nback3	84	Pulse	5	1620892	3342	2
Harmonia_001_nback3	84	Response	1	1622012	4462	2
Harmonia_001_nback3	85	Picture	10	1635621	0	1	4145	2	0	4000	other	0
Harmonia_001_nback3	85	Pulse	5	1640891	5270	2
Harmonia_001_nback3	86	Picture	10	1653691	0	2	4146	3	0	4000	other	0
Harmonia_001_nback3	86	Pulse	5	1660891	7200	2
Harmonia_001_nback3	87	Pulse	5	1680881	9118	2
Harmonia_001_nback3	88	Picture	20	1696797	0	1	4145	2	0	4000	other	0
Harmonia_001_nback3	88	Pulse	5	1700880	4083	2
Harmonia_001_nback3	89	Picture	20	1714868	0	1	4145	2	0	4000	other	0
Harmonia_001_nback3	89	Pulse	5	1720880	6012	2
Harmonia_001_nback3	90	Picture	20	1732939	0	1	4145	2	0	4000	other	0
Harmonia_001_nback3	90	Pulse	5	1740870	7931	2
Harmonia_001_nback3	91	Picture	21	1751010	0	1	4145	2	0	4000	hit	189
Harmonia_001_nback3	91	Response	1	1755909	4899	2
Harmonia_001_nback3	91	Pulse	5	1760869	9859	2
Harmonia_001_nback3	92	Picture	20	1769081	0	1	4145	2	0	4000	other	0
Harmonia_001_nback3	92	Pulse	5	1780869	11788	2
Harmonia_001_nback3	93	Picture	20	1787152	0	1	4145	2	0	4000	other	0
Harmonia_001_nback3	93	Pulse	5	1800859	13707	2
Harmonia_001_nback3	94	Picture	21	1805223	0	1	4145	2	0	4000	hit	196
Harmonia_001_nback3	94	Response	1	1808859	3636	1
Harmonia_001_nback3	94	Pulse	5	1820858	15635	2
Harmonia_001_nback3	95	Picture	20	1823294	0	1	4145	2	0	4000	other	0
Harmonia_001_nback3	95	Pulse	5	1840858	17564	2
Harmonia_001_nback3	96	Picture	20	1841365	0	1	4145	2	0	4000	other	0
Harmonia_001_nback3	97	Picture	20	1859436	0	1	4145	2	0	4000	other	0
Harmonia_001_nback3	97	Pulse	5	1860849	1413	1
Harmonia_001_nback3	98	Picture	21	1877507	0	1	4145	2	0	4000	hit	205
Harmonia_001_nback3	98	Pulse	5	1880847	3340	2
Harmonia_001_nback3	98	Response	1	1883407	5900	2
Harmonia_001_nback3	99	Picture	20	1895578	0	1	4145	2	0	4000	other	0
Harmonia_001_nback3	99	Pulse	5	1900847	5269	2
Harmonia_001_nback3	100	Picture	20	1913649	0	1	4145	2	0	4000	other	0
Harmonia_001_nback3	100	Pulse	5	1920837	7188	2
Harmonia_001_nback3	101	Picture	21	1931720	0	1	4145	2	0	4000	hit	211
Harmonia_001_nback3	101	Response	1	1935877	4157	1
Harmonia_001_nback3	101	Pulse	5	1940837	9117	1
Harmonia_001_nback3	102	Picture	20	1949791	0	1	4145	2	0	4000	other	0
Harmonia_001_nback3	102	Pulse	5	1960836	11045	2
Harmonia_001_nback3	103	Picture	20	1967862	0	1	4144	3	0	4000	other	0
Harmonia_001_nback3	103	Pulse	5	1980826	12964	2
Harmonia_001_nback3	104	Pulse	5	2000826	14893	2
Harmonia_001_nback3	105	Picture	10	2010967	0	1	4145	2	0	4000	other	0
Harmonia_001_nback3	105	Pulse	5	2020825	9858	2
Harmonia_001_nback3	106	Picture	10	2029038	0	1	4145	2	0	4000	other	0
Harmonia_001_nback3	106	Pulse	5	2040815	11777	2
Harmonia_001_nback3	107	Picture	11	2047109	0	1	4145	2	0	4000	hit	223
Harmonia_001_nback3	107	Response	1	2051216	4107	1
Harmonia_001_nback3	107	Pulse	5	2060815	13706	2
Harmonia_001_nback3	108	Picture	10	2065180	0	1	4145	2	0	4000	other	0
Harmonia_001_nback3	108	Pulse	5	2080804	15624	2
Harmonia_001_nback3	109	Picture	11	2083251	0	1	4145	2	0	4000	hit	228
Harmonia_001_nback3	109	Response	1	2088324	5073	2
Harmonia_001_nback3	109	Pulse	5	2100804	17553	2
Harmonia_001_nback3	110	Picture	10	2101322	0	1	4145	2	0	4000	other	0
Harmonia_001_nback3	111	Picture	10	2119393	0	1	4145	2	0	4000	other	0
Harmonia_001_nback3	111	Pulse	5	2120804	1411	2
Harmonia_001_nback3	112	Picture	11	2137464	0	1	4145	2	0	4000	hit	235
Harmonia_001_nback3	112	Pulse	5	2140803	3339	2
Harmonia_001_nback3	112	Response	1	2141923	4459	2
Harmonia_001_nback3	113	Picture	10	2155535	0	1	4145	2	0	4000	other	0
Harmonia_001_nback3	113	Pulse	5	2160793	5258	2
Harmonia_001_nback3	114	Picture	10	2173606	0	1	4145	2	0	4000	other	0
Harmonia_001_nback3	114	Pulse	5	2180793	7187	2
Harmonia_001_nback3	115	Picture	10	2191677	0	1	4145	2	0	4000	other	0
Harmonia_001_nback3	115	Pulse	5	2200792	9115	3
Harmonia_001_nback3	116	Picture	10	2209748	0	1	4145	2	0	4000	other	0
Harmonia_001_nback3	116	Pulse	5	2220782	11034	2
Harmonia_001_nback3	117	Picture	10	2227819	0	1	4145	2	0	4000	other	0
Harmonia_001_nback3	117	Pulse	5	2240782	12963	2
Harmonia_001_nback3	118	Picture	11	2245890	0	1	4145	2	0	4000	hit	247
Harmonia_001_nback3	118	Response	1	2249262	3372	2
Harmonia_001_nback3	118	Pulse	5	2260782	14892	1
Harmonia_001_nback3	119	Picture	10	2263961	0	1	4145	2	0	4000	other	0
Harmonia_001_nback3	119	Pulse	5	2280771	16810	2
Harmonia_001_nback3	120	Picture	10	2282032	0	1	4145	2	0	4000	other	0
Harmonia_001_nback3	121	Pulse	5	2300771	668	2
Harmonia_001_nback3	121	Pulse	5	2320771	20668	1
Harmonia_001_nback3	122	Picture	30	2325137	0	2	4145	3	0	4000	other	0
Harmonia_001_nback3	122	Pulse	5	2340760	15623	2
Harmonia_001_nback3	123	Picture	30	2343208	0	2	4145	3	0	4000	other	0
Harmonia_001_nback3	123	Pulse	5	2360760	17552	2
Harmonia_001_nback3	124	Picture	30	2361279	0	2	4145	3	0	4000	other	0
Harmonia_001_nback3	125	Picture	31	2379350	0	2	4145	3	0	4000	hit	261
Harmonia_001_nback3	125	Pulse	5	2380760	1410	2
Harmonia_001_nback3	125	Response	1	2382680	3330	1
Harmonia_001_nback3	126	Picture	31	2397421	0	2	4145	3	0	4000	hit	264
Harmonia_001_nback3	126	Pulse	5	2400749	3328	2
Harmonia_001_nback3	126	Response	1	2402029	4608	2
Harmonia_001_nback3	127	Picture	30	2415492	0	2	4145	3	0	4000	other	0
Harmonia_001_nback3	127	Pulse	5	2420750	5258	1
Harmonia_001_nback3	128	Picture	30	2433563	0	2	4145	3	0	4000	other	0
Harmonia_001_nback3	128	Pulse	5	2440749	7186	2
Harmonia_001_nback3	129	Picture	30	2451634	0	2	4144	4	0	4000	other	0
Harmonia_001_nback3	129	Pulse	5	2460738	9104	2
Harmonia_001_nback3	130	Picture	31	2469705	0	2	4145	3	0	4000	hit	272
Harmonia_001_nback3	130	Response	1	2473538	3833	2
Harmonia_001_nback3	130	Pulse	5	2480738	11033	2
Harmonia_001_nback3	131	Picture	30	2487776	0	2	4145	3	0	4000	other	0
Harmonia_001_nback3	131	Pulse	5	2500738	12962	2
Harmonia_001_nback3	132	Picture	30	2505847	0	2	4145	3	0	4000	false_alarm	277
Harmonia_001_nback3	132	Response	1	2511288	5441	1
Harmonia_001_nback3	132	Pulse	5	2520727	14880	2
Harmonia_001_nback3	133	Picture	30	2523918	0	2	4145	3	0	4000	other	0
Harmonia_001_nback3	133	Pulse	5	2540727	16809	2
Harmonia_001_nback3	134	Picture	30	2541989	0	2	4145	3	0	4000	other	0
Harmonia_001_nback3	135	Picture	31	2560060	0	2	4145	3	0	4000	hit	284
Harmonia_001_nback3	135	Pulse	5	2560717	657	2
Harmonia_001_nback3	135	Response	1	2565677	5617	2
Harmonia_001_nback3	136	Picture	30	2578131	0	2	4145	3	0	4000	other	0
Harmonia_001_nback3	136	Pulse	5	2580717	2586	2
Harmonia_001_nback3	137	Picture	30	2596202	0	2	4145	3	0	4000	false_alarm	289
Harmonia_001_nback3	137	Pulse	5	2600876	4674	2
Harmonia_001_nback3	137	Response	1	2602156	5954	2
