Scenario - 1-back
Logfile written - 05/31/2014 16:44:32

Subject	Trial	Event Type	Code	Time	TTime	Uncertainty	Duration	Uncertainty	ReqTime	ReqDur	Stim Type	Pair Index

nback_125_03_1988_1_012	1	Pulse	5	105452	115286	2
nback_125_03_1988_1_012	2	Pulse	5	125452	19898	2
nback_125_03_1988_1_012	3	Picture	10	130588	0	1	4145	2	0	4000	other	0
nback_125_03_1988_1_012	3	Pulse	5	145441	14853	2
nback_125_03_1988_1_012	4	Picture	10	148659	0	1	4145	2	0	4000	other	0
nback_125_03_1988_1_012	4	Pulse	5	165441	16782	2
nback_125_03_1988_1_012	5	Picture	11	166730	0	1	4145	2	0	4000	hit	8
nback_125_03_1988_1_012	5	Response	1	169921	3191	2
nback_125_03_1988_1_012	6	Picture	10	184801	0	2	4144	4	0	4000	other	0
nback_125_03_1988_1_012	6	Pulse	5	185441	640	1
nback_125_03_1988_1_012	7	Picture	11	202872	0	1	4144	3	0	4000	hit	13
nback_125_03_1988_1_012	7	Pulse	5	205428	2556	4
nback_125_03_1988_1_012	7	Response	1	206070	3198	2
nback_125_03_1988_1_012	8	Picture	10	220943	0	1	4144	3	0	4000	other	0
nback_125_03_1988_1_012	8	Pulse	5	225428	4485	4
nback_125_03_1988_1_012	9	Picture	10	239014	0	1	4144	3	0	4000	other	0
nback_125_03_1988_1_012	9	Pulse	5	245428	6414	3
nback_125_03_1988_1_012	10	Picture	10	257085	0	1	4144	3	0	4000	other	0
nback_125_03_1988_1_012	10	Pulse	5	265579	8494	2
nback_125_03_1988_1_012	11	Picture	11	275156	0	1	4144	2	0	4000	hit	21
nback_125_03_1988_1_012	11	Response	1	278539	3383	2
nback_125_03_1988_1_012	11	Pulse	5	285580	10424	1
nback_125_03_1988_1_012	12	Picture	10	293227	0	1	4144	2	0	4000	other	0
nback_125_03_1988_1_012	12	Pulse	5	305578	12351	2
nback_125_03_1988_1_012	13	Picture	10	311298	0	1	4144	2	0	4000	other	0
nback_125_03_1988_1_012	13	Pulse	5	325568	14270	2
nback_125_03_1988_1_012	14	Picture	11	329368	0	2	4145	3	0	4000	hit	28
nback_125_03_1988_1_012	14	Response	1	334208	4840	2
nback_125_03_1988_1_012	14	Pulse	5	345568	16200	1
nback_125_03_1988_1_012	15	Picture	10	347439	0	2	4145	3	0	4000	other	0
nback_125_03_1988_1_012	16	Picture	10	365510	0	2	4145	3	0	4000	other	0
nback_125_03_1988_1_012	16	Pulse	5	365567	57	2
nback_125_03_1988_1_012	17	Picture	10	383581	0	2	4145	3	0	4000	other	0
nback_125_03_1988_1_012	17	Pulse	5	385557	1976	2
nback_125_03_1988_1_012	18	Picture	10	401652	0	1	4145	2	0	4000	other	0
nback_125_03_1988_1_012	18	Pulse	5	405556	3904	2
nback_125_03_1988_1_012	19	Pulse	5	425556	5833	2
nback_125_03_1988_1_012	20	Picture	30	444757	0	1	4145	2	0	4000	other	0
nback_125_03_1988_1_012	20	Pulse	5	445546	789	2
nback_125_03_1988_1_012	21	Picture	30	462828	0	1	4145	2	0	4000	other	0
nback_125_03_1988_1_012	21	Pulse	5	465545	2717	2
nback_125_03_1988_1_012	22	Picture	31	480899	0	1	4145	2	0	4000	hit	43
nback_125_03_1988_1_012	22	Response	1	484575	3676	2
nback_125_03_1988_1_012	22	Pulse	5	485535	4636	2
nback_125_03_1988_1_012	23	Picture	30	498970	0	1	4144	3	0	4000	other	0
nback_125_03_1988_1_012	23	Pulse	5	505535	6565	1
nback_125_03_1988_1_012	24	Picture	30	517041	0	1	4145	2	0	4000	other	0
nback_125_03_1988_1_012	24	Pulse	5	525534	8493	2
nback_125_03_1988_1_012	25	Picture	30	535112	0	1	4145	2	0	4000	other	0
nback_125_03_1988_1_012	25	Pulse	5	545534	10422	2
nback_125_03_1988_1_012	26	Picture	31	553183	0	2	4145	3	0	4000	hit	52
nback_125_03_1988_1_012	26	Response	1	557524	4341	1
nback_125_03_1988_1_012	26	Pulse	5	565523	12340	2
nback_125_03_1988_1_012	27	Picture	31	571254	0	1	4145	2	0	4000	hit	55
nback_125_03_1988_1_012	27	Response	1	574963	3709	3
nback_125_03_1988_1_012	27	Pulse	5	585523	14269	2
nback_125_03_1988_1_012	28	Picture	30	589325	0	1	4145	2	0	4000	other	0
nback_125_03_1988_1_012	28	Pulse	5	605523	16198	2
nback_125_03_1988_1_012	29	Picture	30	607396	0	1	4145	2	0	4000	other	0
nback_125_03_1988_1_012	30	Picture	30	625467	0	1	4145	2	0	4000	other	0
nback_125_03_1988_1_012	30	Pulse	5	625512	45	2
nback_125_03_1988_1_012	31	Picture	31	643538	0	1	4145	2	0	4000	hit	64
nback_125_03_1988_1_012	31	Pulse	5	645513	1975	1
nback_125_03_1988_1_012	31	Response	1	647432	3894	2
nback_125_03_1988_1_012	32	Picture	30	661609	0	1	4145	2	0	4000	other	0
nback_125_03_1988_1_012	32	Pulse	5	665512	3903	2
nback_125_03_1988_1_012	33	Picture	30	679680	0	1	4144	3	0	4000	other	0
nback_125_03_1988_1_012	33	Pulse	5	685501	5821	2
nback_125_03_1988_1_012	34	Picture	30	697751	0	1	4144	3	0	4000	other	0
nback_125_03_1988_1_012	34	Pulse	5	705502	7751	1
nback_125_03_1988_1_012	35	Picture	30	715822	0	1	4144	3	0	4000	other	0
nback_125_03_1988_1_012	35	Pulse	5	725500	9678	2
nback_125_03_1988_1_012	36	Pulse	5	745490	11597	2
nback_125_03_1988_1_012	37	Picture	10	758927	0	1	4144	3	0	4000	other	0
nback_125_03_1988_1_012	37	Pulse	5	765490	6563	2
nback_125_03_1988_1_012	38	Picture	10	776998	0	1	4144	3	0	4000	other	0
nback_125_03_1988_1_012	38	Pulse	5	785489	8491	2
nback_125_03_1988_1_012	39	Picture	11	795069	0	1	4144	3	0	4000	hit	79
nback_125_03_1988_1_012	39	Response	1	797959	2890	2
nback_125_03_1988_1_012	39	Pulse	5	805479	10410	2
nback_125_03_1988_1_012	40	Picture	10	813140	0	1	4144	3	0	4000	other	0
nback_125_03_1988_1_012	40	Pulse	5	825479	12339	1
nback_125_03_1988_1_012	41	Picture	11	831210	0	2	4145	3	0	4000	hit	84
nback_125_03_1988_1_012	41	Response	1	834918	3708	2
nback_125_03_1988_1_012	41	Pulse	5	845478	14268	2
nback_125_03_1988_1_012	42	Picture	10	849281	0	2	4145	3	0	4000	other	0
nback_125_03_1988_1_012	42	Pulse	5	865469	16188	1
nback_125_03_1988_1_012	43	Picture	10	867352	0	2	4145	4	0	4000	other	0
nback_125_03_1988_1_012	44	Picture	10	885423	0	2	4145	3	0	4000	other	0
nback_125_03_1988_1_012	44	Pulse	5	885467	44	2
nback_125_03_1988_1_012	45	Picture	11	903494	0	2	4145	3	0	4000	hit	93
nback_125_03_1988_1_012	45	Pulse	5	905467	1973	2
nback_125_03_1988_1_012	45	Response	1	906907	3413	2
nback_125_03_1988_1_012	46	Picture	10	921565	0	1	4145	2	0	4000	other	0
nback_125_03_1988_1_012	46	Pulse	5	925457	3892	1
nback_125_03_1988_1_012	47	Picture	10	939636	0	1	4145	2	0	4000	other	0
nback_125_03_1988_1_012	47	Pulse	5	945456	5820	2
nback_125_03_1988_1_012	48	Picture	11	957707	0	1	4145	2	0	4000	hit	99
nback_125_03_1988_1_012	48	Response	1	961456	3749	2
nback_125_03_1988_1_012	48	Pulse	5	965456	7749	2
nback_125_03_1988_1_012	49	Picture	10	975778	0	1	4145	2	0	4000	other	0
nback_125_03_1988_1_012	49	Pulse	5	985446	9668	1
nback_125_03_1988_1_012	50	Picture	10	993849	0	1	4145	2	0	4000	other	0
nback_125_03_1988_1_012	50	Pulse	5	1005445	11596	2
nback_125_03_1988_1_012	51	Picture	10	1011920	0	1	4145	2	0	4000	other	0
nback_125_03_1988_1_012	51	Pulse	5	1025445	13525	2
nback_125_03_1988_1_012	52	Picture	10	1029991	0	1	4145	2	0	4000	other	0
nback_125_03_1988_1_012	52	Pulse	5	1045434	15443	2
nback_125_03_1988_1_012	53	Pulse	5	1065434	17372	2
nback_125_03_1988_1_012	54	Picture	20	1073096	0	1	4145	2	0	4000	other	0
nback_125_03_1988_1_012	54	Pulse	5	1085434	12338	2
nback_125_03_1988_1_012	55	Picture	20	1091167	0	1	4145	2	0	4000	other	0
nback_125_03_1988_1_012	55	Pulse	5	1105423	14256	2
nback_125_03_1988_1_012	56	Picture	21	1109238	0	1	4145	2	0	4000	hit	115
nback_125_03_1988_1_012	56	Response	1	1112463	3225	2
nback_125_03_1988_1_012	56	Pulse	5	1125423	16185	2
nback_125_03_1988_1_012	57	Picture	20	1127309	0	1	4145	2	0	4000	other	0
nback_125_03_1988_1_012	58	Picture	20	1145380	0	1	4145	2	0	4000	other	0
nback_125_03_1988_1_012	58	Pulse	5	1145423	43	1
nback_125_03_1988_1_012	59	Picture	20	1163451	0	1	4145	2	0	4000	other	0
nback_125_03_1988_1_012	59	Pulse	5	1165412	1961	2
nback_125_03_1988_1_012	60	Picture	21	1181522	0	1	4145	2	0	4000	hit	123
nback_125_03_1988_1_012	60	Response	1	1184773	3251	1
nback_125_03_1988_1_012	60	Pulse	5	1185412	3890	2
nback_125_03_1988_1_012	61	Picture	20	1199593	0	1	4144	3	0	4000	other	0
nback_125_03_1988_1_012	61	Pulse	5	1205411	5818	2
nback_125_03_1988_1_012	62	Picture	20	1217664	0	1	4144	3	0	4000	other	0
nback_125_03_1988_1_012	62	Pulse	5	1225401	7737	2
nback_125_03_1988_1_012	63	Picture	20	1235735	0	1	4144	3	0	4000	other	0
nback_125_03_1988_1_012	63	Pulse	5	1245401	9666	1
nback_125_03_1988_1_012	64	Picture	20	1253806	0	1	4144	3	0	4000	other	0
nback_125_03_1988_1_012	64	Pulse	5	1265400	11594	2
nback_125_03_1988_1_012	65	Picture	20	1271877	0	1	4144	2	0	4000	other	0
nback_125_03_1988_1_012	65	Pulse	5	1285390	13513	2
nback_125_03_1988_1_012	66	Picture	21	1289948	0	1	4144	3	0	4000	hit	136
nback_125_03_1988_1_012	66	Response	1	1295470	5522	2
nback_125_03_1988_1_012	66	Pulse	5	1305550	15602	1
nback_125_03_1988_1_012	67	Picture	20	1308019	0	1	4144	3	0	4000	other	0
nback_125_03_1988_1_012	67	Pulse	5	1325549	17530	2
nback_125_03_1988_1_012	68	Picture	20	1326090	0	1	4144	2	0	4000	other	0
nback_125_03_1988_1_012	69	Picture	21	1344160	0	2	4145	3	0	4000	hit	143
nback_125_03_1988_1_012	69	Pulse	5	1345539	1379	2
nback_125_03_1988_1_012	69	Response	1	1347779	3619	2
nback_125_03_1988_1_012	70	Pulse	5	1365539	3308	1
nback_125_03_1988_1_012	70	Pulse	5	1385538	23307	2
nback_125_03_1988_1_012	71	Picture	10	1387266	0	1	4144	2	0	4000	other	0
nback_125_03_1988_1_012	72	Picture	10	1405336	0	2	4145	3	0	4000	other	0
nback_125_03_1988_1_012	72	Pulse	5	1405528	192	2
nback_125_03_1988_1_012	73	Picture	11	1423407	0	2	4145	3	0	4000	hit	151
nback_125_03_1988_1_012	73	Pulse	5	1425527	2120	2
nback_125_03_1988_1_012	73	Response	1	1427447	4040	2
nback_125_03_1988_1_012	74	Picture	10	1441478	0	2	4145	3	0	4000	other	0
nback_125_03_1988_1_012	74	Pulse	5	1445527	4049	2
nback_125_03_1988_1_012	75	Picture	11	1459549	0	2	4145	3	0	4000	hit	155
nback_125_03_1988_1_012	75	Response	1	1463437	3888	1
nback_125_03_1988_1_012	75	Pulse	5	1465517	5968	1
nback_125_03_1988_1_012	76	Picture	10	1477620	0	2	4145	3	0	4000	other	0
nback_125_03_1988_1_012	76	Pulse	5	1485516	7896	2
nback_125_03_1988_1_012	77	Picture	10	1495691	0	1	4145	2	0	4000	other	0
nback_125_03_1988_1_012	77	Pulse	5	1505516	9825	2
nback_125_03_1988_1_012	78	Picture	11	1513762	0	1	4145	2	0	4000	hit	162
nback_125_03_1988_1_012	78	Response	1	1518306	4544	1
nback_125_03_1988_1_012	78	Pulse	5	1525506	11744	1
nback_125_03_1988_1_012	79	Picture	10	1531833	0	1	4145	2	0	4000	other	0
nback_125_03_1988_1_012	79	Pulse	5	1545505	13672	2
nback_125_03_1988_1_012	80	Picture	10	1549904	0	1	4145	2	0	4000	other	0
nback_125_03_1988_1_012	80	Pulse	5	1565495	15591	2
nback_125_03_1988_1_012	81	Picture	10	1567975	0	2	4145	3	0	4000	other	0
nback_125_03_1988_1_012	81	Pulse	5	1585494	17519	3
nback_125_03_1988_1_012	82	Picture	10	1586046	0	1	4145	2	0	4000	other	0
nback_125_03_1988_1_012	83	Picture	10	1604117	0	1	4145	2	0	4000	other	0
nback_125_03_1988_1_012	83	Pulse	5	1605494	1377	2
nback_125_03_1988_1_012	84	Picture	11	1622188	0	1	4145	2	0	4000	hit	174
nback_125_03_1988_1_012	84	Response	1	1625493	3305	3
nback_125_03_1988_1_012	84	Pulse	5	1625493	3305	3
nback_125_03_1988_1_012	85	Picture	10	1640259	0	1	4145	2	0	4000	other	0
nback_125_03_1988_1_012	85	Pulse	5	1645483	5224	2
nback_125_03_1988_1_012	86	Picture	10	1658330	0	1	4145	2	0	4000	other	0
nback_125_03_1988_1_012	86	Pulse	5	1665483	7153	2
nback_125_03_1988_1_012	87	Pulse	5	1685482	9081	2
nback_125_03_1988_1_012	88	Picture	30	1701435	0	1	4145	2	0	4000	other	0
nback_125_03_1988_1_012	88	Pulse	5	1705472	4037	2
nback_125_03_1988_1_012	89	Picture	30	1719506	0	1	4145	2	0	4000	other	0
nback_125_03_1988_1_012	89	Pulse	5	1725472	5966	1
nback_125_03_1988_1_012	90	Picture	30	1737577	0	1	4144	3	0	4000	other	0
nback_125_03_1988_1_012	90	Pulse	5	1745471	7894	2
nback_125_03_1988_1_012	91	Picture	31	1755648	0	1	4145	2	0	4000	hit	188
nback_125_03_1988_1_012	91	Response	1	1759221	3573	2
nback_125_03_1988_1_012	91	Pulse	5	1765461	9813	2
nback_125_03_1988_1_012	92	Picture	31	1773719	0	1	4144	3	0	4000	hit	191
nback_125_03_1988_1_012	92	Response	1	1776821	3102	2
nback_125_03_1988_1_012	92	Pulse	5	1785461	11742	1
nback_125_03_1988_1_012	93	Picture	30	1791790	0	1	4144	3	0	4000	other	0
nback_125_03_1988_1_012	93	Pulse	5	1805460	13670	2
nback_125_03_1988_1_012	94	Picture	30	1809861	0	1	4144	3	0	4000	other	0
nback_125_03_1988_1_012	94	Pulse	5	1825450	15589	2
nback_125_03_1988_1_012	95	Picture	30	1827932	0	1	4144	3	0	4000	other	0
nback_125_03_1988_1_012	95	Pulse	5	1845449	17517	2
nback_125_03_1988_1_012	96	Picture	31	1846003	0	1	4144	3	0	4000	hit	200
nback_125_03_1988_1_012	96	Response	1	1848809	2806	2
nback_125_03_1988_1_012	97	Picture	30	1864074	0	1	4144	2	0	4000	other	0
nback_125_03_1988_1_012	97	Pulse	5	1865449	1375	2
nback_125_03_1988_1_012	98	Picture	30	1882145	0	1	4144	3	0	4000	other	0
nback_125_03_1988_1_012	98	Pulse	5	1885439	3294	1
nback_125_03_1988_1_012	99	Picture	30	1900215	0	2	4145	3	0	4000	other	0
nback_125_03_1988_1_012	99	Pulse	5	1905438	5223	2
nback_125_03_1988_1_012	100	Picture	30	1918286	0	2	4145	3	0	4000	other	0
nback_125_03_1988_1_012	100	Pulse	5	1925438	7152	2
nback_125_03_1988_1_012	101	Picture	31	1936357	0	2	4145	3	0	4000	hit	210
nback_125_03_1988_1_012	101	Response	1	1939668	3311	2
nback_125_03_1988_1_012	101	Pulse	5	1945428	9071	1
nback_125_03_1988_1_012	102	Picture	30	1954428	0	2	4145	3	0	4000	other	0
nback_125_03_1988_1_012	102	Pulse	5	1965427	10999	2
nback_125_03_1988_1_012	103	Picture	30	1972499	0	2	4145	3	0	4000	other	0
nback_125_03_1988_1_012	103	Pulse	5	1985427	12928	2
nback_125_03_1988_1_012	104	Pulse	5	2005416	14846	2
nback_125_03_1988_1_012	105	Picture	10	2015604	0	1	4145	2	0	4000	other	0
nback_125_03_1988_1_012	105	Pulse	5	2025416	9812	2
nback_125_03_1988_1_012	106	Picture	10	2033675	0	1	4145	2	0	4000	other	0
nback_125_03_1988_1_012	106	Pulse	5	2045416	11741	1
nback_125_03_1988_1_012	107	Picture	11	2051746	0	2	4145	3	0	4000	hit	222
nback_125_03_1988_1_012	107	Response	1	2055165	3419	2
nback_125_03_1988_1_012	107	Pulse	5	2065405	13659	2
nback_125_03_1988_1_012	108	Picture	10	2069817	0	1	4145	2	0	4000	other	0
nback_125_03_1988_1_012	108	Pulse	5	2085405	15588	2
nback_125_03_1988_1_012	109	Picture	11	2087888	0	1	4145	2	0	4000	hit	227
nback_125_03_1988_1_012	109	Response	1	2091485	3597	2
nback_125_03_1988_1_012	109	Pulse	5	2105404	17516	2
nback_125_03_1988_1_012	110	Picture	10	2105959	0	1	4145	2	0	4000	other	0
nback_125_03_1988_1_012	111	Picture	10	2124030	0	1	4145	2	0	4000	other	0
nback_125_03_1988_1_012	111	Pulse	5	2125394	1364	2
nback_125_03_1988_1_012	112	Picture	11	2142101	0	1	4145	2	0	4000	hit	233
nback_125_03_1988_1_012	112	Response	1	2144912	2811	4
nback_125_03_1988_1_012	112	Pulse	5	2145394	3293	2
nback_125_03_1988_1_012	113	Picture	10	2160172	0	1	4145	2	0	4000	other	0
nback_125_03_1988_1_012	113	Pulse	5	2165393	5221	2
nback_125_03_1988_1_012	114	Picture	10	2178243	0	1	4145	2	0	4000	other	0
nback_125_03_1988_1_012	114	Pulse	5	2185383	7140	2
nback_125_03_1988_1_012	115	Picture	10	2196314	0	1	4145	2	0	4000	other	0
nback_125_03_1988_1_012	115	Pulse	5	2205383	9069	1
nback_125_03_1988_1_012	116	Picture	10	2214385	0	1	4145	2	0	4000	other	0
nback_125_03_1988_1_012	116	Pulse	5	2225382	10997	2
nback_125_03_1988_1_012	117	Picture	10	2232456	0	1	4145	2	0	4000	other	0
nback_125_03_1988_1_012	117	Pulse	5	2245372	12916	2
nback_125_03_1988_1_012	118	Picture	11	2250527	0	1	4144	3	0	4000	hit	246
nback_125_03_1988_1_012	118	Response	1	2254012	3485	2
nback_125_03_1988_1_012	118	Pulse	5	2265372	14845	1
nback_125_03_1988_1_012	119	Picture	10	2268598	0	1	4144	3	0	4000	other	0
nback_125_03_1988_1_012	119	Pulse	5	2285371	16773	2
nback_125_03_1988_1_012	120	Picture	10	2286669	0	1	4144	3	0	4000	other	0
nback_125_03_1988_1_012	121	Pulse	5	2305361	621	2
nback_125_03_1988_1_012	121	Pulse	5	2325360	20620	2
nback_125_03_1988_1_012	122	Picture	20	2329774	0	1	4145	2	0	4000	other	0
nback_125_03_1988_1_012	122	Pulse	5	2345520	15746	2
nback_125_03_1988_1_012	123	Picture	20	2347845	0	1	4144	3	0	4000	other	0
nback_125_03_1988_1_012	123	Pulse	5	2365510	17665	1
nback_125_03_1988_1_012	124	Picture	20	2365916	0	1	4144	3	0	4000	other	0
nback_125_03_1988_1_012	125	Picture	21	2383987	0	1	4144	3	0	4000	hit	260
nback_125_03_1988_1_012	125	Pulse	5	2385509	1522	2
nback_125_03_1988_1_012	125	Response	1	2386949	2962	2
nback_125_03_1988_1_012	126	Picture	20	2402058	0	1	4144	2	0	4000	other	0
nback_125_03_1988_1_012	126	Pulse	5	2405509	3451	2
nback_125_03_1988_1_012	127	Picture	20	2420129	0	1	4144	2	0	4000	other	0
nback_125_03_1988_1_012	127	Pulse	5	2425499	5370	1
nback_125_03_1988_1_012	128	Picture	21	2438200	0	1	4144	2	0	4000	hit	266
nback_125_03_1988_1_012	128	Response	1	2441338	3138	2
nback_125_03_1988_1_012	128	Pulse	5	2445498	7298	2
nback_125_03_1988_1_012	129	Picture	20	2456270	0	2	4145	3	0	4000	other	0
nback_125_03_1988_1_012	129	Pulse	5	2465498	9228	2
nback_125_03_1988_1_012	130	Picture	20	2474341	0	2	4145	3	0	4000	other	0
nback_125_03_1988_1_012	130	Pulse	5	2485487	11146	2
nback_125_03_1988_1_012	131	Picture	20	2492412	0	2	4145	3	0	4000	other	0
nback_125_03_1988_1_012	131	Pulse	5	2505487	13075	2
nback_125_03_1988_1_012	132	Picture	21	2510483	0	1	4145	2	0	4000	hit	275
nback_125_03_1988_1_012	132	Response	1	2513967	3484	2
nback_125_03_1988_1_012	132	Pulse	5	2525487	15004	1
nback_125_03_1988_1_012	133	Picture	20	2528554	0	1	4145	2	0	4000	other	0
nback_125_03_1988_1_012	133	Pulse	5	2545477	16923	1
nback_125_03_1988_1_012	134	Picture	20	2546625	0	1	4145	2	0	4000	other	0
nback_125_03_1988_1_012	135	Picture	21	2564696	0	1	4145	2	0	4000	hit	282
nback_125_03_1988_1_012	135	Pulse	5	2565476	780	2
nback_125_03_1988_1_012	135	Response	1	2567876	3180	2
nback_125_03_1988_1_012	136	Picture	20	2582767	0	1	4145	2	0	4000	other	0
nback_125_03_1988_1_012	136	Pulse	5	2585465	2698	3
nback_125_03_1988_1_012	137	Picture	20	2600838	0	1	4145	2	0	4000	other	0
nback_125_03_1988_1_012	137	Pulse	5	2605465	4627	2
