Scenario - 1-back
Logfile written - 05/31/2014 16:39:58

Subject	Trial	Event Type	Code	Time	TTime	Uncertainty	Duration	Uncertainty	ReqTime	ReqDur	Stim Type	Pair Index

nback_125_03_1988_1_012	1	Pulse	5	119879	129713	2
nback_125_03_1988_1_012	2	Pulse	5	139868	19891	2
nback_125_03_1988_1_012	3	Picture	10	145011	0	2	4145	3	0	4000	other	0
nback_125_03_1988_1_012	3	Pulse	5	159868	14857	2
nback_125_03_1988_1_012	4	Picture	10	163082	0	2	4145	4	0	4000	other	0
nback_125_03_1988_1_012	4	Pulse	5	179868	16786	1
nback_125_03_1988_1_012	5	Picture	11	181153	0	2	4145	3	0	4000	hit	8
nback_125_03_1988_1_012	5	Response	1	184507	3354	2
nback_125_03_1988_1_012	6	Picture	10	199224	0	2	4145	3	0	4000	other	0
nback_125_03_1988_1_012	6	Pulse	5	199857	633	2
nback_125_03_1988_1_012	7	Picture	11	217295	0	2	4145	3	0	4000	hit	13
nback_125_03_1988_1_012	7	Pulse	5	219857	2562	2
nback_125_03_1988_1_012	7	Response	1	220497	3202	2
nback_125_03_1988_1_012	8	Picture	10	235366	0	2	4145	3	0	4000	other	0
nback_125_03_1988_1_012	8	Pulse	5	239856	4490	2
nback_125_03_1988_1_012	9	Picture	10	253437	0	1	4145	2	0	4000	other	0
nback_125_03_1988_1_012	9	Pulse	5	259846	6409	2
nback_125_03_1988_1_012	10	Picture	10	271508	0	1	4145	2	0	4000	other	0
nback_125_03_1988_1_012	10	Pulse	5	279846	8338	1
nback_125_03_1988_1_012	11	Picture	11	289579	0	1	4145	2	0	4000	hit	21
nback_125_03_1988_1_012	11	Response	1	292645	3066	2
nback_125_03_1988_1_012	11	Pulse	5	299845	10266	2
nback_125_03_1988_1_012	12	Picture	10	307650	0	1	4145	2	0	4000	other	0
nback_125_03_1988_1_012	12	Pulse	5	319835	12185	2
nback_125_03_1988_1_012	13	Picture	10	325721	0	1	4145	2	0	4000	other	0
nback_125_03_1988_1_012	13	Pulse	5	339835	14114	1
nback_125_03_1988_1_012	14	Picture	11	343792	0	1	4145	2	0	4000	hit	28
nback_125_03_1988_1_012	14	Response	1	347034	3242	2
nback_125_03_1988_1_012	14	Pulse	5	359834	16042	2
nback_125_03_1988_1_012	15	Picture	10	361863	0	2	4145	3	0	4000	other	0
nback_125_03_1988_1_012	15	Pulse	5	379824	17961	2
nback_125_03_1988_1_012	16	Picture	10	379934	0	1	4145	2	0	4000	other	0
nback_125_03_1988_1_012	17	Picture	10	398005	0	1	4145	2	0	4000	other	0
nback_125_03_1988_1_012	17	Pulse	5	399823	1818	2
nback_125_03_1988_1_012	18	Picture	10	416076	0	1	4145	2	0	4000	other	0
nback_125_03_1988_1_012	18	Pulse	5	419823	3747	2
nback_125_03_1988_1_012	19	Pulse	5	439813	5666	1
nback_125_03_1988_1_012	20	Picture	20	459181	0	1	4145	2	0	4000	other	0
nback_125_03_1988_1_012	20	Pulse	5	459812	631	2
nback_125_03_1988_1_012	21	Picture	20	477252	0	2	4145	3	0	4000	other	0
nback_125_03_1988_1_012	21	Pulse	5	479813	2561	1
nback_125_03_1988_1_012	22	Picture	21	495323	0	1	4144	3	0	4000	hit	43
nback_125_03_1988_1_012	22	Response	1	498681	3358	2
nback_125_03_1988_1_012	22	Pulse	5	499802	4479	1
nback_125_03_1988_1_012	23	Picture	20	513394	0	1	4145	2	0	4000	other	0
nback_125_03_1988_1_012	23	Pulse	5	519801	6407	2
nback_125_03_1988_1_012	24	Picture	20	531465	0	1	4144	3	0	4000	other	0
nback_125_03_1988_1_012	24	Pulse	5	539801	8336	2
nback_125_03_1988_1_012	25	Picture	20	549536	0	1	4144	3	0	4000	other	0
nback_125_03_1988_1_012	25	Pulse	5	559791	10255	1
nback_125_03_1988_1_012	26	Picture	21	567607	0	1	4144	3	0	4000	hit	52
nback_125_03_1988_1_012	26	Response	1	571790	4183	2
nback_125_03_1988_1_012	26	Pulse	5	579790	12183	2
nback_125_03_1988_1_012	27	Picture	20	585678	0	1	4144	3	0	4000	other	0
nback_125_03_1988_1_012	27	Pulse	5	599790	14112	1
nback_125_03_1988_1_012	28	Picture	20	603749	0	1	4144	3	0	4000	other	0
nback_125_03_1988_1_012	28	Pulse	5	619779	16030	2
nback_125_03_1988_1_012	29	Picture	20	621820	0	1	4144	2	0	4000	other	0
nback_125_03_1988_1_012	29	Pulse	5	639779	17959	2
nback_125_03_1988_1_012	30	Picture	20	639890	0	2	4145	3	0	4000	other	0
nback_125_03_1988_1_012	31	Picture	20	657961	0	2	4145	3	0	4000	other	0
nback_125_03_1988_1_012	31	Pulse	5	659778	1817	2
nback_125_03_1988_1_012	32	Picture	21	676032	0	2	4145	3	0	4000	hit	65
nback_125_03_1988_1_012	32	Pulse	5	679768	3736	2
nback_125_03_1988_1_012	32	Response	1	684088	8056	2
nback_125_03_1988_1_012	33	Picture	20	694103	0	1	4145	2	0	4000	other	0
nback_125_03_1988_1_012	33	Pulse	5	699768	5665	2
nback_125_03_1988_1_012	34	Picture	20	712174	0	2	4145	3	0	4000	other	0
nback_125_03_1988_1_012	34	Pulse	5	719768	7594	1
nback_125_03_1988_1_012	35	Picture	21	730245	0	1	4145	2	0	4000	hit	71
nback_125_03_1988_1_012	35	Response	1	735117	4872	2
nback_125_03_1988_1_012	35	Pulse	5	739757	9512	2
nback_125_03_1988_1_012	36	Pulse	5	759757	11441	1
nback_125_03_1988_1_012	37	Picture	10	773350	0	1	4145	2	0	4000	other	0
nback_125_03_1988_1_012	37	Pulse	5	779756	6406	2
nback_125_03_1988_1_012	38	Picture	10	791421	0	1	4145	2	0	4000	other	0
nback_125_03_1988_1_012	38	Pulse	5	799746	8325	2
nback_125_03_1988_1_012	39	Picture	11	809492	0	1	4145	2	0	4000	hit	79
nback_125_03_1988_1_012	39	Response	1	812866	3374	1
nback_125_03_1988_1_012	39	Pulse	5	819746	10254	1
nback_125_03_1988_1_012	40	Picture	10	827563	0	1	4145	2	0	4000	other	0
nback_125_03_1988_1_012	40	Pulse	5	839745	12182	2
nback_125_03_1988_1_012	41	Picture	11	845634	0	1	4145	2	0	4000	hit	84
nback_125_03_1988_1_012	41	Response	1	849495	3861	2
nback_125_03_1988_1_012	41	Pulse	5	859735	14101	2
nback_125_03_1988_1_012	42	Picture	10	863705	0	1	4145	2	0	4000	other	0
nback_125_03_1988_1_012	42	Pulse	5	879734	16029	2
nback_125_03_1988_1_012	43	Picture	10	881776	0	1	4145	2	0	4000	other	0
nback_125_03_1988_1_012	43	Pulse	5	899734	17958	2
nback_125_03_1988_1_012	44	Picture	10	899847	0	1	4145	2	0	4000	other	0
nback_125_03_1988_1_012	45	Picture	11	917918	0	1	4145	2	0	4000	hit	93
nback_125_03_1988_1_012	45	Pulse	5	919884	1966	1
nback_125_03_1988_1_012	45	Response	1	921324	3406	1
nback_125_03_1988_1_012	46	Picture	10	935989	0	1	4145	2	0	4000	other	0
nback_125_03_1988_1_012	46	Pulse	5	939883	3894	2
nback_125_03_1988_1_012	47	Picture	10	954060	0	1	4145	2	0	4000	other	0
nback_125_03_1988_1_012	47	Pulse	5	959883	5823	2
nback_125_03_1988_1_012	48	Picture	11	972131	0	1	4144	3	0	4000	hit	99
nback_125_03_1988_1_012	48	Response	1	975713	3582	1
nback_125_03_1988_1_012	48	Pulse	5	979872	7741	2
nback_125_03_1988_1_012	49	Picture	10	990202	0	1	4144	3	0	4000	other	0
nback_125_03_1988_1_012	49	Pulse	5	999872	9670	2
nback_125_03_1988_1_012	50	Picture	10	1008273	0	1	4144	3	0	4000	other	0
nback_125_03_1988_1_012	50	Pulse	5	1019872	11599	2
nback_125_03_1988_1_012	51	Picture	10	1026344	0	1	4144	3	0	4000	other	0
nback_125_03_1988_1_012	51	Pulse	5	1039861	13517	2
nback_125_03_1988_1_012	52	Picture	10	1044415	0	1	4144	3	0	4000	other	0
nback_125_03_1988_1_012	52	Pulse	5	1059861	15446	2
nback_125_03_1988_1_012	53	Pulse	5	1079861	17375	1
nback_125_03_1988_1_012	54	Picture	30	1087520	0	1	4144	3	0	4000	other	0
nback_125_03_1988_1_012	54	Pulse	5	1099850	12330	3
nback_125_03_1988_1_012	55	Picture	30	1105591	0	1	4144	3	0	4000	other	0
nback_125_03_1988_1_012	55	Pulse	5	1119850	14259	2
nback_125_03_1988_1_012	56	Picture	31	1123662	0	1	4144	2	0	4000	hit	115
nback_125_03_1988_1_012	56	Response	1	1127208	3546	4
nback_125_03_1988_1_012	56	Pulse	5	1139849	16187	3
nback_125_03_1988_1_012	57	Picture	30	1141732	0	2	4145	3	0	4000	other	0
nback_125_03_1988_1_012	58	Picture	30	1159804	0	1	4144	2	0	4000	other	0
nback_125_03_1988_1_012	58	Pulse	5	1159839	35	2
nback_125_03_1988_1_012	59	Picture	30	1177874	0	2	4145	3	0	4000	other	0
nback_125_03_1988_1_012	59	Pulse	5	1179839	1965	2
nback_125_03_1988_1_012	60	Picture	31	1195945	0	2	4145	3	0	4000	hit	124
nback_125_03_1988_1_012	60	Pulse	5	1199838	3893	3
nback_125_03_1988_1_012	60	Response	1	1202398	6453	3
nback_125_03_1988_1_012	61	Picture	31	1214016	0	2	4145	3	0	4000	hit	126
nback_125_03_1988_1_012	61	Response	1	1219668	5652	2
nback_125_03_1988_1_012	61	Pulse	5	1219828	5812	2
nback_125_03_1988_1_012	62	Picture	30	1232086	0	3	4146	4	0	4000	other	0
nback_125_03_1988_1_012	62	Pulse	5	1239828	7742	1
nback_125_03_1988_1_012	63	Picture	30	1250158	0	2	4145	3	0	4000	other	0
nback_125_03_1988_1_012	63	Pulse	5	1259827	9669	2
nback_125_03_1988_1_012	64	Picture	30	1268229	0	1	4145	2	0	4000	other	0
nback_125_03_1988_1_012	64	Pulse	5	1279817	11588	2
nback_125_03_1988_1_012	65	Picture	31	1286300	0	1	4145	2	0	4000	hit	135
nback_125_03_1988_1_012	65	Response	1	1289577	3277	2
nback_125_03_1988_1_012	65	Pulse	5	1299816	13516	2
nback_125_03_1988_1_012	66	Picture	30	1304371	0	1	4145	2	0	4000	other	0
nback_125_03_1988_1_012	66	Pulse	5	1319816	15445	2
nback_125_03_1988_1_012	67	Picture	30	1322442	0	1	4145	2	0	4000	other	0
nback_125_03_1988_1_012	67	Pulse	5	1339806	17364	2
nback_125_03_1988_1_012	68	Picture	30	1340513	0	1	4145	2	0	4000	other	0
nback_125_03_1988_1_012	69	Picture	30	1358584	0	1	4145	2	0	4000	other	0
nback_125_03_1988_1_012	69	Pulse	5	1359805	1221	2
nback_125_03_1988_1_012	70	Pulse	5	1379805	3150	2
nback_125_03_1988_1_012	70	Pulse	5	1399795	23140	1
nback_125_03_1988_1_012	71	Picture	10	1401689	0	1	4145	2	0	4000	other	0
nback_125_03_1988_1_012	72	Picture	10	1419760	0	1	4145	2	0	4000	other	0
nback_125_03_1988_1_012	72	Pulse	5	1419794	34	2
nback_125_03_1988_1_012	73	Picture	11	1437831	0	1	4145	2	0	4000	hit	151
nback_125_03_1988_1_012	73	Pulse	5	1439794	1963	2
nback_125_03_1988_1_012	73	Response	1	1441074	3243	2
nback_125_03_1988_1_012	74	Picture	10	1455902	0	1	4145	2	0	4000	other	0
nback_125_03_1988_1_012	74	Pulse	5	1459783	3881	2
nback_125_03_1988_1_012	75	Picture	11	1473973	0	1	4145	2	0	4000	hit	155
nback_125_03_1988_1_012	75	Response	1	1477223	3250	2
nback_125_03_1988_1_012	75	Pulse	5	1479783	5810	2
nback_125_03_1988_1_012	76	Picture	10	1492044	0	1	4144	3	0	4000	other	0
nback_125_03_1988_1_012	76	Pulse	5	1499783	7739	2
nback_125_03_1988_1_012	77	Picture	10	1510115	0	1	4145	2	0	4000	other	0
nback_125_03_1988_1_012	77	Pulse	5	1519772	9657	2
nback_125_03_1988_1_012	78	Picture	11	1528186	0	1	4145	2	0	4000	hit	162
nback_125_03_1988_1_012	78	Response	1	1531612	3426	2
nback_125_03_1988_1_012	78	Pulse	5	1539772	11586	2
nback_125_03_1988_1_012	79	Picture	10	1546257	0	1	4144	3	0	4000	other	0
nback_125_03_1988_1_012	79	Pulse	5	1559772	13515	1
nback_125_03_1988_1_012	80	Picture	10	1564328	0	1	4144	3	0	4000	other	0
nback_125_03_1988_1_012	80	Pulse	5	1579761	15433	2
nback_125_03_1988_1_012	81	Picture	10	1582399	0	1	4144	3	0	4000	other	0
nback_125_03_1988_1_012	81	Pulse	5	1599761	17362	2
nback_125_03_1988_1_012	82	Picture	10	1600470	0	1	4144	3	0	4000	other	0
nback_125_03_1988_1_012	83	Picture	10	1618541	0	1	4144	2	0	4000	other	0
nback_125_03_1988_1_012	83	Pulse	5	1619761	1220	2
nback_125_03_1988_1_012	84	Picture	11	1636612	0	1	4144	2	0	4000	hit	174
nback_125_03_1988_1_012	84	Response	1	1639750	3138	2
nback_125_03_1988_1_012	84	Pulse	5	1639750	3138	2
nback_125_03_1988_1_012	85	Picture	10	1654682	0	2	4145	3	0	4000	other	0
nback_125_03_1988_1_012	85	Pulse	5	1659750	5068	2
nback_125_03_1988_1_012	86	Picture	10	1672753	0	2	4145	3	0	4000	other	0
nback_125_03_1988_1_012	86	Pulse	5	1679749	6996	2
nback_125_03_1988_1_012	87	Pulse	5	1699739	8915	2
nback_125_03_1988_1_012	88	Picture	20	1715858	0	2	4145	3	0	4000	other	0
nback_125_03_1988_1_012	88	Pulse	5	1719739	3881	1
nback_125_03_1988_1_012	89	Picture	20	1733929	0	2	4145	3	0	4000	other	0
nback_125_03_1988_1_012	89	Pulse	5	1739738	5809	2
nback_125_03_1988_1_012	90	Picture	20	1752000	0	2	4145	3	0	4000	other	0
nback_125_03_1988_1_012	90	Pulse	5	1759728	7728	2
nback_125_03_1988_1_012	91	Picture	21	1770071	0	2	4145	3	0	4000	hit	188
nback_125_03_1988_1_012	91	Response	1	1773168	3097	1
nback_125_03_1988_1_012	91	Pulse	5	1779727	9656	2
nback_125_03_1988_1_012	92	Picture	20	1788142	0	2	4145	3	0	4000	other	0
nback_125_03_1988_1_012	92	Pulse	5	1799727	11585	2
nback_125_03_1988_1_012	93	Picture	20	1806213	0	1	4145	2	0	4000	other	0
nback_125_03_1988_1_012	93	Pulse	5	1819717	13504	2
nback_125_03_1988_1_012	94	Picture	21	1824284	0	1	4145	2	0	4000	hit	195
nback_125_03_1988_1_012	94	Response	1	1827396	3112	3
nback_125_03_1988_1_012	94	Pulse	5	1839716	15432	2
nback_125_03_1988_1_012	95	Picture	20	1842355	0	1	4145	2	0	4000	other	0
nback_125_03_1988_1_012	95	Pulse	5	1859716	17361	2
nback_125_03_1988_1_012	96	Picture	20	1860426	0	1	4145	2	0	4000	other	0
nback_125_03_1988_1_012	97	Picture	20	1878497	0	1	4145	2	0	4000	other	0
nback_125_03_1988_1_012	97	Pulse	5	1879706	1209	1
nback_125_03_1988_1_012	98	Picture	21	1896568	0	1	4145	2	0	4000	hit	204
nback_125_03_1988_1_012	98	Pulse	5	1899705	3137	2
nback_125_03_1988_1_012	98	Response	1	1899865	3297	2
nback_125_03_1988_1_012	99	Picture	20	1914639	0	1	4145	2	0	4000	other	0
nback_125_03_1988_1_012	99	Pulse	5	1919705	5066	2
nback_125_03_1988_1_012	100	Picture	20	1932710	0	1	4145	2	0	4000	other	0
nback_125_03_1988_1_012	100	Pulse	5	1939694	6984	2
nback_125_03_1988_1_012	101	Picture	21	1950781	0	1	4145	2	0	4000	hit	210
nback_125_03_1988_1_012	101	Response	1	1954094	3313	2
nback_125_03_1988_1_012	101	Pulse	5	1959855	9074	1
nback_125_03_1988_1_012	102	Picture	20	1968852	0	1	4145	2	0	4000	other	0
nback_125_03_1988_1_012	102	Pulse	5	1979854	11002	2
nback_125_03_1988_1_012	103	Picture	20	1986923	0	1	4145	2	0	4000	other	0
nback_125_03_1988_1_012	103	Pulse	5	1999843	12920	2
nback_125_03_1988_1_012	104	Pulse	5	2019843	14849	2
nback_125_03_1988_1_012	105	Picture	10	2030028	0	1	4145	2	0	4000	other	0
nback_125_03_1988_1_012	105	Pulse	5	2039843	9815	1
nback_125_03_1988_1_012	106	Picture	10	2048099	0	1	4145	2	0	4000	other	0
nback_125_03_1988_1_012	106	Pulse	5	2059832	11733	2
nback_125_03_1988_1_012	107	Picture	11	2066170	0	1	4145	2	0	4000	hit	222
nback_125_03_1988_1_012	107	Response	1	2068953	2783	1
nback_125_03_1988_1_012	107	Pulse	5	2079832	13662	2
nback_125_03_1988_1_012	108	Picture	10	2084241	0	1	4144	3	0	4000	other	0
nback_125_03_1988_1_012	108	Pulse	5	2099831	15590	2
nback_125_03_1988_1_012	109	Picture	11	2102312	0	1	4144	3	0	4000	hit	227
nback_125_03_1988_1_012	109	Response	1	2105591	3279	2
nback_125_03_1988_1_012	109	Pulse	5	2119821	17509	2
nback_125_03_1988_1_012	110	Picture	10	2120383	0	1	4144	3	0	4000	other	0
nback_125_03_1988_1_012	111	Picture	10	2138454	0	1	4144	3	0	4000	other	0
nback_125_03_1988_1_012	111	Pulse	5	2139821	1367	2
nback_125_03_1988_1_012	112	Picture	11	2156525	0	1	4144	3	0	4000	hit	233
nback_125_03_1988_1_012	112	Response	1	2159820	3295	3
nback_125_03_1988_1_012	112	Pulse	5	2159820	3295	3
nback_125_03_1988_1_012	113	Picture	10	2174596	0	1	4144	2	0	4000	other	0
nback_125_03_1988_1_012	113	Pulse	5	2179810	5214	2
nback_125_03_1988_1_012	114	Picture	10	2192666	0	2	4145	3	0	4000	other	0
nback_125_03_1988_1_012	114	Pulse	5	2199810	7144	2
nback_125_03_1988_1_012	115	Picture	10	2210737	0	2	4145	3	0	4000	other	0
nback_125_03_1988_1_012	115	Pulse	5	2219809	9072	2
nback_125_03_1988_1_012	116	Picture	10	2228808	0	2	4145	3	0	4000	other	0
nback_125_03_1988_1_012	116	Pulse	5	2239799	10991	2
nback_125_03_1988_1_012	117	Picture	10	2246879	0	2	4145	3	0	4000	other	0
nback_125_03_1988_1_012	117	Pulse	5	2259798	12919	2
nback_125_03_1988_1_012	118	Picture	11	2264950	0	1	4145	2	0	4000	hit	246
nback_125_03_1988_1_012	118	Response	1	2268278	3328	2
nback_125_03_1988_1_012	118	Pulse	5	2279798	14848	2
nback_125_03_1988_1_012	119	Picture	10	2283021	0	1	4145	2	0	4000	other	0
nback_125_03_1988_1_012	119	Pulse	5	2299788	16767	1
nback_125_03_1988_1_012	120	Picture	10	2301092	0	1	4145	2	0	4000	other	0
nback_125_03_1988_1_012	121	Pulse	5	2319787	624	2
nback_125_03_1988_1_012	121	Pulse	5	2339787	20624	2
nback_125_03_1988_1_012	122	Picture	30	2344197	0	2	4145	3	0	4000	other	0
nback_125_03_1988_1_012	122	Pulse	5	2359777	15580	1
nback_125_03_1988_1_012	123	Picture	30	2362268	0	1	4145	2	0	4000	other	0
nback_125_03_1988_1_012	123	Pulse	5	2379776	17508	2
nback_125_03_1988_1_012	124	Picture	30	2380339	0	1	4145	2	0	4000	other	0
nback_125_03_1988_1_012	125	Picture	31	2398410	0	1	4145	2	0	4000	hit	260
nback_125_03_1988_1_012	125	Pulse	5	2399776	1366	2
nback_125_03_1988_1_012	125	Response	1	2401856	3446	2
nback_125_03_1988_1_012	126	Picture	31	2416481	0	1	4145	2	0	4000	hit	262
nback_125_03_1988_1_012	126	Response	1	2419605	3124	2
nback_125_03_1988_1_012	126	Pulse	5	2419765	3284	2
nback_125_03_1988_1_012	127	Picture	30	2434552	0	1	4145	2	0	4000	other	0
nback_125_03_1988_1_012	127	Pulse	5	2439765	5213	2
nback_125_03_1988_1_012	128	Picture	30	2452623	0	1	4145	2	0	4000	other	0
nback_125_03_1988_1_012	128	Pulse	5	2459765	7142	1
nback_125_03_1988_1_012	129	Picture	30	2470694	0	1	4145	2	0	4000	other	0
nback_125_03_1988_1_012	129	Pulse	5	2479754	9060	2
nback_125_03_1988_1_012	130	Picture	31	2488765	0	1	4145	2	0	4000	hit	271
nback_125_03_1988_1_012	130	Response	1	2492394	3629	2
nback_125_03_1988_1_012	130	Pulse	5	2499754	10989	2
nback_125_03_1988_1_012	131	Picture	30	2506836	0	1	4145	2	0	4000	other	0
nback_125_03_1988_1_012	131	Pulse	5	2519754	12918	1
nback_125_03_1988_1_012	132	Picture	30	2524907	0	1	4145	2	0	4000	other	0
nback_125_03_1988_1_012	132	Pulse	5	2539743	14836	2
nback_125_03_1988_1_012	133	Picture	30	2542978	0	1	4145	2	0	4000	other	0
nback_125_03_1988_1_012	133	Pulse	5	2559744	16766	1
nback_125_03_1988_1_012	134	Picture	30	2561049	0	1	4144	3	0	4000	other	0
nback_125_03_1988_1_012	135	Picture	31	2579120	0	1	4144	3	0	4000	hit	282
nback_125_03_1988_1_012	135	Pulse	5	2579742	622	2
nback_125_03_1988_1_012	135	Response	1	2589012	9892	2
nback_125_03_1988_1_012	136	Picture	30	2597191	0	1	4144	3	0	4000	other	0
nback_125_03_1988_1_012	136	Pulse	5	2599732	2541	2
nback_125_03_1988_1_012	137	Picture	30	2615262	0	1	4144	3	0	4000	other	0
nback_125_03_1988_1_012	137	Pulse	5	2619732	4470	2
