Scenario - 1-back
Logfile written - 05/31/2014 17:33:54

Subject	Trial	Event Type	Code	Time	TTime	Uncertainty	Duration	Uncertainty	ReqTime	ReqDur	Stim Type	Pair Index

nback_04_10_1988_1_009	1	Pulse	5	174394	184228	1
nback_04_10_1988_1_009	2	Pulse	5	194393	19871	2
nback_04_10_1988_1_009	3	Picture	10	199556	0	1	4145	2	0	4000	other	0
nback_04_10_1988_1_009	3	Pulse	5	214393	14837	2
nback_04_10_1988_1_009	4	Picture	10	217627	0	1	4145	2	0	4000	other	0
nback_04_10_1988_1_009	4	Pulse	5	234382	16755	2
nback_04_10_1988_1_009	5	Picture	11	235698	0	1	4144	3	0	4000	hit	8
nback_04_10_1988_1_009	5	Response	1	239182	3484	2
nback_04_10_1988_1_009	6	Picture	10	253769	0	1	4145	2	0	4000	other	0
nback_04_10_1988_1_009	6	Pulse	5	254382	613	2
nback_04_10_1988_1_009	7	Picture	11	271840	0	1	4145	2	0	4000	hit	13
nback_04_10_1988_1_009	7	Pulse	5	274382	2542	1
nback_04_10_1988_1_009	7	Response	1	275502	3662	2
nback_04_10_1988_1_009	8	Picture	10	289911	0	1	4144	3	0	4000	other	0
nback_04_10_1988_1_009	8	Pulse	5	294371	4460	2
nback_04_10_1988_1_009	9	Picture	10	307982	0	1	4144	3	0	4000	other	0
nback_04_10_1988_1_009	9	Pulse	5	314371	6389	2
nback_04_10_1988_1_009	10	Picture	10	326053	0	1	4144	3	0	4000	other	0
nback_04_10_1988_1_009	10	Pulse	5	334371	8318	1
nback_04_10_1988_1_009	11	Picture	11	344124	0	1	4144	3	0	4000	hit	21
nback_04_10_1988_1_009	11	Response	1	348120	3996	2
nback_04_10_1988_1_009	11	Pulse	5	354360	10236	2
nback_04_10_1988_1_009	12	Picture	10	362195	0	1	4144	2	0	4000	other	0
nback_04_10_1988_1_009	12	Pulse	5	374360	12165	2
nback_04_10_1988_1_009	13	Picture	10	380266	0	1	4144	2	0	4000	other	0
nback_04_10_1988_1_009	13	Pulse	5	394359	14093	2
nback_04_10_1988_1_009	14	Picture	11	398336	0	2	4145	3	0	4000	hit	28
nback_04_10_1988_1_009	14	Response	1	401549	3213	2
nback_04_10_1988_1_009	14	Pulse	5	414349	16013	2
nback_04_10_1988_1_009	15	Picture	10	416408	0	1	4144	2	0	4000	other	0
nback_04_10_1988_1_009	15	Pulse	5	434349	17941	2
nback_04_10_1988_1_009	16	Picture	10	434478	0	2	4145	3	0	4000	other	0
nback_04_10_1988_1_009	17	Picture	10	452549	0	2	4145	3	0	4000	other	0
nback_04_10_1988_1_009	17	Pulse	5	454348	1799	2
nback_04_10_1988_1_009	18	Picture	10	470620	0	2	4145	3	0	4000	other	0
nback_04_10_1988_1_009	18	Pulse	5	474338	3718	2
nback_04_10_1988_1_009	19	Pulse	5	494338	5647	1
nback_04_10_1988_1_009	20	Picture	20	513725	0	2	4145	3	0	4000	other	0
nback_04_10_1988_1_009	20	Pulse	5	514337	612	2
nback_04_10_1988_1_009	21	Picture	20	531796	0	2	4145	3	0	4000	other	0
nback_04_10_1988_1_009	21	Pulse	5	534327	2531	2
nback_04_10_1988_1_009	22	Picture	21	549867	0	2	4145	3	0	4000	hit	44
nback_04_10_1988_1_009	22	Pulse	5	554326	4459	2
nback_04_10_1988_1_009	22	Response	1	554646	4779	2
nback_04_10_1988_1_009	23	Picture	20	567938	0	1	4145	2	0	4000	other	0
nback_04_10_1988_1_009	23	Pulse	5	574326	6388	2
nback_04_10_1988_1_009	24	Picture	20	586009	0	1	4145	2	0	4000	other	0
nback_04_10_1988_1_009	24	Pulse	5	594316	8307	2
nback_04_10_1988_1_009	25	Picture	20	604080	0	1	4145	2	0	4000	other	0
nback_04_10_1988_1_009	25	Pulse	5	614315	10235	2
nback_04_10_1988_1_009	26	Picture	21	622151	0	1	4145	2	0	4000	hit	52
nback_04_10_1988_1_009	26	Response	1	625355	3204	2
nback_04_10_1988_1_009	26	Pulse	5	634315	12164	2
nback_04_10_1988_1_009	27	Picture	20	640222	0	1	4145	2	0	4000	other	0
nback_04_10_1988_1_009	27	Pulse	5	654305	14083	1
nback_04_10_1988_1_009	28	Picture	20	658293	0	1	4145	2	0	4000	other	0
nback_04_10_1988_1_009	28	Pulse	5	674304	16011	2
nback_04_10_1988_1_009	29	Picture	20	676364	0	1	4145	2	0	4000	other	0
nback_04_10_1988_1_009	29	Pulse	5	694304	17940	2
nback_04_10_1988_1_009	30	Picture	20	694435	0	1	4145	2	0	4000	other	0
nback_04_10_1988_1_009	31	Picture	20	712506	0	1	4145	2	0	4000	other	0
nback_04_10_1988_1_009	31	Pulse	5	714293	1787	2
nback_04_10_1988_1_009	32	Picture	21	730577	0	1	4145	2	0	4000	hit	65
nback_04_10_1988_1_009	32	Pulse	5	734293	3716	2
nback_04_10_1988_1_009	32	Response	1	734773	4196	2
nback_04_10_1988_1_009	33	Picture	20	748648	0	1	4145	2	0	4000	other	0
nback_04_10_1988_1_009	33	Pulse	5	754293	5645	2
nback_04_10_1988_1_009	34	Picture	20	766719	0	1	4145	2	0	4000	other	0
nback_04_10_1988_1_009	34	Pulse	5	774282	7563	2
nback_04_10_1988_1_009	35	Picture	21	784790	0	1	4145	2	0	4000	hit	71
nback_04_10_1988_1_009	35	Response	1	788202	3412	2
nback_04_10_1988_1_009	35	Pulse	5	794282	9492	2
nback_04_10_1988_1_009	36	Pulse	5	814272	11411	2
nback_04_10_1988_1_009	37	Picture	10	827895	0	1	4145	2	0	4000	other	0
nback_04_10_1988_1_009	37	Pulse	5	834271	6376	2
nback_04_10_1988_1_009	38	Picture	10	845966	0	1	4145	2	0	4000	other	0
nback_04_10_1988_1_009	38	Pulse	5	854271	8305	2
nback_04_10_1988_1_009	39	Picture	11	864037	0	1	4144	3	0	4000	hit	79
nback_04_10_1988_1_009	39	Response	1	867711	3674	1
nback_04_10_1988_1_009	39	Pulse	5	874270	10233	3
nback_04_10_1988_1_009	40	Picture	10	882108	0	1	4144	3	0	4000	other	0
nback_04_10_1988_1_009	40	Pulse	5	894260	12152	2
nback_04_10_1988_1_009	41	Picture	11	900179	0	1	4144	3	0	4000	hit	84
nback_04_10_1988_1_009	41	Response	1	903860	3681	2
nback_04_10_1988_1_009	41	Pulse	5	914260	14081	2
nback_04_10_1988_1_009	42	Picture	10	918250	0	1	4144	3	0	4000	other	0
nback_04_10_1988_1_009	42	Pulse	5	934259	16009	3
nback_04_10_1988_1_009	43	Picture	10	936321	0	1	4144	2	0	4000	other	0
nback_04_10_1988_1_009	43	Pulse	5	954249	17928	2
nback_04_10_1988_1_009	44	Picture	10	954392	0	1	4144	3	0	4000	other	0
nback_04_10_1988_1_009	45	Picture	11	972462	0	2	4145	3	0	4000	hit	93
nback_04_10_1988_1_009	45	Pulse	5	974248	1786	3
nback_04_10_1988_1_009	45	Response	1	975689	3227	1
nback_04_10_1988_1_009	46	Picture	10	990534	0	1	4144	2	0	4000	other	0
nback_04_10_1988_1_009	46	Pulse	5	994248	3714	2
nback_04_10_1988_1_009	47	Picture	10	1008604	0	2	4145	3	0	4000	other	0
nback_04_10_1988_1_009	47	Pulse	5	1014398	5794	2
nback_04_10_1988_1_009	48	Picture	11	1026675	0	2	4145	3	0	4000	hit	99
nback_04_10_1988_1_009	48	Response	1	1029918	3243	1
nback_04_10_1988_1_009	48	Pulse	5	1034397	7722	2
nback_04_10_1988_1_009	49	Picture	10	1044746	0	1	4145	2	0	4000	other	0
nback_04_10_1988_1_009	49	Pulse	5	1054397	9651	2
nback_04_10_1988_1_009	50	Picture	10	1062817	0	1	4145	2	0	4000	other	0
nback_04_10_1988_1_009	50	Pulse	5	1074387	11570	1
nback_04_10_1988_1_009	51	Picture	10	1080888	0	1	4145	2	0	4000	other	0
nback_04_10_1988_1_009	51	Pulse	5	1094386	13498	2
nback_04_10_1988_1_009	52	Picture	10	1098959	0	1	4145	2	0	4000	other	0
nback_04_10_1988_1_009	52	Pulse	5	1114386	15427	2
nback_04_10_1988_1_009	53	Pulse	5	1134376	17346	1
nback_04_10_1988_1_009	54	Picture	30	1142064	0	1	4145	2	0	4000	other	0
nback_04_10_1988_1_009	54	Pulse	5	1154375	12311	2
nback_04_10_1988_1_009	55	Picture	30	1160135	0	3	4145	4	0	4000	other	0
nback_04_10_1988_1_009	55	Pulse	5	1174375	14240	2
nback_04_10_1988_1_009	56	Picture	31	1178206	0	1	4145	2	0	4000	hit	115
nback_04_10_1988_1_009	56	Response	1	1181725	3519	2
nback_04_10_1988_1_009	56	Pulse	5	1194365	16159	1
nback_04_10_1988_1_009	57	Picture	30	1196277	0	1	4145	2	0	4000	other	0
nback_04_10_1988_1_009	58	Picture	30	1214348	0	1	4145	2	0	4000	other	0
nback_04_10_1988_1_009	58	Pulse	5	1214364	16	2
nback_04_10_1988_1_009	59	Picture	30	1232419	0	1	4145	2	0	4000	other	0
nback_04_10_1988_1_009	59	Pulse	5	1234364	1945	2
nback_04_10_1988_1_009	60	Picture	31	1250490	0	1	4145	2	0	4000	hit	124
nback_04_10_1988_1_009	60	Pulse	5	1254353	3863	2
nback_04_10_1988_1_009	60	Response	1	1257394	6904	1
nback_04_10_1988_1_009	61	Picture	31	1268561	0	1	4145	2	0	4000	hit	126
nback_04_10_1988_1_009	61	Response	1	1272913	4352	2
nback_04_10_1988_1_009	61	Pulse	5	1274353	5792	2
nback_04_10_1988_1_009	62	Picture	30	1286632	0	1	4145	2	0	4000	other	0
nback_04_10_1988_1_009	62	Pulse	5	1294353	7721	1
nback_04_10_1988_1_009	63	Picture	30	1304703	0	1	4145	2	0	4000	other	0
nback_04_10_1988_1_009	63	Pulse	5	1314342	9639	2
nback_04_10_1988_1_009	64	Picture	30	1322774	0	1	4145	2	0	4000	other	0
nback_04_10_1988_1_009	64	Pulse	5	1334342	11568	2
nback_04_10_1988_1_009	65	Picture	31	1340845	0	1	4144	3	0	4000	hit	135
nback_04_10_1988_1_009	65	Response	1	1346982	6137	1
nback_04_10_1988_1_009	65	Pulse	5	1354341	13496	2
nback_04_10_1988_1_009	66	Picture	30	1358916	0	1	4145	2	0	4000	other	0
nback_04_10_1988_1_009	66	Pulse	5	1374331	15415	2
nback_04_10_1988_1_009	67	Picture	30	1376987	0	1	4144	3	0	4000	other	0
nback_04_10_1988_1_009	67	Pulse	5	1394331	17344	2
nback_04_10_1988_1_009	68	Picture	30	1395058	0	1	4144	3	0	4000	other	0
nback_04_10_1988_1_009	69	Picture	30	1413129	0	1	4144	3	0	4000	other	0
nback_04_10_1988_1_009	69	Pulse	5	1414330	1201	2
nback_04_10_1988_1_009	70	Pulse	5	1434320	3120	2
nback_04_10_1988_1_009	70	Pulse	5	1454320	23120	1
nback_04_10_1988_1_009	71	Picture	10	1456234	0	1	4144	3	0	4000	other	0
nback_04_10_1988_1_009	72	Picture	10	1474305	0	1	4144	3	0	4000	other	0
nback_04_10_1988_1_009	72	Pulse	5	1474319	14	2
nback_04_10_1988_1_009	73	Picture	11	1492376	0	1	4144	3	0	4000	hit	151
nback_04_10_1988_1_009	73	Pulse	5	1494309	1933	2
nback_04_10_1988_1_009	73	Response	1	1495749	3373	2
nback_04_10_1988_1_009	74	Picture	10	1510447	0	1	4144	2	0	4000	other	0
nback_04_10_1988_1_009	74	Pulse	5	1514308	3861	2
nback_04_10_1988_1_009	75	Picture	11	1528517	0	2	4145	3	0	4000	hit	155
nback_04_10_1988_1_009	75	Response	1	1532058	3541	2
nback_04_10_1988_1_009	75	Pulse	5	1534308	5791	2
nback_04_10_1988_1_009	76	Picture	10	1546588	0	2	4145	3	0	4000	other	0
nback_04_10_1988_1_009	76	Pulse	5	1554298	7710	1
nback_04_10_1988_1_009	77	Picture	10	1564659	0	2	4145	3	0	4000	other	0
nback_04_10_1988_1_009	77	Pulse	5	1574297	9638	2
nback_04_10_1988_1_009	78	Picture	11	1582730	0	2	4145	3	0	4000	hit	162
nback_04_10_1988_1_009	78	Response	1	1586617	3887	2
nback_04_10_1988_1_009	78	Pulse	5	1594297	11567	2
nback_04_10_1988_1_009	79	Picture	10	1600801	0	2	4145	3	0	4000	other	0
nback_04_10_1988_1_009	79	Pulse	5	1614287	13486	1
nback_04_10_1988_1_009	80	Picture	10	1618872	0	2	4145	3	0	4000	other	0
nback_04_10_1988_1_009	80	Pulse	5	1634286	15414	2
nback_04_10_1988_1_009	81	Picture	10	1636943	0	2	4145	3	0	4000	other	0
nback_04_10_1988_1_009	81	Pulse	5	1654286	17343	2
nback_04_10_1988_1_009	82	Picture	10	1655014	0	1	4145	2	0	4000	other	0
nback_04_10_1988_1_009	83	Picture	10	1673085	0	1	4145	2	0	4000	other	0
nback_04_10_1988_1_009	83	Pulse	5	1674275	1190	2
nback_04_10_1988_1_009	84	Picture	11	1691156	0	1	4145	2	0	4000	hit	175
nback_04_10_1988_1_009	84	Pulse	5	1694275	3119	2
nback_04_10_1988_1_009	84	Response	1	1695555	4399	2
nback_04_10_1988_1_009	85	Picture	10	1709227	0	1	4145	2	0	4000	other	0
nback_04_10_1988_1_009	85	Pulse	5	1714275	5048	1
nback_04_10_1988_1_009	86	Picture	10	1727298	0	1	4145	2	0	4000	other	0
nback_04_10_1988_1_009	86	Pulse	5	1734264	6966	2
nback_04_10_1988_1_009	87	Pulse	5	1754264	8895	2
nback_04_10_1988_1_009	88	Picture	20	1770403	0	1	4145	2	0	4000	other	0
nback_04_10_1988_1_009	88	Pulse	5	1774264	3861	1
nback_04_10_1988_1_009	89	Picture	20	1788474	0	1	4145	2	0	4000	other	0
nback_04_10_1988_1_009	89	Pulse	5	1794253	5779	2
nback_04_10_1988_1_009	90	Picture	20	1806545	0	1	4145	2	0	4000	other	0
nback_04_10_1988_1_009	90	Pulse	5	1814253	7708	2
nback_04_10_1988_1_009	91	Picture	21	1824616	0	1	4145	2	0	4000	hit	188
nback_04_10_1988_1_009	91	Response	1	1828333	3717	1
nback_04_10_1988_1_009	91	Pulse	5	1834242	9626	3
nback_04_10_1988_1_009	92	Picture	20	1842687	0	1	4144	3	0	4000	other	0
nback_04_10_1988_1_009	92	Pulse	5	1854242	11555	2
nback_04_10_1988_1_009	93	Picture	20	1860758	0	1	4145	2	0	4000	other	0
nback_04_10_1988_1_009	93	Pulse	5	1874242	13484	1
nback_04_10_1988_1_009	94	Picture	21	1878829	0	1	4145	2	0	4000	hit	195
nback_04_10_1988_1_009	94	Response	1	1882721	3892	2
nback_04_10_1988_1_009	94	Pulse	5	1894241	15412	3
nback_04_10_1988_1_009	95	Picture	20	1896900	0	1	4145	2	0	4000	other	0
nback_04_10_1988_1_009	95	Pulse	5	1914231	17331	2
nback_04_10_1988_1_009	96	Picture	20	1914971	0	1	4145	2	0	4000	other	0
nback_04_10_1988_1_009	97	Picture	20	1933042	0	1	4144	3	0	4000	other	0
nback_04_10_1988_1_009	97	Pulse	5	1934230	1188	3
nback_04_10_1988_1_009	98	Picture	21	1951113	0	1	4144	3	0	4000	hit	204
nback_04_10_1988_1_009	98	Pulse	5	1954230	3117	2
nback_04_10_1988_1_009	98	Response	1	1956310	5197	2
nback_04_10_1988_1_009	99	Picture	20	1969184	0	1	4144	3	0	4000	other	0
nback_04_10_1988_1_009	99	Pulse	5	1974220	5036	2
nback_04_10_1988_1_009	100	Picture	20	1987255	0	1	4144	3	0	4000	other	0
nback_04_10_1988_1_009	100	Pulse	5	1994219	6964	3
nback_04_10_1988_1_009	101	Picture	21	2005326	0	1	4144	3	0	4000	hit	210
nback_04_10_1988_1_009	101	Response	1	2008939	3613	2
nback_04_10_1988_1_009	101	Pulse	5	2014219	8893	2
nback_04_10_1988_1_009	102	Picture	20	2023397	0	1	4144	2	0	4000	other	0
nback_04_10_1988_1_009	102	Pulse	5	2034209	10812	2
nback_04_10_1988_1_009	103	Picture	20	2041467	0	2	4145	3	0	4000	other	0
nback_04_10_1988_1_009	103	Pulse	5	2054368	12901	2
nback_04_10_1988_1_009	104	Pulse	5	2074368	14830	2
nback_04_10_1988_1_009	105	Picture	10	2084573	0	1	4144	3	0	4000	other	0
nback_04_10_1988_1_009	105	Pulse	5	2094357	9784	2
nback_04_10_1988_1_009	106	Picture	10	2102644	0	1	4144	2	0	4000	other	0
nback_04_10_1988_1_009	106	Pulse	5	2114357	11713	2
nback_04_10_1988_1_009	107	Picture	11	2120714	0	2	4145	3	0	4000	hit	222
nback_04_10_1988_1_009	107	Response	1	2124757	4043	2
nback_04_10_1988_1_009	107	Pulse	5	2134357	13643	2
nback_04_10_1988_1_009	108	Picture	10	2138785	0	2	4145	3	0	4000	other	0
nback_04_10_1988_1_009	108	Pulse	5	2154346	15561	2
nback_04_10_1988_1_009	109	Picture	11	2156856	0	2	4145	3	0	4000	hit	227
nback_04_10_1988_1_009	109	Response	1	2160746	3890	2
nback_04_10_1988_1_009	109	Pulse	5	2174346	17490	2
nback_04_10_1988_1_009	110	Picture	10	2174927	0	2	4145	3	0	4000	other	0
nback_04_10_1988_1_009	111	Picture	10	2192998	0	1	4145	2	0	4000	other	0
nback_04_10_1988_1_009	111	Pulse	5	2194346	1348	1
nback_04_10_1988_1_009	112	Picture	11	2211069	0	2	4145	3	0	4000	hit	234
nback_04_10_1988_1_009	112	Pulse	5	2214335	3266	2
nback_04_10_1988_1_009	112	Response	1	2214815	3746	2
nback_04_10_1988_1_009	113	Picture	10	2229140	0	1	4145	2	0	4000	other	0
nback_04_10_1988_1_009	113	Pulse	5	2234335	5195	2
nback_04_10_1988_1_009	114	Picture	10	2247211	0	1	4145	2	0	4000	other	0
nback_04_10_1988_1_009	114	Pulse	5	2254334	7123	2
nback_04_10_1988_1_009	115	Picture	10	2265282	0	1	4145	2	0	4000	other	0
nback_04_10_1988_1_009	115	Pulse	5	2274324	9042	2
nback_04_10_1988_1_009	116	Picture	10	2283353	0	1	4145	2	0	4000	other	0
nback_04_10_1988_1_009	116	Pulse	5	2294324	10971	2
nback_04_10_1988_1_009	117	Picture	10	2301424	0	1	4145	2	0	4000	other	0
nback_04_10_1988_1_009	117	Pulse	5	2314323	12899	2
nback_04_10_1988_1_009	118	Picture	11	2319495	0	1	4145	2	0	4000	hit	246
nback_04_10_1988_1_009	118	Response	1	2323113	3618	2
nback_04_10_1988_1_009	118	Pulse	5	2334313	14818	2
nback_04_10_1988_1_009	119	Picture	10	2337566	0	1	4145	2	0	4000	other	0
nback_04_10_1988_1_009	119	Pulse	5	2354313	16747	1
nback_04_10_1988_1_009	120	Picture	10	2355637	0	1	4144	3	0	4000	other	0
nback_04_10_1988_1_009	121	Pulse	5	2374312	604	2
nback_04_10_1988_1_009	121	Pulse	5	2394302	20594	2
nback_04_10_1988_1_009	122	Picture	30	2398742	0	1	4145	2	0	4000	other	0
nback_04_10_1988_1_009	122	Pulse	5	2414301	15559	2
nback_04_10_1988_1_009	123	Picture	30	2416813	0	1	4145	2	0	4000	other	0
nback_04_10_1988_1_009	123	Pulse	5	2434301	17488	2
nback_04_10_1988_1_009	124	Picture	30	2434884	0	1	4145	2	0	4000	other	0
nback_04_10_1988_1_009	125	Picture	31	2452955	0	1	4145	2	0	4000	hit	260
nback_04_10_1988_1_009	125	Pulse	5	2454291	1336	2
nback_04_10_1988_1_009	125	Response	1	2457491	4536	2
nback_04_10_1988_1_009	126	Picture	31	2471026	0	1	4145	2	0	4000	hit	263
nback_04_10_1988_1_009	126	Pulse	5	2474290	3264	2
nback_04_10_1988_1_009	126	Response	1	2475730	4704	2
nback_04_10_1988_1_009	127	Picture	30	2489097	0	1	4144	3	0	4000	other	0
nback_04_10_1988_1_009	127	Pulse	5	2494290	5193	2
nback_04_10_1988_1_009	128	Picture	30	2507168	0	1	4144	3	0	4000	other	0
nback_04_10_1988_1_009	128	Pulse	5	2514280	7112	1
nback_04_10_1988_1_009	129	Picture	30	2525239	0	1	4144	3	0	4000	other	0
nback_04_10_1988_1_009	129	Pulse	5	2534279	9040	2
nback_04_10_1988_1_009	130	Picture	31	2543310	0	1	4144	3	0	4000	hit	271
nback_04_10_1988_1_009	130	Response	1	2547239	3929	2
nback_04_10_1988_1_009	130	Pulse	5	2554279	10969	2
nback_04_10_1988_1_009	131	Picture	30	2561381	0	1	4144	2	0	4000	other	0
nback_04_10_1988_1_009	131	Pulse	5	2574268	12887	2
nback_04_10_1988_1_009	132	Picture	30	2579452	0	1	4144	3	0	4000	other	0
nback_04_10_1988_1_009	132	Pulse	5	2594268	14816	2
nback_04_10_1988_1_009	133	Picture	30	2597523	0	1	4144	2	0	4000	other	0
nback_04_10_1988_1_009	133	Pulse	5	2614268	16745	2
nback_04_10_1988_1_009	134	Picture	30	2615594	0	1	4144	2	0	4000	other	0
nback_04_10_1988_1_009	135	Picture	31	2633664	0	2	4145	3	0	4000	hit	282
nback_04_10_1988_1_009	135	Pulse	5	2634257	593	2
nback_04_10_1988_1_009	135	Response	1	2640178	6514	1
nback_04_10_1988_1_009	136	Picture	30	2651735	0	2	4145	3	0	4000	other	0
nback_04_10_1988_1_009	136	Pulse	5	2654257	2522	2
nback_04_10_1988_1_009	137	Picture	30	2669806	0	2	4145	3	0	4000	other	0
nback_04_10_1988_1_009	137	Pulse	5	2674257	4451	1
