Scenario - 1-back
Logfile written - 05/31/2014 17:38:28

Subject	Trial	Event Type	Code	Time	TTime	Uncertainty	Duration	Uncertainty	ReqTime	ReqDur	Stim Type	Pair Index

nback_04_10_1988_1_009	1	Pulse	5	98426	108260	2
nback_04_10_1988_1_009	2	Pulse	5	118416	19825	2
nback_04_10_1988_1_009	3	Picture	10	123625	0	1	4144	3	0	4000	other	0
nback_04_10_1988_1_009	3	Pulse	5	138415	14790	2
nback_04_10_1988_1_009	4	Picture	10	141696	0	1	4144	3	0	4000	other	0
nback_04_10_1988_1_009	4	Pulse	5	158415	16719	2
nback_04_10_1988_1_009	5	Picture	11	159767	0	1	4144	3	0	4000	hit	8
nback_04_10_1988_1_009	5	Response	1	163685	3918	2
nback_04_10_1988_1_009	6	Picture	10	177838	0	1	4144	3	0	4000	other	0
nback_04_10_1988_1_009	6	Pulse	5	178405	567	2
nback_04_10_1988_1_009	7	Picture	11	195909	0	1	4144	3	0	4000	hit	13
nback_04_10_1988_1_009	7	Pulse	5	198405	2496	1
nback_04_10_1988_1_009	7	Response	1	200164	4255	2
nback_04_10_1988_1_009	8	Picture	10	213980	0	1	4144	3	0	4000	other	0
nback_04_10_1988_1_009	8	Pulse	5	218404	4424	2
nback_04_10_1988_1_009	9	Picture	10	232050	0	2	4145	3	0	4000	other	0
nback_04_10_1988_1_009	9	Pulse	5	238394	6344	1
nback_04_10_1988_1_009	10	Picture	10	250121	0	2	4145	3	0	4000	other	0
nback_04_10_1988_1_009	10	Pulse	5	258393	8272	2
nback_04_10_1988_1_009	11	Picture	11	268192	0	2	4145	3	0	4000	hit	21
nback_04_10_1988_1_009	11	Response	1	271833	3641	2
nback_04_10_1988_1_009	11	Pulse	5	278393	10201	2
nback_04_10_1988_1_009	12	Picture	10	286263	0	2	4145	3	0	4000	other	0
nback_04_10_1988_1_009	12	Pulse	5	298383	12120	1
nback_04_10_1988_1_009	13	Picture	10	304334	0	2	4145	3	0	4000	other	0
nback_04_10_1988_1_009	13	Pulse	5	318382	14048	2
nback_04_10_1988_1_009	14	Picture	11	322405	0	2	4145	3	0	4000	hit	28
nback_04_10_1988_1_009	14	Response	1	326222	3817	2
nback_04_10_1988_1_009	14	Pulse	5	338382	15977	1
nback_04_10_1988_1_009	15	Picture	10	340476	0	2	4145	3	0	4000	other	0
nback_04_10_1988_1_009	15	Pulse	5	358371	17895	2
nback_04_10_1988_1_009	16	Picture	10	358547	0	2	4145	3	0	4000	other	0
nback_04_10_1988_1_009	17	Picture	10	376618	0	1	4145	2	0	4000	other	0
nback_04_10_1988_1_009	17	Pulse	5	378371	1753	2
nback_04_10_1988_1_009	18	Picture	10	394689	0	1	4145	2	0	4000	other	0
nback_04_10_1988_1_009	18	Pulse	5	398370	3681	2
nback_04_10_1988_1_009	19	Pulse	5	418360	5600	2
nback_04_10_1988_1_009	20	Picture	30	437794	0	1	4145	2	0	4000	other	0
nback_04_10_1988_1_009	20	Pulse	5	438360	566	2
nback_04_10_1988_1_009	21	Picture	30	455865	0	1	4145	2	0	4000	other	0
nback_04_10_1988_1_009	21	Pulse	5	458359	2494	2
nback_04_10_1988_1_009	22	Picture	31	473936	0	1	4145	2	0	4000	hit	43
nback_04_10_1988_1_009	22	Response	1	478349	4413	2
nback_04_10_1988_1_009	22	Pulse	5	478349	4413	2
nback_04_10_1988_1_009	23	Picture	30	492007	0	1	4145	2	0	4000	other	0
nback_04_10_1988_1_009	23	Pulse	5	498349	6342	1
nback_04_10_1988_1_009	24	Picture	30	510078	0	1	4145	2	0	4000	other	0
nback_04_10_1988_1_009	24	Pulse	5	518348	8270	2
nback_04_10_1988_1_009	25	Picture	30	528149	0	1	4145	2	0	4000	other	0
nback_04_10_1988_1_009	25	Pulse	5	538338	10189	2
nback_04_10_1988_1_009	26	Picture	31	546220	0	1	4144	3	0	4000	hit	52
nback_04_10_1988_1_009	26	Response	1	550178	3958	2
nback_04_10_1988_1_009	26	Pulse	5	558338	12118	1
nback_04_10_1988_1_009	27	Picture	31	564291	0	1	4145	2	0	4000	hit	55
nback_04_10_1988_1_009	27	Response	1	567937	3646	2
nback_04_10_1988_1_009	27	Pulse	5	578337	14046	2
nback_04_10_1988_1_009	28	Picture	30	582362	0	1	4145	2	0	4000	other	0
nback_04_10_1988_1_009	28	Pulse	5	598327	15965	2
nback_04_10_1988_1_009	29	Picture	30	600433	0	1	4145	2	0	4000	other	0
nback_04_10_1988_1_009	29	Pulse	5	618326	17893	2
nback_04_10_1988_1_009	30	Picture	30	618504	0	1	4145	2	0	4000	other	0
nback_04_10_1988_1_009	31	Picture	31	636575	0	1	4144	3	0	4000	hit	64
nback_04_10_1988_1_009	31	Pulse	5	638326	1751	2
nback_04_10_1988_1_009	31	Response	1	639926	3351	2
nback_04_10_1988_1_009	32	Picture	30	654646	0	1	4144	3	0	4000	other	0
nback_04_10_1988_1_009	32	Pulse	5	658316	3670	1
nback_04_10_1988_1_009	33	Picture	30	672717	0	1	4144	3	0	4000	other	0
nback_04_10_1988_1_009	33	Pulse	5	678315	5598	2
nback_04_10_1988_1_009	34	Picture	30	690788	0	1	4144	3	0	4000	other	0
nback_04_10_1988_1_009	34	Pulse	5	698315	7527	2
nback_04_10_1988_1_009	35	Picture	30	708859	0	1	4144	2	0	4000	other	0
nback_04_10_1988_1_009	35	Pulse	5	718303	9444	4
nback_04_10_1988_1_009	36	Pulse	5	738302	11373	4
nback_04_10_1988_1_009	37	Picture	10	751964	0	1	4144	3	0	4000	other	0
nback_04_10_1988_1_009	37	Pulse	5	758302	6338	4
nback_04_10_1988_1_009	38	Picture	10	770035	0	1	4144	2	0	4000	other	0
nback_04_10_1988_1_009	38	Pulse	5	778293	8258	2
nback_04_10_1988_1_009	39	Picture	11	788106	0	1	4144	2	0	4000	hit	79
nback_04_10_1988_1_009	39	Response	1	792053	3947	2
nback_04_10_1988_1_009	39	Pulse	5	798293	10187	2
nback_04_10_1988_1_009	40	Picture	10	806177	0	1	4144	3	0	4000	other	0
nback_04_10_1988_1_009	40	Pulse	5	818453	12276	1
nback_04_10_1988_1_009	41	Picture	11	824247	0	2	4145	3	0	4000	hit	84
nback_04_10_1988_1_009	41	Response	1	828202	3955	2
nback_04_10_1988_1_009	41	Pulse	5	838442	14195	2
nback_04_10_1988_1_009	42	Picture	10	842318	0	2	4145	3	0	4000	other	0
nback_04_10_1988_1_009	42	Pulse	5	858442	16124	2
nback_04_10_1988_1_009	43	Picture	10	860389	0	2	4145	3	0	4000	other	0
nback_04_10_1988_1_009	43	Pulse	5	878441	18052	2
nback_04_10_1988_1_009	44	Picture	10	878460	0	2	4145	3	0	4000	other	0
nback_04_10_1988_1_009	45	Picture	11	896531	0	1	4145	2	0	4000	hit	93
nback_04_10_1988_1_009	45	Pulse	5	898431	1900	2
nback_04_10_1988_1_009	45	Response	1	900191	3660	2
nback_04_10_1988_1_009	46	Picture	10	914602	0	1	4145	2	0	4000	false_alarm	96
nback_04_10_1988_1_009	46	Pulse	5	918431	3829	2
nback_04_10_1988_1_009	46	Response	1	919391	4789	2
nback_04_10_1988_1_009	47	Picture	10	932673	0	1	4145	2	0	4000	other	0
nback_04_10_1988_1_009	47	Pulse	5	938430	5757	2
nback_04_10_1988_1_009	48	Picture	11	950744	0	1	4145	2	0	4000	hit	100
nback_04_10_1988_1_009	48	Response	1	955700	4956	2
nback_04_10_1988_1_009	48	Pulse	5	958420	7676	2
nback_04_10_1988_1_009	49	Picture	10	968815	0	1	4145	2	0	4000	other	0
nback_04_10_1988_1_009	49	Pulse	5	978420	9605	1
nback_04_10_1988_1_009	50	Picture	10	986886	0	1	4145	2	0	4000	other	0
nback_04_10_1988_1_009	50	Pulse	5	998419	11533	2
nback_04_10_1988_1_009	51	Picture	10	1004957	0	1	4145	2	0	4000	other	0
nback_04_10_1988_1_009	51	Pulse	5	1018409	13452	2
nback_04_10_1988_1_009	52	Picture	10	1023028	0	1	4145	2	0	4000	other	0
nback_04_10_1988_1_009	52	Pulse	5	1038408	15380	2
nback_04_10_1988_1_009	53	Pulse	5	1058408	17309	2
nback_04_10_1988_1_009	54	Picture	20	1066133	0	1	4145	2	0	4000	other	0
nback_04_10_1988_1_009	54	Pulse	5	1078398	12265	2
nback_04_10_1988_1_009	55	Picture	20	1084204	0	1	4145	2	0	4000	other	0
nback_04_10_1988_1_009	55	Pulse	5	1098397	14193	2
nback_04_10_1988_1_009	56	Picture	21	1102275	0	1	4145	2	0	4000	hit	116
nback_04_10_1988_1_009	56	Response	1	1107357	5082	2
nback_04_10_1988_1_009	56	Pulse	5	1118387	16112	2
nback_04_10_1988_1_009	57	Picture	20	1120346	0	1	4145	2	0	4000	other	0
nback_04_10_1988_1_009	57	Pulse	5	1138387	18041	2
nback_04_10_1988_1_009	58	Picture	20	1138417	0	1	4145	2	0	4000	other	0
nback_04_10_1988_1_009	59	Picture	20	1156488	0	1	4145	2	0	4000	other	0
nback_04_10_1988_1_009	59	Pulse	5	1158386	1898	2
nback_04_10_1988_1_009	60	Picture	21	1174559	0	1	4144	3	0	4000	hit	125
nback_04_10_1988_1_009	60	Pulse	5	1178386	3827	2
nback_04_10_1988_1_009	60	Response	1	1179346	4787	2
nback_04_10_1988_1_009	61	Picture	20	1192630	0	1	4144	3	0	4000	other	0
nback_04_10_1988_1_009	61	Pulse	5	1198375	5745	3
nback_04_10_1988_1_009	62	Picture	20	1210701	0	1	4144	3	0	4000	other	0
nback_04_10_1988_1_009	62	Pulse	5	1218375	7674	2
nback_04_10_1988_1_009	63	Picture	20	1228772	0	1	4144	3	0	4000	other	0
nback_04_10_1988_1_009	63	Pulse	5	1238375	9603	2
nback_04_10_1988_1_009	64	Picture	20	1246843	0	1	4144	3	0	4000	other	0
nback_04_10_1988_1_009	64	Pulse	5	1258364	11521	2
nback_04_10_1988_1_009	65	Picture	20	1264914	0	1	4144	2	0	4000	other	0
nback_04_10_1988_1_009	65	Pulse	5	1278364	13450	2
nback_04_10_1988_1_009	66	Picture	21	1282984	0	2	4145	3	0	4000	hit	137
nback_04_10_1988_1_009	66	Response	1	1287004	4020	2
nback_04_10_1988_1_009	66	Pulse	5	1298364	15380	1
nback_04_10_1988_1_009	67	Picture	20	1301056	0	1	4144	2	0	4000	other	0
nback_04_10_1988_1_009	67	Pulse	5	1318353	17297	2
nback_04_10_1988_1_009	68	Picture	20	1319126	0	2	4145	3	0	4000	other	0
nback_04_10_1988_1_009	69	Picture	21	1337197	0	2	4145	3	0	4000	hit	144
nback_04_10_1988_1_009	69	Pulse	5	1338353	1156	2
nback_04_10_1988_1_009	69	Response	1	1340753	3556	2
nback_04_10_1988_1_009	70	Pulse	5	1358352	3084	2
nback_04_10_1988_1_009	70	Pulse	5	1378342	23074	2
nback_04_10_1988_1_009	71	Picture	10	1380302	0	2	4145	3	0	4000	other	0
nback_04_10_1988_1_009	71	Pulse	5	1398342	18040	2
nback_04_10_1988_1_009	72	Picture	10	1398373	0	2	4145	3	0	4000	other	0
nback_04_10_1988_1_009	73	Picture	11	1416444	0	2	4145	3	0	4000	hit	152
nback_04_10_1988_1_009	73	Pulse	5	1418342	1898	1
nback_04_10_1988_1_009	73	Response	1	1420581	4137	3
nback_04_10_1988_1_009	74	Picture	10	1434515	0	2	4145	3	0	4000	other	0
nback_04_10_1988_1_009	74	Pulse	5	1438331	3816	2
nback_04_10_1988_1_009	75	Picture	11	1452586	0	1	4145	2	0	4000	hit	156
nback_04_10_1988_1_009	75	Response	1	1455931	3345	1
nback_04_10_1988_1_009	75	Pulse	5	1458331	5745	1
nback_04_10_1988_1_009	76	Picture	10	1470657	0	2	4145	3	0	4000	other	0
nback_04_10_1988_1_009	76	Pulse	5	1478330	7673	2
nback_04_10_1988_1_009	77	Picture	10	1488728	0	1	4145	2	0	4000	other	0
nback_04_10_1988_1_009	77	Pulse	5	1498320	9592	2
nback_04_10_1988_1_009	78	Picture	11	1506799	0	1	4145	2	0	4000	hit	163
nback_04_10_1988_1_009	78	Response	1	1511120	4321	1
nback_04_10_1988_1_009	78	Pulse	5	1518319	11520	2
nback_04_10_1988_1_009	79	Picture	10	1524870	0	1	4145	2	0	4000	other	0
nback_04_10_1988_1_009	79	Pulse	5	1538319	13449	2
nback_04_10_1988_1_009	80	Picture	10	1542941	0	1	4145	2	0	4000	other	0
nback_04_10_1988_1_009	80	Pulse	5	1558309	15368	2
nback_04_10_1988_1_009	81	Picture	10	1561012	0	1	4145	2	0	4000	other	0
nback_04_10_1988_1_009	81	Pulse	5	1578308	17296	2
nback_04_10_1988_1_009	82	Picture	10	1579083	0	1	4145	2	0	4000	other	0
nback_04_10_1988_1_009	83	Picture	10	1597154	0	1	4145	2	0	4000	other	0
nback_04_10_1988_1_009	83	Pulse	5	1598308	1154	2
nback_04_10_1988_1_009	84	Picture	11	1615225	0	1	4145	2	0	4000	hit	176
nback_04_10_1988_1_009	84	Pulse	5	1618298	3073	1
nback_04_10_1988_1_009	84	Response	1	1619098	3873	1
nback_04_10_1988_1_009	85	Picture	10	1633296	0	1	4145	2	0	4000	other	0
nback_04_10_1988_1_009	85	Pulse	5	1638297	5001	2
nback_04_10_1988_1_009	86	Picture	10	1651367	0	1	4145	2	0	4000	other	0
nback_04_10_1988_1_009	86	Pulse	5	1658297	6930	2
nback_04_10_1988_1_009	87	Pulse	5	1678286	8848	2
nback_04_10_1988_1_009	88	Picture	30	1694472	0	1	4145	2	0	4000	other	0
nback_04_10_1988_1_009	88	Pulse	5	1698286	3814	2
nback_04_10_1988_1_009	89	Picture	30	1712543	0	1	4145	2	0	4000	other	0
nback_04_10_1988_1_009	89	Pulse	5	1718286	5743	2
nback_04_10_1988_1_009	90	Picture	30	1730614	0	1	4145	2	0	4000	other	0
nback_04_10_1988_1_009	90	Pulse	5	1738275	7661	2
nback_04_10_1988_1_009	91	Picture	31	1748684	0	2	4145	4	0	4000	hit	189
nback_04_10_1988_1_009	91	Response	1	1753315	4631	2
nback_04_10_1988_1_009	91	Pulse	5	1758275	9591	2
nback_04_10_1988_1_009	92	Picture	31	1766756	0	1	4144	3	0	4000	hit	192
nback_04_10_1988_1_009	92	Response	1	1769315	2559	2
nback_04_10_1988_1_009	92	Pulse	5	1778275	11519	1
nback_04_10_1988_1_009	93	Picture	30	1784827	0	1	4144	3	0	4000	other	0
nback_04_10_1988_1_009	93	Pulse	5	1798264	13437	2
nback_04_10_1988_1_009	94	Picture	30	1802898	0	1	4144	3	0	4000	other	0
nback_04_10_1988_1_009	94	Pulse	5	1818264	15366	2
nback_04_10_1988_1_009	95	Picture	30	1820969	0	1	4144	3	0	4000	other	0
nback_04_10_1988_1_009	95	Pulse	5	1838263	17294	2
nback_04_10_1988_1_009	96	Picture	31	1839040	0	1	4144	3	0	4000	hit	201
nback_04_10_1988_1_009	96	Response	1	1842893	3853	2
nback_04_10_1988_1_009	97	Picture	30	1857111	0	1	4144	2	0	4000	other	0
nback_04_10_1988_1_009	97	Pulse	5	1858253	1142	2
nback_04_10_1988_1_009	98	Picture	30	1875181	0	2	4145	3	0	4000	other	0
nback_04_10_1988_1_009	98	Pulse	5	1878414	3233	1
nback_04_10_1988_1_009	99	Picture	30	1893252	0	2	4145	3	0	4000	other	0
nback_04_10_1988_1_009	99	Pulse	5	1898412	5160	2
nback_04_10_1988_1_009	100	Picture	30	1911323	0	2	4145	3	0	4000	other	0
nback_04_10_1988_1_009	100	Pulse	5	1918402	7079	2
nback_04_10_1988_1_009	101	Picture	31	1929394	0	2	4145	3	0	4000	hit	211
nback_04_10_1988_1_009	101	Response	1	1935202	5808	1
nback_04_10_1988_1_009	101	Pulse	5	1938402	9008	1
nback_04_10_1988_1_009	102	Picture	30	1947465	0	2	4145	3	0	4000	other	0
nback_04_10_1988_1_009	102	Pulse	5	1958401	10936	2
nback_04_10_1988_1_009	103	Picture	30	1965536	0	2	4145	3	0	4000	other	0
nback_04_10_1988_1_009	103	Pulse	5	1978391	12855	2
nback_04_10_1988_1_009	104	Pulse	5	1998390	14783	2
nback_04_10_1988_1_009	105	Picture	10	2008641	0	2	4145	3	0	4000	other	0
nback_04_10_1988_1_009	105	Pulse	5	2018390	9749	2
nback_04_10_1988_1_009	106	Picture	10	2026712	0	2	4145	3	0	4000	false_alarm	221
nback_04_10_1988_1_009	106	Response	1	2029421	2709	1
nback_04_10_1988_1_009	106	Pulse	5	2038380	11668	2
nback_04_10_1988_1_009	107	Picture	11	2044783	0	1	4145	2	0	4000	hit	224
nback_04_10_1988_1_009	107	Response	1	2048139	3356	2
nback_04_10_1988_1_009	107	Pulse	5	2058379	13596	2
nback_04_10_1988_1_009	108	Picture	10	2062854	0	1	4145	2	0	4000	other	0
nback_04_10_1988_1_009	108	Pulse	5	2078379	15525	2
nback_04_10_1988_1_009	109	Picture	11	2080925	0	1	4145	2	0	4000	hit	229
nback_04_10_1988_1_009	109	Response	1	2083969	3044	2
nback_04_10_1988_1_009	109	Pulse	5	2098369	17444	1
nback_04_10_1988_1_009	110	Picture	10	2098996	0	1	4145	2	0	4000	other	0
nback_04_10_1988_1_009	111	Picture	10	2117067	0	1	4145	2	0	4000	other	0
nback_04_10_1988_1_009	111	Pulse	5	2118368	1301	2
nback_04_10_1988_1_009	112	Picture	11	2135138	0	1	4145	2	0	4000	hit	236
nback_04_10_1988_1_009	112	Pulse	5	2138358	3220	2
nback_04_10_1988_1_009	112	Response	1	2140288	5150	2
nback_04_10_1988_1_009	113	Picture	10	2153209	0	1	4145	2	0	4000	other	0
nback_04_10_1988_1_009	113	Pulse	5	2158357	5148	3
nback_04_10_1988_1_009	114	Picture	10	2171280	0	1	4145	2	0	4000	other	0
nback_04_10_1988_1_009	114	Pulse	5	2178357	7077	2
nback_04_10_1988_1_009	115	Picture	10	2189351	0	1	4145	2	0	4000	other	0
nback_04_10_1988_1_009	115	Pulse	5	2198357	9006	2
nback_04_10_1988_1_009	116	Picture	10	2207422	0	1	4145	2	0	4000	other	0
nback_04_10_1988_1_009	116	Pulse	5	2218346	10924	3
nback_04_10_1988_1_009	117	Picture	10	2225493	0	1	4145	2	0	4000	other	0
nback_04_10_1988_1_009	117	Pulse	5	2238346	12853	2
nback_04_10_1988_1_009	118	Picture	11	2243564	0	1	4145	2	0	4000	hit	248
nback_04_10_1988_1_009	118	Response	1	2246986	3422	2
nback_04_10_1988_1_009	118	Pulse	5	2258346	14782	1
nback_04_10_1988_1_009	119	Picture	10	2261634	0	2	4145	4	0	4000	other	0
nback_04_10_1988_1_009	119	Pulse	5	2278335	16701	2
nback_04_10_1988_1_009	120	Picture	10	2279706	0	1	4144	3	0	4000	other	0
nback_04_10_1988_1_009	121	Pulse	5	2298335	558	2
nback_04_10_1988_1_009	121	Pulse	5	2318334	20557	2
nback_04_10_1988_1_009	122	Picture	20	2322811	0	1	4145	2	0	4000	other	0
nback_04_10_1988_1_009	122	Pulse	5	2338324	15513	2
nback_04_10_1988_1_009	123	Picture	20	2340882	0	1	4144	3	0	4000	other	0
nback_04_10_1988_1_009	123	Pulse	5	2358324	17442	1
nback_04_10_1988_1_009	124	Picture	20	2358953	0	1	4144	3	0	4000	other	0
nback_04_10_1988_1_009	125	Picture	21	2377024	0	1	4144	3	0	4000	hit	262
nback_04_10_1988_1_009	125	Pulse	5	2378323	1299	2
nback_04_10_1988_1_009	125	Response	1	2380723	3699	2
nback_04_10_1988_1_009	126	Picture	20	2395095	0	1	4144	4	0	4000	other	0
nback_04_10_1988_1_009	126	Pulse	5	2398313	3218	2
nback_04_10_1988_1_009	127	Picture	20	2413166	0	1	4144	2	0	4000	other	0
nback_04_10_1988_1_009	127	Pulse	5	2418313	5147	1
nback_04_10_1988_1_009	128	Picture	21	2431236	0	2	4145	3	0	4000	hit	268
nback_04_10_1988_1_009	128	Response	1	2435432	4196	2
nback_04_10_1988_1_009	128	Pulse	5	2438312	7076	2
nback_04_10_1988_1_009	129	Picture	20	2449307	0	2	4145	3	0	4000	other	0
nback_04_10_1988_1_009	129	Pulse	5	2458302	8995	2
nback_04_10_1988_1_009	130	Picture	20	2467378	0	2	4145	3	0	4000	other	0
nback_04_10_1988_1_009	130	Pulse	5	2478301	10923	2
nback_04_10_1988_1_009	131	Picture	20	2485449	0	2	4145	3	0	4000	other	0
nback_04_10_1988_1_009	131	Pulse	5	2498301	12852	2
nback_04_10_1988_1_009	132	Picture	21	2503520	0	2	4145	3	0	4000	hit	277
nback_04_10_1988_1_009	132	Response	1	2507411	3891	2
nback_04_10_1988_1_009	132	Pulse	5	2518291	14771	1
nback_04_10_1988_1_009	133	Picture	20	2521591	0	1	4145	2	0	4000	other	0
nback_04_10_1988_1_009	133	Pulse	5	2538290	16699	2
nback_04_10_1988_1_009	134	Picture	20	2539662	0	2	4145	3	0	4000	other	0
nback_04_10_1988_1_009	135	Picture	21	2557733	0	1	4145	2	0	4000	hit	284
nback_04_10_1988_1_009	135	Pulse	5	2558290	557	2
nback_04_10_1988_1_009	135	Response	1	2562120	4387	2
nback_04_10_1988_1_009	136	Picture	20	2575804	0	1	4144	3	0	4000	other	0
nback_04_10_1988_1_009	136	Pulse	5	2578280	2476	1
nback_04_10_1988_1_009	137	Picture	20	2593875	0	1	4144	3	0	4000	other	0
nback_04_10_1988_1_009	137	Pulse	5	2598280	4405	1
