Scenario - 1-back
Logfile written - 05/31/2014 17:23:34

Subject	Trial	Event Type	Code	Time	TTime	Uncertainty	Duration	Uncertainty	ReqTime	ReqDur	Stim Type	Pair Index

nback_04_10_1988_1_009	1	Pulse	5	128595	138429	2
nback_04_10_1988_1_009	2	Pulse	5	148584	19820	2
nback_04_10_1988_1_009	3	Picture	10	153798	0	1	4145	2	0	4000	other	0
nback_04_10_1988_1_009	3	Pulse	5	168584	14786	2
nback_04_10_1988_1_009	4	Picture	10	171869	0	1	4145	2	0	4000	other	0
nback_04_10_1988_1_009	4	Pulse	5	188584	16715	2
nback_04_10_1988_1_009	5	Picture	11	189940	0	1	4145	2	0	4000	hit	8
nback_04_10_1988_1_009	5	Response	1	193374	3434	1
nback_04_10_1988_1_009	6	Picture	10	208011	0	1	4145	2	0	4000	other	0
nback_04_10_1988_1_009	6	Pulse	5	208573	562	2
nback_04_10_1988_1_009	7	Picture	11	226082	0	1	4145	2	0	4000	hit	13
nback_04_10_1988_1_009	7	Pulse	5	228573	2491	2
nback_04_10_1988_1_009	7	Response	1	229373	3291	2
nback_04_10_1988_1_009	8	Picture	10	244153	0	2	4145	3	0	4000	other	0
nback_04_10_1988_1_009	8	Pulse	5	248573	4420	1
nback_04_10_1988_1_009	9	Picture	10	262224	0	1	4144	3	0	4000	false_alarm	17
nback_04_10_1988_1_009	9	Response	1	265522	3298	2
nback_04_10_1988_1_009	9	Pulse	5	268562	6338	2
nback_04_10_1988_1_009	10	Picture	10	280295	0	1	4144	3	0	4000	other	0
nback_04_10_1988_1_009	10	Pulse	5	288562	8267	2
nback_04_10_1988_1_009	11	Picture	11	298366	0	1	4144	3	0	4000	hit	22
nback_04_10_1988_1_009	11	Response	1	302481	4115	2
nback_04_10_1988_1_009	11	Pulse	5	308561	10195	2
nback_04_10_1988_1_009	12	Picture	10	316437	0	1	4144	2	0	4000	other	0
nback_04_10_1988_1_009	12	Pulse	5	328551	12114	2
nback_04_10_1988_1_009	13	Picture	10	334507	0	2	4145	3	0	4000	other	0
nback_04_10_1988_1_009	13	Pulse	5	348551	14044	2
nback_04_10_1988_1_009	14	Picture	11	352578	0	2	4145	3	0	4000	hit	29
nback_04_10_1988_1_009	14	Response	1	356551	3973	1
nback_04_10_1988_1_009	14	Pulse	5	368550	15972	2
nback_04_10_1988_1_009	15	Picture	10	370649	0	2	4145	3	0	4000	other	0
nback_04_10_1988_1_009	15	Pulse	5	388540	17891	2
nback_04_10_1988_1_009	16	Picture	10	388720	0	1	4145	2	0	4000	other	0
nback_04_10_1988_1_009	17	Picture	10	406791	0	1	4145	2	0	4000	other	0
nback_04_10_1988_1_009	17	Pulse	5	408540	1749	1
nback_04_10_1988_1_009	18	Picture	10	424862	0	1	4145	2	0	4000	other	0
nback_04_10_1988_1_009	18	Pulse	5	428539	3677	2
nback_04_10_1988_1_009	19	Pulse	5	448529	5596	2
nback_04_10_1988_1_009	20	Picture	20	467967	0	1	4145	2	0	4000	other	0
nback_04_10_1988_1_009	20	Pulse	5	468528	561	2
nback_04_10_1988_1_009	21	Picture	20	486038	0	1	4145	2	0	4000	other	0
nback_04_10_1988_1_009	21	Pulse	5	488528	2490	2
nback_04_10_1988_1_009	22	Picture	21	504109	0	1	4145	2	0	4000	hit	44
nback_04_10_1988_1_009	22	Response	1	507718	3609	1
nback_04_10_1988_1_009	22	Pulse	5	508518	4409	1
nback_04_10_1988_1_009	23	Picture	20	522180	0	1	4145	2	0	4000	other	0
nback_04_10_1988_1_009	23	Pulse	5	528517	6337	2
nback_04_10_1988_1_009	24	Picture	20	540251	0	1	4145	2	0	4000	other	0
nback_04_10_1988_1_009	24	Pulse	5	548517	8266	2
nback_04_10_1988_1_009	25	Picture	20	558322	0	1	4145	2	0	4000	other	0
nback_04_10_1988_1_009	25	Pulse	5	568507	10185	1
nback_04_10_1988_1_009	26	Picture	21	576393	0	1	4145	2	0	4000	hit	53
nback_04_10_1988_1_009	26	Response	1	580506	4113	2
nback_04_10_1988_1_009	26	Pulse	5	588666	12273	2
nback_04_10_1988_1_009	27	Picture	20	594464	0	1	4144	3	0	4000	other	0
nback_04_10_1988_1_009	27	Pulse	5	608666	14202	2
nback_04_10_1988_1_009	28	Picture	20	612535	0	1	4144	3	0	4000	other	0
nback_04_10_1988_1_009	28	Pulse	5	628655	16120	2
nback_04_10_1988_1_009	29	Picture	20	630606	0	1	4144	3	0	4000	other	0
nback_04_10_1988_1_009	29	Pulse	5	648656	18050	1
nback_04_10_1988_1_009	30	Picture	20	648677	0	1	4144	3	0	4000	other	0
nback_04_10_1988_1_009	31	Picture	20	666748	0	1	4144	2	0	4000	other	0
nback_04_10_1988_1_009	31	Pulse	5	668655	1907	2
nback_04_10_1988_1_009	32	Picture	21	684819	0	1	4144	3	0	4000	hit	65
nback_04_10_1988_1_009	32	Response	1	688004	3185	2
nback_04_10_1988_1_009	32	Pulse	5	688644	3825	2
nback_04_10_1988_1_009	33	Picture	20	702889	0	2	4145	3	0	4000	other	0
nback_04_10_1988_1_009	33	Pulse	5	708644	5755	2
nback_04_10_1988_1_009	34	Picture	20	720960	0	2	4145	3	0	4000	other	0
nback_04_10_1988_1_009	34	Pulse	5	728641	7681	9
nback_04_10_1988_1_009	35	Picture	21	739031	0	2	4145	3	0	4000	hit	72
nback_04_10_1988_1_009	35	Response	1	742393	3362	2
nback_04_10_1988_1_009	35	Pulse	5	748633	9602	2
nback_04_10_1988_1_009	36	Pulse	5	768633	11531	2
nback_04_10_1988_1_009	37	Picture	10	782136	0	2	4145	3	0	4000	other	0
nback_04_10_1988_1_009	37	Pulse	5	788632	6496	2
nback_04_10_1988_1_009	38	Picture	10	800207	0	2	4145	3	0	4000	other	0
nback_04_10_1988_1_009	38	Pulse	5	808622	8415	2
nback_04_10_1988_1_009	39	Picture	11	818278	0	1	4145	2	0	4000	hit	80
nback_04_10_1988_1_009	39	Response	1	822382	4104	2
nback_04_10_1988_1_009	39	Pulse	5	828622	10344	1
nback_04_10_1988_1_009	40	Picture	10	836349	0	1	4145	2	0	4000	other	0
nback_04_10_1988_1_009	40	Pulse	5	848611	12262	2
nback_04_10_1988_1_009	41	Picture	11	854420	0	1	4145	2	0	4000	hit	85
nback_04_10_1988_1_009	41	Response	1	859331	4911	2
nback_04_10_1988_1_009	41	Pulse	5	868611	14191	2
nback_04_10_1988_1_009	42	Picture	10	872491	0	1	4145	2	0	4000	other	0
nback_04_10_1988_1_009	42	Pulse	5	888611	16120	2
nback_04_10_1988_1_009	43	Picture	10	890562	0	1	4145	2	0	4000	other	0
nback_04_10_1988_1_009	43	Pulse	5	908610	18048	2
nback_04_10_1988_1_009	44	Picture	10	908633	0	1	4145	2	0	4000	other	0
nback_04_10_1988_1_009	45	Picture	11	926704	0	1	4145	2	0	4000	hit	94
nback_04_10_1988_1_009	45	Pulse	5	928600	1896	2
nback_04_10_1988_1_009	45	Response	1	930680	3976	2
nback_04_10_1988_1_009	46	Picture	10	944775	0	1	4144	4	0	4000	other	0
nback_04_10_1988_1_009	46	Pulse	5	948599	3824	3
nback_04_10_1988_1_009	47	Picture	10	962846	0	1	4144	3	0	4000	other	0
nback_04_10_1988_1_009	47	Pulse	5	968599	5753	2
nback_04_10_1988_1_009	48	Picture	11	980917	0	1	4144	3	0	4000	hit	100
nback_04_10_1988_1_009	48	Response	1	984589	3672	3
nback_04_10_1988_1_009	48	Pulse	5	988589	7672	2
nback_04_10_1988_1_009	49	Picture	10	998988	0	1	4144	3	0	4000	other	0
nback_04_10_1988_1_009	49	Pulse	5	1008588	9600	2
nback_04_10_1988_1_009	50	Picture	10	1017059	0	1	4144	3	0	4000	other	0
nback_04_10_1988_1_009	50	Pulse	5	1028588	11529	2
nback_04_10_1988_1_009	51	Picture	10	1035130	0	1	4144	2	0	4000	other	0
nback_04_10_1988_1_009	51	Pulse	5	1048577	13447	2
nback_04_10_1988_1_009	52	Picture	10	1053200	0	2	4145	3	0	4000	other	0
nback_04_10_1988_1_009	52	Pulse	5	1068577	15377	2
nback_04_10_1988_1_009	53	Pulse	5	1088577	17306	2
nback_04_10_1988_1_009	54	Picture	30	1096305	0	2	4145	3	0	4000	other	0
nback_04_10_1988_1_009	54	Pulse	5	1108566	12261	2
nback_04_10_1988_1_009	55	Picture	30	1114376	0	2	4145	3	0	4000	other	0
nback_04_10_1988_1_009	55	Pulse	5	1128566	14190	2
nback_04_10_1988_1_009	56	Picture	31	1132447	0	2	4145	3	0	4000	hit	116
nback_04_10_1988_1_009	56	Response	1	1135446	2999	2
nback_04_10_1988_1_009	56	Pulse	5	1148566	16119	2
nback_04_10_1988_1_009	57	Picture	30	1150518	0	2	4145	3	0	4000	other	0
nback_04_10_1988_1_009	57	Pulse	5	1168555	18037	2
nback_04_10_1988_1_009	58	Picture	30	1168589	0	2	4145	3	0	4000	other	0
nback_04_10_1988_1_009	59	Picture	30	1186660	0	1	4145	2	0	4000	other	0
nback_04_10_1988_1_009	59	Pulse	5	1188555	1895	2
nback_04_10_1988_1_009	60	Picture	31	1204731	0	1	4145	2	0	4000	hit	125
nback_04_10_1988_1_009	60	Pulse	5	1208554	3823	2
nback_04_10_1988_1_009	60	Response	1	1214144	9413	2
nback_04_10_1988_1_009	61	Picture	31	1222802	0	1	4145	2	0	4000	hit	128
nback_04_10_1988_1_009	61	Pulse	5	1228544	5742	2
nback_04_10_1988_1_009	61	Response	1	1229185	6383	1
nback_04_10_1988_1_009	62	Picture	30	1240873	0	2	4145	3	0	4000	other	0
nback_04_10_1988_1_009	62	Pulse	5	1248544	7671	2
nback_04_10_1988_1_009	63	Picture	30	1258943	0	2	4146	3	0	4000	other	0
nback_04_10_1988_1_009	63	Pulse	5	1268543	9600	2
nback_04_10_1988_1_009	64	Picture	30	1277015	0	1	4145	2	0	4000	other	0
nback_04_10_1988_1_009	64	Pulse	5	1288533	11518	2
nback_04_10_1988_1_009	65	Picture	31	1295086	0	1	4145	2	0	4000	hit	136
nback_04_10_1988_1_009	65	Response	1	1300373	5287	2
nback_04_10_1988_1_009	65	Pulse	5	1308533	13447	1
nback_04_10_1988_1_009	66	Picture	30	1313157	0	1	4145	2	0	4000	other	0
nback_04_10_1988_1_009	66	Pulse	5	1328532	15375	2
nback_04_10_1988_1_009	67	Picture	30	1331219	0	12	4153	14	0	4000	other	0
nback_04_10_1988_1_009	67	Pulse	5	1348522	17303	2
nback_04_10_1988_1_009	68	Picture	30	1349299	0	1	4144	3	0	4000	other	0
nback_04_10_1988_1_009	69	Picture	30	1367370	0	1	4144	3	0	4000	other	0
nback_04_10_1988_1_009	69	Pulse	5	1368521	1151	2
nback_04_10_1988_1_009	70	Pulse	5	1388521	3080	2
nback_04_10_1988_1_009	70	Pulse	5	1408511	23070	2
nback_04_10_1988_1_009	71	Picture	10	1410475	0	1	4144	3	0	4000	other	0
nback_04_10_1988_1_009	71	Pulse	5	1428510	18035	2
nback_04_10_1988_1_009	72	Picture	10	1428546	0	1	4144	2	0	4000	other	0
nback_04_10_1988_1_009	73	Picture	11	1446617	0	1	4144	3	0	4000	hit	152
nback_04_10_1988_1_009	73	Pulse	5	1448510	1893	2
nback_04_10_1988_1_009	73	Response	1	1450110	3493	2
nback_04_10_1988_1_009	74	Picture	10	1464688	0	1	4144	2	0	4000	other	0
nback_04_10_1988_1_009	74	Pulse	5	1468500	3812	1
nback_04_10_1988_1_009	75	Picture	11	1482758	0	2	4145	3	0	4000	hit	156
nback_04_10_1988_1_009	75	Response	1	1486259	3501	2
nback_04_10_1988_1_009	75	Pulse	5	1488499	5741	2
nback_04_10_1988_1_009	76	Picture	10	1500829	0	2	4145	3	0	4000	other	0
nback_04_10_1988_1_009	76	Pulse	5	1508499	7670	2
nback_04_10_1988_1_009	77	Picture	10	1518900	0	2	4145	3	0	4000	other	0
nback_04_10_1988_1_009	77	Pulse	5	1528488	9588	2
nback_04_10_1988_1_009	78	Picture	11	1536971	0	2	4145	3	0	4000	hit	163
nback_04_10_1988_1_009	78	Response	1	1541288	4317	2
nback_04_10_1988_1_009	78	Pulse	5	1548488	11517	2
nback_04_10_1988_1_009	79	Picture	10	1555042	0	1	4145	3	0	4000	other	0
nback_04_10_1988_1_009	79	Pulse	5	1568488	13446	2
nback_04_10_1988_1_009	80	Picture	10	1573113	0	1	4145	2	0	4000	other	0
nback_04_10_1988_1_009	80	Pulse	5	1588477	15364	2
nback_04_10_1988_1_009	81	Picture	10	1591184	0	1	4145	2	0	4000	other	0
nback_04_10_1988_1_009	81	Pulse	5	1608477	17293	2
nback_04_10_1988_1_009	82	Picture	10	1609255	0	1	4145	2	0	4000	other	0
nback_04_10_1988_1_009	83	Picture	10	1627326	0	1	4145	2	0	4000	other	0
nback_04_10_1988_1_009	83	Pulse	5	1628637	1311	1
nback_04_10_1988_1_009	84	Picture	11	1645397	0	1	4145	2	0	4000	hit	176
nback_04_10_1988_1_009	84	Pulse	5	1648624	3227	4
nback_04_10_1988_1_009	84	Response	1	1650066	4669	2
nback_04_10_1988_1_009	85	Picture	10	1663468	0	1	4145	2	0	4000	other	0
nback_04_10_1988_1_009	85	Pulse	5	1668624	5156	4
nback_04_10_1988_1_009	86	Picture	10	1681539	0	1	4145	2	0	4000	other	0
nback_04_10_1988_1_009	86	Pulse	5	1688624	7085	3
nback_04_10_1988_1_009	87	Pulse	5	1708615	9005	2
nback_04_10_1988_1_009	88	Picture	20	1724644	0	1	4145	2	0	4000	other	0
nback_04_10_1988_1_009	88	Pulse	5	1728615	3971	2
nback_04_10_1988_1_009	89	Picture	20	1742715	0	1	4145	2	0	4000	other	0
nback_04_10_1988_1_009	89	Pulse	5	1748614	5899	2
nback_04_10_1988_1_009	90	Picture	20	1760786	0	1	4145	2	0	4000	other	0
nback_04_10_1988_1_009	90	Pulse	5	1768604	7818	2
nback_04_10_1988_1_009	91	Picture	21	1778857	0	1	4145	2	0	4000	hit	189
nback_04_10_1988_1_009	91	Response	1	1784444	5587	1
nback_04_10_1988_1_009	91	Pulse	5	1788604	9747	1
nback_04_10_1988_1_009	92	Picture	20	1796928	0	1	4144	3	0	4000	other	0
nback_04_10_1988_1_009	92	Pulse	5	1808603	11675	2
nback_04_10_1988_1_009	93	Picture	20	1814999	0	1	4144	3	0	4000	other	0
nback_04_10_1988_1_009	93	Pulse	5	1828593	13594	2
nback_04_10_1988_1_009	94	Picture	21	1833070	0	1	4144	3	0	4000	hit	196
nback_04_10_1988_1_009	94	Response	1	1836593	3523	1
nback_04_10_1988_1_009	94	Pulse	5	1848592	15522	2
nback_04_10_1988_1_009	95	Picture	20	1851141	0	1	4144	2	0	4000	other	0
nback_04_10_1988_1_009	95	Pulse	5	1868592	17451	2
nback_04_10_1988_1_009	96	Picture	20	1869211	0	2	4145	3	0	4000	other	0
nback_04_10_1988_1_009	97	Picture	20	1887282	0	2	4145	3	0	4000	other	0
nback_04_10_1988_1_009	97	Pulse	5	1888582	1300	2
nback_04_10_1988_1_009	98	Picture	21	1905353	0	2	4145	3	0	4000	hit	204
nback_04_10_1988_1_009	98	Response	1	1908581	3228	2
nback_04_10_1988_1_009	98	Pulse	5	1908581	3228	2
nback_04_10_1988_1_009	99	Picture	20	1923424	0	2	4145	3	0	4000	other	0
nback_04_10_1988_1_009	99	Pulse	5	1928571	5147	2
nback_04_10_1988_1_009	100	Picture	20	1941495	0	1	4145	2	0	4000	other	0
nback_04_10_1988_1_009	100	Pulse	5	1948571	7076	2
nback_04_10_1988_1_009	101	Picture	21	1959566	0	2	4145	3	0	4000	hit	211
nback_04_10_1988_1_009	101	Response	1	1963130	3564	3
nback_04_10_1988_1_009	101	Pulse	5	1968570	9004	2
nback_04_10_1988_1_009	102	Picture	20	1977637	0	1	4145	2	0	4000	other	0
nback_04_10_1988_1_009	102	Pulse	5	1988570	10933	2
nback_04_10_1988_1_009	103	Picture	20	1995708	0	1	4145	2	0	4000	other	0
nback_04_10_1988_1_009	103	Pulse	5	2008559	12851	2
nback_04_10_1988_1_009	104	Pulse	5	2028559	14780	2
nback_04_10_1988_1_009	105	Picture	10	2038813	0	1	4145	2	0	4000	other	0
nback_04_10_1988_1_009	105	Pulse	5	2048559	9746	1
nback_04_10_1988_1_009	106	Picture	10	2056884	0	1	4144	3	0	4000	other	0
nback_04_10_1988_1_009	106	Pulse	5	2068548	11664	2
nback_04_10_1988_1_009	107	Picture	11	2074955	0	1	4145	2	0	4000	hit	223
nback_04_10_1988_1_009	107	Response	1	2078788	3833	2
nback_04_10_1988_1_009	107	Pulse	5	2088548	13593	2
nback_04_10_1988_1_009	108	Picture	10	2093026	0	1	4145	2	0	4000	other	0
nback_04_10_1988_1_009	108	Pulse	5	2108548	15522	1
nback_04_10_1988_1_009	109	Picture	11	2111097	0	1	4145	2	0	4000	hit	228
nback_04_10_1988_1_009	109	Response	1	2115737	4640	2
nback_04_10_1988_1_009	109	Pulse	5	2128537	17440	2
nback_04_10_1988_1_009	110	Picture	10	2129168	0	1	4145	2	0	4000	other	0
nback_04_10_1988_1_009	111	Picture	10	2147239	0	1	4145	2	0	4000	other	0
nback_04_10_1988_1_009	111	Pulse	5	2148537	1298	2
nback_04_10_1988_1_009	112	Picture	11	2165310	0	1	4145	2	0	4000	hit	235
nback_04_10_1988_1_009	112	Pulse	5	2168536	3226	2
nback_04_10_1988_1_009	112	Response	1	2169656	4346	2
nback_04_10_1988_1_009	113	Picture	10	2183381	0	1	4144	3	0	4000	other	0
nback_04_10_1988_1_009	113	Pulse	5	2188526	5145	2
nback_04_10_1988_1_009	114	Picture	10	2201452	0	1	4144	3	0	4000	other	0
nback_04_10_1988_1_009	114	Pulse	5	2208526	7074	2
nback_04_10_1988_1_009	115	Picture	10	2219523	0	1	4144	3	0	4000	other	0
nback_04_10_1988_1_009	115	Pulse	5	2228526	9003	1
nback_04_10_1988_1_009	116	Picture	10	2237594	0	1	4144	3	0	4000	other	0
nback_04_10_1988_1_009	116	Pulse	5	2248515	10921	2
nback_04_10_1988_1_009	117	Picture	10	2255665	0	1	4144	2	0	4000	other	0
nback_04_10_1988_1_009	117	Pulse	5	2268515	12850	1
nback_04_10_1988_1_009	118	Picture	11	2273735	0	2	4145	3	0	4000	hit	247
nback_04_10_1988_1_009	118	Response	1	2277794	4059	2
nback_04_10_1988_1_009	118	Pulse	5	2288514	14779	2
nback_04_10_1988_1_009	119	Picture	10	2291806	0	2	4145	3	0	4000	other	0
nback_04_10_1988_1_009	119	Pulse	5	2308504	16698	2
nback_04_10_1988_1_009	120	Picture	10	2309877	0	2	4145	3	0	4000	other	0
nback_04_10_1988_1_009	121	Pulse	5	2328503	555	2
nback_04_10_1988_1_009	121	Pulse	5	2348503	20555	2
nback_04_10_1988_1_009	122	Picture	30	2352983	0	1	4144	2	0	4000	other	0
nback_04_10_1988_1_009	122	Pulse	5	2368493	15510	2
nback_04_10_1988_1_009	123	Picture	30	2371053	0	2	4145	3	0	4000	other	0
nback_04_10_1988_1_009	123	Pulse	5	2388492	17439	2
nback_04_10_1988_1_009	124	Picture	30	2389124	0	2	4145	3	0	4000	other	0
nback_04_10_1988_1_009	125	Picture	31	2407195	0	1	4145	2	0	4000	hit	261
nback_04_10_1988_1_009	125	Pulse	5	2408492	1297	2
nback_04_10_1988_1_009	125	Response	1	2417282	10087	2
nback_04_10_1988_1_009	126	Picture	31	2425266	0	1	4144	3	0	4000	hit	264
nback_04_10_1988_1_009	126	Pulse	5	2428482	3216	1
nback_04_10_1988_1_009	126	Response	1	2430401	5135	2
nback_04_10_1988_1_009	127	Picture	30	2443337	0	1	4145	2	0	4000	other	0
nback_04_10_1988_1_009	127	Pulse	5	2448481	5144	2
nback_04_10_1988_1_009	128	Picture	30	2461408	0	1	4145	2	0	4000	other	0
nback_04_10_1988_1_009	128	Pulse	5	2468481	7073	2
nback_04_10_1988_1_009	129	Picture	30	2479479	0	1	4145	2	0	4000	other	0
nback_04_10_1988_1_009	129	Pulse	5	2488470	8991	2
nback_04_10_1988_1_009	130	Picture	31	2497550	0	1	4145	2	0	4000	hit	272
nback_04_10_1988_1_009	130	Response	1	2502390	4840	2
nback_04_10_1988_1_009	130	Pulse	5	2508470	10920	2
nback_04_10_1988_1_009	131	Picture	30	2515621	0	1	4145	2	0	4000	other	0
nback_04_10_1988_1_009	131	Pulse	5	2528470	12849	2
nback_04_10_1988_1_009	132	Picture	30	2533692	0	1	4145	2	0	4000	other	0
nback_04_10_1988_1_009	132	Pulse	5	2548459	14767	2
nback_04_10_1988_1_009	133	Picture	30	2551763	0	1	4145	2	0	4000	other	0
nback_04_10_1988_1_009	133	Pulse	5	2568459	16696	2
nback_04_10_1988_1_009	134	Picture	30	2569834	0	1	4145	2	0	4000	other	0
nback_04_10_1988_1_009	135	Picture	31	2587905	0	1	4145	2	0	4000	hit	283
nback_04_10_1988_1_009	135	Pulse	5	2588458	553	2
nback_04_10_1988_1_009	135	Response	1	2592298	4393	2
nback_04_10_1988_1_009	136	Picture	30	2605976	0	1	4145	2	0	4000	other	0
nback_04_10_1988_1_009	136	Pulse	5	2608446	2470	4
nback_04_10_1988_1_009	137	Picture	30	2624047	0	1	4144	3	0	4000	other	0
nback_04_10_1988_1_009	137	Pulse	5	2628446	4399	4
