Scenario - 1-back
Logfile written - 05/31/2014 16:30:47

Subject	Trial	Event Type	Code	Time	TTime	Uncertainty	Duration	Uncertainty	ReqTime	ReqDur	Stim Type	Pair Index

nback_125_03_1988_1_012	1	Pulse	5	88927	98761	2
nback_125_03_1988_1_012	2	Pulse	5	108916	19941	2
nback_125_03_1988_1_012	3	Picture	10	114009	0	1	4144	3	0	4000	other	0
nback_125_03_1988_1_012	3	Pulse	5	128916	14907	2
nback_125_03_1988_1_012	4	Picture	10	132080	0	1	4145	2	0	4000	other	0
nback_125_03_1988_1_012	4	Pulse	5	148916	16836	2
nback_125_03_1988_1_012	5	Picture	11	150151	0	1	4144	3	0	4000	hit	8
nback_125_03_1988_1_012	5	Response	1	153076	2925	2
nback_125_03_1988_1_012	6	Picture	10	168222	0	1	4144	3	0	4000	other	0
nback_125_03_1988_1_012	6	Pulse	5	168905	683	2
nback_125_03_1988_1_012	7	Picture	11	186293	0	1	4144	3	0	4000	hit	13
nback_125_03_1988_1_012	7	Pulse	5	188905	2612	2
nback_125_03_1988_1_012	7	Response	1	189545	3252	2
nback_125_03_1988_1_012	8	Picture	10	204363	0	2	4145	3	0	4000	other	0
nback_125_03_1988_1_012	8	Pulse	5	208905	4542	1
nback_125_03_1988_1_012	9	Picture	10	222434	0	2	4145	3	0	4000	other	0
nback_125_03_1988_1_012	9	Pulse	5	228895	6461	1
nback_125_03_1988_1_012	10	Picture	10	240505	0	2	4145	3	0	4000	other	0
nback_125_03_1988_1_012	10	Pulse	5	248894	8389	2
nback_125_03_1988_1_012	11	Picture	11	258576	0	2	4145	3	0	4000	hit	21
nback_125_03_1988_1_012	11	Response	1	261694	3118	1
nback_125_03_1988_1_012	11	Pulse	5	268894	10318	1
nback_125_03_1988_1_012	12	Picture	10	276647	0	2	4145	3	0	4000	other	0
nback_125_03_1988_1_012	12	Pulse	5	288883	12236	2
nback_125_03_1988_1_012	13	Picture	10	294718	0	1	4145	2	0	4000	other	0
nback_125_03_1988_1_012	13	Pulse	5	308883	14165	1
nback_125_03_1988_1_012	14	Picture	11	312789	0	1	4145	2	0	4000	hit	28
nback_125_03_1988_1_012	14	Response	1	315923	3134	1
nback_125_03_1988_1_012	14	Pulse	5	328882	16093	2
nback_125_03_1988_1_012	15	Picture	10	330860	0	1	4145	2	0	4000	other	0
nback_125_03_1988_1_012	15	Pulse	5	348872	18012	2
nback_125_03_1988_1_012	16	Picture	10	348931	0	1	4145	2	0	4000	other	0
nback_125_03_1988_1_012	17	Picture	10	367002	0	1	4145	2	0	4000	other	0
nback_125_03_1988_1_012	17	Pulse	5	368872	1870	2
nback_125_03_1988_1_012	18	Picture	10	385073	0	1	4145	2	0	4000	other	0
nback_125_03_1988_1_012	18	Pulse	5	388871	3798	2
nback_125_03_1988_1_012	19	Pulse	5	408861	5717	2
nback_125_03_1988_1_012	20	Picture	20	428178	0	1	4145	2	0	4000	other	0
nback_125_03_1988_1_012	20	Pulse	5	428860	682	2
nback_125_03_1988_1_012	21	Picture	20	446249	0	1	4145	2	0	4000	other	0
nback_125_03_1988_1_012	21	Pulse	5	448860	2611	2
nback_125_03_1988_1_012	22	Picture	21	464320	0	1	4145	2	0	4000	hit	43
nback_125_03_1988_1_012	22	Response	1	467890	3570	2
nback_125_03_1988_1_012	22	Pulse	5	468850	4530	2
nback_125_03_1988_1_012	23	Picture	20	482391	0	1	4144	3	0	4000	other	0
nback_125_03_1988_1_012	23	Pulse	5	488849	6458	2
nback_125_03_1988_1_012	24	Picture	20	500462	0	1	4144	3	0	4000	other	0
nback_125_03_1988_1_012	24	Pulse	5	508849	8387	2
nback_125_03_1988_1_012	25	Picture	20	518533	0	1	4144	3	0	4000	other	0
nback_125_03_1988_1_012	25	Pulse	5	528839	10306	1
nback_125_03_1988_1_012	26	Picture	21	536604	0	1	4144	3	0	4000	hit	52
nback_125_03_1988_1_012	26	Response	1	540038	3434	2
nback_125_03_1988_1_012	26	Pulse	5	548838	12234	2
nback_125_03_1988_1_012	27	Picture	20	554675	0	1	4144	2	0	4000	other	0
nback_125_03_1988_1_012	27	Pulse	5	568838	14163	2
nback_125_03_1988_1_012	28	Picture	20	572745	0	2	4145	3	0	4000	other	0
nback_125_03_1988_1_012	28	Pulse	5	588827	16082	2
nback_125_03_1988_1_012	29	Picture	20	590816	0	2	4145	3	0	4000	other	0
nback_125_03_1988_1_012	29	Pulse	5	608827	18011	2
nback_125_03_1988_1_012	30	Picture	20	608887	0	2	4145	3	0	4000	other	0
nback_125_03_1988_1_012	31	Picture	20	626958	0	1	4145	2	0	4000	other	0
nback_125_03_1988_1_012	31	Pulse	5	628827	1869	2
nback_125_03_1988_1_012	32	Picture	21	645029	0	1	4145	2	0	4000	hit	64
nback_125_03_1988_1_012	32	Response	1	648656	3627	2
nback_125_03_1988_1_012	32	Pulse	5	648816	3787	2
nback_125_03_1988_1_012	33	Picture	20	663100	0	1	4145	2	0	4000	other	0
nback_125_03_1988_1_012	33	Pulse	5	668816	5716	2
nback_125_03_1988_1_012	34	Picture	20	681171	0	1	4145	2	0	4000	other	0
nback_125_03_1988_1_012	34	Pulse	5	688816	7645	1
nback_125_03_1988_1_012	35	Picture	21	699242	0	1	4145	2	0	4000	hit	71
nback_125_03_1988_1_012	35	Response	1	703205	3963	2
nback_125_03_1988_1_012	35	Pulse	5	708805	9563	2
nback_125_03_1988_1_012	36	Pulse	5	728805	11492	2
nback_125_03_1988_1_012	37	Picture	10	742347	0	1	4145	2	0	4000	other	0
nback_125_03_1988_1_012	37	Pulse	5	748804	6457	2
nback_125_03_1988_1_012	38	Picture	10	760418	0	1	4145	2	0	4000	other	0
nback_125_03_1988_1_012	38	Pulse	5	768794	8376	2
nback_125_03_1988_1_012	39	Picture	11	778489	0	1	4145	2	0	4000	hit	79
nback_125_03_1988_1_012	39	Response	1	781915	3426	1
nback_125_03_1988_1_012	39	Pulse	5	788794	10305	2
nback_125_03_1988_1_012	40	Picture	10	796560	0	1	4145	2	0	4000	other	0
nback_125_03_1988_1_012	40	Pulse	5	808793	12233	2
nback_125_03_1988_1_012	41	Picture	11	814631	0	1	4145	2	0	4000	hit	84
nback_125_03_1988_1_012	41	Response	1	818223	3592	2
nback_125_03_1988_1_012	41	Pulse	5	828783	14152	2
nback_125_03_1988_1_012	42	Picture	10	832702	0	1	4145	2	0	4000	other	0
nback_125_03_1988_1_012	42	Pulse	5	848783	16081	2
nback_125_03_1988_1_012	43	Picture	10	850773	0	1	4144	3	0	4000	other	0
nback_125_03_1988_1_012	43	Pulse	5	868773	18000	12
nback_125_03_1988_1_012	44	Picture	10	868844	0	1	4144	3	0	4000	other	0
nback_125_03_1988_1_012	45	Picture	11	886915	0	1	4144	3	0	4000	hit	93
nback_125_03_1988_1_012	45	Pulse	5	888772	1857	2
nback_125_03_1988_1_012	45	Response	1	890052	3137	2
nback_125_03_1988_1_012	46	Picture	10	904986	0	1	4144	2	0	4000	other	0
nback_125_03_1988_1_012	46	Pulse	5	908771	3785	2
nback_125_03_1988_1_012	47	Picture	10	923056	0	2	4145	4	0	4000	other	0
nback_125_03_1988_1_012	47	Pulse	5	928771	5715	2
nback_125_03_1988_1_012	48	Picture	11	941127	0	2	4145	3	0	4000	hit	99
nback_125_03_1988_1_012	48	Response	1	944441	3314	2
nback_125_03_1988_1_012	48	Pulse	5	948761	7634	2
nback_125_03_1988_1_012	49	Picture	10	959198	0	2	4145	3	0	4000	other	0
nback_125_03_1988_1_012	49	Pulse	5	968760	9562	2
nback_125_03_1988_1_012	50	Picture	10	977269	0	2	4145	3	0	4000	other	0
nback_125_03_1988_1_012	50	Pulse	5	988760	11491	2
nback_125_03_1988_1_012	51	Picture	10	995340	0	1	4145	2	0	4000	other	0
nback_125_03_1988_1_012	51	Pulse	5	1008750	13410	1
nback_125_03_1988_1_012	52	Picture	10	1013411	0	1	4145	2	0	4000	other	0
nback_125_03_1988_1_012	52	Pulse	5	1028909	15498	2
nback_125_03_1988_1_012	53	Pulse	5	1048909	17427	2
nback_125_03_1988_1_012	54	Picture	30	1056516	0	1	4145	2	0	4000	other	0
nback_125_03_1988_1_012	54	Pulse	5	1068898	12382	2
nback_125_03_1988_1_012	55	Picture	30	1074587	0	1	4145	2	0	4000	other	0
nback_125_03_1988_1_012	55	Pulse	5	1088898	14311	2
nback_125_03_1988_1_012	56	Picture	31	1092658	0	1	4145	2	0	4000	hit	115
nback_125_03_1988_1_012	56	Response	1	1096578	3920	2
nback_125_03_1988_1_012	56	Pulse	5	1108898	16240	2
nback_125_03_1988_1_012	57	Picture	30	1110729	0	1	4145	2	0	4000	other	0
nback_125_03_1988_1_012	58	Picture	30	1128800	0	1	4145	2	0	4000	other	0
nback_125_03_1988_1_012	58	Pulse	5	1128887	87	2
nback_125_03_1988_1_012	59	Picture	30	1146871	0	1	4145	2	0	4000	other	0
nback_125_03_1988_1_012	59	Pulse	5	1148887	2016	2
nback_125_03_1988_1_012	60	Picture	31	1164942	0	1	4145	2	0	4000	hit	123
nback_125_03_1988_1_012	60	Response	1	1168247	3305	1
nback_125_03_1988_1_012	60	Pulse	5	1168887	3945	1
nback_125_03_1988_1_012	61	Picture	31	1183013	0	1	4145	2	0	4000	hit	126
nback_125_03_1988_1_012	61	Response	1	1188396	5383	2
nback_125_03_1988_1_012	61	Pulse	5	1188876	5863	2
nback_125_03_1988_1_012	62	Picture	30	1201084	0	1	4144	3	0	4000	other	0
nback_125_03_1988_1_012	62	Pulse	5	1208876	7792	2
nback_125_03_1988_1_012	63	Picture	30	1219155	0	1	4144	3	0	4000	other	0
nback_125_03_1988_1_012	63	Pulse	5	1228875	9720	2
nback_125_03_1988_1_012	64	Picture	30	1237226	0	1	4144	3	0	4000	other	0
nback_125_03_1988_1_012	64	Pulse	5	1248865	11639	2
nback_125_03_1988_1_012	65	Picture	31	1255297	0	1	4144	3	0	4000	hit	135
nback_125_03_1988_1_012	65	Response	1	1258465	3168	2
nback_125_03_1988_1_012	65	Pulse	5	1268865	13568	1
nback_125_03_1988_1_012	66	Picture	30	1273368	0	1	4144	3	0	4000	other	0
nback_125_03_1988_1_012	66	Pulse	5	1288864	15496	2
nback_125_03_1988_1_012	67	Picture	30	1291438	0	2	4145	3	0	4000	other	0
nback_125_03_1988_1_012	67	Pulse	5	1308854	17416	2
nback_125_03_1988_1_012	68	Picture	30	1309509	0	2	4145	4	0	4000	other	0
nback_125_03_1988_1_012	69	Picture	30	1327580	0	2	4145	3	0	4000	other	0
nback_125_03_1988_1_012	69	Pulse	5	1328854	1274	1
nback_125_03_1988_1_012	70	Pulse	5	1348843	3192	2
nback_125_03_1988_1_012	70	Pulse	5	1368843	23192	2
nback_125_03_1988_1_012	71	Picture	10	1370685	0	2	4145	3	0	4000	other	0
nback_125_03_1988_1_012	72	Picture	10	1388756	0	2	4145	3	0	4000	other	0
nback_125_03_1988_1_012	72	Pulse	5	1388842	86	2
nback_125_03_1988_1_012	73	Picture	11	1406827	0	1	4145	2	0	4000	hit	151
nback_125_03_1988_1_012	73	Pulse	5	1408842	2015	2
nback_125_03_1988_1_012	73	Response	1	1409643	2816	1
nback_125_03_1988_1_012	74	Picture	10	1424898	0	1	4145	2	0	4000	other	0
nback_125_03_1988_1_012	74	Pulse	5	1428832	3934	1
nback_125_03_1988_1_012	75	Picture	11	1442969	0	1	4145	2	0	4000	hit	155
nback_125_03_1988_1_012	75	Response	1	1446751	3782	2
nback_125_03_1988_1_012	75	Pulse	5	1448831	5862	2
nback_125_03_1988_1_012	76	Picture	10	1461040	0	2	4145	3	0	4000	other	0
nback_125_03_1988_1_012	76	Pulse	5	1468831	7791	2
nback_125_03_1988_1_012	77	Picture	10	1479111	0	1	4145	2	0	4000	other	0
nback_125_03_1988_1_012	77	Pulse	5	1488821	9710	1
nback_125_03_1988_1_012	78	Picture	11	1497182	0	1	4145	2	0	4000	hit	162
nback_125_03_1988_1_012	78	Response	1	1500980	3798	2
nback_125_03_1988_1_012	78	Pulse	5	1508820	11638	2
nback_125_03_1988_1_012	79	Picture	10	1515253	0	1	4145	2	0	4000	other	0
nback_125_03_1988_1_012	79	Pulse	5	1528810	13557	2
nback_125_03_1988_1_012	80	Picture	10	1533324	0	1	4145	2	0	4000	other	0
nback_125_03_1988_1_012	80	Pulse	5	1548809	15485	2
nback_125_03_1988_1_012	81	Picture	10	1551395	0	1	4145	2	0	4000	other	0
nback_125_03_1988_1_012	81	Pulse	5	1568809	17414	2
nback_125_03_1988_1_012	82	Picture	10	1569466	0	1	4145	2	0	4000	other	0
nback_125_03_1988_1_012	83	Picture	10	1587537	0	1	4144	3	0	4000	other	0
nback_125_03_1988_1_012	83	Pulse	5	1588809	1272	1
nback_125_03_1988_1_012	84	Picture	11	1605608	0	1	4144	3	0	4000	hit	174
nback_125_03_1988_1_012	84	Response	1	1608478	2870	2
nback_125_03_1988_1_012	84	Pulse	5	1608798	3190	2
nback_125_03_1988_1_012	85	Picture	10	1623678	0	2	4145	4	0	4000	other	0
nback_125_03_1988_1_012	85	Pulse	5	1628798	5120	2
nback_125_03_1988_1_012	86	Picture	10	1641750	0	1	4144	3	0	4000	other	0
nback_125_03_1988_1_012	86	Pulse	5	1648787	7037	3
nback_125_03_1988_1_012	87	Pulse	5	1668787	8966	2
nback_125_03_1988_1_012	88	Picture	20	1684855	0	1	4144	3	0	4000	other	0
nback_125_03_1988_1_012	88	Pulse	5	1688787	3932	2
nback_125_03_1988_1_012	89	Picture	20	1702926	0	1	4144	2	0	4000	other	0
nback_125_03_1988_1_012	89	Pulse	5	1708787	5861	1
nback_125_03_1988_1_012	90	Picture	20	1720997	0	1	4144	3	0	4000	other	0
nback_125_03_1988_1_012	90	Pulse	5	1728776	7779	2
nback_125_03_1988_1_012	91	Picture	21	1739067	0	2	4145	3	0	4000	hit	188
nback_125_03_1988_1_012	91	Response	1	1742375	3308	3
nback_125_03_1988_1_012	91	Pulse	5	1748776	9709	1
nback_125_03_1988_1_012	92	Picture	20	1757138	0	2	4145	3	0	4000	other	0
nback_125_03_1988_1_012	92	Pulse	5	1768775	11637	2
nback_125_03_1988_1_012	93	Picture	20	1775209	0	2	4145	4	0	4000	other	0
nback_125_03_1988_1_012	93	Pulse	5	1788765	13556	2
nback_125_03_1988_1_012	94	Picture	21	1793280	0	2	4145	3	0	4000	hit	195
nback_125_03_1988_1_012	94	Response	1	1796765	3485	2
nback_125_03_1988_1_012	94	Pulse	5	1808765	15485	1
nback_125_03_1988_1_012	95	Picture	20	1811351	0	2	4145	3	0	4000	other	0
nback_125_03_1988_1_012	95	Pulse	5	1828764	17413	2
nback_125_03_1988_1_012	96	Picture	20	1829422	0	1	4145	2	0	4000	other	0
nback_125_03_1988_1_012	97	Picture	20	1847493	0	1	4145	2	0	4000	other	0
nback_125_03_1988_1_012	97	Pulse	5	1848754	1261	2
nback_125_03_1988_1_012	98	Picture	21	1865564	0	1	4145	2	0	4000	hit	203
nback_125_03_1988_1_012	98	Response	1	1868273	2709	2
nback_125_03_1988_1_012	98	Pulse	5	1868753	3189	2
nback_125_03_1988_1_012	99	Picture	20	1883635	0	1	4145	2	0	4000	other	0
nback_125_03_1988_1_012	99	Pulse	5	1888753	5118	2
nback_125_03_1988_1_012	100	Picture	20	1901706	0	1	4145	2	0	4000	other	0
nback_125_03_1988_1_012	100	Pulse	5	1908743	7037	1
nback_125_03_1988_1_012	101	Picture	21	1919777	0	1	4145	2	0	4000	hit	210
nback_125_03_1988_1_012	101	Response	1	1924102	4325	2
nback_125_03_1988_1_012	101	Pulse	5	1928743	8966	1
nback_125_03_1988_1_012	102	Picture	20	1937848	0	1	4145	2	0	4000	other	0
nback_125_03_1988_1_012	102	Pulse	5	1948742	10894	2
nback_125_03_1988_1_012	103	Picture	20	1955919	0	1	4145	2	0	4000	other	0
nback_125_03_1988_1_012	103	Pulse	5	1968731	12812	2
nback_125_03_1988_1_012	104	Pulse	5	1988731	14741	2
nback_125_03_1988_1_012	105	Picture	10	1999024	0	1	4145	2	0	4000	other	0
nback_125_03_1988_1_012	105	Pulse	5	2008731	9707	2
nback_125_03_1988_1_012	106	Picture	10	2017095	0	1	4145	2	0	4000	other	0
nback_125_03_1988_1_012	106	Pulse	5	2028720	11625	2
nback_125_03_1988_1_012	107	Picture	11	2035166	0	1	4144	3	0	4000	hit	222
nback_125_03_1988_1_012	107	Response	1	2038320	3154	2
nback_125_03_1988_1_012	107	Pulse	5	2048720	13554	2
nback_125_03_1988_1_012	108	Picture	10	2053237	0	1	4144	3	0	4000	other	0
nback_125_03_1988_1_012	108	Pulse	5	2068880	15643	1
nback_125_03_1988_1_012	109	Picture	11	2071308	0	1	4144	3	0	4000	hit	227
nback_125_03_1988_1_012	109	Response	1	2074630	3322	1
nback_125_03_1988_1_012	109	Pulse	5	2088867	17559	4
nback_125_03_1988_1_012	110	Picture	10	2089379	0	1	4144	3	0	4000	other	0
nback_125_03_1988_1_012	111	Picture	10	2107450	0	1	4144	2	0	4000	other	0
nback_125_03_1988_1_012	111	Pulse	5	2108867	1417	4
nback_125_03_1988_1_012	112	Picture	11	2125521	0	1	4144	3	0	4000	hit	233
nback_125_03_1988_1_012	112	Response	1	2128388	2867	2
nback_125_03_1988_1_012	112	Pulse	5	2128869	3348	1
nback_125_03_1988_1_012	113	Picture	10	2143591	0	2	4145	4	0	4000	other	0
nback_125_03_1988_1_012	113	Pulse	5	2148858	5267	2
nback_125_03_1988_1_012	114	Picture	10	2161662	0	2	4145	3	0	4000	other	0
nback_125_03_1988_1_012	114	Pulse	5	2168858	7196	2
nback_125_03_1988_1_012	115	Picture	10	2179733	0	2	4145	3	0	4000	other	0
nback_125_03_1988_1_012	115	Pulse	5	2188857	9124	2
nback_125_03_1988_1_012	116	Picture	10	2197804	0	2	4145	3	0	4000	other	0
nback_125_03_1988_1_012	116	Pulse	5	2208847	11043	2
nback_125_03_1988_1_012	117	Picture	10	2215875	0	2	4145	3	0	4000	other	0
nback_125_03_1988_1_012	117	Pulse	5	2228847	12972	1
nback_125_03_1988_1_012	118	Picture	11	2233946	0	1	4145	2	0	4000	hit	246
nback_125_03_1988_1_012	118	Response	1	2237326	3380	2
nback_125_03_1988_1_012	118	Pulse	5	2248846	14900	2
nback_125_03_1988_1_012	119	Picture	10	2252017	0	1	4145	2	0	4000	other	0
nback_125_03_1988_1_012	119	Pulse	5	2268836	16819	2
nback_125_03_1988_1_012	120	Picture	10	2270088	0	1	4145	2	0	4000	other	0
nback_125_03_1988_1_012	121	Pulse	5	2288836	677	1
nback_125_03_1988_1_012	121	Pulse	5	2308835	20676	2
nback_125_03_1988_1_012	122	Picture	30	2313193	0	1	4145	2	0	4000	other	0
nback_125_03_1988_1_012	122	Pulse	5	2328825	15632	2
nback_125_03_1988_1_012	123	Picture	30	2331264	0	2	4145	3	0	4000	other	0
nback_125_03_1988_1_012	123	Pulse	5	2348824	17560	2
nback_125_03_1988_1_012	124	Picture	30	2349335	0	1	4145	2	0	4000	other	0
nback_125_03_1988_1_012	125	Picture	31	2367406	0	1	4145	2	0	4000	hit	260
nback_125_03_1988_1_012	125	Pulse	5	2368824	1418	2
nback_125_03_1988_1_012	125	Response	1	2371704	4298	2
nback_125_03_1988_1_012	126	Picture	31	2385477	0	1	4145	2	0	4000	hit	263
nback_125_03_1988_1_012	126	Pulse	5	2388814	3337	1
nback_125_03_1988_1_012	126	Response	1	2389454	3977	1
nback_125_03_1988_1_012	127	Picture	30	2403548	0	1	4145	2	0	4000	other	0
nback_125_03_1988_1_012	127	Pulse	5	2408813	5265	2
nback_125_03_1988_1_012	128	Picture	30	2421619	0	1	4145	2	0	4000	other	0
nback_125_03_1988_1_012	128	Pulse	5	2428813	7194	2
nback_125_03_1988_1_012	129	Picture	30	2439690	0	1	4145	2	0	4000	other	0
nback_125_03_1988_1_012	129	Pulse	5	2448802	9112	2
nback_125_03_1988_1_012	130	Picture	31	2457761	0	1	4145	2	0	4000	hit	271
nback_125_03_1988_1_012	130	Response	1	2461442	3681	2
nback_125_03_1988_1_012	130	Pulse	5	2468802	11041	2
nback_125_03_1988_1_012	131	Picture	30	2475832	0	1	4145	2	0	4000	other	0
nback_125_03_1988_1_012	131	Pulse	5	2488802	12970	2
nback_125_03_1988_1_012	132	Picture	30	2493903	0	1	4144	3	0	4000	other	0
nback_125_03_1988_1_012	132	Pulse	5	2508791	14888	2
nback_125_03_1988_1_012	133	Picture	30	2511974	0	1	4144	3	0	4000	other	0
nback_125_03_1988_1_012	133	Pulse	5	2528791	16817	2
nback_125_03_1988_1_012	134	Picture	30	2530045	0	1	4144	3	0	4000	other	0
nback_125_03_1988_1_012	135	Picture	31	2548116	0	1	4144	2	0	4000	hit	282
nback_125_03_1988_1_012	135	Pulse	5	2548791	675	1
nback_125_03_1988_1_012	135	Response	1	2551831	3715	1
nback_125_03_1988_1_012	136	Picture	30	2566186	0	2	4145	4	0	4000	other	0
nback_125_03_1988_1_012	136	Pulse	5	2568780	2594	2
nback_125_03_1988_1_012	137	Picture	30	2584258	0	1	4144	2	0	4000	other	0
nback_125_03_1988_1_012	137	Pulse	5	2588780	4522	2
